"pcp-dstat 6.2.0 CSV Output"
"Author:","PCP team <pcp@groups.io> and Dag Wieers <dag@wieers.com>",,,,"URL:","https://pcp.io/ and http://dag.wieers.com/home-made/dstat/"
"Host:","ubuntu",,,,"User:","ubuntu"
"Cmdline:","dstat -tcmndrylpg --tcp --output /tmp/devstack_logs/dstat-csv.log",,,,"Date:","19 Jan 2026 08:29:53 UTC"
"system","total usage",,,,,"memory usage",,,,"net/total",,"dsk/total",,"io/total",,"system",,"load avg",,,"procs",,,"paging",,"tcp sockets",,,,
"time","total usage:usr","total usage:sys","total usage:idl","total usage:wai","total usage:stl","used","free","buf","cach","net/total:recv","net/total:send","dsk/total:read","dsk/total:writ","read","writ","int","csw","1m","5m","15m","run","blk","new","in","out","lis","act","syn","tim","clo"
19-01 08:29:53,,1081148,1613972,161320,4963772,,,,,,,1.730,0.970,0.530,1,0,,,,10,6,0,17,0
19-01 08:29:54,17.189,20.926,60.535,0.747,0,1081436,1613076,161376,4964272,32810.700,12241.609,0,2562.916,0,102.636,6727,5698,1.730,0.970,0.530,2,0,511.188,0,0,10,6,0,17,0
19-01 08:29:55,27.096,18.566,53.691,0.251,0,1022784,1671168,161428,4964620,21689.013,9401.382,0,1316.675,0,48.171,5783,5658,1.730,0.970,0.530,3,0,313.112,0,0,10,5,0,17,1
19-01 08:29:56,28.448,15.472,54.401,0.499,0,1027420,1666176,161488,4965280,40376.402,11963.194,0,1429.395,0,45.916,6797,7890,1.730,0.970,0.530,1,0,292.467,0,0,10,5,0,17,1
19-01 08:29:57,17.275,3.505,78.114,0.250,0,1154428,1538460,161548,5090148,26113.059,9522.879,0,1009.471,0,33.048,2721,2734,1.730,0.970,0.530,1,0,15.022,0,0,11,4,0,17,2
19-01 08:29:58,27.198,9.232,61.633,0.749,0,1169516,1504284,161660,5108344,196256.818,11882.406,15.970,1888.409,0.998,59.886,3716,2549,1.750,0.990,0.530,2,0,106.797,0,0,11,6,0,17,2
19-01 08:29:59,37.727,12.492,47.970,0.750,0.250,1189316,1465268,162944,5122824,9133.375,1619.003,15.990,4489.235,0.999,239.852,4807,3340,1.750,0.990,0.530,3,0,179.889,0,0,11,6,0,19,2
19-01 08:30:00,45.253,5.000,48.504,0.500,0,1251828,1383748,163420,5139116,9879.743,1620.122,16.001,2460.185,1.000,46.003,3030,1633,1.750,0.990,0.530,3,0,0,0,0,11,6,0,19,2
19-01 08:30:01,42.614,6.517,47.878,3.259,0,1293336,1316464,164328,5161872,8094.683,1624.351,0,16869.188,0,883.366,7234,8159,1.750,0.990,0.530,3,0,10.027,0,0,11,8,0,19,2
19-01 08:30:02,33.752,7.250,44.502,12.501,0,1291840,1294976,166296,5180416,6463.289,1566.070,0,56538.530,0,3879.174,21053,29888,1.750,0.990,0.530,2,1,69.003,0,0,11,8,0,19,2
19-01 08:30:03,42.164,7.485,46.655,2.495,0,1294824,1264640,167196,5204540,9418.807,1602.734,0,19464.336,0,1145.665,7514,8348,1.770,1.010,0.540,1,1,77.841,0,0,11,6,0,19,2
19-01 08:30:04,39.083,4.760,54.115,0.752,0,1308052,1262252,167708,5192372,16086.298,4351.277,0,3391.231,0,232.496,3186,2198,1.770,1.010,0.540,4,0,0,0,0,11,4,0,19,0
19-01 08:30:05,45.131,5.984,47.376,0.748,0,1294368,1275824,167792,5192400,10286.973,1615.755,0,7691.791,0,436.852,4237,3243,1.770,1.010,0.540,2,0,28.924,0,0,11,4,0,19,0
19-01 08:30:06,39.751,5.750,54.002,0.250,0.250,1315524,1247712,167796,5198632,13403.445,3899.130,0,2148.071,0,109.004,3050,1770,1.770,1.010,0.540,2,0,17.001,0,0,11,4,0,19,0
19-01 08:30:07,36.590,8.521,54.133,0,0,1304260,1258584,167808,5198936,12019.611,4496.076,0,793.956,0,53.131,3955,2408,1.770,1.010,0.540,1,0,144.356,0,0,11,5,0,19,0
19-01 08:30:08,31.482,23.986,42.726,0.750,0,1270068,1284612,168312,5205168,10007.335,1858.948,0,1627.079,0,59.966,14224,21009,1.950,1.060,0.560,2,0,518.706,0,0,11,4,0,19,0
19-01 08:30:09,39.503,19.002,39.503,0,0,1234884,1319128,168356,5205628,9407.769,1620.132,0,2860.234,0,139.011,13486,22416,1.950,1.060,0.560,2,0,239.020,0,0,11,4,0,19,0
19-01 08:30:10,63.132,14.723,21.460,0.250,0,1262600,1305900,168416,5193232,11151.183,1616.981,0,786.532,0,45.914,4229,2337,1.950,1.060,0.560,3,0,132.752,0,0,11,5,0,19,0
19-01 08:30:11,71.381,5.761,23.794,0,0,1298408,1269616,168416,5193712,9056.569,1622.969,0,14702.900,0,84.154,3995,1492,1.950,1.060,0.560,3,0,25.046,0,0,11,5,0,19,0
19-01 08:30:12,46.023,10.255,42.271,0,0,1314072,1251768,168496,5195848,10235.094,1620.807,0,4438.209,0,291.145,4327,4447,1.950,1.060,0.560,2,0,50.025,0,0,11,5,0,19,0
19-01 08:30:13,6.482,5.485,86.514,0,0,1318800,1246836,168496,5196052,7906.394,1454.027,0,462.735,0,28.921,2617,2748,1.790,1.040,0.560,0,0,117.678,0,0,11,4,0,20,0
19-01 08:30:14,15.001,4.000,80.256,0,0,1333880,1231740,168508,5196056,8304.616,1620.120,0,0,0,0,1812,1432,1.790,1.040,0.560,1,0,22.002,0,0,11,4,0,20,0
19-01 08:30:15,23.494,2.499,73.732,0.250,0,1374700,1190916,168508,5196060,6239.500,1619.611,0,2619.370,0,115.972,1950,1267,1.790,1.040,0.560,1,0,0,0,0,11,4,0,14,0
19-01 08:30:16,23.012,3.252,71.036,1.501,0,1378716,1186660,168524,5196296,9427.811,1620.827,0,11894.069,0,280.143,3859,4609,1.790,1.040,0.560,1,0,1.001,0,0,11,10,0,14,0
19-01 08:30:17,20.752,5.751,72.007,0.500,0,1322488,1242884,168544,5196280,11804.092,1620.150,68.006,3300.305,8.001,191.018,2957,2956,1.790,1.040,0.560,1,0,43.004,0,0,11,4,0,16,0
19-01 08:30:18,18.996,1.750,77.982,0.500,0,1349564,1215176,168812,5196572,12658.043,4008.064,303.929,567.867,11.997,13.997,1778,1331,1.650,1.020,0.550,1,0,0,0,0,11,9,0,16,0
19-01 08:30:19,21.750,4.500,67.001,5.750,0,1374916,1189500,168852,5196804,11802.090,4188.032,268.002,796.006,66.001,38.000,3384,11265,1.650,1.020,0.550,1,0,37.000,0,0,11,25,0,16,0
19-01 08:30:20,19.998,6.000,73.994,0.250,0,1365148,1199120,168852,5196948,13497.933,4932.610,0,1203.905,0,23.998,2624,1982,1.650,1.020,0.550,1,0,44.996,0,0,11,28,0,17,0
19-01 08:30:21,17.737,3.497,75.696,1.749,0,1401352,1162916,168852,5196952,11677.652,5646.963,0,28983.280,0,504.639,2359,1375,1.650,1.020,0.550,2,0,0,0,0,11,29,0,17,0
19-01 08:30:22,22.755,11.502,65.263,0,0,1419716,1144528,168852,5196976,43399.603,4397.872,0,2300.456,0,19.004,3610,2755,1.650,1.020,0.550,3,0,156.031,0,0,11,28,0,18,0
19-01 08:30:23,37.055,4.757,58.586,0,0,1459752,1104484,168852,5196984,45307.682,6231.171,0,4.006,0,1.001,2735,1426,1.600,1.020,0.560,1,0,0,0,0,11,30,0,17,0
19-01 08:30:24,36.315,3.506,57.603,0,0,1460140,1104008,168864,5197184,23201.316,15534.664,0,725.292,0,21.037,5977,7841,1.600,1.020,0.560,2,0,0,0,0,11,28,0,18,0
19-01 08:30:25,62.000,30.500,8.000,0,0,1494452,1069648,168864,5197232,8347.040,1686.008,0,200.001,0,20.000,5944,5036,1.600,1.020,0.560,6,0,578.003,0,0,11,28,0,18,0
19-01 08:30:26,87.719,10.996,1.000,0,0,1707860,856236,168864,5197232,19344.088,11800.783,0,295.894,0,4.998,5239,3321,1.600,1.020,0.560,7,0,0,0,0,11,31,0,18,0
19-01 08:30:27,77.363,8.955,12.438,0.249,0,1749852,813940,168904,5197496,43492.603,34213.982,0,557.215,0,59.702,8990,12407,1.600,1.020,0.560,6,0,0.995,0,0,11,29,0,22,0
19-01 08:30:28,36.429,14.571,48.990,0,0,1559024,1004740,168904,5197520,13407.731,4123.214,0,353.734,0,27.133,4879,4722,1.550,1.020,0.560,3,0,311.527,0,0,11,28,0,23,0
19-01 08:30:29,17.707,2.494,78.309,0,0,1551412,1012340,168908,5197528,13767.413,5521.530,0,183.552,0,8.978,1927,1614,1.550,1.020,0.560,1,0,0,0,0,11,29,0,23,0
19-01 08:30:30,16.503,5.501,77.012,0,0,1457572,1106152,168924,5197540,9804.511,4607.710,0,236.036,0,22.003,3415,3397,1.550,1.020,0.560,1,0,68.010,0,0,11,28,0,24,0
19-01 08:30:31,20.998,5.250,72.994,0.250,0,1511396,1052324,168924,5197540,7678.366,1787.852,0,51063.787,0,165.986,1968,1347,1.550,1.020,0.560,0,0,0,0,0,11,28,1,24,0
19-01 08:30:32,14.995,2.249,81.475,0,0,1492788,1070920,168924,5197552,15759.100,8369.398,0,1211.623,0,29.991,2929,3307,1.550,1.020,0.560,2,0,0,0,0,11,28,0,25,0
19-01 08:30:33,9.775,21.806,68.176,0,0,1434072,1129624,168924,5197564,7390.126,1570.063,0,1295.352,0,80.208,6247,5077,1.420,1,0.560,2,0,520.347,0,0,11,28,0,25,0
19-01 08:30:34,62.636,27.949,8.235,0,0,1504412,1059280,168924,5197568,8451.654,1617.064,0,43.920,0,10.980,5824,4443,1.420,1,0.560,5,0,518.059,0,0,11,28,0,25,0
19-01 08:30:35,80.182,9.522,10.524,0,0,1672004,891628,168928,5197620,23290.866,18218.352,0,152.346,0,11.025,5085,3237,1.420,1,0.560,4,0,0,0,0,11,33,0,25,0
19-01 08:30:36,73.332,8.481,17.460,0.249,0,1672248,890852,168952,5198128,42715.061,34445.023,0,44952.930,0,251.424,9466,15901,1.420,1,0.560,5,0,29.931,0,0,11,28,1,26,0
19-01 08:30:37,76.430,23.305,0,0,0,1565612,997488,168952,5198128,9111.482,1623.828,0,200.473,0,13.031,5380,4050,1.420,1,0.560,6,0,281.664,0,0,11,28,0,26,0
19-01 08:30:38,83.999,8.750,7.000,0,0,1744524,818532,168956,5198168,23397.856,17569.892,0,579.996,0,10.000,5303,3651,1.550,1.040,0.570,5,0,0,0,0,11,33,0,26,0
19-01 08:30:39,76.465,8.219,13.948,0.249,0,1766684,796116,168972,5198408,47132.144,40620.440,0,820.937,0,47.822,9935,16018,1.550,1.040,0.570,6,0,0,0,0,11,32,0,28,0
19-01 08:30:40,57.970,16.563,25.848,0,0,1497156,1065612,168984,5198428,18169.077,9225.073,0,220.840,0,19.073,5295,6258,1.550,1.040,0.570,2,0,299.137,0,0,11,28,0,31,0
19-01 08:30:41,34.657,3.989,61.087,0,0,1506280,1056404,168984,5198504,16906.799,10708.371,0,1687.488,0,117.685,3257,2756,1.550,1.040,0.570,2,0,0,0,0,11,30,0,31,0
19-01 08:30:42,44.619,19.301,34.592,0.251,0,1463872,1098648,168984,5198664,18720.745,10807.718,0,372.991,0,29.077,6258,6939,1.550,1.040,0.570,4,0,329.877,0,0,11,28,0,33,0
19-01 08:30:43,55.067,6.977,37.874,0,0,1582372,980116,168984,5198696,17086.237,9827.352,0,203.325,0,10.964,3635,2039,1.590,1.050,0.580,2,0,48.838,0,0,11,31,0,33,0
19-01 08:30:44,51.920,6.521,40.382,0,0,1501712,1060692,169000,5198764,29329.077,21698.079,0,385.262,0,45.148,7346,10072,1.590,1.050,0.580,3,0,40.131,0,0,11,28,0,30,0
19-01 08:30:45,76.648,21.471,1.498,0,0,1560244,1002160,169040,5198724,7020.678,1617.852,0,3527.316,0,182.757,5811,3825,1.590,1.050,0.580,4,0,217.711,0,0,11,28,0,30,0
19-01 08:30:46,61.802,7.006,30.776,0,0,1613688,948608,169048,5198824,30546.515,25008.890,0,872.729,0,20.017,5453,5988,1.590,1.050,0.580,2,0,0,0,0,11,32,0,30,0
19-01 08:30:47,57.509,19.253,23.004,0.500,0,1496928,1065296,169064,5198880,24472.940,18684.008,0,1980.319,0,118.019,8430,11156,1.590,1.050,0.580,3,0,325.052,0,0,11,28,0,33,0
19-01 08:30:48,53.863,6.982,37.405,0,0,1565808,996368,169068,5198908,14746.422,8457.448,0,195.502,0,9.975,3472,1538,1.460,1.030,0.570,2,0,5.985,0,0,11,31,0,32,0
19-01 08:30:49,51.118,7.768,40.845,0.251,0,1510020,1051876,169076,5199180,33575.692,23705.854,0,300.696,0,29.067,6908,9832,1.460,1.030,0.570,5,0,94.218,0,0,11,28,0,34,0
19-01 08:30:50,64.948,16.487,18.735,0,0,1568152,993736,169076,5199188,9203.678,1618.712,0,235.812,0,12.990,4304,2706,1.460,1.030,0.570,3,0,204.837,0,0,11,28,0,34,0
19-01 08:30:51,46.197,4.994,47.696,0,0,1619316,942280,169080,5199476,25920.454,20028.170,0,147.831,0,6.992,4833,5008,1.460,1.030,0.570,2,0,0,0,0,11,31,0,34,0
19-01 08:30:52,57.097,19.784,22.288,0,0,1509952,1051456,169092,5199652,54438.946,11072.905,0,973.662,0,61.104,6647,7303,1.460,1.030,0.570,3,0,287.491,0,0,11,28,0,34,0
19-01 08:30:53,53.417,6.240,39.938,0,0,1606316,954952,169092,5199792,51582.374,13158.433,0,3.994,0,0.998,3908,2557,1.500,1.050,0.580,3,0,0,0,0,11,31,0,34,0
19-01 08:30:54,53.363,9.270,36.327,0.251,0,1547676,1013516,169100,5199860,25887.821,15739.330,0,360.764,0,36.076,7360,8705,1.500,1.050,0.580,3,0,112.238,0,0,11,28,0,36,0
19-01 08:30:55,63.116,10.977,25.945,0,0,1579392,981796,169104,5199860,5721.873,1971.821,0,163.653,0,9.979,3737,1510,1.500,1.050,0.580,1,0,0,0,0,11,28,1,36,0
19-01 08:30:56,42.688,4.743,51.675,0,0.250,1574692,986428,169108,5199924,34345.117,26201.944,0,235.658,0,25.962,6260,8068,1.500,1.050,0.580,2,0,0,0,0,11,30,0,37,0
19-01 08:30:57,65.446,29.087,5.266,0,0,1494672,1066240,169124,5200116,9350.047,2235.706,0,3675.024,0,147.442,6446,6100,1.500,1.050,0.580,9,0,589.769,0,0,11,28,0,38,0
19-01 08:30:58,82.540,17.508,0,0,0,1692488,868424,169124,5200116,8337.039,4010.943,0,740.359,0,6.003,5722,4657,1.860,1.130,0.610,8,0,377.183,0,0,11,29,0,38,0
19-01 08:30:59,78.728,17.495,3.749,0,0,1763488,797380,169136,5200188,45098.190,38048.192,0,195.944,0,13.996,7716,8668,1.860,1.130,0.610,8,0,434.876,0,0,11,33,0,38,0
19-01 08:31:00,77.022,20.006,2.751,0,0,1525956,1034624,169148,5200464,33924.620,26516.519,0,544.154,0,47.013,8284,10354,1.860,1.130,0.610,5,0,418.119,0,0,11,28,0,37,0
19-01 08:31:01,81.972,14.495,2.999,0,0,1641356,919208,169152,5200476,18083.864,7821.346,0,123.958,0,7.997,5077,2777,1.860,1.130,0.610,5,0,36.987,0,0,11,30,0,37,0
19-01 08:31:02,75.642,8.488,15.478,0,0,1697484,862860,169152,5200696,44036.926,35413.278,0,111.840,0,7.989,7973,11768,1.860,1.130,0.610,5,0,0,0,0,11,31,0,38,1
19-01 08:31:03,42.303,20.776,36.796,0,0,1489744,1070536,169152,5200768,23700.717,18118.718,0,20.025,0,5.006,7409,10106,1.870,1.150,0.620,1,0,527.662,0,0,11,28,0,42,0
19-01 08:31:04,31.027,32.778,35.531,0,0,1463104,1097152,169152,5200792,9753.459,1567.359,0,48.042,0,12.010,6727,6072,1.870,1.150,0.620,5,0,873.758,0,0,11,28,0,42,0
19-01 08:31:05,73.988,16.247,9.498,0,0,1578056,982160,169152,5200832,13601.770,7888.706,0,7.999,0,2.000,4859,3209,1.870,1.150,0.620,5,0,201.967,0,0,11,30,0,42,0
19-01 08:31:06,60.982,9.997,27.992,0.250,0,1568040,991956,169176,5201028,32382.189,24246.654,0,607.816,0,50.985,6527,9831,1.870,1.150,0.620,5,0,72.978,0,0,11,30,0,44,0
19-01 08:31:07,74.539,18.009,6.754,0,0,1564216,995736,169188,5201060,13271.887,7625.958,0,408.212,0,35.018,5646,4530,1.870,1.150,0.620,3,0,196.102,0,0,11,29,0,46,0
19-01 08:31:08,66.680,7.242,26.722,0,0,1613356,946544,169188,5201108,32873.727,24947.990,0,199.792,0,7.992,6236,7285,2.040,1.190,0.640,4,0,0,0,0,11,32,0,46,0
19-01 08:31:09,53.512,6.251,37.009,0,0,1600792,958696,169188,5201516,47149.962,39277.131,0,288.067,0,22.005,11701,19338,2.040,1.190,0.640,5,0,14.003,0,0,11,31,0,46,0
19-01 08:31:10,74.307,15.762,10.258,0.250,0,1520192,1039244,169192,5201560,18848.498,12186.374,0,492.379,0,52.040,7697,8946,2.040,1.190,0.640,4,0,106.082,0,0,11,28,0,46,0
19-01 08:31:11,70.451,8.244,20.735,0,0,1617364,942040,169192,5201588,22439.265,19088.614,0,175.877,0,9.993,5098,4536,2.040,1.190,0.640,2,0,0,0,0,11,32,0,46,0
19-01 08:31:12,53.207,6.495,38.968,0,0,1616972,942040,169192,5201980,49559.706,39868.586,0,3629.049,0,149.878,10882,18027,2.040,1.190,0.640,4,0,0,0,0,11,31,0,46,1
19-01 08:31:13,65.839,17.524,16.272,0,0,1519756,1039164,169192,5202064,29971.541,22412.316,0,156.211,0,7.009,8323,10948,2.200,1.240,0.660,4,0,227.307,0,0,11,28,0,50,0
19-01 08:31:14,76.905,10.487,11.735,0,0,1606052,952852,169192,5202080,17415.382,10365.134,0,159.802,0,9.988,4700,2515,2.200,1.240,0.660,5,0,32.959,0,0,11,31,0,50,0
19-01 08:31:15,59.758,6.251,32.755,0,0,1609344,949324,169196,5202308,41756.751,34068.692,0,140.019,0,6.001,8992,13970,2.200,1.240,0.660,3,0,0,0,0,11,31,0,51,0
19-01 08:31:16,75.591,15.519,8.510,0.250,0,1551080,1007400,169208,5202476,21661.094,12575.148,0,344.415,0,33.040,6488,7642,2.200,1.240,0.660,5,0,130.157,0,0,11,28,0,51,0
19-01 08:31:17,71.634,8.736,18.969,0,0,1612920,945512,169212,5202480,23717.463,15096.470,0,2200.425,0,135.779,4990,3677,2.200,1.240,0.660,4,0,0.998,0,0,11,30,0,51,1
19-01 08:31:18,65.758,13.752,19.752,0,0,1637500,920860,169224,5202540,26504.259,21508.645,0,316.039,0,25.003,6570,9390,2.430,1.300,0.680,3,0,120.015,0,0,11,30,0,53,0
19-01 08:31:19,70.064,11.010,18.517,0,0,1670504,887648,169232,5202736,34956.934,25152.978,0,228.208,0,21.019,6968,19755,2.430,1.300,0.680,5,0,96.088,0,0,11,32,0,56,0
19-01 08:31:20,73.539,14.758,11.006,0,0,1621892,936212,169232,5202784,23087.375,15904.525,0,204.109,0,16.009,6064,7580,2.430,1.300,0.680,4,0,127.068,0,0,11,32,0,54,0
19-01 08:31:21,74.065,11.222,14.464,0,0,1594512,963416,169232,5202952,19725.829,15570.188,0,167.582,0,10.973,5353,4508,2.430,1.300,0.680,3,0,42.893,0,0,11,34,0,55,0
19-01 08:31:22,68.343,11.766,19.527,0,0,1623440,934432,169236,5203000,62172.791,19050.982,0,136.186,0,8.011,6196,7399,2.430,1.300,0.680,4,0,68.093,0,0,11,34,0,56,0
19-01 08:31:23,61.514,12.253,25.756,0.250,0,1547612,1010188,169256,5203048,60359.889,17541.036,0,440.101,0,43.010,5683,6898,2.310,1.300,0.680,4,0,138.032,0,0,11,34,0,58,0
19-01 08:31:24,53.525,13.506,32.265,0,0,1521236,1036524,169276,5203068,19064.954,8916.188,0,352.165,0,34.016,4828,3941,2.310,1.300,0.680,4,0,120.056,0,0,11,33,0,60,0
19-01 08:31:25,53.688,9.739,35.958,0,0,1542276,1015284,169288,5203252,17711.542,12354.729,0,215.751,0,18.978,4950,4867,2.310,1.300,0.680,2,0,95.889,0,0,11,34,0,59,0
19-01 08:31:26,54.312,9.010,36.041,0,0,1545044,1012324,169296,5203436,22997.334,16696.119,0,188.216,0,10.011,6353,7899,2.310,1.300,0.680,3,0,43.049,0,0,11,33,0,60,0
19-01 08:31:27,53.256,10.251,36.004,0.250,0,1544476,1012688,169308,5203624,19162.267,12199.443,0,384.045,0,43.005,4749,4542,2.310,1.300,0.680,2,0,44.005,0,0,11,34,0,61,0
19-01 08:31:28,39.902,5.985,52.621,0,0,1537600,1019512,169316,5203668,22371.004,16049.544,0,343.156,0,14.963,4600,5174,2.370,1.330,0.690,0,0,85.789,0,0,11,34,0,62,0
19-01 08:31:29,34.841,8.773,55.646,0,0,1510296,1046756,169332,5203704,15559.792,9412.676,0,1977.183,0,43.113,5375,6370,2.370,1.330,0.690,2,0,87.229,0,0,11,32,0,58,0
19-01 08:31:30,38.125,7.725,53.574,0.249,0,1566512,990536,169332,5203708,13832.623,6451.835,0,151.503,0,9.967,2978,2112,2.370,1.330,0.690,2,0,47.843,0,0,11,33,0,58,0
19-01 08:31:31,32.769,6.504,59.284,0,0,1552072,1004784,169332,5203900,19866.298,12203.941,0,180.102,0,14.008,4132,4840,2.370,1.330,0.690,3,0,34.019,0,0,11,33,0,59,0
19-01 08:31:32,36.323,9.269,54.109,0,0,1526936,1029900,169332,5203920,13427.134,8431.037,0,116.235,0,10.020,4249,3736,2.370,1.330,0.690,2,0,104.211,0,0,11,33,0,60,0
19-01 08:31:33,35.427,6.736,56.384,0,0,1497400,1059400,169332,5203940,19602.514,8355.742,0,530.903,0,68.858,4094,3563,2.260,1.320,0.700,2,0,59.876,0,0,11,33,0,59,0
19-01 08:31:34,38.990,5.748,54.985,0.250,0,1496512,1060260,169336,5203964,11822.862,7711.953,0,247.934,0,21.994,3923,4220,2.260,1.320,0.700,2,0,4.999,0,0,11,33,0,60,0
19-01 08:31:35,36.307,5.759,56.840,0,0,1512612,1044132,169340,5203984,21414.740,10320.260,0,212.335,0,14.022,3544,3880,2.260,1.320,0.700,2,0,0,0,0,11,33,0,60,0
19-01 08:31:36,33.199,7.239,57.661,0.250,0,1441500,1115200,169356,5204012,63903.773,12768.374,0,2064.826,0,134.793,5445,5629,2.260,1.320,0.700,1,0,42.934,0,0,11,33,0,61,0
19-01 08:31:37,37.718,6.245,55.453,0.250,0,1481876,1074668,169364,5204160,18062.823,7777.465,0,155.869,0,14.987,3703,3006,2.260,1.320,0.700,2,0,5.995,0,0,11,33,0,61,0
19-01 08:31:38,34.108,4.264,60.944,0,0,1482292,1074216,169368,5204188,36363.584,14112.859,0,361.148,0,25.080,4249,5084,2.240,1.330,0.700,1,0,26.083,0,0,11,33,0,62,0
19-01 08:31:39,18.755,13.004,67.519,0,0,1400524,1155888,169376,5204268,40797.208,6654.828,0,304.084,0,22.006,4959,5163,2.240,1.330,0.700,1,0,256.070,0,0,11,32,0,63,0
19-01 08:31:40,18.954,1.746,78.062,0,0,1433608,1122800,169376,5204272,10759.094,3911.582,0,139.664,0,7.981,1660,1081,2.240,1.330,0.700,2,0,0,0,0,11,33,0,63,0
19-01 08:31:41,18.279,2.254,78.624,0.250,0,1430980,1125368,169380,5204328,24824.147,9841.520,0,268.423,0,22.035,3560,4240,2.240,1.330,0.700,1,0,0,0,0,11,32,0,59,0
19-01 08:31:42,14.768,13.767,71.088,0,0,1404148,1152192,169380,5204336,6431.953,1622.006,0,3135.878,0,155.192,4326,3169,2.240,1.330,0.700,1,0,284.352,0,0,11,32,0,59,0
19-01 08:31:43,18.446,2.243,77.773,0,0,1451268,1105068,169380,5204340,14879.621,6727.388,0,163.523,0,7.977,1964,1541,2.140,1.330,0.700,1,0,0,0,0,11,33,0,59,0
19-01 08:31:44,18.504,4.501,76.016,0,0,1435324,1120984,169388,5204360,29941.131,7311.497,0,416.085,0,28.006,4110,4263,2.140,1.330,0.700,1,0,46.009,0,0,11,32,0,60,0
19-01 08:31:45,21.483,4.247,73.442,0,0,1468416,1087892,169388,5204360,10121.945,1564.755,0,0,0,0,1788,1089,2.140,1.330,0.700,1,0,0,0,0,11,32,0,57,0
19-01 08:31:46,16.008,2.001,81.038,0,0.250,1473288,1082868,169388,5204508,16005.550,11118.245,0,0,0,0,3067,3634,2.140,1.330,0.700,1,0,0,0,0,11,33,0,57,0
19-01 08:31:47,15.292,9.526,73.955,0.501,0,1431072,1124980,169400,5204600,20581.922,6238.253,0,360.998,0,33.092,4831,5127,2.140,1.330,0.700,1,0,172.477,0,0,11,32,0,57,0
19-01 08:31:48,20.687,20.437,57.823,0,0,1430972,1124936,169404,5204736,6979.593,1603.083,0,418.716,0,25.920,5875,4657,2.130,1.340,0.710,3,0,459.590,0,0,11,32,0,59,0
19-01 08:31:49,44.775,6.003,48.527,0,0,1520376,1034308,169460,5205796,5904.285,1620.902,0,280.156,0,7.004,2651,1438,2.130,1.340,0.710,3,0,3.002,0,0,11,34,0,56,0
19-01 08:31:50,38.866,6.269,44.383,10.532,0,1507200,1039936,170436,5211816,11964.850,1624.869,0,24272.729,0,2460.372,14022,23117,2.130,1.340,0.710,4,0,126.379,0,0,11,36,0,56,0
19-01 08:31:51,38.382,7.976,40.875,9.222,0,1513300,1032124,171104,5212796,10499.789,1561.210,0,46628.951,0,3916.983,18432,28802,2.130,1.340,0.710,3,0,41.872,0,0,11,36,0,56,0
19-01 08:31:52,45.882,7.020,46.133,1.755,0,1478876,1066464,171168,5212816,42492.086,1624.668,0,15977.907,0,890.559,5601,5327,2.130,1.340,0.710,4,0,8.023,0,0,11,32,0,56,0
19-01 08:31:53,38.992,7.998,44.741,6.499,0,1542980,1001456,171664,5213200,43623.408,1619.681,0,11065.820,0,1756.654,14066,19641,2.200,1.370,0.720,3,0,1.000,0,0,11,34,0,51,0
19-01 08:31:54,33.395,8.723,53.831,2.991,0,1486980,1057052,171936,5213324,8760.514,1614.933,0,11523.844,0,1167.337,9085,11164,2.200,1.370,0.720,2,0,100.684,0,0,11,32,0,51,0
19-01 08:31:55,22.250,4.500,71.750,1.000,0,1477192,1066700,172060,5213336,8823.985,1619.997,0,11559.980,0,604.999,3520,4071,2.200,1.370,0.720,2,0,0,0,0,11,32,0,51,0
19-01 08:31:56,22.821,2.759,73.731,0,0,1476160,1067696,172072,5213356,7577.718,1570.917,0,329.030,0,18.057,1763,1175,2.200,1.370,0.720,2,0,3.009,0,0,11,32,0,51,0
19-01 08:31:57,22.681,3.988,72.531,0.498,0,1473772,1070060,172092,5213356,5778.522,1561.278,0,2297.052,0,127.614,2204,1779,2.200,1.370,0.720,1,0,0.997,0,0,11,32,0,47,0
19-01 08:31:58,22.748,2.750,73.493,0,0,1470480,1073336,172096,5213368,6556.414,1619.855,0,1119.900,0,128.988,2024,1096,2.100,1.360,0.730,2,0,3.000,0,0,11,32,0,47,0
19-01 08:31:59,21.251,4.250,73.753,0,0,1528680,1015136,172096,5213368,11097.468,1620.068,0,4.000,0,1.000,1872,1263,2.100,1.360,0.730,2,0,2.000,0,0,11,32,0,47,0
19-01 08:32:00,22.501,3.000,74.005,0,0,1518260,1025468,172104,5213440,5552.365,1620.107,0,304.020,0,1.000,1707,1041,2.100,1.360,0.730,2,0,1.000,0,0,11,32,0,47,0
19-01 08:32:01,22.231,3.497,73.686,0,0,1538588,1005136,172104,5213444,9282.920,1618.591,0,0,0,0,1767,1126,2.100,1.360,0.730,3,0,1.998,0,0,11,32,0,46,0
19-01 08:32:02,22.750,3.000,73.501,0,0.250,1525644,1017988,172104,5213532,5635.087,1566.024,0,208.003,0,2.000,1708,1148,2.100,1.360,0.730,3,0,1.000,0,0,11,32,0,46,0
19-01 08:32:03,22.078,3.763,73.258,0.251,0,1497512,1046108,172116,5213532,10033.280,1720.048,0,2019.100,0,221.780,2398,1697,2.010,1.350,0.730,2,0,1.004,0,0,11,32,0,46,0
19-01 08:32:04,21.686,3.490,73.784,0.249,0,1519836,1023732,172116,5213564,8878.982,1615.267,0,327.042,0,22.933,1838,1252,2.010,1.350,0.730,2,0,1.994,0,0,11,32,0,46,0
19-01 08:32:05,22.220,3.495,73.651,0,0,1505716,1037832,172116,5213584,6579.185,1563.905,0,3.995,0,0.999,1700,1128,2.010,1.350,0.730,2,0,0.999,0,0,11,32,0,46,0
19-01 08:32:06,22.786,3.255,74.118,0,0,1511732,1031784,172120,5213612,10509.671,1568.488,0,0,0,0,1753,1063,2.010,1.350,0.730,3,0,1.002,0,0,11,32,0,41,0
19-01 08:32:07,22.014,3.502,73.295,0,0,1504808,1038708,172120,5213612,7917.874,1620.998,0,0,0,0,1738,1197,2.010,1.350,0.730,2,0,3.002,0,0,11,32,0,41,0
19-01 08:32:08,19.537,6.512,73.388,0,0,1484720,1058676,172120,5213720,5976.256,1623.057,0,0,0,0,2635,1758,1.930,1.350,0.730,1,0,78.147,0,0,11,32,0,41,0
19-01 08:32:09,7.754,22.763,68.538,0,0,1463116,1080220,172120,5213776,8942.971,1620.901,0,1028.572,0,14.008,6373,4900,1.930,1.350,0.730,2,0,520.289,0,0,11,32,0,41,0
19-01 08:32:10,8.501,21.002,69.256,0,0.250,1456600,1086688,172120,5213816,7180.663,1620.150,0,364.034,0,7.001,5948,4427,1.930,1.350,0.730,1,0,419.039,0,0,11,32,0,37,0
19-01 08:32:11,10.993,17.238,70.703,0,0,1470180,1073076,172120,5213844,9278.809,1618.920,0,3.997,0,0.999,5341,3893,1.930,1.350,0.730,1,0,355.763,0,0,11,32,0,37,0
19-01 08:32:12,21.181,3.738,73.512,0,0,1491052,1052220,172120,5213828,6727.195,1560.941,0,0,0,0,1797,1213,1.930,1.350,0.730,1,0,1.994,0,0,11,32,0,37,0
19-01 08:32:13,22.823,3.010,73.486,0,0,1505648,1037604,172124,5213844,6049.426,1571.045,0,694.229,0,103.332,2150,1561,1.860,1.340,0.730,1,0,1.003,0,0,11,32,0,37,0
19-01 08:32:14,21.945,3.491,73.565,0.499,0,1543636,999632,172128,5213824,9152.947,1615.930,0,454.854,0,32.917,1943,1289,1.860,1.340,0.730,1,0,1.995,0,0,11,32,0,33,0
19-01 08:32:15,22.747,3.499,73.739,0,0,1521692,1021556,172128,5213844,7945.840,1619.764,0,19.997,0,1.000,1760,1118,1.860,1.340,0.730,1,0,1.000,0,0,11,32,0,33,0
19-01 08:32:16,22.250,3.000,73.998,0,0,1548448,994808,172128,5213832,8714.823,1565.968,0,0,0,0,1766,1142,1.860,1.340,0.730,1,0,2.000,0,0,11,32,0,33,0
19-01 08:32:17,22.253,3.251,73.762,0,0,1508656,1034588,172128,5213844,7787.216,1620.253,0,16.002,0,2.000,1802,1172,1.860,1.340,0.730,1,0,2.000,0,0,11,32,0,33,0
19-01 08:32:18,22.000,3.500,73.750,0,0,1546720,996536,172128,5213828,11768.958,1619.994,0,0,0,0,1828,1176,1.790,1.340,0.730,1,0,2.000,0,0,11,32,0,30,0
19-01 08:32:19,27.245,6.499,65.739,0.250,0,1491696,1051536,172128,5213852,8669.560,1619.731,0,227.962,0,4.999,2838,12625,1.790,1.340,0.730,1,0,36.994,0,0,11,32,0,31,0
19-01 08:32:20,21.505,3.751,74.016,0,0,1547088,996156,172128,5213840,5742.270,1620.358,0,8.002,0,1.000,1717,1115,1.790,1.340,0.730,2,0,2.000,0,0,11,32,0,31,0
19-01 08:32:21,23.068,2.507,73.717,0,0,1549344,993888,172128,5213852,6093.957,1624.788,0,12.035,0,1.003,1715,1141,1.790,1.340,0.730,1,0,1.003,0,0,11,32,0,31,0
19-01 08:32:22,21.190,4.238,74.040,0,0,1571076,972180,172128,5213828,43612.534,1507.732,0,0,0,0,1858,1131,1.790,1.340,0.730,1,0,1.994,0,0,11,32,0,23,0
19-01 08:32:23,23.749,2.750,73.248,0,0,1503964,1039260,172128,5213860,41714.116,1619.966,0,159.997,0,12.000,2081,1580,1.720,1.330,0.730,2,0,1.000,0,0,11,32,0,23,0
19-01 08:32:24,22.001,3.500,73.255,0,0,1532604,1010708,172128,5213772,10157.678,1620.108,0,2312.154,0,35.002,1990,1308,1.720,1.330,0.730,2,0,2.000,0,0,11,32,0,23,0
19-01 08:32:25,22.575,3.261,73.997,0,0,1515320,1027916,172128,5213848,13090.655,1571.240,0,88.294,0,1.003,1820,1185,1.720,1.330,0.730,2,0,1.003,0,0,11,32,0,23,0
19-01 08:32:26,21.676,3.488,73.749,0,0,1466924,1076300,172128,5213860,9241.541,1614.504,0,11.959,0,0.997,1870,1281,1.720,1.330,0.730,1,0,0.997,0,0,11,32,0,18,0
19-01 08:32:27,22.250,3.500,73.750,0,0,1513624,1029620,172128,5213840,11823.049,1620.007,0,0,0,0,1908,1196,1.720,1.330,0.730,2,0,3.000,0,0,11,32,0,18,0
19-01 08:32:28,22.263,3.752,73.543,0,0,1491824,1051400,172128,5213860,6009.550,1620.957,0,20.012,0,1.001,1785,1220,1.660,1.320,0.740,2,0,1.001,0,0,11,32,0,18,0
19-01 08:32:29,22.490,2.749,73.719,0,0,1523364,1019860,172128,5213860,6809.108,1619.312,0,187.920,0,3.998,1741,1144,1.660,1.320,0.740,1,0,1.000,0,0,11,32,0,18,0
19-01 08:32:30,21.797,3.758,73.660,0,0,1559716,983520,172128,5213848,10919.740,1623.530,0,0,0,0,1828,1159,1.660,1.320,0.740,1,0,2.004,0,0,11,32,0,13,0
19-01 08:32:31,17.267,10.510,71.571,0,0,1533228,1009960,172128,5213896,10478.459,1513.511,0,128.128,0,7.007,3696,2600,1.660,1.320,0.740,2,0,223.223,0,0,11,32,0,13,0
19-01 08:32:32,15.457,12.216,71.053,0,0,1522000,1021172,172132,5213908,8858.482,1615.529,0,119.669,0,4.986,3922,2953,1.660,1.320,0.740,1,0,236.346,0,0,11,32,0,13,0
19-01 08:32:33,23.501,2.250,73.503,0,0,1528564,1014344,172132,5214164,9063.398,1662.073,0,168.007,0,13.001,1883,1363,1.610,1.320,0.740,1,0,0,0,0,11,32,0,13,0
19-01 08:32:34,22.251,3.750,73.254,0,0,1513888,1029008,172132,5214176,10621.520,1620.079,0,840.041,0,84.004,1991,1270,1.610,1.320,0.740,1,0,9.000,0,0,11,32,0,10,0
19-01 08:32:35,21.290,6.011,71.635,0,0,1524064,1018820,172132,5214188,8767.499,1568.953,0,4.008,0,1.002,2383,1595,1.610,1.320,0.740,3,0,94.177,0,0,11,32,0,10,0
19-01 08:32:36,8.505,21.762,68.787,0.250,0,1509676,1033064,172132,5214332,6113.258,1620.864,40.021,168.090,2.001,7.004,6147,4630,1.610,1.320,0.740,1,0,466.248,0,0,11,32,0,10,0
19-01 08:32:37,8.492,22.979,68.188,0,0,1488952,1053752,172132,5214360,9287.613,1618.538,0,199.820,0,2.997,6384,4830,1.610,1.320,0.740,1,0,509.540,0,0,11,32,0,10,0
19-01 08:32:38,8.003,22.258,68.275,0,0,1452648,1089984,172132,5214396,7917.846,1620.582,0,624.224,0,8.003,6269,4768,1.640,1.330,0.740,2,0,501.180,0,0,11,32,0,6,0
19-01 08:32:39,8.751,23.004,68.261,0,0,1448036,1094576,172132,5214420,6291.991,1620.255,0,1632.257,0,19.003,6117,4496,1.640,1.330,0.740,1,0,480.076,0,0,11,32,0,6,0
19-01 08:32:40,8.248,21.994,68.232,0,0,1423176,1119412,172132,5214440,8779.744,1511.612,0,1195.693,0,12.997,6218,4648,1.640,1.330,0.740,1,0,498.872,0,0,11,32,0,6,0
19-01 08:32:41,7.253,22.259,69.529,0,0,1376872,1165648,172132,5214508,7574.135,1620.671,0,376.156,0,8.003,6015,4458,1.640,1.330,0.740,1,0,436.181,0,0,11,32,0,6,0
19-01 08:32:42,8.496,20.491,69.469,0,0,1373984,1168508,172132,5214536,8709.140,1619.282,0,195.913,0,6.997,6003,4378,1.640,1.330,0.740,1,0,435.807,0,0,11,32,0,4,0
19-01 08:32:43,8.254,22.511,67.784,0,0,1369264,1173196,172132,5214568,9250.600,1620.806,0,424.211,0,21.010,6305,4892,1.590,1.320,0.750,1,0,469.233,0,0,11,32,0,4,0
19-01 08:32:44,9.003,20.257,69.274,0,0,1346592,1195808,172152,5214600,6088.098,1620.559,0,972.335,0,127.044,6167,4598,1.590,1.320,0.750,1,0,438.151,0,0,11,32,0,4,0
19-01 08:32:45,28.484,29.984,39.728,0.250,0,1362048,1180304,172172,5214628,8950.118,1565.146,0,735.599,0,44.975,7312,6447,1.590,1.320,0.750,4,0,793.567,0,0,11,34,0,9,0
19-01 08:32:46,66.044,10.007,23.516,0.250,0,1571392,969808,172220,5215524,7494.007,1663.111,0,576.385,0,31.021,3978,2027,1.590,1.320,0.750,3,0,27.018,0,0,11,32,0,9,0
19-01 08:32:47,57.223,8.996,24.239,9.745,0,1628416,902368,173124,5224020,5918.254,1619.249,371.827,36035.277,2.999,2668.762,15492,21950,1.590,1.320,0.750,4,1,75.965,0,0,11,36,0,10,0
19-01 08:32:48,41.253,15.501,30.502,12.001,0,1666276,853512,173700,5234020,8713.623,1512.108,0,92918.640,0,6454.461,27125,44372,1.620,1.330,0.750,2,2,165.012,0,0,11,36,0,10,0
19-01 08:32:49,44.250,9.250,30.750,13.000,0,1677576,829788,174056,5245700,12087.941,6792.967,0,86191.580,0,6654.968,26760,44104,1.620,1.330,0.750,1,3,72.000,0,0,11,37,0,10,0
19-01 08:32:50,43.255,14.502,30.253,9.751,0,1581060,919076,174544,5252172,13481.498,5860.651,0,59450.608,0,4294.477,21479,32295,1.620,1.330,0.750,2,1,209.023,0,0,11,34,0,11,0
19-01 08:32:51,30.992,12.747,30.992,22.494,0,1588176,903500,174888,5259968,8202.909,1619.587,311.920,58493.086,4.999,3824.025,19082,26886,1.620,1.330,0.750,5,1,124.968,0,0,11,34,0,9,0
19-01 08:32:52,48.013,18.755,23.757,7.752,0,1598172,890080,175060,5263080,49788.629,9753.670,60.016,43339.864,1.000,3686.009,21814,35185,1.620,1.330,0.750,6,1,227.062,0,0,11,35,0,9,0
19-01 08:32:53,32.753,14.751,36.503,13.501,0,1605268,879772,175188,5266060,54225.842,10803.965,1644.147,57754.157,27.002,4045.361,21498,33559,1.730,1.360,0.760,2,0,201.018,0,0,11,35,0,9,0
19-01 08:32:54,37.661,9.727,41.402,10.226,0,1552404,932940,175388,5265528,9848.655,3706.215,0,41725.096,0,3793.009,19911,29730,1.730,1.360,0.760,1,1,56.865,0,0,11,34,0,9,0
19-01 08:32:55,34.824,6.764,44.595,11.524,0,1591880,892208,175580,5266572,13832.341,6621.044,0,47588.943,0,4297.115,19898,30376,1.730,1.360,0.760,4,0,43.091,0,0,11,35,0,9,0
19-01 08:32:56,33.725,8.244,44.966,11.242,0,1585656,896288,175704,5268576,15893.029,9950.505,0,53215.917,0,4501.609,24279,36387,1.730,1.360,0.760,2,1,38.971,0,0,11,35,0,9,0
19-01 08:32:57,35.785,8.008,43.542,10.010,0,1557076,921764,175764,5271548,16562.132,8428.209,0,42008.917,0,3891.791,20386,32696,1.730,1.360,0.760,1,1,123.120,0,0,11,36,0,10,0
19-01 08:32:58,36.383,9.220,41.866,10.466,0.249,1607976,867332,175892,5274860,8521.706,1614.828,0,58444.807,0,4703.934,21112,33452,1.840,1.390,0.780,1,1,56.818,0,0,11,36,0,10,0
19-01 08:32:59,30.593,8.275,46.892,13.290,0,1611968,860196,176008,5277796,14293.356,9911.063,0,69402.519,0,5408.405,26351,39510,1.840,1.390,0.780,3,0,63.192,0,0,11,37,0,10,0
19-01 08:33:00,31.497,7.999,46.496,11.999,0,1602692,865912,176072,5281168,17505.558,12423.976,0,59931.062,0,5086.581,26619,40698,1.840,1.390,0.780,3,0,98.992,0,0,11,37,0,10,0
19-01 08:33:01,36.693,9.985,39.439,11.482,0,1568348,901728,176104,5279620,9878.676,2081.771,0,48580.639,0,4338.270,22381,32462,1.840,1.390,0.780,2,0,53.916,0,0,11,36,0,10,0
19-01 08:33:02,33.800,7.261,44.066,12.268,0,1581192,890936,176156,5277540,12836.137,6670.945,0,63090.057,0,4988.437,23761,34901,1.840,1.390,0.780,3,0,39.058,0,0,11,35,0,12,0
19-01 08:33:03,28.937,10.228,59.620,0,0,1455272,1016656,176156,5277740,19227.200,11342.342,0,1636.442,0,92.798,5750,7079,1.690,1.370,0.770,2,0,211.540,0,0,11,33,0,12,0
19-01 08:33:04,16.788,6.014,75.921,0.251,0,1362472,1109432,176156,5277764,17056.517,7087.004,0,489.104,0,28.063,3847,3974,1.690,1.370,0.770,1,0,55.124,0,0,11,32,0,13,0
19-01 08:33:05,19.453,2.245,77.062,0.249,0,1420108,1051792,176156,5277768,10270.957,3825.672,0,1117.276,0,54.866,1795,1384,1.690,1.370,0.770,0,0,0,0,0,11,33,0,13,0
19-01 08:33:06,18.544,4.511,75.179,0.501,0,1396144,1075736,176156,5277788,15119.912,8120.287,0,3015.162,0,182.433,4136,4573,1.690,1.370,0.770,1,0,34.081,0,0,11,32,0,14,0
19-01 08:33:07,21.701,3.991,73.585,0,0,1451016,1020864,176156,5277788,6354.749,1616.375,0,0,0,0,1764,1157,1.690,1.370,0.770,2,0,0.998,0,0,11,32,0,14,0
19-01 08:33:08,15.526,2.003,81.137,0,0,1434992,1036876,176156,5277800,13582.851,8355.056,0,196.330,0,20.034,2481,2671,1.630,1.360,0.770,1,0,2.003,0,0,11,32,0,15,0
19-01 08:33:09,19.955,5.987,73.585,0.249,0,1491556,980312,176156,5277800,9071.612,1616.367,0,79.821,0,5.987,2414,1735,1.630,1.360,0.770,1,0,57.870,0,0,11,32,0,15,0
19-01 08:33:10,17.234,1.998,79.925,0,0,1486156,985356,176156,5278156,16587.422,10016.593,0,407.617,0,32.969,2807,2977,1.630,1.360,0.770,2,0,0,0,0,11,33,0,15,0
19-01 08:33:11,19.272,5.506,73.585,0,0,1469564,1001932,176160,5278168,10909.536,3708.261,0,1409.620,0,165.190,3271,3054,1.630,1.360,0.770,1,0,43.049,0,0,11,32,0,16,0
19-01 08:33:12,18.255,2.501,78.270,0,0,1486276,985088,176160,5278300,14341.616,6765.706,0,168.042,0,13.003,1993,1621,1.630,1.360,0.770,1,0,0,0,0,11,33,0,16,0
19-01 08:33:13,17.528,2.003,79.126,0.250,0,1439152,1032184,176160,5278328,14642.374,7318.683,0,236.377,0,22.035,3454,4111,1.580,1.350,0.780,1,0,4.006,0,0,11,32,0,17,0
19-01 08:33:14,8.503,21.506,68.521,0,0,1443304,1027876,176160,5278484,7459.235,1512.453,0,204.061,0,10.003,6253,4782,1.580,1.350,0.780,1,0,506.152,0,0,11,32,0,17,0
19-01 08:33:15,51.787,16.512,31.022,0.250,0,1464712,1006256,176172,5278684,7916.655,1567.119,0,936.669,0,61.044,5464,3979,1.580,1.350,0.780,3,0,288.206,0,0,11,32,0,23,0
19-01 08:33:16,66.735,8.748,23.994,0.250,0,1665812,803144,176248,5280412,11356.363,1619.624,0,1315.694,0,34.992,3850,1616,1.580,1.350,0.780,3,0,2.000,0,0,11,32,0,23,0
19-01 08:33:17,68.540,7.228,23.678,0.498,0,1761700,703436,176392,5283932,8936.652,1615.058,0,6623.730,0,206.368,4323,1916,1.580,1.350,0.780,6,0,6.979,0,0,11,32,0,23,0
19-01 08:33:18,38.617,8.275,39.620,11.284,0,1770104,681260,176500,5296848,8602.011,1624.914,0,84551.674,0,6063.335,28650,42886,1.940,1.430,0.800,4,0,228.692,0,0,11,38,0,23,0
19-01 08:33:19,37.506,12.502,35.505,12.252,0,1808056,632148,176552,5307564,8939.382,1620.251,0,107516.626,0,7939.228,35415,59991,1.940,1.430,0.800,0,1,261.040,0,0,11,38,0,23,0
19-01 08:33:20,43.247,9.749,32.748,11.749,0,1725968,705536,176620,5315944,8343.462,1619.896,0,71835.366,0,5370.654,29558,44495,1.940,1.430,0.800,4,0,227.985,0,0,11,36,0,23,0
19-01 08:33:21,46.749,11.500,28.749,11.250,0,1770420,651772,176676,5324860,9201.813,1619.967,0,89930.170,0,6234.873,26912,42228,1.940,1.430,0.800,5,1,138.997,0,0,11,36,0,23,0
19-01 08:33:22,39.217,11.241,35.220,12.490,0,1817528,590284,176684,5338680,42273.561,1618.643,0,80920.162,0,5614.293,25269,36953,1.940,1.430,0.800,5,0,5.995,0,0,11,36,0,23,0
19-01 08:33:23,42.795,11.262,32.284,12.263,0,1702680,701440,176712,5342188,43823.982,1513.588,0,82594.661,0,6183.488,27103,41882,2.020,1.460,0.820,2,2,167.175,0,0,11,36,0,23,0
19-01 08:33:24,34.489,9.997,49.234,4.499,0,1395024,1007724,176716,5343524,9835.771,1565.486,0,35124.467,0,2587.151,14147,18377,2.020,1.460,0.820,1,0,217.928,0,0,11,32,0,23,0
19-01 08:33:25,20.956,5.738,71.351,0.748,0,1444380,958360,176716,5343532,6999.398,1616.627,0,8234.821,0,450.061,3813,3770,2.020,1.460,0.820,1,0,67.858,0,0,11,32,0,23,0
19-01 08:33:26,22.995,2.999,73.234,0.250,0,1500820,901916,176716,5343532,6894.462,1619.639,0,1083.758,0,56.987,1995,1458,2.020,1.460,0.820,2,0,2.000,0,0,11,32,0,23,0
19-01 08:33:27,22.806,3.759,71.926,0.752,0,1456060,946668,176716,5343540,8461.735,1623.979,0,5974.640,0,342.840,3610,3419,2.020,1.460,0.820,2,0,28.069,0,0,11,32,0,23,0
19-01 08:33:28,22.186,2.991,73.039,0,0,1502700,899900,176716,5343668,7917.154,1615.339,0,103.701,0,9.971,1851,1242,1.940,1.450,0.820,2,0,0.997,0,0,11,32,0,23,0
19-01 08:33:29,23.498,3.000,73.494,0,0,1550300,852300,176716,5343668,9857.181,1619.865,0,127.989,0,15.999,2001,1543,1.940,1.450,0.820,3,0,2.000,0,0,11,34,0,23,0
19-01 08:33:30,15.793,24.066,58.661,0.251,0,1492004,910568,176716,5343692,7503.596,1624.459,0,489.343,0,39.107,5935,5268,1.940,1.450,0.820,3,0,682.874,0,0,11,32,0,23,0
19-01 08:33:31,10.253,31.509,57.767,0,0,1462252,940264,176716,5343748,5927.713,1620.468,0,212.061,0,20.006,7149,6021,1.940,1.450,0.820,1,0,804.232,0,0,11,32,0,23,0
19-01 08:33:32,7.247,22.241,69.223,0,0,1446900,955528,176716,5343836,8532.689,1457.434,0,559.783,0,87.966,6504,4887,1.940,1.450,0.820,2,0,505.804,0,0,11,32,0,23,0
19-01 08:33:33,9.501,20.003,69.259,0,0,1431584,970808,176716,5343868,7238.993,1620.222,0,36.005,0,9.001,5814,4333,1.860,1.440,0.820,1,0,384.053,0,0,11,32,0,23,0
19-01 08:33:34,18.955,15.713,63.849,0,0,1431032,971304,176716,5344332,10708.737,1658.088,0,11.972,0,2.993,6717,8198,1.860,1.440,0.820,1,0,246.419,0,0,11,32,0,23,0
19-01 08:33:35,39.991,11.997,46.989,0,0,1500020,902300,176728,5344344,8303.123,1619.634,0,103.976,0,6.998,4178,2713,1.860,1.440,0.820,2,0,130.970,0,0,11,33,0,23,0
19-01 08:33:36,44.008,7.001,48.509,0,0,1600224,801976,176728,5344468,8845.598,1620.293,0,16.003,0,1.000,2757,1359,1.860,1.440,0.820,2,0,0,0,0,11,33,0,23,0
19-01 08:33:37,45.727,5.747,48.225,0,0,1643980,756608,176788,5345716,10265.751,1619.172,0,1591.186,0,134.931,4047,3083,1.860,1.440,0.820,2,0,19.990,0,0,11,49,0,23,0
19-01 08:33:38,28.090,13.794,56.180,0.251,0,1661808,735844,176800,5348504,6111.574,1625.205,0,493.581,0,34.109,6784,10487,1.880,1.450,0.830,1,0,247.794,0,0,11,48,0,24,0
19-01 08:33:39,19.727,14.483,64.676,0,0,1655668,741768,176800,5348636,5692.470,1618.144,0,219.748,0,15.982,6437,8389,1.880,1.450,0.830,0,0,250.712,0,0,11,48,0,24,0
19-01 08:33:40,0.499,0.749,98.336,0,0,1651296,746140,176800,5348644,9392.300,1617.297,0,323.459,0,21.963,888,1217,1.880,1.450,0.830,2,0,1.997,0,0,11,48,0,24,0
19-01 08:33:41,0.750,0.500,97.494,0,0,1651148,746256,176800,5348676,8254.509,1457.913,0,39.998,0,5.000,770,939,1.880,1.450,0.830,0,0,1.000,0,0,11,48,0,24,0
19-01 08:33:42,0.500,1.000,97.996,0.250,0,1649172,748232,176800,5348676,10203.555,1619.929,0,3807.834,0,252.989,1221,972,1.880,1.450,0.830,0,0,3.000,0,0,11,48,0,24,0
19-01 08:33:43,0.500,0.750,98.257,0,0.250,1647544,749860,176800,5348676,8533.626,1620.119,0,0,0,0,666,858,1.720,1.430,0.820,0,0,1.000,0,0,11,48,0,24,0
19-01 08:33:44,13.529,11.274,73.908,0.251,0,1652728,744688,176800,5349020,10996.460,1623.464,0,705.505,0,109.233,4854,5580,1.720,1.430,0.820,4,0,218.466,0,0,11,48,0,24,0
19-01 08:33:45,14.225,13.725,70.873,0,0,1677344,720060,176800,5348704,8537.705,1617.103,0,11.979,0,2.995,5417,6168,1.720,1.430,0.820,11,0,248.555,0,0,11,48,0,24,0
19-01 08:33:46,14.705,17.447,65.302,0.249,0,1681560,715764,176800,5348748,5967.862,1894.243,0,1666.934,0,74.773,6164,6567,1.720,1.430,0.820,1,0,333.985,0,0,12,48,0,24,0
19-01 08:33:47,15.791,14.538,69.431,0.251,0,1672036,725176,176800,5348868,5441.167,1624.229,0,697.817,0,48.125,5683,6657,1.720,1.430,0.820,0,0,260.679,0,0,12,64,0,24,0
19-01 08:33:48,7.020,11.283,79.982,0,0,1685844,711344,176800,5349236,9142.564,1624.721,0,0,0,0,4545,5285,1.990,1.490,0.840,1,0,211.615,0,0,14,64,0,17,0
19-01 08:33:49,16.503,13.002,69.512,0,0,1675856,721248,176800,5348916,8361.481,1458.258,0,184.033,0,20.004,4951,5501,1.990,1.490,0.840,1,0,204.036,0,0,14,66,0,17,0
19-01 08:33:50,8.747,20.494,69.228,0.250,0,1659224,737840,176804,5348960,9124.136,1619.492,0,371.883,0,26.992,6005,4451,1.990,1.490,0.840,1,0,388.878,0,0,14,66,0,17,0
19-01 08:33:51,14.228,17.722,66.645,0,0,1664192,732848,176804,5349324,7725.875,1617.462,0,1262.019,0,14.976,5874,5721,1.990,1.490,0.840,1,0,278.563,0,0,14,66,0,17,0
19-01 08:33:52,26.548,19.785,52.594,0,0,1713292,683716,176816,5348992,45308.106,1622.905,0,120.215,0,5.009,6371,6407,1.990,1.490,0.840,2,0,405.726,0,0,14,66,0,16,0
19-01 08:33:53,29.755,23.754,45.507,0,0,1773232,623560,176840,5349140,42342.585,1620.252,0,296.046,0,6.001,7011,5562,2.070,1.510,0.850,3,0,587.091,0,0,14,66,0,16,0
19-01 08:33:54,31.882,24.658,42.592,0,0,1904520,490760,176884,5350868,7556.938,1614.007,0,1199.546,0,14.945,7455,9534,2.070,1.510,0.850,3,0,466.269,0,0,14,70,0,18,0
19-01 08:33:55,46.602,17.789,35.327,0,0,1978324,416928,176884,5350984,6031.148,1623.539,0,637.390,0,7.015,5293,6372,2.070,1.510,0.850,6,0,225.492,0,0,14,70,0,18,0
19-01 08:33:56,67.334,26.283,6.508,0,0,2119524,275320,176892,5351376,10705.326,1712.131,0,24.030,0,6.007,5609,4887,2.070,1.510,0.850,4,0,591.737,0,0,14,70,0,18,0
19-01 08:33:57,62.577,17.452,18.948,0,0,2198760,195268,176924,5352108,7172.223,1615.545,0,243.329,0,11.967,6178,8681,2.070,1.510,0.850,6,0,226.376,0,0,14,70,0,18,0
19-01 08:33:58,69.305,27.022,2.252,1.251,0,2281836,267508,172940,5202576,8354.663,1459.164,460.367,9299.417,51.041,566.452,6396,6012,2.220,1.550,0.870,6,0,520.415,0,0,14,74,0,18,0
19-01 08:33:59,73.168,19.545,5.012,2.756,0,2424192,173968,171052,5156176,6943.951,1623.730,388.893,8663.902,20.046,891.047,10282,15813,2.220,1.550,0.870,5,0,194.447,0,0,14,74,0,18,0
19-01 08:34:00,65.064,25.178,3.490,5.484,0,2509104,147416,170828,5100048,8876.654,1615.388,889.460,32204.047,51.852,2392.170,17172,26095,2.220,1.550,0.870,5,1,408.833,0,0,14,76,0,17,0
19-01 08:34:01,72.012,24.004,3.000,0.500,0,2625068,188592,170288,4946920,8251.359,1662.274,72.012,6773.115,9.001,446.073,10288,20106,2.220,1.550,0.870,4,0,327.054,0,0,14,84,0,23,0
19-01 08:34:02,62.413,20.804,14.789,0.752,0,2699952,163820,169784,4897708,7551.682,1624.233,312.815,1054.749,38.099,58.152,7544,10914,2.220,1.550,0.870,3,0,396.032,0,0,14,93,0,26,0
19-01 08:34:03,49.195,26.720,23.224,0.250,0,2807028,200112,169452,4758312,8852.079,1712.081,55.937,883.010,6.992,54.938,7819,12382,2.210,1.560,0.880,2,0,512.426,0,0,14,93,0,26,0
19-01 08:34:04,41.694,15.479,41.195,1.248,0,2873824,130364,169452,4761460,11029.286,1617.842,2484.685,731.025,59.920,38.948,6423,7514,2.210,1.560,0.880,2,0,196.738,0,0,14,95,0,23,0
19-01 08:34:05,61.177,12.985,24.221,0.749,0,3019036,122236,169464,4627488,6172.664,1618.077,207.753,3607.712,16.980,193.770,6042,8475,2.210,1.560,0.880,2,0,127.848,0,0,14,98,0,26,0
19-01 08:34:06,24.766,13.509,59.788,0,0,3068896,135660,169480,4565184,8816.564,1711.080,8.005,604.381,2.001,39.025,5295,4611,2.210,1.560,0.880,1,0,227.143,0,0,14,101,0,27,0
19-01 08:34:07,7.511,20.531,70.358,0.250,0,3078584,125916,169480,4565224,5828.908,1622.480,4.006,1097.677,1.002,70.107,5990,4618,2.210,1.560,0.880,1,0,358.548,0,0,14,101,0,27,0
19-01 08:34:08,8.759,19.770,71.071,0,0,3054024,171428,169480,4544616,7813.754,1459.448,0,104.103,0,10.010,5923,4381,2.110,1.550,0.880,2,0,382.379,0,0,14,101,0,25,0
19-01 08:34:09,20.435,5.483,72.769,0.249,0,3127128,143132,169480,4500752,8055.377,1614.863,7.975,0,0.997,0,1980,1345,2.110,1.550,0.880,1,0,24.921,0,0,14,101,0,25,0
19-01 08:34:10,18.058,3.010,78.754,0.251,0,3131120,139140,169480,4500752,13657.130,8099.171,8.026,573.854,2.006,16.052,2665,2767,2.110,1.550,0.880,1,0,0,0,0,14,104,0,25,0
19-01 08:34:11,19.185,5.731,73.751,0.249,0,3151960,118256,169480,4500800,24656.746,17541.770,0,310.950,0,17.939,2577,1874,2.110,1.550,0.880,3,0,63.785,0,0,14,105,0,26,0
19-01 08:34:12,19.254,3.501,75.767,0.250,0,3136236,200396,169480,4435788,12680.822,7284.621,12.003,272.061,3.001,37.008,2361,2227,2.110,1.550,0.880,2,0,3.001,0,0,14,112,0,25,0
19-01 08:34:13,20.758,3.001,74.778,0,0,3140344,195888,169492,4436144,6635.480,2443.914,116.043,540.202,8.003,49.018,2544,2762,2.020,1.540,0.880,1,0,1.000,0,0,14,116,0,25,0
19-01 08:34:14,27.226,5.495,63.444,2.748,0,3151340,184348,169492,4436672,10090.050,2760.551,223.801,18099.945,13.988,1147.982,9201,12391,2.020,1.540,0.880,2,0,2.997,0,0,14,118,0,27,0
19-01 08:34:15,24.002,10.251,64.505,0.250,0,3184200,151424,169492,4436736,7088.594,1686.141,0,2848.238,0,102.009,3947,3505,2.020,1.540,0.880,3,0,115.010,0,0,14,122,0,27,0
19-01 08:34:16,24.772,4.254,70.061,0.250,0,3240272,160012,169492,4373560,15893.841,8124.075,12.010,572.499,3.003,50.044,3044,2923,2.020,1.540,0.880,1,0,3.003,0,0,14,128,0,27,0
19-01 08:34:17,19.736,3.747,73.946,0.749,0,3245412,154724,169492,4373724,11122.887,3440.490,63.953,755.449,2.998,84.938,3536,4266,2.020,1.540,0.880,1,0,1.999,0,0,14,127,0,20,0
19-01 08:34:18,33.763,10.504,55.022,0.250,0,3253124,146956,169492,4373780,9965.913,2815.105,4.002,1108.435,1.000,103.040,4843,4903,2.020,1.550,0.890,2,0,95.037,0,0,14,128,0,21,0
19-01 08:34:19,42.340,8.769,47.351,0.251,0,3380468,147352,169372,4250336,25951.223,3597.656,220.469,460.981,4.009,25.053,3560,3676,2.020,1.550,0.890,3,0,39.083,0,0,14,129,0,21,0
19-01 08:34:20,25.442,7.483,65.851,0,0.249,3364428,163364,169372,4249216,27875.754,21968.157,0,335.239,0,18.957,3425,11070,2.020,1.550,0.890,2,0,56.871,0,0,14,128,0,23,0
19-01 08:34:21,19.241,2.999,76.964,0,0,3414448,174572,169372,4189192,10842.879,3941.139,0,307.855,0,16.992,1812,1327,2.020,1.550,0.890,0,0,0,0,0,14,129,0,22,0
19-01 08:34:22,19.078,5.522,75.055,0.251,0,3344264,244788,169372,4189216,62359.786,21753.531,0,273.111,0,14.057,2736,2021,2.020,1.550,0.890,1,0,51.208,0,0,14,128,0,23,0
19-01 08:34:23,19.184,2.242,77.481,0,0,3388112,200940,169372,4189216,47469.451,4058.930,0,239.171,0,13.952,1757,1188,1.860,1.520,0.880,1,0,0,0,0,14,129,0,23,0
19-01 08:34:24,18.784,4.508,74.887,0.501,0,3362332,226660,169376,4189272,12543.993,6877.607,8.015,893.638,2.004,114.209,3564,3966,1.860,1.520,0.880,2,0,26.048,0,0,14,128,0,24,0
19-01 08:34:25,25.531,8.010,64.829,0.501,0,3401972,186944,169380,4189328,6111.437,1621.974,0,724.882,0,63.077,6497,10032,1.860,1.520,0.880,1,0,87.106,0,0,14,136,0,28,0
19-01 08:34:26,17.217,2.495,79.100,0,0,3365492,223412,169380,4189340,28076.880,23715.132,0,347.343,0,20.960,2043,1829,1.860,1.520,0.880,1,0,7.985,0,0,14,136,0,29,0
19-01 08:34:27,20.723,5.992,72.407,0,0.250,3426872,162020,169380,4189352,8992.493,1617.930,0,311.601,0,17.977,2392,1777,1.860,1.520,0.880,1,0,47.939,0,0,14,136,0,29,0
19-01 08:34:28,16.494,2.249,79.969,0.500,0,3419008,169772,169388,4189456,14247.466,8280.784,83.967,567.779,5.998,55.978,2328,2443,1.790,1.520,0.880,2,0,0,0,0,14,137,0,29,0
19-01 08:34:29,24.847,6.777,65.005,2.008,0,3419224,169140,169392,4189888,10267.221,2871.248,128.503,11195.859,10.039,782.064,7560,10654,1.790,1.520,0.880,2,0,52.205,0,0,14,137,0,31,0
19-01 08:34:30,21.685,4.985,72.284,0.499,0,3460880,189564,169392,4129792,7378.908,1615.164,0,4051.869,0,235.296,2639,2445,1.790,1.520,0.880,1,0,1.994,0,0,14,137,0,31,0
19-01 08:34:31,14.746,1.500,82.478,0.500,0,3465592,184832,169392,4129812,19626.768,11794.856,39.989,843.775,3.999,56.985,2336,2286,1.790,1.520,0.880,1,0,1.000,0,0,14,138,0,31,0
19-01 08:34:32,23.510,6.753,66.777,0.750,0,3453664,196444,169392,4130128,10051.063,1620.655,224.091,2400.970,13.005,216.087,9066,13934,1.790,1.520,0.880,2,0,1.000,0,0,14,138,0,31,0
19-01 08:34:33,25.046,7.764,66.120,0.250,0.250,3367128,282908,169404,4130188,7353.380,2531.607,0,877.597,0,87.159,6467,9024,1.720,1.510,0.880,1,0,69.126,0,0,14,139,0,32,0
19-01 08:34:34,19.205,1.746,78.316,0,0,3389916,259988,169404,4130320,14383.168,7272.893,0,371.127,0,19.953,1813,1374,1.720,1.510,0.880,1,0,0,0,0,14,140,0,32,0
19-01 08:34:35,16.302,7.524,73.483,1.254,0,3339856,309944,169408,4130420,15329.623,5548.599,48.153,3579.353,2.006,412.308,5215,5199,1.720,1.510,0.880,1,0,147.468,0,0,14,141,0,33,0
19-01 08:34:36,21.241,4.748,73.219,0.250,0,3407896,241904,169408,4130420,8022.575,1619.309,0,535.771,0,31.986,1974,1413,1.720,1.510,0.880,1,0,0,0,0,14,141,0,33,0
19-01 08:34:37,13.470,2.495,83.816,0,0,3411112,238668,169412,4130436,20478.979,13052.306,0,518.859,0,32.928,2332,2254,1.720,1.510,0.880,2,0,0.998,0,0,14,142,0,33,0
19-01 08:34:38,25.239,4.748,67.471,0.500,0,3412608,237124,169416,4130480,7387.833,1619.306,0,1259.460,0,132.943,8063,12999,1.750,1.510,0.890,1,0,0,0,0,14,142,0,33,0
19-01 08:34:39,25.569,8.272,63.924,0.501,0,3412444,237136,169416,4130616,10465.405,3152.557,32.087,1431.886,2.005,114.310,10290,16596,1.750,1.510,0.890,3,0,3.008,0,0,14,141,0,33,1
19-01 08:34:40,32.143,13.954,52.327,0.748,0,3409480,239996,169420,4130672,7847.981,2248.545,15.947,1921.629,0.997,163.458,7846,10167,1.750,1.510,0.890,1,0,285.055,0,0,14,141,0,34,0
19-01 08:34:41,19.022,3.254,76.839,0.250,0,3454796,194468,169420,4130884,12037.971,7512.719,8.009,568.660,2.002,37.043,2085,1653,1.750,1.510,0.890,2,0,0,0,0,14,142,0,33,0
19-01 08:34:42,15.265,10.010,72.321,0,0,3439012,210224,169424,4130908,10202.048,3197.149,0,588.580,0,28.028,4029,3002,1.750,1.510,0.890,1,0,176.174,0,0,14,141,0,34,0
19-01 08:34:43,9.997,20.244,68.231,0.250,0,3387616,261572,169424,4130956,10791.939,1619.541,0,603.829,0,34.990,6145,4919,1.770,1.520,0.900,1,0,399.887,0,0,14,141,0,34,0
19-01 08:34:44,19.789,15.030,64.378,0.751,0,3361596,287580,169424,4130968,6738.388,1623.225,4.008,5134.200,1.002,319.635,7784,10373,1.770,1.520,0.900,2,0,203.404,0,0,14,141,0,34,0
19-01 08:34:45,30.490,21.993,45.985,0,0,3403888,245244,169428,4131012,10929.346,1689.435,0,211.929,0,15.995,6549,5226,1.770,1.520,0.900,2,0,472.842,0,0,14,141,0,34,0
19-01 08:34:46,33.705,18.476,45.939,0,0,3450560,198096,169440,4131652,6955.794,1551.946,27.963,455.397,2.996,32.956,6957,8176,1.770,1.520,0.900,1,0,347.540,0,0,14,147,0,34,0
19-01 08:34:47,43.241,18.996,37.242,0.250,0,3520720,187848,169444,4073396,9011.093,1619.657,91.981,595.874,4.999,35.992,6933,9754,1.770,1.520,0.900,5,0,427.909,0,0,16,147,0,34,0
19-01 08:34:48,57.569,27.783,14.517,0,0,3676920,148280,169444,3960212,8536.170,1621.932,20.024,572.682,4.005,47.056,7665,10704,2.750,1.730,0.970,3,0,522.623,0,0,16,153,0,34,0
19-01 08:34:49,56.275,18.258,24.511,0,0,3749456,171440,169244,3865924,5497.442,1620.720,24.011,444.197,3.001,30.013,7374,12555,2.750,1.730,0.970,3,0,269.120,0,0,16,169,0,34,0
19-01 08:34:50,36.715,22.728,39.212,0.500,0,3812276,147632,169228,3827104,10316.029,1654.401,0,10122.217,0,813.214,8728,5807,2.750,1.730,0.970,4,0,569.450,0,0,16,169,0,34,0
19-01 08:34:51,21.950,22.199,54.375,0,0,3843632,166488,169240,3777724,8689.012,1616.282,11.972,347.201,2.993,20.952,6841,7205,2.750,1.730,0.970,2,0,411.054,0,0,17,169,0,34,0
19-01 08:34:52,25.588,15.052,58.703,0,0,3879848,130248,169240,3777296,44408.424,1625.616,4.014,160.555,1.003,12.042,5850,6130,2.750,1.730,0.970,2,0,259.898,0,0,17,169,0,34,0
19-01 08:34:53,29.724,25.977,44.212,0.250,0,3920384,138324,169240,3729480,42138.472,1688.536,7.993,371.678,1.998,28.975,6739,5528,2.690,1.740,0.970,4,0,462.599,0,0,17,169,0,34,0
19-01 08:34:54,44.792,18.017,36.034,0,0,4021364,134176,168992,3634616,10488.754,1621.508,148.138,480.447,5.005,28.026,8392,12291,2.690,1.740,0.970,2,0,243.226,0,0,17,181,0,34,0
19-01 08:34:55,29.241,25.492,43.487,0.500,0,4088120,119076,168992,3584076,8124.546,1565.527,47.986,383.884,2.999,23.993,7047,5991,2.690,1.740,0.970,2,0,606.817,0,0,17,181,0,34,0
19-01 08:34:56,31.988,25.741,40.985,0.250,0,4153120,126532,168992,3513376,7380.285,1565.424,23.991,615.773,5.998,52.981,8770,10817,2.690,1.740,0.970,1,0,553.796,0,0,17,193,0,34,0
19-01 08:34:57,12.659,20.850,64.537,0.496,0,4168128,138968,168992,3487112,8192.259,1608.467,0,528.213,0,38.722,6857,6609,2.690,1.740,0.970,1,0,366.373,0,0,17,193,0,34,0
19-01 08:34:58,25.857,14.560,58.994,0,0,4192504,156080,168992,3445964,9352.654,1626.723,4.017,534.208,1.004,24.100,5733,6356,2.630,1.740,0.980,3,0,192.797,0,0,17,193,0,32,0
19-01 08:34:59,47.498,8.250,43.748,0,0,4325976,194032,168992,3277980,7378.654,1565.927,19.999,519.976,5.000,58.997,4079,3250,2.630,1.740,0.980,2,0,10.000,0,0,17,209,0,32,0
19-01 08:35:00,43.461,6.994,47.208,1.249,0,4424808,132784,169000,3241476,8751.163,1708.470,91.918,3924.486,7.993,111.900,3538,1889,2.630,1.740,0.980,3,0,5.995,0,0,17,212,0,32,0
19-01 08:35:01,26.852,17.316,54.959,0.502,0,4358552,198580,169004,3241932,9618.647,1626.196,160.612,489.866,6.023,33.126,5821,5711,2.630,1.740,0.980,2,0,355.354,0,0,17,213,0,32,0
19-01 08:35:02,32.984,24.488,40.980,0.250,0,4392148,163636,169004,3243264,14983.769,7340.458,271.869,391.811,4.998,32.984,7837,10113,2.630,1.740,0.980,2,0,530.744,0,0,17,216,0,26,0
19-01 08:35:03,44.759,21.504,31.006,2.000,0,4381300,201936,169008,3216168,13032.534,4689.912,1156.225,508.099,22.004,36.007,7568,9645,2.900,1.810,1.010,3,0,270.052,0,0,17,221,0,27,0
19-01 08:35:04,69.721,15.494,11.745,2.999,0,4526924,142468,169012,3131712,7761.751,3534.520,739.690,1103.538,16.993,23.990,4992,4551,2.900,1.810,1.010,2,0,141.941,0,0,17,229,0,27,0
19-01 08:35:05,58.823,12.015,21.527,6.758,0,4613204,157100,169016,3033252,14268.726,9853.241,1926.393,973.209,72.090,42.052,5119,4884,2.900,1.810,1.010,5,0,23.029,0,0,17,237,0,27,0
19-01 08:35:06,64.494,12.249,15.499,7.249,0,4610848,150208,169016,3042484,10440.060,2358.788,5327.520,2159.805,290.974,118.989,6840,8352,2.900,1.810,1.010,4,0,53.995,0,0,17,237,0,26,0
19-01 08:35:07,33.238,25.991,39.986,0,0,4647852,164988,169016,2991868,14576.838,8678.926,0,267.905,0,18.993,7613,7755,2.900,1.810,1.010,4,0,515.817,0,0,17,238,0,26,0
19-01 08:35:08,36.943,18.472,42.185,0.998,0,4615088,196668,169016,2992924,13607.180,5407.726,119.817,19665.910,5.991,1027.428,9120,9724,3.310,1.910,1.040,4,0,258.604,0,0,17,237,0,27,0
19-01 08:35:09,56.055,27.777,16.266,0,0,4728972,155516,169016,2921728,12972.690,7421.260,8.008,620.607,2.002,38.037,6984,7401,3.310,1.910,1.040,5,0,496.486,0,0,17,242,0,27,0
19-01 08:35:10,55.694,20.979,20.230,2.497,0,4707712,209800,169016,2890808,13651.252,6801.151,1278.712,963.030,51.948,45.954,7533,9577,3.310,1.910,1.040,4,0,321.676,0,0,17,243,0,27,0
19-01 08:35:11,59.366,25.049,14.779,0,0,4821300,130816,169024,2856364,6975.611,1713.343,116.227,869.697,11.022,55.108,8301,12391,3.310,1.910,1.040,3,0,430.841,0,0,17,245,0,30,0
19-01 08:35:12,49.964,22.484,24.233,1.999,0,4858128,171892,169024,2781280,16916.879,12469.066,175.874,1007.278,9.993,72.948,8695,12778,3.310,1.910,1.040,12,0,383.725,0,0,17,247,0,33,0
19-01 08:35:13,61.036,19.930,16.442,1.495,0,4895388,159052,169024,2756940,10089.694,1614.351,438.466,482.312,27.902,25.909,6124,7779,3.290,1.930,1.050,4,0,195.317,0,0,17,253,0,33,0
19-01 08:35:14,61.071,12.962,24.927,0.249,0,5017992,134556,169024,2660756,17419.919,11721.628,889.392,757.778,12.962,20.939,6896,17872,3.290,1.930,1.050,1,0,8.974,0,0,17,255,0,32,0
19-01 08:35:15,57.565,12.066,27.652,3.017,0,5053168,185892,169028,2575452,17502.921,8943.010,977.356,4528.819,81.446,132.727,7037,8212,3.290,1.930,1.050,2,1,20.110,0,0,17,262,0,37,0
19-01 08:35:16,52.777,11.006,32.016,3.502,0,5084880,153600,169052,2576024,18350.272,9707.905,1424.720,892.451,32.016,77.039,5613,4738,3.290,1.930,1.050,6,0,98.050,0,0,17,268,0,38,0
19-01 08:35:17,47.295,28.527,19.769,3.754,0,5093204,141364,169312,2579644,12651.158,6780.516,4404.232,1380.326,73.070,71.068,8786,10797,3.290,1.930,1.050,3,0,525.505,0,0,17,267,0,40,0
19-01 08:35:18,51.419,23.463,24.461,0.250,0,5079852,154348,169312,2580380,15312.861,7398.338,782.766,946.508,6.989,35.943,7632,9461,3.420,1.980,1.080,3,0,346.454,0,0,17,268,0,37,0
19-01 08:35:19,68.582,17.022,12.828,1.480,0,5083032,150676,169312,2580820,13875.270,6715.114,1042.051,931.531,30.591,43.419,6060,5143,3.420,1.980,1.080,4,1,167.754,0,0,18,270,0,38,0
19-01 08:35:20,80.903,14.202,2.029,2.790,0,5199412,155156,168852,2463252,6692.401,2266.306,3420.763,779.106,184.632,50.723,6675,15958,3.420,1.980,1.080,4,0,46.665,0,0,18,275,0,40,0
19-01 08:35:21,75.422,10.489,11.988,1.498,0,5266752,144464,168856,2408264,19749.657,11920.721,1542.411,5258.584,70.927,432.554,7912,8030,3.420,1.980,1.080,5,0,11.988,0,0,18,276,0,41,0
19-01 08:35:22,56.349,17.280,25.294,1.002,0,5286920,155004,168856,2378180,41774.055,2109.689,1029.801,13900.309,25.044,1222.137,8749,8446,3.420,1.980,1.080,2,0,226.396,0,0,18,281,0,39,0
19-01 08:35:23,34.836,7.216,56.235,0,0,5316048,157728,168864,2347232,52632.539,10396.920,517.557,8957.714,5.972,51.756,3642,2641,3.230,1.970,1.080,2,0,8.958,0,0,18,284,0,39,0
19-01 08:35:24,37.091,9.523,52.379,0.251,0,5305936,167764,168864,2347308,29242.790,9001.097,818.008,589.447,9.022,44.108,4456,4517,3.230,1.970,1.080,2,0,12.030,0,0,18,287,0,40,0
19-01 08:35:25,40.263,7.753,50.767,0.250,0,5304288,158264,168864,2358440,11488218.134,80072.138,512.167,492.161,4.001,38.012,7372,4116,3.230,1.970,1.080,2,0,7.002,0,0,18,289,0,40,0
19-01 08:35:26,26.925,14.958,55.097,0.997,0,5265856,189444,168864,2365676,5095723.975,35793.404,2285.640,721.991,26.925,58.836,7214,5499,3.230,1.970,1.080,3,0,263.267,0,0,18,291,0,36,0
19-01 08:35:27,39.029,5.504,54.290,0.250,0,5359408,126200,168864,2336380,12616.400,9188.846,0,376.280,0,33.025,3579,2667,3.230,1.970,1.080,1,0,1.001,0,0,18,293,0,36,0
19-01 08:35:28,34.701,3.745,60.166,0,0,5295152,190056,168864,2336784,23175.570,14109.257,223.687,1605.753,10.985,61.913,5159,6310,3.130,1.970,1.080,6,0,0.999,0,0,18,296,0,39,0
19-01 08:35:29,4.252,3.001,89.541,0.750,0,5299008,185852,168864,2337132,418672.607,16398675.760,324.148,584.266,18.008,46.021,3947,3011,3.130,1.970,1.080,0,0,37.017,0,0,18,295,0,40,0
19-01 08:35:30,1.501,0.750,95.805,0,0,5287960,196900,168864,2337132,9452.426,1512.868,0,288.165,0,17.010,1338,1864,3.130,1.970,1.080,1,0,0,0,0,18,295,0,37,0
19-01 08:35:31,2.749,1.250,93.219,1.250,0,5288164,196676,168864,2337156,6521.842,1619.464,3.999,4354.559,1.000,332.890,2501,3058,3.130,1.970,1.080,0,0,1.000,0,0,18,295,0,37,0
19-01 08:35:32,22.018,4.003,72.558,0.250,0,5278080,190628,168868,2353252,16531722.799,114995.646,64.052,824.664,4.003,79.064,11156,10684,3.130,1.970,1.080,0,0,3.002,0,0,18,300,0,39,0
19-01 08:35:33,11.529,16.792,69.422,1.754,0,5210984,257644,168868,2353332,9091.486,1954.835,60.149,272.674,4.010,18.045,5808,4990,2.960,1.950,1.080,1,0,390.967,0,0,18,299,0,40,0
19-01 08:35:34,21.182,6.978,69.527,0,0,5294220,174304,168868,2353420,10022.901,1614.828,15.949,16259.927,0.997,38.875,2976,2599,2.960,1.950,1.080,1,0,76.754,0,0,18,301,0,39,0
19-01 08:35:35,14.274,14.024,70.620,0,0,5267272,201240,168868,2353432,6827.594,1664.827,0,885.504,0,60.102,4987,4150,2.960,1.950,1.080,2,0,244.415,0,0,18,305,0,39,0
19-01 08:35:36,9.266,20.786,69.120,0.250,0,5262204,206140,168868,2353600,5779.017,1622.813,96.167,180.313,6.010,17.030,6389,5477,2.960,1.950,1.080,1,0,403.700,0,0,18,305,0,39,0
19-01 08:35:37,1.993,1.495,95.425,0.249,0,5255060,213284,168868,2353600,9336.154,1614.493,0,143.510,0,10.963,1477,1915,2.960,1.950,1.080,0,0,24.915,0,0,18,305,0,39,0
19-01 08:35:38,21.008,5.002,72.028,0,0,5306680,161664,168868,2353600,9152.517,1458.560,0,160.062,0,24.009,2479,2188,2.800,1.930,1.080,1,0,9.003,0,0,18,305,0,39,0
19-01 08:35:39,19.262,2.251,78.299,0,0,5286972,181188,168868,2353784,17990.229,10574.601,64.040,0,4.002,0,2632,2647,2.800,1.930,1.080,2,0,9.006,0,0,18,309,0,39,0
19-01 08:35:40,12.041,15.804,70.490,0.251,0,5285332,182556,168872,2354020,9613.761,1625.539,16.055,4.014,4.014,1.003,5637,4332,2.800,1.930,1.080,2,0,242.827,0,0,18,309,0,39,0
19-01 08:35:41,12.253,17.004,69.518,0,0,5240532,227152,168872,2354192,8665.291,1690.447,0,260.069,0,27.007,6157,5072,2.800,1.930,1.080,1,0,250.066,0,0,18,311,0,39,0
19-01 08:35:42,20.234,7.994,69.695,1.249,0.250,5280924,186500,168872,2354436,10170.910,1618.713,35.971,5671.489,2.998,687.453,4465,3402,2.800,1.930,1.080,3,0,102.918,0,0,18,313,0,39,0
19-01 08:35:43,23.653,3.237,71.955,0,0,5340812,126608,168872,2354440,6020.337,1613.391,103.576,191.217,0.996,13.943,2415,2200,2.660,1.920,1.080,1,0,0,0,0,18,313,0,37,0
19-01 08:35:44,24.389,2.738,70.430,0.747,0,5245892,251320,168872,2325372,6650.757,1654.477,262.805,358.370,10.950,37.828,3026,2769,2.660,1.920,1.080,1,0,9.955,0,0,18,315,0,37,0
19-01 08:35:45,24.113,3.265,71.585,0.502,0,5297536,199636,168872,2325412,9885.217,1627.610,24.113,598.800,5.023,37.174,2631,2366,2.660,1.920,1.080,1,0,0,0,0,18,315,0,37,0
19-01 08:35:46,21.516,4.503,73.054,0.250,0,5351024,145964,168872,2325596,12888.482,3578.633,48.035,252.186,3.002,30.022,2814,2524,2.660,1.920,1.080,0,0,4.003,0,0,18,318,0,37,0
19-01 08:35:47,12.999,1.500,82.991,0,0,5346744,150228,168872,2325612,26803.172,18619.036,0,327.965,0,25.997,2911,3096,2.660,1.920,1.080,1,0,3.000,0,0,18,321,0,39,0
19-01 08:35:48,22.983,6.245,70.447,0.250,0,5279116,217852,168872,2325620,8896.332,1510.868,0,171.871,0,8.993,2656,2014,2.520,1.900,1.080,1,0,20.984,0,0,18,315,0,39,0
19-01 08:35:49,25.015,2.251,71.792,0,0,5296880,200088,168872,2325620,9819.794,1620.956,0,160.094,0,19.011,2315,1614,2.520,1.900,1.080,2,0,0,0,0,18,315,0,39,0
19-01 08:35:50,9.272,19.046,69.920,0.501,0,5273440,223328,168880,2325812,8520.663,1623.938,441.070,232.564,9.022,3.007,5948,4804,2.520,1.900,1.080,2,0,362.880,0,0,18,315,0,39,0
19-01 08:35:51,16.759,11.256,70.286,0.750,0,5307924,188700,168880,2325960,6551.349,1620.828,12.006,324.166,2.001,15.008,4693,4021,2.520,1.900,1.080,0,1,223.114,0,0,18,315,0,39,0
19-01 08:35:52,18.940,3.240,75.761,0.498,0,5334768,161664,169016,2326016,46407.645,2948.701,175.447,446.592,8.972,29.906,2751,2581,2.520,1.900,1.080,1,0,30.903,0,0,18,316,0,39,0
19-01 08:35:53,23.256,2.501,73.019,0.500,0,5334124,155376,169268,2332552,45703.922,2627.685,12.003,856.223,3.001,18.005,2386,1904,2.400,1.890,1.080,1,0,1.000,0,0,18,315,0,39,0
19-01 08:35:54,17.749,3.250,78.494,0,0,5358044,131440,169276,2332560,15699.858,4550.669,4.000,487.964,1.000,12.999,2343,2101,2.400,1.890,1.080,0,0,19.999,0,0,18,316,0,39,0
19-01 08:35:55,24.346,3.514,70.026,0.251,0,5351016,131824,169856,2338492,10711.214,1867.359,0,1220.811,0,34.135,8139,14121,2.400,1.890,1.080,1,0,6.024,0,0,18,315,0,39,0
19-01 08:35:56,17.928,4.482,75.697,0.249,0,5332904,149376,169900,2338992,13545.819,3771.913,23.904,16330.680,3.984,45.817,4496,6685,2.400,1.890,1.080,3,0,7.968,0,0,18,316,0,39,0
19-01 08:35:57,21.832,6.775,69.260,0.753,0,5347944,133884,169964,2339380,10450.245,2296.625,28.106,578.171,4.015,22.083,11198,19682,2.400,1.890,1.080,1,0,20.075,0,0,18,316,0,39,0
19-01 08:35:58,21.209,4.990,72.359,0,0,5274972,218524,170052,2327700,8613.243,1790.517,3.992,1992.124,0.998,281.452,3119,2263,2.370,1.890,1.080,1,0,23.953,0,0,18,315,0,39,0
19-01 08:35:59,14.471,13.473,70.109,0,0,5317120,176356,170052,2327720,6640.624,1616.743,0,0,0,0,4549,3885,2.370,1.890,1.080,1,0,241.514,0,0,18,315,0,39,0
19-01 08:36:00,20.746,2.250,75.984,0,0,5349696,143596,170052,2327904,11403.624,3868.194,0,0,0,0,2220,1877,2.370,1.890,1.080,1,0,0,0,0,18,316,0,39,0
19-01 08:36:01,22.504,8.252,67.513,0.500,0,5311776,181312,170052,2328108,17879.379,9665.827,48.009,880.166,3.001,47.009,5466,7307,2.370,1.890,1.080,2,0,114.022,0,0,18,317,0,42,0
19-01 08:36:02,24.341,5.019,69.258,0.502,0,5347336,173420,170052,2301156,6856.497,2242.339,176.657,3059.377,9.034,231.862,3711,3541,2.370,1.890,1.080,1,0,1.004,0,0,18,318,0,42,0
19-01 08:36:03,18.178,4.980,74.954,0,0,5319920,200816,170052,2301176,17752.798,9647.848,0,406.393,0,28.886,3424,3374,2.260,1.880,1.080,1,0,70.720,0,0,18,319,0,42,0
19-01 08:36:04,22.008,3.001,74.025,0.500,0,5352688,168048,170052,2301176,11140.828,3591.234,0,220.076,0,13.004,2353,2019,2.260,1.880,1.080,0,0,0,0,0,18,320,0,42,0
19-01 08:36:05,17.315,5.019,76.034,0,0,5343836,176884,170052,2301192,20732.390,12757.622,0,216.809,0,13.049,3093,2849,2.260,1.880,1.080,1,0,56.210,0,0,18,319,0,43,0
19-01 08:36:06,22.423,3.986,73.248,0,0,5384760,135952,170052,2301200,10914.376,3042.512,0,203.299,0,9.966,2270,1997,2.260,1.880,1.080,1,0,0,0,0,18,320,0,43,0
19-01 08:36:07,17.494,4.748,76.223,0,0,5372900,147640,170052,2301372,14720.830,10268.394,159.944,795.721,9.996,12.995,2918,2563,2.260,1.880,1.080,1,0,32.988,0,0,18,319,0,41,0
19-01 08:36:08,22.269,3.503,73.314,0,0,5357364,163044,170052,2301504,9521.335,3085.701,0,164.144,0,9.008,2308,1815,2.080,1.840,1.080,1,0,0,0,0,18,320,0,41,0
19-01 08:36:09,13.492,1.999,82.702,0.500,0.250,5349652,170748,170052,2301512,18404.352,11064.599,0,339.803,0,32.981,2681,2880,2.080,1.840,1.080,1,0,0,0,0,18,319,0,42,0
19-01 08:36:10,21.823,5.518,71.990,0,0,5368408,151984,170052,2301520,5310.722,1625.424,0,184.616,0,12.040,2718,2354,2.080,1.840,1.080,1,0,47.157,0,0,18,319,0,42,0
19-01 08:36:11,17.943,2.741,77.502,0,0,5364140,156232,170052,2301540,19954.245,11894.995,0,307.019,0,27.911,2664,2681,2.080,1.840,1.080,1,0,0,0,0,18,319,0,40,0
19-01 08:36:12,21.486,6.496,70.705,0.250,0,5318232,202044,170052,2301636,6518.875,1618.976,79.949,795.497,3.997,57.963,3027,2869,2.080,1.840,1.080,1,0,31.980,0,0,18,319,0,40,0
19-01 08:36:13,16.568,2.259,80.328,0,0,5334100,186168,170052,2301644,21293.967,9857.258,0,144.591,0,11.045,2337,2293,2.070,1.850,1.080,1,0,0,0,0,18,323,0,40,0
19-01 08:36:14,16.931,6.972,73.950,0.498,0,5297740,222512,170052,2301660,10039.312,4267.703,0,2298.684,0,359.543,4160,3510,2.070,1.850,1.080,1,0,87.645,0,0,18,321,0,41,0
19-01 08:36:15,19.249,2.750,76.496,0.250,0,5315836,204408,170052,2301668,11688.464,7235.668,0,187.991,0,10.000,2304,2132,2.070,1.850,1.080,2,0,0,0,0,18,322,0,33,0
19-01 08:36:16,21.256,6.252,71.772,0.250,0,5301168,219060,170052,2301684,26799.035,18203.458,4.001,432.130,1.000,34.010,3273,2970,2.070,1.850,1.080,2,0,48.014,0,0,18,321,0,35,0
19-01 08:36:17,19.739,2.998,75.956,0,0,5345988,174228,170052,2301696,13675.160,7339.792,0,215.876,0,20.988,2431,2458,2.070,1.850,1.080,1,0,1.999,0,0,18,322,0,35,0
19-01 08:36:18,20.757,4.001,73.775,0.250,0,5342268,177784,170052,2301860,13024.386,4764.604,160.054,120.040,10.003,9.003,2639,2413,1.990,1.830,1.080,1,0,14.005,0,0,18,321,0,37,0
19-01 08:36:19,20.002,2.500,76.007,0.250,0,5333364,186676,170052,2301872,13505.187,7344.645,0,124.011,0,8.001,2301,2096,1.990,1.830,1.080,2,0,0,0,0,18,322,0,33,0
19-01 08:36:20,27.013,6.253,64.782,0.750,0,5294092,223352,170052,2304472,12281.101,3699.838,2385.185,1128.561,96.048,157.078,6057,13894,1.990,1.830,1.080,2,0,43.021,0,0,18,323,0,35,0
19-01 08:36:21,23.500,4.500,71.501,0,0,5321252,196192,170052,2304472,7738.063,1620.013,0,592.005,0,41.000,2417,2222,1.990,1.830,1.080,1,0,0,0,0,18,323,0,35,0
19-01 08:36:22,15.276,3.005,79.884,0.250,0,5321452,195972,170052,2304492,51077.747,11197.798,0,821.379,0,61.103,3177,3641,1.990,1.830,1.080,1,0,0,0,0,18,324,0,35,0
19-01 08:36:23,19.282,10.768,68.364,0.751,0,5284668,232576,170052,2304672,42069.019,2742.565,128.213,1073.787,6.010,88.147,5983,6761,2.070,1.850,1.090,1,0,225.375,0,0,18,323,0,36,0
19-01 08:36:24,8.993,22.981,66.196,0,0,5266264,250948,170052,2304704,8975.691,1618.682,0,839.317,0,67.945,7573,7018,2.070,1.850,1.090,1,0,688.439,0,0,18,323,0,32,0
19-01 08:36:25,9.504,22.759,67.277,0,0,5259204,257968,170056,2304740,8455.369,1620.646,0,532.212,0,42.017,7256,6394,2.070,1.850,1.090,2,0,617.246,0,0,18,323,0,32,0
19-01 08:36:26,9.259,22.521,67.062,0.500,0,5257504,259636,170056,2304772,9642.928,1621.501,0,2686.487,0,166.154,7703,7038,2.070,1.850,1.090,2,0,623.577,0,0,18,323,0,32,0
19-01 08:36:27,8.725,22.435,66.806,0,0,5269824,247288,170056,2304800,8095.523,1615.316,0,211.387,0,19.942,7008,6069,2.070,1.850,1.090,2,0,570.346,0,0,18,323,0,32,0
19-01 08:36:28,8.515,22.791,68.123,0,0,5272036,245044,170056,2304832,9228.716,1622.940,0,44.080,0,11.020,6909,6062,1.980,1.840,1.090,1,0,558.011,0,0,18,323,0,30,0
19-01 08:36:29,11.216,17.697,68.544,0.997,0,5282592,234184,170056,2305136,11804.568,1615.152,263.210,147.557,20.937,12.961,5945,5043,1.980,1.840,1.090,4,0,404.785,0,0,18,323,0,30,0
19-01 08:36:30,14.553,9.284,70.758,4.767,0,5287516,336736,170148,2209580,7285.606,1571.740,971.548,3721.591,113.414,320.169,3344,3164,1.980,1.840,1.090,1,0,42.154,0,0,18,323,0,30,0
19-01 08:36:31,24.443,2.993,70.336,0.249,0,5305784,314344,170212,2213632,9219.499,1616.231,15.963,2031.263,2.993,56.867,3043,2913,1.980,1.840,1.090,1,0,17.958,0,0,18,323,0,30,0
19-01 08:36:32,12.730,1.997,81.873,2.496,0,5309492,310144,170212,2214120,17663.541,7511.323,159.752,5243.848,19.969,122.809,2288,2301,1.980,1.840,1.090,0,0,0.998,0,0,18,324,0,26,0
19-01 08:36:33,12.998,1.000,82.239,2.000,0,5319928,298804,170212,2215040,18444.510,9454.724,771.896,1071.855,50.993,39.995,1999,1950,1.900,1.820,1.090,1,0,0,0,0,18,324,0,26,0
19-01 08:36:34,12.252,1.500,83.013,2.750,0,5328620,289256,170212,2215896,22122.525,10221.629,428.068,1056.168,43.007,34.005,1966,1960,1.900,1.820,1.090,0,0,0,0,0,18,324,0,26,0
19-01 08:36:35,15.258,1.251,79.289,2.251,0,5347628,269096,170212,2217048,18409.116,7239.585,1040.515,1056.523,43.021,42.021,2283,2176,1.900,1.820,1.090,1,0,0,0,0,18,324,0,26,0
19-01 08:36:36,12.752,1.000,83.262,1.500,0,5346996,269096,170212,2217680,23665.291,10177.415,464.065,1036.144,51.007,33.005,1988,1913,1.900,1.820,1.090,1,0,0,0,0,18,324,0,23,0
19-01 08:36:37,12.995,1.749,82.471,1.999,0.250,5360908,254240,170212,2218620,21793.285,9378.680,647.771,1207.573,37.987,31.989,2029,1920,1.900,1.820,1.090,1,1,1.000,0,0,18,324,0,23,0
19-01 08:36:38,11.498,1.500,78.739,7.499,0,5361972,227024,170216,2244768,13516.050,6365.082,13146.104,599.913,149.978,18.997,2065,2025,1.830,1.810,1.090,1,0,0,0,0,18,324,0,23,0
19-01 08:36:39,21.995,3.749,71.733,1.500,0,5368236,201332,170564,2263808,9431.823,1619.626,2407.444,1671.614,24.994,59.986,2670,2308,1.830,1.810,1.090,1,0,1.000,0,0,18,324,0,23,0
19-01 08:36:40,23.757,2.251,72.021,0.500,0,5372840,180680,170844,2279268,7880.315,1512.444,32.009,1532.450,1.000,41.012,2673,2499,1.830,1.810,1.090,1,0,0,0,0,18,324,0,22,0
19-01 08:36:41,25.574,3.009,69.952,1.003,0.251,5377440,158536,170964,2296456,6201.936,1624.699,0,1720.977,0,89.258,2919,2810,1.830,1.810,1.090,1,0,0,0,0,18,324,0,22,0
19-01 08:36:42,24.777,4.505,67.573,1.251,0,5385608,160988,171224,2286660,9767.492,1621.742,0,5449.854,0,257.276,3630,3480,1.830,1.810,1.090,2,0,2.002,0,0,18,324,0,22,0
19-01 08:36:43,40.598,8.717,48.817,0.747,0,5428260,131864,171700,2274256,9566.091,1613.942,876.709,2299.369,6.974,86.675,3927,2690,1.840,1.810,1.100,2,0,6.974,0,0,18,324,0,22,0
19-01 08:36:44,32.244,4.999,61.488,0.500,0,5326040,243768,172088,2264000,9546.152,1793.653,255.950,2563.504,2.000,99.981,3210,2467,1.840,1.810,1.100,5,0,3.999,0,0,18,323,0,22,0
19-01 08:36:45,21.836,4.769,72.536,0.251,0,5332144,237636,172088,2264016,42378.236,2163.538,0,4.016,0,1.004,2928,2098,1.840,1.810,1.100,1,0,34.135,0,0,18,324,0,22,0
19-01 08:36:46,18.746,2.749,76.984,0.750,0,5307660,255536,172088,2270536,11472.644,3471.287,0,2823.420,0,201.959,2660,2329,1.840,1.810,1.100,1,0,2.999,0,0,18,323,0,22,0
19-01 08:36:47,17.190,3.488,77.480,0,0,5336492,226692,172088,2270548,17917.544,4600.962,0,753.374,0,29.896,2612,2605,1.840,1.810,1.100,1,0,18.934,0,0,18,324,0,22,0
19-01 08:36:48,24.056,6.515,67.908,0.251,0,5340060,216768,172088,2276772,39153.097,1954.548,0,998.323,0,21.049,10671,18834,1.780,1.800,1.090,1,0,20.047,0,0,18,323,0,20,0
19-01 08:36:49,22.955,5.988,68.365,0,0,5351964,204544,172144,2277036,11115.056,1509.021,0,1816.414,0,16.967,10388,18876,1.780,1.800,1.090,1,0,12.974,0,0,18,323,0,20,0
19-01 08:36:50,21.313,6.268,71.962,0.251,0,5300136,269384,172188,2264152,7898.283,1624.790,16.047,1171.453,1.003,25.074,2717,2498,1.780,1.800,1.090,1,0,8.024,0,0,18,323,0,20,0
19-01 08:36:51,23.266,5.003,69.548,0,0,5277724,291856,172192,2264152,25535.515,1567.075,0,656.450,0,31.021,8511,13653,1.780,1.800,1.090,3,0,54.037,0,0,18,323,0,20,0
19-01 08:36:52,22.926,4.486,70.522,0,0,5304660,264892,172196,2264176,44724.640,1614.788,3.987,151.511,0.997,8.971,4959,7279,1.780,1.800,1.090,3,0,25.916,0,0,18,323,0,20,0
19-01 08:36:53,19.974,2.497,76.651,0.250,0,5314144,249036,172268,2270428,46313.909,4045.751,3.995,1138.523,0.999,29.961,2495,2371,1.710,1.790,1.090,2,0,10.986,0,0,18,323,0,20,0
19-01 08:36:54,18.004,2.751,78.015,0.250,0,5322140,240720,172284,2270716,14350.806,4485.877,0,524.102,0,11.002,2319,2054,1.710,1.790,1.090,0,0,20.004,0,0,18,324,0,20,0
19-01 08:36:55,23.809,5.012,69.671,0.251,0,5326024,230272,172584,2276824,10952.937,1864.586,0,1206.968,0,27.067,9898,18081,1.710,1.790,1.090,2,0,11.027,0,0,18,323,0,20,0
19-01 08:36:56,23.456,6.488,67.624,0,0,5320596,235312,172584,2277212,7096.756,1616.982,0,990.152,0,119.776,10634,18913,1.710,1.790,1.090,1,0,15.970,0,0,18,323,0,20,0
19-01 08:36:57,21.496,6.499,71.736,0.250,0,5291860,277220,172600,2264200,14989.167,1619.694,0,603.886,0,17.997,2659,2131,1.710,1.790,1.090,1,0,8.998,0,0,18,323,0,20,0
19-01 08:36:58,24.249,3.000,71.746,0,0,5302664,266392,172600,2264224,7805.604,1565.921,0,11.999,0,3.000,2601,1986,1.660,1.770,1.090,1,0,20.999,0,0,18,323,0,20,0
19-01 08:36:59,21.245,6.499,70.734,0,0,5311148,251212,172812,2270708,10125.705,1619.633,0,1435.675,0,18.996,3729,3412,1.660,1.770,1.090,1,0,96.978,0,0,18,323,0,20,0
19-01 08:37:00,24.250,3.000,71.500,0,0,5284328,273960,172888,2274608,8764.948,1619.990,0,1027.994,0,20.000,2716,2514,1.660,1.770,1.090,2,0,16.000,0,0,18,323,0,20,0
19-01 08:37:01,14.252,1.500,82.513,0.500,0,5293404,264568,172896,2274900,17619.773,8192.290,4.001,1060.167,1.000,57.009,2378,2734,1.660,1.770,1.090,0,0,1.000,0,0,18,324,0,20,0
19-01 08:37:02,11.742,1.749,84.442,0.500,0,5293776,263812,172896,2275280,24014.539,12266.592,0,1626.885,0,67.953,2195,2470,1.660,1.770,1.090,1,0,0.999,0,0,18,324,0,20,0
19-01 08:37:03,5.252,2.001,90.791,0.750,0,5291188,266404,172896,2275416,47092.277,6975.152,0,18080.169,0,257.116,2253,2144,1.520,1.740,1.090,1,0,0,0,0,18,325,0,20,0
19-01 08:37:04,12.258,2.752,83.553,0.500,0,5310140,247164,172900,2275700,123810.406,8679.497,0,1072.679,0,43.027,3684,5121,1.520,1.740,1.090,1,0,1.001,0,0,18,325,0,20,0
19-01 08:37:05,19.254,1.750,77.515,0.250,0,5329736,227344,172900,2275924,19614.797,8634.672,0,904.175,0,39.008,2853,2680,1.520,1.740,1.090,1,0,0,0,0,18,325,0,18,0
19-01 08:37:06,13.741,1.499,82.695,0.750,0,5337348,219536,172900,2276120,22056.458,10850.846,0,1239.183,0,50.966,2125,2115,1.520,1.740,1.090,2,0,0,0,0,18,325,0,18,0
19-01 08:37:07,14.491,1.749,82.450,0.750,0,5352968,203468,172900,2276568,304290.081,16245.181,0,2202.669,0,197.880,2583,2236,1.520,1.740,1.090,1,0,0.999,0,0,18,325,0,18,0
19-01 08:37:08,6.501,1.250,88.758,1.500,0,5352700,203468,172908,2276812,93612.723,15348.430,28.003,2364.220,4.000,109.010,2029,2275,1.520,1.740,1.090,0,0,0,0,0,18,325,0,18,0
19-01 08:37:09,13.493,1.749,82.704,0.750,0,5362192,193640,172916,2277132,35029.631,10700.084,103.943,1487.178,5.997,57.968,2098,2058,1.400,1.710,1.080,1,0,0,0,0,18,325,0,14,0
19-01 08:37:10,9.755,1.751,86.547,0.250,0,5367712,174784,172916,2290420,2472876.299,31479.935,64.034,2257.214,4.002,42.023,3129,2735,1.400,1.710,1.080,0,0,2.001,0,0,18,325,0,14,0
19-01 08:37:11,9.252,2.000,85.764,0.500,0,5367412,150512,172916,2314940,12763456.835,61458.231,0,4984.830,0,61.010,5644,3052,1.400,1.710,1.080,0,0,2.000,0,0,18,325,0,14,0
19-01 08:37:12,13.003,2.001,82.772,1.000,0,5370628,133684,172916,2328500,2633536.311,16715.477,164.044,13147.521,4.001,82.022,2953,2909,1.400,1.710,1.080,1,0,1.000,0,0,18,325,0,14,0
19-01 08:37:13,21.005,7.502,69.266,1.000,0,5346476,163300,176296,2316920,9633.265,1620.381,0,87888.661,0,376.088,3606,2907,1.400,1.710,1.080,1,0,1.000,0,0,18,325,0,10,0
19-01 08:37:14,24.497,2.500,71.740,0.500,0,5351688,139852,176892,2333104,7913.924,1565.787,0,1379.812,0,30.996,2577,2256,1.370,1.700,1.080,1,0,0,0,0,18,325,0,10,0
19-01 08:37:15,24.990,2.999,70.973,0.250,0,5387588,139648,177092,2297772,9273.410,1619.373,0,851.670,0,23.991,2678,2320,1.370,1.700,1.080,2,0,0,0,0,18,325,0,10,0
19-01 08:37:16,23.246,3.000,71.739,0.750,0,5373744,121640,177968,2327564,8494.678,1619.748,0,2531.606,0,108.983,2862,2837,1.370,1.700,1.080,5,0,1.000,0,0,18,325,0,10,0
19-01 08:37:17,22.771,4.504,70.815,0.751,0,5368200,121196,178848,2331480,6305.771,1621.484,0,3074.814,0,210.192,3147,2860,1.370,1.700,1.080,1,0,2.002,0,0,18,325,0,7,0
19-01 08:37:18,24.500,3.000,71.001,0.500,0,5371260,123204,180168,2324552,11404.105,1620.015,0,10820.100,0,78.001,2709,2215,1.370,1.700,1.080,1,0,0,0,0,18,325,0,7,0
19-01 08:37:19,23.500,3.500,71.500,0.750,0,5372764,121448,180936,2323464,8393.952,1619.991,0,3455.980,0,82.000,2697,2544,1.340,1.690,1.080,1,0,0,0,0,18,325,0,7,0
19-01 08:37:20,26.973,5.495,66.434,0.749,0,5375896,162356,181740,2279468,8127.894,2693.314,15.984,2121.884,0.999,75.924,3738,10868,1.340,1.690,1.080,0,0,35.964,0,0,18,326,0,8,0
19-01 08:37:21,21.008,2.751,75.028,0.250,0,5274424,299136,181740,2244188,14260.280,3027.121,0,1092.404,0,43.016,2469,2296,1.340,1.690,1.080,1,0,2.001,0,0,18,323,0,4,0
19-01 08:37:22,17.995,3.249,77.477,0,0,5319252,254296,181740,2244200,47661.647,3669.895,0,675.796,0,69.979,2559,2179,1.340,1.690,1.080,2,0,32.990,0,0,18,324,0,4,0
19-01 08:37:23,23.760,3.251,71.781,0.250,0,5322580,244480,181740,2250648,44388.881,1794.763,0,1708.727,0,21.009,2636,2063,1.340,1.690,1.080,5,0,3.001,0,0,18,323,0,4,0
19-01 08:37:24,16.983,2.248,79.669,0.250,0,5317004,242828,181744,2257084,16632.037,4612.296,0,307.686,0,5.994,2123,1839,1.310,1.680,1.080,1,0,16.983,0,0,18,324,0,4,0
19-01 08:37:25,22.768,6.505,67.804,0.250,0,5311520,248148,181788,2256948,6883.493,1795.433,0,1557.243,0,49.039,11102,19922,1.310,1.680,1.080,2,0,13.010,0,0,18,323,0,3,0
19-01 08:37:26,23.245,6.749,68.235,0,0,5318148,241160,181796,2257216,11323.520,1619.645,0,2423.469,0,20.995,10242,18570,1.310,1.680,1.080,1,0,12.997,0,0,18,323,0,3,0
19-01 08:37:27,21.500,6.250,71.001,0.500,0,5318300,240920,181800,2257292,10189.127,1620.020,0,492.006,0,28.000,2800,2420,1.310,1.680,1.080,1,0,8.000,0,0,18,323,0,3,0
19-01 08:37:28,22.012,4.502,71.539,1.001,0,5301536,271184,181836,2244712,6594.582,1620.880,228.124,1104.600,3.002,21.011,2497,2073,1.310,1.680,1.080,1,0,6.003,0,0,18,323,0,3,0
19-01 08:37:29,23.031,4.506,71.097,0.501,0,5317244,252120,182236,2247672,9079.372,1622.210,524.715,2347.198,18.025,43.059,3398,3665,1.290,1.670,1.080,1,0,2.003,0,0,18,324,0,4,0
19-01 08:37:30,24.479,5.245,65.943,1.998,0.250,5317912,250608,182236,2248516,8894.325,1618.603,815.296,5311.417,50.956,444.616,8306,12146,1.290,1.670,1.080,1,0,0.999,0,0,18,325,0,8,0
19-01 08:37:31,11.253,19.506,68.021,0.500,0,5268652,299500,182236,2248884,9008.717,1458.440,132.040,2020.609,2.001,113.034,6798,6175,1.290,1.670,1.080,1,0,410.124,0,0,18,325,0,8,0
19-01 08:37:32,11.493,5.497,69.459,10.993,0,5242232,312396,182236,2262408,7630.464,1619.038,13380.046,519.691,1373.184,27.983,5918,5714,1.290,1.670,1.080,0,1,40.976,0,0,18,325,0,10,0
19-01 08:37:33,6.772,2.257,71.233,19.564,0,5239164,293272,182236,2284592,6065.879,1625.327,22256.941,2363.747,720.361,294.967,4058,3521,1.290,1.670,1.080,0,1,0,0,0,18,325,0,10,0
19-01 08:37:34,5.728,3.238,71.725,16.935,0,5237484,286368,182312,2293088,11079.487,2164.694,8650.806,25227.202,1553.041,396.479,5630,5029,1.260,1.660,1.080,0,1,5.977,0,0,18,326,0,10,0
19-01 08:37:35,3.501,1.251,85.785,7.753,0,5247040,276316,182644,2293588,13503.445,2691.085,832.336,992.400,208.084,17.007,2052,2505,1.260,1.660,1.080,0,0,0,0,0,18,326,0,10,0
19-01 08:37:36,2.500,0.750,94.256,1.000,0,5243692,279428,182644,2293824,47844.000,6187.388,236.015,1592.100,7.000,95.006,1691,2278,1.260,1.660,1.080,2,0,0,0,0,18,326,0,10,0
19-01 08:37:37,4.001,2.751,91.517,0.750,0,5218000,305076,182648,2293880,83719.606,130192.269,328.061,556.104,14.003,11.002,1893,2024,1.260,1.660,1.080,0,0,13.002,0,0,18,325,0,10,1
19-01 08:37:38,1.500,0.750,97.253,0,0,5212204,310872,182648,2293880,9734.261,1674.045,0,0,0,0,1149,1557,1.260,1.660,1.080,0,0,0,0,0,18,325,0,10,0
19-01 08:37:39,2.250,0.750,94.986,0,0,5212200,310872,182648,2293884,9110.629,1565.764,0,403.939,0,11.998,1541,2126,1.160,1.630,1.070,0,0,0,0,0,18,325,0,10,0
19-01 08:37:40,1.999,0.500,95.471,0.500,0,5210572,312488,182648,2293896,8155.547,1511.545,0,439.868,0,47.986,1515,2147,1.160,1.630,1.070,3,0,0,0,0,18,325,0,10,0
19-01 08:37:41,2.499,1.250,94.716,0.250,0,5210760,312264,182648,2293932,6136.779,1619.414,0,207.925,0,24.991,1557,2146,1.160,1.630,1.070,0,0,0,0,0,18,325,0,10,0
19-01 08:37:42,4.249,2.000,92.227,0,0,5215996,307020,182648,2293940,9650.620,1619.601,0,183.955,0,16.996,1536,1869,1.160,1.630,1.070,1,0,2.000,0,0,18,325,0,10,0
19-01 08:37:43,20.845,5.776,73.084,0,0,5229124,293892,182648,2293940,7478.219,1627.447,771.530,160.735,6.028,14.064,2741,2277,1.160,1.630,1.070,4,0,7.032,0,0,18,325,0,10,0
19-01 08:37:44,8.714,3.734,85.644,0.249,0,5222112,300768,182648,2294072,9123.035,1613.286,254.939,20650.067,1.992,79.668,2159,2075,1.150,1.620,1.070,1,0,2.988,0,0,18,325,0,10,0
19-01 08:37:45,2.001,1.000,96.040,0,0,5222360,300516,182648,2294076,8611.611,1620.679,0,0,0,0,1243,1695,1.150,1.620,1.070,0,0,0,0,0,18,325,0,10,0
19-01 08:37:46,1.750,0.750,95.974,0,0,5222360,300516,182648,2294076,9573.390,1565.573,0,91.975,0,12.996,1453,2043,1.150,1.620,1.070,0,0,1.000,0,0,18,325,0,10,0
19-01 08:37:47,2.000,0.750,95.499,0.500,0,5222036,300832,182648,2294084,7473.906,1619.980,0,319.996,0,24.000,1411,2033,1.150,1.620,1.070,1,0,2.000,0,0,18,325,0,10,0
19-01 08:37:48,1.751,1.501,95.537,0,0,5212520,310348,182648,2294084,6180.365,1620.620,0,0,0,0,1246,1600,1.150,1.620,1.070,1,0,6.002,0,0,18,325,0,10,0
19-01 08:37:49,1.999,3.498,92.460,1.000,0,5197772,325096,182648,2294084,5924.453,1511.350,0,116661.849,0,584.749,2986,2686,1.060,1.590,1.070,0,0,0,0,0,18,325,0,10,0
19-01 08:37:50,2.001,0.500,96.030,0,0,5197772,325096,182648,2294084,9336.933,1620.509,16.005,1764.554,1.000,27.008,1503,2120,1.060,1.590,1.070,0,0,0,0,0,18,325,0,10,0
19-01 08:37:51,2.250,0.750,95.506,0.250,0,5197756,325096,182648,2294104,8365.521,1620.101,0,380.024,0,33.002,1553,2241,1.060,1.590,1.070,0,0,0,0,0,18,325,0,10,0
19-01 08:37:52,1.248,0.749,96.628,0,0,5197756,325096,182648,2294104,43615.108,1617.964,0,3.995,0,0.999,1309,1712,1.060,1.590,1.070,0,0,0,0,0,18,325,0,10,0
19-01 08:37:53,1.752,0.751,96.846,0,0,5197756,325096,182648,2294104,43685.426,1621.612,0,0,0,0,1235,1586,1.060,1.590,1.070,0,0,0,0,0,18,325,0,10,0
19-01 08:37:54,1.998,0.999,94.894,0.250,0,5198308,324544,182648,2294104,9294.571,1564.245,0,28951.515,0,285.679,1893,1942,1.130,1.600,1.070,0,0,1.998,0,0,18,325,0,10,0
19-01 08:37:55,1.751,1.000,96.040,0,0,5198420,324420,182648,2294108,8480.538,1620.676,0,0,0,0,1224,1657,1.130,1.600,1.070,2,0,0,0,0,18,325,0,10,0
19-01 08:37:56,1.501,0.500,96.838,0.250,0,5198416,324420,182648,2294112,5714.200,1621.476,0,492.448,0,9.008,1213,1729,1.130,1.600,1.070,2,0,0,0,0,18,325,0,10,0
19-01 08:37:57,2.000,0.750,95.984,0,0,5198912,323920,182648,2294116,9187.513,1619.738,0,47.992,0,5.999,1347,1797,1.130,1.600,1.070,0,0,1.000,0,0,18,325,0,10,0
19-01 08:37:58,1.498,0.998,96.341,0,0,5198912,323920,182648,2294116,8798.492,1509.511,0,7.987,0,1.997,1253,1790,1.130,1.600,1.070,1,0,0,0,0,18,325,0,10,0
19-01 08:37:59,2.003,0.751,96.157,0,0,5198064,324768,182648,2294116,8282.539,1622.652,0,2568.198,0,7.011,1246,1697,1.200,1.600,1.080,0,0,0,0,0,18,325,0,10,0
19-01 08:38:00,2.248,0.999,95.678,0,0,5198052,324768,182648,2294124,9353.916,1618.774,0,235.821,0,8.993,1393,1918,1.200,1.600,1.080,2,0,0,0,0,18,325,0,10,0
19-01 08:38:01,2.501,0.750,95.043,0.250,0,5198304,324516,182648,2294124,8047.624,1620.730,0,504.227,0,54.024,1913,2718,1.200,1.600,1.080,0,0,1.000,0,0,18,325,0,10,0
19-01 08:38:02,2.000,0.750,95.522,0.250,0,5198304,324516,182648,2294124,9446.185,1566.362,0,232.054,0,21.005,1521,2149,1.200,1.600,1.080,1,0,1.000,0,0,18,325,0,10,0
19-01 08:38:03,1.500,0.500,95.767,0,0,5198300,324516,182648,2294128,8827.581,1620.290,0,32.006,0,3.001,1306,1839,1.200,1.600,1.080,0,0,0,0,0,18,325,0,10,0
19-01 08:38:04,1.497,1.248,96.576,0,0,5198300,324516,182648,2294128,6093.006,1617.082,0,23.957,0,3.993,1221,1693,1.350,1.630,1.090,2,0,0,0,0,18,325,0,10,0
19-01 08:38:05,2.254,0.501,95.901,0,0,5198292,324516,182648,2294136,8914.049,1622.557,0,380.600,0,24.038,1464,1888,1.350,1.630,1.090,0,0,0,0,0,18,325,0,10,0
19-01 08:38:06,3.510,1.755,93.766,0,0,5198532,324276,182648,2294136,8679.668,1570.463,0,0,0,0,2489,3610,1.350,1.630,1.090,2,0,0,0,0,18,325,0,8,0
19-01 08:38:07,3.490,1.496,92.991,0,0,5199408,323280,182648,2294256,10485.798,1561.651,0,19.944,0,1.994,2242,3250,1.350,1.630,1.090,0,0,1.994,0,0,18,325,0,8,0
19-01 08:38:08,11.498,2.250,84.988,0.250,0,5224856,297832,182652,2294252,282114.620,7062.964,0,179.974,0,11.998,2889,2977,1.350,1.630,1.090,1,0,6.999,0,0,18,325,0,10,0
19-01 08:38:09,13.244,4.998,79.214,0.750,0,5237164,285340,182680,2294408,294752.968,15436.980,123.944,3.998,5.997,1.000,3405,2797,1.400,1.630,1.090,0,0,36.983,0,0,18,325,0,10,0
