"pcp-dstat 6.2.0 CSV Output"
"Author:","PCP team <pcp@groups.io> and Dag Wieers <dag@wieers.com>",,,,"URL:","https://pcp.io/ and http://dag.wieers.com/home-made/dstat/"
"Host:","ubuntu",,,,"User:","ubuntu"
"Cmdline:","dstat -tcmndrylpg --tcp --output /tmp/devstack_logs/dstat-csv.log",,,,"Date:","20 Jan 2026 07:33:31 UTC"
"system","total usage",,,,,"memory usage",,,,"net/total",,"dsk/total",,"io/total",,"system",,"load avg",,,"procs",,,"paging",,"tcp sockets",,,,
"time","total usage:usr","total usage:sys","total usage:idl","total usage:wai","total usage:stl","used","free","buf","cach","net/total:recv","net/total:send","dsk/total:read","dsk/total:writ","read","writ","int","csw","1m","5m","15m","run","blk","new","in","out","lis","act","syn","tim","clo"
20-01 07:33:31,,975912,1732432,160584,4952572,,,,,,,1.380,0.910,0.550,2,0,,,,10,5,1,17,1
20-01 07:33:32,21.959,20.961,55.896,0.250,0,1004768,1702980,160632,4953032,21452.920,10644.114,0,2319.666,0,94.823,6760,5736,1.380,0.910,0.550,3,0,522.025,0,0,10,5,1,17,1
20-01 07:33:33,27.243,17.245,53.986,0.750,0,1006640,1700516,160708,4953420,42813.786,11840.899,0,3271.143,0,200.947,6367,5784,1.380,0.910,0.550,2,0,352.908,0,0,10,5,1,17,1
20-01 07:33:34,30.997,16.749,50.996,0.500,0,1017916,1688752,160772,4954096,20645.181,11649.974,0,1295.886,0,39.996,6258,7153,1.380,0.910,0.550,1,0,255.977,0,0,10,4,1,17,2
20-01 07:33:35,25.230,10.492,57.705,6.245,0,1149840,1539208,160860,5095584,192840.633,11908.776,15.988,13625.446,0.999,600.535,5150,3783,1.350,0.910,0.550,2,0,101.921,0,0,11,6,1,17,2
20-01 07:33:36,37.278,13.010,47.536,0.500,0,1158336,1511092,162160,5110560,5782.332,1621.214,0,2794.093,0,83.062,4917,3427,1.350,0.910,0.550,2,0,200.150,0,0,11,6,1,19,2
20-01 07:33:37,44.753,5.250,48.503,1.250,0,1219860,1430856,162612,5126656,9318.525,1620.091,32.002,2180.123,2.000,47.003,3159,1753,1.350,0.910,0.550,3,0,0,0,0,11,6,1,19,2
20-01 07:33:38,44.346,5.512,48.856,0.752,0,1266372,1361720,163092,5146848,8976.420,1623.512,0,3222.973,0,80.173,3403,2097,1.350,0.910,0.550,2,1,1.002,0,0,11,8,1,19,2
20-01 07:33:39,32.732,6.996,45.975,11.993,0,1276676,1324604,165204,5168716,8966.106,1619.116,0,51459.911,0,3510.084,20141,28124,1.350,0.910,0.550,1,1,59.967,0,0,11,8,1,19,2
20-01 07:33:40,41.758,8.502,44.508,4.251,0,1243688,1329076,166300,5193748,11076.020,1620.296,0,35138.409,0,2081.380,12061,15366,1.320,0.910,0.550,2,0,96.018,0,0,11,6,1,19,2
20-01 07:33:41,39.740,4.499,54.986,0.250,0,1322464,1261520,166772,5181188,17739.469,4178.933,0,2131.456,0,75.981,2996,1811,1.320,0.910,0.550,2,0,0,0,0,11,4,1,19,0
20-01 07:33:42,45.532,5.254,47.534,0.500,0,1276116,1307908,166852,5181136,11243.014,1621.156,0,7557.387,0,406.290,4430,3633,1.320,0.910,0.550,2,0,29.021,0,0,11,4,1,19,0
20-01 07:33:43,39.653,5.237,54.367,0.249,0,1317472,1259948,166864,5187084,11406.116,3955.331,0,1779.649,0,46.885,2690,1627,1.320,0.910,0.550,2,0,16.959,0,0,11,4,1,19,0
20-01 07:33:44,40.327,4.759,54.605,0.501,0,1303676,1273012,166880,5187656,11493.018,3799.278,0,585.121,0,31.060,2723,1487,1.320,0.910,0.550,2,0,26.050,0,0,11,5,1,19,0
20-01 07:33:45,31.507,24.005,43.509,0.500,0,1258152,1310816,167088,5193804,45293.496,2627.551,0,1348.283,0,70.015,14624,21568,1.380,0.930,0.560,2,0,555.116,0,0,11,4,1,19,0
20-01 07:33:46,38.505,21.003,39.505,0,0,1222648,1345472,167156,5194788,44244.849,1620.214,0,104.014,0,6.001,13089,20190,1.380,0.930,0.560,2,0,310.041,0,0,11,4,1,19,0
20-01 07:33:47,60.090,15.209,23.437,0.249,0,1251152,1331428,167216,5181988,9171.514,1615.686,0,3331.107,0,130.651,4575,2972,1.380,0.930,0.560,3,0,138.630,0,0,11,5,1,19,0
20-01 07:33:48,70.290,5.503,24.264,0,0,1309368,1272852,167224,5182444,7446.193,1620.913,0,2341.318,0,217.122,4314,1440,1.380,0.930,0.560,3,0,25.014,0,0,11,5,1,19,0
20-01 07:33:49,45.981,9.996,42.982,0,0,1313440,1266780,167264,5184404,8550.518,1457.406,0,1035.578,0,88.964,4155,4351,1.380,0.930,0.560,3,0,49.980,0,0,11,5,1,19,0
20-01 07:33:50,11.529,9.023,78.697,0,0,1303728,1276072,167292,5184784,7443.615,1624.061,0,16757.909,0,192.481,3767,4074,1.270,0.910,0.560,1,0,141.354,0,0,11,4,1,19,0
20-01 07:33:51,22.445,2.993,73.570,0,0,1376044,1203748,167292,5184792,5795.837,1616.051,0,0,0,0,1832,1351,1.270,0.910,0.560,1,0,0,0,0,11,4,1,19,0
20-01 07:33:52,24.249,1.750,73.746,0,0,1397200,1182412,167292,5184972,9108.502,1619.911,0,0,0,0,1758,1113,1.270,0.910,0.560,2,0,0,0,0,11,4,1,13,0
20-01 07:33:53,21.247,4.749,71.240,1.500,0,1299324,1280152,167360,5185040,7371.003,1619.781,0,3415.538,0,410.944,4765,5098,1.270,0.910,0.560,1,0,42.994,0,0,11,4,1,15,0
20-01 07:33:54,21.755,3.001,73.767,0.750,0,1345620,1233584,167632,5185040,6153.416,1620.373,372.086,384.088,20.005,5.001,1757,1169,1.270,0.910,0.560,1,0,0,0,0,11,4,1,15,0
20-01 07:33:55,19.749,4.250,75.745,0.750,0,1341640,1237164,167644,5185328,13161.154,5770.629,0,14019.099,0,144.991,2901,2716,1.250,0.920,0.560,1,0,7.999,0,0,11,17,1,15,0
20-01 07:33:56,14.242,1.999,73.709,8.745,0,1342836,1235444,167720,5185736,11995.299,5669.832,267.850,3250.184,65.963,160.910,2399,2287,1.250,0.920,0.560,1,0,1.999,0,0,11,28,1,16,0
20-01 07:33:57,20.279,6.259,73.103,0.250,0,1392820,1185456,167720,5185740,10021.167,1460.064,0,184.260,0,10.014,2434,1834,1.250,0.920,0.560,1,0,43.061,0,0,11,28,1,16,0
20-01 07:33:58,17.463,1.996,79.830,0,0,1405452,1172808,167720,5185756,15879.121,8463.942,0,0,0,0,1998,1577,1.250,0.920,0.560,1,0,0,0,0,11,28,1,17,0
20-01 07:33:59,33.612,12.291,53.679,0,0,1456632,1121612,167720,5185772,5670.909,1625.420,0,128.428,0,9.030,3719,2418,1.250,0.920,0.560,2,0,156.522,0,0,11,28,1,17,0
20-01 07:34:00,34.223,4.247,61.451,0,0,1483272,1094952,167724,5185784,18209.377,11992.370,0,8605.090,0,54.956,3578,2937,1.310,0.930,0.570,1,0,0,0,0,11,30,1,17,0
20-01 07:34:01,38.554,21.029,39.305,0,0,1419092,1158928,167728,5185984,19045.588,10055.037,0,14880.773,0,95.133,7060,8776,1.310,0.930,0.570,5,0,420.587,0,0,11,28,1,18,0
20-01 07:34:02,82.757,16.701,0,0,0,1599408,978552,167728,5186028,9279.799,1657.143,0,11.965,0,2.991,5231,3404,1.310,0.930,0.570,7,0,157.538,0,0,11,28,1,18,0
20-01 07:34:03,86.171,9.769,3.757,0.250,0,1737608,840280,167728,5186088,34789.956,28163.822,0,104.207,0,9.018,6332,6064,1.310,0.930,0.570,5,0,0,0,0,11,34,1,18,0
20-01 07:34:04,65.029,12.756,21.259,0,0,1567696,1009948,167756,5186304,28060.322,20640.064,0,4005.759,0,210.092,7895,11362,1.310,0.930,0.570,1,0,255.112,0,0,11,28,1,22,0
20-01 07:34:05,20.498,6.499,73.242,0,0,1556548,1021092,167756,5186308,8848.026,1457.839,0,155.983,0,9.999,2508,1809,1.280,0.940,0.570,1,0,55.994,0,0,11,28,1,22,0
20-01 07:34:06,15.461,2.244,79.551,1.995,0,1540536,1037240,167760,5186316,13945.183,7610.000,0,9093.297,0,455.862,3257,2735,1.280,0.940,0.570,1,0,0,0,0,11,29,1,22,0
20-01 07:34:07,19.048,7.018,73.433,0,0,1487624,1090132,167772,5186324,7573.896,2573.420,0,609.521,0,46.115,2927,2348,1.280,0.940,0.570,1,0,68.170,0,0,11,28,1,23,0
20-01 07:34:08,18.479,1.748,77.914,0,0,1495840,1081912,167772,5186328,13922.554,6158.168,0,0,0,0,2345,2217,1.280,0.940,0.570,1,0,0,0,0,11,29,1,23,0
20-01 07:34:09,11.262,13.764,73.076,0.751,0,1461164,1116520,167812,5186356,10070.406,4119.256,0,4616.770,0,242.250,5441,5151,1.280,0.940,0.570,1,0,310.321,0,0,11,28,1,24,0
20-01 07:34:10,36.241,31.242,32.492,0,0,1456244,1121428,167820,5186360,10776.379,1619.606,0,231.944,0,24.994,6417,5602,1.660,1.020,0.600,5,0,727.823,0,0,11,28,1,24,0
20-01 07:34:11,82.803,14.009,3.002,0,0.250,1633772,943860,167824,5186396,12830.213,7931.077,0,91290.437,0,270.173,5801,3050,1.660,1.020,0.600,3,0,0,0,0,11,30,2,24,0
20-01 07:34:12,70.812,7.231,20.695,0.249,0,1665244,912148,167824,5186632,44590.697,36379.482,0,710.116,0,25.931,7952,12035,1.660,1.020,0.600,3,0,0,0,0,11,32,1,24,0
20-01 07:34:13,79.227,19.556,1.504,0,0,1521796,1055564,167832,5186656,16425.034,9628.572,0,513.470,0,55.158,6839,8252,1.660,1.020,0.600,6,0,310.890,0,0,11,28,1,25,0
20-01 07:34:14,86.755,12.751,0.500,0,0,1693552,883780,167832,5186684,13959.767,9786.538,0,216.012,0,9.000,5202,2949,1.660,1.020,0.600,4,0,0,0,0,11,31,1,25,0
20-01 07:34:15,80.649,9.238,9.238,0,0,1736696,840228,167836,5187080,82521.983,40586.334,0,862.923,0,21.973,8826,13291,1.930,1.090,0.620,4,0,0.999,0,0,11,33,1,26,0
20-01 07:34:16,62.952,15.488,20.734,0,0,1487244,1089616,167848,5187648,63533.712,17413.765,0,1830.609,0,41.968,7076,9778,1.930,1.090,0.620,3,0,311.763,0,0,11,28,1,30,0
20-01 07:34:17,44.467,6.495,48.215,0,0,1544512,1032188,167852,5187284,11383.618,5530.928,0,139.897,0,5.996,3681,17052,1.930,1.090,0.620,3,0,21.984,0,0,11,29,1,31,0
20-01 07:34:18,33.083,15.539,50.878,0.251,0,1534024,1042624,167852,5187336,20172.726,13208.213,0,284.716,0,29.073,5876,6847,1.930,1.090,0.620,3,0,328.827,0,0,11,29,1,32,0
20-01 07:34:19,72.005,11.751,16.001,0,0,1562536,1014088,167852,5187360,14043.067,6438.489,0,2148.163,0,98.007,4690,2878,1.930,1.090,0.620,3,0,50.004,0,0,11,29,1,33,0
20-01 07:34:20,43.155,5.488,50.389,0.249,0,1566856,1009572,167860,5187548,33479.506,24689.801,0,347.238,0,26.941,6028,8020,2.250,1.170,0.650,2,0,0,0,0,11,30,1,29,0
20-01 07:34:21,70.585,20.775,8.010,0,0,1487684,1088716,167876,5187560,13043.720,4616.564,0,572.690,0,39.047,6218,5421,2.250,1.170,0.650,4,0,258.311,0,0,11,28,1,29,0
20-01 07:34:22,72.080,6.758,21.524,0,0,1594100,982260,167876,5187600,22931.527,18413.497,0,244.272,0,12.013,4788,3273,2.250,1.170,0.650,3,0,0,0,0,11,32,1,29,0
20-01 07:34:23,60.248,16.250,22.499,0.250,0,1525516,1050608,167896,5187816,31061.050,25113.232,0,1283.961,0,99.997,9195,13599,2.250,1.170,0.650,5,0,312.990,0,0,11,28,1,32,0
20-01 07:34:24,62.598,9.726,26.685,0,0,1600380,975720,167896,5187840,11461.185,5221.328,0,199.516,0,11.971,3897,1614,2.250,1.170,0.650,0,0,10.973,0,0,11,31,1,32,0
20-01 07:34:25,43.661,5.239,50.148,0,0,1585776,990240,167920,5187900,33778.007,25524.864,0,1692.543,0,132.729,6634,8455,2.230,1.180,0.660,3,0,2.994,0,0,11,30,1,32,0
20-01 07:34:26,59.771,18.835,21.598,0,0,1500428,1075556,167940,5187912,11414.709,3362.231,0,859.895,0,58.264,5227,4214,2.230,1.180,0.660,3,0,300.361,0,0,11,28,1,33,0
20-01 07:34:27,52.749,5.500,41.000,0,0,1572408,1003416,167944,5188068,20709.768,14134.842,0,219.998,0,10.000,3828,2489,2.230,1.180,0.660,5,0,0,0,0,11,31,1,33,0
20-01 07:34:28,51.355,16.952,31.162,0.249,0.249,1444580,1130932,167948,5188376,26211.245,17295.333,0,773.823,0,56.840,7163,9482,2.230,1.180,0.660,3,0,286.195,0,0,11,28,1,36,0
20-01 07:34:29,56.214,6.746,36.726,0,0,1572512,1002980,167948,5188396,12971.616,8140.738,0,3.997,0,0.999,3329,1345,2.230,1.180,0.660,0,0,0,0,0,11,31,1,33,0
20-01 07:34:30,52.873,5.012,41.346,0,0,1565384,1009908,167964,5188580,28027.131,20687.074,0,308.717,0,37.086,6888,9001,2.130,1.180,0.660,3,0,3.007,0,0,11,28,1,35,0
20-01 07:34:31,61.028,14.507,24.011,0,0,1554576,1020692,167968,5188600,8785.089,1694.789,0,720.335,0,13.006,4091,2041,2.130,1.180,0.660,4,0,109.051,0,0,11,28,1,35,0
20-01 07:34:32,46.738,4.999,47.738,0.500,0,1580712,994516,167968,5188640,28192.789,20716.701,0,143.963,0,7.998,5024,5706,2.130,1.180,0.660,3,0,0,0,0,11,31,1,35,0
20-01 07:34:33,60.441,25.475,13.237,0,0,1491060,1084120,167992,5188664,15115.356,8137.117,0,1130.904,0,92.910,6925,7574,2.130,1.180,0.660,7,0,511.504,0,0,11,28,1,37,0
20-01 07:34:34,81.825,18.267,0,0,0,1637008,938104,167992,5188732,11779.783,4012.673,0,104.095,0,7.006,5711,4563,2.130,1.180,0.660,7,0,369.338,0,0,11,29,1,37,0
20-01 07:34:35,82.506,16.251,1.000,0,0,1739376,835564,168000,5188896,36906.885,31448.458,0,184.014,0,12.001,6854,7333,2.440,1.260,0.690,6,0,370.029,0,0,11,33,1,37,0
20-01 07:34:36,78.817,20.267,0.751,0,0,1672752,902084,168016,5188984,43915.226,32626.657,0,2394.029,0,94.080,8627,10612,2.440,1.260,0.690,6,0,441.374,0,0,11,29,1,38,0
20-01 07:34:37,83.499,16.250,0.250,0,0,1627012,947596,168028,5189208,12710.898,5999.952,0,311.997,0,21.000,5849,4217,2.440,1.260,0.690,5,0,162.999,0,0,11,29,1,36,0
20-01 07:34:38,75.116,7.986,16.471,0,0,1670728,903676,168032,5189408,36528.068,31558.901,0,115.794,0,7.986,6604,9188,2.440,1.260,0.690,4,0,0,0,0,11,32,1,37,0
20-01 07:34:39,53.058,20.022,25.528,0,0,1542588,1031716,168032,5189500,33141.019,23992.075,0,16.017,0,4.004,8460,12477,2.440,1.260,0.690,2,0,532.579,0,0,11,28,1,41,0
20-01 07:34:40,20.012,30.769,48.280,0,0,1465576,1108724,168032,5189504,9110.686,1621.012,0,40.025,0,10.006,6381,5422,2.490,1.290,0.700,5,0,745.465,0,0,11,28,1,41,0
20-01 07:34:41,75.431,19.482,5.245,0,0,1551292,1022952,168032,5189560,8515.158,4584.778,0,27.974,0,3.996,5066,3389,2.490,1.290,0.700,3,0,324.701,0,0,11,30,1,41,0
20-01 07:34:42,63.816,6.757,29.030,0,0,1604356,969712,168032,5189732,33599.799,24738.621,0,372.386,0,27.028,6852,7555,2.490,1.290,0.700,4,0,20.021,0,0,11,31,1,42,0
20-01 07:34:43,69.492,19.748,10.249,0.250,0,1542472,1031532,168040,5189788,13898.333,8554.974,0,599.928,0,58.993,6667,6898,2.490,1.290,0.700,4,0,247.970,0,0,11,28,1,45,0
20-01 07:34:44,72.736,8.248,18.746,0,0,1598352,975616,168040,5189824,22148.775,15930.961,0,183.965,0,7.998,4920,4049,2.490,1.290,0.700,2,0,0,0,0,11,32,1,45,0
20-01 07:34:45,55.740,6.249,36.494,0,0,1599856,973864,168040,5190064,81989.513,36539.544,0,175.969,0,9.998,9840,16184,2.450,1.300,0.710,2,0,1.000,0,0,11,32,1,45,0
20-01 07:34:46,63.520,11.253,24.007,0.250,0,1542328,1031140,168056,5190292,67286.769,25808.966,0,3393.047,0,180.056,10398,14984,2.450,1.300,0.710,4,0,69.021,0,0,11,28,1,45,0
20-01 07:34:47,78.512,12.752,9.251,0,0,1569680,1003776,168060,5190300,14324.262,7452.177,0,216.034,0,13.002,4810,2676,2.450,1.300,0.710,3,0,51.008,0,0,11,30,1,45,0
20-01 07:34:48,59.867,6.985,31.430,0.249,0,1607472,965752,168068,5190520,38704.176,32080.863,0,183.593,0,11.973,7867,12028,2.450,1.300,0.710,2,0,0,0,0,11,32,1,45,0
20-01 07:34:49,55.607,9.769,33.063,0,0,1525188,1047776,168072,5190768,49837.603,37627.180,0,180.346,0,9.017,11731,18405,2.450,1.300,0.710,4,0,97.186,0,0,11,30,1,47,0
20-01 07:34:50,79.141,15.728,5.243,0,0,1532792,1040132,168080,5190800,14548.879,7608.477,0,155.785,0,9.986,5370,3747,2.570,1.350,0.730,3,0,163.773,0,0,11,29,1,49,0
20-01 07:34:51,66.277,6.753,27.011,0,0,1603112,969620,168084,5190984,31154.594,25047.125,0,148.060,0,6.002,5938,6967,2.570,1.350,0.730,3,0,0,0,0,11,32,1,49,0
20-01 07:34:52,63.218,12.244,23.488,0,0,1520972,1051528,168092,5191204,38069.790,27933.905,0,279.859,0,21.989,9614,15270,2.570,1.350,0.730,5,0,97.951,0,0,11,29,1,51,0
20-01 07:34:53,79.698,12.242,7.745,0,0,1560444,1012028,168096,5191224,13789.045,8030.785,0,239.844,0,21.986,4966,2823,2.570,1.350,0.730,3,0,29.981,0,0,11,30,1,49,0
20-01 07:34:54,65.168,10.237,23.970,0,0,1587300,985112,168104,5191236,24103.854,18835.443,0,375.530,0,40.949,5723,7130,2.570,1.350,0.730,4,0,121.848,0,0,11,30,1,51,0
20-01 07:34:55,70.378,9.016,20.287,0,0,1612116,960044,168116,5191456,34417.444,25875.947,0,388.705,0,47.085,5976,10344,2.530,1.360,0.740,2,0,8.015,0,0,11,33,1,51,0
20-01 07:34:56,68.829,13.265,17.520,0,0,1611568,960488,168124,5191548,32038.593,20935.912,0,216.247,0,15.017,6438,8472,2.530,1.360,0.740,5,0,142.162,0,0,11,34,1,53,0
20-01 07:34:57,74.397,12.732,12.483,0,0,1555908,1016124,168124,5191572,25514.528,14124.363,0,423.411,0,14.979,5064,4163,2.530,1.360,0.740,5,0,85.881,0,0,11,34,1,54,0
20-01 07:34:58,71.126,11.520,17.280,0,0,1563720,1008144,168124,5191736,26069.006,18100.944,0,140.248,0,8.014,5606,6163,2.530,1.360,0.740,5,0,68.120,0,0,11,34,1,56,0
20-01 07:34:59,69.192,9.492,20.733,0.250,0,1648484,923148,168136,5191952,27577.827,18618.356,0,415.651,0,43.963,6469,7885,2.530,1.360,0.740,4,0,71.940,0,0,11,34,1,58,0
20-01 07:35:00,56.554,13.012,29.778,0.250,0,1562940,1008648,168164,5191964,21201.090,10143.612,0,2061.954,0,137.130,5506,5607,2.570,1.380,0.750,4,0,183.174,0,0,11,32,1,60,0
20-01 07:35:01,55.379,8.481,35.423,0,0.249,1577988,993548,168164,5192016,15673.777,10835.342,0,3133.159,0,145.682,4178,3541,2.570,1.380,0.750,1,0,2.993,0,0,11,34,1,58,0
20-01 07:35:02,48.810,10.263,40.049,0,0,1565868,1005484,168164,5192196,26351.356,20644.349,0,1565.923,0,12.015,6641,8036,2.570,1.380,0.750,2,0,99.122,0,0,11,34,1,59,0
20-01 07:35:03,58.063,11.012,30.283,0,0,1469880,1101448,168168,5192212,17444.827,9133.858,0,184.199,0,8.009,4844,3757,2.570,1.380,0.750,3,0,86.093,0,0,11,33,1,61,0
20-01 07:35:04,50.283,7.468,41.322,0,0,1509572,1061680,168172,5192284,23478.776,15638.577,0,191.176,0,16.927,4751,4962,2.570,1.380,0.750,3,0,85.631,0,0,11,34,1,62,0
20-01 07:35:05,31.374,6.777,61.493,0.502,0,1418452,1152600,168192,5192464,23125.298,14909.864,0,361.427,0,33.131,6607,8696,2.520,1.390,0.760,2,0,81.321,0,0,11,32,1,64,0
20-01 07:35:06,42.241,8.248,48.240,0,0,1480744,1090300,168192,5192472,7321.426,1619.652,0,147.968,0,9.998,3242,1819,2.520,1.390,0.760,2,0,54.988,0,0,11,32,1,58,0
20-01 07:35:07,30.178,3.741,64.845,0,0,1497968,1072868,168196,5192664,25498.179,16985.485,0,610.544,0,79.810,4681,5207,2.520,1.390,0.760,2,0,0,0,0,11,33,1,59,0
20-01 07:35:08,37.755,12.502,49.506,0,0,1480156,1090656,168204,5192680,9819.255,3759.481,0,128.016,0,10.001,4009,3244,2.520,1.390,0.760,2,0,138.018,0,0,11,32,1,60,0
20-01 07:35:09,34.221,4.246,60.949,0.250,0,1499460,1071328,168208,5192700,18239.791,12030.968,0,239.800,0,16.986,3400,3069,2.520,1.390,0.760,4,0,0,0,0,11,34,1,60,0
20-01 07:35:10,36.385,8.281,54.452,0.251,0,1426400,1144340,168228,5192728,15819.557,7846.043,0,1003.715,0,80.297,4680,5170,2.480,1.410,0.760,3,0,65.241,0,0,11,32,1,60,0
20-01 07:35:11,39.477,4.747,54.717,0,0,1519004,1051724,168232,5192736,14381.445,7743.394,0,107.936,0,7.995,2841,1954,2.480,1.410,0.760,1,0,0,0,0,11,34,1,60,0
20-01 07:35:12,30.642,5.979,62.281,0,0,1496520,1074168,168232,5192776,22294.682,16268.850,0,91.678,0,1.993,5169,6562,2.480,1.410,0.760,3,0,42.849,0,0,11,33,1,61,0
20-01 07:35:13,42.043,6.507,51.303,0.250,0,1521292,1049232,168252,5192920,12348.694,4573.702,0,276.284,0,21.022,3096,2448,2.480,1.410,0.760,1,0,5.005,0,0,11,33,1,62,0
20-01 07:35:14,33.012,3.001,62.773,0.250,0,1520016,1050464,168260,5192948,21954.163,15849.893,0,112.042,0,8.003,3987,4673,2.480,1.410,0.760,1,0,0,0,0,11,34,1,61,0
20-01 07:35:15,25.503,14.752,58.256,0,0,1419628,1150748,168268,5193036,51058.469,7638.818,0,348.037,0,36.004,5728,6133,2.520,1.430,0.770,1,0,283.030,0,0,11,32,1,63,0
20-01 07:35:16,19.486,2.498,78.196,0,0,1440928,1129444,168268,5193040,46381.757,3972.239,0,179.875,0,9.993,1851,1275,2.520,1.430,0.770,2,0,0,0,0,11,33,1,63,0
20-01 07:35:17,22.999,4.500,71.246,0.250,0,1424256,1146092,168268,5193064,15991.204,9835.511,0,2343.883,0,143.993,4672,12679,2.520,1.430,0.770,1,0,35.998,0,0,11,32,1,65,0
20-01 07:35:18,13.756,14.756,70.530,0,0,1397340,1173000,168272,5193068,9443.070,1566.675,0,560.241,0,18.008,4258,3149,2.520,1.430,0.770,1,0,284.122,0,0,11,32,1,59,0
20-01 07:35:19,18.500,2.000,78.501,0,0,1426436,1143896,168272,5193076,12576.239,6661.126,0,152.003,0,8.000,1837,1498,2.520,1.430,0.770,1,0,0,0,0,11,33,1,59,0
20-01 07:35:20,18.285,4.759,75.897,0,0.250,1402288,1168020,168276,5193096,12100.461,7282.119,0,380.738,0,25.049,3735,4038,2.400,1.420,0.780,1,0,46.089,0,0,11,32,1,60,0
20-01 07:35:21,21.941,3.989,73.553,0,0,1401424,1168884,168276,5193096,9173.380,1615.664,0,0,0,0,1862,1286,2.400,1.420,0.780,1,0,0,0,0,11,32,1,60,0
20-01 07:35:22,15.755,1.751,80.528,0,0,1408852,1161312,168276,5193240,16975.829,11008.780,0,0,0,0,3040,3524,2.400,1.420,0.780,2,0,0,0,0,11,33,1,57,0
20-01 07:35:23,15.777,9.767,73.875,0.250,0,1374192,1195808,168292,5193384,16794.492,6297.684,0,332.564,0,30.051,4836,5162,2.400,1.420,0.780,1,0,179.304,0,0,11,32,1,57,0
20-01 07:35:24,19.973,19.973,58.921,0.250,0,1373008,1196936,168300,5193432,7145.383,1691.723,0,403.457,0,25.965,5899,4599,2.400,1.420,0.780,2,0,446.399,0,0,11,32,1,59,0
20-01 07:35:25,44.276,6.004,49.029,0,0,1493904,1074812,168336,5194552,7567.439,1694.994,0,316.185,0,7.004,2921,1469,2.370,1.430,0.780,3,0,3.002,0,0,11,32,1,59,0
20-01 07:35:26,37.578,7.015,44.342,10.522,0,1503680,1057796,169180,5200368,9405.504,1643.408,0,28042.151,0,2503.191,15698,22112,2.370,1.430,0.780,8,0,121.251,0,0,11,36,1,54,0
20-01 07:35:27,38.734,8.247,39.984,10.496,0,1558432,1001124,169732,5201660,7905.819,1693.319,0,45933.515,0,3947.411,22278,31748,2.370,1.430,0.780,2,0,47.981,0,0,11,36,1,54,0
20-01 07:35:28,45.744,6.499,45.744,2.000,0.250,1524196,1035240,169824,5201688,8486.899,1787.768,0,16337.880,0,973.874,6057,6028,2.370,1.430,0.780,2,0,7.999,0,0,11,32,1,54,0
20-01 07:35:29,40.522,7.004,45.024,5.253,0,1548216,1010460,170224,5202040,11472.143,1586.850,0,10349.542,0,1710.916,9852,17870,2.370,1.430,0.780,1,1,1.001,0,0,11,34,1,54,0
20-01 07:35:30,32.668,8.479,54.613,2.743,0,1461940,1096244,170540,5202204,8954.531,1615.945,0,11862.234,0,1281.784,7177,11254,2.260,1.430,0.780,1,0,100.747,0,0,11,32,1,51,0
20-01 07:35:31,22.775,3.254,72.830,0.501,0,1468432,1089692,170592,5202208,8872.779,1695.869,0,2710.988,0,138.152,2176,2142,2.260,1.430,0.780,2,0,0,0,0,11,32,1,51,0
20-01 07:35:32,22.474,3.746,72.915,0.499,0,1467680,1090380,170636,5202228,7169.608,1618.106,0,6416.489,0,425.502,2519,2335,2.260,1.430,0.780,1,0,2.996,0,0,11,32,1,51,0
20-01 07:35:33,22.999,3.250,73.248,0,0,1467672,1090380,170640,5202232,5979.841,1619.957,0,115.997,0,12.000,1870,1294,2.260,1.430,0.780,1,0,0,0,0,11,32,1,51,0
20-01 07:35:34,22.499,3.750,73.748,0,0,1454000,1104040,170640,5202244,8799.722,1565.951,0,0,0,0,1855,1100,2.260,1.430,0.780,2,0,3.000,0,0,11,32,1,47,0
20-01 07:35:35,22.497,3.750,73.240,0,0,1484492,1073548,170640,5202244,8420.889,1693.777,0,0,0,0,1944,1414,2.160,1.420,0.790,2,0,3.000,0,0,11,32,1,47,0
20-01 07:35:36,23.255,2.250,73.765,0,0,1468032,1089928,170648,5202316,8811.840,1620.338,0,8.002,0,2.000,1787,1117,2.160,1.420,0.790,2,0,1.000,0,0,11,32,1,47,0
20-01 07:35:37,22.748,3.250,73.744,0,0,1493244,1064716,170648,5202316,5683.572,1511.886,0,0,0,0,1785,1174,2.160,1.420,0.790,2,0,2.000,0,0,11,32,1,47,0
20-01 07:35:38,23.065,3.008,73.708,0.251,0,1474248,1083616,170652,5202404,8788.773,1624.579,0,1869.269,0,217.613,2045,1155,2.160,1.420,0.790,2,0,1.003,0,0,11,32,1,46,0
20-01 07:35:39,21.690,3.740,73.548,0,0,1451784,1106044,170668,5202436,7074.557,1615.560,0,227.375,0,14.959,1990,1669,2.160,1.420,0.790,2,0,0.997,0,0,11,32,1,46,0
20-01 07:35:40,22.747,3.250,73.489,0,0,1467816,1090000,170680,5202436,6057.131,1619.768,0,335.952,0,21.997,1842,1315,2.060,1.410,0.790,2,0,2.000,0,0,11,32,1,46,0
20-01 07:35:41,22.501,3.250,73.755,0,0,1447496,1110300,170680,5202456,8784.577,1566.103,0,0,0,0,1825,1212,2.060,1.410,0.790,1,0,1.000,0,0,11,32,1,46,0
20-01 07:35:42,22.503,3.500,73.759,0,0,1470416,1087348,170684,5202484,8878.106,1620.202,0,4.000,0,1.000,1870,1310,2.060,1.410,0.790,2,0,1.000,0,0,11,32,1,40,0
20-01 07:35:43,22.488,3.748,73.460,0,0,1466424,1091340,170684,5202484,6449.531,1693.089,0,23.987,0,2.998,1846,1280,2.060,1.410,0.790,1,0,0,0,0,11,32,1,40,0
20-01 07:35:44,22.265,3.002,73.801,0,0,1466296,1091468,170684,5202484,9447.481,1621.112,0,0,0,0,1919,1111,2.060,1.410,0.790,1,0,11.008,0,0,11,32,1,40,0
20-01 07:35:45,8.520,21.301,69.166,0,0,1452508,1105072,170684,5202644,43185.440,1515.630,0,709.700,0,9.022,6490,4987,2.060,1.420,0.790,2,0,515.234,0,0,11,32,1,40,0
20-01 07:35:46,8.501,20.752,69.758,0.250,0,1435576,1121956,170684,5202684,42707.071,1620.192,0,676.080,0,11.001,5939,4386,2.060,1.420,0.790,1,0,404.048,0,0,11,32,1,37,0
20-01 07:35:47,7.235,22.204,69.108,0,0,1421332,1136168,170684,5202716,9818.769,1616.669,0,0,0,0,6167,4544,2.060,1.420,0.790,1,0,443.087,0,0,11,32,1,37,0
20-01 07:35:48,22.219,3.495,73.397,0,0,1456880,1100636,170684,5202700,6388.043,1617.732,0,687.037,0,109.846,1972,1291,2.060,1.420,0.790,1,0,2.996,0,0,11,32,1,37,0
20-01 07:35:49,22.564,3.510,73.708,0,0,1458620,1098872,170688,5202716,9282.175,1570.428,0,204.577,0,11.031,2052,1491,2.060,1.420,0.790,1,0,3.008,0,0,11,32,1,37,0
20-01 07:35:50,21.701,3.492,73.335,0.249,0,1491400,1066112,170688,5202696,9459.685,1616.358,0,347.218,0,22.948,1914,1329,1.970,1.410,0.800,1,0,0,0,0,11,32,1,37,0
20-01 07:35:51,23.004,3.251,73.514,0,0,1482668,1074824,170688,5202716,6464.247,1620.312,0,32.006,0,3.001,1852,1151,1.970,1.410,0.800,2,0,3.001,0,0,11,32,1,33,0
20-01 07:35:52,22.025,3.754,74.086,0,0,1508496,1049004,170688,5202704,9013.404,1621.872,0,0,0,0,1867,1261,1.970,1.410,0.800,1,0,2.002,0,0,11,32,1,33,0
20-01 07:35:53,23.478,2.747,73.680,0,0,1499160,1058328,170688,5202716,7583.801,1618.464,0,11.989,0,0.999,1773,1104,1.970,1.410,0.800,2,0,0.999,0,0,11,32,1,33,0
20-01 07:35:54,22.495,3.249,73.483,0,0,1504408,1053100,170688,5202696,11085.369,1511.641,0,3.999,0,1.000,1879,1238,1.970,1.410,0.800,2,0,2.000,0,0,11,32,1,33,0
20-01 07:35:55,23.273,3.503,72.822,0,0,1482464,1075024,170688,5202704,7327.216,1621.597,0,20.020,0,1.001,2017,1290,1.890,1.410,0.800,2,0,8.008,0,0,11,32,1,29,0
20-01 07:35:56,22.729,3.247,73.432,0,0,1493888,1063568,170688,5202736,5578.847,1564.555,0,43.959,0,1.998,1809,1258,1.890,1.410,0.800,2,0,1.998,0,0,11,32,1,29,0
20-01 07:35:57,22.504,3.251,73.764,0,0,1474320,1083120,170688,5202752,10116.929,1620.309,0,16.003,0,2.000,1830,1198,1.890,1.410,0.800,1,0,1.000,0,0,11,32,1,29,0
20-01 07:35:58,22.772,3.253,73.322,0,0,1515648,1041816,170688,5202728,6077.990,1621.598,0,2130.099,0,10.010,1888,1277,1.890,1.410,0.800,1,0,2.002,0,0,11,32,1,29,0
20-01 07:35:59,23.222,2.996,73.160,0,0,1476680,1080752,170688,5202760,114481.942,1618.020,0,251.692,0,12.984,2726,1640,1.890,1.410,0.800,3,0,0.999,0,0,11,32,1,23,0
20-01 07:36:00,21.999,3.750,73.746,0,0,1513140,1044380,170688,5202672,8004.546,1693.904,0,399.977,0,27.998,1936,1346,1.820,1.400,0.800,2,0,2.000,0,0,11,32,1,23,0
20-01 07:36:01,23.001,3.000,73.502,0,0.250,1474920,1082512,170688,5202760,27541.700,1706.043,0,88.002,0,1.000,2083,1223,1.820,1.400,0.800,1,0,1.000,0,0,11,32,1,23,0
20-01 07:36:02,22.254,3.251,74.014,0,0,1466896,1090536,170688,5202760,60348.700,1620.314,0,12.002,0,1.000,2356,1255,1.820,1.400,0.800,1,0,1.000,0,0,11,32,1,23,0
20-01 07:36:03,22.250,3.250,73.501,0,0,1481012,1076440,170688,5202740,7177.055,1554.012,0,4.000,0,1.000,1840,1248,1.820,1.400,0.800,2,0,2.000,0,0,11,32,1,16,0
20-01 07:36:04,22.250,3.000,73.751,0,0,1447996,1109432,170688,5202764,26342.192,1652.012,0,20.000,0,1.000,2013,1211,1.820,1.400,0.800,3,0,1.000,0,0,11,32,1,16,0
20-01 07:36:05,24.003,2.750,73.508,0,0,1474016,1083412,170688,5202764,9941.133,1620.185,0,20.002,0,1.000,1971,1329,1.760,1.390,0.800,1,0,2.000,0,0,11,32,1,16,0
20-01 07:36:06,22.749,3.500,73.496,0.250,0,1482596,1074844,170688,5202752,10065.452,1705.907,0,59.997,0,3.000,1904,1391,1.760,1.390,0.800,1,0,0,0,0,11,32,1,16,0
20-01 07:36:07,20.047,6.766,72.671,0,0,1489564,1067836,170688,5202792,24339.285,1623.822,0,52.123,0,3.007,2969,1845,1.760,1.390,0.800,1,0,100.236,0,0,11,32,1,13,0
20-01 07:36:08,13.750,15.750,70.000,0,0,1484008,1073364,170688,5202816,7858.980,1619.996,0,591.999,0,66.000,5066,3845,1.760,1.390,0.800,1,0,361.999,0,0,11,32,1,13,0
20-01 07:36:09,22.944,2.494,73.572,0,0,1534736,1022640,170692,5202828,8639.067,1616.084,0,151.633,0,11.971,2055,1650,1.760,1.390,0.800,1,0,0.998,0,0,11,32,1,13,0
20-01 07:36:10,23.004,2.750,73.262,0,0,1490236,1066888,170696,5203072,13697.263,1620.268,0,384.063,0,22.004,2138,1377,1.700,1.390,0.800,2,0,9.001,0,0,11,32,1,13,0
20-01 07:36:11,23.497,3.250,73.742,0,0,1519656,1037468,170696,5203072,5820.340,1457.835,0,0,0,0,1775,1214,1.700,1.390,0.800,2,0,0,0,0,11,32,1,9,0
20-01 07:36:12,8.523,21.809,67.683,0,0,1499012,1057956,170696,5203220,5923.984,1624.383,40.108,124.335,2.005,6.016,6221,4783,1.700,1.390,0.800,1,0,500.350,0,0,11,32,1,9,0
20-01 07:36:13,8.492,22.727,68.432,0,0,1473812,1083124,170696,5203252,15080.069,1618.398,0,247.755,0,4.995,6584,5091,1.700,1.390,0.800,1,0,529.476,0,0,11,32,1,9,0
20-01 07:36:14,8.256,22.017,68.303,0,0,1459048,1097860,170696,5203280,7239.634,1621.262,0,552.430,0,8.006,6309,4822,1.700,1.390,0.800,2,0,496.386,0,0,11,32,1,9,0
20-01 07:36:15,8.996,22.740,67.470,0.250,0,1447840,1109028,170700,5203312,43749.344,1619.272,0,1319.407,0,15.993,6433,4924,1.640,1.380,0.800,2,0,522.765,0,0,11,32,1,5,0
20-01 07:36:16,8.496,22.241,68.471,0,0,1433948,1122892,170700,5203332,43117.043,1619.326,0,1287.464,0,13.994,6311,4718,1.640,1.380,0.800,2,0,510.787,0,0,11,32,1,5,0
20-01 07:36:17,13.005,21.508,64.274,0,0,1391328,1165472,170700,5203372,9287.420,1662.612,0,400.147,0,8.003,6825,11665,1.640,1.380,0.800,1,0,518.191,0,0,11,32,1,6,0
20-01 07:36:18,9.506,20.513,68.793,0,0,1387260,1169492,170700,5203404,7858.954,1621.022,0,356.225,0,9.006,6028,4463,1.640,1.380,0.800,1,0,442.279,0,0,11,32,1,6,0
20-01 07:36:19,8.991,21.729,68.184,0,0,1383064,1173636,170700,5203448,6106.118,1618.441,0,651.373,0,100.903,6673,5375,1.640,1.380,0.800,2,0,529.490,0,0,11,32,1,4,0
20-01 07:36:20,10.260,21.772,66.818,0.250,0,1344208,1212436,170720,5203476,8683.773,1459.474,0,480.485,0,31.031,6221,4834,1.590,1.370,0.800,2,0,494.500,0,0,11,34,1,4,0
20-01 07:36:21,44.507,25.113,28.594,0.249,0,1428584,1127952,170748,5203496,8922.226,1611.192,0,1082.085,0,62.657,6941,6184,1.590,1.370,0.800,3,0,637.515,0,0,11,32,1,10,0
20-01 07:36:22,65.357,9.552,24.383,1.005,0,1608668,945132,170968,5205736,6386.850,1628.888,0,3607.685,0,269.470,4810,3755,1.590,1.370,0.800,4,0,16.088,0,0,11,34,1,10,0
20-01 07:36:23,48.735,10.247,25.242,13.996,0,1602108,939656,172176,5215524,9198.194,1619.506,371.887,47109.631,2.999,3671.880,20563,29680,1.590,1.370,0.800,5,1,153.953,0,0,11,36,1,10,0
20-01 07:36:24,40.187,11.482,30.952,13.978,0,1648136,881948,172652,5226332,8430.848,1617.477,0,88282.281,0,6317.145,30171,42263,1.590,1.370,0.800,4,1,100.843,0,0,11,36,0,10,0
20-01 07:36:25,42.297,9.260,32.036,13.765,0,1663288,856824,173136,5235476,16477.387,8551.543,0,87293.411,0,6765.550,29423,42581,2.020,1.470,0.840,3,0,49.055,0,0,11,37,0,10,0
20-01 07:36:26,42.778,17.512,28.769,10.257,0,1614476,898112,173704,5242176,10592.023,4047.684,0,53831.692,0,3933.608,21172,30333,2.020,1.470,0.840,1,1,296.196,0,0,11,34,0,11,0
20-01 07:36:27,45.242,17.997,22.246,13.248,0,1628456,877576,174068,5248468,9348.421,3589.394,371.937,50471.472,5.999,3641.385,19501,29389,2.020,1.470,0.840,2,0,185.969,0,0,11,35,0,9,0
20-01 07:36:28,36.756,13.502,31.505,17.003,0,1630360,870672,174220,5252676,18660.824,10465.584,1132.171,45407.873,23.003,3522.533,19342,30214,2.020,1.470,0.840,1,1,129.020,0,0,11,35,0,9,0
20-01 07:36:29,32.501,10.750,41.501,11.750,0,1624916,872812,174328,5255796,17791.489,10309.284,668.018,51473.416,12.000,4074.112,20972,33816,2.020,1.470,0.840,3,1,147.004,0,0,11,34,0,9,0
20-01 07:36:30,37.392,8.476,40.384,11.716,0,1573428,924812,174596,5255024,6277.939,1453.818,0,46725.579,0,4279.688,21247,30665,2.100,1.490,0.850,2,0,53.845,0,0,11,34,0,9,0
20-01 07:36:31,32.344,6.519,45.382,13.790,0,1587952,909112,174868,5255880,15433.942,7310.287,0,48027.853,0,4310.552,21254,31836,2.100,1.490,0.850,2,0,45.131,0,0,11,35,0,9,0
20-01 07:36:32,33.722,7.244,46.961,10.991,0,1585832,909044,175016,5257888,18505.570,12247.788,0,52592.149,0,4539.215,24072,36651,2.100,1.490,0.850,3,0,35.970,0,0,11,35,0,9,0
20-01 07:36:33,36.524,9.757,41.028,10.007,0,1541496,951268,175060,5259904,14656.826,5669.801,0,37465.116,0,3459.319,19547,29180,2.100,1.490,0.850,2,0,116.078,0,0,11,36,0,10,0
20-01 07:36:34,34.502,7.500,43.752,12.751,0,1565300,923560,175208,5263532,9475.416,3590.158,0,59570.617,0,4848.213,24768,35465,2.100,1.490,0.850,0,1,57.003,0,0,11,37,0,10,0
20-01 07:36:35,31.248,7.000,46.247,12.999,0,1563704,921824,175392,5266576,17246.020,10565.400,0,55228.863,0,4815.726,25809,38437,2.410,1.570,0.880,3,1,72.996,0,0,11,37,0,10,0
20-01 07:36:36,33.003,8.501,45.754,12.501,0,1485500,996760,175448,5269696,18631.592,10235.875,0,60329.155,0,5070.433,27364,40946,2.410,1.570,0.880,3,0,117.010,0,0,11,36,0,10,0
20-01 07:36:37,36.647,9.723,41.633,8.975,0,1547848,935740,175464,5268300,8362.436,1615.448,0,49077.705,0,4274.954,18960,31941,2.410,1.570,0.880,1,1,32.907,0,0,11,36,0,10,0
20-01 07:36:38,32.285,7.508,47.301,11.513,0,1568096,917636,175500,5266168,16112.521,9194.999,0,47379.522,0,4267.641,22273,33697,2.410,1.570,0.880,2,0,40.044,0,0,11,35,0,12,0
20-01 07:36:39,28.477,10.492,58.703,1.499,0,1444148,1041372,175516,5266368,19463.465,12839.752,0,12833.756,0,743.407,9194,11239,2.410,1.570,0.880,1,0,211.831,0,0,11,33,0,12,0
20-01 07:36:40,18.999,6.750,73.248,0,0,1416960,1068548,175516,5266380,11335.695,2873.923,0,1171.968,0,66.998,3057,2572,2.300,1.560,0.880,2,0,54.999,0,0,11,32,0,13,0
20-01 07:36:41,18.752,2.750,77.757,0.250,0,1448960,1036544,175516,5266384,12599.185,6661.627,0,936.088,0,60.006,2173,1973,2.300,1.560,0.880,1,0,0,0,0,11,33,0,13,0
20-01 07:36:42,17.999,5.250,75.246,0,0,1429040,1056444,175516,5266404,10091.495,5370.731,0,2115.894,0,186.991,3701,3655,2.300,1.560,0.880,2,0,33.998,0,0,11,32,0,14,0
20-01 07:36:43,18.961,2.495,78.091,0,0,1475416,1010064,175516,5266408,14246.977,6647.458,0,606.764,0,30.937,2040,1691,2.300,1.560,0.880,2,0,0,0,0,11,33,0,14,0
20-01 07:36:44,17.283,6.012,75.897,0.501,0,1468524,1016952,175516,5266412,12353.858,3306.385,0,697.347,0,38.074,2946,2655,2.300,1.560,0.880,1,0,60.116,0,0,11,32,0,15,0
20-01 07:36:45,21.003,2.500,75.760,0,0,1515504,969972,175516,5266412,43561.490,3590.452,0,400.050,0,24.003,2009,1373,2.190,1.550,0.880,1,0,1.000,0,0,11,33,0,15,0
20-01 07:36:46,18.495,1.999,78.977,0,0,1502996,982112,175516,5266780,52655.367,10136.990,0,319.905,0,19.994,3559,4122,2.190,1.550,0.880,1,0,0,0,0,11,32,0,16,0
20-01 07:36:47,21.253,5.751,72.010,0.250,0,1462160,1022936,175516,5266792,7315.973,1620.216,0,1656.220,0,99.013,2728,2132,2.190,1.550,0.880,1,0,43.006,0,0,11,32,0,16,0
20-01 07:36:48,17.994,1.999,79.472,0,0,1468612,1016348,175516,5266928,15193.583,8357.020,0,127.954,0,10.996,2370,2192,2.190,1.550,0.880,0,0,0,0,0,11,33,0,16,0
20-01 07:36:49,13.528,9.770,75.908,0.501,0,1444304,1040600,175516,5266984,35597.014,5626.699,0,264.550,0,23.048,4838,4497,2.190,1.550,0.880,1,0,170.354,0,0,11,32,0,17,0
20-01 07:36:50,16.018,24.027,58.566,0.250,0,1410844,1073748,175528,5267284,22299.030,1621.820,0,668.751,0,41.046,7039,5609,2.260,1.570,0.890,3,0,613.689,0,0,11,34,0,21,0
20-01 07:36:51,65.696,9.492,23.980,0,0,1519188,964860,175560,5267796,8431.058,1618.667,0,427.648,0,41.965,4163,2249,2.260,1.570,0.890,3,0,16.986,0,0,11,32,0,23,0
20-01 07:36:52,68.058,8.007,23.270,0.500,0,1674920,805868,175676,5270712,25231.596,1707.461,0,8575.340,0,381.326,5116,2934,2.260,1.570,0.890,3,0,0,0,0,11,32,0,23,0
20-01 07:36:53,59.735,5.998,28.993,4.249,0,1768228,704632,175796,5277968,39494.935,1619.587,0,19403.055,0,1366.652,10971,12485,2.260,1.570,0.890,1,3,89.977,0,0,11,38,0,23,0
20-01 07:36:54,32.749,9.750,42.499,13.000,0,1767012,693040,175860,5290252,10134.831,1619.973,0,104274.262,0,7424.876,34339,52649,2.260,1.570,0.890,1,0,239.996,0,0,11,38,0,23,0
20-01 07:36:55,30.455,10.485,41.439,14.479,0,1767956,682848,175896,5299140,18206.246,1703.497,0,114499.744,0,7976.279,37097,55964,2.320,1.600,0.900,5,1,189.721,0,0,11,38,0,23,0
20-01 07:36:56,43.064,11.768,30.546,12.769,0,1718428,722412,175940,5308760,10150.129,1622.418,0,70801.534,0,5378.016,25577,39027,2.320,1.600,0.900,4,0,249.372,0,0,11,36,0,23,0
20-01 07:36:57,46.231,10.996,30.238,10.996,0,1770528,660432,175956,5318256,8125.727,1543.378,0,80891.416,0,5478.793,25730,38342,2.320,1.600,0.900,1,1,63.974,0,0,11,36,0,23,0
20-01 07:36:58,41.407,10.476,31.928,13.220,0,1819720,599348,175956,5329720,20274.521,1616.374,0,87970.669,0,5960.629,28032,40231,2.320,1.600,0.900,2,1,25.942,0,0,11,38,0,23,0
20-01 07:36:59,36.349,9.526,39.608,12.534,0,1752316,662912,175964,5333396,9827.728,1624.418,0,83298.546,0,6496.669,27622,44154,2.320,1.600,0.900,2,1,174.475,0,0,11,36,0,23,0
20-01 07:37:00,33.166,11.471,52.866,2.244,0,1480580,934460,175964,5333576,8378.785,1615.909,0,15835.905,0,1053.333,8262,8847,2.210,1.590,0.900,1,0,257.348,0,0,11,32,0,23,0
20-01 07:37:01,22.498,3.250,73.243,0.250,0,1523896,891144,175964,5333576,11554.920,1619.849,0,1351.874,0,83.992,2103,1489,2.210,1.590,0.900,2,0,1.000,0,0,11,32,0,23,0
20-01 07:37:02,22.782,3.004,73.103,0.250,0,1573072,841972,175964,5333580,8624.156,1622.287,0,1253.767,0,86.121,2321,1845,2.210,1.590,0.900,2,0,2.003,0,0,11,38,0,23,0
20-01 07:37:03,21.963,4.243,72.379,0.499,0,1410992,1004044,175964,5333588,7340.751,1659.231,0,3793.670,0,228.619,2856,2441,2.210,1.590,0.900,1,0,26.955,0,0,11,32,0,23,0
20-01 07:37:04,22.753,3.501,73.511,0,0,1480796,934240,175964,5333588,16524.420,1620.237,0,40.006,0,4.001,1961,1159,2.210,1.590,0.900,1,0,1.000,0,0,11,32,0,23,0
20-01 07:37:05,24.303,2.004,73.661,0.251,0,1509400,905636,175964,5333588,9292.279,1623.543,0,112.245,0,17.037,2040,1626,2.120,1.580,0.910,1,0,3.007,0,0,11,34,0,23,0
20-01 07:37:06,13.229,37.691,47.925,0.499,0,1449368,965496,175964,5333760,5946.682,1455.719,0,559.124,0,46.926,8145,7567,2.120,1.580,0.910,2,0,1109.262,0,0,11,32,0,23,0
20-01 07:37:07,8.249,23.747,66.740,0,0,1458292,956452,175964,5333856,9840.584,1619.767,0,207.970,0,19.997,6871,5592,2.120,1.580,0.910,3,0,660.905,0,0,11,32,0,23,0
20-01 07:37:08,9.002,20.504,70.265,0,0,1419216,995452,175964,5333900,7367.524,1620.335,0,192.040,0,15.003,6203,4791,2.120,1.580,0.910,1,0,445.092,0,0,11,32,0,23,0
20-01 07:37:09,12.738,19.232,66.687,0,0,1407664,1006960,175964,5334364,9025.492,1618.474,0,967.088,0,158.850,6886,6596,2.120,1.580,0.910,1,0,340.679,0,0,11,32,0,23,0
20-01 07:37:10,31.751,13.501,53.502,0,0,1446344,968264,175976,5334284,7789.294,1620.061,0,520.020,0,51.002,5357,5582,2.190,1.600,0.920,2,0,193.007,0,0,11,33,0,23,0
20-01 07:37:11,43.265,7.253,48.767,0,0,1545524,868976,175976,5334500,7814.773,1620.575,0,40.014,0,1.000,2667,1460,2.190,1.600,0.920,2,0,0,0,0,11,33,0,23,0
20-01 07:37:12,48.091,3.507,48.342,0,0,1608336,805928,175992,5334676,8830.757,1623.080,0,384.730,0,17.032,3702,2830,2.190,1.600,0.920,2,0,18.034,0,0,11,49,0,23,0
20-01 07:37:13,39.999,10.000,49.249,0,0,1653204,756800,176048,5338520,8504.847,1619.971,0,795.986,0,62.999,5635,9267,2.190,1.600,0.920,1,0,131.998,0,0,11,48,0,24,0
20-01 07:37:14,15.248,17.998,65.243,0,0,1651920,758000,176048,5338980,6026.325,1619.819,0,287.968,0,6.999,6944,8275,2.190,1.600,0.920,1,0,335.962,0,0,11,48,0,24,0
20-01 07:37:15,6.734,2.993,89.041,0.249,0,1653808,756120,176048,5338548,43984.617,1616.201,0,195.540,0,18.955,1905,2082,2.010,1.570,0.910,0,0,28.932,0,0,11,48,0,24,0
20-01 07:37:16,0.500,0.750,98.009,0,0,1652224,757700,176048,5338552,43359.086,1458.137,0,276.026,0,18.002,874,1014,2.010,1.570,0.910,0,0,3.000,0,0,11,48,0,24,0
20-01 07:37:17,6.500,3.250,89.501,0,0.250,1669504,740420,176048,5338552,9246.153,1662.027,0,840.014,0,7.000,2106,6888,2.010,1.570,0.910,0,0,39.001,0,0,11,48,0,25,0
20-01 07:37:18,0.750,0.750,98.496,0,0,1669504,740420,176048,5338552,7572.679,1619.931,0,4.000,0,1.000,696,921,2.010,1.570,0.910,0,0,1.000,0,0,11,48,0,25,0
20-01 07:37:19,7.274,8.528,82.777,0.251,0,1661904,748044,176048,5338988,9895.055,1625.430,0,4218.091,0,321.073,4274,4828,2.010,1.570,0.910,1,0,200.670,0,0,11,48,0,25,0
20-01 07:37:20,16.946,11.962,69.779,0,0,1654108,755832,176048,5338548,10264.475,1614.883,0,3.987,0,0.997,3833,5465,1.930,1.560,0.910,0,0,154.510,0,0,11,48,0,25,0
20-01 07:37:21,12.250,19.000,67.499,0,0,1652216,757628,176048,5338956,6280.948,1767.985,0,0,0,0,6035,5433,1.930,1.560,0.910,4,0,388.997,0,0,12,48,0,22,0
20-01 07:37:22,19.502,13.502,66.258,0.500,0,1645668,764072,176048,5338716,5989.724,1620.196,0,344.042,0,29.004,6281,8371,1.930,1.560,0.910,0,0,202.024,0,0,12,64,0,22,0
20-01 07:37:23,5.262,7.768,86.196,0.251,0,1646364,763352,176048,5338752,9408.385,1623.691,0,248.565,0,10.023,2799,2624,1.930,1.560,0.910,2,0,168.383,0,0,12,64,0,22,0
20-01 07:37:24,19.765,14.511,65.049,0,0,1638532,771136,176048,5338772,7026.342,1459.109,0,24.018,0,5.004,6367,8127,1.930,1.560,0.910,2,0,220.167,0,0,14,64,0,22,0
20-01 07:37:25,8.494,18.237,71.449,0,0,1658292,751316,176048,5338828,9513.148,1618.834,0,2502.198,0,25.981,6012,5115,1.940,1.570,0.920,1,0,422.696,0,0,14,66,0,17,0
20-01 07:37:26,12.223,19.706,66.353,0,0,1645296,764276,176048,5339216,8835.429,1853.894,0,638.586,0,40.909,6893,6833,1.940,1.570,0.920,1,0,369.182,0,0,14,66,0,17,0
20-01 07:37:27,24.047,17.034,57.864,0,0,1671644,737916,176060,5338868,11710.091,1623.201,0,72.142,0,3.006,5882,6204,1.940,1.570,0.920,4,0,303.599,0,0,14,66,0,17,0
20-01 07:37:28,29.777,24.022,45.541,0,0,1747224,662256,176072,5338928,8559.787,1715.561,0,344.313,0,8.007,7019,5676,1.940,1.570,0.920,4,0,593.540,0,0,14,66,0,17,0
20-01 07:37:29,30.225,25.229,43.714,0,0,1864212,543716,176128,5340264,8877.637,1618.657,0,39.967,0,9.992,7279,8556,1.940,1.570,0.920,3,0,509.577,0,0,14,70,0,18,0
20-01 07:37:30,41.230,18.491,39.731,0,0,1947228,460612,176128,5340548,9205.508,1785.129,0,291.858,0,7.996,5895,7266,1.940,1.580,0.920,4,0,219.893,0,0,14,70,0,18,0
20-01 07:37:31,70.091,25.033,4.756,0,0,2098312,309328,176140,5340916,8963.639,1622.106,0,600.780,0,8.010,5440,4935,1.940,1.580,0.920,3,0,593.771,0,0,14,70,0,18,0
20-01 07:37:32,62.337,17.953,18.950,0,0,2177956,228576,176168,5341924,7349.775,1615.773,0,1033.297,0,17.953,6155,7911,1.940,1.580,0.920,5,0,261.316,0,0,14,70,0,18,0
20-01 07:37:33,69.338,26.784,2.754,1.252,0,2293640,186268,172256,5273820,13465.185,1459.863,448.572,1570.004,55.070,100.128,5947,5840,1.940,1.580,0.920,5,0,527.673,0,0,14,74,0,17,0
20-01 07:37:34,73.586,20.023,4.255,1.502,0,2425460,192356,169852,5141716,8359.782,1621.898,268.314,5506.443,21.025,454.532,8425,11784,1.940,1.580,0.920,6,0,195.228,0,0,14,74,0,17,0
20-01 07:37:35,67.406,24.216,3.245,4.743,0,2505200,175388,169620,5080728,9308.960,1617.734,1026.562,36576.762,70.901,2723.185,18122,25999,2.190,1.640,0.950,5,1,385.460,0,0,14,76,0,17,0
20-01 07:37:36,66.836,23.280,8.511,1.502,0,2615440,138024,169464,5010048,9860.726,1712.210,56.072,7541.733,7.009,442.571,10145,15448,2.190,1.640,0.950,5,0,347.448,0,0,14,80,0,20,0
20-01 07:37:37,64.511,23.004,10.252,0.750,0,2679112,196200,168944,4891128,7167.190,1620.269,856.142,11105.843,60.010,534.089,11447,18727,2.190,1.640,0.950,3,0,383.064,0,0,14,93,0,27,0
20-01 07:37:38,49.739,25.245,24.245,0,0,2809224,136912,168944,4822068,8590.174,1619.656,179.962,1399.703,11.997,78.983,8364,11680,2.190,1.640,0.950,2,0,527.888,0,0,14,93,0,27,0
20-01 07:37:39,42.362,15.201,40.867,0.997,0,2863836,150828,168944,4754884,9036.615,1614.749,1650.633,980.811,16.945,43.857,6900,8988,2.190,1.640,0.950,1,1,201.345,0,0,14,95,0,27,0
20-01 07:37:40,63.017,12.503,22.506,1.250,0,3007248,142184,168952,4623212,6222.662,1620.433,420.112,3997.067,10.003,41.011,5463,7623,2.170,1.640,0.950,2,0,129.034,0,0,14,98,0,30,0
20-01 07:37:41,24.310,15.037,58.896,0.501,0,3064992,150504,168972,4558304,8697.590,1461.628,184.458,3713.217,8.020,201.500,5850,5272,2.170,1.640,0.950,1,0,221.550,0,0,14,101,0,27,0
20-01 07:37:42,8.505,19.511,71.292,0.500,0,3070568,144984,168972,4558376,7475.396,1662.978,4.002,984.579,1.001,62.036,6130,4590,2.170,1.640,0.950,1,0,360.212,0,0,14,101,0,27,0
20-01 07:37:43,8.223,19.685,70.516,0,0,3066376,149144,168972,4558408,10368.558,1614.637,0,103.656,0,9.967,5806,4170,2.170,1.640,0.950,1,0,355.818,0,0,14,101,0,27,0
20-01 07:37:44,19.003,6.751,73.012,0.750,0,3123064,159948,168972,4492372,8706.439,1620.268,12.002,0,2.000,0,2365,1606,2.170,1.640,0.950,1,0,53.009,0,0,14,101,0,27,0
20-01 07:37:45,18.744,2.749,78.475,0,0,3138156,144844,168972,4492384,47526.943,8004.464,7.997,195.938,1.999,12.996,2698,2747,2,1.620,0.950,1,0,1.000,0,0,14,104,0,25,0
20-01 07:37:46,19.257,6.252,73.027,0.250,0,3107648,175368,168972,4492412,61887.493,17607.399,0,2676.973,0,326.119,3138,2023,2,1.620,0.950,1,0,64.023,0,0,14,105,0,26,0
20-01 07:37:47,19.001,2.750,77.256,0,0,3139880,143124,168972,4492424,14532.106,7373.561,4.000,184.014,1.000,25.002,2298,2066,2,1.620,0.950,1,0,1.000,0,0,14,108,0,26,0
20-01 07:37:48,21.250,3.500,74.750,0.750,0,3144260,138392,168984,4492736,11238.074,2443.016,68.000,668.004,5.000,68.000,2928,2989,2,1.620,0.950,1,1,3.000,0,0,14,116,0,26,0
20-01 07:37:49,27.754,5.001,64.510,1.250,0,3150472,131852,168988,4493060,9837.458,1620.240,48.007,1736.257,3.000,223.033,6584,9318,2,1.620,0.950,2,0,3.000,0,0,14,119,0,25,0
20-01 07:37:50,24.977,8.492,65.440,0.250,0,3157892,188392,168988,4430476,10093.672,2598.599,0,951.121,0,69.935,4127,3743,2,1.620,0.950,3,0,114.894,0,0,14,122,0,26,0
20-01 07:37:51,25.270,5.004,68.804,0.250,0,3224472,189488,168988,4364588,13301.386,7347.737,40.031,2357.841,4.003,71.055,3045,2714,2,1.620,0.950,1,0,3.002,0,0,14,127,0,26,0
20-01 07:37:52,19.499,3.000,75.747,0.500,0,3232128,181676,168988,4364744,9302.622,4287.826,15.999,1967.920,1.000,147.994,3341,4090,2,1.620,0.950,2,0,1.000,0,0,14,127,0,26,0
20-01 07:37:53,33.749,9.750,54.998,0.250,0,3238332,175432,168988,4364784,7338.753,2949.901,0,1235.958,0,108.996,4889,5314,2,1.620,0.950,2,0,94.997,0,0,14,128,0,21,0
20-01 07:37:54,41.249,7.250,51.499,0,0,3329552,146916,168868,4303644,11068.825,3589.943,179.997,479.992,1.000,29.000,3003,1582,2,1.620,0.950,1,0,5.000,0,0,14,129,0,21,0
20-01 07:37:55,23.752,6.501,68.256,0.750,0,3289104,187336,168868,4303672,29436.771,21954.067,0,10564.995,0,603.057,3978,2262,1.920,1.610,0.950,1,0,56.005,0,0,14,128,0,22,0
20-01 07:37:56,19.498,3.250,76.494,0.250,0,3343524,132916,168868,4303716,11452.042,4008.665,7.999,351.971,2.000,16.999,1933,1400,1.920,1.610,0.950,1,0,5.999,0,0,14,129,0,22,0
20-01 07:37:57,19.751,5.750,74.003,0,0,3343084,133200,168868,4303872,27450.190,21623.937,0,308.013,0,16.001,2554,1881,1.920,1.610,0.950,1,0,51.002,0,0,14,128,0,23,0
20-01 07:37:58,18.748,2.250,78.240,0.250,0,3337992,201948,168868,4241924,10984.646,7150.119,0,267.967,0,11.999,1796,1301,1.920,1.610,0.950,1,0,0,0,0,14,129,0,23,0
20-01 07:37:59,19.051,5.013,75.201,0.251,0.251,3303200,236728,168868,4241936,13947.250,3634.708,8.021,826.207,2.005,95.254,3560,3858,1.920,1.610,0.950,1,0,41.110,0,0,14,128,0,24,0
20-01 07:38:00,26.262,6.253,65.781,0,0,3351660,188160,168868,4242028,5863.779,1620.768,0,668.317,0,33.016,6100,9715,2.160,1.670,0.970,1,0,71.034,0,0,14,136,0,27,0
20-01 07:38:01,16.500,3.750,78.998,0.250,0,3336004,203788,168868,4242056,31303.296,23987.461,0,551.988,0,23.999,2505,2138,2.160,1.670,0.970,1,0,44.999,0,0,14,136,0,28,0
20-01 07:38:02,21.935,4.237,73.531,0,0,3405052,134740,168868,4242056,8038.048,1615.187,0,327.026,0,15.952,1943,1384,2.160,1.670,0.970,1,0,9.970,0,0,14,136,0,28,0
20-01 07:38:03,15.791,3.008,78.455,1.003,0,3404060,135612,168868,4242176,12557.822,8305.708,48.126,1407.679,4.010,189.495,3680,4907,2.160,1.670,0.970,1,0,1.003,0,0,14,138,0,28,0
20-01 07:38:04,24.178,6.730,66.303,1.496,0,3345164,194364,168868,4242320,10634.461,2851.543,31.905,7880.628,1.994,556.350,7556,10251,2.160,1.670,0.970,1,0,52.843,0,0,14,137,0,30,0
20-01 07:38:05,20.496,3.249,75.234,0,0,3400248,139264,168868,4242336,12027.520,3589.260,0,1007.792,0,58.988,2125,1595,2.070,1.660,0.970,0,0,1.000,0,0,14,138,0,30,0
20-01 07:38:06,17.250,1.750,79.748,0.250,0,3397784,141696,168868,4242368,18070.511,9695.738,31.999,383.990,2.000,28.999,2384,2338,2.070,1.660,0.970,1,0,1.000,0,0,14,138,0,30,0
20-01 07:38:07,23.705,5.989,68.119,0.998,0.250,3395720,143700,168868,4242412,7399.805,1455.208,0,2008.148,0,195.625,5655,7589,2.070,1.660,0.970,1,0,0.998,0,0,14,138,0,30,0
20-01 07:38:08,31.830,7.268,60.151,0.251,0,3414800,124548,168868,4242484,7457.694,2491.245,0,870.181,0,90.226,5419,6759,2.070,1.660,0.970,1,0,69.173,0,0,14,139,0,31,0
20-01 07:38:09,19.000,3.000,77.752,0,0,3425156,177104,168868,4181112,16291.392,7344.177,0,336.008,0,17.000,1889,1348,2.070,1.660,0.970,1,0,0,0,0,14,140,0,31,0
20-01 07:38:10,16.041,8.271,73.940,1.253,0,3355196,247004,168868,4181172,11759.285,5545.281,8.021,886.283,2.005,106.274,4668,5062,1.990,1.650,0.980,2,0,147.380,0,0,14,141,0,32,0
20-01 07:38:11,21.189,4.487,73.290,0.249,0,3418940,183260,168868,4181172,8033.956,2227.610,0,1116.797,0,42.877,2004,1543,1.990,1.650,0.980,0,0,0,0,0,14,142,0,32,0
20-01 07:38:12,14.278,1.753,82.915,0,0,3419300,182756,168868,4181316,21697.100,12533.898,0,472.939,0,29.058,2331,2201,1.990,1.650,0.980,1,0,0,0,0,14,142,0,32,0
20-01 07:38:13,27.195,5.489,64.870,0.748,0,3419296,182572,168872,4181500,7326.296,1616.755,0,1293.404,0,150.698,8031,11987,1.990,1.650,0.980,3,0,0,0,0,14,144,0,32,0
20-01 07:38:14,35.609,11.535,50.906,0.251,0,3396712,204972,168872,4181652,11006.689,3219.855,32.098,1223.746,2.006,122.375,11056,16577,1.990,1.650,0.980,2,0,126.387,0,0,14,143,0,32,0
20-01 07:38:15,26.479,9.992,63.700,0.250,0,3440748,160840,168872,4181716,43231.087,1838.558,15.987,1462.852,0.999,130.897,4960,5983,1.910,1.640,0.980,1,0,163.871,0,0,14,143,0,32,0
20-01 07:38:16,19.018,2.502,76.572,0.751,0.250,3452956,148564,168872,4181784,48225.440,9140.613,48.045,8740.235,3.003,662.624,3718,3172,1.910,1.640,0.980,1,0,0,0,0,14,143,0,33,0
20-01 07:38:17,14.243,21.239,63.717,0.250,0,3391552,209948,168872,4181844,9857.833,1661.129,23.987,347.818,1.999,22.988,6838,12418,1.910,1.640,0.980,3,0,442.768,0,0,14,143,0,34,0
20-01 07:38:18,14.253,18.254,66.514,0.250,0,3331120,270228,168872,4182340,7555.591,1620.341,0,316.067,0,20.004,6146,6239,1.910,1.640,0.980,1,0,301.063,0,0,14,143,0,33,0
20-01 07:38:19,27.012,19.509,52.774,0,0,3381764,219540,168872,4182048,8355.833,1620.743,4.002,720.330,1.000,39.018,6548,6650,1.910,1.640,0.980,2,0,387.178,0,0,14,143,0,33,0
20-01 07:38:20,31.840,22.387,44.526,0.249,0,3437532,163736,168876,4182420,7931.085,1848.696,0,246.758,0,20.895,6683,5783,1.910,1.640,0.980,4,0,423.867,0,0,14,143,0,33,0
20-01 07:38:21,34.645,16.820,47.700,0.251,0,3483644,179184,168884,4122204,9090.096,1697.112,32.135,478.003,2.008,33.139,6975,8437,1.910,1.640,0.980,3,0,272.141,0,0,16,149,0,33,0
20-01 07:38:22,59.752,26.501,13.500,0,0,3647204,134952,168884,4006116,8120.285,1620.057,60.002,728.026,6.000,56.002,8193,14233,1.910,1.640,0.980,3,0,577.020,0,0,16,155,0,33,0
20-01 07:38:23,61.433,20.228,17.481,0,0,3728652,142704,168708,3918112,6318.113,1618.236,7.991,431.530,1.998,29.967,7757,12260,1.910,1.640,0.980,4,0,285.689,0,0,16,171,0,33,0
20-01 07:38:24,38.565,22.538,38.565,0.250,0,3789852,177384,168708,3822924,7382.505,1460.474,4.007,584.991,1.002,18.031,7520,6907,1.910,1.640,0.980,2,0,518.879,0,0,16,171,0,33,0
20-01 07:38:25,26.986,22.239,49.225,0,0,3832220,134772,168720,3823156,9616.176,1619.188,0,339.830,0,16.991,6410,5347,2,1.660,0.990,1,0,491.753,0,0,17,171,0,33,0
20-01 07:38:26,19.752,14.751,63.756,0.750,0,3828284,183368,168720,3779308,9896.893,1722.155,12.001,9188.829,3.000,749.068,7785,9232,2,1.660,0.990,0,0,205.019,0,0,17,171,0,33,0
20-01 07:38:27,30.949,23.212,45.674,0,0,3891164,173708,168468,3727148,9400.442,1617.323,7.987,475.213,1.997,29.950,6695,5718,2,1.660,0.990,6,0,481.204,0,0,17,171,0,33,0
20-01 07:38:28,39.454,18.479,40.204,0,0,3960696,157748,168472,3675372,7651.173,1712.025,0,231.733,0,14.983,6889,7773,2,1.660,0.990,3,0,301.652,0,0,17,177,0,33,0
20-01 07:38:29,35.572,25.301,38.578,0.251,0,4057688,138624,168472,3598920,9796.692,1623.263,168.338,364.733,5.010,24.048,7947,9754,2,1.660,0.990,4,0,519.043,0,0,17,183,0,33,0
20-01 07:38:30,31.509,24.507,43.263,0.500,0,4137356,130496,168472,3528952,8106.444,1780.537,24.007,356.107,3.001,23.007,7336,6762,2.080,1.690,1,8,0,618.186,0,0,17,187,0,32,0
20-01 07:38:31,15.247,21.995,60.986,0.250,0,4146512,170412,168472,3481184,7400.325,1619.633,19.995,3599.185,4.999,82.981,7926,9430,2.080,1.690,1,1,0,422.904,0,0,17,195,0,32,0
20-01 07:38:32,24.751,15.251,58.502,0,0,4178228,138616,168472,3481096,5906.197,1620.054,56.002,956.032,5.000,35.001,7286,9711,2.080,1.690,1,2,0,250.008,0,0,17,195,0,32,0
20-01 07:38:33,45.147,7.732,45.646,0.748,0,4304984,125944,168472,3368996,8623.268,1454.671,139.680,682.438,3.991,55.872,3859,2715,2.080,1.690,1,2,0,16.961,0,0,17,211,0,32,0
20-01 07:38:34,44.470,8.245,45.720,0.999,0,4427732,119612,168472,3255236,8878.092,1618.923,131.912,83.944,10.993,12.991,3499,2130,2.080,1.690,1,2,0,3.997,0,0,17,211,0,32,0
20-01 07:38:35,30.375,14.811,53.973,0.251,0,4336168,235052,168484,3231504,9312.399,1626.708,16.066,437.805,1.004,20.083,5057,4647,2.160,1.710,1.020,2,0,299.234,0,0,17,215,0,32,0
20-01 07:38:36,33.347,22.646,41.061,0.995,0,4383768,185340,168484,3233600,8663.207,3573.585,1170.623,489.750,14.931,44.794,8949,10421,2.160,1.710,1.020,2,0,509.659,0,0,17,218,0,32,0
20-01 07:38:37,43.285,22.018,33.027,1.751,0,4412872,153856,168484,3235964,15583.608,8355.760,1265.023,1377.114,24.019,57.046,8483,10516,2.160,1.710,1.020,5,0,328.266,0,0,17,223,0,33,0
20-01 07:38:38,70.341,17.773,10.013,1.001,0,4508844,147428,168488,3148656,8765.395,1622.109,552.719,432.562,13.017,16.021,5476,4934,2.160,1.710,1.020,3,0,156.203,0,0,17,226,0,33,0
20-01 07:38:39,56.709,12.741,23.483,6.745,0,4593332,168024,168520,3045532,15351.799,11670.485,2014.530,1059.227,71.948,46.966,5405,4941,2.160,1.710,1.020,2,0,21.984,0,0,17,235,0,23,0
20-01 07:38:40,63.076,11.219,15.208,9.973,0,4633896,118524,168592,3054356,12395.879,2627.767,5389.166,2038.389,406.880,137.621,6910,7138,2.220,1.730,1.030,4,0,33.907,0,0,17,238,0,30,2
20-01 07:38:41,36.695,23.374,39.459,0,0,4662764,127488,168596,3017332,13533.805,7220.308,0,213.131,0,16.085,7430,8141,2.220,1.730,1.030,5,0,493.619,0,0,17,238,0,31,2
20-01 07:38:42,37.009,18.755,42.761,0,0,4602744,223500,168596,2983404,11884.033,6809.738,152.039,8946.284,8.002,56.014,7291,9741,2.220,1.730,1.030,2,0,286.073,0,0,17,237,0,32,2
20-01 07:38:43,55.345,23.684,19.695,0.499,0,4699576,160856,168596,2949676,11281.463,3579.992,207.420,315.119,3.989,18.947,6693,6572,2.220,1.730,1.030,3,0,478.662,0,0,17,238,0,29,2
20-01 07:38:44,54.235,21.244,22.494,1.000,0,4746448,151348,168620,2913320,16739.231,10558.992,1007.713,1067.696,43.987,58.983,7541,9831,2.220,1.730,1.030,3,0,336.904,0,0,17,243,0,30,2
20-01 07:38:45,61.389,25.307,13.029,0,0,4776580,160172,168624,2875360,44219.766,1623.663,152.344,569.284,11.025,43.097,8098,11880,2.530,1.800,1.050,4,0,430.972,0,0,17,245,0,33,2
20-01 07:38:46,56.158,20.716,21.964,0.749,0,4839184,135556,168636,2838904,50843.005,9799.004,211.654,1034.312,11.980,61.899,7765,11748,2.530,1.800,1.050,8,0,317.482,0,0,17,249,0,35,2
20-01 07:38:47,57.195,20.231,20.231,1.499,0,4869676,135092,168636,2809040,10589.822,4332.835,415.601,3296.831,27.973,344.669,7135,9626,2.530,1.800,1.050,3,0,265.745,0,0,17,253,0,35,2
20-01 07:38:48,65.360,15.276,18.531,0.250,0,5002260,162048,168640,2652064,16662.009,9745.382,761.280,613.031,9.015,19.032,7009,11236,2.530,1.800,1.050,4,0,17.029,0,0,17,255,0,35,2
20-01 07:38:49,55.602,11.271,29.554,3.757,0,5015172,177720,168648,2624088,17815.544,11023.136,1434.621,789.442,89.163,62.113,6827,11341,2.530,1.800,1.050,2,0,20.037,0,0,17,258,0,41,2
20-01 07:38:50,54.226,12.994,31.236,0.750,0,5004036,225100,168676,2588860,11624.881,9656.747,1147.495,739.674,26.988,55.975,5731,5144,2.480,1.810,1.060,2,0,114.949,0,0,17,266,0,42,2
20-01 07:38:51,40.717,27.728,23.731,6.495,0,5009052,215920,168932,2592616,33725.877,6900.450,4252.580,1561.744,74.940,82.933,8465,8715,2.480,1.810,1.060,4,0,510.589,0,0,17,267,0,41,0
20-01 07:38:52,53.860,22.940,21.195,0.997,0,5062140,162420,168932,2593348,11552.977,3998.609,1105.128,4073.414,12.966,68.821,8751,12210,2.480,1.810,1.060,3,0,339.119,0,0,17,268,0,41,0
20-01 07:38:53,69.264,16.061,11.795,2.259,0,5062132,211972,168484,2544956,32365.165,10265.063,1047.988,2967.292,51.195,191.730,6445,5573,2.480,1.810,1.060,3,2,171.653,0,0,18,270,0,42,0
20-01 07:38:54,78.081,14.671,0.995,6.217,0,5181588,159800,168484,2479536,24850.663,1611.354,3254.538,541.097,172.077,25.861,6327,4779,2.480,1.810,1.060,5,0,12.931,0,0,18,273,0,42,0
20-01 07:38:55,79.905,10.554,8.041,1.508,0,5272352,126036,168492,2424140,15283.485,11551.564,1873.498,2243.374,88.448,258.310,7649,7931,2.600,1.840,1.070,5,0,16.082,0,0,18,281,0,42,0
20-01 07:38:56,46.963,16.400,34.539,0,0,5288920,140772,168496,2393560,27791.039,3761.993,882.602,826.943,14.909,60.629,6317,7657,2.600,1.840,1.070,2,0,224.626,0,0,18,281,0,44,0
20-01 07:38:57,39.594,8.019,51.372,1.002,0,5338768,122508,168504,2362896,22728.922,9689.988,521.237,18271.347,6.014,964.288,5454,2724,2.600,1.840,1.070,3,0,9.021,0,0,18,285,0,44,0
20-01 07:38:58,40.138,8.780,50.172,0.502,0,5278008,174596,168504,2371548,8913972.275,73443.168,818.811,594.040,9.031,46.158,7888,5662,2.600,1.840,1.070,3,0,14.048,0,0,18,286,0,45,0
20-01 07:38:59,45.320,15.688,36.604,0.996,0,5326960,141636,168504,2356228,7688202.223,53439.424,2792.890,557.781,30.877,38.845,8080,5413,2.600,1.840,1.070,3,0,260.962,0,0,18,288,0,43,0
20-01 07:39:00,34.506,5.501,58.010,0.250,0,5292760,202884,168504,2330264,20770.609,12537.178,0,576.100,0,54.009,3760,3324,2.480,1.830,1.070,4,0,7.001,0,0,18,292,0,44,0
20-01 07:39:01,41.237,5.498,52.233,0.250,0,5341804,153344,168504,2330908,15331.041,22362.766,543.824,699.774,28.991,66.978,4669,6135,2.480,1.830,1.070,0,0,1.999,0,0,18,298,0,47,0
20-01 07:39:02,15.498,3.000,79.492,0.250,0,5342604,152496,168508,2330952,425839.154,16386171.323,0,10950.847,0,81.991,5545,3330,2.480,1.830,1.070,1,0,0,0,0,18,297,0,48,0
20-01 07:39:03,4.502,2.251,92.293,0.500,0,5281936,213152,168508,2330964,5702.680,1620.762,4.002,5942.793,1.000,154.072,2038,2152,2.480,1.830,1.070,1,0,37.017,0,0,18,297,0,43,0
20-01 07:39:04,1.750,0.750,95.982,0,0,5282096,212928,168508,2331028,9150.264,1619.693,0,339.936,0,15.997,1385,1865,2.480,1.830,1.070,0,0,0,0,0,18,297,0,43,0
20-01 07:39:05,22.261,4.252,71.787,0.500,0,5262132,216564,168512,2347304,16525769.934,99996.063,64.033,1784.911,4.002,126.064,10715,10424,2.360,1.810,1.070,1,0,2.001,0,0,18,299,0,46,0
20-01 07:39:06,12.501,18.001,67.003,1.000,0,5228068,250508,168512,2347424,8823.385,1686.074,60.003,1116.049,4.000,82.004,6561,6219,2.360,1.810,1.070,1,0,466.020,0,0,18,299,0,46,0
20-01 07:39:07,23.479,3.996,71.436,0.749,0,5270088,208464,168512,2347432,8995.879,1456.685,0,227.794,0,20.981,2540,2258,2.360,1.810,1.070,2,0,0.999,0,0,18,299,0,44,0
20-01 07:39:08,10.791,17.316,71.271,0,0,5247204,231312,168512,2347468,8762.322,1626.184,0,12138.160,0,46.176,5819,4600,2.360,1.810,1.070,1,0,326.241,0,0,18,299,0,44,0
20-01 07:39:09,6.975,15.196,75.733,0,0,5230080,248364,168512,2347540,7912.099,1614.307,19.930,394.608,1.993,33.881,5573,5026,2.360,1.810,1.070,1,0,344.784,0,0,18,303,0,44,0
20-01 07:39:10,6.750,3.500,89.005,0.250,0,5247876,230472,168512,2347636,5913.310,1620.085,96.005,16100.845,6.000,49.003,1767,2065,2.250,1.800,1.070,1,0,9.000,0,0,18,303,0,44,0
20-01 07:39:11,20.753,2.500,76.012,0,0,5289608,188728,168512,2347648,7262.116,3590.552,0,120.018,0,10.002,2103,1764,2.250,1.800,1.070,0,0,0,0,0,18,304,0,42,0
20-01 07:39:12,16.814,7.529,74.284,0.251,0,5266020,212240,168512,2347724,16372.614,8631.008,64.246,120.461,4.015,14.054,3755,3285,2.250,1.800,1.070,1,0,98.376,0,0,18,307,0,43,0
20-01 07:39:13,12.241,15.739,69.700,0.749,0.250,5262160,215828,168516,2347992,7228.769,1618.829,15.988,0,3.997,0,5371,4014,2.250,1.800,1.070,1,0,192.860,0,0,18,307,0,43,0
20-01 07:39:14,12.750,15.500,70.751,0,0,5266284,211484,168516,2348180,8698.184,1620.034,0,172.004,0,1.000,5573,4206,2.250,1.800,1.070,1,0,208.004,0,0,18,307,0,43,0
20-01 07:39:15,20.434,7.974,69.776,0.997,0,5303768,173872,168516,2348276,43570.237,1495.204,35.885,255.181,1.994,26.914,3932,3520,2.150,1.790,1.070,1,0,105.661,0,0,18,311,0,42,0
20-01 07:39:16,24.237,4.248,69.962,0,0,5331224,175116,168516,2320644,43660.340,1619.123,119.935,595.677,1.999,61.966,2884,2694,2.150,1.790,1.070,2,0,1.999,0,0,18,315,0,42,0
20-01 07:39:17,25.067,3.760,68.933,1.504,0,5307868,197888,168516,2321228,11610.885,1666.433,457.216,1564.161,18.048,136.363,3293,3020,2.150,1.790,1.070,2,1,23.061,0,0,18,315,0,42,0
20-01 07:39:18,28.201,4.991,65.635,0.499,0,5361564,144168,168516,2321252,5653.090,1617.165,31.944,483.153,6.988,32.942,3258,7682,2.150,1.790,1.070,1,0,21.962,0,0,18,315,0,43,0
20-01 07:39:19,22.493,4.998,72.228,0,0,5389316,147544,168516,2291340,9252.169,2226.319,0,87.973,0,9.997,2523,2132,2.150,1.790,1.070,0,0,2.999,0,0,18,318,0,41,0
20-01 07:39:20,12.243,1.249,84.948,0,0,5385840,150896,168516,2291464,25820.275,20011.813,0,59.963,0,5.996,2442,2525,2.060,1.770,1.070,1,0,0.999,0,0,18,321,0,43,0
20-01 07:39:21,23.255,4.751,71.266,0.250,0,5331724,205012,168516,2291464,6444.445,1620.363,0,148.033,0,16.004,2659,2356,2.060,1.770,1.070,4,0,16.004,0,0,18,315,0,43,0
20-01 07:39:22,25.738,2.249,70.968,0.250,0,5326844,209748,168516,2291608,10312.374,1619.274,0,359.839,0,42.981,2565,2163,2.060,1.770,1.070,3,0,1.000,0,0,18,315,0,43,0
20-01 07:39:23,8.784,18.322,71.531,0.251,0,5286304,250252,168520,2291640,10019.339,1626.386,413.624,385.514,7.028,13.051,5637,4510,2.060,1.770,1.070,2,0,329.293,0,0,18,315,0,43,0
20-01 07:39:24,15.914,11.687,70.122,0.497,0,5304152,232232,168520,2291812,8847.252,1450.174,31.828,250.647,2.984,12.930,4663,3862,2.060,1.770,1.070,0,1,255.620,0,0,18,315,0,43,0
20-01 07:39:25,18.261,2.752,77.298,0.250,0,5328828,207396,168656,2291836,13589.472,3661.282,160.100,168.105,8.005,10.006,2626,2459,1.890,1.740,1.070,0,0,32.020,0,0,18,316,0,43,0
20-01 07:39:26,23.290,3.506,71.874,1.002,0,5282828,246824,168728,2298256,7359.695,1863.214,0,4832.336,0,535.924,3544,2433,1.890,1.740,1.070,1,0,3.005,0,0,18,315,0,43,0
20-01 07:39:27,17.997,2.999,77.486,0.250,0,5291924,237568,168732,2298376,15652.150,4550.172,0,599.891,0,18.997,2290,2062,1.890,1.740,1.070,1,0,17.997,0,0,18,316,0,43,0
20-01 07:39:28,24.261,4.252,69.781,0,0,5287356,235440,169316,2304340,8341.713,1958.872,48.021,1000.445,2.001,52.023,8225,14017,1.890,1.740,1.070,1,0,6.003,0,0,18,315,0,43,0
20-01 07:39:29,18.494,3.749,76.474,0,0,5287732,234488,169364,2304852,11629.093,4483.494,11.996,391.868,1.999,3.999,4819,7200,1.890,1.740,1.070,0,0,9.997,0,0,18,316,0,43,0
20-01 07:39:30,21.756,7.002,69.768,0.250,0,5292628,229192,169428,2305188,11340.932,1686.436,0,524.136,0,17.004,10772,19048,1.820,1.730,1.070,1,0,20.005,0,0,18,316,0,43,0
20-01 07:39:31,21.804,6.015,71.929,0.251,0,5257768,275472,169516,2293680,9680.083,1798.474,4.010,890.215,1.002,28.070,2923,2532,1.820,1.730,1.070,2,0,51.127,0,0,18,315,0,43,0
20-01 07:39:32,15.459,12.716,70.311,0,0,5283376,250068,169516,2293536,8646.793,1454.097,0,502.651,0,8.976,4265,3684,1.820,1.730,1.070,1,0,213.427,0,0,18,315,0,42,0
20-01 07:39:33,21.004,1.750,76.265,0,0,5310884,222360,169516,2293736,14278.745,7345.412,0,1628.313,0,104.020,2381,1930,1.820,1.730,1.070,1,0,0,0,0,18,316,0,42,0
20-01 07:39:34,17.754,8.002,72.266,0.500,0,5312612,220596,169516,2293788,11500.554,6190.375,36.008,2676.594,3.001,125.028,3983,3547,1.820,1.730,1.070,1,0,112.025,0,0,18,315,0,46,0
20-01 07:39:35,22.984,3.248,73.197,0.250,0,5368652,164440,169516,2293904,10605.389,3587.425,111.920,99.928,4.996,10.992,2390,2249,1.750,1.720,1.060,0,0,0.999,0,0,18,316,0,46,0
20-01 07:39:36,18.322,6.024,74.545,0.251,0,5345820,187252,169516,2293924,13926.053,8268.688,0,413.635,0,41.163,3474,3597,1.750,1.720,1.060,1,0,71.282,0,0,18,315,0,47,0
20-01 07:39:37,20.419,3.237,75.701,0.249,0,5358056,175016,169516,2293924,10782.431,3575.882,0,223.119,0,20.917,2518,2271,1.750,1.720,1.060,0,0,0.996,0,0,18,316,0,47,0
20-01 07:39:38,20.011,5.753,73.290,0,0,5329928,203056,169516,2294012,18889.418,12717.014,64.035,280.155,3.002,18.010,3220,2933,1.750,1.720,1.060,1,0,57.031,0,0,18,317,0,48,0
20-01 07:39:39,21.238,2.249,75.207,0,0.250,5384100,148884,169516,2294012,10634.929,3587.952,0,119.932,0,7.995,2344,2034,1.750,1.720,1.060,0,0,0,0,0,18,318,0,48,0
20-01 07:39:40,20.018,5.004,74.817,0,0,5366864,166108,169516,2294024,19967.832,9905.846,0,112.100,0,7.006,2920,2531,1.690,1.710,1.060,2,0,32.029,0,0,18,317,0,49,0
20-01 07:39:41,20.478,2.248,75.668,0,0,5406444,126524,169516,2294028,7541.876,3424.311,0,123.867,0,6.992,2032,1751,1.690,1.710,1.060,0,0,0,0,0,18,318,0,49,0
20-01 07:39:42,16.538,2.506,80.688,0.251,0,5371744,161016,169516,2294236,15836.824,10588.620,64.149,324.755,4.009,36.084,2710,2895,1.690,1.710,1.060,1,0,8.019,0,0,18,317,0,50,0
20-01 07:39:43,21.713,4.992,72.128,0,0,5382420,150328,169516,2294248,9564.883,1617.275,0,155.738,0,8.985,2568,2123,1.690,1.710,1.060,1,0,38.934,0,0,18,317,0,50,0
20-01 07:39:44,17.526,3.505,78.115,0.250,0,5354892,177844,169516,2294260,17890.390,11884.531,0,116.171,0,8.012,2746,2469,1.690,1.710,1.060,1,0,27.040,0,0,18,317,0,45,0
20-01 07:39:45,22.966,3.994,71.394,0.250,0,5372180,160536,169516,2294280,45333.527,1617.592,15.976,347.483,0.999,23.964,2797,2505,1.640,1.690,1.060,2,0,5.991,0,0,18,317,0,45,0
20-01 07:39:46,14.035,2.005,82.706,0.251,0,5369224,163476,169516,2294296,53037.844,11772.264,0,324.807,0,41.102,2767,3040,1.640,1.690,1.060,1,0,0,0,0,18,318,0,45,0
20-01 07:39:47,19.701,8.230,70.824,0.249,0,5315928,216752,169520,2294312,11308.949,2407.030,0,327.188,0,28.928,3471,3148,1.640,1.690,1.060,1,0,87.782,0,0,18,317,0,46,0
20-01 07:39:48,20.240,2.749,76.963,0,0.250,5342712,189960,169520,2294320,14148.288,7340.518,0,175.917,0,13.993,2276,1963,1.640,1.690,1.060,1,0,0,0,0,18,320,0,39,0
20-01 07:39:49,20.510,5.253,72.035,0.250,0,5362400,170256,169520,2294336,22333.701,18206.724,0,556.267,0,34.016,3188,2991,1.640,1.690,1.060,2,0,47.023,0,0,18,319,0,41,0
20-01 07:39:50,19.999,3.000,76.497,0,0,5387496,145156,169520,2294340,11541.611,7247.756,0,103.996,0,10.000,2114,1884,1.590,1.680,1.060,1,0,0,0,0,18,320,0,41,0
20-01 07:39:51,20.758,4.752,73.280,0.250,0,5348708,183448,169520,2294836,12350.979,4764.921,480.194,128.052,29.012,14.006,3016,2878,1.590,1.680,1.060,2,0,15.006,0,0,18,319,0,43,0
20-01 07:39:52,20.251,2.500,75.753,0.250,0,5378516,153636,169520,2294840,13033.552,7344.311,0,200.008,0,20.001,2439,2306,1.590,1.680,1.060,2,0,1.000,0,0,18,320,0,35,0
20-01 07:39:53,22.745,5.499,69.983,1.250,0,5345024,184620,169520,2297348,11329.276,3763.095,2287.450,1331.680,93.977,196.953,6383,8980,1.590,1.680,1.060,2,0,5.999,0,0,18,321,0,36,0
20-01 07:39:54,24.997,4.499,69.491,0,0,5347916,181612,169520,2297464,8752.828,3589.519,0,887.881,0,48.993,3773,5368,1.590,1.680,1.060,0,0,1.000,0,0,18,322,0,36,0
20-01 07:39:55,20.040,3.507,75.653,0.251,0,5344912,184504,169520,2297576,18681.705,9347.867,80.162,777.569,3.006,73.148,4207,4780,1.620,1.690,1.070,1,0,1.002,0,0,18,322,0,36,0
20-01 07:39:56,17.289,16.036,65.147,0.501,0,5300516,228808,169520,2297668,10520.817,2852.457,0,1294.931,0,122.277,6947,7351,1.620,1.690,1.070,1,0,367.833,0,0,18,321,0,33,0
20-01 07:39:57,8.241,22.975,66.928,0,0,5278364,250932,169520,2297696,8682.715,1618.270,0,675.278,0,49.947,7375,6598,1.620,1.690,1.070,1,0,654.300,0,0,18,321,0,33,0
20-01 07:39:58,9.254,23.510,66.277,0.750,0,5250516,278744,169520,2297732,10767.453,1620.670,0,3181.316,0,427.177,7846,6463,1.620,1.690,1.070,1,0,626.259,0,0,18,321,0,33,0
20-01 07:39:59,8.250,22.749,67.248,0.250,0,5242332,286892,169520,2297768,9909.683,1457.953,0,2923.907,0,185.994,7832,7225,1.620,1.690,1.070,1,0,647.979,0,0,18,321,0,33,0
20-01 07:40:00,9.742,21.732,67.444,0,0,5241932,287264,169520,2297796,6181.843,1618.650,0,303.747,0,23.980,7070,6183,1.570,1.680,1.070,1,0,596.502,0,0,18,321,0,31,0
20-01 07:40:01,9.503,22.508,67.523,0,0,5263588,265568,169520,2297836,8314.851,1620.556,0,44.015,0,11.004,7291,6575,1.570,1.680,1.070,1,0,660.226,0,0,18,321,0,31,0
20-01 07:40:02,11.963,10.966,71.528,2.492,0,5253384,384240,169524,2201232,7436.895,1614.983,287.108,15.950,26.916,1.994,3798,3498,1.570,1.680,1.070,0,1,180.439,0,0,18,321,0,31,0
20-01 07:40:03,15.503,4.501,71.514,7.501,0,5284444,338488,169640,2215808,8740.674,1620.310,7061.352,1948.373,540.103,8.002,3385,3123,1.570,1.680,1.070,1,0,3.001,0,0,18,321,0,31,0
20-01 07:40:04,22.746,2.250,73.987,0.250,0,5295684,324064,169732,2218908,11953.869,2957.473,15.997,4463.204,2.999,62.989,2581,2144,1.570,1.680,1.070,0,0,15.997,0,0,18,322,0,31,0
20-01 07:40:05,12.498,1.750,79.989,4.249,0,5311956,307156,169732,2219552,19118.360,8638.807,651.910,1247.828,38.995,62.991,2575,2748,1.680,1.700,1.080,1,0,1.000,0,0,18,322,0,27,0
20-01 07:40:06,12.000,1.750,83.251,1.750,0,5302560,315380,169732,2220724,27214.322,13271.157,592.007,1976.023,58.001,108.001,2681,3040,1.680,1.700,1.080,0,0,1.000,0,0,18,322,0,27,0
20-01 07:40:07,18.251,1.750,77.755,1.500,0,5328252,288740,169732,2221668,16177.974,7171.432,812.049,968.058,33.002,44.003,2371,2354,1.680,1.700,1.080,1,0,1.000,0,0,18,322,0,27,0
20-01 07:40:08,14.251,0.750,82.753,1.250,0,5325560,290584,169736,2222508,24636.961,10807.421,636.025,1244.049,45.002,45.002,2095,1987,1.680,1.700,1.080,3,0,0,0,0,18,322,0,27,0
20-01 07:40:09,13.247,2.000,81.980,1.500,0,5334324,280904,169736,2223416,20516.927,10783.334,687.830,1411.651,42.989,42.989,2107,2142,1.680,1.700,1.080,0,0,0,0,0,18,322,0,24,0
20-01 07:40:10,12.762,2.002,77.825,6.256,0,5336988,246052,169736,2255600,18222.466,6402.136,15586.940,820.787,176.169,31.030,2164,2149,1.630,1.690,1.080,1,0,0,0,0,18,322,0,24,0
20-01 07:40:11,23.221,3.246,72.160,0.749,0,5338916,229220,170368,2269812,8280.638,1617.975,0,1633.955,0,60.924,2649,2349,1.630,1.690,1.080,1,0,0.999,0,0,18,322,0,24,0
20-01 07:40:12,24.264,2.752,71.792,0.250,0,5343624,208460,170592,2285336,7315.269,1620.946,0,1400.817,0,32.019,2524,2232,1.630,1.690,1.080,1,0,0,0,0,18,322,0,24,0
20-01 07:40:13,24.492,2.249,72.226,0.500,0,5356572,175600,170856,2304784,5527.142,1619.456,0,1271.573,0,47.984,2548,2357,1.630,1.690,1.080,1,0,0,0,0,18,322,0,23,0
20-01 07:40:14,23.756,3.251,71.519,1.000,0,5347976,169804,171448,2318336,9255.411,1620.422,0,2808.732,0,123.032,2944,2897,1.630,1.690,1.080,1,0,0,0,0,18,322,0,23,0
20-01 07:40:15,24.227,3.746,69.684,0.749,0,5353220,168624,171768,2314344,42130.065,1660.426,31.970,5490.795,0.999,227.784,3650,3563,1.660,1.690,1.080,1,0,0.999,0,0,18,322,0,23,0
20-01 07:40:16,24.024,3.253,70.822,0.751,0,5296688,238356,171832,2300932,44192.629,1795.814,4.004,1917.937,1.001,86.087,3039,2800,1.660,1.690,1.080,1,0,2.002,0,0,18,321,0,23,0
20-01 07:40:17,18.492,3.498,76.965,0.250,0,5327092,207928,171832,2300956,12668.311,3561.401,3.998,523.765,1.000,19.991,2415,2165,1.660,1.690,1.080,2,0,32.985,0,0,18,322,0,23,0
20-01 07:40:18,28.270,7.255,62.044,2.502,0,5356932,171476,171836,2307528,9908.979,1795.264,60.042,972.685,7.005,10.007,3703,9980,1.660,1.690,1.080,2,0,41.029,0,0,18,321,0,24,0
20-01 07:40:19,18.495,2.499,77.229,0.250,0,5355616,166476,171836,2313440,17073.272,4681.704,0,1259.651,0,18.995,2376,2138,1.660,1.690,1.080,1,0,16.995,0,0,18,321,0,24,1
20-01 07:40:20,23.251,6.000,69.503,0,0,5354252,167220,171844,2313940,6454.285,1728.076,0,84.004,0,1.000,10033,18575,1.610,1.680,1.080,1,0,13.001,0,0,18,321,0,24,0
20-01 07:40:21,23.006,6.502,68.517,0.250,0,5354276,166980,171888,2314112,5650.411,1620.405,0,1828.457,0,16.004,10872,19523,1.610,1.680,1.080,1,0,21.005,0,0,18,321,0,21,0
20-01 07:40:22,22.009,5.252,71.780,0,0,5293304,241320,171896,2301128,10789.444,1620.668,0,1100.453,0,37.015,2637,2381,1.610,1.680,1.080,2,0,11.005,0,0,18,321,0,21,0
20-01 07:40:23,25.243,4.499,68.980,0,0,5303256,231356,171900,2301136,8571.555,1619.538,0,207.941,0,7.998,11354,20039,1.610,1.680,1.080,1,0,47.986,0,0,18,321,0,21,0
20-01 07:40:24,17.998,3.500,77.489,0.250,0,5329904,204692,171900,2301152,15253.914,3724.491,0,615.916,0,17.998,2514,2222,1.610,1.680,1.080,1,0,32.995,0,0,18,322,0,21,0
20-01 07:40:25,27.746,4.749,66.241,0,0,5330628,197440,171900,2307680,7870.899,1793.749,15.998,1127.842,1.000,15.998,2939,2548,1.640,1.690,1.090,2,0,5.999,0,0,18,321,0,21,0
20-01 07:40:26,36.757,7.752,55.011,0.250,0,5360148,161528,171900,2313816,15210.970,4455.870,880.172,1560.305,7.001,67.013,3875,3010,1.640,1.690,1.090,2,0,26.005,0,0,18,321,0,21,1
20-01 07:40:27,29.600,7.776,60.705,0.251,0,5368732,152384,171900,2314312,8113.459,1733.868,256.869,545.847,2.007,24.082,11383,19770,1.640,1.690,1.090,1,0,15.051,0,0,18,321,0,21,0
20-01 07:40:28,21.923,7.474,68.760,0,0,5361352,159568,171900,2314476,7578.526,1708.033,0,490.287,0,14.948,9895,18190,1.640,1.690,1.090,1,0,18.934,0,0,18,321,0,21,0
20-01 07:40:29,22.498,4.750,71.494,0.250,0,5310412,223896,171924,2301400,7546.394,1619.870,0,2371.810,0,291.977,2951,2109,1.640,1.690,1.090,1,0,7.999,0,0,18,321,0,21,0
20-01 07:40:30,22.333,8.532,69.005,0.251,0,5301704,232608,171928,2301412,9488.109,1626.017,0,97360.259,0,445.649,4471,3169,1.590,1.670,1.090,1,0,93.345,0,0,18,321,0,21,0
20-01 07:40:31,23.413,4.234,71.485,0,0,5295160,229472,172536,2310484,7210.253,1614.013,0,2586.406,0,12.952,2738,2419,1.590,1.670,1.090,1,0,19.926,0,0,18,321,0,21,0
20-01 07:40:32,18.248,2.000,78.491,0.250,0,5295140,227720,172648,2312048,17414.968,5826.320,0,807.906,0,15.998,2228,1949,1.590,1.670,1.090,0,0,15.998,0,0,18,322,0,21,0
20-01 07:40:33,14.496,1.250,83.227,0.500,0,5303520,219140,172648,2312228,22192.859,10663.049,11.997,1147.682,1.999,35.990,1971,1874,1.590,1.670,1.090,0,0,0,0,0,18,322,0,21,0
20-01 07:40:34,8.751,1.500,86.757,2.000,0,5301908,220208,172660,2312760,48299.670,9351.711,188.014,1032.078,23.002,43.003,2147,2431,1.590,1.670,1.090,0,0,0,0,0,18,323,0,21,0
20-01 07:40:35,5.750,1.250,91.501,0.500,0,5298692,223160,172688,2313004,122049.814,7350.109,16.000,12732.189,1.000,124.002,2113,2410,1.460,1.650,1.080,0,0,1.000,0,0,18,323,0,21,0
20-01 07:40:36,15.254,1.750,80.772,0.500,0,5313248,208444,172704,2313148,24873.697,8079.175,0,1196.322,0,75.020,2369,2710,1.460,1.650,1.080,1,0,1.000,0,0,18,323,0,21,0
20-01 07:40:37,14.749,1.250,81.996,0.500,0,5313040,208444,172704,2313356,25453.810,10972.487,0,1351.937,0,65.997,2255,2433,1.460,1.650,1.080,0,0,1.000,0,0,18,323,0,16,0
20-01 07:40:38,20.560,3.761,75.221,0.501,0,5328440,192368,172704,2314032,283768.866,12702.326,0,1243.655,0,38.112,3775,5010,1.460,1.650,1.080,2,0,1.003,0,0,18,323,0,16,0
20-01 07:40:39,8.720,1.495,86.948,0.997,0,5328196,192368,172828,2314152,83019.477,16555.464,27.903,2431.549,3.986,104.636,2450,2713,1.460,1.650,1.080,1,0,0,0,0,18,323,0,16,0
20-01 07:40:40,14.814,1.507,81.605,1.255,0,5333596,186652,172892,2314304,67358.211,13382.253,104.455,1920.359,6.026,88.385,2837,2892,1.420,1.640,1.080,1,0,0,0,0,18,323,0,16,0
20-01 07:40:41,12.200,1.743,84.404,0.747,0,5341396,166336,172892,2326740,1830649.037,23254.652,0,2473.857,0,41.828,2703,2388,1.420,1.640,1.080,0,0,1.992,0,0,18,323,0,12,0
20-01 07:40:42,10.753,2.501,84.774,0.500,0,5351096,128288,172932,2354904,15035673.861,66913.002,0,14756.190,0,50.014,6228,4457,1.420,1.640,1.080,1,0,3.001,0,0,18,323,0,12,0
20-01 07:40:43,15.251,2.250,80.253,1.000,0,5346268,148712,173056,2339736,940992.294,9693.405,164.007,3784.158,4.000,91.004,2682,2454,1.420,1.640,1.080,1,0,1.000,0,0,18,323,0,12,0
20-01 07:40:44,22.248,4.500,71.245,0.750,0,5336064,135268,176556,2356492,5808.587,1619.885,0,5515.607,0,273.981,3212,2584,1.420,1.640,1.080,1,0,0,0,0,18,323,0,12,0
20-01 07:40:45,24.246,3.499,71.487,0.250,0,5347012,129460,177032,2350656,43244.351,1619.714,15.997,1683.702,1.000,41.993,2929,2665,1.390,1.620,1.080,2,0,1.000,0,0,18,323,0,8,0
20-01 07:40:46,24.748,3.000,70.744,0.500,0,5358688,129828,177360,2338856,42552.669,1619.873,0,1611.874,0,76.994,2952,2790,1.390,1.620,1.080,0,1,0,0,0,18,323,0,8,0
20-01 07:40:47,24.263,4.002,71.038,0.750,0,5346276,133452,178268,2345328,10958.888,1620.871,0,2117.137,0,93.050,2905,2514,1.390,1.620,1.080,1,0,0,0,0,18,323,0,8,0
20-01 07:40:48,22.997,4.000,71.742,0.500,0,5347668,137200,179036,2338636,7234.176,1619.815,0,2139.756,0,74.991,2810,2528,1.390,1.620,1.080,2,0,0,0,0,18,323,0,8,0
20-01 07:40:49,24.491,2.749,71.222,0,0,5358804,133796,180160,2329272,8185.831,1619.373,0,535.793,0,23.991,2637,2349,1.390,1.620,1.080,1,0,0,0,0,18,323,0,8,0
20-01 07:40:50,24.012,4.002,71.536,0.750,0,5357360,138848,180992,2324644,38849.725,1620.823,0,3221.636,0,80.041,3123,2545,1.360,1.610,1.080,1,0,0,0,0,18,323,0,5,0
20-01 07:40:51,19.491,1.999,76.465,0.750,0,5360836,121080,181680,2336968,11554.739,3524.395,0,1915.128,0,76.965,2617,2692,1.360,1.610,1.080,3,0,1.000,0,0,18,324,0,5,0
20-01 07:40:52,23.515,3.752,71.546,0,0,5330268,186884,181684,2301760,30669.531,2295.462,64.041,776.494,2.001,31.020,3106,2545,1.360,1.610,1.080,1,0,20.013,0,0,18,321,0,5,0
20-01 07:40:53,19.232,3.497,77.177,0,0,5327636,183664,181684,2307612,30692.082,3787.431,0,283.733,0,2.997,2579,1992,1.360,1.610,1.080,1,0,15.985,0,0,18,322,0,5,0
20-01 07:40:54,24.594,3.764,71.776,0.251,0,5331512,178696,181684,2308276,9957.232,1800.915,0,1080.147,0,8.031,2665,2178,1.360,1.610,1.080,1,0,19.073,0,0,18,321,0,2,0
20-01 07:40:55,17.188,2.242,77.722,0.498,0,5323156,180112,181860,2314132,25677.990,4859.587,31.886,1662.045,0.996,42.846,2598,2359,1.330,1.600,1.080,1,0,3.986,0,0,18,321,0,2,0
20-01 07:40:56,23.518,7.506,67.051,0.250,0,5306332,196080,181888,2314764,8914.723,1621.223,0,700.528,0,43.032,10643,18609,1.330,1.600,1.080,1,0,17.013,0,0,18,321,0,2,0
20-01 07:40:57,22.241,6.747,69.223,0,0,5326520,175756,181932,2314856,11063.763,1705.347,0,7.997,0,1.000,10858,19265,1.330,1.600,1.080,1,0,12.995,0,0,18,321,0,2,0
20-01 07:40:58,21.257,6.502,71.275,0,0,5297996,213216,181972,2306412,21914.641,1512.527,0,2856.996,0,35.012,2908,2328,1.330,1.600,1.080,1,0,7.002,0,0,18,321,0,1,0
20-01 07:40:59,22.003,3.750,71.259,1.750,0,5298020,216760,182216,2303332,5702.751,1566.206,228.030,1424.187,3.000,30.004,2571,2438,1.330,1.600,1.080,2,0,6.001,0,0,18,321,0,1,0
20-01 07:41:00,22.578,7.024,66.480,3.010,0.251,5303560,209096,182404,2305260,5424.804,1625.635,537.864,93785.079,22.077,840.915,6389,6254,1.300,1.590,1.080,0,2,2.007,0,0,18,321,0,7,0
20-01 07:41:01,21.659,3.734,62.736,10.207,0,5302076,209484,182404,2306356,15050.728,1613.218,892.249,6986.629,52.778,462.058,7801,11266,1.300,1.590,1.080,0,1,0.996,0,0,18,323,0,8,0
20-01 07:41:02,7.754,15.008,69.035,6.503,0,5251676,259756,182404,2306484,7813.008,1620.831,132.068,1032.530,2.001,66.034,5246,4659,1.300,1.590,1.080,1,0,332.170,0,0,18,323,0,8,0
20-01 07:41:03,12.751,9.751,70.504,5.750,0,5248264,253604,182404,2316048,9599.594,1620.100,9576.592,472.029,1067.066,18.001,4760,5149,1.300,1.590,1.080,0,1,117.007,0,0,18,323,0,10,0
20-01 07:41:04,9.723,4.238,71.554,12.466,0,5245604,221852,182724,2350152,15154.528,2167.070,34294.151,4336.134,2594.899,156.572,7911,8160,1.300,1.590,1.080,0,1,5.984,0,0,18,324,0,10,0
20-01 07:41:05,3.518,1.256,94.484,0.754,0,5245368,221852,182808,2350304,14789.818,3673.833,245.257,1873.605,61.314,306.572,2129,2055,1.280,1.580,1.080,0,0,1.005,0,0,18,324,0,10,0
20-01 07:41:06,3.497,3.747,83.436,7.744,0,5233400,233432,182924,2350712,69579.244,3541.264,291.775,100434.406,9.992,562.565,3569,3376,1.280,1.580,1.080,0,0,3.997,0,0,18,324,0,10,0
20-01 07:41:07,6.988,2.246,88.355,0.749,0.250,5236352,229084,183056,2351936,228960.010,3630.023,199.671,287.527,9.984,11.980,2032,2368,1.280,1.580,1.080,2,0,10.982,0,0,18,323,0,10,1
20-01 07:41:08,2.999,1.000,93.727,0.750,0,5216888,248504,183132,2351904,13296.697,129397.852,51.987,867.784,5.999,14.996,1689,1884,1.280,1.580,1.080,1,0,0,0,0,18,323,0,10,0
20-01 07:41:09,1.749,1.249,95.459,0.250,0,5216864,248520,183132,2351912,7318.892,1619.312,0,67.971,0,5.997,1356,1850,1.280,1.580,1.080,2,0,0,0,0,18,323,0,10,0
20-01 07:41:10,2.000,0.500,97.005,0,0.250,5207460,257924,183132,2351912,5992.333,1620.090,0,0,0,0,1154,1643,1.170,1.560,1.070,0,0,0,0,0,18,323,0,10,0
20-01 07:41:11,1.750,1.000,94.984,0.500,0,5206656,258716,183132,2351924,8490.606,1619.734,0,439.928,0,51.991,1687,2323,1.170,1.560,1.070,0,0,0,0,0,18,323,0,10,0
20-01 07:41:12,2.000,0.500,96.480,0,0,5206352,259020,183132,2351924,7131.514,1619.662,0,299.937,0,19.996,1205,1711,1.170,1.560,1.070,1,0,0,0,0,18,323,0,10,0
20-01 07:41:13,1.751,0.750,96.547,0,0,5206192,259180,183132,2351924,9086.450,1620.794,0,32.016,0,4.002,1275,1727,1.170,1.560,1.070,0,0,0,0,0,18,323,0,10,0
20-01 07:41:14,1.750,1.000,96.497,0,0,5206096,259276,183132,2351924,6826.816,1511.959,0,16.000,0,1.000,1186,1636,1.170,1.560,1.070,0,0,0,0,0,18,323,0,10,0
20-01 07:41:15,2.500,0.250,95.988,0,0,5206348,259024,183132,2351924,40995.806,1565.802,0,0,0,0,1278,1684,1.080,1.530,1.070,0,0,1.000,0,0,18,323,0,10,0
20-01 07:41:16,2.250,1.250,95.490,0.250,0,5206336,259024,183132,2351936,44484.521,1619.837,0,323.967,0,34.996,1611,2126,1.080,1.530,1.070,0,0,0,0,0,18,323,0,10,0
20-01 07:41:17,2.248,0.749,95.899,0.250,0,5206336,259024,183132,2351936,7674.937,1618.300,0,67.929,0,8.991,1276,1740,1.080,1.530,1.070,0,0,0,0,0,18,323,0,10,0
20-01 07:41:18,7.507,3.503,88.332,0,0,5195176,270180,183132,2351836,5749.314,1621.499,0,124.115,0,14.013,2617,7359,1.080,1.530,1.070,0,0,36.033,0,0,18,323,0,10,0
20-01 07:41:19,2.001,0.500,96.033,0,0,5195404,269952,183132,2351940,9104.105,1620.553,0,0,0,0,1392,1893,1.080,1.530,1.070,0,0,0,0,0,18,323,0,10,0
20-01 07:41:20,1.500,0.750,97.017,0,0,5194232,271124,183132,2351940,6929.189,1620.278,0,8.001,0,1.000,1138,1616,0.990,1.500,1.060,0,0,0,0,0,18,323,0,10,0
20-01 07:41:21,2.000,0.750,95.742,0.250,0,5193344,272012,183132,2351940,8587.324,1511.881,15.999,915.928,1.000,173.986,1702,2290,0.990,1.500,1.060,0,0,1.000,0,0,18,323,0,10,0
20-01 07:41:22,1.999,1.499,94.967,0.250,0,5193576,271760,183132,2351960,8020.212,1619.437,0,555.807,0,38.986,1530,2142,0.990,1.500,1.060,0,0,1.000,0,0,18,323,0,10,0
20-01 07:41:23,2.000,0.750,97.015,0,0,5193576,271760,183132,2351960,5937.903,1566.238,0,0,0,0,1158,1701,0.990,1.500,1.060,0,0,0,0,0,18,323,0,10,0
20-01 07:41:24,2.000,0.500,96.270,0,0,5193572,271760,183132,2351964,8414.718,1620.331,0,4.001,0,1.000,1307,1763,0.990,1.500,1.060,0,0,0,0,0,18,323,0,10,0
20-01 07:41:25,6.250,2.250,90.250,0.250,0,5212960,252372,183132,2351964,7820.042,1620.009,0,204.001,0,15.000,1669,1917,0.990,1.500,1.060,1,0,3.000,0,0,18,323,0,10,0
20-01 07:41:26,20.002,6.501,72.258,0,0,5216288,249044,183132,2351964,8785.030,1620.190,768.090,228.027,6.001,23.003,2985,2551,0.990,1.500,1.060,1,0,9.001,0,0,18,323,0,10,0
20-01 07:41:27,7.998,2.000,88.979,0,0,5206172,259152,183132,2351972,9337.835,1619.625,255.941,39.991,2.000,1.000,1700,1788,0.990,1.500,1.060,0,0,1.000,0,0,18,323,0,10,0
20-01 07:41:28,1.250,1.000,96.481,0.250,0,5206396,258928,183132,2351972,10004.045,1511.705,0,119.977,0,9.998,1268,1667,0.990,1.500,1.060,1,0,0,0,0,18,323,0,10,0
20-01 07:41:29,2.500,0.750,96.518,0,0,5206396,258928,183132,2351972,8134.543,1620.307,0,32.006,0,3.001,1312,1739,0.990,1.500,1.060,0,0,2.000,0,0,18,323,0,10,0
20-01 07:41:30,1.749,0.750,96.222,0,0,5206112,259212,183132,2351972,7121.916,1565.542,0,3.999,0,1.000,1150,1598,0.910,1.470,1.060,0,0,0,0,0,18,323,0,10,0
20-01 07:41:31,2.250,1.000,95.756,0,0,5206104,259212,183132,2351980,7705.450,1620.095,0,164.010,0,22.001,1454,2045,0.910,1.470,1.060,0,0,0,0,0,18,323,0,10,0
20-01 07:41:32,1.750,2.500,93.734,0.750,0,5202560,262752,183132,2351984,9893.271,1619.717,0,1155.798,0,171.970,1722,1936,0.910,1.470,1.060,1,0,0,0,0,18,323,0,10,0
20-01 07:41:33,1.751,0.500,96.549,0,0,5202560,262752,183132,2351984,10156.187,1620.828,0,60.031,0,4.002,1182,1631,0.910,1.470,1.060,0,0,0,0,0,18,323,0,10,0
20-01 07:41:34,1.999,0.750,96.714,0,0,5202560,262752,183132,2351984,8317.876,1619.392,0,0,0,0,1236,1709,0.910,1.470,1.060,0,0,0,0,0,18,323,0,10,0
20-01 07:41:35,1.750,0.500,96.021,0,0,5202556,262752,183132,2351988,8895.919,1512.326,0,0,0,0,1335,1760,0.920,1.460,1.060,0,0,1.000,0,0,18,323,0,10,0
20-01 07:41:36,3.000,1.000,94.760,0.500,0,5202556,262752,183132,2351988,9439.997,1620.171,0,336.036,0,37.004,1747,2418,0.920,1.460,1.060,0,0,1.000,0,0,18,323,0,10,0
20-01 07:41:37,2.750,0.750,95.754,0.250,0,5202544,262752,183132,2352000,7372.281,1620.062,0,3796.145,0,124.005,1669,2102,0.920,1.460,1.060,0,0,1.000,0,0,18,323,0,10,0
20-01 07:41:38,6.500,1.500,91.252,0,0,5207988,257308,183132,2352000,138121.773,4212.085,0,120.002,0,3.000,1871,2115,0.920,1.460,1.060,0,0,4.000,0,0,18,323,0,10,0
20-01 07:41:39,14.485,4.995,78.667,0.499,0,5225288,239916,183148,2352116,439860.648,16866.271,115.878,0,5.994,0,3558,3016,0.920,1.460,1.060,1,0,34.963,0,0,18,323,0,10,0
20-01 07:41:40,16.077,7.787,74.609,0.502,0,5220176,240916,183148,2356408,155605.731,5725.513,16.077,454.182,1.005,22.106,3460,2700,0.930,1.450,1.050,1,0,40.193,0,0,18,323,0,10,0
