"pcp-dstat 6.2.0 CSV Output"
"Author:","PCP team <pcp@groups.io> and Dag Wieers <dag@wieers.com>",,,,"URL:","https://pcp.io/ and http://dag.wieers.com/home-made/dstat/"
"Host:","ubuntu",,,,"User:","ubuntu"
"Cmdline:","dstat -tcmndrylpg --tcp --output /tmp/devstack_logs/dstat-csv.log",,,,"Date:","19 Jan 2026 12:43:04 UTC"
"system","total usage",,,,,"memory usage",,,,"net/total",,"dsk/total",,"io/total",,"system",,"load avg",,,"procs",,,"paging",,"tcp sockets",,,,
"time","total usage:usr","total usage:sys","total usage:idl","total usage:wai","total usage:stl","used","free","buf","cach","net/total:recv","net/total:send","dsk/total:read","dsk/total:writ","read","writ","int","csw","1m","5m","15m","run","blk","new","in","out","lis","act","syn","tim","clo"
19-01 12:43:04,,1001852,1703156,162492,4954008,,,,,,,1.540,0.910,0.500,2,0,,,,10,6,0,17,0
19-01 12:43:05,20.971,20.222,56.422,0.499,0,1023420,1681104,162524,4954360,23618.337,11773.717,0,2440.625,0,91.873,6732,5628,1.540,0.910,0.500,3,0,512.292,0,0,10,4,0,17,2
19-01 12:43:06,25.482,19.487,54.712,0.500,0,1022644,1664272,162588,4971352,198731.536,13573.611,0,2434.316,0,83.942,7005,6955,1.540,0.910,0.500,3,0,354.755,0,0,10,4,0,17,2
19-01 12:43:07,38.102,17.797,42.363,0.501,0,1033172,1635648,163480,4985248,7239.286,1624.327,0,1868.979,0,65.174,6898,7054,1.570,0.930,0.510,2,0,248.662,0,0,10,4,0,17,2
19-01 12:43:08,35.034,10.187,53.918,0.497,0,1162484,1487840,163952,5126040,8828.683,1449.085,15.902,4889.915,0.994,43.731,4708,3870,1.570,0.930,0.510,4,0,105.352,0,0,11,6,0,17,2
19-01 12:43:09,39.806,11.516,48.068,0.751,0,1176940,1451956,164404,5145440,8503.984,1622.286,0,1778.506,0,70.099,4867,3416,1.570,0.930,0.510,3,0,195.275,0,0,11,6,0,19,2
19-01 12:43:10,42.965,6.245,48.711,1.249,0,1234216,1378328,165424,5158192,7716.780,1618.695,31.974,4608.285,1.998,129.895,3471,2165,1.570,0.930,0.510,3,0,0,0,0,11,6,0,19,2
19-01 12:43:11,45.601,4.259,48.858,1.002,0,1266256,1316796,166348,5183944,9212.386,1665.686,0,2625.811,0,77.171,3372,1990,1.570,0.930,0.510,3,0,0,0,0,11,8,0,19,2
19-01 12:43:12,28.540,7.260,49.569,13.519,0,1275920,1290180,168080,5197616,14065.559,3693.135,0,48916.020,0,3894.415,18988,28753,1.770,0.980,0.530,3,1,55.077,0,0,11,8,0,19,3
19-01 12:43:13,39.637,9.722,43.376,4.737,0,1188324,1394504,168380,5181008,9770.169,2267.541,0,41290.381,0,2751.163,13535,17705,1.770,0.980,0.530,3,0,120.656,0,0,11,4,0,19,0
19-01 12:43:14,40.241,5.249,53.738,0.250,0,1250284,1326516,168472,5186444,14428.739,3790.143,0,2279.485,0,42.990,2951,1659,1.770,0.980,0.530,3,0,15.996,0,0,11,4,0,19,1
19-01 12:43:15,45.455,5.274,48.217,0.753,0,1237200,1338180,168596,5187540,11251.658,2231.045,0,7654.463,0,384.732,4049,3235,1.770,0.980,0.530,3,0,29.131,0,0,11,5,0,19,0
19-01 12:43:16,40.074,5.974,52.271,0.249,0,1249724,1317812,169108,5193512,13572.531,4052.245,0,1150.957,0,32.856,6199,8825,1.770,0.980,0.530,3,0,6.969,0,0,11,4,0,19,0
19-01 12:43:17,46.127,7.019,45.625,0.251,0,1264616,1302220,169164,5193988,5398.817,1624.458,0,1696.657,0,8.022,11200,19145,1.950,1.030,0.550,5,0,13.036,0,0,11,4,0,19,0
19-01 12:43:18,28.028,26.777,44.545,0.501,0,1157228,1419400,169220,5185008,5714.777,1621.639,0,2918.951,0,200.202,10998,13709,1.950,1.030,0.550,3,0,546.552,0,0,11,4,0,19,0
19-01 12:43:19,39.050,18.273,41.803,0,0,1091400,1489564,169228,5181724,8902.341,1622.066,0,36.046,0,7.009,6319,7771,1.950,1.030,0.550,3,0,338.431,0,0,11,4,0,19,0
19-01 12:43:20,51.608,11.967,35.901,0,0,1182388,1398532,169232,5181852,7034.674,1615.562,0,3.989,0,0.997,4271,3742,1.950,1.030,0.550,3,0,180.504,0,0,11,5,0,19,0
19-01 12:43:21,46.997,3.500,48.746,0,0,1237108,1343364,169240,5182292,8892.349,1619.881,0,467.966,0,38.997,2819,1216,1.950,1.030,0.550,3,0,0,0,0,11,5,0,19,0
19-01 12:43:22,42.998,8.500,47.998,0,0,1258500,1320232,169276,5183984,8623.582,1619.921,0,1003.951,0,74.996,3072,3175,2.190,1.100,0.570,4,0,0,0,0,11,5,0,19,0
19-01 12:43:23,10.753,8.002,80.020,0,0,1251000,1326908,169312,5184708,9169.246,1620.397,0,16251.981,0,107.026,3208,3201,2.190,1.100,0.570,2,0,124.030,0,0,11,4,0,19,0
19-01 12:43:24,12.754,3.251,83.024,0,0,1296608,1281296,169320,5184708,8476.410,1458.415,0,432.123,0,4.001,1596,1410,2.190,1.100,0.570,1,0,22.006,0,0,11,4,0,19,0
19-01 12:43:25,23.139,2.737,73.398,0,0,1343728,1234172,169320,5184712,6643.113,1612.261,0,0,0,0,1774,1251,2.190,1.100,0.570,2,0,0,0,0,11,4,0,17,0
19-01 12:43:26,23.142,2.264,72.946,1.006,0,1365536,1212024,169424,5184948,9128.868,1629.975,0,1283.857,0,173.059,3248,3881,2.190,1.100,0.570,2,0,2.012,0,0,11,10,0,17,0
19-01 12:43:27,20.880,4.971,72.582,0.746,0,1337448,1240016,169476,5184992,9968.541,1610.716,11.931,3169.729,2.983,179.963,3104,2776,2.100,1.100,0.570,1,1,41.759,0,0,11,4,0,19,0
19-01 12:43:28,19.608,3.519,75.917,0.503,0,1362940,1213968,169740,5185244,42974.787,3964.753,361.986,29642.639,17.094,98.541,2111,1415,2.100,1.100,0.570,1,0,0,0,0,11,5,0,19,0
19-01 12:43:29,16.916,2.488,74.132,4.975,0,1360624,1215936,169788,5185476,46325.228,4298.679,266.677,1938.386,65.674,35.822,2646,2615,2.100,1.100,0.570,2,0,0.995,0,0,11,25,1,16,0
19-01 12:43:30,20.739,5.247,74.209,0,0,1365588,1210828,169788,5185620,11297.750,4864.309,0,0,0,0,2409,1810,2.100,1.100,0.570,3,0,44.975,0,0,11,28,0,16,0
19-01 12:43:31,19.021,2.002,78.588,0,0,1368664,1207744,169788,5185624,12996.472,5753.407,0,0,0,0,1722,1175,2.100,1.100,0.570,2,0,0,0,0,11,29,0,16,0
19-01 12:43:32,25.703,11.479,62.135,0,0,1409716,1166664,169792,5185648,10909.864,4454.778,0,1038.084,0,9.982,3629,2748,2.090,1.110,0.580,3,0,155.713,0,0,11,28,0,17,0
19-01 12:43:33,36.933,5.025,58.288,0,0,1495744,1080624,169792,5185660,13794.217,9267.833,0,7903.084,0,135.671,3209,2286,2.090,1.110,0.580,3,0,0,0,0,11,30,0,17,0
19-01 12:43:34,36.566,5.009,57.104,0.250,0,1393576,1182556,169816,5185868,21784.590,12409.552,0,308.561,0,21.038,5515,7290,2.090,1.110,0.580,3,0,55.100,0,0,11,28,0,18,0
19-01 12:43:35,66.249,28.249,5.000,0,0,1524896,1051188,169824,5185904,7784.849,1619.969,0,511.990,0,22.000,5812,4889,2.090,1.110,0.580,7,0,522.990,0,0,11,28,0,18,0
19-01 12:43:36,85.460,10.495,3.998,0,0.250,1722900,853156,169824,5185928,20427.465,17116.011,0,0,0,0,5200,3657,2.090,1.110,0.580,6,0,1.000,0,0,11,32,0,18,0
19-01 12:43:37,80.221,9.996,8.997,0,0,1668996,906768,169840,5186884,37115.484,29095.405,0,759.723,0,60.978,9151,15146,2.320,1.180,0.600,7,0,113.959,0,0,11,31,0,21,0
19-01 12:43:38,37.862,12.455,49.071,0,0,1581804,993968,169844,5186184,10591.322,4159.809,0,330.792,0,23.913,4885,8402,2.320,1.180,0.600,2,0,231.156,0,0,11,28,0,22,0
19-01 12:43:39,17.771,4.255,77.341,0,0,1551908,1023852,169844,5186196,15686.498,6708.911,0,31184.774,0,104.123,2438,2177,2.320,1.180,0.600,1,0,0,0,0,11,29,0,22,0
19-01 12:43:40,16.970,5.490,76.614,0.499,0,1502260,1073488,169848,5186204,10565.196,3422.908,0,710.735,0,52.906,3084,2989,2.320,1.180,0.600,2,0,67.879,0,0,11,28,0,23,0
19-01 12:43:41,18.470,2.496,78.121,0,0,1511088,1064656,169848,5186208,9378.517,5525.878,0,0,0,0,1976,1676,2.320,1.180,0.600,2,0,0,0,0,11,29,0,23,0
19-01 12:43:42,14.331,9.302,75.677,0,0,1411320,1164384,169868,5186228,12027.844,4542.623,0,156.885,0,20.113,4198,3993,2.380,1.210,0.620,2,0,175.993,0,0,11,28,0,24,0
19-01 12:43:43,17.514,30.024,52.041,0,0,1393128,1182568,169868,5186236,9432.480,1621.286,0,236.187,0,19.015,6424,5286,2.380,1.210,0.620,6,0,741.588,0,0,11,28,0,24,0
19-01 12:43:44,81.243,18.498,0,0,0,1593740,981904,169868,5186276,10382.129,1619.864,0,63694.654,0,190.984,5495,2904,2.380,1.210,0.620,6,0,121.990,0,0,11,28,0,24,0
19-01 12:43:45,76.163,8.490,15.233,0,0,1686356,889244,169868,5186320,38262.090,29605.025,0,595.317,0,35.959,6146,7183,2.380,1.210,0.620,8,0,0,0,0,11,33,0,24,0
19-01 12:43:46,70.081,14.767,14.767,0.250,0,1524952,1050412,169884,5186540,32281.395,23050.702,0,604.700,0,76.088,9202,13199,2.380,1.210,0.620,7,0,249.289,0,0,11,28,0,25,0
19-01 12:43:47,84.013,16.253,0,0,0,1633160,942184,169884,5186560,8799.371,1620.253,0,184.029,0,10.002,5088,2986,2.670,1.290,0.650,7,0,62.010,0,0,11,28,0,25,0
19-01 12:43:48,86.849,8.212,4.479,0,0,1760352,814760,169884,5186788,31843.968,28781.110,0,143.338,0,9.954,6256,6046,2.670,1.290,0.650,5,0,0,0,0,11,34,0,25,0
19-01 12:43:49,72.050,9.038,18.577,0.502,0,1753368,821500,169884,5187160,44989.583,37273.411,0,6229.976,0,402.679,11485,16786,2.670,1.290,0.650,6,0,87.364,0,0,11,28,0,30,0
19-01 12:43:50,44.990,13.997,39.991,0,0,1576400,998448,169888,5187176,8406.113,1565.648,0,207.953,0,12.997,3435,2347,2.670,1.290,0.650,3,0,210.953,0,0,11,28,0,30,0
19-01 12:43:51,32.508,3.751,63.515,0,0,1561380,1013440,169892,5187200,19335.673,13480.258,0,156.038,0,9.002,3818,4069,2.670,1.290,0.650,5,0,0,0,0,11,30,0,30,0
19-01 12:43:52,48.256,18.904,31.093,0,0,1469048,1105732,169896,5187236,15351.331,7932.864,0,302.470,0,24.874,5612,5683,2.610,1.300,0.650,4,0,376.097,0,0,11,28,0,32,0
19-01 12:43:53,54.210,6.525,39.654,0,0,1571464,1003288,169896,5187264,20920.021,13284.449,0,176.684,0,8.031,4098,2696,2.610,1.300,0.650,4,0,0,0,0,11,31,0,32,0
19-01 12:43:54,51.323,10.265,37.553,0.250,0,1512472,1062076,169916,5187448,26115.048,18279.933,0,3605.114,0,181.257,7482,10011,2.610,1.300,0.650,5,0,201.286,0,0,11,28,0,31,0
19-01 12:43:55,82.645,16.729,0.250,0,0,1572924,1001556,169960,5187472,11044.927,1859.630,0,3379.694,0,186.762,5539,3010,2.610,1.300,0.650,4,0,56.927,0,0,11,28,1,31,0
19-01 12:43:56,57.513,6.501,35.258,0.250,0,1603300,971104,169968,5187540,34378.780,29839.752,0,312.071,0,21.005,6797,8623,2.610,1.300,0.650,3,0,1.000,0,0,11,32,0,31,0
19-01 12:43:57,62.052,18.516,18.265,0,0,1500160,1074024,169996,5187732,19449.361,13509.364,0,540.455,0,46.039,6831,8206,2.480,1.290,0.660,4,0,324.273,0,0,11,28,0,34,0
19-01 12:43:58,53.323,6.696,39.930,0,0,1552760,1021408,170000,5187744,56007.783,13139.845,0,257.936,0,12.897,3992,2611,2.480,1.290,0.660,4,0,0,0,0,11,31,0,31,0
19-01 12:43:59,52.511,12.311,34.170,0.502,0,1454280,1119836,170004,5187792,59111.329,19045.510,0,4257.125,0,231.147,8102,10253,2.480,1.290,0.660,6,0,221.097,0,0,11,28,0,33,0
19-01 12:44:00,63.872,13.526,22.543,0,0,1557012,1017068,170008,5187824,9061.365,1623.110,0,180.346,0,9.017,4079,1899,2.480,1.290,0.660,6,0,79.152,0,0,11,28,0,33,0
19-01 12:44:01,42.968,5.246,50.962,0,0,1584656,989108,170024,5188124,29470.151,23754.389,0,175.870,0,15.988,5306,6667,2.480,1.290,0.660,7,0,0,0,0,11,31,0,33,0
19-01 12:44:02,59.616,17.033,22.043,0,0,1482908,1090688,170028,5188288,17167.450,7437.492,0,220.429,0,13.025,5593,5207,2.440,1.310,0.660,4,0,287.560,0,0,11,28,0,33,0
19-01 12:44:03,54.316,5.980,39.616,0,0,1577756,995696,170032,5188428,21514.310,13944.885,0,147.502,0,8.970,4182,3052,2.440,1.310,0.660,6,0,0,0,0,11,31,0,33,0
19-01 12:44:04,51.469,12.243,34.979,0.750,0,1494152,1079212,170064,5188484,21089.283,14872.032,0,1319.205,0,99.940,6189,8011,2.440,1.310,0.660,4,0,111.933,0,0,11,28,0,35,0
19-01 12:44:05,56.656,6.489,36.689,0,0,1596568,976764,170064,5188512,17055.717,9777.786,0,0,0,0,3704,2056,2.440,1.310,0.660,3,0,0,0,0,11,31,0,35,0
19-01 12:44:06,50.684,10.789,37.637,0,0,1501196,1072080,170072,5188560,26031.659,19076.367,0,333.212,0,32.117,6651,8962,2.440,1.310,0.660,4,0,166.606,0,0,11,28,0,37,0
19-01 12:44:07,69.678,28.573,2.506,0,0,1542444,1030772,170080,5188612,6898.664,1636.189,0,232.596,0,22.056,5559,4906,2.410,1.320,0.670,9,0,520.332,0,0,11,28,0,37,0
19-01 12:44:08,84.740,15.248,0.250,0,0,1710832,862220,170084,5188772,19704.718,11758.638,0,167.981,0,7.999,5704,4832,2.410,1.320,0.670,8,0,373.957,0,0,11,31,0,37,0
19-01 12:44:09,76.242,19.248,3.250,0,0,1742916,830012,170108,5188872,49181.880,41742.654,0,1279.867,0,54.994,8232,10186,2.410,1.320,0.670,5,0,440.954,0,0,11,32,0,37,0
19-01 12:44:10,78.718,20.742,0.250,0,0,1589996,982688,170116,5189108,25484.718,15129.895,0,431.826,0,43.982,6426,7327,2.410,1.320,0.670,6,0,354.857,0,0,11,28,0,36,0
19-01 12:44:11,86.286,9.504,5.002,0,0,1659800,912872,170116,5189120,17652.386,11412.775,0,152.064,0,8.003,4817,2771,2.410,1.320,0.670,6,0,0,0,0,11,31,0,36,0
19-01 12:44:12,73.804,8.727,16.456,0,0,1689644,882808,170116,5189340,44728.277,39612.855,0,207.449,0,11.968,7384,13872,2.540,1.360,0.690,8,0,24.934,0,0,11,31,0,38,0
19-01 12:44:13,29.035,23.529,45.556,0,0,1527740,1044652,170116,5189400,19024.185,10296.549,0,20.024,0,5.006,7064,7672,2.540,1.360,0.690,2,0,668.815,0,0,11,28,0,41,0
19-01 12:44:14,47.721,34.979,18.239,0,0,1542156,1030196,170116,5189440,9942.904,1619.007,0,2442.503,0,120.926,6618,5844,2.540,1.360,0.690,6,0,898.449,0,0,11,28,0,41,0
19-01 12:44:15,74.546,8.755,16.260,0,0,1609148,963164,170116,5189480,18410.262,14354.781,0,8.005,0,2.001,4889,3507,2.540,1.360,0.690,6,0,10.006,0,0,11,31,0,41,0
19-01 12:44:16,59.181,13.484,25.720,0.250,0,1565248,1006840,170128,5189692,29528.638,20973.594,0,1002.833,0,80.906,7497,10470,2.540,1.360,0.690,6,0,161.812,0,0,11,29,0,44,0
19-01 12:44:17,79.002,14.205,7.227,0,0,1563172,1008856,170136,5189744,12394.110,8179.335,0,295.074,0,20.934,5129,3273,2.650,1.410,0.710,3,0,106.665,0,0,11,30,0,45,0
19-01 12:44:18,65.485,6.774,27.348,0,0,1599732,972104,170140,5189932,37718.255,27877.969,0,176.633,0,8.029,7983,10708,2.650,1.410,0.710,5,0,0,0,0,11,32,0,45,0
19-01 12:44:19,55.438,6.493,36.709,0,0,1588116,983436,170164,5190192,46085.458,37831.689,0,319.643,0,31.964,11822,19028,2.650,1.410,0.710,5,0,29.966,0,0,11,30,0,45,0
19-01 12:44:20,79.014,16.305,4.515,0,0,1532452,1039068,170172,5190228,12014.180,7019.476,0,549.839,0,69.232,5905,5583,2.650,1.410,0.710,5,0,90.302,0,0,11,28,0,45,0
19-01 12:44:21,63.970,7.467,27.878,0.249,0,1607600,963864,170180,5190276,31885.502,23954.201,0,183.199,0,11.948,5694,6125,2.650,1.410,0.710,3,0,0,0,0,11,32,0,45,0
19-01 12:44:22,51.948,7.278,39.149,0,0,1609228,961848,170180,5190664,48464.260,39016.339,0,212.809,0,12.046,11558,18454,2.680,1.430,0.720,4,0,0,0,0,11,31,0,45,1
19-01 12:44:23,67.718,18.991,12.744,0,0,1513144,1057872,170184,5190720,27269.121,18263.375,0,155.926,0,8.996,7596,9438,2.680,1.430,0.720,5,0,265.874,0,0,11,28,0,49,0
19-01 12:44:24,75.318,10.009,13.763,0,0,1599948,971028,170188,5190748,19050.305,12056.952,0,160.145,0,9.008,4717,2535,2.680,1.430,0.720,5,0,0,0,0,11,31,0,49,0
19-01 12:44:25,61.194,7.463,30.597,0,0,1584780,985952,170192,5190988,40943.369,33785.145,0,214.926,0,10.945,9104,14499,2.680,1.430,0.720,3,0,33.831,0,0,11,31,0,50,0
19-01 12:44:26,76.283,15.257,8.504,0,0,1532664,1037872,170208,5191168,19133.206,11110.765,0,340.146,0,31.013,6310,6927,2.680,1.430,0.720,5,0,95.041,0,0,11,28,0,51,0
19-01 12:44:27,69.099,7.511,22.532,0,0.250,1639020,931492,170212,5191188,24745.509,17769.499,0,244.351,0,25.036,4906,3746,2.790,1.480,0.740,3,0,0,0,0,11,31,0,52,0
19-01 12:44:28,68.567,14.014,17.267,0.250,0,1619384,951060,170224,5191244,60291.094,20323.920,0,260.255,0,21.021,7116,10124,2.790,1.480,0.740,3,0,120.118,0,0,11,30,0,53,0
19-01 12:44:29,65.723,10.995,22.741,0,0,1560312,1009920,170224,5191420,71213.449,26676.930,0,251.895,0,21.991,6292,9889,2.790,1.480,0.740,4,0,114.952,0,0,11,32,0,55,0
19-01 12:44:30,74.615,14.022,10.767,0,0,1517868,1052316,170224,5191468,20955.385,14992.169,0,236.365,0,17.026,6133,7072,2.790,1.480,0.740,4,0,116.180,0,0,11,33,0,57,0
19-01 12:44:31,70.671,8.990,19.728,0,0,1581116,988908,170228,5191624,25624.192,17031.852,0,115.870,0,5.993,5225,5400,2.790,1.480,0.740,6,0,5.993,0,0,11,34,0,55,0
19-01 12:44:32,71.014,12.002,16.253,0,0,1591108,978720,170232,5191812,24902.977,18182.634,0,252.050,0,26.005,6194,7157,2.880,1.520,0.760,6,0,62.012,0,0,11,33,0,56,1
19-01 12:44:33,59.094,11.968,27.926,0,0,1596468,973288,170244,5191864,24155.301,16622.166,0,386.980,0,34.908,5490,5661,2.880,1.520,0.760,3,0,137.637,0,0,11,33,0,59,0
19-01 12:44:34,56.876,11.776,31.570,0,0,1558120,1011616,170260,5191868,13902.842,7407.433,0,256.569,0,23.051,4645,3541,2.880,1.520,0.760,6,0,120.267,0,0,11,33,0,60,0
19-01 12:44:35,50.055,8.509,40.545,0.250,0,1540840,1028820,170268,5191936,22033.405,16892.711,0,380.421,0,20.022,4995,5888,2.880,1.520,0.760,7,0,96.106,0,0,11,34,0,59,0
19-01 12:44:36,55.245,10.499,33.747,0,0,1552084,1017396,170268,5192116,18459.208,14513.591,0,187.982,0,8.999,5304,6487,2.880,1.520,0.760,3,0,86.992,0,0,11,33,0,61,0
19-01 12:44:37,54.008,6.251,38.756,0.250,0,1563096,1006320,170272,5192176,24112.530,14601.138,0,184.027,0,14.002,4195,4073,2.810,1.530,0.760,2,0,0,0,0,11,35,0,61,0
19-01 12:44:38,43.555,8.213,47.538,0,0,1582452,986900,170276,5192232,24152.075,17724.795,0,306.630,0,23.893,6784,16333,2.810,1.530,0.760,2,0,121.457,0,0,11,33,0,64,0
19-01 12:44:39,36.650,11.296,50.958,0.251,0,1480332,1089012,170276,5192236,10593.264,2862.692,0,253.033,0,23.094,4082,3196,2.810,1.530,0.760,2,0,135.554,0,0,11,32,0,58,0
19-01 12:44:40,36.230,4.248,59.217,0,0,1531652,1037668,170280,5192256,18145.889,12422.078,0,1627.093,0,15.991,2926,2641,2.810,1.530,0.760,2,0,0,0,0,11,34,0,58,0
19-01 12:44:41,36.541,8.259,54.811,0,0,1445696,1123476,170296,5192384,17123.153,8377.371,0,748.838,0,51.057,4769,5652,2.810,1.530,0.760,3,0,119.133,0,0,11,32,0,60,0
19-01 12:44:42,38.888,6.731,53.596,0,0,1536308,1032712,170300,5192528,12200.836,6388.588,0,115.667,0,8.974,2976,2010,2.670,1.520,0.760,3,0,18.945,0,0,11,33,0,60,0
19-01 12:44:43,33.708,7.491,58.428,0.250,0,1510272,1058724,170300,5192552,19395.980,11211.116,0,211.738,0,22.972,4249,4612,2.670,1.520,0.760,2,0,59.926,0,0,11,33,0,59,0
19-01 12:44:44,36.708,4.994,57.185,0,0,1510500,1058352,170308,5192688,18067.526,8868.950,0,203.769,0,19.977,3254,3216,2.670,1.520,0.760,4,0,4.994,0,0,11,33,0,60,0
19-01 12:44:45,37.488,4.499,57.482,0,0,1447588,1121212,170316,5192732,19345.980,13051.939,0,4238.681,0,175.945,4439,4887,2.670,1.520,0.760,4,0,4.998,0,0,11,33,0,61,0
19-01 12:44:46,37.246,7.749,53.244,0.250,0,1486536,1082212,170344,5192756,15329.238,7195.173,0,1899.782,0,112.987,3987,4562,2.670,1.520,0.760,3,0,43.995,0,0,11,32,0,62,0
19-01 12:44:47,37.556,4.757,58.086,0,0,1528412,1040316,170348,5192772,20037.623,11527.041,0,116.172,0,8.012,3241,3333,2.610,1.530,0.770,2,0,0,0,0,11,34,0,61,0
19-01 12:44:48,26.990,12.495,59.727,0.250,0,1437324,1131296,170348,5192872,20252.356,13816.785,0,307.884,0,27.989,6105,7176,2.610,1.530,0.770,2,0,276.895,0,0,11,32,0,62,1
19-01 12:44:49,22.000,3.750,73.499,0,0,1406872,1161744,170356,5192868,8835.866,1685.974,0,171.997,0,12.000,2052,1480,2.610,1.530,0.770,2,0,5.000,0,0,11,32,0,63,0
19-01 12:44:50,16.497,2.250,79.734,0,0,1420292,1148176,170360,5193012,15656.784,9697.008,0,319.934,0,46.990,2561,2753,2.610,1.530,0.770,1,0,1.000,0,0,11,33,0,63,0
19-01 12:44:51,12.285,12.786,73.959,0.251,0.251,1386520,1181912,170368,5193036,12199.523,3973.244,0,260.738,0,28.079,4838,4308,2.610,1.530,0.770,4,0,265.752,0,0,11,32,0,59,0
19-01 12:44:52,20.797,4.761,73.916,0,0,1443928,1124496,170372,5193040,8692.480,1623.639,0,152.341,0,8.018,1906,1305,2.480,1.520,0.770,2,0,19.043,0,0,11,32,0,59,0
19-01 12:44:53,16.428,2.489,80.147,0,0,1438652,1129744,170380,5193060,17963.831,11341.018,0,330.543,0,23.895,3216,3805,2.480,1.520,0.770,1,0,0,0,0,11,33,0,59,0
19-01 12:44:54,19.243,6.248,73.223,0.250,0,1372384,1196004,170384,5193064,8063.017,2579.046,0,1427.472,0,173.936,3034,2405,2.480,1.520,0.770,3,0,47.982,0,0,11,32,0,60,0
19-01 12:44:55,19.496,2.000,77.983,0,0,1396968,1171416,170384,5193068,14410.901,6659.568,0,59.987,0,3.999,1992,1588,2.480,1.520,0.770,2,0,0,0,0,11,33,0,57,0
19-01 12:44:56,17.739,1.999,78.450,0.500,0,1391800,1176528,170400,5193108,21194.514,10570.274,0,267.830,0,26.983,4571,6199,2.480,1.520,0.770,2,0,0.999,0,0,11,32,0,57,0
19-01 12:44:57,10.524,23.052,65.398,0,0,1372652,1195512,170408,5193264,9237.918,1623.677,0,264.599,0,15.034,6343,4934,2.370,1.510,0.770,3,0,562.273,0,0,11,32,0,59,0
19-01 12:44:58,42.201,8.240,49.193,0,0,1487556,1080384,170424,5193468,45748.236,1618.134,0,403.535,0,20.976,3407,2254,2.370,1.510,0.770,4,0,64.925,0,0,11,32,0,60,0
19-01 12:44:59,39.152,7.278,45.677,6.274,0.251,1539180,1022772,170940,5198388,41739.116,1626.317,0,15435.954,0,1374.338,9038,13716,2.370,1.510,0.770,6,0,71.277,0,0,11,36,0,55,0
19-01 12:45:00,38.723,8.744,40.222,11.742,0,1480944,1075896,171848,5202408,8499.084,1510.948,0,53051.075,0,4692.734,21657,34507,2.370,1.510,0.770,2,1,96.933,0,0,11,36,0,55,0
19-01 12:45:01,44.209,7.493,44.459,2.997,0,1517608,1039912,171980,5201596,9959.816,1618.508,0,17507.856,0,1264.834,7757,9395,2.370,1.510,0.770,3,0,12.988,0,0,11,32,0,55,0
19-01 12:45:02,43.512,6.252,46.513,3.251,0,1527352,1029868,172044,5201816,10596.917,1620.446,0,6609.820,0,1102.303,10070,12898,2.340,1.520,0.780,4,0,2.001,0,0,11,34,0,55,0
19-01 12:45:03,36.807,9.699,46.008,5.720,0,1501736,1054984,172232,5202120,7059.924,1611.537,0,15681.646,0,1912.954,14112,18854,2.340,1.520,0.780,2,0,99.478,0,0,11,32,0,55,0
19-01 12:45:04,23.226,3.746,70.926,1.498,0,1475224,1081376,172336,5202136,9074.489,1564.360,0,12395.009,0,672.295,4125,4548,2.340,1.520,0.780,3,0,0.999,0,0,11,32,0,52,0
19-01 12:45:05,23.023,3.003,73.322,0,0,1505996,1050604,172336,5202136,8105.947,1621.590,0,48.047,0,7.007,1972,1361,2.340,1.520,0.780,3,0,2.002,0,0,11,32,0,52,0
19-01 12:45:06,22.834,3.262,72.769,0.502,0,1515152,1041412,172348,5202156,6200.916,1626.009,0,1730.395,0,96.356,2140,1657,2.340,1.520,0.780,3,0,2.007,0,0,11,32,0,52,0
19-01 12:45:07,22.713,3.245,73.629,0,0,1549820,1006744,172348,5202156,7327.994,1617.350,0,167.725,0,37.938,1829,1103,2.230,1.510,0.780,2,0,1.997,0,0,11,32,0,52,0
19-01 12:45:08,22.522,3.003,73.573,0,0,1512864,1043684,172348,5202172,9560.468,1567.552,0,0,0,0,1965,1414,2.230,1.510,0.780,2,0,1.001,0,0,11,32,0,48,0
19-01 12:45:09,22.731,3.247,73.688,0,0,1542924,1013620,172348,5202172,7577.632,1618.640,0,7.993,0,1.998,1866,1141,2.230,1.510,0.780,2,0,1.998,0,0,11,32,0,48,0
19-01 12:45:10,21.745,3.999,73.483,0,0,1555352,1001112,172348,5202244,8583.019,1565.639,0,0,0,0,1817,1212,2.230,1.510,0.780,2,0,1.000,0,0,11,32,0,48,0
19-01 12:45:11,23.353,2.511,73.825,0,0,1581968,974496,172348,5202244,9321.993,1669.341,0,996.381,0,114.504,1957,1084,2.230,1.510,0.780,1,0,2.009,0,0,11,32,0,48,0
19-01 12:45:12,22.405,3.983,72.691,0,0,1531192,1025132,172360,5202332,10228.506,1613.141,0,370.425,0,13.941,2075,1673,2.130,1.500,0.780,3,0,0.996,0,0,11,32,0,47,0
19-01 12:45:13,21.705,3.992,73.598,0,0,1504412,1051876,172364,5202364,8115.217,1562.768,0,323.331,0,22.953,1943,1361,2.130,1.500,0.780,2,0,0.998,0,0,11,32,0,47,0
19-01 12:45:14,23.312,2.757,73.945,0,0,1522204,1034084,172364,5202364,5644.911,1624.290,0,0,0,0,1713,1050,2.130,1.500,0.780,2,0,2.005,0,0,11,32,0,47,0
19-01 12:45:15,22.241,3.499,73.469,0,0,1501072,1055196,172368,5202380,5955.516,1619.325,0,3.998,0,1.000,1845,1317,2.130,1.500,0.780,2,0,1.000,0,0,11,32,0,47,0
19-01 12:45:16,23.231,3.747,73.189,0,0,1489948,1066256,172368,5202444,9091.467,1564.703,0,7.993,0,1.998,1928,1246,2.130,1.500,0.780,3,0,1.998,0,0,11,32,0,41,0
19-01 12:45:17,22.501,3.500,73.753,0,0,1515820,1040384,172368,5202444,7836.335,1620.069,0,0,0,0,1787,1114,2.040,1.490,0.780,2,0,2.000,0,0,11,32,0,41,0
19-01 12:45:18,14.078,15.083,70.639,0,0,1455800,1100252,172372,5202592,8599.347,1628.969,0,442.436,0,5.028,4827,3485,2.040,1.490,0.780,2,0,330.821,0,0,11,32,0,41,0
19-01 12:45:19,7.508,21.023,69.826,0,0,1418292,1137588,172372,5202764,6964.543,1567.698,0,756.820,0,12.013,6064,4636,2.040,1.490,0.780,2,0,449.487,0,0,11,32,0,41,0
19-01 12:45:20,8.237,20.966,69.389,0,0,1423212,1132636,172372,5202796,9238.218,1617.412,0,175.719,0,1.997,6329,4782,2.040,1.490,0.780,2,0,474.241,0,0,11,32,0,38,0
19-01 12:45:21,18.941,7.726,72.523,0.249,0,1434548,1121300,172372,5202788,9362.631,1614.934,0,2001.721,0,231.275,3398,2193,2.040,1.490,0.780,2,0,119.625,0,0,11,32,0,38,0
19-01 12:45:22,22.496,2.749,73.986,0.250,0,1479172,1076688,172376,5202788,6062.862,1565.706,0,243.954,0,11.998,1897,1402,1.960,1.480,0.790,2,0,2.000,0,0,11,32,0,38,0
19-01 12:45:23,22.991,4.248,71.973,0.250,0,1474028,1081812,172380,5202784,9656.407,1619.397,0,351.869,0,22.991,2072,1422,1.960,1.480,0.790,3,0,6.997,0,0,11,32,0,38,0
19-01 12:45:24,22.750,3.000,74.001,0,0,1513792,1042048,172380,5202784,8622.073,1566.013,0,20.000,0,1.000,1751,1043,1.960,1.480,0.790,2,0,2.000,0,0,11,32,0,34,0
19-01 12:45:25,21.501,4.250,73.753,0,0,1487332,1068496,172380,5202796,5357.207,1620.063,0,0,0,0,1837,1333,1.960,1.480,0.790,3,0,1.000,0,0,11,32,0,34,0
19-01 12:45:26,22.724,3.246,73.416,0,0,1487824,1067992,172380,5202808,9273.343,1618.140,0,19.977,0,1.998,1835,1153,1.960,1.480,0.790,2,0,3.995,0,0,11,32,0,34,0
19-01 12:45:27,22.780,3.254,73.597,0,0,1481992,1073844,172380,5202788,8301.940,1622.138,0,4.005,0,1.001,1866,1262,1.880,1.470,0.790,3,0,0,0,0,11,32,0,34,0
19-01 12:45:28,22.511,3.002,73.537,0,0,1473652,1082164,172380,5202808,44003.098,1620.814,0,68.034,0,3.002,1911,1098,1.880,1.470,0.790,2,0,3.002,0,0,11,32,0,30,0
19-01 12:45:29,21.963,3.494,73.877,0,0,1529688,1026140,172380,5202796,41661.728,1563.400,0,0,0,0,1854,1196,1.880,1.470,0.790,2,0,0,0,0,11,32,0,30,0
19-01 12:45:30,22.730,2.997,73.936,0,0,1513124,1042688,172380,5202812,5606.112,1618.589,0,11.990,0,0.999,1757,1065,1.880,1.470,0.790,3,0,2.997,0,0,11,32,0,30,0
19-01 12:45:31,21.861,3.518,73.372,0,0,1544956,1010876,172380,5202788,10663.100,1670.475,0,2086.586,0,10.051,1853,1227,1.880,1.470,0.790,1,0,0,0,0,11,32,0,30,0
19-01 12:45:32,23.105,2.981,73.291,0,0,1509124,1046672,172384,5202820,7829.958,1609.916,0,234.531,0,12.919,2017,1457,1.810,1.470,0.790,2,0,2.981,0,0,11,32,0,24,0
19-01 12:45:33,21.484,4.746,73.445,0.250,0,1524720,1031160,172388,5202732,8814.355,1510.861,0,327.753,0,23.982,1903,1276,1.810,1.470,0.790,2,0,1.998,0,0,11,32,0,24,0
19-01 12:45:34,23.484,2.498,73.700,0,0,1498576,1057216,172388,5202820,7889.638,1618.900,0,87.940,0,0.999,1722,1010,1.810,1.470,0.790,2,0,0.999,0,0,11,32,0,24,0
19-01 12:45:35,22.736,3.248,73.956,0,0,1482656,1073136,172388,5202820,7937.279,1619.037,0,11.993,0,0.999,1858,1321,1.810,1.470,0.790,4,0,0.999,0,0,11,32,0,24,0
19-01 12:45:36,22.530,3.505,73.347,0,0,1499400,1056412,172388,5202800,8957.894,1664.210,0,572.760,0,95.126,2052,1385,1.810,1.470,0.790,2,0,1.001,0,0,11,32,0,17,0
19-01 12:45:37,22.766,3.002,73.801,0,0,1474820,1080972,172388,5202820,8607.948,1621.120,0,20.014,0,1.001,1841,1171,1.740,1.460,0.790,2,0,3.002,0,0,11,32,0,17,0
19-01 12:45:38,27.979,5.746,65.702,0,0,1492656,1063156,172388,5202800,5810.736,1618.812,0,19.985,0,0.999,2855,11466,1.740,1.460,0.790,2,0,35.974,0,0,11,32,0,18,0
19-01 12:45:39,22.307,3.760,73.688,0,0,1469184,1086616,172392,5202808,8388.361,1569.998,0,80.204,0,3.008,1811,1311,1.740,1.460,0.790,2,0,1.003,0,0,11,32,0,18,0
19-01 12:45:40,22.719,2.746,73.898,0,0,1511660,1044140,172392,5202808,7694.356,1617.762,0,11.983,0,0.999,1819,1179,1.740,1.460,0.790,2,0,1.997,0,0,11,32,0,14,0
19-01 12:45:41,11.339,18.395,69.296,0,0,1469540,1086196,172392,5202872,9944.340,1632.864,0,282.223,0,12.095,5809,4472,1.740,1.460,0.790,2,0,463.653,0,0,11,32,0,14,0
19-01 12:45:42,23.339,2.979,72.997,0.248,0,1465472,1090236,172404,5202888,8618.609,1501.652,0,135.069,0,8.938,2035,1624,1.680,1.450,0.790,2,0,0,0,0,11,32,0,14,0
19-01 12:45:43,22.940,3.242,73.559,0,0,1457212,1098244,172408,5203132,9145.213,1615.797,0,418.910,0,21.943,1968,1189,1.680,1.450,0.790,2,0,8.977,0,0,11,32,0,14,0
19-01 12:45:44,23.039,2.755,74.125,0,0,1462380,1093076,172408,5203132,7659.953,1622.744,0,0,0,0,1869,1249,1.680,1.450,0.790,4,0,0,0,0,11,32,0,14,0
19-01 12:45:45,14.831,15.585,68.626,0,0,1419232,1136092,172408,5203264,5944.605,1628.934,40.221,76.419,2.011,4.022,4622,3414,1.680,1.450,0.790,3,0,325.787,0,0,11,32,0,10,0
19-01 12:45:46,8.263,22.035,69.109,0,0,1406728,1148560,172408,5203300,7346.536,1716.696,0,120.189,0,5.008,6353,5006,1.680,1.450,0.790,2,0,513.807,0,0,11,32,0,10,0
19-01 12:45:47,9.002,22.505,67.514,0,0,1398060,1157188,172408,5203336,9152.954,1620.346,0,376.080,0,6.001,6468,4988,1.630,1.440,0.790,2,0,524.112,0,0,11,32,0,10,0
19-01 12:45:48,8.498,21.746,68.487,0,0,1384856,1170352,172412,5203364,7264.645,1619.698,0,1271.763,0,14.997,6360,4895,1.630,1.440,0.790,2,0,515.904,0,0,11,32,0,10,0
19-01 12:45:49,9.001,22.003,68.009,0,0,1389416,1165732,172412,5203392,8384.156,1566.216,0,1288.178,0,14.002,6458,5035,1.630,1.440,0.790,2,0,541.075,0,0,11,32,0,6,0
19-01 12:45:50,8.222,20.930,69.765,0,0,1390340,1164780,172412,5203420,7051.257,1614.563,0,689.678,0,8.970,6045,4518,1.630,1.440,0.790,2,0,452.476,0,0,11,32,0,6,0
19-01 12:45:51,8.277,21.320,69.478,0,0,1387780,1167312,172412,5203448,9775.148,1571.167,0,192.634,0,8.026,6143,4550,1.630,1.440,0.790,2,0,446.468,0,0,11,32,0,6,0
19-01 12:45:52,7.997,21.991,68.473,0,0,1386060,1168972,172412,5203500,9210.315,1565.374,0,423.830,0,22.991,6415,5073,1.580,1.430,0.790,2,0,491.803,0,0,11,32,0,6,0
19-01 12:45:53,9.455,20.403,69.419,0,0,1302088,1252912,172412,5203176,6740.899,1612.322,0,394.123,0,30.853,6247,4783,1.580,1.430,0.790,2,0,431.943,0,0,11,32,0,5,0
19-01 12:45:54,26.155,28.921,44.513,0.251,0,1361120,1193824,172428,5203560,5691.687,1629.645,0,796.715,0,46.274,7391,6688,1.580,1.430,0.790,6,0,825.888,0,0,11,32,0,9,0
19-01 12:45:55,66.182,10.739,22.727,0,0,1545536,1008852,172448,5204060,10550.106,1618.329,0,395.592,0,20.978,4388,2477,1.580,1.430,0.790,5,0,84.912,0,0,11,32,0,11,0
19-01 12:45:56,56.292,9.257,24.768,8.006,0,1637016,906860,173140,5212784,10733.969,1621.204,372.276,38628.679,3.002,2784.067,16147,22716,1.580,1.430,0.790,6,1,78.058,0,0,11,38,0,12,0
19-01 12:45:57,40.716,11.990,31.723,12.989,0,1641500,890760,173820,5223268,8853.521,1618.633,0,75620.119,0,5640.235,26912,39424,1.530,1.430,0.800,5,0,170.856,0,0,11,36,0,11,0
19-01 12:45:58,44.274,9.505,31.517,12.507,0,1639656,881436,174192,5233708,48535.974,6664.567,0,93978.292,0,6447.450,28464,44360,1.530,1.430,0.800,4,0,54.029,0,0,11,37,0,11,0
19-01 12:45:59,42.997,13.249,30.498,9.999,0,1528964,984512,174856,5240376,39972.961,5925.550,0,67318.882,0,4865.630,22054,35341,1.530,1.430,0.800,4,1,207.984,0,0,11,34,0,12,0
19-01 12:46:00,35.908,15.211,31.918,14.962,0,1581148,924692,175252,5247768,8372.611,1508.147,371.052,52924.796,5.985,3988.810,21826,31636,1.530,1.430,0.800,18,0,217.445,0,0,11,34,0,12,0
19-01 12:46:01,47.146,16.050,25.830,10.031,0,1599116,902376,175428,5251272,13070.347,8496.227,529.635,57291.854,7.022,4202.974,21888,35357,1.530,1.430,0.800,10,1,148.458,0,0,11,35,0,9,0
19-01 12:46:02,34.502,13.001,36.002,14.751,0,1597556,899572,175544,5255360,21579.448,12084.811,1272.085,51737.471,28.002,3885.261,22158,33564,1.730,1.470,0.810,3,0,196.013,0,0,11,35,0,9,0
19-01 12:46:03,35.985,9.496,40.733,11.745,0,1609872,887424,175840,5254868,8201.569,3725.442,0,50594.835,0,4380.168,19654,31585,1.730,1.470,0.810,3,0,56.976,0,0,11,34,0,9,0
19-01 12:46:04,34.887,7.227,43.608,12.460,0,1638888,857052,176104,5255916,11769.780,6639.440,0,57911.943,0,4881.150,19210,34228,1.730,1.470,0.810,5,0,41.864,0,0,11,35,0,9,0
19-01 12:46:05,33.145,7.784,45.951,10.546,0,1620608,873172,176216,5257956,20830.297,10208.744,0,56527.755,0,4641.342,23818,36516,1.730,1.470,0.810,4,0,39.172,0,0,11,35,0,9,0
19-01 12:46:06,36.193,8.986,43.432,9.485,0,1593424,898096,176240,5260136,14468.396,8374.916,0,39190.771,0,3674.260,19743,30062,1.730,1.470,0.810,2,1,119.813,0,0,11,36,0,10,0
19-01 12:46:07,38.431,8.235,39.678,11.479,0,1593960,894120,176428,5263292,9365.109,1617.083,0,61353.344,0,4875.207,19813,34586,1.750,1.480,0.820,3,1,53.903,0,0,11,36,0,10,0
19-01 12:46:08,28.060,7.266,47.853,14.281,0,1594240,890524,176564,5266364,15989.258,10440.369,0,52015.446,0,4551.752,23249,35809,1.750,1.480,0.820,2,0,54.116,0,0,11,37,0,10,0
19-01 12:46:09,30.384,8.219,47.070,11.954,0,1587308,894392,176648,5269244,19664.998,12186.521,0,56747.566,0,4737.930,25797,39012,1.750,1.480,0.820,2,2,101.612,0,0,11,36,0,10,0
19-01 12:46:10,38.577,10.521,38.827,11.272,0,1557092,923656,176664,5270124,8394.699,1623.229,0,55049.509,0,4457.868,22284,32267,1.750,1.480,0.820,4,1,66.132,0,0,11,36,0,10,0
19-01 12:46:11,34.781,7.757,44.289,11.760,0,1573196,911500,176744,5266200,13381.765,6654.851,0,54503.920,0,4747.174,23589,34168,1.750,1.480,0.820,3,1,28.025,0,0,11,37,0,10,0
19-01 12:46:12,33.005,11.502,50.008,3.751,0.250,1484736,999780,176752,5266380,16164.428,11340.704,0,28356.260,0,1898.285,13182,18397,2.090,1.550,0.850,5,0,213.032,0,0,11,33,0,11,0
19-01 12:46:13,17.689,6.478,74.991,0,0,1418388,1066108,176752,5266400,14418.121,7112.395,0,817.173,0,39.862,3422,3702,2.090,1.550,0.850,3,0,65.772,0,0,11,32,0,12,0
19-01 12:46:14,19.531,2.254,77.625,0.250,0,1454248,1030244,176752,5266404,9289.922,3927.308,0,1017.635,0,57.092,1920,1555,2.090,1.550,0.850,2,0,0,0,0,11,33,0,12,0
19-01 12:46:15,19.471,3.744,74.638,0.499,0,1429696,1054776,176752,5266424,17660.613,8044.980,0,4413.406,0,242.637,4113,4652,2.090,1.550,0.850,2,0,33.949,0,0,11,32,0,13,0
19-01 12:46:16,21.731,4.496,73.435,0,0,1486376,998060,176752,5266460,7723.197,1860.361,0,0,0,0,1911,1322,2.090,1.550,0.850,1,0,0.999,0,0,11,32,1,13,0
19-01 12:46:17,15.539,2.256,80.955,0,0,1473232,1011192,176756,5266468,12650.972,8119.520,0,348.882,0,15.038,2483,2569,2,1.550,0.850,2,0,13.033,0,0,11,32,0,14,0
19-01 12:46:18,20.199,5.736,73.815,0.249,0,1498808,985616,176756,5266468,9114.178,1562.088,0,171.570,0,9.975,2295,1598,2,1.550,0.850,2,0,46.883,0,0,11,32,0,14,0
19-01 12:46:19,17.262,2.252,79.557,0,0,1498476,985588,176756,5266828,15351.021,9893.103,0,0,0,0,2698,2863,2,1.550,0.850,1,0,0,0,0,11,33,0,14,0
19-01 12:46:20,18.990,5.497,74.463,0,0,1489520,994532,176756,5266840,11495.249,3842.078,0,95.952,0,10.994,3006,3035,2,1.550,0.850,2,0,42.978,0,0,11,32,0,15,0
19-01 12:46:21,18.507,2.501,78.280,0,0,1520512,963404,176756,5266976,13839.347,6712.593,0,172.066,0,15.006,2030,1660,2,1.550,0.850,2,0,0,0,0,11,33,0,15,0
19-01 12:46:22,16.330,3.266,78.886,0.251,0,1469812,1014088,176756,5266992,16151.989,7342.910,0,237.160,0,22.108,3313,3915,1.920,1.540,0.850,2,0,33.162,0,0,11,32,0,16,0
19-01 12:46:23,9.495,24.237,65.716,0,0,1455824,1027900,176756,5267152,10171.744,1565.191,0,215.888,0,13.993,6599,5189,1.920,1.540,0.850,3,0,594.693,0,0,11,34,0,16,0
19-01 12:46:24,59.732,12.942,26.133,0,0,1524048,959460,176776,5267348,5892.527,1612.754,0,832.261,0,55.750,5174,3399,1.920,1.540,0.850,4,0,177.204,0,0,11,32,0,22,0
19-01 12:46:25,68.304,7.977,23.931,0.249,0,1692956,787688,176808,5270068,6180.302,1615.374,0,2580.610,0,82.763,4058,1560,1.920,1.540,0.850,7,0,0,0,0,11,32,0,22,0
19-01 12:46:26,64.702,7.049,26.435,1.511,0,1784988,690508,176968,5274452,8293.944,1577.018,0,10598.042,0,546.820,6106,4726,1.920,1.540,0.850,2,0,22.155,0,0,11,38,0,22,0
19-01 12:46:27,33.552,9.765,41.063,13.020,0,1781708,680204,177076,5287432,8968.867,1622.509,0,101276.581,0,7241.195,32369,49201,1.930,1.540,0.860,1,1,243.376,0,0,11,38,0,22,0
19-01 12:46:28,26.967,9.488,45.444,16.729,0,1770428,681640,177156,5296892,42998.059,1618.008,0,106860.430,0,7245.080,32356,48271,1.930,1.540,0.860,3,1,200.753,0,0,11,38,0,22,0
19-01 12:46:29,38.000,10.250,35.750,13.500,0,1702636,740968,177256,5304972,37340.360,1620.016,0,78104.752,0,5793.056,26980,41371,1.930,1.540,0.860,3,0,246.002,0,0,11,36,0,22,0
19-01 12:46:30,47.039,9.706,28.124,13.191,0,1753060,681912,177308,5313272,8567.517,1612.756,0,72904.531,0,5220.551,26070,37976,1.930,1.540,0.860,4,0,114.486,0,0,11,36,0,22,0
19-01 12:46:31,42.192,9.794,31.141,14.566,0.251,1796296,623700,177352,5327628,10154.129,1669.585,0,88072.099,0,5958.067,27314,38827,1.930,1.540,0.860,7,0,6.027,0,0,11,36,0,22,0
19-01 12:46:32,41.436,11.482,32.200,12.980,0,1750096,665284,177384,5332044,5689.191,1563.579,0,84049.866,0,6139.494,28449,41947,2.100,1.580,0.870,7,1,157.756,0,0,11,36,0,22,0
19-01 12:46:33,37.562,11.269,44.573,6.260,0,1478648,935356,177392,5333376,6178.178,1568.584,0,30402.087,0,2485.094,15124,19331,2.100,1.580,0.870,2,1,269.444,0,0,11,32,0,22,0
19-01 12:46:34,22.383,4.228,72.124,0.497,0,1504544,909464,177392,5333372,8805.057,1557.871,0,5403.804,0,308.391,3050,2841,2.100,1.580,0.870,2,0,25.865,0,0,11,32,0,22,0
19-01 12:46:35,23.264,2.502,72.795,0.500,0.250,1558692,855316,177392,5333372,7496.652,1621.006,0,3982.471,0,224.139,2472,2096,2.100,1.580,0.870,3,0,2.001,0,0,11,32,0,22,0
19-01 12:46:36,23.251,4.250,72.754,0,0,1493588,920412,177392,5333380,8907.533,1662.099,0,132.008,0,9.001,2542,1939,2.100,1.580,0.870,2,0,28.002,0,0,11,32,0,22,0
19-01 12:46:37,23.004,2.750,73.763,0,0,1490956,922916,177392,5333508,8904.614,1620.294,0,32.006,0,4.001,1833,1181,2.010,1.580,0.870,3,0,1.000,0,0,11,32,0,22,0
19-01 12:46:38,28.238,5.248,65.471,0.250,0,1523380,890492,177392,5333508,8331.336,1619.288,0,735.676,0,44.980,3141,11502,2.010,1.580,0.870,2,0,37.983,0,0,11,34,0,23,0
19-01 12:46:39,16.583,28.392,55.276,0,0,1472560,941272,177396,5333544,7442.193,1628.137,0,56.281,0,14.070,6642,5857,2.010,1.580,0.870,4,0,837.184,0,0,11,32,0,23,0
19-01 12:46:40,9.741,27.724,61.194,0,0,1456452,957312,177396,5333592,5632.802,1618.506,0,315.709,0,26.975,6812,5684,2.010,1.580,0.870,2,0,720.335,0,0,11,32,0,23,0
19-01 12:46:41,8.237,20.967,69.390,0,0,1450560,963128,177396,5333668,9177.491,1617.443,0,111.823,0,6.989,5979,4402,2.010,1.580,0.870,2,0,429.321,0,0,11,32,0,23,0
19-01 12:46:42,9.974,19.948,68.821,0,0,1435600,978036,177396,5333708,6824.299,1561.949,0,881.713,0,148.615,5997,4366,1.930,1.570,0.880,3,0,385.999,0,0,11,32,0,22,0
19-01 12:46:43,17.587,16.080,65.826,0,0,1415244,998364,177396,5334068,6037.916,1519.529,0,196.976,0,6.030,5906,6855,1.930,1.570,0.880,2,0,250.240,0,0,11,32,0,22,0
19-01 12:46:44,41.395,10.473,47.130,0,0,1508484,905088,177404,5334204,10270.916,1615.896,0,39.899,0,0.997,4020,2672,1.930,1.570,0.880,3,0,130.668,0,0,11,33,0,22,0
19-01 12:46:45,43.469,6.995,49.215,0,0,1603496,809972,177404,5334304,9709.169,1618.861,0,7.994,0,1.999,2656,1391,1.930,1.570,0.880,3,0,0,0,0,11,33,0,22,0
19-01 12:46:46,47.020,5.252,47.770,0.250,0,1642036,770184,177460,5335452,9438.971,1714.721,0,1620.682,0,143.060,4188,3197,1.930,1.570,0.880,3,0,20.008,0,0,11,49,0,22,0
19-01 12:46:47,28.243,14.246,56.236,0.250,0,1656244,752648,177476,5338336,7525.088,1619.588,0,587.851,0,35.991,7035,10511,1.930,1.570,0.880,3,0,248.937,0,0,11,48,0,23,0
19-01 12:46:48,19.202,14.214,65.336,0.249,0,1661012,747776,177476,5338356,7304.625,1615.935,0,430.916,0,34.912,6405,7880,1.930,1.570,0.880,1,0,245.383,0,0,11,48,0,23,0
19-01 12:46:49,0.750,1.001,98.054,0,0,1661236,747552,177476,5338356,8553.671,1620.885,0,0,0,0,764,961,1.930,1.570,0.880,1,0,3.002,0,0,11,48,0,23,0
19-01 12:46:50,0.250,0,98.247,0,0,1661236,747552,177476,5338356,7053.784,1511.954,0,43.999,0,4.000,666,942,1.930,1.570,0.880,1,0,1.000,0,0,11,48,0,23,0
19-01 12:46:51,0.500,0.500,98.001,0,0,1661236,747552,177476,5338356,5655.034,1620.010,0,4.000,0,1.000,740,974,1.930,1.570,0.880,1,0,3.000,0,0,11,48,0,23,0
19-01 12:46:52,0.750,0.500,98.481,0,0,1661232,747552,177476,5338360,8631.370,1565.704,0,0,0,0,677,953,1.780,1.550,0.880,1,0,1.000,0,0,11,48,0,23,0
19-01 12:46:53,14.014,12.263,72.074,0.501,0,1673780,735056,177476,5338800,6806.960,1621.658,0,4140.234,0,332.340,6029,6860,1.780,1.550,0.880,6,0,227.232,0,0,11,48,0,23,0
19-01 12:46:54,13.822,14.576,71.372,0,0,1696480,712356,177476,5338364,9265.342,1628.497,0,4.021,0,1.005,4972,5307,1.780,1.550,0.880,4,0,305.594,0,0,12,48,0,21,0
19-01 12:46:55,16.728,17.227,65.165,0,0,1697308,711408,177476,5338764,7766.826,1855.569,0,95.874,0,2.996,7224,8105,1.780,1.550,0.880,1,1,295.613,0,0,12,48,0,21,0
19-01 12:46:56,13.930,11.443,72.636,0.498,0,1693056,715512,177476,5338556,5586.998,1611.921,0,7605.879,0,398.005,5197,5620,1.780,1.550,0.880,1,0,220.893,0,0,12,64,0,21,0
19-01 12:46:57,8.999,11.998,77.240,0.250,0,1689312,719212,177476,5338936,9244.752,1511.796,0,2999.595,0,142.981,5014,5289,1.640,1.520,0.870,2,0,203.972,0,0,14,64,0,21,0
19-01 12:46:58,17.076,13.811,67.801,0,0,1671996,736456,177476,5338612,42130.005,1627.223,0,3395.070,0,126.562,5840,6220,1.640,1.520,0.870,3,0,249.106,0,0,14,66,0,16,0
19-01 12:46:59,9.483,19.964,69.625,0,0,1659752,748668,177480,5338640,43324.275,1617.099,0,411.262,0,5.989,6005,4429,1.640,1.520,0.870,4,0,398.285,0,0,14,66,0,16,0
19-01 12:47:00,16.453,17.700,64.567,0,0,1674328,734052,177480,5339024,9093.254,1657.308,0,163.537,0,10.969,6921,7966,1.640,1.520,0.870,3,0,278.212,0,0,14,66,0,16,0
19-01 12:47:01,27.909,20.618,50.538,0,0,1737684,670672,177488,5338692,8780.039,1574.976,0,229.307,0,8.046,6152,5128,1.640,1.520,0.870,4,0,468.671,0,0,14,66,0,16,0
19-01 12:47:02,30.716,22.975,45.949,0,0,1798496,609440,177548,5339052,8428.735,1618.221,0,191.789,0,3.996,6704,5248,1.660,1.530,0.880,4,0,549.396,0,0,14,66,0,15,0
19-01 12:47:03,31.854,24.140,41.809,0,0,1912892,493756,177568,5340652,8757.924,1612.621,0,1226.388,0,18.913,7381,9887,1.660,1.530,0.880,3,0,441.978,0,0,14,70,0,17,0
19-01 12:47:04,52.655,19.621,26.327,0,0.248,1998588,408044,177572,5340564,5859.597,1609.452,0,0,0,0,5514,6109,1.660,1.530,0.880,6,0,339.773,0,0,14,70,0,17,0
19-01 12:47:05,66.532,24.949,7.560,0,0,2131160,275000,177580,5341412,10267.095,1614.913,0,584.675,0,11.089,5816,6093,1.660,1.530,0.880,7,0,509.070,0,0,14,70,0,17,0
19-01 12:47:06,65.347,19.028,15.022,0,0,2192476,212804,177628,5341792,7371.977,1622.416,0,1029.533,0,20.030,5738,7360,1.660,1.530,0.880,4,0,270.403,0,0,14,70,0,16,0
19-01 12:47:07,57.215,25.485,5.996,9.994,0,2301256,180892,166660,5277752,8631.794,1619.023,307.814,8478.886,47.971,568.657,7591,7621,1.850,1.570,0.900,5,0,490.704,0,0,14,70,0,16,0
19-01 12:47:08,76.587,18.461,1.996,2.245,0,2452512,232376,165404,5080792,7290.453,1616.553,1069.719,7256.526,101.783,563.798,8868,10911,1.850,1.570,0.900,6,1,161.655,0,0,14,74,0,16,0
19-01 12:47:09,67.658,25.403,4.527,2.515,0,2569028,178448,165400,5020040,9090.844,1629.833,515.108,28677.005,34.206,2125.825,15577,24139,1.850,1.570,0.900,4,1,425.567,0,0,14,76,0,16,0
19-01 12:47:10,70.116,18.896,9.448,0.995,0,2641508,153204,165224,4973484,7234.338,1611.167,39.782,9273.161,4.973,767.791,10246,17405,1.850,1.570,0.900,4,0,223.773,0,0,14,80,0,19,0
19-01 12:47:11,71.720,21.741,5.748,0.750,0,2759336,181208,165120,4831452,6599.208,1607.320,615.740,1271.462,47.980,72.969,8800,13912,1.850,1.570,0.900,4,0,420.822,0,0,14,93,0,25,0
19-01 12:47:12,44.447,25.614,29.129,0.502,0,2836396,172204,165120,4764916,5674.207,1627.229,68.303,968.302,5.022,55.245,8049,11160,2.020,1.610,0.910,3,1,488.169,0,0,14,93,0,25,0
19-01 12:47:13,40.414,15.966,41.911,1.247,0,2886752,120572,165124,4766256,8937.932,1508.781,23.949,5655.934,1.996,292.376,7163,8344,2.020,1.610,0.910,3,1,205.561,0,0,14,95,0,25,0
19-01 12:47:14,60.087,12.965,24.434,1.995,0,3040984,166348,165136,4570548,7034.970,1615.630,2070.399,103.719,26.927,5.984,5381,7534,2.020,1.610,0.910,3,0,128.652,0,0,14,98,0,28,0
19-01 12:47:15,26.833,13.040,58.931,0.752,0,3084744,189312,165156,4505240,8837.208,1715.281,4.012,1757.411,1.003,107.330,5225,4556,2.020,1.610,0.910,3,0,224.692,0,0,14,101,0,27,0
19-01 12:47:16,8.977,19.700,70.074,0,0,3093244,180756,165160,4505292,7509.100,1657.827,23.940,183.538,5.985,16.957,6023,4693,2.020,1.610,0.910,2,0,380.043,0,0,14,101,0,27,0
19-01 12:47:17,8.258,19.769,70.566,0,0,3099940,173988,165160,4505364,8592.083,1621.525,0,44.041,0,4.004,5601,3964,1.940,1.600,0.910,2,0,336.316,0,0,14,101,0,27,0
19-01 12:47:18,19.482,6.244,72.683,0.250,0,3152044,187908,165160,4440888,6756.791,1618.513,23.978,0,1.998,0,2423,1768,1.940,1.600,0.910,2,0,50.953,0,0,14,101,0,27,0
19-01 12:47:19,18.470,2.995,78.122,0,0,3162540,177392,165160,4440924,12810.052,7993.928,39.935,311.491,3.993,22.962,2740,2827,1.940,1.600,0.910,2,0,0,0,0,14,104,0,25,0
19-01 12:47:20,19.493,6.248,73.472,0,0,3166000,173900,165168,4440948,25908.266,17594.390,3.998,87.967,1.000,5.998,2668,1878,1.940,1.600,0.910,2,0,62.976,0,0,14,103,0,26,0
19-01 12:47:21,19.738,2.748,75.955,0.250,0,3193908,145980,165168,4440960,13715.819,7170.723,3.998,463.723,0.999,51.969,2424,2466,1.940,1.600,0.910,2,0,3.998,0,0,14,112,0,26,0
19-01 12:47:22,21.326,4.014,73.763,1.254,0,3185812,153760,165180,4441264,7125.450,2397.563,32.115,11043.443,2.007,674.409,4219,3819,1.790,1.570,0.910,3,0,1.004,0,0,14,116,0,26,0
19-01 12:47:23,27.944,5.239,63.622,1.746,0,3192312,145900,165184,4442620,11863.203,2757.469,1145.702,1792.405,32.934,202.594,6764,9261,1.790,1.570,0.910,2,0,8.982,0,0,14,118,0,26,0
19-01 12:47:24,24.636,9.050,65.865,0,0,3186604,151536,165184,4442692,11301.568,1629.019,0,780.320,0,33.184,3946,3171,1.790,1.570,0.910,2,0,115.640,0,0,14,122,0,26,0
19-01 12:47:25,25.215,4.244,69.153,0.499,0,3259104,145080,165184,4378224,15030.025,7876.009,39.944,1378.077,3.994,93.869,3074,2805,1.790,1.570,0.910,0,0,1.997,0,0,14,125,0,26,0
19-01 12:47:26,20.285,3.756,75.129,0.501,0,3265296,138808,165184,4378304,13132.507,3841.584,0,1097.882,0,99.170,3461,3944,1.790,1.570,0.910,2,0,3.005,0,0,14,127,0,26,0
19-01 12:47:27,33.788,11.677,52.422,0.994,0,3297988,169868,165072,4316520,10282.570,2796.477,3.975,5096.068,0.994,287.200,5393,6104,1.720,1.560,0.910,6,0,95.402,0,0,14,128,0,21,0
19-01 12:47:28,40.900,5.985,52.372,0,0,3365624,164852,165072,4255264,48451.634,3999.230,179.561,418.976,0.998,14.963,3052,1625,1.720,1.560,0.910,3,0,3.990,0,0,14,129,0,21,0
19-01 12:47:29,20.891,7.047,71.230,0.252,0.252,3387504,142952,165072,4255284,64008.011,21515.881,0,1486.006,0,69.468,3025,2262,1.720,1.560,0.910,3,0,55.373,0,0,14,128,0,22,0
19-01 12:47:30,19.503,2.250,77.512,0,0,3408404,184972,165072,4193972,8665.333,4009.617,8.001,120.018,2.000,13.002,1868,1591,1.720,1.560,0.910,2,0,0,0,0,14,129,0,22,0
19-01 12:47:31,20.032,5.509,74.621,0,0,3362504,230844,165072,4194000,30695.770,21567.970,0,4.006,0,1.002,2514,1772,1.720,1.560,0.910,2,0,51.083,0,0,14,128,0,23,0
19-01 12:47:32,18.403,2.238,78.087,0,0,3408312,185020,165072,4194016,13468.726,7244.663,0,47.747,0,3.979,1877,1421,1.660,1.550,0.910,2,0,0,0,0,14,129,0,23,0
19-01 12:47:33,18.335,6.530,73.843,0.502,0,3368596,224656,165072,4194096,12854.702,3647.942,40.187,2210.265,4.019,190.887,4048,4344,1.660,1.550,0.910,2,0,72.336,0,0,14,128,0,24,0
19-01 12:47:34,27.496,5.499,66.239,0,0,3439880,153288,165072,4194180,10749.291,1619.742,27.996,111.982,2.000,9.998,5823,9119,1.660,1.550,0.910,4,0,39.994,0,0,14,137,0,26,1
19-01 12:47:35,17.167,3.732,78.371,0.498,0,3437424,155672,165116,4194208,28931.902,23806.720,39.807,218.940,5.971,12.937,2642,2235,1.660,1.550,0.910,3,0,54.735,0,0,14,136,0,28,0
19-01 12:47:36,21.459,3.992,73.360,0.250,0,3473636,119460,165116,4194208,9580.759,1616.922,0,83.840,0,5.989,1975,1438,1.660,1.550,0.910,2,0,0.998,0,0,14,136,0,28,0
19-01 12:47:37,16.769,3.003,78.338,0.751,0,3459792,133112,165116,4194400,15572.453,8131.113,0,2919.272,0,252.283,4066,5215,1.530,1.530,0.900,4,0,1.001,0,0,14,138,0,28,0
19-01 12:47:38,30.376,6.025,61.506,1.004,0.251,3395760,197004,165116,4197908,10365.142,2871.954,24.100,5627.423,2.008,241.003,7305,18434,1.530,1.530,0.900,8,0,40.167,0,0,15,138,0,30,0
19-01 12:47:39,20.910,5.725,72.188,0,0,3434048,158716,165116,4194524,9028.931,1654.839,0,465.984,0,34.849,2712,3613,1.530,1.530,0.900,2,0,48.789,0,0,14,137,0,30,0
19-01 12:47:40,14.826,2.262,81.668,0.503,0,3443600,149152,165116,4194536,19173.231,11726.076,0,2263.597,0,139.716,2573,2577,1.530,1.530,0.900,4,0,1.005,0,0,14,138,0,30,0
19-01 12:47:41,24.117,5.470,68.372,0.746,0,3445800,146912,165116,4194576,8341.886,1611.094,0,982.568,0,118.346,6129,8718,1.530,1.530,0.900,3,0,0.995,0,0,14,138,0,30,0
19-01 12:47:42,31.504,9.325,58.219,0.252,0,3386512,205980,165120,4194792,7177.777,2505.165,0,903.271,0,93.755,8762,13408,1.490,1.520,0.910,2,0,69.560,0,0,14,139,0,31,0
19-01 12:47:43,20.609,2.483,75.730,0.248,0,3430088,162412,165120,4194800,8138.135,3565.524,0,2188.973,0,263.193,2299,1325,1.490,1.520,0.910,1,0,0,0,0,14,140,0,31,0
19-01 12:47:44,18.970,2.496,77.129,0.749,0,3430068,162412,165120,4194820,17658.306,9270.461,0,1070.321,0,114.820,3384,3959,1.490,1.520,0.910,3,0,0,0,0,14,141,0,32,0
19-01 12:47:45,19.035,8.766,71.381,0.250,0,3414372,178076,165120,4194852,7738.232,1622.985,0,516.951,0,35.064,3304,2636,1.490,1.520,0.910,2,0,147.271,0,0,14,141,0,32,0
19-01 12:47:46,17.823,2.510,77.569,0.753,0,3431724,160700,165132,4194864,17131.458,9705.918,4.017,4494.485,1.004,279.148,3177,3234,1.490,1.520,0.910,2,0,1.004,0,0,14,142,0,32,0
19-01 12:47:47,25.899,5.230,67.238,0.498,0,3432404,159944,165136,4194936,11038.964,4989.548,3.984,1812.932,0.996,162.367,9653,15670,1.370,1.490,0.900,2,1,0,0,0,14,142,0,31,0
19-01 12:47:48,29.663,8.296,59.325,1.508,0,3441416,150632,165136,4195220,10844.500,3159.334,32.177,4046.200,2.011,402.207,10241,14866,1.370,1.490,0.900,5,0,3.017,0,0,14,141,0,31,1
19-01 12:47:49,39.221,13.740,45.716,0.250,0,3405568,186352,165136,4195300,7755.202,2098.431,0,1806.649,0,147.889,8977,12008,1.370,1.490,0.900,2,0,285.786,0,0,14,141,0,32,0
19-01 12:47:50,19.873,2.484,76.509,0,0,3456460,135448,165136,4195312,11276.678,7635.033,0,480.916,0,21.860,1986,1502,1.370,1.490,0.900,2,0,0.994,0,0,14,142,0,32,2
19-01 12:47:51,15.112,12.341,72.284,0.252,0,3456592,135296,165136,4195332,10514.732,3180.513,0,523.873,0,28.209,4439,3523,1.370,1.490,0.900,3,0,233.728,0,0,14,141,0,33,2
19-01 12:47:52,8.243,21.483,68.445,0,0,3392180,199668,165136,4195372,7295.107,1618.692,0,447.638,0,29.976,5985,4740,1.340,1.490,0.900,2,0,396.680,0,0,14,141,0,33,2
19-01 12:47:53,23.744,14.746,60.985,0.250,0,3401496,190340,165140,4195380,5753.614,1619.610,0,2095.495,0,113.973,7170,9052,1.340,1.490,0.900,4,0,234.943,0,0,14,141,0,33,2
19-01 12:47:54,32.526,21.517,44.786,0,0,3469616,122036,165140,4195568,8602.838,1529.215,0,272.216,0,26.021,6697,5570,1.340,1.490,0.900,4,0,506.402,0,0,14,141,0,33,2
19-01 12:47:55,31.560,16.401,50.695,0,0,3504564,148860,165152,4135740,7447.136,1610.299,103.377,671.952,9.940,48.707,7191,9777,1.340,1.490,0.900,2,0,289.257,0,0,14,147,0,33,2
19-01 12:47:56,53.541,25.388,20.863,0.251,0,3634592,137772,165156,4019880,9966.089,1671.069,116.633,599.252,10.055,39.213,8941,12429,1.340,1.490,0.900,6,0,520.827,0,0,16,152,0,33,2
19-01 12:47:57,56.879,23.949,18.461,0,0.249,3752412,153980,164924,3887500,7617.860,1616.575,15.966,315.332,0.998,20.956,6291,6208,1.470,1.510,0.910,6,0,388.178,0,0,16,155,0,33,0
19-01 12:47:58,46.437,20.332,32.632,0.251,0,3818064,138868,164924,3837360,41053.686,1626.565,12.049,433.751,3.012,29.118,8527,12410,1.470,1.510,0.910,3,0,400.617,0,0,16,171,0,33,0
19-01 12:47:59,37.222,22.483,39.720,0.250,0,3865788,137948,164924,3791468,44682.064,1708.702,0,607.539,0,14.989,7317,5484,1.470,1.510,0.910,4,0,549.583,0,0,16,171,0,33,0
19-01 12:48:00,20.241,19.741,59.223,0,0,3883468,170528,164696,3742484,6645.994,1619.268,7.996,455.794,1.999,28.987,7036,8404,1.470,1.510,0.910,2,0,346.843,0,0,17,173,0,33,0
19-01 12:48:01,27.452,18.468,53.158,0,0,3916420,191052,164696,3689968,6030.556,1617.199,15.972,283.509,3.993,19.965,5872,5085,1.470,1.510,0.910,7,0,382.338,0,0,17,173,0,33,0
19-01 12:48:02,35.847,21.057,42.866,0,0,3989680,170808,164700,3638256,8837.813,1532.128,12.032,364.983,2.005,28.076,5943,6294,1.510,1.520,0.920,5,0,334.902,0,0,17,173,0,33,0
19-01 12:48:03,39.649,22.194,36.906,0.499,0,4090640,140488,164708,3569108,7175.783,1615.898,167.575,3052.251,4.987,38.901,8891,12108,1.510,1.520,0.920,4,0,433.898,0,0,17,185,0,33,0
19-01 12:48:04,29.793,25.324,43.200,0.745,0,4149248,169748,164708,3483420,8645.970,1608.830,15.890,11083.049,0.993,870.953,9016,6505,1.510,1.520,0.920,5,0,665.380,0,0,17,185,0,31,0
19-01 12:48:05,22.858,22.105,53.252,0,0,4192820,164176,164708,3446368,9107.094,1627.702,24.114,1000.735,6.029,71.338,8093,10574,1.510,1.520,0.920,4,0,480.273,0,0,17,197,0,31,0
19-01 12:48:06,21.105,15.075,63.064,0.502,0,4204220,152760,164708,3446384,5894.319,1628.098,4.020,534.659,1.005,36.180,6731,8621,1.510,1.520,0.920,4,0,218.085,0,0,17,197,0,31,0
19-01 12:48:07,41.169,10.479,46.409,0.998,0,4328872,157456,164708,3319552,9416.506,1616.825,455.106,387.239,7.984,24.951,4065,2920,1.550,1.530,0.920,3,0,94.814,0,0,17,199,0,31,0
19-01 12:48:08,46.763,7.213,44.275,1.244,0,4430996,176696,164708,3200332,10478.790,1653.603,191.030,712.383,9.949,52.732,3881,2835,1.550,1.530,0.920,3,0,10.944,0,0,17,215,0,31,0
19-01 12:48:09,31.818,11.775,54.867,0.501,0,4354324,252644,164716,3201072,12606.989,1755.759,52.112,268.575,5.011,12.026,4445,3540,1.550,1.530,0.920,4,0,196.420,0,0,17,218,0,31,0
19-01 12:48:10,35.587,23.056,38.595,1.253,0,4423092,181976,164720,3202968,7633.696,1461.580,930.278,581.424,11.027,44.108,8299,10137,1.550,1.530,0.920,5,0,479.174,0,0,17,219,0,31,0
19-01 12:48:11,36.520,24.513,37.270,1.501,0,4469532,170508,164728,3168872,19710.596,10324.550,1000.538,500.269,18.010,32.017,7816,10583,1.550,1.530,0.920,5,0,459.247,0,0,17,225,0,33,0
19-01 12:48:12,63.325,17.383,17.135,1.490,0,4526368,156356,164740,3127496,8780.057,1609.197,719.172,1025.118,15.893,26.820,5781,5272,1.670,1.550,0.940,8,0,151.980,0,0,17,228,0,24,0
19-01 12:48:13,62.418,13.035,20.806,4.011,0,4622940,140536,164740,3048072,14044.795,9910.670,1339.605,717.932,32.086,36.097,4907,4137,1.670,1.550,0.940,8,0,23.062,0,0,17,239,0,24,0
19-01 12:48:14,51.279,12.007,18.260,17.760,0,4628656,167552,164812,3017036,9447.399,4408.519,5843.339,2941.681,424.242,228.130,6357,5650,1.670,1.550,0.940,3,0,29.017,0,0,17,240,0,25,0
19-01 12:48:15,49.950,18.825,29.619,1.004,0,4671624,192660,164836,2950416,15313.343,7373.537,622.494,779.121,62.249,54.217,7463,8869,1.670,1.550,0.940,3,0,328.315,0,0,17,242,0,29,0
19-01 12:48:16,34.040,22.362,41.991,0.248,0,4614732,247648,164840,2952304,12873.715,6766.329,55.657,12180.982,4.969,197.782,8048,9486,1.670,1.550,0.940,2,0,385.625,0,0,17,241,0,26,0
19-01 12:48:17,51.608,21.545,26.555,0,0,4709064,151756,164840,2953768,10313.534,3221.727,4.008,368.770,1.002,15.031,6448,7369,1.780,1.580,0.950,5,0,386.808,0,0,17,242,0,26,0
19-01 12:48:18,52.539,26.520,19.765,0,0,4772092,168576,164840,2876744,16002.861,10853.044,40.030,2141.587,3.002,125.093,7804,10054,1.780,1.580,0.950,5,0,435.323,0,0,17,245,0,27,0
19-01 12:48:19,60.552,21.268,16.514,1.251,0,4801092,136428,164864,2879376,9593.295,1687.459,1152.997,2241.939,54.047,35.030,7445,12331,1.780,1.580,0.950,6,0,311.269,0,0,17,249,0,31,0
19-01 12:48:20,52.997,26.499,20.749,0,0,4877640,145376,164872,2796448,19868.032,11579.436,63.997,10715.478,2.000,1051.949,9128,10219,1.780,1.580,0.950,8,0,503.975,0,0,17,250,0,30,0
19-01 12:48:21,57.621,18.790,20.794,1.754,0,4863812,155552,164880,2799728,8505.898,2667.613,613.290,933.965,37.078,57.120,7714,11390,1.780,1.580,0.950,4,0,238.502,0,0,17,257,0,32,0
19-01 12:48:22,69.071,15.460,14.712,0.249,0,5012976,158192,164804,2650332,14638.131,7325.050,578.503,574.514,11.969,15.959,7385,17344,1.870,1.600,0.960,4,0,47.876,0,0,17,258,0,32,0
19-01 12:48:23,47.491,8.748,34.493,8.248,0,5027044,142328,164812,2652180,19879.095,13345.379,1179.768,639.874,74.985,48.990,4989,4479,1.870,1.600,0.960,4,0,18.996,0,0,17,263,0,34,0
19-01 12:48:24,57.827,9.970,29.412,2.493,0,5115712,144020,164520,2563600,14977.216,8938.274,1256.244,897.317,38.884,73.779,6143,7889,1.870,1.600,0.960,5,0,10.967,0,0,17,269,0,35,0
19-01 12:48:25,50.525,24.885,21.869,2.262,0,5079036,176832,164676,2567328,15790.849,7553.063,4287.309,1466.975,67.366,73.399,8552,10541,1.870,1.600,0.960,3,0,461.509,0,0,17,267,0,37,0
19-01 12:48:26,52.023,23.260,24.011,0,0,5088204,167048,164788,2568216,12214.504,7185.238,944.426,868.391,16.007,56.025,7395,8167,1.870,1.600,0.960,5,0,420.189,0,0,17,268,0,37,0
19-01 12:48:27,61.645,19.140,17.897,0.497,0,5077420,213000,164792,2533764,15423.128,6766.012,648.265,1069.835,16.903,44.742,6661,7187,1.970,1.620,0.970,8,0,247.573,0,0,18,270,0,38,0
19-01 12:48:28,73.716,13.744,3.998,8.246,0,5209604,140316,164792,2475832,42330.382,1619.250,1907.116,743.655,105.951,53.975,6104,5418,1.970,1.620,0.970,4,3,10.995,0,0,18,274,0,37,0
19-01 12:48:29,72.203,11.824,9.308,6.541,0,5288252,125872,164804,2413424,48203.107,11631.902,2938.416,2177.648,146.921,261.640,7045,6722,1.970,1.620,0.970,5,0,12.076,0,0,18,277,0,37,0
19-01 12:48:30,70.254,16.193,12.456,0.498,0,5313452,130220,164832,2384600,11539.529,3178.851,1267.554,1478.814,38.864,100.647,8613,10222,1.970,1.620,0.970,4,0,225.210,0,0,18,281,0,40,0
19-01 12:48:31,40.130,7.228,52.094,0.249,0,5320904,154320,164840,2354016,17877.519,8373.949,518.449,554.342,5.982,33.899,3748,2892,1.970,1.620,0.970,3,0,9.970,0,0,18,284,0,40,0
19-01 12:48:32,33.764,9.071,55.686,0.504,0,5316368,158732,164840,2354140,28175.552,11260.142,822.438,641.018,9.071,56.442,4415,4268,1.970,1.630,0.980,3,0,12.095,0,0,18,287,0,39,0
19-01 12:48:33,40.299,7.912,49.942,0,0,5338732,158516,164840,2333060,2528194.563,25366.382,506.339,336.241,3.956,16.812,4392,2804,1.970,1.630,0.980,4,0,6.923,0,0,18,287,0,39,0
19-01 12:48:34,24.700,9.074,62.507,1.764,0,5273540,207936,164844,2348780,14130811.557,92316.047,2572.876,2431.731,31.254,165.342,9059,6118,1.970,1.630,0.980,4,0,163.325,0,0,18,289,0,40,0
19-01 12:48:35,40.672,11.160,47.368,0.496,0,5349332,162940,164844,2319288,10323.771,2355.014,15.872,2622.855,0.992,39.680,4342,3463,1.970,1.630,0.980,3,0,103.168,0,0,18,292,0,40,0
19-01 12:48:36,28.994,3.782,66.055,0.756,0,5374204,138048,164844,2319312,28341.297,21114.534,0,12291.347,0,1065.963,4740,3842,1.970,1.630,0.980,4,0,1.008,0,0,18,297,0,42,0
19-01 12:48:37,16.229,4.245,76.903,0.250,0,5359208,152448,164844,2319908,200715.543,8244747.729,483.387,9124.433,25.967,60.923,5231,6121,1.970,1.640,0.980,1,0,37.952,0,0,18,295,0,38,0
19-01 12:48:38,2.490,0.996,94.628,0,0,5351964,159692,164844,2319908,221301.072,8111999.971,0,223.123,0,14.941,2112,1823,1.970,1.640,0.980,2,0,0,0,0,18,295,0,38,0
19-01 12:48:39,6.998,4.249,86.476,1.500,0,5349840,161652,164848,2320084,7726.835,1619.546,171.952,6662.133,7.998,233.934,3180,10779,1.970,1.640,0.980,1,0,35.990,0,0,18,295,0,39,0
19-01 12:48:40,12.002,1.750,84.764,0.250,0,5349140,162324,164848,2320112,8026355.171,34515.557,0,644.104,0,59.009,5460,5429,1.970,1.640,0.980,3,0,2.000,0,0,18,301,0,39,0
19-01 12:48:41,19.365,9.808,68.406,1.006,0,5247380,247672,164860,2336496,8558651.645,92155.578,64.382,2824.754,4.024,203.205,10250,9828,1.970,1.640,0.980,3,0,164.978,0,0,18,299,0,39,0
19-01 12:48:42,15.252,13.252,70.759,0.250,0,5273180,221812,164860,2336540,8523.136,1620.216,12.002,912.122,1.000,6.001,4788,4280,1.810,1.610,0.980,2,0,303.040,0,0,18,299,0,39,0
19-01 12:48:43,19.730,7.742,70.679,0,0,5301612,193356,164864,2336560,9121.898,1456.547,3.996,17226.811,0.999,104.895,3592,3031,1.810,1.610,0.980,4,0,107.892,0,0,18,299,0,39,0
19-01 12:48:44,9.177,19.595,70.193,0.744,0,5310860,184040,164864,2336612,6915.152,1607.252,19.843,12032.563,1.984,49.607,6420,5338,1.810,1.610,0.980,5,0,382.963,0,0,18,303,0,39,0
19-01 12:48:45,4.254,7.758,85.587,0,0,5314188,180660,164864,2336664,6255.385,1621.655,16.016,60.061,1.001,4.004,3232,3021,1.810,1.610,0.980,1,0,177.181,0,0,18,303,0,37,0
19-01 12:48:46,14.274,3.756,80.887,0,0,5356140,138704,164864,2336668,9260.698,1716.910,0,176.299,0,24.041,2146,2094,1.810,1.610,0.980,2,0,10.017,0,0,18,303,0,37,0
19-01 12:48:47,19.996,3.249,76.734,0,0.250,5326228,200168,164864,2306468,13866.055,7652.374,0,0,0,0,2105,1675,1.750,1.600,0.980,1,0,0,0,0,18,304,0,37,0
19-01 12:48:48,14.096,12.082,72.494,0.503,0,5268600,257676,164868,2306588,13562.416,4565.107,76.521,193.317,7.048,1.007,4875,4118,1.750,1.600,0.980,2,0,166.132,0,0,18,307,0,38,0
19-01 12:48:49,12.986,15.732,69.922,0,0,5265724,260240,164868,2306900,9251.694,1618.197,0,3.996,0,0.999,5586,4257,1.750,1.600,0.980,3,0,212.763,0,0,18,307,0,37,0
19-01 12:48:50,12.683,16.414,69.385,0.746,0,5271256,254416,164868,2307192,8506.214,1611.515,55.707,477.486,3.979,33.822,5742,4750,1.750,1.600,0.980,2,1,221.832,0,0,18,307,0,37,0
19-01 12:48:51,24.986,3.498,70.459,0.250,0,5338196,187472,164868,2307196,7843.479,1565.098,0,855.507,0,128.926,2870,2620,1.750,1.600,0.980,2,0,1.999,0,0,18,309,0,37,0
19-01 12:48:52,22.618,3.518,72.125,0.754,0.251,5395256,130112,164868,2307480,5390.054,1519.911,406.114,152.795,13.068,10.052,2373,2068,1.690,1.590,0.980,3,0,4.021,0,0,18,313,0,37,0
19-01 12:48:53,24.160,3.238,71.483,0,0,5360012,165228,164868,2307608,6294.501,1683.714,0,593.783,0,50.810,2823,2596,1.690,1.590,0.980,2,0,4.981,0,0,18,309,0,36,0
19-01 12:48:54,24.384,3.235,71.660,0.498,0,5399124,156968,164868,2277696,9017.182,1612.344,19.905,111.471,3.981,12.939,2537,2115,1.690,1.590,0.980,2,0,0,0,0,18,309,0,36,0
19-01 12:48:55,14.274,3.255,81.135,0,0,5416008,140080,164868,2277700,15972.632,10949.256,0,364.608,0,29.048,2576,2606,1.690,1.590,0.980,1,0,4.007,0,0,18,312,0,37,0
19-01 12:48:56,20.041,3.507,74.904,0.251,0,5291064,265008,164868,2277716,20119.427,11277.220,0,256.528,0,22.045,2963,2820,1.690,1.590,0.980,2,0,18.037,0,0,18,309,0,38,0
19-01 12:48:57,23.258,4.001,72.273,0,0,5324300,231772,164868,2277716,9461.052,1620.523,0,72.023,0,6.002,2213,1739,1.710,1.600,0.980,3,0,0,0,0,18,309,0,38,0
19-01 12:48:58,19.581,9.038,70.543,0,0,5323288,232620,164868,2277880,43750.850,1626.762,389.619,80.334,4.017,10.042,3644,2864,1.710,1.600,0.980,2,0,114.476,0,0,18,311,0,38,0
19-01 12:48:59,10.705,17.925,69.461,0.249,0,5320352,235412,164876,2278020,42538.706,1559.500,35.851,334.605,6.971,5.975,6056,4943,1.710,1.600,0.980,2,0,385.394,0,0,18,311,0,38,0
19-01 12:49:00,21.413,6.723,70.712,0.747,0,5340436,215160,165024,2278040,5888.031,1613.432,123.497,438.216,4.980,32.866,3427,3084,1.710,1.600,0.980,5,0,99.595,0,0,18,313,0,38,0
19-01 12:49:01,20.281,2.253,76.616,0,0,5341060,209652,165336,2282612,14682.237,3622.486,48.073,368.558,2.003,24.036,2407,2239,1.710,1.600,0.980,3,0,16.024,0,0,18,314,0,38,0
19-01 12:49:02,23.369,3.769,72.369,0.251,0,5333080,215240,165600,2284612,8165.653,1803.198,0,989.045,0,16.082,2540,2153,1.660,1.590,0.980,2,0,19.097,0,0,18,313,0,38,0
19-01 12:49:03,18.307,2.006,78.495,0.251,0,5342324,199376,166160,2290528,12923.390,4697.682,4.013,1179.687,1.003,24.075,2183,1906,1.660,1.590,0.980,2,0,3.009,0,0,18,313,0,38,1
19-01 12:49:04,22.584,5.708,69.241,0,0,5336452,204672,166224,2291024,9805.937,2204.797,3.971,83.387,0.993,0.993,10202,18428,1.660,1.590,0.980,3,0,12.905,0,0,18,314,0,38,0
19-01 12:49:05,19.895,4.533,74.292,0.252,0,5348664,192216,166252,2291240,15410.511,4087.845,24.177,612.472,4.029,16.118,9788,18569,1.660,1.590,0.980,2,0,10.074,0,0,18,314,0,38,0
19-01 12:49:06,23.374,4.973,70.620,0.249,0,5339364,201188,166300,2291504,10876.472,1611.329,0,3938.804,0,476.436,3131,2293,1.660,1.590,0.980,2,0,11.936,0,0,18,314,0,38,0
19-01 12:49:07,14.499,12.999,70.745,0.250,0,5303560,248768,166376,2279764,8881.321,1739.867,4.000,583.955,1.000,22.998,4673,4051,1.600,1.580,0.980,3,0,263.980,0,0,18,313,0,38,0
19-01 12:49:08,24.996,2.500,72.490,0,0,5337920,214244,166376,2279936,5803.182,1661.766,0,499.930,0,3.000,2114,1766,1.600,1.580,0.980,2,0,0,0,0,18,315,0,38,0
19-01 12:49:09,20.275,2.002,76.593,0.250,0,5339416,212700,166376,2279984,19539.781,11861.436,16.019,112.136,1.001,9.011,2872,2516,1.600,1.580,0.980,3,0,1.001,0,0,18,317,0,41,0
19-01 12:49:10,23.695,8.730,66.095,0.249,0,5322492,229496,166376,2280120,8202.794,1616.216,19.953,1584.291,1.995,115.729,5316,6600,1.600,1.580,0.980,2,0,113.734,0,0,18,317,0,41,0
19-01 12:49:11,23.015,3.252,72.797,0.500,0,5337716,214124,166376,2280268,15186.733,10344.630,112.072,496.318,5.003,46.029,3558,3711,1.600,1.580,0.980,3,0,1.001,0,0,18,317,0,42,0
19-01 12:49:12,21.247,6.749,70.240,0.250,0,5378416,173412,166376,2280280,9100.742,1619.776,0,171.976,0,11.998,3232,2905,1.470,1.550,0.980,2,0,71.990,0,0,18,319,0,42,0
19-01 12:49:13,18.977,1.998,77.907,0,0,5378516,173172,166376,2280420,20549.363,14728.342,0,495.406,0,28.965,2529,2205,1.470,1.550,0.980,5,0,0,0,0,18,319,0,41,0
19-01 12:49:14,21.246,6.999,70.736,0,0,5358008,193588,166376,2280512,9246.211,1619.687,79.985,191.963,4.999,19.996,3031,2774,1.470,1.550,0.980,2,0,55.989,0,0,18,319,0,41,0
19-01 12:49:15,18.743,2.249,78.720,0,0,5373648,177936,166376,2280524,17474.280,11862.438,0,255.902,0,1.999,2329,2069,1.470,1.550,0.980,2,0,0,0,0,18,319,0,44,0
19-01 12:49:16,21.021,6.507,70.822,0,0,5400388,151152,166376,2280568,5864.977,1567.598,0,0,0,0,2757,2301,1.470,1.550,0.980,2,0,33.034,0,0,18,319,0,44,0
19-01 12:49:17,16.499,1.750,81.245,0,0,5410080,141456,166376,2280572,18809.815,9749.386,0,35.998,0,1.000,2134,1902,1.440,1.540,0.980,1,0,0,0,0,18,320,0,44,0
19-01 12:49:18,18.281,5.259,75.128,0.250,0,5363684,187804,166376,2280620,13070.302,4303.343,32.055,372.636,2.003,32.055,3250,3348,1.440,1.540,0.980,2,0,47.080,0,0,18,319,0,39,0
19-01 12:49:19,19.504,3.001,76.516,0.250,0,5392316,159152,166376,2280624,14552.076,7345.553,0,160.034,0,16.003,2454,2126,1.440,1.540,0.980,2,0,0,0,0,18,320,0,39,0
19-01 12:49:20,20.982,5.246,72.438,0,0,5362036,189416,166376,2280640,12108.651,6137.754,0,283.757,0,26.977,3207,2910,1.440,1.540,0.980,2,0,31.973,0,0,18,319,0,42,0
19-01 12:49:21,20.254,3.001,75.764,0.250,0,5381568,169840,166376,2280684,15953.931,7345.349,32.006,364.067,1.000,34.006,2724,2630,1.440,1.540,0.980,4,0,0,0,0,18,320,0,42,0
19-01 12:49:22,14.819,5.274,78.364,0.251,0,5301344,250044,166376,2280704,12996.349,6843.779,0,550.557,0,70.327,3517,3490,1.400,1.530,0.980,3,0,89.415,0,0,18,321,0,36,0
19-01 12:49:23,23.880,4.726,70.895,0,0,5365256,186132,166376,2280704,6225.835,1611.931,0,139.303,0,8.955,2259,1945,1.400,1.530,0.980,2,0,5.970,0,0,18,321,0,36,0
19-01 12:49:24,17.844,4.021,76.905,0,0,5326968,224268,166376,2280856,29298.435,24115.113,0,494.607,0,28.148,2980,2703,1.400,1.530,0.980,2,0,47.249,0,0,18,321,0,38,0
19-01 12:49:25,23.126,3.730,71.864,0.497,0,5374300,176936,166376,2280856,10501.542,1557.626,0,377.968,0,29.840,2664,2502,1.400,1.530,0.980,4,0,0.995,0,0,18,321,0,38,0
19-01 12:49:26,17.525,3.004,77.609,0,0,5350052,201080,166376,2280960,17183.224,10567.898,92.130,212.299,6.008,21.030,2864,2855,1.400,1.530,0.980,2,0,14.020,0,0,18,321,0,33,0
19-01 12:49:27,22.317,4.514,72.467,0,0,5409524,141608,166376,2280960,9116.343,1516.549,0,120.361,0,8.024,2193,1883,1.370,1.520,0.980,1,0,2.006,0,0,18,321,0,33,0
19-01 12:49:28,18.524,2.503,77.599,0.501,0,5405200,144392,166376,2282484,49462.931,8192.423,1473.875,1962.497,46.059,152.194,4186,5089,1.370,1.520,0.980,2,0,2.003,0,0,18,324,0,33,0
19-01 12:49:29,22.326,5.953,68.713,0.744,0,5399688,177244,166376,2256004,44811.801,2836.830,603.285,1762.228,34.729,160.744,5305,6944,1.370,1.520,0.980,2,0,4.961,0,0,18,323,0,34,0
19-01 12:49:30,21.284,2.754,75.622,0.250,0.501,5410132,166792,166376,2256012,13292.513,7397.973,0,729.180,0,52.084,2548,2482,1.370,1.520,0.980,3,0,0,0,0,18,324,0,32,0
19-01 12:49:31,19.210,3.742,75.093,0.748,0,5399092,177724,166376,2256120,12796.228,6785.803,47.900,1676.492,1.996,151.683,5007,6719,1.370,1.520,0.980,3,0,0,0,0,18,323,0,33,0
19-01 12:49:32,11.574,20.883,66.674,0.503,0,5357072,219716,166376,2256148,6468.086,1739.047,0,3739.755,0,451.870,7688,6447,1.340,1.510,0.980,2,0,583.708,0,0,18,323,0,33,0
19-01 12:49:33,9.018,22.545,66.885,0.251,0,5328672,248084,166376,2256180,9406.955,1623.271,0,404.816,0,28.057,7242,6458,1.340,1.510,0.980,3,0,634.278,0,0,18,323,0,33,0
19-01 12:49:34,8.996,23.240,66.972,0,0,5327520,249204,166376,2256212,7582.863,1619.330,0,2239.074,0,139.942,7422,6624,1.340,1.510,0.980,3,0,614.746,0,0,18,323,0,30,0
19-01 12:49:35,8.500,22.500,67.249,0,0,5329324,247372,166376,2256240,10467.853,1565.978,0,227.997,0,26.000,7289,6409,1.340,1.510,0.980,3,0,630.991,0,0,18,323,0,30,0
19-01 12:49:36,9.512,22.028,67.585,0.250,0,5322116,254544,166376,2256276,9365.735,1567.965,0,120.151,0,17.021,6995,6070,1.340,1.510,0.980,2,0,567.711,0,0,18,323,0,30,0
19-01 12:49:37,8.731,21.953,67.856,0,0,5317244,259384,166376,2256308,8957.985,1562.683,0,35.924,0,8.981,6901,5868,1.310,1.500,0.980,2,0,562.805,0,0,18,323,0,30,0
19-01 12:49:38,13.927,11.937,71.376,1.741,0,5308192,383116,166380,2153756,8933.229,1611.562,322.312,2045.292,31.833,8.953,3784,3350,1.310,1.500,0.980,2,0,138.276,0,0,18,323,0,26,0
19-01 12:49:39,27.268,6.254,64.042,1.501,0,5331652,349460,166452,2163868,6069.961,1621.058,792.517,1428.933,93.061,31.020,3844,9915,1.310,1.500,0.980,2,0,39.025,0,0,18,323,0,27,0
19-01 12:49:40,17.775,2.754,77.107,1.502,0,5331508,348212,166452,2165256,16234.506,5164.159,44.061,953.322,6.008,48.067,2674,2718,1.310,1.500,0.980,1,0,17.024,0,0,18,324,0,27,0
19-01 12:49:41,13.717,1.746,79.805,4.240,0,5344420,334568,166456,2166024,20162.779,8698.765,674.354,5761.934,40.900,175.571,2485,2330,1.310,1.500,0.980,2,0,0.998,0,0,18,324,0,27,0
19-01 12:49:42,12.037,1.505,83.760,1.755,0,5350456,327552,166484,2166976,20486.478,10893.755,509.579,1187.680,48.149,36.112,1935,1950,1.290,1.500,0.980,2,0,0,0,0,18,324,0,23,0
19-01 12:49:43,15.462,1.247,80.802,0.748,0,5371756,304968,166512,2168232,21084.452,9410.992,1097.317,1205.054,44.890,45.888,2179,2108,1.290,1.500,0.980,2,0,0,0,0,18,324,0,23,0
19-01 12:49:44,14.246,1.250,82.478,1.000,0,5369900,306156,166540,2168868,20750.575,10843.165,419.890,1107.710,41.989,36.990,2036,1974,1.290,1.500,0.980,3,0,0,0,0,18,324,0,23,0
19-01 12:49:45,15.004,1.250,81.021,2.251,0,5378332,296792,166560,2169776,22707.748,8606.178,764.193,980.248,38.010,30.008,1991,1813,1.290,1.500,0.980,2,0,0,0,0,18,324,0,23,0
19-01 12:49:46,12.245,2.499,77.468,6.247,0,5378384,264624,166588,2201860,15854.480,6313.404,15429.655,843.653,172.929,19.992,2247,2109,1.290,1.500,0.980,2,0,1.000,0,0,18,324,0,23,0
19-01 12:49:47,23.423,3.239,72.012,0.748,0,5382780,245240,166628,2216728,7000.843,1560.837,0,1702.369,0,63.789,2577,2392,1.260,1.490,0.980,3,0,0.997,0,0,18,324,0,23,0
19-01 12:49:48,24.852,2.008,71.544,0,0,5387436,224668,166792,2232104,9757.076,1626.681,0,1425.857,0,31.128,2646,2365,1.260,1.490,0.980,2,0,0,0,0,18,324,0,23,0
19-01 12:49:49,23.968,3.246,70.904,0.749,0,5398812,193456,166932,2251700,7706.558,1617.808,31.957,1873.462,0.999,74.899,2795,2870,1.260,1.490,0.980,4,0,0,0,0,18,324,0,23,0
19-01 12:49:50,24.015,3.002,70.795,1.001,0,5401476,177368,167072,2264648,8129.163,1621.029,0,3294.092,0,148.094,3082,3239,1.260,1.490,0.980,3,0,0,0,0,18,324,0,22,0
19-01 12:49:51,24.062,3.008,70.934,0.752,0,5398500,155204,167200,2289416,9095.611,1624.216,0,2213.747,0,87.226,2991,2755,1.260,1.490,0.980,3,0,0,0,0,18,324,0,22,0
19-01 12:49:52,24.380,2.985,71.897,0.498,0,5370436,196028,167204,2276388,9275.471,1785.237,0,1711.599,0,59.707,2625,2254,1.320,1.500,0.990,3,0,1.990,0,0,18,323,0,22,0
19-01 12:49:53,18.044,3.258,77.688,0,0,5399152,167300,167204,2276400,14754.750,3734.048,0,328.797,0,7.017,2340,2067,1.320,1.500,0.990,2,0,33.080,0,0,18,324,0,22,0
19-01 12:49:54,23.821,3.009,72.717,0,0,5387292,172648,167204,2282864,9037.993,1757.248,0,910.720,0,7.021,2476,2004,1.320,1.500,0.990,3,0,3.009,0,0,18,323,0,22,0
19-01 12:49:55,17.246,2.999,77.732,0.750,0,5401320,151508,167204,2289688,12258.208,4561.961,0,2547.420,0,234.946,2927,2481,1.320,1.500,0.990,3,0,19.995,0,0,18,323,0,22,1
19-01 12:49:56,24.337,5.771,68.746,0,0,5384080,168988,167220,2289316,12063.212,1734.212,0,1878.730,0,23.083,11045,19638,1.320,1.500,0.990,2,0,15.054,0,0,18,323,0,22,0
19-01 12:49:57,22.131,6.216,69.376,0,0,5386348,166456,167276,2289492,7657.727,1611.315,0,417.748,0,8.952,10187,18511,1.300,1.490,0.990,2,0,19.893,0,0,18,323,0,22,0
19-01 12:49:58,22.708,4.991,70.868,0.250,0,5325412,240648,167280,2276512,43033.077,1616.997,0,878.369,0,21.959,2815,2284,1.300,1.490,0.990,3,0,9.981,0,0,18,323,0,20,0
19-01 12:49:59,25.000,5.250,68.501,0.250,0,5345448,220596,167280,2276528,43924.829,1620.031,0,632.012,0,27.001,11023,19589,1.300,1.490,0.990,3,0,48.001,0,0,18,323,0,20,0
19-01 12:50:00,19.617,2.766,76.706,0.251,0,5376432,189600,167280,2276540,14282.927,3747.281,0,333.986,0,23.138,2664,2542,1.300,1.490,0.990,3,0,33.197,0,0,18,324,0,20,0
19-01 12:50:01,23.745,3.499,71.735,0.250,0,5384524,174984,167296,2283048,9948.955,1793.631,0,1071.780,0,24.995,2560,2201,1.300,1.490,0.990,3,0,2.999,0,0,18,323,0,20,0
19-01 12:50:02,17.744,2.749,78.474,0,0,5405244,147152,167332,2289996,15408.899,4549.494,0,1103.635,0,26.991,2456,2425,1.270,1.480,0.990,3,0,16.994,0,0,18,324,0,20,0
19-01 12:50:03,24.109,5.525,69.061,0.502,0,5374424,178400,167332,2289456,7474.660,1872.432,0,883.981,0,86.389,10183,18581,1.270,1.480,0.990,1,0,16.072,0,0,18,323,0,20,0
19-01 12:50:04,23.020,6.188,69.060,0,0,5382228,170364,167336,2289620,11777.319,1603.973,0,87.129,0,1.980,10068,18194,1.270,1.480,0.990,3,0,18.812,0,0,18,323,0,20,0
19-01 12:50:05,22.491,4.498,71.720,0,0,5344984,220944,167336,2276540,8456.501,1457.397,0,1015.580,0,17.993,2442,2025,1.270,1.480,0.990,3,0,5.998,0,0,18,323,0,20,0
19-01 12:50:06,23.570,4.764,71.211,0,0,5337852,228104,167336,2276552,10008.702,1624.822,0,112.333,0,7.021,3343,2943,1.270,1.480,0.990,2,0,97.289,0,0,18,323,0,20,0
19-01 12:50:07,22.677,4.236,71.770,0,0,5344348,212492,167336,2285668,9401.815,1614.816,0,15.949,0,3.987,2481,2177,1.250,1.470,0.990,2,0,16.946,0,0,18,323,0,20,0
19-01 12:50:08,33.942,6.285,59.084,0.251,0,5383432,171680,167336,2287316,17438.461,5162.146,518.930,1556.790,5.028,57.324,3402,2689,1.250,1.470,0.990,2,0,24.136,0,0,18,324,0,20,0
19-01 12:50:09,28.443,6.487,63.872,0.499,0,5397452,157340,167336,2287620,22879.286,10615.789,510.979,1345.312,3.992,49.900,4798,5853,1.250,1.470,0.990,1,0,4.990,0,0,18,324,0,20,0
19-01 12:50:10,11.499,2.000,84.739,0.750,0,5396208,158152,167336,2288048,69430.991,12772.343,0,1659.785,0,77.990,2612,2931,1.250,1.470,0.990,2,0,1.000,0,0,18,326,0,20,0
19-01 12:50:11,15.276,2.254,79.884,1.002,0,5389308,164904,167336,2288336,112043.095,12243.554,0,19144.139,0,349.587,3686,3402,1.250,1.470,0.990,3,0,1.002,0,0,18,325,0,17,0
19-01 12:50:12,16.698,0.997,80.749,0.249,0,5386268,167780,167352,2288484,19853.183,9339.918,0,889.231,0,29.907,1994,1907,1.230,1.460,0.990,1,0,0,0,0,18,325,0,17,0
19-01 12:50:13,15.505,1.751,81.276,0.500,0,5389200,164528,167424,2288732,76765.514,10398.321,0,1568.501,0,62.020,2283,2178,1.230,1.460,0.990,2,0,0,0,0,18,325,0,17,0
19-01 12:50:14,9.800,1.508,86.941,1.005,0,5379392,173692,167652,2289148,276463.863,16668.460,20.102,2279.551,2.010,92.469,2323,2424,1.230,1.460,0.990,5,0,0,0,0,18,325,0,17,0
19-01 12:50:15,9.692,1.491,85.987,1.491,0,5385292,167236,167864,2289492,82138.940,13441.803,111.336,1729.680,7.953,74.555,2002,2046,1.230,1.460,0.990,3,0,0,0,0,18,325,0,15,0
19-01 12:50:16,14.279,1.503,82.917,0.251,0,5378236,164796,167932,2298888,431975.458,14820.865,0,785.583,0,25.050,2218,1982,1.230,1.460,0.990,1,0,2.004,0,0,18,325,0,15,0
19-01 12:50:17,10.487,2.996,82.893,1.498,0.250,5381216,135128,168004,2325400,13722778.666,57146.531,63.918,8377.230,7.990,133.828,5718,3521,1.130,1.440,0.980,3,0,4.994,0,0,18,325,0,15,0
19-01 12:50:18,14.597,2.517,80.537,1.007,0,5367440,161820,168144,2313028,3663583.115,20078.960,165.101,14375.911,4.027,320.136,3434,3190,1.130,1.440,0.980,2,0,1.007,0,0,18,325,0,15,0
19-01 12:50:19,21.784,4.703,71.045,1.238,0,5372756,132564,171728,2329992,10432.429,1604.075,0,5826.159,0,135.653,3233,3033,1.130,1.440,0.980,2,0,0.990,0,0,18,325,0,11,0
19-01 12:50:20,24.373,3.015,71.611,0.503,0,5373576,138156,172244,2322856,8425.418,1628.197,0,1748.804,0,56.283,2773,2573,1.130,1.440,0.980,4,0,0,0,0,18,325,0,11,0
19-01 12:50:21,24.424,3.240,71.028,0.249,0,5387064,142116,172440,2305552,6706.016,1614.947,0,857.317,0,31.900,2732,2386,1.130,1.440,0.980,2,0,0,0,0,18,325,0,11,0
19-01 12:50:22,23.557,5.513,69.166,1.504,0,5391812,143600,173268,2298272,9062.794,1623.905,8.019,92646.791,2.005,370.892,3637,2816,1.200,1.450,0.990,2,0,0,0,0,18,325,0,11,0
19-01 12:50:23,23.769,5.004,70.558,0.751,0,5382140,140196,174200,2308812,8752.151,1459.192,0,2093.711,0,70.057,2737,2257,1.200,1.450,0.990,2,0,6.005,0,0,18,325,0,7,0
19-01 12:50:24,23.080,3.512,71.497,0,0,5383780,142632,175492,2302852,10822.372,1625.614,0,710.453,0,32.111,2633,2281,1.200,1.450,0.990,2,0,0,0,0,18,325,0,7,0
19-01 12:50:25,24.383,3.483,71.160,0.746,0,5387276,143920,176228,2297044,8713.330,1612.290,0,3009.607,0,73.648,2934,2704,1.200,1.450,0.990,2,0,0.995,0,0,18,325,0,7,0
19-01 12:50:26,23.002,2.750,72.507,0.750,0,5385852,127708,177100,2312268,24052.299,2696.258,0,2440.233,0,97.009,3101,2893,1.200,1.450,0.990,1,0,2.000,0,0,18,326,0,7,0
19-01 12:50:27,20.229,2.747,75.672,0.250,0,5292472,256376,177100,2276988,16348.106,3130.765,0,3380.507,0,17.981,2240,1885,1.100,1.420,0.980,2,0,1.998,0,0,18,323,0,3,0
19-01 12:50:28,19.009,3.252,76.287,0.250,0,5350616,198200,177120,2276996,51090.887,3726.815,0,1328.647,0,135.066,2760,2234,1.100,1.420,0.980,2,0,33.016,0,0,18,324,0,3,0
19-01 12:50:29,23.266,3.502,71.799,0.500,0,5334764,207188,177192,2283432,42598.036,1795.224,16.011,1741.187,1.001,36.025,2905,2594,1.100,1.420,0.980,2,0,3.002,0,0,18,323,0,3,0
19-01 12:50:30,19.221,2.995,77.133,0,0,5355916,178604,177512,2289436,16230.283,4693.852,0,1174.212,0,41.936,2608,2408,1.100,1.420,0.980,3,0,16.974,0,0,18,323,0,3,0
19-01 12:50:31,22.748,6.749,68.745,0,0,5348900,185216,177548,2289768,10484.178,1619.873,0,4.000,0,1.000,10545,18897,1.100,1.420,0.980,2,0,12.999,0,0,18,323,0,2,0
19-01 12:50:32,24.028,6.257,68.330,0.250,0,5350448,183304,177612,2290032,8657.196,1459.719,0,2795.292,0,35.041,10652,19294,1.100,1.420,0.990,2,0,13.015,0,0,18,323,0,2,0
19-01 12:50:33,20.749,6.250,71.998,0,0,5342592,191044,177620,2290104,9233.741,1661.953,0,319.991,0,6.000,2340,1853,1.100,1.420,0.990,2,0,7.000,0,0,18,323,0,2,0
19-01 12:50:34,22.766,4.253,71.301,1.001,0,5327680,219332,177624,2278040,6387.581,1621.163,228.164,1625.165,3.002,37.027,2793,2511,1.100,1.420,0.990,2,0,6.004,0,0,18,323,0,2,0
19-01 12:50:35,24.487,4.748,68.964,0.750,0,5340756,203912,177624,2280348,11113.172,1619.151,487.744,2210.841,14.992,87.954,4572,5624,1.100,1.420,0.990,4,0,1.999,0,0,18,324,0,6,0
19-01 12:50:36,23.045,8.016,65.880,1.753,0,5282132,261244,177624,2281636,7875.510,1623.197,977.926,3474.843,53.105,354.699,8057,11344,1.100,1.420,0.990,2,0,101.199,0,0,18,325,0,7,0
19-01 12:50:37,12.548,16.814,69.514,0.753,0,5275864,266580,177624,2282568,9164.816,1626.178,879.341,6950.404,11.042,49.187,5801,4702,1.010,1.390,0.980,4,0,341.297,0,0,18,325,0,9,0
19-01 12:50:38,12.260,4.754,71.307,10.258,0,5281748,218448,177684,2324728,11072.775,1621.285,42105.367,4067.223,3458.741,161.128,9545,9470,1.010,1.390,0.980,2,0,10.008,0,0,18,325,0,9,0
19-01 12:50:39,8.725,4.487,75.780,9.223,0,5302236,197100,178096,2325176,9572.262,2627.386,993.122,2520.696,248.281,311.099,3741,13105,1.010,1.390,0.980,1,0,41.879,0,0,18,326,0,9,0
19-01 12:50:40,2.984,0.995,94.489,0.249,0,5294644,204688,178096,2325180,26742.446,3247.446,0,537.097,0,44.758,1772,2528,1.010,1.390,0.980,2,0,0.995,0,0,18,326,0,9,0
19-01 12:50:41,2.249,1.000,94.207,0.250,0,5294460,204688,178096,2325364,39051.310,4897.781,183.917,95.957,4.998,14.993,1591,2211,1.010,1.390,0.980,1,0,1.999,0,0,18,326,0,9,0
19-01 12:50:42,4.771,2.762,86.387,5.776,0,5280596,217624,178096,2326548,163037.458,3164.157,305.366,20069.796,13.058,385.726,2532,2017,0.930,1.370,0.970,3,1,12.054,0,0,18,325,0,9,0
19-01 12:50:43,3.493,1.497,89.570,4.241,0,5235404,263216,178100,2326148,13467.885,128818.649,71.855,546.899,2.994,12.974,1605,1907,0.930,1.370,0.970,4,0,13.972,0,0,18,325,0,9,0
19-01 12:50:44,1.751,0.500,96.284,0,0,5235324,263296,178100,2326148,8649.095,1620.580,0,72.026,0,10.004,1284,1777,0.930,1.370,0.970,2,0,0,0,0,18,325,0,9,0
19-01 12:50:45,1.749,0.750,96.714,0,0,5235324,263296,178100,2326148,9551.420,1619.393,0,0,0,0,1131,1604,0.930,1.370,0.970,2,0,0,0,0,18,325,0,9,0
19-01 12:50:46,1.999,0.999,94.681,0.500,0,5235304,263296,178100,2326168,7257.721,1618.822,15.988,627.544,0.999,60.956,1739,2417,0.930,1.370,0.970,1,0,0.999,0,0,18,325,0,9,0
19-01 12:50:47,1.750,0.750,96.485,0,0,5235296,263296,178100,2326176,9498.509,1619.746,0,87.986,0,4.999,1165,1590,0.850,1.350,0.970,1,0,0,0,0,18,325,0,9,0
19-01 12:50:48,1.496,0.499,96.488,0,0,5235296,263296,178100,2326176,8825.081,1615.621,0,0,0,0,1190,1665,0.850,1.350,0.970,1,0,0,0,0,18,325,0,9,0
19-01 12:50:49,2.000,0.500,96.768,0,0,5235296,263296,178100,2326176,6143.143,1620.302,0,4.001,0,1.000,1158,1618,0.850,1.350,0.970,1,0,0,0,0,18,325,0,9,0
19-01 12:50:50,2.255,0.752,95.197,0.501,0.251,5235288,263296,178100,2326184,4966.288,1461.027,0,416.864,0,47.098,1495,2150,0.850,1.350,0.970,2,0,0,0,0,18,325,0,9,0
19-01 12:50:51,1.999,0.750,95.724,0.250,0,5235288,263296,178100,2326184,11360.898,1619.558,0,83.977,0,12.996,1421,1964,0.850,1.350,0.970,1,0,0,0,0,18,325,0,9,0
19-01 12:50:52,2.253,3.505,92.138,1.002,0,5231128,267440,178104,2326192,6852.290,1622.436,4.006,64264.509,1.002,359.540,2390,2783,0.780,1.320,0.960,2,0,0,0,0,18,325,0,9,0
19-01 12:50:53,1.000,0.750,96.703,0,0,5231128,267440,178104,2326192,10545.834,1619.207,0,31.984,0,3.998,1170,1655,0.780,1.320,0.960,1,0,0,0,0,18,325,0,9,0
19-01 12:50:54,2.501,0.500,96.545,0,0,5231380,267188,178104,2326192,7911.663,1620.750,0,0,0,0,1176,1639,0.780,1.320,0.960,2,0,0,0,0,18,325,0,9,0
19-01 12:50:55,1.747,0.749,95.097,0.499,0,5231380,267188,178104,2326192,9979.906,1617.392,0,1082.255,0,174.718,1634,2050,0.780,1.320,0.960,2,0,0.998,0,0,18,325,0,9,0
19-01 12:50:56,2.249,1.250,95.463,0.250,0,5232100,266464,178104,2326196,7823.973,1619.374,0,367.858,0,41.984,1693,2466,0.780,1.320,0.960,2,0,1.999,0,0,18,325,0,9,0
19-01 12:50:57,2.003,1.252,93.639,2.504,0,5232516,266016,178116,2326216,7883.692,1622.406,8.012,15691.272,2.003,107.159,1479,1771,0.720,1.300,0.960,1,1,0,0,0,18,325,0,9,0
19-01 12:50:58,2.249,3.748,87.713,5.748,0,5217568,280848,178160,2326252,45050.207,1457.392,47.980,90938.065,11.995,465.806,2958,2587,0.720,1.300,0.960,2,0,0,0,0,18,325,0,9,0
19-01 12:50:59,2.000,0.250,96.268,0,0,5217568,280848,178160,2326252,43657.117,1620.301,0,116.022,0,5.001,1338,1741,0.720,1.300,0.960,1,0,0,0,0,18,325,0,9,0
19-01 12:51:00,1.748,0.999,95.644,0.250,0,5217568,280848,178160,2326252,5494.916,1618.208,0,247.726,0,23.973,1438,2096,0.720,1.300,0.960,2,0,0,0,0,18,325,0,9,0
19-01 12:51:01,1.751,0.750,96.292,0,0,5217820,280596,178160,2326252,9671.252,1620.713,0,40.018,0,6.003,1254,1693,0.720,1.300,0.960,1,0,0,0,0,18,325,0,9,0
19-01 12:51:02,2.000,0.750,96.740,0,0,5217816,280596,178160,2326256,8429.095,1619.826,0,0,0,0,1141,1635,0.660,1.280,0.950,2,0,0,0,0,18,325,0,9,0
19-01 12:51:03,1.500,0.500,96.222,0,0,5217816,280596,178160,2326256,9045.375,1619.530,0,0,0,0,1172,1665,0.660,1.280,0.950,2,0,1.999,0,0,18,325,0,9,0
19-01 12:51:04,1.752,3.004,94.377,0,0,5219756,278656,178160,2326256,7126.582,1622.181,0,0,0,0,1234,1667,0.660,1.280,0.950,1,0,0,0,0,18,325,0,9,0
19-01 12:51:05,1.750,1.000,96.264,0,0,5219752,278656,178160,2326260,6479.968,1704.255,0,564.084,0,111.017,1352,1708,0.660,1.280,0.950,1,0,0,0,0,18,325,0,9,0
19-01 12:51:06,1.750,0.750,95.257,0.250,0,5219752,278656,178160,2326260,8495.591,1458.101,48.003,420.029,2.000,33.002,1622,2364,0.660,1.280,0.950,2,0,1.000,0,0,18,325,0,9,0
19-01 12:51:07,1.499,0.750,96.461,0,0,5219700,278656,178160,2326312,7601.939,1619.348,0,59.976,0,5.998,1123,1658,0.610,1.260,0.950,1,0,0,0,0,18,325,0,9,0
19-01 12:51:08,18.767,6.005,74.818,0,0,5241128,257220,178160,2326316,5677.178,1621.479,512.467,2582.355,4.004,13.012,2611,2187,0.610,1.260,0.950,2,0,8.007,0,0,18,325,0,9,0
19-01 12:51:09,14.245,3.499,81.721,0,0,5254688,243652,178160,2326324,9059.821,1619.432,511.820,0,3.999,0,2353,2167,0.610,1.260,0.950,1,0,3.999,0,0,18,325,0,9,0
19-01 12:51:10,5.239,2.495,88.806,0,0,5257132,241184,178160,2326348,7830.868,1616.463,0,730.402,0,45.900,3682,5824,0.610,1.260,0.950,1,0,1.996,0,0,18,325,0,9,0
19-01 12:51:11,3.256,1.503,94.429,0.501,0,5257040,241184,178160,2326440,9236.460,1623.068,0,92.174,0,13.025,1859,2339,0.610,1.260,0.950,2,0,1.002,0,0,18,326,0,10,0
19-01 12:51:12,3.747,0.999,93.166,0.250,0,5256312,241892,178160,2326460,7230.501,1618.545,0,255.770,0,25.977,1965,2506,0.560,1.240,0.940,1,0,0,0,0,18,325,0,11,0
19-01 12:51:13,5.752,1.501,91.532,0,0,5263424,234768,178164,2326468,138386.092,3543.257,4.001,4509.600,1.000,117.042,1923,1999,0.560,1.240,0.940,2,0,3.001,0,0,18,325,0,11,0
19-01 12:51:14,13.081,4.780,79.996,0.755,0,5261208,236864,178168,2326612,442864.572,17615.127,124.773,438.718,6.037,17.106,3677,3105,0.560,1.240,0.940,2,0,36.224,0,0,18,325,0,11,0
19-01 12:51:15,18.395,5.717,74.326,0,0.249,5266540,227472,178168,2330672,152142.006,5874.485,15.909,103.410,0.994,4.972,3136,2453,0.560,1.240,0.940,2,0,33.807,0,0,18,325,0,11,0
