"pcp-dstat 6.2.0 CSV Output"
"Author:","PCP team <pcp@groups.io> and Dag Wieers <dag@wieers.com>",,,,"URL:","https://pcp.io/ and http://dag.wieers.com/home-made/dstat/"
"Host:","ubuntu",,,,"User:","ubuntu"
"Cmdline:","dstat -tcmndrylpg --tcp --output /tmp/devstack_logs/dstat-csv.log",,,,"Date:","16 Jan 2026 20:47:37 UTC"
"system","total usage",,,,,"memory usage",,,,"net/total",,"dsk/total",,"io/total",,"system",,"load avg",,,"procs",,,"paging",,"tcp sockets",,,,
"time","total usage:usr","total usage:sys","total usage:idl","total usage:wai","total usage:stl","used","free","buf","cach","net/total:recv","net/total:send","dsk/total:read","dsk/total:writ","read","writ","int","csw","1m","5m","15m","run","blk","new","in","out","lis","act","syn","tim","clo"
16-01 20:47:37,,978132,1728352,162708,4952492,,,,,,,1.600,0.970,0.520,2,0,,,,10,5,1,17,1
16-01 20:47:38,21.498,21.248,55.744,0.500,0,1002988,1703032,162740,4952816,21957.788,10913.901,0,3151.683,0,92.991,6781,5725,1.550,0.970,0.520,2,0,518.948,0,0,10,4,1,17,2
16-01 20:47:39,26.746,18.747,52.992,0.250,0,1029120,1658060,162792,4970984,195253.297,11243.232,0,2075.674,0,70.989,6313,5808,1.550,0.970,0.520,2,0,343.946,0,0,10,4,1,17,2
16-01 20:47:40,38.895,18.201,42.136,0.499,0,1033552,1634556,163744,4986076,6980.173,1454.078,0,1639.578,0,51.860,6594,7067,1.550,0.970,0.520,2,0,271.268,0,0,10,4,1,17,2
16-01 20:47:41,34.219,10.990,53.702,0.250,0,1172120,1477640,164144,5126272,6315.369,1618.557,15.986,1418.735,0.999,34.969,4698,3968,1.550,0.970,0.520,2,0,109.902,0,0,11,6,1,17,2
16-01 20:47:42,37.546,13.517,47.809,1.001,0,1191964,1433424,164836,5147928,5731.045,1621.994,0,2807.451,0,116.143,4934,3668,1.550,0.970,0.520,2,0,191.235,0,0,11,6,1,19,2
16-01 20:47:43,42.998,6.000,48.497,1.250,0,1249156,1355808,165836,5164680,8915.495,1619.908,31.998,7287.587,2.000,106.994,3250,1996,1.590,0.990,0.530,3,0,0,0,0,11,6,1,19,2
16-01 20:47:44,44.097,5.262,48.105,1.754,0,1285092,1292036,167128,5188176,7654.764,1623.556,4.009,6157.485,1.002,270.593,4087,3730,1.590,0.990,0.530,2,1,4.009,0,0,11,8,1,19,2
16-01 20:47:45,29.514,5.753,50.274,12.506,0,1279644,1304168,168540,5179984,14812.106,4344.084,0,43168.710,0,3656.754,18610,28170,1.590,0.990,0.530,2,0,65.031,0,0,11,6,1,19,0
16-01 20:47:46,39.641,9.474,46.123,3.989,0,1224304,1358864,168764,5180372,12538.389,2884.039,0,28261.986,0,1884.797,9068,13239,1.590,0.990,0.530,1,0,122.661,0,0,11,5,1,19,0
16-01 20:47:47,41.766,5.252,52.020,0.500,0,1257964,1317876,168868,5186816,10753.057,2627.992,0,1896.716,0,71.027,2868,1574,1.590,0.990,0.530,2,0,2.001,0,0,11,4,1,19,0
16-01 20:47:48,39.001,4.500,54.751,0.750,0,1185724,1389812,168916,5186900,13685.272,4323.086,0,8576.171,0,443.009,3979,3605,1.540,0.990,0.530,2,0,28.001,0,0,11,5,1,19,0
16-01 20:47:49,43.502,8.500,46.002,0.250,0,1245352,1322048,169416,5193124,6591.248,1794.067,0,1184.044,0,39.001,11050,18586,1.540,0.990,0.530,2,0,14.001,0,0,11,4,1,19,0
16-01 20:47:50,43.322,9.766,45.074,0,0,1234948,1332172,169484,5193284,9126.069,1622.679,0,88.146,0,2.003,11560,18794,1.540,0.990,0.530,2,0,137.227,0,0,11,4,1,19,0
16-01 20:47:51,28.765,24.512,45.023,0,0,1193812,1387824,169528,5180536,9520.813,1620.819,0,2189.107,0,49.025,6705,5471,1.540,0.990,0.530,2,0,503.254,0,0,11,4,1,19,0
16-01 20:47:52,39.972,17.488,41.971,0,0,1149716,1431776,169528,5180680,5737.053,1660.857,0,15.989,0,3.997,6208,7774,1.540,0.990,0.530,2,0,290.800,0,0,11,4,1,19,0
16-01 20:47:53,44.914,10.480,43.915,0,0,1176540,1404928,169528,5181164,43235.743,1690.744,0,23.954,0,2.994,3811,2411,1.580,1.010,0.540,2,0,140.729,0,0,11,5,1,19,0
16-01 20:47:54,47.500,3.750,48.500,0,0,1221676,1359268,169532,5181676,20994.035,1694.003,0,14284.024,0,50.000,2741,1121,1.580,1.010,0.540,2,0,0,0,0,11,5,1,19,0
16-01 20:47:55,43.108,8.772,46.867,0,0,1248924,1329564,169608,5184004,31739.449,1698.251,0,954.389,0,83.208,3550,3594,1.580,1.010,0.540,2,0,17.043,0,0,11,4,1,20,0
16-01 20:47:56,7.971,7.473,83.451,0.747,0,1281704,1296760,169616,5184012,7828.914,1526.524,0,2658.463,0,90.675,2959,2954,1.580,1.010,0.540,1,0,122.560,0,0,11,4,1,20,0
16-01 20:47:57,22.277,3.504,73.588,0,0,1347160,1231284,169616,5184020,6000.191,1696.033,0,0,0,0,1812,1279,1.580,1.010,0.540,1,0,0,0,0,11,4,1,20,0
16-01 20:47:58,24.501,1.500,73.503,0,0,1367324,1210920,169616,5184220,9423.347,1694.062,0,0,0,0,1784,1077,1.530,1.010,0.540,1,0,1.000,0,0,11,6,1,20,0
16-01 20:47:59,19.540,7.014,70.392,1.754,0,1311208,1266944,169652,5184268,8847.897,1623.283,0,16349.070,0,465.942,5055,5859,1.530,1.010,0.540,1,0,43.087,0,0,11,4,1,22,0
16-01 20:48:00,22.203,2.245,73.843,0.748,0,1353828,1223740,169924,5184536,5989.236,1690.397,371.209,0,19.957,0,1726,1130,1.530,1.010,0.540,1,0,0,0,0,11,4,1,18,0
16-01 20:48:01,17.998,2.500,76.490,2.500,0,1366628,1210820,169932,5184592,13768.260,5680.282,31.996,3867.511,7.999,180.977,2758,2724,1.530,1.010,0.540,0,1,1.000,0,0,11,17,1,18,0
16-01 20:48:02,15.754,3.751,75.020,4.251,0,1371984,1204972,169976,5184932,11127.958,5674.508,236.063,1412.375,58.015,67.018,2566,2078,1.530,1.010,0.540,1,0,45.012,0,0,11,28,1,19,0
16-01 20:48:03,19.989,2.998,76.709,0,0,1371540,1205412,169976,5184932,10322.438,3588.067,0,0,0,0,1704,1136,1.490,1.010,0.550,0,0,0,0,0,11,29,1,19,0
16-01 20:48:04,17.552,8.275,70.210,2.758,0,1348256,1228676,169976,5184952,14457.157,6369.013,0,29700.662,0,483.443,4188,2780,1.490,1.010,0.550,3,0,154.461,0,0,11,28,1,18,0
16-01 20:48:05,42.149,7.731,49.631,0,0,1437296,1139592,169976,5184960,7638.711,2302.487,0,0,0,0,2807,1362,1.490,1.010,0.550,2,0,1.995,0,0,11,29,1,18,0
16-01 20:48:06,28.244,4.249,65.736,0,0,1439812,1137128,169976,5185064,26448.501,16800.507,0,2983.380,0,26.994,4599,5600,1.490,1.010,0.550,1,0,0,0,0,11,30,1,18,0
16-01 20:48:07,50.098,25.049,24.548,0.250,0,1418344,1158456,169980,5185200,10801.234,4493.834,0,264.520,0,33.065,6350,6589,1.490,1.010,0.550,6,0,557.095,0,0,11,28,1,19,0
16-01 20:48:08,87.064,12.759,0.500,0,0,1663572,913164,169984,5185244,11784.613,5056.696,0,852.623,0,6.004,4994,2587,1.850,1.090,0.580,4,0,23.017,0,0,11,30,1,19,0
16-01 20:48:09,78.790,9.225,11.469,0,0,1745088,831524,169996,5185352,40437.151,34068.138,0,426.862,0,20.944,7887,10552,1.850,1.090,0.580,4,0,0,0,0,11,34,1,19,0
16-01 20:48:10,53.090,12.271,32.806,0.250,0,1578520,997864,170044,5185532,21528.502,11033.708,0,709.202,0,72.122,6640,8453,1.850,1.090,0.580,1,0,283.481,0,0,11,28,1,25,0
16-01 20:48:11,20.440,5.484,73.535,0,0,1557348,1019028,170048,5185536,8878.022,1708.999,0,219.358,0,8.974,2039,1499,1.850,1.090,0.580,1,0,26.921,0,0,11,28,1,25,0
16-01 20:48:12,14.759,2.001,82.549,0.250,0,1537004,1039352,170052,5185552,13638.029,8286.878,0,252.148,0,21.012,2675,3131,1.850,1.090,0.580,2,1,0,0,0,11,28,1,23,1
16-01 20:48:13,19.015,6.755,72.808,0.250,0,1492580,1083764,170060,5185556,5487.362,1761.400,0,156.124,0,11.009,2643,1916,1.780,1.090,0.580,1,0,68.054,0,0,11,28,1,24,0
16-01 20:48:14,17.766,2.002,79.322,0,0,1499352,1076980,170064,5185564,14207.942,6750.149,0,128.117,0,9.008,2298,2206,1.780,1.090,0.580,1,0,0,0,0,11,29,1,24,0
16-01 20:48:15,10.767,16.777,70.865,0.751,0.250,1456164,1120160,170072,5185572,9419.267,3475.633,0,95987.574,0,406.659,6406,5934,1.780,1.090,0.580,2,0,429.696,0,0,11,28,1,25,0
16-01 20:48:16,53.159,29.200,17.470,0,0,1487264,1089052,170072,5185580,10548.019,1617.243,0,47.918,0,11.980,6029,4854,1.780,1.090,0.580,5,0,607.964,0,0,11,28,1,25,0
16-01 20:48:17,85.639,8.764,5.759,0,0,1673352,902872,170076,5185636,20618.446,16095.109,0,1782.892,0,80.130,5434,3537,1.780,1.090,0.580,4,0,6.010,0,0,11,33,1,25,0
16-01 20:48:18,73.558,9.226,16.706,0,0,1610088,965780,170088,5185980,46096.583,35875.284,0,410.927,0,53.859,8893,15134,1.800,1.100,0.590,5,0,30.919,0,0,11,29,1,26,0
16-01 20:48:19,75.758,23.674,0.249,0,0,1585972,989684,170096,5186012,8902.537,2078.355,0,354.865,0,25.917,6300,11002,1.800,1.100,0.590,6,0,314.993,0,0,11,28,1,27,0
16-01 20:48:20,85.959,12.818,1.508,0,0,1742200,833592,170108,5186036,16423.641,13631.743,0,353.888,0,11.059,5081,3480,1.800,1.100,0.590,4,0,0,0,0,11,31,2,26,0
16-01 20:48:21,75.782,8.754,14.756,0,0,1743728,831884,170112,5186212,46578.804,40708.308,0,148.063,0,10.004,7865,12808,1.800,1.100,0.590,2,0,50.021,0,0,11,32,1,28,0
16-01 20:48:22,51.866,14.463,31.917,0,0,1538892,1036588,170124,5186332,23477.215,13139.979,0,2282.091,0,145.623,6785,8446,1.800,1.100,0.590,3,0,247.360,0,0,11,28,1,31,0
16-01 20:48:23,38.245,4.249,58.242,0,0,1554572,1020764,170128,5186472,49024.618,7888.973,0,175.977,0,9.999,2881,1932,1.820,1.120,0.590,3,0,0,0,0,11,30,1,31,0
16-01 20:48:24,35.756,13.252,49.258,0,0,1500216,1074956,170128,5186636,44815.719,13802.377,0,260.045,0,25.004,5862,7097,1.820,1.120,0.590,5,0,318.055,0,0,11,28,1,32,0
16-01 20:48:25,65.994,11.749,21.998,0,0,1576220,998912,170136,5186668,20555.231,3082.735,0,303.974,0,10.999,3900,1830,1.820,1.120,0.590,2,0,59.995,0,0,11,29,1,32,0
16-01 20:48:26,44.042,5.255,50.298,0,0,1582748,992316,170144,5186728,36240.895,25931.969,0,228.220,0,20.019,6387,8547,1.820,1.120,0.590,5,0,0,0,0,11,30,1,32,1
16-01 20:48:27,71.621,19.783,8.514,0,0,1521932,1053104,170156,5186744,9859.662,4123.969,0,1037.754,0,43.073,5574,4640,1.820,1.120,0.590,5,0,258.437,0,0,11,28,1,33,0
16-01 20:48:28,71.245,7.722,21.423,0,0,1604008,970984,170160,5186784,22477.671,18327.503,0,251.103,0,19.929,5006,3597,1.830,1.130,0.600,4,0,0.996,0,0,11,32,1,29,0
16-01 20:48:29,58.419,12.536,27.580,0.752,0,1507708,1067196,170192,5186840,34257.209,25164.878,0,1408.078,0,99.288,9298,13484,1.830,1.130,0.600,4,0,279.810,0,0,11,28,1,32,0
16-01 20:48:30,64.797,11.258,23.017,0,0,1578396,996472,170216,5186856,9021.585,1621.183,0,3502.556,0,180.131,4351,2545,1.830,1.130,0.600,3,0,45.033,0,0,11,28,1,32,0
16-01 20:48:31,42.175,5.241,52.158,0,0,1594956,979640,170216,5187128,29381.073,25185.488,0,223.605,0,21.961,5995,7503,1.830,1.130,0.600,2,0,0,0,0,11,30,1,33,0
16-01 20:48:32,59.036,18.761,21.763,0,0,1498880,1075696,170216,5187148,15400.347,7024.263,0,276.168,0,23.014,5529,5374,1.830,1.130,0.600,4,0,299.182,0,0,11,28,1,31,0
16-01 20:48:33,53.289,4.253,41.280,0,0,1573680,1000708,170216,5187304,22012.096,14632.700,0,176.129,0,8.006,3917,3048,1.850,1.150,0.610,3,0,0,0,0,11,31,1,31,0
16-01 20:48:34,51.877,17.459,30.428,0.249,0.249,1547732,1026356,170224,5187596,25289.023,16575.688,0,857.965,0,61.853,6908,9076,1.850,1.150,0.610,5,0,276.345,0,0,11,28,1,34,0
16-01 20:48:35,58.640,6.014,34.081,0,0.251,1596908,977140,170224,5187636,13029.128,9431.533,0,192.460,0,4.010,3782,1992,1.850,1.150,0.610,0,0,10.024,0,0,11,31,1,34,0
16-01 20:48:36,49.006,5.501,44.505,0,0,1571504,1002352,170228,5187824,28149.163,18728.104,0,284.032,0,28.003,6000,7869,1.850,1.150,0.610,4,0,14.002,0,0,11,29,1,35,0
16-01 20:48:37,61.770,13.504,24.758,0,0,1526676,1047168,170228,5187836,11153.667,2262.744,0,168.055,0,11.004,4303,2404,1.850,1.150,0.610,3,0,98.032,0,0,11,28,1,36,0
16-01 20:48:38,50.141,5.488,43.406,0,0,1566064,1007748,170228,5187868,24847.129,18487.916,0,107.766,0,6.985,4940,4702,1.940,1.180,0.620,1,0,0.998,0,0,11,31,1,36,0
16-01 20:48:39,53.861,22.296,22.797,0.251,0,1481296,1092476,170236,5187900,16039.909,10360.256,0,1022.097,0,85.175,6854,8079,1.940,1.180,0.620,8,0,460.946,0,0,11,28,1,38,0
16-01 20:48:40,81.071,18.958,0,0,0,1637064,936648,170240,5187956,9149.847,1616.440,0,2290.954,0,43.903,5655,4404,1.940,1.180,0.620,9,0,368.189,0,0,11,28,1,38,0
16-01 20:48:41,79.874,19.280,1.252,0,0,1759060,814472,170240,5188140,27780.002,22205.372,0,0,0,0,6181,5788,1.940,1.180,0.620,3,0,499.774,0,0,11,33,1,38,0
16-01 20:48:42,73.795,18.761,7.004,0,0,1746924,826400,170256,5188376,52459.906,42715.980,0,692.421,0,56.034,8595,10783,1.940,1.180,0.620,7,0,374.228,0,0,11,30,1,39,0
16-01 20:48:43,83.751,15.000,1.000,0,0,1625252,947988,170264,5188452,13184.198,7798.117,0,3292.050,0,126.002,5764,4115,2.180,1.240,0.650,5,0,152.002,0,0,11,30,1,39,0
16-01 20:48:44,77.106,8.734,13.974,0,0,1714596,858596,170264,5188500,32003.311,26588.410,0,127.762,0,5.989,6347,7786,2.180,1.240,0.650,4,0,0,0,0,11,33,1,39,0
16-01 20:48:45,61.868,15.029,22.543,0,0,1507060,1065904,170264,5188728,39011.482,29390.112,0,12.023,0,3.006,8670,12677,2.180,1.240,0.650,3,0,344.658,0,0,11,28,1,42,0
16-01 20:48:46,26.001,34.501,38.751,0,0,1476532,1096404,170264,5188756,9188.249,1458.040,0,44.001,0,11.000,7024,6422,2.180,1.240,0.650,5,0,982.027,0,0,11,28,1,42,0
16-01 20:48:47,73.994,18.499,6.999,0,0,1582872,990024,170264,5188796,13688.952,6931.470,0,11.999,0,3.000,5017,3381,2.180,1.240,0.650,3,0,275.979,0,0,11,30,1,42,0
16-01 20:48:48,62.463,7.246,29.732,0.250,0,1614424,958276,170264,5188992,31839.143,23588.030,0,467.723,0,38.977,6268,8348,2.170,1.260,0.650,3,0,42.975,0,0,11,31,1,43,0
16-01 20:48:49,71.435,19.233,8.742,0,0,1541128,1031524,170272,5189032,15602.851,7309.372,0,431.609,0,42.961,6231,6214,2.170,1.260,0.650,4,0,225.795,0,0,11,28,1,46,0
16-01 20:48:50,71.113,7.512,21.785,0,0,1600856,971760,170276,5189064,24540.997,19149.429,0,348.554,0,10.016,4598,3734,2.170,1.260,0.650,1,0,0,0,0,11,32,1,46,0
16-01 20:48:51,53.309,6.477,38.362,0,0,1605132,967224,170276,5189324,45970.039,38765.890,0,175.371,0,7.971,11204,18429,2.170,1.260,0.650,4,0,0,0,0,11,32,1,46,0
16-01 20:48:52,67.236,13.798,18.565,0.502,0,1471272,1100868,170296,5189520,27115.160,20876.264,0,525.845,0,59.208,8727,12407,2.170,1.260,0.650,4,0,94.331,0,0,11,28,1,46,0
16-01 20:48:53,78.249,10.500,11.750,0,0,1597056,975068,170300,5189532,50675.530,9264.914,0,139.999,0,8.000,4816,2575,2.240,1.290,0.670,3,0,26.000,0,0,11,31,1,46,0
16-01 20:48:54,58.231,5.748,34.989,0,0,1621756,950132,170300,5189768,65040.045,36205.335,0,619.800,0,11.996,9614,14070,2.240,1.290,0.670,2,0,0,0,0,11,32,1,46,0
16-01 20:48:55,58.449,9.492,30.723,0,0,1576280,995360,170300,5190016,57860.373,33476.709,0,175.846,0,9.991,11048,16333,2.240,1.290,0.670,5,0,95.916,0,0,11,29,1,49,0
16-01 20:48:56,77.167,16.982,6.243,0,0,1541160,1030464,170300,5190032,13088.870,6497.985,0,131.858,0,7.991,5155,3328,2.240,1.290,0.670,3,0,163.823,0,0,11,29,1,50,0
16-01 20:48:57,64.375,6.763,28.054,0,0,1614772,956656,170300,5190228,34699.285,27482.290,0,112.218,0,6.012,6610,8112,2.240,1.290,0.670,2,0,0,0,0,11,32,1,49,0
16-01 20:48:58,65.203,11.742,21.984,0,0,1535488,1035856,170304,5190308,32311.752,25685.520,0,255.816,0,20.985,8767,13003,2.620,1.380,0.700,3,0,98.929,0,0,11,29,1,51,0
16-01 20:48:59,78.189,10.492,10.742,0,0,1589624,981548,170316,5190468,12935.852,8480.347,0,311.755,0,34.973,4933,3512,2.620,1.380,0.700,3,0,29.976,0,0,11,30,1,51,0
16-01 20:49:00,66.010,11.502,22.503,0,0,1571516,999588,170340,5190512,22308.311,18722.779,0,360.053,0,37.005,5839,6243,2.620,1.380,0.700,2,0,120.018,0,0,11,30,1,53,0
16-01 20:49:01,67.345,9.013,23.033,0.250,0,1658188,912696,170348,5190724,36667.880,26810.934,0,316.448,0,25.035,6327,10708,2.620,1.380,0.700,3,0,1.001,0,0,11,33,1,51,0
16-01 20:49:02,65.018,13.004,21.256,0,0,1620728,950076,170356,5190796,29647.402,22250.306,0,196.056,0,14.004,6705,9313,2.620,1.380,0.700,5,0,142.040,0,0,11,33,1,54,0
16-01 20:49:03,77.322,13.718,7.982,0,0,1561212,1009568,170360,5190780,17093.710,9770.542,0,159.633,0,8.979,5069,3424,2.970,1.470,0.730,3,0,87.798,0,0,11,34,1,55,0
16-01 20:49:04,68.403,8.770,22.551,0,0,1631256,939352,170368,5190944,29101.192,22839.164,0,689.545,0,9.020,6078,7118,2.970,1.470,0.730,3,0,34.076,0,0,11,34,1,57,0
16-01 20:49:05,66.445,13.489,19.983,0,0,1651696,918820,170392,5191012,27362.170,16867.926,0,387.677,0,37.968,6469,7703,2.970,1.470,0.730,4,0,125.895,0,0,11,33,1,57,0
16-01 20:49:06,52.137,9.729,37.170,0.249,0,1606432,964008,170404,5191076,17917.229,11393.346,0,375.188,0,30.933,4702,4202,2.970,1.470,0.730,2,0,105.771,0,0,11,33,1,59,0
16-01 20:49:07,55.134,9.523,34.834,0,0,1602568,967696,170404,5191252,15631.852,10544.533,0,236.573,0,19.046,4520,4661,2.970,1.470,0.730,2,0,60.146,0,0,11,33,1,60,0
16-01 20:49:08,51.469,10.494,36.978,0,0.250,1531472,1038616,170408,5191424,23170.248,15965.524,0,315.813,0,36.978,5618,5779,2.890,1.480,0.740,3,0,96.942,0,0,11,33,1,60,1
16-01 20:49:09,52.306,11.012,36.039,0,0,1524872,1045176,170412,5191460,19658.160,12978.970,0,3912.211,0,148.159,4767,4950,2.890,1.480,0.740,3,0,86.093,0,0,11,33,1,61,0
16-01 20:49:10,49.209,8.243,41.965,0,0,1541776,1028072,170412,5191660,16636.118,12292.743,0,231.807,0,17.985,4096,4907,2.890,1.480,0.740,2,0,85.928,0,0,11,34,1,62,0
16-01 20:49:11,30.441,6.238,62.878,0.250,0,1516844,1052952,170424,5191700,25282.800,16294.291,0,471.083,0,26.948,5111,7062,2.890,1.480,0.740,1,0,66.870,0,0,11,33,1,63,0
16-01 20:49:12,39.323,9.768,50.093,0.250,0,1491164,1078612,170432,5191712,9304.289,3210.966,0,240.447,0,22.041,3632,2843,2.890,1.480,0.740,1,0,68.127,0,0,11,32,1,64,0
16-01 20:49:13,33.973,3.497,61.451,0,0,1507464,1062288,170432,5191736,25698.498,14827.171,0,179.857,0,11.990,3802,3974,2.660,1.460,0.740,2,0,0,0,0,11,33,1,58,0
16-01 20:49:14,36.197,9.985,52.923,0,0,1430188,1139364,170440,5191928,13127.796,5777.548,0,187.725,0,15.977,4542,4338,2.660,1.460,0.740,2,0,137.798,0,0,11,32,1,59,0
16-01 20:49:15,35.336,5.764,57.890,0,0,1510244,1059268,170460,5191948,13168.949,8738.199,0,304.739,0,27.066,2988,2720,2.660,1.460,0.740,1,0,0,0,0,11,34,1,59,0
16-01 20:49:16,34.125,7.224,58.037,0,0,1487188,1082292,170468,5191972,18253.113,10394.909,0,394.554,0,53.803,4020,4095,2.660,1.460,0.740,2,0,59.781,0,0,11,33,1,60,0
16-01 20:49:17,38.797,6.508,53.815,0.250,0,1498332,1071140,170472,5191980,14647.691,8055.729,0,240.290,0,21.025,3557,3146,2.660,1.460,0.740,3,0,11.013,0,0,11,33,1,60,0
16-01 20:49:18,34.582,6.265,58.139,0,0,1498476,1070960,170476,5192012,18005.903,13418.974,0,144.344,0,10.024,4477,5232,2.610,1.470,0.740,2,0,44.105,0,0,11,33,1,61,0
16-01 20:49:19,36.240,6.998,56.234,0.250,0,1479276,1090124,170488,5192204,15996.478,7945.754,0,259.927,0,25.993,3990,3895,2.610,1.470,0.740,3,0,18.995,0,0,11,33,1,62,0
16-01 20:49:20,37.189,6.240,55.409,0,0,1499752,1069488,170492,5192188,18274.942,12781.977,0,143.764,0,8.985,4631,14702,2.610,1.470,0.740,1,0,21.964,0,0,11,34,1,63,0
16-01 20:49:21,26.274,13.012,59.055,0.500,0,1433836,1135284,170512,5192280,19848.353,10688.884,0,532.492,0,39.036,5934,6442,2.610,1.470,0.740,1,0,277.256,0,0,11,32,1,65,0
16-01 20:49:22,20.974,4.245,73.657,0,0,1423916,1145204,170512,5192280,8631.139,1617.964,0,135.829,0,9.987,1862,1307,2.610,1.470,0.740,1,0,4.994,0,0,11,32,1,61,0
16-01 20:49:23,16.255,2.251,80.523,0,0,1427352,1141752,170512,5192296,50859.279,9767.742,0,140.039,0,6.002,2770,3070,2.480,1.460,0.750,1,0,0,0,0,11,33,1,61,0
16-01 20:49:24,11.772,13.525,74.137,0.250,0,1386988,1182092,170516,5192316,25860.888,4011.428,0,268.497,0,29.054,4928,4236,2.480,1.460,0.750,1,0,284.527,0,0,11,32,1,62,0
16-01 20:49:25,21.007,4.001,73.775,0,0,1435848,1133224,170520,5192316,29748.923,1620.541,0,156.052,0,9.003,1888,1237,2.480,1.460,0.750,1,0,0,0,0,11,32,1,62,0
16-01 20:49:26,17.195,1.994,80.242,0.249,0,1433792,1135260,170524,5192332,17193.680,9762.589,0,514.345,0,33.891,3045,3467,2.480,1.460,0.750,0,0,0,0,0,11,33,1,57,0
16-01 20:49:27,18.770,5.756,74.080,0,0,1356244,1212800,170524,5192340,12985.029,4019.342,0,4.004,0,1.001,2823,2480,2.480,1.460,0.750,1,0,46.050,0,0,11,32,1,58,0
16-01 20:49:28,19.000,2.500,78.250,0,0,1393132,1175908,170524,5192344,14805.089,6661.040,0,0,0,0,2028,1610,2.280,1.440,0.740,1,0,1.000,0,0,11,33,1,58,0
16-01 20:49:29,16.249,3.250,79.244,0.250,0,1391516,1177348,170532,5192512,17489.733,10836.215,0,283.979,0,23.998,4771,6344,2.280,1.440,0.740,1,0,0,0,0,11,32,1,58,0
16-01 20:49:30,11.774,19.290,68.142,0.251,0,1358124,1210584,170536,5192664,4842.060,1623.373,0,2581.363,0,154.321,6051,4618,2.280,1.440,0.740,1,0,451.939,0,0,11,32,1,54,0
16-01 20:49:31,39.265,11.754,48.519,0.250,0,1468660,1100024,170568,5192652,6431.455,1620.619,0,2216.846,0,129.049,4482,3475,2.280,1.440,0.740,2,0,177.068,0,0,11,32,1,56,0
16-01 20:49:32,41.259,7.502,46.260,4.751,0,1554244,1008908,170988,5197216,8465.770,1620.339,0,13338.789,0,1189.249,9306,12029,2.280,1.440,0.740,2,0,65.014,0,0,11,36,1,56,0
16-01 20:49:33,37.993,7.499,39.743,12.498,0,1519260,1038544,172116,5201188,6524.843,1457.741,0,54574.322,0,4666.173,20388,34682,2.340,1.460,0.750,2,0,99.982,0,0,11,36,1,56,0
16-01 20:49:34,42.644,7.481,45.138,3.741,0,1500728,1057260,172344,5200760,8388.152,1615.984,0,20920.005,0,1603.016,7213,12075,2.340,1.460,0.750,2,0,12.968,0,0,11,32,1,53,0
16-01 20:49:35,44.121,5.264,46.628,2.758,0,1517260,1040472,172444,5200908,6404.541,1624.449,0,5262.413,0,701.922,7633,8982,2.340,1.460,0.750,2,0,2.005,0,0,11,34,1,53,0
16-01 20:49:36,37.723,8.744,46.217,5.746,0,1570976,986164,172648,5201280,8800.637,1618.830,0,17687.212,0,2222.393,12581,21068,2.340,1.460,0.750,2,0,54.960,0,0,11,32,1,53,0
16-01 20:49:37,22.979,4.995,71.186,0.250,0,1505860,1051240,172668,5201296,7479.226,1618.534,0,3416.905,0,170.845,2575,2336,2.340,1.460,0.750,1,0,46.957,0,0,11,32,1,53,0
16-01 20:49:38,22.476,2.997,73.171,0,0,1539196,1017904,172668,5201296,7976.358,1618.247,0,83.909,0,6.992,1996,1411,2.230,1.450,0.750,1,0,2.997,0,0,11,32,1,49,0
16-01 20:49:39,22.753,3.500,71.510,1.250,0,1501844,1055204,172700,5201316,6181.871,1620.228,0,5604.790,0,320.045,3011,2730,2.230,1.450,0.750,1,0,1.000,0,0,11,32,1,49,0
16-01 20:49:40,21.999,3.750,73.996,0,0,1554900,1002148,172700,5201316,8564.516,1619.908,0,0,0,0,1885,1255,2.230,1.450,0.750,1,0,2.000,0,0,11,32,1,49,0
16-01 20:49:41,22.748,2.750,73.494,0,0,1504892,1052144,172700,5201328,7209.374,1457.873,0,0,0,0,1821,1237,2.230,1.450,0.750,1,0,1.000,0,0,11,32,1,49,0
16-01 20:49:42,22.505,3.501,73.515,0,0,1531420,1025616,172700,5201328,8631.751,1620.329,0,4.001,0,1.000,1846,1170,2.230,1.450,0.750,1,0,2.000,0,0,11,32,1,46,0
16-01 20:49:43,21.997,3.500,73.740,0,0,1490012,1066928,172700,5201404,7150.069,1619.789,0,3.999,0,1.000,1820,1282,2.130,1.450,0.760,2,0,1.000,0,0,11,32,1,46,0
16-01 20:49:44,22.497,3.500,73.490,0,0,1520152,1036780,172700,5201404,9928.638,1619.778,0,0,0,0,1919,1307,2.130,1.450,0.760,1,0,2.000,0,0,11,32,1,46,0
16-01 20:49:45,22.251,3.250,73.254,0,0,1466292,1090532,172704,5201500,7543.385,1620.083,0,340.017,0,14.001,2044,1611,2.130,1.450,0.760,1,0,1.000,0,0,11,32,1,46,0
16-01 20:49:46,22.505,3.501,73.267,0,0,1462320,1094480,172704,5201524,5691.323,1620.377,0,656.153,0,87.020,2008,1400,2.130,1.450,0.760,1,0,1.000,0,0,11,32,1,41,0
16-01 20:49:47,21.996,3.499,73.736,0.250,0,1507360,1049440,172704,5201524,6025.853,1619.692,0,1835.651,0,209.960,2120,1232,2.130,1.450,0.760,1,0,2.000,0,0,11,32,1,41,0
16-01 20:49:48,22.501,3.000,73.254,0,0,1456868,1099912,172704,5201544,8556.422,1620.080,0,0,0,0,1867,1330,2.040,1.440,0.760,1,0,2.000,0,0,11,32,1,41,0
16-01 20:49:49,23.002,3.000,73.757,0,0,1475164,1081572,172704,5201552,7392.751,1458.148,0,4.000,0,1.000,1758,1155,2.040,1.440,0.760,1,0,1.000,0,0,11,32,1,41,0
16-01 20:49:50,22.749,3.250,73.747,0,0,1488776,1067940,172704,5201572,8544.615,1619.927,0,0,0,0,1852,1163,2.040,1.440,0.760,1,0,2.000,0,0,11,32,1,37,0
16-01 20:49:51,15.276,12.522,71.623,0,0,1453236,1103316,172712,5201720,8103.965,1622.796,0,192.331,0,3.005,4021,2867,2.040,1.440,0.760,1,0,226.390,0,0,11,32,1,37,0
16-01 20:49:52,8.753,21.759,69.027,0,0,1415520,1140972,172716,5201756,9220.659,1620.643,0,1284.510,0,45.018,6177,4646,2.040,1.440,0.760,1,0,458.182,0,0,11,32,1,37,0
16-01 20:49:53,8.003,21.509,68.779,0,0,1413308,1143152,172716,5201784,44464.020,1620.693,0,444.190,0,7.003,6456,5087,1.960,1.430,0.760,1,0,503.215,0,0,11,32,0,37,0
16-01 20:49:54,17.194,8.722,72.264,0,0,1451324,1105124,172716,5201796,38870.312,1614.737,0,0,0,0,3468,2718,1.960,1.430,0.760,1,0,187.389,0,0,11,32,0,37,0
16-01 20:49:55,22.767,3.252,73.556,0.250,0,1489952,1066524,172720,5201780,13420.241,1621.237,0,120.092,0,12.009,2048,1477,1.960,1.430,0.760,1,0,2.002,0,0,11,32,0,37,0
16-01 20:49:56,22.531,3.254,73.602,0,0,1433676,1122776,172728,5201796,7142.860,1460.015,0,492.680,0,53.073,1941,1360,1.960,1.430,0.760,2,0,1.001,0,0,11,32,0,37,0
16-01 20:49:57,22.467,3.495,73.642,0,0,1471244,1085228,172728,5201776,5552.830,1617.620,0,487.283,0,82.878,1939,1209,1.960,1.430,0.760,2,0,2.996,0,0,11,32,0,37,0
16-01 20:49:58,21.990,3.498,73.215,0,0,1468348,1088104,172728,5201796,10591.975,1619.232,0,0,0,0,1918,1296,1.880,1.420,0.760,3,0,1.999,0,0,11,32,0,31,0
16-01 20:49:59,22.760,2.501,73.784,0,0,1517864,1038596,172728,5201788,10263.717,1620.745,0,12.006,0,1.000,1833,1143,1.880,1.420,0.760,1,0,2.001,0,0,11,32,0,31,0
16-01 20:50:00,22.254,3.751,74.012,0,0,1488052,1068396,172728,5201800,8977.444,1620.261,0,0,0,0,1807,1265,1.880,1.420,0.760,1,0,1.000,0,0,11,32,0,31,0
16-01 20:50:01,22.749,3.000,73.498,0,0,1487628,1068840,172728,5201780,7485.815,1703.958,0,23.999,0,2.000,1768,1135,1.880,1.420,0.760,2,0,3.000,0,0,11,32,0,31,0
16-01 20:50:02,21.998,4.000,73.742,0,0,1469968,1086492,172728,5201788,5983.356,1619.826,0,1343.855,0,8.999,1778,1243,1.880,1.420,0.760,1,0,0,0,0,11,32,0,31,0
16-01 20:50:03,22.007,3.501,73.773,0,0,1452860,1103584,172728,5201804,8620.720,1620.511,0,12.004,0,1.000,1720,1034,1.810,1.420,0.760,1,0,3.001,0,0,11,32,0,26,0
16-01 20:50:04,22.054,4.511,72.930,0,0,1477332,1079136,172728,5201780,10308.418,1461.604,0,4.010,0,1.002,1975,1305,1.810,1.420,0.760,1,0,5.012,0,0,11,32,0,26,0
16-01 20:50:05,22.942,2.494,73.815,0.249,0,1478592,1077840,172732,5201812,8450.783,1615.943,0,191.519,0,9.975,1872,1372,1.810,1.420,0.760,1,0,0.997,0,0,11,32,0,26,0
16-01 20:50:06,21.500,4.750,72.749,0,0,1487564,1068920,172736,5201756,11775.917,1619.989,0,363.997,0,24.000,1998,1475,1.810,1.420,0.760,1,0,2.000,0,0,11,32,0,26,0
16-01 20:50:07,22.751,2.500,74.003,0,0,1472604,1083792,172736,5201844,10173.369,1620.059,0,868.031,0,4.000,1806,1168,1.810,1.420,0.760,2,0,1.000,0,0,11,32,0,19,0
16-01 20:50:08,22.750,3.750,73.750,0,0,1450080,1106316,172736,5201844,7619.979,1619.995,0,12.000,0,1.000,1868,1381,1.740,1.410,0.760,2,0,2.000,0,0,11,32,0,19,0
16-01 20:50:09,22.998,2.750,73.494,0,0,1456364,1100052,172736,5201824,7457.365,1619.862,0,167.986,0,34.997,1834,1174,1.740,1.410,0.760,1,0,0,0,0,11,32,0,19,0
16-01 20:50:10,22.238,3.248,73.960,0,0,1441816,1114580,172736,5201844,5967.796,1619.131,0,19.989,0,0.999,1720,1052,1.740,1.410,0.760,1,0,2.998,0,0,11,32,0,19,0
16-01 20:50:11,22.010,3.752,73.785,0,0,1474316,1082100,172736,5201824,8928.200,1552.730,0,56.026,0,2.001,1805,1229,1.740,1.410,0.760,3,0,0,0,0,11,32,0,15,0
16-01 20:50:12,21.752,3.750,73.758,0,0,1450832,1105560,172740,5201844,9675.014,1620.170,0,120.013,0,2.000,1849,1326,1.740,1.410,0.760,2,0,1.000,0,0,11,32,0,15,0
16-01 20:50:13,22.995,2.499,73.484,0,0,1486508,1069896,172740,5201832,9376.959,1619.648,0,15.997,0,2.000,1749,1054,1.680,1.400,0.760,2,0,2.000,0,0,11,32,0,15,0
16-01 20:50:14,10.502,20.004,68.765,0,0,1439544,1116796,172740,5201896,7751.646,1620.344,0,224.048,0,10.002,5844,4508,1.680,1.400,0.760,2,0,460.098,0,0,11,32,0,15,0
16-01 20:50:15,22.001,3.500,73.503,0,0,1458428,1097908,172740,5201900,9938.403,1620.066,0,136.006,0,9.000,1973,1509,1.680,1.400,0.760,1,0,0,0,0,11,32,0,11,0
16-01 20:50:16,23.253,2.750,73.509,0.250,0,1473996,1082044,172740,5202156,7698.906,1620.191,0,404.048,0,23.003,1904,1201,1.680,1.400,0.760,2,0,9.001,0,0,11,32,0,11,0
16-01 20:50:17,22.746,3.499,72.738,0,0,1524852,1031176,172740,5202156,5699.028,1619.724,0,59.990,0,1.000,1782,1109,1.680,1.400,0.760,1,0,5.999,0,0,11,32,0,11,0
16-01 20:50:18,12.520,18.279,68.608,0,0,1471780,1084108,172740,5202296,5546.716,1460.295,40.063,72.113,2.003,3.005,5313,4029,1.630,1.400,0.770,3,0,412.648,0,0,11,32,0,11,0
16-01 20:50:19,8.508,22.020,68.562,0,0,1447240,1108616,172740,5202328,8829.990,1621.467,0,212.192,0,7.006,6384,4936,1.630,1.400,0.770,1,0,505.457,0,0,11,32,0,8,0
16-01 20:50:20,12.995,23.741,61.977,0,0,1410368,1145448,172740,5202364,7051.343,1619.390,0,531.800,0,6.997,7125,17611,1.630,1.400,0.770,2,0,609.770,0,0,11,32,0,9,0
16-01 20:50:21,8.502,21.756,68.019,0,0,1416856,1138924,172740,5202396,9241.643,1620.463,0,1404.402,0,16.005,6527,5110,1.630,1.400,0.770,1,0,559.160,0,0,11,32,0,9,0
16-01 20:50:22,7.994,22.483,68.198,0,0,1402360,1153392,172740,5202424,7652.144,1618.761,0,1378.945,0,14.989,6398,5003,1.630,1.400,0.770,4,0,545.582,0,0,11,32,0,9,0
16-01 20:50:23,9.003,20.256,69.769,0,0.250,1401632,1154088,172740,5202456,44175.283,1620.451,0,976.271,0,70.019,6239,4525,1.580,1.390,0.770,1,0,446.124,0,0,11,32,0,5,0
16-01 20:50:24,7.746,21.490,69.217,0,0,1393040,1162644,172740,5202488,9036.724,1619.234,0,351.834,0,7.996,6075,4583,1.580,1.390,0.770,1,0,452.786,0,0,11,32,0,5,0
16-01 20:50:25,9.502,21.505,68.266,0.500,0,1396764,1158872,172740,5202532,40252.568,1620.385,0,352.084,0,28.007,6688,5468,1.580,1.390,0.770,1,0,546.130,0,0,11,32,0,5,0
16-01 20:50:26,10.761,21.522,65.566,0,0,1335868,1219724,172752,5202560,9294.412,1459.478,0,568.576,0,31.031,6326,5063,1.580,1.390,0.770,2,0,497.504,0,0,11,34,0,6,0
16-01 20:50:27,46.506,25.003,28.003,0.250,0,1441540,1113992,172776,5202596,6972.849,1620.197,0,708.086,0,52.006,6474,5915,1.580,1.390,0.770,3,0,610.074,0,0,11,32,0,9,0
16-01 20:50:28,62.863,10.477,24.945,1.746,0,1630840,921284,172836,5205536,6687.385,1616.467,0,5523.928,0,481.947,5660,4681,1.770,1.430,0.790,3,1,22.950,0,0,11,34,0,9,0
16-01 20:50:29,47.841,11.522,27.051,12.524,0,1630408,910068,173752,5215396,8645.456,1623.090,372.709,54972.639,3.006,3951.522,21033,31409,1.770,1.430,0.790,2,0,145.277,0,0,11,36,0,11,0
16-01 20:50:30,41.004,11.251,31.003,13.501,0,1669208,859484,174424,5226104,7451.791,1620.172,0,100874.711,0,6952.738,24512,47323,1.770,1.430,0.790,5,0,99.011,0,0,11,36,0,11,0
16-01 20:50:31,39.495,9.249,35.746,13.248,0,1670684,847516,174756,5235848,16271.102,9763.861,0,76315.099,0,6142.284,27905,41318,1.770,1.430,0.790,2,0,50.994,0,0,11,37,0,9,0
16-01 20:50:32,41.974,17.489,27.733,10.743,0,1604720,906500,175204,5242144,11259.929,2820.229,127.920,52866.803,0.999,3836.591,19968,29508,1.770,1.430,0.790,1,1,295.814,0,0,11,34,0,10,0
16-01 20:50:33,38.956,13.399,26.798,19.602,0,1632096,872328,175532,5248252,7496.467,3945.248,242.174,52480.231,4.963,3944.255,20683,32675,2.110,1.510,0.810,7,0,136.967,0,0,11,35,0,10,0
16-01 20:50:34,39.833,16.639,27.480,14.118,0,1614992,886784,175704,5250676,18870.703,10180.075,883.382,41156.951,21.177,3097.889,18978,28830,2.110,1.510,0.810,6,0,187.568,0,0,11,35,0,10,0
16-01 20:50:35,34.488,12.246,39.486,12.746,0,1611236,887032,175832,5253964,16688.231,10165.486,923.681,54085.303,13.995,4247.532,22443,33964,2.110,1.510,0.810,4,0,146.949,0,0,11,34,0,10,0
16-01 20:50:36,38.004,9.001,39.005,11.751,0,1634916,863704,176076,5253360,6116.708,1686.195,0,48173.578,0,4447.515,21612,30001,2.110,1.510,0.810,1,1,54.006,0,0,11,34,0,10,0
16-01 20:50:37,31.507,7.002,48.511,11.003,0,1642832,854964,176304,5253908,14976.441,7290.675,0,50679.644,0,4432.018,21698,31696,2.110,1.510,0.810,3,0,36.008,0,0,11,35,0,10,0
16-01 20:50:38,33.162,6.732,47.623,9.724,0,1628252,867188,176448,5256092,18657.270,12027.940,0,41664.944,0,3767.957,21213,32037,2.180,1.530,0.830,4,1,36.902,0,0,11,35,0,10,0
16-01 20:50:39,35.590,11.278,40.853,10.777,0,1561536,931236,176508,5258632,13255.484,5680.349,0,43674.323,0,4067.274,22107,32202,2.180,1.530,0.830,2,0,119.301,0,0,11,36,0,11,0
16-01 20:50:40,37.501,8.250,38.751,14.251,0,1607944,881384,176592,5261884,9528.347,2234.081,0,56914.072,0,5037.183,25282,35055,2.180,1.530,0.830,1,0,60.002,0,0,11,37,0,11,0
16-01 20:50:41,29.000,8.000,49.250,11.750,0,1599188,886752,176760,5265012,15176.857,10517.901,0,62023.417,0,5040.953,25591,38497,2.180,1.530,0.830,4,0,80.999,0,0,11,37,0,11,0
16-01 20:50:42,30.483,8.245,46.974,11.993,0,1589380,893460,176852,5267920,21398.093,11404.654,0,59938.648,0,5005.215,25839,39708,2.180,1.530,0.830,4,0,77.957,0,0,11,36,0,11,0
16-01 20:50:43,37.264,9.503,40.515,11.504,0,1553264,931804,176872,5265660,7125.608,1620.593,0,48965.920,0,4341.589,21930,33144,2.170,1.540,0.830,2,1,54.020,0,0,11,36,0,11,0
16-01 20:50:44,34.233,6.747,44.978,11.744,0,1574936,911952,176912,5263792,14476.773,7283.364,0,55692.198,0,4649.679,23120,34651,2.170,1.540,0.830,2,0,38.981,0,0,11,35,0,13,0
16-01 20:50:45,27.698,9.482,60.887,0.499,0,1470228,1016452,176916,5263996,20089.613,12029.613,0,3385.699,0,205.617,6636,8138,2.170,1.540,0.830,2,0,211.606,0,0,11,33,0,13,0
16-01 20:50:46,18.002,6.751,74.510,0.250,0,1408536,1078128,176916,5264012,14884.002,5666.762,0,808.109,0,42.006,3674,3677,2.170,1.540,0.830,1,0,55.007,0,0,11,32,0,14,0
16-01 20:50:47,18.997,2.500,77.488,0,0.250,1453524,1033180,176916,5264016,12385.150,6660.005,0,2667.601,0,231.965,2622,2184,2.170,1.540,0.830,1,0,1.000,0,0,11,33,0,14,0
16-01 20:50:48,19.248,4.000,74.493,0.750,0,1444948,1041740,176916,5264032,9908.029,5436.467,0,4007.607,0,220.978,3739,4117,2.070,1.530,0.830,1,0,34.997,0,0,11,32,0,15,0
16-01 20:50:49,20.990,3.998,74.713,0,0,1505500,981188,176916,5264032,6971.545,2372.824,0,3.998,0,1.000,1748,1180,2.070,1.530,0.830,1,0,0,0,0,11,33,0,15,0
16-01 20:50:50,15.020,3.004,80.859,0.250,0,1469216,1017464,176916,5264040,14830.078,7435.066,0,228.309,0,22.030,2612,2726,2.070,1.530,0.830,1,0,18.024,0,0,11,32,0,16,0
16-01 20:50:51,19.984,5.745,73.440,0,0,1468064,1018612,176916,5264044,7583.810,1618.679,0,0,0,0,2121,1434,2.070,1.530,0.830,1,0,41.966,0,0,11,32,0,16,0
16-01 20:50:52,16.500,2.250,80.499,0,0,1474184,1012136,176916,5264400,17467.826,10025.900,0,0,0,0,2723,2990,2.070,1.530,0.830,0,0,0,0,0,11,33,0,16,0
16-01 20:50:53,18.743,5.498,73.722,0,0,1419500,1066808,176916,5264412,43603.190,3834.522,0,451.826,0,20.992,3087,3007,1.990,1.520,0.830,2,0,42.983,0,0,11,32,0,17,0
16-01 20:50:54,19.503,1.500,78.261,0,0,1442140,1044032,176916,5264548,25998.655,6764.951,0,164.023,0,14.002,2031,1702,1.990,1.520,0.830,2,0,0,0,0,11,33,0,17,0
16-01 20:50:55,15.790,3.258,79.451,0.251,0,1412952,1073196,176916,5264572,41084.723,7325.494,0,248.628,0,24.061,3459,4057,1.990,1.520,0.830,1,0,21.053,0,0,11,32,0,18,0
16-01 20:50:56,7.997,22.992,67.975,0,0,1422920,1063072,176916,5264728,7736.189,1619.412,0,203.926,0,11.996,6320,4866,1.990,1.520,0.830,2,0,535.805,0,0,11,32,0,18,0
16-01 20:50:57,58.034,14.258,27.266,0.250,0,1495316,990464,176932,5264924,6161.571,1620.939,0,984.571,0,66.038,5416,3885,1.990,1.520,0.830,3,0,243.141,0,0,11,32,0,24,0
16-01 20:50:58,67.270,8.753,24.007,0.250,0,1654768,828484,176992,5267212,8847.570,1458.424,0,3909.136,0,130.038,4166,1744,2.070,1.550,0.850,3,0,1.000,0,0,11,32,0,24,0
16-01 20:50:59,64.760,5.978,25.655,0.249,0.498,1767204,711712,177132,5270904,8617.028,1614.011,0,7221.207,0,249.076,4565,2547,2.070,1.550,0.850,3,0,5.978,0,0,11,38,0,24,0
16-01 20:51:00,40.600,9.524,35.839,11.278,0,1775552,688568,177252,5285128,9110.519,1666.118,0,76725.644,0,5911.612,30916,49208,2.070,1.550,0.850,2,3,255.632,0,0,11,38,0,24,0
16-01 20:51:01,28.001,10.250,43.251,14.250,0,1774536,679244,177316,5295040,8366.227,1662.045,0,117971.204,0,8400.228,36870,56165,2.070,1.550,0.850,1,2,201.005,0,0,11,38,0,24,0
16-01 20:51:02,42.033,10.508,34.277,12.760,0,1689512,754876,177404,5304008,9096.194,1621.282,0,73265.946,0,5688.499,30257,44379,2.070,1.550,0.850,3,0,223.177,0,0,11,36,0,24,0
16-01 20:51:03,44.980,11.495,28.987,11.745,0.250,1744256,691988,177496,5311756,6022.280,1619.269,0,81879.013,0,5809.376,25714,40185,2.220,1.590,0.860,5,0,140.936,0,0,11,36,0,24,0
16-01 20:51:04,39.763,9.753,33.261,14.004,0,1802036,620688,177528,5324768,6008.928,1620.520,0,93694.059,0,6173.981,27015,41568,2.220,1.590,0.860,5,0,0,0,0,11,36,0,24,0
16-01 20:51:05,39.010,11.003,37.510,11.253,0,1769300,649604,177544,5328392,8536.233,1620.424,0,70898.545,0,5428.420,25235,38334,2.220,1.590,0.860,2,1,149.039,0,0,11,36,0,24,0
16-01 20:51:06,37.503,5.750,47.504,7.751,0,1563640,852784,177564,5330780,7236.570,1458.115,0,31594.488,0,2798.220,14501,20884,2.220,1.590,0.860,1,1,97.008,0,0,11,32,0,24,0
16-01 20:51:07,17.703,10.472,69.066,1.247,0,1534812,881564,177564,5330812,5734.727,1615.697,0,13376.374,0,797.875,5854,6099,2.220,1.590,0.860,1,0,212.434,0,0,11,32,0,24,0
16-01 20:51:08,22.795,4.008,72.392,0.751,0,1577968,838408,177564,5330812,8927.454,1623.173,0,4160.133,0,234.458,2563,2210,2.130,1.580,0.860,1,0,1.002,0,0,11,32,0,24,0
16-01 20:51:09,23.950,1.497,73.597,0,0,1590596,825768,177564,5330820,7612.149,1616.634,0,155.676,0,9.979,2198,1720,2.130,1.580,0.860,1,0,1.996,0,0,11,34,0,24,0
16-01 20:51:10,21.507,5.002,73.273,0,0,1528576,887660,177564,5330948,10670.295,1620.500,0,40.012,0,4.001,2222,1424,2.130,1.580,0.860,1,0,28.009,0,0,11,32,0,24,0
16-01 20:51:11,22.504,3.001,73.764,0,0,1574980,841256,177564,5330948,9563.828,1714.328,0,40.008,0,1.000,1851,1295,2.130,1.580,0.860,1,0,2.000,0,0,11,32,0,24,0
16-01 20:51:12,19.546,13.281,65.906,0,0,1514228,902000,177564,5330956,5888.910,1623.836,0,765.809,0,52.123,4283,3745,2.130,1.580,0.860,2,0,351.831,0,0,11,32,0,24,0
16-01 20:51:13,12.489,35.220,51.207,0.250,0,1491096,925048,177564,5331024,8818.573,1618.637,0,703.408,0,98.917,8015,7092,2.120,1.590,0.870,2,0,1010.149,0,0,11,32,0,24,0
16-01 20:51:14,7.507,21.771,69.317,0,0,1476148,939920,177564,5331100,8433.145,1459.409,0,128.124,0,11.011,6351,4972,2.120,1.590,0.870,1,0,539.521,0,0,11,32,0,24,0
16-01 20:51:15,8.498,20.746,69.486,0,0,1438376,977644,177564,5331140,6417.679,1619.667,0,23.995,0,5.999,5751,4299,2.120,1.590,0.870,1,0,372.923,0,0,11,32,0,24,0
16-01 20:51:16,14.753,17.754,67.266,0,0,1428732,987244,177564,5331164,8819.055,1620.378,0,24.006,0,6.001,5725,5450,2.120,1.590,0.870,1,0,291.068,0,0,11,32,0,24,0
16-01 20:51:17,36.898,11.967,50.112,0,0,1445088,970716,177572,5331756,7227.100,1615.551,0,3.989,0,0.997,4783,4915,2.120,1.590,0.870,2,0,192.470,0,0,11,33,0,24,0
16-01 20:51:18,42.749,8.750,47.249,0.500,0,1551064,864624,177572,5331872,9206.719,1619.951,0,8515.741,0,532.984,3707,2880,2.110,1.590,0.880,3,0,1.000,0,0,11,33,0,24,0
16-01 20:51:19,46.623,4.763,47.876,0.501,0,1608524,806972,177592,5332044,9532.161,1624.287,0,3794.015,0,182.482,3974,3530,2.110,1.590,0.880,3,0,19.050,0,0,11,49,0,24,0
16-01 20:51:20,43.938,12.233,42.689,0,0,1655688,755568,177648,5335856,7112.908,1617.705,0,575.184,0,59.915,8144,19068,2.110,1.590,0.880,2,0,212.698,0,0,11,48,0,24,0
16-01 20:51:21,19.020,15.266,64.817,0,0,1658964,752184,177648,5336356,9578.865,1459.503,0,360.371,0,13.013,7060,8807,2.110,1.590,0.880,1,0,290.299,0,0,11,48,0,24,0
16-01 20:51:22,3.492,2.743,92.526,0,0,1659200,751944,177648,5335924,7077.843,1616.082,0,375.091,0,28.930,1862,2293,2.110,1.590,0.880,0,0,27.932,0,0,11,48,0,24,0
16-01 20:51:23,0.500,0.750,97.972,0.250,0,1659452,751692,177648,5335924,44015.534,1619.541,0,35.990,0,3.999,818,1009,1.940,1.570,0.870,0,0,2.999,0,0,11,48,0,24,0
16-01 20:51:24,0.500,0.500,98.239,0,0,1659448,751692,177648,5335928,17212.025,1619.814,0,251.971,0,1.000,793,997,1.940,1.570,0.870,0,0,3.000,0,0,11,48,0,24,0
16-01 20:51:25,0.500,0.750,98.505,0,0,1659448,751692,177648,5335928,37337.009,1620.087,0,8.000,0,2.000,704,927,1.940,1.570,0.870,0,0,1.000,0,0,11,48,0,24,0
16-01 20:51:26,9.504,9.754,79.534,0,0,1635544,775604,177648,5336276,6921.947,1620.690,0,0,0,0,4085,4974,1.940,1.570,0.870,1,0,202.086,0,0,11,48,0,24,0
16-01 20:51:27,15.522,12.268,70.350,0,0,1640740,770384,177648,5335936,5912.434,1622.314,0,4.006,0,1.001,5041,5612,1.940,1.570,0.870,1,0,199.284,0,0,11,48,0,24,0
16-01 20:51:28,15.222,19.465,63.884,0,0,1644372,766648,177648,5336424,7115.114,1854.641,0,0,0,0,6624,6885,1.860,1.560,0.870,2,0,397.281,0,0,12,48,0,24,0
16-01 20:51:29,17.250,13.250,67.999,0,0,1632084,778820,177648,5336116,8859.825,1457.971,0,3495.931,0,124.998,5735,6935,1.860,1.560,0.870,0,0,256.995,0,0,12,64,0,18,0
16-01 20:51:30,4.512,7.770,87.229,0,0,1632632,778260,177648,5336128,7228.015,1624.273,0,0,0,0,2705,2262,1.860,1.560,0.870,1,0,134.353,0,0,14,64,0,18,0
16-01 20:51:31,18.761,12.507,68.539,0,0,1641316,769556,177648,5336144,9617.417,1620.913,0,24.014,0,5.003,5965,7802,1.860,1.560,0.870,1,0,169.095,0,0,14,64,0,18,0
16-01 20:51:32,8.994,20.236,68.951,0,0,1645008,765808,177652,5336200,8327.125,1618.858,0,563.602,0,42.970,6126,4876,1.860,1.560,0.870,1,0,414.707,0,0,14,66,0,18,0
16-01 20:51:33,12.509,20.015,66.550,0,0,1639620,771168,177652,5336576,12329.268,1621.219,0,964.725,0,18.014,6648,6244,1.790,1.550,0.870,1,0,350.263,0,0,14,66,0,15,0
16-01 20:51:34,24.993,16.496,57.235,0.250,0,1678056,732692,177664,5336244,8493.774,1619.576,0,5542.547,0,377.901,6666,6296,1.790,1.550,0.870,2,0,333.912,0,0,14,66,0,15,0
16-01 20:51:35,29.744,24.245,45.741,0,0,1742960,667716,177676,5336304,6471.751,1619.687,0,315.939,0,5.999,6784,5355,1.790,1.550,0.870,3,0,558.892,0,0,14,66,0,15,0
16-01 20:51:36,30.164,25.178,43.376,0,0,1862116,546944,177744,5337756,5430.493,1615.387,0,39.886,0,9.972,7033,8442,1.790,1.550,0.870,4,0,492.593,0,0,14,70,0,17,0
16-01 20:51:37,39.332,17.286,42.087,0,0,1953376,455612,177744,5337792,9041.740,1461.028,0,44.091,0,7.015,5749,6545,1.790,1.550,0.870,2,0,213.442,0,0,14,70,0,17,0
16-01 20:51:38,70.509,26.003,2.750,0,0,2083232,325552,177756,5338416,6967.926,1710.227,0,596.079,0,6.001,5193,4631,2.050,1.600,0.900,4,0,573.076,0,0,14,70,0,17,0
16-01 20:51:39,58.792,21.015,18.263,0,0,2179216,228620,177780,5339660,9252.662,1621.167,0,20.014,0,5.004,6912,8637,2.050,1.600,0.900,3,0,300.216,0,0,14,70,0,17,0
16-01 20:51:40,70.280,22.509,7.003,0,0,2262172,144012,177872,5340740,8701.658,1620.681,0,2072.871,0,79.033,5115,4341,2.050,1.600,0.900,6,0,403.169,0,0,14,70,0,17,0
16-01 20:51:41,64.442,22.730,7.244,6.244,0,2360092,187480,163848,5215440,8824.102,1618.551,511.542,371.667,63.943,17.984,7059,8619,2.050,1.600,0.900,4,0,318.715,0,0,14,74,0,16,0
16-01 20:51:42,59.543,20.265,6.254,12.259,0,2465284,156080,163960,5143744,6812.898,1621.166,1749.258,23941.213,113.081,1384.996,12794,16701,2.050,1.600,0.900,8,1,301.217,0,0,14,76,0,16,0
16-01 20:51:43,64.874,22.955,6.487,4.741,0,2556524,134784,163792,5076044,5961.428,1616.861,986.086,20188.810,47.907,1933.247,16926,24484,2.610,1.730,0.940,5,0,360.301,0,0,14,76,0,16,0
16-01 20:51:44,74.140,18.908,5.722,0.995,0,2634912,130904,163760,5002780,5570.916,1612.162,210.974,1524.588,6.966,67.671,7529,13016,2.610,1.730,0.940,5,0,237.844,0,0,14,80,0,19,0
16-01 20:51:45,63.923,23.908,11.828,0,0,2767872,194752,163492,4810672,9194.782,1467.702,100.665,1175.772,9.060,69.459,7782,11944,2.610,1.730,0.940,4,0,504.334,0,0,14,93,0,23,0
16-01 20:51:46,50.265,22.757,26.008,0.250,0,2857544,173012,163492,4744124,6899.011,1620.472,44.013,868.253,4.001,50.015,8349,13540,2.610,1.730,0.940,4,0,382.111,0,0,14,95,0,23,0
16-01 20:51:47,57.089,15.456,25.927,1.246,0,2978836,183532,163504,4615152,10730.789,1615.452,2106.071,7367.259,32.907,217.388,7330,10771,2.610,1.730,0.940,3,0,197.444,0,0,14,98,0,26,0
16-01 20:51:48,42.843,7.516,47.603,0.501,0,3070504,158408,163524,4550256,7133.419,1713.704,80.173,1326.868,7.015,79.171,4036,3259,2.560,1.730,0.950,1,0,44.095,0,0,14,101,0,26,0
16-01 20:51:49,8.743,19.235,70.693,0,0,3083512,145368,163524,4550288,9838.092,1618.699,0,191.846,0,12.990,5844,4245,2.560,1.730,0.950,1,0,356.713,0,0,14,101,0,24,0
16-01 20:51:50,8.260,19.273,70.835,0.751,0,3095748,133100,163524,4550320,6222.439,1621.939,0,11794.100,0,532.637,6627,4411,2.560,1.730,0.950,1,0,373.446,0,0,14,101,0,24,0
16-01 20:51:51,13.960,12.714,71.295,0,0,3119068,176952,163524,4484552,6340.810,1615.366,7.977,115.668,1.994,12.963,4123,3250,2.560,1.730,0.950,1,0,217.376,0,0,14,101,0,24,0
16-01 20:51:52,18.249,3.250,78.244,1.000,0,3153556,142440,163528,4484572,14985.929,7343.475,27.998,31.998,3.000,4.000,2007,1644,2.560,1.730,0.950,1,0,0,0,0,14,102,0,24,0
16-01 20:51:53,19.002,6.001,74.010,0.250,0,3098292,197664,163532,4484608,58745.695,18104.371,8.001,1268.166,2.000,25.003,3222,2797,2.430,1.720,0.950,2,0,63.008,0,0,14,103,0,23,0
16-01 20:51:54,20.247,2.750,75.490,0,0,3157716,138232,163532,4484616,9675.738,3589.532,0,103.986,0,11.998,1864,1324,2.430,1.720,0.950,1,0,1.000,0,0,14,106,0,23,0
16-01 20:51:55,18.549,2.757,77.204,0.251,0,3159708,136216,163544,4484632,50800.161,6152.248,8.021,834.203,2.005,54.143,2943,2984,2.430,1.720,0.950,1,0,2.005,0,0,14,112,0,23,0
16-01 20:51:56,24.229,5.245,67.442,1.249,0.250,3167428,127940,163548,4485152,7852.260,1618.611,127.890,2270.051,7.993,258.778,5647,7597,2.430,1.720,0.950,1,0,2.997,0,0,14,115,0,23,0
16-01 20:51:57,21.266,8.756,68.801,0.500,0,3129840,165340,163548,4485324,9974.333,2807.064,0,884.650,0,80.059,4053,3942,2.430,1.720,0.950,1,0,112.082,0,0,14,116,0,18,0
16-01 20:51:58,31.248,6.000,61.995,0.500,0,3250548,176272,163548,4356824,12141.075,4007.695,7.999,583.956,2.000,44.997,3443,2889,2.320,1.710,0.950,1,0,6.000,0,0,14,123,0,18,0
16-01 20:51:59,18.942,2.492,76.514,0.249,0,3255280,171484,163548,4356880,13749.581,7690.275,31.902,849.380,1.994,59.815,2446,2372,2.320,1.710,0.950,1,0,0.997,0,0,14,123,0,18,0
16-01 20:52:00,29.587,7.522,61.179,1.003,0,3246592,180144,163552,4356920,10464.641,2864.387,0,6386.701,0,598.753,6502,7915,2.320,1.710,0.950,2,0,63.185,0,0,14,126,0,19,0
16-01 20:52:01,41.626,9.721,47.110,0.249,0.249,3360176,129500,163436,4295608,8798.775,1453.667,3.988,466.609,0.997,27.917,3349,1941,2.320,1.710,0.950,2,0,38.884,0,0,14,126,0,19,0
16-01 20:52:02,27.341,4.766,67.476,0.502,0,3374360,178784,163436,4233860,28779.230,24002.257,180.604,1826.106,1.003,89.299,2838,2133,2.320,1.710,0.950,2,0,34.114,0,0,14,126,0,20,0
16-01 20:52:03,21.442,4.488,73.302,0,0,3429668,123456,163436,4233864,9163.275,1615.641,7.978,119.677,1.995,14.960,2163,1659,2.210,1.700,0.950,1,0,20.943,0,0,14,126,0,20,0
16-01 20:52:04,15.754,4.501,78.768,0,0,3393320,159772,163436,4233892,29272.855,23993.618,0,1688.395,0,4.001,2452,1795,2.210,1.700,0.950,1,0,51.012,0,0,14,126,0,21,0
16-01 20:52:05,21.238,4.248,73.208,0,0,3410492,142592,163436,4233900,10034.240,1860.932,0,171.901,0,3.998,1815,1233,2.210,1.700,0.950,0,0,0,0,0,14,126,1,21,0
16-01 20:52:06,16.257,3.001,79.286,0.500,0,3405116,147748,163436,4234120,15944.224,9014.084,16.007,1764.800,4.002,154.070,3233,3829,2.210,1.700,0.950,1,0,0,0,0,14,126,0,22,0
16-01 20:52:07,20.546,6.765,71.912,0.251,0,3436452,179684,163436,4172440,6342.247,1623.647,0,300.675,0,27.061,2909,2562,2.210,1.700,0.950,1,0,82.185,0,0,14,126,0,22,0
16-01 20:52:08,24.180,2.742,71.046,0,0,3442424,173476,163436,4172676,33193.546,23691.870,3.989,227.346,0.997,15.954,6219,10362,2.110,1.680,0.950,1,0,28.917,0,0,14,134,0,25,0
16-01 20:52:09,20.009,7.253,72.282,0,0,3396576,219308,163436,4172692,7426.301,1620.720,0,172.076,0,11.005,2609,1797,2.110,1.680,0.950,1,0,55.024,0,0,14,134,0,25,0
16-01 20:52:10,15.746,1.500,81.978,0.250,0,3412592,203284,163436,4172700,15370.915,8281.799,0,107.971,0,7.998,1707,1354,2.110,1.680,0.950,1,0,0,0,0,14,136,0,25,0
16-01 20:52:11,25.082,5.267,66.217,2.007,0,3414864,200832,163440,4172876,8852.946,1625.314,36.118,3062.012,3.010,348.138,7118,10625,2.110,1.680,0.950,5,0,1.003,0,0,14,138,0,26,0
16-01 20:52:12,19.936,6.230,72.020,0.249,0,3389264,226428,163440,4172880,10307.130,2944.609,0,837.330,0,73.765,3249,3129,2.110,1.680,0.950,2,0,52.832,0,0,14,137,0,27,0
16-01 20:52:13,19.476,2.497,77.404,0,0,3408756,206752,163440,4173064,16558.487,9615.089,0,479.406,0,29.963,2126,2326,2.030,1.670,0.950,0,0,0,0,0,14,138,0,27,0
16-01 20:52:14,22.025,4.255,71.833,1.001,0,3410348,205124,163440,4173100,13493.525,3733.295,0,1641.889,0,172.198,5676,7945,2.030,1.670,0.950,1,0,1.001,0,0,14,138,0,27,0
16-01 20:52:15,31.856,8.027,58.695,0.502,0,3364408,250972,163440,4173192,6518.605,2330.725,0,1151.818,0,119.396,9257,14034,2.030,1.670,0.950,3,0,60.200,0,0,14,137,0,28,0
16-01 20:52:16,21.904,3.983,72.183,0.249,0,3434976,180400,163440,4173196,10677.162,1612.925,0,3564.364,0,341.502,2617,1646,2.030,1.670,0.950,1,0,9.956,0,0,14,137,0,28,0
16-01 20:52:17,15.033,3.508,79.923,0.752,0,3434316,180984,163440,4173272,16482.672,11080.982,32.069,1459.158,2.004,137.297,3097,3744,2.030,1.670,0.950,1,0,6.013,0,0,14,138,0,28,0
16-01 20:52:18,21.548,8.018,69.406,0.251,0,3423004,192252,163444,4173312,10848.357,1822.091,4.009,1190.673,1.002,36.081,3490,3153,1.940,1.660,0.950,1,0,148.333,0,0,14,137,0,29,0
16-01 20:52:19,19.450,1.745,77.799,0.748,0,3450688,164544,163452,4173328,13900.043,7323.056,3.990,4632.018,0.997,267.309,2546,2564,1.940,1.660,0.950,2,0,0,0,0,14,138,0,29,0
16-01 20:52:20,26.530,6.758,64.823,0.751,0,3447948,167132,163452,4173480,14917.730,7475.383,24.027,1337.500,2.002,133.149,6035,19394,1.940,1.660,0.950,3,0,36.040,0,0,14,138,0,30,0
16-01 20:52:21,27.310,7.200,63.061,1.241,0,3450908,163924,163452,4173728,7679.507,1608.794,31.779,873.913,1.986,82.426,8789,13696,1.940,1.660,0.950,5,1,0.993,0,0,14,140,0,30,0
16-01 20:52:22,36.710,15.338,46.264,0.251,0,3419328,195224,163452,4173976,8863.649,3556.322,0,1802.299,0,176.006,10420,15148,1.940,1.660,0.950,1,0,289.655,0,0,14,139,0,30,0
16-01 20:52:23,21.984,3.497,73.946,0.250,0,3439768,174688,163452,4174024,45217.731,3601.350,0,547.597,0,26.980,2184,1763,1.870,1.650,0.950,0,0,0,0,0,14,140,0,30,0
16-01 20:52:24,16.015,7.757,75.069,0,0,3404288,210020,163452,4174172,28448.106,7077.495,0,500.459,0,26.024,3448,2721,1.870,1.650,0.950,2,0,125.115,0,0,14,139,0,31,0
16-01 20:52:25,10.241,19.982,68.439,0.250,0,3372492,241776,163452,4174212,32261.476,1708.489,0,555.509,0,31.972,6136,4685,1.870,1.650,0.950,1,0,386.658,0,0,14,139,0,31,0
16-01 20:52:26,17.005,16.755,64.769,0,0,3359628,254488,163452,4174800,9907.882,1620.471,0,376.109,0,21.006,6666,7944,1.870,1.650,0.950,2,0,258.075,0,0,14,139,0,31,0
16-01 20:52:27,30.335,20.808,48.636,0.251,0,3419424,194648,163456,4174388,7041.737,1624.553,0,1744.891,0,106.298,6643,5548,1.870,1.650,0.950,2,0,446.251,0,0,14,139,0,31,0
16-01 20:52:28,36.967,20.232,41.962,0,0,3482152,131516,163472,4174752,9095.839,1688.485,3.996,559.498,0.999,41.962,7364,7928,2.120,1.710,0.970,1,0,376.662,0,0,14,145,0,31,0
16-01 20:52:29,37.395,19.944,41.633,0,0,3544040,131512,163472,4114572,7063.231,1615.478,3.989,331.073,0.997,21.939,6540,6712,2.120,1.710,0.970,6,0,408.856,0,0,16,145,0,31,0
16-01 20:52:30,58.179,28.839,12.288,0.251,0,3686796,160900,163276,3947068,6059.664,1625.005,8.025,7081.812,2.006,704.169,9909,12407,2.120,1.710,0.970,4,0,504.554,0,0,16,151,0,31,0
16-01 20:52:31,58.238,18.496,22.745,0.250,0,3766824,157768,163244,3870248,8385.247,1457.695,3.999,411.914,1.000,23.995,8472,13452,2.120,1.710,0.970,3,0,269.944,0,0,16,167,0,31,0
16-01 20:52:32,36.018,23.262,40.021,0.250,0,3844852,134268,163304,3816168,8935.589,1710.879,56.029,308.158,5.003,11.006,7497,5580,2.120,1.710,0.970,3,0,579.297,0,0,16,167,0,31,0
16-01 20:52:33,24.724,21.227,52.694,0,0,3876080,146724,163304,3773836,5641.010,1618.282,0,363.614,0,22.976,7403,8115,2.030,1.690,0.970,1,0,439.533,0,0,17,167,0,31,0
16-01 20:52:34,25.040,15.775,58.092,0.250,0,3893796,128824,163308,3773528,11015.492,1622.577,8.013,248.394,2.003,19.030,5734,5874,2.030,1.690,0.970,3,0,285.453,0,0,17,167,0,31,0
16-01 20:52:35,31.126,23.406,44.323,0,0,3949836,126140,163060,3721700,8448.252,1613.554,3.984,685.263,0.996,33.865,6642,5644,2.030,1.690,0.970,6,0,435.261,0,0,17,167,0,31,0
16-01 20:52:36,44.412,17.815,36.634,1.004,0,4045172,136576,163076,3618120,9373.264,1625.944,164.602,409.497,4.015,25.092,7691,12453,2.030,1.690,0.970,3,0,264.969,0,0,17,179,0,31,0
16-01 20:52:37,29.235,25.487,43.977,0.250,0,4092624,149732,163076,3558784,5934.873,1619.147,15.992,291.846,0.999,17.991,7241,6279,2.030,1.690,0.970,2,0,663.650,0,0,17,179,0,31,0
16-01 20:52:38,29.501,24.751,45.002,0,0,4162732,165552,163076,3474956,7904.325,1690.070,0,740.030,0,50.002,8623,10883,2.190,1.730,0.990,4,0,557.023,0,0,17,191,0,29,0
16-01 20:52:39,15.257,17.258,66.529,0,0,4180788,147460,163076,3475108,8744.844,1458.641,0,380.167,0,24.011,6766,7178,2.190,1.730,0.990,1,0,291.128,0,0,17,193,0,29,0
16-01 20:52:40,32.359,13.193,53.268,0,0,4235612,131876,163080,3436700,9312.465,1612.979,0,637.226,0,45.801,5672,6051,2.190,1.730,0.990,2,0,184.198,0,0,17,193,0,29,0
16-01 20:52:41,45.966,7.495,44.218,0.749,0,4357148,140004,163080,3309300,7813.284,1618.816,159.883,459.664,8.993,62.954,3994,3191,2.190,1.730,0.990,2,0,8.993,0,0,17,209,0,29,0
16-01 20:52:42,41.817,7.512,49.079,1.252,0,4446756,135260,163084,3225812,9270.887,1622.606,92.148,212.341,8.013,9.014,3559,2449,2.190,1.730,0.990,1,0,7.011,0,0,17,214,0,29,0
16-01 20:52:43,29.808,21.292,47.092,1.002,0,4371380,209340,163088,3227244,7329.370,1713.359,1022.004,440.864,14.028,33.065,6792,6549,2.170,1.740,0.990,2,0,475.933,0,0,17,213,0,29,0
16-01 20:52:44,33.718,25.476,39.213,0.500,0,4416004,163248,163096,3229040,15106.772,7337.090,199.812,439.586,3.996,32.969,8904,11604,2.170,1.740,0.990,3,0,534.497,0,0,17,216,0,29,0
16-01 20:52:45,50.098,19.538,28.806,0.751,0,4444348,170056,163112,3194460,10240.045,4604.012,1230.408,14027.458,23.045,962.885,8342,8465,2.170,1.740,0.990,7,0,187.367,0,0,17,221,0,30,0
16-01 20:52:46,64.304,13.511,17.515,4.754,0,4559276,134060,163120,3117484,12063.069,7350.135,672.561,428.358,19.016,20.017,4798,3996,2.170,1.740,0.990,6,0,104.087,0,0,17,229,0,21,0
16-01 20:52:47,58.247,10.500,18.999,11.499,0,4626088,147512,163148,3038932,13909.344,6651.686,3227.848,1715.919,138.993,68.997,5642,5228,2.170,1.740,0.990,2,2,19.999,0,0,17,234,0,22,0
16-01 20:52:48,63.072,14.210,16.204,6.482,0,4639912,148096,163216,3024596,8408.252,1615.437,4072.498,1639.370,352.006,142.597,7030,8168,2.240,1.760,1.010,4,0,110.687,0,0,17,235,0,27,0
16-01 20:52:49,28.804,25.298,44.584,0,0,4664088,177080,163236,2973712,16470.139,9833.592,52.098,8780.601,6.011,41.078,7548,7880,2.240,1.760,1.010,5,0,512.970,0,0,17,236,0,27,0
16-01 20:52:50,42.996,18.498,36.747,0,0,4613408,225936,163240,2975500,11541.993,4336.622,31.997,5883.487,1.000,158.986,7180,10094,2.240,1.760,1.010,3,0,237.979,0,0,17,235,0,25,0
16-01 20:52:51,54.763,26.756,17.504,0.250,0,4738380,134608,163252,2942724,14853.445,7721.791,220.051,756.175,7.002,46.011,7321,7718,2.240,1.760,1.010,4,0,521.121,0,0,17,240,0,25,0
16-01 20:52:52,53.227,19.742,24.240,1.499,0,4729144,181032,163716,2905812,12406.731,6561.214,1603.319,1031.562,74.968,58.975,8114,11367,2.240,1.760,1.010,3,0,250.893,0,0,17,241,0,29,0
16-01 20:52:53,57.441,26.223,16.733,0.250,0,4834288,153200,163728,2830732,42683.862,7294.457,143.851,831.141,9.990,44.954,8148,11382,2.300,1.780,1.020,3,0,483.500,0,0,17,244,0,29,2
16-01 20:52:54,53.565,21.526,22.778,1.001,0,4793868,208992,163736,2816200,14659.827,6948.450,652.794,1097.334,39.047,71.086,8966,15152,2.300,1.780,1.020,4,0,338.412,0,0,17,251,0,31,2
16-01 20:52:55,60.675,20.391,17.655,0,0.249,4941060,148928,163736,2730404,43351.689,1450.229,11.936,465.505,1.989,27.851,5449,5008,2.300,1.780,1.020,5,0,193.961,0,0,17,251,0,30,2
16-01 20:52:56,58.906,11.029,28.826,0.501,0,5034648,143392,163740,2643364,21070.850,17329.935,930.466,753.999,17.045,30.080,6315,13458,2.300,1.780,1.020,4,0,2.005,0,0,17,255,0,31,2
16-01 20:52:57,56.968,11.795,28.108,3.764,0.251,5065220,145036,163744,2611972,12840.174,5160.764,1730.628,851.260,96.369,72.277,6246,8063,2.300,1.780,1.020,5,0,22.085,0,0,17,262,0,38,0
16-01 20:52:58,54.185,16.480,28.216,0.749,0,5058144,177684,163644,2586932,16083.668,10279.644,563.323,834.996,11.986,63.923,6551,6121,2.360,1.800,1.030,4,0,282.660,0,0,17,267,0,39,0
16-01 20:52:59,46.505,28.003,21.002,2.750,0,5044820,187000,163920,2590556,11526.166,4564.462,4672.473,1503.152,76.008,77.008,8643,10826,2.360,1.800,1.030,3,0,504.051,0,0,17,265,0,38,0
16-01 20:53:00,57.266,18.005,23.006,1.000,0,5095716,135476,163932,2591276,17030.701,8780.424,780.215,980.271,9.002,51.014,6950,8804,2.360,1.800,1.030,4,1,198.055,0,0,18,266,0,38,0
16-01 20:53:01,77.844,16.414,2.736,2.736,0,5133384,161348,163672,2529404,11887.058,5384.940,1114.194,2423.372,59.689,250.694,6225,4881,2.360,1.800,1.030,5,0,155.191,0,0,18,268,0,39,0
16-01 20:53:02,77.954,11.530,6.016,4.261,0,5254880,132544,163684,2439176,13096.341,7363.308,3525.244,761.998,185.486,43.113,6451,5543,2.360,1.800,1.030,4,0,10.026,0,0,18,273,0,41,0
16-01 20:53:03,71.477,14.045,11.035,3.260,0,5259776,158160,163708,2409504,13926.197,6670.169,1320.190,2403.628,54.172,272.866,8270,10781,2.650,1.870,1.050,5,0,169.538,0,0,18,278,0,42,0
16-01 20:53:04,42.821,11.452,43.817,0.498,0,5342440,138684,163720,2347792,12322.506,3098.054,856.421,565.636,13.942,31.867,4371,3302,2.650,1.870,1.050,2,0,67.717,0,0,18,283,1,42,0
16-01 20:53:05,32.633,7.280,58.237,0.251,0,5355368,124540,163720,2349008,884728.658,27730.764,562.286,670.727,7.029,54.220,5047,4638,2.650,1.870,1.050,3,0,8.033,0,0,18,286,0,43,0
16-01 20:53:06,49.728,11.495,38.983,0.500,0,5301664,163200,163720,2364020,15711547.481,94877.756,767.658,16112.826,5.997,1200.465,11390,4511,2.650,1.870,1.050,4,0,69.969,0,0,18,285,0,43,0
16-01 20:53:07,34.104,13.442,45.555,5.725,0,5313008,176580,163720,2340176,17411.285,9710.331,2537.113,2098.993,28.876,140.398,5388,4888,2.650,1.870,1.050,1,0,204.124,0,0,18,292,0,41,0
16-01 20:53:08,38.881,6.271,54.182,0,0,5334464,155068,163720,2340232,19486.561,10227.409,0,477.607,0,48.162,4282,4113,2.520,1.850,1.050,2,0,7.024,0,0,18,294,0,42,0
16-01 20:53:09,37.484,5.248,56.476,0.500,0,5363480,125360,163720,2340928,16791.895,12152.858,511.783,591.750,26.989,59.975,5279,6401,2.520,1.850,1.050,2,0,1.000,0,0,18,298,0,45,0
16-01 20:53:10,11.473,4.240,80.558,0.249,0,5299592,189220,163724,2340952,421695.920,16358797.852,3.990,10830.213,0.998,85.796,5468,3487,2.520,1.850,1.050,0,0,36.912,0,0,18,297,0,46,0
16-01 20:53:11,1.500,0.500,96.779,0.250,0,5298444,190364,163724,2340956,7838.380,1620.492,0,3208.974,0,21.006,1265,1901,2.520,1.850,1.050,1,0,0,0,0,18,297,0,43,0
16-01 20:53:12,1.999,1.249,95.711,0.500,0,5298724,190084,163724,2340956,5899.574,1713.296,127.947,835.656,1.999,50.979,1454,2061,2.520,1.850,1.050,0,0,0,0,0,18,297,0,43,0
16-01 20:53:13,24.290,4.758,68.613,0.501,0,5277940,194392,163736,2357388,16540968.506,113652.203,80.132,3730.144,4.007,233.384,12082,11963,2.390,1.840,1.050,1,0,1.002,0,0,18,299,0,46,0
16-01 20:53:14,11.982,17.974,68.150,0.499,0,5238504,233756,163736,2357460,6963.815,1617.634,43.936,371.457,2.996,28.958,6287,5754,2.390,1.840,1.050,1,0,465.319,0,0,18,299,0,46,0
16-01 20:53:15,23.747,4.000,71.242,0,0,5297644,174576,163736,2357500,12253.575,1619.812,0,319.963,0,26.997,2627,2385,2.390,1.840,1.050,1,0,1.000,0,0,18,299,0,44,0
16-01 20:53:16,10.036,18.317,70.506,0,0,5298860,173288,163744,2357548,9120.113,1625.903,4.015,16672.534,1.004,47.171,5824,4572,2.390,1.840,1.050,1,0,326.184,0,0,18,299,0,44,0
16-01 20:53:17,8.466,17.182,72.711,0.498,0,5300388,171680,163744,2357628,9009.131,1613.576,35.857,270.921,2.988,25.897,5780,5067,2.390,1.840,1.050,0,0,350.604,0,0,18,303,0,44,0
16-01 20:53:18,5.750,2.750,89.753,0,0,5300084,171936,163744,2357676,8414.243,1458.042,0,16.000,0,3.000,1980,2496,2.200,1.810,1.050,1,0,10.000,0,0,18,303,0,44,0
16-01 20:53:19,21.755,3.501,74.018,0.250,0,5314192,157828,163744,2357676,9866.355,3590.857,0,60.014,0,4.001,2292,1881,2.200,1.810,1.050,0,0,0,0,0,18,304,0,42,0
16-01 20:53:20,21.318,8.026,68.970,0.752,0,5300644,170988,163864,2357960,13582.349,8625.529,361.153,160.512,16.051,24.077,4290,10759,2.200,1.810,1.050,1,0,144.461,0,0,18,307,0,44,0
16-01 20:53:21,11.733,16.726,70.398,0.499,0,5297652,173684,163868,2358220,9561.090,1617.646,15.977,0,3.994,0,5579,4210,2.200,1.810,1.050,1,0,202.705,0,0,18,307,0,44,0
16-01 20:53:22,12.265,15.769,70.334,0,0,5289256,181832,163868,2358436,9272.138,1621.948,0,0,0,0,5321,4083,2.200,1.810,1.050,1,0,198.238,0,0,18,307,0,44,0
16-01 20:53:23,22.772,7.257,68.066,0.500,0,5297496,173348,163872,2358676,44813.475,1621.573,36.035,808.785,2.002,85.083,4501,4597,2.100,1.800,1.050,1,0,97.094,0,0,18,315,0,42,0
16-01 20:53:24,23.921,3.738,71.513,0.249,0,5346480,148288,163872,2335736,8449.941,1614.638,95.682,67.775,0.997,6.977,2351,2067,2.100,1.800,1.050,1,0,0,0,0,18,315,0,42,0
16-01 20:53:25,23.994,2.749,70.984,0.750,0,5253812,240668,163872,2336024,41896.299,1619.625,275.936,607.859,10.997,51.988,2927,2646,2.100,1.800,1.050,1,0,8.998,0,0,18,315,0,42,0
16-01 20:53:26,23.725,2.747,72.423,0.499,0,5321968,172496,163872,2336056,8476.037,1456.460,19.979,131.861,3.996,12.986,2370,2067,2.100,1.800,1.050,2,0,0,0,0,18,315,0,42,0
16-01 20:53:27,21.017,4.253,74.060,0,0,5366448,127996,163872,2336076,9449.657,3578.900,16.013,36.029,1.001,4.003,2480,2193,2.100,1.800,1.050,1,0,3.002,0,0,18,318,0,41,0
16-01 20:53:28,14.255,1.751,81.781,0,0,5366388,127996,163872,2336136,26253.044,18616.122,0,0,0,0,2748,3032,2.100,1.800,1.050,1,0,2.001,0,0,18,321,0,43,0
16-01 20:53:29,22.997,4.999,71.490,0,0,5302872,191508,163872,2336140,9382.633,1619.764,0,251.963,0,21.997,2793,2392,2.100,1.800,1.050,1,0,15.998,0,0,18,315,0,43,0
16-01 20:53:30,25.347,2.761,71.021,0.251,0,5320072,174120,163872,2336328,8470.272,1626.196,48.184,305.163,2.008,32.122,2671,2217,2.100,1.800,1.050,1,0,21.080,0,0,18,315,0,43,0
16-01 20:53:31,8.466,18.925,69.474,1.494,0,5314628,179344,163880,2336524,9122.716,1683.305,450.209,960.181,9.960,100.600,5896,4628,2.100,1.800,1.050,0,1,338.653,0,0,18,315,0,43,0
16-01 20:53:32,14.807,12.549,71.025,1.255,0,5338172,155788,163880,2336536,5703.043,1626.286,12.047,3975.366,1.004,498.928,5571,3871,2.100,1.800,1.050,1,0,223.865,0,0,18,315,0,43,0
16-01 20:53:33,21.659,3.734,71.699,0.498,0,5332516,160932,164152,2336776,11509.687,2879.911,290.779,740.890,10.954,51.783,3115,3353,2.010,1.790,1.050,0,0,32.862,0,0,18,316,0,43,0
16-01 20:53:34,22.005,2.501,74.267,0.750,0,5309616,176904,164840,2343000,10664.474,2465.572,128.030,708.164,4.001,10.002,2218,1832,2.010,1.790,1.050,3,0,1.000,0,0,18,315,0,43,0
16-01 20:53:35,17.753,2.750,78.012,0.250,0,5322236,163828,164860,2343308,11559.826,4485.709,0,348.055,0,7.001,2246,2054,2.010,1.790,1.050,0,0,18.003,0,0,18,316,0,43,0
16-01 20:53:36,24.550,4.509,69.141,0,0,5331964,147452,165436,2349244,10130.648,1863.799,0,961.961,0,17.035,7132,11441,2.010,1.790,1.050,3,0,9.018,0,0,18,317,0,43,0
16-01 20:53:37,18.217,3.743,77.361,0,0,5332384,146456,165480,2349760,13130.327,3714.303,39.928,16937.463,5.989,54.901,5966,9631,2.010,1.790,1.050,3,0,7.986,0,0,18,318,0,43,0
16-01 20:53:38,23.832,7.275,67.732,0,0,5351564,126924,165544,2350048,10085.613,2458.437,0,529.818,0,16.055,10552,19435,1.930,1.770,1.050,1,0,18.062,0,0,18,318,0,43,0
16-01 20:53:39,21.209,4.741,71.861,0.499,0,5249480,240320,165624,2338656,8497.591,1790.542,0,810.435,0,27.946,2596,2202,1.930,1.770,1.050,2,0,7.985,0,0,18,317,0,43,0
16-01 20:53:40,13.728,13.978,70.389,0,0,5289580,200452,165624,2338516,5441.395,1617.442,0,551.128,0,8.986,4712,4106,1.930,1.770,1.050,1,0,259.589,0,0,18,317,0,43,0
16-01 20:53:41,22.229,1.998,74.929,0,0,5329200,160648,165624,2338700,7553.816,3586.589,0,3.996,0,0.999,2108,1817,1.930,1.770,1.050,0,0,0,0,0,18,318,0,43,0
16-01 20:53:42,17.057,7.023,74.748,0.251,0,5322596,167220,165624,2338732,17272.301,9813.556,32.107,401.331,2.007,3.010,3710,3348,1.930,1.770,1.050,1,0,112.373,0,0,18,317,0,46,0
16-01 20:53:43,26.669,6.480,65.799,0,0,5317128,202980,165624,2309516,9307.623,1615.076,47.854,390.809,1.994,30.906,4270,6734,1.850,1.760,1.050,1,0,0.997,0,0,18,317,0,46,0
16-01 20:53:44,18.834,5.023,74.584,0,0,5260420,259536,165624,2309668,17502.463,10251.959,0,261.171,0,23.104,3586,3461,1.850,1.760,1.050,1,0,71.320,0,0,18,317,0,47,0
16-01 20:53:45,23.398,4.480,70.442,0.249,0,5330428,189512,165624,2309684,9397.911,1612.948,0,338.520,0,37.835,2895,2687,1.850,1.760,1.050,2,0,0.996,0,0,18,317,0,47,0
16-01 20:53:46,17.325,3.766,78.088,0,0,5307164,212756,165624,2309704,23597.011,14743.738,0,188.816,0,14.061,3010,2778,1.850,1.760,1.050,3,0,32.139,0,0,18,321,0,48,0
16-01 20:53:47,21.745,4.999,71.733,0,0.250,5343444,176468,165624,2309712,9236.768,1619.609,0,143.965,0,9.998,2630,2292,1.850,1.760,1.050,1,0,24.994,0,0,18,321,0,48,0
16-01 20:53:48,18.253,3.501,77.013,0.500,0,5291212,228676,165624,2309736,16730.794,11868.982,12.002,316.053,1.000,21.004,3039,3246,1.780,1.750,1.050,1,0,20.003,0,0,18,321,0,49,0
16-01 20:53:49,21.913,4.980,72.213,0,0,5333472,186368,165624,2309784,8965.389,1452.232,0,39.842,0,3.984,2382,1972,1.780,1.750,1.050,1,0,12.949,0,0,18,321,0,49,0
16-01 20:53:50,12.244,1.999,84.212,0,0,5339716,180080,165624,2309828,18565.654,11595.787,31.986,307.862,1.999,23.989,2328,2488,1.780,1.750,1.050,0,0,0,0,0,18,322,0,49,0
16-01 20:53:51,20.996,5.499,71.737,0,0,5320548,199240,165624,2309836,8182.499,2552.532,0,207.962,0,19.996,3123,2870,1.780,1.750,1.050,1,0,46.991,0,0,18,321,0,50,0
16-01 20:53:52,18.746,2.500,77.985,0.250,0.250,5339720,179848,165628,2310052,16699.848,10267.062,79.985,179.966,4.999,9.998,2379,2174,1.780,1.750,1.050,0,0,0,0,0,18,322,0,46,0
16-01 20:53:53,23.018,5.755,69.555,0.500,0,5329592,189744,165628,2310284,45668.407,3220.567,112.089,2790.224,5.004,389.310,4225,3989,1.720,1.730,1.050,1,0,32.026,0,0,18,321,0,48,0
16-01 20:53:54,19.246,2.500,77.235,0,0,5338152,181176,165628,2310292,15124.019,7726.477,0,211.958,0,20.996,2418,2179,1.720,1.730,1.050,0,0,0,0,0,18,322,0,48,0
16-01 20:53:55,13.556,6.778,78.073,0.251,0,5327536,191764,165628,2310320,50854.128,6454.671,0,421.743,0,41.170,3565,3605,1.720,1.730,1.050,1,0,88.365,0,0,18,321,0,49,0
16-01 20:53:56,21.663,2.988,74.949,0,0,5379776,139524,165628,2310320,8913.189,3575.634,0,171.312,0,11.952,2284,1950,1.720,1.730,1.050,0,0,0.996,0,0,18,324,0,43,0
16-01 20:53:57,19.998,5.249,73.741,0.250,0,5368000,151152,165628,2310468,30472.289,21829.341,0,427.948,0,23.997,3134,2731,1.720,1.730,1.050,1,0,46.994,0,0,18,323,0,45,0
16-01 20:53:58,22.999,2.750,72.497,0,0,5368472,150504,165628,2310644,10227.539,3589.838,0,115.995,0,12.999,2638,2601,1.660,1.720,1.050,0,0,1.000,0,0,18,324,0,45,0
16-01 20:53:59,19.763,4.253,75.049,0.250,0,5342948,176016,165628,2310656,16679.887,8522.563,0,212.138,0,21.014,2938,2819,1.660,1.720,1.050,1,0,15.010,0,0,18,323,0,47,0
16-01 20:54:00,20.740,2.749,74.965,0.500,0,5360264,158700,165628,2310656,9815.467,3630.323,0,191.911,0,20.990,2473,2317,1.660,1.720,1.050,0,0,1.000,0,0,18,324,0,37,0
16-01 20:54:01,22.091,4.268,71.041,1.506,0,5357776,159508,165628,2312336,15868.100,7482.698,1590.525,4602.884,54.222,378.553,6338,8906,1.660,1.720,1.050,2,0,2.008,0,0,18,325,0,38,0
16-01 20:54:02,22.413,4.233,71.471,0,0,5343492,173804,165628,2312340,7636.235,1613.710,0,1394.564,0,109.573,2663,2319,1.660,1.720,1.050,1,0,4.981,0,0,18,325,0,38,0
16-01 20:54:03,18.750,3.000,77.251,0.250,0,5359268,157968,165628,2312400,14418.277,10859.209,0,424.008,0,32.001,2942,3503,1.610,1.710,1.050,0,0,0,0,0,18,326,0,38,0
16-01 20:54:04,19.077,8.283,70.033,0.502,0,5328952,187992,165628,2312692,9237.286,3070.394,208.843,1285.188,6.024,133.539,5981,7582,1.610,1.710,1.050,1,0,136.551,0,0,18,325,0,33,0
16-01 20:54:05,7.994,23.481,67.196,0.250,0,5325288,191536,165628,2312812,9727.184,1618.699,0,695.441,0,56.954,7375,6688,1.610,1.710,1.050,1,0,644.482,0,0,18,325,0,33,0
16-01 20:54:06,8.501,23.252,66.506,0.500,0,5309140,207572,165632,2312888,6735.627,1620.151,0,1936.180,0,126.012,7456,6732,1.610,1.710,1.050,1,0,628.058,0,0,18,325,0,33,0
16-01 20:54:07,7.989,22.968,67.157,0.250,0,5307744,208932,165632,2312924,9094.408,1617.760,0,559.226,0,30.957,7361,6598,1.610,1.710,1.050,1,0,642.111,0,0,18,325,0,33,0
16-01 20:54:08,10.510,22.772,66.313,0,0,5302092,214508,165632,2313000,8834.442,1621.550,0,52.050,0,13.012,7412,6865,1.640,1.710,1.050,1,0,648.620,0,0,18,325,0,31,0
16-01 20:54:09,8.258,22.772,67.564,0,0,5303896,212672,165632,2313032,9734.227,1621.537,0,112.106,0,14.013,6958,6074,1.640,1.710,1.050,1,0,552.524,0,0,18,325,0,31,0
16-01 20:54:10,8.963,19.668,68.713,0.747,0,5302724,213576,165632,2313300,10356.683,1613.252,258.917,35.850,27.883,6.971,6244,5193,1.640,1.710,1.050,2,0,435.180,0,0,18,325,0,31,0
16-01 20:54:11,14.009,9.006,71.296,4.253,0,5335608,291312,165644,2214936,6758.368,1621.048,2669.726,2121.371,300.194,8.005,3244,3085,1.640,1.710,1.050,1,0,42.027,0,0,18,325,0,31,0
16-01 20:54:12,22.243,4.249,70.979,0.750,0,5326760,286200,165672,2228868,6158.188,1551.544,5002.528,1751.485,300.911,9.997,3133,2739,1.640,1.710,1.050,1,0,6.998,0,0,18,325,0,27,0
16-01 20:54:13,15.753,2.250,78.517,3.251,0,5330672,281664,165672,2229492,19036.145,6893.501,160.035,2436.531,19.004,61.013,2605,3100,1.510,1.690,1.050,1,0,10.002,0,0,18,326,0,27,0
16-01 20:54:14,12.746,1.749,80.473,3.499,0,5340636,270872,165672,2230316,18342.929,9384.894,707.766,3726.767,42.986,419.861,3054,2792,1.510,1.690,1.050,1,0,1.000,0,0,18,326,0,27,0
16-01 20:54:15,11.749,1.750,83.244,1.750,0,5347356,263288,165672,2231172,24111.125,10186.208,459.964,1379.893,41.997,56.996,2257,2489,1.510,1.690,1.050,1,0,1.000,0,0,18,326,0,27,0
16-01 20:54:16,16.005,1.250,80.273,1.500,0,5363180,246260,165672,2232376,17424.902,7904.224,1048.295,880.248,41.012,32.009,1990,1882,1.510,1.690,1.050,2,0,0,0,0,18,326,0,24,0
16-01 20:54:17,13.998,2.000,81.986,1.000,0,5363452,245368,165676,2233000,21923.236,10174.253,411.929,1419.756,40.993,51.991,2189,2122,1.510,1.690,1.050,2,0,5.999,0,0,18,326,0,24,0
16-01 20:54:18,15.750,1.500,80.750,0.750,0,5376424,231484,165756,2233832,19678.051,9316.024,772.002,1048.003,41.000,35.000,2332,2527,1.390,1.660,1.040,1,0,1.000,0,0,18,326,0,24,0
16-01 20:54:19,12.547,2.258,78.793,5.771,0,5377084,198544,165816,2266044,14249.058,6148.896,15485.662,606.257,173.647,18.067,1968,2066,1.390,1.660,1.040,1,0,0,0,0,18,326,0,24,0
16-01 20:54:20,23.666,2.989,71.745,0.249,0,5378696,180432,167016,2281248,8748.945,1614.270,0,1733.846,0,59.788,2715,2460,1.390,1.660,1.040,2,0,8.968,0,0,18,326,0,24,0
16-01 20:54:21,28.000,5.000,65.500,0.500,0,5387536,155504,167420,2296544,7922.053,1620.011,0,1620.011,0,34.000,3517,12058,1.390,1.660,1.040,1,0,28.000,0,0,18,326,0,23,0
16-01 20:54:22,23.745,2.999,72.234,0.250,0,5403740,149972,167864,2286576,7278.376,1619.639,0,1543.656,0,53.988,2607,2201,1.390,1.660,1.040,1,0,0,0,0,18,326,0,23,0
16-01 20:54:23,24.749,4.000,68.998,1.000,0,5389400,149880,168752,2299836,43917.799,1619.956,0,3255.911,0,139.996,3569,3769,1.360,1.650,1.040,1,0,0,0,0,18,326,0,23,0
16-01 20:54:24,24.006,3.001,71.517,0.750,0,5393184,149148,169756,2296364,7296.775,1620.394,32.008,2904.707,1.000,114.028,3125,3089,1.360,1.650,1.040,1,0,0,0,0,18,326,0,23,0
16-01 20:54:25,23.969,3.246,71.158,0.499,0,5370272,186492,170032,2281604,43775.442,1791.685,0,1202.446,0,39.948,2628,2185,1.360,1.650,1.040,1,0,1.997,0,0,18,325,0,23,0
16-01 20:54:26,18.262,3.252,77.551,0,0,5398984,157768,170032,2281616,14717.654,3793.488,0,528.347,0,20.013,2406,2086,1.360,1.650,1.040,1,0,33.022,0,0,18,326,0,23,0
16-01 20:54:27,23.753,2.750,72.008,0,0,5395544,154548,170304,2287988,5400.615,1632.186,0,1176.134,0,11.001,2345,1961,1.360,1.650,1.040,2,0,3.000,0,0,18,325,0,23,0
16-01 20:54:28,30.519,7.255,61.038,0.250,0,5366144,206744,170616,2265420,17578.913,4727.935,256.159,1100.683,2.001,19.012,3299,2577,1.410,1.650,1.050,2,0,24.015,0,0,18,325,0,23,0
16-01 20:54:29,38.988,11.496,47.985,0,0,5384704,187560,170676,2265920,8374.394,1619.496,767.761,1847.425,5.998,22.993,11907,19268,1.410,1.650,1.050,1,0,20.993,0,0,18,325,0,21,0
16-01 20:54:30,22.757,6.502,68.522,0.250,0,5380472,191552,170716,2266088,6153.963,1620.517,0,1760.562,0,223.071,10723,18559,1.410,1.650,1.050,2,0,20.006,0,0,18,325,0,21,0
16-01 20:54:31,22.005,4.751,71.767,0.250,0,5334004,251372,170720,2253104,8872.114,1620.386,0,920.219,0,30.007,3206,2998,1.410,1.650,1.050,1,0,50.012,0,0,18,325,0,21,0
16-01 20:54:32,23.489,5.497,68.717,0,0,5360512,224848,170720,2253120,8852.688,1619.211,3.998,311.848,1.000,8.996,10204,18673,1.410,1.650,1.050,1,0,9.995,0,0,18,325,0,21,0
16-01 20:54:33,20.003,3.501,75.012,0.750,0,5375020,207260,170744,2256376,14663.267,3725.576,0,8617.332,0,207.032,3038,2922,1.460,1.660,1.050,1,0,33.005,0,0,18,326,0,21,0
16-01 20:54:34,23.294,3.507,71.384,0,0,5364684,214116,170776,2259824,9267.433,1797.381,0,1158.179,0,29.055,2773,2583,1.460,1.660,1.050,1,0,19.036,0,0,18,325,0,21,0
16-01 20:54:35,17.268,2.753,78.580,0.250,0,5374348,198268,170776,2265736,12764.025,4633.729,0,1337.365,0,39.040,2503,2503,1.460,1.660,1.050,2,0,6.006,0,0,18,325,0,21,0
16-01 20:54:36,25.257,5.752,66.268,0.250,0,5370324,201672,170776,2266228,9325.571,1620.447,0,468.129,0,11.003,17408,33453,1.460,1.660,1.050,1,0,15.004,0,0,18,325,0,21,0
16-01 20:54:37,20.518,7.006,71.813,0,0,5360504,224440,170784,2253416,7341.464,1621.428,0,952.839,0,22.019,4000,5079,1.460,1.660,1.050,1,0,15.013,0,0,18,325,0,21,0
16-01 20:54:38,25.395,3.735,69.961,0,0,5324392,260768,170784,2253360,9083.521,1613.343,0,501.929,0,9.959,2697,2355,1.420,1.650,1.050,1,0,22.905,0,0,18,325,0,21,0
16-01 20:54:39,21.749,5.750,70.998,0,0,5315136,268776,170796,2254596,7074.752,1619.943,0,103.996,0,7.000,3409,3070,1.420,1.650,1.050,1,0,95.997,0,0,18,325,0,21,0
16-01 20:54:40,23.754,3.751,71.513,0,0,5320592,254160,170796,2263724,10623.926,1620.294,0,708.128,0,10.002,2584,2175,1.420,1.650,1.050,2,0,17.003,0,0,18,325,0,21,0
16-01 20:54:41,12.999,1.500,83.496,0.750,0,5334384,240048,170796,2264040,17562.113,7634.614,4.000,2343.882,1.000,178.991,2350,2267,1.420,1.650,1.050,3,0,0,0,0,18,326,0,21,0
16-01 20:54:42,12.247,1.250,84.981,0.250,0,5335932,238284,170796,2264232,19837.542,9925.770,0,1115.749,0,33.992,1841,1854,1.420,1.650,1.050,1,0,0,0,0,18,326,0,21,0
16-01 20:54:43,10.249,2.750,85.240,0.500,0.250,5334700,239060,170844,2264632,70995.739,11199.697,0,12366.561,0,107.987,2554,3127,1.310,1.620,1.050,1,0,0,0,0,18,327,0,21,0
16-01 20:54:44,11.749,1.250,84.241,1.000,0,5344612,228728,170952,2264924,110891.645,12737.581,0,1979.779,0,81.991,2445,2795,1.310,1.620,1.050,1,0,1.000,0,0,18,327,0,21,0
16-01 20:54:45,18.325,2.259,77.817,0.753,0,5376680,196484,171008,2265044,15343.532,7180.263,0,3345.635,0,195.798,3071,3148,1.310,1.620,1.050,1,0,1.004,0,0,18,327,0,17,0
16-01 20:54:46,15.927,2.986,79.387,0.249,0,5378264,194492,171096,2265364,21352.312,10061.966,0,1254.262,0,40.813,3863,5208,1.310,1.620,1.050,0,0,0.995,0,0,18,327,0,17,0
16-01 20:54:47,14.561,2.008,81.592,0.502,0,5385500,186680,171236,2265796,308732.337,14932.604,0,1811.595,0,73.307,3080,3080,1.310,1.620,1.050,1,0,0,0,0,18,327,0,19,0
16-01 20:54:48,8.964,1.743,86.655,1.743,0,5385704,185924,171492,2266092,95963.455,15328.057,27.889,2171.367,3.984,98.608,2677,3221,1.360,1.630,1.050,0,0,0.996,0,0,18,327,0,19,0
16-01 20:54:49,13.023,1.002,83.396,1.002,0,5395500,175648,171588,2266400,24986.846,9682.992,104.183,1117.962,6.011,43.076,1913,1940,1.360,1.630,1.050,2,0,0,0,0,18,327,0,15,0
16-01 20:54:50,9.989,1.998,85.653,0.250,0,5396212,156264,171652,2284880,5063686.841,38631.063,0,6113.047,0,57.934,3507,2647,1.360,1.630,1.050,0,0,1.998,0,0,18,327,0,15,0
16-01 20:54:51,9.495,2.749,84.460,1.000,0,5393060,128632,171788,2315332,12543047.963,64201.483,167.920,14760.984,4.998,270.871,5607,3665,1.360,1.630,1.050,1,0,2.999,0,0,18,327,0,15,0
16-01 20:54:52,21.761,3.252,74.037,1.001,0,5373676,164708,173936,2295796,197434.675,4123.082,0,3509.772,0,93.047,2685,2261,1.360,1.630,1.050,1,0,1.001,0,0,18,327,0,15,0
16-01 20:54:53,25.338,6.021,67.734,0.251,0,5397452,125264,175620,2307824,44118.684,1625.626,4.014,66618.550,1.003,257.893,3454,3321,1.330,1.620,1.050,1,0,0,0,0,18,327,0,10,0
16-01 20:54:54,23.753,2.250,71.260,0.750,0,5379356,145740,175988,2304548,11428.591,1620.226,16.002,1404.195,1.000,58.008,2913,2843,1.330,1.620,1.050,2,0,0,0,0,18,327,0,10,0
16-01 20:54:55,22.998,3.250,71.494,0.750,0.250,5400636,130848,176540,2297448,44108.129,1619.858,0,1875.835,0,83.993,2957,2601,1.330,1.620,1.050,1,0,0,0,0,18,327,0,10,0
16-01 20:54:56,22.752,4.000,71.757,0.750,0,5403112,144232,177444,2280588,10536.058,1620.163,0,2196.221,0,75.008,2682,2344,1.330,1.620,1.050,1,0,0,0,0,18,327,0,10,0
16-01 20:54:57,23.737,2.499,71.961,0.750,0,5399028,133544,178052,2293688,6971.229,1661.101,0,1902.971,0,79.957,2766,2583,1.330,1.620,1.050,1,1,0,0,0,18,327,0,7,0
16-01 20:54:58,25.762,4.502,68.783,0.750,0,5410480,129164,179340,2284716,6403.094,1458.705,0,31547.245,0,91.044,2853,2753,1.310,1.600,1.050,2,0,1.000,0,0,18,327,0,7,0
16-01 20:54:59,23.651,3.236,71.452,0.498,0,5403632,134004,180340,2285104,11261.963,1613.262,0,2390.018,0,91.617,2849,2854,1.310,1.600,1.050,2,0,0.996,0,0,18,327,0,7,0
16-01 20:55:00,18.325,2.008,78.071,0.753,0,5431744,135316,180768,2254480,16777.961,4227.375,0,1843.577,0,69.285,2619,2549,1.310,1.600,1.050,1,0,1.004,0,0,18,325,0,7,0
16-01 20:55:01,23.669,2.990,72.004,0,0,5370340,196788,180768,2254464,7221.316,1614.481,0,27.905,0,1.993,2539,2048,1.310,1.600,1.050,1,0,18.935,0,0,18,325,0,7,0
16-01 20:55:02,18.750,3.250,76.751,0.250,0,5386936,173892,180864,2260400,14892.127,3899.033,0,1740.015,0,21.000,2486,2188,1.310,1.600,1.050,1,0,20.000,0,0,18,325,0,4,0
16-01 20:55:03,21.230,2.997,74.179,0,0,5392568,167476,180876,2261036,10881.594,2889.237,0,659.369,0,37.964,2914,3227,1.280,1.590,1.050,0,0,17.983,0,0,18,326,0,4,0
16-01 20:55:04,26.542,14.022,53.586,4.257,0,5400808,151960,181224,2267096,11706.704,3458.526,124.198,15216.311,10.016,289.462,13109,20833,1.280,1.590,1.050,1,0,338.541,0,0,18,325,0,4,0
16-01 20:55:05,21.367,5.466,71.803,0,0,5394140,158036,181256,2267568,6954.664,1609.968,0,83.480,0,0.994,2801,2688,1.280,1.590,1.050,3,0,8.944,0,0,18,325,0,4,0
16-01 20:55:06,24.136,6.788,68.133,0,0,5397372,154500,181296,2267764,6245.100,1466.241,0,2835.939,0,39.220,10180,18302,1.280,1.590,1.050,1,0,19.107,0,0,18,325,0,3,0
16-01 20:55:07,21.998,5.250,71.244,0.750,0,5314764,251264,181300,2254860,9463.205,1619.864,0,2283.808,0,239.980,2793,2380,1.280,1.590,1.050,2,0,1.000,0,0,18,325,0,3,0
16-01 20:55:08,22.019,5.505,69.308,1.751,0,5337444,223948,181324,2259504,8048.769,1621.364,2153.811,1573.323,309.260,20.017,3222,3632,1.260,1.580,1.050,1,0,8.007,0,0,18,325,0,3,0
16-01 20:55:09,24.064,4.512,69.684,1.253,0,5343624,216112,181332,2261136,7932.950,1624.290,974.574,1888.989,50.132,134.355,6024,8380,1.260,1.580,1.050,2,1,0,0,0,18,328,0,7,0
16-01 20:55:10,19.001,12.001,66.503,1.250,0,5312868,246112,181332,2261876,10727.483,1620.073,576.026,2984.134,29.001,294.013,7911,9620,1.260,1.580,1.050,5,0,238.011,0,0,18,327,0,7,0
16-01 20:55:11,12.752,12.502,70.512,3.000,0,5309060,248440,181392,2263300,7589.248,1620.266,1468.241,416.068,59.010,20.003,4612,3813,1.260,1.580,1.050,2,1,204.034,0,0,18,327,0,9,0
16-01 20:55:12,9.988,5.244,71.165,11.486,0,5277996,237768,181400,2304992,10189.776,2264.284,41638.048,4342.790,3423.892,164.802,9773,9692,1.260,1.580,1.050,0,1,13.983,0,0,18,328,0,9,0
16-01 20:55:13,4.488,1.247,87.009,5.235,0,5283080,231684,181800,2305592,11735.497,2682.570,965.326,247.315,241.332,22.936,2383,3402,1.160,1.560,1.040,0,0,0,0,0,18,328,0,9,0
16-01 20:55:14,2.749,1.499,93.216,1.000,0,5262860,251824,181800,2305668,44400.710,4105.494,63.977,11335.841,1.000,60.978,1656,2193,1.160,1.560,1.040,0,0,1.000,0,0,18,328,0,9,0
16-01 20:55:15,4.993,2.496,89.368,2.247,0,5241788,272020,181836,2306496,168220.845,130709.181,607.104,1070.421,21.968,27.959,2308,2616,1.160,1.560,1.040,2,0,12.981,0,0,18,327,0,9,1
16-01 20:55:16,2.755,0.751,94.417,0.501,0,5234116,279860,181836,2306296,11199.789,1933.416,0,420.743,0,27.048,1624,2133,1.160,1.560,1.040,0,0,0,0,0,18,327,0,9,0
16-01 20:55:17,3.001,1.750,94.770,0,0,5234112,279860,181836,2306300,11529.378,1620.334,0,156.032,0,13.003,1481,1863,1.160,1.560,1.040,0,0,6.001,0,0,18,327,0,9,0
16-01 20:55:18,3.000,1.000,94.241,0.250,0,5223464,290468,181836,2306340,7813.257,1619.846,0,2455.767,0,337.968,2215,2549,1.060,1.530,1.040,0,0,1.000,0,0,18,327,0,9,0
16-01 20:55:19,2.000,4.250,93.008,0.250,0,5223588,290164,181840,2306484,10785.965,1620.145,0,127555.412,0,626.056,3261,3082,1.060,1.530,1.040,0,0,0,0,0,18,327,0,9,0
16-01 20:55:20,2.509,1.254,94.077,0.753,0,5224004,289756,181840,2306488,7174.967,1625.657,0,3965.800,0,209.730,2215,3133,1.060,1.530,1.040,0,0,0,0,0,18,327,0,9,0
16-01 20:55:21,8.220,4.733,85.190,0,0,5237136,276448,181844,2306680,6216.394,1452.717,47.826,11.957,1.993,2.989,2698,9434,1.060,1.530,1.040,0,0,121.558,0,0,18,327,0,10,0
16-01 20:55:22,2.000,0.750,96.495,0,0,5237036,276672,181844,2306536,7980.626,1619.924,0,87.996,0,4.000,1144,1626,1.060,1.530,1.040,0,0,0,0,0,18,327,0,9,0
16-01 20:55:23,3.751,1.250,93.263,0.500,0,5236988,276672,181844,2306584,44258.297,1620.231,0,384.055,0,40.006,1964,2777,0.980,1.510,1.030,1,0,0,0,0,18,327,0,9,0
16-01 20:55:24,1.500,2.000,94.021,0.250,0,5227740,285892,181856,2306600,8614.967,1620.370,4.001,48167.000,1.000,328.075,2000,1995,0.980,1.510,1.030,0,0,0,0,0,18,327,0,9,0
16-01 20:55:25,1.750,1.000,96.499,0,0,5227832,285800,181856,2306600,43661.641,1619.987,0,0,0,0,1383,1793,0.980,1.510,1.030,0,0,0,0,0,18,327,0,9,0
16-01 20:55:26,1.998,0.250,95.909,0,0,5227888,285800,181856,2306608,7702.674,1618.461,0,87.916,0,9.990,1236,1713,0.980,1.510,1.030,0,0,0,0,0,18,327,0,9,0
16-01 20:55:27,1.500,1.250,96.526,0,0,5227888,285800,181856,2306608,9341.511,1620.436,0,0,0,0,1213,1708,0.980,1.510,1.030,1,0,0,0,0,18,327,0,9,0
16-01 20:55:28,15.506,4.001,79.278,0,0,5254068,259596,181856,2306632,10078.598,1620.579,256.091,0,2.001,0,2388,2437,0.980,1.500,1.030,1,0,6.002,0,0,18,327,0,9,0
16-01 20:55:29,19.804,5.766,73.198,0,0,5261440,252196,181856,2306660,6387.308,1461.962,770.087,92.250,6.016,13.035,2857,2536,0.980,1.500,1.030,0,0,8.022,0,0,18,327,0,9,0
16-01 20:55:30,2.243,0.748,95.434,0.498,0,5259792,253836,181856,2306668,7254.017,1614.662,31.895,271.104,0.997,32.891,1607,2413,0.980,1.500,1.030,0,0,0.997,0,0,18,327,0,9,0
16-01 20:55:31,1.501,0.500,96.309,0,0,5257988,255608,181856,2306700,9523.862,1620.998,0,132.081,0,11.007,1229,1716,0.980,1.500,1.030,0,0,0,0,0,18,327,0,9,0
16-01 20:55:32,1.750,1.000,95.986,0,0,5256068,257524,181856,2306704,8695.743,1619.766,0,315.954,0,17.997,1288,1768,0.980,1.500,1.030,0,0,0,0,0,18,327,0,9,0
16-01 20:55:33,4.496,0.749,93.419,0.250,0,5253240,260320,181856,2306736,8750.410,1618.596,0,243.789,0,22.980,1682,2427,0.900,1.470,1.030,0,0,0,0,0,18,327,0,9,0
16-01 20:55:34,1.251,2.502,94.819,0.250,0.250,5242136,271412,181856,2306748,7281.263,1621.172,0,1505.088,0,238.172,1461,1675,0.900,1.470,1.030,1,0,0,0,0,18,327,0,9,0
16-01 20:55:35,2.000,0.250,96.514,0,0,5241404,272144,181856,2306748,9080.275,1620.227,0,52.007,0,4.001,1215,1663,0.900,1.470,1.030,0,0,0,0,0,18,327,0,9,0
16-01 20:55:36,1.500,0.750,96.510,0,0,5241404,272144,181856,2306748,9641.963,1620.162,0,4.000,0,1.000,1218,1629,0.900,1.470,1.030,0,0,2.000,0,0,18,327,0,9,0
16-01 20:55:37,1.750,0.750,96.481,0,0,5241400,272144,181856,2306752,5810.837,1457.708,0,0,0,0,1144,1609,0.900,1.470,1.030,0,0,0,0,0,18,327,0,9,0
16-01 20:55:38,3.501,1.250,94.285,0,0,5237388,276140,181856,2306768,9721.585,1620.598,0,0,0,0,1707,2387,0.830,1.450,1.020,0,0,1.000,0,0,18,327,0,9,0
16-01 20:55:39,1.999,0.750,96.471,0,0,5237180,276252,181856,2306864,9696.123,1619.519,0,47.986,0,5.998,1263,1770,0.830,1.450,1.020,1,0,0,0,0,18,327,0,9,0
16-01 20:55:40,1.500,1.000,95.517,0.250,0,5237180,276252,181856,2306864,5739.040,1662.301,16.003,532.096,1.000,37.007,1586,2279,0.830,1.450,1.020,0,0,0,0,0,18,327,0,9,0
16-01 20:55:41,1.750,0.750,96.516,0.250,0,5237152,276252,181856,2306892,11987.001,1620.270,0,32.005,0,4.001,1176,1639,0.830,1.450,1.020,0,0,0,0,0,18,327,0,9,0
16-01 20:55:42,1.750,0.500,96.487,0,0,5237152,276252,181856,2306892,6993.055,1619.781,0,7.999,0,1.000,1236,1764,0.830,1.450,1.020,0,0,0,0,0,18,327,0,9,0
16-01 20:55:43,4.249,1.500,92.732,0.500,0,5236892,276252,181856,2307152,9493.158,1619.686,0,295.943,0,27.995,1956,2777,0.760,1.420,1.010,0,0,0,0,0,18,327,0,9,0
16-01 20:55:44,1.250,1.000,96.212,0,0,5236888,276252,181856,2307156,7185.180,1457.428,0,83.967,0,11.995,1359,1985,0.760,1.420,1.010,1,0,1.000,0,0,18,327,0,9,0
16-01 20:55:45,2.250,0.250,95.744,0,0,5236884,276252,181856,2307160,6814.598,1619.905,0,395.977,0,13.999,1561,2123,0.760,1.420,1.010,0,0,1.000,0,0,18,327,0,9,0
16-01 20:55:46,6.780,2.260,90.398,0,0,5254964,258172,181864,2307152,286304.606,7191.665,4.018,44.195,1.004,3.013,2034,2306,0.760,1.420,1.010,1,0,7.031,0,0,18,327,0,9,0
16-01 20:55:47,14.948,5.232,76.982,0.498,0,5258832,254160,181892,2307268,297820.966,15139.284,123.570,334.834,5.979,16.941,3497,2941,0.760,1.420,1.010,0,0,36.872,0,0,18,327,0,9,0
16-01 20:55:48,19.493,8.247,68.973,2.249,0,5245532,262132,181908,2312580,151529.741,3528.643,239.908,111.957,40.984,4.998,4689,5999,0.780,1.420,1.010,1,0,37.985,0,0,18,327,0,9,0
