"pcp-dstat 6.2.0 CSV Output"
"Author:","PCP team <pcp@groups.io> and Dag Wieers <dag@wieers.com>",,,,"URL:","https://pcp.io/ and http://dag.wieers.com/home-made/dstat/"
"Host:","ubuntu",,,,"User:","ubuntu"
"Cmdline:","dstat -tcmndrylpg --tcp --output /tmp/devstack_logs/dstat-csv.log",,,,"Date:","14 Jan 2026 20:56:20 UTC"
"system","total usage",,,,,"memory usage",,,,"net/total",,"dsk/total",,"io/total",,"system",,"load avg",,,"procs",,,"paging",,"tcp sockets",,,,
"time","total usage:usr","total usage:sys","total usage:idl","total usage:wai","total usage:stl","used","free","buf","cach","net/total:recv","net/total:send","dsk/total:read","dsk/total:writ","read","writ","int","csw","1m","5m","15m","run","blk","new","in","out","lis","act","syn","tim","clo"
14-01 20:56:20,,1028396,1679952,161048,4952300,,,,,,,1.320,1.060,0.600,1,0,,,,10,5,0,17,1
14-01 20:56:21,19.749,19.749,58.498,0.250,0,1020144,1687632,161204,4952592,43748.320,11877.544,0,2531.903,0,98.996,6716,5729,1.370,1.070,0.610,1,0,517.980,0,0,10,5,0,17,1
14-01 20:56:22,26.471,18.480,53.692,0.499,0,1010904,1696344,161244,4953024,19170.320,10168.031,0,1462.422,0,49.946,6100,5891,1.370,1.070,0.610,1,0,371.599,0,0,10,4,0,17,2
14-01 20:56:23,32.282,15.515,50.800,0.250,0,1011856,1676484,161372,4971152,194910.652,11454.380,0,2866.848,0,62.062,6404,6845,1.370,1.070,0.610,2,0,228.227,0,0,10,4,0,17,2
14-01 20:56:24,23.675,4.486,70.776,0.498,0,1140148,1528616,162648,5110744,11562.462,1614.897,0,1391.602,0,47.849,2927,2782,1.370,1.070,0.610,2,0,9.968,0,0,11,4,0,17,2
14-01 20:56:25,38.559,11.017,49.576,0.250,0,1141712,1509248,163020,5126312,10453.128,1622.503,16.025,1538.374,1.002,39.060,4131,2623,1.370,1.070,0.610,3,0,113.175,0,0,11,6,0,17,2
14-01 20:56:26,39.557,11.016,47.819,1.252,0,1192932,1433692,163664,5147884,8584.439,1460.116,32.046,3649.288,2.003,117.170,4848,3696,1.500,1.100,0.620,2,0,172.250,0,0,11,6,0,19,2
14-01 20:56:27,43.374,5.983,49.107,0.997,0,1224464,1381736,164464,5164688,8705.650,1615.296,0,4056.189,0,95.721,3328,1922,1.500,1.100,0.620,3,0,0,0,0,11,6,0,19,2
14-01 20:56:28,40.111,6.017,46.629,6.769,0,1247236,1327836,166092,5191412,9133.317,1624.503,0,25791.491,0,1542.275,11014,14050,1.500,1.100,0.620,2,1,28.078,0,0,11,8,0,19,2
14-01 20:56:29,33.764,6.002,46.769,10.754,0,1268148,1316536,167068,5180496,13586.595,4409.816,0,58055.908,0,4321.780,20540,28974,1.500,1.100,0.620,3,0,54.022,0,0,11,6,0,19,0
14-01 20:56:30,41.500,9.000,48.750,1.000,0,1256516,1328120,167096,5180516,6845.997,2695.999,0,4515.998,0,263.000,4429,3375,1.500,1.100,0.620,2,0,110.000,0,0,11,5,0,19,0
14-01 20:56:31,40.752,4.750,53.503,0.500,0,1283084,1294148,167104,5187036,14353.744,2823.146,0,2080.108,0,69.004,2834,1658,1.540,1.120,0.630,3,0,3.000,0,0,11,4,0,19,0
14-01 20:56:32,38.574,5.226,54.253,0.249,0,1267256,1309896,167132,5187052,14548.687,4596.051,0,8126.957,0,544.518,4388,3478,1.540,1.120,0.630,3,0,26.877,0,0,11,5,0,19,0
14-01 20:56:33,43.752,8.500,45.752,0.500,0,1303744,1265360,167556,5193284,6911.284,1836.075,0,1168.048,0,49.002,11177,18670,1.540,1.120,0.630,3,0,14.001,0,0,11,4,0,19,0
14-01 20:56:34,37.148,16.817,44.427,0,0,1275160,1293492,167652,5193556,8992.760,1463.821,0,1606.388,0,51.204,12659,19775,1.540,1.120,0.630,4,0,348.385,0,0,11,4,0,19,0
14-01 20:56:35,31.267,24.764,43.024,0.250,0,1174644,1408556,167680,5181268,58830.291,1620.890,0,2333.281,0,93.051,7557,6962,1.540,1.120,0.630,3,0,462.254,0,0,11,4,0,19,0
14-01 20:56:36,52.144,15.718,31.935,0,0,1206080,1377084,167680,5181320,44191.382,1616.721,0,3.992,0,0.998,5322,5594,1.580,1.130,0.640,2,0,260.472,0,0,11,5,0,19,0
14-01 20:56:37,46.233,3.999,49.232,0,0,1246512,1336544,167680,5181420,8456.853,1619.397,0,0,0,0,2580,1204,1.580,1.130,0.640,3,0,0,0,0,11,5,0,19,0
14-01 20:56:38,44.516,8.003,47.017,0,0,1250100,1332472,167680,5181856,5778.125,1620.596,0,14545.350,0,83.031,2896,1419,1.580,1.130,0.640,3,0,6.002,0,0,11,5,0,19,0
14-01 20:56:39,30.966,9.240,58.935,0.250,0,1258388,1321740,167764,5184180,8350.779,1618.213,0,3384.263,0,195.784,4145,4794,1.580,1.130,0.640,3,0,117.870,0,0,11,4,0,19,0
14-01 20:56:40,4.998,2.749,91.471,0,0,1258920,1321208,167776,5184184,7582.561,1661.466,0,387.875,0,25.992,1303,1394,1.580,1.130,0.640,2,0,21.993,0,0,11,4,0,19,0
14-01 20:56:41,23.003,3.250,72.759,0.250,0,1328044,1252092,167780,5184172,6064.754,1620.201,0,660.082,0,34.004,2011,1940,1.530,1.130,0.640,3,0,1.000,0,0,11,4,0,19,0
14-01 20:56:42,23.982,1.998,73.944,0,0,1350772,1229164,167780,5184372,8553.563,1456.904,0,0,0,0,1735,1192,1.530,1.130,0.640,3,0,0,0,0,11,4,0,19,0
14-01 20:56:43,20.543,6.764,70.397,1.253,0,1284868,1294924,167904,5184420,7744.178,1623.391,0,22422.843,0,649.357,5038,5656,1.530,1.130,0.640,2,0,43.090,0,0,11,4,0,21,0
14-01 20:56:44,23.007,1.500,73.771,0.750,0,1328180,1251036,168176,5184692,9471.692,1620.461,372.106,384.109,20.006,6.002,1861,1206,1.530,1.130,0.640,2,0,0,0,0,11,4,0,15,0
14-01 20:56:45,18.235,2.498,77.937,0.500,0,1344684,1234660,168180,5184716,11576.606,5766.321,3.997,1450.823,0.999,16.986,2268,2217,1.530,1.130,0.640,2,0,0.999,0,0,11,17,0,15,0
14-01 20:56:46,16.011,4.003,74.551,4.753,0,1337848,1240968,168232,5185080,10780.408,5742.946,264.182,2381.637,65.045,89.061,2596,2277,1.490,1.130,0.640,2,0,45.031,0,0,11,28,0,16,0
14-01 20:56:47,20.230,3.996,74.927,0,0,1337992,1240820,168232,5185080,10092.154,3079.995,0,67.934,0,6.993,1893,1378,1.490,1.130,0.640,1,0,0,0,0,11,29,0,16,0
14-01 20:56:48,16.546,6.518,76.461,0,0,1310896,1267888,168236,5185100,13994.619,7236.971,0,20693.104,0,79.219,3098,2512,1.490,1.130,0.640,3,0,123.340,0,0,11,28,0,17,0
14-01 20:56:49,41.640,8.976,48.621,0,0,1405528,1173252,168236,5185104,8801.700,1615.723,0,2254.033,0,11.968,3139,1617,1.490,1.130,0.640,5,0,32.913,0,0,11,28,0,17,0
14-01 20:56:50,29.059,4.259,65.883,0,0,1423068,1155644,168236,5185172,23546.562,16243.811,0,637.287,0,8.016,4370,5093,1.490,1.130,0.640,4,0,0,0,0,11,30,0,17,0
14-01 20:56:51,49.501,21.251,28.251,0.250,0.250,1441624,1136896,168244,5185352,14591.369,5596.142,0,236.006,0,32.001,6362,6831,1.610,1.160,0.660,6,0,505.013,0,0,11,28,0,18,0
14-01 20:56:52,85.499,14.750,0.250,0,0,1652460,926016,168244,5185364,10802.840,5559.918,0,0,0,0,5072,2865,1.610,1.160,0.660,5,0,73.999,0,0,11,30,0,17,0
14-01 20:56:53,79.436,9.992,9.243,0,0,1738472,839888,168244,5185468,37494.987,33253.382,0,351.718,0,19.984,8151,10325,1.610,1.160,0.660,3,0,0,0,0,11,34,0,17,0
14-01 20:56:54,55.035,14.759,29.769,0.250,0,1581892,996252,168284,5185644,20836.206,11328.180,0,1985.258,0,72.046,6335,8419,1.610,1.160,0.660,3,0,310.197,0,0,11,28,0,23,0
14-01 20:56:55,19.463,2.994,77.351,0,0,1557880,1020220,168288,5185684,12577.817,3827.641,0,191.632,0,9.981,1796,1196,1.610,1.160,0.660,1,0,0,0,0,11,29,0,23,0
14-01 20:56:56,16.278,3.506,78.634,0,0,1452976,1125100,168296,5185700,13272.559,6305.718,0,536.913,0,72.123,3261,3564,1.480,1.140,0.650,2,0,38.065,0,0,11,28,0,24,0
14-01 20:56:57,20.505,5.251,73.517,0,0,1464952,1113124,168296,5185700,9243.179,1620.382,0,148.035,0,8.002,2178,1635,1.480,1.140,0.650,2,0,30.007,0,0,11,28,0,23,0
14-01 20:56:58,15.247,1.500,82.485,0,0,1454084,1123980,168296,5185712,13721.549,7828.601,0,143.974,0,10.998,2615,3115,1.480,1.140,0.650,3,0,0,0,0,11,29,0,23,0
14-01 20:56:59,10.998,22.997,64.741,1.000,0,1402324,1175640,168372,5185732,9821.611,2315.672,0,98862.014,0,573.919,7739,7015,1.480,1.140,0.650,3,0,596.916,0,0,11,28,0,24,0
14-01 20:57:00,67.317,26.026,5.505,0,0,1502028,1075896,168372,5185772,7071.058,1621.619,0,2758.754,0,50.050,5627,4061,1.480,1.140,0.650,5,0,441.441,0,0,11,28,0,24,0
14-01 20:57:01,80.257,8.501,11.501,0,0,1658940,918952,168380,5185796,23734.933,21236.729,0,188.015,0,10.001,5380,4085,1.680,1.190,0.670,4,0,1.000,0,0,11,33,0,24,0
14-01 20:57:02,71.450,12.241,14.990,0.250,0,1523160,1054344,168404,5186160,42245.437,30781.460,0,995.304,0,56.960,9509,15055,1.680,1.190,0.670,7,0,145.898,0,0,11,29,0,25,0
14-01 20:57:03,80.305,19.513,0.250,0,0,1607172,970288,168424,5186184,8475.763,2086.419,0,384.261,0,24.016,5493,4038,1.680,1.190,0.670,7,0,164.112,0,0,11,28,0,25,0
14-01 20:57:04,82.667,8.741,8.242,0,0,1740092,837208,168428,5186336,25561.348,20368.559,0,179.820,0,8.991,5565,4178,1.680,1.190,0.670,9,0,0,0,0,11,34,0,25,0
14-01 20:57:05,71.347,7.983,19.708,0,0,1742044,834996,168448,5186576,83870.013,40026.103,0,1337.130,0,56.878,10637,16357,1.680,1.190,0.670,5,0,17.961,0,0,11,31,0,28,0
14-01 20:57:06,57.509,15.753,26.254,0,0,1502204,1074796,168448,5186616,45971.464,7416.204,0,228.037,0,16.003,5867,5859,1.870,1.240,0.690,3,0,280.045,0,0,11,28,0,30,0
14-01 20:57:07,34.964,3.746,60.438,0,0,1537544,1039432,168452,5186636,19968.652,11313.472,0,111.886,0,7.992,3210,2857,1.870,1.240,0.690,2,0,0,0,0,11,30,0,30,0
14-01 20:57:08,42.916,19.074,37.144,0,0,1459820,1116960,168464,5186820,16999.822,10242.659,0,261.011,0,28.109,6127,6787,1.870,1.240,0.690,4,0,329.275,0,0,11,28,0,32,0
14-01 20:57:09,57.061,7.724,34.884,0,0,1570860,1005908,168468,5186828,13052.718,9687.876,0,259.141,0,9.967,3816,2117,1.870,1.240,0.690,2,0,49.835,0,0,11,31,0,31,0
14-01 20:57:10,50.617,5.763,42.849,0.251,0,1537712,1038988,168476,5186888,31232.898,21751.071,0,441.015,0,47.108,7387,9866,1.870,1.240,0.690,3,1,25.058,0,0,11,28,0,32,0
14-01 20:57:11,77.031,20.758,2.251,0,0,1527268,1049404,168480,5186912,7714.059,1620.643,0,196.078,0,10.004,5251,3141,2.040,1.280,0.710,5,0,234.093,0,0,11,28,0,32,0
14-01 20:57:12,63.043,7.505,28.519,0,0,1599492,977116,168492,5187476,28929.518,25318.082,0,196.132,0,20.014,5652,7358,2.040,1.280,0.710,7,0,28.019,0,0,11,32,0,32,0
14-01 20:57:13,64.005,19.001,16.001,0.250,0,1548768,1027724,168528,5187036,28562.211,18339.420,0,1344.104,0,91.007,8710,20717,2.040,1.280,0.710,3,0,332.026,0,0,11,28,0,31,0
14-01 20:57:14,54.616,5.985,39.154,0,0,1558788,1017696,168528,5187044,16539.445,11438.951,0,219.462,0,2.993,3826,2429,2.040,1.280,0.710,1,0,0,0,0,11,31,0,31,0
14-01 20:57:15,49.016,6.752,43.014,0.250,0,1548616,1027604,168528,5187308,31114.966,20723.637,0,320.103,0,31.010,7129,9312,2.040,1.280,0.710,4,0,66.021,0,0,11,28,0,33,0
14-01 20:57:16,63.100,18.029,18.780,0,0,1525572,1050636,168528,5187320,7287.570,1526.423,0,244.388,0,13.021,4289,2521,2.120,1.310,0.720,3,0,233.370,0,0,11,28,0,33,0
14-01 20:57:17,46.510,4.751,48.010,0,0,1570104,1005816,168532,5187604,24815.424,18988.150,0,144.031,0,8.002,5059,5194,2.120,1.310,0.720,2,0,0,0,0,11,31,0,30,0
14-01 20:57:18,51.514,17.755,29.508,0.250,0,1494820,1080888,168544,5187800,20853.843,12124.397,0,1356.380,0,96.027,6347,7304,2.120,1.310,0.720,3,0,287.080,0,0,11,28,0,33,0
14-01 20:57:19,54.489,6.249,38.992,0,0,1560444,1015128,168544,5187936,18455.207,11736.588,0,4791.015,0,307.937,4346,2273,2.120,1.310,0.720,4,0,0,0,0,11,31,0,33,0
14-01 20:57:20,51.759,8.001,39.257,0.250,0,1497744,1077848,168548,5188000,27061.724,17136.991,0,328.057,0,33.006,6342,7879,2.120,1.310,0.720,4,0,94.016,0,0,11,28,0,35,0
14-01 20:57:21,62.993,12.249,24.497,0,0,1554200,1021384,168548,5188004,11064.835,2233.765,0,159.983,0,9.999,3977,1739,2.270,1.350,0.740,2,0,18.998,0,0,11,29,0,35,0
14-01 20:57:22,41.886,4.488,51.859,0,0,1556828,1018688,168556,5188064,31861.398,23710.553,0,227.382,0,24.932,5249,6841,2.270,1.350,0.740,3,0,0,0,0,11,30,0,36,0
14-01 20:57:23,64.931,27.326,8.524,0.251,0,1490392,1085048,168564,5188132,14658.961,4424.363,0,421.177,0,38.106,6228,6373,2.270,1.350,0.740,8,0,589.648,0,0,11,28,0,37,0
14-01 20:57:24,81.959,17.491,0,0,0,1671496,903920,168564,5188152,9061.464,4039.978,0,215.892,0,8.995,5484,4291,2.270,1.350,0.740,5,0,369.815,0,0,11,30,0,37,0
14-01 20:57:25,79.225,18.744,1.999,0,0,1748716,826472,168584,5188352,42023.924,37310.391,0,935.709,0,59.981,7266,8054,2.270,1.350,0.740,9,0,456.858,0,0,11,32,1,37,0
14-01 20:57:26,76.906,20.974,1.748,0,0,1590184,984724,168588,5188620,35780.385,26952.146,0,3391.865,0,144.823,7928,9686,2.570,1.430,0.770,6,0,257.686,0,0,11,28,0,38,0
14-01 20:57:27,82.159,14.528,4.008,0,0,1657704,917192,168588,5188632,13172.489,6058.724,0,196.380,0,9.017,5140,3125,2.570,1.430,0.770,2,0,181.351,0,0,11,30,1,38,0
14-01 20:57:28,72.234,7.748,18.496,0,0,1689736,884948,168596,5188836,43815.470,35496.279,0,127.972,0,7.998,8027,11031,2.570,1.430,0.770,4,0,0,0,0,11,33,0,38,0
14-01 20:57:29,50.665,20.466,28.452,0,0,1477920,1096676,168604,5188912,28432.230,19693.912,0,147.752,0,11.980,8281,10764,2.570,1.430,0.770,2,0,552.072,0,0,11,28,0,41,0
14-01 20:57:30,27.012,33.515,38.768,0,0,1486620,1087932,168604,5188952,9157.163,1620.737,0,220.100,0,21.010,6609,5815,2.570,1.430,0.770,5,0,842.383,0,0,11,28,0,41,0
14-01 20:57:31,76.372,15.274,8.013,0,0,1572724,1001800,168604,5188980,13067.866,7587.115,0,180.288,0,7.011,4908,3106,2.680,1.470,0.780,3,0,208.333,0,0,11,30,0,41,0
14-01 20:57:32,59.004,7.751,33.002,0.250,0,1571200,1003096,168624,5189180,29888.136,24574.756,0,1776.127,0,172.012,6492,9209,2.680,1.470,0.780,5,0,67.005,0,0,11,30,0,43,0
14-01 20:57:33,74.491,19.248,5.499,0,0,1515484,1058764,168644,5189208,10220.728,5519.313,0,419.948,0,39.995,5811,4795,2.680,1.470,0.780,4,0,200.975,0,0,11,28,0,45,0
14-01 20:57:34,67.095,6.734,25.441,0,0,1590384,983824,168648,5189240,30854.946,22337.560,0,211.513,0,10.975,5056,5252,2.680,1.470,0.780,4,0,0,0,0,11,32,0,45,0
14-01 20:57:35,53.309,6.757,39.543,0.250,0,1591484,982312,168652,5189644,82670.928,38294.119,0,252.277,0,21.023,10664,17744,2.680,1.470,0.780,5,0,0,0,0,11,31,0,45,0
14-01 20:57:36,71.837,14.267,13.266,0.250,0,1492844,1080844,168688,5189708,61310.218,17703.430,0,1569.900,0,50.061,9098,11213,2.870,1.530,0.810,4,0,120.145,0,0,11,28,0,45,0
14-01 20:57:37,73.717,8.746,17.492,0,0,1587772,985904,168692,5189716,16720.512,12764.284,0,139.937,0,9.996,4880,3161,2.870,1.530,0.810,3,0,0,0,0,11,31,0,45,0
14-01 20:57:38,56.994,6.749,35.746,0,0,1590516,982908,168696,5189952,44986.967,33624.238,0,143.984,0,8.999,7936,13113,2.870,1.530,0.810,4,0,5.999,0,0,11,32,0,45,0
14-01 20:57:39,56.775,10.255,31.764,0.250,0,1558536,1014632,168700,5190196,42410.014,33802.155,0,140.063,0,10.004,10429,15554,2.870,1.530,0.810,5,0,103.046,0,0,11,29,0,48,0
14-01 20:57:40,77.507,16.501,5.750,0,0,1535876,1037268,168700,5190224,11700.999,6723.574,0,148.013,0,8.001,5015,3239,2.870,1.530,0.810,5,0,157.013,0,0,11,29,0,49,0
14-01 20:57:41,65.457,6.246,28.232,0,0.250,1590080,982876,168700,5190408,32759.540,26186.846,0,107.929,0,6.995,5668,7908,2.960,1.570,0.820,2,0,0.999,0,0,11,32,0,49,0
14-01 20:57:42,64.006,12.001,23.752,0,0,1544504,1028220,168700,5190628,32481.800,24808.138,0,244.021,0,23.002,8165,12573,2.960,1.570,0.820,3,0,98.008,0,0,11,29,0,51,0
14-01 20:57:43,76.780,11.004,11.755,0,0,1571176,1001476,168744,5190652,14393.659,10467.115,0,2540.999,0,174.068,5611,4746,2.960,1.570,0.820,2,0,30.012,0,0,11,31,0,51,0
14-01 20:57:44,62.665,12.733,23.219,0,0,1579396,993200,168760,5190692,27422.022,17777.028,0,335.548,0,40.945,6264,6919,2.960,1.570,0.820,3,0,119.838,0,0,11,30,0,53,0
14-01 20:57:45,68.654,6.990,23.717,0,0,1595996,976372,168768,5190904,35278.527,27422.544,0,311.563,0,22.968,6123,10351,2.960,1.570,0.820,5,0,0.999,0,0,11,33,0,54,0
14-01 20:57:46,65.911,12.233,21.221,0,0,1561208,1011088,168776,5190944,30514.638,21567.765,0,175.762,0,12.982,7641,10548,2.880,1.580,0.830,4,0,143.805,0,0,11,33,0,54,0
14-01 20:57:47,77.307,13.805,9.287,0,0,1542712,1029568,168776,5190960,15219.516,9636.316,0,3349.318,0,169.675,5353,3580,2.880,1.580,0.830,3,0,86.343,0,0,11,34,0,55,0
14-01 20:57:48,67.398,9.236,22.216,0,0,1593444,978656,168776,5191140,26265.210,20269.293,0,115.825,0,6.989,5928,6478,2.880,1.580,0.830,4,0,33.949,0,0,11,34,0,57,0
14-01 20:57:49,65.116,13.274,21.538,0.250,0,1549108,1022924,168784,5191196,26461.226,18079.267,0,252.451,0,28.050,6240,7946,2.880,1.580,0.830,5,0,171.306,0,0,11,33,0,59,0
14-01 20:57:50,51.402,10.231,37.429,0.250,0,1579632,992360,168796,5191216,16724.266,10064.902,0,407.227,0,35.932,4291,3662,2.880,1.580,0.830,2,0,60.884,0,0,11,33,0,59,0
14-01 20:57:51,52.720,7.995,38.978,0,0,1576620,995180,168796,5191408,17580.856,12047.049,0,231.866,0,16.990,4918,4910,2.810,1.590,0.840,4,0,60.965,0,0,11,33,0,59,1
14-01 20:57:52,52.802,10.010,36.536,0,0,1565852,1005788,168796,5191568,23990.561,16001.715,0,196.193,0,9.009,5741,5738,2.810,1.590,0.840,2,0,96.094,0,0,11,33,0,61,0
14-01 20:57:53,50.458,11.990,37.219,0,0,1560704,1010900,168796,5191604,19386.882,12819.342,0,115.904,0,7.993,4932,4898,2.810,1.590,0.840,2,0,85.929,0,0,11,33,0,62,0
14-01 20:57:54,51.728,7.497,39.733,0,0,1555412,1016120,168796,5191668,21638.604,13409.177,0,219.905,0,16.993,4873,5081,2.810,1.590,0.840,1,0,85.963,0,0,11,34,0,58,0
14-01 20:57:55,29.688,6.237,63.117,0,0,1538176,1033272,168800,5191756,23538.454,15204.995,0,770.378,0,70.851,5387,6767,2.810,1.590,0.840,2,0,66.859,0,0,11,33,0,59,0
14-01 20:57:56,38.036,9.259,51.798,0.250,0,1530848,1040580,168812,5191764,10454.777,4372.089,0,236.221,0,23.022,3591,2735,2.750,1.600,0.840,2,0,68.064,0,0,11,33,0,60,0
14-01 20:57:57,34.607,3.511,60.938,0,0,1519656,1051752,168812,5191784,23801.326,13577.830,0,140.433,0,8.025,3503,3573,2.750,1.600,0.840,2,0,0,0,0,11,33,0,61,0
14-01 20:57:58,36.588,9.707,53.015,0,0,1480596,1090684,168812,5191908,12180.002,5692.762,0,187.170,0,15.929,4659,4702,2.750,1.600,0.840,3,0,137.391,0,0,11,32,0,59,0
14-01 20:57:59,37.253,5.250,56.505,0.250,0,1487556,1083576,168816,5192052,16497.328,8833.711,0,312.025,0,27.002,3615,3124,2.750,1.600,0.840,2,0,0,0,0,11,33,0,60,0
14-01 20:58:00,33.063,7.765,58.862,0.250,0,1518200,1052900,168820,5192080,14798.244,10336.728,0,264.505,0,15.029,4449,4301,2.750,1.600,0.840,3,0,60.115,0,0,11,33,0,60,0
14-01 20:58:01,38.033,5.755,55.299,0,0,1498376,1072568,168832,5192220,17653.487,9307.165,0,308.270,0,23.020,3793,3624,2.610,1.590,0.840,4,0,6.005,0,0,11,33,0,61,0
14-01 20:58:02,33.555,7.012,59.098,0,0,1500832,1070080,168836,5192248,18500.570,12835.209,0,148.245,0,10.017,3825,4357,2.610,1.590,0.840,2,0,43.071,0,0,11,33,0,61,0
14-01 20:58:03,34.949,5.492,58.913,0,0,1475512,1095376,168840,5192268,12781.213,7869.433,0,263.613,0,24.963,3239,3304,2.610,1.590,0.840,3,0,4.993,0,0,11,33,0,62,0
14-01 20:58:04,33.824,3.758,61.886,0,0,1491804,1079056,168840,5192296,17026.445,14912.797,0,144.317,0,9.020,3976,4323,2.610,1.590,0.840,2,0,0,0,0,11,34,0,62,0
14-01 20:58:05,24.970,12.235,61.176,0.250,0,1412720,1158040,168848,5192384,53666.110,8141.156,0,463.440,0,33.959,5697,6021,2.610,1.590,0.840,1,0,276.665,0,0,11,32,0,64,0
14-01 20:58:06,21.190,4.238,73.543,0,0,1396484,1174268,168856,5192384,44427.782,1615.447,0,139.607,0,9.972,2041,1320,2.480,1.580,0.850,3,0,4.986,0,0,11,32,0,58,0
14-01 20:58:07,16.297,2.006,80.985,0.251,0,1399232,1171376,168856,5192528,18888.725,9697.095,0,1275.696,0,14.041,2770,3091,2.480,1.580,0.850,1,0,0,0,0,11,33,0,58,0
14-01 20:58:08,12.492,11.993,73.705,0,0,1409528,1161036,168880,5192548,10562.588,4001.571,0,3341.971,0,199.879,4965,4393,2.480,1.580,0.850,2,0,283.828,0,0,11,32,0,59,0
14-01 20:58:09,20.953,3.492,75.081,0,0,1459560,1111004,168880,5192548,10008.481,2368.670,0,0,0,0,1638,1204,2.480,1.580,0.850,3,0,0,0,0,11,33,0,59,0
14-01 20:58:10,14.766,2.252,81.837,0,0,1449460,1121084,168880,5192568,16611.594,10722.356,0,124.131,0,6.006,2891,3456,2.480,1.580,0.850,1,0,0,0,0,11,33,0,56,0
14-01 20:58:11,20.303,6.016,73.693,0,0,1451504,1119036,168880,5192572,7238.967,2512.583,0,4.011,0,1.003,2648,2151,2.360,1.570,0.850,1,0,47.123,0,0,11,32,0,57,0
14-01 20:58:12,17.955,2.494,79.052,0.249,0,1465832,1104700,168880,5192576,12758.989,7269.761,0,75.810,0,3.990,1953,1648,2.360,1.570,0.850,3,0,0,0,0,11,33,0,57,0
14-01 20:58:13,23.046,5.010,70.640,0.250,0,1403436,1167032,168892,5192624,19944.526,10089.996,0,204.405,0,24.048,5554,13428,2.360,1.570,0.850,1,0,44.087,0,0,11,32,0,58,0
14-01 20:58:14,10.998,24.245,63.237,0,0,1406336,1163972,168892,5192780,7198.536,1619.671,0,399.919,0,22.995,6650,5293,2.360,1.570,0.850,2,0,595.879,0,0,11,32,0,56,0
14-01 20:58:15,43.579,6.973,48.559,0,0,1507560,1062316,168964,5193128,9424.971,1452.294,0,314.763,0,12.949,3134,1731,2.360,1.570,0.850,2,0,21.914,0,0,11,32,0,56,0
14-01 20:58:16,39.612,6.518,47.133,6.268,0,1539660,1023684,169748,5198320,6198.509,1624.589,0,17144.429,0,1631.609,11862,15560,2.730,1.660,0.880,2,1,86.244,0,0,11,36,0,56,0
14-01 20:58:17,39.067,8.515,41.070,10.518,0,1500164,1058668,170664,5201780,9143.576,1622.764,0,55226.079,0,4475.624,21344,31559,2.730,1.660,0.880,3,1,82.140,0,0,11,36,0,56,0
14-01 20:58:18,43.524,6.754,46.276,2.752,0,1531356,1028172,170748,5200992,8825.967,1620.912,0,17305.739,0,1319.743,8674,10728,2.730,1.660,0.880,3,0,10.006,0,0,11,32,0,55,0
14-01 20:58:19,41.982,6.247,46.730,3.249,0.250,1554984,1004168,170912,5201196,6375.225,1619.295,0,5813.469,0,929.595,8530,10595,2.730,1.660,0.880,1,1,1.999,0,0,11,34,0,51,0
14-01 20:58:20,35.718,10.491,46.958,5.495,0,1533872,1024652,171212,5201508,9312.724,1618.562,0,16441.388,0,2024.201,14150,18839,2.730,1.660,0.880,1,2,101.909,0,0,11,32,0,51,0
14-01 20:58:21,22.448,2.993,72.333,0.499,0,1483548,1074924,171248,5201520,9262.628,1616.271,0,3479.970,0,236.454,2428,1920,2.590,1.650,0.880,3,0,1.995,0,0,11,32,0,51,0
14-01 20:58:22,23.239,3.498,73.215,0.250,0,1519676,1038768,171276,5201520,7005.616,1619.218,0,1307.369,0,68.967,2067,1562,2.590,1.650,0.880,2,0,1.999,0,0,11,32,0,51,0
14-01 20:58:23,22.499,3.500,72.746,0.500,0,1513152,1045196,171352,5201540,11757.302,1619.904,0,5327.684,0,298.982,2692,2500,2.590,1.650,0.880,2,0,1.000,0,0,11,32,0,47,0
14-01 20:58:24,23.520,3.003,73.312,0,0,1537140,1021196,171352,5201552,7517.403,1459.243,0,0,0,0,1816,1150,2.590,1.650,0.880,2,0,2.002,0,0,11,32,0,47,0
14-01 20:58:25,22.275,3.504,73.832,0,0,1494016,1064320,171352,5201552,9213.255,1621.805,0,8.009,0,2.002,1873,1303,2.590,1.650,0.880,5,0,1.001,0,0,11,32,0,47,0
14-01 20:58:26,22.995,2.749,73.234,0.250,0,1524268,1033984,171360,5201620,10686.678,1619.648,0,1719.626,0,190.959,2106,1081,2.460,1.630,0.880,2,0,2.000,0,0,11,32,0,47,0
14-01 20:58:27,23.010,2.751,74.032,0,0,1495068,1063180,171360,5201624,7691.291,1620.693,0,96.041,0,2.001,1812,1237,2.460,1.630,0.880,2,0,1.000,0,0,11,32,0,46,0
14-01 20:58:28,22.773,3.003,73.574,0,0,1467928,1090232,171360,5201712,9912.948,1621.627,0,0,0,0,1758,1057,2.460,1.630,0.880,1,0,3.003,0,0,11,32,0,46,0
14-01 20:58:29,21.701,3.741,73.582,0.249,0,1469092,1089020,171380,5201732,5994.354,1616.321,0,315.282,0,11.973,1943,1659,2.460,1.630,0.880,2,0,0,0,0,11,32,0,46,0
14-01 20:58:30,22.005,3.501,73.265,0,0,1463532,1094564,171384,5201744,7203.495,1620.336,0,320.066,0,22.005,1875,1350,2.460,1.630,0.880,3,0,1.000,0,0,11,32,0,46,0
14-01 20:58:31,22.723,3.496,73.662,0,0,1454156,1103912,171384,5201764,9270.944,1618.070,0,3.995,0,0.999,1904,1147,2.350,1.620,0.880,2,0,3.995,0,0,11,32,0,41,0
14-01 20:58:32,21.793,4.258,73.897,0,0,1510200,1047856,171388,5201772,8996.854,1460.899,0,0,0,0,1825,1315,2.350,1.620,0.880,2,0,0,0,0,11,32,0,41,0
14-01 20:58:33,22.483,3.248,73.195,0,0,1480252,1077780,171392,5201792,9355.990,1618.787,0,3.997,0,0.999,1844,1268,2.350,1.620,0.880,3,0,0.999,0,0,11,32,0,41,0
14-01 20:58:34,22.739,2.749,73.715,0,0,1504180,1053840,171392,5201804,7657.347,1619.227,0,0,0,0,1835,1127,2.350,1.620,0.880,2,0,1.999,0,0,11,32,0,41,0
14-01 20:58:35,9.274,19.800,69.677,0,0,1468784,1089060,171392,5201944,41163.425,1624.120,0,529.343,0,6.015,5700,4143,2.350,1.620,0.880,1,0,404.025,0,0,11,32,0,37,0
14-01 20:58:36,8.491,21.728,69.928,0,0,1427732,1129908,171400,5202120,43400.315,1618.334,0,1062.906,0,17.981,6223,4685,2.160,1.600,0.880,5,0,462.524,0,0,11,32,0,37,0
14-01 20:58:37,8.510,20.524,69.081,0,0,1424784,1132824,171400,5202148,7543.833,1621.899,0,92.108,0,2.002,6109,4626,2.160,1.600,0.880,1,0,446.523,0,0,11,32,0,37,0
14-01 20:58:38,20.189,7.228,72.032,0,0,1464512,1093072,171400,5202140,9177.213,1615.110,0,0,0,0,2605,1817,2.160,1.600,0.880,2,0,66.798,0,0,11,32,0,37,0
14-01 20:58:39,22.503,3.000,73.258,0.250,0,1496600,1060976,171408,5202140,9915.147,1620.187,0,816.094,0,120.014,2136,1471,2.160,1.600,0.880,3,0,2.000,0,0,11,32,0,36,0
14-01 20:58:40,22.476,3.496,73.420,0,0,1491776,1065800,171412,5202136,9061.168,1456.420,0,347.623,0,23.974,1943,1443,2.160,1.600,0.880,2,0,0.999,0,0,11,32,0,36,0
14-01 20:58:41,23.262,2.251,73.788,0,0,1514948,1042608,171412,5202156,7734.943,1620.826,0,20.010,0,1.001,1834,1184,2.070,1.590,0.880,2,0,3.002,0,0,11,32,0,36,0
14-01 20:58:42,21.996,3.999,73.736,0,0,1462412,1095156,171412,5202144,5902.871,1661.682,0,0,0,0,1733,1253,2.070,1.590,0.880,2,0,1.000,0,0,11,32,0,36,0
14-01 20:58:43,22.058,3.760,73.944,0,0,1459572,1097984,171412,5202156,6619.337,1624.254,0,16.042,0,2.005,1773,1115,2.070,1.590,0.880,4,0,3.008,0,0,11,32,0,31,0
14-01 20:58:44,22.216,2.995,73.639,0,0,1465356,1092216,171412,5202140,9350.885,1659.495,0,0,0,0,1784,1224,2.070,1.590,0.880,2,0,0,0,0,11,32,0,31,0
14-01 20:58:45,22.789,3.506,73.625,0,0,1455552,1102000,171412,5202160,8296.069,1622.752,0,28.048,0,2.003,1797,1124,2.070,1.590,0.880,1,0,3.005,0,0,11,32,0,31,0
14-01 20:58:46,21.763,4.002,73.796,0,0,1473996,1083564,171412,5202152,10195.308,1621.003,0,1813.122,0,11.007,1921,1362,1.980,1.580,0.880,2,0,2.001,0,0,11,32,0,31,0
14-01 20:58:47,22.962,2.745,73.628,0,0,1466760,1090788,171412,5202164,6592.078,1617.320,0,11.980,0,0.998,1712,1055,1.980,1.580,0.880,3,0,0.998,0,0,11,32,0,25,0
14-01 20:58:48,22.000,3.750,73.749,0,0,1484248,1073324,171412,5202140,9707.917,1457.988,0,0,0,0,1788,1253,1.980,1.580,0.880,2,0,2.000,0,0,11,32,0,25,0
14-01 20:58:49,23.247,2.750,73.491,0.250,0,1471176,1086452,171412,5202084,8710.931,1619.801,0,207.974,0,11.999,1964,1512,1.980,1.580,0.880,2,0,1.000,0,0,11,32,0,25,0
14-01 20:58:50,21.724,3.746,73.163,0,0,1488244,1069384,171412,5202084,6155.658,1618.070,0,299.643,0,21.974,1907,1387,1.980,1.580,0.880,5,0,1.998,0,0,11,32,0,25,0
14-01 20:58:51,23.028,2.753,73.590,0,0,1466388,1091164,171412,5202160,6000.348,1621.986,0,388.476,0,3.004,1840,1317,1.900,1.570,0.880,3,0,2.002,0,0,11,32,0,19,0
14-01 20:58:52,22.006,4.001,73.770,0,0,1448204,1109356,171412,5202152,11273.996,1620.431,0,12.003,0,1.000,1838,1329,1.900,1.570,0.880,5,0,1.000,0,0,11,32,0,19,0
14-01 20:58:53,22.501,3.500,73.504,0,0,1461588,1095972,171412,5202152,8101.414,1620.083,0,0,0,0,1835,1206,1.900,1.570,0.880,2,0,2.000,0,0,11,32,0,19,0
14-01 20:58:54,22.000,3.250,73.751,0,0,1439676,1117884,171412,5202152,9494.105,1620.018,0,20.000,0,1.000,1818,1263,1.900,1.570,0.880,3,0,1.000,0,0,11,32,0,19,0
14-01 20:58:55,23.251,3.000,73.252,0,0,1458868,1098640,171412,5202204,12217.272,1620.036,0,204.005,0,39.001,1947,1206,1.900,1.570,0.880,2,0,1.000,0,0,11,32,0,14,0
14-01 20:58:56,22.248,4.000,72.994,0,0,1472348,1085172,171412,5202192,10094.207,1457.885,0,151.988,0,6.000,1931,1384,1.830,1.560,0.880,2,0,2.000,0,0,11,32,0,14,0
14-01 20:58:57,19.043,8.770,71.662,0.501,0,1445456,1111988,171448,5202232,11214.424,1623.681,0,4871.043,0,223.507,3614,3115,1.830,1.560,0.880,1,0,155.352,0,0,11,32,0,14,0
14-01 20:58:58,13.245,15.494,70.222,0,0.250,1460144,1097280,171448,5202252,7488.998,1713.313,0,139.944,0,6.997,4630,3388,1.830,1.560,0.880,1,0,304.878,0,0,11,32,0,14,0
14-01 20:58:59,22.976,2.997,73.422,0.499,0,1497740,1059648,171452,5202284,11126.231,1618.288,0,171.818,0,11.987,1992,1442,1.830,1.560,0.880,1,0,0,0,0,11,32,0,10,0
14-01 20:59:00,22.733,2.998,73.694,0,0,1425704,1131448,171452,5202516,8310.634,1618.760,0,407.688,0,19.985,1911,1263,1.830,1.560,0.880,1,0,8.993,0,0,11,32,0,10,0
14-01 20:59:01,24.014,2.001,73.293,0,0,1470068,1087084,171452,5202516,6183.596,1620.943,0,60.035,0,5.003,1770,1093,1.760,1.550,0.880,2,0,1.001,0,0,11,32,0,10,0
14-01 20:59:02,8.767,22.545,67.635,0,0,1380876,1176128,171452,5202664,8741.383,1623.228,40.080,581.156,2.004,82.163,6226,4667,1.760,1.550,0.880,1,0,478.952,0,0,11,32,0,10,0
14-01 20:59:03,8.500,21.999,68.748,0,0,1374808,1182152,171452,5202696,9045.757,1619.956,0,255.993,0,6.000,6419,4962,1.760,1.550,0.880,1,0,515.986,0,0,11,32,0,10,0
14-01 20:59:04,8.999,22.246,67.989,0,0,1371160,1185768,171452,5202728,9290.502,1511.756,0,443.928,0,5.999,6435,4937,1.760,1.550,0.880,1,0,516.917,0,0,11,32,0,7,0
14-01 20:59:05,8.499,21.996,68.238,0,0,1363720,1193176,171452,5202756,42162.894,1565.736,0,1339.774,0,42.993,6268,4600,1.760,1.550,0.880,1,0,474.920,0,0,11,32,0,7,0
14-01 20:59:06,8.242,22.727,68.182,0,0,1369996,1186856,171456,5202780,36689.374,1618.384,0,1426.576,0,15.984,6386,4982,1.780,1.560,0.890,2,0,532.468,0,0,11,32,0,7,0
14-01 20:59:07,9.005,20.010,69.286,0,0,1364792,1192028,171456,5202808,14056.231,1620.834,0,772.397,0,13.007,5958,4326,1.780,1.560,0.890,1,0,413.213,0,0,11,32,0,7,0
14-01 20:59:08,7.756,21.268,69.557,0,0,1364012,1192776,171456,5202840,8383.912,1621.337,0,192.158,0,8.007,6166,4650,1.780,1.560,0.890,2,0,467.385,0,0,11,32,0,5,0
14-01 20:59:09,7.996,22.238,68.212,0,0,1335984,1220756,171456,5202884,6900.133,1619.093,0,487.727,0,25.985,6394,5133,1.780,1.560,0.890,1,0,501.719,0,0,11,32,0,5,0
14-01 20:59:10,8.750,20.999,69.246,0,0,1300896,1255780,171472,5202912,8852.541,1619.916,0,511.973,0,30.998,6090,4731,1.780,1.560,0.890,1,0,431.978,0,0,11,32,0,5,0
14-01 20:59:11,29.760,30.010,39.013,0.500,0,1367516,1189084,171504,5202948,7780.528,1620.527,0,1516.493,0,170.055,7609,6739,1.880,1.580,0.900,4,0,784.255,0,0,11,32,0,10,0
14-01 20:59:12,65.270,10.503,24.007,0.250,0,1562952,992624,171604,5203756,9532.858,1620.486,0,360.108,0,18.005,3978,2162,1.880,1.580,0.900,3,0,35.010,0,0,11,32,0,9,0
14-01 20:59:13,58.964,10.244,21.737,7.995,0,1629848,915352,172480,5212172,9322.379,1457.121,371.776,27087.668,2.998,2140.709,15067,30944,1.880,1.580,0.900,2,1,104.937,0,0,11,38,0,11,0
14-01 20:59:14,39.762,13.754,30.759,12.504,0,1643948,888548,173268,5223676,5946.761,1620.480,0,89734.576,0,6500.925,27480,46213,1.880,1.580,0.900,2,1,168.050,0,0,11,36,0,11,0
14-01 20:59:15,42.724,9.994,30.981,13.742,0,1643632,877264,173684,5234432,14884.893,6722.887,0,100782.340,0,7488.418,29355,47410,1.880,1.580,0.900,4,1,68.958,0,0,11,37,0,11,0
14-01 20:59:16,42.514,14.505,29.760,10.753,0,1521300,990972,174328,5242092,12431.021,5861.896,0,65065.047,0,4699.520,23698,35087,1.970,1.600,0.910,3,0,204.066,0,0,11,34,0,9,0
14-01 20:59:17,42.013,19.506,25.258,12.254,0,1549012,953936,174732,5250740,9263.921,1620.511,372.117,60671.133,6.002,4132.303,21323,31860,1.970,1.600,0.910,3,1,236.074,0,0,11,34,0,9,0
14-01 20:59:18,41.003,16.001,30.252,11.251,0,1566532,933840,175048,5252812,17091.365,9751.779,756.060,46444.709,17.001,3846.307,20303,33800,1.970,1.600,0.910,3,1,179.014,0,0,11,35,0,9,0
14-01 20:59:19,34.499,13.249,35.248,13.999,0,1578272,919928,175056,5254868,20620.110,12432.464,1043.955,52185.749,17.999,4234.817,22799,35544,1.970,1.600,0.910,0,1,161.993,0,0,11,35,0,9,0
14-01 20:59:20,36.503,10.251,39.003,11.501,0,1542104,955484,175368,5255152,9167.786,2217.190,0,54188.644,0,4400.377,23585,32726,1.970,1.600,0.910,2,0,57.005,0,0,11,34,0,9,0
14-01 20:59:21,33.743,6.749,44.990,11.747,0,1563328,933328,175664,5255776,12179.388,6659.572,0,48581.580,0,4323.073,23530,33376,2.130,1.640,0.930,1,1,36.992,0,0,11,35,0,9,0
14-01 20:59:22,37.254,7.001,45.755,9.251,0,1558224,935900,175764,5258148,15280.781,8546.996,0,42933.004,0,3987.465,20543,31411,2.130,1.640,0.930,2,1,45.005,0,0,11,35,0,9,0
14-01 20:59:23,29.999,9.500,45.999,12.000,0,1500168,991224,175852,5260716,18799.516,9711.750,0,55886.562,0,4729.878,23996,37131,2.130,1.640,0.930,3,0,124.997,0,0,11,36,0,10,0
14-01 20:59:24,35.720,9.742,39.217,12.739,0,1531464,956040,176084,5264220,10479.238,1618.647,0,72215.620,0,5540.368,26796,37657,2.130,1.640,0.930,3,0,65.945,0,0,11,36,0,10,0
14-01 20:59:25,30.520,7.755,45.279,14.259,0,1548700,935164,176212,5267636,16262.565,8469.502,0,58129.763,0,4790.112,25103,36773,2.130,1.640,0.930,3,0,93.060,0,0,11,37,0,10,0
14-01 20:59:26,30.257,8.502,46.760,12.003,0,1548248,933148,176264,5269992,18838.209,12082.699,0,69031.423,0,5472.223,26776,42395,2.120,1.650,0.930,2,0,55.012,0,0,11,37,0,10,0
14-01 20:59:27,34.245,9.498,42.493,11.748,0,1543060,943400,176288,5264904,12345.035,3714.409,0,39145.768,0,3933.374,22035,33131,2.120,1.650,0.930,6,0,50.992,0,0,11,36,0,10,0
14-01 20:59:28,37.747,6.250,47.497,6.750,0,1439592,1046404,176344,5265304,14249.002,6660.534,0,41089.123,0,3028.788,15705,22296,2.120,1.650,0.930,5,0,43.997,0,0,11,33,0,12,0
14-01 20:59:29,19.256,9.253,69.772,0.750,0,1436848,1048956,176344,5265496,16397.130,10223.198,0,4197.313,0,265.083,6047,7302,2.120,1.650,0.930,1,0,195.061,0,0,11,33,0,12,0
14-01 20:59:30,16.711,5.238,76.572,0.499,0,1412072,1073704,176344,5265524,17554.251,8278.782,0,1057.545,0,59.861,4178,4715,2.120,1.650,0.930,2,0,54.873,0,0,11,32,0,13,0
14-01 20:59:31,20.981,3.497,74.433,0,0,1457604,1028160,176352,5265528,8285.586,2918.388,0,1027.081,0,58.947,1954,1568,2.030,1.640,0.940,2,0,0.999,0,0,11,33,0,13,0
14-01 20:59:32,17.295,2.005,79.959,0.251,0,1448608,1037136,176352,5265548,15805.332,8972.463,0,774.024,0,37.097,3090,3652,2.030,1.640,0.940,1,0,0,0,0,11,32,0,14,0
14-01 20:59:33,20.704,5.238,73.087,0,0,1428464,1057312,176352,5265544,9855.020,1616.395,0,462.967,0,21.951,2197,1697,2.030,1.640,0.940,1,0,35.920,0,0,11,32,0,14,0
14-01 20:59:34,15.737,1.749,81.431,0.250,0,1438828,1046940,176352,5265552,14173.048,8399.916,0,487.589,0,30.974,2368,2600,2.030,1.640,0.940,2,0,0,0,0,11,32,0,15,0
14-01 20:59:35,18.312,7.525,73.247,0,0,1465360,1020404,176352,5265556,45589.429,1625.470,0,381.283,0,25.084,2723,1912,2.030,1.640,0.940,1,0,60.203,0,0,11,32,0,15,0
14-01 20:59:36,17.961,1.996,78.827,0.249,0,1475796,1009620,176352,5265904,37916.872,7380.819,0,339.256,0,23.947,2222,1984,1.870,1.610,0.930,2,0,0.998,0,0,11,33,0,15,0
14-01 20:59:37,17.997,5.749,74.736,0.250,0,1456148,1029248,176352,5265924,23184.536,6397.768,0,4227.186,0,325.937,4345,4500,1.870,1.610,0.930,1,0,42.992,0,0,11,32,0,16,0
14-01 20:59:38,18.262,3.252,77.551,0,0,1462648,1022736,176352,5265928,11600.701,3911.597,0,92.061,0,5.003,1823,1255,1.870,1.610,0.930,1,0,6.004,0,0,11,33,0,16,0
14-01 20:59:39,16.779,2.504,80.387,0,0.250,1453932,1031304,176352,5266076,17992.577,9950.911,0,72.123,0,9.015,3366,4106,1.870,1.610,0.930,0,0,0,0,0,11,33,0,16,0
14-01 20:59:40,10.995,17.493,69.720,0,0,1416196,1068888,176352,5266228,7562.788,1817.228,0,211.910,0,12.994,5509,4095,1.870,1.610,0.930,1,0,407.827,0,0,11,32,0,17,0
14-01 20:59:41,41.442,18.225,38.696,0.250,0,1441084,1043788,176364,5266428,8960.545,1659.693,0,774.923,0,56.921,6190,4868,1.880,1.620,0.940,3,0,389.459,0,0,11,32,0,23,0
14-01 20:59:42,67.052,8.757,24.519,0.250,0,1595292,888108,176432,5267716,11862.214,1663.292,0,1377.070,0,21.016,3927,1562,1.880,1.620,0.940,3,0,3.002,0,0,11,32,0,23,0
14-01 20:59:43,67.596,7.010,24.285,0.250,0,1747448,731672,176584,5271476,9676.812,1622.316,0,6541.336,0,183.262,4333,2000,1.880,1.620,0.940,3,0,6.009,0,0,11,32,0,23,0
14-01 20:59:44,40.750,9.000,38.750,9.750,0.250,1760648,705240,176684,5284068,7937.071,1620.015,0,69204.623,0,5178.047,25707,37307,1.880,1.620,0.940,2,0,222.002,0,0,11,38,0,23,0
14-01 20:59:45,26.246,10.248,44.993,16.498,0,1760624,694908,176720,5293976,6093.086,1619.757,0,103232.519,0,7463.881,32298,50840,1.880,1.620,0.940,0,2,206.969,0,0,11,38,0,23,0
14-01 20:59:46,40.002,8.750,35.501,14.001,0.250,1682480,765292,176772,5301464,11053.428,1620.063,0,87495.388,0,6641.257,31118,47011,1.890,1.620,0.940,2,1,174.007,0,0,11,36,0,23,0
14-01 20:59:47,41.498,11.749,31.248,12.749,0,1680904,755788,176804,5312116,8803.514,1457.919,0,80683.544,0,5930.672,28516,42563,1.890,1.620,0.940,2,2,216.988,0,0,11,36,0,23,0
14-01 20:59:48,44.997,11.499,28.998,12.499,0,1735228,689764,176816,5323336,5740.679,1619.909,0,105758.090,0,6626.630,26082,42785,1.890,1.620,0.940,3,0,0,0,0,11,36,0,23,0
14-01 20:59:49,40.753,10.001,33.502,13.501,0,1700192,718032,176848,5329872,9591.603,1620.102,0,85537.380,0,6150.387,28908,42877,1.890,1.620,0.940,5,2,114.007,0,0,11,36,0,23,0
14-01 20:59:50,39.507,8.501,41.507,9.252,0,1537576,878160,176864,5332280,8476.489,1620.285,0,50376.852,0,3940.692,19609,27011,1.890,1.620,0.940,2,0,149.026,0,0,11,32,0,23,0
14-01 20:59:51,19.200,9.974,69.568,0.249,0,1441572,974136,176864,5332304,9082.199,1615.766,0,1260.696,0,70.814,3447,2714,1.820,1.610,0.940,1,0,196.485,0,0,11,32,0,23,0
14-01 20:59:52,23.014,2.752,72.794,0.500,0,1486872,928828,176868,5332304,10550.411,1620.985,0,3722.262,0,199.121,2489,2129,1.820,1.610,0.940,2,0,0,0,0,11,32,0,23,0
14-01 20:59:53,22.797,4.008,73.152,0.251,0,1437596,978096,176868,5332312,6776.110,1623.380,0,188.392,0,13.027,2616,2076,1.820,1.610,0.940,3,0,29.061,0,0,11,32,0,23,0
14-01 20:59:54,22.193,2.992,73.313,0,0,1475024,940668,176868,5332312,10633.898,1615.882,0,43.888,0,4.987,1911,1253,1.820,1.610,0.940,4,0,0.997,0,0,11,32,0,23,0
14-01 20:59:55,22.996,3.499,73.486,0,0,1523212,892312,176868,5332476,12512.558,1619.684,0,3.999,0,1.000,1832,1332,1.820,1.610,0.940,3,0,2.000,0,0,11,34,0,23,0
14-01 20:59:56,18.049,20.556,59.663,0.501,0,1451416,964060,176872,5332520,10193.866,1461.996,0,7556.657,0,381.042,6305,6117,1.670,1.590,0.940,2,0,560.532,0,0,11,32,0,23,0
14-01 20:59:57,11.239,32.217,55.693,0.250,0,1440120,975272,176872,5332572,7350.496,1618.348,0,2853.087,0,151.845,7734,6950,1.670,1.590,0.940,1,0,897.084,0,0,11,32,0,23,0
14-01 20:59:58,8.247,21.491,68.722,0.250,0,1429376,985936,176872,5332652,9491.198,1713.314,0,631.747,0,32.987,6284,4743,1.670,1.590,0.940,2,0,486.805,0,0,11,32,0,23,0
14-01 20:59:59,8.493,20.483,69.191,0,0,1400416,1014848,176872,5332688,7841.302,1618.617,0,231.802,0,20.982,5953,4599,1.670,1.590,0.940,2,0,386.670,0,0,11,32,0,23,0
14-01 21:00:00,18.011,17.261,64.290,0,0,1400960,1014244,176872,5333160,7890.971,1621.021,0,184.116,0,12.008,6609,7058,1.670,1.590,0.940,1,0,292.184,0,0,11,32,0,23,0
14-01 21:00:01,37.962,12.238,49.201,0,0,1470484,944612,176880,5333280,5926.101,1618.389,0,7.992,0,1.998,3991,2739,1.860,1.630,0.950,3,0,131.869,0,0,11,33,0,23,0
14-01 21:00:02,45.019,6.253,48.771,0,0,1566548,848484,176884,5333304,8670.686,1620.689,0,16.007,0,1.000,2793,1266,1.860,1.630,0.950,3,0,0,0,0,11,33,0,23,0
14-01 21:00:03,45.690,5.493,48.187,0.250,0,1627496,786488,176940,5334196,9549.435,1617.871,0,1426.124,0,137.819,4054,3219,1.860,1.630,0.950,4,0,18.975,0,0,11,49,0,23,0
14-01 21:00:04,27.823,13.285,57.401,0.251,0,1653924,756592,176960,5337312,8582.549,1624.267,0,4836.708,0,367.967,6414,8670,1.860,1.630,0.950,2,0,198.522,0,0,11,48,0,23,0
14-01 21:00:05,18.474,14.729,64.909,0,0,1658080,752344,176960,5337420,40805.782,1455.958,0,930.695,0,7.989,6513,8050,1.860,1.630,0.950,1,0,268.623,0,0,11,48,0,23,0
14-01 21:00:06,2.499,2.748,94.444,0.250,0,1645412,765020,176960,5337332,44131.040,1619.048,0,379.777,0,27.984,1526,1695,1.710,1.600,0.950,1,0,27.984,0,0,11,48,0,23,0
14-01 21:00:07,0.750,1.000,97.487,0,0,1643780,766652,176960,5337332,7209.030,1619.782,0,39.995,0,4.999,738,924,1.710,1.600,0.950,2,0,3.000,0,0,11,48,0,23,0
14-01 21:00:08,0.500,0,98.282,0,0,1642176,768256,176960,5337332,8079.671,1620.536,0,704.233,0,91.030,984,1004,1.710,1.600,0.950,0,0,3.001,0,0,11,48,0,23,0
14-01 21:00:09,0.500,0.750,98.466,0,0,1640156,770276,176960,5337332,5700.047,1619.445,0,0,0,0,713,980,1.710,1.600,0.950,1,0,1.000,0,0,11,48,0,23,0
14-01 21:00:10,10.501,9.501,79.006,0,0,1642360,768084,176960,5337768,9059.702,1620.126,0,0,0,0,4384,4849,1.710,1.600,0.950,4,0,200.015,0,0,11,48,0,23,0
14-01 21:00:11,15.528,13.274,70.126,0,0,1626344,784084,176960,5337340,9046.292,1622.923,0,4.007,0,1.002,5058,5973,1.810,1.620,0.960,1,0,232.419,0,0,11,48,0,23,0
14-01 21:00:12,15.229,19.723,64.161,0,0,1665100,745144,176960,5337964,9528.778,1855.425,0,3.994,0,0.999,6177,6207,1.810,1.620,0.960,2,0,363.496,0,0,12,48,0,23,0
14-01 21:00:13,20.746,15.997,61.738,0.250,0,1676844,733416,176960,5337524,7655.494,1457.713,0,3063.397,0,57.989,6259,14349,1.810,1.620,0.960,2,0,293.942,0,0,12,64,0,17,0
14-01 21:00:14,5.766,9.275,83.977,0,0,1674020,736088,176960,5338120,9788.494,1624.397,0,0,0,0,3534,3443,1.810,1.620,0.960,4,0,148.402,0,0,14,64,0,17,0
14-01 21:00:15,17.991,12.244,68.216,0,0,1638780,771316,176960,5337684,9926.084,1619.198,0,31.984,0,6.997,5872,6774,1.810,1.620,0.960,1,0,212.895,0,0,14,66,0,17,0
14-01 21:00:16,7.244,22.230,69.188,0,0,1618376,791612,176964,5337740,7565.237,1618.553,0,535.521,0,35.968,6277,4980,1.750,1.610,0.960,2,0,417.627,0,0,14,66,0,17,0
14-01 21:00:17,14.020,18.026,67.097,0,0,1620884,789088,176964,5337760,9479.674,1622.340,0,120.173,0,14.020,6073,5702,1.750,1.610,0.960,1,0,293.423,0,0,14,66,0,15,0
14-01 21:00:18,26.218,19.476,52.934,0,0,1682068,727852,176972,5337808,9378.383,1617.996,0,367.545,0,5.993,6987,7217,1.750,1.610,0.960,2,0,402.501,0,0,14,66,0,15,0
14-01 21:00:19,29.511,24.259,45.517,0,0,1774852,634896,176996,5337920,6465.435,1620.610,0,296.112,0,6.002,6868,5548,1.750,1.610,0.960,2,0,582.219,0,0,14,66,0,15,0
14-01 21:00:20,28.748,25.998,43.496,0.250,0,1866520,541672,177048,5339308,9238.255,1619.869,0,4671.623,0,339.973,7382,8286,1.750,1.610,0.960,5,0,472.962,0,0,14,70,0,17,0
14-01 21:00:21,43.993,20.247,34.244,0,0,1983736,424424,177048,5339784,10499.284,1457.762,0,35.994,0,4.999,6157,6681,1.770,1.620,0.970,6,0,221.964,0,0,14,70,0,17,0
14-01 21:00:22,68.297,26.268,5.003,0,0,2133768,273980,177060,5340160,9208.355,1711.181,0,632.436,0,9.006,5711,4679,1.770,1.620,0.970,3,0,594.410,0,0,14,70,0,17,0
14-01 21:00:23,61.940,19.231,18.982,0,0,2207308,199476,177092,5340980,10949.380,1618.430,0,1007.023,0,13.986,6746,9166,1.770,1.620,0.970,5,0,233.773,0,0,14,70,0,17,0
14-01 21:00:24,67.939,26.976,2.248,2.248,0,2279324,201572,172564,5272392,7193.518,1618.542,439.604,1610.549,48.956,109.901,6103,5446,1.770,1.620,0.970,5,0,538.515,0,0,14,74,0,17,0
14-01 21:00:25,72.401,20.472,3.995,1.997,0,2431940,187848,170508,5139200,8927.825,1617.794,275.624,7861.279,25.965,742.987,10440,14648,1.770,1.620,0.970,4,1,164.775,0,0,14,74,0,16,0
14-01 21:00:26,68.190,25.571,3.259,3.760,0,2533668,148268,170276,5078896,9096.328,1624.523,958.669,30881.989,55.154,2286.366,16555,25659,2.110,1.690,0.990,5,1,400.114,0,0,14,76,0,16,0
14-01 21:00:27,72.117,23.127,3.730,0.995,0.249,2635980,170312,169824,4958004,8852.999,1611.445,198.944,4981.552,17.905,333.231,11059,18540,2.110,1.690,0.990,8,0,332.236,0,0,14,87,0,22,0
14-01 21:00:28,59.291,20.601,18.340,0.754,0,2705040,173872,169796,4886828,9880.531,1670.204,892.383,1334.555,62.306,72.355,7528,8499,2.110,1.690,0.990,3,0,397.955,0,0,14,93,0,25,0
14-01 21:00:29,47.143,26.440,25.193,0.249,0,2816824,132816,169796,4817928,9496.476,1616.337,11.973,1073.567,2.993,62.858,8040,11271,2.110,1.690,0.990,2,0,503.858,0,0,14,93,0,25,0
14-01 21:00:30,41.297,15.017,41.297,1.752,0,2884496,134552,169796,4749792,8714.822,1529.724,532.600,884.997,6.007,46.052,6134,8129,2.110,1.690,0.990,2,1,198.223,0,0,14,95,0,23,0
14-01 21:00:31,56.494,12.999,28.747,1.750,0,3013796,137684,169804,4620484,8111.117,1619.824,1539.832,8191.108,19.998,304.967,6154,8808,2.180,1.710,1,3,0,128.986,0,0,14,98,0,26,0
14-01 21:00:32,28.061,13.279,57.375,0.501,0,3070456,147648,169824,4555168,6350.794,1713.722,8.017,1944.223,2.004,137.298,5273,4668,2.180,1.710,1,1,0,199.433,0,0,14,101,0,27,0
14-01 21:00:33,7.742,19.230,70.676,0,0,3073356,144712,169824,4555204,9657.932,1618.313,3.996,127.867,0.999,12.986,5897,4409,2.180,1.710,1,2,0,354.630,0,0,14,101,0,27,0
14-01 21:00:34,8.489,19.475,71.160,0,0,3087652,130388,169828,4555228,10899.275,1617.963,3.995,39.950,0.999,3.995,5770,4057,2.180,1.710,1,6,0,352.556,0,0,14,101,0,25,0
14-01 21:00:35,17.746,8.248,72.234,1.500,0,3128532,157004,169828,4489204,45229.076,1619.645,11.997,10721.648,2.000,541.881,3314,1959,2.180,1.710,1,2,0,83.982,0,0,14,101,0,25,0
14-01 21:00:36,17.495,2.499,78.977,0,0,3147920,137612,169828,4489208,48248.131,8070.680,0,55.984,0,1.000,2092,1726,2.250,1.740,1.020,2,0,0,0,0,14,105,0,25,0
14-01 21:00:37,19.017,7.006,73.314,0.500,0,3134068,151424,169828,4489252,26516.188,17616.405,8.007,392.343,2.002,28.025,3219,2781,2.250,1.740,1.020,2,0,64.056,0,0,14,105,0,26,0
14-01 21:00:38,20.232,3.996,74.684,0.250,0,3181872,169392,169828,4425008,10661.514,3863.563,7.993,183.836,1.998,24.978,2207,1733,2.250,1.740,1.020,1,0,8.992,0,0,14,112,0,24,0
14-01 21:00:39,18.290,3.257,76.668,0.752,0,3178460,172580,169840,4425188,10743.518,5709.498,36.079,436.957,3.007,39.086,2802,2991,2.250,1.740,1.020,2,0,1.002,0,0,14,116,0,24,0
14-01 21:00:40,23.435,4.487,68.310,2.493,0,3182260,168484,169840,4425468,6451.014,1615.496,43.878,1910.673,1.994,223.377,5354,7435,2.250,1.740,1.020,3,1,1.994,0,0,14,117,0,24,0
14-01 21:00:41,26.267,11.257,58.538,3.252,0,3239344,177008,169840,4361452,10937.102,2806.823,80.052,1168.759,5.003,113.073,5711,6269,2.140,1.720,1.010,2,0,117.076,0,0,14,122,0,26,0
14-01 21:00:42,23.968,2.746,71.404,0.499,0,3280224,136076,169840,4361496,9212.565,4044.541,23.968,2728.317,2.996,96.869,2702,2573,2.140,1.720,1.010,4,0,2.996,0,0,14,127,0,19,0
14-01 21:00:43,19.787,2.755,76.141,0.501,0,3279396,136836,169840,4361588,15660.050,7793.457,64.119,1086.015,4.007,81.151,3074,3356,2.140,1.720,1.010,2,0,1.002,0,0,14,127,0,19,0
14-01 21:00:44,27.817,6.265,63.654,1.002,0,3261912,217252,169716,4300344,8079.545,2820.824,0,5950.394,0,551.334,5471,6509,2.140,1.720,1.010,3,0,13.032,0,0,14,126,0,20,0
14-01 21:00:45,40.601,10.960,47.576,0.249,0,3358200,135272,169716,4286212,9039.873,1614.085,0,1151.779,0,61.774,3731,2412,2.140,1.720,1.010,4,0,85.686,0,0,14,126,0,20,0
14-01 21:00:46,29.259,3.751,66.519,0,0,3324980,217660,169716,4238556,29939.744,23928.989,180.053,296.086,1.000,15.004,2545,1681,2.050,1.710,1.010,2,0,6.002,0,0,14,126,0,21,0
14-01 21:00:47,20.243,5.748,72.974,0,0,3387288,155324,169716,4238568,6678.645,1457.486,0,343.879,0,18.993,2266,1655,2.050,1.710,1.010,3,0,48.983,0,0,14,126,0,21,0
14-01 21:00:48,16.302,3.762,79.502,0,0,3384560,158036,169716,4238584,31970.513,23998.199,0,252.803,0,13.041,2041,1549,2.050,1.710,1.010,1,0,13.041,0,0,14,126,0,22,0
14-01 21:00:49,20.164,5.477,73.189,0.249,0,3376808,165772,169716,4238600,9055.547,1613.150,0,776.702,0,18.920,2225,1523,2.050,1.710,1.010,2,0,37.839,0,0,14,126,0,22,0
14-01 21:00:50,16.808,3.261,79.776,0.502,0,3382312,160068,169716,4238800,12646.828,8132.183,12.042,927.213,3.010,92.320,2865,3286,2.050,1.710,1.010,2,0,1.003,0,0,14,129,0,22,0
14-01 21:00:51,24.469,8.739,64.918,0.250,0,3405860,136468,169716,4238852,12312.357,2764.488,0,1454.153,0,62.920,7176,10690,1.970,1.700,1.010,2,0,113.855,0,0,14,136,0,27,0
14-01 21:00:52,17.738,2.249,78.698,0.250,0,3423368,182248,169716,4177164,12438.800,7935.768,0,291.808,0,14.990,1802,1347,1.970,1.700,1.010,1,0,0,0,0,14,137,0,27,0
14-01 21:00:53,19.491,6.497,73.466,0,0,3406868,198708,169716,4177188,25794.982,17592.804,0,267.875,0,12.994,2736,2063,1.970,1.700,1.010,1,0,54.974,0,0,14,136,0,28,0
14-01 21:00:54,17.996,1.750,79.480,0,0,3428720,176852,169716,4177192,14784.303,7904.024,0,223.944,0,14.996,1783,1338,1.970,1.700,1.010,2,0,0,0,0,14,137,0,28,0
14-01 21:00:55,22.581,5.771,67.993,2.509,0,3425224,179860,169716,4177680,7088.378,1842.597,168.604,2930.492,13.047,341.222,6539,9316,1.970,1.700,1.010,2,1,1.004,0,0,14,138,0,29,0
14-01 21:00:56,20.451,6.734,71.577,0.249,0,3448668,156404,169716,4177692,14645.581,2853.100,0,1340.757,0,109.735,3372,3268,1.890,1.690,1.010,2,0,52.872,0,0,14,137,0,30,0
14-01 21:00:57,18.714,1.747,78.848,0.250,0,3459420,145644,169716,4177700,15532.066,9682.340,0,594.854,0,44.913,2191,1963,1.890,1.690,1.010,2,0,0.998,0,0,14,138,0,30,0
14-01 21:00:58,21.505,4.751,70.767,0.750,0,3459084,145940,169716,4177740,11721.755,3679.865,0,1636.385,0,164.039,5335,7432,1.890,1.690,1.010,3,0,1.000,0,0,14,138,0,30,0
14-01 21:00:59,32.128,8.785,58.484,0.753,0,3443608,161320,169720,4177832,8507.004,2494.973,0,1180.719,0,119.478,8465,12224,1.890,1.690,1.010,1,0,69.277,0,0,14,141,0,31,0
14-01 21:01:00,19.443,3.490,75.777,0.499,0,3464144,202948,169720,4117168,7727.228,3857.632,0,4510.707,0,258.239,2694,2659,1.890,1.690,1.010,1,0,0,0,0,14,142,0,31,0
14-01 21:01:01,18.011,2.752,75.548,2.251,0,3458460,208312,169720,4117488,17351.003,9011.715,156.099,6047.835,11.007,519.329,4698,5234,1.740,1.660,1.010,1,0,1.001,0,0,14,143,0,32,0
14-01 21:01:02,19.203,7.731,72.322,0,0,3407508,259252,169720,4117500,8415.250,1616.015,0,263.351,0,16.958,2973,2442,1.740,1.660,1.010,2,0,146.638,0,0,14,143,0,32,0
14-01 21:01:03,17.065,2.259,80.306,0,0,3422536,244196,169720,4117512,15061.402,11295.048,0,252.964,0,17.065,2040,1747,1.740,1.660,1.010,0,0,0,0,0,14,144,0,32,0
14-01 21:01:04,23.666,4.235,70.003,0.747,0,3424820,241860,169720,4117564,11762.484,3317.292,0,1167.878,0,129.543,7816,12093,1.740,1.660,1.010,2,0,0,0,0,14,146,0,32,0
14-01 21:01:05,25.347,6.776,66.756,0.502,0,3427784,238780,169724,4117676,40587.490,1626.230,32.123,819.138,2.008,72.277,5265,6674,1.740,1.660,1.010,1,0,3.012,0,0,14,146,0,32,0
14-01 21:01:06,31.673,14.964,50.129,0.998,0,3375816,290552,169724,4117792,36143.694,3529.474,31.923,1867.489,3.990,161.610,12837,19649,1.760,1.660,1.010,3,0,285.311,0,0,14,145,0,33,0
14-01 21:01:07,21.470,3.994,73.898,0.250,0,3436040,230324,169724,4117796,22375.166,2480.582,0,439.394,0,20.971,1997,1495,1.760,1.660,1.010,1,0,0,0,0,14,146,0,33,0
14-01 21:01:08,16.808,5.770,77.265,0,0,3423248,242956,169724,4117940,16083.093,8382.715,0,477.636,0,27.093,2928,2352,1.760,1.660,1.010,1,0,71.244,0,0,14,145,0,34,0
14-01 21:01:09,7.751,20.003,70.511,0,0,3401520,264648,169724,4117976,7376.137,1710.264,0,396.061,0,23.004,5798,4274,1.760,1.660,1.010,3,0,353.054,0,0,14,145,0,34,0
14-01 21:01:10,15.515,18.018,65.564,0,0,3385404,280744,169728,4118336,6485.322,1621.581,0,1549.510,0,97.095,6572,6991,1.760,1.660,1.010,2,0,284.277,0,0,14,145,0,34,0
14-01 21:01:11,25.715,19.723,53.428,0.250,0,3427096,239008,169728,4118036,6551.121,1456.027,3.995,223.697,0.999,17.976,6044,5693,1.780,1.670,1.020,3,0,379.486,0,0,14,145,0,34,0
14-01 21:01:12,34.529,22.519,43.036,0,0,3487284,178444,169740,4118712,9425.939,1621.366,28.024,480.405,3.003,38.032,7048,7627,1.780,1.670,1.020,10,0,486.410,0,0,14,147,0,34,0
14-01 21:01:13,36.209,16.731,45.448,0.250,0,3539212,126292,169740,4122404,7973.903,1688.074,55.936,571.348,3.995,36.958,6341,15838,1.780,1.670,1.020,8,0,265.697,0,0,17,152,0,34,0
14-01 21:01:14,59.350,26.044,13.773,0.250,0,3648756,135732,169740,4003084,10578.835,1622.736,12.020,528.892,3.005,41.069,7961,14225,1.780,1.670,1.020,3,0,551.931,0,0,16,157,0,35,0
14-01 21:01:15,60.316,20.936,17.945,0,0,3731728,142196,169552,3915316,10438.174,1615.076,23.927,801.556,2.991,93.714,7293,10663,1.780,1.670,1.020,5,0,301.082,0,0,16,173,0,34,0
14-01 21:01:16,40.835,21.294,37.077,0.251,0,3785684,183120,169552,3820656,9272.317,1713.570,0,861.795,0,34.071,8170,9322,1.800,1.680,1.020,3,0,426.889,0,0,16,173,0,34,0
14-01 21:01:17,28.787,24.782,46.059,0.250,0,3832464,136348,169560,3820744,7492.537,1622.065,8.010,9736.393,2.003,833.060,8275,5701,1.800,1.680,1.020,2,0,526.670,0,0,17,173,0,34,0
14-01 21:01:18,18.391,16.403,63.871,0,0,3837616,175204,169560,3777992,7700.254,1610.433,7.953,206.772,1.988,13.917,6375,7633,1.800,1.680,1.020,3,0,252.500,0,0,17,173,0,34,0
14-01 21:01:19,27.916,22.635,48.539,0.503,0,3906280,159340,169436,3725748,10346.612,1466.734,8.048,358.133,2.012,27.162,6586,5659,1.800,1.680,1.020,3,0,429.558,0,0,17,173,0,34,0
14-01 21:01:20,37.442,21.467,40.687,0,0,3968908,151016,169444,3673088,7883.701,1617.477,11.981,23.963,1.997,5.991,6655,8687,1.800,1.680,1.020,2,0,364.431,0,0,17,175,0,34,0
14-01 21:01:21,37.792,22.025,38.794,0.250,0,4055092,141240,169444,3598284,6863.704,1621.820,172.193,684.769,6.007,35.039,8339,9955,1.810,1.680,1.030,2,0,434.488,0,0,17,185,0,34,0
14-01 21:01:22,29.500,25.750,43.750,0.250,0,4116644,152048,169444,3527480,10496.990,1689.998,28.000,2831.997,4.000,39.000,7393,6576,1.810,1.680,1.030,2,0,630.999,0,0,17,186,0,34,0
14-01 21:01:23,17.977,22.970,56.427,0.250,0,4155132,161612,169452,3480572,7868.811,1617.905,19.974,882.857,4.994,61.920,7959,10120,1.810,1.680,1.030,2,0,445.423,0,0,17,197,0,32,0
14-01 21:01:24,21.782,15.523,63.343,0,0,4173628,142964,169452,3480708,8966.177,1622.384,4.006,556.818,1.001,25.037,6705,8901,1.810,1.680,1.030,3,0,215.316,0,0,17,197,0,32,0
14-01 21:01:25,43.136,10.223,45.131,0.249,0,4289232,141504,169452,3368640,7127.164,1615.730,67.821,889.649,2.992,40.892,4281,3136,1.810,1.680,1.030,3,0,101.731,0,0,17,213,0,32,0
14-01 21:01:26,45.949,6.992,45.450,0.749,0,4382484,137272,169452,3281624,5790.623,1618.218,135.850,343.622,6.992,27.969,3396,2123,1.830,1.690,1.030,4,0,0,0,0,17,213,0,32,0
14-01 21:01:27,31.864,12.043,54.194,1.004,0,4339988,230740,169456,3231184,8657.984,1553.560,52.187,349.250,5.018,27.097,4590,4115,1.830,1.690,1.030,4,0,181.650,0,0,17,217,0,32,0
14-01 21:01:28,36.512,24.258,37.763,0.750,0,4389024,179416,169464,3233448,9487.159,1620.540,1164.388,528.176,12.004,42.014,8477,10268,1.830,1.690,1.030,2,0,490.163,0,0,17,217,0,32,0
14-01 21:01:29,35.902,24.184,37.647,1.247,0,4432048,135196,169464,3235084,14226.137,9527.972,997.276,422.845,17.951,33.907,8512,9894,1.830,1.690,1.030,3,0,462.736,0,0,17,226,0,32,0
14-01 21:01:30,62.752,17.182,16.435,2.241,0,4450824,151792,169472,3200156,9546.290,2375.616,498.033,980.128,12.949,14.941,5691,5301,1.830,1.690,1.030,4,0,151.402,0,0,17,226,0,33,0
14-01 21:01:31,65.500,14.054,18.069,2.259,0,4584348,144904,169492,3076244,13256.578,7683.314,1646.281,638.436,37.142,31.119,5233,4266,1.920,1.710,1.040,5,0,24.092,0,0,17,237,0,22,0
14-01 21:01:32,47.634,9.025,22.814,20.307,0,4548716,208260,169548,3048960,14706.394,6522.359,5631.852,1704.799,404.138,108.305,6029,5933,1.920,1.710,1.040,1,2,29.082,0,0,17,238,0,23,0
14-01 21:01:33,53.706,19.484,24.730,0.999,0,4644496,149120,169568,3013188,7999.387,1618.662,427.646,3309.264,60.950,182.849,8166,10093,1.920,1.710,1.040,4,0,326.730,0,0,17,239,0,27,0
14-01 21:01:34,29.697,20.963,47.915,0.499,0,4651908,140076,169568,3014788,17828.354,11718.200,71.872,9958.323,4.991,84.849,7682,9031,1.920,1.710,1.040,8,1,382.321,0,0,17,240,0,27,2
14-01 21:01:35,52.091,22.790,24.292,0.250,0,4686524,141180,169568,2980744,44525.565,2254.928,36.063,625.089,2.003,35.061,7476,8230,1.920,1.710,1.040,4,0,389.679,0,0,17,239,0,26,2
14-01 21:01:36,55.861,25.686,17.457,0,0,4739124,163672,169568,2907840,28269.648,7634.999,239.404,606.491,4.988,37.906,7761,9435,2.090,1.750,1.060,4,0,435.915,0,0,17,244,0,26,2
14-01 21:01:37,52.153,19.056,25.826,2.006,0.251,4757784,141804,169600,2910516,35401.714,6607.357,1147.361,1295.796,55.162,70.206,7670,12820,2.090,1.750,1.060,4,0,242.711,0,0,17,247,0,30,2
14-01 21:01:38,58.260,26.754,14.752,0.250,0,4833972,160788,169604,2818072,9571.572,3590.590,0,12282.017,0,1066.175,8660,7133,2.090,1.750,1.060,4,0,496.081,0,0,17,248,0,30,2
14-01 21:01:39,52.098,19.693,26.423,1.246,0,4892912,140060,169612,2780928,18036.525,10531.360,634.155,965.192,39.884,67.803,9222,16060,2.090,1.750,1.060,6,0,234.318,0,0,17,257,0,32,0
14-01 21:01:40,69.251,19.750,10.750,0,0,4970560,131632,169612,2712352,6160.096,1756.027,572.009,704.011,13.000,22.000,6317,11829,2.090,1.750,1.060,3,0,136.002,0,0,17,257,0,32,0
14-01 21:01:41,50.581,7.011,40.064,2.003,0,5046084,119480,169628,2649792,21442.155,17960.609,953.519,536.855,65.104,32.051,4542,3481,2.240,1.790,1.080,1,0,3.005,0,0,17,261,0,33,0
14-01 21:01:42,58.769,11.504,26.258,2.501,0,5079236,121568,169656,2615548,10889.471,4466.424,1432.457,4081.301,45.014,98.031,6082,7305,2.240,1.790,1.080,2,0,23.007,0,0,17,268,0,38,0
14-01 21:01:43,46.042,24.022,26.524,2.002,0,5053852,166304,169788,2596360,16177.672,8377.598,4203.813,1552.408,64.058,76.069,8234,9195,2.240,1.790,1.080,7,0,440.399,0,0,17,268,0,37,0
14-01 21:01:44,52.553,26.650,20.175,0.249,0,5049236,170248,169900,2597396,11042.693,6300.432,1004.243,852.810,18.929,49.814,7147,9262,2.240,1.790,1.080,3,0,435.371,0,0,17,269,0,38,0
14-01 21:01:45,62.795,19.264,17.262,0.250,0,5075568,174856,169228,2567156,14752.575,7349.268,908.651,2605.868,19.014,231.166,6324,5986,2.240,1.790,1.080,7,0,247.177,0,0,18,271,0,38,0
14-01 21:01:46,72.941,12.740,9.242,4.746,0,5130844,187264,169232,2501264,13975.638,6799.472,2174.232,1023.168,125.898,76.937,6620,6182,2.540,1.860,1.100,4,0,15.987,0,0,18,276,0,39,0
14-01 21:01:47,72.672,12.237,5.744,9.490,0,5254076,155104,169248,2412552,10814.429,3586.163,2673.140,1578.311,122.869,106.886,6304,5414,2.540,1.860,1.100,4,0,9.989,0,0,18,279,0,37,0
14-01 21:01:48,68.081,13.817,16.329,0.754,0,5302548,137200,169252,2382912,17369.523,10616.662,1037.046,1515.374,38.186,109.533,7537,8991,2.540,1.860,1.100,5,0,189.924,0,0,18,282,0,39,0
14-01 21:01:49,41.082,11.453,45.813,0.498,0,5300244,139396,169260,2383012,9471.295,3213.866,776.825,533.819,8.963,36.849,3966,2911,2.540,1.860,1.100,3,0,48.801,0,0,18,287,0,39,0
14-01 21:01:50,34.007,7.001,57.512,0.250,0,5343276,127576,169260,2352772,471700.389,20382.338,560.119,552.118,7.001,36.008,4453,4206,2.540,1.860,1.100,2,0,6.001,0,0,18,291,0,39,0
14-01 21:01:51,48.636,15.293,33.594,1.755,0,5304412,148480,169260,2370684,16160738.255,101483.414,3052.525,649.815,32.090,55.154,10197,6120,2.500,1.860,1.110,3,0,226.633,0,0,18,289,0,34,0
14-01 21:01:52,36.920,6.985,54.133,0.249,0,5345016,133628,169260,2345896,15568.267,9358.721,15.965,478.962,0.998,40.911,3739,3012,2.500,1.860,1.110,2,0,45.901,0,0,18,294,0,34,0
14-01 21:01:53,32.714,6.493,59.934,0.499,0,5315092,163428,169260,2346024,21614.049,13856.645,3.996,787.128,0.999,80.910,4418,4685,2.500,1.860,1.110,4,0,5.993,0,0,18,300,0,36,0
14-01 21:01:54,30.571,4.260,63.398,0.501,0,5356464,121172,169260,2346892,344493.351,14192214.317,581.359,573.340,31.073,46.108,5582,5145,2.500,1.860,1.110,5,0,1.002,0,0,18,300,0,38,0
14-01 21:01:55,11.493,2.998,83.446,0.250,0,5283264,194196,169260,2347068,87933.477,2239105.723,83.946,9270.041,5.996,68.956,3294,3447,2.500,1.860,1.110,1,0,36.976,0,0,18,299,0,39,0
14-01 21:01:56,1.500,1.250,96.480,0,0.250,5281628,195832,169260,2347068,6074.712,1619.657,0,387.918,0,22.995,1228,1759,2.300,1.830,1.100,1,0,0,0,0,18,299,0,37,0
14-01 21:01:57,13.253,2.250,82.017,1.500,0,5284960,192252,169264,2347312,7811431.914,32264.860,80.017,1760.374,5.001,123.026,5652,6029,2.300,1.830,1.100,3,0,3.001,0,0,18,304,0,37,0
14-01 21:01:58,16.505,4.501,70.270,6.752,0,5205028,256080,169264,2363384,8725385.866,92851.411,32.009,14740.193,2.001,1277.363,9702,8313,2.300,1.830,1.100,2,1,31.009,0,0,18,301,0,41,0
14-01 21:01:59,9.750,18.250,68.752,1.750,0,5232044,228960,169264,2363488,10894.297,1458.040,60.002,0,4.000,0,6053,5059,2.300,1.830,1.100,2,0,435.012,0,0,18,301,0,41,0
14-01 21:02:00,23.987,2.749,71.962,0.500,0,5289532,171472,169264,2363488,6008.861,1619.154,0,3350.250,0,121.936,2535,2142,2.300,1.830,1.100,4,0,0,0,0,18,301,0,39,0
14-01 21:02:01,9.268,19.538,69.134,0,0,5275372,185580,169264,2363540,9766.943,1623.148,4.008,16896.771,1.002,76.148,6274,5065,2.200,1.810,1.100,4,0,338.657,0,0,18,305,0,39,0
14-01 21:02:02,7.480,16.705,74.551,0,0,5271696,189200,169264,2363596,9727.007,1615.683,15.957,103.723,0.997,11.968,5367,4449,2.200,1.810,1.100,2,0,333.110,0,0,18,305,0,39,0
14-01 21:02:03,4.494,2.497,92.384,0,0,5272424,188472,169264,2363596,9129.561,1617.973,0,727.089,0,3.995,1480,1778,2.200,1.810,1.100,2,0,8.989,0,0,18,305,0,39,0
14-01 21:02:04,21.764,3.502,73.796,0,0,5299608,161288,169264,2363596,9655.053,3084.934,0,0,0,0,2217,1840,2.200,1.810,1.100,1,0,0,0,0,18,306,0,38,0
14-01 21:02:05,16.810,5.018,76.775,0.251,0,5273680,187128,169264,2363684,50731.740,9137.735,64.230,268.964,4.014,30.108,3235,3030,2.200,1.810,1.100,2,0,47.169,0,0,18,309,0,39,0
14-01 21:02:06,18.760,18.760,54.029,7.754,0,5278676,174100,169356,2371488,28863.737,1841.004,7448.061,500.273,146.080,30.016,6637,5525,2.180,1.820,1.110,1,0,257.140,0,0,18,309,1,39,0
14-01 21:02:07,12.244,16.742,69.966,0.250,0,5283308,169272,169356,2371684,25132.625,1531.246,31.984,179.911,1.999,14.993,5611,4436,2.180,1.820,1.110,2,1,204.899,0,0,18,309,1,39,0
14-01 21:02:08,20.369,7.452,69.554,0.497,0,5324048,128336,169356,2371848,6010.485,1683.214,3.975,675.670,0.994,62.599,4068,3800,2.180,1.820,1.110,2,0,109.300,0,0,18,313,1,38,0
14-01 21:02:09,23.216,4.493,71.396,0,0,5374972,132196,169356,2319244,9242.518,1691.533,103.849,35.948,0.999,3.994,2439,2040,2.180,1.820,1.110,4,0,0,0,0,18,313,1,38,0
14-01 21:02:10,24.147,3.018,71.184,0.503,0,5297220,240392,169356,2289936,7185.770,1704.382,277.691,559.407,11.067,46.282,2823,2679,2.180,1.820,1.110,2,0,9.055,0,0,18,313,1,38,0
14-01 21:02:11,24.483,3.498,71.699,0.500,0,5320236,217340,169356,2289972,11054.205,1618.858,19.986,375.735,3.997,16.988,2574,2197,2.080,1.800,1.110,2,0,0.999,0,0,18,313,1,38,0
14-01 21:02:12,22.506,3.751,72.769,0,0,5342016,195560,169356,2289972,10312.751,2301.614,0,232.062,0,22.006,2655,2441,2.080,1.800,1.110,1,0,4.001,0,0,18,316,1,37,0
14-01 21:02:13,9.000,1.750,87.001,0.250,0,5349404,188028,169356,2290116,24851.355,19958.285,0,256.004,0,27.000,2629,3097,2.080,1.800,1.110,2,0,2.000,0,0,18,319,1,39,0
14-01 21:02:14,27.241,7.248,63.979,0.500,0,5303348,233900,169356,2290300,9935.701,1693.438,171.943,103.965,7.997,5.998,3537,13586,2.080,1.800,1.110,2,0,50.983,0,0,18,313,1,40,0
14-01 21:02:15,24.742,2.749,71.977,0,0,5328652,208592,169356,2290304,7542.550,1457.527,0,103.966,0,12.996,2261,1775,2.080,1.800,1.110,2,0,0,0,0,18,313,1,40,0
14-01 21:02:16,11.747,16.996,69.982,0.250,0,5273512,263444,169360,2290572,8988.641,1689.557,503.868,923.758,7.998,114.970,5444,4401,1.920,1.770,1.100,3,0,291.923,0,0,18,313,1,39,0
14-01 21:02:17,14.025,14.526,69.625,0.250,0,5308224,228552,169360,2290756,7682.787,1622.912,64.115,176.316,5.009,9.016,5138,4336,1.920,1.770,1.100,2,0,291.523,0,0,18,313,1,39,0
14-01 21:02:18,21.199,4.489,73.572,0.748,0,5335328,201272,169492,2290800,10436.763,2958.845,155.624,614.514,8.978,43.894,2902,2737,1.920,1.770,1.100,1,0,32.920,0,0,18,314,1,39,0
14-01 21:02:19,20.745,2.749,74.481,0,0,5330900,199496,169496,2296888,12950.705,2626.332,0,3595.085,0,440.888,2703,1956,1.920,1.770,1.100,2,0,1.000,0,0,18,313,1,39,0
14-01 21:02:20,18.292,2.756,77.928,0,0,5328744,201184,169496,2297324,14833.939,4561.436,0,332.761,0,3.007,2351,2107,1.920,1.770,1.100,1,0,20.046,0,0,18,314,1,39,0
14-01 21:02:21,23.548,3.758,71.145,0.501,0,5330408,192896,170044,2303256,9808.981,1863.797,0,17054.741,0,52.106,6724,10904,1.840,1.760,1.100,1,0,7.014,0,0,18,313,1,39,0
14-01 21:02:22,18.844,3.719,75.624,0.496,0,5324256,198488,170088,2303756,13908.851,3755.906,11.901,452.256,1.984,9.918,6372,10320,1.840,1.760,1.100,2,0,7.934,0,0,18,314,1,39,0
14-01 21:02:23,22.664,6.799,69.252,0,0.252,5341680,180436,170176,2304296,11732.981,2304.693,193.401,592.290,8.058,22.161,10730,19138,1.840,1.760,1.100,2,0,20.146,0,0,18,314,1,39,0
14-01 21:02:24,21.758,5.252,71.276,0.250,0,5261464,272352,170260,2292620,9447.409,1794.648,0,812.293,0,31.011,3022,2504,1.840,1.760,1.100,1,0,32.012,0,0,18,315,1,39,0
14-01 21:02:25,14.961,13.465,70.568,0,0.249,5297712,236084,170260,2292640,7305.191,1615.840,0,7.979,0,1.995,4431,3806,1.840,1.760,1.100,2,0,232.402,0,0,18,315,1,39,0
14-01 21:02:26,21.476,2.248,75.417,0,0,5331088,202520,170260,2292828,12007.786,3659.972,0,523.424,0,3.996,2217,1901,1.780,1.750,1.100,1,0,0,0,0,18,316,1,39,0
14-01 21:02:27,19.586,7.533,71.062,0.502,0,5325168,208332,170260,2292936,16338.716,10029.020,96.423,458.010,5.022,40.176,4879,5504,1.780,1.750,1.100,4,0,113.498,0,0,18,317,1,43,0
14-01 21:02:28,25.677,5.235,68.055,0,0,5383884,149476,170260,2293076,6440.579,1856.690,0,311.110,0,35.897,3820,4414,1.780,1.750,1.100,1,0,1.994,0,0,18,317,2,43,0
14-01 21:02:29,20.046,4.761,73.918,0.251,0,5359388,173844,170260,2293204,14008.905,9986.745,96.219,280.639,4.009,24.055,3791,3729,1.780,1.750,1.100,3,0,71.162,0,0,18,319,1,44,0
14-01 21:02:30,21.955,3.992,73.101,0,0,5371848,161384,170260,2293204,9907.765,2303.296,0,151.690,0,9.980,2451,2147,1.780,1.750,1.100,1,0,0,0,0,18,320,1,44,0
14-01 21:02:31,16.765,3.253,78.571,0,0,5337472,195732,170260,2293232,21475.528,13908.647,16.015,872.794,1.001,27.025,3054,2824,1.630,1.720,1.090,2,0,36.033,0,0,18,319,1,45,0
14-01 21:02:32,22.207,4.990,72.110,0,0,5400928,132264,170260,2293244,11110.429,1616.861,0,83.837,0,3.992,2557,2229,1.630,1.720,1.090,2,0,20.959,0,0,18,319,1,43,0
14-01 21:02:33,16.556,3.512,79.020,0,0,5372912,160136,170260,2293388,19861.759,11907.623,0,0,0,0,2650,2419,1.630,1.720,1.090,1,0,24.082,0,0,18,319,1,46,0
14-01 21:02:34,22.368,4.474,71.827,0,0,5383116,149932,170260,2293388,8747.454,1610.510,0,0,0,0,2303,1935,1.630,1.720,1.090,3,0,7.953,0,0,18,319,1,46,0
14-01 21:02:35,13.756,2.001,83.535,0.250,0,5380104,152904,170260,2293428,53681.203,11605.800,32.013,1964.813,2.001,334.138,3024,2548,1.630,1.720,1.090,3,0,0,0,0,18,320,1,46,0
14-01 21:02:36,20.299,5.764,72.675,0.251,0,5374508,158488,170260,2293440,27137.231,2559.152,0,228.549,0,20.048,3002,2809,1.580,1.700,1.090,2,0,47.113,0,0,18,319,1,47,0
14-01 21:02:37,18.761,2.001,78.044,0.250,0,5390416,142552,170260,2293468,34697.437,9730.451,16.009,240.135,1.001,24.013,2424,2138,1.580,1.700,1.090,3,0,0,0,0,18,320,1,43,0
14-01 21:02:38,21.304,6.516,71.430,0,0,5364032,168920,170260,2293484,11316.575,3837.691,0,308.780,0,30.076,3304,3127,1.580,1.700,1.090,2,0,38.096,0,0,18,319,1,45,0
14-01 21:02:39,19.918,2.739,75.688,0.249,0,5361800,171144,170260,2293492,13096.100,7152.562,0,215.115,0,17.926,2358,2077,1.580,1.700,1.090,3,0,0.996,0,0,18,322,1,45,0
14-01 21:02:40,12.978,6.489,79.367,0.499,0,5306148,226772,170260,2293516,14502.749,6866.518,0,455.239,0,36.938,3447,3642,1.580,1.700,1.090,2,0,87.853,0,0,18,321,1,46,0
14-01 21:02:41,22.566,2.758,73.966,0,0,5359568,173352,170260,2293516,10048.359,3266.544,0,148.434,0,10.029,2268,1965,1.540,1.690,1.090,3,0,1.003,0,0,18,322,1,39,0
14-01 21:02:42,19.230,4.246,75.170,0.250,0,5344096,188800,170260,2293540,29781.459,22443.231,0,787.166,0,51.945,3149,3154,1.540,1.690,1.090,2,0,47.949,0,0,18,321,1,41,0
14-01 21:02:43,21.288,4.758,72.629,0,0,5394756,138140,170260,2293540,9450.733,2312.094,0,196.348,0,23.041,2478,2290,1.540,1.690,1.090,2,0,1.002,0,0,18,322,1,41,0
14-01 21:02:44,16.776,3.005,78.874,0.751,0,5357180,175468,170260,2293788,16220.557,9814.464,240.379,116.183,14.022,9.014,2643,2483,1.540,1.690,1.090,1,0,14.022,0,0,18,321,1,43,0
14-01 21:02:45,23.443,3.492,71.826,0,0,5412808,119840,170260,2293788,9217.664,1616.084,0,119.710,0,12.969,2439,2055,1.540,1.690,1.090,2,0,0,0,0,18,321,1,35,0
14-01 21:02:46,17.526,3.004,77.363,0.751,0,5392448,138192,170260,2295796,15808.046,8193.946,1954.850,765.115,71.104,109.159,4130,5423,1.490,1.680,1.090,5,0,2.003,0,0,18,324,1,35,0
14-01 21:02:47,23.184,5.235,70.051,0.997,0,5316620,213540,170264,2296272,7154.697,2690.365,303.140,4503.221,17.949,293.168,4950,6650,1.490,1.680,1.090,4,0,4.986,0,0,18,323,1,36,0
14-01 21:02:48,19.012,2.251,76.798,0.250,0,5338940,191212,170264,2296280,14932.257,7937.921,0,344.213,0,32.020,2465,2403,1.490,1.680,1.090,3,0,0,0,0,18,324,1,36,0
14-01 21:02:49,19.248,4.000,74.242,0.750,0,5338528,191464,170264,2296440,12585.597,6145.315,111.988,1367.848,4.999,133.985,5172,6937,1.490,1.680,1.090,4,0,0,0,0,18,323,1,34,0
14-01 21:02:50,9.779,22.316,66.448,0.251,0,5299636,230316,170264,2296480,10949.546,1624.830,0,734.182,0,59.176,7369,6740,1.490,1.680,1.090,3,0,646.923,0,0,18,323,1,34,0
14-01 21:02:51,8.760,22.775,67.323,0.250,0,5281156,248768,170264,2296508,9012.793,1621.762,0,2502.719,0,344.374,8195,7056,1.530,1.690,1.090,1,0,694.755,0,0,18,323,1,34,0
14-01 21:02:52,8.500,23.000,66.750,0.250,0,5280556,249344,170264,2296548,5430.974,1619.992,0,2771.987,0,198.999,7792,7113,1.530,1.690,1.090,2,0,702.997,0,0,18,323,1,34,0
14-01 21:02:53,8.248,23.495,67.235,0,0,5276636,253228,170264,2296584,11566.410,1661.628,0,115.974,0,15.996,7203,6315,1.530,1.690,1.090,1,0,617.862,0,0,18,323,1,32,0
14-01 21:02:54,8.999,22.247,67.739,0,0,5280420,249412,170264,2296616,10313.399,1619.748,0,43.993,0,10.998,7069,6243,1.530,1.690,1.090,1,0,582.909,0,0,18,323,1,32,0
14-01 21:02:55,10.478,18.711,68.857,0.499,0,5289180,240468,170264,2296800,10094.046,1454.980,103.785,151.685,8.981,8.981,6219,5248,1.530,1.690,1.090,3,0,445.076,0,0,18,323,1,32,0
14-01 21:02:56,14.724,8.235,71.871,4.492,0,5305532,312072,170488,2220656,7389.718,1617.093,966.263,1948.498,112.797,5.989,2729,2613,1.490,1.670,1.090,2,1,41.925,0,0,18,323,1,32,0
14-01 21:02:57,23.757,3.501,71.021,0.500,0,5317584,295640,170660,2224864,10035.953,1620.477,44.013,2992.881,9.003,33.010,2767,2724,1.490,1.670,1.090,2,0,18.005,0,0,18,323,1,28,0
14-01 21:02:58,15.998,1.750,79.988,1.500,0,5318604,293876,170672,2225596,19189.216,7789.870,515.925,1147.833,24.996,55.992,2581,2816,1.490,1.670,1.090,3,0,1.000,0,0,18,324,1,28,0
14-01 21:02:59,11.994,1.249,81.461,3.998,0,5317740,293876,170720,2226408,19326.734,11056.699,483.768,1283.385,51.975,55.973,2204,2394,1.490,1.670,1.090,1,0,0,0,0,18,324,1,28,0
14-01 21:03:00,12.272,1.753,82.901,2.505,0,5324584,286064,170820,2227272,21987.166,10948.000,448.820,1350.467,47.086,51.093,1999,2042,1.490,1.670,1.090,2,0,0,0,0,18,324,1,28,0
14-01 21:03:01,17.512,1.001,78.304,1.001,0,5347324,262124,170892,2228400,18412.691,8093.579,1088.750,1064.734,51.035,44.030,2334,2019,1.370,1.650,1.090,2,0,1.001,0,0,18,324,1,24,0
14-01 21:03:02,15.488,1.749,81.186,1.499,0,5361252,247004,170972,2229500,20201.120,10093.066,795.375,1330.954,45.964,39.969,2148,2050,1.370,1.650,1.090,3,0,0,0,0,18,324,1,24,0
14-01 21:03:03,13.267,1.001,81.852,2.503,0,5363036,237176,171080,2237428,22789.409,10768.424,3964.943,1185.478,77.096,39.049,2085,2072,1.370,1.650,1.090,2,0,0,0,0,18,324,1,24,0
14-01 21:03:04,12.977,2.496,72.370,11.230,0,5377960,195344,171180,2264232,8561.616,1617.094,11774.843,515.075,131.763,23.957,2180,2120,1.370,1.650,1.090,2,0,0.998,0,0,18,324,1,24,0
14-01 21:03:05,23.475,3.247,72.172,0.499,0,5383324,175196,171908,2278088,43122.599,1618.259,0,1294.607,0,36.960,2575,2236,1.370,1.650,1.090,2,0,0,0,0,18,324,1,23,0
14-01 21:03:06,24.253,2.750,72.008,0.250,0,5381188,161348,172076,2293624,28239.220,1620.185,128.015,1396.159,1.000,31.004,2628,2336,1.340,1.640,1.090,2,0,1.000,0,0,18,324,0,23,0
14-01 21:03:07,23.732,3.247,71.445,0.999,0,5385372,135540,172080,2315040,22314.721,1618.747,0,3173.543,0,254.803,3220,2778,1.340,1.640,1.090,2,0,0,0,0,18,324,0,23,0
14-01 21:03:08,24.024,3.253,70.821,1.001,0,5377920,126732,172328,2330772,6013.050,1621.632,0,2730.747,0,130.131,3151,3229,1.340,1.640,1.090,3,0,0,0,0,18,324,0,23,0
14-01 21:03:09,23.496,3.249,71.237,1.000,0,5363692,143108,172680,2328792,9727.276,1619.713,31.994,2635.533,1.000,100.982,3116,3132,1.340,1.640,1.090,2,0,0,0,0,18,324,0,23,0
14-01 21:03:10,24.466,3.245,71.399,0,0,5341000,182256,172680,2312284,8712.736,1791.478,0,826.836,0,21.969,2740,2267,1.340,1.640,1.090,2,0,18.973,0,0,18,323,0,23,0
14-01 21:03:11,18.532,3.256,77.383,0.250,0,5363808,157728,172680,2314004,14426.719,3635.229,0,572.982,0,20.034,2397,2103,1.230,1.610,1.080,3,0,17.029,0,0,18,324,0,23,0
14-01 21:03:12,23.291,3.757,70.874,0.250,0,5351496,165176,172680,2318800,9322.290,1797.140,0,1530.675,0,30.053,2888,2678,1.230,1.610,1.080,2,0,4.007,0,0,18,323,0,23,0
14-01 21:03:13,18.495,2.999,77.229,0.250,0,5352800,157100,173004,2324572,15918.680,4789.700,0,1303.646,0,40.989,2612,2594,1.230,1.610,1.080,2,0,20.994,0,0,18,323,0,22,0
14-01 21:03:14,27.197,7.984,62.628,0,0,5354704,154392,173060,2325208,8441.526,1616.845,0,1632.814,0,10.979,11077,29887,1.230,1.610,1.080,1,0,49.903,0,0,18,323,0,23,0
14-01 21:03:15,23.014,6.754,69.293,0,0,5356152,152708,173100,2325372,5495.394,1621.001,0,428.264,0,6.004,10227,18653,1.230,1.610,1.080,2,0,16.010,0,0,18,323,0,23,0
14-01 21:03:16,22.029,4.756,72.096,0,0,5328108,194384,173100,2312396,9082.123,1622.165,0,236.315,0,11.015,3164,3013,1.210,1.600,1.080,2,0,50.067,0,0,18,323,0,23,0
14-01 21:03:17,24.287,5.258,68.604,0,0,5317008,205468,173100,2312412,7441.250,1622.453,0,0,0,0,10266,18760,1.210,1.600,1.080,3,0,25.038,0,0,18,323,0,23,0
14-01 21:03:18,17.939,3.239,77.736,0.249,0,5338260,181808,173100,2314820,11445.104,3778.160,0,1678.296,0,137.533,2563,2358,1.210,1.600,1.080,2,0,15.946,0,0,18,324,0,21,0
14-01 21:03:19,23.752,4.250,71.007,0.250,0,5366124,149572,173348,2318944,8861.846,1632.156,0,1500.143,0,40.004,2848,2781,1.210,1.600,1.080,3,0,3.000,0,0,18,323,0,21,0
14-01 21:03:20,17.518,2.753,78.580,0.501,0,5364680,144332,173732,2324732,13950.284,4795.911,0,1189.218,0,27.028,2285,2036,1.210,1.600,1.080,3,0,20.020,0,0,18,323,0,21,0
14-01 21:03:21,22.021,8.008,67.065,0,0,5353672,154588,173788,2325348,8481.219,1621.571,0,724.702,0,21.020,15032,27974,1.200,1.590,1.080,6,0,20.019,0,0,18,323,0,21,0
14-01 21:03:22,21.497,6.249,70.741,0.250,0,5342860,165236,173844,2325424,7309.056,1619.791,0,679.912,0,21.997,6710,10549,1.200,1.590,1.080,2,0,14.998,0,0,18,323,0,21,0
14-01 21:03:23,23.183,4.736,71.045,0,0,5297868,223768,173844,2312444,8563.294,1615.340,0,6393.554,0,176.491,2841,2127,1.200,1.590,1.080,2,0,21.937,0,0,18,323,0,21,0
14-01 21:03:24,41.314,9.515,47.573,0,0,5337140,182056,173964,2314792,10219.709,1664.559,512.788,136.209,4.006,4.006,4385,3345,1.200,1.590,1.080,2,0,104.160,0,0,18,323,0,21,0
14-01 21:03:25,32.369,6.775,60.974,0,0,5347584,163440,174116,2322812,7279.745,1625.974,513.888,16.059,4.015,4.015,3233,2340,1.200,1.590,1.080,1,0,21.077,0,0,18,323,0,21,0
14-01 21:03:26,14.905,1.491,80.985,0.497,0,5356348,154324,174152,2323128,16783.306,7290.652,3.975,1621.691,0.994,38.754,2202,2301,1.180,1.580,1.080,2,0,0,0,0,18,324,0,21,0
14-01 21:03:27,14.576,1.508,83.185,0.503,0,5354124,156056,174268,2323512,24882.100,12511.418,4.021,1459.632,1.005,59.310,2294,2456,1.180,1.580,1.080,1,0,1.005,0,0,18,324,0,21,0
14-01 21:03:28,10.230,2.495,84.087,1.497,0,5348008,161664,174412,2323860,164458.585,15224.523,0,16260.517,0,469.092,3474,3813,1.180,1.580,1.080,1,0,0.998,0,0,18,325,0,21,0
14-01 21:03:29,17.760,1.251,79.043,0.750,0,5353044,156364,174484,2324036,19860.829,8707.748,0,1220.666,0,65.035,2346,2414,1.180,1.580,1.080,1,0,0,0,0,18,325,0,21,0
14-01 21:03:30,17.251,3.500,78.505,0.250,0,5353876,155116,174580,2324356,23471.629,11043.767,0,1396.097,0,47.003,3917,5136,1.180,1.580,1.080,4,0,1.000,0,0,18,325,0,16,0
14-01 21:03:31,17.753,1.750,78.515,0.500,0.250,5371832,136504,174712,2324816,297104.280,15409.867,0,1624.302,0,57.011,3039,2745,1.170,1.570,1.080,1,0,1.000,0,0,18,325,0,18,0
14-01 21:03:32,8.495,2.249,85.946,1.749,0,5369288,138364,174940,2325104,109573.772,17664.840,27.982,2794.235,3.997,128.919,2782,2961,1.170,1.570,1.080,1,0,0,0,0,18,325,0,18,0
14-01 21:03:33,15.745,1.250,81.724,0.500,0,5372784,134352,175008,2325468,26773.391,11179.405,103.967,1291.585,5.998,45.985,2092,2010,1.170,1.570,1.080,1,0,0,0,0,18,325,0,18,0
14-01 21:03:34,10.242,1.749,85.187,0.500,0,5360736,120884,175012,2350836,8883696.802,49916.364,0,7054.822,0,85.937,4165,2787,1.170,1.570,1.080,1,0,3.997,0,0,18,325,0,14,0
14-01 21:03:35,12.998,3.499,81.488,0.750,0,5359956,122416,175020,2350860,8940106.106,45678.384,163.976,13130.098,3.999,75.989,4341,3126,1.170,1.570,1.080,2,0,1.000,0,0,18,325,0,14,0
14-01 21:03:36,22.504,5.001,70.512,0.750,0,5364868,160400,177640,2304896,16614.785,1620.272,0,5024.842,0,116.019,2867,2554,1.150,1.560,1.080,2,0,1.000,0,0,18,325,0,14,0
14-01 21:03:37,25.068,2.507,72.447,0.501,0,5370800,136668,178280,2320580,34970.064,1624.416,0,1540.187,0,39.106,2600,2256,1.150,1.560,1.080,2,0,0,0,0,18,325,0,14,0
14-01 21:03:38,24.985,6.246,67.710,0.500,0,5389212,165144,178528,2274096,6836.003,1619.053,0,60968.350,0,236.862,3404,2767,1.150,1.560,1.080,2,0,5.996,0,0,18,325,0,10,0
14-01 21:03:39,23.999,3.000,71.248,0.750,0,5393672,137612,179328,2295556,7306.752,1619.945,15.999,3371.886,1.000,261.991,3065,2931,1.150,1.560,1.080,2,0,0,0,0,18,325,0,10,0
14-01 21:03:40,22.987,3.998,71.711,0.750,0,5386476,130536,180288,2307312,9352.874,1619.113,0,2218.784,0,75.958,2617,2297,1.150,1.560,1.080,2,0,0,0,0,18,325,0,10,0
14-01 21:03:41,24.956,2.995,71.124,0.749,0,5389612,130552,181604,2302304,7321.009,1617.130,0,2383.770,0,60.892,2657,2263,1.140,1.550,1.080,2,0,0.998,0,0,18,325,0,10,0
14-01 21:03:42,24.341,4.266,67.501,3.011,0,5380688,143408,182344,2297256,8352.099,1463.449,8.030,68567.311,2.007,487.816,3900,2916,1.140,1.550,1.080,1,1,1.004,0,0,18,325,0,8,0
14-01 21:03:43,23.233,2.498,72.196,1.249,0,5380896,125428,183212,2312680,8340.804,2693.999,0,4204.876,0,101.924,3015,2845,1.140,1.550,1.080,0,0,0.999,0,0,18,326,0,8,0
14-01 21:03:44,19.481,2.498,77.423,0,0,5298120,243516,183212,2277408,14749.338,3130.888,7.992,147.853,1.998,6.993,2149,1820,1.140,1.550,1.080,2,0,1.998,0,0,18,323,0,8,0
14-01 21:03:45,17.797,3.259,77.704,0,0,5334344,207260,183228,2277424,16839.214,3734.806,4.011,866.275,1.003,15.039,2492,2207,1.140,1.550,1.080,2,0,33.087,0,0,18,324,0,8,0
14-01 21:03:46,23.132,3.980,71.634,0.249,0,5335304,199412,183228,2283936,7243.979,1784.878,0,1365.024,0,10.944,2471,2095,1.130,1.540,1.080,2,0,2.985,0,0,18,323,0,5,0
14-01 21:03:47,17.490,2.748,78.956,0.250,0,5347376,180412,183236,2289844,14233.023,4614.414,0,1135.364,0,18.989,2189,1962,1.130,1.540,1.080,1,0,16.990,0,0,18,323,0,5,1
14-01 21:03:48,23.989,10.245,63.972,0.250,0,5328164,199260,183248,2290180,10016.538,1769.212,0,166062.034,0,852.620,11962,18395,1.130,1.540,1.080,2,0,12.994,0,0,18,323,0,5,0
14-01 21:03:49,23.050,6.013,68.900,0,0,5331504,195520,183308,2290484,9394.483,1623.540,32.070,2994.529,1.002,140.306,11207,19635,1.130,1.540,1.080,3,0,13.028,0,0,18,323,0,5,0
14-01 21:03:50,21.010,6.503,72.035,0.250,0,5331684,195196,183344,2290556,8672.190,1500.725,0,404.195,0,14.007,2541,2131,1.130,1.540,1.080,2,0,7.003,0,0,18,323,0,3,0
14-01 21:03:51,21.753,4.501,72.010,0.750,0,5323176,217300,183408,2278116,7334.064,1620.235,228.033,1344.195,3.000,32.005,2557,2298,1.120,1.530,1.080,5,0,7.001,0,0,18,323,0,3,0
14-01 21:03:52,23.056,4.511,70.671,0.501,0,5337072,200300,183696,2280932,8674.955,1623.923,501.211,2449.918,12.029,83.201,4356,5356,1.120,1.530,1.080,1,0,2.005,0,0,18,325,0,4,0
14-01 21:03:53,25.455,5.241,65.136,2.496,0,5316496,219668,183696,2282136,8694.761,1617.166,1022.208,3621.652,56.900,375.342,8233,11680,1.120,1.530,1.080,1,0,7.986,0,0,18,325,0,8,0
14-01 21:03:54,10.737,17.728,69.665,0.749,0,5315548,219688,183696,2283064,5605.186,1618.033,862.951,335.592,9.988,17.978,6291,5554,1.120,1.530,1.080,2,0,422.486,0,0,18,327,0,9,0
14-01 21:03:55,10.471,4.737,70.554,12.964,0,5292040,209264,183696,2317000,5682.181,1615.503,33901.621,2425.248,1959.545,282.214,4856,6085,1.120,1.530,1.080,2,0,18.947,0,0,18,325,0,10,0
14-01 21:03:56,7.019,3.510,80.972,6.518,0,5288944,202916,184100,2326040,11247.823,2642.241,9365.665,4175.442,1759.822,178.489,4330,6222,1.110,1.520,1.080,1,0,6.016,0,0,18,326,0,10,0
14-01 21:03:57,4.006,1.001,92.127,2.253,0,5286168,205508,184100,2326224,49474.341,4757.572,184.255,3777.218,5.007,202.279,2165,3107,1.110,1.520,1.080,1,0,1.001,0,0,18,326,0,10,0
14-01 21:03:58,3.491,1.247,93.013,0.249,0,5285920,205208,184160,2326712,148614.389,2441.779,91.766,506.709,0.997,42.891,1954,2654,1.110,1.520,1.080,2,0,2.992,0,0,18,326,0,10,0
14-01 21:03:59,7.014,3.006,88.930,1.253,0,5251376,238180,184448,2327864,142403.652,131031.601,196.398,464.942,10.020,1.002,1939,1890,1.110,1.520,1.080,1,0,10.020,0,0,18,325,0,10,0
14-01 21:04:00,1.998,0.749,96.413,0,0,5246684,242872,184448,2327864,8825.022,1618.537,0,603.454,0,12.988,1197,1657,1.110,1.520,1.080,1,0,0,0,0,18,325,0,10,0
14-01 21:04:01,1.750,1.000,95.768,0,0,5234576,254980,184448,2327864,5682.054,1620.300,0,52.010,0,6.001,1279,1754,1.020,1.500,1.070,1,0,1.000,0,0,18,325,0,10,0
14-01 21:04:02,1.749,1.249,95.675,0,0,5217264,272292,184448,2327864,5247.870,1618.726,0,47.962,0,5.995,1243,1752,1.020,1.500,1.070,1,0,0,0,0,18,325,0,10,0
14-01 21:04:03,3.745,0.749,94.378,0.250,0,5216168,273372,184448,2327880,9717.439,1617.909,0,355.540,0,48.937,1866,2710,1.020,1.500,1.070,1,0,0,0,0,18,325,0,10,0
14-01 21:04:04,1.252,1.002,97.156,0.250,0.250,5215028,274512,184448,2327880,9283.932,1622.610,0,108.174,0,8.013,1220,1704,1.020,1.500,1.070,1,0,0,0,0,18,325,0,10,0
14-01 21:04:05,1.501,0.500,96.054,0.250,0,5214864,274676,184448,2327880,40753.941,1620.912,0,108.061,0,8.005,1253,1736,1.020,1.500,1.070,1,0,0,0,0,18,325,0,10,0
14-01 21:04:06,1.502,1.001,96.856,0,0,5214860,274676,184448,2327884,8965.821,1459.599,0,312.342,0,17.019,1253,1735,0.940,1.470,1.060,1,0,0,0,0,18,325,0,10,0
14-01 21:04:07,1.999,0.250,95.705,0,0,5214860,274676,184448,2327884,43116.532,1619.231,0,215.898,0,14.993,1377,1827,0.940,1.470,1.060,1,0,0,0,0,18,325,0,10,0
14-01 21:04:08,2.249,1.250,95.723,0.250,0,5214856,274676,184448,2327888,9156.391,1619.538,0,119.966,0,12.996,1410,2011,0.940,1.470,1.060,1,0,0,0,0,18,325,0,10,0
14-01 21:04:09,1.500,0.500,96.491,0,0,5214856,274676,184448,2327888,8657.151,1619.841,0,0,0,0,1235,1678,0.940,1.470,1.060,1,0,0,0,0,18,325,0,10,0
14-01 21:04:10,2.498,0.250,95.918,0.250,0,5214856,274676,184448,2327888,5524.290,1618.620,0,179.847,0,10.991,1253,1702,0.940,1.470,1.060,1,0,0,0,0,18,325,0,10,0
14-01 21:04:11,1.498,1.248,96.114,0.250,0,5214604,274928,184448,2327888,8442.017,1617.704,0,814.843,0,162.769,1553,1771,0.860,1.450,1.060,1,0,0.999,0,0,18,325,0,10,0
14-01 21:04:12,2.503,0.501,95.379,0,0,5214600,274928,184448,2327892,7116.661,1622.202,0,276.375,0,27.037,1499,2237,0.860,1.450,1.060,1,0,1.001,0,0,18,325,0,10,0
14-01 21:04:13,1.995,0.997,95.503,0.249,0,5214592,274928,184448,2327900,6097.222,1454.237,0,163.577,0,21.943,1535,2299,0.860,1.450,1.060,2,0,0.997,0,0,18,325,0,10,0
14-01 21:04:14,6.771,4.263,87.768,0,0,5200224,289292,184448,2327900,8277.318,1624.970,0,16598.771,0,63.193,2526,12273,0.860,1.450,1.060,2,0,36.110,0,0,18,325,0,11,0
14-01 21:04:15,2.003,1.002,96.654,0,0,5200476,289040,184448,2327900,7327.659,1622.582,0,108.172,0,8.013,1218,1665,0.860,1.450,1.060,1,0,0,0,0,18,325,0,10,0
14-01 21:04:16,2.000,1.000,95.741,0,0,5200476,289040,184448,2327900,8744.176,1619.847,0,247.977,0,15.998,1294,1751,0.790,1.420,1.050,1,0,0,0,0,18,325,0,10,0
14-01 21:04:17,1.500,0.250,96.728,0,0,5200472,289040,184448,2327904,8673.985,1619.624,0,59.986,0,6.998,1262,1748,0.790,1.420,1.050,2,0,0,0,0,18,325,0,10,0
14-01 21:04:18,1.999,1.000,95.956,0,0.250,5200472,289040,184448,2327904,5528.460,1619.256,0,251.884,0,22.989,1507,2137,0.790,1.420,1.050,1,0,0,0,0,18,325,0,10,0
14-01 21:04:19,1.499,0.999,96.410,0.250,0,5200728,288788,184448,2327904,9920.779,1618.496,0,6485.972,0,191.822,1591,1707,0.790,1.420,1.050,2,0,0,0,0,18,325,0,10,0
14-01 21:04:20,1.997,0.749,96.102,0,0.250,5200600,288788,184448,2328032,6701.674,1455.757,0,0,0,0,1241,1715,0.790,1.420,1.050,1,0,1.997,0,0,18,325,0,10,0
14-01 21:04:21,1.752,0.501,96.605,0,0,5200600,288788,184448,2328032,9125.894,1663.804,0,0,0,0,1280,1751,0.810,1.410,1.050,1,0,1.001,0,0,18,325,0,10,0
14-01 21:04:22,1.500,0.500,96.481,0.250,0,5200900,288788,184448,2328036,7253.563,1619.679,0,51.990,0,6.999,1229,1715,0.810,1.410,1.050,1,0,0,0,0,18,325,0,10,0
14-01 21:04:23,2.753,0.751,95.612,0,0,5200876,288788,184448,2328060,10258.051,1621.905,16.019,164.193,1.001,18.021,1540,2149,0.810,1.410,1.050,1,0,0,0,0,18,325,0,10,0
14-01 21:04:24,20.729,6.743,72.178,0.250,0,5220116,269524,184448,2328068,8798.180,1618.378,511.487,3072.919,3.996,33.966,2970,2426,0.810,1.410,1.050,3,0,7.992,0,0,18,325,0,10,0
14-01 21:04:25,11.748,3.999,83.235,0,0,5213732,275904,184448,2328072,5885.911,1661.692,511.905,55.990,3.999,5.999,2063,1967,0.810,1.410,1.050,1,0,3.999,0,0,18,325,0,10,0
14-01 21:04:26,1.500,0.750,96.742,0,0,5213732,275904,184448,2328072,5822.545,1619.873,0,0,0,0,1116,1610,0.740,1.390,1.050,1,0,0,0,0,18,325,0,10,0
14-01 21:04:27,2.502,1.001,95.078,0.250,0,5213976,275652,184448,2328080,8978.406,1621.337,0,1148.948,0,199.164,1867,2145,0.740,1.390,1.050,1,0,1.001,0,0,18,325,0,10,0
14-01 21:04:28,2.500,0.750,94.756,0.500,0,5213972,275652,184448,2328084,7808.521,1458.097,0,160.011,0,24.002,1761,2443,0.740,1.390,1.050,1,0,1.000,0,0,18,325,0,10,0
14-01 21:04:29,2.001,1.000,96.276,0,0,5214196,275428,184448,2328084,8273.258,1134.310,0,2988.816,0,16.004,1353,1832,0.740,1.390,1.050,1,0,0,0,0,18,325,0,10,0
14-01 21:04:30,12.244,3.748,82.461,0,0,5243960,245652,184464,2328080,426598.627,12923.960,0,343.839,0,16.992,2920,2688,0.740,1.390,1.050,2,0,24.988,0,0,18,325,0,10,0
14-01 21:04:31,15.283,5.512,77.167,0.752,0,5246308,242904,184472,2328472,305304.293,12691.407,132.286,132.286,7.015,6.013,3239,2790,0.680,1.370,1.040,1,0,33.071,0,0,18,325,0,10,0
