"pcp-dstat 6.2.0 CSV Output"
"Author:","PCP team <pcp@groups.io> and Dag Wieers <dag@wieers.com>",,,,"URL:","https://pcp.io/ and http://dag.wieers.com/home-made/dstat/"
"Host:","ubuntu",,,,"User:","ubuntu"
"Cmdline:","dstat -tcmndrylpg --tcp --output /tmp/devstack_logs/dstat-csv.log",,,,"Date:","19 Jan 2026 14:48:23 UTC"
"system","total usage",,,,,"memory usage",,,,"net/total",,"dsk/total",,"io/total",,"system",,"load avg",,,"procs",,,"paging",,"tcp sockets",,,,
"time","total usage:usr","total usage:sys","total usage:idl","total usage:wai","total usage:stl","used","free","buf","cach","net/total:recv","net/total:send","dsk/total:read","dsk/total:writ","read","writ","int","csw","1m","5m","15m","run","blk","new","in","out","lis","act","syn","tim","clo"
19-01 14:48:23,,986464,1718140,164096,4952916,,,,,,,1.100,0.870,0.510,3,0,,,,10,5,0,17,1
19-01 14:48:24,23.497,21.247,54.243,0.750,0,999464,1704840,164144,4953112,20330.511,8630.943,0,3363.588,0,94.988,6888,5882,1.100,0.870,0.510,2,0,544.933,0,0,10,5,0,17,1
19-01 14:48:25,26.740,17.244,54.480,0.500,0,1015996,1687744,164200,4953536,41252.549,11295.769,0,1547.420,0,55.979,6140,5607,1.100,0.870,0.510,1,0,342.872,0,0,10,4,0,17,2
19-01 14:48:26,28.453,15.225,55.409,0.250,0,1008148,1687888,164248,4960884,152122.894,14765.627,0,1561.423,0,47.921,6688,7438,1.100,0.870,0.510,3,0,233.614,0,0,10,4,0,17,2
19-01 14:48:27,24.034,9.013,65.842,1.001,0,1142188,1527384,165004,5108044,62939.219,3628.085,16.022,2607.655,1.001,82.115,4113,3731,1.170,0.890,0.510,3,0,87.122,0,0,11,6,0,17,2
19-01 14:48:28,39.010,12.753,46.762,0.250,0,1168808,1482408,165520,5123916,7699.941,1620.408,0,1540.388,0,41.010,4429,2798,1.170,0.890,0.510,2,0,174.044,0,0,11,6,0,17,2
19-01 14:48:29,43.749,6.750,48.499,0.750,0,1226312,1409724,165796,5137464,40832.940,1619.958,31.999,5987.845,2.000,65.998,3739,2422,1.170,0.890,0.510,2,0,45.999,0,0,11,6,0,19,2
19-01 14:48:30,43.627,5.235,48.862,0.997,0,1261364,1352316,166976,5155776,45832.988,1615.453,0,4303.885,0,126.644,3624,2266,1.170,0.890,0.510,2,0,0,0,0,11,6,0,19,2
19-01 14:48:31,37.366,6.771,46.143,8.526,0,1267684,1310664,168700,5186500,7591.547,1625.041,0,36132.074,0,2476.682,12208,19302,1.170,0.890,0.510,4,1,43.134,0,0,11,8,0,19,2
19-01 14:48:32,38.345,6.225,43.574,10.209,0,1282368,1280300,170124,5198928,6703.849,2523.778,0,56873.655,0,3965.937,15316,25561,1.240,0.910,0.520,1,0,39.839,0,0,11,7,0,19,2
19-01 14:48:33,38.825,8.266,51.350,1.002,0,1298436,1282400,170152,5181160,14471.118,3272.358,0,5899.463,0,347.676,4334,3459,1.240,0.910,0.520,2,0,77.150,0,0,11,4,0,19,0
19-01 14:48:34,40.221,4.996,53.712,0.250,0,1333772,1244124,170152,5184100,14512.617,3722.337,0,8382.003,0,318.772,3538,1810,1.240,0.910,0.520,3,0,32.976,0,0,11,5,0,19,0
19-01 14:48:35,44.825,5.760,48.331,0.250,0,1307024,1266500,170296,5187696,9193.314,1796.993,0,5765.604,0,219.365,3701,2453,1.240,0.910,0.520,2,0,13.022,0,0,11,4,0,19,0
19-01 14:48:36,39.520,5.253,55.277,0.250,0,1335400,1230336,170808,5193592,14394.150,4727.348,0,1188.590,0,29.014,2856,1585,1.240,0.910,0.520,2,0,19.009,0,0,11,4,0,19,0
19-01 14:48:37,36.028,17.764,43.534,0.250,0,1221136,1343852,170892,5194132,6810.299,1621.261,0,1917.492,0,183.142,14041,21413,1.380,0.950,0.540,3,0,364.283,0,0,11,4,0,19,0
19-01 14:48:38,33.468,23.477,40.960,0,0,1203496,1360996,170936,5194864,9011.270,1618.432,0,207.799,0,11.988,14724,22535,1.380,0.950,0.540,2,0,446.567,0,0,11,4,0,19,0
19-01 14:48:39,54.557,15.445,29.894,0,0,1166884,1412352,170948,5181872,9669.831,1614.296,0,2116.521,0,16.940,5395,5260,1.380,0.950,0.540,4,0,219.225,0,0,11,5,0,19,0
19-01 14:48:40,57.481,5.773,36.647,0,0,1252548,1326672,170948,5182004,9671.871,1506.053,0,8.032,0,2.008,3436,1511,1.380,0.950,0.540,2,0,50.202,0,0,11,5,0,19,0
19-01 14:48:41,43.660,6.487,48.899,0,0,1280560,1298112,170960,5182540,8610.244,1616.666,0,211.564,0,2.994,2750,1313,1.380,0.950,0.540,2,0,0,0,0,11,5,0,19,0
19-01 14:48:42,29.241,9.747,59.733,0.250,0,1319564,1256692,170996,5184868,8957.378,1661.514,0,1619.526,0,25.992,5444,6631,1.270,0.930,0.530,0,0,118.965,0,0,11,4,0,19,0
19-01 14:48:43,17.541,4.260,77.683,0,0,1339612,1236628,171000,5184868,10298.326,1623.836,0,473.118,0,28.066,2033,1737,1.270,0.930,0.530,1,0,22.052,0,0,11,4,0,19,0
19-01 14:48:44,22.448,3.741,72.583,0,0,1354308,1221924,171000,5184872,7660.373,1616.281,0,23681.507,0,72.832,2018,1412,1.270,0.930,0.530,1,0,0,0,0,11,4,0,19,0
19-01 14:48:45,23.745,2.250,72.486,1.000,0,1377080,1198860,171056,5185108,5699.863,1619.677,0,2135.574,0,193.961,3731,4436,1.270,0.930,0.530,1,0,1.000,0,0,11,10,0,19,0
19-01 14:48:46,20.012,5.503,72.293,1.001,0,1330816,1244980,171232,5185076,9138.471,1620.970,228.137,2597.555,13.008,153.092,2788,2265,1.270,0.930,0.530,0,1,42.025,0,0,11,4,0,21,0
19-01 14:48:47,19.486,1.499,77.945,0,0,1357584,1217704,171360,5185404,10560.567,3844.294,143.899,1103.224,6.995,11.992,1766,1301,1.250,0.930,0.540,1,0,0,0,0,11,11,0,21,0
19-01 14:48:48,17.250,2.750,73.750,5.250,0,1356608,1218176,171404,5185768,11354.979,5680.989,267.999,1459.997,66.000,33.000,2575,2562,1.250,0.930,0.540,0,0,3.000,0,0,11,29,0,15,0
19-01 14:48:49,19.800,6.266,73.687,0,0,1334792,1239988,171404,5185780,11486.074,3316.394,0,23491.462,0,78.198,2600,1799,1.250,0.930,0.540,2,0,43.109,0,0,11,28,0,16,0
19-01 14:48:50,16.722,2.496,79.367,0,0.250,1358472,1216300,171404,5185788,15285.331,7537.343,0,914.464,0,4.992,1920,1471,1.250,0.930,0.540,1,0,0,0,0,11,29,0,16,0
19-01 14:48:51,29.478,11.741,57.707,0,0,1370032,1204720,171404,5185808,8041.946,2550.080,0,11.991,0,2.998,3768,2562,1.250,0.930,0.540,2,0,155.883,0,0,11,28,0,17,0
19-01 14:48:52,37.239,3.999,58.232,0,0,1435264,1139476,171404,5185820,14363.589,9513.078,0,2263.305,0,13.996,3072,2166,1.310,0.950,0.540,3,0,1.000,0,0,11,30,0,17,0
19-01 14:48:53,37.374,11.789,49.915,0.251,0,1439180,1135332,171416,5188548,17233.053,12428.146,0,3162.470,0,126.419,6974,12819,1.310,0.950,0.540,6,0,260.864,0,0,11,28,0,18,0
19-01 14:48:54,74.491,24.997,0.250,0,0,1569608,1004872,171420,5186056,9299.851,1457.820,0,27.997,0,6.999,5544,10563,1.310,0.950,0.540,6,0,353.956,0,0,11,28,0,19,0
19-01 14:48:55,87.432,9.742,2.998,0,0.250,1731340,843128,171420,5186068,23064.038,18095.907,0,447.651,0,4.996,5696,3710,1.310,0.950,0.540,3,0,0,0,0,11,33,0,19,0
19-01 14:48:56,77.540,11.006,11.006,0,0,1641472,932720,171436,5186324,41330.429,28442.747,0,616.320,0,58.030,8356,12788,1.310,0.950,0.540,4,0,137.071,0,0,11,30,0,21,0
19-01 14:48:57,25.496,9.249,63.991,0,0,1494204,1079956,171436,5186352,11844.249,3848.431,0,367.946,0,22.997,3914,3724,1.280,0.950,0.550,1,0,172.974,0,0,11,28,0,23,0
19-01 14:48:58,18.999,1.750,78.247,0,0,1494664,1079492,171436,5186356,13185.480,5534.782,0,351.986,0,10.000,1974,1572,1.280,0.950,0.550,1,0,0,0,0,11,29,0,23,0
19-01 14:48:59,14.965,6.984,76.570,0.249,0,1424880,1149244,171452,5186372,45521.977,4584.222,0,897.889,0,64.848,3733,3719,1.280,0.950,0.550,1,0,67.841,0,0,11,28,0,24,0
19-01 14:49:00,19.491,3.998,76.464,0,0,1462492,1111616,171452,5186376,42871.043,3973.150,0,49996.726,0,150.930,2217,1631,1.280,0.950,0.550,1,0,0,0,0,11,29,0,23,0
19-01 14:49:01,16.300,6.018,76.484,0.251,0,1454732,1119340,171472,5186392,13404.093,6258.186,0,1183.629,0,32.098,3620,3660,1.280,0.950,0.550,1,0,89.274,0,0,11,28,0,24,0
19-01 14:49:02,13.004,27.259,57.769,0,0,1440756,1133288,171472,5186420,9109.987,1458.478,0,236.077,0,17.006,6722,5519,1.580,1.020,0.570,4,0,739.242,0,0,11,28,0,24,0
19-01 14:49:03,80.749,18.750,0.250,0,0,1575312,998684,171480,5186428,5961.961,1861.988,0,231.998,0,13.000,5103,2983,1.580,1.020,0.570,4,0,210.999,0,0,11,28,1,24,0
19-01 14:49:04,80.700,8.495,10.993,0,0,1669848,904100,171480,5186472,39425.671,31498.563,0,491.697,0,28.982,6260,7629,1.580,1.020,0.570,6,0,0,0,0,11,33,0,24,0
19-01 14:49:05,76.297,15.259,8.005,0.500,0,1587572,986152,171524,5186684,28252.486,20821.887,0,49878.872,0,568.352,9738,12277,1.580,1.020,0.570,5,0,145.090,0,0,11,28,0,25,0
19-01 14:49:06,83.105,16.721,0,0,0,1645992,927692,171528,5186716,13078.120,5525.334,0,235.588,0,14.974,5332,3598,1.580,1.020,0.570,6,0,164.712,0,0,11,29,0,25,0
19-01 14:49:07,85.896,7.763,6.010,0,0,1755864,817616,171528,5186960,36448.022,29079.483,0,140.239,0,8.014,6037,6868,1.780,1.070,0.590,5,0,0,0,0,11,33,0,26,0
19-01 14:49:08,70.453,10.993,17.239,0,0,1620160,952952,171532,5187324,40121.508,33197.081,0,2770.171,0,137.909,9627,15131,1.780,1.070,0.590,2,0,199.868,0,0,11,28,0,30,0
19-01 14:49:09,40.516,10.254,48.770,0,0,1495868,1077228,171536,5187336,8021.214,1458.585,0,476.191,0,12.005,3481,2128,1.780,1.070,0.590,2,0,98.039,0,0,11,28,0,30,0
19-01 14:49:10,30.962,3.745,64.671,0,0,1504572,1068488,171544,5187364,24557.933,14888.771,0,287.648,0,11.985,3631,3872,1.780,1.070,0.590,1,0,0,0,0,11,30,0,30,0
19-01 14:49:11,46.820,20.280,32.549,0,0,1446676,1126344,171548,5187400,13536.276,6660.977,0,344.516,0,28.042,5760,5677,1.780,1.070,0.590,3,0,378.567,0,0,11,28,0,32,0
19-01 14:49:12,54.494,5.749,38.496,0,0,1513128,1059868,171548,5187424,20354.664,13297.474,0,179.979,0,6.999,3944,2635,1.710,1.070,0.590,3,0,1.000,0,0,11,31,0,31,0
19-01 14:49:13,51.502,11.001,36.752,0.500,0,1438020,1134756,171580,5187612,24770.182,18386.878,0,880.042,0,82.004,7222,9583,1.710,1.070,0.590,4,0,195.009,0,0,11,28,0,32,0
19-01 14:49:14,83.255,16.751,0,0,0,1570456,1002292,171580,5187640,9980.561,1620.091,0,180.010,0,10.001,4931,2184,1.710,1.070,0.590,4,0,63.004,0,0,11,28,0,32,0
19-01 14:49:15,54.955,6.245,37.469,0,0,1609240,963436,171596,5187692,37188.252,31615.859,0,263.782,0,21.982,7036,8958,1.710,1.070,0.590,2,0,0,0,0,11,32,0,32,0
19-01 14:49:16,62.800,17.764,18.765,0,0,1532628,1039864,171608,5187864,17970.366,12204.757,0,644.515,0,41.033,6567,7698,1.710,1.070,0.590,3,0,324.259,0,0,11,28,0,35,0
19-01 14:49:17,54.713,6.246,38.724,0,0.250,1564720,1007728,171612,5187904,20397.266,13194.116,0,239.839,0,15.989,3952,2696,1.820,1.100,0.600,3,0,0,0,0,11,31,0,31,0
19-01 14:49:18,52.723,12.743,33.733,0.500,0,1518404,1053960,171640,5187960,27339.985,18809.358,0,3102.410,0,180.907,8026,10519,1.820,1.100,0.600,5,0,255.869,0,0,11,28,0,33,0
19-01 14:49:19,63.149,11.731,24.461,0,0,1560964,1011344,171640,5187984,8958.631,2230.423,0,259.584,0,12.979,3875,1776,1.820,1.100,0.600,2,0,42.931,0,0,11,29,0,33,0
19-01 14:49:20,44.480,4.998,49.478,0,0,1570496,1001488,171664,5188284,33060.428,24791.073,0,207.908,0,20.991,6743,8415,1.820,1.100,0.600,4,0,0,0,0,11,29,0,35,0
19-01 14:49:21,59.694,18.059,21.570,0,0,1542476,1029348,171668,5188440,10154.062,5749.722,0,349.137,0,12.039,4944,4078,1.820,1.100,0.600,3,0,287.938,0,0,11,28,0,33,0
19-01 14:49:22,52.930,5.992,41.196,0,0,1597012,974656,171672,5188592,25137.897,15282.875,0,151.800,0,8.988,4224,3225,1.910,1.130,0.620,4,0,0.999,0,0,11,31,0,33,0
19-01 14:49:23,52.066,13.267,34.293,0,0,1473428,1098156,171700,5188648,20316.630,13653.224,0,1161.465,0,86.109,7145,8389,1.910,1.130,0.620,3,0,112.141,0,0,11,28,0,35,0
19-01 14:49:24,55.619,5.737,37.412,0,0,1577568,993992,171700,5188672,15482.642,11645.653,0,0,0,0,3712,2190,1.910,1.130,0.620,2,0,0,0,0,11,31,0,35,0
19-01 14:49:25,51.624,11.528,37.089,0.251,0,1476940,1094560,171712,5188720,26484.422,17072.884,0,324.778,0,34.082,6848,8513,1.910,1.130,0.620,3,0,199.478,0,0,11,28,0,37,0
19-01 14:49:26,72.991,25.497,1.250,0,0,1561604,1009816,171712,5188768,8865.857,1619.791,0,259.966,0,22.997,5706,4890,1.910,1.130,0.620,8,0,502.935,0,0,11,28,0,37,0
19-01 14:49:27,83.163,16.233,0.250,0,0,1717692,853696,171712,5188796,19514.504,13426.898,0,159.832,0,7.992,5934,5003,2.160,1.190,0.640,6,0,393.587,0,0,11,31,0,37,0
19-01 14:49:28,77.501,19.750,2.000,0.250,0,1767944,803184,171728,5189016,50958.836,41986.689,0,820.013,0,60.001,8483,10683,2.160,1.190,0.640,5,0,448.007,0,0,11,31,0,38,0
19-01 14:49:29,80.477,19.244,0.750,0,0,1598824,972052,171764,5189232,57826.341,13014.251,0,523.849,0,44.987,6943,6847,2.160,1.190,0.640,6,0,315.909,0,0,11,28,0,36,0
19-01 14:49:30,80.107,9.513,10.013,0,0,1654184,916648,171764,5189280,57147.498,17236.072,0,152.204,0,6.008,5593,4178,2.160,1.190,0.640,2,0,0,0,0,11,32,0,36,0
19-01 14:49:31,70.851,10.478,17.463,0,0,1663732,906860,171764,5189524,44425.795,35715.070,0,247.481,0,2.994,9013,13409,2.160,1.190,0.640,4,0,132.722,0,0,11,30,0,39,0
19-01 14:49:32,30.047,23.537,46.072,0,0,1525468,1045096,171764,5189560,12909.296,8420.238,0,28.044,0,7.011,7068,7321,2.070,1.190,0.640,2,0,677.064,0,0,11,28,0,41,0
19-01 14:49:33,57.535,31.769,10.006,0,0,1512832,1057696,171764,5189596,8556.212,1458.889,0,36.022,0,9.005,6033,5471,2.070,1.190,0.640,4,0,794.484,0,0,11,28,0,41,0
19-01 14:49:34,69.785,7.975,21.683,0,0,1605956,964516,171772,5189644,23580.324,19545.759,0,287.115,0,15.951,4936,4569,2.070,1.190,0.640,1,0,0,0,0,11,32,0,41,0
19-01 14:49:35,64.689,14.793,20.309,0,0,1527464,1042824,171788,5189812,26285.612,16540.208,0,581.695,0,66.193,6623,9031,2.070,1.190,0.640,5,0,201.588,0,0,11,28,0,45,0
19-01 14:49:36,71.765,11.502,16.503,0,0,1588800,981440,171796,5189852,13545.782,7682.578,0,384.079,0,50.010,4487,2395,2.070,1.190,0.640,3,0,67.014,0,0,11,30,1,45,0
19-01 14:49:37,50.486,5.998,42.738,0.250,0,1604772,965340,171796,5190056,35595.853,28155.973,0,163.953,0,7.998,6462,9802,2.140,1.220,0.660,3,0,0,0,0,11,32,0,45,0
19-01 14:49:38,58.217,7.995,32.981,0,0,1585132,984688,171812,5190328,46784.661,36036.712,0,339.809,0,33.981,11736,18381,2.140,1.220,0.660,4,0,29.983,0,0,11,30,0,45,0
19-01 14:49:39,78.296,14.508,6.754,0.250,0,1540064,1029688,171816,5190388,14742.619,9583.603,0,3638.127,0,155.091,6231,5943,2.140,1.220,0.660,3,0,90.053,0,0,11,29,0,45,0
19-01 14:49:40,66.489,7.749,25.496,0,0,1594180,975524,171820,5190432,30957.840,22874.187,0,1267.789,0,13.998,5685,6352,2.140,1.220,0.660,1,0,0,0,0,11,32,0,45,0
19-01 14:49:41,55.602,5.984,37.650,0,0.249,1601864,967460,171824,5190808,44893.658,38368.006,0,171.544,0,10.971,9897,17005,2.140,1.220,0.660,2,0,0,0,0,11,31,0,46,0
19-01 14:49:42,68.343,16.773,13.518,0,0,1496740,1072500,171828,5190888,28339.618,18509.222,0,128.175,0,7.010,7354,9510,2.290,1.270,0.670,4,0,212.289,0,0,11,28,0,49,0
19-01 14:49:43,74.111,10.766,15.023,0,0,1602556,966672,171828,5190900,23189.829,13375.088,0,120.181,0,7.011,4658,3494,2.290,1.270,0.670,4,0,49.074,0,0,11,31,0,49,0
19-01 14:49:44,64.506,10.001,25.253,0,0,1582236,986772,171828,5191120,38361.847,29528.962,0,108.011,0,8.001,7947,12455,2.290,1.270,0.670,5,0,68.007,0,0,11,30,0,51,0
19-01 14:49:45,74.493,11.999,13.749,0,0,1604628,964180,171844,5191304,26654.365,16768.342,0,395.961,0,39.996,5740,7810,2.290,1.270,0.670,3,0,29.997,0,0,11,29,0,51,0
19-01 14:49:46,70.455,10.993,16.989,0,0,1536476,1032288,171856,5191336,21879.958,14800.502,0,459.705,0,41.973,5830,5503,2.290,1.270,0.670,6,0,91.941,0,0,11,29,0,53,0
19-01 14:49:47,72.977,10.747,15.995,0,0,1587724,980996,171856,5191380,22223.927,17232.515,0,179.943,0,8.997,5667,7121,2.350,1.300,0.690,4,0,57.982,0,0,11,30,0,53,0
19-01 14:49:48,60.731,8.747,29.741,0,0,1591524,976960,171864,5191608,40299.393,31557.128,0,307.904,0,25.992,9082,12731,2.350,1.300,0.690,4,0,83.974,0,0,11,35,0,54,0
19-01 14:49:49,76.106,14.771,8.512,0,0,1515132,1053312,171864,5191648,21320.816,12602.624,0,164.230,0,9.013,6877,7231,2.350,1.300,0.690,6,0,147.206,0,0,11,33,0,54,0
19-01 14:49:50,71.206,7.246,21.487,0,0,1630108,938180,171864,5191776,25585.341,19293.192,0,127.922,0,6.996,4813,4470,2.350,1.300,0.690,4,0,5.996,0,0,11,35,0,55,0
19-01 14:49:51,66.691,11.240,21.231,0,0,1592724,975340,171876,5191988,29016.328,20063.249,0,255.774,0,21.981,6183,9003,2.350,1.300,0.690,4,0,77.931,0,0,11,33,0,57,0
19-01 14:49:52,61.677,10.238,27.967,0,0,1637680,930352,171884,5192012,16518.352,10596.396,0,435.482,0,37.955,4730,3951,2.320,1.310,0.690,2,0,122.854,0,0,11,33,0,59,0
19-01 14:49:53,49.008,11.252,39.007,0.250,0,1531404,1036584,171896,5192044,20903.484,12571.095,0,316.053,0,27.005,4834,5151,2.320,1.310,0.690,3,0,120.020,0,0,11,33,0,58,0
19-01 14:49:54,60.895,13.282,25.561,0,0,1537876,1030072,171900,5192080,16507.416,10074.054,0,288.689,0,36.086,5261,11400,2.320,1.310,0.690,2,0,132.316,0,0,11,33,0,60,0
19-01 14:49:55,51.204,7.743,39.964,0,0,1514000,1053772,171900,5192256,24641.048,16579.230,0,195.826,0,10.990,4705,5571,2.320,1.310,0.690,4,0,42.962,0,0,11,34,0,61,0
19-01 14:49:56,55.482,8.497,35.239,0,0,1510984,1056712,171908,5192324,22291.773,13616.586,0,235.924,0,15.995,4749,5420,2.320,1.310,0.690,2,0,48.984,0,0,11,33,0,63,0
19-01 14:49:57,35.441,5.491,58.154,0.250,0,1556684,1010848,171908,5192488,23041.863,14879.373,0,231.617,0,10.982,4242,4880,2.450,1.350,0.710,1,0,79.868,0,0,11,34,0,63,0
19-01 14:49:58,35.833,7.517,55.880,0,0,1537420,1030064,171920,5192524,18120.003,9581.210,0,368.855,0,35.081,4394,5309,2.450,1.350,0.710,2,0,68.158,0,0,11,32,0,58,0
19-01 14:49:59,38.773,7.254,53.032,0,0,1448616,1118864,171920,5192528,49977.981,6356.813,0,144.086,0,9.005,3451,2188,2.450,1.350,0.710,3,0,67.040,0,0,11,33,0,58,0
19-01 14:50:00,32.483,7.496,59.219,0.500,0,1443880,1123388,171924,5192732,54484.712,12384.570,0,215.888,0,17.991,4867,5606,2.450,1.350,0.710,3,0,103.946,0,0,11,33,0,59,0
19-01 14:50:01,41.118,8.722,49.590,0,0,1486036,1081216,171924,5192744,11370.375,3697.091,0,235.242,0,19.936,3633,2617,2.450,1.350,0.710,3,0,33.891,0,0,11,32,1,60,0
19-01 14:50:02,31.506,2.751,63.762,0.250,0,1510116,1057104,171928,5192768,20775.997,16068.091,0,3624.697,0,146.028,3799,3797,2.340,1.350,0.710,1,0,3.001,0,0,11,34,0,58,0
19-01 14:50:03,38.276,10.007,51.535,0.250,0,1512476,1054720,171936,5192784,9944.793,3735.552,0,336.230,0,34.023,4219,3508,2.340,1.350,0.710,2,0,65.044,0,0,11,32,0,60,0
19-01 14:50:04,37.062,3.005,58.848,0,0,1549068,1018120,171936,5192792,20462.999,11992.926,0,148.246,0,10.017,3023,2312,2.340,1.350,0.710,2,0,0,0,0,11,34,0,60,0
19-01 14:50:05,34.493,6.998,57.738,0.250,0,1440276,1126844,171944,5192852,21036.449,13065.174,0,803.826,0,53.988,5804,7101,2.340,1.350,0.710,3,0,49.989,0,0,11,32,0,62,0
19-01 14:50:06,40.407,5.487,52.878,0,0,1472108,1094880,171944,5192984,12136.950,3858.084,0,131.696,0,7.982,2833,1645,2.340,1.350,0.710,5,0,0,0,0,11,33,0,61,0
19-01 14:50:07,31.796,4.256,62.840,0,0,1488252,1078688,171956,5193020,25939.329,19007.353,0,308.444,0,19.027,4891,6076,2.390,1.370,0.730,3,0,0,0,0,11,33,0,62,0
19-01 14:50:08,32.455,13.231,52.926,0.499,0.250,1500528,1066328,171964,5193092,10902.755,3991.419,0,223.687,0,21.969,5090,4486,2.390,1.370,0.730,2,0,281.606,0,0,11,32,0,63,0
19-01 14:50:09,15.753,2.250,80.266,0,0,1502692,1064144,171964,5193108,17827.582,9766.962,0,156.031,0,8.002,2652,2930,2.390,1.370,0.730,2,0,0,0,0,11,33,0,63,0
19-01 14:50:10,12.024,12.776,74.399,0,0,1461472,1105336,171976,5193124,8381.807,4012.045,0,1575.159,0,164.330,5176,4572,2.390,1.370,0.730,1,0,284.571,0,0,11,32,0,59,0
19-01 14:50:11,21.725,3.746,73.666,0.250,0,1477688,1089108,171980,5193128,5773.379,1618.144,0,1290.520,0,12.985,1781,1233,2.390,1.370,0.730,1,0,0,0,0,11,32,0,59,0
19-01 14:50:12,16.216,2.245,80.080,0,0,1464876,1101900,171984,5193148,17481.928,10786.127,0,538.857,0,66.858,3233,3783,2.200,1.350,0.720,0,0,0.998,0,0,11,33,0,59,0
19-01 14:50:13,19.581,5.774,74.308,0,0,1379056,1187716,171984,5193152,10791.761,3175.170,0,4.017,0,1.004,2321,1926,2.200,1.350,0.720,1,0,46.192,0,0,11,32,0,60,0
19-01 14:50:14,18.480,2.248,78.415,0,0,1380996,1185772,171984,5193156,13625.239,7098.310,0,0,0,0,1910,1515,2.200,1.350,0.720,0,0,0,0,0,11,33,0,57,0
19-01 14:50:15,17.975,2.247,78.642,0.250,0,1379476,1187100,172000,5193332,16223.682,10130.065,0,311.571,0,29.959,4788,6513,2.200,1.350,0.720,1,0,0,0,0,11,32,0,57,0
19-01 14:50:16,10.777,22.556,65.914,0,0,1313240,1253172,172008,5193484,9730.195,1624.038,0,268.668,0,15.037,6347,5000,2.200,1.350,0.720,3,0,576.433,0,0,11,32,0,58,0
19-01 14:50:17,43.519,7.003,48.521,0,0,1454748,1111420,172032,5193700,7474.206,1566.672,0,600.257,0,27.012,3514,2327,2.180,1.360,0.730,2,0,51.022,0,0,11,32,0,59,0
19-01 14:50:18,39.145,5.735,46.625,6.981,0,1513064,1046936,172632,5198648,6749.851,1615.656,0,17564.771,0,1628.621,11244,15039,2.180,1.360,0.730,2,0,73.802,0,0,11,36,0,55,0
19-01 14:50:19,38.831,8.518,41.086,11.274,0,1445200,1110032,173572,5202352,5591.658,1623.385,0,54437.495,0,4475.330,20009,32897,2.180,1.360,0.730,6,1,91.190,0,0,11,36,0,55,0
19-01 14:50:20,43.655,6.486,45.402,3.492,0,1521572,1034328,173696,5201556,8922.652,1658.404,0,13347.058,0,1087.642,7969,9492,2.180,1.360,0.730,3,0,12.972,0,0,11,32,0,55,0
19-01 14:50:21,43.621,5.766,46.880,3.510,0,1524156,1031444,173760,5201772,8976.882,1624.503,0,5916.399,0,932.585,9114,11122,2.180,1.360,0.730,4,0,2.006,0,0,11,34,0,55,0
19-01 14:50:22,37.358,8.966,46.573,5.230,0,1548480,1006508,174052,5202084,8486.734,1506.273,0,15911.506,0,1941.618,14737,19700,2.250,1.390,0.740,2,0,100.617,0,0,11,32,0,51,0
19-01 14:50:23,22.762,3.002,72.789,0.500,0,1505944,1048980,174092,5202104,9918.312,1620.868,0,2905.556,0,179.096,2426,2128,2.250,1.390,0.740,2,0,1.001,0,0,11,32,0,51,0
19-01 14:50:24,22.245,3.999,73.485,0.250,0,1545988,1008924,174104,5202104,8820.154,1619.661,0,1299.728,0,66.986,2067,1561,2.250,1.390,0.740,3,0,2.000,0,0,11,32,0,51,0
19-01 14:50:25,22.994,3.749,72.230,0.750,0,1520104,1034728,174164,5202124,7284.004,1619.556,0,5370.528,0,298.918,2726,2554,2.250,1.390,0.740,2,0,1.000,0,0,11,32,0,51,0
19-01 14:50:26,22.252,2.750,73.507,0,0,1541356,1013476,174164,5202124,6426.598,1566.146,0,892.083,0,130.012,1858,1004,2.250,1.390,0.740,2,0,2.000,0,0,11,32,0,47,0
19-01 14:50:27,22.242,4.248,73.472,0,0,1511972,1042848,174164,5202136,9542.362,1619.383,0,0,0,0,1876,1301,2.150,1.380,0.740,2,0,1.000,0,0,11,32,0,47,0
19-01 14:50:28,23.515,3.002,73.045,0,0,1542532,1012272,174164,5202140,10174.315,1621.006,0,8.005,0,2.001,1921,1148,2.150,1.380,0.740,2,0,8.005,0,0,11,32,0,47,0
19-01 14:50:29,22.001,3.500,73.503,0,0,1497840,1056880,174164,5202212,42601.803,1620.069,0,0,0,0,1899,1334,2.150,1.380,0.740,2,0,1.000,0,0,11,32,0,47,0
19-01 14:50:30,23.499,2.000,73.746,0,0,1516080,1038640,174164,5202212,44136.840,1511.926,0,0,0,0,1857,1093,2.150,1.380,0.740,2,0,2.000,0,0,11,32,0,46,0
19-01 14:50:31,21.251,4.500,73.504,0,0,1517072,1037548,174180,5202296,6662.347,1620.084,0,344.018,0,15.001,2082,1802,2.150,1.380,0.740,2,0,1.000,0,0,11,32,0,46,0
19-01 14:50:32,22.253,3.750,73.010,0,0,1494592,1059976,174196,5202332,11030.470,1620.216,0,324.043,0,22.003,1998,1484,2.060,1.380,0.750,2,0,2.000,0,0,11,32,0,46,0
19-01 14:50:33,22.576,3.010,73.749,0,0,1484356,1070212,174196,5202332,31179.266,1667.630,0,0,0,0,2027,1088,2.060,1.380,0.750,1,0,2.007,0,0,11,32,0,46,0
19-01 14:50:34,22.421,3.737,73.492,0,0,1494208,1060340,174196,5202352,5634.189,1614.324,0,95.664,0,3.986,1910,1521,2.060,1.380,0.750,1,0,0.996,0,0,11,32,0,41,0
19-01 14:50:35,22.499,3.250,72.496,0.750,0,1480568,1073880,174268,5202380,9225.544,1619.920,0,6971.656,0,329.984,2852,2589,2.060,1.380,0.750,1,0,1.000,0,0,11,32,0,41,0
19-01 14:50:36,23.247,3.000,73.742,0,0,1505072,1049376,174268,5202380,8786.050,1619.825,0,0,0,0,1744,1066,2.060,1.380,0.750,1,0,2.000,0,0,11,32,0,41,0
19-01 14:50:37,11.784,17.049,70.453,0,0,1457972,1096308,174268,5202536,8907.722,1570.535,0,685.981,0,39.113,5477,4175,1.970,1.370,0.750,1,0,412.190,0,0,11,32,0,41,0
19-01 14:50:38,7.755,21.514,69.045,0,0,1444616,1109568,174268,5202608,9435.153,1621.057,0,628.410,0,10.007,6099,4574,1.970,1.370,0.750,1,0,447.292,0,0,11,32,0,41,0
19-01 14:50:39,8.249,21.497,69.492,0,0,1416100,1138044,174268,5202644,7205.121,1565.809,0,87.989,0,1.000,6217,4698,1.970,1.370,0.750,1,0,470.943,0,0,11,32,0,37,0
19-01 14:50:40,20.741,4.748,73.469,0,0,1464840,1089320,174268,5202628,11556.148,1565.343,0,3.998,0,1.000,2365,1645,1.970,1.370,0.750,1,0,43.982,0,0,11,32,0,37,0
19-01 14:50:41,22.941,2.743,73.310,0,0,1511664,1042484,174272,5202636,7155.455,1615.812,0,243.369,0,14.961,2043,1492,1.970,1.370,0.750,2,0,1.995,0,0,11,32,0,37,0
19-01 14:50:42,22.000,3.750,72.999,0,0,1524048,1030104,174272,5202632,6195.946,1661.986,0,335.997,0,23.000,2034,1546,1.890,1.360,0.750,2,0,2.000,0,0,11,32,0,37,0
19-01 14:50:43,23.326,3.261,73.490,0.502,0,1518016,1036116,174272,5202652,11841.678,1625.309,0,2728.913,0,310.013,2400,1248,1.890,1.360,0.750,2,0,3.010,0,0,11,32,0,33,0
19-01 14:50:44,21.910,2.988,73.450,0,0,1516060,1038084,174272,5202640,10082.760,1613.401,0,0,0,0,1903,1264,1.890,1.360,0.750,1,0,0,0,0,11,32,0,33,0
19-01 14:50:45,22.267,3.753,73.557,0,0,1497728,1056400,174272,5202656,8392.474,1621.251,0,12.009,0,1.001,1929,1236,1.890,1.360,0.750,2,0,3.002,0,0,11,32,0,33,0
19-01 14:50:46,21.503,4.251,73.760,0,0,1497032,1057116,174272,5202636,8496.115,1566.206,0,4.001,0,1.000,1926,1403,1.890,1.360,0.750,1,0,2.000,0,0,11,32,0,33,0
19-01 14:50:47,22.796,2.505,73.901,0,0,1477580,1076548,174272,5202656,9038.424,1569.199,0,20.041,0,1.002,1848,1195,1.820,1.360,0.750,2,0,1.002,0,0,11,32,0,29,0
19-01 14:50:48,21.951,3.991,73.336,0,0,1496936,1057200,174276,5202644,7321.626,1616.385,0,1089.563,0,8.980,1944,1346,1.820,1.360,0.750,2,0,1.996,0,0,11,32,0,29,0
19-01 14:50:49,24.053,2.255,73.912,0,0,1465368,1088752,174276,5202660,7067.465,1623.553,0,12.026,0,1.002,1793,1117,1.820,1.360,0.750,2,0,1.002,0,0,11,32,0,29,0
19-01 14:50:50,22.249,3.500,74.247,0,0,1479392,1074752,174276,5202636,6111.723,1565.929,0,0,0,0,1860,1300,1.820,1.360,0.750,1,0,2.000,0,0,11,32,0,29,0
19-01 14:50:51,22.952,2.994,73.098,0.249,0,1456376,1097748,174280,5202660,10693.830,1616.648,0,167.652,0,10.977,2033,1483,1.820,1.360,0.750,2,0,0.998,0,0,11,32,0,24,0
19-01 14:50:52,21.998,3.750,72.993,0,0,1492144,1062068,174280,5202572,8841.131,1619.841,0,323.968,0,23.998,2011,1387,1.760,1.350,0.750,1,0,3.000,0,0,11,32,0,24,0
19-01 14:50:53,22.768,3.002,73.809,0,0,1447868,1106256,174280,5202660,9398.510,1621.296,0,1349.078,0,37.030,1907,1144,1.760,1.350,0.750,1,0,1.001,0,0,11,32,0,24,0
19-01 14:50:54,27.477,5.995,65.945,0,0,1426512,1127624,174280,5202648,9083.407,1618.647,0,11.990,0,0.999,3136,13049,1.760,1.350,0.750,1,0,36.969,0,0,11,32,0,25,0
19-01 14:50:55,22.527,3.254,73.838,0,0,1464752,1089392,174280,5202640,9683.504,1621.927,0,0,0,0,1836,1229,1.760,1.350,0.750,1,0,2.002,0,0,11,32,0,18,0
19-01 14:50:56,22.710,2.995,73.621,0,0,1444508,1109636,174280,5202640,7434.938,1509.348,0,19.965,0,0.998,1793,1197,1.760,1.350,0.750,1,0,0.998,0,0,11,32,0,18,0
19-01 14:50:57,23.270,3.003,73.562,0,0,1422928,1131196,174280,5202660,7362.228,1621.372,0,20.017,0,1.001,1854,1339,1.690,1.350,0.750,1,0,1.001,0,0,11,32,0,18,0
19-01 14:50:58,22.248,3.250,73.494,0,0,1452160,1101972,174284,5202648,8412.361,1713.870,0,115.991,0,3.000,1813,1253,1.690,1.350,0.750,1,0,0,0,0,11,32,0,18,0
19-01 14:50:59,21.065,5.015,73.475,0,0,1445188,1108904,174284,5202684,43741.218,1570.820,0,136.419,0,29.089,2367,1516,1.690,1.350,0.750,1,0,46.142,0,0,11,32,0,13,0
19-01 14:51:00,11.217,18.446,68.800,0,0,1447632,1106432,174284,5202712,41859.339,1615.305,0,223.351,0,9.971,5546,4158,1.690,1.350,0.750,1,0,414.794,0,0,11,32,0,13,0
19-01 14:51:01,23.253,2.750,73.259,0,0,1444992,1109044,174292,5202732,8224.990,1620.195,0,188.023,0,12.001,2009,1601,1.690,1.350,0.750,1,0,0,0,0,11,32,0,13,0
19-01 14:51:02,22.506,3.001,73.519,0,0,1439184,1114568,174292,5202980,7604.983,1620.423,0,380.099,0,22.006,1917,1234,1.640,1.340,0.750,1,0,10.003,0,0,11,32,0,13,0
19-01 14:51:03,22.995,2.999,73.734,0,0,1487220,1066532,174292,5202980,8531.188,1619.656,0,59.987,0,1.000,1800,1204,1.640,1.340,0.750,1,0,0,0,0,11,32,0,9,0
19-01 14:51:04,11.025,20.046,68.408,0.251,0,1452628,1100976,174292,5203124,9708.380,1623.743,40.092,100.231,2.005,5.012,5817,4399,1.640,1.340,0.750,2,0,458.056,0,0,11,32,0,9,0
19-01 14:51:05,8.504,21.511,68.785,0,0,1435420,1118152,174292,5203152,6200.135,1566.792,0,388.196,0,32.016,6494,5032,1.640,1.340,0.750,1,0,526.266,0,0,11,32,0,9,0
19-01 14:51:06,8.251,22.502,68.256,0,0,1432544,1120988,174292,5203188,9181.851,1620.150,0,532.049,0,7.001,6491,5099,1.640,1.340,0.750,3,0,539.050,0,0,11,32,0,9,0
19-01 14:51:07,8.001,22.254,68.511,0,0,1415540,1137948,174296,5203220,7536.258,1566.261,0,1292.216,0,15.003,6332,4888,1.670,1.350,0.760,1,0,527.088,0,0,11,32,0,7,0
19-01 14:51:08,8.997,22.493,67.977,0,0,1403624,1149840,174296,5203244,6246.930,1619.463,0,1307.567,0,15.995,6288,4838,1.670,1.350,0.760,1,0,522.827,0,0,11,32,0,7,0
19-01 14:51:09,7.483,20.455,69.846,0,0,1397476,1155952,174300,5203276,8132.047,1562.550,0,407.101,0,7.982,5984,4344,1.670,1.350,0.760,3,0,413.088,0,0,11,32,0,7,0
19-01 14:51:10,8.520,21.050,69.665,0,0,1399532,1153860,174300,5203312,7272.193,1623.839,0,497.175,0,36.085,6338,4782,1.670,1.350,0.760,1,0,492.164,0,0,11,32,0,7,0
19-01 14:51:11,8.998,22.244,67.982,0,0,1388980,1164372,174304,5203340,8915.627,1619.569,0,239.936,0,22.994,6703,5428,1.670,1.350,0.760,4,0,551.853,0,0,11,32,0,4,0
19-01 14:51:12,11.251,22.252,66.007,0.250,0,1331544,1221740,174324,5203380,7006.729,1620.169,0,560.058,0,30.003,6333,5188,1.610,1.340,0.760,2,0,515.054,0,0,11,34,0,5,0
19-01 14:51:13,46.768,24.510,28.261,0.750,0,1456500,1096688,174336,5203432,5834.299,1620.639,0,892.352,0,59.023,6664,6041,1.610,1.340,0.760,3,0,608.240,0,0,11,32,0,10,0
19-01 14:51:14,64.957,9.494,23.984,0.500,0,1637724,913272,174408,5205448,8594.304,1618.927,0,2486.352,0,134.911,4282,2593,1.610,1.340,0.760,7,0,8.994,0,0,11,34,0,10,0
19-01 14:51:15,44.771,10.255,32.515,10.755,0,1641924,897424,175236,5215064,8171.765,1620.747,372.171,59875.584,3.001,4172.922,20061,31258,1.610,1.340,0.760,4,1,129.059,0,0,11,36,0,11,0
19-01 14:51:16,39.744,11.748,31.745,14.248,0,1670684,856368,175920,5226244,9041.607,1565.759,0,90786.018,0,6546.992,25454,44201,1.610,1.340,0.760,4,1,127.980,0,0,11,36,0,11,0
19-01 14:51:17,42.507,8.501,33.255,12.252,0,1682356,834548,176292,5235652,14768.391,6794.100,0,69643.275,0,5548.898,22790,37950,1.810,1.390,0.780,5,0,51.008,0,0,11,37,0,11,0
19-01 14:51:18,43.721,16.239,27.981,10.493,0,1507892,1001784,176936,5242000,10764.797,5802.117,0,76512.801,0,5291.459,23972,37178,1.810,1.390,0.780,2,1,282.811,0,0,11,34,0,12,0
19-01 14:51:19,40.737,16.146,26.082,14.159,0,1554228,946368,177204,5250740,9988.477,1609.602,369.612,51702.018,5.961,3771.636,19701,31879,1.810,1.390,0.780,3,1,154.005,0,0,11,34,0,10,0
19-01 14:51:20,39.529,13.848,28.199,17.373,0,1574436,923904,177544,5252224,15374.454,8443.562,761.371,44700.323,17.121,3561.121,18316,29172,1.810,1.390,0.780,2,2,156.101,0,0,11,35,0,10,0
19-01 14:51:21,34.984,11.745,40.232,11.245,0,1570468,924256,177544,5255712,17283.332,12218.579,1043.537,46875.204,17.992,3844.295,23448,34554,1.810,1.390,0.780,1,0,173.923,0,0,11,35,0,10,0
19-01 14:51:22,35.976,9.494,41.722,10.993,0,1565472,929508,177892,5255104,12219.881,3778.490,0,47496.443,0,4247.178,19721,31644,1.740,1.380,0.780,5,0,51.965,0,0,11,34,0,10,0
19-01 14:51:23,35.294,7.509,43.805,12.015,0,1604144,889392,178184,5256224,15553.539,6669.378,0,55325.502,0,4780.005,19106,33524,1.740,1.380,0.780,3,0,45.057,0,0,11,35,0,10,0
19-01 14:51:24,35.685,6.738,45.417,10.481,0,1596204,895016,178324,5258340,18457.381,10145.520,0,40893.515,0,3834.017,19675,31604,1.740,1.380,0.780,3,0,38.929,0,0,11,35,0,10,0
19-01 14:51:25,33.547,9.263,44.312,10.515,0,1509424,979052,178400,5260928,16916.624,8333.638,0,51231.546,0,4498.282,23908,35653,1.740,1.380,0.780,8,0,131.183,0,0,11,36,0,11,0
19-01 14:51:26,36.013,9.003,39.264,13.755,0,1561424,922940,178552,5264772,9017.219,1620.578,0,66067.582,0,5089.817,18435,35327,1.740,1.380,0.780,2,1,60.021,0,0,11,36,0,11,0
19-01 14:51:27,31.750,8.750,45.500,12.500,0,1567664,913140,178700,5268092,19656.145,9881.073,0,71744.528,0,5705.042,25781,41373,2.080,1.460,0.810,1,1,96.001,0,0,11,37,0,11,0
19-01 14:51:28,29.984,7.246,47.724,12.493,0,1564496,913888,178760,5270344,17662.409,12697.105,0,45551.265,0,4036.808,22586,35495,2.080,1.460,0.810,2,1,59.967,0,0,11,36,1,11,0
19-01 14:51:29,35.766,10.755,39.768,12.006,0,1545828,937824,178800,5265028,41962.260,1686.774,0,55097.288,0,4781.194,24607,34682,2.080,1.460,0.810,3,1,42.019,0,0,11,36,0,11,0
19-01 14:51:30,36.469,6.245,46.211,8.992,0,1570644,912132,178848,5265856,49103.709,6655.403,0,40430.002,0,3413.130,17988,24879,2.080,1.460,0.810,2,0,38.967,0,0,11,35,0,13,0
19-01 14:51:31,22.462,9.734,65.639,0,0,1438212,1044384,178848,5266060,21252.141,11900.920,0,1122.107,0,64.891,5920,7702,2.080,1.460,0.810,1,0,211.643,0,0,11,33,0,13,0
19-01 14:51:32,18.503,5.501,75.013,0.500,0,1432280,1050300,178848,5266076,13226.272,6448.108,0,1128.194,0,69.012,3545,3736,2,1.450,0.810,1,0,56.010,0,0,11,32,0,14,0
19-01 14:51:33,18.499,2.750,77.744,0.250,0,1479844,1002732,178848,5266080,9967.287,6528.533,0,971.931,0,62.995,2185,2043,2,1.450,0.810,0,0,0,0,0,11,33,0,14,0
19-01 14:51:34,19.748,3.750,74.741,0.250,0,1455484,1027068,178852,5266100,15415.052,5502.305,0,4259.462,0,227.971,3823,4084,2,1.450,0.810,1,0,33.996,0,0,11,32,0,15,0
19-01 14:51:35,20.753,3.501,74.761,0,0,1484340,998212,178852,5266100,10116.526,2416.365,0,0,0,0,1710,1142,2,1.450,0.810,1,0,0,0,0,11,33,0,15,0
19-01 14:51:36,15.276,3.506,80.638,0.501,0,1451632,1030912,178852,5266108,12208.895,7600.007,0,236.405,0,22.038,2467,2529,2,1.450,0.810,2,0,30.051,0,0,11,32,0,16,0
19-01 14:51:37,21.212,4.741,73.118,0,0,1503212,979376,178852,5266108,5572.956,1617.086,0,0,0,0,2166,1589,1.920,1.440,0.810,2,0,31.942,0,0,11,32,0,16,0
19-01 14:51:38,17.044,2.256,79.957,0,0,1502004,980124,178852,5266564,18126.877,10051.995,0,0,0,0,3045,3351,1.920,1.440,0.810,1,0,0,0,0,11,33,0,16,0
19-01 14:51:39,19.187,5.482,73.508,0,0,1465996,1016120,178852,5266576,11272.949,3638.043,0,267.122,0,20.931,2885,2542,1.920,1.440,0.810,1,0,42.859,0,0,11,32,0,17,0
19-01 14:51:40,18.759,2.251,78.038,0.250,0,1490488,991492,178852,5266712,15223.409,6713.267,0,1516.738,0,191.093,2323,1655,1.920,1.440,0.810,2,0,0,0,0,11,33,0,17,0
19-01 14:51:41,15.531,4.259,78.659,0.251,0,1454700,1027264,178852,5266728,13422.089,7333.801,0,228.461,0,22.044,3802,4369,1.920,1.440,0.810,3,0,42.085,0,0,11,32,0,18,0
19-01 14:51:42,11.248,24.246,64.489,0.250,0,1418740,1063056,178852,5266896,25022.571,1619.713,0,263.953,0,14.997,6985,5561,2,1.470,0.830,2,0,641.886,0,0,11,34,0,19,0
19-01 14:51:43,63.655,11.233,24.463,0,0.250,1488664,992924,178872,5267084,11429.941,1659.523,0,798.808,0,57.914,4757,2973,2,1.470,0.830,4,0,116.826,0,0,11,32,0,24,0
19-01 14:51:44,66.985,7.748,23.745,0.250,0,1660924,817740,178884,5269944,9133.891,1619.626,0,3839.114,0,103.976,4110,1770,2,1.470,0.830,4,0,0,0,0,11,32,0,24,0
19-01 14:51:45,63.674,7.270,26.322,1.504,0,1766820,706360,179032,5274640,58127.799,1710.673,0,11411.174,0,639.748,6869,5692,2,1.470,0.830,4,1,27.074,0,0,11,38,0,24,0
19-01 14:51:46,35.991,9.248,40.240,12.247,0,1766744,692332,179144,5288140,8430.907,1619.598,0,94324.580,0,7046.250,33584,51718,2,1.470,0.830,4,1,251.937,0,0,11,38,0,24,0
19-01 14:51:47,30.966,9.240,42.953,15.233,0,1765992,683008,179216,5297764,6655.765,1618.241,0,90621.486,0,7180.194,33881,52090,2.560,1.600,0.870,2,1,215.765,0,0,11,38,0,24,0
19-01 14:51:48,42.277,10.757,30.270,14.259,0.250,1700840,740716,179304,5304888,20302.171,1707.107,0,83161.951,0,5858.801,26706,41042,2.560,1.600,0.870,3,1,219.142,0,0,11,36,0,24,0
19-01 14:51:49,45.998,10.000,30.748,11.999,0,1746732,686312,179384,5313064,9426.537,1511.926,0,72976.412,0,4985.755,25424,35648,2.560,1.600,0.870,2,1,111.994,0,0,11,36,0,24,0
19-01 14:51:50,38.727,10.244,33.730,13.742,0.250,1792120,626944,179424,5326404,13200.227,1651.028,0,97870.368,0,6452.201,29051,42003,2.560,1.600,0.870,2,0,1.999,0,0,11,36,0,24,0
19-01 14:51:51,39.780,11.509,34.276,12.509,0,1732028,681832,179460,5331388,23836.056,1621.228,0,83755.445,0,6198.695,29541,44050,2.560,1.600,0.870,3,0,156.118,0,0,11,36,0,24,0
19-01 14:51:52,37.244,9.248,46.742,5.499,0,1429544,982652,179468,5332996,6647.898,1619.732,0,34990.201,0,2665.558,14897,20983,2.440,1.580,0.870,1,0,217.964,0,0,11,32,0,24,0
19-01 14:51:53,21.958,5.490,70.366,1.248,0,1467908,944264,179472,5333012,8713.420,1616.923,0,12272.647,0,736.598,4674,5170,2.440,1.580,0.870,1,0,83.840,0,0,11,32,0,24,0
19-01 14:51:54,28.244,4.999,65.737,0.500,0,1512924,899248,179472,5333012,16409.754,1619.680,0,1455.712,0,89.982,3247,10010,2.440,1.580,0.870,1,0,37.992,0,0,11,32,0,25,0
19-01 14:51:55,23.530,3.755,72.092,0.751,0,1398412,1013752,179472,5333020,6195.943,1622.079,0,5410.937,0,373.479,3416,3209,2.440,1.580,0.870,1,0,27.035,0,0,11,32,0,25,0
19-01 14:51:56,22.726,3.247,73.672,0,0,1463428,948736,179472,5333020,8852.648,1618.290,0,107.886,0,9.989,1841,1216,2.440,1.580,0.870,1,0,0.999,0,0,11,32,0,24,0
19-01 14:51:57,23.502,2.000,73.007,0,0,1517072,895088,179472,5333020,15133.419,1620.152,0,104.010,0,14.001,2143,1551,2.560,1.630,0.890,1,0,2.000,0,0,11,34,0,24,0
19-01 14:51:58,17.038,23.052,58.381,0,0,1448252,963752,179472,5333176,9745.915,1609.619,0,505.136,0,43.097,6068,5364,2.560,1.630,0.890,2,0,706.589,0,0,11,32,0,24,0
19-01 14:51:59,10.252,30.005,58.760,0.250,0.250,1445648,966304,179472,5333224,43358.105,1566.257,0,224.037,0,20.003,7275,6128,2.560,1.630,0.890,2,0,823.135,0,0,11,32,0,24,0
19-01 14:52:00,8.220,21.421,69.493,0,0,1428712,983156,179472,5333308,40207.414,1614.035,0,231.146,0,13.948,6156,4537,2.560,1.630,0.890,2,0,437.384,0,0,11,32,0,24,0
19-01 14:52:01,8.784,20.579,68.765,0,0,1418412,993412,179472,5333344,11302.626,1626.277,0,497.922,0,103.399,6242,4577,2.560,1.630,0.890,1,0,410.585,0,0,11,32,0,24,0
19-01 14:52:02,18.903,15.421,64.419,0,0,1404008,1007776,179472,5333364,7366.163,1611.721,0,11.939,0,2.985,6189,6818,2.440,1.610,0.890,3,0,244.743,0,0,11,32,0,24,0
19-01 14:52:03,44.866,10.276,44.364,0,0,1496064,915692,179480,5333848,10497.047,1624.185,0,40.103,0,1.003,4009,2691,2.440,1.610,0.890,2,0,131.338,0,0,11,33,0,24,0
19-01 14:52:04,44.573,6.511,48.830,0,0,1580928,830708,179480,5333960,7631.498,1622.657,0,8.013,0,2.003,2800,1440,2.440,1.610,0.890,2,0,0,0,0,11,37,0,24,0
19-01 14:52:05,46.521,4.502,48.522,0,0,1623816,786084,179540,5335436,8793.010,1620.739,0,1432.653,0,144.066,4010,2982,2.440,1.610,0.890,2,0,19.009,0,0,11,49,0,24,0
19-01 14:52:06,23.260,17.257,58.025,0,0,1631348,775804,179544,5337972,9022.865,1620.694,0,428.183,0,14.006,7343,10755,2.440,1.610,0.890,1,0,329.141,0,0,11,48,0,24,0
19-01 14:52:07,17.948,10.719,69.051,0.249,0,1651092,755984,179544,5337992,6360.655,1561.496,0,279.195,0,21.937,6007,8357,2.320,1.600,0.890,0,0,165.523,0,0,11,48,0,24,0
19-01 14:52:08,0.500,0.999,97.913,0.500,0,1651092,755984,179544,5337992,6369.345,1618.563,0,419.627,0,29.973,969,1287,2.320,1.600,0.890,0,0,2.997,0,0,11,48,0,24,0
19-01 14:52:09,1.000,0.500,97.725,0,0,1651092,755984,179544,5337992,9194.658,1511.615,0,103.974,0,9.997,846,1055,2.320,1.600,0.890,0,0,1.999,0,0,11,48,0,24,0
19-01 14:52:10,0.500,0.500,98.265,0,0,1651092,755984,179544,5337992,9067.373,1620.245,0,4.001,0,1.000,763,962,2.320,1.600,0.890,0,0,2.000,0,0,11,48,0,24,0
19-01 14:52:11,1.003,1.254,97.046,0.251,0,1651312,755760,179544,5337988,8826.906,1624.953,0,4248.952,0,323.988,1270,1274,2.320,1.600,0.890,1,0,8.024,0,0,11,48,0,24,0
19-01 14:52:12,16.256,14.005,68.525,0,0,1639164,767808,179544,5338560,7280.628,1620.585,0,92.033,0,3.001,5892,7524,2.220,1.590,0.890,1,0,274.099,0,0,11,48,0,24,0
19-01 14:52:13,12.744,14.243,71.214,0.250,0,1667452,739492,179544,5338152,8956.479,1619.183,0,7036.448,0,333.831,5790,6122,2.220,1.590,0.890,2,0,295.851,0,0,12,48,0,22,0
19-01 14:52:14,18.442,15.950,63.551,0.498,0,1636112,770632,179544,5338760,7992.002,1852.207,0,1945.913,0,103.676,7089,8677,2.220,1.590,0.890,1,0,286.105,0,0,12,48,0,22,0
19-01 14:52:15,11.510,9.509,78.070,0,0,1629772,776864,179544,5338440,6464.797,1621.454,0,2690.412,0,53.048,3838,3799,2.220,1.590,0.890,0,0,195.175,0,0,12,64,0,22,0
19-01 14:52:16,12.283,12.033,75.454,0,0,1635492,771112,179544,5338472,6337.164,1570.253,0,4.011,0,1.003,4708,4996,2.220,1.590,0.890,0,0,204.554,0,0,14,64,0,22,0
19-01 14:52:17,14.729,14.979,68.903,0.250,0,1641484,765044,179544,5338508,10302.558,1617.732,0,207.709,0,21.969,6342,6882,2.200,1.600,0.900,1,0,297.583,0,0,14,66,0,16,0
19-01 14:52:18,8.765,19.533,69.617,0,0,1623828,782660,179548,5338540,9082.255,1514.544,0,340.572,0,28.047,5920,4341,2.200,1.600,0.900,1,0,372.626,0,0,14,66,0,16,0
19-01 14:52:19,17.983,16.234,65.686,0,0,1636816,769640,179548,5339004,9004.256,1660.388,0,91.911,0,7.992,6475,7070,2.200,1.600,0.900,1,0,255.752,0,0,14,66,0,16,0
19-01 14:52:20,28.271,21.516,48.786,0,0,1690440,715996,179560,5338572,8239.070,1621.194,0,2149.584,0,86.063,6484,5156,2.200,1.600,0.900,2,0,482.355,0,0,14,66,0,16,0
19-01 14:52:21,31.268,23.013,44.775,0,0,1754172,651396,179616,5339372,9272.227,1620.914,0,104.059,0,4.002,7187,7517,2.200,1.600,0.900,4,0,568.320,0,0,14,66,0,15,0
19-01 14:52:22,32.650,22.930,42.869,0,0,1886532,518276,179636,5340332,8363.491,1615.074,0,71.781,0,12.960,6618,7175,2.180,1.610,0.900,2,0,409.750,0,0,14,70,0,17,0
19-01 14:52:23,51.614,22.299,24.304,0,0,1976812,427956,179648,5340420,6572.533,1623.590,0,404.895,0,1.002,5937,6112,2.180,1.610,0.900,5,0,367.813,0,0,14,70,0,17,0
19-01 14:52:24,65.289,24.515,7.004,0,0.250,2107304,296944,179652,5341340,10846.471,1711.021,0,676.404,0,11.007,6148,6824,2.180,1.610,0.900,4,0,517.309,0,0,14,70,0,17,0
19-01 14:52:25,64.959,17.920,13.938,0,0,2195728,207604,179688,5341700,10350.705,1612.787,0,219.020,0,8.960,5152,7218,2.180,1.610,0.900,4,0,264.816,0,0,14,70,0,17,0
19-01 14:52:26,68.315,25.116,2.260,3.516,0.251,2314376,214376,168916,5229740,8340.457,1573.254,474.186,2302.617,60.278,94.435,6198,7491,2.180,1.610,0.900,4,0,455.098,0,0,14,74,0,17,0
19-01 14:52:27,73.245,17.249,4.250,4.250,0,2452900,219672,167596,5090924,11180.202,1619.884,223.984,18294.695,11.999,1475.895,11540,15385,2.490,1.680,0.930,4,1,119.991,0,0,14,74,0,17,0
19-01 14:52:28,68.470,25.989,2.999,2.499,0,2569152,168512,167392,5027892,9600.774,1619.287,919.595,30138.734,44.980,2250.010,16510,26363,2.490,1.680,0.930,3,1,451.801,0,0,14,76,0,17,0
19-01 14:52:29,71.875,19.466,7.737,0.749,0,2623264,164408,167224,4979120,47009.281,1509.376,135.764,2775.176,14.974,169.705,10712,17975,2.490,1.680,0.930,4,0,244.575,0,0,14,78,0,20,0
19-01 14:52:30,60.274,24.760,13.756,0.750,0,2754732,182608,167208,4832736,46952.853,1620.651,180.072,1308.525,20.008,71.029,8672,11941,2.490,1.680,0.930,4,0,493.198,0,0,14,93,0,25,0
19-01 14:52:31,40.074,25.297,33.312,0,0,2840736,165376,167136,4765936,6023.158,1623.007,184.342,861.596,13.024,53.098,8316,11659,2.490,1.680,0.930,2,0,480.891,0,0,14,93,0,25,0
19-01 14:52:32,53.959,15.988,26.230,2.998,0.250,2921656,151992,167324,4699664,9509.750,1842.595,2550.056,875.333,62.952,43.966,6764,7690,2.610,1.720,0.950,5,0,231.823,0,0,14,95,1,25,0
19-01 14:52:33,61.067,10.219,27.916,0.249,0,3052892,151556,167192,4571504,7683.932,1688.930,99.701,4430.699,6.979,205.383,5667,8278,2.610,1.720,0.950,3,0,61.814,0,0,14,98,1,25,0
19-01 14:52:34,18.803,16.296,64.182,0,0,3085632,185804,167204,4505928,9991.394,1873.324,0,754.143,0,59.168,5653,5008,2.610,1.720,0.950,1,0,275.784,0,0,14,101,1,25,0
19-01 14:52:35,7.750,20.250,70.500,0.250,0,3099836,171556,167204,4505956,8117.986,1693.997,0,995.998,0,65.000,5975,4605,2.610,1.720,0.950,1,0,354.999,0,0,14,101,1,25,0
19-01 14:52:36,8.973,18.942,70.535,0,0,3115580,155776,167204,4505992,9699.458,1688.856,3.988,111.660,0.997,9.970,5721,4224,2.610,1.720,0.950,1,0,359.904,0,0,14,101,1,25,0
19-01 14:52:37,21.263,4.753,73.294,0.250,0,3166988,170408,167204,4441328,7734.680,1695.026,8.005,4.002,1.001,1.001,1823,1248,2.480,1.710,0.950,1,0,0,0,0,14,101,1,23,0
19-01 14:52:38,17.981,1.998,78.669,0,0,3168192,169248,167204,4441432,29187.868,23921.305,19.979,187.806,4.995,13.986,2720,2762,2.480,1.710,0.950,1,0,0,0,0,14,103,1,25,0
19-01 14:52:39,19.766,7.006,72.059,0.250,0,3200900,136520,167208,4441448,6208.083,1567.283,4.003,264.216,1.001,17.014,2569,1898,2.480,1.710,0.950,1,0,64.052,0,0,14,105,1,25,0
19-01 14:52:40,17.532,2.755,79.145,0.250,0,3210576,126844,167208,4441448,18969.699,8261.111,0,300.550,0,40.073,2580,2620,2.480,1.710,0.950,2,0,4.007,0,0,14,117,1,25,0
19-01 14:52:41,23.513,4.002,70.538,0.750,0,3202020,135032,167216,4441760,7642.078,1620.865,0,1212.647,0,153.082,4208,5445,2.480,1.710,0.950,1,0,2.001,0,0,14,117,1,23,0
19-01 14:52:42,26.506,5.001,66.764,1.000,0,3140144,196764,167216,4441904,12666.665,2763.581,20.004,1464.308,2.000,157.033,5828,7762,2.360,1.700,0.950,1,0,20.004,0,0,14,118,1,25,0
19-01 14:52:43,27.010,9.253,62.774,0.250,0,3250908,152388,167220,4377164,8722.267,1620.607,4.001,640.240,1.000,39.015,3736,3063,2.360,1.700,0.950,2,0,97.036,0,0,14,122,1,25,0
19-01 14:52:44,23.421,2.990,72.506,0,0,3260676,142588,167220,4377196,17009.803,8163.549,7.973,725.560,1.993,57.806,3049,2974,2.360,1.700,0.950,1,0,2.990,0,0,14,127,1,25,0
19-01 14:52:45,20.076,4.015,74.032,1.004,0,3268152,135028,167220,4377280,9368.651,3618.771,48.183,1678.387,3.011,149.569,4051,5277,2.360,1.700,0.950,2,0,1.004,0,0,14,127,1,19,0
19-01 14:52:46,39.659,11.474,47.890,0.249,0,3334936,131988,167100,4315500,7424.005,2807.573,3.991,1380.839,0.998,110.746,4653,4129,2.360,1.700,0.950,2,0,99.772,0,0,14,128,1,20,0
19-01 14:52:47,37.557,4.757,57.087,0,0.250,3365796,164200,167100,4253732,15103.010,7301.123,180.275,488.745,1.002,31.047,2731,1554,2.250,1.680,0.950,1,0,0,0,0,14,129,1,20,0
19-01 14:52:48,18.266,6.255,74.063,0.500,0,3343360,186616,167100,4253752,26189.450,18105.520,0,4900.201,0,425.365,3219,2126,2.250,1.680,0.950,2,0,55.047,0,0,14,128,1,21,0
19-01 14:52:49,18.245,2.749,77.730,0,0,3368768,161204,167100,4253756,12085.904,7864.985,0,1975.494,0,22.994,1752,1346,2.250,1.680,0.950,0,0,0,0,0,14,129,1,21,0
19-01 14:52:50,19.222,5.991,74.391,0,0,3358756,171196,167100,4253776,26268.677,17649.252,0,411.400,0,14.978,2505,1951,2.250,1.680,0.950,1,0,50.926,0,0,14,128,1,22,0
19-01 14:52:51,17.722,1.747,79.376,0.250,0,3386276,143668,167100,4253784,14215.745,7830.741,3.994,838.687,0.998,18.970,1750,1376,2.250,1.680,0.950,1,0,0,0,0,14,129,1,22,0
19-01 14:52:52,19.048,7.018,72.431,0.501,0,3374904,154936,167104,4253884,11283.230,3110.783,4.010,906.267,1.003,116.291,3994,4311,2.150,1.670,0.950,1,0,83.208,0,0,14,128,1,23,0
19-01 14:52:53,25.241,3.749,69.726,1.000,0,3407044,122656,167104,4254024,14684.842,7341.421,19.993,8860.887,1.999,370.870,6794,10398,2.150,1.670,0.950,1,0,27.990,0,0,14,137,1,24,0
19-01 14:52:54,23.762,8.504,66.284,0.500,0,3362416,167108,167104,4254200,24489.729,18219.470,24.012,4806.498,2.001,72.037,3769,12806,2.150,1.670,0.950,1,0,91.047,0,0,14,136,1,26,0
19-01 14:52:55,18.991,2.499,77.713,0.250,0,3409452,120068,167104,4254204,11132.725,7208.584,0,319.848,0,13.993,1883,1420,2.150,1.670,0.950,0,0,0,0,0,14,137,1,26,0
19-01 14:52:56,21.433,3.988,71.277,1.246,0,3408132,121176,167104,4254416,11385.439,2749.412,0,4071.284,0,529.347,5906,7909,2.150,1.670,0.950,2,1,0.997,0,0,14,140,1,26,0
19-01 14:52:57,21.263,6.754,70.542,0.750,0,3369080,160164,167104,4254496,7115.198,2807.656,0,2105.242,0,170.100,4748,5907,2.060,1.660,0.950,1,0,53.031,0,0,14,139,1,28,0
19-01 14:52:58,19.232,2.248,77.429,0.250,0,3407344,121900,167104,4254496,14732.527,7375.255,0,1067.024,0,67.938,2079,1628,2.060,1.660,0.950,1,0,0,0,0,14,140,1,27,0
19-01 14:52:59,18.521,3.754,75.836,0.250,0,3398440,193380,167108,4193464,46585.665,5950.727,72.081,905.023,6.007,85.096,3645,4224,2.060,1.660,0.950,1,0,1.001,0,0,14,140,1,27,0
19-01 14:53:00,30.832,5.515,61.916,0.752,0,3404456,187396,167108,4193468,44369.712,2491.666,0,1608.303,0,152.408,6495,8597,2.060,1.660,0.950,2,0,1.003,0,0,14,139,1,28,0
19-01 14:53:01,25.179,5.485,67.560,0.249,0,3418492,173324,167108,4193504,7173.845,1615.461,0,725.960,0,49.860,3301,3325,2.060,1.660,0.950,1,0,68.807,0,0,14,139,1,28,0
19-01 14:53:02,15.501,2.250,81.505,0,0,3432820,158864,167108,4193636,16641.001,10000.601,0,464.028,0,22.001,1973,1701,1.890,1.630,0.940,1,0,1.000,0,0,14,140,1,28,0
19-01 14:53:03,19.008,9.254,70.528,1.000,0,3433848,157776,167112,4193692,9827.883,2822.115,0,1176.465,0,134.053,4588,5164,1.890,1.630,0.940,1,0,148.058,0,0,14,141,1,29,0
19-01 14:53:04,19.492,1.999,77.218,0,0,3471136,120484,167112,4193696,15124.818,7339.000,0,895.634,0,56.977,2034,1628,1.890,1.630,0.940,1,0,0,0,0,14,142,1,29,0
19-01 14:53:05,17.252,3.750,77.508,0.250,0,3460772,130824,167120,4193712,14420.449,7401.744,4.000,940.094,1.000,78.008,3660,4603,1.890,1.630,0.940,3,0,0,0,0,14,142,1,29,0
19-01 14:53:06,30.307,8.265,59.111,1.002,0,3457604,133824,167120,4193848,7647.312,1623.038,48.090,1402.625,3.006,140.263,7501,10609,1.890,1.630,0.940,5,0,2.004,0,0,14,144,1,29,0
19-01 14:53:07,36.028,15.262,47.287,0.751,0,3412368,178888,167128,4193976,10654.323,3606.818,4.003,7085.535,1.001,489.382,10015,14622,1.820,1.620,0.940,1,0,288.225,0,0,14,143,1,30,0
19-01 14:53:08,19.187,2.243,77.498,0.498,0,3455276,135948,167128,4193992,14424.010,7553.393,0,865.181,0,47.844,1972,1500,1.820,1.620,0.940,1,0,0,0,0,14,144,1,30,0
19-01 14:53:09,16.050,11.285,71.975,0,0,3434728,156336,167136,4194144,8023.087,3257.185,8.025,818.559,2.006,31.097,4306,3469,1.820,1.620,0.940,2,0,231.725,0,0,14,143,1,31,0
19-01 14:53:10,9.254,20.760,68.783,0,0,3396748,194280,167136,4194180,5713.735,1566.750,0,532.255,0,30.014,6078,4724,1.820,1.620,0.940,1,0,401.192,0,0,14,143,1,31,0
19-01 14:53:11,23.481,13.988,60.950,0,0,3389168,201824,167140,4194204,8607.869,1618.659,0,435.639,0,22.981,6492,8185,1.820,1.620,0.940,2,0,249.793,0,0,14,143,1,31,0
19-01 14:53:12,32.456,21.970,44.940,0.250,0,3442028,148908,167144,4194252,7273.233,1687.734,3.995,1865.495,0.999,117.842,7092,6031,1.920,1.640,0.960,2,0,509.316,0,0,14,143,1,31,0
19-01 14:53:13,33.609,15.435,48.795,0,0,3465412,187328,167152,4133900,8421.609,1613.221,27.883,350.527,2.987,20.912,7746,9433,1.920,1.640,0.960,3,0,272.853,0,0,14,149,1,31,0
19-01 14:53:14,56.116,25.938,18.456,0.499,0,3614016,157732,167152,4018444,8223.306,1616.130,107.742,3966.501,7.981,411.016,7727,10999,1.920,1.640,0.960,7,0,575.621,0,0,16,153,1,31,2
19-01 14:53:15,58.078,22.628,18.102,0.251,0,3732988,130188,166924,3928928,9154.653,1629.192,36.204,1753.896,6.034,60.340,7391,9982,1.920,1.640,0.960,16,0,399.253,0,0,16,155,1,31,2
19-01 14:53:16,45.645,21.067,33.105,0,0,3806064,151384,166928,3834808,8651.569,1571.006,12.038,485.547,3.010,28.090,8212,11567,1.920,1.640,0.960,5,0,393.253,0,0,16,171,1,31,2
19-01 14:53:17,37.978,21.987,39.227,0,0,3856276,147940,166928,3788932,6173.355,1655.023,7.995,723.573,1.999,25.985,7329,5611,2,1.670,0.970,4,0,510.698,0,0,16,171,1,31,2
19-01 14:53:18,19.756,18.506,59.768,0,0,3874148,129948,166928,3789476,6413.946,1566.475,4.001,412.125,1.000,26.008,6921,8459,2,1.670,0.970,2,0,328.100,0,0,17,171,1,31,2
19-01 14:53:19,27.736,18.741,53.723,0,0,3908240,146584,166676,3739364,10763.605,1619.188,3.998,399.800,0.999,24.987,5885,4874,2,1.670,0.970,2,0,383.808,0,0,17,171,1,31,2
19-01 14:53:20,36.568,19.901,41.544,0.249,0,3969020,139224,166680,3687564,7485.843,1681.653,19.901,234.834,3.980,20.896,6762,7387,2,1.670,0.970,3,0,339.316,0,0,17,171,1,31,2
19-01 14:53:21,42.222,21.362,35.687,0.754,0,4061696,165308,166680,3571256,10402.620,1628.551,172.908,655.441,6.032,36.190,7932,10555,2,1.670,0.970,2,0,429.254,0,0,17,183,1,31,2
19-01 14:53:22,29.996,25.497,43.995,0.250,0,4135756,127948,166680,3535404,7007.158,1619.805,15.998,295.964,1.000,18.998,7181,6288,2,1.670,0.970,3,0,644.923,0,0,17,183,1,29,2
19-01 14:53:23,19.755,22.506,55.764,0,0,4172108,140744,166684,3487400,9060.284,1620.408,12.003,632.159,3.001,45.011,8076,10287,2,1.670,0.970,3,0,471.119,0,0,17,195,1,29,2
19-01 14:53:24,19.632,14.662,64.113,0.249,0,4178112,173772,166684,3449308,9901.286,1610.288,3.976,747.492,0.994,39.760,6377,8347,2,1.670,0.970,1,0,227.627,0,0,17,195,1,29,2
19-01 14:53:25,40.373,11.034,46.892,0.752,0,4289984,136916,166684,3375448,6466.642,1570.771,461.401,1982.020,9.027,36.110,4446,3565,2,1.670,0.970,2,0,118.360,0,0,17,195,1,29,2
19-01 14:53:26,46.807,7.759,44.304,1.001,0.250,4388384,127612,166684,3288448,9430.475,1621.974,196.239,1433.745,11.013,145.177,3963,2746,2,1.670,0.970,2,0,8.010,0,0,17,211,1,29,2
19-01 14:53:27,33.574,10.774,53.868,0.752,0,4342880,298016,166684,3165612,8071.679,1605.517,48.105,344.755,4.009,17.037,4229,3261,2,1.680,0.980,3,0,164.360,0,0,17,214,1,29,2
19-01 14:53:28,38.433,24.208,36.187,0.499,0,4404784,234120,166688,3167568,6467.673,1617.168,930.371,247.566,11.979,24.956,7984,10254,2,1.680,0.980,5,0,529.073,0,0,17,215,1,29,2
19-01 14:53:29,36.557,25.039,36.557,1.252,0,4461932,175720,166692,3169252,52639.034,10401.210,1001.561,548.855,18.028,31.048,8115,10372,2,1.680,0.980,4,0,448.699,0,0,17,219,1,30,2
19-01 14:53:30,64.480,16.431,16.182,1.743,0,4512060,141756,166700,3153720,41517.299,1613.250,378.417,1123.300,9.958,38.838,6088,6332,2,1.680,0.980,3,0,153.358,0,0,17,224,1,30,2
19-01 14:53:31,63.979,12.294,20.323,4.265,0,4632508,126980,166720,3049692,19183.607,9985.712,1814.489,1007.604,45.162,43.154,4965,4252,2,1.680,0.980,4,0,25.090,0,0,17,235,1,21,2
19-01 14:53:32,47.953,10.240,19.231,20.230,0,4594088,198536,166772,3018224,12198.928,4409.636,5566.491,1150.861,367.636,66.934,5873,5702,2.080,1.700,0.990,3,1,29.970,0,0,17,236,1,22,2
19-01 14:53:33,51.284,18.012,27.268,3.502,0,4667132,157956,166800,2986972,8292.476,4127.726,588.389,1284.848,87.057,81.054,7368,9051,2.080,1.700,0.990,3,0,261.172,0,0,17,238,1,27,2
19-01 14:53:34,34.018,21.011,43.524,0.500,0,4614068,209312,166800,2989112,17319.380,10238.545,120.065,10129.486,6.003,73.040,8452,9722,2.080,1.700,0.990,2,0,452.245,0,0,17,239,1,28,2
19-01 14:53:35,52.255,21.400,24.635,0.498,0,4705296,152256,166804,2954592,7610.349,1620.409,207.030,5068.258,3.981,149.301,7112,7475,2.080,1.700,0.990,4,0,348.368,0,0,17,239,1,25,2
19-01 14:53:36,52.223,23.987,22.988,0,0,4763020,132288,166808,2918152,16185.532,11806.823,39.979,827.567,2.998,55.971,7658,9758,2.080,1.700,0.990,5,0,473.752,0,0,17,244,1,25,2
19-01 14:53:37,61.411,20.052,17.045,1.253,0,4771408,162708,166828,2880292,9914.957,2419.334,1167.055,1094.866,54.142,69.181,7722,11298,2.160,1.720,1,5,0,294.772,0,0,17,247,1,28,2
19-01 14:53:38,53.913,27.332,18.305,0,0,4857604,145852,166832,2812880,16663.245,9626.026,0,461.391,0,38.115,7234,9077,2.160,1.720,1,2,0,527.591,0,0,17,248,1,28,2
19-01 14:53:39,56.238,20.746,20.246,2.250,0,4879164,148564,166840,2789008,13499.185,4718.016,751.843,971.797,44.991,70.985,8009,12519,2.160,1.720,1,3,0,271.943,0,0,17,257,1,28,0
19-01 14:53:40,68.895,15.172,13.680,1.492,0,5008676,123032,166840,2686252,13746.252,7380.017,596.928,15790.730,12.933,1046.613,10157,15611,2.160,1.720,1,3,0,13.928,0,0,17,258,1,28,0
19-01 14:53:41,51.475,7.031,36.409,4.520,0,5006384,190004,166848,2622632,18103.155,13472.909,1048.585,3286.369,74.325,62.272,5045,4507,2.160,1.720,1,3,0,13.057,0,0,17,263,1,30,0
19-01 14:53:42,59.903,10.733,24.960,3.494,0,5104512,124328,166880,2591008,12428.933,4226.177,1477.614,914.523,45.926,79.871,6396,7487,2.220,1.750,1.010,2,0,11.981,0,0,17,268,1,36,0
19-01 14:53:43,45.323,24.289,27.545,2.003,0,5005912,221552,167028,2592156,18151.327,12209.727,1306.110,1184.914,33.053,54.087,8257,9609,2.220,1.750,1.010,6,1,476.770,0,0,17,267,1,35,0
19-01 14:53:44,51.205,22.480,23.729,2.498,0,5083980,140360,167140,2595228,9669.519,2379.913,3876.600,1262.892,46.959,55.951,6947,7984,2.220,1.750,1.010,2,0,399.649,0,0,17,268,1,35,0
19-01 14:53:45,62.076,18.448,17.451,1.247,0,5140620,140840,166880,2539396,21012.033,11700.165,658.153,1336.250,18.947,158.555,7495,7752,2.220,1.750,1.010,6,0,248.303,0,0,18,270,1,36,0
19-01 14:53:46,81.354,14.061,1.255,3.264,0,5206964,133580,166880,2482092,8589.409,1627.086,3804.570,787.429,211.923,52.227,6297,5660,2.220,1.750,1.010,5,0,15.066,0,0,18,274,1,36,0
19-01 14:53:47,81.231,10.747,6.748,1.250,0,5304364,133260,166920,2387508,15876.253,9815.683,1395.671,2115.501,59.986,206.951,6809,6205,2.290,1.770,1.020,6,0,11.997,0,0,18,279,1,35,0
19-01 14:53:48,49.392,15.716,33.177,0.499,0,5296824,139556,166924,2388752,10843.246,5362.253,874.085,1101.587,14.967,100.779,6511,8867,2.290,1.770,1.020,3,0,227.502,0,0,18,281,1,39,0
19-01 14:53:49,39.958,6.743,51.946,0.250,0,5345116,122728,166932,2358228,19732.445,9369.240,519.459,611.363,5.994,35.963,3710,2766,2.290,1.770,1.020,2,0,7.992,0,0,18,287,1,39,0
19-01 14:53:50,36.256,9.252,53.509,0,0,5300216,191656,166932,2334964,1897130.634,24497.244,816.141,636.110,9.002,53.009,5480,4514,2.290,1.770,1.020,4,0,14.002,0,0,18,288,1,40,0
19-01 14:53:51,46.483,11.246,40.485,0.750,0,5340096,135108,166936,2351596,14686126.652,86100.832,2790.990,379.862,30.989,20.992,8718,4262,2.290,1.770,1.020,6,0,99.964,0,0,18,288,1,38,0
19-01 14:53:52,34.367,10.787,53.182,0.753,0,5295776,206956,166936,2325488,18467.068,10675.459,272.932,907.098,3.010,82.281,5405,5316,2.340,1.790,1.030,2,0,173.593,0,0,18,293,1,39,0
19-01 14:53:53,38.930,5.241,55.150,0,0,5377420,125280,166936,2325520,17031.216,10193.575,0,331.401,0,20.962,3241,2446,2.340,1.790,1.030,1,0,0,0,0,18,294,1,40,0
19-01 14:53:54,28.045,4.758,65.354,1.002,0,5362892,169752,166936,2296440,161012.018,6025552.390,805.285,785.253,40.064,80.128,6263,6823,2.340,1.790,1.030,3,0,15.024,0,0,18,298,1,41,0
19-01 14:53:55,12.493,4.248,81.707,0,0,5289480,243932,166936,2296080,277206.424,10384583.515,7.996,551.710,1.999,44.976,5168,8435,2.340,1.790,1.030,1,0,58.969,0,0,18,297,1,39,0
19-01 14:53:56,1.493,0.498,96.285,0.249,0,5289400,244012,166936,2296080,5707.421,1612.210,0,310.500,0,15.923,1220,1734,2.340,1.790,1.030,0,0,0,0,0,18,297,1,39,0
19-01 14:53:57,9.773,2.005,86.202,0.251,0,5295276,238116,166936,2296100,6453943.320,31606.081,0,2425.686,0,233.547,4816,4758,2.320,1.790,1.040,1,0,0,0,0,18,301,1,39,0
19-01 14:53:58,19.297,8.270,69.419,1.002,0,5225948,291264,166948,2312252,10116497.524,104112.543,64.156,2065.029,4.010,147.359,8931,9603,2.320,1.790,1.040,1,0,116.283,0,0,18,299,1,42,0
19-01 14:53:59,15.455,12.962,69.795,0.249,0,5263092,254020,166948,2312352,43861.475,1615.267,11.965,366.925,0.997,26.921,5131,5039,2.320,1.790,1.040,1,0,349.974,0,0,18,299,1,40,0
19-01 14:54:00,19.824,8.532,71.265,0,0,5273484,243620,166948,2312360,40845.972,1626.050,0,8905.133,0,42.157,3693,2982,2.320,1.790,1.040,1,0,106.396,0,0,18,299,1,40,0
19-01 14:54:01,9.232,18.963,70.362,0,0,5261956,255076,166948,2312416,7187.920,1616.833,0,17665.395,0,62.877,6277,5110,2.320,1.790,1.040,1,0,369.277,0,0,18,299,1,40,0
19-01 14:54:02,4.988,9.727,83.554,0.748,0,5262332,254640,166948,2312476,8618.792,1632.173,31.925,4788.772,1.995,76.820,3684,3439,2.130,1.760,1.030,2,0,196.539,0,0,18,303,1,40,0
19-01 14:54:03,13.008,4.003,82.303,0,0,5268644,248324,166948,2312480,9463.106,1621.046,0,356.230,0,24.015,2174,2129,2.130,1.760,1.030,1,0,9.006,0,0,18,303,1,38,0
19-01 14:54:04,20.004,2.250,76.016,0.250,0,5297844,219120,166948,2312484,11583.467,7345.565,0,172.037,0,20.004,2184,1896,2.130,1.760,1.030,1,0,0,0,0,18,304,1,38,0
19-01 14:54:05,14.303,12.295,72.267,0.753,0,5261672,255076,166952,2312696,12069.574,4807.756,76.282,5247.379,7.026,581.146,5894,4151,2.130,1.760,1.030,1,0,175.649,0,0,18,307,1,39,0
19-01 14:54:06,11.950,16.431,69.956,0,0,5261124,255328,166952,2312964,10308.715,1559.452,3.983,378.411,0.996,6.971,5708,4305,2.130,1.760,1.030,1,0,211.114,0,0,18,307,1,39,0
19-01 14:54:07,12.245,15.994,69.973,0.750,0,5275404,240932,166952,2313064,7794.988,1619.374,3.998,11855.419,1.000,23.991,5376,4136,2.040,1.750,1.030,1,0,213.917,0,0,18,307,1,38,0
19-01 14:54:08,25.499,3.750,69.248,0.500,0,5316320,199972,166952,2313108,8766.688,1693.940,31.999,447.984,1.000,59.998,3182,3194,2.040,1.750,1.030,2,0,5.000,0,0,18,315,1,38,0
19-01 14:54:09,23.487,3.248,70.710,0.999,0,5365632,150360,166956,2313404,8897.939,1619.079,291.834,3018.283,5.997,161.908,2915,2807,2.040,1.750,1.030,5,0,2.998,0,0,18,317,1,38,0
19-01 14:54:10,24.815,2.757,71.437,0.752,0,5316096,199780,166956,2313520,8842.140,1570.109,112.294,3477.100,7.018,438.147,3463,2741,2.040,1.750,1.030,2,1,6.016,0,0,18,315,1,38,0
19-01 14:54:11,22.197,2.245,71.579,1.746,0,5376884,138956,166956,2313556,9268.895,1616.146,19.952,4680.837,3.990,214.488,2658,1910,2.040,1.750,1.030,2,0,0,0,0,18,315,1,38,0
19-01 14:54:12,16.999,4.500,77.495,0.250,0.250,5386168,160448,166956,2283884,13411.199,9297.445,15.999,91.995,1.000,7.000,2573,2417,1.880,1.720,1.030,0,0,4.000,0,0,18,318,1,38,0
19-01 14:54:13,17.556,2.508,78.750,0,0,5268800,277804,166956,2283896,20727.686,12927.969,0,0,0,0,2607,2395,1.880,1.720,1.030,2,0,15.048,0,0,18,315,1,39,0
19-01 14:54:14,22.449,3.741,72.086,0,0,5334548,212044,166956,2283908,7025.994,1508.563,0,147.664,0,11.973,2501,2387,1.880,1.720,1.030,2,0,1.995,0,0,18,315,1,39,0
19-01 14:54:15,20.833,7.028,71.286,0.251,0,5311932,234520,166956,2284048,6625.547,1626.517,4.016,289.159,1.004,30.121,3377,2933,1.880,1.720,1.030,1,0,86.346,0,0,18,315,1,39,0
19-01 14:54:16,9.744,18.489,69.958,0.500,0,5310996,235240,166964,2284352,10656.531,1688.975,443.731,507.692,8.995,20.987,6351,5447,1.880,1.720,1.030,1,0,408.752,0,0,18,315,1,39,0
19-01 14:54:17,20.164,6.223,71.196,0.249,0,5336304,209772,167108,2284368,9699.530,1613.103,123.472,330.587,4.979,13.940,3427,2689,1.810,1.710,1.030,1,0,105.549,0,0,18,315,1,39,0
19-01 14:54:18,20.256,2.001,77.273,0.250,0,5334892,209912,167132,2285616,15002.517,3672.106,48.014,296.089,2.001,26.008,2560,2607,1.810,1.710,1.030,2,0,16.005,0,0,18,316,1,39,0
19-01 14:54:19,24.009,3.501,71.778,0.250,0,5336360,202412,167688,2290948,9380.634,1794.695,0,1336.518,0,37.014,2478,2073,1.810,1.710,1.030,3,0,3.001,0,0,18,315,1,39,0
19-01 14:54:20,18.256,2.001,78.527,0,0,5356192,181364,167692,2292160,12545.263,4552.547,0,236.080,0,6.002,2095,1820,1.810,1.710,1.030,2,0,16.005,0,0,18,316,1,39,0
19-01 14:54:21,22.992,6.248,68.976,0,0,5357088,174708,168288,2297184,9188.798,1793.375,0,827.712,0,12.995,10519,18968,1.810,1.710,1.030,2,0,13.995,0,0,18,315,1,39,0
19-01 14:54:22,18.070,2.510,77.802,0.251,0,5342652,188688,168332,2297580,13879.892,4460.318,32.125,461.793,6.023,8.031,5381,8571,1.820,1.710,1.030,2,0,8.031,0,0,18,316,1,39,0
19-01 14:54:23,22.420,5.729,69.750,0.249,0,5330704,200500,168376,2297672,8674.946,1614.221,0,502.202,0,14.946,7803,13167,1.820,1.710,1.030,1,0,14.946,0,0,18,316,1,39,0
19-01 14:54:24,16.535,11.524,70.900,0.251,0,5288312,254432,168456,2286092,8231.436,1797.808,0,1086.301,0,27.057,4659,3953,1.820,1.710,1.030,4,0,234.497,0,0,18,315,1,39,0
19-01 14:54:25,22.924,4.236,71.511,0,0,5342960,199780,168456,2286096,7075.400,1560.794,0,63.787,0,5.980,2533,2158,1.820,1.710,1.030,2,0,30.897,0,0,18,315,1,39,0
19-01 14:54:26,18.077,2.511,78.585,0,0,5351476,190972,168456,2286388,18739.817,11831.392,32.137,60.257,2.009,3.013,2444,2105,1.820,1.710,1.030,2,0,0,0,0,18,316,1,41,0
19-01 14:54:27,20.934,7.476,69.778,0.249,0,5374788,167628,168456,2286420,9003.415,1812.246,19.937,0,1.994,0,3636,3096,1.760,1.700,1.030,1,0,111.646,0,0,18,315,1,42,0
19-01 14:54:28,23.996,3.749,71.240,0.250,0,5397172,144996,168456,2286668,12272.204,7877.847,111.984,283.958,3.999,27.996,4588,5795,1.760,1.700,1.030,0,0,1.000,0,0,18,316,1,42,0
19-01 14:54:29,24.248,6.500,67.495,0.250,0,5369668,172324,168456,2286844,46523.790,3946.728,31.998,675.953,2.000,53.996,4132,3836,1.760,1.700,1.030,1,0,76.995,0,0,18,315,1,43,0
19-01 14:54:30,19.002,2.250,77.009,0.250,0,5379708,162268,168456,2286860,50201.633,9501.066,0,188.021,0,20.002,2628,2512,1.760,1.700,1.030,1,0,1.000,0,0,18,317,1,43,0
19-01 14:54:31,20.750,6.750,71.750,0,0,5355184,186632,168456,2287020,13890.976,6691.988,16.000,160.000,1.000,12.000,3149,2888,1.760,1.700,1.030,1,0,57.000,0,0,18,317,1,44,0
19-01 14:54:32,18.437,2.242,77.237,0,0,5369004,172804,168456,2287028,18187.009,10373.641,0,123.579,0,7.973,2235,2105,1.620,1.670,1.030,1,0,0.997,0,0,18,321,1,44,0
19-01 14:54:33,21.334,5.522,72.284,0.251,0,5340596,201204,168456,2287036,10785.377,3226.678,0,1670.564,0,113.446,2993,2397,1.620,1.670,1.030,1,0,32.126,0,0,18,317,1,46,0
19-01 14:54:34,17.486,1.998,79.687,0,0,5356992,184808,168456,2287036,14838.186,9499.436,0,51.959,0,1.998,2063,1792,1.620,1.670,1.030,1,0,0,0,0,18,318,1,46,0
19-01 14:54:35,17.320,5.522,76.308,0,0,5333212,208560,168456,2287088,10172.115,4922.898,32.130,212.860,2.008,25.101,3163,3260,1.620,1.670,1.030,1,0,47.191,0,0,18,317,1,47,0
19-01 14:54:36,20.165,2.241,76.180,0.249,0,5370068,171700,168456,2287092,13005.334,7386.950,0,2202.741,0,357.497,2497,1942,1.620,1.670,1.030,1,0,0,0,0,18,318,1,40,0
19-01 14:54:37,20.258,5.002,73.031,0,0,5344260,197496,168456,2287104,14002.868,6219.606,0,132.055,0,9.004,2972,2511,1.570,1.660,1.020,1,0,32.013,0,0,18,317,1,43,0
19-01 14:54:38,20.740,3.748,75.214,0.250,0,5362616,179028,168456,2287200,14006.205,7286.465,47.977,291.858,1.999,34.983,2791,2872,1.570,1.660,1.020,3,0,0,0,0,18,318,1,43,0
19-01 14:54:39,15.501,5.500,77.003,0.250,0,5334692,206924,168456,2287228,14444.587,6812.277,0,484.020,0,46.002,3731,3808,1.570,1.660,1.020,1,0,88.004,0,0,18,317,1,44,0
19-01 14:54:40,23.271,3.503,72.064,0,0,5387940,153664,168456,2287240,8551.601,1641.459,0,272.242,0,18.016,2343,1924,1.570,1.660,1.020,1,0,0,0,0,18,317,1,39,0
19-01 14:54:41,18.001,3.750,77.254,0.250,0,5356816,184764,168456,2287264,32253.491,23935.107,0,168.008,0,12.001,2848,2562,1.570,1.660,1.020,1,0,47.002,0,0,18,319,1,41,0
19-01 14:54:42,22.519,4.254,72.310,0.500,0,5397680,143900,168456,2287264,9614.003,1621.350,0,532.443,0,31.026,2579,2251,1.520,1.650,1.020,1,0,1.001,0,0,18,319,1,41,0
19-01 14:54:43,34.469,7.244,57.698,0,0,5385748,155464,168456,2287632,15071.519,10477.628,739.339,199.821,18.983,8.992,3680,2827,1.520,1.650,1.020,2,0,21.980,0,0,18,319,1,43,0
19-01 14:54:44,35.000,6.500,57.499,0,0,5367124,174084,168456,2287636,9203.899,2307.975,511.994,139.998,4.000,12.000,3321,2537,1.520,1.650,1.020,0,0,5.000,0,0,18,320,1,34,0
19-01 14:54:45,19.023,3.004,76.091,0.751,0,5365196,174220,168456,2289428,14727.542,7577.025,1794.137,881.049,65.078,117.140,4382,5969,1.520,1.650,1.020,3,0,2.002,0,0,18,322,1,34,0
19-01 14:54:46,23.024,4.505,70.322,0.250,0,5330172,209020,168460,2289648,7174.384,2861.945,128.132,812.837,7.007,86.089,4519,5837,1.520,1.650,1.020,1,0,5.005,0,0,18,321,1,35,0
19-01 14:54:47,18.947,2.493,77.285,0.249,0,5352140,187044,168460,2289656,18798.678,8991.973,0,442.768,0,25.928,2427,2250,1.480,1.640,1.020,0,0,0,0,0,18,322,1,35,0
19-01 14:54:48,19.576,6.525,72.280,1.004,0,5336448,202632,168464,2289756,14084.627,5026.495,176.685,1244.828,10.039,140.545,5557,6877,1.480,1.640,1.020,3,0,54.210,0,0,18,321,1,31,0
19-01 14:54:49,9.250,24.001,65.003,0.500,0,5330208,208704,168464,2289924,9100.384,1512.064,0,4668.197,0,302.013,8304,8093,1.480,1.640,1.020,1,0,677.029,0,0,18,321,1,31,0
19-01 14:54:50,7.989,22.969,67.659,0.250,0.250,5329408,209472,168464,2289956,12477.154,1617.816,0,331.552,0,31.957,7282,6400,1.480,1.640,1.020,1,0,641.134,0,0,18,321,1,31,0
19-01 14:54:51,9.262,23.030,66.586,0.250,0,5310032,228820,168464,2289984,7337.453,1622.090,0,1017.311,0,65.084,7186,6405,1.480,1.640,1.020,2,0,632.815,0,0,18,321,1,31,0
19-01 14:54:52,8.255,22.764,67.291,0,0,5299688,239124,168464,2290024,9266.662,1695.036,0,56.034,0,14.009,7092,6217,1.440,1.630,1.020,1,0,611.374,0,0,18,321,1,29,0
19-01 14:54:53,9.500,21.999,67.747,0,0,5293664,245112,168464,2290060,9240.575,1619.925,0,43.998,0,10.999,6987,6042,1.440,1.630,1.020,1,0,583.973,0,0,18,321,1,29,0
19-01 14:54:54,10.194,19.643,68.128,0,0,5313048,225656,168464,2290132,6292.599,1611.192,87.522,39.783,7.957,7.957,6478,5572,1.440,1.630,1.020,2,0,486.341,0,0,18,321,1,29,0
19-01 14:54:55,19.849,11.558,64.070,4.020,0,5320360,326188,168464,2194608,10203.951,1628.130,984.918,2319.582,115.577,9.045,4089,14575,1.440,1.630,1.020,2,0,78.391,0,0,18,321,1,30,0
19-01 14:54:56,23.654,3.237,71.459,0,0.249,5311872,330568,168464,2198716,10594.823,1613.425,47.805,665.289,3.984,11.951,2808,2601,1.440,1.630,1.020,1,0,16.931,0,0,18,321,1,30,0
19-01 14:54:57,13.748,2.000,80.486,2.750,0,5325712,315980,168476,2199444,20326.400,7645.646,503.911,3963.298,21.996,412.927,2863,2155,1.560,1.650,1.030,1,0,0,0,0,18,322,1,26,0
19-01 14:54:58,12.748,1.500,82.487,2.750,0,5326832,314216,168512,2200044,23185.461,9494.551,379.942,1159.823,38.994,69.989,2358,2485,1.560,1.650,1.030,0,0,0,0,0,18,322,1,26,0
19-01 14:54:59,11.751,2.000,83.756,1.250,0,5334932,305224,168532,2200904,53888.557,10058.664,424.028,3232.213,42.003,67.004,2316,2377,1.560,1.650,1.030,0,0,1.000,0,0,18,322,1,26,0
19-01 14:55:00,17.494,1.499,78.221,1.499,0,5350464,288480,168548,2202092,55207.809,7969.086,1067.610,1111.593,46.983,46.983,2387,2240,1.560,1.650,1.030,1,0,1.000,0,0,18,322,1,26,0
19-01 14:55:01,17.023,11.015,68.341,2.503,0,5361592,276232,168568,2203020,23277.892,11592.384,700.930,1610.137,57.076,49.065,4883,4736,1.560,1.650,1.030,0,1,332.441,0,0,18,322,1,23,0
19-01 14:55:02,13.985,1.498,79.167,3.996,0,5369120,267748,168576,2203956,20984.900,9562.929,699.264,1726.182,46.951,164.826,2670,2345,1.520,1.640,1.030,0,0,5.994,0,0,18,322,1,23,0
19-01 14:55:03,15.262,3.002,75.060,5.755,0,5386108,217548,168576,2237168,12301.797,3963.156,15344.220,912.727,164.131,40.032,2375,2245,1.520,1.640,1.030,1,0,1.001,0,0,18,322,1,23,0
19-01 14:55:04,23.586,3.011,72.264,0.753,0,5394796,194088,168632,2251928,9225.672,1625.934,0,5536.206,0,292.066,2797,2425,1.520,1.640,1.030,1,0,0,0,0,18,322,1,23,0
19-01 14:55:05,25.405,1.993,71.235,0.249,0,5380464,192604,168696,2267328,8634.850,1613.991,0,1386.836,0,30.885,2602,2339,1.520,1.640,1.030,1,0,0,0,0,18,322,1,22,0
19-01 14:55:06,23.250,3.000,71.748,0.750,0,5392104,159116,168696,2288912,6303.868,1619.966,31.999,2647.945,1.000,115.998,3052,3012,1.520,1.640,1.030,1,0,0,0,0,18,322,1,22,0
19-01 14:55:07,24.256,3.001,71.767,0.750,0,5382820,152404,168696,2304680,7511.773,1512.357,0,2240.529,0,88.021,2798,2605,1.480,1.630,1.030,1,1,0,0,0,18,322,1,22,0
19-01 14:55:08,23.497,2.750,71.241,0.750,0,5370216,172624,168776,2297408,9332.803,1639.790,0,2535.675,0,101.987,3085,2947,1.480,1.630,1.030,2,0,0,0,0,18,322,1,22,0
19-01 14:55:09,24.504,3.250,71.260,0.250,0,5312084,247208,168852,2280824,7638.112,1794.261,8.001,1528.223,2.000,53.008,2779,2404,1.480,1.630,1.030,2,0,19.003,0,0,18,321,1,22,0
19-01 14:55:10,19.299,4.762,74.438,0.251,0,5349004,205068,168852,2286048,14858.503,3800.593,48.121,461.164,2.005,12.030,2695,2343,1.480,1.630,1.030,4,0,61.154,0,0,18,322,1,22,0
19-01 14:55:11,23.496,4.499,71.236,0.250,0,5387152,165512,168864,2287392,9232.234,1793.657,0,995.810,0,7.998,2722,2343,1.480,1.630,1.030,1,0,59.989,0,0,18,321,1,22,0
19-01 14:55:12,17.220,2.745,78.114,0,0,5355664,190196,169176,2293292,16417.440,4782.680,0,1269.791,0,18.967,2435,2339,1.440,1.620,1.030,1,0,6.988,0,0,18,321,1,22,0
19-01 14:55:13,23.073,5.517,69.219,0,0,5361012,184172,169240,2293804,9534.221,1625.151,0,84.267,0,1.003,10327,18655,1.440,1.620,1.030,2,0,13.041,0,0,18,321,1,21,0
19-01 14:55:14,22.414,6.973,68.985,0.249,0,5358320,186660,169248,2293968,6008.940,1613.807,0,1773.195,0,16.935,10159,17746,1.440,1.620,1.030,1,0,15.939,0,0,18,321,1,21,0
19-01 14:55:15,22.512,4.502,71.037,0.500,0,5302508,255980,169248,2280996,5359.823,1620.854,0,996.525,0,37.019,3418,3479,1.440,1.620,1.030,0,0,51.027,0,0,18,321,1,21,0
19-01 14:55:16,24.741,4.998,68.225,0,0,5329380,229060,169248,2281044,11161.965,1457.473,15.994,491.822,1.000,18.993,10505,18742,1.440,1.620,1.030,1,0,24.991,0,0,18,321,1,21,0
19-01 14:55:17,19.491,2.749,76.963,0.250,0,5359728,193276,169248,2286472,13985.255,3897.120,0,1575.240,0,144.930,2546,2052,1.400,1.610,1.030,1,0,15.992,0,0,18,321,1,20,0
19-01 14:55:18,23.005,3.251,72.264,0.250,0,5343708,208208,169248,2287560,9579.876,2113.414,0,564.110,0,25.005,2848,2576,1.400,1.610,1.030,2,0,19.004,0,0,18,322,1,20,0
19-01 14:55:19,18.069,3.764,77.293,0.502,0,5353216,192376,169248,2293344,13774.284,4248.125,0,1582.005,0,51.194,4967,7878,1.400,1.610,1.030,2,0,6.023,0,0,18,321,1,20,0
19-01 14:55:20,24.664,5.730,66.518,0,0,5346848,198032,169248,2293960,9710.152,1614.373,0,235.180,0,12.955,14600,27166,1.400,1.610,1.030,2,0,12.955,0,0,18,321,1,20,0
19-01 14:55:21,19.999,7.250,71.497,0.250,0,5329840,228372,169272,2281128,8196.666,1619.934,0,1023.958,0,28.999,3514,4057,1.400,1.610,1.030,1,0,14.999,0,0,18,321,1,20,0
19-01 14:55:22,23.498,3.500,71.745,0,0,5318796,239528,169276,2281044,6403.527,1619.880,0,7.999,0,2.000,2535,2038,1.370,1.600,1.030,1,0,24.998,0,0,18,321,1,20,0
19-01 14:55:23,22.250,5.750,71.249,0,0,5315528,239820,169508,2283788,9046.813,1619.967,0,4.000,0,1.000,3370,2994,1.370,1.600,1.030,1,0,95.998,0,0,18,321,1,20,0
19-01 14:55:24,23.752,3.500,72.006,0,0,5320096,227440,169652,2291408,7803.686,1620.142,0,1004.088,0,10.001,2563,2216,1.370,1.600,1.030,1,0,17.001,0,0,18,321,1,20,0
19-01 14:55:25,15.252,1.250,82.511,0,0,5332304,214896,169652,2291728,18645.391,7379.946,4.001,1068.137,1.000,24.003,1936,1898,1.370,1.600,1.030,2,0,0,0,0,18,322,1,20,0
19-01 14:55:26,12.997,1.250,83.233,0.750,0,5320032,226792,169652,2292104,24890.831,11897.529,0,1451.699,0,57.988,2260,2589,1.370,1.600,1.030,0,0,0,0,0,18,322,1,20,0
19-01 14:55:27,6.998,1.250,89.971,0.500,0,5313288,233304,169652,2292320,69989.107,9839.781,0,1451.525,0,69.977,1937,2275,1.340,1.590,1.030,0,0,0,0,0,18,323,1,20,0
19-01 14:55:28,14.746,1.500,81.479,1.000,0,5339828,206488,169668,2292564,109945.747,11725.987,0,1363.650,0,63.984,2375,2333,1.340,1.590,1.030,1,0,0,0,0,18,323,1,20,0
19-01 14:55:29,17.754,2.751,78.516,0.500,0,5346856,199304,169672,2292712,54459.289,9502.970,0,12134.515,0,99.021,2597,2396,1.340,1.590,1.030,0,0,7.001,0,0,18,323,1,16,0
19-01 14:55:30,18.249,2.750,76.996,0.250,0,5349140,196556,169672,2293172,251767.091,13604.302,0,1203.938,0,50.997,4411,5732,1.340,1.590,1.030,1,0,2.000,0,0,18,323,1,16,0
19-01 14:55:31,11.759,2.252,83.567,0.751,0,5348880,196024,169880,2293656,135739.839,14942.982,28.022,2361.894,4.003,98.079,2746,2811,1.340,1.590,1.030,1,0,0,0,0,18,323,1,18,0
19-01 14:55:32,12.239,1.748,83.927,0.999,0,5348348,195904,170084,2293996,82368.050,14318.492,103.909,1898.342,5.995,87.923,2732,2819,1.310,1.580,1.030,1,0,0.999,0,0,18,323,1,18,0
19-01 14:55:33,12.750,1.000,83.748,0.750,0,5355364,177088,170140,2305620,1540570.620,24359.551,4.000,3139.942,1.000,193.996,2920,2364,1.310,1.580,1.030,1,0,1.000,0,0,18,323,1,14,0
19-01 14:55:34,10.042,3.766,82.596,0.753,0.251,5355988,139496,170240,2342292,15727090.049,77005.863,172.724,39140.103,6.025,371.558,6989,3906,1.310,1.580,1.030,0,0,4.017,0,0,18,323,1,14,0
19-01 14:55:35,17.183,2.490,77.699,0.747,0,5362068,124488,170624,2350124,612998.861,12004.507,0,3048.194,0,93.637,2649,2313,1.310,1.580,1.030,1,0,0.996,0,0,18,323,1,14,0
19-01 14:55:36,22.239,4.498,70.715,1.000,0,5350156,132520,173964,2348632,9516.289,1693.162,15.992,4401.821,1.000,98.951,3098,2998,1.310,1.580,1.030,1,0,0,0,0,18,323,1,14,0
19-01 14:55:37,24.003,3.250,72.008,0.250,0,5349456,148728,174376,2332800,6769.709,1620.170,0,2064.216,0,55.006,2613,2347,1.290,1.570,1.030,3,0,0,0,0,18,323,1,14,0
19-01 14:55:38,23.793,3.005,71.130,0.501,0,5359128,148728,174820,2322920,7366.452,1697.099,0,1490.722,0,67.123,2800,2660,1.290,1.570,1.030,0,1,0,0,0,18,323,1,10,0
19-01 14:55:39,23.460,3.993,71.129,0.749,0,5366692,127056,175676,2334600,9265.287,1617.257,0,2088.458,0,83.858,2821,2472,1.290,1.570,1.030,1,0,0,0,0,18,323,1,10,0
19-01 14:55:40,24.508,4.251,68.022,2.751,0,5357564,121140,176364,2347628,9027.944,1736.566,8.003,79313.863,2.001,328.107,3560,2890,1.290,1.570,1.030,1,0,0,0,0,18,323,1,10,0
19-01 14:55:41,23.261,3.001,71.785,0,0,5370648,116060,177688,2337396,8992.428,1620.798,0,1848.910,0,32.016,2673,2342,1.290,1.570,1.030,1,0,0,0,0,18,323,1,10,0
19-01 14:55:42,23.952,3.243,71.356,0.748,0,5369836,118392,178576,2334464,8592.643,1616.734,0,2139.678,0,77.843,2889,2653,1.270,1.560,1.030,3,0,0.998,0,0,18,323,1,7,0
19-01 14:55:43,34.775,7.756,56.040,0.500,0,5420640,144580,179188,2258428,16591.881,4158.978,520.373,1697.215,6.004,61.044,3527,2479,1.270,1.560,1.030,2,0,8.006,0,0,18,321,1,7,0
19-01 14:55:44,35.665,7.284,56.763,0.251,0,5330848,234412,179188,2258412,8324.625,1593.393,522.424,1273.911,6.028,181.844,3942,2780,1.270,1.560,1.030,1,0,24.112,0,0,18,321,1,7,0
19-01 14:55:45,19.468,2.745,76.374,0.499,0,5354516,204956,179244,2263852,11060.793,3784.770,3.993,1669.252,0.998,34.942,2559,2484,1.270,1.560,1.030,1,0,16.972,0,0,18,321,1,7,1
19-01 14:55:46,23.453,2.994,71.606,0,0,5349472,208704,179264,2264960,6628.688,2216.549,15.968,578.838,0.998,12.974,2884,2710,1.270,1.560,1.030,1,0,18.962,0,0,18,322,1,4,0
19-01 14:55:47,19.012,3.002,76.297,0.750,0,5343244,207584,179612,2270896,16452.179,4234.620,0,3494.162,0,170.105,3557,4217,1.240,1.550,1.030,1,0,6.004,0,0,18,321,1,4,0
19-01 14:55:48,23.730,5.745,69.192,0,0,5342780,207508,179636,2271360,9009.431,1618.640,0,463.611,0,25.978,9048,15856,1.240,1.550,1.030,1,0,7.993,0,0,18,321,1,4,0
19-01 14:55:49,22.256,7.252,69.020,0,0,5351332,198744,179672,2271468,8314.364,1620.461,0,2388.679,0,19.005,10305,18624,1.240,1.550,1.030,1,0,13.004,0,0,18,321,1,4,0
19-01 14:55:50,20.985,6.245,71.947,0.500,0,5293292,270956,179712,2258548,8217.971,1618.812,0,563.587,0,23.982,2659,2397,1.240,1.550,1.030,2,0,6.995,0,0,18,321,1,3,0
19-01 14:55:51,22.761,3.752,72.035,0.500,0,5302132,260440,179712,2260336,9404.565,1620.787,228.111,1356.658,3.001,20.010,2499,2211,1.240,1.550,1.030,2,0,6.003,0,0,18,321,1,3,0
19-01 14:55:52,23.777,5.256,68.328,1.251,0,5311752,249104,179716,2262040,11355.959,1695.935,828.946,2322.650,36.041,126.144,5905,8154,1.540,1.600,1.050,1,0,3.003,0,0,18,325,1,7,0
19-01 14:55:53,20.052,11.280,65.672,1.253,0,5256656,303108,179716,2263144,6933.148,1461.826,689.806,3645.542,36.094,327.858,7647,9870,1.540,1.600,1.050,1,0,183.480,0,0,18,323,1,8,0
19-01 14:55:54,14.486,13.736,68.432,2.498,0,5245388,312832,179776,2264644,10234.885,1618.400,1526.491,1102.910,61.939,59.941,5236,4512,1.540,1.600,1.050,0,1,268.734,0,0,18,325,1,10,0
19-01 14:55:55,14.711,7.231,66.073,11.469,0,5257108,259620,179796,2306080,8128.283,2167.210,41333.567,11569.090,3403.906,60.837,10211,15643,1.540,1.600,1.050,0,1,41.888,0,0,18,326,1,11,0
19-01 14:55:56,2.749,0.999,85.457,8.995,0,5265188,250576,180192,2306644,8861.540,2754.614,963.515,1647.171,240.879,16.991,1821,2401,1.540,1.600,1.050,0,0,0,0,0,18,326,1,11,0
19-01 14:55:57,2.752,1.251,94.314,0.500,0,5262220,253356,180192,2306832,49189.366,6311.281,184.125,1933.311,5.003,120.081,1810,2481,1.420,1.580,1.040,0,0,0,0,0,18,326,1,11,0
19-01 14:55:58,2.249,0.750,95.223,0.250,0,5261824,253688,180192,2306896,83123.834,2505.302,0,175.951,0,23.993,1664,2263,1.420,1.580,1.040,1,0,1.999,0,0,18,326,1,10,0
19-01 14:55:59,4.245,2.996,88.642,1.998,0,5257340,258152,180196,2306916,149147.524,130317.436,267.674,3152.165,13.983,344.581,2959,2679,1.420,1.580,1.040,1,0,28.965,0,0,18,325,1,10,0
19-01 14:56:00,3.003,1.001,94.359,0.250,0,5255508,260000,180196,2306900,43513.453,1621.881,0,256.297,0,30.035,1851,2532,1.420,1.580,1.040,0,0,1.001,0,0,18,325,1,10,0
19-01 14:56:01,1.750,0.750,96.496,0,0,5254036,261468,180196,2306904,6126.775,1619.941,0,0,0,0,1195,1748,1.420,1.580,1.040,1,0,1.000,0,0,18,325,1,10,0
19-01 14:56:02,1.750,0.750,96.018,0.250,0,5252556,262948,180196,2306904,8412.608,1458.279,0,76.015,0,7.001,1262,1739,1.310,1.550,1.040,0,0,1.000,0,0,18,325,1,10,0
19-01 14:56:03,2.498,1.249,95.169,0.749,0,5251496,264004,180196,2306908,10274.281,1618.626,0,587.501,0,55.953,1622,2328,1.310,1.550,1.040,0,0,0,0,0,18,325,1,10,0
19-01 14:56:04,1.501,0.751,96.078,0,0,5250352,265136,180196,2306920,6166.012,1621.318,0,344.280,0,26.021,1174,1743,1.310,1.550,1.040,0,0,0,0,0,18,327,1,10,0
19-01 14:56:05,1.750,0.750,96.759,0,0,5250328,265160,180196,2306920,9778.916,1620.152,0,4.000,0,1.000,1166,1615,1.310,1.550,1.040,0,0,0,0,0,18,327,1,10,0
19-01 14:56:06,1.250,1.250,95.982,0.250,0,5234412,281072,180196,2306920,7815.495,1619.688,0,21239.911,0,312.940,1766,1638,1.310,1.550,1.040,0,0,0,0,0,18,327,1,10,0
19-01 14:56:07,2.250,0.500,96.006,0,0,5234664,280820,180196,2306920,9045.541,1620.097,0,8.000,0,1.000,1247,1711,1.200,1.530,1.030,0,0,0,0,0,18,327,1,10,0
19-01 14:56:08,2.500,0.500,95.489,0.250,0,5235204,280596,180196,2306920,8803.967,1693.801,0,539.937,0,23.997,1512,2130,1.200,1.530,1.030,0,0,0,0,0,18,327,1,10,0
19-01 14:56:09,1.750,1.250,96.731,0,0,5235200,280596,180196,2306924,5347.955,1619.683,0,3.999,0,1.000,1173,1667,1.200,1.530,1.030,0,0,0,0,0,18,327,1,10,0
19-01 14:56:10,1.750,0.500,95.756,0,0,5235196,280596,180196,2306928,10299.635,1620.100,0,144.009,0,18.001,1330,1815,1.200,1.530,1.030,0,0,0,0,0,18,327,1,10,0
19-01 14:56:11,1.500,4.501,91.514,1.500,0,5234612,281152,180204,2306944,5854.920,1458.229,4.001,119014.695,1.000,669.105,3339,3077,1.200,1.530,1.030,0,0,0,0,0,18,327,1,10,0
19-01 14:56:12,2.000,1.000,96.000,0,0.250,5234612,281152,180204,2306944,8428.957,1619.992,0,8.000,0,1.000,1309,1754,1.100,1.500,1.030,0,0,1.000,0,0,18,327,1,10,0
19-01 14:56:13,1.500,0.750,96.224,0,0,5234612,281152,180204,2306944,7552.930,1619.556,15.996,99.973,1.000,10.997,1400,2081,1.100,1.500,1.030,0,0,0,0,0,18,327,1,10,0
19-01 14:56:14,1.500,0.500,95.778,0.500,0,5234848,280900,180204,2306960,9071.672,1620.477,0,360.106,0,32.009,1417,2065,1.100,1.500,1.030,0,0,1.000,0,0,18,327,1,10,0
19-01 14:56:15,2.498,0.750,95.690,0,0,5235068,280676,180204,2306964,7908.014,1618.979,0,947.403,0,180.886,1711,2061,1.100,1.500,1.030,0,0,0.999,0,0,18,327,1,10,0
19-01 14:56:16,1.255,2.008,95.640,0,0,5235124,280620,180204,2306964,7499.562,1626.629,0,39778.103,0,109.446,1529,1785,1.100,1.500,1.030,1,0,0,0,0,18,327,1,10,0
19-01 14:56:17,1.992,0.498,96.372,0.249,0,5235468,280272,180204,2306964,5677.750,1613.676,0,613.595,0,3.984,1297,1744,1.020,1.470,1.020,0,0,0,0,0,18,327,1,10,0
19-01 14:56:18,2.249,1.000,95.466,0,0,5235468,280272,180204,2306964,10200.416,1619.431,0,339.881,0,31.989,1552,2113,1.020,1.470,1.020,0,0,0,0,0,18,327,1,10,0
19-01 14:56:19,1.751,0.500,96.580,0.250,0,5235468,280272,180204,2306964,7856.524,1459.212,0,212.176,0,15.012,1191,1721,1.020,1.470,1.020,0,0,0,0,0,18,327,1,10,0
19-01 14:56:20,1.999,0.500,96.709,0,0,5235468,280272,180204,2306964,8694.321,1619.315,0,0,0,0,1188,1650,1.020,1.470,1.020,0,0,0,0,0,18,327,1,10,0
19-01 14:56:21,1.999,0.750,96.720,0,0,5235468,280272,180204,2306964,8600.359,1619.503,0,3.999,0,1.000,1181,1664,1.020,1.470,1.020,0,0,0,0,0,18,327,1,10,0
19-01 14:56:22,1.251,1.251,95.796,0,0,5235132,280596,180204,2306968,8604.166,1620.785,0,2052.994,0,6.003,1325,1755,0.930,1.450,1.020,0,0,3.001,0,0,18,327,1,10,0
19-01 14:56:23,2.498,0.749,95.428,0,0,5238140,277572,180204,2306984,9264.057,1618.787,0,363.727,0,20.984,1537,2134,0.930,1.450,1.020,0,0,0,0,0,18,327,1,10,0
19-01 14:56:24,2.008,1.004,95.634,0.753,0,5238140,277572,180204,2306984,6563.375,1626.536,0,3783.203,0,189.763,1742,2530,0.930,1.450,1.020,0,0,0,0,0,18,327,1,10,0
19-01 14:56:25,1.494,0.498,96.379,0,0,5238136,277572,180204,2306988,7443.325,1613.783,0,51.800,0,5.977,1203,1740,0.930,1.450,1.020,1,0,0,0,0,18,327,1,10,0
19-01 14:56:26,1.752,0.751,96.833,0,0,5238136,277572,180204,2306988,10945.390,1621.391,0,500.429,0,106.091,1265,1647,0.930,1.450,1.020,0,0,0,0,0,18,327,1,10,0
19-01 14:56:27,2.000,0.750,95.736,0,0.250,5238356,277348,180204,2306992,7996.795,1619.756,0,539.919,0,6.999,1291,1770,0.860,1.430,1.010,0,0,0,0,0,18,327,1,10,0
19-01 14:56:28,2.000,0.750,95.741,0.250,0,5238352,277348,180204,2306996,8929.206,1457.870,0,171.985,0,12.999,1519,2173,0.860,1.430,1.010,0,0,0,0,0,18,327,1,10,0
19-01 14:56:29,2.999,1.750,94.234,0.250,0,5238600,277100,180204,2306996,41229.940,971.834,0,287.951,0,26.995,1705,2231,0.860,1.430,1.010,0,0,6.999,0,0,18,327,1,10,0
19-01 14:56:30,13.250,4.000,80.502,0.500,0,5233740,281952,180208,2307000,461085.987,13392.406,4.000,148.004,1.000,12.000,3399,3058,0.860,1.430,1.010,1,0,26.001,0,0,18,327,1,10,0
19-01 14:56:31,14.960,6.233,76.543,0.499,0,5247484,267648,180212,2307556,302217.353,13012.880,139.623,127.655,6.981,3.989,3748,3036,0.860,1.430,1.010,2,0,36.900,0,0,18,327,1,10,0
