"pcp-dstat 6.2.0 CSV Output"
"Author:","PCP team <pcp@groups.io> and Dag Wieers <dag@wieers.com>",,,,"URL:","https://pcp.io/ and http://dag.wieers.com/home-made/dstat/"
"Host:","ubuntu",,,,"User:","ubuntu"
"Cmdline:","dstat -tcmndrylpg --tcp --output /tmp/devstack_logs/dstat-csv.log",,,,"Date:","19 Jan 2026 11:08:36 UTC"
"system","total usage",,,,,"memory usage",,,,"net/total",,"dsk/total",,"io/total",,"system",,"load avg",,,"procs",,,"paging",,"tcp sockets",,,,
"time","total usage:usr","total usage:sys","total usage:idl","total usage:wai","total usage:stl","used","free","buf","cach","net/total:recv","net/total:send","dsk/total:read","dsk/total:writ","read","writ","int","csw","1m","5m","15m","run","blk","new","in","out","lis","act","syn","tim","clo"
19-01 11:08:36,,1037448,1659984,163656,4960232,,,,,,,1.260,0.900,0.500,2,0,,,,10,5,1,17,1
19-01 11:08:37,18.486,20.985,58.457,0.250,0,1029724,1667100,163700,4960728,27678.607,11393.606,0,2542.127,0,94.930,6723,5465,1.260,0.900,0.500,2,0,496.634,0,0,10,5,1,17,1
19-01 11:08:38,28.744,19.496,51.489,0.250,0,1019884,1676444,163736,4961136,18703.136,9441.049,0,1215.749,0,43.991,6308,6197,1.260,0.900,0.500,1,0,373.923,0,0,10,5,1,17,1
19-01 11:08:39,27.522,13.511,56.545,0.500,0,1007056,1688900,163776,4961288,37193.775,9740.798,0,2273.820,0,45.036,6237,6517,1.260,0.900,0.500,1,0,226.181,0,0,10,4,1,17,2
19-01 11:08:40,15.713,3.741,79.562,0.499,0,1129288,1566040,163792,5086588,24912.282,10169.032,0,1181.216,0,35.915,2667,3022,1.260,0.900,0.500,1,0,14.965,0,0,11,4,1,17,2
19-01 11:08:41,34.042,11.014,53.817,0.751,0,1162652,1507784,164232,5108932,190308.134,8058.041,16.020,2423.019,1.001,75.094,4256,2642,1.320,0.920,0.500,2,0,116.145,0,0,11,6,1,17,2
19-01 11:08:42,39.702,10.987,48.191,0.499,0,1206420,1444496,165184,5125040,8314.880,1691.941,31.961,2944.416,1.998,64.921,4499,3177,1.320,0.920,0.500,2,0,169.793,0,0,11,6,1,19,2
19-01 11:08:43,44.769,5.502,48.770,0,0,1282132,1353424,165664,5137844,7592.149,1640.680,0,2252.934,0,33.014,2994,1556,1.320,0.920,0.500,2,0,0,0,0,11,6,1,19,2
19-01 11:08:44,38.292,5.756,48.553,6.507,0,1277900,1326368,167096,5165040,5693.231,1567.716,0,27790.417,0,1703.865,10237,14392,1.320,0.920,0.500,1,1,28.031,0,0,11,8,1,19,2
19-01 11:08:45,37.196,6.740,41.939,11.733,0,1277040,1310576,168592,5178400,8926.042,1637.623,0,63100.398,0,4421.581,18458,27553,1.320,0.920,0.500,2,0,53.922,0,0,11,6,1,19,2
19-01 11:08:46,41.523,8.255,48.527,1.501,0,1278748,1279512,169648,5204184,7506.207,1620.909,0,3646.044,0,245.137,4280,2983,1.370,0.940,0.510,2,0,76.043,0,0,11,6,1,19,2
19-01 11:08:47,45.711,6.994,46.959,0.500,0,1335844,1237284,169864,5188752,15074.982,4338.254,0,1722.513,0,102.911,3752,11870,1.370,0.940,0.510,2,0,35.969,0,0,11,4,1,19,0
19-01 11:08:48,43.000,7.000,48.500,0.500,0,1292460,1280604,169916,5188764,8205.008,2696.003,0,7836.008,0,428.000,3856,3415,1.370,0.940,0.510,2,0,45.000,0,0,11,5,1,19,0
19-01 11:08:49,41.521,5.002,52.526,0.250,0,1300100,1265760,170044,5195216,15088.455,2898.432,0,1776.878,0,83.041,2950,1591,1.370,0.940,0.510,2,0,2.001,0,0,11,4,1,19,0
19-01 11:08:50,32.571,13.529,53.115,0.251,0,1269188,1295108,170048,5196544,14448.414,4494.773,0,541.177,0,24.052,5090,3799,1.370,0.940,0.510,3,0,329.717,0,0,11,5,1,19,0
19-01 11:08:51,32.448,25.459,40.186,0.250,0,1235160,1321804,170568,5202312,6174.096,1831.063,0,1130.187,0,62.899,14855,23629,1.580,0.990,0.530,2,0,483.225,0,0,11,4,1,19,0
19-01 11:08:52,52.264,17.005,29.008,0,0,1263084,1293416,170656,5202556,5447.460,1566.420,0,84.023,0,1.000,13072,21867,1.580,0.990,0.530,4,0,213.057,0,0,11,5,1,19,0
19-01 11:08:53,65.327,8.976,24.934,0.249,0,1300204,1270872,170672,5189636,10119.227,1561.868,0,2920.274,0,128.660,3984,1720,1.580,0.990,0.530,5,0,12.966,0,0,11,5,1,19,0
19-01 11:08:54,64.333,10.263,25.283,0,0,1299516,1271256,170676,5190012,9125.769,1622.092,0,21015.103,0,336.434,4554,1884,1.580,0.990,0.530,2,0,66.085,0,0,11,5,1,19,0
19-01 11:08:55,31.742,10.747,57.236,0.250,0,1302052,1266340,170728,5192424,43693.592,1619.614,0,2803.332,0,112.973,4329,4789,1.580,0.990,0.530,0,0,117.972,0,0,11,4,1,19,0
19-01 11:08:56,7.251,2.250,88.767,0.250,0,1322832,1245568,170728,5192424,42672.300,1620.315,0,388.075,0,26.005,1581,1520,1.450,0.970,0.530,1,0,23.004,0,0,11,4,1,19,0
19-01 11:08:57,23.003,2.750,73.760,0,0,1387776,1180620,170728,5192428,9021.264,1620.227,0,0,0,0,1892,1337,1.450,0.970,0.530,1,0,0,0,0,11,4,1,19,0
19-01 11:08:58,24.749,1.750,73.496,0,0,1400212,1167988,170728,5192624,8832.539,1693.911,0,0,0,0,1835,1149,1.450,0.970,0.530,1,0,0,0,0,11,6,1,19,0
19-01 11:08:59,20.493,6.498,70.726,0.750,0,1363852,1204248,170772,5192680,5995.925,1619.440,0,12595.641,0,291.899,4425,5335,1.450,0.970,0.530,1,0,42.985,0,0,11,4,1,21,0
19-01 11:09:00,22.254,2.500,74.014,1.250,0,1357600,1209896,171044,5192960,5562.057,1512.287,372.071,372.071,20.004,4.001,1743,1144,1.450,0.970,0.530,1,0,0,0,0,11,4,1,15,0
19-01 11:09:01,17.500,2.250,77.502,1.750,0,1357620,1209744,171060,5193052,15121.376,5717.142,84.002,3968.099,21.001,114.003,2594,2320,1.420,0.970,0.530,1,0,1.000,0,0,11,17,1,15,0
19-01 11:09:02,17.274,5.758,74.603,2.754,0,1351444,1215548,171100,5193344,14556.087,5746.931,184.254,2651.659,45.062,99.137,2914,2452,1.420,0.970,0.530,1,0,45.062,0,0,11,28,1,16,0
19-01 11:09:03,20.219,2.496,75.884,0.250,0,1412532,1154460,171100,5193344,10847.464,3584.536,0,67.896,0,6.989,1960,1521,1.420,0.970,0.530,0,0,0,0,0,11,29,1,16,0
19-01 11:09:04,17.045,8.272,73.946,0,0,1406136,1160808,171100,5193360,14547.567,6529.310,0,22122.649,0,81.215,3492,2743,1.420,0.970,0.530,2,0,154.409,0,0,11,28,1,17,0
19-01 11:09:05,42.482,7.247,49.729,0,0,1504084,1062844,171100,5193372,9515.027,2307.037,0,2263.055,0,15.993,2975,1493,1.420,0.970,0.530,1,0,1.999,0,0,11,29,1,17,0
19-01 11:09:06,29.769,4.503,63.790,0,0,1505248,1061608,171100,5193444,23454.858,16232.282,0,684.434,0,7.004,4893,6278,1.460,0.990,0.540,1,0,1.001,0,0,11,30,1,17,0
19-01 11:09:07,50.997,23.748,25.998,0,0,1463188,1103516,171104,5193592,10180.307,5190.647,0,223.985,0,31.998,6058,6087,1.460,0.990,0.540,6,0,548.963,0,0,11,28,1,18,0
19-01 11:09:08,86.742,12.999,0,0,0.250,1665632,901028,171104,5193636,13527.681,5944.420,0,0,0,0,5045,2699,1.460,0.990,0.540,5,0,28.997,0,0,11,30,1,17,0
19-01 11:09:09,81.890,9.737,7.740,0,0,1744340,822220,171108,5193728,39893.624,33373.348,0,467.375,0,38.948,8599,11205,1.460,0.990,0.540,6,0,0,0,0,11,33,1,18,0
19-01 11:09:10,49.696,14.234,35.711,0.250,0,1601600,964756,171132,5193908,16572.879,10690.311,0,938.973,0,53.941,6368,7497,1.460,0.990,0.540,1,0,309.661,0,0,11,28,1,23,0
19-01 11:09:11,19.489,1.749,77.957,0,0,1583660,982688,171136,5193912,14543.977,5531.948,0,187.896,0,8.995,1949,1680,1.430,0.990,0.540,1,0,0,0,0,11,29,1,23,0
19-01 11:09:12,16.757,5.502,76.780,0,0,1533356,1032972,171140,5193928,10070.999,4596.825,0,244.097,0,22.009,3165,3107,1.430,0.990,0.540,1,0,68.027,0,0,11,28,1,23,0
19-01 11:09:13,20.505,3.251,75.769,0,0,1523952,1042372,171144,5193928,12265.097,3590.907,0,148.037,0,9.002,1854,1252,1.430,0.990,0.540,0,0,0,0,0,11,29,1,23,0
19-01 11:09:14,16.522,2.253,79.608,0,0,1485448,1080856,171152,5193940,15302.725,6707.083,0,228.309,0,24.033,3009,3380,1.430,0.990,0.540,1,0,13.018,0,0,11,28,1,24,0
19-01 11:09:15,9.255,26.515,63.286,0.500,0,1470876,1095404,171152,5193956,7113.021,1620.916,0,59413.589,0,204.115,7028,5398,1.430,0.990,0.540,3,0,660.373,0,0,11,28,1,24,0
19-01 11:09:16,73.275,24.508,2.251,0,0,1545268,1020984,171156,5193980,9135.141,1620.557,0,1992.685,0,103.035,5529,3802,1.710,1.060,0.570,5,0,366.126,0,0,11,28,1,24,0
19-01 11:09:17,77.760,8.474,13.209,0,0,1689784,876408,171172,5194020,28917.882,23486.620,0,937.112,0,55.828,5345,5081,1.710,1.060,0.570,4,0,0,0,0,11,33,1,24,0
19-01 11:09:18,71.727,11.286,16.302,0,0,1614564,951388,171188,5194244,40606.421,29180.285,0,1055.338,0,70.222,9632,14581,1.710,1.060,0.570,7,0,95.301,0,0,11,28,1,25,0
19-01 11:09:19,80.495,19.749,0,0,0,1586600,979304,171196,5194276,6864.560,1511.903,0,231.985,0,12.999,5269,3647,1.710,1.060,0.570,6,0,214.986,0,0,11,28,1,25,0
19-01 11:09:20,84.498,9.750,5.500,0,0,1740776,825120,171196,5194280,30470.304,24919.431,0,34939.202,0,103.998,5943,5346,1.710,1.060,0.570,5,0,0,0,0,11,34,1,25,0
19-01 11:09:21,76.229,12.497,10.747,0,0,1675544,889848,171240,5194736,48061.760,37885.564,0,1415.610,0,55.985,9109,15466,1.820,1.090,0.580,3,0,167.954,0,0,11,30,1,29,0
19-01 11:09:22,48.735,11.746,38.738,0,0,1576568,988648,171252,5194884,10275.742,4900.446,0,235.925,0,21.993,4380,3768,1.820,1.090,0.580,3,0,135.957,0,0,11,28,1,30,0
19-01 11:09:23,32.766,3.502,62.531,0.250,0,1564680,1000488,171260,5194924,17383.601,12573.221,0,276.137,0,20.010,3370,3443,1.820,1.090,0.580,2,0,0,0,0,11,29,1,31,0
19-01 11:09:24,56.013,20.505,23.505,0.250,0,1495008,1070096,171272,5194976,19428.537,9035.110,0,756.177,0,45.011,6567,6752,1.820,1.090,0.580,3,0,378.088,0,0,11,28,1,32,0
19-01 11:09:25,54.500,5.500,39.250,0,0,1573700,991392,171272,5194988,55247.948,13990.987,0,92.000,0,2.000,3990,2689,1.820,1.090,0.580,3,0,0,0,0,11,31,1,32,0
19-01 11:09:26,50.246,13.999,34.498,0,0,1520844,1044056,171276,5195176,61034.677,17494.761,0,391.972,0,39.997,7923,10223,1.830,1.110,0.590,6,0,258.982,0,0,11,28,1,33,0
19-01 11:09:27,83.972,12.246,3.999,0,0,1591220,973656,171280,5195196,9909.680,5707.088,0,175.941,0,9.997,4719,1820,1.830,1.110,0.590,1,0,0,0,0,11,31,1,33,0
19-01 11:09:28,56.942,6.743,35.214,0.250,0,1597996,966600,171288,5195460,45409.834,34507.917,0,307.687,0,31.967,8516,12253,1.830,1.110,0.590,4,0,0,0,0,11,30,1,29,1
19-01 11:09:29,63.914,19.724,15.729,0,0,1506576,1057996,171292,5195480,10940.345,4748.639,0,371.502,0,25.965,5276,4913,1.830,1.110,0.590,3,0,323.567,0,0,11,28,1,31,0
19-01 11:09:30,52.565,5.006,41.301,0.751,0,1572128,992420,171292,5195504,19764.450,15333.969,0,6003.427,0,360.446,4888,3539,1.830,1.110,0.590,4,0,0,0,0,11,31,1,31,0
19-01 11:09:31,49.550,17.268,32.533,0.250,0,1524808,1039792,171312,5195568,21893.250,17018.295,0,1017.034,0,74.075,7401,9621,1.930,1.140,0.600,3,0,299.304,0,0,11,28,1,33,0
19-01 11:09:32,55.026,7.003,37.768,0,0,1571020,993420,171320,5195720,15506.267,8549.007,0,3357.574,0,87.041,3613,1644,1.930,1.140,0.600,4,0,0,0,0,11,31,1,33,0
19-01 11:09:33,51.940,8.740,38.456,0.250,0,1508556,1055564,171340,5196020,29762.735,22599.981,0,219.747,0,21.975,6905,9359,1.930,1.140,0.600,4,0,144.833,0,0,11,28,1,33,0
19-01 11:09:34,65.569,15.016,19.771,0,0,1547256,1016836,171352,5196036,9187.605,1621.695,0,260.272,0,10.010,4134,2105,1.930,1.140,0.600,3,0,142.149,0,0,11,28,1,33,0
19-01 11:09:35,44.961,3.497,49.956,0,0,1566928,996972,171352,5196228,31466.414,24480.538,0,479.580,0,21.981,5748,7229,1.930,1.140,0.600,4,0,0,0,0,11,30,1,34,0
19-01 11:09:36,60.992,13.748,24.997,0.250,0,1533684,1030180,171392,5196224,12762.393,4502.433,0,2899.635,0,177.978,5755,4958,2.010,1.170,0.620,3,0,112.986,0,0,11,28,1,35,0
19-01 11:09:37,55.286,5.253,39.275,0,0,1575840,987972,171392,5196276,18947.190,14488.322,0,0,0,0,3973,2513,2.010,1.170,0.620,1,0,0,0,0,11,31,1,35,0
19-01 11:09:38,49.916,18.469,30.699,0.250,0,1473092,1090656,171408,5196324,21123.660,14437.845,0,1741.087,0,179.699,7972,9717,2.010,1.170,0.620,5,0,389.349,0,0,11,28,1,37,0
19-01 11:09:39,80.549,19.512,0,0,0,1592404,971296,171412,5196368,10294.264,1586.966,0,216.132,0,14.009,5610,4387,2.010,1.170,0.620,9,0,384.234,0,0,11,28,1,37,0
19-01 11:09:40,83.617,15.522,0.751,0,0,1732936,830536,171416,5196592,30066.903,22292.067,0,288.402,0,9.013,6521,6097,2.010,1.170,0.620,5,0,390.544,0,0,11,32,2,37,0
19-01 11:09:41,77.254,20.001,2.250,0,0,1754224,809212,171428,5196616,45227.096,38873.801,0,1108.051,0,81.004,9059,11172,2.330,1.250,0.640,5,0,440.020,0,0,11,29,2,38,0
19-01 11:09:42,81.242,18.748,0.250,0,0,1616800,946408,171436,5196836,15664.388,7875.190,0,331.966,0,23.998,6278,5193,2.330,1.250,0.640,5,0,249.974,0,0,11,28,1,38,0
19-01 11:09:43,77.504,8.750,14.001,0,0,1668384,894732,171436,5196928,32336.675,27464.422,0,132.007,0,9.000,5898,6423,2.330,1.250,0.640,3,0,0,0,0,11,33,1,38,0
19-01 11:09:44,61.948,14.738,21.732,0,0,1479656,1083244,171436,5197144,41319.508,31315.858,0,11.990,0,2.997,8798,13152,2.330,1.250,0.640,2,0,331.723,0,0,11,29,1,42,0
19-01 11:09:45,20.254,28.256,51.261,0,0,1455628,1107232,171436,5197184,10428.280,2885.631,0,32.007,0,8.002,7098,6450,2.330,1.250,0.640,4,0,767.168,0,0,11,28,1,41,0
19-01 11:09:46,71.550,23.767,3.753,0,0,1548712,1014136,171436,5197196,9136.412,3592.521,0,24.017,0,6.004,5214,4008,2.550,1.310,0.670,4,0,504.354,0,0,11,29,1,41,0
19-01 11:09:47,64.191,7.215,28.363,0.249,0,1623756,938884,171448,5198768,33808.187,24762.748,0,366.236,0,24.880,5685,8419,2.550,1.310,0.670,5,0,33.837,0,0,11,31,1,42,0
19-01 11:09:48,70.588,19.343,9.295,0,0,1516368,1046196,171468,5197448,15724.332,9314.624,0,506.426,0,54.260,7073,15016,2.550,1.310,0.670,4,0,271.300,0,0,11,28,1,46,0
19-01 11:09:49,75.753,9.250,15.001,0,0,1594056,968488,171472,5197464,16953.590,13935.485,0,148.005,0,7.000,4780,3251,2.550,1.310,0.670,3,0,0,0,0,11,31,1,45,0
19-01 11:09:50,54.998,6.250,37.999,0,0,1603108,959192,171472,5197708,46695.384,35599.768,0,163.994,0,9.000,9235,15152,2.550,1.310,0.670,2,0,0,0,0,11,32,1,45,0
19-01 11:09:51,61.502,10.750,26.251,0,0,1564996,997036,171504,5197944,39289.228,29099.909,0,508.016,0,54.002,10558,15880,2.660,1.360,0.690,4,0,90.003,0,0,11,28,1,45,0
19-01 11:09:52,80.962,11.994,6.747,0,0,1566240,995784,171512,5197944,15152.928,7501.499,0,155.927,0,12.994,4882,2611,2.660,1.360,0.690,3,0,29.986,0,0,11,30,1,45,0
19-01 11:09:53,60.237,7.498,31.993,0,0,1596204,965596,171520,5198160,39692.627,30964.468,0,2767.416,0,121.974,8511,11715,2.660,1.360,0.690,4,0,2.000,0,0,11,32,1,45,0
19-01 11:09:54,54.937,8.241,35.459,0,0,1580312,981248,171520,5198400,46429.511,39004.066,0,107.876,0,6.992,10737,17321,2.660,1.360,0.690,4,0,70.918,0,0,11,29,1,48,0
19-01 11:09:55,78.325,17.767,3.754,0,0,1525796,1035712,171528,5198444,49214.390,6352.117,0,120.116,0,8.008,5459,3932,2.660,1.360,0.690,3,0,189.182,0,0,11,29,1,49,0
19-01 11:09:56,65.071,7.230,27.175,0,0,1616736,944588,171528,5198628,71047.946,24973.438,0,135.628,0,8.975,5228,6495,2.770,1.400,0.700,3,0,0.997,0,0,11,32,1,49,0
19-01 11:09:57,64.553,10.509,24.020,0,0,1520828,1040248,171540,5198864,37280.342,27781.611,0,236.192,0,22.018,10152,14788,2.770,1.400,0.700,5,0,72.059,0,0,11,29,1,51,0
19-01 11:09:58,78.718,14.289,7.019,0,0,1562840,998228,171544,5198868,15581.067,7791.536,0,276.765,0,31.086,5428,4203,2.770,1.400,0.700,4,0,56.155,0,0,11,29,1,51,0
19-01 11:09:59,65.006,9.465,24.907,0.249,0,1600076,960932,171544,5198928,28090.705,20273.009,0,342.715,0,37.858,5471,6174,2.770,1.400,0.700,4,0,59.776,0,0,11,30,1,53,0
19-01 11:10:00,68.013,11.796,19.827,0.251,0,1641272,919532,171548,5199124,32770.826,22344.475,0,188.730,0,13.051,6871,10276,2.770,1.400,0.700,3,0,62.241,0,0,11,31,1,53,0
19-01 11:10:01,65.746,13.999,19.499,0,0,1600384,960352,171548,5199204,32842.976,24726.476,0,483.970,0,59.996,6564,9262,2.950,1.460,0.730,5,0,141.991,0,0,11,31,1,54,0
19-01 11:10:02,76.466,12.994,10.495,0,0,1602700,958000,171548,5199204,17239.276,12436.428,0,155.930,0,8.996,5379,4603,2.950,1.460,0.730,3,0,87.961,0,0,11,32,1,55,0
19-01 11:10:03,69.343,9.196,20.878,0,0,1665720,894812,171548,5199376,28767.343,20034.542,0,1741.788,0,56.668,5385,6243,2.950,1.460,0.730,4,0,34.796,0,0,11,34,1,57,0
19-01 11:10:04,68.674,11.571,18.615,0,0,1654716,905608,171568,5199564,23977.106,16890.331,0,386.387,0,36.224,6178,7691,2.950,1.460,0.730,3,0,105.653,0,0,11,33,1,59,0
19-01 11:10:05,56.964,12.492,30.731,0.250,0,1575508,984792,171572,5199584,19073.102,11702.700,0,367.771,0,31.980,4813,4305,2.950,1.460,0.730,2,0,126.921,0,0,11,33,1,58,0
19-01 11:10:06,56.252,10.750,33.251,0.250,0,1564948,995300,171572,5199636,17017.578,9660.328,0,376.013,0,20.001,4996,4403,2.950,1.490,0.740,2,0,61.002,0,0,11,33,1,59,0
19-01 11:10:07,50.523,9.254,38.768,0,0,1540564,1019644,171572,5199676,25421.633,17015.786,0,156.071,0,12.005,5695,5783,2.950,1.490,0.740,6,0,96.044,0,0,11,34,1,60,0
19-01 11:10:08,54.496,9.249,35.747,0,0,1467560,1092476,171572,5199848,22168.330,14316.921,0,3211.758,0,137.990,5530,6129,2.950,1.490,0.740,4,0,85.994,0,0,11,33,1,62,0
19-01 11:10:09,50.477,8.746,40.732,0,0,1487056,1072788,171572,5200040,16912.402,12366.444,0,227.898,0,16.992,4098,4428,2.950,1.490,0.740,2,0,85.961,0,0,11,34,1,61,0
19-01 11:10:10,30.753,4.500,64.005,0,0,1477920,1081872,171576,5200088,22361.830,17236.411,0,296.024,0,20.002,5431,7257,2.950,1.490,0.740,1,0,33.003,0,0,11,33,1,62,0
19-01 11:10:11,39.270,10.756,49.025,0.250,0,1510776,1049004,171580,5200096,10918.610,2673.373,0,332.171,0,25.013,4104,3168,2.880,1.500,0.750,2,0,102.052,0,0,11,32,1,63,0
19-01 11:10:12,35.198,3.245,61.160,0,0,1515136,1044624,171580,5200116,20886.124,14209.994,0,187.722,0,9.985,3844,3878,2.880,1.500,0.750,2,0,0,0,0,11,34,1,63,0
19-01 11:10:13,36.217,9.491,53.201,0.250,0,1465388,1094168,171592,5200308,14370.746,6482.022,0,731.326,0,45.958,5405,5411,2.880,1.500,0.750,3,0,137.873,0,0,11,32,1,65,0
19-01 11:10:14,36.552,5.508,57.331,0,0,1535732,1023808,171596,5200320,14165.008,8093.432,0,132.187,0,9.013,3014,2132,2.880,1.500,0.750,1,0,0,0,0,11,34,1,59,0
19-01 11:10:15,33.725,7.245,58.206,0,0,1546328,1013172,171604,5200352,19464.303,11199.544,0,199.849,0,19.985,3940,4518,2.880,1.500,0.750,2,0,59.955,0,0,11,33,1,60,0
19-01 11:10:16,39.536,5.505,54.549,0.250,0,1558380,1001104,171612,5200360,15100.574,8119.298,0,332.299,0,23.021,3314,2567,2.730,1.490,0.750,2,0,6.005,0,0,11,33,1,61,0
19-01 11:10:17,34.984,5.997,57.224,0,0,1534068,1025388,171612,5200388,17401.065,12844.143,0,131.940,0,8.996,4659,5287,2.730,1.490,0.750,2,0,42.980,0,0,11,33,1,62,0
19-01 11:10:18,37.754,5.501,56.506,0,0,1453356,1105944,171612,5200544,16969.723,8485.862,0,240.024,0,22.002,3420,3351,2.730,1.490,0.750,1,0,5.001,0,0,11,33,1,62,0
19-01 11:10:19,32.993,3.999,61.737,0,0,1505604,1053660,171616,5200576,24421.895,15253.811,0,143.970,0,9.998,4098,4369,2.730,1.490,0.750,2,0,0,0,0,11,34,1,62,0
19-01 11:10:20,27.236,12.743,59.219,0.250,0,1382740,1176436,171620,5200660,13645.891,8196.730,0,375.804,0,34.982,5869,6558,2.730,1.490,0.750,1,0,281.853,0,0,11,32,1,64,0
19-01 11:10:21,21.264,3.752,74.548,0,0,1452032,1107140,171624,5200660,12418.079,2309.502,0,144.094,0,8.005,1906,1284,2.590,1.480,0.750,0,0,0,0,0,11,33,1,64,0
19-01 11:10:22,15.002,2.250,81.512,0,0,1438948,1120204,171624,5200680,17575.543,10406.506,0,140.020,0,8.001,2947,3393,2.590,1.480,0.750,0,0,6.001,0,0,11,33,1,58,0
19-01 11:10:23,14.012,13.762,71.061,0.250,0,1416784,1142344,171632,5200696,11412.726,2678.282,0,268.229,0,30.026,4795,4006,2.590,1.480,0.750,2,0,284.242,0,0,11,32,1,59,0
19-01 11:10:24,20.230,2.498,76.174,0.250,0,1416936,1142188,171632,5200700,9899.163,3628.394,0,155.845,0,6.993,1784,1261,2.590,1.480,0.750,0,0,0,0,0,11,33,1,59,0
19-01 11:10:25,19.000,2.250,78.251,0,0,1411768,1147316,171652,5200720,50516.796,10381.164,0,516.008,0,35.001,3573,4191,2.590,1.480,0.750,1,0,0,0,0,11,32,1,60,0
19-01 11:10:26,20.484,5.496,72.943,0,0.250,1398852,1160232,171652,5200720,43633.103,1456.868,0,3.997,0,0.999,2427,1564,2.460,1.470,0.750,1,0,46.964,0,0,11,32,1,58,0
19-01 11:10:27,17.001,2.750,79.504,0,0,1413384,1145560,171652,5200860,14778.659,8467.377,0,0,0,0,2530,2617,2.460,1.470,0.750,2,0,0,0,0,11,33,1,58,0
19-01 11:10:28,16.521,6.008,76.347,0.250,0,1348556,1210320,171660,5200920,18555.566,8902.306,0,340.432,0,36.046,4683,5627,2.460,1.470,0.750,1,0,61.078,0,0,11,32,1,58,0
19-01 11:10:29,14.255,23.008,61.772,0.250,0,1344672,1214004,171732,5201052,10085.573,1620.574,0,2060.730,0,127.045,6654,5633,2.460,1.470,0.750,2,0,565.200,0,0,11,32,1,60,0
19-01 11:10:30,44.976,5.747,48.724,0,0,1486304,1071784,171804,5201568,6019.743,1689.086,0,0,0,0,2856,1435,2.460,1.470,0.750,2,0,0,0,0,11,32,1,56,0
19-01 11:10:31,38.276,6.755,44.530,8.506,0,1528952,1021644,172540,5207708,8802.028,1621.110,0,23343.986,0,2276.559,15939,20462,2.340,1.460,0.750,3,1,113.077,0,0,11,36,1,56,0
19-01 11:10:32,38.972,8.244,39.222,10.992,0,1487692,1060388,173412,5209252,6979.985,1618.837,0,50723.555,0,4245.949,22411,32533,2.340,1.460,0.750,2,0,57.958,0,0,11,36,1,56,0
19-01 11:10:33,45.726,5.997,46.975,0.750,0,1507892,1040140,173468,5209244,5774.908,1619.133,0,12057.545,0,690.630,4466,4901,2.340,1.460,0.750,2,0,6.996,0,0,11,32,1,56,0
19-01 11:10:34,39.813,7.762,44.821,6.260,0,1541844,1005584,173660,5209656,8792.877,1622.561,0,14370.680,0,2047.231,13780,21521,2.340,1.460,0.750,3,0,2.003,0,0,11,34,1,51,0
19-01 11:10:35,31.695,7.737,56.402,2.496,0,1535580,1011528,173860,5209776,8698.910,1617.195,0,11092.757,0,1119.059,7396,10342,2.340,1.460,0.750,1,0,99.827,0,0,11,32,1,51,0
19-01 11:10:36,22.764,3.502,72.794,0.250,0,1550340,996748,173864,5209792,8901.403,1458.886,0,2157.309,0,111.067,2143,1924,2.230,1.450,0.750,1,0,2.001,0,0,11,32,1,51,0
19-01 11:10:37,23.459,2.995,72.872,0.499,0,1579232,967836,173884,5209792,8551.941,1617.152,0,5330.613,0,277.511,2159,2164,2.230,1.450,0.750,1,0,1.996,0,0,11,32,1,51,0
19-01 11:10:38,22.298,3.758,73.158,0,0,1517112,1029940,173888,5209800,10638.986,1623.508,0,156.338,0,12.026,2014,1387,2.230,1.450,0.750,2,0,3.006,0,0,11,32,0,47,0
19-01 11:10:39,22.951,2.744,73.093,0,0,1506492,1040548,173888,5209812,8847.004,1616.529,0,0,0,0,1831,1115,2.230,1.450,0.750,1,0,2.994,0,0,11,32,0,47,0
19-01 11:10:40,23.507,3.751,73.273,0,0,1542772,1004260,173888,5209820,6112.896,1620.503,0,72.022,0,3.001,1984,1517,2.230,1.450,0.750,1,0,0,0,0,11,32,0,47,0
19-01 11:10:41,22.988,2.749,72.461,0.500,0,1515328,1031664,173928,5209820,6119.745,1619.139,0,7072.238,0,336.821,2325,2437,2.140,1.450,0.760,1,0,2.998,0,0,11,32,0,47,0
19-01 11:10:42,22.286,3.756,73.618,0,0,1509312,1037600,173928,5209892,8689.936,1622.602,0,1161.863,0,49.079,1913,1434,2.140,1.450,0.760,1,0,2.003,0,0,11,32,0,46,0
19-01 11:10:43,23.268,2.502,73.557,0,0,1499744,1047164,173928,5209896,9103.073,1621.260,0,148.115,0,30.023,1849,1093,2.140,1.450,0.760,3,0,1.001,0,0,11,32,0,46,0
19-01 11:10:44,22.461,3.494,73.621,0,0,1468996,1077768,173928,5210008,8438.196,1563.257,0,167.706,0,8.984,2054,1640,2.140,1.450,0.760,1,0,0.998,0,0,11,32,0,46,0
19-01 11:10:45,22.305,3.509,73.932,0,0,1553968,992796,173928,5210008,7042.356,1624.002,0,304.751,0,18.044,1868,1291,2.140,1.450,0.760,1,0,2.005,0,0,11,32,0,46,0
19-01 11:10:46,22.736,2.998,73.455,0,0,1525048,1021696,173928,5210028,8843.614,1511.080,0,35.978,0,3.998,1884,1220,2.040,1.440,0.760,1,0,1.999,0,0,11,32,0,41,0
19-01 11:10:47,22.754,3.251,73.764,0,0,1530724,1015988,173928,5210056,7364.359,1620.299,0,4.001,0,1.000,1797,1280,2.040,1.440,0.760,1,0,0,0,0,11,32,0,41,0
19-01 11:10:48,27.499,6.750,65.998,0,0.250,1483348,1063364,173928,5210056,6049.813,1619.950,0,0,0,0,2807,11395,2.040,1.440,0.760,1,0,36.999,0,0,11,32,0,42,0
19-01 11:10:49,21.001,4.750,73.252,0,0,1470588,1076020,173928,5210160,9157.310,1662.056,0,0,0,0,2120,1339,2.040,1.440,0.760,1,0,34.001,0,0,11,32,0,42,0
19-01 11:10:50,8.498,21.245,69.484,0,0,1479876,1066656,173928,5210212,8390.120,1619.637,0,791.823,0,8.998,6273,4857,2.040,1.440,0.760,2,0,515.884,0,0,11,32,0,37,0
19-01 11:10:51,8.005,20.512,69.541,0.250,0,1445440,1101040,173928,5210260,24141.170,1715.007,0,596.350,0,10.006,6220,4490,2.120,1.470,0.770,2,0,426.250,0,0,11,32,0,37,0
19-01 11:10:52,10.232,18.967,69.878,0,0,1422676,1123776,173928,5210288,9305.777,1617.181,0,207.638,0,3.993,5767,4356,2.120,1.470,0.770,1,0,398.306,0,0,11,32,0,37,0
19-01 11:10:53,21.743,3.999,73.728,0,0,1497744,1048708,173928,5210288,9192.202,1565.523,0,3.999,0,1.000,1783,1234,2.120,1.470,0.770,2,0,0,0,0,11,32,0,37,0
19-01 11:10:54,22.803,3.258,73.670,0,0,1497048,1049396,173928,5210296,43251.817,1709.946,0,204.472,0,13.030,2441,1647,2.120,1.470,0.770,2,0,3.007,0,0,11,32,0,35,0
19-01 11:10:55,21.442,4.238,73.550,0.249,0,1537468,1008996,173928,5210276,43386.838,1507.893,0,343.066,0,22.938,2030,1388,2.120,1.470,0.770,2,0,1.995,0,0,11,32,0,35,0
19-01 11:10:56,23.775,2.252,73.328,0,0,1529976,1016488,173928,5210276,41331.843,1621.720,0,20.021,0,1.001,1967,1291,2.030,1.460,0.770,2,0,2.002,0,0,11,32,0,35,0
19-01 11:10:57,22.013,3.502,73.543,0,0,1513504,1032952,173928,5210284,23102.402,1706.990,0,0,0,0,2091,1334,2.030,1.460,0.770,2,0,2.001,0,0,11,32,0,35,0
19-01 11:10:58,23.263,2.501,74.042,0,0,1502440,1044016,173928,5210284,7799.452,1620.925,0,12.007,0,1.001,1819,1166,2.030,1.460,0.770,2,0,1.001,0,0,11,32,0,35,0
19-01 11:10:59,22.245,3.499,73.482,0,0,1487564,1058900,173928,5210276,9766.667,1705.593,0,3.999,0,1.000,1876,1208,2.030,1.460,0.770,2,0,2.000,0,0,11,32,0,31,0
19-01 11:11:00,23.006,2.751,73.519,0,0,1473736,1072712,173932,5210288,21392.415,1620.410,0,76.019,0,4.001,2025,1229,2.030,1.460,0.770,2,0,1.000,0,0,11,32,0,31,0
19-01 11:11:01,21.945,4.239,73.816,0,0,1514544,1031904,173932,5210288,9416.543,1615.975,0,0,0,0,1908,1240,1.950,1.450,0.770,2,0,1.995,0,0,11,32,0,31,0
19-01 11:11:02,23.042,3.256,73.382,0,0,1492252,1054188,173932,5210292,6505.723,1568.827,0,2588.665,0,97.175,1973,1217,1.950,1.450,0.770,2,0,1.002,0,0,11,32,0,31,0
19-01 11:11:03,22.976,2.747,73.921,0,0,1491400,1055052,173932,5210280,15448.571,1618.279,0,0,0,0,1925,1080,1.950,1.450,0.770,2,0,1.998,0,0,11,32,0,25,0
19-01 11:11:04,22.788,3.255,73.121,0.250,0,1467148,1079276,173936,5210304,7541.516,1514.514,0,845.403,0,130.216,2189,1607,1.950,1.450,0.770,2,0,1.002,0,0,11,32,0,25,0
19-01 11:11:05,22.245,3.499,73.483,0.250,0,1517676,1028824,173948,5210216,10775.545,1619.631,0,431.902,0,31.993,1954,1259,1.950,1.450,0.770,2,0,2.000,0,0,11,32,0,25,0
19-01 11:11:06,22.759,2.751,73.528,0,0,1518356,1028068,173948,5210292,9926.795,1620.619,0,88.034,0,1.000,1901,1242,1.870,1.440,0.770,1,0,2.001,0,0,11,32,0,25,0
19-01 11:11:07,22.498,3.750,72.745,0.500,0,1460620,1085544,173948,5210596,8983.378,1619.888,315.978,11.999,3.000,1.000,2102,1597,1.870,1.440,0.770,1,0,4.000,0,0,11,32,0,18,0
19-01 11:11:08,22.487,3.748,73.709,0,0,1465776,1080388,173948,5210596,7554.760,1619.091,0,0,0,0,1927,1322,1.870,1.440,0.770,1,0,1.999,0,0,11,32,0,18,0
19-01 11:11:09,22.259,2.751,74.031,0,0,1450152,1096012,173948,5210596,8929.724,1620.676,0,20.008,0,1.000,1853,1289,1.870,1.440,0.770,1,0,1.000,0,0,11,32,0,18,0
19-01 11:11:10,22.513,3.502,73.793,0,0,1410900,1135240,173952,5210616,8071.755,1620.955,0,120.071,0,3.002,1863,1207,1.870,1.440,0.770,2,0,2.001,0,0,11,32,0,18,0
19-01 11:11:11,21.447,4.239,73.817,0,0,1466400,1079752,173952,5210604,5837.527,1615.993,0,3.990,0,0.998,1837,1256,1.800,1.430,0.770,1,0,1.995,0,0,11,32,0,13,0
19-01 11:11:12,19.545,7.768,72.415,0,0,1467360,1078752,173952,5210644,5777.180,1569.581,0,120.274,0,5.011,2935,2114,1.800,1.430,0.770,3,0,146.334,0,0,11,32,0,13,0
19-01 11:11:13,13.738,14.487,70.186,0,0,1485888,1060184,173952,5210680,10526.471,1618.535,0,163.852,0,6.994,4659,3502,1.800,1.430,0.770,1,0,313.716,0,0,11,32,0,13,0
19-01 11:11:14,23.764,2.001,74.044,0,0,1530480,1015412,173964,5210848,7236.261,1512.891,0,436.257,0,67.039,1958,1447,1.800,1.430,0.770,1,0,0,0,0,11,32,0,13,0
19-01 11:11:15,22.472,3.246,73.660,0,0,1524904,1020900,173980,5210932,8841.180,1618.020,0,399.511,0,21.973,1984,1301,1.800,1.430,0.770,1,0,8.989,0,0,11,32,0,10,0
19-01 11:11:16,22.288,5.259,72.123,0,0,1514140,1031656,173980,5210940,8778.990,1622.771,0,0,0,0,2372,1501,1.740,1.430,0.780,2,0,76.130,0,0,11,32,0,10,0
19-01 11:11:17,7.999,22.497,68.492,0.250,0,1526460,1019188,173980,5211088,9163.964,1619.817,39.995,147.983,2.000,6.999,6175,4622,1.740,1.430,0.780,1,0,474.946,0,0,11,32,0,10,0
19-01 11:11:18,8.249,21.746,68.488,0,0,1509268,1036352,173980,5211116,8725.475,1619.717,0,243.957,0,4.999,6435,5039,1.740,1.430,0.780,1,0,533.907,0,0,11,32,0,10,0
19-01 11:11:19,8.003,22.509,68.026,0,0,1440648,1104928,173980,5211152,5630.157,1620.621,0,624.239,0,8.003,6278,4861,1.740,1.430,0.780,1,0,507.194,0,0,11,32,0,7,0
19-01 11:11:20,8.247,22.241,68.471,0,0,1446700,1098852,173980,5211172,8899.225,1661.295,0,1387.411,0,15.993,6275,4782,1.740,1.430,0.780,2,0,508.784,0,0,11,32,0,7,0
19-01 11:11:21,8.503,22.257,67.771,0,0,1429068,1116452,173980,5211204,9122.835,1620.504,0,1288.400,0,14.004,6426,5010,1.680,1.420,0.780,1,0,544.169,0,0,11,32,0,7,0
19-01 11:11:22,8.502,20.755,69.767,0,0.250,1427676,1117788,173980,5211240,6967.654,1620.385,0,216.051,0,6.001,6095,4591,1.680,1.420,0.780,1,0,447.106,0,0,11,32,0,7,0
19-01 11:11:23,8.249,21.248,69.243,0,0,1417012,1128412,173980,5211276,9038.091,1619.837,0,715.928,0,13.999,6066,4582,1.680,1.420,0.780,2,0,447.955,0,0,11,32,0,4,0
19-01 11:11:24,8.730,22.697,67.841,0,0,1407148,1138216,174000,5211316,8613.848,1550.373,0,271.365,0,25.939,6646,5461,1.680,1.420,0.780,3,0,534.749,0,0,11,32,0,4,0
19-01 11:11:25,13.275,22.293,62.870,0.250,0,1358796,1186380,174020,5211480,44518.176,1569.002,0,1114.132,0,117.224,6990,5701,1.680,1.420,0.780,2,0,595.139,0,0,11,32,0,6,0
19-01 11:11:26,52.750,21.750,25.250,0.500,0,1488600,1056532,174048,5211492,43220.920,1619.997,0,603.999,0,40.000,6063,5083,1.780,1.450,0.790,4,0,486.999,0,0,11,32,0,10,0
19-01 11:11:27,61.351,10.225,23.692,3.242,0,1633796,905160,174324,5216732,5566.445,1616.065,371.096,10318.872,2.993,842.947,7841,8230,1.780,1.450,0.790,3,0,36.910,0,0,11,34,0,9,0
19-01 11:11:28,43.060,11.015,31.043,13.269,0,1657660,869460,175196,5226928,11752.440,1622.269,0,62130.914,0,4591.423,22771,35516,1.780,1.450,0.790,4,1,169.237,0,0,11,36,0,10,0
19-01 11:11:29,43.497,10.749,28.248,15.499,0,1700140,815196,175780,5237688,11207.187,1861.865,0,89477.512,0,6424.534,28809,43502,1.780,1.450,0.790,3,1,77.994,0,0,11,36,1,10,0
19-01 11:11:30,42.935,8.238,34.198,12.481,0,1701680,804164,176252,5246400,14482.179,9810.219,0,75042.930,0,5930.065,23726,38931,1.780,1.450,0.790,2,1,38.941,0,0,11,37,0,10,0
19-01 11:11:31,34.087,19.299,25.816,19.801,0,1606840,891804,176816,5252712,9578.482,2460.288,372.953,52201.424,6.015,3855.855,19405,29100,2.120,1.520,0.820,6,0,336.861,0,0,11,34,0,9,0
19-01 11:11:32,47.211,17.735,22.981,9.742,0,1609188,884032,177156,5257528,11250.620,6655.451,0,58479.245,0,4316.401,23930,36043,2.120,1.520,0.820,2,1,188.843,0,0,11,35,0,9,0
19-01 11:11:33,34.530,13.762,35.531,13.261,0,1611576,877228,177348,5261620,16682.436,8595.438,1765.528,47289.921,27.023,3418.958,18164,29682,2.120,1.520,0.820,1,1,199.172,0,0,11,35,0,9,0
19-01 11:11:34,32.748,8.999,45.747,11.499,0,1571992,915812,177476,5262408,15735.060,9031.461,0,51420.930,0,4601.725,24777,36722,2.120,1.520,0.820,2,1,68.996,0,0,11,34,0,9,0
19-01 11:11:35,38.751,8.250,39.501,10.750,0,1609544,876116,177860,5264164,6026.110,1620.029,0,51380.935,0,4750.086,19446,30879,2.120,1.520,0.820,3,1,39.001,0,0,11,34,0,9,0
19-01 11:11:36,31.256,6.501,48.510,11.252,0,1620372,864020,178100,5265160,18953.921,9917.051,0,47949.918,0,4450.921,21811,33698,2.270,1.560,0.840,3,0,37.008,0,0,11,35,0,9,0
19-01 11:11:37,36.001,6.750,45.751,8.500,0,1609952,872372,178220,5267060,18328.351,12242.235,0,36748.704,0,3330.064,20379,30293,2.270,1.560,0.840,1,1,39.001,0,0,11,35,0,9,0
19-01 11:11:38,34.970,9.992,42.214,11.240,0,1624372,854812,178296,5270040,11596.189,2945.508,0,47240.032,0,4079.548,20356,30549,2.270,1.560,0.840,2,0,121.897,0,0,11,36,0,10,0
19-01 11:11:39,34.012,8.253,44.765,11.504,0,1645776,830160,178416,5273076,12685.298,6663.257,0,59036.000,0,4687.588,22001,32734,2.270,1.560,0.840,2,0,54.018,0,0,11,37,0,10,0
19-01 11:11:40,31.448,7.488,46.423,11.730,0,1628792,843932,178548,5276084,19651.296,10005.349,0,56050.721,0,4826.967,25948,39009,2.270,1.560,0.840,0,1,95.841,0,0,11,37,0,10,0
19-01 11:11:41,32.818,9.019,45.595,11.273,0,1552716,917008,178596,5278932,14484.175,7657.954,0,45751.315,0,4199.749,22149,34581,2.410,1.600,0.850,4,1,90.188,0,0,11,36,0,10,0
19-01 11:11:42,37.974,8.244,40.472,11.992,0,1601536,873112,178640,5273912,7710.676,1564.919,0,65023.100,0,5345.309,24876,37905,2.410,1.600,0.850,2,0,14.990,0,0,11,36,0,10,0
19-01 11:11:43,35.038,5.756,52.558,5.005,0,1469620,1004412,178676,5274488,15260.698,10937.968,0,24050.315,0,2135.336,12576,19176,2.410,1.600,0.850,1,0,46.050,0,0,11,33,0,12,0
19-01 11:11:44,19.488,9.244,68.458,1.499,0,1468072,1005872,178688,5274564,21167.139,12517.394,0,16793.796,0,923.439,7999,10928,2.410,1.600,0.850,1,0,198.879,0,0,11,32,0,13,0
19-01 11:11:45,20.244,5.748,73.230,0,0,1432740,1041200,178688,5274568,7461.967,1685.541,0,1155.685,0,50.986,2453,1733,2.410,1.600,0.850,1,0,54.985,0,0,11,32,0,13,0
19-01 11:11:46,17.974,2.496,78.888,0.250,0,1451612,1022348,178688,5274576,15584.836,8299.197,0,1026.540,0,50.928,2559,2652,2.300,1.590,0.850,0,0,1.997,0,0,11,33,0,13,0
19-01 11:11:47,20.004,5.001,73.264,0.750,0,1440468,1033476,178692,5274588,10076.962,3613.704,0,3624.706,0,182.035,3361,3302,2.300,1.590,0.850,1,0,34.007,0,0,11,32,0,14,0
19-01 11:11:48,23.461,5.241,71.132,0,0,1476908,997044,178692,5274592,14434.120,6649.998,0,311.485,0,7.987,3092,13361,2.300,1.590,0.850,1,0,35.941,0,0,11,33,0,15,0
19-01 11:11:49,17.293,6.015,75.937,0.251,0,1406056,1067892,178692,5274596,10756.466,3308.139,0,116.286,0,12.030,2902,2544,2.300,1.590,0.850,1,0,60.148,0,0,11,32,0,16,0
19-01 11:11:50,18.752,1.750,78.509,0,0,1435188,1038416,178692,5274940,12198.432,6776.796,0,116.014,0,8.001,2026,1736,2.300,1.590,0.850,1,0,0,0,0,11,33,0,16,0
19-01 11:11:51,18.272,4.505,76.841,0,0,1394276,1079300,178692,5274968,13199.596,7068.351,0,1838.172,0,178.211,3684,3719,2.190,1.580,0.850,1,0,39.046,0,0,11,32,0,17,0
19-01 11:11:52,21.671,3.986,73.235,0,0,1471324,1002252,178692,5274968,9452.757,1614.153,0,91.668,0,8.968,2026,1578,2.190,1.580,0.850,1,0,3.986,0,0,11,32,0,16,0
19-01 11:11:53,15.768,1.502,81.092,0,0,1470644,1002784,178692,5275116,18433.006,11170.730,0,296.338,0,14.016,3117,3618,2.190,1.580,0.850,0,0,0,0,0,11,33,0,16,0
19-01 11:11:54,11.268,15.024,72.614,0,0,1380980,1092344,178692,5275220,11357.887,2917.595,0,220.347,0,19.030,5075,4202,2.190,1.580,0.850,1,0,310.489,0,0,11,32,0,17,0
19-01 11:11:55,27.273,21.518,49.791,0.751,0,1403964,1069104,178700,5275468,41656.569,1621.345,0,820.681,0,63.052,6585,5326,2.190,1.580,0.850,3,0,487.404,0,0,11,32,0,23,0
19-01 11:11:56,67.255,8.001,24.252,0,0,1572708,899440,178716,5276340,45885.204,1512.106,0,160.011,0,8.001,3909,1603,2.260,1.610,0.870,3,0,4.000,0,0,11,32,0,23,0
19-01 11:11:57,68.348,6.984,24.446,0,0,1736544,732376,178804,5279300,8934.117,1616.403,0,4210.629,0,134.700,4027,1661,2.260,1.610,0.870,3,0,0,0,0,11,32,0,23,0
19-01 11:11:58,50.087,8.515,33.559,7.012,0,1771316,686796,178936,5289284,9286.212,1622.833,0,52980.495,0,3401.939,17950,25069,2.260,1.610,0.870,1,1,138.241,0,0,11,38,0,23,0
19-01 11:11:59,33.504,8.001,42.756,13.002,0,1770892,674732,179052,5301252,10706.405,1566.206,0,94472.397,0,7017.921,32350,50434,2.260,1.610,0.870,1,0,273.036,0,0,11,38,0,23,0
19-01 11:12:00,31.719,8.492,42.459,14.236,0,1770620,666164,179116,5309684,9670.676,1618.440,0,86328.766,0,6637.600,31155,45335,2.260,1.610,0.870,6,1,158.847,0,0,11,38,0,23,0
19-01 11:12:01,41.737,12.496,31.990,12.746,0,1713360,712816,179216,5319852,6379.004,1619.493,0,75268.443,0,5658.229,27379,40860,2.400,1.650,0.880,6,0,228.928,0,0,11,36,0,23,0
19-01 11:12:02,46.311,9.763,30.540,12.016,0,1766984,648076,179252,5330528,9709.836,1622.144,0,77081.902,0,5547.334,24423,38115,2.400,1.650,0.880,5,2,27.036,0,0,11,36,0,23,0
19-01 11:12:03,41.499,10.000,32.749,13.000,0.250,1794736,612544,179288,5337956,7021.812,1619.957,4.000,97445.396,1.000,6805.818,28803,44375,2.400,1.650,0.880,2,1,55.999,0,0,11,38,0,23,0
19-01 11:12:04,37.236,8.997,43.733,9.996,0,1669104,735256,179304,5340772,9566.299,1619.374,0,54342.977,0,4418.291,21471,32090,2.400,1.650,0.880,2,0,152.941,0,0,11,34,0,23,0
19-01 11:12:05,20.957,12.475,63.870,1.996,0,1463904,940428,179308,5340796,8221.224,1616.701,0,18494.261,0,1108.738,7336,7935,2.400,1.650,0.880,1,0,248.493,0,0,11,32,0,23,0
19-01 11:12:06,22.806,3.007,73.430,0,0,1516836,887496,179308,5340796,6636.244,1623.975,0,1836.495,0,196.481,2267,1439,2.290,1.640,0.880,2,0,2.005,0,0,11,32,0,23,0
19-01 11:12:07,23.486,2.998,71.458,0.999,0,1547564,856756,179308,5340804,19954.320,1511.115,0,5476.794,0,295.827,3291,2995,2.290,1.640,0.880,2,0,1.999,0,0,11,38,0,23,0
19-01 11:12:08,22.256,4.001,73.270,0,0,1476744,927576,179308,5340804,8538.346,1566.430,0,68.019,0,6.002,2208,1422,2.290,1.640,0.880,2,0,27.007,0,0,11,32,0,23,0
19-01 11:12:09,22.740,2.999,73.718,0,0,1501980,902340,179308,5340804,9215.044,1619.305,0,327.859,0,38.983,1840,1166,2.290,1.640,0.880,2,0,1.000,0,0,11,32,0,23,0
19-01 11:12:10,21.236,4.997,72.701,0,0,1478720,925588,179316,5340808,35641.817,1704.843,0,111.924,0,14.990,2948,2034,2.290,1.640,0.880,1,0,56.961,0,0,11,32,0,23,0
19-01 11:12:11,14.516,38.291,46.550,0,0,1458204,945912,179316,5341000,9467.158,1621.740,0,716.769,0,56.060,8695,8290,2.340,1.660,0.900,1,0,1219.308,0,0,11,32,0,23,0
19-01 11:12:12,8.000,22.251,68.253,0,0,1448044,955964,179316,5341076,6814.331,1620.079,0,260.013,0,19.001,6258,4738,2.340,1.660,0.900,1,0,527.026,0,0,11,32,0,23,0
19-01 11:12:13,9.499,19.248,70.241,0,0,1430272,973692,179316,5341112,22732.233,1705.792,0,11.999,0,3.000,6031,4296,2.340,1.660,0.900,1,0,371.955,0,0,11,32,0,23,0
19-01 11:12:14,11.473,20.452,66.346,0,0,1422236,981660,179316,5341496,8234.862,1616.244,0,35.917,0,8.979,7039,6975,2.340,1.660,0.900,1,0,386.103,0,0,11,32,0,23,0
19-01 11:12:15,30.841,13.038,55.163,0,0,1437848,966008,179320,5341632,10618.319,1711.047,0,0,0,0,5553,6101,2.340,1.660,0.900,2,0,193.571,0,0,11,33,0,23,0
19-01 11:12:16,43.216,7.744,48.711,0,0,1513952,889904,179324,5341628,18994.957,1618.718,0,39.968,0,0.999,2817,1443,2.320,1.660,0.900,3,0,0.999,0,0,11,33,0,23,0
19-01 11:12:17,47.503,3.500,47.753,0.750,0,1594640,809068,179340,5341752,8969.489,1458.080,0,1904.104,0,209.011,3773,2617,2.320,1.660,0.900,3,0,17.001,0,0,11,49,0,23,0
19-01 11:12:18,44.509,8.502,46.760,0.250,0,1644136,755208,179400,5345688,7513.563,1620.337,0,1468.306,0,130.027,5682,8979,2.320,1.660,0.900,1,0,75.016,0,0,11,48,0,24,0
19-01 11:12:19,13.003,18.504,67.013,0,0,1642576,756612,179404,5345768,15334.084,1620.326,0,256.051,0,7.001,6428,6413,2.320,1.660,0.900,1,0,337.068,0,0,11,48,0,24,0
19-01 11:12:20,9.981,5.489,84.089,0.250,0,1658824,740344,179404,5345784,7750.166,1616.905,0,259.503,0,31.939,3446,4901,2.320,1.660,0.900,0,0,84.838,0,0,11,48,0,24,0
19-01 11:12:21,0.999,0.999,96.179,0.999,0,1659048,740120,179404,5345784,6257.351,1618.797,0,7134.699,0,345.743,1821,2493,2.130,1.640,0.900,0,0,2.998,0,0,11,48,0,24,0
19-01 11:12:22,0.751,1.752,95.593,0.500,0,1659040,740120,179404,5345784,11981.613,1663.612,0,3042.949,0,166.161,1626,1866,2.130,1.640,0.900,0,0,9.009,0,0,11,48,0,24,0
19-01 11:12:23,0.500,0.749,98.426,0.250,0,1659040,740120,179404,5345784,9121.166,1618.787,0,419.686,0,24.981,808,1050,2.130,1.640,0.900,0,0,0.999,0,0,11,48,0,24,0
19-01 11:12:24,3.755,4.255,90.612,0,0,1651256,747936,179404,5345772,9009.154,1622.008,0,440.545,0,5.006,2242,2135,2.130,1.640,0.900,2,0,92.114,0,0,11,48,0,24,0
19-01 11:12:25,20.266,14.762,64.052,0,0,1650504,748640,179404,5345796,47992.696,1663.341,0,0,0,0,5501,7369,2.130,1.640,0.900,1,0,252.203,0,0,11,48,0,24,0
19-01 11:12:26,11.252,18.503,69.261,0,0,1670200,728932,179404,5345836,43385.602,1696.258,0,8.001,0,2.000,5877,5002,2.040,1.630,0.900,1,0,388.059,0,0,12,48,0,24,0
19-01 11:12:27,20.261,13.257,65.284,0,0,1677748,721236,179404,5345980,11846.170,1620.844,0,316.165,0,31.016,6513,8647,2.040,1.630,0.900,0,0,221.115,0,0,12,64,0,24,0
19-01 11:12:28,5.250,7.250,86.253,0.250,0,1671240,727696,179404,5346028,7721.288,1620.060,0,5072.189,0,357.013,3016,2553,2.040,1.630,0.900,1,0,159.006,0,0,12,64,0,24,0
19-01 11:12:29,18.720,14.727,65.646,0,0,1669104,729776,179404,5346040,7640.849,1617.428,0,2008.805,0,12.979,6044,7486,2.040,1.630,0.900,3,0,220.649,0,0,14,64,0,17,0
19-01 11:12:30,9.006,18.262,71.547,0,0,1655100,743716,179404,5346092,8882.838,1621.065,0,312.205,0,15.010,6036,5214,2.040,1.630,0.900,2,0,447.294,0,0,14,66,0,17,0
19-01 11:12:31,12.481,19.471,66.899,0.250,0,1652632,746128,179404,5346568,9758.228,1617.551,0,527.202,0,36.944,6774,6660,1.960,1.620,0.900,1,0,351.468,0,0,14,66,0,17,0
19-01 11:12:32,25.550,16.533,56.862,0,0,1687088,711656,179412,5346136,5784.393,1665.280,0,72.142,0,3.006,6226,6717,1.960,1.620,0.900,3,0,328.647,0,0,14,66,0,17,0
19-01 11:12:33,30.759,22.507,45.514,0,0,1780532,618128,179436,5346180,8855.714,1620.497,0,388.119,0,10.003,6988,5726,1.960,1.620,0.900,2,0,595.182,0,0,14,66,0,16,0
19-01 11:12:34,29.475,25.229,43.713,0,0,1871988,525024,179492,5347664,7323.827,1618.636,0,43.963,0,10.991,7000,8245,1.960,1.620,0.900,2,0,494.583,0,0,14,70,0,18,0
19-01 11:12:35,40.718,18.735,39.219,0,0,1983988,412984,179492,5348036,9057.938,1618.738,0,39.969,0,6.995,6035,7064,1.960,1.620,0.900,4,0,222.826,0,0,14,70,0,18,0
19-01 11:12:36,71.118,25.542,2.254,0,0.250,2106588,290008,179504,5348496,11105.462,1550.578,0,584.972,0,11.018,5407,4789,2.120,1.660,0.920,3,0,596.992,0,0,14,70,0,18,0
19-01 11:12:37,61.193,19.232,19.482,0,0.250,2192152,203568,179536,5349244,5891.515,1618.493,0,251.766,0,9.991,6716,8946,2.120,1.660,0.920,3,0,246.770,0,0,14,70,0,18,0
19-01 11:12:38,67.257,26.003,4.250,2.500,0,2274512,137880,175044,5336804,10433.052,1620.163,56.006,10157.024,14.001,651.066,6901,5655,2.120,1.660,0.920,2,2,544.055,0,0,14,70,0,18,0
19-01 11:12:39,71.016,16.197,6.977,4.984,0,2375300,151632,168076,5231848,7781.378,1614.683,418.622,3.987,43.856,0.997,7668,7562,2.120,1.660,0.920,6,0,181.403,0,0,14,74,0,18,0
19-01 11:12:40,67.900,27.060,3.257,2.004,0,2510044,168828,168012,5083940,8781.448,1623.596,1587.516,27184.203,100.222,1937.290,15322,22028,2.120,1.660,0.920,4,1,420.932,0,0,14,76,0,18,0
19-01 11:12:41,66.947,23.731,6.994,1.749,0,2598720,148492,167896,5017740,10411.796,1618.724,11.991,17166.473,2.998,1651.698,15442,25540,2.430,1.730,0.940,4,0,301.762,0,0,14,76,0,17,0
19-01 11:12:42,76.601,18.524,4.756,0.250,0,2692256,178228,167632,4896956,9125.057,1622.143,372.492,1770.339,23.030,67.089,8232,10516,2.430,1.730,0.940,5,0,308.408,0,0,14,82,0,22,0
19-01 11:12:43,57.327,25.284,16.022,0,0,2823276,188580,167640,4758868,11049.872,1622.183,152.205,1413.903,7.009,87.117,8954,13746,2.430,1.730,0.940,2,0,532.717,0,0,14,93,0,26,0
19-01 11:12:44,40.287,16.413,42.028,0,0,2876964,134216,167640,4759528,6709.551,1504.054,43.769,1404.579,3.979,61.674,5943,8096,2.430,1.730,0.940,2,0,272.560,0,0,14,95,0,26,0
19-01 11:12:45,63.334,13.069,20.609,3.267,0,3043608,167248,167652,4564348,7354.807,1574.307,2087.012,5927.275,27.143,319.687,6745,9541,2.430,1.730,0.940,3,0,137.727,0,0,14,98,0,26,0
19-01 11:12:46,27.244,12.997,58.736,0.250,0,3094768,182504,167668,4499300,9062.870,1619.619,7.998,875.794,2.000,71.983,4856,4399,2.480,1.750,0.950,3,0,186.956,0,0,14,101,0,26,0
19-01 11:12:47,8.750,18.999,70.746,0.250,0,3104676,172560,167672,4499332,7363.579,1709.902,0,935.947,0,58.997,5800,4257,2.480,1.750,0.950,2,0,339.981,0,0,14,101,0,26,0
19-01 11:12:48,13.246,21.993,64.229,0,0,3133672,143512,167672,4499384,9284.973,1619.472,23.992,63.979,1.999,6.998,7055,15065,2.480,1.750,0.950,1,0,439.857,0,0,14,101,0,27,0
19-01 11:12:49,19.723,6.990,72.649,0.499,0,3181500,161456,167672,4435164,7921.987,1617.751,27.961,95.867,2.996,9.986,2483,1714,2.480,1.750,0.950,1,0,60.915,0,0,14,101,0,24,0
19-01 11:12:50,17.986,2.498,78.437,0.250,0,3192736,150172,167676,4435208,15526.608,23573.186,43.965,115.907,4.996,12.990,2755,2741,2.480,1.750,0.950,0,0,0,0,0,14,104,0,24,0
19-01 11:12:51,19.268,6.005,73.818,0,0,3192812,150064,167676,4435240,25118.993,2111.933,0,272.249,0,13.012,2591,1826,2.360,1.740,0.960,1,0,63.058,0,0,14,103,0,25,0
19-01 11:12:52,18.741,2.749,77.464,0,0,3208420,134452,167676,4435244,11536.702,7732.449,3.998,175.919,1.000,21.990,2297,2180,2.360,1.740,0.960,0,0,1.000,0,0,14,106,0,25,0
19-01 11:12:53,22.034,4.006,72.112,0.751,0,3210008,132532,167688,4435536,7244.236,1884.924,4.006,1269.970,1.002,161.250,4143,5181,2.360,1.740,0.960,2,0,4.006,0,0,14,116,0,24,0
19-01 11:12:54,27.486,3.998,64.968,1.999,0,3193488,148448,167688,4436140,10580.784,2707.665,351.827,15604.307,18.991,717.646,6456,7073,2.360,1.740,0.960,1,0,1.999,0,0,14,116,0,26,0
19-01 11:12:55,20.915,9.213,68.473,0.249,0,3214892,127040,167688,4436148,43515.708,1613.463,0,1852.495,0,95.613,3668,2807,2.360,1.740,0.960,2,0,114.536,0,0,14,120,0,25,0
19-01 11:12:56,27.607,5.270,66.507,0.251,0,3291004,179592,167572,4310664,50000.236,8058.142,40.155,526.033,4.016,41.159,3465,3109,2.170,1.710,0.950,1,0,3.012,0,0,14,125,0,24,0
19-01 11:12:57,20.013,3.752,74.548,0.500,0,3289784,180776,167572,4310700,9731.307,3697.396,36.023,920.597,3.002,103.067,3714,4492,2.170,1.710,0.950,3,0,1.001,0,0,14,125,0,19,0
19-01 11:12:58,36.740,10.497,51.986,0.500,0,3346084,124400,167576,4310772,9387.525,2813.258,3.999,1523.598,1.000,131.965,5426,5422,2.170,1.710,0.950,2,0,97.974,0,0,14,128,0,20,0
19-01 11:12:59,41.276,5.003,52.533,0.250,0,3399456,134532,167580,4249008,14950.343,7348.593,180.113,1468.918,1.001,198.124,3288,1708,2.170,1.710,0.950,2,0,4.003,0,0,14,129,0,20,0
19-01 11:13:00,20.233,5.745,73.437,0.500,0,3359300,174668,167580,4249028,22740.422,18140.383,7.993,1658.572,1.998,97.916,2961,2440,2.170,1.710,0.950,1,0,54.953,0,0,14,128,0,21,0
19-01 11:13:01,18.745,2.249,78.731,0,0,3406656,127304,167580,4249036,12781.865,7342.199,0,107.974,0,9.998,1879,1414,2.080,1.700,0.950,1,0,0,0,0,14,129,0,21,0
19-01 11:13:02,19.754,5.251,74.516,0,0,3362232,171576,167580,4249188,26759.871,18268.008,0,4.001,0,1.000,2449,1729,2.080,1.700,0.950,1,0,51.011,0,0,14,128,0,22,0
19-01 11:13:03,18.999,2.250,78.498,0,0,3401988,131832,167580,4249192,13475.594,7348.778,0,4.000,0,1.000,1790,1238,2.080,1.700,0.950,1,0,0,0,0,14,129,0,22,0
19-01 11:13:04,17.521,6.508,74.088,0.501,0.250,3335004,198792,167580,4249216,10819.899,3539.219,8.010,704.840,2.002,105.125,3895,4087,2.080,1.700,0.950,1,0,75.090,0,0,14,128,0,23,0
19-01 11:13:05,24.720,4.994,68.917,0.499,0,3403708,130016,167580,4249288,9206.931,1618.055,15.981,2900.513,0.999,179.784,4200,5745,2.080,1.700,0.950,14,0,28.965,0,0,14,140,0,23,0
19-01 11:13:06,18.982,6.244,73.679,0.250,0,3331908,201732,167580,4249372,31638.631,23899.060,31.969,495.524,1.998,29.971,4757,6529,1.990,1.680,0.950,1,0,62.940,0,0,14,136,0,26,0
19-01 11:13:07,22.489,3.748,73.464,0.250,0,3386816,146824,167580,4249372,7959.092,1861.086,0,327.839,0,16.992,1909,1390,1.990,1.680,0.950,0,0,0,0,0,14,136,1,26,0
19-01 11:13:08,17.285,2.756,77.908,0.501,0,3391544,142036,167580,4249432,11997.320,7950.116,0,1571.185,0,208.422,4159,5478,1.990,1.680,0.950,1,0,1.002,0,0,14,138,0,26,0
19-01 11:13:09,23.249,6.000,68.247,1.000,0,3365928,167476,167584,4249604,10421.575,2859.883,63.997,3211.869,4.000,278.989,6712,9360,1.990,1.680,0.950,1,0,52.998,0,0,14,137,0,28,0
19-01 11:13:10,22.714,3.994,72.634,0.499,0,3433860,162804,167584,4187908,9014.547,1617.407,0,1030.348,0,63.898,2130,1598,1.990,1.680,0.950,1,0,0,0,0,14,137,0,28,0
19-01 11:13:11,14.785,2.005,82.694,0,0,3427216,169436,167584,4187920,16698.238,11759.633,0,437.027,0,28.066,2235,2169,1.910,1.670,0.950,1,0,0,0,0,14,138,0,28,0
19-01 11:13:12,24.707,4.991,67.881,0.499,0,3428388,168232,167584,4187952,9119.945,1617.153,7.986,1433.476,1.996,152.731,6525,9375,1.910,1.670,0.950,1,0,0.998,0,0,14,138,0,28,0
19-01 11:13:13,32.803,7.763,57.844,0.501,0,3438140,158408,167584,4188024,8254.356,2434.940,0,1121.815,0,107.173,7897,11191,1.910,1.670,0.950,1,0,70.113,0,0,14,139,0,29,0
19-01 11:13:14,19.236,2.248,77.942,0.500,0,3475856,120584,167584,4188132,14961.815,7338.514,0,2630.034,0,276.793,2350,1487,1.910,1.670,0.950,1,0,0,0,0,14,140,0,29,0
19-01 11:13:15,16.002,6.501,75.257,1.000,0,3383112,213292,167584,4188168,12533.226,5531.541,32.003,1088.106,2.000,128.013,4138,4634,1.910,1.670,0.950,1,0,97.009,0,0,14,139,0,30,0
19-01 11:13:16,21.973,5.743,71.164,0.250,0,3436132,160208,167584,4188216,5776.995,1510.169,0,994.794,0,61.925,2606,2172,1.840,1.660,0.950,1,0,50.938,0,0,14,141,0,30,0
19-01 11:13:17,13.776,1.753,83.658,0,0,3442204,154000,167592,4188344,22005.429,13147.753,4.008,581.094,1.002,32.060,2110,1961,1.840,1.660,0.950,1,0,0,0,0,14,142,0,30,0
19-01 11:13:18,26.477,5.995,64.943,0.500,0,3441668,154456,167596,4188420,8991.068,1618.572,0,1478.696,0,167.852,6219,8833,1.840,1.660,0.950,3,0,0,0,0,14,142,0,30,0
19-01 11:13:19,42.251,10.500,45.251,2.000,0,3403008,192788,167596,4188748,8156.193,3274.078,144.003,9564.227,9.000,762.018,14910,23904,1.840,1.660,0.950,2,0,55.001,0,0,14,143,0,31,0
19-01 11:13:20,29.411,12.712,56.579,0.249,0,3449560,146036,167596,4188888,9183.209,2027.863,0,1511.426,0,101.692,6416,7527,1.840,1.660,0.950,1,0,235.288,0,0,14,143,0,31,2
19-01 11:13:21,18.516,2.502,78.317,0.250,0,3473460,122124,167596,4188900,13644.673,9072.762,0,440.377,0,20.017,2012,1659,1.770,1.650,0.950,0,0,0,0,0,14,144,0,31,2
19-01 11:13:22,12.034,17.800,69.946,0,0,3373160,222412,167596,4188912,10202.617,1823.114,0,465.305,0,23.065,5756,4645,1.770,1.650,0.950,1,0,403.131,0,0,14,143,0,31,2
19-01 11:13:23,15.256,17.757,65.525,0.250,0,3382540,212860,167596,4189428,9267.554,1566.601,0,456.175,0,31.012,6620,7237,1.770,1.650,0.950,3,0,338.130,0,0,14,143,0,31,2
19-01 11:13:24,27.237,18.741,52.725,0,0.250,3435312,160044,167600,4189128,6032.102,1553.254,0,935.551,0,26.987,6536,6469,1.770,1.650,0.950,2,0,368.823,0,0,14,143,0,31,2
19-01 11:13:25,33.212,23.224,42.452,0,0,3489744,167404,167612,4129148,44234.915,1618.168,39.955,1833.924,5.993,107.878,7612,7794,1.770,1.650,0.950,16,0,478.458,0,0,14,146,0,31,2
19-01 11:13:26,32.778,15.764,50.544,0.250,0,3530708,187572,167612,4069460,42688.903,1691.462,36.031,300.260,3.003,21.018,6494,7746,1.790,1.660,0.960,3,0,262.227,0,0,16,149,0,31,2
19-01 11:13:27,57.487,27.994,13.997,0,0,3677940,150760,167412,3961688,9480.818,1619.627,115.973,675.844,9.998,47.989,8430,11928,1.790,1.660,0.960,3,0,557.872,0,0,16,155,0,31,2
19-01 11:13:28,63.057,19.017,17.516,0,0,3752416,154004,167380,3884552,7546.816,1621.465,36.033,588.532,6.005,43.039,7891,13593,1.790,1.660,0.960,2,0,263.238,0,0,16,171,0,31,2
19-01 11:13:29,36.735,22.241,40.483,0,0,3834060,127028,167384,3830372,11271.341,1619.331,3.998,583.759,1.000,20.991,7561,5672,1.790,1.660,0.960,2,0,573.763,0,0,16,171,0,31,2
19-01 11:13:30,26.239,22.491,50.479,0.250,0,3864312,141316,167392,3786612,9802.927,1709.290,3.998,9200.177,1.000,724.699,7876,5445,1.790,1.660,0.960,1,0,483.799,0,0,17,173,0,31,2
19-01 11:13:31,24.518,15.511,58.793,0.250,0,3885048,173120,167144,3735164,6953.133,1621.197,8.006,548.405,2.001,36.027,6923,9043,1.880,1.680,0.970,2,0,265.196,0,0,17,173,0,31,2
19-01 11:13:32,30.244,24.745,44.242,0,0,3947472,165176,167144,3681996,6994.661,1457.721,15.997,403.923,3.999,33.993,6740,5997,1.880,1.680,0.970,2,0,503.904,0,0,17,173,0,31,2
19-01 11:13:33,45.681,17.973,35.197,0.499,0,4047052,142672,167156,3606952,8837.611,1617.549,147.776,551.165,4.992,33.949,7613,12483,1.880,1.680,0.970,1,1,260.605,0,0,17,185,0,31,2
19-01 11:13:34,29.279,25.775,43.793,0.250,0,4112292,148752,167156,3537040,6859.688,1691.649,48.047,320.312,3.003,17.017,7179,6382,1.880,1.680,0.970,3,0,651.635,0,0,17,185,0,29,2
19-01 11:13:35,28.492,23.244,46.487,0,0,4179980,129972,167156,3489316,8460.694,1619.559,11.997,519.858,2.999,38.989,8942,10521,1.880,1.680,0.970,1,0,562.847,0,0,17,191,0,29,2
19-01 11:13:36,17.497,17.247,64.239,0,0,4206112,142760,167156,3451684,7710.700,1619.727,0,539.909,0,30.995,7452,8963,2.610,1.830,1.020,1,0,363.939,0,0,17,199,0,29,0
19-01 11:13:37,32.095,11.445,53.990,1.493,0,4265668,141664,167156,3393812,9975.907,1612.228,159.232,489.639,5.971,26.870,4626,4144,2.610,1.830,1.020,3,0,143.309,0,0,17,199,0,29,0
19-01 11:13:38,46.735,6.784,43.720,1.508,0,4390260,148596,167156,3264864,7676.618,1628.191,763.843,607.054,14.071,74.374,3915,3069,2.610,1.830,1.020,2,0,9.046,0,0,17,215,0,29,0
19-01 11:13:39,40.194,5.492,54.174,0.999,0,4465492,132032,167160,3206892,6190.312,1617.730,123.826,311.563,8.987,13.980,3453,2370,2.610,1.830,1.020,2,0,5.992,0,0,17,220,0,29,0
19-01 11:13:40,30.532,20.271,46.549,1.502,0,4397388,198656,167160,3208376,6324.683,1711.809,944.998,408.432,12.013,30.032,7097,7300,2.610,1.830,1.020,3,0,440.465,0,0,17,219,0,29,0
19-01 11:13:41,33.863,26.144,38.594,0.249,0,4456720,138636,167172,3209344,16309.867,7314.342,91.628,250.982,3.984,19.919,7977,9208,2.970,1.920,1.060,5,0,573.674,0,0,17,222,0,29,0
19-01 11:13:42,47.673,18.066,32.619,1.004,0,4446780,183600,167184,3175336,10396.823,4449.186,1071.899,1216.425,20.073,43.157,6142,8276,2.970,1.920,1.060,6,0,210.767,0,0,17,227,0,27,0
19-01 11:13:43,68.809,14.012,15.263,1.501,0,4587884,135072,167184,3084632,15079.945,7350.310,228.196,552.474,12.010,34.029,5306,4799,2.970,1.920,1.060,3,0,67.058,0,0,17,235,0,27,0
19-01 11:13:44,56.784,11.507,20.012,11.507,0,4640532,151588,167220,3017896,14275.498,6818.059,4122.454,1328.791,211.126,54.032,5632,5224,2.970,1.920,1.060,3,0,20.012,0,0,17,240,0,28,0
19-01 11:13:45,61.221,13.993,17.242,6.247,0,4680844,140908,167284,2989368,9646.418,1619.231,3290.437,6017.142,285.864,289.862,7325,9251,2.970,1.920,1.060,2,0,125.940,0,0,17,241,0,32,0
19-01 11:13:46,29.772,25.269,43.032,1.251,0,4698488,156764,167288,2956172,15456.647,9822.402,208.157,404.305,4.003,25.019,7546,7961,2.890,1.920,1.060,2,0,522.394,0,0,17,245,0,32,0
19-01 11:13:47,42.309,18.666,37.829,0.498,0,4687388,166840,167288,2957224,8443.914,4317.526,87.605,9079.050,5.973,70.681,6764,9482,2.890,1.920,1.060,4,0,256.842,0,0,17,243,0,25,0
19-01 11:13:48,56.720,27.607,15.560,0.251,0,4781280,152420,167288,2883296,15176.796,7372.562,176.684,626.427,9.035,42.163,7194,16971,2.890,1.920,1.060,6,0,538.085,0,0,17,248,0,25,0
19-01 11:13:49,56.504,19.252,21.752,1.500,0,4738664,192296,167312,2882752,13983.103,6874.542,1132.089,1404.111,52.004,82.006,7475,16257,2.890,1.920,1.060,5,0,243.019,0,0,17,249,0,29,0
19-01 11:13:50,58.996,24.998,14.749,0.500,0,4836596,164040,167316,2814744,9548.337,3517.756,63.996,2103.854,6.000,173.988,7485,8570,2.890,1.920,1.060,4,0,494.966,0,0,17,252,0,29,0
19-01 11:13:51,53.549,20.423,23.661,1.494,0,4881904,158168,167332,2776624,18015.365,10681.897,689.412,864.753,41.843,58.779,8050,14824,2.900,1.940,1.070,2,0,311.829,0,0,17,259,0,30,0
19-01 11:13:52,62.440,19.309,18.556,0,0,4964720,136012,167332,2716196,7043.377,1695.145,16.049,465.413,3.009,26.079,5398,4724,2.900,1.940,1.070,4,0,193.588,0,0,17,259,0,30,0
19-01 11:13:53,59.511,11.002,28.005,0.250,0,5048328,145128,167336,2624820,24024.407,17217.158,888.163,964.177,18.003,43.008,7170,16898,2.900,1.940,1.070,2,0,10.002,0,0,17,263,0,31,0
19-01 11:13:54,53.310,10.463,26.655,8.719,0,5078548,139056,167220,2601520,12137.769,5080.903,1773.683,3407.862,96.656,218.223,6599,8640,2.900,1.940,1.070,4,0,18.933,0,0,17,268,0,38,0
19-01 11:13:55,55.230,14.561,28.368,0.753,0,5052116,195304,166616,2572792,48466.039,10194.498,590.461,17107.315,14.059,1058.412,6969,5433,2.900,1.940,1.070,2,0,250.042,0,0,17,270,0,36,0
19-01 11:13:56,44.240,27.494,22.245,5.249,0,5064984,178128,166888,2576732,47710.567,4702.972,4143.094,1342.706,70.984,62.986,8536,10397,3.070,1.990,1.090,5,0,521.886,0,0,17,269,0,37,0
19-01 11:13:57,54.685,18.394,26.100,0,0,5094024,148904,166892,2577252,15535.629,9379.045,1089.731,946.555,12.926,45.737,6836,8896,3.070,1.990,1.090,4,0,203.827,0,0,18,270,0,37,0
19-01 11:13:58,78.147,16.531,3.256,2.004,0,5152852,124968,166896,2543260,11443.462,4790.985,1378.586,729.368,61.115,59.111,6193,4940,3.070,1.990,1.090,4,0,162.304,0,0,18,272,0,38,0
19-01 11:13:59,75.071,13.012,4.754,5.755,0,5248260,187572,166912,2389400,14482.662,7350.934,3315.127,908.857,186.176,63.059,6554,6021,3.070,1.990,1.090,4,0,12.011,0,0,18,277,0,38,0
19-01 11:14:00,69.972,15.549,13.292,1.505,0,5251856,181956,166936,2391400,14651.558,6778.540,1292.106,4887.531,52.166,181.577,8230,9655,3.070,1.990,1.090,4,0,204.650,0,0,18,280,0,42,0
19-01 11:14:01,42.208,9.241,47.453,0.250,0,5322976,142108,166944,2360984,15154.070,5149.926,827.185,647.362,11.988,42.958,4175,3146,2.980,1.990,1.100,2,0,31.969,0,0,18,286,1,42,0
19-01 11:14:02,36.165,6.984,54.622,0.249,0,5336420,121400,166944,2368248,7643310.179,71226.701,510.800,9234.310,3.991,72.829,6617,4384,2.980,1.990,1.100,2,0,5.986,0,0,18,285,0,43,0
19-01 11:14:03,51.483,18.994,27.491,1.000,0,5348752,124072,166944,2353928,8925604.891,50418.889,3106.946,755.744,35.988,25.991,8464,5971,2.980,1.990,1.100,3,0,270.908,0,0,18,287,0,41,0
19-01 11:14:04,48.602,8.017,42.589,0.501,0,5408044,148568,166944,2273580,20690.263,13491.210,513.073,753.576,4.008,64.134,4490,3686,2.980,1.990,1.100,1,0,6.013,0,0,18,293,0,41,0
19-01 11:14:05,38.755,6.501,53.507,0.500,0,5371612,184812,166944,2273772,16069.968,9777.198,68.008,2268.278,5.001,168.021,5558,6508,2.980,1.990,1.100,3,0,6.001,0,0,18,299,0,43,0
19-01 11:14:06,23.246,3.999,69.988,0.250,0,5389092,166772,166944,2274332,423355.437,16394331.825,415.926,503.910,22.996,44.992,5108,3775,2.820,1.970,1.100,1,0,2.000,0,0,18,298,0,44,0
19-01 11:14:07,9.240,3.246,86.152,0.250,0,5347144,208676,166944,2274376,11086.451,5352.941,3.995,2101.621,0.999,52.940,2790,3048,2.820,1.970,1.100,3,0,36.958,0,0,18,297,0,41,0
19-01 11:14:08,1.751,1.001,96.324,0.250,0,5346788,209032,166944,2274376,9900.611,1621.246,0,304.234,0,22.017,1329,1754,2.820,1.970,1.100,1,0,0,0,0,18,297,0,41,0
19-01 11:14:09,21.022,3.504,73.579,0.250,0,5331296,213872,166952,2285004,16533511.572,88945.084,16.017,500.535,1.001,43.046,9909,9029,2.820,1.970,1.100,1,0,1.001,0,0,18,302,0,41,0
19-01 11:14:10,13.267,15.520,69.839,0.501,0,5249412,290200,166952,2290520,11418.484,4704.968,60.076,700.889,4.005,67.085,6390,6485,2.820,1.970,1.100,1,0,466.592,0,0,18,301,0,45,0
19-01 11:14:11,22.720,3.995,72.404,0.250,0,5315424,224140,166952,2290568,5336.946,1563.933,0,323.572,0,18.975,2262,1875,2.680,1.960,1.100,1,0,0,0,0,18,301,0,43,0
19-01 11:14:12,12.008,16.260,70.544,0,0,5268640,270876,166952,2290600,9498.953,1621.016,0,368.231,0,28.018,5483,4619,2.680,1.960,1.100,1,0,283.177,0,0,18,301,0,43,0
19-01 11:14:13,8.242,19.481,69.932,0.500,0,5265712,273592,166952,2290812,7456.746,1618.426,31.969,16607.845,1.998,70.931,6472,5445,2.680,1.960,1.100,0,0,387.623,0,0,18,301,0,43,0
19-01 11:14:14,2.748,1.499,94.693,0,0,5259884,279416,166952,2290816,9608.266,1619.034,0,415.752,0,32.980,1654,2134,2.680,1.960,1.100,1,0,10.993,0,0,18,305,0,43,0
19-01 11:14:15,22.778,3.755,71.837,0.250,0,5321020,218280,166952,2290816,7281.801,1621.960,0,180.218,0,10.012,2297,1864,2.680,1.960,1.100,1,0,0,0,0,18,305,0,41,0
19-01 11:14:16,17.754,4.251,77.015,1.000,0,5314732,224504,166952,2290900,18780.721,10636.107,64.013,7669.519,4.001,973.193,4923,3158,2.460,1.920,1.090,4,0,41.008,0,0,18,309,0,42,0
19-01 11:14:17,10.495,16.991,69.964,0.500,0,5308456,230532,166956,2291096,6923.476,1619.176,15.992,203.896,3.998,17.991,5496,4346,2.460,1.920,1.090,4,0,224.886,0,0,18,309,0,42,0
19-01 11:14:18,12.008,16.512,70.299,0.500,0,5302700,235992,166956,2291392,9175.440,1567.100,80.056,152.107,5.004,13.009,5662,4462,2.460,1.920,1.090,1,0,214.150,0,0,18,309,0,42,0
19-01 11:14:19,18.685,9.218,70.754,0,0,5330980,207664,166956,2291456,5889.561,1560.584,19.931,115.599,1.993,11.958,4087,3518,2.460,1.920,1.090,1,0,122.575,0,0,18,309,0,41,0
19-01 11:14:20,24.047,3.757,70.387,0.501,0,5389720,148820,166956,2291560,9107.684,1665.233,104.202,521.012,1.002,55.107,2861,2693,2.460,1.920,1.090,2,0,3.006,0,0,18,315,0,41,0
19-01 11:14:21,24.016,3.002,71.049,0.751,0,5281012,257304,166956,2291784,8614.887,1567.071,276.189,960.656,11.008,37.025,2950,2868,2.340,1.910,1.090,2,0,8.005,0,0,18,315,0,41,0
19-01 11:14:22,24.265,3.252,71.293,0,0,5345604,192616,166956,2291880,10943.544,1620.969,20.012,256.153,4.002,16.010,2472,2006,2.340,1.910,1.090,4,0,7.004,0,0,18,315,0,41,0
19-01 11:14:23,22.512,3.502,72.789,0.250,0,5386816,151248,166956,2292036,8811.724,3209.721,16.009,204.109,1.001,18.010,2462,2075,2.340,1.910,1.090,1,0,3.002,0,0,18,318,0,40,0
19-01 11:14:24,12.998,1.500,84.986,0,0,5390552,147496,166956,2292052,26866.716,19015.968,0,119.981,0,8.999,2508,2509,2.340,1.910,1.090,1,0,1.000,0,0,18,321,0,42,0
19-01 11:14:25,22.994,4.749,70.982,0,0,5362080,175956,166956,2292064,42503.341,1619.594,0,143.964,0,12.997,2638,2250,2.340,1.910,1.090,1,0,14.996,0,0,18,315,0,42,0
19-01 11:14:26,25.744,2.249,70.733,0.750,0,5370176,167724,166956,2292200,41645.827,1565.618,0,1787.563,0,118.971,2727,2350,2.240,1.890,1.090,1,0,1.000,0,0,18,315,0,42,0
19-01 11:14:27,8.749,19.749,69.495,0.500,0,5352992,184756,166964,2292344,8488.395,1689.880,411.971,1655.882,7.000,79.994,6480,5601,2.240,1.890,1.090,1,0,417.970,0,0,18,315,0,42,0
19-01 11:14:28,18.934,9.218,70.257,0,0,5375536,161976,167096,2292416,9004.806,1614.407,131.544,410.578,6.976,27.903,4290,3837,2.240,1.890,1.090,1,0,182.368,0,0,18,315,0,42,0
19-01 11:14:29,18.825,2.761,76.555,0,0,5394196,141980,167132,2293716,11246.791,3739.894,100.400,337.343,5.020,22.088,2616,2554,2.240,1.890,1.090,1,0,17.068,0,0,18,316,0,42,0
19-01 11:14:30,24.469,3.246,71.410,0.499,0,5374420,155904,167684,2298904,9049.556,1737.802,0,1566.020,0,44.943,2922,2631,2.240,1.890,1.090,1,0,2.996,0,0,18,315,0,42,0
19-01 11:14:31,19.238,2.748,77.701,0.250,0,5368924,159888,167688,2300380,15208.338,4560.103,3.997,627.601,0.999,17.989,2257,1872,2.140,1.880,1.090,1,0,15.990,0,0,18,316,0,42,0
19-01 11:14:32,23.261,5.503,69.031,0.250,0,5372640,150548,168268,2305284,8930.073,1794.819,0,1048.478,0,24.011,10817,19387,2.140,1.880,1.090,1,0,14.006,0,0,18,315,0,42,0
19-01 11:14:33,17.256,3.751,77.525,0.250,0,5377960,144744,168328,2305700,15546.066,4552.484,52.017,452.147,8.003,7.002,4775,7325,2.140,1.880,1.090,3,0,5.002,0,0,18,316,0,42,0
19-01 11:14:34,23.723,5.744,69.172,0,0,5378848,143712,168380,2305792,6035.192,1618.175,3.995,651.265,0.999,18.979,8037,13650,2.140,1.880,1.090,1,0,16.981,0,0,18,316,0,42,0
19-01 11:14:35,14.785,12.028,71.168,0.501,0,5307668,226528,168468,2294208,8467.943,1744.108,8.019,561.322,2.005,21.050,4566,3742,2.140,1.880,1.090,1,0,216.510,0,0,18,315,0,42,0
19-01 11:14:36,21.904,5.974,71.188,0,0,5329604,204584,168468,2294216,7671.429,1612.942,0,15902.410,0,42.813,2801,2413,2.050,1.860,1.090,1,0,49.782,0,0,18,315,0,42,0
19-01 11:14:37,18.821,2.259,77.544,0,0,5346000,187992,168468,2294420,15934.468,10296.071,0,3139.915,0,401.524,2759,2204,2.050,1.860,1.090,1,0,0,0,0,18,318,0,43,0
19-01 11:14:38,18.199,8.975,71.299,0.249,0,5331056,202892,168468,2294464,12979.482,3212.960,35.899,99.719,2.992,7.978,3536,2830,2.050,1.860,1.090,2,0,111.686,0,0,18,315,0,45,0
19-01 11:14:39,19.782,2.755,76.625,0.250,0,5365484,168368,168468,2294560,14035.979,7356.043,80.131,136.223,4.007,12.020,2590,2396,2.050,1.860,1.090,2,0,0,0,0,18,316,0,45,0
19-01 11:14:40,21.525,5.757,71.583,0,0,5332972,200868,168468,2294572,12617.576,4487.184,0,396.458,0,35.040,3481,3127,2.050,1.860,1.090,1,0,70.081,0,0,18,315,0,46,0
19-01 11:14:41,21.200,2.245,74.574,0.249,0,5363932,169896,168468,2294584,15896.464,7272.827,0,107.746,0,7.981,2857,3024,1.880,1.830,1.080,4,0,0,0,0,18,316,0,46,0
19-01 11:14:42,23.021,7.257,69.564,0,0,5330448,203220,168468,2294744,15397.142,8964.234,32.029,296.272,2.002,23.021,4367,5259,1.880,1.830,1.080,1,0,58.053,0,0,18,315,0,47,0
19-01 11:14:43,22.805,2.757,72.925,0.501,0,5350944,182692,168468,2294776,16204.917,7307.549,16.039,396.953,1.002,36.087,3375,3378,1.880,1.830,1.080,1,0,2.005,0,0,18,318,0,47,0
19-01 11:14:44,21.213,5.241,72.374,0,0,5299504,233996,168468,2294912,13882.837,6132.327,0,191.666,0,11.979,3187,2927,1.880,1.830,1.080,2,0,31.944,0,0,18,317,0,49,0
19-01 11:14:45,19.751,2.250,76.504,0,0,5338028,195452,168468,2294916,14386.831,7344.424,0,104.006,0,7.000,2307,1993,1.880,1.830,1.080,1,0,0,0,0,18,318,0,49,0
19-01 11:14:46,14.505,5.002,78.529,0.250,0,5345376,188056,168468,2294964,12566.570,6878.501,32.012,1588.578,2.001,135.049,3402,3334,1.810,1.820,1.080,2,0,48.017,0,0,18,317,0,50,0
19-01 11:14:47,20.989,3.248,75.959,0,0.250,5385528,147908,168468,2294968,12180.460,3534.102,0,131.929,0,8.995,2270,1898,1.810,1.820,1.080,0,0,0,0,0,18,318,0,50,0
19-01 11:14:48,19.771,4.505,74.579,0.250,0,5373820,159596,168468,2294988,19423.568,9973.561,0,156.165,0,8.008,2943,2548,1.810,1.820,1.080,1,0,32.034,0,0,18,317,0,47,0
19-01 11:14:49,25.466,4.993,68.658,0,0,5362560,170832,168468,2295012,9064.796,3937.699,15.978,215.710,0.999,24.966,3477,12651,1.810,1.820,1.080,0,0,35.952,0,0,18,318,0,48,0
19-01 11:14:50,16.538,3.007,78.682,0.251,0,5325340,208036,168468,2295028,15068.814,10236.650,0,384.889,0,46.107,3115,3340,1.810,1.820,1.080,1,0,28.065,0,0,18,317,0,49,0
19-01 11:14:51,20.923,6.476,71.736,0.249,0,5359700,173664,168468,2295040,9218.081,1653.914,0,171.369,0,10.960,2817,2380,1.750,1.800,1.080,1,0,59.780,0,0,18,317,0,49,0
19-01 11:14:52,18.521,2.753,77.338,0,0,5354292,179064,168468,2295052,29990.203,23895.252,0,464.530,0,20.023,2543,2213,1.750,1.800,1.080,1,0,16.018,0,0,18,317,0,45,0
19-01 11:14:53,22.500,5.000,71.251,0.500,0,5355740,177604,168468,2295064,10342.124,1620.019,0,2336.028,0,345.004,3355,2472,1.750,1.800,1.080,2,0,33.000,0,0,18,319,0,45,0
19-01 11:14:54,18.795,2.005,78.438,0,0,5344120,189036,168468,2295252,18504.311,10512.173,176.422,140.336,10.024,11.026,2693,2563,1.750,1.800,1.080,1,0,10.024,0,0,18,319,0,47,0
19-01 11:14:55,22.709,3.993,72.120,0,0,5354716,178440,168468,2295252,45722.794,1617.093,0,143.742,0,7.986,2419,1859,1.750,1.800,1.080,2,0,3.993,0,0,18,319,0,47,0
19-01 11:14:56,18.006,3.001,76.776,0.750,0,5355012,176432,168468,2296964,48610.195,8250.749,1540.513,740.247,53.018,99.033,3909,4775,1.610,1.770,1.080,1,0,2.001,0,0,18,322,0,37,0
19-01 11:14:57,24.748,4.500,68.995,1.500,0,5348564,182512,168468,2297332,24555.321,2871.804,303.979,1339.908,13.999,116.992,4231,4794,1.610,1.770,1.080,1,0,6.000,0,0,18,321,0,38,0
19-01 11:14:58,20.265,2.752,76.054,0,0,5377248,153824,168468,2297336,11831.471,7864.631,0,464.332,0,36.026,2521,2380,1.610,1.770,1.080,0,0,1.001,0,0,18,322,0,38,0
19-01 11:14:59,19.492,3.998,74.218,0.750,0,5371532,159372,168468,2297504,16726.729,6163.321,95.958,1307.432,4.998,143.937,5264,6870,1.610,1.770,1.080,1,0,0,0,0,18,321,0,39,0
19-01 11:15:00,9.505,22.512,66.536,0.250,0,5326856,204020,168468,2297532,45087.277,1706.919,0,1044.562,0,82.044,7825,6752,1.610,1.770,1.080,1,0,600.323,0,0,18,321,0,33,0
19-01 11:15:01,8.500,23.000,67.001,0.250,0,5326416,204420,168468,2297572,9812.098,1620.016,0,516.005,0,35.000,7258,6383,1.640,1.780,1.080,1,0,620.006,0,0,18,321,0,33,0
19-01 11:15:02,9.249,23.497,66.242,0,0,5314492,216308,168472,2297604,7914.032,1565.808,0,799.902,0,64.992,7431,6784,1.640,1.780,1.080,1,0,629.923,0,0,18,321,0,33,0
19-01 11:15:03,9.502,22.004,66.261,0.500,0,5316760,214004,168472,2297640,19991.267,1706.279,0,4688.766,0,263.043,8116,7472,1.640,1.780,1.080,3,0,605.099,0,0,18,321,0,33,0
19-01 11:15:04,9.006,22.266,68.049,0,0.250,5312756,217972,168472,2297676,8999.452,1621.162,0,216.155,0,23.017,7222,6367,1.640,1.780,1.080,1,0,621.446,0,0,18,321,0,32,0
19-01 11:15:05,8.740,21.725,68.170,0.250,0,5308436,222244,168472,2297724,8117.502,1704.006,15.981,35.958,0.999,8.989,6917,5888,1.640,1.780,1.080,2,0,555.350,0,0,18,321,0,32,0
19-01 11:15:06,16.019,11.263,70.584,2.002,0.250,5323532,318700,168480,2197964,23308.852,1621.938,612.732,2122.536,75.090,8.010,3818,3169,1.590,1.760,1.080,1,0,100.120,0,0,18,321,0,32,0
19-01 11:15:07,21.911,2.988,71.958,1.245,0,5337052,294672,168620,2208328,9648.839,1559.670,462.124,1740.934,49.798,10.956,2446,2148,1.590,1.760,1.080,1,0,2.988,0,0,18,321,0,32,0
19-01 11:15:08,15.503,2.250,80.265,1.750,0,5340356,290448,168692,2209176,14656.726,6104.135,116.022,2908.541,15.003,313.058,2624,1983,1.590,1.760,1.080,2,0,16.003,0,0,18,322,0,28,0
19-01 11:15:09,13.791,1.505,80.743,3.761,0,5340768,289228,168720,2209960,26533.840,8813.520,678.040,1103.320,42.127,51.154,2482,2495,1.590,1.760,1.080,1,0,0,0,0,18,322,0,28,0
19-01 11:15:10,12.959,1.246,81.742,2.492,0,5347128,281964,168720,2210860,20458.327,10823.784,462.538,1503.248,44.858,64.795,2458,2525,1.590,1.760,1.080,0,0,0,0,0,18,322,0,28,0
19-01 11:15:11,15.743,1.499,80.965,1.499,0,5366020,261972,168720,2211952,20318.153,8761.185,919.600,987.570,47.979,33.985,2178,1983,1.540,1.750,1.080,0,0,0,0,0,18,322,0,28,0
19-01 11:15:12,12.774,1.002,82.155,2.505,0,5348128,279104,168720,2212708,27819.604,9403.781,589.114,1326.508,45.085,55.104,2367,2400,1.540,1.750,1.080,0,1,1.002,0,0,18,322,0,28,0
19-01 11:15:13,14.253,1.750,81.267,2.000,0,5358324,268020,168720,2213588,18006.677,9374.915,688.141,1204.246,43.009,50.010,2283,2427,1.540,1.750,1.080,1,0,1.000,0,0,18,322,0,24,0
19-01 11:15:14,11.770,1.503,78.887,6.261,0,5349740,244404,168720,2245784,17592.603,7045.256,15603.142,825.436,177.308,30.052,2227,2196,1.540,1.750,1.080,1,0,0,0,0,18,322,0,24,0
19-01 11:15:15,23.198,3.243,72.090,0.499,0,5354860,224720,169736,2259276,8704.669,1562.530,0,1999.559,0,71.840,2541,2198,1.540,1.750,1.080,1,0,0.998,0,0,18,322,0,24,0
19-01 11:15:16,24.533,2.754,72.347,0.250,0,5359720,203304,170220,2274972,6531.752,1568.101,0,1365.830,0,31.042,2571,2244,1.500,1.740,1.080,1,0,1.001,0,0,18,322,0,24,0
19-01 11:15:17,24.726,2.498,71.929,0.500,0,5380580,163532,170552,2293580,9152.025,1618.413,0,6829.303,0,205.798,2716,2143,1.500,1.740,1.080,0,1,0,0,0,18,322,0,23,0
19-01 11:15:18,22.518,3.503,71.808,1.251,0,5375216,155900,171480,2305364,7405.985,1621.310,0,2650.142,0,119.096,2904,2687,1.500,1.740,1.080,1,0,0,0,0,18,322,0,23,0
19-01 11:15:19,23.978,2.748,72.185,0.749,0,5372612,130792,172360,2331788,9562.371,1618.540,0,2321.905,0,92.916,2860,2861,1.500,1.740,1.080,1,0,0,0,0,18,322,0,23,0
19-01 11:15:20,24.544,2.505,71.128,0.501,0,5275784,238468,172868,2320268,7922.253,1839.309,4.007,1923.461,1.002,87.157,2861,2709,1.500,1.740,1.080,1,0,3.005,0,0,18,321,0,23,0
19-01 11:15:21,20.466,4.243,73.378,0.250,0,5336240,177984,172868,2320288,10163.153,2899.194,0,451.252,0,10.982,2697,2272,1.460,1.730,1.080,0,0,32.945,0,0,18,322,0,23,0
19-01 11:15:22,21.990,3.498,74.217,0.250,0,5331368,176300,172964,2326732,10992.077,2625.824,0,1231.448,0,33.985,2454,2134,1.460,1.730,1.080,2,0,7.996,0,0,18,321,0,23,0
19-01 11:15:23,17.990,2.249,78.458,0,0,5346728,159584,172968,2328020,15619.646,4440.625,0,483.741,0,11.994,2260,2002,1.460,1.730,1.080,2,0,16.991,0,0,18,322,0,23,0
19-01 11:15:24,23.775,5.506,68.822,0,0,5338664,161304,173484,2333044,11528.053,1795.878,0,840.879,0,13.014,10883,19399,1.460,1.730,1.080,1,0,14.015,0,0,18,321,0,23,0
19-01 11:15:25,23.529,5.757,69.086,0,0,5333664,165896,173552,2333312,42797.268,1622.019,0,84.105,0,1.001,10992,19458,1.460,1.730,1.080,1,0,13.016,0,0,18,321,0,21,0
19-01 11:15:26,21.262,4.753,72.290,0.250,0,5306992,206164,173600,2320400,44313.597,1620.900,0,1805.002,0,18.010,2657,2125,1.420,1.710,1.080,1,0,13.007,0,0,18,321,0,21,0
19-01 11:15:27,24.499,5.750,68.248,0.250,0,5309708,203436,173600,2320412,7167.842,1619.964,0,1151.975,0,32.999,11029,19844,1.420,1.710,1.080,1,0,53.999,0,0,18,321,0,21,0
19-01 11:15:28,20.990,3.748,73.967,0.250,0,5338680,174464,173600,2320412,10212.375,2956.661,0,391.823,0,19.991,2880,2597,1.420,1.710,1.080,0,0,33.985,0,0,18,322,0,21,0
19-01 11:15:29,22.005,3.251,73.768,0,0,5346120,160512,173600,2326924,8889.170,2627.641,16.004,1260.308,1.000,28.007,2660,2459,1.420,1.710,1.080,1,0,3.001,0,0,18,321,0,21,0
19-01 11:15:30,18.003,2.750,78.262,0.500,0,5344672,160680,173600,2328204,15875.358,4497.668,0,976.145,0,56.008,2629,2509,1.420,1.710,1.080,1,0,17.003,0,0,18,322,0,21,0
19-01 11:15:31,22.244,6.748,68.731,0.250,0,5339464,159812,173756,2333396,7158.042,1685.539,0,1107.697,0,21.994,10663,19307,1.390,1.700,1.080,5,0,12.996,0,0,18,321,0,21,0
19-01 11:15:32,22.995,6.249,69.235,0.250,0,5352556,146452,173824,2333564,8506.124,1619.643,0,635.860,0,22.995,11297,19918,1.390,1.700,1.080,1,0,19.996,0,0,18,321,0,21,0
19-01 11:15:33,22.480,4.746,71.687,0,0,5345336,167340,173848,2320488,7368.573,1618.588,0,1003.125,0,26.976,2535,2111,1.390,1.700,1.080,1,0,5.995,0,0,18,321,0,21,0
19-01 11:15:34,22.265,4.753,71.798,0,0,5336396,176256,173848,2320512,9789.517,1621.079,0,44.029,0,2.001,3005,2336,1.390,1.700,1.080,1,0,72.048,0,0,18,321,0,21,0
19-01 11:15:35,22.997,4.499,71.992,0,0,5326996,176748,173848,2329416,7972.105,1619.818,0,15.998,0,4.000,2885,2601,1.390,1.700,1.080,1,0,42.995,0,0,18,321,0,21,0
19-01 11:15:36,18.259,1.751,78.788,0,0,5326732,175292,173860,2331120,12964.305,4554.215,4.002,1056.514,1.000,7.003,2370,2134,1.270,1.670,1.070,1,0,17.008,0,0,18,322,0,21,0
19-01 11:15:37,14.007,1.251,82.791,0.500,0,5336736,165228,173904,2331132,19066.420,10108.994,0,1216.601,0,42.021,2001,1974,1.270,1.670,1.070,1,0,0,0,0,18,322,0,21,0
19-01 11:15:38,9.491,1.748,86.418,0.999,0,5320824,180516,173932,2331692,53849.692,12597.997,0,11916.646,0,98.906,2280,2425,1.270,1.670,1.070,0,0,0,0,0,18,323,0,21,0
19-01 11:15:39,12.508,1.501,84.306,0.500,0,5327828,172984,174084,2332000,133015.138,14350.509,0,2717.801,0,260.172,2594,2683,1.270,1.670,1.070,0,0,0,0,0,18,323,0,21,0
19-01 11:15:40,17.501,1.250,79.503,0.750,0,5354732,146020,174140,2332000,18133.628,7151.248,0,912.032,0,48.002,2316,2262,1.270,1.670,1.070,0,0,0,0,0,18,323,0,21,0
19-01 11:15:41,13.989,0.999,83.936,0.500,0,5370120,130144,174236,2332352,24024.541,11033.523,0,1394.928,0,46.964,1923,1905,1.250,1.660,1.070,1,0,0,0,0,18,323,0,17,0
19-01 11:15:42,12.748,1.750,82.987,1.000,0,5370084,129412,174440,2332792,321971.457,17254.238,0,2131.659,0,100.984,2809,2810,1.250,1.660,1.070,0,0,1.000,0,0,18,323,0,17,0
19-01 11:15:43,11.504,3.251,82.779,1.501,0,5366436,132288,174676,2333188,90355.861,15425.439,32.011,2512.886,5.002,108.038,4099,5719,1.250,1.660,1.070,1,0,2.001,0,0,18,323,0,17,0
19-01 11:15:44,23.731,2.998,70.693,1.249,0,5379684,144932,174752,2307884,16600.572,8095.452,695.437,1007.185,14.988,35.971,2957,2557,1.250,1.660,1.070,2,0,1.998,0,0,18,323,0,19,0
19-01 11:15:45,24.787,7.762,65.098,0.501,0.250,5409132,129184,174816,2295120,6165196.080,71012.132,1065.608,6497.803,8.012,60.091,5999,4343,1.250,1.660,1.070,1,0,13.020,0,0,18,323,0,14,0
19-01 11:15:46,16.986,5.246,75.937,0.749,0,5361144,166768,174956,2305992,11651232.206,83236.191,419.653,13061.203,5.995,86.928,6420,4210,1.150,1.630,1.070,1,0,2.998,0,0,18,323,0,14,0
19-01 11:15:47,21.763,4.253,72.295,1.251,0,5366768,145544,178040,2316692,5188.200,1458.900,4.002,4927.038,1.001,113.070,2668,2559,1.150,1.630,1.070,2,0,1.001,0,0,18,323,0,14,0
19-01 11:15:48,24.262,4.752,69.033,0.500,0,5356132,138088,178892,2332608,9354.460,1620.773,4.002,64290.655,1.000,438.209,3272,2620,1.150,1.630,1.070,2,0,0,0,0,18,323,0,14,0
19-01 11:15:49,29.471,5.245,64.186,0.500,0,5395356,142516,179196,2289460,7881.113,1618.380,0,843.156,0,28.971,3751,12962,1.150,1.630,1.070,1,0,35.964,0,0,18,323,0,10,0
19-01 11:15:50,23.693,2.743,71.579,0.748,0,5381796,133244,179928,2310312,9715.754,1616.133,0,3192.362,0,304.272,3152,2937,1.150,1.630,1.070,1,0,0,0,0,18,323,0,10,0
19-01 11:15:51,22.001,4.500,71.504,1.000,0,5366060,130204,180828,2326652,9014.467,1714.089,0,2564.133,0,92.005,2784,2606,1.140,1.620,1.070,1,0,0,0,0,18,323,0,10,0
19-01 11:15:52,23.241,3.499,71.472,0.250,0,5367680,131644,182276,2321196,7408.055,1619.356,0,1383.450,0,57.977,2638,2444,1.140,1.620,1.070,1,0,0,0,0,18,323,0,10,0
19-01 11:15:53,24.269,4.504,69.806,1.001,0,5376680,136892,182872,2306716,11836.437,1621.293,0,42597.963,0,176.140,3058,2599,1.140,1.620,1.070,2,0,0,0,0,18,323,0,7,0
19-01 11:15:54,23.765,3.252,71.295,0.750,0,5381108,137792,183796,2300092,7075.512,1621.034,0,2361.506,0,84.054,2914,2619,1.140,1.620,1.070,0,1,0,0,0,18,323,0,7,0
19-01 11:15:55,19.256,2.001,78.026,0.250,0,5343244,209416,183900,2265952,50485.511,4115.346,0,392.128,0,15.005,2215,1839,1.140,1.620,1.070,1,0,2.001,0,0,18,321,0,7,0
19-01 11:15:56,19.257,4.001,75.526,0,0,5369908,182708,183920,2265968,43740.064,2959.019,0,500.172,0,4.001,2678,2358,1.130,1.610,1.060,0,0,34.012,0,0,18,322,0,7,0
19-01 11:15:57,21.764,3.002,73.295,0.250,0,5372272,173524,183992,2272412,10053.240,2628.632,0,3598.233,0,111.069,2901,2760,1.130,1.610,1.060,1,0,3.002,0,0,18,321,0,7,0
19-01 11:15:58,19.518,2.502,76.819,0.250,0,5378556,165264,184016,2274200,15493.919,4621.151,0,888.798,0,34.031,2626,2473,1.130,1.610,1.060,1,0,19.017,0,0,18,322,0,4,0
19-01 11:15:59,22.942,6.234,69.324,0.249,0,5376596,161252,184344,2278760,5545.880,1789.444,31.919,1153.064,0.997,23.939,10511,18545,1.130,1.610,1.060,1,0,12.967,0,0,18,321,0,4,0
19-01 11:16:00,23.301,6.013,68.650,0.251,0,5360380,177128,184380,2279024,5910.882,1623.538,0,2782.063,0,46.100,10468,18871,1.130,1.610,1.060,1,0,13.028,0,0,18,321,0,4,0
19-01 11:16:01,21.248,6.249,72.493,0,0,5360708,176652,184420,2279096,8910.180,1619.851,0,259.976,0,7.999,2315,1698,1.120,1.600,1.060,1,0,6.999,0,0,18,321,0,4,0
19-01 11:16:02,22.748,4.750,70.744,0.750,0,5345324,205876,184440,2266508,7814.374,1619.870,227.982,331.973,3.000,12.999,2554,2124,1.120,1.600,1.060,1,0,7.999,0,0,18,323,0,3,0
19-01 11:16:03,22.511,4.502,71.286,1.000,0,5366084,182036,184652,2269356,9727.848,1458.727,520.259,2757.374,15.007,50.025,3658,4099,1.120,1.600,1.060,1,0,2.001,0,0,18,324,0,3,0
19-01 11:16:04,26.478,4.996,65.445,1.749,0.250,5303900,243112,184660,2270456,9126.379,1618.648,1039.132,2453.951,56.952,313.738,8414,12129,1.120,1.600,1.060,1,0,1.998,0,0,18,325,0,7,0
19-01 11:16:05,10.011,19.772,68.325,0.501,0,5317020,229656,184664,2270788,9004.882,1621.780,4.004,1914.101,1.001,121.133,6789,6004,1.120,1.600,1.060,1,0,420.461,0,0,18,325,0,7,0
19-01 11:16:06,13.242,5.247,69.709,10.494,0,5299068,210552,184700,2307792,8857.773,1619.045,36994.169,343.797,2264.664,17.989,7559,7190,1.110,1.590,1.060,0,1,28.983,0,0,18,325,0,9,0
19-01 11:16:07,6.997,2.999,81.713,7.497,0,5288464,214280,185108,2314260,7094.773,2633.802,6880.870,1903.134,1448.341,12.994,4690,4903,1.110,1.590,1.060,0,0,5.997,0,0,18,326,0,9,0
19-01 11:16:08,3.000,1.750,92.239,2.000,0,5275072,227484,185108,2314444,46823.300,5362.347,183.978,13270.385,4.999,218.973,2163,2730,1.110,1.590,1.060,0,0,0,0,0,18,326,0,9,0
19-01 11:16:09,2.250,1.250,95.258,0,0,5274768,227648,185116,2314576,34720.969,3713.317,92.008,348.030,1.000,13.001,1485,1832,1.110,1.590,1.060,0,0,2.000,0,0,18,326,0,9,0
19-01 11:16:10,5.502,2.251,89.027,2.001,0,5257400,244712,185128,2314828,69737.530,130110.170,248.077,964.298,16.005,19.006,2267,2426,1.110,1.590,1.060,0,0,10.003,0,0,18,325,0,9,0
19-01 11:16:11,1.751,1.000,96.286,0.500,0,5236416,265696,185128,2314828,8482.193,1512.569,0,2096.789,0,322.121,1766,1697,1.020,1.570,1.060,0,0,0,0,0,18,325,0,9,0
19-01 11:16:12,3.490,0.249,95.483,0,0,5236992,265120,185128,2314828,8923.082,1561.639,0,119.666,0,14.958,1497,2114,1.020,1.570,1.060,0,0,0.997,0,0,18,327,0,9,0
19-01 11:16:13,1.999,0.749,95.682,0.500,0,5229228,272880,185128,2314832,8952.672,1618.856,0,195.862,0,19.986,1573,2154,1.020,1.570,1.060,0,0,0.999,0,0,18,327,0,9,0
19-01 11:16:14,2.250,1.250,94.250,0.500,0,5229216,272880,185128,2314844,9923.966,1619.995,16.000,383.999,1.000,52.000,1836,2443,1.020,1.570,1.060,0,0,0,0,0,18,327,0,9,0
19-01 11:16:15,2.000,0.500,96.003,0,0,5229200,272880,185128,2314860,5610.174,1620.050,0,408.013,0,28.001,1266,1755,1.020,1.570,1.060,0,0,0,0,0,18,327,0,9,0
19-01 11:16:16,2.253,0.751,97.114,0,0,5229912,272168,185128,2314860,9150.741,1621.904,0,48.056,0,4.005,1298,1717,0.940,1.540,1.050,0,0,1.001,0,0,18,327,0,9,0
19-01 11:16:17,1.251,0.750,96.790,0,0,5229912,272168,185128,2314860,8876.673,1620.671,0,0,0,0,1168,1639,0.940,1.540,1.050,0,0,0,0,0,18,327,0,9,0
19-01 11:16:18,1.999,0.500,96.459,0,0,5229472,272608,185128,2314860,7891.663,1619.315,0,0,0,0,1235,1699,0.940,1.540,1.050,0,0,0,0,0,18,327,0,9,0
19-01 11:16:19,2.002,2.252,94.571,0.250,0,5227036,275028,185132,2314868,8934.734,1513.140,0,41627.375,0,292.220,1756,1886,0.940,1.540,1.050,0,0,0,0,0,18,327,0,9,0
19-01 11:16:20,2.753,1.001,95.850,0.250,0,5227504,274776,185132,2314868,7264.579,1567.636,0,1013.057,0,15.016,1447,2030,0.940,1.540,1.050,0,0,0,0,0,18,327,0,9,0
19-01 11:16:21,1.500,0.750,96.728,0,0,5227500,274776,185132,2314872,9145.937,1619.635,0,175.960,0,10.998,1294,1782,0.860,1.510,1.050,0,0,0,0,0,18,327,0,9,0
19-01 11:16:22,2.250,1.750,95.014,0,0,5229000,273276,185132,2314872,9832.454,1620.240,0,92.014,0,13.002,1442,1867,0.860,1.510,1.050,0,0,6.001,0,0,18,327,0,9,0
19-01 11:16:23,1.750,0,96.002,0.250,0,5229000,273276,185132,2314872,6587.134,1620.033,0,60.001,0,9.000,1215,1710,0.860,1.510,1.050,0,0,0,0,0,18,327,0,9,0
19-01 11:16:24,2.248,3.996,93.167,0.500,0,5227668,274592,185136,2314880,9391.675,1618.565,0,121280.497,0,550.512,3146,2975,0.860,1.510,1.050,0,0,0,0,0,18,327,0,9,0
19-01 11:16:25,1.750,0.500,95.738,0,0,5227912,274340,185136,2314888,42332.711,1619.798,0,283.965,0,17.998,1281,1700,0.860,1.510,1.050,0,0,0,0,0,18,327,0,9,0
19-01 11:16:26,1.501,0.751,96.844,0,0,5228160,274092,185136,2314888,40874.775,1621.578,0,4.004,0,1.001,1269,1694,0.790,1.490,1.040,0,0,1.001,0,0,18,327,0,9,0
19-01 11:16:27,2.249,1.249,94.692,0.999,0,5228156,274092,185136,2314892,9075.415,1619.004,0,2698.339,0,270.833,2082,2473,0.790,1.490,1.040,0,0,0.999,0,0,18,327,0,9,0
19-01 11:16:28,2.743,0.748,94.760,0.249,0,5228124,274092,185136,2314924,6801.765,1454.315,0,379.040,0,24.937,1558,2089,0.790,1.490,1.040,0,0,0.997,0,0,18,327,0,9,0
19-01 11:16:29,2.254,1.753,95.668,0,0,5228160,274052,185136,2314928,9016.869,1622.856,0,13644.013,0,63.111,1544,1845,0.790,1.490,1.040,0,0,0,0,0,18,327,0,9,0
19-01 11:16:30,2.249,0.750,94.941,0.750,0,5228160,274052,185136,2314928,7681.196,1618.988,0,1503.060,0,82.948,1780,2358,0.790,1.490,1.040,0,0,0,0,0,18,327,0,9,0
19-01 11:16:31,1.252,0.501,96.919,0,0,5228160,274052,185136,2314928,6128.702,1622.834,0,328.574,0,12.021,1225,1725,0.730,1.460,1.030,0,0,0,0,0,18,327,0,9,0
19-01 11:16:32,1.751,0.750,96.533,0,0,5228160,274052,185136,2314928,8741.020,1662.574,0,36.012,0,5.002,1163,1622,0.730,1.460,1.030,0,0,0,0,0,18,327,0,9,0
19-01 11:16:33,1.998,0.749,96.675,0,0,5228160,274052,185136,2314928,9132.899,1618.741,0,35.972,0,0.999,1309,1707,0.730,1.460,1.030,0,0,0,0,0,18,327,0,9,0
19-01 11:16:34,1.997,1.747,94.607,0.250,0,5224140,278040,185136,2314960,10707.784,1617.550,31.952,2995.464,0.998,22.965,1692,2181,0.730,1.460,1.030,0,0,1.997,0,0,18,327,0,9,0
19-01 11:16:35,1.749,0.999,96.192,0.250,0,5224100,278068,185136,2314972,6761.956,1619.032,0,307.816,0,21.987,1235,1759,0.730,1.460,1.030,0,0,0,0,0,18,327,0,9,0
19-01 11:16:36,2.000,0.750,96.245,0,0,5224852,277316,185136,2314972,6137.673,1619.914,0,31.998,0,4.000,1362,1836,0.670,1.440,1.030,0,0,1.000,0,0,18,327,0,9,0
19-01 11:16:37,1.748,0.999,96.153,0,0,5224852,277316,185136,2314972,9122.784,1456.529,0,67.931,0,6.993,1251,1710,0.670,1.440,1.030,0,0,0,0,0,18,327,0,9,0
19-01 11:16:38,1.755,0.251,96.761,0,0,5224848,277316,185136,2314976,8618.276,1624.387,0,64.173,0,7.019,1264,1744,0.670,1.440,1.030,0,0,0,0,0,18,327,0,9,0
19-01 11:16:39,1.751,1.501,96.315,0,0,5224840,277316,185140,2314980,5511.697,1621.087,0,20.013,0,3.002,1256,1700,0.670,1.440,1.030,0,0,0,0,0,18,327,0,9,0
19-01 11:16:40,3.000,0.750,95.750,0,0,5224836,277316,185140,2314984,8641.003,810.000,0,164.000,0,19.000,1541,2094,0.670,1.440,1.030,0,0,0,0,0,18,327,0,9,0
19-01 11:16:41,14.987,4.246,79.184,0.250,0,5253704,248448,185144,2314980,424505.333,14200.136,19.983,219.816,1.998,10.991,3140,2708,0.620,1.410,1.020,1,0,26.977,0,0,18,327,0,9,0
19-01 11:16:42,15.281,5.762,77.408,0.752,0,5249696,251088,185148,2316344,302426.831,11711.888,124.253,168.343,6.012,13.027,3693,3175,0.620,1.410,1.020,1,0,41.084,0,0,18,327,0,9,0
