"pcp-dstat 6.2.0 CSV Output"
"Author:","PCP team <pcp@groups.io> and Dag Wieers <dag@wieers.com>",,,,"URL:","https://pcp.io/ and http://dag.wieers.com/home-made/dstat/"
"Host:","ubuntu",,,,"User:","ubuntu"
"Cmdline:","dstat -tcmndrylpg --tcp --output /tmp/devstack_logs/dstat-csv.log",,,,"Date:","19 Jan 2026 09:02:58 UTC"
"system","total usage",,,,,"memory usage",,,,"net/total",,"dsk/total",,"io/total",,"system",,"load avg",,,"procs",,,"paging",,"tcp sockets",,,,
"time","total usage:usr","total usage:sys","total usage:idl","total usage:wai","total usage:stl","used","free","buf","cach","net/total:recv","net/total:send","dsk/total:read","dsk/total:writ","read","writ","int","csw","1m","5m","15m","run","blk","new","in","out","lis","act","syn","tim","clo"
19-01 09:02:58,,972644,1732932,162812,4953252,,,,,,,1.290,1.050,0.610,2,0,,,,10,5,0,17,1
19-01 09:02:59,20.501,21.251,57.003,0.500,0,1007976,1697024,162868,4953716,19671.985,10796.541,0,2360.118,0,90.005,6730,5686,1.290,1.050,0.610,3,0,520.026,0,0,10,5,0,17,1
19-01 09:03:00,27.472,17.732,54.444,0.499,0,1016428,1688088,162904,4954060,37699.125,10339.338,0,1546.405,0,53.944,6466,6247,1.290,1.050,0.610,2,0,351.637,0,0,10,5,0,17,1
19-01 09:03:01,31.032,14.765,52.805,0,0,998928,1705184,162952,4954296,23698.643,11189.636,0,1245.295,0,40.042,6896,8080,1.340,1.070,0.620,1,0,231.240,0,0,10,4,0,17,2
19-01 09:03:02,12.744,6.497,78.715,1.000,0,1125272,1565588,163004,5092004,145512.972,12252.609,0,13470.073,0,435.808,3253,2468,1.340,1.070,0.620,2,0,71.968,0,0,11,6,0,17,2
19-01 09:03:03,36.353,7.719,50.545,5.229,0,1132448,1537384,163752,5109104,60221.256,3674.129,15.936,2454.067,0.996,83.661,3436,1983,1.340,1.070,0.620,4,0,48.802,0,0,11,6,0,17,2
19-01 09:03:04,39.828,10.771,48.094,0.751,0,1200424,1451104,164324,5124940,7500.693,1623.180,32.063,2893.668,2.004,60.118,4761,3658,1.340,1.070,0.620,3,0,168.330,0,0,11,6,0,19,2
19-01 09:03:05,45.999,4.500,48.499,0.500,0,1274664,1366304,164684,5133668,10266.822,1619.972,0,2459.957,0,34.999,3055,1603,1.340,1.070,0.620,3,0,0,0,0,11,6,0,19,2
19-01 09:03:06,42.854,8.771,41.099,7.268,0,1313300,1298156,166220,5159044,7713.669,1623.930,0,23805.615,0,1770.284,12154,26791,1.400,1.080,0.630,2,1,64.155,0,0,11,8,0,20,2
19-01 09:03:07,37.125,7.226,43.105,10.714,0,1317560,1260060,168164,5187980,5202.466,1614.558,0,60013.735,0,3801.189,17721,27954,1.400,1.080,0.630,3,0,53.819,0,0,11,6,0,20,2
19-01 09:03:08,39.755,8.251,50.507,0.500,0,1268984,1295216,168956,5198660,14397.951,2762.374,0,3036.411,0,109.015,3863,2516,1.400,1.080,0.630,3,0,75.010,0,0,11,7,0,19,2
19-01 09:03:09,42.484,4.498,52.230,0.500,0.250,1227496,1354876,168968,5180876,10393.084,3036.856,0,927.651,0,42.984,2860,1462,1.400,1.080,0.630,3,0,1.999,0,0,11,4,0,19,0
19-01 09:03:10,41.288,5.255,52.048,0.500,0,1258352,1322872,169060,5181932,11615.713,3728.439,0,7983.363,0,413.381,4172,3387,1.400,1.080,0.630,3,0,43.040,0,0,11,5,0,19,0
19-01 09:03:11,44.240,6.249,48.989,0.250,0,1305788,1269012,169164,5187412,8626.998,1793.584,0,1531.645,0,45.989,2993,1498,1.450,1.100,0.640,3,0,2.999,0,0,11,4,0,19,0
19-01 09:03:12,31.319,14.532,53.116,0.251,0,1222068,1345084,169656,5193208,14314.342,4829.575,0,1723.774,0,95.208,5515,4184,1.450,1.100,0.640,3,0,373.819,0,0,11,4,0,19,0
19-01 09:03:13,33.967,23.477,40.710,0,0,1206708,1359320,169748,5194456,8657.505,1618.412,0,123.878,0,10.989,14019,22333,1.450,1.100,0.640,3,0,441.567,0,0,11,4,0,19,0
19-01 09:03:14,54.436,18.229,26.718,0,0,1247632,1318088,169796,5194676,7428.241,1618.092,0,167.802,0,1.998,12044,19682,1.450,1.100,0.640,4,0,209.753,0,0,11,5,0,19,0
19-01 09:03:15,67.530,7.753,24.511,0.250,0,1305152,1275136,169824,5181768,6242.764,1620.717,0,2869.270,0,81.036,3964,1603,1.450,1.100,0.640,3,0,26.012,0,0,11,5,0,19,0
19-01 09:03:16,54.492,9.499,35.995,0,0,1327736,1252112,169844,5182224,9826.627,1619.774,0,463.935,0,45.994,3482,1717,1.570,1.130,0.650,4,0,49.993,0,0,11,5,0,19,0
19-01 09:03:17,25.749,9.000,63.997,0.250,0,1318208,1259268,169864,5184544,7288.651,1565.925,0,17351.170,0,214.990,3968,4903,1.570,1.130,0.650,1,0,117.994,0,0,11,4,0,19,0
19-01 09:03:18,19.979,3.746,74.920,0.250,0,1355884,1221568,169888,5184544,9043.347,1618.273,0,1094.831,0,96.897,2237,1709,1.570,1.130,0.650,2,0,21.977,0,0,11,4,0,19,0
19-01 09:03:19,23.528,2.002,73.837,0,0,1384300,1193148,169888,5184548,8685.217,1513.781,0,0,0,0,1685,1062,1.570,1.130,0.650,2,0,0,0,0,11,4,0,19,0
19-01 09:03:20,24.498,1.500,71.994,1.250,0,1401048,1176108,169944,5184784,9602.200,1619.865,0,2295.809,0,351.971,3986,4476,1.570,1.130,0.650,2,0,1.000,0,0,11,4,0,15,0
19-01 09:03:21,19.252,6.251,72.756,1.250,0,1365248,1211468,170240,5184892,6747.567,1620.136,372.031,2556.215,20.002,150.013,2716,2260,1.680,1.160,0.660,2,0,42.004,0,0,11,4,0,15,0
19-01 09:03:22,20.052,1.755,77.703,0.251,0,1381684,1194816,170244,5185084,43935.677,4019.491,0,3866.091,0,169.442,2364,1964,1.680,1.160,0.660,1,0,1.003,0,0,11,13,0,15,0
19-01 09:03:23,14.705,3.988,73.772,6.480,0,1365852,1210192,170284,5185448,45209.267,6427.135,267.174,27818.020,65.797,172.467,2605,2423,1.680,1.160,0.660,1,0,1.994,0,0,11,29,0,15,0
19-01 09:03:24,21.005,5.251,73.017,0,0,1365504,1210532,170284,5185456,12235.914,2542.606,0,0,0,0,2444,1782,1.680,1.160,0.660,3,0,44.010,0,0,11,28,0,16,0
19-01 09:03:25,18.005,2.001,79.273,0,0,1387048,1188980,170284,5185464,15724.636,7564.230,0,932.275,0,42.012,1996,1573,1.680,1.160,0.660,2,0,0,0,0,11,29,0,16,0
19-01 09:03:26,30.806,11.020,57.856,0,0,1397080,1178928,170284,5185484,11033.134,2622.786,0,12.022,0,3.005,3770,2610,1.630,1.160,0.660,2,0,156.285,0,0,11,28,0,17,0
19-01 09:03:27,36.928,4.741,58.137,0,0,1434564,1141432,170284,5185492,15708.574,9497.604,0,2255.631,0,13.973,3019,2190,1.630,1.160,0.660,2,0,0,0,0,11,30,0,17,0
19-01 09:03:28,34.046,13.018,51.319,0.250,0,1382188,1193584,170296,5185704,20448.513,12229.454,0,6384.590,0,50.067,6425,8275,1.630,1.160,0.660,4,0,274.369,0,0,11,28,0,18,0
19-01 09:03:29,75.838,24.278,0.250,0,0,1572108,1003588,170300,5185740,8835.277,1621.887,0,208.242,0,19.022,5369,3963,1.630,1.160,0.660,6,0,304.354,0,0,11,28,0,18,0
19-01 09:03:30,88.509,9.251,2.000,0,0.250,1734536,841128,170300,5185764,25054.529,20977.117,0,0,0,0,6090,4783,1.630,1.160,0.660,3,0,0,0,0,11,33,0,18,0
19-01 09:03:31,75.390,12.981,11.234,0.250,0,1572368,1002988,170320,5186040,33357.491,26447.540,0,750.908,0,78.885,8707,12683,1.900,1.220,0.690,1,0,207.698,0,0,11,29,0,23,0
19-01 09:03:32,19.227,7.741,71.915,0,0,1559564,1015772,170320,5186060,11845.044,2828.667,0,311.633,0,23.972,3349,3023,1.900,1.220,0.690,1,0,101.880,0,0,11,28,0,22,0
19-01 09:03:33,19.000,1.750,77.250,1.250,0,1535352,1039976,170324,5186064,13214.074,5535.031,0,6972.039,0,424.002,2427,1616,1.900,1.220,0.690,1,0,0,0,0,11,29,0,22,0
19-01 09:03:34,15.533,7.015,76.161,0.251,0,1491648,1083832,170332,5186076,12830.073,4550.602,0,801.692,0,64.135,3745,3799,1.900,1.220,0.690,1,0,69.146,0,0,11,28,0,23,0
19-01 09:03:35,18.958,1.996,78.328,0,0.249,1493008,1082464,170332,5186084,14477.134,5456.988,0,0,0,0,1917,1522,1.900,1.220,0.690,1,0,0,0,0,11,29,0,23,0
19-01 09:03:36,16.267,6.507,76.078,0,0,1456380,1119068,170340,5186100,13831.201,4791.920,0,164.169,0,23.024,3612,3598,1.830,1.220,0.690,1,0,111.114,0,0,11,28,0,24,0
19-01 09:03:37,12.523,26.047,59.607,0,0,1441888,1133556,170340,5186104,9509.131,1514.729,0,220.397,0,16.029,6588,5241,1.830,1.220,0.690,4,0,686.236,0,0,11,28,0,24,0
19-01 09:03:38,77.996,22.749,0.250,0,0,1564456,1010936,170344,5186144,8042.561,1619.911,0,88811.148,0,268.985,5460,3436,1.830,1.220,0.690,5,0,241.987,0,0,11,28,0,24,0
19-01 09:03:39,78.677,8.492,11.489,0,0,1678572,896632,170360,5186312,35509.999,27771.191,0,2353.812,0,45.957,5678,6458,1.830,1.220,0.690,5,0,0,0,0,11,33,0,24,0
19-01 09:03:40,71.916,13.235,14.483,0,0,1551428,1023632,170412,5186404,32795.866,24743.229,0,1094.727,0,81.905,9425,13989,1.830,1.220,0.690,5,0,155.819,0,0,11,28,0,25,0
19-01 09:03:41,82.415,17.034,0,0,0,1628140,946896,170412,5186428,6508.059,1623.257,0,228.458,0,12.024,5199,3316,2.160,1.300,0.720,6,0,155.312,0,0,11,28,0,25,0
19-01 09:03:42,88.249,9.000,3.500,0,0,1761200,813624,170412,5186640,35963.427,28793.541,0,143.998,0,9.000,6640,6386,2.160,1.300,0.720,3,0,0,0,0,11,34,0,25,0
19-01 09:03:43,74.483,12.497,11.997,0.250,0,1642920,931620,170432,5186900,46029.357,36710.512,0,7586.246,0,165.962,10134,15819,2.160,1.300,0.720,7,0,216.950,0,0,11,29,0,30,0
19-01 09:03:44,43.149,10.226,46.392,0,0,1487408,1086984,170436,5187044,11226.769,2766.536,0,379.114,0,22.946,3554,2771,2.160,1.300,0.720,2,0,81.809,0,0,11,29,0,30,0
19-01 09:03:45,32.237,3.748,62.725,0.250,0,1505000,1069344,170452,5187076,21730.193,13637.473,0,215.912,0,17.993,3702,4146,2.160,1.300,0.720,1,0,0,0,0,11,29,0,31,0
19-01 09:03:46,57.353,21.288,21.288,0.250,0,1525960,1048332,170452,5187124,12256.035,7185.920,0,224.403,0,19.034,5967,5647,2.310,1.340,0.740,3,0,378.681,0,0,11,28,0,32,0
19-01 09:03:47,52.806,5.256,41.294,0,0,1569516,1004752,170456,5187144,23881.408,16459.512,0,152.162,0,8.009,4223,3575,2.310,1.340,0.740,3,0,0,0,0,11,31,0,32,0
19-01 09:03:48,53.761,19.004,26.505,0,0,1496392,1077656,170480,5187340,22634.662,14994.088,0,2396.494,0,169.035,7780,9481,2.310,1.340,0.740,4,0,258.053,0,0,11,28,0,33,0
19-01 09:03:49,75.252,7.974,16.695,0,0,1616952,957076,170480,5187356,16068.967,12213.691,0,239.211,0,11.961,4793,2424,2.310,1.340,0.740,2,0,0,0,0,11,32,0,28,0
19-01 09:03:50,63.898,6.766,28.316,0.251,0,1601740,971984,170564,5187576,40221.413,31073.167,0,3452.017,0,213.496,9251,13920,2.310,1.340,0.740,4,0,9.021,0,0,11,29,0,30,0
19-01 09:03:51,63.356,17.959,17.959,0,0,1514408,1059256,170572,5187596,9041.456,1813.879,0,279.365,0,16.961,4390,3047,2.360,1.370,0.750,3,0,320.272,0,0,11,28,0,31,0
19-01 09:03:52,50.389,5.766,44.623,0.251,0,1561220,1012400,170576,5187620,60740.534,17713.858,0,264.730,0,14.039,4565,4105,2.360,1.370,0.750,2,0,0,0,0,11,31,0,31,0
19-01 09:03:53,49.591,18.192,30.402,0.249,0,1472560,1100980,170596,5187680,58302.980,14538.365,0,1842.091,0,97.687,7309,8865,2.360,1.370,0.750,4,0,298.044,0,0,11,28,0,33,0
19-01 09:03:54,55.450,5.520,38.388,0,0,1565492,1007896,170600,5187828,15276.038,8662.209,0,200.723,0,8.029,3659,1889,2.360,1.370,0.750,4,0,0,0,0,11,31,0,33,0
19-01 09:03:55,52.496,11.499,35.997,0,0,1517820,1055248,170616,5188132,48264.397,22658.308,0,231.983,0,24.998,7666,9662,2.360,1.370,0.750,5,0,216.984,0,0,11,28,0,36,0
19-01 09:03:56,65.638,14.226,19.716,0,0,1559312,1013736,170616,5188152,13077.627,1563.326,0,191.672,0,6.988,3994,1875,2.420,1.400,0.760,3,0,70.879,0,0,11,28,0,36,0
19-01 09:03:57,45.074,4.758,49.832,0,0,1580748,992120,170620,5188328,47728.131,25093.077,0,112.184,0,8.013,5831,6853,2.420,1.400,0.760,2,0,0,0,0,11,31,0,33,0
19-01 09:03:58,60.437,13.236,25.224,0.250,0,1531096,1041720,170636,5188364,33113.672,3849.010,0,1590.351,0,95.901,5344,4213,2.420,1.400,0.760,3,0,111.884,0,0,11,28,0,35,0
19-01 09:03:59,54.439,5.220,39.773,0,0,1573588,999212,170636,5188380,23528.462,13912.447,0,0,0,0,3981,2579,2.420,1.400,0.760,3,0,0,0,0,11,31,0,35,0
19-01 09:04:00,48.294,21.129,30.184,0,0,1457868,1114868,170644,5188436,32145.520,15094.812,0,382.325,0,43.263,7416,9478,2.420,1.400,0.760,8,0,395.405,0,0,11,28,0,37,0
19-01 09:04:01,79.322,20.769,0,0,0,1602248,970428,170644,5188496,10286.349,3593.266,0,188.171,0,14.013,5652,4507,3.180,1.570,0.820,6,0,381.347,0,0,11,29,0,37,0
19-01 09:04:02,80.999,16.000,2.750,0,0,1742924,829584,170648,5188664,30201.550,24334.638,0,203.997,0,9.000,6464,6070,3.180,1.570,0.820,12,0,435.994,0,0,11,33,0,37,0
19-01 09:04:03,76.880,19.969,2.995,0,0,1708256,863952,170680,5188932,62625.543,37104.259,0,650.987,0,55.913,8416,10715,3.180,1.570,0.820,8,0,387.397,0,0,11,29,0,38,0
19-01 09:04:04,80.366,19.528,0.250,0,0,1641276,930876,170692,5188976,14392.731,5830.398,0,2611.762,0,126.182,6200,4809,3.180,1.570,0.820,5,0,256.369,0,0,11,29,0,38,0
19-01 09:04:05,81.710,8.246,9.246,0,0,1707496,864624,170700,5189000,34024.542,24037.373,0,155.925,0,7.996,5971,5841,3.180,1.570,0.820,5,0,1.000,0,0,11,33,0,36,0
19-01 09:04:06,69.315,15.957,13.963,0,0,1610916,960956,170700,5189192,48841.633,33791.804,0,119.681,0,9.973,9312,22939,3.330,1.630,0.840,2,0,350.066,0,0,11,29,0,41,0
19-01 09:04:07,23.313,28.326,48.129,0,0,1513296,1058552,170704,5189268,17141.076,2830.609,0,200.539,0,17.046,7377,6639,3.330,1.630,0.840,5,0,799.148,0,0,11,28,0,42,0
19-01 09:04:08,72.032,25.011,2.751,0,0,1561424,1010376,170704,5189316,9828.367,3591.596,0,184.082,0,12.005,5296,3793,3.330,1.630,0.840,3,0,490.218,0,0,11,29,0,42,0
19-01 09:04:09,63.857,7.234,28.935,0.249,0,1626012,945636,170704,5189500,28528.317,23419.721,0,2278.913,0,69.844,5931,7011,3.330,1.630,0.840,3,0,0,0,0,11,31,0,42,0
19-01 09:04:10,66.653,18.542,13.782,0,0,1532416,1039156,170720,5189560,16070.800,10758.636,0,533.221,0,57.131,6875,7720,3.330,1.630,0.840,4,0,268.615,0,0,11,28,0,45,0
19-01 09:04:11,75.026,9.721,14.706,0,0,1610568,960988,170720,5189576,21505.719,12863.550,0,179.464,0,8.973,4646,2974,3.380,1.670,0.860,3,0,0,0,0,11,31,0,45,0
19-01 09:04:12,57.149,6.768,35.843,0,0,1616108,955192,170724,5189828,46114.014,38573.389,0,144.376,0,7.018,10414,16460,3.380,1.670,0.860,3,0,0,0,0,11,32,0,45,0
19-01 09:04:13,64.209,11.243,23.485,0,0,1555892,1015168,170744,5190048,37606.889,27288.505,0,483.690,0,53.965,9931,14845,3.380,1.670,0.860,4,0,89.942,0,0,11,28,1,45,0
19-01 09:04:14,78.213,11.495,10.245,0,0,1577496,993548,170748,5190060,12768.953,7886.265,0,167.920,0,13.993,4905,2760,3.380,1.670,0.860,3,0,29.986,0,0,11,30,0,45,0
19-01 09:04:15,62.067,7.008,29.532,0,0,1613556,957272,170748,5190276,42966.521,32553.246,0,152.165,0,8.009,8430,12042,3.380,1.670,0.860,3,0,1.001,0,0,11,32,0,45,0
19-01 09:04:16,55.753,10.751,32.752,0,0,1587496,983076,170752,5190528,42591.641,35108.177,0,144.009,0,11.001,10956,17169,3.350,1.690,0.870,5,0,119.007,0,0,11,30,0,47,0
19-01 09:04:17,77.277,15.755,6.502,0,0,1548124,1022412,170752,5190564,15340.272,9542.280,0,124.043,0,7.002,5606,4386,3.350,1.690,0.870,3,0,141.048,0,0,11,29,0,49,0
19-01 09:04:18,67.412,5.970,26.119,0,0,1607932,962424,170756,5190740,31146.742,22791.658,0,115.421,0,7.960,5991,6988,3.350,1.690,0.870,3,0,0,0,0,11,32,0,49,0
19-01 09:04:19,63.759,10.041,25.604,0.502,0,1501028,1069228,170760,5190836,40388.275,30081.352,0,249.013,0,21.086,9816,14500,3.350,1.690,0.870,4,0,70.286,0,0,11,29,0,51,0
19-01 09:04:20,80.039,14.257,5.753,0,0,1583544,986544,170768,5190996,14337.065,6002.958,0,288.142,0,31.015,5369,3724,3.350,1.690,0.870,4,0,58.029,0,0,11,29,0,51,0
19-01 09:04:21,65.001,9.000,25.250,0.250,0,1616064,954004,170772,5191012,44876.805,20909.375,0,328.006,0,36.001,5642,6276,3.400,1.730,0.890,3,0,60.001,0,0,11,30,0,51,0
19-01 09:04:22,70.153,10.985,18.724,0,0,1661320,908516,170776,5191204,67484.124,23596.525,0,239.670,0,20.971,7034,11438,3.400,1.730,0.890,2,0,62.913,0,0,11,33,0,51,0
19-01 09:04:23,68.247,13.999,17.499,0,0,1545124,1024652,170776,5191264,66132.807,21596.957,0,199.990,0,14.999,6598,7912,3.400,1.730,0.890,4,0,141.993,0,0,11,33,0,54,0
19-01 09:04:24,70.627,13.024,15.278,0,0,1576656,993080,170776,5191304,25314.682,15806.524,0,492.889,0,38.069,5699,5297,3.400,1.730,0.890,4,0,86.155,0,0,11,34,0,55,0
19-01 09:04:25,74.249,11.500,14.000,0,0,1566348,1003224,170776,5191468,21325.661,15745.750,0,151.998,0,8.000,5350,5225,3.400,1.730,0.890,3,0,68.999,0,0,11,34,0,57,0
19-01 09:04:26,72.991,9.499,16.748,0,0,1588524,980840,170796,5191656,25793.884,17637.869,0,267.968,0,25.997,5646,7138,3.450,1.770,0.910,2,0,70.991,0,0,11,34,0,57,0
19-01 09:04:27,58.260,11.002,30.005,0.250,0,1555756,1013552,170824,5191684,21029.783,13151.366,0,472.085,0,45.008,5374,5425,3.450,1.770,0.910,3,0,153.028,0,0,11,32,0,60,0
19-01 09:04:28,57.297,9.467,33.133,0,0,1606652,962600,170828,5191736,19153.233,9354.901,0,223.210,0,15.944,4289,3581,3.450,1.770,0.910,2,0,33.880,0,0,11,33,0,60,0
19-01 09:04:29,49.094,9.268,40.577,0,0,1619776,949308,170828,5191904,31277.687,19485.183,0,1562.983,0,15.029,4817,6309,3.450,1.770,0.910,3,0,96.184,0,0,11,34,0,61,0
19-01 09:04:30,56.073,11.265,32.041,0.250,0,1554424,1014624,170828,5191940,19884.747,12075.636,0,3957.124,0,153.198,4590,4693,3.450,1.770,0.910,4,0,86.111,0,0,11,33,0,61,0
19-01 09:04:31,52.229,8.497,38.985,0.250,0,1542956,1025864,170828,5192168,30712.824,15020.045,0,195.922,0,14.994,5799,5367,3.340,1.770,0.910,3,0,85.966,0,0,11,34,0,62,0
19-01 09:04:32,31.517,6.253,61.282,0,0.500,1523712,1045044,170840,5192220,24481.941,15563.227,0,408.216,0,35.019,5873,7885,3.340,1.770,0.910,2,0,67.035,0,0,11,32,0,64,0
19-01 09:04:33,41.247,9.749,48.997,0,0,1516788,1051960,170840,5192228,8183.464,1619.894,0,187.988,0,9.999,3409,1974,3.340,1.770,0.910,2,0,67.996,0,0,11,32,0,64,0
19-01 09:04:34,31.379,3.736,63.505,0,0,1517632,1051092,170840,5192252,39801.270,15555.916,0,274.938,0,14.942,3575,3551,3.340,1.770,0.910,1,0,0,0,0,11,33,0,59,0
19-01 09:04:35,38.809,10.766,49.325,0,0,1401292,1167236,170840,5192448,14063.332,4948.506,0,805.221,0,50.076,5125,5141,3.340,1.770,0.910,2,0,139.211,0,0,11,32,0,60,0
19-01 09:04:36,35.046,4.256,60.078,0.501,0,1472872,1095652,170840,5192452,16906.036,9236.039,0,124.162,0,10.013,3228,2615,3.230,1.780,0.920,2,0,0,0,0,11,34,0,60,0
19-01 09:04:37,35.636,7.975,55.323,0,0,1478232,1090232,170864,5192488,25804.580,10996.876,0,303.032,0,33.892,5010,5302,3.230,1.780,0.920,2,0,59.809,0,0,11,32,0,62,0
19-01 09:04:38,40.009,5.751,53.763,0,0,1529004,1039452,170868,5192492,14452.424,6504.541,0,108.026,0,8.002,3159,2068,3.230,1.780,0.920,2,0,5.001,0,0,11,33,0,60,0
19-01 09:04:39,34.346,5.766,59.166,0,0,1492696,1075720,170876,5192524,24658.211,15614.828,0,389.092,0,46.129,5239,5921,3.230,1.780,0.920,3,0,43.121,0,0,11,33,0,61,0
19-01 09:04:40,39.184,6.489,53.160,0,0,1462096,1106292,170880,5192548,19160.547,5258.094,0,247.581,0,22.961,3699,2944,3.230,1.780,0.920,2,0,4.992,0,0,11,33,0,62,0
19-01 09:04:41,33.736,4.498,61.475,0.250,0,1494912,1073312,170888,5192704,22462.884,16366.358,0,147.940,0,9.996,3982,4419,3.050,1.770,0.920,1,0,0,0,0,11,34,0,62,0
19-01 09:04:42,27.986,12.244,58.721,0,0,1439200,1128908,170916,5192792,17691.364,8460.870,0,435.787,0,37.981,6200,6719,3.050,1.770,0.920,2,0,281.862,0,0,11,32,0,63,0
19-01 09:04:43,21.209,3.493,73.606,0.499,0,1452580,1115500,170944,5192792,10111.225,3108.920,0,1912.260,0,115.774,2250,1892,3.050,1.770,0.920,1,0,0,0,0,11,33,0,63,0
19-01 09:04:44,14.543,2.257,82.491,0,0,1441856,1126204,170944,5192812,20706.595,9798.674,0,0,0,0,2837,3386,3.050,1.770,0.920,2,0,0,0,0,11,33,0,63,0
19-01 09:04:45,14.750,13.750,70.751,0,0,1374676,1193352,170952,5192836,8131.096,2428.029,0,252.003,0,27.000,4473,3753,3.050,1.770,0.920,1,0,285.003,0,0,11,32,0,64,0
19-01 09:04:46,18.742,1.999,78.217,0,0,1428632,1139396,170952,5192836,11815.068,3907.369,0,3.998,0,1.000,1672,1075,2.890,1.750,0.920,0,0,0,0,0,11,33,0,57,0
19-01 09:04:47,20.017,2.002,77.315,0,0,1424360,1143644,170952,5192860,30867.862,10070.437,0,228.191,0,8.007,3578,3987,2.890,1.750,0.920,1,0,0,0,0,11,32,0,58,0
19-01 09:04:48,19.711,6.238,72.854,0,0,1429500,1138504,170952,5192860,16235.494,1616.763,0,3.992,0,0.998,2268,1492,2.890,1.750,0.920,1,0,45.908,0,0,11,32,0,58,0
19-01 09:04:49,17.547,2.256,79.963,0,0,1439740,1128124,170952,5193000,27474.352,9367.009,0,104.278,0,7.019,2960,3131,2.890,1.750,0.920,1,0,0,0,0,11,33,0,58,0
19-01 09:04:50,16.019,7.259,75.592,0.250,0,1406816,1160944,170956,5193100,31476.138,8045.749,0,264.320,0,29.035,5258,5876,2.890,1.750,0.920,1,0,108.131,0,0,11,32,0,57,0
19-01 09:04:51,16.502,23.003,60.008,0.250,0,1399116,1168544,170968,5193184,9351.207,1620.209,0,400.052,0,26.003,6315,5011,2.730,1.740,0.920,2,0,524.068,0,0,11,32,0,59,0
19-01 09:04:52,44.022,5.753,49.024,0,0.250,1509216,1057680,171000,5193880,57258.598,1652.826,0,264.132,0,10.005,2943,1423,2.730,1.740,0.920,2,0,0,0,0,11,32,0,59,0
19-01 09:04:53,37.997,6.749,45.746,8.249,0,1552448,1007560,171744,5199468,47086.967,1619.861,0,20786.220,0,2042.825,15532,20470,2.730,1.740,0.920,7,0,106.991,0,0,11,36,0,59,0
19-01 09:04:54,37.499,8.750,39.249,11.500,0,1512996,1044048,172628,5201372,12705.526,1565.942,0,54913.950,0,4584.829,23444,34689,2.730,1.740,0.920,4,0,63.998,0,0,11,36,0,54,0
19-01 09:04:55,44.648,6.236,47.890,0.748,0,1512248,1044744,172676,5201376,18793.029,1562.427,0,11741.153,0,677.451,4998,5349,2.730,1.740,0.920,2,0,7.982,0,0,11,32,0,54,0
19-01 09:04:56,40.590,7.266,46.102,5.262,0,1551448,1005056,172864,5201668,8219.266,1665.702,0,10864.144,0,1500.334,12077,15619,2.670,1.740,0.930,1,1,2.004,0,0,11,34,0,54,0
19-01 09:04:57,34.906,8.976,51.361,3.491,0,1500528,1055468,173124,5201900,8230.775,1615.637,0,13403.807,0,1475.017,10750,13872,2.670,1.740,0.930,1,0,99.731,0,0,11,32,0,54,0
19-01 09:04:58,22.250,4.000,72.751,0.750,0,1424700,1131208,173192,5201916,17125.312,1620.030,0,4340.079,0,212.004,2564,2236,2.670,1.740,0.930,1,0,1.000,0,0,11,32,0,49,0
19-01 09:04:59,22.786,2.504,73.616,0,0,1430796,1125092,173192,5201936,9450.944,1622.566,0,60.095,0,7.011,1869,1205,2.670,1.740,0.930,2,0,3.005,0,0,11,32,0,49,0
19-01 09:05:00,22.721,3.995,72.408,0.499,0,1471156,1084676,173244,5201936,10072.216,1564.015,0,5524.988,0,288.634,2636,2373,2.670,1.740,0.930,1,0,0,0,0,11,32,0,49,0
19-01 09:05:01,22.486,3.748,73.203,0,0,1469760,1086060,173244,5201948,13362.505,1660.944,0,0,0,0,1930,1070,2.540,1.730,0.930,1,0,5.996,0,0,11,32,0,49,0
19-01 09:05:02,21.994,3.749,73.482,0,0,1521964,1033856,173244,5201948,14277.428,1565.608,0,0,0,0,1952,1393,2.540,1.730,0.930,1,0,0,0,0,11,32,0,47,0
19-01 09:05:03,22.507,3.501,73.773,0,0,1492556,1063192,173244,5202020,11119.535,1566.498,0,0,0,0,1800,1112,2.540,1.730,0.930,1,0,3.001,0,0,11,32,0,47,0
19-01 09:05:04,21.746,3.749,73.488,0,0,1505876,1049872,173244,5202020,6559.913,1619.732,0,3.999,0,1.000,1806,1183,2.540,1.730,0.930,1,0,2.000,0,0,11,32,0,47,0
19-01 09:05:05,23.259,2.501,73.779,0,0,1476332,1079324,173244,5202108,14040.462,1620.630,0,188.073,0,3.001,1861,1092,2.540,1.730,0.930,1,0,2.001,0,0,11,32,0,47,0
19-01 09:05:06,26.002,5.500,67.254,0.250,0,1459940,1095676,173248,5204920,9637.637,1620.107,0,320.021,0,44.003,2688,8168,2.420,1.720,0.930,2,0,35.002,0,0,11,32,0,47,0
19-01 09:05:07,23.765,4.503,72.297,0,0,1459428,1096180,173256,5202140,6164.974,1621.045,0,320.206,0,23.015,2247,5621,2.420,1.720,0.930,2,0,4.003,0,0,11,32,0,42,0
19-01 09:05:08,22.240,3.249,73.716,0,0,1465708,1089880,173256,5202160,9775.498,1619.254,0,0,0,0,1747,1146,2.420,1.720,0.930,1,0,1.000,0,0,11,32,0,42,0
19-01 09:05:09,21.984,3.747,73.445,0,0,1518308,1037268,173256,5202172,7397.475,1564.831,0,0,0,0,1735,1263,2.420,1.720,0.930,1,0,0,0,0,11,32,0,42,0
19-01 09:05:10,22.009,3.751,73.779,0.250,0,1550360,1005196,173256,5202192,9538.730,1566.613,0,1816.710,0,219.086,2257,1360,2.420,1.720,0.930,2,0,1.000,0,0,11,32,0,42,0
19-01 09:05:11,21.521,3.754,74.073,0,0,1530432,1025112,173256,5202204,8762.631,1567.544,0,0,0,0,1858,1090,2.300,1.710,0.930,1,0,14.014,0,0,11,32,0,37,0
19-01 09:05:12,8.768,21.293,68.889,0,0,1518628,1036764,173256,5202348,5928.991,1623.283,0,705.427,0,8.016,6416,4963,2.300,1.710,0.930,1,0,520.052,0,0,11,32,0,37,0
19-01 09:05:13,9.499,20.998,69.242,0,0,1495956,1059380,173256,5202400,9157.988,1713.811,0,667.926,0,10.999,6340,4898,2.300,1.710,0.930,1,0,484.946,0,0,11,32,0,37,0
19-01 09:05:14,11.995,16.243,71.220,0,0,1474724,1080584,173256,5202424,6117.411,1619.315,0,0,0,0,5096,4026,2.300,1.710,0.930,1,0,356.849,0,0,11,32,0,37,0
19-01 09:05:15,22.426,2.990,73.258,0,0,1512964,1042360,173256,5202408,9857.495,1614.676,0,139.540,0,2.990,1883,1204,2.300,1.710,0.930,1,0,2.990,0,0,11,32,0,37,0
19-01 09:05:16,23.022,3.003,73.320,0.250,0,1494704,1060600,173268,5202424,11007.454,1621.540,0,204.194,0,14.013,1990,1437,2.200,1.690,0.930,1,0,1.001,0,0,11,32,0,37,0
19-01 09:05:17,21.736,3.498,73.701,0,0,1547748,1007572,173272,5202404,9393.785,1511.000,0,339.775,0,22.985,1914,1328,2.200,1.690,0.930,2,0,1.999,0,0,11,32,0,37,0
19-01 09:05:18,22.748,3.500,73.744,0,0,1541228,1014080,173272,5202412,8059.329,1619.865,0,19.998,0,1.000,1845,1213,2.200,1.690,0.930,1,0,1.000,0,0,11,32,0,37,0
19-01 09:05:19,22.517,3.002,73.555,0,0,1585668,969640,173272,5202412,6030.547,1621.222,0,0,0,0,1840,1198,2.200,1.690,0.930,1,0,2.002,0,0,11,32,0,33,0
19-01 09:05:20,22.509,3.001,74.029,0,0,1541308,1014008,173272,5202404,6385.522,1566.619,0,12.005,0,1.000,1817,1271,2.200,1.690,0.930,1,0,1.000,0,0,11,32,0,33,0
19-01 09:05:21,22.753,3.250,73.510,0.250,0,1563572,991740,173272,5202404,8686.225,1620.229,0,580.082,0,109.015,2027,1246,2.100,1.680,0.930,1,0,2.000,0,0,11,32,0,33,0
19-01 09:05:22,22.501,3.250,73.754,0,0,1525584,1029720,173272,5202412,43267.592,1620.097,0,24.001,0,2.000,1928,1219,2.100,1.680,0.930,1,0,1.000,0,0,11,32,0,33,0
19-01 09:05:23,21.977,3.247,73.423,0,0,1591092,964204,173280,5202412,43462.191,1618.294,0,55.941,0,2.997,1790,1087,2.100,1.680,0.930,2,0,1.998,0,0,11,32,0,27,0
19-01 09:05:24,23.254,2.750,73.762,0,0,1540564,1014716,173280,5202428,11274.872,1620.269,0,0,0,0,1805,1199,2.100,1.680,0.930,2,0,1.000,0,0,11,32,0,27,0
19-01 09:05:25,22.251,3.500,73.502,0,0,1566164,989140,173280,5202404,10101.229,1620.037,0,2160.049,0,10.000,1908,1151,2.100,1.680,0.930,1,0,4.000,0,0,11,32,0,27,0
19-01 09:05:26,22.988,2.998,73.712,0,0,1533596,1021752,173284,5202352,10773.471,1619.169,0,223.885,0,8.995,1966,1496,2.010,1.670,0.930,2,0,0.999,0,0,11,32,0,27,0
19-01 09:05:27,22.259,3.751,73.279,0.250,0,1582820,972520,173292,5202352,5646.216,1512.594,0,392.154,0,23.009,1813,1197,2.010,1.670,0.930,3,0,2.001,0,0,11,32,0,21,0
19-01 09:05:28,22.750,3.000,73.750,0,0.250,1526924,1028328,173292,5202440,6009.039,1620.011,0,8.000,0,2.000,1817,1277,2.010,1.670,0.930,2,0,1.000,0,0,11,32,0,21,0
19-01 09:05:29,22.250,3.250,73.998,0,0,1507876,1047396,173292,5202420,8918.812,1565.967,0,12.000,0,1.000,1835,1241,2.010,1.670,0.930,1,0,1.000,0,0,11,32,0,21,0
19-01 09:05:30,23.250,3.000,74.001,0,0,1541392,1013880,173292,5202420,9688.169,1620.028,0,20.000,0,1.000,1818,1069,2.010,1.670,0.930,3,0,2.000,0,0,11,32,0,21,0
19-01 09:05:31,22.253,4.000,73.008,0,0,1515908,1039332,173292,5202452,8517.967,1620.184,0,12.001,0,1.000,1892,1343,1.930,1.660,0.930,1,0,1.000,0,0,11,32,0,16,0
19-01 09:05:32,22.242,3.499,73.724,0,0,1511588,1043632,173292,5202472,8026.156,1619.426,0,19.993,0,1.000,1869,1273,1.930,1.660,0.930,1,0,1.000,0,0,11,32,0,16,0
19-01 09:05:33,22.509,3.001,73.530,0,0,1524944,1030284,173292,5202460,9147.696,1620.655,0,72.029,0,2.001,1839,1174,1.930,1.660,0.930,2,0,2.001,0,0,11,32,0,16,0
19-01 09:05:34,14.544,14.544,70.462,0,0,1475332,1079840,173292,5202516,9434.414,1624.894,0,216.652,0,11.033,4873,3784,1.930,1.660,0.930,1,0,378.139,0,0,11,32,0,16,0
19-01 09:05:35,20.988,5.497,73.209,0,0,1520480,1034672,173292,5202536,6701.274,1619.100,0,23.987,0,0.999,2520,1857,1.930,1.660,0.930,1,0,83.953,0,0,11,32,0,11,0
19-01 09:05:36,23.767,2.001,73.803,0.250,0,1508904,1046004,173292,5202780,9242.593,1513.079,0,196.140,0,10.007,2050,1414,1.860,1.650,0.930,1,0,9.006,0,0,11,32,0,11,0
19-01 09:05:37,21.931,3.738,73.518,0,0,1515992,1038916,173292,5202780,7700.747,1656.782,0,378.807,0,22.928,1910,1339,1.860,1.650,0.930,2,0,0,0,0,11,32,0,11,0
19-01 09:05:38,17.279,12.771,69.616,0.250,0,1498444,1056304,173292,5202908,6451.782,1568.621,40.067,88.147,2.003,5.008,4064,3077,1.860,1.650,0.930,2,0,276.462,0,0,11,32,0,11,0
19-01 09:05:39,8.753,21.008,68.276,0.250,0,1479516,1075164,173324,5202944,10796.120,1620.618,0,2817.075,0,129.049,6648,5255,1.860,1.650,0.930,2,0,497.190,0,0,11,32,0,8,0
19-01 09:05:40,8.251,22.004,68.261,0,0,1448072,1106568,173324,5202976,8413.377,1620.265,0,208.034,0,5.001,6538,5105,1.860,1.650,0.930,1,0,547.090,0,0,11,32,0,8,0
19-01 09:05:41,9.504,22.009,68.278,0,0,1429932,1124644,173324,5203008,9233.806,1620.668,0,1284.529,0,15.006,6367,4848,1.790,1.640,0.930,1,0,513.212,0,0,11,32,0,8,0
19-01 09:05:42,8.754,21.759,68.529,0,0,1419124,1135428,173324,5203032,8401.579,1620.690,0,1500.639,0,57.024,6513,4948,1.790,1.640,0.930,1,0,533.227,0,0,11,32,0,8,0
19-01 09:05:43,8.750,20.500,69.248,0,0,1410496,1144024,173324,5203064,6371.857,1619.964,0,759.983,0,9.000,6045,4444,1.790,1.640,0.930,1,0,447.990,0,0,11,32,0,5,0
19-01 09:05:44,8.250,21.751,69.503,0,0,1398512,1155968,173324,5203100,8723.415,1566.075,0,308.015,0,9.000,6047,4558,1.790,1.640,0.930,1,0,435.021,0,0,11,32,0,5,0
19-01 09:05:45,8.503,22.007,68.773,0,0,1383876,1170552,173324,5203136,7838.600,1620.537,0,288.096,0,10.003,6090,4462,1.790,1.640,0.930,1,0,451.150,0,0,11,32,0,5,0
19-01 09:05:46,9.246,20.991,68.721,0.250,0,1380236,1174148,173328,5203176,6088.388,1511.352,0,563.758,0,84.964,6641,5443,1.810,1.640,0.940,1,0,534.771,0,0,11,32,0,5,0
19-01 09:05:47,23.206,27.698,48.159,0.250,0,1372928,1181404,173344,5203208,11712.801,1616.935,0,1042.025,0,58.888,7542,6797,1.810,1.640,0.940,6,0,760.559,0,0,11,32,0,7,0
19-01 09:05:48,65.364,12.522,21.788,0.250,0,1537484,1016472,173348,5203580,7143.440,1622.826,0,532.928,0,33.058,4403,2925,1.810,1.640,0.940,3,0,153.267,0,0,11,32,0,9,0
19-01 09:05:49,57.022,9.254,25.510,7.253,0,1630052,914012,174052,5211596,10126.914,1620.626,372.144,23641.138,3.001,1934.748,13937,18314,1.810,1.640,0.940,7,0,65.025,0,0,11,38,0,11,0
19-01 09:05:50,40.723,11.492,32.478,13.491,0,1592632,939492,174828,5222352,7103.224,1618.912,0,71328.045,0,5558.263,26938,39730,1.810,1.640,0.940,1,1,167.887,0,0,11,36,0,11,0
19-01 09:05:51,41.881,10.221,32.657,12.963,0,1629184,891612,175252,5232828,11177.138,6642.066,0,93605.168,0,6945.202,31425,45589,2.220,1.730,0.970,2,1,65.812,0,0,11,37,0,11,0
19-01 09:05:52,46.863,9.774,30.574,11.528,0,1561504,951244,175924,5239972,50397.413,5940.311,0,70477.789,0,5382.968,24165,37123,2.220,1.730,0.970,4,0,88.213,0,0,11,34,0,10,0
19-01 09:05:53,37.283,21.269,25.522,14.012,0,1567916,936888,176324,5247540,43744.538,1567.381,372.328,51977.791,6.005,3918.452,21215,30364,2.220,1.730,0.970,2,1,348.307,0,0,11,34,0,10,0
19-01 09:05:54,46.167,17.469,23.957,11.479,0,1591288,909236,176660,5250956,16093.987,7136.136,854.460,50238.435,19.964,3844.070,21559,31976,2.220,1.730,0.970,6,0,197.644,0,0,11,35,0,10,0
19-01 09:05:55,35.057,11.268,39.815,12.270,0,1600504,896484,176720,5254288,19554.832,12207.873,945.539,50470.158,15.024,4103.680,23243,35237,2.220,1.730,0.970,2,0,155.253,0,0,11,35,0,10,0
19-01 09:05:56,35.257,9.002,43.509,10.502,0,1557836,939488,176932,5253724,13553.673,4932.973,0,43596.598,0,3958.781,20485,30280,2.280,1.750,0.980,2,1,51.010,0,0,11,34,0,10,0
19-01 09:05:57,34.999,7.500,46.249,11.000,0,1573544,922644,177252,5254540,11844.681,3974.893,0,47658.716,0,4241.886,20710,32545,2.280,1.750,0.980,2,1,42.999,0,0,11,35,0,10,0
19-01 09:05:58,35.755,7.001,44.506,10.251,0,1573636,920404,177396,5256508,17113.205,11395.468,0,47014.057,0,4168.537,22103,31858,2.280,1.750,0.980,2,0,36.005,0,0,11,35,0,10,0
19-01 09:05:59,33.252,9.250,44.252,11.751,0,1534036,957456,177484,5258900,14805.758,9712.497,0,42730.188,0,4033.207,23296,34110,2.280,1.750,0.980,1,1,128.007,0,0,11,36,0,11,0
19-01 09:06:00,35.978,9.744,38.977,13.242,0,1572452,915144,177552,5262596,8545.889,1619.032,0,65288.951,0,5216.880,22595,37819,2.280,1.750,0.980,2,0,56.966,0,0,11,36,0,11,0
19-01 09:06:01,32.231,7.745,46.223,12.493,0,1580304,903792,177764,5265804,14472.480,8500.995,0,57610.084,0,4869.133,24951,37071,2.260,1.760,0.990,2,0,83.951,0,0,11,37,0,11,0
19-01 09:06:02,32.032,7.508,47.047,11.011,0,1575724,905316,177864,5268680,19549.737,12038.154,0,55932.469,0,4788.835,25772,39493,2.260,1.760,0.990,2,0,75.076,0,0,11,37,0,11,0
19-01 09:06:03,35.740,9.747,42.988,10.747,0,1543564,940712,177908,5265344,9681.200,3779.907,0,54820.145,0,4601.669,22056,34425,2.260,1.760,0.990,7,0,47.986,0,0,11,36,0,11,0
19-01 09:06:04,33.897,6.979,44.365,11.465,0,1579920,905152,177920,5264528,15598.374,6640.724,0,48452.062,0,4222.109,21340,31314,2.260,1.760,0.990,2,0,38.881,0,0,11,35,0,12,0
19-01 09:06:05,27.775,10.760,59.554,0.751,0,1454532,1030344,177920,5264724,17051.560,11241.258,0,3431.131,0,212.194,6383,7602,2.260,1.760,0.990,1,0,213.195,0,0,11,33,0,12,0
19-01 09:06:06,17.502,6.251,75.507,0.500,0,1444212,1040640,177920,5264748,11958.085,7071.641,0,1720.156,0,79.007,3713,4212,2.080,1.730,0.980,2,0,55.005,0,0,11,32,0,13,0
19-01 09:06:07,24.243,4.999,69.479,0,0,1480984,1003868,177920,5264748,7564.746,3833.858,0,1003.701,0,55.983,2788,9732,2.080,1.730,0.980,1,0,35.989,0,0,11,33,0,14,0
19-01 09:06:08,18.797,4.511,75.688,0.501,0,1403932,1080892,177924,5264772,16556.129,8217.414,0,3524.756,0,208.518,4134,4698,2.080,1.730,0.980,2,0,34.085,0,0,11,32,0,14,0
19-01 09:06:09,22.681,3.240,73.526,0,0,1464080,1020744,177924,5264772,7897.887,1615.069,0,1447.580,0,130.601,1991,1142,2.080,1.730,0.980,1,0,0,0,0,11,32,0,14,0
19-01 09:06:10,15.754,2.251,80.523,0.250,0,1443412,1041404,177924,5264780,15584.447,8289.365,0,208.059,0,21.006,2447,2617,2.080,1.730,0.980,2,0,3.001,0,0,11,32,0,15,0
19-01 09:06:11,19.263,6.755,73.550,0,0,1439620,1045196,177924,5264780,7057.753,1621.092,0,80.054,0,6.004,2398,1624,1.990,1.720,0.980,2,0,57.038,0,0,11,32,0,15,0
19-01 09:06:12,17.241,2.499,79.710,0,0,1455380,1029080,177924,5265136,17241.373,9881.056,0,51.974,0,4.997,2604,2803,1.990,1.720,0.980,0,0,0,0,0,11,33,0,15,0
19-01 09:06:13,20.257,5.252,74.276,0,0,1434092,1050352,177924,5265152,10150.515,3831.327,0,208.072,0,21.007,3041,2990,1.990,1.720,0.980,2,0,43.015,0,0,11,32,0,16,0
19-01 09:06:14,18.497,3.000,78.238,0,0,1454100,1030212,177924,5265284,12156.095,6762.940,0,139.978,0,8.999,1836,1429,1.990,1.720,0.980,1,0,0,0,0,11,33,0,16,0
19-01 09:06:15,15.273,4.757,78.618,0.250,0,1418992,1065300,177924,5265304,13493.174,7317.941,0,224.335,0,22.033,3870,4314,1.990,1.720,0.980,1,0,50.075,0,0,11,32,0,17,0
19-01 09:06:16,9.009,24.024,66.315,0,0,1413808,1070308,177928,5265476,8922.747,1621.590,0,184.181,0,13.013,6504,5053,2.150,1.760,1,2,0,572.561,0,0,11,32,0,17,0
19-01 09:06:17,59.272,12.255,26.510,0.500,0,1500008,983908,177936,5265668,9171.442,1620.608,0,1160.436,0,111.042,5372,3618,2.150,1.760,1,3,0,179.067,0,0,11,32,0,23,0
19-01 09:06:18,68.214,7.746,24.237,0.250,0,1680032,800912,177968,5268408,8831.336,1565.173,0,2514.672,0,78.958,4130,1799,2.150,1.760,1,2,1,0,0,0,11,32,0,23,0
19-01 09:06:19,63.991,6.999,26.246,2.000,0,1784088,691412,178104,5273204,7497.979,1619.779,0,11382.450,0,612.917,6478,5690,2.150,1.760,1,2,0,26.996,0,0,11,38,0,23,0
19-01 09:06:20,34.262,9.503,41.765,12.754,0,1781748,679328,178264,5287068,8887.115,1620.568,0,96925.970,0,7073.479,32083,49500,2.150,1.760,1,4,1,240.084,0,0,11,38,0,23,0
19-01 09:06:21,32.998,9.500,41.748,13.749,0,1789236,661212,178356,5297164,6111.691,1511.923,0,92787.302,0,7212.635,34546,53630,2.540,1.840,1.030,3,0,221.989,0,0,11,38,0,23,0
19-01 09:06:22,37.007,9.752,37.757,12.502,0,1705304,736412,178428,5305584,40343.629,1620.306,0,75838.342,0,5304.003,24927,38420,2.540,1.840,1.030,4,0,234.044,0,0,11,36,0,23,0
19-01 09:06:23,47.689,9.488,29.712,11.485,0,1766396,665608,178508,5314852,43740.069,1617.931,0,74197.124,0,5449.032,24824,38237,2.540,1.840,1.030,7,1,102.868,0,0,11,36,0,23,0
19-01 09:06:24,39.777,9.506,34.273,14.260,0,1816596,602372,178536,5327336,7816.299,1621.099,0,90345.248,0,6057.106,26385,41299,2.540,1.840,1.030,1,1,17.012,0,0,11,36,0,23,0
19-01 09:06:25,38.521,10.506,34.769,14.008,0,1767352,647840,178552,5330984,6462.482,1620.873,0,85574.102,0,6448.474,27865,44433,2.540,1.840,1.030,5,1,169.091,0,0,11,36,0,23,0
19-01 09:06:26,34.725,10.742,45.967,7.245,0,1502236,911224,178564,5332656,8734.681,1618.829,0,41505.972,0,2736.021,14740,17654,2.580,1.860,1.040,3,0,179.870,0,0,11,32,0,23,0
19-01 09:06:27,20.200,5.486,73.068,0.249,0,1548744,864700,178568,5332668,8608.554,1562.108,0,1177.068,0,53.866,2717,2014,2.580,1.860,1.040,1,0,93.766,0,0,11,32,0,23,0
19-01 09:06:28,22.751,4.000,72.003,1.000,0,1595336,818108,178568,5332668,10132.362,1620.058,0,5952.213,0,341.012,2896,2596,2.580,1.860,1.040,1,0,2.000,0,0,11,32,0,23,0
19-01 09:06:29,22.495,3.999,72.985,0,0.250,1527576,885860,178568,5332676,9160.105,1511.687,0,139.971,0,11.998,2604,2041,2.580,1.860,1.040,1,0,26.994,0,0,11,32,0,23,0
19-01 09:06:30,22.998,2.750,73.494,0,0,1526528,886908,178568,5332676,7686.396,1619.873,0,95.992,0,9.999,1764,1242,2.580,1.860,1.040,1,0,1.000,0,0,11,32,0,23,0
19-01 09:06:31,23.498,2.500,72.995,0.250,0,1564236,849160,178568,5332716,9157.360,1619.887,0,139.990,0,19.999,2025,1616,2.450,1.850,1.040,1,0,2.000,0,0,11,34,0,23,0
19-01 09:06:32,16.061,28.358,55.209,0,0,1473880,939332,178576,5332888,9373.537,1626.165,0,630.390,0,42.160,6722,6048,2.450,1.850,1.040,2,0,835.166,0,0,11,32,0,23,0
19-01 09:06:33,10.000,27.751,61.003,0,0,1459200,953916,178576,5332976,5979.280,1620.076,0,264.012,0,23.001,7025,5798,2.450,1.850,1.040,1,0,757.035,0,0,11,32,0,23,0
19-01 09:06:34,8.989,20.224,70.161,0,0,1445972,967112,178576,5333008,9256.203,1617.938,0,187.761,0,12.983,5917,4333,2.450,1.850,1.040,1,0,408.479,0,0,11,32,0,23,0
19-01 09:06:35,8.506,21.765,68.798,0,0,1418000,995036,178576,5333040,9285.445,1567.088,0,36.025,0,9.006,5871,4275,2.450,1.850,1.040,3,0,385.267,0,0,11,32,0,23,0
19-01 09:06:36,17.455,15.958,64.831,0,0,1403580,1009424,178576,5333148,8326.330,1508.075,0,11.969,0,2.992,5913,6493,2.340,1.830,1.040,1,0,237.382,0,0,11,32,0,23,0
19-01 09:06:37,48.586,14.275,31.807,5.510,0,1484720,920456,178688,5341072,10670.984,1843.279,7292.975,593.055,128.228,34.061,5043,3933,2.340,1.830,1.040,2,0,146.260,0,0,11,33,1,23,0
19-01 09:06:38,45.261,5.251,49.012,0,0,1575632,829484,178688,5341116,5824.374,1694.400,0,16.004,0,1.000,2739,1406,2.340,1.830,1.040,3,0,0,0,0,11,33,1,23,0
19-01 09:06:39,44.420,6.488,47.664,0,0,1639196,764256,178760,5342476,9999.035,1690.962,0,1820.729,0,179.677,4268,3302,2.340,1.830,1.040,4,0,18.966,0,0,11,49,1,23,0
19-01 09:06:40,28.814,12.277,58.129,0.251,0,1665512,735032,178768,5345144,22363.781,1739.873,0,280.625,0,10.022,5709,7923,2.340,1.830,1.040,2,0,190.424,0,0,11,48,1,23,0
19-01 09:06:41,18.202,14.960,65.077,0,0,1665044,735264,178768,5345276,18227.438,1689.499,0,223.405,0,18.950,6684,8317,2.150,1.800,1.030,1,0,280.253,0,0,11,48,1,23,0
19-01 09:06:42,2.003,2.003,94.897,0,0,1665024,735264,178768,5345284,21569.366,1824.823,0,528.818,0,23.036,1561,1461,2.150,1.800,1.030,0,0,30.046,0,0,11,48,1,23,0
19-01 09:06:43,0.499,0.749,97.857,0,0,1665024,735264,178768,5345284,23909.011,1617.633,0,35.947,0,3.994,929,920,2.150,1.800,1.030,0,0,2.996,0,0,11,48,1,23,0
19-01 09:06:44,0.500,0.250,98.229,0,0,1665024,735264,178768,5345284,8259.238,1531.673,0,0,0,0,736,957,2.150,1.800,1.030,0,0,2.999,0,0,11,48,1,23,0
19-01 09:06:45,0.751,0.501,97.369,0.751,0,1665024,735264,178768,5345284,16617.295,1708.086,0,4425.405,0,337.412,1550,1137,2.150,1.800,1.030,0,0,2.002,0,0,11,48,1,23,0
19-01 09:06:46,10.769,9.767,78.385,0,0,1663964,736332,178768,5345280,6486.189,1622.800,0,4.007,0,1.002,4339,5231,2.140,1.810,1.040,1,0,202.349,0,0,11,48,1,23,0
19-01 09:06:47,15.245,14.495,69.478,0,0,1713540,686640,178768,5345420,9610.890,1619.476,0,1039.664,0,80.974,5682,6070,2.140,1.810,1.040,6,0,261.915,0,0,11,48,1,23,0
19-01 09:06:48,16.006,18.256,65.023,0,0,1709896,690140,178768,5345472,22957.169,2018.718,0,128.046,0,4.001,6463,6565,2.140,1.810,1.040,4,0,335.119,0,0,12,48,1,23,0
19-01 09:06:49,15.193,12.702,69.489,0.498,0,1676016,724028,178768,5345476,8800.905,1683.669,0,490.157,0,40.846,5464,6535,2.140,1.810,1.040,1,0,258.030,0,0,12,64,1,17,0
19-01 09:06:50,7.532,11.550,80.596,0,0,1677004,722896,178768,5345964,8519.601,1626.990,0,0,0,0,4193,4789,2.140,1.810,1.040,1,0,206.889,0,0,14,64,1,17,0
19-01 09:06:51,17.998,11.999,69.492,0,0,1681696,718120,178768,5345668,16921.011,1619.810,0,207.976,0,14.998,5522,6466,2.290,1.840,1.060,1,0,198.977,0,0,14,66,1,17,0
19-01 09:06:52,8.237,20.467,69.389,0,0,1658788,740988,178772,5345704,44085.749,1509.594,0,371.408,0,29.952,6207,4737,2.290,1.840,1.060,3,0,422.327,0,0,14,66,1,17,0
19-01 09:06:53,16.277,17.779,64.857,0,0,1674384,725368,178772,5346068,42415.050,1568.591,0,2135.527,0,16.026,7360,8670,2.290,1.840,1.060,4,0,316.523,0,0,14,66,1,14,0
19-01 09:06:54,26.390,18.672,53.028,0,0,1722360,677360,178784,5345744,15812.919,1613.258,0,119.501,0,4.979,5834,4934,2.290,1.840,1.060,3,0,396.344,0,0,14,66,1,14,0
19-01 09:06:55,30.374,24.098,45.686,0,0,1801684,597912,178820,5345828,6118.919,1668.796,0,1136.629,0,8.033,6768,5333,2.290,1.840,1.060,3,0,562.290,0,0,14,66,1,14,0
19-01 09:06:56,31.915,25.682,42.138,0,0,1908248,489740,178860,5347708,9131.796,1615.717,0,43.884,0,10.971,8379,10703,2.260,1.850,1.060,13,0,501.670,0,0,14,70,1,16,0
19-01 09:06:57,49.112,17.791,32.324,0,0,2022712,375184,178860,5347628,8640.754,1697.882,0,645.476,0,3.007,5553,5346,2.260,1.850,1.060,5,0,250.573,0,0,14,70,1,16,0
19-01 09:06:58,66.446,24.480,9.243,0,0,2140740,256764,178872,5348120,8696.962,1708.617,0,271.780,0,9.992,5873,4928,2.260,1.850,1.060,4,0,576.533,0,0,14,70,1,16,0
19-01 09:06:59,66.952,16.988,15.239,0,0,2232744,163704,178908,5348932,9041.577,1618.850,0,287.796,0,17.987,5822,8186,2.260,1.850,1.060,4,0,255.818,0,0,14,70,1,16,0
19-01 09:07:00,58.468,26.985,5.997,8.495,0,2323968,153148,167852,5281212,7082.159,1619.122,647.649,9434.883,66.964,605.672,7402,6828,2.260,1.850,1.060,4,0,505.726,0,0,14,70,1,16,0
19-01 09:07:01,73.168,19.545,3.508,3.759,0,2444620,185656,164924,5133952,5781.253,1515.474,292.671,3840.805,21.048,225.517,7590,8922,2.400,1.880,1.080,4,1,189.434,0,0,14,74,1,15,0
19-01 09:07:02,55.392,26.448,7.735,8.982,0,2510984,182844,164760,5072080,8963.480,1562.945,2211.677,28959.397,143.719,2088.917,16230,23101,2.400,1.880,1.080,4,1,414.190,0,0,14,76,1,15,0
19-01 09:07:03,69.365,20.033,8.765,2.003,0,2583164,175176,164852,5009428,9062.078,1622.700,84.140,12180.266,10.017,1053.753,13157,19693,2.400,1.880,1.080,5,0,233.388,0,0,14,78,1,17,0
19-01 09:07:04,74.611,21.460,1.747,0.998,0,2683520,181852,164792,4904288,6286.252,1616.978,1093.956,1193.769,111.791,63.881,8374,12295,2.400,1.880,1.080,7,0,363.321,0,0,14,88,1,24,0
19-01 09:07:05,55.981,24.742,19.494,0.250,0,2823688,136652,164792,4811668,9047.005,1619.464,43.985,1011.665,6.998,61.979,7522,9035,2.400,1.880,1.080,6,0,537.822,0,0,14,93,1,23,0
19-01 09:07:06,45.563,17.524,35.049,0.751,0,2886648,139644,164792,4747064,7512.396,1622.245,2351.254,889.231,60.083,49.068,7530,12171,3.330,2.080,1.150,2,0,222.308,0,0,14,95,1,23,0
19-01 09:07:07,69.076,14.962,14.464,0.748,0,3056480,169788,164804,4551544,9324.495,1657.821,638.391,4668.233,21.945,250.369,6668,18293,3.330,2.080,1.150,2,0,164.585,0,0,14,98,1,27,0
19-01 09:07:08,25.587,13.546,59.702,0.251,0,3085600,207384,164820,4486208,8765.636,1715.801,0,951.216,0,67.227,5184,4594,3.330,2.080,1.150,2,0,223.756,0,0,14,101,1,28,0
19-01 09:07:09,7.992,19.980,70.678,0,0,3103580,189368,164820,4486244,6054.797,1510.453,0,923.054,0,57.941,5845,4426,3.330,2.080,1.150,1,0,361.630,0,0,14,101,1,25,0
19-01 09:07:10,8.986,19.471,70.394,0,0,3114308,178608,164820,4486276,8942.480,1617.554,0,59.909,0,6.989,5917,4393,3.330,2.080,1.150,1,0,360.455,0,0,14,101,1,25,0
19-01 09:07:11,19.518,6.256,72.568,0.500,0,3174204,184492,164820,4422048,6878.452,1567.470,24.023,96.090,2.002,10.009,2363,1654,3.140,2.070,1.150,1,0,45.042,0,0,14,101,1,25,0
19-01 09:07:12,18.225,2.746,78.890,0.250,0,3186724,171952,164824,4422064,18766.882,23691.029,15.978,175.755,3.994,15.978,2682,2832,3.140,2.070,1.150,0,0,0,0,0,14,104,1,25,0
19-01 09:07:13,19.505,6.252,73.018,0,0,3154116,204532,164824,4422092,20649.047,2052.502,0,168.041,0,8.002,2599,1897,3.140,2.070,1.150,1,0,63.015,0,0,14,103,1,24,0
19-01 09:07:14,19.004,2.501,77.767,0.250,0,3179532,179108,164824,4422100,14793.282,7845.741,4.001,368.082,1.000,41.009,2333,2318,3.140,2.070,1.150,0,0,2.000,0,0,14,108,1,24,0
19-01 09:07:15,21.474,3.745,72.910,0.999,0,3183652,174600,164836,4422480,9432.383,1879.685,95.882,1182.544,5.993,157.806,4027,4979,3.140,2.070,1.150,1,0,3.995,0,0,14,116,1,24,0
19-01 09:07:16,27.849,4.265,66.236,1.004,0,3187976,169596,164840,4423140,8102.928,2772.899,433.548,4492.037,16.057,183.656,5447,6963,2.970,2.050,1.150,1,0,2.007,0,0,14,116,1,26,0
19-01 09:07:17,20.252,9.251,68.506,0.500,0,3181376,176160,164844,4423172,5398.487,1512.137,0,2816.254,0,178.016,3575,3106,2.970,2.050,1.150,2,0,115.010,0,0,14,120,1,26,0
19-01 09:07:18,28.746,4.749,65.741,0,0,3269956,153376,164844,4358976,17970.549,8025.905,39.995,1627.778,3.999,104.986,3650,3468,2.970,2.050,1.150,1,0,3.000,0,0,14,126,1,19,0
19-01 09:07:19,19.438,2.741,75.011,0.748,0,3275620,147580,164848,4359104,9475.817,3683.268,115.632,629.993,7.975,75.759,3405,4125,2.970,2.050,1.150,1,0,1.994,0,0,14,127,1,19,0
19-01 09:07:20,32.510,10.003,56.018,0,0,3273248,149900,164856,4359148,11005.439,2760.863,0,1136.355,0,94.029,4934,5280,2.970,2.050,1.150,2,0,95.030,0,0,14,128,1,20,0
19-01 09:07:21,41.462,7.993,50.204,0.500,0,3376920,172836,164740,4235872,8596.129,3586.716,0,419.616,0,23.978,2959,1551,2.890,2.050,1.150,2,0,4.995,0,0,14,129,1,20,0
19-01 09:07:22,24.014,5.753,69.540,0,0,3373988,175564,164740,4236076,65063.794,22030.797,180.105,292.170,1.001,15.009,3081,2128,2.890,2.050,1.150,2,0,55.032,0,0,14,128,1,21,0
19-01 09:07:23,19.749,3.000,76.496,0,0,3432272,179824,164740,4175080,43724.651,3868.792,0,271.985,0,13.999,1847,1213,2.890,2.050,1.150,0,0,0,0,0,14,129,1,21,0
19-01 09:07:24,19.263,4.753,75.302,0,0.250,3362400,249812,164740,4174984,28120.539,21688.069,0,228.159,0,16.011,2619,1984,2.890,2.050,1.150,1,0,51.035,0,0,14,128,1,22,0
19-01 09:07:25,18.751,2.500,77.253,0,0,3414368,197844,164740,4174984,8560.334,3899.152,0,232.009,0,11.000,1750,1265,2.890,2.050,1.150,1,0,1.000,0,0,14,129,1,22,0
19-01 09:07:26,20.007,3.751,75.527,1.000,0,3397656,214368,164740,4175172,18314.602,6867.476,12.004,704.254,3.001,87.031,3276,3530,2.740,2.030,1.150,1,0,10.004,0,0,14,128,1,23,0
19-01 09:07:27,22.049,7.517,69.656,0,0,3456808,155208,164740,4175180,9592.531,1689.793,0,296.666,0,19.043,4243,5311,2.740,2.030,1.150,3,0,93.209,0,0,14,140,1,23,0
19-01 09:07:28,20.971,2.996,74.646,0.250,0,3461496,150460,164740,4175240,34208.275,23954.580,0,427.404,0,35.950,4406,6549,2.740,2.030,1.150,2,0,10.985,0,0,14,136,1,27,0
19-01 09:07:29,20.277,6.509,72.097,0,0,3443648,230464,164740,4114580,8244.089,1622.182,0,272.366,0,13.018,2568,1904,2.740,2.030,1.150,1,0,53.071,0,0,14,136,1,27,0
19-01 09:07:30,16.755,2.251,79.525,0.250,0,3446748,227228,164740,4114716,16085.054,8232.587,28.009,824.259,4.001,104.033,2950,3299,2.740,2.030,1.150,7,0,0,0,0,14,137,1,27,0
19-01 09:07:31,25.920,4.735,66.543,1.745,0,3408244,265416,164748,4115024,7874.555,2851.149,15.950,14203.907,3.988,929.116,7745,10510,2.680,2.030,1.150,1,0,0.997,0,0,14,137,1,29,0
19-01 09:07:32,19.757,6.502,72.524,0.250,0,3434816,238840,164748,4115028,6121.018,1512.499,0,1116.368,0,70.023,2601,2115,2.680,2.030,1.150,1,0,53.017,0,0,14,137,1,29,0
19-01 09:07:33,14.743,1.999,82.462,0.250,0,3438692,234936,164748,4115056,19342.051,11660.605,15.993,543.748,1.000,31.985,2134,1961,2.680,2.030,1.150,1,0,1.000,0,0,14,138,1,29,0
19-01 09:07:34,27.739,6.997,62.974,0.750,0,3442396,231172,164748,4115116,9472.159,1619.343,0,1563.366,0,185.925,6665,9181,2.680,2.030,1.150,3,0,1.000,0,0,14,138,1,29,0
19-01 09:07:35,26.257,7.502,64.767,0.750,0,3454136,219360,164748,4115188,9581.562,2485.665,0,4665.248,0,312.083,5231,6013,2.680,2.030,1.150,1,0,70.019,0,0,14,137,1,30,0
19-01 09:07:36,19.251,2.250,77.505,0.250,0,3468640,204848,164748,4115192,15375.088,7344.520,0,3248.230,0,281.020,2297,1491,2.550,2.010,1.150,2,0,0,0,0,14,138,1,30,0
19-01 09:07:37,16.996,7.748,72.734,1.250,0,3448984,224256,164748,4115444,12388.225,5529.761,207.953,3923.121,4.999,270.939,5205,5763,2.550,2.010,1.150,1,0,147.967,0,0,14,137,0,31,0
19-01 09:07:38,22.746,3.499,72.987,0,0,3456180,217072,164748,4115448,9335.284,2221.592,0,331.939,0,24.995,1981,1454,2.550,2.010,1.150,0,0,0,0,0,14,140,0,31,0
19-01 09:07:39,16.805,2.508,80.263,0.251,0,3453028,220060,164760,4115600,18733.365,12550.111,4.013,469.538,1.003,46.151,3292,3962,2.550,2.010,1.150,2,0,0,0,0,14,142,0,31,0
19-01 09:07:40,23.682,6.481,67.557,0.748,0,3453552,219476,164764,4115656,6111.512,1549.566,0,969.226,0,114.672,6768,9865,2.550,2.010,1.150,1,0,0,0,0,14,142,0,31,0
19-01 09:07:41,35.342,11.781,51.634,0.501,0,3417660,255200,164764,4115824,10112.295,3218.369,44.115,1299.379,3.008,147.383,10920,16930,2.420,1.990,1.150,3,0,121.315,0,0,14,141,0,32,0
19-01 09:07:42,27.928,8.977,62.339,0.499,0,3460596,212128,164764,4115896,10062.932,2028.745,15.959,845.809,0.997,69.819,5190,6155,2.420,1.990,1.150,2,0,167.566,0,0,14,141,0,32,0
19-01 09:07:43,18.963,1.996,77.600,0,0,3475016,197572,164764,4116032,13687.501,8954.664,0,499.034,0,23.954,2054,1663,2.420,1.990,1.150,2,0,0,0,0,14,141,0,33,0
19-01 09:07:44,11.041,18.568,69.506,0.502,0,3422044,250536,164764,4116076,9884.401,1876.912,4.015,2541.359,1.004,154.569,6552,5420,2.420,1.990,1.150,1,0,395.456,0,0,14,141,0,33,0
19-01 09:07:45,15.025,18.280,66.108,0.250,0,3364968,307588,164768,4116092,7830.773,1622.647,0,176.288,0,14.023,5949,5583,2.420,1.990,1.150,1,0,315.515,0,0,14,141,0,33,0
19-01 09:07:46,27.731,18.487,53.463,0,0,3423788,248728,164772,4116136,9459.416,1618.873,0,855.405,0,9.993,6776,7050,2.310,1.980,1.150,3,0,388.729,0,0,14,141,0,33,0
19-01 09:07:47,33.261,22.257,44.264,0,0,3468852,203424,164780,4116712,7108.269,1690.540,28.009,44.014,3.001,11.004,6514,5912,2.310,1.980,1.150,3,0,444.142,0,0,14,144,0,33,0
19-01 09:07:48,30.981,15.990,51.718,0,0,3540112,131924,164784,4116956,6008.264,1457.094,3.998,755.530,0.999,45.971,6613,8800,2.310,1.980,1.150,3,0,251.843,0,0,16,147,0,33,0
19-01 09:07:49,59.017,27.758,12.504,0,0,3669856,173000,164584,3949992,9825.853,1620.470,112.033,680.197,9.003,48.014,8631,13022,2.310,1.980,1.150,5,0,584.170,0,0,16,153,0,33,0
19-01 09:07:50,59.922,20.637,18.648,0,0,3758148,165300,164556,3869952,7469.077,1611.172,23.869,421.690,2.984,33.815,7238,9269,2.310,1.980,1.150,6,0,283.447,0,0,16,169,0,33,0
19-01 09:07:51,41.962,23.871,33.419,0,0,3827208,149864,164556,3817012,8816.569,1628.231,8.041,635.211,2.010,22.112,8606,10029,2.450,2.010,1.170,2,0,553.800,0,0,16,169,0,33,0
19-01 09:07:52,26.523,23.271,49.794,0,0,3859828,161060,164560,3773876,42266.427,1711.516,0,364.323,0,18.016,6480,5136,2.450,2.010,1.170,2,0,466.413,0,0,17,169,0,33,0
19-01 09:07:53,20.179,12.954,65.269,0.249,0,3876672,144192,164560,3773900,43735.270,1614.289,11.958,462.364,2.989,31.887,6062,7042,2.450,2.010,1.170,0,0,202.284,0,0,17,169,0,33,0
19-01 09:07:54,30.296,24.287,45.068,0.250,0,3924560,148312,164360,3722972,9578.466,1622.450,12.018,316.478,3.005,30.045,6895,5891,2.450,2.010,1.170,2,0,507.767,0,0,17,169,0,33,0
19-01 09:07:55,38.953,18.228,41.699,0,0,3993400,133224,164368,3670608,6695.864,1687.949,11.985,239.709,1.998,14.982,6321,7532,2.450,2.010,1.170,1,0,279.660,0,0,17,175,0,33,0
19-01 09:07:56,35.846,26.321,35.846,1.504,0,4078264,126988,164376,3593836,6216.712,1461.930,168.453,11992.238,5.013,899.418,10334,10609,2.330,1.990,1.170,4,0,575.547,0,0,17,181,0,33,0
19-01 09:07:57,30.486,22.740,41.981,3.498,0,4172756,154440,164376,3474612,9307.825,1619.274,39.982,2694.791,6.997,44.980,7046,7303,2.330,1.990,1.170,4,0,531.761,0,0,17,187,0,33,0
19-01 09:07:58,13.516,21.776,64.078,0.250,0,4171676,154476,164376,3475624,6966.470,1621.972,0,728.886,0,55.067,7672,8495,2.330,1.990,1.170,1,0,427.520,0,0,17,193,0,33,0
19-01 09:07:59,22.466,14.478,62.157,0,0,4193924,132184,164380,3475652,11695.470,1617.575,7.988,595.108,1.997,43.934,6663,8216,2.330,1.990,1.170,5,0,219.671,0,0,17,193,0,31,0
19-01 09:08:00,44.486,10.247,42.737,1.500,0,4309848,213336,164380,3282544,11648.406,1619.500,459.858,4214.699,8.997,224.931,4631,4003,2.330,1.990,1.170,3,0,77.976,0,0,17,209,0,31,2
19-01 09:08:01,44.133,6.982,46.876,0.748,0,4405032,148288,164380,3252580,8629.203,1615.731,187.505,279.262,8.976,29.921,3418,2210,2.300,1.990,1.170,3,0,2.992,0,0,17,209,0,31,2
19-01 09:08:02,32.866,10.788,54.694,1.505,0,4358112,255688,164388,3192892,7563.770,1758.223,56.199,4459.784,6.021,441.563,4585,3672,2.300,1.990,1.170,3,0,175.622,0,0,17,212,0,31,2
19-01 09:08:03,34.502,24.752,39.252,0.500,0,4412908,198944,164396,3194856,5713.351,1458.090,932.057,596.037,12.001,42.003,8415,9825,2.300,1.990,1.170,6,0,494.030,0,0,17,213,0,31,2
19-01 09:08:04,34.997,24.498,37.997,1.500,0,4456936,153708,164404,3196392,16109.576,10120.106,1019.910,575.949,19.998,39.996,8175,10493,2.300,1.990,1.170,14,0,462.959,0,0,17,222,0,32,2
19-01 09:08:05,59.548,17.014,17.014,6.005,0,4491964,150952,164420,3164988,11471.263,1819.469,280.226,1108.895,11.009,23.019,5598,5537,2.300,1.990,1.170,3,0,157.127,0,0,17,224,0,33,2
19-01 09:08:06,64.253,13.448,18.678,3.487,0,4604812,169896,164420,3035764,16383.937,9462.578,1111.721,342.681,29.885,20.919,4678,3449,2.440,2.030,1.190,1,1,19.923,0,0,17,229,0,33,2
19-01 09:08:07,56.414,13.790,14.292,14.793,0,4632992,173900,164464,3004624,13291.755,4780.940,6234.177,2058.001,373.088,76.222,6906,13835,2.440,2.030,1.190,2,2,70.205,0,0,17,238,0,26,0
19-01 09:08:08,54.042,16.263,26.020,3.503,0,4696328,141900,164520,2975012,12204.562,3592.815,1072.841,1080.847,127.100,105.082,7518,8981,2.440,2.030,1.190,3,0,272.213,0,0,17,238,0,30,0
19-01 09:08:09,32.119,22.408,43.821,0.249,0,4715232,156880,164528,2942016,18982.464,10519.034,187.235,9070.949,10.955,69.715,8080,9946,2.440,2.030,1.190,2,0,435.222,0,0,17,237,0,31,0
19-01 09:08:10,51.447,22.336,27.104,0.251,0,4705812,164524,164528,2943320,7845.074,1626.234,4.015,409.570,1.004,22.085,6121,7494,2.440,2.030,1.190,3,0,354.358,0,0,17,239,0,31,0
19-01 09:08:11,48.896,25.196,24.947,0,0,4774492,135616,164532,2904804,15098.740,11535.354,35.923,782.328,1.996,50.891,7650,9117,2.480,2.040,1.200,3,0,468.000,0,0,17,244,0,26,0
19-01 09:08:12,63.530,20.260,14.007,1.251,0,4801956,145764,164996,2867816,10642.019,2753.299,1560.736,2881.359,73.034,337.159,8585,12033,2.480,2.040,1.200,3,0,258.122,0,0,17,247,0,29,0
19-01 09:08:13,54.078,26.538,18.777,0.250,0,4900740,126792,164584,2790860,15836.879,9378.549,8.012,741.071,2.003,55.080,7513,8098,2.480,2.040,1.200,5,0,522.755,0,0,17,248,0,29,0
19-01 09:08:14,51.488,20.245,26.494,1.000,0,4861968,176788,164592,2779464,9838.711,4717.903,663.846,1059.753,38.991,66.984,8266,14009,2.480,2.040,1.200,3,0,262.939,0,0,17,255,0,32,0
19-01 09:08:15,65.061,15.206,18.696,0.748,0,4998652,148328,164592,2672632,15069.206,7388.527,211.386,590.285,2.991,17.948,5221,5289,2.480,2.040,1.200,3,1,68.800,0,0,17,256,0,31,0
19-01 09:08:16,56.974,10.495,29.986,1.249,0.250,5024068,182892,164520,2613680,20413.622,13473.810,1111.489,819.623,54.975,54.975,8915,14302,2.690,2.090,1.220,3,0,11.994,0,0,17,261,0,33,0
19-01 09:08:17,62.359,10.018,24.794,2.755,0,5112732,149376,163940,2560848,12661.232,3985.999,1414.484,777.365,62.109,64.113,6014,6921,2.690,2.090,1.220,3,0,12.021,0,0,17,265,0,37,0
19-01 09:08:18,45.078,24.542,28.299,1.503,0.250,5000484,260732,164088,2561560,18884.506,12519.550,1506.593,1421.447,36.062,86.148,7925,8188,2.690,2.090,1.220,2,1,494.852,0,0,17,265,0,38,0
19-01 09:08:19,53.262,25.756,19.004,1.750,0,5097340,160392,164200,2565004,7192.622,1620.365,4040.911,836.189,54.012,55.012,7713,10383,2.690,2.090,1.220,6,0,383.086,0,0,17,265,0,36,0
19-01 09:08:20,64.927,17.980,16.481,0.499,0,5137696,155448,164204,2530764,18217.519,11474.100,651.268,966.913,16.981,33.962,6107,6933,2.690,2.090,1.220,3,0,246.723,0,0,18,269,0,36,0
19-01 09:08:21,74.028,13.166,4.968,6.707,0,5188312,137020,164204,2499420,9406.062,2591.486,3469.889,433.239,192.772,31.797,5706,3826,2.790,2.130,1.230,5,0,17.886,0,0,18,272,0,37,0
19-01 09:08:22,80.167,11.560,5.277,2.764,0.251,5294664,122768,164224,2409816,49712.523,7780.461,1588.260,16517.899,74.387,1191.195,8422,6159,2.790,2.130,1.230,5,0,9.047,0,0,18,276,0,37,0
19-01 09:08:23,56.409,16.224,25.709,1.498,0,5260632,187500,164248,2379828,47307.933,6782.095,1054.305,5918.484,24.960,258.584,7832,10467,2.790,2.130,1.230,2,0,225.637,0,0,18,279,0,37,0
19-01 09:08:24,39.254,8.251,50.255,0.750,0,5337816,142052,164256,2348996,17920.836,8465.867,552.057,9156.938,8.001,58.006,3937,2820,2.790,2.130,1.230,3,0,9.001,0,0,18,282,0,37,0
19-01 09:08:25,35.723,8.743,54.459,0.250,0,5309140,170484,164256,2349224,68019.377,11449.479,819.390,715.468,9.993,62.953,4827,4594,2.790,2.130,1.230,2,0,14.989,0,0,18,284,0,38,2
19-01 09:08:26,48.394,13.540,35.606,1.504,0,5333844,127636,164256,2367332,16570110.387,108869.501,2796.309,3618.753,30.089,187.557,9914,5675,2.730,2.120,1.240,3,0,136.405,0,0,18,283,0,38,0
19-01 09:08:27,33.178,8.981,55.879,0.499,0,5351744,134424,164260,2343324,16748.690,12507.884,323.299,758.356,6.985,76.833,4877,4804,2.730,2.120,1.240,3,0,131.714,0,0,18,291,0,37,0
19-01 09:08:28,39.198,6.242,54.428,0.250,0.250,5350160,135984,164260,2343348,17127.305,10198.486,0,351.534,0,30.959,3490,2643,2.730,2.120,1.240,1,0,4.993,0,0,18,292,0,39,0
19-01 09:08:29,30.275,5.004,63.052,0.250,0.250,5364000,151052,164260,2315828,155611.492,5851630.428,448.373,2353.959,27.022,62.052,5499,6563,2.730,2.120,1.240,1,0,1.001,0,0,18,297,0,40,0
19-01 09:08:30,9.000,3.000,84.997,0.250,0,5303144,211888,164260,2315848,281486.882,10554974.082,4.000,803.974,1.000,41.999,3550,2918,2.730,2.120,1.240,2,0,36.999,0,0,18,295,0,41,0
19-01 09:08:31,2.001,1.000,96.031,0,0,5285684,229316,164260,2315880,7992.584,1620.524,0,312.101,0,17.005,1312,1743,2.510,2.090,1.230,0,0,0,0,0,18,295,0,36,0
19-01 09:08:32,9.266,1.753,86.401,0.501,0,5293484,221500,164264,2315892,9080297.084,29020.836,4.007,1634.864,1.002,81.142,4791,4476,2.510,2.090,1.230,1,0,0,0,0,18,300,0,36,0
19-01 09:08:33,20.300,8.521,69.924,0.501,0,5221936,276892,164272,2332052,7480026.929,67819.659,96.239,1387.450,5.012,124.309,9090,9205,2.510,2.090,1.230,2,0,112.279,0,0,18,297,0,39,0
19-01 09:08:34,13.929,14.178,68.900,0.746,0,5270400,228336,164272,2332128,8223.235,1611.814,27.859,346.241,1.990,23.879,5387,5226,2.510,2.090,1.230,1,0,354.201,0,0,18,297,0,39,0
19-01 09:08:35,20.808,7.020,71.198,0.251,0,5306872,191852,164272,2332140,7830.803,1666.640,0,184.514,0,17.047,3440,2885,2.510,2.090,1.230,1,0,95.265,0,0,18,299,0,37,0
19-01 09:08:36,9.489,18.978,70.669,0,0,5312992,185676,164272,2332180,8769.923,1618.141,0,175.798,0,11.986,6066,4730,2.390,2.070,1.230,1,0,349.598,0,0,18,299,0,37,0
19-01 09:08:37,5.247,10.743,82.199,0.750,0,5304388,194168,164276,2332288,9668.972,1565.024,83.948,363.773,4.997,25.984,4009,3824,2.390,2.070,1.230,0,0,225.859,0,0,18,299,0,37,0
19-01 09:08:38,11.251,3.750,84.258,0,0,5336280,162260,164280,2332300,8601.803,1566.146,0,16049.498,0,42.004,2000,2089,2.390,2.070,1.230,1,0,9.001,0,0,18,299,0,37,0
19-01 09:08:39,19.494,2.249,75.976,0.250,0,5363736,134704,164280,2332400,14373.457,7341.679,95.970,127.960,5.998,12.996,2314,2083,2.390,2.070,1.230,1,0,0,0,0,18,300,0,37,0
19-01 09:08:40,15.498,10.749,72.490,0.750,0,5280148,218016,164284,2332656,12373.321,4885.337,75.990,267.964,6.999,29.996,4605,3944,2.390,2.070,1.230,1,0,139.981,0,0,18,303,0,37,0
19-01 09:08:41,11.793,16.561,69.755,0,0,5269356,228420,164284,2333012,8945.757,1571.755,4.015,44.162,1.004,4.015,5639,4195,2.280,2.050,1.230,2,0,203.746,0,0,18,303,0,37,0
19-01 09:08:42,12.500,17.001,70.252,0,0,5274700,222928,164284,2333112,6350.220,1690.059,0,4.000,0,1.000,5557,4345,2.280,2.050,1.230,1,0,228.008,0,0,18,303,0,37,0
19-01 09:08:43,23.155,4.731,69.714,0.747,0,5337172,160432,164284,2333136,8506.077,1613.376,19.918,6306.109,1.992,242.006,3238,3123,2.280,2.050,1.230,1,0,32.865,0,0,18,307,0,37,0
19-01 09:08:44,24.253,4.251,71.259,0.750,0,5358636,170736,164284,2302520,8138.063,1620.212,268.035,56.007,5.001,7.001,2435,1996,2.280,2.050,1.230,1,0,2.000,0,0,18,307,0,35,0
19-01 09:08:45,24.095,2.761,71.784,0,0,5321452,207616,164284,2302824,6841.039,1572.214,116.460,333.317,8.032,33.131,2796,2693,2.280,2.050,1.230,2,0,8.032,0,0,18,307,0,35,0
19-01 09:08:46,23.388,3.235,71.657,0.249,0,5377632,151396,164284,2302864,9112.428,1558.548,23.886,210.991,4.976,15.924,2432,2102,2.170,2.030,1.220,1,0,0,0,0,18,307,0,35,0
19-01 09:08:47,16.509,4.502,77.790,0.250,0,5393472,135552,164284,2302868,14974.750,9302.814,0,220.114,0,19.010,2568,2463,2.170,2.030,1.220,0,0,3.002,0,0,18,310,0,36,0
19-01 09:08:48,17.333,2.512,77.623,1.256,0,5285612,243396,164284,2302884,20256.377,12949.250,0,17789.518,0,764.676,4126,2764,2.170,2.030,1.220,2,0,16.077,0,0,18,307,0,37,0
19-01 09:08:49,22.658,4.233,71.210,0,0,5314648,214360,164284,2302884,7788.277,1613.428,0,282.848,0,26.890,2568,2358,2.170,2.030,1.220,1,0,1.992,0,0,18,307,0,37,0
19-01 09:08:50,20.253,6.001,72.510,0.250,0,5321152,207696,164284,2303044,5935.801,1566.211,388.052,212.029,4.001,20.003,3147,2573,2.170,2.030,1.220,0,0,85.011,0,0,18,307,0,37,0
19-01 09:08:51,9.003,20.507,68.524,0,0,5312796,215968,164296,2303200,8689.101,1620.578,64.023,364.130,8.003,12.004,6219,4996,2.080,2.020,1.220,2,0,415.148,0,0,18,307,0,37,0
19-01 09:08:52,20.480,7.243,70.932,0.749,0,5316028,212592,164568,2303104,43167.873,1618.458,283.730,3.996,11.989,0.999,3513,2732,2.080,2.020,1.220,1,0,105.899,0,0,18,307,0,37,0
19-01 09:08:53,19.518,2.252,76.569,0.500,0,5347164,180112,164588,2304428,46185.810,3794.435,128.116,848.768,9.008,57.052,2734,2649,2.080,2.020,1.220,1,0,16.014,0,0,18,308,0,37,0
19-01 09:08:54,23.487,3.498,71.709,0.250,0,5341832,179176,165256,2309900,11588.374,1685.037,127.927,1179.326,3.998,15.991,2436,2037,2.080,2.020,1.220,1,0,2.998,0,0,18,307,0,37,0
19-01 09:08:55,17.506,2.001,78.779,0,0,5341060,178724,165272,2311108,13781.087,4552.680,0,364.134,0,6.002,2125,1876,2.080,2.020,1.220,2,0,17.006,0,0,18,308,0,37,0
19-01 09:08:56,23.494,5.498,68.981,0.250,0,5342444,171412,165872,2316284,11508.834,1793.507,11.997,855.765,2.999,12.996,10867,19315,1.990,2,1.220,1,0,15.996,0,0,18,307,0,37,0
19-01 09:08:57,18.502,3.000,77.009,0.250,0,5326412,187004,165912,2316684,17660.065,4617.540,36.004,500.058,5.001,7.001,4938,7895,1.990,2,1.220,2,0,5.001,0,0,18,308,0,37,0
19-01 09:08:58,22.000,6.500,69.750,0,0,5307700,205580,165960,2316772,9216.033,1620.006,0,628.002,0,20.000,7465,12644,1.990,2,1.220,1,0,15.000,0,0,18,308,0,37,0
19-01 09:08:59,15.808,13.048,71.261,0.251,0,5254284,270584,166048,2305180,9545.000,1746.404,8.029,1063.901,2.007,28.103,4477,3725,1.990,2,1.220,1,0,198.729,0,0,18,307,0,37,0
19-01 09:09:00,21.661,4.979,70.957,0,0,5309676,215172,166048,2305200,5887.690,1655.166,0,15.934,0,2.988,2725,2386,1.990,2,1.220,1,0,66.724,0,0,18,307,0,37,0
19-01 09:09:01,19.009,1.751,78.286,0,0,5325852,198804,166048,2305392,16938.714,10249.668,0,0,0,0,2266,1934,1.910,1.980,1.220,0,0,0,0,0,18,308,0,38,0
19-01 09:09:02,19.479,8.491,70.925,0,0,5352220,172388,166048,2305440,9325.087,3176.623,31.966,43.953,1.998,2.997,3676,3305,1.910,1.980,1.220,2,0,111.881,0,0,18,307,0,40,0
19-01 09:09:03,20.495,2.749,74.982,0.500,0,5379564,144948,166048,2305536,14660.406,7408.184,79.980,543.867,3.999,53.987,2958,3039,1.910,1.980,1.220,1,0,1.000,0,0,18,312,0,40,0
19-01 09:09:04,20.333,6.527,72.294,0.251,0,5398760,125740,166048,2305548,11993.852,4500.330,0,220.900,0,23.094,3370,3189,1.910,1.980,1.220,1,0,71.290,0,0,18,311,0,41,0
19-01 09:09:05,19.696,1.995,76.791,0,0,5388888,135604,166048,2305556,13455.445,7389.924,0,103.718,0,7.978,2247,1959,1.910,1.980,1.220,1,0,0.997,0,0,18,312,0,41,0
19-01 09:09:06,19.821,6.523,73.011,0,0,5347608,176868,166048,2305572,14113.368,8988.077,0,192.688,0,16.057,3093,2811,1.920,1.980,1.220,1,0,57.204,0,0,18,313,0,42,0
19-01 09:09:07,24.916,4.734,69.019,0.249,0,5370476,153996,166048,2305576,15287.731,7361.313,0,131.559,0,7.973,3281,11336,1.920,1.980,1.220,3,0,35.880,0,0,18,314,0,43,0
19-01 09:09:08,20.750,5.000,73.499,0,0,5370756,153696,166048,2305596,13468.810,6088.914,12.000,203.997,1.000,15.000,2828,2428,1.920,1.980,1.220,2,0,32.000,0,0,18,313,0,38,0
19-01 09:09:09,19.755,2.001,76.770,0,0,5372768,151680,166048,2305600,14746.805,7237.867,0,0,0,0,2146,1820,1.920,1.980,1.220,3,0,0,0,0,18,314,0,38,0
19-01 09:09:10,14.494,5.748,78.470,0.250,0,5325168,199260,166052,2305616,12827.045,6873.345,0,395.847,0,35.986,3063,3221,1.920,1.980,1.220,2,0,46.982,0,0,18,313,0,39,0
19-01 09:09:11,21.495,2.249,74.982,0,0,5354360,170064,166052,2305620,38808.431,3589.115,0,115.971,0,7.998,2408,1825,1.850,1.970,1.220,1,0,0,0,0,18,314,0,39,0
19-01 09:09:12,18.254,5.001,75.516,0,0,5344236,180176,166052,2305632,18218.913,9965.140,0,116.025,0,8.002,2889,2529,1.850,1.970,1.220,1,0,32.007,0,0,18,313,0,38,0
19-01 09:09:13,21.994,3.249,73.232,0.750,0,5394804,129600,166052,2305648,27024.196,3769.051,0,3495.120,0,250.937,3368,2968,1.850,1.970,1.220,0,0,0,0,0,18,314,0,38,0
19-01 09:09:14,16.214,1.497,80.071,0.249,0,5389788,134424,166052,2305840,15980.285,10608.291,47.893,359.197,2.993,38.913,2864,3142,1.850,1.970,1.220,1,0,0,0,0,18,313,0,39,0
19-01 09:09:15,20.780,7.511,71.605,0.250,0,5361808,162392,166052,2305852,9000.191,1622.378,0,176.258,0,9.013,3078,2601,1.850,1.970,1.220,1,0,89.131,0,0,18,313,0,39,0
19-01 09:09:16,19.494,2.249,76.976,0,0,5371860,152328,166052,2305864,44820.215,23914.645,0,163.950,0,10.997,2656,2291,1.700,1.930,1.220,1,0,1.000,0,0,18,315,0,36,0
19-01 09:09:17,21.011,6.253,71.286,0.250,0,5385664,138512,166052,2305876,10850.463,1458.734,0,436.220,0,29.015,3001,2596,1.700,1.930,1.220,1,0,47.024,0,0,18,315,0,36,0
19-01 09:09:18,18.516,3.003,77.817,0.250,0,5385400,138636,166052,2306016,17650.133,10363.886,128.110,2502.145,8.007,351.301,3135,2599,1.700,1.930,1.220,1,0,1.001,0,0,18,316,0,37,0
19-01 09:09:19,22.255,5.251,71.265,0,0,5351940,172096,166052,2306016,11480.426,1838.388,0,392.083,0,31.007,2918,2576,1.700,1.930,1.220,1,0,15.003,0,0,18,315,0,38,0
19-01 09:09:20,17.554,2.006,79.744,0.251,0,5364412,159600,166052,2306040,13024.803,8207.080,16.049,164.503,1.003,14.043,2242,2183,1.700,1.930,1.220,4,0,0,0,0,18,316,0,33,0
19-01 09:09:21,24.428,5.733,67.301,0.997,0,5343468,178032,166052,2308552,8453.974,2851.559,2313.153,1459.679,90.731,173.486,6238,8715,1.640,1.920,1.220,1,0,6.979,0,0,18,317,0,34,0
19-01 09:09:22,19.472,2.247,76.641,0,0,5380920,140572,166052,2308560,54956.938,7333.583,0,411.416,0,24.965,2529,2299,1.640,1.920,1.220,2,0,0,0,0,18,318,0,34,0
19-01 09:09:23,20.019,4.254,74.320,0.500,0,5378072,143384,166052,2308596,47004.346,5514.202,64.060,892.842,3.003,94.089,4799,5941,1.640,1.920,1.220,3,0,0,0,0,18,318,0,34,0
19-01 09:09:24,16.042,18.799,63.916,0.501,0,5345488,175752,166052,2308812,7312.027,2853.425,0,1391.621,0,129.337,7639,9228,1.640,1.920,1.220,1,0,463.205,0,0,18,317,0,35,0
19-01 09:09:25,11.010,22.770,65.057,0.500,0,5312748,208288,166056,2309012,8724.695,1621.430,32.028,520.459,2.002,42.037,7521,6874,1.640,1.920,1.220,2,0,655.578,0,0,18,317,0,34,0
19-01 09:09:26,10.235,22.716,66.152,0,0,5310120,210872,166056,2309056,6636.164,1455.842,0,682.988,0,55.917,7458,6863,1.670,1.920,1.220,2,0,616.087,0,0,18,317,0,34,0
19-01 09:09:27,9.520,21.797,67.645,0,0,5307324,213640,166056,2309084,8644.515,1623.477,0,436.936,0,30.064,6912,5915,1.670,1.920,1.220,1,0,576.234,0,0,18,317,0,34,0
19-01 09:09:28,9.491,21.479,67.185,0.250,0,5295308,225624,166056,2309116,9081.256,1618.442,0,2205.876,0,138.866,7400,6582,1.670,1.920,1.220,1,0,560.460,0,0,18,317,0,34,0
19-01 09:09:29,8.249,23.246,67.238,0,0,5303168,217728,166056,2309152,5811.971,1619.713,0,223.960,0,19.996,7091,6392,1.670,1.920,1.220,1,0,598.894,0,0,18,317,0,30,0
19-01 09:09:30,13.958,13.958,70.289,1.745,0,5321868,271364,166072,2241500,9405.750,1615.149,279.162,27.916,24.925,4.985,4697,4111,1.670,1.920,1.220,3,0,259.221,0,0,18,317,0,30,0
19-01 09:09:31,19.005,6.002,71.518,2.501,0,5327740,294436,166136,2219948,6695.676,1620.406,5153.290,3008.753,371.093,44.011,3553,3490,1.620,1.900,1.220,1,0,4.001,0,0,18,317,0,30,0
19-01 09:09:32,19.705,2.245,76.823,0,0,5325892,293720,166248,2222396,13170.609,3679.510,15.963,941.827,2.993,13.968,2345,2025,1.620,1.900,1.220,0,0,15.963,0,0,18,318,0,30,0
19-01 09:09:33,14.321,1.508,79.145,3.769,0,5335040,283660,166332,2223216,20656.973,10505.368,691.447,1479.375,44.220,78.391,2522,2754,1.620,1.900,1.220,3,0,1.005,0,0,18,318,0,28,0
19-01 09:09:34,12.009,1.751,82.559,2.502,0,5340316,277420,166344,2224172,24970.946,10825.780,524.377,3398.442,48.035,76.055,2437,2591,1.620,1.900,1.220,1,0,1.001,0,0,18,318,0,28,0
19-01 09:09:35,15.695,1.495,79.723,1.495,0,5363668,253036,166356,2225188,17098.526,8660.875,853.033,912.825,39.861,37.868,2149,1973,1.620,1.900,1.220,0,0,0.997,0,0,18,318,0,28,0
19-01 09:09:36,13.238,1.249,82.427,0.999,0,5361964,253920,166376,2225984,23132.463,10227.920,611.457,1374.779,42.962,43.961,2119,2003,1.570,1.890,1.220,0,0,0,0,0,18,318,0,28,0
19-01 09:09:37,12.254,1.751,83.775,2.001,0,5379168,235920,166396,2226756,15436.680,7901.396,612.186,920.279,32.010,36.011,1963,1997,1.570,1.890,1.220,0,0,0,0,0,18,318,0,25,0
19-01 09:09:38,12.756,1.501,80.038,4.002,0,5376240,221056,166396,2244544,21504.195,8709.129,8912.225,968.459,102.048,30.014,2229,2080,1.570,1.890,1.220,0,1,0,0,0,18,318,0,25,0
19-01 09:09:39,20.000,3.750,72.001,3.500,0,5380024,189948,166840,2271384,10712.102,1620.015,6736.064,1664.016,84.001,60.001,2654,2301,1.570,1.890,1.220,1,0,1.000,0,0,18,318,0,25,0
19-01 09:09:40,24.250,2.500,71.499,0.250,0,5387064,166160,167372,2287256,9167.847,1661.972,0,1367.977,0,30.999,2618,2302,1.570,1.890,1.220,1,0,0,0,0,18,318,0,25,0
19-01 09:09:41,23.752,3.000,71.256,0.250,0,5411516,163344,167592,2266504,7393.605,1620.133,0,956.078,0,35.003,2767,2622,1.520,1.870,1.220,1,0,0,0,0,18,318,0,24,0
19-01 09:09:42,22.493,3.999,71.977,1.500,0,5401700,150368,168532,2288028,9555.965,1511.520,3.999,2995.049,1.000,142.955,3007,2817,1.520,1.870,1.220,1,0,0,0,0,18,318,0,24,0
19-01 09:09:43,23.405,2.988,70.464,0.996,0,5390740,134188,169464,2313948,7197.807,1613.456,0,2629.336,0,108.560,2992,3037,1.520,1.870,1.220,1,0,0,0,0,18,318,0,24,0
19-01 09:09:44,23.840,3.011,71.268,0.753,0,5405840,128756,170028,2303644,8098.424,1746.561,4.015,9965.438,1.004,303.139,3133,2589,1.520,1.870,1.220,1,0,0,0,0,18,317,0,24,0
19-01 09:09:45,23.031,4.756,71.848,0,0,5364392,170224,170028,2303608,6722.185,2115.891,0,24.033,0,2.003,2707,2224,1.520,1.870,1.220,1,0,36.049,0,0,18,318,0,24,0
19-01 09:09:46,20.220,2.496,76.636,0.250,0,5342944,185148,170028,2310080,14700.042,3466.821,0,1302.055,0,9.985,2313,1992,1.480,1.860,1.210,1,0,1.997,0,0,18,317,0,24,0
19-01 09:09:47,17.010,3.002,78.296,0,0.250,5353220,174764,170028,2310136,14127.331,4553.685,0,492.290,0,6.004,2259,2047,1.480,1.860,1.210,1,0,17.010,0,0,18,318,0,24,0
19-01 09:09:48,23.737,5.497,68.712,0.250,0,5341584,179156,170028,2316364,9968.520,1793.014,0,1691.070,0,26.985,9952,18274,1.480,1.860,1.210,1,0,14.992,0,0,18,317,0,24,0
19-01 09:09:49,24.489,5.997,67.971,0,0,5343548,176888,170028,2316628,8803.203,1581.318,0,3530.477,0,335.855,10902,19037,1.480,1.860,1.210,1,0,13.994,0,0,18,317,0,22,0
19-01 09:09:50,20.768,5.755,72.563,0.500,0,5303964,230356,170040,2303692,11626.166,1621.418,0,600.525,0,20.018,2585,2147,1.480,1.860,1.210,2,0,8.007,0,0,18,317,0,22,0
19-01 09:09:51,24.096,6.526,67.267,0,0,5308324,226024,170044,2303724,7144.324,1626.448,0,787.121,0,19.076,11063,19748,1.440,1.840,1.210,1,0,61.243,0,0,18,317,0,22,0
19-01 09:09:52,22.465,4.243,72.139,0,0,5359144,175180,170044,2303748,41847.700,2055.841,0,415.362,0,10.983,2802,2301,1.440,1.840,1.210,2,0,34.946,0,0,18,318,0,22,0
19-01 09:09:53,19.921,2.739,75.201,0.498,0,5353660,174188,170044,2310224,44457.105,3458.240,0,3434.335,0,173.310,2921,2962,1.440,1.840,1.210,2,0,1.992,0,0,18,317,0,22,0
19-01 09:09:54,17.782,2.755,77.639,0.501,0,5354048,173712,170044,2310280,22206.813,4625.292,0,877.573,0,30.054,2515,2415,1.440,1.840,1.210,1,0,17.031,0,0,18,318,0,22,0
19-01 09:09:55,23.423,5.980,68.275,0,0,5348640,171880,170044,2316504,8955.545,1788.119,0,1570.834,0,44.852,10485,18987,1.440,1.840,1.210,1,0,14.951,0,0,18,317,0,22,0
19-01 09:09:56,22.627,6.788,68.887,0,0,5342532,177696,170044,2316764,13125.648,1629.141,0,172.971,0,3.017,10083,18150,1.410,1.830,1.210,1,0,19.107,0,0,18,317,0,22,0
19-01 09:09:57,21.389,5.223,72.125,0.249,0,5327988,206240,170060,2303756,8498.846,1504.185,0,553.126,0,11.938,2464,2043,1.410,1.830,1.210,1,0,8.953,0,0,18,317,0,22,0
19-01 09:09:58,22.532,4.757,71.603,0,0,5304164,230056,170060,2303768,9156.166,1622.333,0,652.939,0,8.012,2943,2374,1.410,1.830,1.210,1,0,70.101,0,0,18,317,0,22,0
19-01 09:09:59,38.818,9.266,51.590,0.250,0,5354400,171232,170624,2311744,9237.084,1664.899,512.893,861.500,4.007,39.068,3901,2962,1.410,1.830,1.210,2,0,51.089,0,0,18,317,0,22,0
19-01 09:10:00,31.916,4.987,62.337,0,0,5375632,147048,170792,2314384,9971.901,2884.451,510.663,3.990,3.990,0.997,2996,2180,1.410,1.830,1.210,0,0,19.948,0,0,18,318,0,22,0
19-01 09:10:01,13.992,1.499,81.951,0.250,0,5375048,147432,170792,2314520,22593.377,10792.492,0,2034.773,0,71.957,2432,2624,1.370,1.820,1.210,0,0,0,0,0,18,318,0,22,0
19-01 09:10:02,11.019,1.503,85.898,0.501,0,5372852,149092,170792,2314972,48676.644,11764.215,0,1530.630,0,51.088,1954,2036,1.370,1.820,1.210,2,0,0,0,0,18,319,0,22,0
19-01 09:10:03,10.260,1.502,86.087,1.251,0,5371592,150076,170792,2315184,130603.528,12497.586,0,1425.436,0,74.075,2374,2658,1.370,1.820,1.210,0,0,1.001,0,0,18,319,0,22,0
19-01 09:10:04,16.493,1.499,80.468,0.500,0,5386208,135216,170792,2315360,22432.070,8653.555,0,1251.502,0,61.975,2506,2544,1.370,1.820,1.210,3,0,1.000,0,0,18,319,0,22,0
19-01 09:10:05,13.506,1.501,83.039,0.250,0,5385456,135704,170792,2315552,21958.213,10917.078,0,12041.601,0,79.037,2337,2263,1.370,1.820,1.210,0,0,1.000,0,0,18,319,0,22,0
19-01 09:10:06,17.506,2.501,78.527,0.500,0,5389564,130984,170792,2316096,300441.767,12810.382,0,1444.494,0,51.017,4087,5221,1.420,1.820,1.210,1,0,1.000,0,0,18,319,0,18,0
19-01 09:10:07,10.287,3.011,83.800,1.254,0,5390256,129884,170792,2316552,81137.287,14743.749,64.230,2215.928,7.025,104.373,3074,3173,1.420,1.820,1.210,2,1,15.054,0,0,18,319,0,18,0
19-01 09:10:08,15.684,3.236,77.672,2.489,0,5363620,170364,170796,2302940,49216.188,10494.687,163.310,1589.289,12.945,64.727,3008,7164,1.420,1.820,1.210,1,0,22.903,0,0,18,319,0,19,0
19-01 09:10:09,10.997,1.500,85.977,0,0,5377336,145736,170796,2313812,1369884.059,29875.041,0,723.807,0,25.993,2406,2095,1.420,1.820,1.210,1,0,1.000,0,0,18,319,0,19,0
19-01 09:10:10,7.256,2.502,87.569,0.751,0,5366772,142120,170796,2327968,7211845.640,32243.514,4.003,20436.171,1.001,105.083,3662,2595,1.420,1.820,1.210,1,0,3.002,0,0,18,319,0,14,0
19-01 09:10:11,8.995,2.998,85.948,0.999,0,5364344,149532,170808,2323880,9058038.952,39884.835,179.891,12780.257,4.997,77.953,4162,3245,1.310,1.790,1.210,1,0,0.999,0,0,18,319,0,14,0
19-01 09:10:12,21.252,3.500,73.508,1.000,0,5369744,130920,172540,2333992,195295.223,2470.256,0,3708.384,0,110.011,2817,2518,1.310,1.790,1.210,1,0,1.000,0,0,18,319,0,14,0
19-01 09:10:13,23.248,3.750,70.493,0.250,0,5374464,140284,174620,2316868,7455.222,1713.821,0,17242.201,0,344.964,3367,2711,1.310,1.790,1.210,1,0,0,0,0,18,319,0,14,0
19-01 09:10:14,25.009,2.751,71.526,0.500,0,5374704,148808,174996,2307356,10436.801,1620.590,0,1036.377,0,36.013,2731,2418,1.310,1.790,1.210,1,0,0,0,0,18,319,0,10,0
19-01 09:10:15,22.737,3.998,71.459,0.999,0.250,5385436,143684,175732,2300972,7298.842,1619.078,0,2182.757,0,98.944,2912,2630,1.310,1.790,1.210,2,0,0.999,0,0,18,319,0,10,0
19-01 09:10:16,23.059,3.760,71.935,0.501,0,5371624,142496,176448,2314168,7538.409,1624.182,0,1736.471,0,54.139,2623,2292,1.280,1.780,1.210,1,0,0,0,0,18,319,0,10,0
19-01 09:10:17,22.975,4.495,67.178,4.245,0,5369612,160140,177040,2297304,11039.109,1618.257,11.987,83689.855,2.997,565.391,4018,2910,1.280,1.780,1.210,0,2,0,0,0,18,319,0,10,0
19-01 09:10:18,22.488,3.998,69.963,1.749,0,5377288,129884,178352,2317408,10719.315,1565.170,19.989,54555.069,4.997,182.903,3065,2605,1.280,1.780,1.210,1,0,0.999,0,0,18,319,0,7,0
19-01 09:10:19,23.740,3.498,70.969,1.499,0,5375792,129256,179360,2317632,9282.003,1619.303,0,2786.800,0,109.953,3079,2905,1.280,1.780,1.210,1,0,1.000,0,0,18,319,0,7,0
19-01 09:10:20,18.731,1.998,77.423,0.250,0,5376672,173612,179812,2271904,14778.357,4097.940,139.861,1314.697,3.996,47.952,2388,2181,1.280,1.780,1.210,1,0,0,0,0,18,317,0,7,0
19-01 09:10:21,23.778,3.504,71.334,0,0,5310000,240324,179812,2271924,9309.024,1621.921,32.038,508.602,1.001,10.012,2653,2310,1.260,1.760,1.200,1,0,19.023,0,0,18,317,0,7,0
19-01 09:10:22,17.498,3.000,78.239,0.500,0.250,5314904,229784,179812,2277528,50813.098,3964.462,0,1799.756,0,41.994,2480,2168,1.260,1.760,1.200,3,0,16.998,0,0,18,317,0,4,0
19-01 09:10:23,20.058,3.259,75.970,0,0,5344388,199344,179812,2278448,44452.969,2900.415,0,762.211,0,27.079,2685,2555,1.260,1.760,1.200,0,0,18.052,0,0,18,318,0,4,0
19-01 09:10:24,21.950,3.991,71.588,0.499,0,5335972,200676,179980,2284384,9774.855,3445.195,0,1041.640,0,19.955,9850,18241,1.260,1.760,1.200,1,0,6.984,0,0,18,317,0,4,0
19-01 09:10:25,22.249,5.750,70.998,0.250,0,5350996,185092,179984,2284856,8883.707,1619.946,0,3007.901,0,32.999,2814,2355,1.260,1.760,1.200,1,0,9.000,0,0,18,317,0,4,0
19-01 09:10:26,21.997,6.749,69.240,0,0,5358572,177308,179996,2285020,7428.918,1619.764,0,363.947,0,11.998,11064,19678,1.240,1.750,1.200,1,0,18.997,0,0,18,317,0,1,0
19-01 09:10:27,21.741,5.498,71.722,0,0,5296592,253208,180008,2272036,8562.643,1457.429,0,583.771,0,30.988,2538,2263,1.240,1.750,1.200,3,0,1.000,0,0,18,317,0,1,0
19-01 09:10:28,22.750,4.500,71.001,1.500,0,5314892,232552,180012,2274484,7317.121,1620.027,228.004,2160.036,3.000,22.000,2817,2615,1.240,1.750,1.200,2,0,7.000,0,0,18,317,0,1,0
19-01 09:10:29,21.566,3.511,68.963,3.762,0,5320400,225748,180016,2275776,9225.440,1625.010,826.548,2014.209,37.114,220.680,5419,6806,1.240,1.750,1.200,1,0,0,0,0,18,319,0,4,1
19-01 09:10:30,21.996,9.748,65.488,2.000,0,5263640,281616,180016,2276668,7669.584,1619.701,735.864,6550.790,36.993,510.906,8355,11587,1.240,1.750,1.200,1,0,131.976,0,0,18,319,0,5,0
19-01 09:10:31,12.714,16.204,69.055,0.748,0,5284784,259448,180016,2277692,5955.198,1615.442,873.535,881.513,10.969,45.871,5502,4558,1.140,1.720,1.200,1,1,307.133,0,0,18,319,0,7,0
19-01 09:10:32,9.781,5.517,72.480,10.784,0,5276604,230244,180208,2314884,6760.424,2179.908,37559.023,1163.688,2822.946,19.060,5326,7856,1.140,1.720,1.200,1,0,16.051,0,0,18,320,0,7,0
19-01 09:10:33,3.738,1.744,91.208,2.243,0.249,5274180,231952,180488,2315320,15740.526,3571.547,713.711,2683.395,178.428,145.533,2635,3461,1.140,1.720,1.200,1,0,0.997,0,0,18,320,0,7,0
19-01 09:10:34,3.001,0.250,94.517,0.250,0,5270712,235236,180488,2315504,44706.823,5231.915,184.032,88.015,5.001,13.002,1569,2211,1.140,1.720,1.200,0,0,2.000,0,0,18,320,0,7,0
19-01 09:10:35,4.248,2.749,89.716,2.249,0,5244876,260852,180668,2315592,86129.758,130143.281,507.810,959.641,24.991,18.993,2170,2255,1.140,1.720,1.200,0,0,12.995,0,0,18,319,0,7,0
19-01 09:10:36,1.500,0.500,96.751,0,0,5243656,262068,180668,2315596,7955.099,1620.020,0,0,0,0,1176,1584,1.050,1.690,1.190,0,0,0,0,0,18,319,0,7,0
19-01 09:10:37,2.000,1.000,95.229,0,0,5242444,263280,180668,2315596,9368.885,1619.634,0,319.928,0,27.994,1359,1800,1.050,1.690,1.190,0,0,0,0,0,18,321,0,7,0
19-01 09:10:38,2.251,1.000,96.281,0,0,5232076,273644,180668,2315600,7382.376,1620.522,0,28.009,0,3.001,1309,1694,1.050,1.690,1.190,0,0,0,0,0,18,321,0,7,0
19-01 09:10:39,1.500,0.250,96.504,0.250,0,5231444,274276,180668,2315600,6663.306,1620.074,0,1848.085,0,305.014,1736,1703,1.050,1.690,1.190,1,0,0,0,0,18,321,0,7,0
19-01 09:10:40,2.499,1.250,95.464,0.500,0,5231664,274052,180668,2315604,8810.676,1619.389,0,255.903,0,34.987,1670,2282,1.050,1.690,1.190,0,0,0,0,0,18,321,0,7,0
19-01 09:10:41,2.000,1.000,96.517,0,0,5227992,277724,180668,2315604,7153.227,1620.278,0,320.055,0,24.004,1251,1714,0.960,1.660,1.180,0,0,0,0,0,18,321,0,7,0
19-01 09:10:42,1.000,0.750,96.255,0,0,5227992,277724,180668,2315604,5612.309,1620.089,0,0,0,0,1174,1668,0.960,1.660,1.180,0,0,0,0,0,18,321,0,7,0
19-01 09:10:43,2.748,0.999,94.437,0.250,0,5215244,290436,180672,2315624,8522.327,1457.030,0,10077.292,0,82.945,1714,2302,0.960,1.660,1.180,0,0,0,0,0,18,321,0,7,0
19-01 09:10:44,2.251,1.250,96.287,0,0,5215492,290184,180672,2315628,7343.787,1620.615,0,100.038,0,13.005,1400,1883,0.960,1.660,1.180,0,0,0,0,0,18,321,0,7,0
19-01 09:10:45,2.250,0.750,96.001,0.250,0,5215492,290184,180672,2315628,10289.080,1620.013,0,32.000,0,3.000,1285,1671,0.960,1.660,1.180,0,0,1.000,0,0,18,321,0,7,0
19-01 09:10:46,1.250,0.750,96.284,0,0,5215492,290184,180672,2315628,9739.483,1620.580,0,0,0,0,1221,1625,0.890,1.640,1.180,0,0,0,0,0,18,321,0,7,0
19-01 09:10:47,1.749,0.750,96.440,0,0,5215492,290184,180672,2315628,5699.431,1618.986,0,7.995,0,0.999,1185,1759,0.890,1.640,1.180,0,0,0,0,0,18,321,0,7,0
19-01 09:10:48,1.501,1.001,96.072,0.250,0,5215492,290184,180672,2315628,8924.686,1621.214,0,100.075,0,12.009,1304,1854,0.890,1.640,1.180,0,0,1.001,0,0,18,321,0,7,0
19-01 09:10:49,2.499,3.748,92.460,0.750,0,5214868,290932,180672,2315628,7511.790,1619.308,0,120028.706,0,794.660,3617,3089,0.890,1.640,1.180,0,0,1.000,0,0,18,321,0,7,0
19-01 09:10:50,1.500,0.500,95.995,0.500,0,5214860,290932,180672,2315640,5681.731,1619.923,0,691.967,0,138.993,1641,2114,0.890,1.640,1.180,0,0,0,0,0,18,321,0,7,0
19-01 09:10:51,2.001,1.251,95.290,0,0,5215864,289932,180672,2315640,9631.075,1458.617,0,108.046,0,8.003,1417,1715,0.820,1.610,1.170,0,0,6.003,0,0,18,321,0,7,0
19-01 09:10:52,1.999,0.500,96.226,0.250,0,5215864,289932,180672,2315640,43691.064,1619.595,0,111.972,0,7.998,1320,1690,0.820,1.610,1.170,0,0,0,0,0,18,321,0,7,0
19-01 09:10:53,2.000,1.000,95.501,0,0,5215860,289932,180672,2315644,43914.406,1620.015,0,540.005,0,44.000,1626,2173,0.820,1.610,1.170,0,0,0,0,0,18,321,0,7,0
19-01 09:10:54,2.250,1.750,95.733,0,0,5215396,290384,180676,2315652,8290.506,1619.708,0,32618.122,0,83.985,1461,1776,0.820,1.610,1.170,0,0,0,0,0,18,321,0,7,0
19-01 09:10:55,1.250,0.750,96.507,0,0,5215396,290384,180676,2315652,5919.425,1620.116,0,4.000,0,1.000,1286,1713,0.820,1.610,1.170,0,0,1.000,0,0,18,321,0,7,0
19-01 09:10:56,2.000,0.500,96.767,0,0,5215644,290132,180676,2315656,10819.925,1620.288,0,0,0,0,1256,1701,0.750,1.580,1.160,0,0,2.000,0,0,18,321,0,7,0
19-01 09:10:57,1.500,1.250,95.523,0,0,5228084,277692,180676,2315656,8999.186,1620.394,0,0,0,0,1121,1572,0.750,1.580,1.160,0,0,0,0,0,18,321,0,7,0
19-01 09:10:58,1.500,0.500,96.757,0.250,0,5228084,277692,180676,2315656,9341.675,1662.120,0,504.036,0,6.000,1159,1663,0.750,1.580,1.160,0,0,0,0,0,18,321,0,7,0
19-01 09:10:59,18.003,5.751,74.511,0,0,5247016,258756,180676,2315660,9044.317,1458.212,512.075,2796.407,4.001,16.002,2601,2183,0.750,1.580,1.160,1,0,8.001,0,0,18,321,0,7,0
19-01 09:11:00,13.746,3.999,81.228,0,0,5249800,255960,180676,2315672,9237.483,1619.559,511.861,115.968,3.999,11.997,2320,2265,0.750,1.580,1.160,1,0,3.999,0,0,18,321,0,7,0
19-01 09:11:01,1.252,0.751,96.641,0.250,0,5248616,257144,180676,2315672,7459.892,1622.369,0,304.445,0,23.034,1213,1731,0.690,1.560,1.160,0,0,0,0,0,18,321,0,7,0
19-01 09:11:02,2.246,0.499,96.100,0,0,5247116,258640,180676,2315676,5851.880,1659.414,0,35.944,0,0.998,1362,1933,0.690,1.560,1.160,0,0,0,0,0,18,321,0,7,0
19-01 09:11:03,3.259,1.003,94.757,0.251,0,5245804,259948,180676,2315680,5414.664,1624.399,0,405.097,0,43.117,1646,2323,0.690,1.560,1.160,0,0,1.003,0,0,18,321,0,7,0
19-01 09:11:04,1.993,0.997,95.427,0,0,5243948,261796,180680,2315684,11095.471,1614.539,0,306.962,0,20.929,1588,2223,0.690,1.560,1.160,1,0,0.997,0,0,18,321,0,7,0
19-01 09:11:05,2.000,0.750,96.238,0,0,5243564,262180,180680,2315684,6680.188,1133.862,0,4.000,0,1.000,1270,1732,0.690,1.560,1.160,0,0,1.000,0,0,18,321,0,7,0
19-01 09:11:06,10.251,2.750,85.511,0,0,5237256,268484,180684,2315684,287650.679,9593.257,4.001,32.004,1.000,3.000,2670,2489,0.630,1.530,1.150,1,0,20.003,0,0,18,321,0,7,0
19-01 09:11:07,14.763,4.004,79.821,1.001,0,5244488,261120,180688,2315812,440641.172,16292.500,124.110,436.388,6.005,22.020,3502,3002,0.630,1.530,1.150,1,0,27.024,0,0,18,321,0,7,0
