"pcp-dstat 6.2.0 CSV Output"
"Author:","PCP team <pcp@groups.io> and Dag Wieers <dag@wieers.com>",,,,"URL:","https://pcp.io/ and http://dag.wieers.com/home-made/dstat/"
"Host:","ubuntu",,,,"User:","ubuntu"
"Cmdline:","dstat -tcmndrylpg --tcp --output /tmp/devstack_logs/dstat-csv.log",,,,"Date:","19 Jan 2026 10:06:33 UTC"
"system","total usage",,,,,"memory usage",,,,"net/total",,"dsk/total",,"io/total",,"system",,"load avg",,,"procs",,,"paging",,"tcp sockets",,,,
"time","total usage:usr","total usage:sys","total usage:idl","total usage:wai","total usage:stl","used","free","buf","cach","net/total:recv","net/total:send","dsk/total:read","dsk/total:writ","read","writ","int","csw","1m","5m","15m","run","blk","new","in","out","lis","act","syn","tim","clo"
19-01 10:06:33,,995004,1704200,161004,4960928,,,,,,,1.390,0.940,0.530,3,0,,,,10,5,0,18,1
19-01 10:06:34,20.726,20.726,57.184,0.499,0,1019236,1679396,161052,4961384,21039.616,10597.718,0,2325.305,0,93.891,6840,5776,1.390,0.940,0.530,4,0,532.383,0,0,10,5,0,18,1
19-01 10:06:35,27.776,18.767,52.548,0.250,0,1024600,1673648,161096,4961704,20203.573,9443.682,0,1209.112,0,44.040,6066,5285,1.390,0.940,0.530,1,0,372.342,0,0,10,5,0,18,1
19-01 10:06:36,34.246,17.748,46.494,0.500,0,1026592,1671260,161144,4961964,40433.184,10591.738,0,1287.847,0,41.995,6496,18188,1.440,0.960,0.540,1,0,260.969,0,0,10,4,0,19,2
19-01 10:06:37,19.242,6.997,69.723,3.749,0.250,1175244,1514656,161228,5094376,29537.355,11749.368,15.994,13462.692,1.000,502.802,4617,3564,1.440,0.960,0.540,1,0,91.964,0,0,11,6,0,19,2
19-01 10:06:38,34.243,13.747,50.490,1.000,0,1189456,1475340,162228,5115560,183269.125,6393.783,0,2919.444,0,97.981,4901,3541,1.440,0.960,0.540,2,0,196.963,0,0,11,6,0,20,2
19-01 10:06:39,43.399,5.737,48.388,0.998,0,1253356,1391832,162832,5132140,6514.907,1616.256,31.926,3172.650,1.995,47.889,3231,1878,1.440,0.960,0.540,2,0,3.991,0,0,11,6,0,20,2
19-01 10:06:40,46.494,4.249,48.243,0.250,0.250,1302888,1332208,163048,5140624,11093.458,1511.790,0,1611.776,0,24.997,3090,1744,1.440,0.960,0.540,4,0,0,0,0,11,6,0,20,2
19-01 10:06:41,34.115,7.776,45.403,11.539,0,1290556,1311504,164888,5169144,7512.395,1625.495,0,46677.792,0,3271.058,15480,25579,1.570,0.990,0.550,3,0,55.187,0,0,11,8,0,20,2
19-01 10:06:42,40.372,8.972,43.363,6.230,0,1271548,1300096,166340,5195244,8952.705,1614.896,0,39287.831,0,2358.546,13076,16930,1.570,0.990,0.550,2,0,101.679,0,0,11,6,0,20,2
19-01 10:06:43,42.753,4.750,50.503,1.000,0,1331720,1226212,167120,5206224,8467.513,2642.160,0,5196.315,0,260.016,3504,1979,1.570,0.990,0.550,2,0,0,0,0,11,7,0,20,2
19-01 10:06:44,42.883,4.263,51.660,0.752,0,1283848,1292192,167228,5188456,15006.422,3276.135,0,8317.731,0,447.384,4005,3074,1.570,0.990,0.550,2,0,12.037,0,0,11,4,0,20,0
19-01 10:06:45,40.402,4.988,53.870,0,0,1299968,1275024,167232,5189500,13705.897,3716.025,0,726.246,0,46.887,3092,1820,1.570,0.990,0.550,2,0,33.918,0,0,11,5,0,20,0
19-01 10:06:46,45.063,5.257,48.318,0.501,0,1261912,1306776,167284,5194988,6521.112,1796.510,0,2022.827,0,73.102,3157,1584,1.600,1.010,0.560,3,0,14.020,0,0,11,4,0,20,0
19-01 10:06:47,25.528,21.774,51.557,0.250,0,1238516,1322816,167436,5200820,13813.196,4730.204,0,2226.449,0,126.139,6552,5414,1.600,1.010,0.560,3,0,518.570,0,0,11,4,0,20,0
19-01 10:06:48,38.897,20.197,39.645,0,0,1222816,1337496,167452,5201940,9008.168,1508.010,0,115.694,0,8.976,13956,23129,1.600,1.010,0.560,3,0,346.084,0,0,11,4,0,20,0
19-01 10:06:49,59.404,17.044,22.558,0,0,1261432,1298508,167460,5202220,9832.439,1624.202,0,172.446,0,3.008,11503,17921,1.600,1.010,0.560,3,0,150.389,0,0,11,5,0,20,0
19-01 10:06:50,67.554,6.980,24.429,0.249,0,1295064,1279400,167476,5189616,9596.169,1615.315,0,2931.498,0,137.601,3882,1452,1.600,1.010,0.560,3,0,9.971,0,0,11,5,0,20,0
19-01 10:06:51,57.702,10.741,31.224,0,0,1303876,1268932,167480,5191284,7944.339,1618.643,0,159.866,0,10.991,3697,3161,1.720,1.040,0.570,3,0,65.945,0,0,11,5,0,20,0
19-01 10:06:52,12.744,7.247,78.463,0.500,0,1289152,1282744,167536,5192100,9888.390,1565.270,0,17791.706,0,265.876,3560,3756,1.720,1.040,0.570,2,0,121.943,0,0,10,4,0,20,0
19-01 10:06:53,23.532,3.254,72.349,0.250,0,1358684,1213204,167536,5192112,9288.753,1622.227,0,524.720,0,5.007,2106,1567,1.720,1.040,0.570,1,0,18.025,0,0,11,4,0,20,0
19-01 10:06:54,23.753,2.250,73.511,0,0,1381552,1190332,167536,5192116,41188.895,1620.232,0,148.021,0,31.004,1833,1126,1.720,1.040,0.570,1,0,0,0,0,11,4,0,14,0
19-01 10:06:55,23.260,2.751,72.032,1.000,0,1359420,1212172,167592,5192352,44313.552,1620.715,0,2088.922,0,249.110,3893,4738,1.720,1.040,0.570,1,0,2.001,0,0,11,4,0,16,0
19-01 10:06:56,20.005,5.251,73.518,0.500,0,1382344,1188896,167864,5192432,12978.107,1512.362,372.089,0,20.005,0,2335,1631,1.660,1.040,0.570,1,0,42.010,0,0,11,4,0,16,0
19-01 10:06:57,18.752,2.500,77.509,0.250,0,1406200,1164744,167880,5192648,14951.686,5705.643,0,1508.170,0,39.004,2404,2307,1.660,1.040,0.570,3,0,1.000,0,0,11,17,0,16,0
19-01 10:06:58,12.021,3.256,71.874,12.021,0,1388244,1182348,167944,5192880,10335.877,2430.203,268.464,33197.419,66.114,298.516,2594,2409,1.660,1.040,0.570,1,0,1.002,0,0,11,27,0,16,0
19-01 10:06:59,19.437,5.233,74.008,0.249,0,1352356,1218092,167944,5193020,12035.713,4851.165,0,2527.749,0,102.665,2603,1831,1.660,1.040,0.570,2,0,43.857,0,0,11,28,0,17,0
19-01 10:07:00,18.249,2.250,78.497,0,0,1384224,1186212,167952,5193024,13457.544,6297.787,0,259.991,0,10.000,1818,1363,1.660,1.040,0.570,1,0,0,0,0,11,29,0,17,0
19-01 10:07:01,27.268,11.257,61.039,0,0,1415144,1155264,167952,5193052,10490.764,3884.504,0,140.090,0,12.008,3813,2830,1.690,1.060,0.580,3,0,156.101,0,0,11,28,0,18,0
19-01 10:07:02,36.503,5.000,57.504,0,0,1499372,1071028,167952,5193060,14282.104,9450.730,0,2332.180,0,23.002,3020,2045,1.690,1.060,0.580,2,0,0,0,0,11,30,0,18,0
19-01 10:07:03,35.846,10.277,53.393,0.251,0,1408000,1162152,167952,5193268,20205.990,12311.897,0,3220.605,0,46.123,6779,8273,1.690,1.060,0.580,3,0,205.549,0,0,11,28,0,19,0
19-01 10:07:04,75.088,23.699,0.748,0,0,1559420,1010724,167952,5193276,10643.050,1616.514,0,1285.229,0,12.972,5427,4201,1.690,1.060,0.580,6,0,378.185,0,0,11,28,0,19,0
19-01 10:07:05,87.399,10.987,0.749,0,0,1747568,822516,167952,5193328,21568.172,18405.812,0,0,0,0,5975,4308,1.690,1.060,0.580,5,0,0.999,0,0,11,32,0,19,0
19-01 10:07:06,77.002,11.538,12.290,0.251,0,1701336,868504,167956,5193568,40217.638,29381.169,0,955.126,0,67.220,7980,12590,1.870,1.100,0.600,4,0,149.489,0,0,11,29,0,24,0
19-01 10:07:07,24.490,10.246,64.475,0,0,1564440,1005364,167964,5193596,8927.534,2514.024,0,355.862,0,27.989,3601,3203,1.870,1.100,0.600,1,0,160.938,0,0,11,28,0,23,0
19-01 10:07:08,18.216,1.747,78.106,0.499,0,1552356,1017572,167964,5193600,14394.482,6110.743,0,7478.224,0,437.195,2851,1663,1.870,1.100,0.600,1,0,0,0,0,11,29,0,23,0
19-01 10:07:09,17.241,6.247,75.461,0.250,0.250,1461472,1108444,167976,5193612,10714.415,4005.912,0,991.483,0,71.962,3555,3704,1.870,1.100,0.600,1,0,67.965,0,0,11,28,0,24,0
19-01 10:07:10,18.751,2.000,78.256,0.250,0,1480220,1089692,167976,5193616,10253.795,5481.425,0,40.003,0,4.000,2017,1629,1.870,1.100,0.600,1,0,0,0,0,11,29,0,24,0
19-01 10:07:11,13.782,9.773,75.177,0.251,0,1383960,1185928,167988,5193628,12778.109,4690.051,0,837.974,0,57.135,4474,4328,1.800,1.100,0.600,2,0,213.503,0,0,11,28,0,25,0
19-01 10:07:12,23.006,31.758,44.262,0,0,1398940,1170944,167988,5193632,8073.130,1512.399,0,148.039,0,19.005,6637,5819,1.800,1.100,0.600,5,0,797.210,0,0,11,28,0,25,0
19-01 10:07:13,83.693,15.489,0.999,0,0,1626080,943736,167992,5193680,8336.336,4275.095,0,88851.631,0,262.821,5576,2577,1.800,1.100,0.600,3,0,27.981,0,0,11,30,0,25,0
19-01 10:07:14,77.294,8.505,13.758,0,0,1694104,875500,168000,5193884,44913.724,35978.606,0,1857.064,0,92.053,6858,10165,1.800,1.100,0.600,4,0,0,0,0,11,32,0,25,0
19-01 10:07:15,74.018,19.255,6.001,0.250,0,1600516,968884,168028,5194060,22627.566,14196.492,0,596.147,0,65.016,8216,10447,1.800,1.100,0.600,6,0,311.077,0,0,11,28,0,26,0
19-01 10:07:16,85.739,14.498,0,0,0,1673956,895416,168028,5194088,17860.774,9382.830,0,211.974,0,9.999,5464,3468,2.140,1.180,0.630,6,0,0,0,0,11,30,0,26,0
19-01 10:07:17,84.487,8.249,6.999,0,0,1745080,824152,168028,5194208,40430.995,34491.877,0,627.907,0,11.998,6782,9953,2.140,1.180,0.630,5,0,0,0,0,11,32,0,28,0
19-01 10:07:18,61.325,13.711,23.184,0.249,0,1504280,1064704,168044,5194436,31414.360,23834.988,0,6046.746,0,50.855,8335,11677,2.140,1.180,0.630,3,0,297.152,0,0,11,28,0,31,0
19-01 10:07:19,42.235,6.997,49.982,0.250,0,1582356,986624,168048,5194436,11002.979,3576.693,0,1919.299,0,113.958,3191,1695,2.140,1.180,0.630,1,0,0,0,0,11,29,0,31,0
19-01 10:07:20,31.333,3.259,64.671,0,0,1573988,994688,168052,5194736,25004.083,16848.529,0,244.647,0,23.061,4948,6113,2.140,1.180,0.630,2,0,0,0,0,11,29,0,32,0
19-01 10:07:21,48.255,21.752,29.503,0,0,1515572,1053080,168052,5194760,12746.294,2808.285,0,224.023,0,16.002,5333,3903,2.210,1.210,0.650,3,0,378.038,0,0,11,28,0,33,0
19-01 10:07:22,54.535,6.004,39.275,0,0,1598748,969876,168056,5194784,20921.545,14467.367,0,144.093,0,8.005,4314,3176,2.210,1.210,0.650,2,0,0,0,0,11,31,0,33,0
19-01 10:07:23,50.502,16.751,32.001,0,0,1482764,1085776,168092,5194832,27245.015,17029.634,0,1220.045,0,85.003,7232,9584,2.210,1.210,0.650,4,0,258.010,0,0,11,28,0,32,0
19-01 10:07:24,82.140,9.737,7.740,0,0,1604932,963576,168092,5194864,47709.887,8606.435,0,0,0,0,4734,1714,2.210,1.210,0.650,1,0,0,0,0,11,32,0,32,0
19-01 10:07:25,57.178,6.742,34.956,0.250,0,1610132,958284,168096,5194952,74970.193,31868.125,0,395.505,0,31.960,8732,12244,2.210,1.210,0.650,3,0,0.999,0,0,11,31,0,33,0
19-01 10:07:26,61.892,19.545,17.791,0.251,0,1470100,1098296,168096,5194972,13310.508,4611.570,0,360.827,0,29.067,5404,4599,2.270,1.240,0.660,3,0,324.744,0,0,11,28,0,35,0
19-01 10:07:27,54.259,5.001,40.256,0.250,0,1539860,1028512,168096,5194996,24389.911,14624.345,0,144.023,0,10.002,4160,2988,2.270,1.240,0.660,5,0,0,0,0,11,31,0,32,0
19-01 10:07:28,50.232,18.993,30.489,0,0,1470180,1097928,168116,5195240,29147.285,17393.606,0,1759.353,0,77.971,7434,9620,2.270,1.240,0.660,3,0,298.890,0,0,11,28,0,34,0
19-01 10:07:29,61.363,6.236,31.929,0,0,1552868,1015080,168120,5195396,13603.632,7513.228,0,139.688,0,13.969,3839,1741,2.270,1.240,0.660,0,0,0,0,0,11,31,0,34,0
19-01 10:07:30,49.091,6.512,43.080,0.250,0,1516300,1051300,168152,5195712,30084.639,22494.602,0,2544.706,0,151.280,7557,10028,2.270,1.240,0.660,4,0,37.069,0,0,11,29,0,36,0
19-01 10:07:31,62.292,17.762,19.263,0,0,1540104,1027484,168152,5195724,11088.427,2809.882,0,176.118,0,12.008,4397,2747,2.330,1.270,0.670,3,0,250.168,0,0,11,28,0,33,0
19-01 10:07:32,46.385,5.237,46.883,0.249,0,1597180,970236,168152,5195896,29171.435,21941.420,0,111.722,0,5.985,4867,5498,2.330,1.270,0.670,1,0,0,0,0,11,31,0,33,0
19-01 10:07:33,58.497,13.499,28.499,0,0,1537496,1029872,168172,5195936,14130.296,6970.653,0,543.973,0,43.998,5787,5534,2.330,1.270,0.670,3,0,111.994,0,0,11,28,0,35,0
19-01 10:07:34,53.611,6.263,39.582,0,0,1598648,968700,168172,5195956,19883.027,14020.931,0,188.389,0,9.019,3976,2592,2.330,1.270,0.670,3,0,0,0,0,11,31,0,35,0
19-01 10:07:35,48.283,18.763,31.271,0.250,0,1470832,1096448,168188,5196008,24645.743,14951.157,0,3422.325,0,195.133,7663,9904,2.330,1.270,0.670,7,0,379.258,0,0,11,28,0,37,0
19-01 10:07:36,79.256,20.752,0.250,0,0,1614332,952908,168188,5198456,10109.781,1458.113,0,24.002,0,6.000,5891,8831,2.780,1.390,0.710,9,0,409.032,0,0,11,28,0,37,0
19-01 10:07:37,81.994,17.999,0,0,0.250,1744332,822684,168188,5196232,23919.275,15739.865,0,0,0,0,6423,11463,2.780,1.390,0.710,6,0,364.974,0,0,11,32,0,38,0
19-01 10:07:38,77.004,20.001,3.000,0,0,1712128,854852,168196,5196300,51938.969,42401.424,0,2392.137,0,80.005,8950,11493,2.780,1.390,0.710,5,0,467.027,0,0,11,30,0,39,0
19-01 10:07:39,79.749,19.500,0.250,0,0,1604844,961924,168204,5196504,20112.722,10436.856,0,431.994,0,34.000,6400,5601,2.780,1.390,0.710,5,0,270.996,0,0,11,28,0,36,0
19-01 10:07:40,83.172,9.741,6.494,0,0,1675228,891500,168208,5196568,28809.843,20511.665,0,111.895,0,5.994,5643,4877,2.780,1.390,0.710,5,0,0,0,0,11,32,0,36,0
19-01 10:07:41,68.813,12.261,18.267,0,0.250,1638152,928348,168208,5196792,40639.325,33760.007,0,12.011,0,3.003,8691,13267,2.880,1.430,0.730,5,0,251.231,0,0,11,29,0,40,0
19-01 10:07:42,18.248,19.498,60.994,0,0,1451768,1114668,168208,5196856,16246.270,7149.239,0,19.998,0,4.999,6258,6126,2.880,1.430,0.730,2,0,556.941,0,0,11,28,0,41,0
19-01 10:07:43,57.250,33.250,9.500,0,0,1504348,1062076,168208,5196868,7660.038,1620.008,0,36.000,0,9.000,6090,5336,2.880,1.430,0.730,4,0,794.004,0,0,11,28,0,41,0
19-01 10:07:44,71.404,7.490,20.972,0,0,1616388,949844,168208,5197060,22432.819,18947.508,0,251.661,0,9.987,4593,3858,2.880,1.430,0.730,1,0,0,0,0,11,32,0,41,0
19-01 10:07:45,61.335,15.021,22.531,0,0,1571444,994676,168240,5197140,26552.775,17052.618,0,696.965,0,78.108,7558,10554,2.880,1.430,0.730,4,0,202.280,0,0,11,28,0,45,0
19-01 10:07:46,79.505,12.212,7.726,0,0,1594108,972000,168244,5197148,14030.756,7481.940,0,227.299,0,11.963,4816,2500,2.970,1.470,0.750,3,0,66.794,0,0,11,30,0,45,0
19-01 10:07:47,60.618,6.262,32.564,0,0,1616856,949024,168248,5197364,42170.297,31722.908,0,256.501,0,13.025,8012,11372,2.970,1.470,0.750,1,0,0,0,0,11,32,0,45,0
19-01 10:07:48,53.256,8.501,37.754,0.250,0,1603296,962296,168268,5197628,48250.994,35992.725,0,444.046,0,45.005,11716,18163,2.970,1.470,0.750,4,0,30.003,0,0,11,29,0,45,0
19-01 10:07:49,79.579,16.266,3.503,0,0,1544992,1020584,168276,5197636,12704.574,5605.548,0,320.317,0,31.031,5640,4489,2.970,1.470,0.750,3,0,90.089,0,0,11,29,0,45,0
19-01 10:07:50,64.216,7.246,27.985,0,0,1617128,948392,168276,5197692,34174.749,24755.779,0,183.902,0,9.995,5783,6459,2.970,1.470,0.750,3,0,0,0,0,11,32,0,45,0
19-01 10:07:51,55.012,5.751,39.008,0,0,1616740,948372,168276,5198088,51440.058,40867.785,0,180.039,0,11.002,11735,18986,3.050,1.510,0.760,3,0,0,0,0,11,31,0,46,0
19-01 10:07:52,69.766,20.505,9.002,0,0,1490772,1074312,168280,5198112,21454.871,15146.439,0,156.035,0,9.002,7128,7993,3.050,1.510,0.760,4,0,260.059,0,0,11,28,0,49,0
19-01 10:07:53,72.873,7.986,18.717,0,0,1616776,948232,168288,5198180,24248.770,17066.278,0,155.729,0,7.986,4912,3495,3.050,1.510,0.760,4,0,0,0,0,11,32,0,49,0
19-01 10:07:54,62.068,8.760,28.531,0,0,1608976,955796,168288,5198408,74277.604,31142.214,0,172.189,0,10.011,9676,14198,3.050,1.510,0.760,4,0,34.037,0,0,11,30,0,51,0
19-01 10:07:55,77.560,15.262,6.755,0,0,1540220,1024376,168300,5198568,53720.657,10264.960,0,3566.766,0,162.126,6459,6249,3.050,1.510,0.760,3,0,95.074,0,0,11,29,0,51,0
19-01 10:07:56,68.249,9.000,22.000,0.250,0,1577552,987000,168304,5198572,23135.499,16436.644,0,283.994,0,23.999,5043,4089,2.890,1.510,0.770,2,0,61.999,0,0,11,31,0,50,0
19-01 10:07:57,68.993,12.749,17.248,0,0,1643536,920940,168320,5198624,28062.169,21634.817,0,347.965,0,36.996,6377,10485,2.890,1.510,0.770,3,0,61.994,0,0,11,32,0,51,0
19-01 10:07:58,65.249,10.000,25.000,0,0,1614572,949692,168320,5198836,37156.665,27068.756,0,1491.987,0,14.000,5934,9645,2.890,1.510,0.770,3,0,76.999,0,0,11,32,0,53,0
19-01 10:07:59,71.477,14.245,13.746,0.250,0,1599160,965040,168332,5198884,21378.118,15001.171,0,339.891,0,18.994,5783,6811,2.890,1.510,0.770,4,0,147.952,0,0,11,33,0,55,0
19-01 10:08:00,72.397,10.485,16.477,0.250,0,1638136,925892,168340,5199048,26613.129,16205.939,0,1965.203,0,166.763,5832,5604,2.890,1.510,0.770,4,0,38.945,0,0,11,34,0,55,0
19-01 10:08:01,72.871,9.766,18.030,0,0,1606280,957672,168348,5199112,23281.541,17224.514,0,300.497,0,28.046,6071,7689,3.060,1.560,0.790,3,0,34.056,0,0,11,33,1,57,0
19-01 10:08:02,59.764,13.003,26.006,0,0.250,1538612,1025300,168352,5199148,25581.803,15800.584,0,352.080,0,31.007,6020,5639,3.060,1.560,0.790,3,0,159.036,0,0,11,33,0,59,0
19-01 10:08:03,52.971,11.494,34.731,0.250,0,1582976,980928,168352,5199156,19389.289,8632.231,0,255.859,0,22.987,4528,3394,3.060,1.560,0.790,2,0,104.942,0,0,11,33,0,60,0
19-01 10:08:04,50.863,10.472,37.648,0,0,1570764,992948,168352,5199360,24821.067,18236.822,0,223.398,0,17.952,6066,7058,3.060,1.560,0.790,2,0,95.742,0,0,11,34,0,59,0
19-01 10:08:05,54.396,9.275,35.846,0,0,1468860,1094696,168352,5199512,19413.930,13333.666,0,200.536,0,9.024,5581,6548,3.060,1.560,0.790,3,0,67.180,0,0,11,33,0,61,0
19-01 10:08:06,56.779,8.754,34.267,0,0,1551396,1011940,168356,5199720,21610.980,12743.475,0,216.110,0,15.008,4556,4286,3.130,1.600,0.810,3,0,34.017,0,0,11,33,0,62,0
19-01 10:08:07,33.167,5.237,60.350,0,0,1475332,1087948,168360,5199772,23789.797,17524.389,0,299.255,0,21.945,5488,6974,3.130,1.600,0.810,1,0,72.819,0,0,11,33,0,63,0
19-01 10:08:08,35.577,11.024,52.113,0.251,0,1459540,1103716,168368,5199788,14209.911,4186.106,0,236.514,0,22.048,4630,3946,3.130,1.600,0.810,2,0,134.292,0,0,11,32,0,58,0
19-01 10:08:09,34.901,3.739,60.329,0,0,1487480,1075760,168368,5199804,21002.520,13963.455,0,514.543,0,42.879,3739,3525,3.130,1.600,0.810,1,0,0,0,0,11,34,0,58,0
19-01 10:08:10,37.315,9.767,52.842,0,0,1486076,1076976,168380,5199976,15852.655,6565.454,0,252.440,0,17.030,4953,4914,3.130,1.600,0.810,3,0,125.218,0,0,11,32,0,60,0
19-01 10:08:11,37.955,5.993,54.934,0.250,0,1559292,1003712,168388,5200008,14224.961,6935.692,0,231.722,0,18.977,2961,2150,3.040,1.610,0.810,1,0,12.984,0,0,11,33,0,60,0
19-01 10:08:12,33.748,7.249,57.996,0,0,1524556,1038424,168388,5200032,17011.815,11904.170,0,231.984,0,19.999,4699,5153,3.040,1.610,0.810,1,0,59.996,0,0,11,33,0,59,0
19-01 10:08:13,37.832,6.013,56.121,0,0,1545920,1017040,168392,5200048,13029.191,7798.874,0,236.512,0,22.048,3432,2728,3.040,1.610,0.810,2,0,5.011,0,0,11,33,0,60,0
19-01 10:08:14,35.925,5.489,56.632,0,0,1502784,1060148,168392,5200076,21367.629,13094.808,0,231.519,0,9.979,5300,5477,3.040,1.610,0.810,2,0,42.911,0,0,11,33,0,61,0
19-01 10:08:15,36.748,7.749,54.746,0.250,0,1499176,1063716,168396,5200108,14615.019,7451.500,0,299.980,0,27.998,4134,4213,3.040,1.610,0.810,1,0,6.000,0,0,11,32,1,62,0
19-01 10:08:16,35.251,4.500,59.752,0,0,1511124,1051580,168400,5200292,20968.870,13294.552,0,148.006,0,8.000,4023,4141,2.960,1.620,0.820,1,0,0,0,0,11,34,0,61,0
19-01 10:08:17,25.741,12.245,60.228,0.250,0,1477152,1085444,168416,5200384,18273.284,11845.646,0,407.850,0,33.988,6297,7050,2.960,1.620,0.820,1,0,276.898,0,0,11,32,0,63,0
19-01 10:08:18,21.752,4.000,73.507,0,0,1458564,1104032,168416,5200384,8643.781,1458.132,0,172.016,0,13.001,1956,1416,2.960,1.620,0.820,1,0,5.000,0,0,11,32,0,63,0
19-01 10:08:19,15.740,1.749,80.449,0,0,1467500,1095080,168420,5200396,15859.871,9800.741,0,143.908,0,7.995,2514,2823,2.960,1.620,0.820,0,0,0,0,0,11,33,0,63,0
19-01 10:08:20,13.007,12.256,74.037,0.250,0,1453088,1109464,168424,5200416,8552.276,4006.003,0,280.140,0,29.015,4677,4258,2.960,1.620,0.820,1,0,284.142,0,0,11,32,0,58,0
19-01 10:08:21,21.734,3.997,72.946,0,0,1482488,1080056,168428,5200416,8864.388,1618.793,0,211.842,0,11.991,1913,1405,2.800,1.610,0.820,1,0,0,0,0,11,32,0,58,0
19-01 10:08:22,15.549,2.759,80.754,0.251,0,1473596,1088916,168436,5200436,18584.425,11633.573,0,1865.866,0,96.303,3449,4257,2.800,1.610,0.820,2,0,0,0,0,11,33,0,58,0
19-01 10:08:23,19.437,5.981,73.013,0,0,1473840,1088660,168444,5200440,8619.038,2432.110,0,163.470,0,13.955,2530,1985,2.800,1.610,0.820,2,0,45.851,0,0,11,32,0,59,0
19-01 10:08:24,18.008,2.251,78.534,0,0,1489292,1073196,168444,5200448,49440.561,7225.151,0,36.016,0,4.002,2005,1519,2.800,1.610,0.820,1,0,0,0,0,11,33,0,59,0
19-01 10:08:25,18.265,2.502,78.066,0.250,0,1466904,1095420,168444,5200612,52252.277,10078.540,0,188.159,0,21.018,4624,6216,2.800,1.610,0.820,1,0,1.001,0,0,11,32,0,57,0
19-01 10:08:26,9.518,23.795,65.123,0,0,1428952,1133216,168444,5200768,9137.227,1460.754,0,168.317,0,12.023,6398,4825,2.740,1.610,0.830,3,0,559.054,0,0,11,34,0,57,0
19-01 10:08:27,43.153,7.982,48.890,0,0,1503524,1058448,168480,5200924,9433.817,1616.371,0,3248.705,0,154.653,3767,2316,2.740,1.610,0.830,2,0,67.848,0,0,11,32,0,59,0
19-01 10:08:28,40.819,6.511,47.079,5.509,0,1558312,997760,169052,5205748,5569.378,1622.733,0,14740.823,0,1416.385,10439,13357,2.740,1.610,0.830,3,0,68.115,0,0,11,36,0,59,0
19-01 10:08:29,38.691,8.487,41.437,9.236,0,1533068,1018564,169744,5209296,9347.736,1617.532,0,48254.365,0,4232.541,23308,32586,2.740,1.610,0.830,2,0,96.852,0,0,11,36,0,54,0
19-01 10:08:30,42.741,7.498,44.491,3.499,0,1517868,1033948,169972,5208876,6143.717,1619.662,0,20339.753,0,1527.681,10174,12405,2.740,1.610,0.830,3,0,12.997,0,0,11,32,0,54,0
19-01 10:08:31,43.124,6.017,47.386,2.758,0,1542340,1009204,170084,5209036,7183.646,1624.669,0,5070.573,0,799.297,8487,9988,2.680,1.620,0.830,4,1,2.006,0,0,11,34,0,54,0
19-01 10:08:32,37.750,10.250,45.000,6.500,0,1508324,1042228,170704,5209392,9164.942,1713.989,0,17347.889,0,2158.986,16591,21468,2.680,1.620,0.830,2,0,97.999,0,0,11,32,0,54,0
19-01 10:08:33,22.964,3.495,71.388,0.998,0,1438968,1111400,170860,5209416,8510.703,1617.473,0,12740.095,0,663.963,3649,4266,2.680,1.620,0.830,1,0,2.995,0,0,11,32,0,50,0
19-01 10:08:34,22.471,2.497,73.156,0.250,0,1486852,1063512,170864,5209416,11011.825,1617.917,0,1150.519,0,71.907,2134,1604,2.680,1.620,0.830,1,0,1.997,0,0,11,32,0,50,0
19-01 10:08:35,23.495,2.999,72.986,0,0,1449704,1100632,170868,5209440,7318.595,1457.720,0,135.974,0,15.997,1995,1431,2.680,1.620,0.830,2,0,2.000,0,0,11,32,0,50,0
19-01 10:08:36,22.986,3.998,72.455,0.500,0,1468668,1081400,170868,5209752,8557.730,1619.003,315.806,31.980,2.998,2.998,1978,1404,2.540,1.610,0.830,2,0,4.997,0,0,11,32,0,50,0
19-01 10:08:37,27.265,6.504,65.286,0,0,1476964,1073084,170868,5209764,10799.898,1620.885,0,0,0,0,2986,7540,2.540,1.610,0.830,2,0,37.020,0,0,11,32,0,47,0
19-01 10:08:38,22.492,2.499,73.724,0,0,1509616,1040432,170876,5209756,9871.508,1619.427,0,0,0,0,1759,1141,2.540,1.610,0.830,1,0,1.999,0,0,11,32,0,47,0
19-01 10:08:39,22.500,3.000,73.501,0,0,1459756,1090212,170876,5209836,8737.140,1620.026,0,4.000,0,1.000,1786,1260,2.540,1.610,0.830,1,0,1.000,0,0,11,32,0,47,0
19-01 10:08:40,22.228,3.496,74.175,0,0,1500200,1049768,170876,5209836,8319.627,1618.371,0,3.996,0,0.999,1714,1076,2.540,1.610,0.830,1,0,1.998,0,0,11,32,0,47,0
19-01 10:08:41,22.016,4.753,73.052,0.250,0,1454488,1095332,170876,5209944,8735.172,1621.145,0,496.351,0,40.028,2100,1743,2.420,1.600,0.840,1,0,1.001,0,0,11,32,0,45,0
19-01 10:08:42,22.276,3.504,73.837,0,0,1442128,1107680,170884,5209948,7295.559,1621.903,0,556.653,0,69.081,1869,1328,2.420,1.600,0.840,1,0,1.001,0,0,11,32,0,45,0
19-01 10:08:43,22.495,2.749,73.483,0,0,1497648,1052152,170884,5209956,6159.549,1619.618,0,35.992,0,3.999,1706,1106,2.420,1.600,0.840,2,0,2.000,0,0,11,32,0,45,0
19-01 10:08:44,21.995,3.999,73.983,0,0,1472080,1077700,170888,5209972,5811.677,1457.668,0,0,0,0,1862,1394,2.420,1.600,0.840,1,0,1.000,0,0,11,32,0,45,0
19-01 10:08:45,22.267,3.503,73.057,0.250,0,1499412,1050336,170888,5210004,9441.313,1621.256,0,1833.420,0,208.161,2284,1403,2.420,1.600,0.840,1,0,2.002,0,0,11,32,0,39,0
19-01 10:08:46,22.228,3.496,73.676,0,0,1532696,1017052,170888,5210004,8828.107,1618.370,0,0,0,0,1813,1192,2.310,1.590,0.840,2,0,1.998,0,0,11,32,0,39,0
19-01 10:08:47,13.267,15.019,70.591,0,0,1492472,1057124,170888,5210152,8957.580,1622.097,0,352.456,0,4.005,4807,3483,2.310,1.590,0.840,2,0,321.416,0,0,11,32,0,39,0
19-01 10:08:48,8.013,21.784,69.108,0,0,1465108,1084428,170888,5210188,7447.622,1622.532,0,881.375,0,13.020,6170,4764,2.310,1.590,0.840,1,0,468.731,0,0,11,32,0,39,0
19-01 10:08:49,8.248,21.494,69.732,0,0,1442504,1106992,170888,5210228,9125.658,1619.584,0,175.955,0,1.999,6268,4837,2.310,1.590,0.840,2,0,477.877,0,0,11,32,0,37,0
19-01 10:08:50,18.701,7.231,72.312,0,0,1487028,1062460,170888,5210236,7149.416,1615.800,0,339.119,0,3.990,2835,2050,2.310,1.590,0.840,1,0,105.725,0,0,11,32,0,37,0
19-01 10:08:51,22.744,2.999,73.729,0,0,1514712,1034796,170892,5210224,6343.211,1619.543,0,187.947,0,13.996,1921,1379,2.200,1.580,0.840,1,0,1.999,0,0,11,32,0,37,0
19-01 10:08:52,22.479,2.997,73.183,0.250,0,1472880,1076588,170916,5210240,6000.523,1618.523,0,423.613,0,26.975,1900,1398,2.200,1.580,0.840,1,0,0.999,0,0,11,32,0,37,0
19-01 10:08:53,22.517,3.753,73.305,0,0,1496548,1052940,170916,5210220,8945.740,1459.099,0,528.398,0,90.068,1944,1143,2.200,1.580,0.840,1,0,2.002,0,0,11,32,0,33,0
19-01 10:08:54,22.008,3.501,74.027,0,0,1455852,1093616,170916,5210240,41838.112,1620.585,0,0,0,0,1860,1299,2.200,1.580,0.840,1,0,1.000,0,0,11,32,0,33,0
19-01 10:08:55,22.510,3.502,73.532,0,0,1446892,1102576,170916,5210240,43679.995,1620.705,0,12.005,0,1.000,1802,1096,2.200,1.580,0.840,1,0,4.002,0,0,11,32,0,33,0
19-01 10:08:56,22.000,3.500,73.750,0,0,1506160,1043308,170916,5210240,7081.995,1619.999,0,0,0,0,1766,1202,2.100,1.570,0.840,1,0,0,0,0,11,32,0,33,0
19-01 10:08:57,23.004,2.750,73.761,0,0,1498792,1050688,170916,5210228,9305.429,1620.249,0,24.004,0,2.000,1843,1214,2.100,1.570,0.840,1,0,3.000,0,0,11,32,0,29,0
19-01 10:08:58,21.238,3.998,73.958,0,0,1553324,996156,170916,5210228,7859.490,1661.047,0,0,0,0,1769,1223,2.100,1.570,0.840,1,0,1.999,0,0,11,32,0,29,0
19-01 10:08:59,22.489,3.248,73.716,0,0,1523004,1026460,170916,5210244,6423.994,1619.242,0,55.974,0,2.999,1679,1124,2.100,1.570,0.840,1,0,1.000,0,0,11,32,0,29,0
19-01 10:09:00,22.522,3.253,73.822,0,0,1522172,1027312,170916,5210220,11989.636,1621.574,0,2090.028,0,10.010,1885,1234,2.100,1.570,0.840,1,0,2.002,0,0,11,32,0,29,0
19-01 10:09:01,23.013,3.002,73.543,0,0,1498520,1051016,170920,5210164,7327.284,1458.853,0,228.133,0,11.006,1866,1441,2.020,1.560,0.840,1,0,1.001,0,0,11,32,0,22,0
19-01 10:09:02,21.977,3.746,73.673,0.250,0,1521680,1027840,170936,5210164,7296.351,1618.303,0,287.698,0,17.981,1773,1229,2.020,1.560,0.840,3,0,1.998,0,0,11,32,0,22,0
19-01 10:09:03,22.507,3.751,72.772,0.250,0,1491188,1058224,170936,5210252,9198.761,1620.486,0,304.091,0,39.012,1955,1235,2.020,1.560,0.840,2,0,7.002,0,0,11,32,0,22,0
19-01 10:09:04,22.498,3.750,73.744,0,0,1470700,1078712,170936,5210252,6978.449,1619.872,0,11.999,0,1.000,1773,1200,2.020,1.560,0.840,3,0,1.000,0,0,11,32,0,22,0
19-01 10:09:05,22.292,3.507,73.640,0,0,1476048,1073384,170936,5210232,10350.682,1623.086,0,0,0,0,1888,1302,2.020,1.560,0.840,2,0,3.006,0,0,11,32,0,16,0
19-01 10:09:06,22.221,3.246,73.653,0,0,1464688,1084720,170936,5210252,7167.512,1617.858,0,19.974,0,0.999,1738,1169,1.930,1.550,0.840,2,0,0.999,0,0,11,32,0,16,0
19-01 10:09:07,22.240,2.999,73.716,0,0,1479672,1069736,170936,5210252,5826.339,1619.260,0,19.991,0,1.000,1750,1213,1.930,1.550,0.840,2,0,1.000,0,0,11,32,0,16,0
19-01 10:09:08,22.247,3.750,73.741,0,0,1529992,1019424,170936,5210244,8556.979,1619.807,0,0,0,0,1712,1177,1.930,1.550,0.840,2,0,0,0,0,11,32,0,16,0
19-01 10:09:09,20.318,6.271,72.994,0,0,1514112,1035276,170936,5210272,8942.839,1462.881,0,88.295,0,5.017,2561,1748,1.930,1.550,0.840,3,0,85.285,0,0,11,32,0,16,0
19-01 10:09:10,12.458,16.943,69.767,0,0,1481896,1067456,170936,5210308,6209.285,1614.613,0,203.322,0,8.970,5110,3948,1.930,1.550,0.840,1,0,375.746,0,0,11,32,0,13,0
19-01 10:09:11,23.253,2.750,73.260,0,0,1509092,1040240,170936,5210328,8793.160,1620.214,0,200.026,0,10.001,1888,1384,1.860,1.540,0.840,2,0,0,0,0,11,32,0,13,0
19-01 10:09:12,22.734,2.748,73.697,0,0,1462756,1086292,170940,5210572,8724.670,1618.826,0,451.672,0,20.985,1899,1286,1.860,1.540,0.840,1,0,8.993,0,0,11,32,0,13,0
19-01 10:09:13,23.257,2.751,73.773,0,0,1493896,1055148,170944,5210572,9280.849,1620.497,0,36.011,0,4.001,1666,1036,1.860,1.540,0.840,2,0,0,0,0,11,32,0,13,0
19-01 10:09:14,8.756,21.764,67.044,0.500,0,1457140,1091756,170944,5210716,6853.548,1621.076,40.027,252.167,2.001,38.025,6000,4413,1.860,1.540,0.840,1,0,442.294,0,0,11,32,0,9,0
19-01 10:09:15,7.515,22.794,68.884,0,0,1455432,1093432,170944,5210744,5996.672,1623.159,0,276.538,0,7.014,6168,4741,1.860,1.540,0.840,1,0,482.940,0,0,11,32,0,9,0
19-01 10:09:16,9.249,21.998,67.744,0,0,1455176,1093616,170944,5210812,8779.203,1619.853,0,375.966,0,5.999,6491,5037,1.870,1.550,0.850,1,0,532.952,0,0,11,32,0,9,0
19-01 10:09:17,7.757,23.271,67.560,0,0,1435944,1112816,170944,5210840,6882.112,1459.296,0,1281.138,0,14.012,6394,4969,1.870,1.550,0.850,1,0,540.480,0,0,11,32,0,9,0
19-01 10:09:18,8.501,23.002,68.506,0,0,1413200,1135532,170948,5210864,10768.891,1620.134,0,1408.117,0,16.001,6482,4941,1.870,1.550,0.850,3,0,540.045,0,0,11,32,0,5,0
19-01 10:09:19,8.483,19.959,69.609,0,0,1393780,1154916,170948,5210896,7554.649,1658.630,0,582.816,0,32.933,6126,4573,1.870,1.550,0.850,1,0,444.098,0,0,11,32,0,5,0
19-01 10:09:20,7.766,22.045,69.391,0,0,1376692,1171972,170948,5210928,9227.778,1623.303,0,196.400,0,7.014,6087,4503,1.870,1.550,0.850,1,0,440.897,0,0,11,32,0,5,0
19-01 10:09:21,8.742,21.481,68.440,0,0,1372836,1175792,170952,5210964,10174.146,1618.591,0,739.357,0,73.936,6427,4889,1.800,1.540,0.850,1,0,475.586,0,0,11,32,0,5,0
19-01 10:09:22,9.256,20.764,69.047,0,0,1327248,1221328,170964,5210996,7952.374,1621.095,0,364.246,0,24.016,6258,4958,1.800,1.540,0.850,2,0,485.328,0,0,11,32,0,4,0
19-01 10:09:23,36.262,28.760,33.761,0.500,0,1396136,1152388,170968,5211044,6098.064,1662.563,0,948.321,0,61.021,7280,6712,1.800,1.540,0.850,5,0,767.260,0,0,11,32,0,10,0
19-01 10:09:24,65.874,9.981,24.453,0,0,1610540,936924,171028,5212004,46006.660,1616.895,0,411.210,0,8.983,3839,1739,1.800,1.540,0.850,4,0,1.996,0,0,11,32,0,10,0
19-01 10:09:25,52.591,9.266,27.047,10.268,0,1625644,909872,172100,5221640,44418.854,1622.808,372.645,56569.878,3.005,3978.884,20872,30022,1.800,1.540,0.850,3,1,97.168,0,0,11,36,0,12,0
19-01 10:09:26,38.498,12.499,31.248,14.249,0.250,1663284,860732,172544,5232320,9263.489,1527.916,0,77751.710,0,5598.691,27801,40460,2.380,1.660,0.890,3,1,152.992,0,0,11,36,0,11,0
19-01 10:09:27,41.000,10.250,31.250,15.000,0,1683032,830800,173116,5241604,13865.963,6726.982,0,88599.766,0,6602.983,28810,42866,2.380,1.660,0.890,4,0,54.000,0,0,11,37,0,11,0
19-01 10:09:28,42.482,14.744,30.737,10.246,0,1578084,928604,173692,5247896,12969.594,5857.559,0,55272.963,0,4138.275,22298,32325,2.380,1.660,0.890,3,0,251.895,0,0,11,34,0,12,0
19-01 10:09:29,40.005,15.252,23.503,19.753,0,1585952,912456,173972,5255968,7055.963,1620.221,372.051,55031.513,6.001,3938.538,19346,30299,2.380,1.660,0.890,3,0,169.023,0,0,11,34,0,12,0
19-01 10:09:30,40.012,15.505,31.760,11.253,0,1597172,896692,174168,5259712,16176.969,9894.039,528.162,48874.013,7.002,3673.128,20599,31991,2.380,1.660,0.890,8,1,142.044,0,0,11,35,0,10,0
19-01 10:09:31,35.499,14.750,35.749,13.250,0,1604176,886388,174364,5262708,17759.501,12152.658,1271.964,47336.670,27.999,3974.888,22920,34164,2.670,1.740,0.920,4,0,203.994,0,0,11,35,0,10,0
19-01 10:09:32,35.739,9.997,42.237,9.497,0,1560120,930520,174752,5262220,11334.467,2384.257,0,49704.506,0,4194.692,20084,31771,2.670,1.740,0.920,2,1,53.983,0,0,11,34,0,10,0
19-01 10:09:33,34.493,6.749,44.741,11.498,0,1566724,922708,175068,5263112,12394.595,6659.708,0,51406.027,0,4435.140,22100,32075,2.670,1.740,0.920,2,0,42.992,0,0,11,35,0,10,0
19-01 10:09:34,32.239,7.747,46.234,11.246,0,1558100,929324,175140,5265028,20539.712,11476.928,0,56595.918,0,4673.342,24224,36862,2.670,1.740,0.920,3,0,35.987,0,0,11,35,0,10,0
19-01 10:09:35,36.526,10.257,41.280,10.508,0.250,1507728,977460,175232,5267112,13466.687,6913.973,0,44299.866,0,3823.750,20844,30811,2.670,1.740,0.920,1,1,120.086,0,0,11,36,0,11,0
19-01 10:09:36,37.504,8.001,40.254,12.251,0,1546308,935156,175420,5270552,9934.075,2308.250,0,57594.233,0,4867.527,23460,33871,2.850,1.790,0.940,2,0,57.006,0,0,11,37,0,11,0
19-01 10:09:37,34.746,9.499,44.745,10.249,0,1545384,933304,175540,5273132,17304.020,10376.813,0,54617.750,0,4544.480,22856,44007,2.850,1.790,0.940,2,0,83.990,0,0,11,37,0,12,0
19-01 10:09:38,31.253,7.501,46.755,12.001,0,1542880,932296,175620,5276440,18396.054,11574.292,0,58714.556,0,4879.545,26042,38722,2.850,1.790,0.940,3,0,99.011,0,0,11,36,0,11,0
19-01 10:09:39,36.638,10.219,40.626,10.966,0,1514396,958496,175656,5278624,7254.833,1615.065,0,43917.813,0,4013.736,21724,30839,2.850,1.790,0.940,3,1,74.772,0,0,11,36,0,11,0
19-01 10:09:40,33.856,7.022,45.392,12.038,0,1541772,936584,175752,5273068,15139.326,7309.851,0,49992.277,0,4498.061,20958,34955,2.850,1.790,0.940,6,0,21.066,0,0,11,37,0,11,0
19-01 10:09:41,32.998,8.500,51.997,4.750,0,1469116,1008880,175784,5273396,19020.983,13388.284,0,29282.434,0,2271.878,13919,20519,2.870,1.810,0.950,2,1,126.993,0,0,11,33,0,13,0
19-01 10:09:42,20.005,9.752,68.766,0.500,0.250,1430928,1047000,175788,5273452,12561.878,4528.038,0,5241.201,0,288.066,4421,4670,2.870,1.810,0.950,1,0,158.036,0,0,11,32,0,14,0
19-01 10:09:43,18.688,2.243,77.743,0.249,0,1439200,1038724,175788,5273456,13397.742,6639.069,0,928.931,0,53.822,2083,1870,2.870,1.810,0.950,1,0,0,0,0,11,33,0,14,0
19-01 10:09:44,18.311,4.766,75.253,0,0,1419980,1057928,175788,5273472,13140.106,5226.544,0,489.644,0,27.091,3295,3443,2.870,1.810,0.950,2,0,34.115,0,0,11,32,0,15,0
19-01 10:09:45,19.682,2.741,77.235,0,0,1433952,1043948,175792,5273476,9168.533,3577.721,0,470.386,0,30.894,1757,1235,2.870,1.810,0.950,1,0,0.997,0,0,11,33,0,15,0
19-01 10:09:46,16.539,5.012,76.431,0.752,0,1402760,1075128,175796,5273484,11870.037,6386.084,0,3035.169,0,170.402,3434,3544,2.640,1.780,0.950,1,0,60.142,0,0,11,32,0,16,0
19-01 10:09:47,21.448,4.240,73.823,0,0,1465612,1012272,175796,5273488,8913.597,1616.119,0,0,0,0,1741,1114,2.640,1.780,0.950,1,0,0,0,0,11,32,0,16,0
19-01 10:09:48,16.265,2.252,81.327,0,0,1466916,1010608,175796,5273844,17956.014,11348.753,0,0,0,0,3049,3584,2.640,1.780,0.950,1,0,0,0,0,11,33,0,16,0
19-01 10:09:49,20.244,4.998,72.727,0,0,1429720,1047784,175796,5273864,8014.451,2391.239,0,95.969,0,10.997,2587,2175,2.640,1.780,0.950,1,0,42.986,0,0,11,32,0,17,0
19-01 10:09:50,18.252,2.500,79.009,0,0,1442068,1035304,175796,5273996,14942.785,7397.884,0,144.017,0,9.001,2003,1729,2.640,1.780,0.950,1,0,0,0,0,11,33,0,17,0
19-01 10:09:51,13.762,7.256,77.316,0,0,1428056,1049256,175796,5274056,13671.631,6679.683,0,288.245,0,24.020,4437,4655,2.510,1.770,0.950,1,0,121.103,0,0,11,32,0,18,0
19-01 10:09:52,11.772,24.295,62.616,0,0,1410976,1066204,175796,5274188,11824.857,1460.700,0,705.304,0,67.124,6865,5443,2.510,1.770,0.950,4,0,626.157,0,0,11,32,0,20,0
19-01 10:09:53,65.012,9.715,24.660,0.249,0,1516468,960352,175816,5274528,10959.959,1614.103,0,769.190,0,51.811,4396,2584,2.510,1.770,0.950,3,0,53.803,0,0,11,32,0,24,0
19-01 10:09:54,66.759,8.751,24.253,0,0,1675992,797840,175936,5277200,41529.516,1620.215,0,3256.433,0,103.014,4110,1849,2.510,1.770,0.950,4,0,0,0,0,11,32,0,24,0
19-01 10:09:55,62.668,6.768,27.574,3.008,0,1779956,687212,176076,5283180,44768.824,1666.460,0,19728.804,0,1238.314,9272,9935,2.510,1.770,0.950,6,1,61.164,0,0,11,38,0,24,0
19-01 10:09:56,35.004,10.501,39.754,12.751,0,1781036,672104,176176,5296616,10379.047,1620.163,0,102338.322,0,7484.755,33922,53161,2.950,1.870,0.990,4,0,237.024,0,0,11,38,0,24,0
19-01 10:09:57,37.236,9.496,38.236,12.495,0,1780736,663284,176244,5305380,11417.675,1619.387,0,91673.275,0,7024.339,34844,55591,2.950,1.870,0.990,1,1,206.922,0,0,11,38,0,24,0
19-01 10:09:58,42.470,11.242,31.228,12.241,0,1726268,708028,176324,5314700,10055.827,1618.845,0,88508.869,0,6231.555,27663,43127,2.950,1.870,0.990,3,1,245.825,0,0,11,36,0,24,0
19-01 10:09:59,46.785,9.757,28.772,12.009,0,1776352,649460,176340,5322876,8239.220,1621.224,0,81849.790,0,5632.252,26037,38194,2.950,1.870,0.990,2,1,76.057,0,0,11,36,0,24,0
19-01 10:10:00,41.514,9.753,33.262,13.505,0,1823456,588156,176344,5336496,10647.685,1620.561,0,91751.755,0,6071.101,28101,41981,2.950,1.870,0.990,5,1,17.006,0,0,11,38,0,24,0
19-01 10:10:01,37.268,10.005,37.768,12.506,0,1737488,670324,176344,5340180,9940.672,1458.686,0,85672.266,0,6408.012,29260,44495,3.030,1.910,1,2,1,177.083,0,0,11,36,0,24,0
19-01 10:10:02,31.905,12.463,51.347,2.991,0,1506712,900684,176344,5340576,6310.194,1615.186,0,26389.353,0,1739.815,10689,12694,3.030,1.910,1,1,0,263.216,0,0,11,32,0,24,0
19-01 10:10:03,23.262,3.502,72.038,0.250,0,1547500,859864,176344,5340576,9280.946,1620.864,0,1000.533,0,55.029,2181,1535,3.030,1.910,1,1,0,7.004,0,0,11,32,0,24,0
19-01 10:10:04,23.479,2.997,71.937,0.749,0,1592628,814728,176344,5340584,7730.225,1618.581,0,5071.555,0,288.747,2845,2593,3.030,1.910,1,1,0,1.998,0,0,11,34,0,24,0
19-01 10:10:05,22.765,4.003,71.798,0.500,0,1450036,957312,176344,5340592,8163.460,1621.084,0,7172.797,0,350.234,3677,3394,3.030,1.910,1,1,0,28.019,0,0,11,32,0,24,0
19-01 10:10:06,22.505,3.751,73.016,0.750,0,1506612,900736,176344,5340592,8977.960,1620.354,0,3532.771,0,179.039,2279,1882,2.870,1.890,1,1,0,1.000,0,0,11,32,0,24,0
19-01 10:10:07,23.801,2.004,73.156,0.251,0,1548992,858352,176344,5340592,9357.995,1623.469,0,1615.452,0,131.281,2279,1831,2.870,1.890,1,1,0,2.004,0,0,11,34,0,24,0
19-01 10:10:08,16.258,27.263,56.028,0,0,1420008,987168,176344,5340756,8255.083,1512.748,0,504.249,0,40.020,6417,5712,2.870,1.890,1,4,0,772.382,0,0,11,32,0,24,0
19-01 10:10:09,10.243,28.231,60.459,0,0,1406892,1000228,176344,5340808,6423.657,1618.905,0,223.849,0,21.985,7031,5891,2.870,1.890,1,2,0,769.480,0,0,11,32,0,24,0
19-01 10:10:10,8.985,21.214,68.883,0.250,0,1400940,1006100,176344,5340884,6713.594,1563.344,0,231.607,0,13.976,6181,4651,2.870,1.890,1,1,0,443.247,0,0,11,32,0,24,0
19-01 10:10:11,8.767,21.291,69.134,0,0,1387308,1019692,176344,5340920,8746.976,1623.150,0,32.062,0,8.016,5935,4414,2.640,1.860,1,1,0,385.749,0,0,11,32,0,24,0
19-01 10:10:12,17.949,14.708,65.811,0,0,1375912,1031060,176344,5341284,7698.928,1615.369,0,450.708,0,6.980,5933,6728,2.640,1.860,1,1,0,251.280,0,0,11,32,0,24,0
19-01 10:10:13,42.621,11.031,44.877,0.251,0,1480976,925980,176352,5341392,8773.869,1624.605,0,1063.013,0,135.384,4274,2713,2.640,1.860,1,3,0,131.372,0,0,11,33,0,24,0
19-01 10:10:14,43.873,6.731,48.859,0,0,1569308,837528,176352,5341516,7850.365,1615.342,0,103.701,0,1.994,2686,1275,2.640,1.860,1,2,0,0,0,0,11,33,0,24,0
19-01 10:10:15,45.992,5.249,47.742,0,0,1630236,775020,176420,5342844,9103.501,1619.733,3.999,2159.644,1.000,228.962,4309,3261,2.640,1.860,1,3,0,19.997,0,0,11,49,0,24,0
19-01 10:10:16,27.817,13.031,57.890,0,0,1643044,759188,176428,5345584,9299.410,1515.652,0,272.657,0,8.019,5677,8221,2.590,1.860,1,3,0,204.493,0,0,11,48,0,24,0
19-01 10:10:17,18.253,15.752,64.760,0,0,1656516,745652,176428,5345596,7294.146,1620.255,0,316.050,0,21.003,6119,7442,2.590,1.860,1,2,0,273.043,0,0,11,48,0,24,0
19-01 10:10:18,0.997,0.997,96.988,0.499,0,1656516,745652,176428,5345596,10820.730,1657.516,0,303.180,0,18.949,985,1219,2.590,1.860,1,1,0,18.949,0,0,11,48,0,24,0
19-01 10:10:19,0.750,1.001,97.810,0,0,1655596,746568,176428,5345600,9322.760,1608.994,0,36.022,0,4.002,708,924,2.590,1.860,1,0,0,3.002,0,0,11,48,0,24,0
19-01 10:10:20,0.250,0.250,98.211,0,0,1654232,747932,176428,5345600,8258.706,1619.354,0,0,0,0,714,897,2.590,1.860,1,0,0,2.999,0,0,11,48,0,24,0
19-01 10:10:21,0.250,0.750,98.275,0,0,1652824,749340,176428,5345600,9273.356,1620.412,0,4.001,0,1.000,659,887,2.380,1.830,1,0,0,1.000,0,0,11,48,0,24,0
19-01 10:10:22,12.012,10.260,77.074,0.250,0,1644032,758148,176428,5345692,7955.661,1621.562,0,612.590,0,74.071,4432,4816,2.380,1.830,1,4,0,201.194,0,0,11,48,0,24,0
19-01 10:10:23,15.252,14.501,69.007,0,0,1701828,700336,176428,5345608,10766.111,1620.167,0,4.000,0,1.000,5344,5930,2.380,1.830,1,3,0,258.027,0,0,11,48,0,20,0
19-01 10:10:24,15.735,18.732,64.438,0,0,1684012,718072,176428,5345756,45129.263,1940.120,0,0,0,0,6216,6035,2.380,1.830,1,0,0,342.668,0,0,12,48,0,20,0
19-01 10:10:25,16.737,12.990,68.947,0.250,0,1667168,734804,176428,5345792,42918.065,1618.758,0,5591.709,0,402.691,6122,6943,2.380,1.830,1,1,0,258.801,0,0,12,64,0,20,0
19-01 10:10:26,6.274,9.788,82.321,0,0,1655156,746808,176428,5346144,10492.957,1626.348,0,0,0,0,4078,4198,2.190,1.800,0.990,2,0,179.701,0,0,14,64,0,20,0
19-01 10:10:27,17.244,13.745,68.227,0,0,1660388,741492,176428,5345844,7871.350,1565.473,0,2531.148,0,31.989,4809,5440,2.190,1.800,0.990,1,0,208.930,0,0,14,66,0,16,0
19-01 10:10:28,8.483,20.957,69.607,0.249,0,1642468,759356,176432,5345876,6652.326,1616.677,0,371.237,0,26.945,6098,4661,2.190,1.800,0.990,1,0,409.159,0,0,14,66,0,16,0
19-01 10:10:29,15.035,18.794,64.650,0,0,1652668,749112,176432,5346348,8580.895,1623.765,0,36.084,0,9.021,7196,8432,2.190,1.800,0.990,3,0,333.774,0,0,14,66,0,16,0
19-01 10:10:30,26.976,18.983,53.203,0,0,1708164,693560,176440,5345952,7496.435,1618.583,0,135.881,0,7.993,5768,4727,2.190,1.800,0.990,3,0,405.645,0,0,14,66,0,16,0
19-01 10:10:31,30.745,22.746,45.243,0,0,1778300,623032,176488,5346296,9007.607,1511.766,0,279.957,0,3.999,6859,5471,2.250,1.820,1,2,0,570.912,0,0,14,66,0,16,0
19-01 10:10:32,30.610,25.426,42.953,0,0,1904468,495604,176508,5347784,8797.030,1599.639,0,43.447,0,10.862,7020,8634,2.250,1.820,1,5,0,425.583,0,0,14,70,0,17,0
19-01 10:10:33,43.067,18.240,35.973,0,0,1975792,424216,176508,5347816,6456.959,1736.853,0,571.520,0,8.107,5058,5331,2.250,1.820,1,4,0,198.613,0,0,14,70,0,17,0
19-01 10:10:34,66.514,26.006,6.251,0,0.250,2113660,286124,176520,5348096,9511.022,1710.364,0,20.004,0,5.001,5467,4714,2.250,1.820,1,4,0,584.124,0,0,14,70,0,17,0
19-01 10:10:35,60.778,19.009,19.509,0,0,2187572,211140,176548,5349088,7764.514,1566.709,0,268.121,0,15.007,7010,9283,2.250,1.820,1,4,0,242.110,0,0,14,70,0,17,0
19-01 10:10:36,69.234,27.494,1.750,1.000,0,2265288,206396,172948,5280772,10647.532,1619.625,335.922,2143.503,34.992,76.982,5819,5592,2.470,1.870,1.020,4,0,524.878,0,0,14,70,0,16,0
19-01 10:10:37,74.647,21.150,2.488,0.498,0,2411968,199188,170872,5146452,7760.318,1612.379,242.852,1488.962,25.878,12.939,7389,18280,2.470,1.870,1.020,5,1,238.871,0,0,14,74,0,17,0
19-01 10:10:38,65.736,25.149,4.731,3.237,0,2521360,153860,170616,5084600,9146.305,1613.527,1191.221,30589.277,63.744,2412.322,17057,25975,2.470,1.870,1.020,6,0,391.430,0,0,14,76,0,17,0
19-01 10:10:39,67.457,24.667,6.796,1.259,0,2616476,128776,170444,5016804,7809.928,1564.603,265.801,12706.110,13.089,1085.356,13036,19806,2.470,1.870,1.020,15,0,317.149,0,0,14,76,0,19,0
19-01 10:10:40,75.888,18.722,3.495,0.749,0,2692116,176380,169952,4896192,7299.247,1617.617,579.147,1258.147,32.951,64.904,7980,12954,2.470,1.870,1.020,6,0,303.553,0,0,14,84,0,23,0
19-01 10:10:41,55.400,25.569,18.049,0.752,0,2821524,188048,169960,4758292,7356.935,1624.402,36.098,8868.029,7.019,595.614,9954,14177,2.680,1.920,1.050,2,0,538.459,0,0,14,93,0,25,0
19-01 10:10:42,38.774,18.011,42.026,0.750,0,2878516,200592,169960,4690360,9241.738,1621.006,44.027,888.552,4.002,46.029,6052,6846,2.680,1.920,1.050,2,0,269.167,0,0,14,95,0,25,0
19-01 10:10:43,64.746,14.499,19.249,1.500,0,3058172,149880,169980,4564320,7755.463,1619.888,2079.856,9891.315,27.998,276.981,6734,9239,2.680,1.920,1.050,2,0,136.991,0,0,14,98,0,28,0
19-01 10:10:44,27.727,12.739,57.702,0.500,0,3106704,167864,170000,4499204,8878.564,1708.569,7.993,651.454,1.998,35.970,4740,4059,2.680,1.920,1.050,1,0,172.855,0,0,14,101,0,25,0
19-01 10:10:45,8.757,18.765,70.558,0,0,3113928,160604,170000,4499240,8691.146,1567.289,4.003,812.668,1.001,54.044,6064,4631,2.680,1.920,1.050,1,0,370.304,0,0,14,101,0,25,0
19-01 10:10:46,8.492,18.982,71.431,0.250,0,3105988,168512,170000,4499272,8997.303,1618.436,0,111.892,0,9.990,5791,4235,2.460,1.890,1.040,1,0,351.660,0,0,14,101,0,25,0
19-01 10:10:47,18.511,8.255,72.043,0,0,3155620,184656,170000,4435028,7975.795,1512.910,12.007,0,2.001,0,2813,2100,2.460,1.890,1.040,1,0,97.058,0,0,14,101,0,25,0
19-01 10:10:48,18.217,2.995,78.357,0.250,0,3173996,166260,170000,4435048,12714.805,8058.299,11.978,1086.019,2.995,18.965,2492,2587,2.460,1.890,1.040,1,0,0,0,0,14,104,0,23,0
19-01 10:10:49,18.987,5.996,73.698,0,0,3138424,201796,170000,4435084,22276.412,17588.692,0,255.821,0,15.989,2587,1940,2.460,1.890,1.040,1,0,62.956,0,0,14,103,0,24,0
19-01 10:10:50,19.983,2.748,76.435,0.250,0.250,3172628,167580,170000,4435096,15269.923,7276.768,3.997,259.778,0.999,33.971,2326,2210,2.460,1.890,1.040,2,0,2.997,0,0,14,110,0,24,0
19-01 10:10:51,20.548,3.258,74.676,0.251,0.251,3176788,163100,170012,4435372,9694.808,2448.761,48.113,709.670,3.007,77.182,2842,3224,2.340,1.880,1.040,1,0,2.005,0,0,14,116,0,24,0
19-01 10:10:52,28.036,5.007,63.833,1.252,0,3184932,154544,170016,4435784,9223.002,1622.111,120.156,1902.476,5.007,223.291,6344,9079,2.340,1.880,1.040,2,0,3.004,0,0,14,119,0,23,0
19-01 10:10:53,18.194,8.723,72.027,0.249,0,3204280,135140,170016,4435840,10146.582,2754.471,0,673.913,0,55.827,3894,3676,2.340,1.880,1.040,2,0,113.648,0,0,14,122,0,24,0
19-01 10:10:54,31.491,4.999,62.233,0.500,0,3268844,136632,170052,4371352,49513.266,7339.964,87.976,683.810,9.997,53.985,3570,3121,2.340,1.880,1.040,1,0,3.999,0,0,14,127,0,24,0
19-01 10:10:55,19.815,4.013,75.497,0.251,0,3274232,131120,170052,4371476,45918.964,4382.312,48.157,1476.823,2.007,127.416,3444,4133,2.340,1.880,1.040,1,0,2.007,0,0,14,127,0,24,0
19-01 10:10:56,31.495,9.999,56.742,1.250,0,3295056,173672,169936,4309680,7131.957,2705.604,3.999,4127.396,1.000,272.960,5694,6394,2.320,1.880,1.040,2,0,94.986,0,0,14,128,0,19,0
19-01 10:10:57,41.371,8.224,48.847,0,0,3380488,151880,169936,4247760,10488.180,3578.801,0,418.690,0,22.928,3159,1663,2.320,1.880,1.040,1,0,4.984,0,0,14,129,0,19,0
19-01 10:10:58,22.757,5.752,70.771,0,0,3343776,188444,169936,4247936,28736.493,21958.490,180.053,2564.758,1.000,287.085,3253,2030,2.320,1.880,1.040,1,0,55.016,0,0,14,128,0,20,0
19-01 10:10:59,19.733,3.247,76.184,0,0,3402520,129740,169936,4247936,7354.610,3586.884,0,267.767,0,12.989,1786,1259,2.320,1.880,1.040,0,0,0,0,0,14,129,0,20,0
19-01 10:11:00,17.758,5.752,75.282,0.250,0,3397772,134468,169936,4247956,29469.562,21961.362,0,220.094,0,11.005,2544,1925,2.320,1.880,1.040,1,0,51.022,0,0,14,128,0,21,0
19-01 10:11:01,18.500,3.000,77.001,0.250,0,3420848,174272,169936,4186656,9636.091,4007.038,0,8124.076,0,609.006,2739,1300,2.210,1.870,1.040,2,0,0,0,0,14,129,0,21,0
19-01 10:11:02,19.316,4.516,75.008,0.753,0,3376860,218108,169936,4186808,14021.149,6834.470,136.469,818.812,11.038,100.345,3546,3938,2.210,1.870,1.040,1,0,45.155,0,0,14,128,0,22,0
19-01 10:11:03,20.897,6.468,71.648,0.249,0,3409088,185840,169936,4186848,9231.669,1612.084,0,457.752,0,32.839,2563,2115,2.210,1.870,1.040,3,0,43.785,0,0,14,128,0,22,0
19-01 10:11:04,22.097,5.022,71.814,0.251,0,3404792,190064,169936,4186920,28071.843,24027.144,0,691.024,0,34.149,6118,9717,2.210,1.870,1.040,1,0,61.268,0,0,14,136,0,26,0
19-01 10:11:05,21.668,4.981,73.224,0,0,3438660,156204,169936,4186924,8868.572,1506.322,0,2116.024,0,22.914,2247,1754,2.210,1.870,1.040,1,0,23.910,0,0,14,136,0,26,0
19-01 10:11:06,15.789,3.007,78.945,0.752,0,3442076,152716,169940,4186992,15145.500,8370.726,0,1279.167,0,170.422,3452,4572,2.030,1.830,1.040,1,0,0,0,0,14,137,0,26,0
19-01 10:11:07,26.537,5.007,66.341,1.001,0,3395404,199280,169940,4187100,10006.766,2863.940,24.033,2223.058,2.003,232.320,6714,9645,2.030,1.830,1.040,1,0,15.021,0,0,14,137,0,28,0
19-01 10:11:08,20.436,5.483,73.271,0.249,0,3461040,133632,169940,4187112,7361.033,1614.961,0,1084.616,0,59.813,2343,1889,2.030,1.830,1.040,1,0,38.879,0,0,14,137,0,28,0
19-01 10:11:09,14.518,1.752,81.602,0.250,0,3460944,133684,169940,4187156,17851.400,11680.657,32.040,736.925,2.003,44.055,2088,2066,2.030,1.830,1.040,2,0,1.001,0,0,14,138,0,28,0
19-01 10:11:10,24.748,5.750,68.245,1.000,0,3456772,137808,169940,4187204,9525.270,1631.875,0,1491.886,0,164.987,5483,7493,2.030,1.830,1.040,1,0,1.000,0,0,14,138,0,28,0
19-01 10:11:11,31.073,7.518,60.642,0.251,0,3454956,139536,169944,4187288,6937.276,2490.844,0,1451.405,0,122.287,6069,8012,1.950,1.820,1.040,1,0,69.162,0,0,14,139,0,29,0
19-01 10:11:12,19.419,2.241,76.681,0.498,0,3476088,180256,169944,4126940,12199.217,7856.296,0,4425.577,0,254.939,2550,2412,1.950,1.820,1.040,0,0,0,0,0,14,140,0,29,0
19-01 10:11:13,14.522,9.014,74.364,1.252,0,3412432,243832,169952,4127012,13511.644,4993.630,44.067,1606.455,5.008,123.188,4684,5030,1.950,1.820,1.040,1,0,147.225,0,0,14,139,0,30,0
19-01 10:11:14,20.486,3.248,75.200,0,0,3433392,222844,169952,4127040,8169.548,3479.678,7.995,631.578,0.999,30.979,1988,1503,1.950,1.820,1.040,0,0,0,0,0,14,142,0,30,0
19-01 10:11:15,16.051,3.260,80.754,0.251,0,3433876,222316,169952,4127084,19058.970,11254.413,32.101,557.755,2.006,33.104,2599,2596,1.950,1.820,1.040,1,0,1.003,0,0,14,142,0,30,0
19-01 10:11:16,27.682,6.733,63.343,0.499,0,3434888,221056,169956,4127328,7558.300,1616.002,19.951,1336.693,1.995,147.635,7309,10480,1.960,1.820,1.040,1,0,0,0,0,14,142,0,30,0
19-01 10:11:17,40.120,12.788,45.386,0.251,0,3392756,262856,169956,4127628,11621.778,3219.635,32.096,1608.814,2.006,161.483,13164,20819,1.960,1.820,1.040,4,0,161.483,0,0,14,145,0,31,0
19-01 10:11:18,29.737,8.496,60.224,0.250,0,3441528,213996,169960,4127680,7813.589,2261.013,0,1175.487,0,81.964,5048,6073,1.960,1.820,1.040,1,0,128.944,0,0,14,145,0,31,0
19-01 10:11:19,17.931,2.740,77.952,0.249,0,3446736,208776,169960,4127692,13767.362,9049.401,0,733.197,0,32.874,2336,2335,1.960,1.820,1.040,1,0,0,0,0,14,145,0,32,0
19-01 10:11:20,10.040,19.076,70.028,0.251,0,3370400,285100,169960,4127704,10030.858,1825.253,0,550.186,0,25.100,5900,4365,1.960,1.820,1.040,1,0,351.396,0,0,14,145,0,32,0
19-01 10:11:21,12.456,19.431,66.015,0,0,3378588,276720,169960,4128332,10637.163,1614.258,0,514.171,0,37.865,6374,5832,1.880,1.810,1.040,1,0,349.756,0,0,14,145,0,32,0
19-01 10:11:22,25.808,17.289,56.376,0.752,0,3417656,237620,169960,4127916,8324.566,1623.621,4.009,5524.321,1.002,466.039,6913,6507,1.880,1.810,1.040,3,0,315.704,0,0,14,145,0,32,0
19-01 10:11:23,31.541,22.780,44.558,0,0,3465048,190200,169960,4127944,9399.188,1513.963,16.021,244.317,1.001,21.027,6502,5110,1.880,1.810,1.040,2,0,476.618,0,0,14,145,0,32,0
19-01 10:11:24,30.481,14.991,52.717,0.250,0,3518072,136852,169972,4128628,44910.547,1688.930,7.995,603.618,0.999,37.976,6694,8777,1.880,1.810,1.040,3,0,203.871,0,0,16,151,0,32,0
19-01 10:11:25,57.803,27.775,14.013,0,0,3655836,170740,169776,3960996,43927.988,1621.476,68.062,596.543,6.005,42.038,8802,12455,1.880,1.810,1.040,5,0,576.525,0,0,16,157,0,32,0
19-01 10:11:26,56.819,23.426,19.189,0,0,3756292,149508,169744,3882728,7181.164,1561.036,15.949,334.935,0.997,22.927,6779,8470,1.970,1.830,1.050,4,0,369.824,0,0,16,165,0,32,0
19-01 10:11:27,43.426,20.465,34.941,0,0,3824412,134108,169744,3830084,7469.358,1617.263,7.986,770.696,1.997,35.939,8551,12277,1.970,1.830,1.050,5,0,387.344,0,0,16,173,0,32,0
19-01 10:11:28,33.861,22.825,42.138,0.251,0,3871840,131232,169756,3786408,5799.971,1715.611,0,345.129,0,16.053,7520,5684,1.970,1.830,1.050,6,0,553.811,0,0,16,173,0,32,0
19-01 10:11:29,17.972,16.474,64.400,0,0,3865800,189976,169528,3734956,9047.980,1617.494,11.981,2831.613,2.995,122.810,6787,7608,1.970,1.830,1.050,1,0,278.568,0,0,17,173,0,32,0
19-01 10:11:30,29.060,21.795,48.099,0,0,3926560,129432,169528,3734552,8006.439,1623.333,12.025,348.716,3.006,27.056,6553,5661,1.970,1.830,1.050,2,0,436.897,0,0,17,173,0,32,0
19-01 10:11:31,37.539,20.521,40.792,0.250,0,3978144,184460,169536,3630804,8781.006,1621.663,8.008,232.238,1.001,17.017,6571,7227,1.970,1.830,1.060,3,0,356.366,0,0,17,179,0,32,0
19-01 10:11:32,36.997,22.498,38.747,0.500,0,4079012,143680,169536,3571856,7777.347,1689.858,167.986,535.955,5.000,30.997,7703,9418,1.970,1.830,1.060,3,0,427.964,0,0,17,185,0,32,0
19-01 10:11:33,30.680,24.195,44.150,0.249,0,4139608,170036,169536,3486956,9036.473,1548.483,23.946,295.329,2.993,25.941,7415,6522,1.970,1.830,1.060,2,0,647.529,0,0,17,185,0,30,0
19-01 10:11:34,18.781,22.787,57.093,0,0,4178024,170340,169536,3449204,8092.251,1622.657,20.033,937.535,5.008,71.116,7801,9033,1.970,1.830,1.060,1,0,420.689,0,0,17,197,0,30,2
19-01 10:11:35,20.248,15.498,63.493,0.250,0,4193152,155064,169536,3449352,5537.355,1619.811,7.999,503.941,2.000,34.996,6824,8247,1.970,1.830,1.060,3,0,220.974,0,0,17,197,0,30,2
19-01 10:11:36,41.867,10.467,46.103,0.748,0,4309396,132424,169536,3357284,9892.491,1614.856,454.552,378.793,7.975,22.927,4092,2719,1.970,1.840,1.060,3,0,101.676,0,0,17,199,0,30,2
19-01 10:11:37,48.687,8.533,40.907,1.506,0,4441148,159960,169536,3203152,7802.936,1626.239,365.402,365.402,18.069,44.169,4317,5898,1.970,1.840,1.060,3,0,44.169,0,0,17,213,0,30,2
19-01 10:11:38,35.010,12.003,52.014,0,0,4363892,236516,169540,3201524,7689.107,1710.469,52.014,224.061,5.001,12.003,4851,12142,1.970,1.840,1.060,4,0,213.058,0,0,17,216,0,31,2
19-01 10:11:39,36.729,23.986,36.729,1.499,0,4428664,169992,169548,3203268,8573.019,1619.059,931.459,3418.014,11.993,221.871,9484,11582,1.970,1.840,1.060,3,0,510.703,0,0,17,217,0,31,2
19-01 10:11:40,38.020,23.762,36.269,1.251,0,4468576,127996,169548,3205772,17819.348,10324.416,1016.533,768.403,19.010,45.024,7574,9219,1.970,1.840,1.060,3,0,411.216,0,0,17,225,0,32,2
19-01 10:11:41,61.996,17.249,16.499,3.500,0,4517212,132328,169548,3153640,9174.379,1619.890,603.959,1011.932,11.999,21.999,5423,5087,2.060,1.850,1.080,5,0,152.990,0,0,17,228,0,22,2
19-01 10:11:42,63.196,12.938,19.655,3.732,0,4626676,129540,169548,3049440,15284.386,9609.717,1349.500,887.724,43.789,38.813,5167,4380,2.060,1.850,1.080,5,0,29.856,0,0,17,237,0,22,2
19-01 10:11:43,38.589,10.023,19.796,30.070,0,4603892,222272,169552,2981916,8776.290,4416.210,5312.281,15062.823,340.788,990.289,7351,5787,2.060,1.850,1.080,4,1,23.053,0,0,17,238,0,23,2
19-01 10:11:44,54.065,16.019,25.030,5.006,0,4676600,180888,169552,2951484,12622.107,3594.302,1061.270,1457.745,126.151,108.129,6865,8359,2.060,1.850,1.080,2,0,200.240,0,0,17,240,0,27,2
19-01 10:11:45,31.776,26.271,41.033,0.250,0,4682608,212364,169552,2915112,18259.678,10636.550,68.055,11469.220,3.002,68.055,8227,9923,2.060,1.850,1.080,2,0,515.414,0,0,17,239,0,25,2
19-01 10:11:46,46.249,19.000,33.749,0.250,0,4719888,174392,169552,2915324,9354.761,1619.959,4.000,343.991,1.000,16.000,5589,6204,2.370,1.920,1.100,4,0,263.993,0,0,17,239,0,25,2
19-01 10:11:47,51.760,25.005,22.504,0.250,0,4756636,135092,169552,2918308,15903.973,11492.148,8.001,680.127,2.000,48.009,7852,9077,2.370,1.920,1.100,3,0,518.097,0,0,17,244,0,25,2
19-01 10:11:48,60.977,20.906,15.182,1.244,0,4784820,185728,169552,2841040,9691.646,2739.744,1138.905,1246.424,53.760,62.719,7862,12204,2.370,1.920,1.100,5,0,236.940,0,0,17,247,0,28,2
19-01 10:11:49,53.999,25.618,20.344,0.502,0,4853068,147484,169556,2812056,15825.879,9476.640,12.056,1193.496,3.014,43.199,7213,7544,2.370,1.920,1.100,3,0,522.406,0,0,17,248,0,27,4
19-01 10:11:50,53.465,20.986,22.985,1.249,0,4870572,155144,169556,2787788,11223.697,4851.843,723.529,1067.306,41.973,64.958,8150,14294,2.370,1.920,1.100,7,0,244.841,0,0,17,257,0,29,2
19-01 10:11:51,66.414,19.974,13.233,0,0,4993936,166904,169556,2654128,11129.654,7172.754,539.305,703.094,10.986,19.974,8995,18076,2.420,1.940,1.110,4,0,137.822,0,0,17,258,0,29,2
19-01 10:11:52,54.172,7.240,35.449,1.997,0,5009456,183452,169556,2622876,20370.639,13153.042,710.975,611.119,46.932,39.942,4849,3744,2.420,1.940,1.110,3,0,11.983,0,0,17,260,0,31,2
19-01 10:11:53,59.363,10.725,26.688,3.492,0,5100528,146176,169444,2570016,9895.137,3606.667,1364.846,714.349,55.871,72.832,6111,7207,2.420,1.940,1.110,3,0,9.977,0,0,17,266,0,34,2
19-01 10:11:54,48.715,20.089,28.877,0.502,0,4995096,251024,169588,2570616,57180.088,13294.612,1341.916,941.149,27.120,47.208,7896,8125,2.420,1.940,1.110,7,0,400.767,0,0,17,267,0,36,2
19-01 10:11:55,51.287,27.270,19.514,1.751,0,5090008,152396,169700,2574592,49494.006,1663.210,3878.822,1507.096,57.041,87.063,8290,10637,2.420,1.940,1.110,4,0,479.349,0,0,17,267,0,36,2
19-01 10:11:56,53.496,19.656,24.633,0.498,0,5115904,160744,169208,2541500,20620.908,11746.124,903.701,975.360,21.896,36.825,6211,6826,2.470,1.960,1.120,6,0,235.878,0,0,18,268,0,36,2
19-01 10:11:57,80.964,13.786,1.504,4.011,0,5188736,139636,169208,2490964,9518.115,2419.384,1764.656,1171.090,111.294,64.169,6344,5527,2.470,1.960,1.120,4,2,25.066,0,0,18,274,0,37,2
19-01 10:11:58,74.472,12.995,8.247,3.749,0,5296348,138216,169208,2387748,16045.869,9429.397,3298.740,1903.273,148.943,159.939,6808,6459,2.470,1.960,1.120,3,0,12.995,0,0,18,277,0,36,2
19-01 10:11:59,63.406,16.290,19.047,0.752,0.251,5300252,164444,169208,2358464,10233.149,5124.594,1042.562,1547.804,29.071,115.283,7154,8740,2.470,1.960,1.120,1,0,225.554,0,0,18,279,0,38,2
19-01 10:12:00,38.332,8.463,51.275,0.498,0,5329084,135364,169216,2358812,19250.646,8071.631,581.452,4910.483,9.956,246.918,4326,3091,2.470,1.960,1.120,3,0,10.952,0,0,18,286,0,38,2
19-01 10:12:01,36.299,7.760,54.574,0.250,0,5326504,169092,169216,2328524,66191.432,11747.873,560.758,656.888,7.009,55.074,4464,4479,2.430,1.960,1.130,2,0,11.015,0,0,18,288,0,39,4
19-01 10:12:02,46.598,12.276,38.831,1.002,0,5352784,124528,169216,2346776,16560603.868,111926.888,3050.402,412.866,32.067,26.055,10161,5035,2.430,1.960,1.130,3,0,124.261,0,0,18,288,0,37,2
19-01 10:12:03,38.040,10.761,49.302,1.251,0,5360372,140328,169216,2324476,17767.633,10576.091,272.286,16048.831,3.003,1257.319,6122,5018,2.430,1.960,1.130,3,0,148.155,0,0,18,291,0,39,2
19-01 10:12:04,39.082,6.472,53.022,0.249,0,5376744,123948,169216,2324484,16861.628,10168.356,0,485.914,0,41.821,3638,2828,2.430,1.960,1.130,2,0,8.962,0,0,18,294,0,40,2
19-01 10:12:05,26.344,4.265,67.742,0.502,0,5378584,152212,169216,2295512,143084.405,5288945.510,529.890,899.208,31.111,98.351,6117,7138,2.430,1.960,1.130,2,0,2.007,0,0,18,298,0,42,2
19-01 10:12:06,6.722,2.988,86.889,0.498,0,5307260,223516,169216,2295532,288423.582,11091010.594,3.983,12372.634,0.996,247.971,3831,3121,2.240,1.930,1.120,1,0,36.847,0,0,18,297,0,38,2
19-01 10:12:07,2.000,0.500,96.507,0,0,5307512,223308,169216,2295536,6962.474,1662.113,0,220.015,0,14.001,1271,1731,2.240,1.930,1.120,1,0,0,0,0,18,297,0,38,2
19-01 10:12:08,9.526,1.504,87.235,0.501,0,5315560,215228,169216,2295568,8025950.210,29409.270,4.011,529.427,1.003,39.105,4545,4510,2.240,1.930,1.120,2,0,0,0,0,18,302,0,38,2
19-01 10:12:09,20.029,8.262,69.351,0.501,0,5250500,264116,169224,2311684,8617753.154,83150.595,80.117,1253.834,4.006,106.155,8457,8988,2.240,1.930,1.120,1,1,125.183,0,0,18,301,0,41,2
19-01 10:12:10,14.756,14.506,68.778,0.750,0,5300800,213716,169224,2311768,28284.679,1620.669,12.005,412.170,1.000,28.012,5417,4927,2.240,1.930,1.120,3,0,344.142,0,0,18,301,0,39,2
19-01 10:12:11,20.957,6.736,71.603,0.249,0,5318116,196384,169224,2311784,11941.436,1616.674,0,1021.898,0,15.967,3257,2618,2.140,1.910,1.120,2,0,75.844,0,0,18,301,0,39,2
19-01 10:12:12,8.247,19.743,69.975,0,0,5312004,202376,169224,2311904,27106.366,1705.394,79.972,16318.200,4.998,49.982,6425,5165,2.140,1.910,1.120,1,0,364.870,0,0,18,301,0,39,2
19-01 10:12:13,5.742,10.236,82.635,0.250,0,5278892,235444,169224,2311948,13924.591,1617.745,15.978,463.354,0.999,37.947,4048,4010,2.140,1.910,1.120,0,0,229.680,0,0,18,305,0,39,2
19-01 10:12:14,11.997,2.999,83.231,0,0,5289404,224932,169224,2311948,18661.829,1619.638,0,107.976,0,9.998,2028,1930,2.140,1.910,1.120,1,0,8.998,0,0,18,305,0,37,2
19-01 10:12:15,20.266,2.502,76.059,0.250,0,5322340,191992,169224,2311952,18794.474,7415.711,0,180.139,0,23.018,2443,2167,2.140,1.910,1.120,2,0,1.001,0,0,18,306,0,37,2
19-01 10:12:16,14.299,11.289,72.250,0.251,0,5255296,258748,169228,2312236,14539.320,4818.677,76.264,16.056,7.024,3.010,4631,3768,2.050,1.900,1.120,1,0,148.514,0,0,18,309,0,38,2
19-01 10:12:17,12.742,16.739,69.954,0,0,5252612,261164,169228,2312476,12281.837,1650.903,0,43.971,0,1.999,5642,4370,2.050,1.900,1.120,1,0,208.861,0,0,18,309,0,38,2
19-01 10:12:18,11.260,16.765,69.563,0,0.250,5256856,256792,169228,2312572,12547.369,1621.469,0,0,0,0,5601,4309,2.050,1.900,1.120,2,0,224.203,0,0,18,309,0,37,2
19-01 10:12:19,23.741,4.748,69.972,0.750,0,5317520,196108,169228,2312592,8529.596,1661.337,3.998,831.668,1.000,81.967,3255,3116,2.050,1.900,1.120,1,0,23.990,0,0,18,315,0,37,2
19-01 10:12:20,22.908,3.735,71.961,0.498,0,5375088,138436,169228,2312696,16392.055,1613.509,266.926,597.596,4.980,8.964,2450,1914,2.050,1.900,1.120,2,0,1.992,0,0,18,315,0,37,2
19-01 10:12:21,24.499,2.500,71.998,0.250,0,5362268,150976,169228,2312976,11146.646,1619.949,111.996,635.980,7.000,53.998,2894,2750,1.960,1.880,1.120,1,0,8.000,0,0,18,315,0,37,2
19-01 10:12:22,23.510,3.501,71.279,0.250,0,5421304,123236,169228,2282800,8086.271,1620.656,24.010,136.055,5.002,13.005,2398,2089,1.960,1.880,1.120,4,0,0,0,0,18,315,0,36,2
19-01 10:12:23,17.747,4.249,76.989,0.250,0,5431968,143348,169228,2252884,19853.183,8671.770,0,115.984,0,10.998,2432,2161,1.960,1.880,1.120,1,0,3.000,0,0,18,318,0,36,2
19-01 10:12:24,18.016,1.001,79.822,0,0,5427240,148108,169228,2252900,63072.012,13502.205,16.014,84.076,1.001,9.008,2697,2419,1.960,1.880,1.120,2,0,2.002,0,0,18,315,0,38,2
19-01 10:12:25,21.802,5.764,71.419,0.251,0,5319808,255576,169228,2252908,44581.346,1569.709,0,244.578,0,21.050,2766,2376,1.960,1.880,1.120,4,0,17.040,0,0,18,315,0,38,2
19-01 10:12:26,22.981,4.746,71.193,0,0,5307812,267444,169228,2253036,14651.185,1688.638,0,235.810,0,21.982,3098,2427,1.890,1.870,1.120,1,0,63.948,0,0,18,315,0,38,2
19-01 10:12:27,9.509,19.769,69.316,0.250,0,5287732,287236,169236,2253316,13213.560,1621.541,484.460,356.339,10.010,10.010,6310,5260,1.890,1.870,1.120,2,0,401.382,0,0,18,315,0,38,2
19-01 10:12:28,18.676,7.470,71.716,0,0,5290456,284496,169360,2253208,14541.415,1613.610,123.511,0,4.980,0,3722,2900,1.890,1.870,1.120,1,0,133.471,0,0,18,315,0,38,2
19-01 10:12:29,20.258,2.751,75.779,0.250,0,5323488,250096,169376,2254560,17674.683,3792.434,16.006,580.219,1.000,48.018,2832,2854,1.890,1.870,1.120,2,0,17.006,0,0,18,318,0,38,2
19-01 10:12:30,23.005,3.501,72.265,0.500,0,5333732,234228,169508,2259892,9414.016,1794.384,4.001,2096.449,1.000,116.025,2606,2080,1.890,1.870,1.120,3,0,3.001,0,0,18,317,0,38,2
19-01 10:12:31,18.989,1.999,77.456,0,0,5332512,234228,169516,2261104,19073.164,4548.416,0,703.600,0,20.988,2350,2040,1.730,1.840,1.110,4,0,15.991,0,0,18,318,0,38,2
19-01 10:12:32,23.505,5.751,69.263,0.250,0,5317544,243820,169708,2266140,16545.204,1686.327,4.001,828.160,1.000,13.003,10402,18509,1.730,1.840,1.110,2,0,16.003,0,0,18,317,0,38,2
19-01 10:12:33,18.237,3.248,77.195,0.250,0,5321160,239736,169744,2266556,19565.024,4641.684,51.963,479.657,7.994,7.994,3154,3797,1.730,1.840,1.110,5,0,4.996,0,0,18,318,0,38,2
19-01 10:12:34,22.783,6.760,69.099,0.250,0,5298876,261808,169788,2266724,10750.465,1568.256,0,3817.491,0,433.624,10057,16325,1.730,1.840,1.110,2,0,15.022,0,0,18,318,0,38,1
19-01 10:12:35,16.755,10.754,71.273,0.250,0,5255036,317060,169872,2255228,9603.140,1794.587,0,16457.382,0,43.014,4240,3555,1.730,1.840,1.110,3,0,183.060,0,0,18,317,0,38,1
19-01 10:12:36,20.986,6.746,70.953,0,0,5307660,264740,169872,2255068,10282.160,1618.923,0,615.590,0,9.993,2848,2530,1.670,1.820,1.110,2,0,82.945,0,0,18,317,0,38,1
19-01 10:12:37,19.994,1.999,77.229,0,0,5320376,251840,169872,2255252,12222.632,7718.873,0,71.980,0,2.999,2172,1877,1.670,1.820,1.110,0,0,0,0,0,18,320,0,38,1
19-01 10:12:38,23.992,10.247,63.979,0.250,0,5331848,240320,169872,2255196,13658.469,5810.073,31.989,0,1.999,0,4545,10377,1.670,1.820,1.110,1,0,147.951,0,0,18,317,0,41,1
19-01 10:12:39,20.757,2.251,76.026,0.250,0.250,5364868,207124,169872,2255476,14680.953,7346.478,16.005,476.161,1.000,47.016,2885,2956,1.670,1.820,1.110,2,0,1.000,0,0,18,318,0,41,1
19-01 10:12:40,20.496,6.749,70.737,0.250,0,5348580,223404,169872,2255484,13709.470,4493.171,0,395.927,0,52.990,3433,3000,1.670,1.820,1.110,5,0,70.987,0,0,18,317,0,42,1
19-01 10:12:41,20.504,3.251,75.765,0,0,5357432,214544,169872,2255492,29095.767,7345.456,0,240.048,0,17.003,2692,2387,1.620,1.810,1.110,2,0,1.000,0,0,18,320,0,42,1
19-01 10:12:42,18.750,6.750,73.002,0,0,5344404,227556,169872,2255508,16824.390,8902.206,0,116.003,0,8.000,3289,2874,1.620,1.810,1.110,1,0,56.001,0,0,18,319,0,43,1
19-01 10:12:43,20.256,2.251,76.522,0,0,5343016,228936,169872,2255516,18437.348,7292.115,0,132.038,0,7.002,2373,2113,1.620,1.810,1.110,1,0,0,0,0,18,320,0,42,1
19-01 10:12:44,19.493,5.498,72.975,0.250,0,5314112,257704,169872,2255652,24444.475,6140.858,0,223.922,0,14.995,2883,2377,1.620,1.810,1.110,1,0,31.989,0,0,18,319,0,45,1
19-01 10:12:45,20.504,2.751,76.515,0,0,5360384,211428,169872,2255656,13210.616,7345.454,0,4.001,0,1.000,2193,1968,1.620,1.810,1.110,2,0,1.000,0,0,18,320,0,45,1
19-01 10:12:46,16.314,3.514,79.310,0.251,0,5341928,229880,169872,2255660,12253.881,6836.714,0,261.020,0,26.102,3028,3117,1.490,1.780,1.100,1,0,47.184,0,0,18,319,0,46,1
19-01 10:12:47,22.895,3.733,71.922,0,0,5345236,226560,169872,2255672,21260.905,1612.635,0,147.327,0,7.964,2471,1932,1.490,1.780,1.100,2,0,0,0,0,18,319,0,40,1
19-01 10:12:48,17.294,3.760,77.698,0,0,5324804,246988,169872,2255676,19689.298,11843.254,0,136.348,0,10.026,2738,2491,1.490,1.780,1.100,1,0,32.082,0,0,18,319,0,43,1
19-01 10:12:49,22.945,4.489,71.080,0.249,0,5332436,239216,169872,2255816,9831.431,1616.126,127.694,335.196,5.986,37.909,2738,2534,1.490,1.780,1.100,1,0,0,0,0,18,319,0,43,1
19-01 10:12:50,13.484,1.498,83.650,0.250,0,5340720,230912,169872,2255836,24393.718,11748.897,0,251.698,0,20.975,2535,2585,1.490,1.780,1.100,2,0,0,0,0,18,320,0,43,1
19-01 10:12:51,19.334,8.286,71.309,0,0,5303584,268024,169872,2255860,11149.348,2556.084,0,711.084,0,38.165,3479,3217,1.450,1.760,1.100,1,0,88.383,0,0,18,321,0,39,1
19-01 10:12:52,19.705,2.245,76.575,0,0,5341496,230108,169872,2255864,11176.398,7219.462,0,135.689,0,8.979,2198,1931,1.450,1.760,1.100,1,0,0,0,0,18,322,0,39,1
19-01 10:12:53,20.755,5.751,72.767,0.250,0,5322724,248864,169872,2255880,29410.961,18202.308,0,536.127,0,31.007,3096,2836,1.450,1.760,1.100,1,0,47.011,0,0,18,321,0,41,1
19-01 10:12:54,20.999,2.750,74.497,0,0,5337852,233732,169872,2255884,49279.153,7343.725,0,163.994,0,17.999,2765,2464,1.450,1.760,1.100,1,0,1.000,0,0,18,322,0,41,1
19-01 10:12:55,23.969,6.242,68.661,0.499,0,5290296,280936,169872,2256236,45879.328,4798.759,223.709,2129.231,12.983,332.567,5286,5772,1.450,1.760,1.100,1,1,16.978,0,0,18,321,0,34,1
19-01 10:12:56,23.094,2.510,73.801,0,0,5329992,241232,169872,2256244,11885.513,7386.148,0,337.377,0,27.111,2849,2727,1.410,1.750,1.100,2,0,0,0,0,18,322,0,34,1
19-01 10:12:57,23.936,3.740,69.564,1.247,0,5309956,259116,169872,2258396,11250.908,3688.136,1922.857,1244.671,72.805,175.531,5670,7756,1.410,1.750,1.100,1,0,6.981,0,0,18,323,0,35,1
19-01 10:12:58,22.489,3.998,71.465,0.500,0,5367072,201996,169872,2258396,7592.313,1619.214,0,3462.319,0,207.899,2983,2975,1.410,1.750,1.100,1,0,0,0,0,18,323,0,35,1
19-01 10:12:59,16.265,2.753,80.575,0.250,0,5369356,199676,169872,2258432,20668.195,11243.442,32.030,652.606,1.001,69.064,3516,4042,1.410,1.750,1.100,1,0,0,0,0,18,324,0,33,1
19-01 10:13:00,17.289,11.776,68.152,0.752,0,5350440,218468,169872,2258556,24604.975,2852.373,48.107,2577.759,2.004,343.768,6926,7179,1.410,1.750,1.100,1,0,252.564,0,0,18,323,0,34,1
19-01 10:13:01,8.758,23.271,66.810,0.250,0,5359100,209780,169872,2258584,7355.606,1567.408,0,1757.578,0,131.118,7288,6427,1.460,1.760,1.110,1,0,620.557,0,0,18,323,0,34,1
19-01 10:13:02,9.246,22.491,67.472,0,0,5341084,227764,169872,2258616,8586.479,1607.341,0,555.772,0,38.984,7077,6057,1.460,1.760,1.110,1,0,585.760,0,0,18,323,0,34,1
19-01 10:13:03,9.248,22.746,66.738,0.250,0,5343456,225364,169872,2258644,23176.891,1705.698,0,2163.616,0,133.976,7676,6704,1.460,1.760,1.110,3,0,598.894,0,0,18,323,0,32,1
19-01 10:13:04,9.508,22.518,65.803,0,0,5334592,234192,169872,2258680,6086.898,1567.261,0,164.132,0,19.015,7126,6362,1.460,1.760,1.110,2,0,633.510,0,0,18,323,0,32,1
19-01 10:13:05,9.247,22.243,67.730,0.250,0,5323336,245416,169872,2258712,9544.150,1619.516,0,555.834,0,106.968,7163,6088,1.460,1.760,1.110,2,0,559.833,0,0,18,323,0,32,1
19-01 10:13:06,10.211,19.675,68.489,0.498,0,5318104,250368,169872,2258992,28244.498,1613.857,259.014,1821.069,27.894,21.917,6609,5371,1.420,1.740,1.100,1,0,445.305,0,0,18,323,0,32,1
19-01 10:13:07,14.007,8.504,72.035,4.502,0,5320356,344764,169876,2174420,10669.169,1620.785,6347.075,1848.896,491.238,7.003,3687,3499,1.420,1.740,1.100,1,0,42.020,0,0,18,323,0,26,1
19-01 10:13:08,23.225,2.997,71.672,0.749,0,5337832,320740,169876,2180976,9045.158,1704.146,1314.570,7.991,108.882,1.998,2789,2441,1.420,1.740,1.100,1,0,16.982,0,0,18,323,0,26,1
19-01 10:13:09,16.014,1.751,78.817,1.501,0,5346532,311080,169884,2181932,21825.690,7637.540,548.470,2354.016,26.022,89.076,2784,2988,1.420,1.740,1.100,1,0,1.001,0,0,18,324,0,26,1
19-01 10:13:10,13.240,1.249,82.440,1.749,0,5340636,316288,169884,2182620,23214.089,10856.092,467.659,1343.022,50.963,56.959,2326,2297,1.420,1.740,1.100,2,1,0.999,0,0,18,324,0,26,1
19-01 10:13:11,12.503,2.000,83.021,2.251,0,5347840,308224,169884,2183480,23304.801,10624.645,436.109,1544.384,44.011,58.014,2225,2387,1.390,1.730,1.100,0,1,0,0,0,18,324,0,23,1
19-01 10:13:12,16.504,1.500,79.269,1.250,0,5368884,286036,169888,2184616,18726.404,8035.890,1032.243,752.177,40.009,30.007,2196,2002,1.390,1.730,1.100,2,0,0,0,0,18,324,0,23,1
19-01 10:13:13,13.495,1.499,82.221,1.999,0.250,5366104,287940,169888,2185484,21162.525,10097.434,807.715,1315.535,41.985,53.981,2097,2014,1.390,1.730,1.100,1,0,0,0,0,18,324,0,23,1
19-01 10:13:14,26.978,4.996,64.198,2.748,0,5393960,259224,169888,2186336,19586.126,9574.240,951.229,879.287,39.968,29.976,2992,2222,1.390,1.730,1.100,3,0,5.995,0,0,18,324,0,23,1
19-01 10:13:15,30.988,6.248,54.979,6.747,0,5419116,199780,169940,2220572,13809.764,3217.780,15750.028,1763.331,160.939,233.911,3817,2578,1.390,1.730,1.100,2,0,7.997,0,0,18,324,0,23,1
19-01 10:13:16,23.012,3.502,72.286,0.500,0,5420820,183664,170076,2234764,5263.642,1620.813,0,1204.605,0,36.018,2407,1999,1.360,1.720,1.100,5,0,0,0,0,18,324,0,23,1
19-01 10:13:17,23.753,2.750,72.259,0.250,0,5412200,176624,170168,2249964,6000.711,1620.192,0,1436.170,0,33.004,2454,2113,1.360,1.720,1.100,5,0,0,0,0,18,324,0,23,1
19-01 10:13:18,23.006,3.001,72.268,0.750,0,5425556,141228,170344,2271592,8744.193,1620.406,0,2616.656,0,102.026,2675,2402,1.360,1.720,1.100,2,0,0,0,0,18,324,0,23,1
19-01 10:13:19,24.521,2.752,71.310,1.001,0,5421564,128904,170668,2287304,8249.947,1663.401,32.027,2834.387,1.001,134.113,3050,3443,1.360,1.720,1.100,2,0,0,0,0,18,324,0,22,1
19-01 10:13:20,23.487,3.248,70.961,0.999,0,5413944,139076,171376,2284636,8779.144,1457.194,0,2606.558,0,93.948,2891,2778,1.360,1.720,1.100,3,0,0,0,0,18,324,0,22,1
19-01 10:13:21,24.014,3.502,71.793,0.250,0,5353108,217096,171396,2267276,9564.771,1795.083,4.002,952.575,1.001,25.015,2513,2031,1.330,1.710,1.100,1,0,19.011,0,0,18,323,0,22,1
19-01 10:13:22,18.740,2.499,76.957,0.250,0,5366560,198192,171396,2272708,14599.907,3962.803,0,1623.100,0,29.983,2378,2142,1.330,1.710,1.100,2,0,16.991,0,0,18,323,0,22,1
19-01 10:13:23,21.233,3.497,73.693,0,0,5359560,204068,171396,2273796,14169.944,2955.694,0,0,0,0,2572,2211,1.330,1.710,1.100,1,0,17.986,0,0,18,324,0,22,1
19-01 10:13:24,20.523,4.255,72.831,0,0,5359948,197600,171396,2279736,43587.222,3456.824,0,1461.617,0,28.031,7731,13688,1.330,1.710,1.100,3,0,7.008,0,0,18,323,0,21,1
19-01 10:13:25,23.988,5.247,68.966,0.250,0,5358192,198816,171448,2280208,41947.341,1619.203,0,1047.484,0,16.992,8736,15474,1.330,1.710,1.100,3,0,14.993,0,0,18,323,0,21,1
19-01 10:13:26,21.248,6.749,70.994,0,0.250,5351740,213280,171488,2272152,9495.204,1619.864,0,1627.864,0,30.997,5808,9020,1.300,1.690,1.100,2,0,14.999,0,0,18,323,0,21,1
19-01 10:13:27,22.845,4.268,71.546,0.753,0,5334172,235524,171492,2267632,9470.228,1626.738,245.015,811.361,27.112,18.075,3324,3086,1.300,1.690,1.100,1,0,51.212,0,0,18,323,0,21,1
19-01 10:13:28,23.660,4.732,68.987,0,0,5331808,237872,171492,2267648,8008.438,1452.457,0,0,0,0,10134,18507,1.300,1.690,1.100,1,0,23.909,0,0,18,323,0,20,1
19-01 10:13:29,19.507,3.251,76.526,0.250,0,5337600,226564,171492,2273164,15006.087,3900.322,0,1492.506,0,39.013,2473,2373,1.300,1.690,1.100,1,0,17.006,0,0,18,323,0,20,1
19-01 10:13:30,20.246,2.999,75.484,0,0,5353668,209468,171492,2274176,13284.168,2957.369,0,607.870,0,22.995,2625,2496,1.300,1.690,1.100,0,0,17.996,0,0,18,324,0,20,1
19-01 10:13:31,22.505,4.501,70.764,0.250,0,5343528,213388,171492,2280284,10742.196,3453.706,0,1708.349,0,153.031,10835,19398,1.280,1.680,1.100,1,0,7.001,0,0,18,323,0,20,1
19-01 10:13:32,23.245,9.248,65.485,0.250,0.250,5342684,213804,171500,2280692,6163.625,1731.614,7.998,113146.757,2.000,576.871,12502,19996,1.280,1.680,1.100,1,0,21.995,0,0,18,323,0,20,1
19-01 10:13:33,20.326,6.273,72.269,0.502,0,5322284,247072,171504,2267788,9437.139,1720.406,0,1256.679,0,27.101,2492,2060,1.280,1.680,1.100,1,0,8.030,0,0,18,323,0,20,1
19-01 10:13:34,24.140,3.235,71.426,0,0,5338284,231204,171504,2267720,8517.347,1612.681,11.946,557.470,0.995,7.964,2555,2006,1.280,1.680,1.100,1,0,20.905,0,0,18,323,0,20,1
19-01 10:13:35,21.011,6.503,71.537,0.250,0,5329044,233024,171960,2274684,5961.119,1620.848,348.182,16.008,34.018,4.002,3471,3067,1.280,1.680,1.100,2,0,98.051,0,0,18,323,0,20,1
19-01 10:13:36,24.251,2.250,72.004,0,0,5342392,215648,172188,2278436,9234.525,1458.083,4.000,716.041,1.000,7.000,2459,1985,1.260,1.670,1.100,1,0,16.001,0,0,18,323,0,20,1
19-01 10:13:37,14.262,1.501,82.567,0.250,0,5340616,217076,172188,2278768,23880.370,9853.993,0,13374.849,0,103.084,2306,2312,1.260,1.670,1.100,2,0,0,0,0,18,324,0,20,1
19-01 10:13:38,17.488,3.997,76.449,1.249,0,5369648,187408,172188,2279440,53105.682,13756.851,199.867,1566.958,25.983,58.961,3160,9883,1.260,1.670,1.100,2,0,35.976,0,0,18,324,0,21,1
19-01 10:13:39,11.533,1.504,84.494,1.003,0,5369276,187408,172192,2279792,134442.186,13915.178,60.174,1769.108,4.012,102.295,2405,2746,1.260,1.670,1.100,2,0,1.003,0,0,18,325,0,21,1
19-01 10:13:40,17.721,1.747,79.370,0.749,0,5392908,163624,172196,2279924,17918.556,8625.826,0,3430.363,0,187.692,2583,2718,1.260,1.670,1.100,1,0,0.998,0,0,18,325,0,16,1
19-01 10:13:41,16.468,1.497,80.595,0.749,0,5393104,163160,172196,2280188,27253.474,11684.480,0,1481.145,0,61.881,2511,2562,1.160,1.640,1.090,1,0,0,0,0,18,325,0,16,1
19-01 10:13:42,14.999,3.250,78.745,1.000,0,5394764,160932,172196,2280752,319595.074,17279.923,15.999,1999.875,1.000,79.995,4020,5365,1.160,1.640,1.090,0,0,1.000,0,0,18,325,0,16,1
19-01 10:13:43,13.005,1.751,82.780,1.501,0,5394228,160932,172216,2281264,90212.813,14999.456,124.045,2436.886,8.003,109.040,2930,3021,1.160,1.640,1.090,2,0,0,0,0,18,325,0,17,1
19-01 10:13:44,14.747,1.500,81.486,0.250,0,5391460,152672,172292,2292164,1160686.416,23762.934,7.999,839.856,2.000,31.995,2515,2091,1.160,1.640,1.090,1,0,1.000,0,0,18,325,0,13,1
19-01 10:13:45,9.004,2.751,85.039,0.750,0,5381484,130604,172380,2324020,16043112.375,73739.537,0,17736.066,0,73.033,5946,3520,1.160,1.640,1.090,3,0,5.002,0,0,18,325,0,13,1
19-01 10:13:46,18.256,2.501,77.025,1.250,0,5383748,146524,172688,2305996,614966.751,7289.344,164.053,2896.932,4.001,111.036,2622,2281,1.140,1.630,1.090,1,0,1.000,0,0,18,325,0,13,1
19-01 10:13:47,21.732,3.997,71.191,0.999,0,5381468,126292,176184,2321664,7108.144,1618.666,0,5339.601,0,250.793,2995,2503,1.140,1.630,1.090,1,0,0,0,0,18,325,0,13,1
19-01 10:13:48,24.771,3.253,71.811,0.500,0,5384904,133168,176616,2310972,7386.284,1621.379,0,1457.240,0,33.028,2530,2194,1.140,1.630,1.090,1,0,0,0,0,18,325,0,12,1
19-01 10:13:49,24.011,3.251,70.531,1.000,0,5401888,123452,177076,2303200,8853.926,1620.719,16.007,2317.027,1.000,99.044,3101,2990,1.140,1.630,1.090,1,0,0,0,0,18,325,0,12,1
19-01 10:13:50,21.993,4.499,70.979,0.500,0,5415332,127304,177920,2285176,7276.796,1457.559,0,2039.382,0,66.980,2662,2542,1.140,1.630,1.090,1,0,0,0,0,18,325,0,12,1
19-01 10:13:51,24.334,3.261,71.749,0.753,0,5409152,148040,178608,2269172,8572.703,1625.633,0,2412.359,0,92.320,2731,2546,1.130,1.620,1.090,1,0,0,0,0,18,325,0,12,1
19-01 10:13:52,23.417,2.740,71.248,0.498,0,5408368,124892,179960,2290380,8179.064,1614.289,0,2459.299,0,48.827,2579,2299,1.130,1.620,1.090,1,0,0,0,0,18,325,0,8,1
19-01 10:13:53,23.255,3.251,71.517,1.000,0,5408920,127864,180820,2285656,8361.955,1620.379,0,2228.521,0,79.018,2745,2504,1.130,1.620,1.090,1,0,0,0,0,18,325,0,8,1
19-01 10:13:54,18.745,2.999,76.729,0.750,0,5433836,155948,181424,2231652,49961.028,4208.823,0,2167.394,0,69.980,2489,2281,1.130,1.620,1.090,1,0,1.000,0,0,18,323,0,8,1
19-01 10:13:55,23.456,3.743,71.366,0,0,5351768,238204,181424,2231604,41459.072,1658.882,0,251.527,0,15.970,2659,2308,1.130,1.620,1.090,3,0,20.961,0,0,18,323,0,8,1
19-01 10:13:56,18.856,3.268,76.931,0.251,0,5378704,205964,181424,2236876,13254.315,3987.357,0,1588.909,0,22.124,2442,2228,1.120,1.610,1.090,1,0,17.096,0,0,18,323,0,4,1
19-01 10:13:57,20.411,3.485,74.674,0,0,5393408,189972,181424,2238128,13500.990,2879.415,3.983,3.983,0.996,0.996,2425,2139,1.120,1.610,1.090,0,0,17.922,0,0,18,324,0,4,1
19-01 10:13:58,21.252,3.500,72.756,0.250,0,5368912,207512,181660,2244092,10510.869,3291.272,0,2180.180,0,151.012,8342,14550,1.120,1.610,1.090,2,0,6.000,0,0,18,323,0,4,1
19-01 10:13:59,21.541,6.512,70.633,0.250,0,5359308,216324,181732,2244572,12199.004,1623.061,32.060,2697.086,1.002,39.074,4452,6173,1.120,1.610,1.090,2,0,9.017,0,0,18,323,0,4,1
19-01 10:14:00,23.306,7.017,69.418,0,0,5361232,214296,181772,2244636,7794.876,1623.933,0,276.670,0,12.029,10124,18677,1.120,1.610,1.090,1,0,16.039,0,0,18,323,0,2,1
19-01 10:14:01,21.912,4.980,70.964,0.249,0,5319204,269956,181788,2231760,8676.974,1613.487,31.871,1250.950,1.992,31.871,2602,2234,1.110,1.600,1.090,1,0,3.984,0,0,18,323,0,2,1
19-01 10:14:02,21.747,4.499,71.740,0.750,0,5356548,229920,182208,2234032,7156.986,1661.764,227.968,491.930,3.000,20.997,2545,2273,1.110,1.600,1.090,1,0,6.999,0,0,18,323,0,2,1
19-01 10:14:03,23.752,5.000,68.755,1.250,0,5356724,228572,182212,2235196,5700.399,1620.113,756.053,2476.173,32.002,128.009,6100,8364,1.110,1.600,1.090,1,0,0,0,0,18,326,0,7,1
19-01 10:14:04,19.322,14.052,64.992,1.255,0,5302932,281328,182212,2236232,6143.839,1626.045,610.269,3155.731,30.112,309.149,8349,9982,1.110,1.600,1.090,1,0,269.000,0,0,18,325,0,9,1
19-01 10:14:05,13.441,11.948,69.446,2.987,0,5310796,271644,182212,2238052,7819.825,1451.656,1788.185,374.364,116.491,22.900,4693,3996,1.110,1.600,1.090,1,1,188.178,0,0,18,325,0,11,1
19-01 10:14:06,6.760,2.253,71.855,17.025,0,5294932,260800,182212,2264744,8764.773,1622.364,26666.863,813.185,1526.224,16.023,3963,5076,1.100,1.590,1.090,2,1,0,0,0,18,325,0,11,1
19-01 10:14:07,8.751,4.000,72.755,13.751,0,5292816,247316,182588,2279964,8687.545,2173.136,15652.982,6004.377,2078.130,187.012,6539,6992,1.100,1.590,1.090,1,0,6.000,0,0,18,326,0,11,1
19-01 10:14:08,2.248,1.249,94.647,0.499,0,5283144,257232,182616,2280024,15397.283,3579.114,83.909,24397.512,20.977,424.539,1951,2088,1.100,1.590,1.090,1,0,0,0,0,18,326,0,11,1
19-01 10:14:09,3.011,1.506,93.843,1.004,0,5283432,256772,182616,2280196,46627.360,5156.841,176.645,2047.481,4.015,326.192,2214,2389,1.100,1.590,1.090,1,0,1.004,0,0,18,326,0,11,1
19-01 10:14:10,3.738,2.243,90.219,1.745,0,5245880,294132,182624,2280400,85052.500,129716.601,398.760,462.562,24.922,0.997,1807,1998,1.100,1.590,1.090,2,0,12.960,0,0,18,325,0,11,1
19-01 10:14:11,2.000,0.750,95.984,0,0,5245168,294840,182624,2280404,5860.034,1619.733,0,559.908,0,25.996,1482,2169,1.010,1.560,1.080,0,0,0,0,0,18,325,0,11,1
19-01 10:14:12,2.250,0.750,96.003,0,0,5239812,300196,182624,2280404,8986.249,1458.040,0,108.003,0,8.000,1271,1735,1.010,1.560,1.080,0,0,0,0,0,18,325,0,11,1
19-01 10:14:13,2.499,1.499,93.709,0.750,0,5239768,300236,182624,2280408,7353.748,1619.284,0,3790.324,0,196.913,1976,2991,1.010,1.560,1.080,0,0,0,0,0,18,325,0,11,1
19-01 10:14:14,15.048,4.514,79.002,0.251,0.251,5273684,266300,182624,2280428,5966.057,1625.191,545.743,196.628,5.016,27.087,2298,2374,1.010,1.560,1.080,2,0,6.019,0,0,18,325,0,11,1
19-01 10:14:15,17.264,5.755,76.313,0,0,5251216,288732,182624,2280464,10198.434,1621.341,512.424,336.278,4.003,25.021,2522,2050,1.010,1.560,1.080,0,0,7.006,0,0,18,325,0,11,1
19-01 10:14:16,1.993,0.498,96.170,0,0,5250196,289712,182624,2280504,8288.542,1614.457,0,0,0,0,1212,1627,0.930,1.540,1.080,0,0,0,0,0,18,325,0,11,1
19-01 10:14:17,2.000,1.000,96.006,0,0,5249440,290468,182624,2280504,9569.574,1620.097,0,0,0,0,1258,1667,0.930,1.540,1.080,0,0,0,0,0,18,325,0,11,1
19-01 10:14:18,1.750,2.000,94.977,0,0,5231232,308676,182624,2280504,8554.908,1619.604,0,21094.842,0,63.984,1364,1740,0.930,1.540,1.080,1,0,0,0,0,18,325,0,11,1
19-01 10:14:19,2.502,0.500,95.340,0.500,0,5225880,314012,182624,2280508,5157.859,1459.375,0,1016.958,0,29.027,1498,2155,0.930,1.540,1.080,0,0,0,0,0,18,325,0,11,1
19-01 10:14:20,1.748,0.499,96.399,0,0,5225880,314012,182624,2280508,8719.862,1618.304,0,0,0,0,1243,1708,0.930,1.540,1.080,0,0,0,0,0,18,325,0,11,1
19-01 10:14:21,2.500,0.500,96.490,0,0,5225876,314012,182624,2280512,8774.047,1619.824,0,199.978,0,15.998,1190,1636,0.860,1.510,1.070,0,0,0,0,0,18,325,0,11,1
19-01 10:14:22,1.000,1.250,96.717,0,0,5225876,314012,182624,2280512,8318.143,1619.444,0,0,0,0,1130,1585,0.860,1.510,1.070,0,0,0,0,0,18,325,0,11,1
19-01 10:14:23,2.501,3.251,91.792,0.500,0,5221048,318840,182624,2280512,11260.131,1620.739,0,127594.139,0,557.254,3138,2731,0.860,1.510,1.070,0,0,0,0,0,18,325,0,11,1
19-01 10:14:24,2.500,1.000,95.499,0.500,0,5221248,318616,182624,2280536,45267.338,1619.976,16.000,1699.975,1.000,22.000,1590,2190,0.860,1.510,1.070,1,0,1.000,0,0,18,325,0,11,1
19-01 10:14:25,1.750,0.750,95.978,0.250,0,5221732,318116,182624,2280552,43654.870,1619.624,0,1503.651,0,236.945,1785,2037,0.860,1.510,1.070,2,0,1.000,0,0,18,325,0,11,1
19-01 10:14:26,2.000,0.750,96.227,0,0,5221728,318116,182624,2280556,6930.343,1457.651,0,91.978,0,11.997,1355,1926,0.790,1.490,1.070,0,0,1.000,0,0,18,325,0,11,1
19-01 10:14:27,2.501,0.500,95.794,0,0,5221728,318116,182624,2280556,7774.551,1620.740,0,40.018,0,4.002,1323,1817,0.790,1.490,1.070,0,0,0,0,0,18,325,0,11,1
19-01 10:14:28,1.003,1.504,96.283,0.251,0,5221160,318684,182624,2280556,8900.188,1624.781,0,16115.418,0,66.195,1398,1753,0.790,1.490,1.070,0,0,0,0,0,18,325,0,11,1
19-01 10:14:29,2.244,0.748,95.478,0,0,5221376,318464,182624,2280560,7271.263,1615.393,0,283.192,0,28.918,1493,2134,0.790,1.490,1.070,0,0,0,0,0,18,325,0,11,1
19-01 10:14:30,1.250,0.250,96.758,0,0,5221376,318464,182624,2280560,8789.712,1620.131,0,32.003,0,4.000,1133,1616,0.790,1.490,1.070,0,0,0,0,0,18,325,0,11,1
19-01 10:14:31,2.000,1.000,96.979,0,0,5221376,318464,182624,2280560,8266.185,1619.644,0,0,0,0,1208,1648,0.720,1.460,1.060,0,0,0,0,0,18,325,0,11,1
19-01 10:14:32,1.500,0.500,96.272,0,0,5221376,318464,182624,2280560,9113.072,1620.368,0,0,0,0,1250,1721,0.720,1.460,1.060,0,0,2.000,0,0,18,325,0,11,1
19-01 10:14:33,1.249,1.499,95.948,0,0,5221216,318620,182624,2280564,9011.143,1619.127,0,2566.617,0,8.995,1267,1732,0.720,1.460,1.060,0,0,0,0,0,18,325,0,11,1
19-01 10:14:34,2.501,0.750,95.519,0.250,0,5221216,318620,182624,2280564,5595.139,1458.297,0,280.057,0,18.004,1439,2160,0.720,1.460,1.060,0,0,0,0,0,18,325,0,11,1
19-01 10:14:35,2.251,0.750,96.302,0,0,5221460,318368,182624,2280572,5812.150,1620.878,0,312.169,0,22.012,1362,1924,0.720,1.460,1.060,0,0,1.001,0,0,18,325,0,11,1
19-01 10:14:36,0.999,0.749,96.115,0,0,5221456,318368,182624,2280576,10606.129,1617.732,0,51.927,0,5.992,1237,1725,0.670,1.440,1.050,0,0,0,0,0,18,325,0,11,1
19-01 10:14:37,2.502,0.500,96.341,0,0,5221456,318368,182624,2280576,7471.079,1621.536,0,0,0,0,1223,1732,0.670,1.440,1.050,0,0,0,0,0,18,325,0,11,1
19-01 10:14:38,6.999,4.000,86.990,0.250,0,5235300,304520,182628,2280352,9470.946,1619.820,4.000,3407.621,1.000,79.991,3091,8502,0.670,1.440,1.050,0,0,35.996,0,0,18,325,0,12,1
19-01 10:14:39,2.507,1.003,95.754,0.251,0,5235288,304520,182628,2280588,11660.933,1624.309,0,433.149,0,38.101,1626,2307,0.670,1.440,1.050,1,0,1.003,0,0,18,325,0,12,1
19-01 10:14:40,1.746,0.499,96.260,0,0,5235340,304520,182628,2280588,8010.058,1011.482,0,27.930,0,2.993,1257,1898,0.670,1.440,1.050,1,0,0,0,0,18,325,0,12,1
19-01 10:14:41,13.556,4.519,81.087,0.251,0,5249972,289884,182652,2280568,427917.249,13307.300,0,815.388,0,134.559,3436,3104,0.690,1.430,1.050,1,0,26.108,0,0,18,325,0,11,1
19-01 10:14:42,15.255,5.752,77.274,1.000,0,5246540,292724,182660,2281152,300323.015,12788.046,140.044,4.001,7.002,1.000,3397,2918,0.690,1.430,1.050,2,0,36.011,0,0,18,325,0,11,1
