"pcp-dstat 6.2.0 CSV Output"
"Author:","PCP team <pcp@groups.io> and Dag Wieers <dag@wieers.com>",,,,"URL:","https://pcp.io/ and http://dag.wieers.com/home-made/dstat/"
"Host:","ubuntu",,,,"User:","ubuntu"
"Cmdline:","dstat -tcmndrylpg --tcp --output /tmp/devstack_logs/dstat-csv.log",,,,"Date:","16 Jan 2026 18:40:45 UTC"
"system","total usage",,,,,"memory usage",,,,"net/total",,"dsk/total",,"io/total",,"system",,"load avg",,,"procs",,,"paging",,"tcp sockets",,,,
"time","total usage:usr","total usage:sys","total usage:idl","total usage:wai","total usage:stl","used","free","buf","cach","net/total:recv","net/total:send","dsk/total:read","dsk/total:writ","read","writ","int","csw","1m","5m","15m","run","blk","new","in","out","lis","act","syn","tim","clo"
16-01 18:40:45,,995408,1711252,162784,4952232,,,,,,,1.700,1.050,0.560,4,0,,,,10,6,0,17,0
16-01 18:40:46,19.681,20.428,57.548,0.747,0,1011924,1694188,162900,4952536,43757.337,11308.289,0,2531.111,0,98.654,6923,6143,1.720,1.070,0.570,3,0,518.180,0,0,10,5,0,17,1
16-01 18:40:47,26.577,19.055,53.404,0.501,0,1024764,1680796,162940,4952964,25266.938,11787.025,4.012,1644.748,1.003,57.165,6340,5967,1.720,1.070,0.570,2,0,369.065,0,0,10,4,0,17,2
16-01 18:40:48,43.030,16.511,39.027,1.001,0,1064060,1615452,163176,4976584,183304.339,6898.755,28.019,3574.464,2.001,90.062,6378,6977,1.720,1.070,0.570,2,0,269.186,0,0,10,4,1,17,2
16-01 18:40:49,32.177,9.229,57.121,0.249,0,1186512,1471172,164044,5119508,8698.316,1690.175,15.964,1460.694,0.998,33.923,4148,3353,1.720,1.070,0.570,2,0,96.781,0,0,11,6,1,17,2
16-01 18:40:50,39.247,12.249,47.497,0,0,1226788,1418640,164328,5129948,9592.342,1693.884,0,767.947,0,34.998,4834,3254,1.720,1.070,0.570,2,0,194.987,0,0,11,6,1,19,2
16-01 18:40:51,42.998,6.000,48.747,1.750,0,1272980,1345500,165336,5153248,5440.699,1693.906,35.998,4739.738,3.000,137.992,3162,2154,1.750,1.080,0.580,2,0,0,0,0,11,6,1,19,2
16-01 18:40:52,44.704,5.494,48.450,0.999,0,1297588,1290016,166484,5179808,44659.935,1692.254,0,4771.079,0,193.800,3817,3100,1.750,1.080,0.580,2,1,0.999,0,0,11,8,1,19,2
16-01 18:40:53,31.343,8.274,46.137,12.537,0,1302124,1263204,168624,5197824,39429.730,2866.486,0,66813.799,0,4586.578,22987,33657,1.750,1.080,0.580,2,0,72.214,0,0,11,9,1,19,2
16-01 18:40:54,41.407,6.984,47.893,1.996,0,1243584,1339572,168728,5180180,19309.839,3009.274,0,16367.416,0,1124.487,7627,7823,1.750,1.080,0.580,3,0,85.808,0,0,11,4,1,19,0
16-01 18:40:55,39.582,5.261,54.864,0.251,0,1299984,1282144,168744,5181224,13442.984,3873.063,0,1434.987,0,38.079,2911,1668,1.750,1.080,0.580,2,0,33.069,0,0,11,5,1,19,0
16-01 18:40:56,46.018,5.252,47.268,1.000,0,1255964,1319892,168908,5186676,7013.712,1794.694,0,8759.387,0,493.191,4388,3595,1.770,1.100,0.590,2,0,13.005,0,0,11,4,1,19,0
16-01 18:40:57,38.724,4.747,55.962,0.500,0,1264240,1303708,169376,5192636,15447.612,4721.825,0,1411.051,0,70.952,2952,1711,1.770,1.100,0.590,2,0,17.988,0,0,11,4,1,19,0
16-01 18:40:58,41.262,11.753,45.013,0,0,1230604,1336572,169472,5193140,6935.961,1620.458,0,152.043,0,3.001,12652,20264,1.770,1.100,0.590,2,0,184.052,0,0,11,4,1,19,0
16-01 18:40:59,32.712,28.467,36.208,0,0,1204396,1362440,169520,5193356,8469.193,1692.041,0,211.755,0,12.985,14619,32830,1.770,1.100,0.590,3,0,562.349,0,0,11,4,1,20,0
16-01 18:41:00,41.196,17.477,39.948,0.250,0,1162448,1419008,169544,5180960,7721.910,1617.886,0,2328.957,0,107.859,6091,6729,1.770,1.100,0.590,4,0,232.696,0,0,11,4,1,19,0
16-01 18:41:01,58.927,10.281,30.341,0,0,1247084,1334340,169548,5180996,8985.957,1516.549,0,4.012,0,1.003,3756,2018,1.790,1.110,0.600,3,0,142.427,0,0,11,5,1,19,0
16-01 18:41:02,47.124,3.740,49.118,0,0,1268804,1312164,169560,5181440,9284.118,1603.702,0,183.508,0,1.995,2779,1230,1.790,1.110,0.600,2,0,0,0,0,11,5,1,19,0
16-01 18:41:03,42.106,10.777,45.614,0.501,0,1281160,1297452,169592,5183712,7186.023,1624.073,0,16725.950,0,155.390,3891,4341,1.790,1.110,0.600,2,0,46.116,0,0,11,4,1,19,0
16-01 18:41:04,1.995,3.740,93.502,0.249,0,1281380,1297212,169596,5183724,6061.940,1615.719,0,386.975,0,24.934,1783,1808,1.790,1.110,0.600,0,0,77.794,0,0,11,4,1,19,0
16-01 18:41:05,17.759,4.502,76.789,0,0,1339812,1238776,169600,5183724,9210.687,1620.825,0,0,0,0,1970,1526,1.790,1.110,0.600,1,0,23.012,0,0,11,4,1,19,0
16-01 18:41:06,23.242,2.749,73.725,0,0,1373824,1204756,169600,5183732,7072.574,1619.444,0,0,0,0,1773,1181,1.720,1.110,0.600,1,0,0,0,0,11,4,1,19,0
16-01 18:41:07,23.734,1.999,72.202,0.750,0,1398496,1179808,169640,5183968,10082.352,1692.884,0,1690.885,0,244.839,3902,4645,1.720,1.110,0.600,1,0,0.999,0,0,11,10,1,19,0
16-01 18:41:08,20.260,6.003,71.287,1.251,0,1360856,1217280,169704,5184068,8641.457,1620.836,100.052,14639.550,10.005,206.106,2918,2309,1.720,1.110,0.600,1,0,43.022,0,0,11,4,1,15,0
16-01 18:41:09,19.759,1.501,78.036,0.500,0,1384768,1192844,169972,5184260,10889.976,4010.833,272.124,1684.770,10.005,45.021,1855,1395,1.720,1.110,0.600,1,0,0,0,0,11,11,1,15,0
16-01 18:41:10,15.744,2.249,74.222,7.247,0,1390408,1186840,170024,5184492,10133.245,4066.493,267.901,3566.678,65.976,145.946,2633,2579,1.720,1.110,0.600,1,0,1.999,0,0,11,27,1,15,0
16-01 18:41:11,19.249,5.750,74.246,0,0,1414968,1162196,170024,5184572,10417.369,4866.705,0,0,0,0,2422,1843,1.660,1.110,0.600,2,0,43.997,0,0,11,28,1,16,0
16-01 18:41:12,17.750,2.500,78.749,0,0,1442816,1134344,170024,5184576,10569.883,6285.930,0,0,0,0,1705,1227,1.660,1.110,0.600,0,0,0,0,0,11,29,1,16,0
16-01 18:41:13,25.975,10.990,61.192,0.250,0,1446536,1130592,170036,5184596,11797.853,3812.398,0,1306.765,0,43.958,3819,2842,1.660,1.110,0.600,3,0,155.853,0,0,11,28,1,17,0
16-01 18:41:14,37.038,5.506,55.808,1.502,0,1485840,1091148,170036,5184740,14223.757,9327.677,0,31504.685,0,494.513,3989,2253,1.660,1.110,0.600,1,0,0,0,0,11,30,1,17,0
16-01 18:41:15,34.830,5.262,59.387,0,0,1470636,1106324,170040,5184936,22578.085,12547.947,0,172.398,0,20.046,5911,7385,1.660,1.110,0.600,2,0,22.051,0,0,11,28,1,18,0
16-01 18:41:16,64.766,30.257,4.751,0,0,1521352,1055544,170040,5184968,7025.731,1620.399,0,252.062,0,23.006,5875,4992,2.010,1.190,0.630,6,0,556.137,0,0,11,28,1,17,0
16-01 18:41:17,88.756,10.501,0.750,0,0,1725404,851464,170040,5184992,21223.448,14347.979,0,0,0,0,5253,3030,2.010,1.190,0.630,4,0,0,0,0,11,33,1,17,0
16-01 18:41:18,79.084,9.231,10.228,0.249,0,1742432,834164,170056,5185236,40015.810,32301.041,0,574.791,0,56.880,8715,13022,2.010,1.190,0.630,4,0,50.893,0,0,11,30,1,21,0
16-01 18:41:19,37.218,11.990,50.207,0,0,1502920,1073628,170056,5185264,7899.303,3412.107,0,13224.788,0,64.945,4414,4222,2.010,1.190,0.630,1,0,259.780,0,0,11,28,1,23,0
16-01 18:41:20,16.750,2.250,80.250,0.250,0,1488244,1088292,170056,5185276,10935.063,7326.042,0,196.001,0,11.000,2077,2022,2.010,1.190,0.630,0,0,0,0,0,11,29,1,22,0
16-01 18:41:21,17.001,7.001,75.006,0,0,1487644,1088876,170064,5185284,10789.838,2804.218,0,732.057,0,54.004,3197,2858,1.930,1.190,0.630,1,0,68.005,0,0,11,28,1,23,0
16-01 18:41:22,19.249,2.250,78.495,0,0,1471076,1105440,170064,5185288,47516.868,5534.635,0,0,0,0,1917,1465,1.930,1.190,0.630,1,0,0,0,0,11,29,1,23,0
16-01 18:41:23,14.533,8.269,75.921,0,0,1401664,1174704,170064,5185436,37566.434,4689.540,0,148.333,0,18.041,4078,3876,1.930,1.190,0.630,2,0,170.383,0,0,11,28,1,24,0
16-01 18:41:24,22.517,33.526,43.033,0.500,0,1405248,1171104,170068,5185436,16972.951,1695.294,0,82054.611,0,254.194,7248,6146,1.930,1.190,0.630,6,0,821.627,0,0,11,28,1,24,0
16-01 18:41:25,85.995,13.499,0,0,0,1623676,952600,170096,5185484,10561.433,2199.882,0,3571.808,0,193.990,5582,3228,1.930,1.190,0.630,4,0,46.997,0,0,11,29,1,24,0
16-01 18:41:26,72.713,8.496,19.240,0,0,1672076,904140,170104,5185552,40896.454,34427.704,0,4377.801,0,157.921,7175,8857,2.020,1.220,0.640,5,0,0,0,0,11,33,1,24,0
16-01 18:41:27,69.031,17.258,13.256,0,0,1562292,1013800,170112,5185668,23982.800,17681.962,0,620.279,0,75.034,8588,11383,2.020,1.220,0.640,7,0,282.127,0,0,11,28,1,25,0
16-01 18:41:28,86.748,13.250,0.250,0,0,1656196,919792,170112,5185772,12254.706,2303.945,0,219.995,0,10.000,4966,2680,2.020,1.220,0.640,5,0,28.999,0,0,11,29,1,25,0
16-01 18:41:29,83.902,9.239,5.494,0,0,1765024,810652,170112,5186076,45895.337,34997.080,0,595.304,0,11.986,7061,8278,2.020,1.220,0.640,4,0,0,0,0,11,34,1,25,0
16-01 18:41:30,68.075,13.964,16.707,0,0,1595760,979780,170128,5186192,36719.360,30236.070,0,482.756,0,37.902,8770,13667,2.020,1.220,0.640,2,0,267.311,0,0,11,28,1,30,0
16-01 18:41:31,42.308,8.261,49.067,0,0,1573968,1001564,170132,5186196,9145.486,1864.546,0,1902.598,0,118.161,3128,1625,2.020,1.230,0.650,1,0,30.041,0,0,11,28,2,30,0
16-01 18:41:32,29.986,3.748,65.718,0.250,0,1565100,1010396,170132,5186232,22300.225,16905.831,0,259.874,0,19.990,4564,5421,2.020,1.230,0.650,1,0,0,0,0,11,29,1,31,0
16-01 18:41:33,51.901,21.563,26.327,0,0,1500932,1074532,170132,5186264,12658.932,4481.074,0,216.632,0,15.044,5123,4255,2.020,1.230,0.650,3,0,379.106,0,0,11,28,1,32,0
16-01 18:41:34,53.752,5.000,40.751,0,0,1563284,1012160,170132,5186284,20726.636,14350.440,0,296.009,0,10.000,4289,3300,2.020,1.230,0.650,2,0,0,0,0,11,31,1,32,0
16-01 18:41:35,50.501,14.250,34.251,0.500,0,1466068,1109216,170164,5186412,22674.391,17107.295,0,928.016,0,77.001,6910,9479,2.020,1.230,0.650,4,0,258.004,0,0,11,28,1,33,0
16-01 18:41:36,81.250,11.216,6.729,0,0,1613204,962056,170164,5186436,13246.285,6914.746,0,171.473,0,9.969,4721,1802,2.090,1.260,0.660,0,0,0,0,0,11,32,1,33,0
16-01 18:41:37,56.894,7.018,36.342,0,0.251,1622816,952228,170168,5186648,41208.534,33140.067,0,268.682,0,29.074,7926,11347,2.090,1.260,0.660,2,0,0,0,0,11,31,1,29,0
16-01 18:41:38,62.774,19.257,17.007,0,0,1532012,1042984,170180,5186688,14416.594,5136.993,0,376.146,0,29.011,5267,4907,2.090,1.260,0.660,3,0,325.126,0,0,11,28,1,31,0
16-01 18:41:39,52.502,5.500,41.252,0.250,0,1581040,993944,170180,5186700,20928.767,14482.531,0,540.020,0,9.000,3827,2540,2.090,1.260,0.660,1,0,0,0,0,11,31,1,31,0
16-01 18:41:40,51.866,15.959,31.170,0,0,1485224,1089500,170196,5186944,29865.997,17788.137,0,1061.264,0,71.815,7893,10260,2.090,1.260,0.660,3,0,298.231,0,0,11,28,1,33,0
16-01 18:41:41,58.231,7.747,34.239,0.250,0,1589436,985260,170196,5186972,13350.570,7081.650,0,179.940,0,7.997,3521,1461,2.010,1.260,0.670,5,0,0,0,0,11,31,1,33,0
16-01 18:41:42,48.855,7.516,42.842,0,0,1583040,991336,170212,5187276,26398.522,22104.328,0,192.412,0,18.039,5899,8362,2.010,1.260,0.670,3,0,95.204,0,0,11,29,1,35,0
16-01 18:41:43,65.370,17.964,16.467,0,0,1548536,1025808,170212,5187308,8693.668,3534.953,0,187.626,0,7.984,4453,3008,2.010,1.260,0.670,4,0,191.618,0,0,11,28,1,36,0
16-01 18:41:44,44.995,4.750,48.995,0,0,1576760,997480,170216,5187408,28716.118,21811.811,0,2359.763,0,45.995,4726,5194,2.010,1.260,0.670,2,0,0,0,0,11,31,1,36,0
16-01 18:41:45,58.667,13.288,27.578,0.251,0,1463948,1110008,170272,5187620,15579.236,6958.759,0,1841.228,0,107.305,6069,6083,2.010,1.260,0.670,3,0,112.319,0,0,11,28,1,35,0
16-01 18:41:46,54.004,5.000,39.753,0,0,1546660,1027144,170272,5187772,20311.664,13432.100,0,0,0,0,3843,2507,2.090,1.280,0.680,3,0,0,0,0,11,31,1,35,0
16-01 18:41:47,46.752,19.001,34.001,0,0,1504376,1069368,170288,5187816,24829.962,15502.601,0,412.016,0,44.002,7609,9404,2.090,1.280,0.680,5,0,349.014,0,0,11,28,1,37,0
16-01 18:41:48,77.992,21.748,0,0,0,1594748,978936,170292,5187872,8182.144,1693.823,0,227.976,0,14.998,5616,4594,2.090,1.280,0.680,8,0,419.956,0,0,11,28,1,37,0
16-01 18:41:49,82.493,16.249,0.750,0,0,1740864,832788,170296,5187900,26176.936,20525.382,0,379.970,0,9.999,6291,5642,2.090,1.280,0.680,6,0,414.967,0,0,11,33,1,37,0
16-01 18:41:50,76.204,18.739,4.997,0,0.250,1750572,822836,170316,5188124,46207.129,40291.697,0,975.412,0,73.955,8676,10948,2.090,1.280,0.680,8,0,493.702,0,0,11,29,1,38,0
16-01 18:41:51,80.514,19.503,0,0,0,1603028,970260,170324,5188236,12365.077,7707.294,0,240.040,0,21.004,5739,4411,2.480,1.380,0.710,5,0,177.030,0,0,11,28,1,38,0
16-01 18:41:52,82.229,9.498,8.248,0,0,1689508,883748,170328,5188264,62638.256,20461.857,0,127.968,0,9.997,5639,4547,2.480,1.380,0.710,4,0,0,0,0,11,33,1,38,0
16-01 18:41:53,65.760,13.752,19.253,0,0,1636156,936744,170328,5188620,71232.308,37310.923,0,16.003,0,4.001,9757,15027,2.480,1.380,0.710,2,0,276.044,0,0,11,29,1,40,0
16-01 18:41:54,17.259,29.265,52.276,0,0,1474752,1098104,170328,5188664,22482.312,3697.861,0,48.024,0,9.005,7113,6278,2.480,1.380,0.710,3,0,773.389,0,0,11,28,1,41,0
16-01 18:41:55,71.872,25.954,1.996,0,0,1540652,1032168,170328,5188700,7438.717,1690.980,0,23.957,0,5.989,5408,4005,2.480,1.380,0.710,4,0,552.014,0,0,11,28,1,41,0
16-01 18:41:56,62.535,7.004,30.017,0,0.250,1613480,959276,170340,5188752,31158.577,23961.517,0,324.183,0,18.010,5988,6544,2.520,1.410,0.730,3,0,0,0,0,11,32,1,41,0
16-01 18:41:57,65.339,18.776,15.772,0,0,1525288,1047420,170352,5188788,19761.967,12166.602,0,596.814,0,66.090,7168,8469,2.520,1.410,0.730,4,0,268.366,0,0,11,28,1,45,0
16-01 18:41:58,75.995,8.999,14.499,0,0,1608000,964536,170356,5188956,16038.940,11804.220,0,143.990,0,7.000,4635,2561,2.520,1.410,0.730,4,0,1.000,0,0,11,31,1,45,0
16-01 18:41:59,56.744,8.499,34.746,0,0,1636676,935624,170360,5192420,42651.263,35338.075,0,139.984,0,5.999,9114,19151,2.520,1.410,0.730,5,0,35.996,0,0,11,32,1,45,0
16-01 18:42:00,58.240,7.999,31.994,0.250,0,1562404,1009768,170384,5189292,42454.553,30749.606,0,443.922,0,44.992,11155,20339,2.520,1.410,0.730,4,0,39.993,0,0,11,29,1,46,0
16-01 18:42:01,82.241,15.202,2.492,0,0,1554376,1017632,170396,5189444,9921.772,4173.863,0,227.285,0,21.931,5185,2874,2.640,1.450,0.740,3,0,79.749,0,0,11,29,1,45,0
16-01 18:42:02,64.410,6.266,28.571,0,0,1607160,964808,170396,5189484,32119.982,25036.343,0,3580.917,0,140.349,5845,7170,2.640,1.450,0.740,3,0,0,0,0,11,32,1,45,0
16-01 18:42:03,50.530,6.504,42.275,0,0,1607140,964528,170396,5189764,49000.819,40622.891,0,112.066,0,7.004,11521,18807,2.640,1.450,0.740,5,0,6.004,0,0,11,31,1,46,0
16-01 18:42:04,70.137,18.470,10.733,0,0,1508920,1062572,170400,5189936,22746.249,13981.410,0,111.819,0,7.987,7084,7601,2.640,1.450,0.740,4,0,259.581,0,0,11,28,1,49,0
16-01 18:42:05,72.387,7.765,19.787,0,0,1599672,971780,170408,5189968,24101.583,16591.379,0,204.387,0,11.021,4551,3210,2.640,1.450,0.740,3,0,0,0,0,11,32,1,49,0
16-01 18:42:06,62.750,8.750,27.250,0.250,0,1575500,995732,170412,5190184,34441.020,30179.017,0,108.000,0,8.000,8555,13239,2.590,1.460,0.750,4,0,36.000,0,0,11,30,1,51,0
16-01 18:42:07,73.504,15.501,10.501,0,0,1530696,1040472,170428,5190232,21030.268,12315.743,0,408.025,0,44.003,6292,6904,2.590,1.460,0.750,4,0,92.006,0,0,11,29,1,51,0
16-01 18:42:08,69.929,8.991,20.729,0,0,1601940,969180,170436,5190272,21230.325,15587.087,0,367.625,0,36.962,5187,4814,2.590,1.460,0.750,4,0,60.938,0,0,11,30,1,53,0
16-01 18:42:09,69.803,12.760,17.263,0,0,1666560,904380,170436,5190452,23434.948,19280.766,0,164.126,0,10.008,5829,8404,2.590,1.460,0.750,2,0,60.046,0,0,11,30,1,51,0
16-01 18:42:10,62.354,8.979,28.184,0.249,0,1668520,902192,170448,5190636,43470.050,31089.087,0,227.467,0,20.951,7569,11079,2.590,1.460,0.750,3,0,61.855,0,0,11,32,1,53,0
16-01 18:42:11,73.447,16.738,9.243,0,0,1552280,1018384,170460,5190672,19443.918,11342.785,0,227.835,0,14.989,5948,5851,2.700,1.500,0.770,5,0,168.878,0,0,11,33,1,55,0
16-01 18:42:12,71.431,7.018,21.053,0,0,1644464,926148,170468,5190716,27215.123,18875.943,0,284.723,0,37.094,5522,5046,2.700,1.500,0.770,4,0,2.005,0,0,11,35,1,56,0
16-01 18:42:13,67.460,11.493,20.738,0,0,1590712,979708,170488,5190888,26552.305,19459.498,0,255.849,0,22.986,6701,8893,2.700,1.500,0.770,3,0,67.960,0,0,11,33,1,56,0
16-01 18:42:14,59.584,11.516,28.290,0,0,1583872,986492,170492,5190940,16972.037,12733.033,0,292.414,0,26.037,4629,3915,2.700,1.500,0.770,2,0,138.196,0,0,11,34,1,57,0
16-01 18:42:15,51.359,11.219,36.150,0.249,0,1567344,1002992,170508,5190952,18031.326,9540.717,0,570.429,0,73.797,4911,4372,2.700,1.500,0.770,3,0,119.670,0,0,11,33,1,59,0
16-01 18:42:16,55.235,10.247,34.241,0.250,0,1575600,994536,170512,5191132,18318.186,11644.939,0,1635.570,0,20.994,4660,4378,2.650,1.510,0.780,3,0,95.975,0,0,11,34,1,60,0
16-01 18:42:17,51.900,7.271,41.620,0,0,1603924,966148,170512,5191196,24831.562,19662.665,0,192.555,0,9.026,4960,7347,2.650,1.510,0.780,3,0,43.124,0,0,11,34,1,61,0
16-01 18:42:18,59.503,9.250,30.251,0,0,1548276,1021608,170520,5191376,16051.734,8299.379,0,216.010,0,15.001,4520,4027,2.650,1.510,0.780,4,0,46.002,0,0,11,32,1,62,0
16-01 18:42:19,34.164,6.484,58.353,0,0,1570488,999348,170528,5191416,21916.619,15856.931,0,243.385,0,13.965,3935,4700,2.650,1.510,0.780,0,0,83.788,0,0,11,34,1,62,0
16-01 18:42:20,29.999,9.250,58.997,0.500,0,1467476,1102164,170564,5191576,19857.087,10615.512,0,2143.901,0,135.994,5873,6818,2.650,1.510,0.780,2,0,134.994,0,0,11,32,1,64,0
16-01 18:42:21,40.241,5.249,54.238,0,0,1499428,1070200,170568,5191584,10305.687,4661.954,0,115.974,0,7.998,2731,1441,2.510,1.500,0.780,1,0,0,0,0,11,34,1,64,0
16-01 18:42:22,33.776,5.004,60.547,0,0,1442204,1127360,170572,5191644,54495.440,15311.925,0,72.056,0,6.005,5037,6274,2.510,1.500,0.780,2,0,34.026,0,0,11,33,1,58,0
16-01 18:42:23,40.209,11.488,48.201,0.250,0,1477080,1092456,170572,5191672,28481.191,2547.423,0,3596.362,0,165.832,4077,2484,2.510,1.500,0.780,2,0,103.895,0,0,11,32,1,59,0
16-01 18:42:24,32.312,3.757,62.119,0,0,1476796,1092720,170580,5191684,39201.165,12802.548,0,204.392,0,20.038,3352,3101,2.510,1.500,0.780,2,0,8.015,0,0,11,33,1,60,0
16-01 18:42:25,35.680,8.483,54.643,0,0,1457792,1111688,170588,5191712,16605.406,7086.091,0,307.397,0,20.959,3983,4428,2.510,1.500,0.780,2,0,56.888,0,0,11,32,1,61,0
16-01 18:42:26,35.241,3.999,59.984,0,0,1527272,1042064,170588,5191856,19915.693,11751.869,0,175.953,0,10.997,3010,2855,2.390,1.490,0.780,1,0,0,0,0,11,34,1,60,0
16-01 18:42:27,35.015,6.003,57.524,0.250,0,1499496,1069792,170592,5191900,23122.644,13517.638,0,228.095,0,20.008,4970,6038,2.390,1.490,0.780,3,0,43.018,0,0,11,32,1,62,0
16-01 18:42:28,39.992,6.499,53.240,0,0,1469620,1099656,170600,5191904,15034.082,6501.738,0,155.970,0,11.998,3091,2112,2.390,1.490,0.780,2,0,5.999,0,0,11,33,1,62,0
16-01 18:42:29,32.735,3.998,62.472,0,0,1483188,1086044,170604,5191944,21009.419,15178.078,0,243.889,0,22.990,4572,5902,2.390,1.490,0.780,2,0,0,0,0,11,33,1,63,0
16-01 18:42:30,22.506,13.254,63.268,0,0,1420600,1148612,170608,5191960,9904.849,5385.549,0,220.063,0,19.005,4567,4422,2.390,1.490,0.780,2,0,282.081,0,0,11,32,1,61,0
16-01 18:42:31,18.257,2.251,78.532,0,0,1438840,1130308,170608,5192024,14418.792,6663.677,0,184.074,0,10.004,1926,1553,2.280,1.480,0.780,1,0,0,0,0,11,33,1,61,0
16-01 18:42:32,16.040,4.261,78.696,0.251,0,1416360,1152632,170608,5192180,13360.204,6963.306,0,669.664,0,24.060,3607,4224,2.280,1.480,0.780,1,0,74.184,0,0,11,32,1,62,0
16-01 18:42:33,16.208,10.971,71.563,0,0,1409736,1159256,170608,5192188,9179.960,1615.769,0,219.425,0,13.963,3599,2623,2.280,1.480,0.780,1,0,209.451,0,0,11,32,1,62,0
16-01 18:42:34,19.002,2.500,78.259,0,0,1429384,1139604,170608,5192192,12587.435,6661.760,0,144.016,0,8.001,1952,1581,2.280,1.480,0.780,1,0,0,0,0,11,33,1,57,0
16-01 18:42:35,16.997,5.499,76.487,0.500,0,1405568,1163396,170612,5192212,16452.287,7308.795,0,503.917,0,32.995,3843,4297,2.280,1.480,0.780,1,0,45.992,0,0,11,32,1,58,0
16-01 18:42:36,19.748,2.750,76.992,0,0,1463584,1105376,170612,5192216,12437.638,3589.607,0,0,0,0,1687,1002,2.100,1.460,0.780,0,0,0,0,0,11,33,1,58,0
16-01 18:42:37,17.534,2.505,78.904,0,0,1453056,1115876,170620,5192236,16195.529,10588.614,0,108.211,0,6.012,3632,4584,2.100,1.460,0.780,1,0,0,0,0,11,33,1,58,0
16-01 18:42:38,13.507,13.006,72.035,0,0,1419436,1149356,170628,5192368,10305.992,4888.368,0,860.417,0,59.029,5126,4951,2.100,1.460,0.780,1,1,264.128,0,0,11,32,1,54,0
16-01 18:42:39,25.938,17.458,55.368,0.748,0,1438960,1129776,170644,5192412,9449.446,1616.143,0,1472.485,0,122.707,5470,4152,2.100,1.460,0.780,2,0,362.136,0,0,11,32,1,56,0
16-01 18:42:40,43.881,6.269,48.645,0.251,0,1532968,1033752,170760,5194056,7966.757,1462.361,0,2696.040,0,136.407,3699,2672,2.100,1.460,0.780,3,0,8.024,0,0,11,36,1,56,0
16-01 18:42:41,37.989,6.998,42.988,10.747,0,1520836,1038820,171796,5199684,9467.283,1619.535,0,39136.769,0,3562.978,20010,28930,2.090,1.470,0.780,3,2,123.964,0,0,11,36,1,56,0
16-01 18:42:42,39.991,7.248,42.491,8.998,0,1578264,979496,172524,5200776,8172.261,1619.655,0,36772.174,0,3405.275,18179,26423,2.090,1.470,0.780,2,0,40.991,0,0,11,32,1,54,0
16-01 18:42:43,45.532,5.754,46.033,1.501,0,1501980,1055640,172648,5200796,8530.069,1621.153,0,14094.028,0,806.574,5651,5552,2.090,1.470,0.780,2,0,6.004,0,0,11,32,1,54,0
16-01 18:42:44,39.121,6.977,43.357,7.725,0,1510688,1046264,172856,5201252,8894.737,1614.688,0,15277.738,0,2377.179,16350,23924,2.090,1.470,0.780,1,1,0.997,0,0,11,34,1,54,0
16-01 18:42:45,31.753,7.751,59.505,1.250,0,1476856,1079944,172912,5201344,6224.523,1620.136,0,7180.603,0,609.051,5626,6207,2.090,1.470,0.780,1,0,102.009,0,0,11,32,1,54,0
16-01 18:42:46,21.523,4.004,73.327,0.250,0,1499412,1057420,172916,5201348,8833.316,1621.710,0,3351.535,0,275.290,2331,1752,2,1.460,0.780,1,0,2.002,0,0,11,32,1,49,0
16-01 18:42:47,24.024,3.253,72.572,0.500,0,1487880,1068896,172952,5201368,6931.915,1513.510,0,6470.454,0,341.340,2252,2466,2,1.460,0.780,1,0,1.001,0,0,11,32,1,49,0
16-01 18:42:48,21.709,4.242,73.113,0,0,1533480,1023292,172956,5201368,6091.619,1636.942,0,123.769,0,11.978,1931,1331,2,1.460,0.780,1,0,2.994,0,0,11,32,1,49,0
16-01 18:42:49,23.054,3.007,73.671,0,0,1501868,1054892,172956,5201380,8787.404,1782.138,0,0,0,0,1808,1185,2,1.460,0.780,1,0,1.002,0,0,11,32,1,49,0
16-01 18:42:50,21.203,3.742,73.835,0,0,1550376,1006380,172960,5201380,7458.366,1690.230,0,43.902,0,2.993,1795,1164,2,1.460,0.780,1,0,1.996,0,0,11,32,1,46,0
16-01 18:42:51,22.754,3.751,73.764,0,0,1510160,1046512,172964,5201452,10222.960,1694.325,0,0,0,0,1787,1187,1.920,1.450,0.790,2,0,1.000,0,0,11,32,1,46,0
16-01 18:42:52,21.745,3.249,73.733,0,0,1502320,1054348,172964,5201456,47099.382,1693.618,0,0,0,0,1901,1231,1.920,1.450,0.790,1,0,2.000,0,0,11,32,1,46,0
16-01 18:42:53,23.050,3.257,73.410,0,0,1458576,1097996,172968,5201540,24443.307,1697.702,0,212.463,0,3.007,1825,1179,1.920,1.450,0.790,1,0,1.002,0,0,11,32,1,46,0
16-01 18:42:54,22.454,3.243,73.598,0.249,0,1481780,1074776,172968,5201556,25257.868,1616.663,0,486.995,0,67.860,2073,1572,1.920,1.450,0.790,1,0,0.998,0,0,11,32,1,41,0
16-01 18:42:55,22.495,3.249,73.483,0,0,1496384,1060124,172972,5201568,8481.080,1531.653,0,327.926,0,21.995,1856,1191,1.920,1.450,0.790,3,0,2.000,0,0,11,32,1,41,0
16-01 18:42:56,22.754,3.251,74.013,0,0,1456792,1099696,172972,5201588,6039.023,1620.275,0,20.003,0,3.001,1746,1189,1.850,1.450,0.790,2,0,1.000,0,0,11,32,1,41,0
16-01 18:42:57,22.997,2.750,73.739,0,0,1479344,1077084,172972,5201616,8628.743,1619.764,0,0,0,0,1784,1181,1.850,1.450,0.790,3,0,1.000,0,0,11,32,1,41,0
16-01 18:42:58,21.998,4.250,73.743,0,0,1511924,1044504,172972,5201616,8052.218,1619.843,0,0,0,0,1758,1223,1.850,1.450,0.790,2,0,3.000,0,0,11,32,1,37,0
16-01 18:42:59,18.558,7.774,73.229,0,0,1439104,1117212,172972,5201728,9200.780,1699.316,0,0,0,0,2893,1936,1.850,1.450,0.790,2,0,115.361,0,0,11,32,1,37,0
16-01 18:43:00,12.714,22.935,62.574,0,0,1428904,1127304,172972,5201792,8737.396,1615.451,0,1084.945,0,35.899,6991,16356,1.850,1.450,0.790,1,0,577.374,0,0,11,32,1,38,0
16-01 18:43:01,9.017,21.791,68.879,0,0,1412264,1143864,172972,5201828,5694.687,1665.125,0,713.339,0,12.023,5866,4226,1.860,1.450,0.790,1,0,398.748,0,0,11,32,1,38,0
16-01 18:43:02,11.481,15.974,71.135,0,0,1409164,1146940,172972,5201848,10434.065,1617.375,0,3.994,0,0.998,5007,3650,1.860,1.450,0.790,1,0,316.486,0,0,11,32,1,38,0
16-01 18:43:03,21.498,4.750,72.245,0,0,1466744,1089356,172972,5201832,7253.474,1457.894,0,0,0,0,1988,1330,1.860,1.450,0.790,1,0,8.999,0,0,11,32,1,37,0
16-01 18:43:04,22.807,3.258,73.433,0,0,1458332,1097736,172976,5201856,9000.403,1624.042,0,196.489,0,10.025,1946,1454,1.860,1.450,0.790,1,0,1.002,0,0,11,32,1,37,0
16-01 18:43:05,21.692,3.740,73.302,0.499,0,1509356,1046732,172976,5201836,9013.698,1615.644,0,339.086,0,22.938,1906,1294,1.860,1.450,0.790,1,0,1.995,0,0,11,32,1,37,0
16-01 18:43:06,22.566,3.510,73.967,0,0,1475568,1080500,172976,5201856,9383.518,1624.765,0,497.459,0,85.250,1890,1159,1.790,1.450,0.800,1,0,1.003,0,0,11,32,1,37,0
16-01 18:43:07,22.188,3.241,74.294,0,0,1540688,1015392,172976,5201844,7918.036,1689.314,0,0,0,0,1676,1123,1.790,1.450,0.800,1,0,1.994,0,0,11,32,1,31,0
16-01 18:43:08,22.799,3.006,73.658,0,0,1498556,1057512,172976,5201856,6492.943,1623.486,0,16.034,0,2.004,1760,1178,1.790,1.450,0.800,1,0,2.004,0,0,11,32,1,31,0
16-01 18:43:09,21.875,3.977,73.580,0,0,1559140,996944,172976,5201840,5394.213,1610.807,0,0,0,0,1839,1175,1.790,1.450,0.800,1,0,1.989,0,0,11,32,1,31,0
16-01 18:43:10,22.869,3.016,73.885,0,0,1526220,1029844,172976,5201860,9530.662,1670.706,0,20.105,0,1.005,1822,1123,1.790,1.450,0.800,2,0,1.005,0,0,11,32,1,31,0
16-01 18:43:11,21.705,4.241,73.347,0,0,1527500,1028572,172976,5201852,10283.618,1496.888,0,2123.585,0,9.979,1862,1120,1.730,1.440,0.800,1,0,1.996,0,0,11,32,1,26,0
16-01 18:43:12,23.055,2.506,73.925,0,0,1497028,1059032,172976,5201864,11953.294,1623.844,0,12.028,0,1.002,1832,1133,1.730,1.440,0.800,1,0,1.002,0,0,11,32,1,26,0
16-01 18:43:13,22.454,3.493,73.850,0,0,1528932,1027152,172976,5201840,7969.776,1616.709,0,23.951,0,0.998,1759,1057,1.730,1.440,0.800,3,0,1.996,0,0,11,32,1,26,0
16-01 18:43:14,22.499,3.000,73.497,0,0,1512148,1043904,172976,5201872,10625.617,1619.942,0,215.992,0,11.000,1968,1524,1.730,1.440,0.800,2,0,1.000,0,0,11,32,1,26,0
16-01 18:43:15,23.000,3.250,73.500,0.250,0,1540940,1015196,172980,5201784,10463.048,1620.007,0,476.002,0,29.000,1895,1237,1.730,1.440,0.800,1,0,2.000,0,0,11,32,1,20,0
16-01 18:43:16,22.506,3.251,73.269,0,0,1499380,1056668,172980,5201872,6022.602,1620.431,0,544.145,0,100.027,1920,1196,1.670,1.430,0.800,1,0,1.000,0,0,11,32,1,20,0
16-01 18:43:17,22.744,3.249,73.982,0,0,1472948,1083100,172980,5201872,6441.398,1619.597,0,11.997,0,1.000,1787,1232,1.670,1.430,0.800,2,0,1.000,0,0,11,32,1,20,0
16-01 18:43:18,22.974,2.997,73.418,0,0,1513460,1042608,172980,5201852,9188.777,1618.200,0,31.964,0,1.998,1797,1153,1.670,1.430,0.800,1,0,2.997,0,0,11,32,1,20,0
16-01 18:43:19,22.024,4.004,73.829,0,0,1477360,1078688,172980,5201872,8327.907,1459.561,0,0,0,0,1756,1243,1.670,1.430,0.800,1,0,1.001,0,0,11,32,1,15,0
16-01 18:43:20,21.505,3.751,73.768,0,0,1442324,1113724,172980,5201872,9285.289,1620.399,0,24.006,0,2.000,1748,1181,1.670,1.430,0.800,2,0,1.000,0,0,11,32,1,15,0
16-01 18:43:21,22.250,3.000,73.750,0,0,1495564,1060496,172980,5201860,8706.957,1619.992,0,60.000,0,2.000,1796,1196,1.610,1.420,0.800,1,0,2.000,0,0,11,32,1,15,0
16-01 18:43:22,14.784,15.035,70.163,0,0,1462644,1093360,172980,5201916,44965.533,1623.775,0,360.839,0,36.084,4700,3412,1.610,1.420,0.800,2,0,341.795,0,0,11,32,1,15,0
16-01 18:43:23,19.204,6.983,72.575,0,0,1520280,1035716,172980,5201924,22140.619,1616.104,0,47.885,0,1.995,2873,2106,1.610,1.420,0.800,1,0,118.714,0,0,11,32,1,11,0
16-01 18:43:24,24.029,1.752,73.840,0,0.250,1513152,1042664,172984,5202120,26727.589,1696.068,0,144.176,0,9.011,1932,1442,1.610,1.420,0.800,1,0,5.006,0,0,11,32,1,11,0
16-01 18:43:25,21.939,3.490,73.048,0.249,0,1507356,1048384,172992,5202184,10164.865,1615.528,0,390.918,0,21.939,1872,1294,1.610,1.420,0.800,1,0,3.989,0,0,11,32,1,11,0
16-01 18:43:26,17.325,12.303,70.556,0.251,0,1489320,1066288,172992,5202316,7794.806,1627.057,40.174,52.227,2.009,3.013,3932,2966,1.570,1.420,0.800,2,0,285.237,0,0,11,32,1,11,0
16-01 18:43:27,8.492,21.479,69.182,0,0,1473448,1082128,172992,5202348,7807.376,1456.578,0,163.840,0,6.993,6247,4719,1.570,1.420,0.800,1,0,497.514,0,0,11,32,1,8,0
16-01 18:43:28,8.505,22.264,68.042,0,0,1471732,1083808,172992,5202380,8810.469,1715.065,0,304.189,0,29.018,6407,4919,1.570,1.420,0.800,1,0,509.316,0,0,11,32,1,8,0
16-01 18:43:29,8.499,22.997,67.741,0,0,1452148,1103356,172992,5202412,9078.751,1661.771,0,1263.826,0,13.998,6497,4922,1.570,1.420,0.800,2,0,540.926,0,0,11,32,1,8,0
16-01 18:43:30,8.501,22.252,68.506,0,0,1440988,1114484,172992,5202436,8929.837,1620.152,0,1304.122,0,15.001,6351,4774,1.570,1.420,0.800,1,0,515.048,0,0,11,32,1,8,0
16-01 18:43:31,7.746,21.739,68.964,0,0,1426788,1128644,172992,5202460,9156.224,1619.155,0,851.556,0,9.995,6079,4539,1.440,1.390,0.800,1,0,466.757,0,0,11,32,1,5,0
16-01 18:43:32,8.501,21.001,69.505,0,0,1425496,1129896,172992,5202500,5280.357,1620.109,0,512.035,0,12.001,5982,4434,1.440,1.390,0.800,2,0,448.030,0,0,11,32,1,5,0
16-01 18:43:33,8.756,20.765,68.799,0,0.250,1417608,1137748,172992,5202532,8365.970,1621.157,0,568.406,0,69.049,6364,4708,1.440,1.390,0.800,1,0,488.349,0,0,11,32,1,5,0
16-01 18:43:34,9.222,21.187,69.044,0.249,0,1411944,1143364,172992,5202576,7721.915,1615.171,0,263.213,0,21.934,6234,4876,1.440,1.390,0.800,2,0,466.605,0,0,11,32,1,5,0
16-01 18:43:35,19.546,26.563,52.373,0.501,0,1396916,1158348,173008,5202608,6245.724,1461.445,0,942.221,0,51.121,7092,6245,1.440,1.390,0.800,4,0,681.607,0,0,11,32,1,5,0
16-01 18:43:36,63.128,14.971,21.458,0,0,1561624,993372,173032,5202820,8409.715,1616.869,0,598.840,0,40.921,4784,3367,1.560,1.420,0.810,3,0,250.515,0,0,11,32,1,9,0
16-01 18:43:37,57.992,9.499,24.996,6.249,0,1673052,873300,173452,5210268,7776.907,1619.772,371.948,19145.309,3.000,1472.793,10231,14504,1.560,1.420,0.810,5,0,57.992,0,0,11,38,1,9,0
16-01 18:43:38,41.601,14.034,30.825,12.280,0,1690720,843844,174272,5220512,9127.084,1623.929,0,79508.381,0,5815.070,26025,40629,1.560,1.420,0.810,3,0,167.405,0,0,11,36,1,10,0
16-01 18:43:39,40.662,10.727,33.428,12.224,0,1728476,795736,174824,5229920,13432.939,6646.621,0,95365.686,0,6715.472,28528,44690,1.560,1.420,0.810,8,0,59.870,0,0,11,37,1,8,0
16-01 18:43:40,46.512,8.002,32.259,10.253,0,1725368,790728,175116,5237460,10242.744,5993.606,0,59892.045,0,4726.266,22617,33930,1.560,1.420,0.810,3,0,39.010,0,0,11,36,1,9,0
16-01 18:43:41,37.585,23.553,24.556,13.781,0,1648628,860224,175632,5244312,9378.207,1623.672,372.843,50462.109,6.014,3667.293,20452,29789,1.840,1.480,0.830,3,1,398.902,0,0,11,34,1,9,0
16-01 18:43:42,43.242,18.247,25.745,11.248,0,1656568,845292,176028,5250208,12739.592,7221.635,755.857,48803.776,16.997,3860.270,19957,32174,1.840,1.480,0.830,2,1,189.964,0,0,11,35,1,9,0
16-01 18:43:43,34.497,10.999,33.498,17.999,0,1659800,838992,176172,5253032,19389.579,10852.205,887.935,54731.990,9.999,4302.685,23263,35385,1.840,1.480,0.830,1,0,148.989,0,0,11,35,1,9,0
16-01 18:43:44,32.253,10.501,42.503,12.751,0,1604908,894044,176364,5252648,13717.081,6229.491,0,61692.862,0,5126.404,24732,36553,1.840,1.480,0.830,2,1,60.005,0,0,11,34,1,9,0
16-01 18:43:45,37.257,6.251,44.008,9.752,0,1646672,849916,176736,5254580,11023.028,3590.661,0,47544.747,0,4200.773,16204,29334,1.840,1.480,0.830,1,0,45.008,0,0,11,35,1,9,0
16-01 18:43:46,34.497,8.249,44.746,11.249,0,1635068,860580,176964,5255280,17046.663,10641.166,0,60423.262,0,4938.613,24961,37665,1.930,1.510,0.840,2,0,35.997,0,0,11,35,1,9,0
16-01 18:43:47,36.236,6.747,45.482,9.746,0,1600600,892724,177092,5257412,15560.847,10910.686,0,33338.818,0,3233.721,18882,28660,1.930,1.510,0.840,6,0,55.978,0,0,11,34,1,10,0
16-01 18:43:48,35.184,11.229,40.174,12.476,0,1636204,854040,177208,5260292,5724.202,1690.810,0,62789.550,0,4986.593,19530,33629,1.930,1.510,0.840,3,0,111.789,0,0,11,36,1,10,0
16-01 18:43:49,33.039,7.509,44.803,12.765,0,1647328,837996,177364,5264924,14917.522,7313.590,0,68800.812,0,5517.481,23657,37367,1.930,1.510,0.840,2,0,63.074,0,0,11,37,1,10,0
16-01 18:43:50,30.285,8.260,47.555,12.515,0,1630652,851268,177484,5268116,19902.064,12214.155,0,63341.404,0,5118.932,26968,40787,1.930,1.510,0.840,4,1,105.122,0,0,11,37,1,10,0
16-01 18:43:51,34.239,10.497,41.737,11.246,0,1611596,869816,177532,5268532,16627.806,5058.420,0,56938.215,0,4759.513,24293,36121,2.020,1.530,0.860,4,1,65.979,0,0,11,36,1,10,0
16-01 18:43:52,35.509,8.002,42.011,13.253,0,1646044,838956,177568,5264924,44478.333,3502.893,0,54265.827,0,4614.176,23162,32919,2.020,1.530,0.860,6,0,31.008,0,0,11,37,1,10,0
16-01 18:43:53,32.975,10.492,52.710,2.498,0,1497332,987760,177576,5264824,32650.268,10565.996,0,13857.503,0,1036.215,9661,12355,2.020,1.530,0.860,1,0,220.833,0,0,11,33,1,12,0
16-01 18:43:54,17.227,2.497,78.147,0.499,0,1410532,1074528,177576,5264856,37899.818,10900.567,0,2261.006,0,180.761,4244,4974,2.020,1.530,0.860,1,0,10.985,0,0,11,32,1,13,0
16-01 18:43:55,20.784,5.509,73.118,0.250,0,1443372,1041680,177580,5264860,21681.129,1696.749,0,933.513,0,55.089,2552,1637,2.020,1.530,0.860,1,0,44.071,0,0,11,32,1,13,0
16-01 18:43:56,16.499,2.750,79.746,0.250,0,1442276,1042632,177580,5265004,14515.357,9056.599,0,563.975,0,39.998,2903,3198,1.940,1.520,0.860,0,0,0,0,0,11,33,1,13,0
16-01 18:43:57,20.453,4.739,73.582,0.499,0.249,1403204,1081696,177580,5265012,11424.959,3099.934,0,3304.468,0,182.584,3083,2806,1.940,1.520,0.860,1,0,33.923,0,0,11,32,1,14,0
16-01 18:43:58,18.753,2.500,78.011,0,0,1436956,1047940,177580,5265016,41402.936,6747.967,0,56.008,0,4.001,2364,1627,1.940,1.520,0.860,1,0,1.000,0,0,11,33,1,14,0
16-01 18:43:59,16.494,6.498,76.224,0,0,1440624,1044268,177580,5265020,14655.025,3372.855,0,103.965,0,12.996,2988,2631,1.940,1.520,0.860,1,0,59.980,0,0,11,32,1,15,0
16-01 18:44:00,23.253,4.751,70.509,0.250,0,1469904,1014708,177580,5265300,12399.621,6602.863,0,176.023,0,14.002,2990,13539,1.940,1.520,0.860,1,0,36.005,0,0,11,33,1,15,0
16-01 18:44:01,19.014,3.753,76.555,0,0,1478360,1006224,177580,5265328,25032.005,7057.076,0,84.060,0,10.007,3750,4022,1.860,1.510,0.860,1,0,18.013,0,0,11,32,1,16,0
16-01 18:44:02,20.742,5.248,73.471,0,0,1536384,948196,177580,5265332,8464.637,1619.357,0,315.874,0,13.994,2109,1469,1.860,1.510,0.860,1,0,24.990,0,0,11,32,1,16,0
16-01 18:44:03,16.010,2.752,79.301,0,0,1532432,951988,177580,5265476,16074.240,10118.446,0,180.115,0,9.006,2989,3143,1.860,1.510,0.860,2,0,6.004,0,0,11,33,1,16,0
16-01 18:44:04,12.265,12.265,74.839,0.250,0,1502536,981780,177580,5265580,26055.026,4049.822,0,172.205,0,19.023,4802,4089,1.860,1.510,0.860,1,0,237.283,0,0,11,32,1,17,0
16-01 18:44:05,21.268,24.021,53.546,0.250,0,1486348,997688,177604,5265836,8554.355,1621.394,0,768.661,0,57.049,6831,5603,1.860,1.510,0.860,3,0,560.482,0,0,11,32,1,23,0
16-01 18:44:06,67.497,7.750,24.499,0,0,1593540,889632,177636,5266668,5576.723,1619.920,0,183.991,0,12.999,3771,1664,1.950,1.540,0.870,3,0,3.000,0,0,11,32,1,23,0
16-01 18:44:07,67.564,7.479,24.682,0.249,0,1713628,766656,177756,5269244,15205.236,1689.360,0,3582.161,0,109.699,4032,1601,1.950,1.540,0.870,4,0,0,0,0,11,32,1,23,0
16-01 18:44:08,55.111,8.517,29.560,5.261,0,1790748,679192,177940,5278712,8125.407,1460.950,0,42028.863,0,2773.600,15154,20776,1.950,1.540,0.870,1,0,115.233,0,0,11,38,1,23,0
16-01 18:44:09,33.511,10.503,41.513,12.754,0,1790096,667628,178068,5290444,10855.504,1620.523,0,100556.460,0,7506.423,35142,52402,1.950,1.540,0.870,2,1,264.085,0,0,11,38,1,23,0
16-01 18:44:10,38.482,8.996,36.233,12.744,0,1791164,657588,178116,5299004,13142.736,1661.208,0,89041.559,0,7116.608,33635,52838,1.950,1.540,0.870,6,0,173.917,0,0,11,38,1,23,0
16-01 18:44:11,43.508,11.752,29.255,14.003,0,1731416,706616,178236,5309284,6779.274,1662.312,0,85180.013,0,6305.185,29925,43457,2.280,1.610,0.900,3,1,222.042,0,0,11,36,1,23,0
16-01 18:44:12,47.004,9.251,30.502,12.001,0,1783576,644192,178300,5319092,8517.693,1620.132,0,87235.101,0,5838.475,26423,39385,2.280,1.610,0.900,5,0,52.004,0,0,11,36,1,23,0
16-01 18:44:13,39.501,8.750,35.001,13.750,0,1822252,596564,178328,5327620,8729.254,1620.047,0,75858.206,0,5566.162,27574,39514,2.280,1.610,0.900,6,0,56.002,0,0,11,38,1,23,0
16-01 18:44:14,42.998,8.250,37.498,10.499,0,1769680,645804,178348,5330836,8875.535,1619.915,0,62472.730,0,4818.748,23805,33654,2.280,1.610,0.900,3,0,152.992,0,0,11,36,1,23,0
16-01 18:44:15,26.187,11.722,57.862,2.743,0,1469988,945484,178352,5330844,9280.822,1616.138,0,18276.326,0,1078.423,7199,7498,2.280,1.610,0.900,1,0,248.406,0,0,11,32,1,23,0
16-01 18:44:16,22.751,3.250,73.254,0.250,0,1526208,889268,178352,5330840,8828.514,1528.089,0,1180.069,0,69.004,1991,1412,2.170,1.600,0.900,1,0,1.000,0,0,11,32,1,23,0
16-01 18:44:17,23.262,3.002,72.289,0.500,0,1567756,847712,178352,5330848,8300.426,1620.864,0,5238.794,0,302.161,2932,2823,2.170,1.600,0.900,2,0,2.001,0,0,11,38,1,23,0
16-01 18:44:18,22.000,3.500,73.251,0,0,1422880,992588,178352,5330848,5797.092,1620.026,0,68.001,0,6.000,2158,1438,2.170,1.600,0.900,1,0,28.000,0,0,11,32,1,23,0
16-01 18:44:19,22.745,3.249,73.985,0,0,1482604,932864,178352,5330848,7624.486,1619.678,0,39.992,0,3.999,1768,1147,2.170,1.600,0.900,1,0,1.000,0,0,11,32,1,23,0
16-01 18:44:20,22.785,3.005,73.363,0.250,0,1466100,949360,178356,5330852,8714.383,1622.492,0,116.178,0,17.026,2156,1588,2.170,1.600,0.900,2,0,13.020,0,0,11,32,1,23,0
16-01 18:44:21,13.762,38.784,46.041,0.250,0,1468512,946752,178356,5331048,7350.531,1621.441,0,604.537,0,46.041,8472,7960,2.240,1.620,0.910,1,0,1192.059,0,0,11,32,1,23,0
16-01 18:44:22,8.242,22.727,67.930,0,0,1453272,961920,178356,5331120,42553.136,1618.332,0,191.802,0,16.982,6267,4537,2.240,1.620,0.910,2,0,505.479,0,0,11,32,1,23,0
16-01 18:44:23,7.752,21.006,70.519,0,0,1417960,997160,178356,5331164,14609.028,1694.467,0,904.249,0,141.039,6314,4544,2.240,1.620,0.910,1,0,419.116,0,0,11,32,1,23,0
16-01 18:44:24,9.734,20.715,68.135,0,0,1405060,1010016,178356,5331196,37578.796,1617.280,0,39.933,0,9.983,5875,4233,2.240,1.620,0.910,1,0,370.377,0,0,11,32,1,23,0
16-01 18:44:25,26.313,15.286,57.637,0,0,1418688,996360,178360,5331548,6836.248,1461.474,0,0,0,0,6241,7546,2.240,1.620,0.910,5,0,224.534,0,0,11,32,1,23,0
16-01 18:44:26,45.128,7.729,47.372,0,0,1510588,904380,178368,5331732,6960.137,1615.621,0,47.870,0,2.992,2872,1500,2.220,1.630,0.920,3,0,31.914,0,0,11,33,1,23,0
16-01 18:44:27,44.495,5.999,48.245,0.250,0,1595152,819736,178380,5331800,5768.346,1619.816,0,459.948,0,24.997,3563,2740,2.220,1.630,0.920,2,0,16.998,0,0,11,49,1,23,0
16-01 18:44:28,47.897,6.269,45.139,0,0,1642912,768356,178440,5334968,10331.811,1719.294,0,1352.163,0,139.429,5783,7297,2.220,1.630,0.920,3,0,13.040,0,0,11,48,1,24,0
16-01 18:44:29,16.001,18.751,64.504,0,0,1657076,753296,178444,5336164,8445.525,1662.103,0,4236.263,0,302.019,7642,8437,2.220,1.630,0.920,2,0,395.025,0,0,11,48,1,24,0
16-01 18:44:30,11.217,7.229,79.518,0.249,0,1655152,755168,178444,5335836,8852.210,1615.294,0,319.070,0,40.881,3857,5167,2.220,1.630,0.920,1,0,91.733,0,0,11,48,1,24,0
16-01 18:44:31,0.500,1.000,96.728,1.000,0,1655152,755168,178444,5335836,9013.904,1619.623,0,7026.366,0,345.920,1782,2246,2.040,1.600,0.910,0,0,2.999,0,0,11,48,1,24,0
16-01 18:44:32,1.250,1.000,97.003,0.500,0,1655152,755168,178444,5335836,8713.234,1620.044,0,3500.094,0,190.005,1426,1779,2.040,1.600,0.910,0,0,3.000,0,0,11,48,1,24,0
16-01 18:44:33,0.500,0.500,97.741,0,0,1655152,755168,178444,5335836,8513.220,1457.866,0,567.948,0,33.997,784,993,2.040,1.600,0.910,0,0,1.000,0,0,11,48,1,24,0
16-01 18:44:34,2.250,3.750,93.249,0,0.250,1641052,769280,178444,5335824,5638.915,1619.976,0,0,0,0,1702,1694,2.040,1.600,0.910,0,0,50.999,0,0,11,48,1,24,0
16-01 18:44:35,20.811,14.794,63.437,0,0,1660588,749612,178444,5335964,10465.836,1624.787,0,0,0,0,5233,7666,2.040,1.600,0.910,0,0,274.810,0,0,11,48,1,24,0
16-01 18:44:36,10.481,16.719,70.870,0,0,1697432,712568,178444,5336128,7200.799,1854.600,0,3.993,0,0.998,5070,4348,1.960,1.590,0.910,6,0,319.414,0,0,12,48,1,24,0
16-01 18:44:37,21.284,15.024,63.352,0.250,0,1692076,717736,178444,5336388,6521.451,1622.600,0,304.488,0,32.051,6578,8225,1.960,1.590,0.910,3,0,239.384,0,0,12,64,1,18,0
16-01 18:44:38,4.738,6.982,86.774,0.249,0,1686196,723648,178444,5336284,8960.712,1615.801,0,2856.576,0,26.930,2525,2582,1.960,1.590,0.910,1,0,169.559,0,0,12,64,1,18,0
16-01 18:44:39,16.500,16.000,65.499,0,0,1672628,737188,178444,5336756,7579.826,1619.963,0,16.000,0,3.000,6530,7550,1.960,1.590,0.910,1,0,268.994,0,0,14,64,1,18,0
16-01 18:44:40,12.014,15.518,71.836,0.250,0,1656440,753288,178444,5336348,8611.256,1621.932,0,296.353,0,15.018,5238,4460,1.960,1.590,0.910,1,0,321.383,0,0,14,66,1,18,0
16-01 18:44:41,9.264,20.782,69.108,0,0,1645864,763820,178444,5336736,7695.974,1460.272,0,869.353,0,36.056,6259,5319,1.880,1.580,0.910,3,0,423.659,0,0,14,66,1,16,0
16-01 18:44:42,23.744,16.246,59.236,0,0,1676524,733148,178444,5336408,5587.674,1619.616,0,0,0,0,6012,7490,1.880,1.580,0.910,2,0,265.937,0,0,14,66,1,16,0
16-01 18:44:43,29.750,24.250,44.751,0,0,1746352,663256,178452,5336460,8936.131,1620.024,0,412.006,0,10.000,6865,5428,1.880,1.580,0.910,2,0,576.008,0,0,14,66,1,16,0
16-01 18:44:44,29.762,25.010,44.517,0,0,1857832,550164,178528,5337916,9194.577,1620.631,0,36.014,0,9.004,7195,8705,1.880,1.580,0.910,2,0,531.207,0,0,14,70,1,18,0
16-01 18:44:45,38.972,19.736,40.721,0,0,1949832,458036,178528,5338424,6842.136,1618.849,0,55.960,0,9.993,6775,6941,1.880,1.580,0.910,3,0,279.801,0,0,14,70,1,18,0
16-01 18:44:46,64.040,21.763,14.259,0,0,2041760,365868,178544,5338648,9244.721,1621.003,0,532.329,0,3.002,4913,3796,2.050,1.620,0.930,5,0,455.282,0,0,14,70,1,18,0
16-01 18:44:47,58.482,20.744,19.744,0,0,2149628,257328,178560,5339224,8219.466,1709.473,0,31.990,0,7.998,6141,6608,2.050,1.620,0.930,3,0,367.887,0,0,14,70,1,18,0
16-01 18:44:48,68.942,22.151,8.213,0,0,2229692,175700,178636,5340608,10250.226,1686.469,0,1971.197,0,85.618,5580,6054,2.050,1.620,0.930,7,0,400.213,0,0,14,70,1,18,0
16-01 18:44:49,69.930,20.804,2.757,7.018,0,2397432,143716,171220,5214868,7640.660,1782.587,541.393,6087.664,65.168,437.125,6634,6083,2.050,1.620,0.930,4,0,315.813,0,0,14,74,1,17,0
16-01 18:44:50,59.577,21.528,9.763,7.760,0,2475324,149108,170736,5134204,5270.795,1533.978,1634.107,28508.753,110.142,1982.556,15931,23501,2.050,1.620,0.930,5,1,220.284,0,0,14,74,1,17,0
16-01 18:44:51,62.782,25.212,4.943,5.191,0,2549884,144636,170364,5065836,8664.855,1674.836,1036.144,14470.426,54.378,1056.907,11593,18444,2.290,1.680,0.950,5,0,432.056,0,0,14,78,1,19,0
16-01 18:44:52,67.056,20.496,11.640,0.759,0,2624412,197320,169596,4942040,42736.537,1757.114,311.746,1287.471,18.219,68.827,8648,16269,2.290,1.680,0.950,2,1,222.676,0,0,14,91,1,26,0
16-01 18:44:53,50.966,24.734,21.736,1.999,0,2768240,127244,169620,4870140,8619.330,1692.886,711.532,971.361,63.958,55.963,7057,5894,2.290,1.680,0.950,4,0,546.640,0,0,14,93,1,25,0
16-01 18:44:54,48.054,23.776,26.530,1.001,0,2835572,130520,169620,4801860,49910.620,1621.807,116.129,3227.597,6.007,318.355,9021,12244,2.290,1.680,0.950,3,0,422.471,0,0,14,93,1,25,0
16-01 18:44:55,53.131,14.967,30.432,1.247,0,2956800,145496,169624,4668148,25825.257,1690.221,2007.511,834.135,22.949,42.904,5822,6029,2.290,1.680,0.950,3,0,197.558,0,0,14,96,1,25,0
16-01 18:44:56,54.866,9.270,33.571,1.503,0,3076044,157400,169648,4539720,11361.103,1623.444,521.106,5367.387,16.034,275.585,5718,8187,2.270,1.680,0.960,2,0,9.019,0,0,14,98,1,28,0
16-01 18:44:57,9.993,18.486,69.199,0.749,0,3096456,136708,169648,4539940,6726.083,1708.751,7.994,1526.884,1.999,96.929,6353,5387,2.270,1.680,0.960,2,0,366.732,0,0,14,101,1,26,0
16-01 18:44:58,9.238,18.477,71.161,0,0,3102700,130416,169648,4539988,5531.053,1617.968,3.995,71.910,0.999,6.991,6102,4709,2.270,1.680,0.960,1,0,399.498,0,0,14,101,1,26,0
16-01 18:44:59,12.987,14.985,71.428,0,0,3126708,173220,169648,4474544,8302.686,1530.467,3.996,119.880,0.999,10.989,4169,3103,2.270,1.680,0.960,1,0,224.775,0,0,14,101,1,26,0
16-01 18:45:00,22.999,5.250,70.248,0.500,0,3160996,204568,169648,4410540,13412.696,7343.834,63.999,223.995,5.000,1.000,2985,8734,2.270,1.680,0.960,1,0,35.999,0,0,14,102,1,27,0
16-01 18:45:01,20.517,4.003,74.312,0,0,3133984,231520,169652,4410580,25859.640,18279.297,12.010,376.315,3.003,25.021,2953,2584,2.160,1.670,0.960,2,0,36.030,0,0,14,105,1,25,0
16-01 18:45:02,21.731,5.495,72.187,0.250,0,3159448,206044,169656,4410588,7746.196,1618.578,3.996,1622.575,0.999,23.979,2297,1587,2.160,1.670,0.960,1,0,31.972,0,0,14,107,1,25,0
16-01 18:45:03,16.994,2.999,79.221,0,0,3162920,202556,169660,4410600,16446.002,8103.045,0,263.904,0,32.988,2638,2706,2.160,1.670,0.960,1,0,7.997,0,0,14,114,1,25,0
16-01 18:45:04,24.832,5.017,67.974,1.254,0,3169800,195064,169668,4411172,10262.784,1625.350,160.528,1428.703,6.020,195.644,5154,6760,2.160,1.670,0.960,2,0,3.010,0,0,14,117,1,25,0
16-01 18:45:05,21.935,9.472,66.553,0.499,0,3155280,209428,169668,4411328,7033.159,2754.837,31.905,1463.663,1.994,138.589,5609,6709,2.160,1.670,0.960,1,0,112.666,0,0,14,120,1,21,0
16-01 18:45:06,32.063,6.513,60.118,0.250,0,3253564,176672,169668,4347348,5936.617,2150.208,8.016,601.176,2.004,38.075,3091,2398,2.150,1.680,0.960,1,0,4.008,0,0,14,123,1,21,0
16-01 18:45:07,19.213,2.745,77.352,0.499,0,3257320,172828,169668,4347444,16028.278,9132.495,31.939,1533.061,1.996,100.807,3032,3392,2.150,1.680,0.960,0,0,1.996,0,0,14,125,1,21,0
16-01 18:45:08,23.272,5.505,69.314,0.500,0,3275872,154224,169672,4347492,11080.276,1959.818,8.007,1197.110,2.002,130.121,4908,6139,2.150,1.680,0.960,2,0,5.005,0,0,14,127,1,21,0
16-01 18:45:09,40.061,11.267,47.572,0.250,0,3368848,123468,169556,4286692,12030.287,2818.284,0,1113.693,0,52.079,3993,2651,2.150,1.680,0.960,2,0,96.146,0,0,14,126,1,22,0
16-01 18:45:10,35.158,4.738,58.846,0.499,0,3374600,181368,169556,4224924,25262.789,23835.529,179.529,10819.643,0.997,610.400,3818,1777,2.150,1.680,0.960,0,0,0,0,0,14,127,1,21,0
16-01 18:45:11,20.000,6.750,72.500,0.500,0,3392616,163324,169556,4224952,14123.909,1859.988,8.000,1883.988,2.000,109.999,2811,2242,2.060,1.670,0.960,1,0,55.000,0,0,14,126,1,22,0
16-01 18:45:12,17.252,2.000,79.508,0.250,0,3410796,145140,169556,4224956,31539.053,23792.303,0,100.010,0,10.001,1922,1474,2.060,1.670,0.960,1,0,0,0,0,14,127,1,22,0
16-01 18:45:13,21.248,5.749,72.244,0,0,3401288,154492,169556,4225112,7069.382,1589.861,4.000,55.995,1.000,3.000,2415,1821,2.060,1.670,0.960,1,0,50.996,0,0,14,126,1,23,0
16-01 18:45:14,16.277,2.504,81.135,0,0,3404020,151744,169556,4225128,18769.298,8117.536,4.007,1214.024,1.002,75.125,1968,1694,2.060,1.670,0.960,1,0,0,0,0,14,127,1,23,0
16-01 18:45:15,19.720,7.239,70.144,0.998,0,3417256,138416,169556,4225220,9767.218,2763.817,43.934,4193.653,2.995,278.578,4333,4805,2.060,1.670,0.960,1,0,81.876,0,0,14,126,1,24,0
16-01 18:45:16,24.746,4.249,70.490,0.250,0,3456148,162200,169556,4164116,11507.355,7342.950,23.997,263.962,3.000,20.997,5468,9120,1.970,1.660,0.960,1,0,26.996,0,0,14,135,1,24,0
16-01 18:45:17,19.251,6.500,73.752,0,0,3427184,191148,169556,4164132,27698.740,18198.486,0,3212.086,0,19.001,2575,1879,1.970,1.660,0.960,1,0,55.001,0,0,14,134,1,25,0
16-01 18:45:18,17.999,2.500,78.245,0,0,3460448,157876,169556,4164140,12897.246,7343.571,4.000,67.996,1.000,7.000,1850,1484,1.970,1.660,0.960,1,0,1.000,0,0,14,135,1,25,0
16-01 18:45:19,23.065,3.510,71.453,1.254,0,3455880,162216,169556,4164368,9984.296,2567.276,0,1488.218,0,221.628,5412,7603,1.970,1.660,0.960,4,0,2.006,0,0,14,138,1,25,0
16-01 18:45:20,20.448,7.730,69.823,0.249,0,3427276,190724,169556,4164464,8588.240,2691.181,31.919,1615.906,1.995,156.603,4677,5457,1.970,1.660,0.960,1,0,52.866,0,0,14,137,1,27,0
16-01 18:45:21,18.992,2.249,77.466,0.250,0,3469684,148312,169556,4164468,11489.955,7338.777,0,891.608,0,58.974,2011,1705,1.890,1.640,0.960,1,0,1.000,0,0,14,138,1,27,0
16-01 18:45:22,18.474,3.745,76.394,0.749,0,3465172,152756,169556,4164536,48759.493,5935.782,47.934,986.634,3.994,97.865,3621,4214,1.890,1.640,0.960,2,0,0.999,0,0,14,138,1,27,0
16-01 18:45:23,26.349,6.524,64.492,0.502,0,3460348,157496,169556,4164620,7864.469,2494.347,0,1826.845,0,179.673,10766,17508,1.890,1.640,0.960,2,0,1.004,0,0,14,139,1,28,0
16-01 18:45:24,21.205,6.736,70.349,0.249,0,3420968,196860,169556,4164636,41012.044,1756.234,0,1173.483,0,115.752,3197,2663,1.890,1.640,0.960,3,0,68.852,0,0,14,139,1,28,0
16-01 18:45:25,16.493,1.499,80.968,0,0,3433604,184084,169560,4164772,16103.586,9689.141,0,463.815,0,27.989,1880,1582,1.890,1.640,0.960,0,0,0,0,0,14,140,1,28,0
16-01 18:45:26,17.749,9.499,70.746,1.500,0,3408060,209580,169560,4164820,10891.359,3181.813,0,5091.700,0,369.978,5429,5997,1.820,1.630,0.960,1,0,147.991,0,0,14,141,1,29,0
16-01 18:45:27,19.503,2.750,77.513,0,0,3452708,164928,169560,4164824,14131.373,4008.673,0,80.013,0,6.001,1791,1199,1.820,1.630,0.960,1,0,0,0,0,14,142,1,29,0
16-01 18:45:28,17.956,2.245,78.808,0,0,3450236,167388,169560,4164836,17644.050,10641.097,0,87.786,0,11.971,2738,2783,1.820,1.630,0.960,1,0,0.998,0,0,14,142,1,29,0
16-01 18:45:29,23.827,5.518,68.220,0.752,0,3447552,170024,169560,4164884,7058.740,1625.236,0,5397.388,0,359.157,7434,11812,1.820,1.630,0.960,4,0,0,0,0,14,142,1,29,0
16-01 18:45:30,31.068,8.519,57.876,0.501,0,3449488,167908,169560,4165016,13066.543,3215.023,32.070,1679.669,2.004,135.296,12611,20685,1.820,1.630,0.960,3,0,3.007,0,0,14,141,1,29,0
16-01 18:45:31,26.920,13.460,58.326,0.997,0,3418352,198804,169560,4165240,8070.910,2117.679,15.952,3700.953,0.997,359.926,7036,7970,1.760,1.620,0.960,1,0,285.149,0,0,14,141,1,29,0
16-01 18:45:32,18.753,3.000,77.262,0.250,0,3449320,167848,169560,4165244,15747.377,7505.133,0,460.069,0,28.004,2025,1541,1.760,1.620,0.960,1,0,0,0,0,14,142,1,29,0
16-01 18:45:33,12.788,13.791,72.216,0,0,3383216,233924,169560,4165272,9193.483,3256.736,0,425.271,0,23.069,4875,3756,1.760,1.620,0.960,1,0,252.756,0,0,14,141,1,30,0
16-01 18:45:34,8.996,20.741,68.720,0,0,3350828,266288,169560,4165308,9496.805,1619.285,0,475.790,0,34.985,5985,4446,1.760,1.620,0.960,2,0,374.834,0,0,14,141,1,30,0
16-01 18:45:35,22.990,15.243,60.722,0.250,0,3381772,235312,169568,4165320,10360.285,1457.337,0,2083.052,0,124.943,6364,7662,1.760,1.620,0.960,2,0,235.893,0,0,14,141,1,30,0
16-01 18:45:36,31.744,21.496,44.991,0.250,0,3437716,179316,169568,4165372,5883.846,1689.669,0,223.956,0,19.996,6629,5395,1.780,1.630,0.970,3,0,489.904,0,0,14,141,1,30,0
16-01 18:45:37,32.523,18.013,48.534,0,0,3484972,131532,169580,4166216,5728.051,1621.146,60.042,644.456,5.004,39.028,7794,9644,1.780,1.630,0.970,1,0,314.222,0,0,14,147,1,30,0
16-01 18:45:38,49.739,22.995,26.494,0,0,3578208,158420,169592,4049104,9093.993,1619.643,91.980,231.949,4.999,10.998,6203,10404,1.780,1.630,0.970,5,0,451.900,0,0,16,151,1,30,0
16-01 18:45:39,55.727,25.239,18.242,0.250,0,3708512,137032,169392,3942860,7110.027,1619.323,31.987,607.746,3.998,45.981,6707,8127,1.780,1.630,0.970,3,0,450.811,0,0,16,153,1,30,0
16-01 18:45:40,48.006,19.002,32.004,0.250,0,3763252,161484,169360,3863780,9648.126,1620.189,8.001,384.045,2.000,29.003,8017,13499,1.780,1.630,0.970,4,0,299.035,0,0,16,169,1,30,0
16-01 18:45:41,37.296,23.279,38.798,0.250,0,3843440,136220,169360,3809552,8980.123,1712.121,0,9295.513,0,720.893,8458,5623,1.710,1.620,0.970,2,0,562.697,0,0,16,169,1,30,2
16-01 18:45:42,22.175,19.932,56.309,0,0,3856744,166280,169364,3767252,11945.509,1614.527,3.986,434.527,0.997,25.912,6566,6939,1.710,1.620,0.970,1,0,365.760,0,0,17,169,1,30,2
16-01 18:45:43,25.532,17.272,55.570,0,0,3890904,132100,169364,3766820,6944.795,1459.849,0,204.259,0,10.013,6447,6846,1.710,1.620,0.970,3,0,332.421,0,0,17,169,1,30,2
16-01 18:45:44,32.010,25.508,42.263,0.250,0,3948812,179640,169152,3664144,6102.869,1690.518,12.004,476.146,3.001,39.012,7098,7245,1.710,1.620,0.970,2,0,460.141,0,0,17,169,1,30,2
16-01 18:45:45,41.823,18.783,37.565,0.250,0,4048736,128480,169168,3616288,6285.930,1622.822,180.314,901.568,7.012,31.054,7428,10494,1.710,1.620,0.970,2,0,275.479,0,0,17,181,1,30,2
16-01 18:45:46,30.213,25.469,43.446,0.250,0,4104964,133552,169168,3556156,8393.640,1618.003,19.975,379.532,1.998,28.964,7315,6281,1.660,1.610,0.970,3,0,660.185,0,0,17,181,1,28,2
16-01 18:45:47,25.763,23.762,49.274,0,0,4164820,165704,169168,3466320,7840.897,1620.806,24.012,3513.746,6.003,62.031,8525,10384,1.660,1.610,0.970,2,0,516.257,0,0,17,193,1,28,2
16-01 18:45:48,16.260,18.762,63.289,0.500,0,4179660,150708,169168,3466824,9322.806,1621.010,20.012,684.426,2.001,30.019,7541,9144,1.660,1.610,0.970,1,0,326.203,0,0,17,193,0,28,2
16-01 18:45:49,33.629,12.206,53.308,0,0,4243768,157928,169168,3396460,8801.333,1697.891,135.512,278.996,2.989,18.932,4254,3444,1.660,1.610,0.970,2,0,116.581,0,0,17,193,0,28,2
16-01 18:45:50,46.264,7.502,43.763,0.750,0,4365736,129964,169172,3303924,9205.812,1566.478,352.108,444.136,9.003,51.016,3884,2867,1.660,1.610,0.970,2,0,10.003,0,0,17,209,0,28,2
16-01 18:45:51,38.976,6.246,52.218,2.249,0,4429444,128460,169176,3243008,8536.796,1601.024,131.920,427.739,10.993,28.982,3615,2798,1.600,1.600,0.970,3,0,6.996,0,0,17,214,0,28,2
16-01 18:45:52,31.093,23.571,43.380,1.254,0,4367116,189360,169176,3244480,42628.885,1624.875,938.816,613.842,10.030,45.135,8312,8947,1.600,1.600,0.970,3,0,508.526,0,0,17,213,0,29,2
16-01 18:45:53,32.526,27.272,39.281,0.250,0,4415384,140496,169188,3245512,14944.889,8742.955,96.076,252.201,5.004,20.016,8153,9057,1.600,1.600,0.970,1,0,537.428,0,0,17,216,0,29,2
16-01 18:45:54,52.157,18.966,26.453,1.497,0,4439748,135000,169200,3226804,46150.450,3197.281,1181.886,1161.922,21.961,35.936,6639,7429,1.600,1.600,0.970,4,0,210.623,0,0,17,221,0,30,2
16-01 18:45:55,66.320,13.765,15.516,4.004,0.250,4592076,125324,169208,3086824,11901.563,7351.760,640.676,1165.230,19.020,149.157,4967,4233,1.600,1.600,0.970,4,0,47.050,0,0,17,229,0,20,2
16-01 18:45:56,54.686,9.988,21.225,14.233,0,4561412,210176,169240,3033696,14218.402,6871.978,4774.426,1042.783,251.706,43.949,5780,5262,1.720,1.620,0.980,3,0,22.973,0,0,17,234,0,21,2
16-01 18:45:57,62.226,14.495,18.243,3.998,0,4646964,160328,169300,2998928,7263.251,1565.408,2686.983,1627.384,247.906,110.958,6822,7778,1.720,1.620,0.980,2,0,132.950,0,0,17,235,0,27,2
16-01 18:45:58,29.557,24.798,44.335,0,0,4683296,157312,169304,2967428,18040.652,11512.112,76.146,9061.405,6.012,53.102,7817,8576,1.720,1.620,0.980,2,0,514.989,0,0,17,238,0,27,0
16-01 18:45:59,48.515,19.256,31.509,0.250,0,4684536,154144,169304,2969372,8956.677,2554.764,84.025,388.116,4.001,29.009,6575,9553,1.720,1.620,0.980,3,0,274.082,0,0,17,237,0,25,0
16-01 18:46:00,55.056,27.653,16.193,0.498,0,4755388,159696,169312,2894528,13554.267,9469.652,378.666,593.908,11.958,35.874,7270,16721,1.720,1.620,0.980,3,0,532.126,0,0,17,242,0,26,0
16-01 18:46:01,56.450,20.071,21.075,1.505,0,4747020,164336,169772,2897840,12986.001,4735.776,1545.475,2448.674,71.252,223.793,8570,12012,1.980,1.680,1,7,0,228.811,0,0,17,245,0,30,0
16-01 18:46:02,56.999,26.250,16.250,0.500,0,4835188,144800,169780,2831420,12744.827,7433.899,67.999,2911.960,7.000,163.998,7685,10413,1.980,1.680,1,3,0,509.993,0,0,17,248,0,30,0
16-01 18:46:03,55.009,20.003,23.004,0.500,0,4804348,216204,169792,2792568,11842.922,6809.105,700.114,1172.190,40.006,66.011,9469,14372,1.980,1.680,1,2,0,310.050,0,0,17,255,0,30,0
16-01 18:46:04,64.544,21.182,13.956,0,0,4944576,137668,169792,2730856,8961.431,1614.852,442.589,386.767,6.978,15.949,7040,10242,1.980,1.680,1,6,0,186.406,0,0,17,255,0,30,0
16-01 18:46:05,53.675,8.738,36.449,0.250,0,5027288,150388,169800,2637160,24591.525,18242.425,459.356,946.673,11.983,42.940,6178,8019,1.980,1.680,1,9,0,1.997,0,0,17,258,0,33,0
16-01 18:46:06,59.187,12.038,25.330,3.009,0,5071424,129404,169688,2614480,13383.179,4069.827,1512.768,786.479,95.300,70.221,7213,8106,2.140,1.720,1.020,3,0,22.070,0,0,17,264,0,37,0
16-01 18:46:07,52.290,17.013,29.273,0.751,0,5036800,195108,169588,2584476,16024.398,10191.885,792.613,868.672,22.017,65.050,6589,6048,2.140,1.720,1.020,5,0,289.224,0,0,17,266,0,36,0
16-01 18:46:08,47.880,30.424,19.451,1.746,0,5035332,192328,169712,2588456,7928.124,4552.586,4496.726,4523.659,68.827,96.757,8729,10584,2.140,1.720,1.020,4,0,505.732,0,0,17,267,0,37,0
16-01 18:46:09,57.496,18.249,22.998,1.000,0,5076656,150824,169716,2588936,16282.811,9432.311,811.941,811.941,10.999,22.998,6508,7844,2.140,1.720,1.020,4,0,224.984,0,0,18,268,0,37,0
16-01 18:46:10,77.286,16.257,4.502,1.251,0,5141636,149992,169612,2526308,12624.812,4802.211,1400.645,1168.538,65.030,55.025,6053,4987,2.140,1.720,1.020,9,0,121.056,0,0,18,274,0,38,0
16-01 18:46:11,81.133,12.482,2.746,3.245,0,5260588,156556,169624,2404104,14434.232,7333.449,3546.897,4181.983,197.716,427.385,7570,7218,2.290,1.750,1.040,4,1,10.984,0,0,18,275,0,38,0
16-01 18:46:12,65.695,14.794,16.800,1.254,0,5239368,208424,169652,2374280,12341.679,6831.302,1195.553,16063.741,34.101,791.352,8271,8429,2.290,1.750,1.040,4,0,226.674,0,0,18,278,0,40,0
16-01 18:46:13,41.885,9.225,47.370,0.748,0,5324432,123184,169660,2374452,13159.826,3485.419,582.399,566.443,9.973,33.907,3785,2893,2.290,1.750,1.040,1,0,9.973,0,0,18,284,0,40,0
16-01 18:46:14,32.236,7.997,59.474,0.250,0,5305172,142264,169660,2374632,36486.258,15125.474,815.648,9275.998,8.996,75.967,4199,4523,2.290,1.750,1.040,4,0,7.997,0,0,18,287,0,41,1
16-01 18:46:15,47.201,11.800,39.669,0.251,0,5278440,152864,169660,2390732,16636091.161,112869.144,594.534,429.832,9.039,26.111,9690,4684,2.290,1.750,1.040,4,0,54.231,0,0,18,285,0,39,0
16-01 18:46:16,36.496,12.749,48.745,1.250,0,5342708,147596,169664,2333324,12723.753,9432.076,2547.750,1175.885,28.997,60.994,5237,4639,2.190,1.740,1.040,1,0,218.979,0,0,18,290,0,39,0
16-01 18:46:17,36.106,6.723,55.528,0.249,0,5331460,159324,169664,2333392,18828.836,10404.466,0,669.328,0,70.718,4061,3693,2.190,1.740,1.040,3,0,5.976,0,0,18,292,0,40,0
16-01 18:46:18,33.480,4.247,60.713,0.250,0,5368268,121804,169668,2334104,59064.175,1893777.327,527.680,615.627,28.982,51.968,5105,6249,2.190,1.740,1.040,2,0,1.999,0,0,18,296,0,42,0
16-01 18:46:19,12.503,4.001,81.019,0.250,0.250,5290908,199152,169668,2334116,378715.641,14515306.409,4.001,2124.497,1.000,51.012,4777,3243,2.190,1.740,1.040,1,0,37.009,0,0,18,295,0,42,0
16-01 18:46:20,2.000,0.500,96.234,0,0,5290872,199184,169668,2334120,8576.538,1619.724,0,387.934,0,19.997,1297,1788,2.190,1.740,1.040,0,0,0,0,0,18,295,0,42,0
16-01 18:46:21,4.769,1.757,91.871,0.251,0,5286936,203112,169668,2334128,2914030.346,29121.558,0,457.848,0,40.162,3013,3192,2.090,1.730,1.040,1,0,1.004,0,0,18,299,0,42,0
16-01 18:46:22,24.155,3.984,68.977,0.747,0,5211652,262248,169680,2350232,13606516.360,89670.637,31.874,2478.207,1.992,188.256,11024,10985,2.090,1.730,1.040,1,0,3.984,0,0,18,299,0,45,0
16-01 18:46:23,11.282,19.304,68.693,0.501,0,5234728,239068,169680,2350336,6487.201,1516.254,44.124,208.585,3.008,11.031,6062,5322,2.090,1.730,1.040,1,0,465.305,0,0,18,299,0,43,0
16-01 18:46:24,24.936,1.995,72.066,0,0,5295392,178400,169680,2350340,41113.870,1615.868,0,63.837,0,2.992,2354,1836,2.090,1.730,1.040,1,0,0,0,0,18,299,0,43,0
16-01 18:46:25,9.034,18.570,70.266,0,0,5280476,193268,169680,2350388,11683.192,1626.151,4.015,16815.605,1.004,84.319,6357,5232,2.090,1.730,1.040,1,0,376.424,0,0,18,299,0,43,0
16-01 18:46:26,5.726,13.940,78.664,0.747,0,5272876,200668,169680,2350580,8726.702,1613.106,15.932,1840.135,0.996,199.149,5083,4370,1.920,1.700,1.030,0,0,294.740,0,0,18,303,0,43,0
16-01 18:46:27,8.505,2.752,87.306,0,0,5294244,179300,169680,2350580,8987.762,1621.039,0,8.005,0,1.001,1761,1849,1.920,1.700,1.030,1,0,9.006,0,0,18,303,0,41,0
16-01 18:46:28,19.737,2.498,76.450,0.250,0,5334708,138836,169680,2350580,14350.581,7433.121,0,75.950,0,5.996,2384,2160,1.920,1.700,1.030,1,0,0.999,0,0,18,304,0,41,0
16-01 18:46:29,16.318,8.787,73.055,0.753,0,5254444,218968,169684,2350692,12594.653,4810.109,76.319,2622.966,7.029,134.563,4295,3802,1.920,1.700,1.030,1,0,118.495,0,0,18,307,0,42,0
16-01 18:46:30,12.502,16.002,70.009,0,0,5256232,216936,169684,2350920,8805.078,1620.198,4.000,52.006,1.000,4.000,5432,4028,1.920,1.700,1.030,1,0,187.023,0,0,18,307,0,42,0
16-01 18:46:31,12.003,16.754,70.016,0,0.250,5253684,219164,169684,2351208,7686.727,1512.340,0,56.013,0,6.001,5463,4332,1.850,1.690,1.030,1,0,211.047,0,0,18,307,0,41,0
16-01 18:46:32,21.414,7.221,68.972,0.498,0,5312904,159840,169684,2351312,8973.819,1613.495,67.727,1231.037,3.984,174.297,4126,3907,1.850,1.690,1.030,1,0,88.643,0,0,18,313,0,41,0
16-01 18:46:33,24.344,3.514,72.027,0.502,0,5346696,150908,169684,2327608,7699.641,1626.261,104.402,144.556,1.004,10.039,2303,1870,1.850,1.690,1.030,4,0,0,0,0,18,313,0,41,0
16-01 18:46:34,22.904,2.490,71.203,1.245,0,5233004,264316,169684,2327892,5335.710,1613.261,274.852,1091.441,10.954,37.842,2824,2746,1.850,1.690,1.030,2,0,8.963,0,0,18,313,0,41,0
16-01 18:46:35,24.260,3.251,71.778,0.250,0,5292364,204872,169684,2327976,9664.798,1620.637,68.027,168.066,6.002,7.003,2439,1968,1.850,1.690,1.030,2,0,0,0,0,18,313,0,41,0
16-01 18:46:36,20.242,3.999,75.472,0.250,0,5330632,166600,169684,2327980,8735.751,4002.512,0,255.905,0,22.991,2572,2463,1.780,1.680,1.030,1,0,3.999,0,0,18,316,0,40,0
16-01 18:46:37,14.999,1.500,81.243,0,0,5332500,164584,169684,2328128,27126.651,18249.420,0,235.980,0,22.998,2763,2886,1.780,1.680,1.030,2,0,2.000,0,0,18,319,0,42,0
16-01 18:46:38,22.509,4.752,71.528,0,0,5270000,227084,169684,2328128,9248.620,1566.613,0,172.067,0,11.004,2562,2155,1.780,1.680,1.030,3,0,16.006,0,0,18,313,0,42,0
16-01 18:46:39,23.814,4.763,70.942,0.251,0,5280268,216680,169684,2328264,6288.999,1624.391,4.011,272.737,1.003,33.089,2653,2193,1.780,1.680,1.030,3,0,29.079,0,0,18,313,0,42,0
16-01 18:46:40,8.752,19.003,70.013,0.250,0,5263548,233224,169692,2328432,8502.553,1512.276,432.079,420.077,7.001,13.002,6098,5044,1.780,1.680,1.030,1,0,397.073,0,0,18,313,0,42,0
16-01 18:46:41,18.440,8.722,71.020,0.997,0,5277872,218692,169948,2328384,7784.787,1614.770,267.135,3.987,10.964,0.997,3993,3266,1.720,1.660,1.030,1,0,172.441,0,0,18,313,0,42,0
16-01 18:46:42,18.758,3.251,75.784,0.750,0,5289752,205604,169984,2329556,11267.072,3726.678,48.022,6298.836,2.001,736.331,3428,2864,1.720,1.660,1.030,2,0,17.008,0,0,18,314,0,42,0
16-01 18:46:43,24.010,3.251,72.280,0.500,0,5289084,200128,170668,2334904,9267.897,1794.755,128.054,860.362,4.002,15.006,2410,1967,1.720,1.660,1.030,2,0,3.001,0,0,18,313,0,42,0
16-01 18:46:44,17.740,2.499,77.706,0.500,0,5301564,186268,170668,2336268,15233.305,4548.404,0,615.649,0,19.989,2286,1998,1.720,1.660,1.030,1,0,17.990,0,0,18,314,0,42,0
16-01 18:46:45,23.750,6.000,68.750,0,0,5305808,176220,171260,2341332,9949.014,1740.002,0,984.001,0,16.000,10756,18882,1.720,1.660,1.030,1,0,14.000,0,0,18,313,0,42,0
16-01 18:46:46,17.505,2.751,78.271,0.250,0,5292976,188600,171312,2341732,15013.941,4552.195,36.009,17152.503,7.002,45.012,2189,1963,1.660,1.650,1.030,1,0,2.001,0,0,18,314,0,42,0
16-01 18:46:47,22.487,7.496,68.459,0,0,5298476,182880,171356,2341904,6217.270,1619.029,0,591.645,0,21.987,10789,19438,1.660,1.650,1.030,2,0,17.989,0,0,18,314,0,42,0
16-01 18:46:48,17.566,10.038,71.770,0.251,0,5263196,229824,171436,2330240,8734.885,1692.371,0,562.116,0,21.079,4198,3506,1.660,1.650,1.030,3,0,167.631,0,0,18,313,0,42,0
16-01 18:46:49,19.918,6.722,71.208,0,0,5321472,171544,171436,2330244,7324.915,1697.030,0,0,0,0,3076,2667,1.660,1.650,1.030,1,0,98.595,0,0,18,313,0,42,0
16-01 18:46:50,19.757,2.251,77.526,0,0,5328072,164752,171436,2330436,17146.723,7855.622,0,8.003,0,2.001,2196,1815,1.660,1.650,1.030,3,0,0,0,0,18,316,0,42,0
16-01 18:46:51,17.744,8.997,71.474,0.250,0,5285660,207104,171436,2330504,14515.813,5743.947,47.983,575.794,2.999,12.995,3864,3413,1.610,1.640,1.030,2,0,112.960,0,0,18,313,0,45,0
16-01 18:46:52,21.268,2.502,75.064,0.250,0,5327312,165300,171436,2330656,50118.814,7350.279,144.123,428.366,7.006,52.044,3054,3222,1.610,1.640,1.030,1,0,1.001,0,0,18,314,0,44,0
16-01 18:46:53,19.748,6.999,72.493,0,0,5305596,187004,171436,2330668,9238.053,4427.546,0,139.986,0,8.999,3039,2608,1.610,1.640,1.030,1,0,69.993,0,0,18,313,0,45,0
16-01 18:46:54,19.496,2.499,76.234,0,0,5332040,160556,171436,2330672,49176.586,7342.445,0,47.990,0,2.999,2457,2168,1.610,1.640,1.030,2,0,1.000,0,0,18,316,0,45,0
16-01 18:46:55,19.753,6.751,73.263,0,0,5330672,161904,171436,2330692,14034.444,8957.560,0,588.102,0,37.006,3076,2738,1.610,1.640,1.030,1,0,56.010,0,0,18,315,0,46,0
16-01 18:46:56,19.499,2.250,76.496,0,0,5351216,141356,171436,2330696,14502.209,7235.605,0,4.000,0,1.000,2390,2113,1.560,1.630,1.030,1,0,0,0,0,18,316,0,45,0
16-01 18:46:57,18.235,5.496,73.441,2.248,0,5300260,192292,171436,2330716,11800.503,6138.060,11.990,919.260,0.999,78.936,2811,2419,1.560,1.630,1.030,1,0,31.974,0,0,18,315,0,48,0
16-01 18:46:58,20.346,2.261,77.116,0,0.251,5342424,150124,171436,2330720,11474.394,4028.095,0,0,0,0,2229,1906,1.560,1.630,1.030,1,0,1.005,0,0,18,316,0,48,0
16-01 18:46:59,15.504,3.751,79.770,0.250,0,5322868,169668,171436,2330740,15939.993,10147.542,32.008,228.057,2.001,24.006,3066,3267,1.560,1.630,1.030,2,0,47.012,0,0,18,315,0,49,0
16-01 18:47:00,24.224,4.745,69.676,0.250,0,5324644,167860,171436,2331460,9692.675,1618.276,0,147.843,0,7.991,2721,3769,1.560,1.630,1.030,3,0,33.964,0,0,18,315,0,41,0
16-01 18:47:01,21.012,5.003,72.540,0,0,5310236,182248,171436,2330792,18663.352,11939.623,0,188.104,0,14.008,3778,13333,1.590,1.640,1.030,1,0,34.019,0,0,18,315,0,45,0
16-01 18:47:02,25.895,5.976,67.229,0.249,0,5326132,166148,171436,2330996,7759.664,1559.701,79.678,350.584,3.984,36.851,3959,5814,1.590,1.640,1.030,3,0,0.996,0,0,18,315,0,45,0
16-01 18:47:03,15.505,2.501,80.525,0,0,5330520,161624,171436,2331132,15826.823,11680.560,16.005,256.078,1.000,22.007,3029,3087,1.590,1.640,1.030,0,0,6.002,0,0,18,316,0,45,0
16-01 18:47:04,21.842,7.783,69.544,0.251,0,5294608,197512,171436,2331156,11293.799,2381.078,0,550.329,0,37.157,3864,3520,1.590,1.640,1.030,1,0,88.374,0,0,18,317,0,39,0
16-01 18:47:05,19.668,2.490,76.681,0,0,5325100,167020,171436,2331156,16513.410,7313.622,0,183.239,0,12.946,2342,1982,1.590,1.640,1.030,2,0,0,0,0,18,318,0,39,0
16-01 18:47:06,20.998,5.750,71.994,0.500,0,5327844,164252,171436,2331180,27248.727,18196.482,0,599.950,0,43.996,3285,3052,1.550,1.630,1.030,2,0,47.996,0,0,18,317,0,41,0
16-01 18:47:07,19.504,2.751,76.265,0,0,5361408,130680,171436,2331188,13023.565,7345.447,0,232.046,0,24.005,2558,2516,1.550,1.630,1.030,2,0,1.000,0,0,18,318,0,41,0
16-01 18:47:08,20.508,4.252,74.029,0.250,0,5303576,188492,171436,2331208,13007.104,4764.870,16.006,284.111,1.000,42.016,2892,2528,1.550,1.630,1.030,2,0,15.006,0,0,18,317,0,34,0
16-01 18:47:09,19.746,2.749,77.233,0,0,5339348,152720,171436,2331208,13432.026,7342.374,0,155.965,0,9.998,2165,1878,1.550,1.630,1.030,1,0,0,0,0,18,318,0,34,0
16-01 18:47:10,22.333,4.768,70.513,1.004,0,5324764,165236,171436,2333276,8208.645,3657.655,1911.135,2015.524,73.274,207.776,5690,7516,1.550,1.630,1.030,2,0,6.022,0,0,18,319,0,35,0
16-01 18:47:11,22.163,3.486,73.214,0.249,0,5331472,158520,171436,2333284,12026.024,3576.031,0,573.759,0,37.852,2560,2191,1.420,1.600,1.030,0,0,0,0,0,18,320,0,35,0
16-01 18:47:12,17.502,3.000,78.009,0.250,0,5331456,158376,171436,2333444,16110.814,9276.045,48.005,1036.117,2.000,109.012,3947,4771,1.420,1.600,1.030,1,0,2.000,0,0,18,320,0,30,0
16-01 18:47:13,16.542,14.537,66.419,1.504,0,5281948,207764,171440,2333560,7235.462,2841.250,36.092,6977.805,2.005,692.768,7738,7661,1.420,1.600,1.030,1,0,302.773,0,0,18,319,0,31,0
16-01 18:47:14,10.006,22.012,67.037,0,0,5278172,211504,171440,2333596,11260.287,1620.905,0,456.255,0,42.023,7233,6411,1.420,1.600,1.030,1,0,619.346,0,0,18,319,0,31,0
16-01 18:47:15,9.002,22.506,66.767,0.250,0,5283112,206540,171440,2333620,10359.698,1662.433,0,1424.371,0,79.021,7326,6568,1.420,1.600,1.030,2,0,597.156,0,0,18,319,0,31,0
16-01 18:47:16,9.005,22.763,67.538,0,0,5278652,210960,171440,2333660,9679.417,1620.907,0,220.123,0,24.013,7121,6151,1.310,1.570,1.020,1,0,607.340,0,0,18,319,0,31,0
16-01 18:47:17,8.749,21.997,67.742,0,0,5276368,213212,171440,2333692,7302.111,1619.803,0,259.968,0,12.998,7007,6013,1.310,1.570,1.020,1,0,577.930,0,0,18,319,0,30,0
16-01 18:47:18,8.748,22.994,66.982,0,0,5277412,212136,171440,2333724,7163.107,1565.586,0,151.960,0,15.996,7183,6479,1.310,1.570,1.020,3,0,633.832,0,0,18,319,0,30,0
16-01 18:47:19,9.718,16.447,70.022,2.741,0,5288528,200484,171440,2334260,9165.215,1614.752,498.380,31.896,38.874,5.981,5510,4574,1.310,1.570,1.020,1,0,350.860,0,0,18,319,0,30,0
16-01 18:47:20,13.996,8.498,71.230,4.499,0,5297788,286464,171484,2251168,7769.868,1565.570,7433.960,2759.243,587.839,17.995,4128,4049,1.310,1.570,1.020,1,0,41.988,0,0,18,319,0,30,0
16-01 18:47:21,24.250,3.750,71.249,0.250,0,5313744,266508,171484,2255168,6277.937,1619.984,16.000,1455.985,3.000,33.000,2826,2703,1.280,1.560,1.020,1,0,18.000,0,0,18,319,0,26,0
16-01 18:47:22,12.750,1.500,83.247,0.500,0,5314728,265080,171484,2255612,52122.171,5838.795,87.997,2891.899,11.000,81.997,2617,2880,1.280,1.560,1.020,0,0,1.000,0,0,18,320,0,26,0
16-01 18:47:23,12.498,1.250,81.735,3.499,0,5325032,254020,171484,2256364,21984.093,8719.451,683.878,1135.798,41.993,37.993,2034,1971,1.280,1.560,1.020,1,0,0,0,0,18,320,0,26,0
16-01 18:47:24,7.750,1.000,87.747,1.750,0,5324560,253628,171484,2257224,57354.731,9319.631,435.983,1015.960,40.998,28.999,1829,1909,1.280,1.560,1.020,0,1,0,0,0,18,320,0,26,0
16-01 18:47:25,16.752,1.500,79.509,1.250,0,5352340,224936,171484,2258132,19928.165,7908.859,756.082,1092.119,32.003,45.005,2186,1950,1.280,1.560,1.020,0,1,0,0,0,18,320,0,23,0
16-01 18:47:26,13.245,1.749,82.717,1.250,0,5352620,223864,171484,2258916,21788.413,10177.989,695.726,1135.552,46.981,33.987,2080,2068,1.260,1.550,1.020,3,0,0,0,0,18,320,0,23,0
16-01 18:47:27,13.754,1.750,82.271,1.000,0,5364648,210792,171528,2259912,22228.764,9980.588,664.172,1096.284,40.010,33.009,2100,1948,1.260,1.550,1.020,0,1,0,0,0,18,320,0,23,0
16-01 18:47:28,11.754,2.001,79.528,5.252,0,5368224,186396,171600,2280652,18548.573,7871.790,10395.684,820.291,129.046,24.009,2153,2073,1.260,1.550,1.020,1,0,1.000,0,0,18,320,0,23,0
16-01 18:47:29,20.986,3.748,71.953,2.498,0.250,5372212,156672,172664,2305216,9412.841,1618.941,5252.563,1674.904,59.961,59.961,2673,2322,1.260,1.550,1.020,1,0,0.999,0,0,18,320,0,23,0
16-01 18:47:30,24.244,2.499,71.483,0.250,0,5378528,133752,173160,2321048,7764.139,1565.625,47.988,1535.632,2.000,42.990,2772,2671,1.260,1.550,1.020,2,0,0,0,0,18,320,0,23,0
16-01 18:47:31,24.506,3.001,71.018,0.750,0,5365592,159924,173316,2308736,9066.235,1620.399,0,1456.359,0,62.015,2723,2436,1.320,1.560,1.020,1,0,0,0,0,18,320,0,23,0
16-01 18:47:32,23.511,3.502,70.784,1.751,0,5367748,143296,174240,2322024,6816.284,1620.781,0,9804.723,0,349.168,3718,3270,1.320,1.560,1.020,1,0,0,0,0,18,320,0,23,0
16-01 18:47:33,23.257,2.751,71.773,0.750,0,5357340,127180,175132,2347568,6093.917,1620.510,0,2352.740,0,93.029,2787,2615,1.320,1.560,1.020,1,0,0,0,0,18,320,0,22,0
16-01 18:47:34,23.993,2.499,71.980,0.500,0,5377948,135024,175692,2319012,6155.327,1739.527,3.999,1543.580,1.000,53.985,2538,2204,1.320,1.560,1.020,2,0,0,0,0,18,319,0,22,0
16-01 18:47:35,22.012,4.252,73.289,0,0,5354896,158096,175720,2318864,9660.090,2060.085,0,24.013,0,2.001,2538,2035,1.320,1.560,1.020,1,0,35.018,0,0,18,320,0,22,0
16-01 18:47:36,18.732,2.498,77.174,0,0,5338612,167756,175816,2325360,12811.375,3468.582,0,1794.232,0,22.977,2434,2284,1.530,1.600,1.040,2,0,1.998,0,0,18,319,0,22,0
16-01 18:47:37,17.251,2.500,78.755,0.250,0,5348196,158116,175820,2325392,15002.921,4485.275,0,664.041,0,33.002,2523,2455,1.530,1.600,1.040,2,0,19.001,0,0,18,320,0,21,0
16-01 18:47:38,23.506,5.251,69.019,0.500,0,5350940,147916,176284,2331616,9398.549,1806.490,0,984.267,0,23.006,10228,18678,1.530,1.600,1.040,2,0,15.004,0,0,18,319,0,21,0
16-01 18:47:39,23.255,7.001,68.514,0.250,0,5341640,156840,176344,2331884,9916.090,1620.342,0,1724.363,0,15.003,10621,18741,1.530,1.600,1.040,1,0,13.003,0,0,18,319,0,21,0
16-01 18:47:40,20.992,6.248,71.722,0.250,0,5296284,215552,176384,2319000,8271.810,1619.375,0,1003.613,0,25.990,2800,2571,1.530,1.600,1.040,4,0,7.997,0,0,18,319,0,21,0
16-01 18:47:41,23.325,5.518,68.971,0,0,5309052,202892,176384,2318988,6746.616,1695.432,0,445.427,0,22.071,10362,18182,1.490,1.590,1.040,2,0,54.174,0,0,18,319,0,20,0
16-01 18:47:42,22.686,4.238,71.797,0,0,5336648,175276,176384,2319008,6168.526,2107.031,0,414.825,0,17.949,3505,3748,1.490,1.590,1.040,1,0,35.898,0,0,18,320,0,20,0
16-01 18:47:43,19.011,2.251,77.296,0.250,0,5354116,151336,176384,2325480,13590.075,3299.961,0,988.587,0,25.015,2259,2010,1.490,1.590,1.040,2,0,2.001,0,0,18,319,0,20,0
16-01 18:47:44,18.986,2.748,76.945,0.250,0.250,5366988,138404,176384,2325540,13936.066,4547.758,0,1694.792,0,231.835,2932,2458,1.490,1.590,1.040,1,0,18.986,0,0,18,320,0,20,0
16-01 18:47:45,23.743,6.248,68.229,0.250,0,5339208,159124,176516,2331800,9218.190,1793.453,0,1095.666,0,25.992,10956,19453,1.490,1.590,1.040,1,0,13.996,0,0,18,319,0,20,0
16-01 18:47:46,23.008,6.252,68.524,0,0,5329840,168112,176520,2332128,6959.428,1566.547,0,524.183,0,8.003,10949,19392,1.450,1.580,1.040,1,0,20.007,0,0,18,319,0,20,0
16-01 18:47:47,22.003,5.501,71.760,0,0,5318888,192780,176520,2319048,8774.173,1620.217,0,828.111,0,19.003,2537,2089,1.450,1.580,1.040,1,0,6.001,0,0,18,319,0,20,0
16-01 18:47:48,23.582,4.265,71.748,0,0,5309488,202164,176520,2319064,7337.405,1625.629,0,104.361,0,4.014,2974,2425,1.450,1.580,1.040,1,0,71.247,0,0,18,319,0,20,0
16-01 18:47:49,23.174,3.738,71.765,0,0,5319944,183268,176524,2327504,5664.421,1614.704,0,7.974,0,1.993,2896,2706,1.450,1.580,1.040,1,0,42.859,0,0,18,319,0,20,0
16-01 18:47:50,19.491,2.249,76.963,0.250,0,5317948,183028,176540,2329676,14179.271,3686.251,3.998,1179.440,1.000,25.988,2454,2424,1.450,1.580,1.040,1,0,15.992,0,0,18,320,0,20,0
16-01 18:47:51,13.749,1.250,82.995,0.750,0,5326960,173840,176576,2329812,21885.573,10619.308,0,1419.907,0,55.996,2241,2331,1.420,1.570,1.040,1,0,1.000,0,0,18,320,0,20,0
16-01 18:47:52,11.247,1.749,84.724,0.500,0,5323396,176904,176608,2330260,84611.998,11956.326,0,1499.539,0,67.979,2550,2835,1.420,1.570,1.040,1,0,1.000,0,0,18,321,0,20,0
16-01 18:47:53,11.007,2.001,84.556,0.750,0,5309176,190744,176668,2330552,134712.003,13347.819,0,12376.177,0,108.071,2364,2270,1.420,1.570,1.040,1,0,0,0,0,18,321,0,16,0
16-01 18:47:54,18.500,1.500,78.500,0.750,0,5332428,167320,176696,2330664,50559.873,7929.980,0,843.998,0,33.000,2309,2030,1.420,1.570,1.040,1,0,0,0,0,18,321,0,16,0
16-01 18:47:55,12.248,2.250,83.735,0.250,0,5335496,163864,176756,2330952,21814.047,10041.180,0,1547.720,0,64.988,3826,5380,1.420,1.570,1.040,0,0,1.000,0,0,18,321,0,16,0
16-01 18:47:56,15.991,1.999,79.955,0.750,0,5340640,158068,176876,2331396,303491.216,14457.864,0,1343.244,0,45.974,2879,2565,1.380,1.560,1.040,1,0,0,0,0,18,321,0,16,0
16-01 18:47:57,8.771,1.504,86.956,1.504,0,5341156,156836,177156,2331664,96713.491,16001.971,28.067,2325.518,4.010,111.264,2534,2816,1.380,1.560,1.040,1,1,0,0,0,18,321,0,12,0
16-01 18:47:58,14.477,0.998,83.367,0.499,0,5350752,146756,177256,2331980,27173.506,10104.826,103.834,1054.312,5.990,39.936,2039,1906,1.380,1.560,1.040,2,0,0.998,0,0,18,321,0,12,0
16-01 18:47:59,10.746,1.749,85.715,0.500,0,5350344,129208,177308,2349784,4903104.562,36851.784,0,2426.998,0,43.982,3206,2395,1.380,1.560,1.040,1,0,1.999,0,0,18,321,0,12,0
16-01 18:48:00,9.255,3.502,83.791,1.000,0,5337272,142600,177416,2350184,12519848.948,56799.788,180.088,16628.135,5.002,84.041,5467,3690,1.380,1.560,1.040,1,0,3.001,0,0,18,321,0,12,0
16-01 18:48:01,36.727,9.994,51.467,0.999,0,5378960,148720,178024,2303468,386761.681,5597.435,515.672,2962.114,4.997,103.934,4609,12250,1.430,1.570,1.040,2,0,43.972,0,0,18,321,0,13,0
16-01 18:48:02,38.025,7.255,53.285,1.001,0,5355472,151980,181248,2317644,8647.615,1621.052,512.333,4695.048,4.003,93.060,3872,3002,1.430,1.570,1.040,2,0,5.003,0,0,18,321,0,8,0
16-01 18:48:03,24.993,5.748,67.981,1.000,0,5340728,149584,181640,2332944,9453.381,1619.551,0,94277.876,0,622.827,3956,2982,1.430,1.570,1.040,1,0,5.998,0,0,18,321,0,8,0
16-01 18:48:04,24.247,3.000,71.743,0.500,0,5361472,140280,182116,2321360,9928.965,1619.831,0,2415.748,0,69.993,2765,2405,1.430,1.570,1.040,1,0,0,0,0,18,321,0,8,0
16-01 18:48:05,22.997,3.750,71.242,1.000,0,5355016,151184,183088,2314976,6610.244,1619.815,0,3327.620,0,305.965,3045,2388,1.430,1.570,1.040,1,0,0,0,0,18,321,0,8,0
16-01 18:48:06,24.763,3.002,71.038,0.750,0,5353780,137924,183696,2327952,8291.448,1512.812,0,1848.992,0,77.041,2997,2862,1.400,1.560,1.040,1,0,1.001,0,0,18,321,0,6,0
16-01 18:48:07,23.966,3.245,70.649,0.250,0,5356068,143388,184992,2318152,10292.288,1617.688,0,2268.757,0,45.934,2849,2819,1.400,1.560,1.040,1,0,0.999,0,0,18,321,0,6,0
16-01 18:48:08,22.770,4.504,70.813,0.751,0,5355704,142448,186008,2317924,9868.799,1621.446,0,13592.118,0,126.112,2937,2560,1.400,1.560,1.040,1,0,1.001,0,0,18,321,0,6,0
16-01 18:48:09,19.046,1.754,78.190,0.501,0,5391524,135980,186440,2287356,15107.715,4166.125,0,1311.186,0,48.117,2344,2122,1.400,1.560,1.040,1,0,0,0,0,18,319,0,6,0
16-01 18:48:10,23.789,3.506,71.618,0.250,0,5333692,193864,186440,2287340,8731.391,1622.674,16.026,741.222,1.002,28.046,2721,2473,1.400,1.560,1.040,1,0,19.031,0,0,18,319,0,3,0
16-01 18:48:11,17.182,2.490,77.943,0.249,0,5327004,194720,186512,2292788,13075.519,3883.709,3.984,1259.043,0.996,17.929,2279,2077,1.360,1.550,1.040,2,0,16.933,0,0,18,319,0,3,0
16-01 18:48:12,20.503,3.500,75.009,0,0,5340348,180144,186532,2293880,9908.224,2958.366,0,444.055,0,24.003,2627,2495,1.360,1.550,1.040,0,0,18.002,0,0,18,320,0,3,0
16-01 18:48:13,22.307,4.261,71.432,0.251,0,5344984,168164,186864,2299812,9071.058,3461.800,0,1431.639,0,45.115,9903,18220,1.360,1.550,1.040,1,0,7.018,0,0,18,319,0,3,0
16-01 18:48:14,21.461,4.991,72.370,0,0,5345284,167224,186924,2300288,8423.821,1509.280,0,87.842,0,1.996,2363,1857,1.360,1.550,1.040,1,0,9.982,0,0,18,319,0,1,0
16-01 18:48:15,21.483,7.744,68.447,0.250,0,5345060,167224,186960,2300452,9611.528,1618.742,0,2601.977,0,27.978,10615,19218,1.360,1.550,1.040,1,0,16.987,0,0,18,319,0,1,0
16-01 18:48:16,22.005,5.751,71.266,0.500,0,5294216,232344,186964,2287476,8605.954,1662.377,0,1116.253,0,32.007,2648,2364,1.340,1.540,1.040,1,0,1.000,0,0,18,319,0,1,0
16-01 18:48:17,21.991,4.248,70.721,1.749,0,5315508,206720,186964,2291808,7431.992,1619.345,2187.115,1555.371,314.873,19.992,3457,3206,1.340,1.540,1.040,1,0,6.997,0,0,18,319,0,1,0
16-01 18:48:18,23.532,4.506,69.345,1.252,0,5316752,204116,186964,2293164,9628.151,1568.142,977.335,1794.451,45.062,118.161,5825,8023,1.340,1.540,1.040,2,0,1.001,0,0,18,322,0,6,0
16-01 18:48:19,18.556,13.039,65.698,1.003,0,5265356,254628,186968,2294044,7609.944,1624.899,545.645,2796.431,26.079,286.865,7749,9742,1.340,1.540,1.040,1,0,257.777,0,0,18,321,0,7,0
16-01 18:48:20,11.984,13.482,70.159,2.996,0,5261424,256148,186968,2296460,5570.760,1659.843,2392.890,363.528,242.685,20.973,4949,4142,1.340,1.540,1.040,0,1,192.749,0,0,18,321,0,9,0
16-01 18:48:21,10.215,3.986,71.502,12.706,0,5261188,215860,186968,2336952,6612.088,2099.724,40344.200,3942.339,3210.874,350.784,9465,8795,1.310,1.530,1.040,0,0,6.976,0,0,18,322,0,9,0
16-01 18:48:22,4.251,1.501,88.030,4.502,0,5258976,216952,187376,2337664,48713.687,3542.213,1116.382,3525.208,248.085,213.073,3023,4002,1.310,1.530,1.040,0,0,1.000,0,0,18,322,0,9,0
16-01 18:48:23,2.254,0.751,94.663,1.002,0,5257732,217956,187376,2337904,46905.934,5423.358,236.408,112.194,7.012,9.016,1396,1813,1.310,1.530,1.040,0,0,0,0,0,18,322,0,9,0
16-01 18:48:24,3.494,2.496,89.093,3.993,0,5243864,231188,187404,2338508,182306.967,3024.674,315.445,10581.367,9.982,47.916,1927,2008,1.310,1.530,1.040,1,1,11.979,0,0,18,321,0,9,1
16-01 18:48:25,3.499,1.500,91.479,2.000,0,5241580,233652,187592,2338140,12365.135,129430.010,203.953,1267.706,12.997,29.993,1731,2092,1.310,1.530,1.040,0,0,0,0,0,18,321,0,9,0
16-01 18:48:26,2.251,1.250,95.287,0,0,5237560,237664,187592,2338148,10938.197,1566.601,0,152.058,0,14.005,1467,1932,1.200,1.510,1.040,0,0,0,0,0,18,321,0,9,0
16-01 18:48:27,1.750,0.500,96.762,0,0,5236460,238764,187592,2338148,8875.116,1620.204,0,36.005,0,4.001,1110,1583,1.200,1.510,1.040,0,0,0,0,0,18,321,0,9,0
16-01 18:48:28,1.250,1.000,96.250,0.250,0,5235320,239904,187592,2338148,5481.008,1620.002,0,84.000,0,10.000,1172,1673,1.200,1.510,1.040,0,0,1.000,0,0,18,321,0,9,0
16-01 18:48:29,2.999,0.500,95.714,0.250,0,5227840,247368,187592,2338164,10202.114,1619.383,15.994,171.935,1.000,25.990,1538,2155,1.200,1.510,1.040,0,0,0,0,0,18,321,0,9,0
16-01 18:48:30,1.751,1.001,96.561,0.250,0,5227840,247368,187592,2338164,7109.477,1512.953,0,300.189,0,22.014,1288,1700,1.200,1.510,1.040,0,0,0,0,0,18,321,0,9,0
16-01 18:48:31,1.500,1.000,96.243,0,0,5227840,247368,187592,2338164,8414.419,1619.888,0,63.996,0,8.999,1268,1706,1.110,1.480,1.030,0,0,0,0,0,18,321,0,9,0
16-01 18:48:32,1.999,0.500,95.212,0.250,0,5227824,247368,187592,2338180,9911.089,1619.361,0,167.934,0,21.991,1494,2063,1.110,1.480,1.030,0,0,0,0,0,18,321,0,9,0
16-01 18:48:33,2.000,0.750,96.754,0,0,5227824,247368,187592,2338180,9002.363,1620.065,0,192.008,0,15.001,1271,1763,1.110,1.480,1.030,0,0,0,0,0,18,321,0,9,0
16-01 18:48:34,1.500,2.500,94.246,0.250,0,5215956,259248,187592,2338180,9143.640,1565.938,0,46122.186,0,343.986,2127,1887,1.110,1.480,1.030,0,0,0,0,0,18,321,0,9,0
16-01 18:48:35,2.000,0.250,96.761,0,0,5216200,258996,187592,2338180,7832.913,1620.189,0,0,0,0,1171,1604,1.110,1.480,1.030,0,0,0,0,0,18,321,0,9,0
16-01 18:48:36,1.750,1.000,95.258,0.250,0.250,5216400,258996,187592,2338180,5289.464,1620.142,0,1892.166,0,164.014,1771,2172,1.180,1.490,1.040,0,0,1.000,0,0,18,321,0,9,0
16-01 18:48:37,2.250,1.000,95.754,0.250,0,5216396,258996,187592,2338184,9555.369,1620.063,0,252.010,0,23.001,1527,2166,1.180,1.490,1.040,0,0,1.000,0,0,18,321,0,9,0
16-01 18:48:38,1.749,0.500,96.208,0,0,5216396,258996,187592,2338184,6725.030,1511.333,0,3.998,0,1.000,1326,1882,1.180,1.490,1.040,0,0,1.000,0,0,18,321,0,9,0
16-01 18:48:39,2.247,3.746,92.896,0,0,5215884,259500,187592,2338192,5974.311,1618.188,0,127245.543,0,589.340,3353,3245,1.180,1.490,1.040,0,0,0,0,0,18,321,0,9,0
16-01 18:48:40,1.501,0.751,96.325,0.500,0,5216036,259344,187592,2338200,8833.919,1621.270,0,1833.436,0,41.032,1360,1846,1.180,1.490,1.040,0,0,0,0,0,18,321,0,9,0
16-01 18:48:41,2.001,0.500,96.309,0,0,5216036,259344,187592,2338200,7700.720,1566.961,0,0,0,0,1251,1697,1.080,1.460,1.030,0,0,0,0,0,18,321,0,9,0
16-01 18:48:42,2.500,1.250,95.243,0.500,0,5216036,259344,187592,2338200,8873.312,1619.874,0,151.988,0,25.998,1587,2213,1.080,1.460,1.030,0,0,0,0,0,18,321,0,9,0
16-01 18:48:43,1.500,0.750,95.747,0.250,0,5216036,259344,187592,2338200,7620.774,1619.952,0,3547.895,0,170.995,1662,2371,1.080,1.460,1.030,0,0,0,0,0,18,321,0,9,0
16-01 18:48:44,1.500,0.750,96.490,0,0,5216036,259344,187592,2338200,5639.443,1619.840,0,4.000,0,1.000,1246,1725,1.080,1.460,1.030,0,0,2.000,0,0,18,321,0,9,0
16-01 18:48:45,2.001,0.500,96.025,0,0,5216224,259120,187592,2338236,9133.381,1512.394,0,0,0,0,1217,1659,1.080,1.460,1.030,0,0,0,0,0,18,321,0,9,0
16-01 18:48:46,2.250,1.250,95.751,0,0.250,5216224,259120,187592,2338236,8855.117,1620.021,0,88.001,0,7.000,1401,1804,1,1.440,1.020,0,0,0,0,0,18,321,0,9,0
16-01 18:48:47,2.000,0.500,95.729,0.500,0,5216216,259120,187592,2338244,8635.088,1619.641,0,631.860,0,120.973,1491,1751,1,1.440,1.020,0,0,0,0,0,18,321,0,9,0
16-01 18:48:48,1.750,0.750,96.508,0,0.250,5216468,258868,187592,2338244,7024.608,1620.140,0,0,0,0,1273,1733,1,1.440,1.020,0,0,1.000,0,0,18,321,0,9,0
16-01 18:48:49,2.000,1.500,95.989,0,0,5203972,271324,187592,2338272,8465.030,1607.816,15.998,2743.686,1.000,21.997,1508,2056,1,1.440,1.020,0,0,0,0,0,18,321,0,9,0
16-01 18:48:50,1.500,0.500,95.970,0.250,0,5203972,271324,187592,2338272,7320.735,1619.499,0,571.823,0,22.993,1261,1766,1,1.440,1.020,0,0,0,0,0,18,321,0,9,0
16-01 18:48:51,2.501,1.000,95.796,0,0,5204728,270568,187592,2338272,6214.967,1662.794,0,112.053,0,14.007,1476,2059,0.920,1.420,1.020,0,0,1.000,0,0,18,321,0,9,0
16-01 18:48:52,2.250,1.500,94.747,0.500,0,5204728,270568,187592,2338272,40451.732,1511.953,0,323.990,0,34.999,1880,2592,0.920,1.420,1.020,0,0,1.000,0,0,18,321,0,9,0
16-01 18:48:53,2.000,0.500,96.740,0,0,5204724,270568,187592,2338276,8825.094,1619.834,0,0,0,0,1196,1630,0.920,1.420,1.020,0,0,0,0,0,18,321,0,9,0
16-01 18:48:54,1.750,1.000,95.991,0,0,5204724,270568,187592,2338276,41644.087,1619.848,0,283.973,0,6.999,1451,1908,0.920,1.420,1.020,0,0,0,0,0,18,321,0,9,0
16-01 18:48:55,6.002,1.751,91.034,0,0,5212652,262640,187596,2338272,141701.895,4003.494,0,348.130,0,21.008,1703,1996,0.920,1.420,1.020,0,0,4.001,0,0,18,321,0,9,0
16-01 18:48:56,15.007,4.502,78.538,0.250,0,5217348,257792,187620,2338400,439016.817,16892.073,124.059,108.052,6.003,4.002,3354,2994,0.920,1.410,1.020,1,0,35.017,0,0,18,321,0,9,0
16-01 18:48:57,17.010,7.004,73.541,1.001,0,5214160,256188,187632,2343132,154495.624,5701.197,148.083,1104.619,23.013,225.126,3744,2806,0.920,1.410,1.020,1,0,41.023,0,0,18,321,0,9,0
