"pcp-dstat 6.2.0 CSV Output"
"Author:","PCP team <pcp@groups.io> and Dag Wieers <dag@wieers.com>",,,,"URL:","https://pcp.io/ and http://dag.wieers.com/home-made/dstat/"
"Host:","ubuntu",,,,"User:","ubuntu"
"Cmdline:","dstat -tcmndrylpg --tcp --output /tmp/devstack_logs/dstat-csv.log",,,,"Date:","16 Jan 2026 21:50:11 UTC"
"system","total usage",,,,,"memory usage",,,,"net/total",,"dsk/total",,"io/total",,"system",,"load avg",,,"procs",,,"paging",,"tcp sockets",,,,
"time","total usage:usr","total usage:sys","total usage:idl","total usage:wai","total usage:stl","used","free","buf","cach","net/total:recv","net/total:send","dsk/total:read","dsk/total:writ","read","writ","int","csw","1m","5m","15m","run","blk","new","in","out","lis","act","syn","tim","clo"
16-01 21:50:11,,982468,1723920,162480,4952620,,,,,,,1.240,0.880,0.480,2,0,,,,10,5,0,17,1
16-01 21:50:12,22.244,20.745,56.485,0.500,0,973376,1732728,162540,4952800,19418.857,8563.732,0,2051.457,0,87.977,6605,5594,1.140,0.870,0.480,2,0,516.863,0,0,10,5,0,17,1
16-01 21:50:13,25.245,17.996,55.988,0.500,0,1016800,1688736,162564,4953212,40237.609,10591.791,0,1619.662,0,55.988,6133,5752,1.140,0.870,0.480,2,0,346.928,0,0,10,4,0,17,2
16-01 21:50:14,28.191,13.971,56.133,0.499,0,1018896,1686212,162580,4953576,23898.070,11465.046,0,1508.848,0,46.902,6331,7683,1.140,0.870,0.480,1,0,253.470,0,0,10,4,0,17,2
16-01 21:50:15,19.287,5.260,73.642,0.501,0,1148796,1530024,162828,5102048,187563.603,7013.521,0,2745.293,0,85.164,3265,3319,1.140,0.870,0.480,2,0,16.031,0,0,11,4,0,17,2
16-01 21:50:16,40.485,10.746,47.233,0.500,0,1149660,1509656,163724,5118376,7344.339,1619.413,15.994,14674.683,1.000,430.844,4909,2832,1.140,0.870,0.480,2,0,114.958,0,0,11,6,0,17,2
16-01 21:50:17,40.484,10.496,48.231,0.750,0,1220472,1424596,164044,5130648,9127.451,1457.433,31.988,1563.392,1.999,29.988,4262,2990,1.210,0.880,0.480,3,0,169.934,0,0,11,6,0,19,2
16-01 21:50:18,44.021,5.503,48.023,1.251,0,1249988,1369336,165004,5152964,8524.058,1620.772,0,4406.097,0,130.062,3399,2086,1.210,0.880,0.480,3,0,0,0,0,11,6,0,19,2
16-01 21:50:19,38.293,5.968,48.239,5.968,0,1259732,1325204,166592,5182528,5737.958,1611.283,0,21523.558,0,1596.364,10966,14137,1.210,0.880,0.480,4,1,27.849,0,0,11,8,0,19,2
16-01 21:50:20,40.930,7.031,39.674,11.300,0,1259324,1305964,168296,5198332,8707.278,1627.153,0,61486.302,0,4123.126,21076,29444,1.210,0.880,0.480,2,0,54.238,0,0,11,6,0,19,2
16-01 21:50:21,38.070,8.015,53.849,0,0,1204960,1378264,168304,5180672,15335.220,4350.005,0,977.799,0,44.081,3640,2191,1.210,0.880,0.480,2,0,78.144,0,0,11,4,0,19,0
16-01 21:50:22,39.420,5.239,53.891,0.249,0,1283832,1299368,168312,5180684,11090.588,3717.487,0,1441.088,0,41.915,2850,1777,1.270,0.900,0.490,2,0,32.933,0,0,11,5,0,19,0
16-01 21:50:23,45.080,6.512,47.835,1.002,0,1260148,1315660,168480,5187120,10991.602,1797.205,0,9813.501,0,405.724,3832,3392,1.270,0.900,0.490,2,0,13.023,0,0,11,4,0,19,0
16-01 21:50:24,39.472,4.747,54.711,0.250,0,1265132,1302804,168984,5193124,15647.817,4721.626,0,1602.854,0,38.972,2747,1708,1.270,0.900,0.490,2,0,17.987,0,0,11,4,0,19,0
16-01 21:50:25,38.268,15.257,44.521,0,0,1196244,1370920,169080,5193652,48457.281,1620.779,0,88.042,0,2.001,13628,21306,1.270,0.900,0.490,2,0,293.141,0,0,11,4,0,19,0
16-01 21:50:26,32.261,25.509,41.264,0,0,1200420,1366260,169128,5194436,43012.807,1458.502,0,236.081,0,14.005,15310,23351,1.270,0.900,0.490,2,0,520.179,0,0,11,4,0,19,0
16-01 21:50:27,49.440,15.731,33.959,0,0,1142244,1439172,169140,5181352,14108.817,1618.029,0,2840.541,0,46.943,5223,4734,1.330,0.920,0.500,3,0,203.752,0,0,11,5,0,19,0
16-01 21:50:28,59.731,7.248,33.239,0,0,1240500,1340892,169144,5181484,14491.360,1619.481,0,75.976,0,4.998,3613,1653,1.330,0.920,0.500,2,0,65.979,0,0,11,5,0,19,0
16-01 21:50:29,44.274,6.253,48.776,0.250,0,1263636,1317308,169156,5181920,11669.301,1620.875,0,2873.552,0,213.115,2971,1412,1.330,0.920,0.500,3,0,0,0,0,11,5,0,19,0
16-01 21:50:30,33.199,10.484,54.915,0.250,0,1278128,1300284,169208,5184348,12657.464,1617.503,0,3574.483,0,246.619,5224,5551,1.330,0.920,0.500,2,0,117.818,0,0,11,4,0,20,0
16-01 21:50:31,11.507,4.253,83.301,0.250,0,1307028,1271372,169224,5184348,9131.634,1621.000,0,20528.665,0,87.054,1871,1636,1.330,0.920,0.500,2,0,24.015,0,0,11,4,0,20,0
16-01 21:50:32,28.239,5.748,65.975,0,0,1365264,1213124,169224,5184356,10076.138,1619.379,0,3586.625,0,8.997,3043,10996,1.380,0.940,0.510,1,0,35.986,0,0,11,4,0,21,0
16-01 21:50:33,23.294,1.753,73.390,0.501,0,1382788,1195380,169244,5184556,8687.563,1623.095,0,1591.033,0,82.157,2167,1789,1.380,0.940,0.510,1,0,1.002,0,0,11,10,0,21,0
16-01 21:50:34,20.213,6.738,70.620,0.998,0,1336296,1241748,169300,5184600,6944.246,1455.327,0,4004.645,0,400.265,4631,5085,1.380,0.940,0.510,1,0,47.912,0,0,11,4,0,23,0
16-01 21:50:35,22.245,1.750,74.734,0.750,0,1352324,1225116,169572,5184880,6664.559,2373.487,371.920,7.998,19.996,2.000,1720,1075,1.380,0.940,0.510,1,0,0,0,0,11,5,0,16,0
16-01 21:50:36,16.003,2.250,76.267,4.251,0,1351044,1226092,169628,5185080,11741.559,4952.079,228.050,1360.296,56.012,96.021,2639,2622,1.380,0.940,0.510,1,0,1.000,0,0,11,17,0,16,0
16-01 21:50:37,19.004,6.501,73.514,0.750,0,1326272,1250672,169632,5185260,11753.299,5740.123,40.008,24312.755,10.002,169.033,2997,2230,1.350,0.940,0.510,1,0,45.009,0,0,11,28,0,17,0
16-01 21:50:38,18.499,2.000,78.247,0,0,1349572,1227364,169632,5185264,14501.374,5746.752,0,0,0,0,1857,1395,1.350,0.940,0.510,1,0,0,0,0,11,29,0,17,0
16-01 21:50:39,20.532,10.767,68.105,0,0,1332604,1244304,169632,5185292,12104.628,4403.777,0,12.018,0,3.005,3458,2649,1.350,0.940,0.510,2,0,156.240,0,0,11,28,0,18,0
16-01 21:50:40,39.670,4.241,54.639,0,0,1441204,1135704,169632,5185292,11745.240,5548.775,0,2255.437,0,13.972,2778,1388,1.350,0.940,0.510,0,0,0,0,0,11,30,0,18,0
16-01 21:50:41,33.058,4.508,61.859,0,0,1445488,1131208,169636,5185500,24268.939,15809.972,0,240.425,0,25.044,5561,7662,1.350,0.940,0.510,2,0,1.002,0,0,11,29,0,19,0
16-01 21:50:42,58.548,26.021,14.011,0,0,1484984,1091708,169644,5185496,6590.400,2086.710,0,428.351,0,33.027,5783,5147,1.730,1.030,0.540,6,0,578.474,0,0,11,28,0,19,0
16-01 21:50:43,85.913,13.736,0.499,0,0,1696272,880340,169648,5185540,15343.541,11342.572,0,91.907,0,6.993,5349,3300,1.730,1.030,0.540,4,0,0,0,0,11,31,0,18,0
16-01 21:50:44,82.245,8.999,8.499,0,0,1744872,831604,169664,5185644,43214.230,32272.931,0,583.963,0,64.996,8220,11561,1.730,1.030,0.540,9,0,37.998,0,0,11,31,0,21,0
16-01 21:50:45,42.932,11.981,43.681,0,0,1530140,1046148,169668,5185828,15626.181,6719.328,0,575.087,0,57.908,5218,6001,1.730,1.030,0.540,1,0,271.569,0,0,11,28,0,24,0
16-01 21:50:46,18.223,2.247,79.133,0.250,0,1526816,1049464,169672,5185832,13099.567,6112.932,0,183.727,0,7.988,1974,1599,1.730,1.030,0.540,1,0,0,0,0,11,29,0,24,0
16-01 21:50:47,15.768,8.760,73.332,1.752,0,1493660,1082596,169684,5185844,10045.273,4054.550,0,36729.218,0,514.577,4436,3659,1.670,1.020,0.550,1,0,68.076,0,0,11,28,0,24,0
16-01 21:50:48,18.782,2.254,77.884,0,0,1504332,1071944,169688,5185848,11537.907,3981.870,0,993.714,0,15.026,1937,1567,1.670,1.020,0.550,2,0,0,0,0,11,29,0,24,0
16-01 21:50:49,16.021,5.507,77.100,0.250,0,1460212,1116132,169700,5185872,15359.019,6151.017,0,340.444,0,27.035,3406,3416,1.670,1.020,0.550,3,0,99.129,0,0,11,28,0,25,0
16-01 21:50:50,13.236,27.222,57.940,0.250,0,1455988,1120348,169704,5185876,6180.629,1618.332,0,3064.841,0,96.900,6645,5415,1.670,1.020,0.550,5,0,719.259,0,0,11,28,0,25,0
16-01 21:50:51,80.072,20.268,0.250,0,0,1576548,999756,169712,5185900,9662.733,1621.465,0,236.213,0,14.013,5050,3080,1.670,1.020,0.550,6,0,220.199,0,0,11,28,0,25,0
16-01 21:50:52,75.982,10.248,12.997,0,0,1672472,903628,169724,5186088,33379.281,28169.486,0,63981.205,0,237.945,6453,7128,1.850,1.070,0.560,5,0,0,0,0,11,33,0,25,0
16-01 21:50:53,72.269,15.754,12.253,0,0,1567832,1008192,169748,5186140,31322.055,24465.292,0,1640.422,0,77.020,9914,14507,1.850,1.070,0.560,6,0,275.071,0,0,11,28,0,26,0
16-01 21:50:54,84.493,14.999,0,0,0,1632640,943324,169748,5186200,10421.136,3589.702,0,187.984,0,9.999,5079,2956,1.850,1.070,0.560,5,0,34.997,0,0,11,29,0,26,0
16-01 21:50:55,84.497,8.750,6.500,0,0,1745400,830316,169752,5186444,71144.446,29622.937,0,147.995,0,8.000,6265,7172,1.850,1.070,0.560,3,0,0,0,0,11,34,0,26,0
16-01 21:50:56,73.451,13.241,12.492,0.250,0,1628616,946732,169776,5186788,76041.924,33087.776,0,483.675,0,37.974,8804,14555,1.850,1.070,0.560,3,0,217.854,0,0,11,29,0,30,0
16-01 21:50:57,48.226,10.245,41.480,0,0,1528960,1046360,169776,5186816,14862.745,3634.226,0,283.861,0,10.995,3876,2577,1.870,1.090,0.570,1,0,79.961,0,0,11,29,0,31,0
16-01 21:50:58,31.176,2.744,64.847,0,0,1531132,1044140,169792,5186848,19753.407,14953.728,0,303.285,0,22.946,3492,4473,1.870,1.090,0.570,2,0,0,0,0,11,29,0,32,0
16-01 21:50:59,55.454,20.576,23.587,0,0,1503816,1071420,169800,5186876,14305.614,5806.355,0,248.915,0,20.074,5516,5051,1.870,1.090,0.570,3,0,379.395,0,0,11,28,0,32,0
16-01 21:51:00,53.490,4.499,40.992,0,0.500,1546424,1028792,169804,5186908,20899.029,16146.932,0,215.959,0,10.998,4042,3075,1.870,1.090,0.570,0,0,0,0,0,11,31,0,32,0
16-01 21:51:01,52.266,17.255,29.259,0,0,1488536,1086440,169856,5187096,21838.784,15275.745,0,1292.401,0,59.018,7867,10279,1.870,1.090,0.570,5,0,259.080,0,0,11,28,0,33,0
16-01 21:51:02,77.217,8.746,14.244,0,0,1612476,962464,169856,5187128,16380.102,9937.815,0,203.914,0,9.996,4534,1785,2.040,1.140,0.590,3,0,0,0,0,11,32,0,33,0
16-01 21:51:03,62.734,7.248,29.242,0.250,0,1597788,976936,169876,5187324,41350.271,31752.761,0,447.884,0,40.989,8271,13027,2.040,1.140,0.590,6,0,46.988,0,0,11,29,0,31,0
16-01 21:51:04,65.785,18.260,16.259,0,0,1531248,1043440,169876,5187360,11564.143,3585.905,0,236.125,0,13.007,4963,3716,2.040,1.140,0.590,4,0,277.147,0,0,11,28,0,32,0
16-01 21:51:05,49.641,5.238,44.652,0,0,1569000,1005652,169880,5187392,23898.502,19466.239,0,219.518,0,8.980,4625,4898,2.040,1.140,0.590,0,0,0,0,0,11,31,0,32,0
16-01 21:51:06,53.474,18.491,26.987,0.250,0,1477384,1097184,169908,5187448,19651.544,12506.982,0,1379.336,0,101.951,7489,9105,2.040,1.140,0.590,3,0,298.856,0,0,11,28,0,34,0
16-01 21:51:07,55.086,6.009,39.061,0,0,1587516,986896,169908,5187604,19423.325,11691.253,0,364.569,0,2.003,3847,2458,2.110,1.170,0.600,5,0,0,0,0,11,31,0,31,0
16-01 21:51:08,51.033,10.507,37.024,0,0,1495768,1078340,169912,5187904,26076.897,19510.642,0,184.119,0,19.012,6832,8914,2.110,1.170,0.600,4,0,222.144,0,0,11,28,0,34,0
16-01 21:51:09,64.892,13.727,20.716,0.250,0,1565960,1008040,169924,5187940,8396.034,1617.310,0,2132.453,0,128.786,4382,2374,2.110,1.170,0.600,3,0,64.892,0,0,11,28,0,34,0
16-01 21:51:10,45.337,4.509,50.097,0.501,0,1583036,990732,169932,5188148,30535.866,24342.927,0,2753.308,0,109.211,5396,6664,2.110,1.170,0.600,3,0,0,0,0,11,30,0,35,0
16-01 21:51:11,60.007,12.751,26.003,0,0,1446784,1126928,169960,5188176,12853.401,4511.492,0,920.100,0,68.007,5483,4781,2.110,1.170,0.600,3,0,113.012,0,0,11,28,0,36,0
16-01 21:51:12,51.637,5.488,42.657,0,0,1520576,1053100,169968,5188204,22262.380,15206.789,0,87.808,0,7.983,4333,3416,2.020,1.170,0.610,2,0,0,0,0,11,31,0,36,0
16-01 21:51:13,58.630,17.790,22.550,0,0,1480868,1092760,170000,5188220,19436.241,13657.384,0,837.864,0,66.147,7278,9466,2.020,1.170,0.610,6,0,445.992,0,0,11,28,0,38,0
16-01 21:51:14,79.959,20.240,0,0,0,1612268,961280,170000,5188296,7941.927,1457.253,0,71.963,0,6.996,5574,4568,2.020,1.170,0.610,7,0,383.803,0,0,11,28,0,38,0
16-01 21:51:15,80.934,16.986,1.499,0,0,1736740,836596,170000,5188508,30209.272,23230.984,0,0,0,0,6005,5779,2.020,1.170,0.610,4,1,481.606,0,0,11,33,0,38,0
16-01 21:51:16,76.822,19.268,4.004,0,0,1743088,830008,170028,5188720,50046.924,40362.844,0,1749.640,0,177.166,8579,10589,2.020,1.170,0.610,6,0,328.308,0,0,11,29,0,39,0
16-01 21:51:17,83.039,16.758,0,0,0,1630068,942968,170028,5188780,13228.159,5824.712,0,280.130,0,23.011,5624,4033,2.260,1.230,0.630,4,0,215.100,0,0,11,29,0,39,0
16-01 21:51:18,74.473,7.970,16.439,0,0,1679752,893216,170028,5188848,37546.345,30543.392,0,394.533,0,9.963,6346,8109,2.260,1.230,0.630,5,0,0,0,0,11,33,0,39,0
16-01 21:51:19,57.463,18.820,23.839,0,0,1539188,1033560,170028,5189068,35996.733,28352.333,0,16.060,0,4.015,8716,13379,2.260,1.230,0.630,1,0,490.823,0,0,11,29,0,43,0
16-01 21:51:20,19.500,26.250,53.500,0,0,1444572,1128160,170028,5189084,10599.075,1818.013,0,40.000,0,10.000,6302,5330,2.260,1.230,0.630,6,0,696.005,0,0,11,28,0,42,0
16-01 21:51:21,73.459,22.487,4.248,0,0,1547652,1025040,170028,5189124,7115.020,3832.856,0,11.993,0,2.998,5023,3515,2.260,1.230,0.630,3,0,417.766,0,0,11,29,0,42,0
16-01 21:51:22,62.427,6.243,30.465,0.250,0,1617712,954784,170032,5189316,31129.742,24520.440,0,359.581,0,26.969,5964,7597,2.240,1.240,0.640,3,0,0,0,0,11,31,0,43,0
16-01 21:51:23,69.126,19.285,11.271,0.501,0,1510740,1061696,170052,5189364,16798.701,9254.914,0,2268.145,0,98.179,7063,7643,2.240,1.240,0.640,6,0,268.491,0,0,11,28,0,46,0
16-01 21:51:24,71.487,7.999,19.997,0,0,1606580,965816,170052,5189404,23789.839,18419.778,0,179.969,0,8.998,4824,4024,2.240,1.240,0.640,2,0,0,0,0,11,32,0,46,0
16-01 21:51:25,53.981,5.998,38.736,0,0,1606560,965592,170052,5189648,78963.459,34808.859,0,175.939,0,8.997,9861,16260,2.240,1.240,0.640,3,0,0,0,0,11,32,0,46,0
16-01 21:51:26,64.517,11.503,22.506,0,0,1565600,1006304,170076,5189872,48189.472,25085.492,0,572.148,0,67.017,10313,14997,2.240,1.240,0.640,5,0,90.023,0,0,11,28,0,46,0
16-01 21:51:27,78.008,12.251,9.501,0,0,1593356,978540,170076,5189880,35660.472,7824.762,0,172.017,0,10.001,4677,2411,2.300,1.270,0.650,5,0,30.003,0,0,11,30,0,46,0
16-01 21:51:28,56.486,5.749,36.241,0,0,1601432,970236,170076,5190108,43929.002,35421.132,0,179.955,0,12.997,8954,13883,2.300,1.270,0.650,2,0,0,0,0,11,32,0,46,0
16-01 21:51:29,55.513,11.253,32.757,0,0,1551636,1019784,170080,5190352,44303.980,36873.306,0,164.037,0,10.002,11122,17836,2.300,1.270,0.650,6,0,128.029,0,0,11,29,0,49,0
16-01 21:51:30,79.496,16.249,4.750,0.250,0,1549512,1021872,170084,5190384,12310.351,4843.745,0,155.992,0,7.000,4886,2525,2.300,1.270,0.650,3,0,131.993,0,0,11,29,0,50,0
16-01 21:51:31,63.778,6.228,28.650,0,0,1597468,973724,170084,5190572,42448.154,26091.125,0,4297.034,0,134.531,5667,7511,2.300,1.270,0.650,3,0,0.997,0,0,11,32,0,50,0
16-01 21:51:32,61.687,13.541,24.324,0,0,1589504,981464,170084,5190832,39213.015,25219.544,0,244.743,0,21.064,9702,20130,2.520,1.340,0.670,3,0,104.317,0,0,11,29,0,52,0
16-01 21:51:33,77.533,11.755,10.505,0,0,1558124,1012828,170088,5190808,17392.469,9670.153,0,296.127,0,23.010,5208,4012,2.520,1.340,0.670,3,0,60.026,0,0,11,30,0,52,0
16-01 21:51:34,67.226,12.246,19.493,0.250,0.250,1513876,1057028,170088,5190844,157440.254,17067.957,0,355.874,0,34.988,6242,5940,2.520,1.340,0.670,3,0,125.955,0,0,11,30,0,54,0
16-01 21:51:35,70.016,9.252,20.755,0,0,1594664,976028,170096,5191048,32817.730,22557.313,0,184.043,0,12.003,5979,9873,2.520,1.340,0.670,2,0,0,0,0,11,31,0,54,0
16-01 21:51:36,63.142,11.979,24.208,0,0,1570604,1000004,170100,5191092,37736.209,26248.932,0,243.582,0,21.962,6904,10370,2.520,1.340,0.670,4,0,143.753,0,0,11,32,0,53,0
16-01 21:51:37,77.903,13.276,8.517,0,0,1549736,1020824,170116,5191124,29366.702,10373.383,0,216.425,0,16.032,5375,4429,2.560,1.360,0.690,3,0,87.171,0,0,11,33,1,55,0
16-01 21:51:38,69.103,8.981,21.704,0,0,1608148,962372,170120,5191168,29788.634,21305.679,0,2430.829,0,143.694,5855,6169,2.560,1.360,0.690,4,0,35.924,0,0,11,34,0,57,0
16-01 21:51:39,70.889,8.517,20.039,0,0,1592372,977836,170136,5191464,23990.148,17381.160,0,344.677,0,38.075,6165,7381,2.560,1.360,0.690,4,0,34.067,0,0,11,33,0,59,0
16-01 21:51:40,55.674,11.984,31.208,0.250,0,1492084,1078080,170136,5191508,37691.762,11067.954,0,311.576,0,23.967,5024,4295,2.560,1.360,0.690,4,0,197.731,0,0,11,33,0,58,0
16-01 21:51:41,56.721,9.995,32.733,0,0,1568480,1001676,170140,5191512,15019.253,7851.950,0,235.878,0,22.988,4227,3167,2.560,1.360,0.690,3,0,60.969,0,0,11,33,0,59,0
16-01 21:51:42,49.449,10.739,39.709,0,0,1590264,979804,170144,5191596,26407.762,18832.575,0,223.769,0,15.984,5802,6694,2.430,1.360,0.690,3,0,95.901,0,0,11,34,0,60,0
16-01 21:51:43,54.647,9.275,35.345,0,0,1478780,1091120,170144,5191764,26716.790,12633.948,0,204.550,0,12.032,4805,5642,2.430,1.360,0.690,3,0,86.232,0,0,11,33,0,62,0
16-01 21:51:44,55.715,6.496,37.477,0.250,0,1583176,986680,170144,5191824,24834.538,14631.890,0,235.853,0,16.989,4913,4657,2.430,1.360,0.690,2,0,0,0,0,11,34,0,62,0
16-01 21:51:45,32.485,6.247,58.973,0,0,1496364,1073308,170144,5192008,23504.156,16904.201,0,303.860,0,23.989,5852,7458,2.430,1.360,0.690,1,0,85.960,0,0,11,33,0,63,0
16-01 21:51:46,37.217,12.489,50.705,0,0,1456476,1113188,170148,5192012,17418.392,2902.399,0,231.792,0,21.980,4380,3288,2.430,1.360,0.690,2,0,134.879,0,0,11,32,0,64,0
16-01 21:51:47,36.077,3.257,59.877,0.251,0,1480132,1089512,170148,5192032,20137.702,13039.651,0,156.332,0,12.026,3508,3214,2.320,1.350,0.690,2,0,0,0,0,11,34,0,64,0
16-01 21:51:48,34.749,9.750,53.748,0,0,1480408,1089024,170168,5192228,15110.560,7544.780,0,699.980,0,42.999,4824,5002,2.320,1.350,0.690,2,0,137.996,0,0,11,32,0,59,0
16-01 21:51:49,40.491,5.249,53.988,0,0,1506304,1063108,170176,5192240,13308.946,6405.530,0,143.967,0,11.997,2945,1973,2.320,1.350,0.690,2,0,0,0,0,11,33,0,59,0
16-01 21:51:50,31.209,7.240,60.421,0.250,0,1454128,1115256,170180,5192264,20025.667,12263.874,0,203.732,0,20.972,4602,4945,2.320,1.350,0.690,1,0,59.921,0,0,11,33,0,60,0
16-01 21:51:51,37.786,5.505,56.054,0.250,0,1447572,1121788,170188,5192280,15500.839,7789.457,0,236.226,0,21.020,3117,2738,2.320,1.350,0.690,2,0,6.006,0,0,11,33,0,61,0
16-01 21:51:52,36.995,3.499,58.742,0,0.250,1473232,1096096,170192,5192308,19602.170,13575.040,0,143.979,0,8.999,3921,4476,2.290,1.360,0.700,2,0,0,0,0,11,33,0,61,0
16-01 21:51:53,36.922,7.983,53.886,0,0,1515720,1053568,170200,5192340,11772.059,6567.087,0,582.765,0,66.858,3952,4017,2.290,1.360,0.700,2,0,47.899,0,0,11,32,0,62,0
16-01 21:51:54,34.538,3.504,60.816,0,0,1527372,1041768,170204,5192484,20149.892,11907.938,0,180.196,0,10.011,3039,2777,2.290,1.360,0.700,2,0,0,0,0,11,34,0,62,0
16-01 21:51:55,29.793,11.016,58.334,0,0,1421224,1147856,170224,5192524,55006.848,13510.366,0,368.528,0,35.050,6102,7419,2.290,1.360,0.700,4,0,211.303,0,0,11,32,0,64,0
16-01 21:51:56,21.762,5.753,71.040,0.250,0,1398128,1170892,170228,5192584,34679.494,1458.820,0,180.101,0,6.003,2435,1835,2.290,1.360,0.700,1,0,71.040,0,0,11,32,0,59,0
16-01 21:51:57,16.706,2.244,80.288,0,0,1406392,1162616,170228,5192596,25274.414,9086.062,0,135.643,0,9.974,2737,2907,2.190,1.360,0.700,1,0,0,0,0,11,33,0,59,0
16-01 21:51:58,11.780,11.530,75.193,0.251,0,1338956,1230032,170236,5192608,15643.181,4670.998,0,693.782,0,58.149,4838,4464,2.190,1.360,0.700,2,0,248.639,0,0,11,32,0,60,0
16-01 21:51:59,21.454,4.989,73.343,0,0,1405692,1163280,170244,5192616,8342.131,1616.537,0,163.649,0,9.979,2091,1403,2.190,1.360,0.700,1,0,35.923,0,0,11,32,0,60,0
16-01 21:52:00,16.288,1.754,80.938,0,0,1418236,1150720,170244,5192632,15089.080,9979.200,0,0,0,0,2808,3201,2.190,1.360,0.700,3,0,0,0,0,11,33,0,60,0
16-01 21:52:01,18.742,5.998,74.469,0,0,1427640,1141300,170252,5192640,8533.446,4013.329,0,179.925,0,8.996,2640,2381,2.190,1.360,0.700,1,0,46.980,0,0,11,32,0,58,0
16-01 21:52:02,18.962,2.246,77.846,0.499,0,1422948,1145980,170256,5192648,14198.916,6647.851,0,3525.028,0,134.734,2286,1821,2.010,1.330,0.700,1,0,0,0,0,11,33,0,58,0
16-01 21:52:03,17.280,2.504,79.139,0,0,1420280,1148476,170256,5192820,19473.226,10809.999,0,292.514,0,32.056,4661,6168,2.010,1.330,0.700,1,0,0,0,0,11,32,1,58,0
16-01 21:52:04,10.753,20.006,67.520,0.250,0,1364088,1204508,170268,5192968,10515.038,1458.421,0,1940.561,0,120.035,6116,5020,2.010,1.330,0.700,2,0,483.140,0,0,11,32,0,58,0
16-01 21:52:05,40.223,10.493,48.467,0.500,0,1442212,1126372,170276,5192972,10641.773,1618.901,0,251.829,0,15.989,4006,2743,2.010,1.330,0.700,2,0,142.903,0,0,11,32,0,56,0
16-01 21:52:06,39.747,6.250,47.247,5.250,0,1516568,1046500,170704,5197588,9203.361,1619.888,0,13687.050,0,1246.913,10352,12957,2.010,1.330,0.700,1,1,64.995,0,0,11,36,0,56,0
16-01 21:52:07,37.533,8.257,40.536,12.511,0,1438136,1119820,171744,5201444,8815.787,1621.432,0,53010.822,0,4572.038,24434,34185,2.170,1.380,0.710,1,1,100.088,0,0,11,36,0,56,0
16-01 21:52:08,42.402,7.233,46.393,2.993,0,1521960,1036156,171864,5201140,5616.020,1616.264,0,16693.417,0,1339.903,8675,11328,2.170,1.380,0.710,2,0,12.970,0,0,11,32,0,56,0
16-01 21:52:09,43.359,5.514,46.617,3.258,0,1494076,1063724,171976,5201324,9022.731,1624.092,0,6311.902,0,826.081,6897,9690,2.170,1.380,0.710,2,0,2.005,0,0,11,34,0,51,0
16-01 21:52:10,38.492,9.498,44.491,5.749,0,1467124,1089992,172280,5201692,7875.453,1619.682,0,16368.786,0,2067.594,12828,21033,2.170,1.380,0.710,3,0,61.988,0,0,11,32,0,51,0
16-01 21:52:11,24.236,4.497,70.209,0.750,0,1462292,1094676,172400,5201712,7681.563,1619.065,0,14167.816,0,758.562,3348,4971,2.170,1.380,0.710,2,0,39.977,0,0,11,32,0,51,0
16-01 21:52:12,22.992,2.749,73.224,0.500,0,1531676,1025284,172408,5201712,10210.395,1565.447,0,891.685,0,45.984,2049,1605,2.080,1.370,0.720,2,0,1.999,0,0,11,32,0,51,0
16-01 21:52:13,22.754,3.751,72.264,0.250,0,1479092,1077808,172440,5201736,8602.634,1512.287,0,3668.697,0,185.035,2171,1994,2.080,1.370,0.720,2,0,1.000,0,0,11,32,0,48,0
16-01 21:52:14,22.999,3.000,73.996,0,0,1518724,1038172,172444,5201736,9046.516,1619.913,0,39.998,0,2.000,1843,1117,2.080,1.370,0.720,2,0,2.000,0,0,11,32,0,48,0
16-01 21:52:15,22.258,3.751,73.528,0,0,1478140,1078744,172444,5201748,7713.920,1620.613,0,0,0,0,1788,1217,2.080,1.370,0.720,3,0,1.000,0,0,11,32,0,48,0
16-01 21:52:16,23.251,2.500,73.753,0,0,1517956,1038928,172444,5201748,5518.213,1620.063,0,0,0,0,1707,1079,2.080,1.370,0.720,3,0,2.000,0,0,11,32,0,48,0
16-01 21:52:17,22.232,3.497,73.442,0,0,1485488,1071284,172444,5201820,22300.396,1618.722,0,3.997,0,0.999,1963,1211,1.990,1.360,0.720,2,0,0.999,0,0,11,32,0,46,0
16-01 21:52:18,23.002,2.750,73.508,0,0,1513084,1043684,172444,5201820,12107.246,1620.167,0,188.019,0,2.000,1851,1155,1.990,1.360,0.720,3,0,3.000,0,0,11,32,0,46,0
16-01 21:52:19,22.499,3.500,73.998,0,0,1475516,1081144,172452,5201916,11906.706,1619.960,0,139.997,0,9.000,1929,1579,1.990,1.360,0.720,4,0,1.000,0,0,11,32,0,46,0
16-01 21:52:20,21.704,3.493,73.096,0.249,0,1458152,1098476,172460,5201940,50644.573,1702.422,0,323.321,0,21.954,2441,1447,1.990,1.360,0.720,2,0,0.998,0,0,11,32,0,46,0
16-01 21:52:21,23.039,3.005,73.626,0,0,1483308,1073320,172460,5201940,8767.984,1460.496,0,0,0,0,1816,1149,1.990,1.360,0.720,2,0,3.005,0,0,11,32,0,41,0
16-01 21:52:22,21.760,4.002,73.784,0,0,1465568,1091040,172460,5201960,7590.468,1620.741,0,0,0,0,1775,1226,1.910,1.360,0.720,2,0,1.000,0,0,11,32,0,41,0
16-01 21:52:23,22.991,3.249,73.471,0,0,1452132,1104468,172460,5201968,16488.488,1705.327,0,3.998,0,1.000,1831,1174,1.910,1.360,0.720,2,0,1.000,0,0,11,32,0,41,0
16-01 21:52:24,22.755,3.001,73.516,0.250,0,1484604,1071976,172460,5201988,9465.017,1620.345,0,1768.377,0,225.048,2183,1236,1.910,1.360,0.720,2,0,2.000,0,0,11,32,0,41,0
16-01 21:52:25,11.506,16.258,70.787,0,0,1459252,1097176,172468,5202136,45273.623,1706.891,0,636.332,0,8.004,5178,3853,1.910,1.360,0.720,2,0,373.195,0,0,11,32,0,37,0
16-01 21:52:26,7.999,20.997,69.240,0,0,1415520,1140856,172468,5202184,51184.942,1619.777,0,627.913,0,9.999,6407,4552,1.910,1.360,0.720,1,0,441.939,0,0,11,32,0,37,0
16-01 21:52:27,9.260,21.023,69.075,0,0,1424704,1131648,172468,5202208,23447.601,1621.771,0,88.096,0,1.001,6267,4798,1.840,1.350,0.720,2,0,480.525,0,0,11,32,0,37,0
16-01 21:52:28,19.685,6.479,73.258,0,0,1442752,1113588,172468,5202220,6652.070,1453.209,0,0,0,0,2616,1945,1.840,1.350,0.720,1,0,77.744,0,0,11,32,0,37,0
16-01 21:52:29,23.266,2.502,73.302,0,0,1473260,1083108,172472,5202204,14941.591,1621.149,0,560.397,0,20.014,2109,1503,1.840,1.350,0.720,2,0,2.001,0,0,11,32,0,36,0
16-01 21:52:30,22.004,3.501,73.514,0,0,1508852,1047492,172472,5202224,7071.354,1620.310,0,336.064,0,23.004,1933,1434,1.840,1.350,0.720,2,0,1.000,0,0,11,32,0,36,0
16-01 21:52:31,22.742,2.499,73.724,0,0,1519956,1036388,172472,5202224,5940.878,1619.422,0,19.993,0,1.000,1829,1172,1.840,1.350,0.720,1,0,3.999,0,0,11,32,0,36,0
16-01 21:52:32,28.058,5.762,66.137,0,0.251,1495916,1060440,172472,5202228,11527.899,1623.365,0,0,0,0,2902,14375,1.770,1.350,0.720,1,0,36.075,0,0,11,32,0,37,0
16-01 21:52:33,22.202,3.243,73.340,0,0,1490764,1065580,172472,5202224,9363.583,1616.475,0,1061.685,0,149.674,2160,1213,1.770,1.350,0.720,1,0,2.993,0,0,11,32,0,31,0
16-01 21:52:34,22.748,4.500,72.743,0,0,1481712,1074620,172472,5202204,8258.244,1619.852,0,0,0,0,2036,1413,1.770,1.350,0.720,3,0,7.999,0,0,11,32,0,31,0
16-01 21:52:35,22.753,3.000,73.760,0.250,0,1468588,1087724,172472,5202224,9922.359,1620.222,0,76.010,0,4.001,1864,1133,1.770,1.350,0.720,1,0,1.000,0,0,11,32,0,31,0
16-01 21:52:36,21.510,3.752,73.783,0,0,1452540,1103784,172472,5202212,8261.725,1458.658,0,0,0,0,1859,1230,1.770,1.350,0.720,1,0,2.001,0,0,11,32,0,31,0
16-01 21:52:37,22.501,3.000,73.752,0,0,1418752,1137552,172472,5202228,8706.264,1662.050,0,12.000,0,1.000,1858,1235,1.710,1.340,0.730,1,0,1.000,0,0,11,32,0,25,0
16-01 21:52:38,22.496,3.499,73.487,0,0,1440396,1115932,172472,5202204,9305.417,1619.724,0,7.999,0,1.000,1970,1396,1.710,1.340,0.730,1,0,2.000,0,0,11,32,0,25,0
16-01 21:52:39,22.768,3.503,73.057,0,0,1424200,1132092,172472,5202236,8241.379,1621.255,0,2205.707,0,20.015,2035,1550,1.710,1.340,0.730,1,0,1.001,0,0,11,32,0,25,0
16-01 21:52:40,21.995,3.749,73.484,0,0,1479476,1076884,172492,5202148,8313.221,1619.653,0,487.896,0,27.994,1952,1449,1.710,1.340,0.730,2,0,2.000,0,0,11,32,0,25,0
16-01 21:52:41,22.981,2.748,73.690,0,0,1455904,1100368,172492,5202236,9839.052,1618.692,0,95.923,0,2.998,1868,1224,1.710,1.340,0.730,2,0,1.998,0,0,11,32,0,25,0
16-01 21:52:42,22.262,3.502,73.538,0,0,1464668,1091604,172492,5202236,7867.087,1620.842,0,12.006,0,1.001,1869,1293,1.650,1.330,0.730,2,0,1.001,0,0,11,32,0,19,0
16-01 21:52:43,22.510,3.001,73.784,0,0,1469520,1086772,172492,5202216,8905.133,1620.752,0,0,0,0,1842,1252,1.650,1.330,0.730,2,0,2.001,0,0,11,32,0,19,0
16-01 21:52:44,22.736,3.248,73.456,0,0,1451264,1105028,172492,5202216,11433.152,1457.127,0,19.988,0,0.999,1835,1214,1.650,1.330,0.730,1,0,0.999,0,0,11,32,0,19,0
16-01 21:52:45,23.269,2.502,73.809,0,0,1364492,1191824,172492,5202216,10726.636,1621.305,0,80.064,0,3.002,1890,1277,1.650,1.330,0.730,1,0,1.001,0,0,11,32,0,19,0
16-01 21:52:46,21.495,3.999,73.984,0,0,1430400,1125908,172492,5202224,7061.491,1661.645,0,0,0,0,1899,1318,1.650,1.330,0.730,1,0,2.000,0,0,11,32,0,14,0
16-01 21:52:47,18.751,8.500,72.004,0,0,1411308,1144956,172492,5202268,6101.310,1620.082,0,76.004,0,5.000,3160,2206,1.600,1.330,0.730,1,0,161.008,0,0,11,32,0,14,0
16-01 21:52:48,14.240,13.990,70.449,0,0,1435836,1120404,172492,5202292,8234.006,1618.822,0,171.875,0,7.994,4537,3364,1.600,1.330,0.730,1,0,298.782,0,0,11,32,0,14,0
16-01 21:52:49,23.250,2.750,73.499,0.250,0,1479408,1076808,172496,5202312,7895.861,1619.972,0,155.997,0,10.000,1901,1438,1.600,1.330,0.730,1,0,0,0,0,11,32,0,14,0
16-01 21:52:50,22.550,3.007,73.414,0,0,1461012,1094952,172500,5202556,5349.974,1623.634,0,444.996,0,23.052,1922,1411,1.600,1.330,0.730,1,0,9.020,0,0,11,32,0,11,0
16-01 21:52:51,22.947,2.744,73.830,0,0,1456424,1099540,172500,5202556,8840.613,1616.273,0,0,0,0,1727,998,1.600,1.330,0.730,1,0,0.998,0,0,11,32,0,11,0
16-01 21:52:52,10.273,21.046,67.649,0.501,0,1403668,1152152,172500,5202700,6884.129,1461.211,40.088,96.211,2.004,4.009,6012,4560,1.550,1.320,0.730,1,0,471.035,0,0,11,32,0,11,0
16-01 21:52:53,7.746,21.739,68.717,0,0,1400784,1154992,172500,5202736,9147.579,1619.217,0,275.867,0,6.997,6621,5251,1.550,1.320,0.730,1,0,558.730,0,0,11,32,0,11,0
16-01 21:52:54,8.256,22.017,68.552,0,0,1413860,1141840,172500,5202768,7049.372,1621.236,0,536.409,0,8.006,6407,4992,1.550,1.320,0.730,1,0,527.402,0,0,11,32,0,7,0
16-01 21:52:55,8.500,22.249,67.998,0,0,1431212,1124452,172504,5202796,40684.749,1619.950,0,1495.954,0,17.999,6384,4934,1.550,1.320,0.730,1,0,529.984,0,0,11,32,0,7,0
16-01 21:52:56,8.250,22.251,68.503,0,0,1419528,1136108,172504,5202824,34077.704,1620.081,0,1288.064,0,14.001,6433,5000,1.550,1.320,0.730,2,0,545.027,0,0,11,32,0,7,0
16-01 21:52:57,7.748,20.245,70.231,0,0,1406972,1148632,172504,5202856,16795.496,1619.566,0,215.942,0,5.998,5962,4407,1.590,1.330,0.740,1,0,422.887,0,0,11,32,0,7,0
16-01 21:52:58,9.252,21.005,69.265,0,0,1400284,1155272,172504,5202888,5442.208,1620.360,0,352.078,0,8.002,6051,4557,1.590,1.330,0.740,1,0,456.101,0,0,11,32,0,4,0
16-01 21:52:59,9.001,22.002,68.508,0,0,1398084,1157436,172504,5202920,8552.961,1620.182,0,248.028,0,25.003,6617,5405,1.590,1.330,0.740,1,0,554.062,0,0,11,32,0,4,0
16-01 21:53:00,13.246,22.743,62.732,0.500,0,1331136,1224320,172516,5202964,7176.938,1619.535,0,1235.645,0,120.965,6893,5938,1.590,1.330,0.740,2,0,583.832,0,0,11,32,0,6,0
16-01 21:53:01,50.887,22.450,25.942,0,0,1486324,1069084,172528,5203000,9051.905,1454.770,0,762.308,0,44.900,6069,5083,1.590,1.330,0.740,3,0,500.888,0,0,11,32,0,10,0
16-01 21:53:02,61.622,9.268,24.048,4.759,0,1631044,919692,172704,5207012,8461.755,1623.214,372.738,7923.689,3.006,641.270,6825,6928,1.700,1.360,0.750,2,2,31.062,0,0,11,34,0,9,0
16-01 21:53:03,45.939,11.235,28.213,11.485,0,1610412,928344,173604,5217196,5705.465,1711.739,0,66632.006,0,4714.774,24601,36069,1.700,1.360,0.750,2,1,156.793,0,0,11,36,0,10,0
16-01 21:53:04,43.058,10.013,32.043,13.518,0,1618904,908980,174156,5227152,10845.549,1622.176,0,95379.948,0,6486.702,30034,44067,1.700,1.360,0.750,2,1,90.121,0,0,11,36,0,10,0
16-01 21:53:05,42.989,8.748,33.242,11.997,0,1624736,893368,174676,5236016,15008.282,9229.714,0,83107.412,0,6344.428,27956,41855,1.700,1.360,0.750,4,1,38.990,0,0,11,37,0,10,0
16-01 21:53:06,35.006,17.503,35.256,10.752,0,1573916,936600,175204,5242784,10515.699,3421.553,272.044,41022.629,3.000,3190.516,19108,26843,1.700,1.360,0.750,4,1,305.049,0,0,11,34,0,9,0
16-01 21:53:07,46.775,17.509,22.262,11.506,0,1622732,879084,175568,5250876,9615.080,3977.101,100.053,61632.565,3.002,4473.364,22750,35958,2.050,1.440,0.780,3,0,198.105,0,0,11,35,0,9,0
16-01 21:53:08,36.706,13.484,27.716,20.725,0,1628768,871624,175740,5251936,18868.156,10112.756,1258.476,38402.506,23.971,2788.624,16980,26443,2.050,1.440,0.780,2,3,131.840,0,0,11,35,0,9,0
16-01 21:53:09,31.733,10.244,42.727,11.494,0,1612208,884640,175852,5255268,18257.178,10001.619,539.710,55981.883,10.994,4472.594,22937,35478,2.050,1.440,0.780,1,1,133.928,0,0,11,34,0,9,0
16-01 21:53:10,38.050,10.013,41.555,9.763,0,1569104,927948,176180,5254744,6529.650,1622.149,0,49529.611,0,4113.449,20676,30197,2.050,1.440,0.780,1,1,54.072,0,0,11,34,0,9,0
16-01 21:53:11,33.953,7.490,44.688,12.233,0,1587160,908808,176452,5255528,11203.581,7278.983,0,60225.117,0,4988.135,24487,35274,2.050,1.440,0.780,4,0,39.945,0,0,11,35,0,9,0
16-01 21:53:12,34.057,6.511,46.078,10.518,0,1581864,911944,176580,5257508,20546.578,12080.330,0,52548.433,0,4355.330,23309,34819,2.040,1.450,0.790,6,1,39.066,0,0,11,35,0,9,0
16-01 21:53:13,33.750,11.000,42.750,10.750,0,1566424,924608,176624,5260176,11766.884,5665.944,0,45135.557,0,4044.960,21109,32824,2.040,1.450,0.790,3,1,127.999,0,0,11,36,0,10,0
16-01 21:53:14,34.246,7.249,44.245,12.249,0,1601836,885512,176804,5263580,11185.758,3974.559,0,61829.134,0,5124.431,20741,36127,2.040,1.450,0.790,2,0,56.994,0,0,11,37,0,10,0
16-01 21:53:15,31.989,8.747,46.484,10.996,0,1595072,888820,176940,5266812,17786.783,10582.301,0,64665.398,0,5295.149,24098,40815,2.040,1.450,0.790,1,1,89.969,0,0,11,37,0,10,0
16-01 21:53:16,31.243,8.498,45.739,12.747,0,1515576,965944,177008,5269048,18379.743,9695.754,0,49944.431,0,4317.000,23738,35745,2.040,1.450,0.790,2,0,95.978,0,0,11,36,0,10,0
16-01 21:53:17,37.207,9.489,40.953,10.738,0,1553280,932972,177028,5264284,5592.585,1456.329,0,51612.795,0,4496.842,24790,34459,2.120,1.470,0.800,2,0,14.983,0,0,11,36,0,10,0
16-01 21:53:18,36.146,5.983,48.610,8.725,0,1567904,917876,177096,5264688,13253.900,8439.739,0,45908.031,0,3727.285,20124,28030,2.120,1.470,0.800,2,0,38.888,0,0,11,35,0,12,0
16-01 21:53:19,22.083,9.536,66.248,0.753,0,1439232,1046340,177096,5264892,19383.581,13005.699,0,3296.343,0,199.748,6437,8163,2.120,1.470,0.800,1,0,212.797,0,0,11,33,0,12,0
16-01 21:53:20,19.500,6.000,73.248,0,0,1407468,1078096,177096,5264900,13557.671,3583.913,0,2139.948,0,93.998,3105,2564,2.120,1.470,0.800,1,0,54.999,0,0,11,32,0,13,0
16-01 21:53:21,18.996,2.249,77.732,0.250,0,1423800,1061756,177096,5264908,13368.840,6659.426,0,1047.752,0,63.985,2189,1975,2.120,1.470,0.800,1,0,1.000,0,0,11,33,0,13,0
16-01 21:53:22,18.011,5.003,75.546,0.500,0,1417040,1068500,177096,5264924,13097.034,5374.297,0,3642.234,0,209.128,3873,4228,2.030,1.470,0.800,1,0,34.021,0,0,11,32,0,14,0
16-01 21:53:23,19.251,2.500,77.506,0,0,1460344,1025224,177096,5264924,10134.782,3975.307,0,4.000,0,1.000,2015,1625,2.030,1.470,0.800,0,0,1.000,0,0,11,33,0,14,0
16-01 21:53:24,15.990,5.746,76.952,0.250,0,1432652,1052908,177096,5264932,13587.588,5982.297,0,231.856,0,23.985,2961,2698,2.030,1.470,0.800,1,0,59.963,0,0,11,32,0,15,0
16-01 21:53:25,21.506,3.251,74.769,0,0,1486328,999232,177096,5264932,42669.067,2146.557,0,0,0,0,1796,1097,2.030,1.470,0.800,0,0,0,0,0,11,33,0,15,0
16-01 21:53:26,16.002,2.000,81.259,0,0,1476872,1008324,177096,5265296,51320.584,11357.236,0,4.000,0,1.000,3173,3862,2.030,1.470,0.800,1,0,0,0,0,11,32,0,15,1
16-01 21:53:27,20.479,5.744,72.427,0.250,0,1486264,998928,177096,5265300,11298.536,1684.291,0,251.745,0,19.980,2465,1932,1.950,1.460,0.800,1,0,42.956,0,0,11,32,0,16,0
16-01 21:53:28,17.255,1.751,80.024,0,0,1498404,986648,177096,5265440,14272.256,8524.542,0,168.050,0,12.004,2238,2203,1.950,1.460,0.800,0,0,0,0,0,11,33,0,16,0
16-01 21:53:29,13.523,10.017,75.879,0.250,0,1470176,1014824,177096,5265492,11403.360,5558.437,0,256.435,0,26.044,4743,4841,1.950,1.460,0.800,2,0,180.306,0,0,11,32,0,17,0
16-01 21:53:30,18.491,23.739,56.473,0.250,0,1443304,1041376,177112,5265796,9347.537,1619.227,0,767.634,0,53.974,6987,5815,1.950,1.460,0.800,3,0,615.706,0,0,11,32,0,23,0
16-01 21:53:31,66.757,8.501,24.002,0,0,1565280,918872,177116,5266320,8599.878,1620.165,0,676.069,0,72.007,4138,1812,1.950,1.460,0.800,3,0,5.001,0,0,11,32,0,23,0
16-01 21:53:32,67.181,8.924,23.799,0,0,1675772,805216,177196,5269220,9456.938,1606.400,0,4081.446,0,137.833,4160,2012,2.030,1.480,0.810,4,0,9.916,0,0,11,32,0,23,0
16-01 21:53:33,60.756,9.076,23.950,5.042,0,1789572,682776,177364,5277024,7880.653,1470.249,0,36584.785,0,2504.868,14398,28966,2.030,1.480,0.810,3,0,126.050,0,0,11,38,0,24,0
16-01 21:53:34,31.503,10.251,43.254,13.001,0,1785228,673956,177468,5289624,6009.535,1620.144,0,101737.061,0,7499.668,34232,52076,2.030,1.480,0.810,2,2,267.024,0,0,11,38,0,24,0
16-01 21:53:35,11.241,4.996,47.710,35.220,0,1784516,671184,177500,5292944,8432.924,1618.642,0,40973.619,0,3161.347,14560,21778,2.030,1.480,0.810,0,4,74.937,0,0,11,38,0,23,0
16-01 21:53:36,29.687,7.235,39.416,20.706,0,1789232,660052,177540,5299120,9506.825,1616.569,0,66031.869,0,4918.562,23236,34673,2.030,1.480,0.810,5,1,113.759,0,0,11,38,0,23,0
16-01 21:53:37,31.572,8.520,25.308,32.825,0.251,1744460,700672,177584,5303084,7031.111,1623.721,0,41799.781,0,3022.927,15388,22533,2.110,1.510,0.820,1,2,157.361,0,0,11,36,0,23,0
16-01 21:53:38,41.917,7.984,32.685,15.968,0,1790088,646584,177668,5311204,8894.343,1658.707,0,61573.767,0,4812.447,24448,34561,2.110,1.510,0.820,4,0,119.762,0,0,11,36,0,23,0
16-01 21:53:39,44.047,10.261,30.783,12.513,0,1744548,679160,177692,5323664,6997.464,1621.730,0,96859.319,0,6231.647,27910,40625,2.110,1.510,0.820,6,0,45.048,0,0,11,36,0,23,0
16-01 21:53:40,25.043,10.518,48.834,15.276,0,1733716,684268,177728,5329080,10070.394,1622.803,0,92912.479,0,7079.227,31408,47237,2.110,1.510,0.820,1,1,119.206,0,0,11,36,0,23,0
16-01 21:53:41,34.758,10.752,48.011,5.501,0,1428320,988444,177740,5330256,8344.907,1620.370,0,32991.540,0,2514.575,13463,17752,2.110,1.510,0.820,1,0,250.057,0,0,11,32,0,23,0
16-01 21:53:42,21.246,4.999,72.985,0.250,0,1459244,957512,177740,5330264,5716.799,1457.694,0,1515.682,0,77.984,2480,1988,2.020,1.500,0.830,1,0,45.990,0,0,11,32,0,23,0
16-01 21:53:43,22.711,2.745,72.624,0.499,0,1479392,937360,177740,5330264,8808.707,1617.192,0,3797.407,0,226.607,2441,2170,2.020,1.500,0.830,1,0,1.997,0,0,11,32,0,23,0
16-01 21:53:44,23.034,4.256,71.355,1.001,0,1416240,1000484,177744,5330288,7466.005,1622.391,0,7162.557,0,367.542,3535,3458,2.020,1.500,0.830,1,0,27.040,0,0,11,32,0,23,0
16-01 21:53:45,22.234,3.497,72.698,0.500,0,1469060,947664,177744,5330288,9449.211,1660.807,0,4440.809,0,248.821,2695,2357,2.020,1.500,0.830,1,0,0.999,0,0,11,32,0,23,0
16-01 21:53:46,23.724,2.248,73.169,0.250,0,1469912,946684,177744,5330416,7843.357,1618.217,0,515.432,0,75.916,2073,1593,2.020,1.500,0.830,2,0,1.998,0,0,11,34,0,23,0
16-01 21:53:47,16.283,24.549,58.618,0,0,1394620,1021944,177748,5330444,8335.714,1623.255,0,597.197,0,40.080,6082,5377,2.100,1.530,0.840,2,0,714.433,0,0,11,32,0,23,0
16-01 21:53:48,10.746,27.989,59.226,0.500,0,1402076,1014424,177748,5330504,7833.842,1619.347,0,303.878,0,26.989,7354,6306,2.100,1.530,0.840,2,0,848.658,0,0,11,32,0,23,0
16-01 21:53:49,8.754,20.510,69.283,0,0,1393580,1022840,177748,5330584,5624.671,1620.770,0,116.055,0,7.003,5945,4452,2.100,1.530,0.840,1,0,425.202,0,0,11,32,0,23,0
16-01 21:53:50,8.998,20.495,69.233,0,0,1381800,1034580,177748,5330620,6198.490,1619.605,0,35.991,0,8.998,5897,4357,2.100,1.530,0.840,1,0,384.906,0,0,11,32,0,23,0
16-01 21:53:51,17.747,15.747,65.738,0,0,1375396,1040936,177748,5330728,8976.295,1457.723,0,967.816,0,141.973,7096,8631,2.100,1.530,0.840,1,0,248.953,0,0,11,32,0,23,0
16-01 21:53:52,41.717,11.491,45.964,0,0,1469388,946932,177760,5331088,11007.285,1618.718,0,59.953,0,2.998,3908,2483,2.090,1.530,0.840,2,0,130.896,0,0,11,33,0,23,0
16-01 21:53:53,45.023,5.753,48.775,0,0,1565032,851172,177760,5331212,9705.016,1620.838,0,8.004,0,2.001,2723,1265,2.090,1.530,0.840,3,0,0,0,0,11,33,0,23,0
16-01 21:53:54,45.756,5.001,48.006,0.250,0,1627116,787500,177832,5332528,7317.960,1620.212,0,1784.234,0,161.021,4010,3209,2.090,1.530,0.840,3,0,19.002,0,0,11,49,0,23,0
16-01 21:53:55,25.017,16.261,58.040,0,0,1643524,768144,177836,5335244,45169.753,1621.104,0,360.245,0,13.009,8753,11479,2.090,1.530,0.840,1,0,309.211,0,0,11,48,0,24,0
16-01 21:53:56,17.452,12.216,68.810,0,0,1659308,752284,177836,5335264,41255.161,1615.542,0,434.800,0,67.813,5917,7361,2.090,1.530,0.840,0,0,185.488,0,0,11,48,0,24,0
16-01 21:53:57,0.999,0.250,97.911,0.250,0,1659308,752284,177836,5335264,7758.984,1618.537,0,431.610,0,25.977,863,1183,1.920,1.510,0.840,0,0,2.997,0,0,11,48,0,24,0
16-01 21:53:58,0.250,0.751,98.353,0,0,1659304,752284,177836,5335268,10463.005,1621.706,0,36.038,0,4.004,756,960,1.920,1.510,0.840,0,0,2.002,0,0,11,48,0,24,0
16-01 21:53:59,0.500,0.500,98.243,0,0,1659304,752284,177836,5335268,6927.538,1457.903,0,4.000,0,1.000,689,954,1.920,1.510,0.840,0,0,2.000,0,0,11,48,0,24,0
16-01 21:54:00,0.751,0.250,98.070,0,0,1659308,752284,177836,5335264,6025.302,1621.158,0,0,0,0,723,973,1.920,1.510,0.840,5,0,3.002,0,0,11,48,0,24,0
16-01 21:54:01,16.011,14.510,68.296,0.250,0,1660612,750972,177836,5335712,8769.938,1621.098,0,5787.919,0,405.274,6505,7703,1.920,1.510,0.840,1,0,280.190,0,0,11,48,0,24,0
16-01 21:54:02,13.013,12.763,72.824,0,0,1697048,714508,177836,5335272,9014.210,1621.657,0,4.004,0,1.001,4662,4392,1.850,1.500,0.840,1,0,260.266,0,0,12,48,0,24,0
16-01 21:54:03,17.505,17.755,63.518,0.250,0,1683260,728204,177836,5335668,9269.568,1952.541,0,156.043,0,5.001,6986,8421,1.850,1.500,0.840,4,0,312.086,0,0,12,48,0,17,0
16-01 21:54:04,12.230,9.484,76.374,0,0,1677948,733408,177836,5335460,7742.227,1617.332,0,523.137,0,39.934,3974,4020,1.850,1.500,0.840,0,0,194.679,0,0,12,64,0,17,0
16-01 21:54:05,9.247,12.246,77.477,0,0,1679636,731700,177836,5335924,6016.187,1619.512,0,7.998,0,1.999,4734,5556,1.850,1.500,0.840,1,0,203.939,0,0,14,64,0,17,0
16-01 21:54:06,16.009,12.757,69.788,0,0,1668448,742796,177836,5335512,9034.920,1620.883,0,168.092,0,14.008,5684,6099,1.850,1.500,0.840,1,0,238.130,0,0,14,66,0,17,0
16-01 21:54:07,9.239,20.974,69.166,0.250,0,1656324,754876,177840,5335548,8494.650,1456.226,0,2033.522,0,34.957,6183,4799,1.860,1.510,0.850,2,0,414.495,0,0,14,66,0,17,0
16-01 21:54:08,17.244,15.994,64.476,0,0,1652056,759108,177840,5336012,6602.580,1661.391,0,107.960,0,11.996,6827,8097,1.860,1.510,0.850,1,0,272.900,0,0,14,66,0,16,0
16-01 21:54:09,28.562,19.542,51.110,0,0,1703888,707240,177852,5335588,8806.033,1623.509,0,124.269,0,6.013,6013,4913,1.860,1.510,0.850,2,0,423.916,0,0,14,66,0,16,0
16-01 21:54:10,30.485,23.988,45.478,0,0,1766688,643992,177892,5336000,6976.642,1619.221,0,299.856,0,6.997,6818,5474,1.860,1.510,0.850,5,0,573.724,0,0,14,66,0,16,0
16-01 21:54:11,31.535,24.777,41.546,0,0.501,1882876,526552,177896,5337588,9185.113,1621.786,0,44.048,0,11.012,7256,9132,1.860,1.510,0.850,2,0,464.511,0,0,14,70,0,18,0
16-01 21:54:12,49.438,17.728,31.460,0,0,1970828,438560,177896,5337504,7994.899,1617.956,0,31.960,0,3.995,5091,5298,1.870,1.520,0.850,5,0,269.659,0,0,14,70,0,18,0
16-01 21:54:13,66.752,25.251,6.750,0,0,2113824,295340,177904,5337836,5821.169,1710.050,0,1744.051,0,15.000,5528,5108,1.870,1.520,0.850,3,0,555.016,0,0,14,70,0,18,0
16-01 21:54:14,65.443,18.234,14.737,0,0.250,2196668,211416,177932,5338800,8757.401,1618.595,0,1075.067,0,19.983,6223,8547,1.870,1.520,0.850,5,0,271.764,0,0,14,70,0,18,0
16-01 21:54:15,66.717,27.237,3.998,2.249,0,2309752,171188,173616,5271868,7510.327,1619.208,463.773,1395.318,55.973,75.963,6215,7631,1.870,1.520,0.850,4,0,505.753,0,0,14,74,0,18,0
16-01 21:54:16,67.931,17.797,5.264,8.773,0,2437560,197680,169460,5124932,9415.108,1624.332,557.487,6328.878,37.099,454.211,9199,11517,1.870,1.520,0.850,3,5,215.575,0,0,14,74,0,17,0
16-01 21:54:17,59.331,24.181,6.232,8.974,0,2521612,176864,169308,5063352,7959.377,1453.868,1922.536,28044.289,114.674,2046.184,15969,23421,2.280,1.610,0.890,7,1,438.753,0,0,14,76,0,17,0
16-01 21:54:18,69.102,18.778,9.764,2.003,0,2610656,154224,169128,4998712,9106.410,1622.389,280.413,10880.022,14.021,1087.602,12824,19904,2.280,1.610,0.890,8,0,164.242,0,0,14,78,0,19,0
16-01 21:54:19,75.838,21.525,2.253,0.501,0,2698540,194512,168624,4873856,7707.946,1621.882,1101.278,1277.483,81.094,68.079,9337,14293,2.280,1.610,0.890,6,0,457.531,0,0,14,93,0,27,0
16-01 21:54:20,54.726,23.990,19.741,0.250,0,2831536,132120,168624,4805468,7606.675,1619.292,267.883,1179.484,14.993,63.972,8681,10671,2.280,1.610,0.890,3,0,506.778,0,0,14,93,0,24,0
16-01 21:54:21,48.032,15.010,35.273,1.251,0,2907144,124704,168644,4738612,5815.827,1621.067,2129.401,952.627,43.028,51.034,6821,7720,2.280,1.610,0.890,4,0,232.153,0,0,14,95,0,24,0
16-01 21:54:22,52.465,9.494,26.482,11.242,0,3035416,128492,168652,4609220,9127.902,1618.918,1063.290,16692.847,51.965,806.461,6577,8378,2.420,1.650,0.900,2,0,35.976,0,0,14,98,0,27,0
16-01 21:54:23,26.756,13.003,58.264,0.750,0,3079760,151244,168672,4543500,7667.780,1710.397,4.001,1852.430,1.000,126.029,5480,4737,2.420,1.650,0.900,1,0,212.049,0,0,14,101,0,28,0
16-01 21:54:24,7.746,19.990,71.214,0,0,3092500,138344,168672,4543660,8495.683,1619.177,0,0,0,0,5760,4183,2.420,1.650,0.900,2,0,360.817,0,0,14,101,0,27,0
16-01 21:54:25,7.755,19.263,71.049,0,0,3101044,129768,168672,4543692,43942.483,1621.125,0,144.100,0,13.009,6035,4448,2.420,1.650,0.900,1,0,363.252,0,0,14,101,0,27,0
16-01 21:54:26,19.482,6.993,72.931,0.250,0,3147856,150384,168672,4477664,40523.726,1456.624,15.985,43.958,2.997,3.996,2527,1852,2.420,1.650,0.900,1,0,54.948,0,0,14,101,0,27,0
16-01 21:54:27,18.262,2.001,78.551,0.250,0,3159664,138556,168676,4477680,19263.561,23607.393,12.008,116.076,3.002,13.008,2685,2681,2.310,1.640,0.900,1,0,0,0,0,14,104,0,27,0
16-01 21:54:28,18.978,5.993,73.663,0,0,3131336,166856,168676,4477708,23656.200,2013.634,0,267.685,0,12.985,2521,1785,2.310,1.640,0.900,1,0,62.926,0,0,14,103,0,26,0
16-01 21:54:29,19.494,3.249,76.476,0.250,0,3159232,138952,168676,4477716,11584.438,7280.762,0,455.860,0,55.983,2580,2491,2.310,1.640,0.900,1,0,3.999,0,0,14,112,0,26,0
16-01 21:54:30,20.786,3.005,74.631,0.501,0,3162948,134932,168688,4477996,9880.300,2447.285,4.007,945.656,1.002,119.209,3536,4160,2.310,1.640,0.900,1,0,1.002,0,0,14,116,0,26,0
16-01 21:54:31,26.917,4.735,65.050,1.745,0,3169032,128140,168688,4478704,10332.162,2754.512,434.661,3569.002,12.960,316.026,6135,8125,2.310,1.640,0.900,1,0,2.991,0,0,14,116,0,28,0
16-01 21:54:32,24.747,9.499,65.241,0.250,0.250,3175212,121932,168688,4478736,8627.780,1619.771,0,4711.334,0,379.946,4265,3317,2.200,1.630,0.900,2,0,114.984,0,0,14,120,0,21,0
16-01 21:54:33,29.306,7.514,61.117,0.751,0,3271196,157468,168692,4350492,14112.097,8132.616,72.139,1013.947,8.015,77.148,4268,12770,2.200,1.630,0.900,1,0,39.075,0,0,14,126,0,22,0
16-01 21:54:34,19.513,4.753,74.298,0.500,0,3272304,156304,168692,4350452,10529.774,3445.216,4.003,824.530,1.001,86.055,3568,4357,2.200,1.630,0.900,2,0,8.005,0,0,14,127,0,22,0
16-01 21:54:35,35.983,9.995,52.475,0.250,0,3302636,125928,168696,4350492,11870.427,2812.680,3.998,1451.319,1.000,122.942,4929,5010,2.200,1.630,0.900,2,0,95.955,0,0,14,128,0,23,0
16-01 21:54:36,39.477,6.496,53.219,0.250,0,3353052,137580,168576,4289876,11368.479,7405.752,179.897,463.734,0.999,29.983,2939,1749,2.200,1.630,0.900,2,0,3.998,0,0,14,129,0,22,0
16-01 21:54:37,21.014,6.004,71.799,0.751,0,3316984,173632,168576,4289892,25907.818,18210.525,0,4162.863,0,382.263,3370,2315,2.100,1.620,0.910,1,0,55.038,0,0,14,128,0,23,0
16-01 21:54:38,18.991,2.249,77.965,0,0,3364096,126520,168576,4289908,12915.128,7382.643,7.996,111.949,1.999,13.994,1941,1636,2.100,1.620,0.910,1,0,0,0,0,14,129,0,23,0
16-01 21:54:39,18.959,5.488,74.090,0,0,3324732,165864,168576,4289928,22963.268,18158.673,0,0,0,0,2520,1853,2.100,1.620,0.910,1,0,50.890,0,0,14,128,0,24,0
16-01 21:54:40,17.809,2.759,78.763,0,0,3368184,122280,168576,4290060,14466.291,7307.394,0,48.161,0,4.013,1874,1375,2.100,1.620,0.910,1,0,0,0,0,14,129,0,24,0
16-01 21:54:41,18.009,7.254,73.537,0.750,0,3298456,255796,168576,4228144,10961.501,3590.802,8.004,1888.948,2.001,162.081,4109,4487,2.100,1.620,0.910,1,0,83.042,0,0,14,128,0,25,0
16-01 21:54:42,27.735,5.247,66.465,0.500,0,3375676,178516,168576,4228204,8640.387,1619.136,0,175.906,0,11.994,5562,8976,2.100,1.620,0.910,2,0,28.985,0,0,14,136,0,27,0
16-01 21:54:43,16.758,2.751,79.039,0,0,3365516,188640,168576,4228240,31268.574,23771.840,0,268.134,0,17.008,2344,1856,2.100,1.620,0.910,1,0,29.014,0,0,14,136,0,28,0
16-01 21:54:44,21.987,4.247,73.206,0,0,3433052,121104,168576,4228240,5088.955,1619.031,0,0,0,0,1980,1429,2.100,1.620,0.910,1,0,25.984,0,0,14,136,0,28,0
16-01 21:54:45,15.706,2.742,79.031,0.499,0,3426648,127448,168576,4228300,17329.986,8261.112,0,1136.850,0,166.539,3810,4876,2.100,1.620,0.910,2,0,0.997,0,0,14,138,0,28,0
16-01 21:54:46,23.820,7.522,66.946,1.254,0,3376904,177080,168576,4228412,9632.181,2934.586,0,2824.263,0,271.795,6766,9564,2.100,1.620,0.910,1,0,53.156,0,0,14,137,0,30,0
16-01 21:54:47,19.229,1.998,77.415,0,0,3392260,161720,168576,4228416,8689.480,4045.568,3.996,3823.811,0.999,42.953,1963,1656,2.010,1.610,0.910,1,0,0,0,0,14,138,0,30,0
16-01 21:54:48,19.010,2.501,77.040,0.750,0,3396480,157492,168580,4228420,16633.566,9282.781,0,4458.296,0,182.094,3079,3066,2.010,1.610,0.910,2,0,1.001,0,0,14,138,0,30,0
16-01 21:54:49,25.020,5.004,67.805,0.751,0,3399408,154496,168580,4228500,8085.575,1621.318,36.029,1245.012,3.002,146.119,6371,9044,2.010,1.610,0.910,5,0,1.001,0,0,14,138,0,30,0
16-01 21:54:50,31.484,8.996,58.221,1.000,0,3363888,189864,168584,4228648,10400.804,2321.840,0,3966.019,0,290.855,9019,13109,2.010,1.610,0.910,2,0,68.966,0,0,14,139,0,31,0
16-01 21:54:51,18.738,2.249,77.950,0,0,3407204,146532,168584,4228664,14681.653,7339.327,0,427.728,0,19.987,1870,1386,2.010,1.610,0.910,1,0,0.999,0,0,14,140,0,31,0
16-01 21:54:52,17.021,6.758,74.592,0.751,0,3369960,183732,168584,4228708,11190.845,5537.851,0,1926.383,0,166.206,4568,5157,1.930,1.600,0.910,1,0,123.152,0,0,14,141,0,32,0
16-01 21:54:53,21.731,4.246,72.438,0.250,0,3435220,118464,168584,4228716,10830.672,1618.606,0,3073.353,0,294.746,2472,1722,1.930,1.600,0.910,2,0,23.979,0,0,14,141,0,32,0
16-01 21:54:54,17.256,2.751,79.029,0.250,0,3399120,217152,168592,4167688,18529.824,13061.810,8.003,748.276,2.001,57.021,3274,4031,1.930,1.600,0.910,0,0,0,0,0,14,142,0,32,0
16-01 21:54:55,23.252,5.501,68.507,0.750,0,3402316,213904,168596,4167736,46217.784,1686.175,4.000,1348.140,1.000,145.015,5928,7969,1.930,1.600,0.910,2,0,0,0,0,14,142,0,32,0
16-01 21:54:56,38.499,10.250,50.249,0.500,0,3353376,262584,168596,4167980,17921.562,3207.922,31.999,1775.957,2.000,161.996,10891,16480,1.930,1.600,0.910,3,1,63.998,0,0,14,143,0,33,0
16-01 21:54:57,26.750,12.750,59.251,0.500,0,3423756,192008,168596,4168116,35773.642,1948.035,16.000,1576.028,1.000,125.002,6154,7205,1.850,1.590,0.910,3,0,229.004,0,0,14,145,0,32,0
16-01 21:54:58,18.455,1.746,78.557,0,0,3447428,168320,168600,4168124,17325.521,8267.729,3.990,550.650,0.998,35.912,1979,1597,1.850,1.590,0.910,2,0,0,0,0,14,146,0,32,0
16-01 21:54:59,12.529,15.787,69.913,0,0,3429232,186504,168600,4168136,9628.421,2392.571,0,541.260,0,28.065,5374,4303,1.850,1.590,0.910,1,0,327.763,0,0,14,145,0,33,0
16-01 21:55:00,12.241,20.485,66.450,0.250,0,3409236,206340,168604,4168664,6151.394,1708.721,0,555.584,0,37.972,6910,6879,1.850,1.590,0.910,1,0,374.719,0,0,14,145,0,33,0
16-01 21:55:01,28.751,22.751,46.502,1.000,0,3422652,192764,168620,4168408,10873.546,1620.081,128.006,656.033,9.000,32.002,7269,7555,1.850,1.590,0.910,2,0,597.030,0,0,14,145,0,33,0
16-01 21:55:02,31.540,23.530,44.557,0,0,3470444,144872,168624,4168504,9289.910,1622.080,0,2042.619,0,125.160,6731,5391,1.780,1.580,0.910,2,0,461.592,0,0,14,145,0,33,0
16-01 21:55:03,32.194,13.975,52.159,0.250,0,3488848,188064,168628,4108364,10913.857,1780.876,55.902,535.061,6.988,37.933,7275,9247,1.780,1.580,0.910,6,0,240.578,0,0,14,151,0,33,0
16-01 21:55:04,57.103,24.544,17.782,0.250,0,3656220,139024,168632,3993432,8752.783,1622.926,68.123,757.366,5.009,37.067,8166,10277,1.780,1.580,0.910,5,0,552.997,0,0,16,157,0,33,0
16-01 21:55:05,56.595,22.937,19.447,0,0,3743204,140156,168396,3906912,10293.808,1615.575,0,299.181,0,22.937,6663,7208,1.780,1.580,0.910,5,0,362.009,0,0,16,163,0,33,0
16-01 21:55:06,40.593,21.800,36.333,0.251,0,3802148,177864,168400,3810836,7579.418,1623.731,0,721.658,0,34.078,8130,13058,1.780,1.580,0.910,2,0,415.956,0,0,16,173,0,33,0
16-01 21:55:07,37.801,23.128,38.796,0,0,3867080,156592,168400,3767932,6257.032,1701.037,0,441.673,0,20.890,7470,5652,1.960,1.620,0.930,5,0,556.070,0,0,16,177,0,33,0
16-01 21:55:08,17.316,17.818,63.993,0,0,3869532,154064,168400,3768448,5818.118,1463.564,0,1369.205,0,110.420,7248,8571,1.960,1.620,0.930,1,0,312.187,0,0,17,177,0,33,0
16-01 21:55:09,27.776,19.769,51.549,0.250,0,3910980,163836,168148,3717720,9150.611,1621.526,12.011,376.354,3.003,27.025,6327,5484,1.960,1.620,0.930,3,0,399.376,0,0,17,177,0,33,0
16-01 21:55:10,38.029,21.016,39.530,0.250,0,3974056,154352,168160,3665684,7919.073,1621.243,148.114,328.252,11.008,20.015,6725,6547,1.960,1.620,0.930,2,0,411.315,0,0,17,177,0,33,0
16-01 21:55:11,40.752,21.501,36.502,0.250,0,4077996,126728,168168,3591016,8586.392,1620.074,164.007,656.030,4.000,32.001,8250,11344,1.960,1.620,0.930,2,0,419.019,0,0,17,189,0,34,0
16-01 21:55:12,29.739,26.241,43.984,0.250,0,4143536,132336,168168,3521244,8067.144,1689.402,15.994,235.916,1.000,19.993,7263,6329,1.970,1.630,0.940,2,0,671.762,0,0,17,189,0,34,0
16-01 21:55:13,21.256,23.007,54.266,0.250,0,4184472,140316,168172,3473660,9428.711,1620.466,8.002,996.286,2.001,63.018,8344,10121,1.970,1.630,0.940,3,0,469.135,0,0,17,201,0,32,0
16-01 21:55:14,18.999,15.499,63.495,0.500,0,4199836,124740,168176,3473804,9718.261,1619.877,7.999,579.956,2.000,39.997,6996,9141,1.970,1.630,0.940,2,0,225.983,0,0,17,201,0,32,0
16-01 21:55:15,41.669,10.729,46.410,0.749,0,4312736,180460,168176,3308500,8204.144,1616.875,455.120,343.336,7.985,20.959,4040,2756,1.970,1.630,0.940,2,0,101.803,0,0,17,203,0,32,0
16-01 21:55:16,45.333,6.512,44.582,2.254,0,4411520,142348,168176,3248644,6006.056,1460.689,176.325,2957.444,8.015,187.345,4203,3497,1.970,1.630,0.940,3,0,10.018,0,0,17,217,0,32,0
16-01 21:55:17,33.250,12.500,53.500,0.750,0,4341784,309164,168176,3153396,9885.002,1710.000,48.000,428.000,4.000,24.000,4681,3742,1.810,1.600,0.930,4,0,215.000,0,0,17,220,0,32,0
16-01 21:55:18,36.245,22.747,37.995,1.000,0,4405916,243332,168196,3155188,7629.038,1619.796,931.883,3911.507,11.998,57.993,8551,10861,1.810,1.600,0.930,5,0,512.935,0,0,17,221,0,32,0
16-01 21:55:19,39.007,22.004,36.006,2.250,0,4463488,183588,168204,3157740,18270.160,10386.796,1120.194,14358.483,22.004,922.159,10021,10580,1.810,1.600,0.930,3,0,405.070,0,0,17,229,0,33,0
16-01 21:55:20,64.121,16.966,16.966,1.497,0,4521952,122888,168216,3159932,10139.547,1616.739,602.784,1053.874,12.974,18.962,5075,4773,1.810,1.600,0.930,4,0,153.690,0,0,17,230,0,33,0
16-01 21:55:21,57.973,13.494,21.240,5.997,0,4636404,139080,168232,3032036,19110.978,11490.575,1459.311,1055.502,49.976,47.977,5044,4619,1.810,1.600,0.930,3,0,29.986,0,0,17,241,0,23,0
16-01 21:55:22,56.449,10.990,17.235,13.738,0,4629796,177940,168308,3001592,11211.963,2659.619,6086.551,2006.204,452.595,136.877,7219,7115,2.060,1.660,0.950,4,0,28.974,0,0,17,242,0,24,0
16-01 21:55:23,44.611,20.050,35.088,0,0.251,4659908,180204,168312,2970316,11520.743,7362.368,60.150,569.421,4.010,24.060,7198,8169,2.060,1.660,0.950,5,0,405.010,0,0,17,244,0,28,0
16-01 21:55:24,33.777,22.518,41.533,2.002,0,4630988,207200,168312,2972600,13959.165,6759.407,156.125,12738.189,10.008,461.369,8903,11512,2.060,1.660,0.950,3,0,378.303,0,0,17,243,0,29,0
16-01 21:55:25,53.250,23.000,21.250,1.250,0,4713796,158148,168312,2938536,43112.192,1512.007,208.001,404.002,4.000,19.000,6240,6244,2.060,1.660,0.950,3,0,423.002,0,0,17,243,0,25,0
16-01 21:55:26,49.694,23.474,25.222,1.249,0,4781544,128760,168556,2901356,36623.062,12518.007,1078.794,1398.437,42.952,85.904,7164,10800,2.060,1.660,0.950,2,2,392.561,0,0,17,247,0,26,0
16-01 21:55:27,62.589,22.782,13.519,0.501,0,4790884,158008,168796,2863588,26957.284,1712.432,548.779,552.785,33.047,31.044,7722,10977,2.140,1.680,0.960,4,0,397.565,0,0,17,251,0,29,0
16-01 21:55:28,53.881,21.453,22.950,0.748,0,4864648,135016,168800,2814292,16132.501,9793.450,87.807,618.639,5.987,37.917,7499,9097,2.140,1.680,0.960,6,0,369.188,0,0,17,253,0,31,0
16-01 21:55:29,59.276,21.259,17.007,1.501,0,4892160,146056,168804,2776236,12095.214,4408.901,660.285,996.430,42.018,66.028,7776,12170,2.140,1.680,0.960,3,0,246.106,0,0,17,259,0,31,0
16-01 21:55:30,67.200,13.490,18.736,0.749,0,5054964,151312,168808,2610648,14729.051,9725.770,671.501,607.548,5.996,19.985,6293,11923,2.140,1.680,0.960,6,0,16.987,0,0,17,261,0,31,0
16-01 21:55:31,56.319,10.513,29.035,3.755,0,5046684,186996,168812,2584000,15079.378,11026.438,1413.723,913.113,92.112,74.090,7397,11848,2.140,1.680,0.960,3,0,20.024,0,0,17,264,0,36,0
16-01 21:55:32,53.061,11.013,33.038,2.503,0,5059452,204496,168576,2554568,14257.289,6375.284,1373.569,524.599,31.035,53.061,5448,4441,2.210,1.700,0.980,3,0,88.101,0,0,17,270,0,37,0
16-01 21:55:33,47.732,29.739,18.243,3.749,0,5016792,242592,168840,2558596,15406.077,9997.156,4310.343,1826.298,79.969,94.963,8730,16403,2.210,1.700,0.980,3,0,593.772,0,0,17,269,0,39,0
16-01 21:55:34,54.226,22.990,20.741,0.500,0,5081360,177724,168844,2559452,8326.329,4007.233,1159.489,3586.419,15.993,51.977,8434,11656,2.210,1.700,0.980,5,0,326.856,0,0,17,270,0,36,0
16-01 21:55:35,68.795,15.150,12.418,2.484,0,5169712,124904,168852,2524744,19046.114,10138.986,965.618,623.876,45.698,47.685,5863,4954,2.210,1.700,0.980,6,0,163.917,0,0,18,272,0,37,0
16-01 21:55:36,78.542,14.303,1.757,6.022,0,5215356,136548,168852,2468944,9531.485,1626.054,3268.167,790.945,169.632,29.108,5971,4571,2.210,1.700,0.980,5,0,17.064,0,0,18,276,0,37,0
16-01 21:55:37,77.512,10.285,8.027,3.261,0,5310364,137880,168888,2375092,18401.243,11598.232,2002.775,2327.874,86.292,215.730,7072,7384,2.350,1.740,0.990,4,0,16.054,0,0,18,283,0,38,0
16-01 21:55:38,47.931,15.727,34.950,0.499,0,5285464,193232,168892,2345556,9840.874,3185.428,583.163,858.767,9.986,75.891,6397,8568,2.350,1.740,0.990,2,0,220.683,0,0,18,283,0,38,0
16-01 21:55:39,40.298,7.509,50.059,1.752,0,5318880,159760,168900,2345684,14717.454,8128.640,824.978,16827.957,11.013,1380.637,6941,4000,2.350,1.740,0.990,2,0,10.012,0,0,18,289,0,38,0
16-01 21:55:40,35.249,7.500,55.748,0.250,0,5347576,130992,168900,2345756,30429.752,10153.583,511.979,643.974,4.000,52.998,4005,3480,2.350,1.740,0.990,3,0,11.000,0,0,18,289,0,39,1
16-01 21:55:41,34.720,5.745,58.949,0.250,0.250,5340244,127980,168900,2356068,10642942.051,79816.583,511.561,575.507,3.997,42.963,7330,4130,2.350,1.740,0.990,0,0,5.995,0,0,18,291,0,39,0
16-01 21:55:42,26.737,13.993,56.223,1.999,0,5266944,217844,168900,2340432,5960123.091,37789.677,2290.889,687.667,26.987,55.973,7542,5658,2.160,1.710,0.990,2,0,263.872,0,0,18,293,0,38,0
16-01 21:55:43,42.525,6.754,49.779,0.250,0,5367680,148260,168900,2310508,8778.192,3834.268,0,408.241,0,34.020,3592,2529,2.160,1.710,0.990,0,0,0,0,0,18,294,1,38,0
16-01 21:55:44,29.485,3.998,64.967,0.250,0,5369880,145928,168900,2310676,27134.031,19468.977,0,9271.227,0,81.958,5054,6025,2.160,1.710,0.990,2,0,0,0,0,18,299,0,40,0
16-01 21:55:45,9.230,3.492,83.069,0.499,0,5306516,208644,168904,2311320,413210.328,16356206.459,514.878,3815.683,28.937,255.443,5346,4471,2.160,1.710,0.990,0,0,37.917,0,0,18,297,0,41,0
16-01 21:55:46,1.750,1.000,96.503,0.250,0,5306516,208644,168904,2311320,8652.284,1620.053,0,220.007,0,12.000,1344,1842,2.160,1.710,0.990,0,0,0,0,0,18,297,0,38,0
16-01 21:55:47,2.002,0.751,95.350,0.250,0,5306512,208644,168904,2311324,5391.647,1567.642,0,624.654,0,39.041,1366,1894,1.990,1.680,0.980,0,0,0,0,0,18,297,0,38,0
16-01 21:55:48,19.256,3.001,75.273,0.750,0,5307312,200996,168916,2318144,8509797.122,41450.670,16.005,1136.347,1.000,94.029,7548,8401,1.990,1.680,0.980,2,0,3.001,0,0,18,304,0,38,0
16-01 21:55:49,13.534,14.537,69.928,0.501,0,5244032,254928,168916,2327476,8047390.325,82513.311,92.235,2835.226,6.015,48.123,7993,7324,1.990,1.680,0.980,2,0,303.774,0,0,18,301,0,42,0
16-01 21:55:50,20.647,7.463,71.144,0,0,5294548,204328,168916,2327560,9569.120,1611.935,0,16382.031,0,58.706,3497,3223,1.990,1.680,0.980,1,0,162.188,0,0,18,301,0,39,0
16-01 21:55:51,15.310,12.549,70.526,0.251,0,5308064,190788,168916,2327584,7670.051,1517.947,0,349.369,0,28.110,4672,3910,1.990,1.680,0.980,2,0,222.873,0,0,18,305,0,39,0
16-01 21:55:52,8.749,20.499,69.745,0.250,0,5293448,205360,168916,2327652,9707.368,1619.894,15.999,287.981,1.000,16.999,6287,5086,1.910,1.670,0.980,1,0,405.974,0,0,18,305,0,39,0
16-01 21:55:53,1.998,1.998,94.426,0,0,5267428,231368,168916,2327664,8314.500,1618.735,3.997,159.875,0.999,14.988,1752,2140,1.910,1.670,0.980,0,0,43.966,0,0,18,305,0,39,0
16-01 21:55:54,21.272,4.254,73.575,0.501,0.250,5293540,205256,168916,2327664,8037.159,1621.646,0,196.199,0,28.028,2485,2257,1.910,1.670,0.980,1,0,9.009,0,0,18,305,0,38,0
16-01 21:55:55,17.489,1.999,78.700,0.250,0,5304436,194148,168916,2327876,53035.214,10507.306,63.959,2066.683,3.997,311.801,2876,2505,1.910,1.670,0.980,1,0,2.998,0,0,18,309,0,39,0
16-01 21:55:56,13.265,15.768,70.079,0.250,0,5297732,200604,168920,2328104,28640.315,1621.830,16.018,0,4.005,0,5420,4217,1.910,1.670,0.980,1,0,225.254,0,0,18,309,0,39,0
16-01 21:55:57,12.246,14.995,70.724,0,0,5291592,206512,168920,2328304,22765.734,1619.412,0,0,0,0,5611,4212,1.840,1.660,0.980,1,0,217.921,0,0,18,309,0,39,0
16-01 21:55:58,17.693,10.217,69.774,0.498,0,5285876,212088,168920,2328428,10805.975,1684.540,51.832,749.570,2.990,67.780,4745,4292,1.840,1.660,0.980,1,0,155.496,0,0,18,311,0,38,0
16-01 21:55:59,24.532,3.505,71.092,0.250,0,5338444,159500,168920,2328448,8896.489,1622.095,0,188.243,0,23.030,2594,2282,1.840,1.660,0.980,2,0,2.003,0,0,18,313,0,38,0
16-01 21:56:00,23.518,3.002,71.805,1.001,0,5369088,159188,168920,2299400,9718.396,1513.152,384.292,568.433,12.009,49.037,2893,2860,1.840,1.660,0.980,2,0,4.003,0,0,18,317,0,38,0
16-01 21:56:01,23.508,3.001,72.275,0.250,0,5355324,172952,168920,2299400,8290.832,1662.568,20.007,116.040,4.001,6.002,2457,2114,1.840,1.660,0.980,2,0,6.002,0,0,18,313,0,38,0
16-01 21:56:02,22.763,4.753,71.790,0,0,5340756,217856,168920,2269996,6098.403,1620.904,0,108.060,0,13.007,2364,2036,1.770,1.650,0.980,2,0,3.002,0,0,18,313,0,37,0
16-01 21:56:03,10.754,2.001,85.781,0.250,0,5350652,207956,168920,2270000,27726.096,20480.457,4.001,100.036,1.000,12.004,2633,2936,1.770,1.650,0.980,2,0,2.001,0,0,18,320,0,38,0
16-01 21:56:04,23.507,4.501,71.022,0,0,5322580,236004,168920,2270024,9553.911,1752.534,0,252.077,0,21.006,2696,2485,1.770,1.650,0.980,1,0,16.005,0,0,18,313,0,39,0
16-01 21:56:05,24.497,2.250,72.241,0,0,5353296,205288,168920,2270024,5578.319,1619.802,0,303.963,0,21.997,2202,1762,1.770,1.650,0.980,1,0,0,0,0,18,313,0,39,0
16-01 21:56:06,11.753,15.755,70.521,0.250,0,5331180,227244,168928,2270176,10400.059,1690.497,396.117,396.117,6.002,13.004,5204,4255,1.770,1.650,0.980,3,0,291.086,0,0,18,313,0,39,0
16-01 21:56:07,13.995,13.995,70.475,0.250,0,5331552,226700,168928,2270348,6874.532,1619.419,51.981,71.974,4.998,3.999,5076,4167,1.710,1.640,0.980,1,0,291.895,0,0,18,313,0,39,0
16-01 21:56:08,21.501,3.000,72.754,1.000,0,5348496,209296,169204,2270532,13214.709,2892.155,412.022,688.037,18.001,53.003,3026,2887,1.710,1.640,0.980,1,0,33.002,0,0,18,314,0,39,0
16-01 21:56:09,21.234,2.748,75.194,0.250,0,5297812,252912,169880,2276812,8414.724,2517.123,135.899,1546.846,5.996,98.926,2385,1878,1.710,1.640,0.980,1,0,0.999,0,0,18,313,0,39,0
16-01 21:56:10,17.736,3.247,78.438,0,0,5313328,237064,169900,2277100,11606.872,3661.121,0,303.761,0,6.994,2189,2001,1.710,1.640,0.980,0,1,17.986,0,0,18,314,0,39,0
16-01 21:56:11,24.052,2.505,71.404,0.501,0,5323800,219932,170484,2283036,10287.176,2698.818,0,1050.264,0,19.041,4920,7133,1.710,1.640,0.980,2,0,9.019,0,0,18,313,0,39,0
16-01 21:56:12,16.479,4.494,76.902,0.250,0.250,5319436,223752,170528,2283520,13292.131,3782.200,23.970,383.513,3.995,3.995,8060,14419,1.650,1.630,0.980,1,0,7.990,0,0,18,314,0,39,0
16-01 21:56:13,22.752,6.000,68.755,0.500,0,5315304,227448,170552,2283932,9914.717,2450.177,108.008,576.042,9.001,30.002,10060,18453,1.650,1.630,0.980,1,0,13.001,0,0,18,314,0,39,0
16-01 21:56:14,22.242,4.498,71.725,0.250,0,5303924,250308,170672,2272328,8121.196,1793.381,0,1007.652,0,36.987,2610,2212,1.650,1.630,0.980,1,0,7.997,0,0,18,313,0,39,0
16-01 21:56:15,15.772,13.769,69.345,0,0,5309264,245084,170676,2272348,10860.937,1622.231,0,19074.232,0,414.570,5286,4121,1.650,1.630,0.980,1,0,265.365,0,0,18,315,0,38,0
16-01 21:56:16,22.471,2.746,74.155,0,0,5326440,227724,170676,2272532,9573.788,3585.427,0,11.985,0,0.999,2220,1708,1.650,1.630,0.980,0,0,0,0,0,18,316,0,38,0
16-01 21:56:17,16.007,6.002,76.281,0,0,5286396,267584,170676,2272716,14974.096,9839.006,36.015,8.003,3.001,1.000,3406,3052,1.600,1.610,0.980,1,0,112.046,0,0,18,315,0,41,0
16-01 21:56:18,24.470,4.494,69.164,0.749,0,5346880,207092,170676,2272724,6030.524,1564.061,159.802,998.762,6.991,57.928,3270,3382,1.600,1.610,0.980,1,0,0.999,0,0,18,317,0,41,0
16-01 21:56:19,19.269,7.007,72.823,0,0,5339672,214000,170676,2273024,21403.427,10216.228,0,240.241,0,21.021,4788,6352,1.600,1.610,0.980,1,0,72.072,0,0,18,317,0,42,0
16-01 21:56:20,25.752,4.250,68.506,0,0,5379684,173988,170676,2273024,7481.654,1620.142,0,160.014,0,9.001,2879,2365,1.600,1.610,0.980,1,0,1.000,0,0,18,319,0,42,0
16-01 21:56:21,18.506,4.502,76.526,0.250,0,5327448,226200,170676,2273048,23016.725,14684.929,0,344.115,0,33.011,3548,3557,1.600,1.610,0.980,1,0,57.019,0,0,18,319,0,43,0
16-01 21:56:22,22.202,4.241,71.846,0.249,0,5390756,162880,170676,2273060,7862.163,1616.538,0,215.538,0,10.976,2307,1903,1.550,1.600,0.980,1,0,0,0,0,18,319,0,43,0
16-01 21:56:23,17.291,3.258,78.688,0,0,5309880,243728,170676,2273088,20079.878,11895.363,12.029,288.688,1.002,21.050,2863,2588,1.550,1.600,0.980,1,0,32.076,0,0,18,319,0,40,0
16-01 21:56:24,21.721,4.244,72.903,0,0,5349164,204444,170676,2273088,8575.593,1617.848,0,43.942,0,3.995,2288,1965,1.550,1.600,0.980,1,0,0,0,0,18,319,0,40,0
16-01 21:56:25,13.006,1.000,84.039,0.250,0,5354916,198648,170676,2273132,51956.092,11680.416,32.015,132.061,2.001,16.007,2375,2520,1.550,1.600,0.980,0,0,1.000,0,0,18,322,0,40,0
16-01 21:56:26,20.692,6.482,72.048,0,0,5361684,191848,170676,2273164,23017.309,2310.506,0,239.327,0,19.944,3125,2764,1.550,1.600,0.980,1,0,46.868,0,0,18,321,0,41,0
16-01 21:56:27,18.313,2.007,78.772,0,0,5383724,169648,170676,2273324,38791.066,10370.843,0,112.388,0,8.028,2312,2053,1.510,1.590,0.990,1,0,0,0,0,18,325,0,40,0
16-01 21:56:28,21.502,5.750,71.506,0.250,0,5366328,186940,170676,2273428,7217.617,3152.269,80.007,408.035,4.000,37.003,3229,3207,1.510,1.590,0.990,1,0,32.003,0,0,18,321,0,42,0
16-01 21:56:29,18.001,2.250,78.753,0.250,0,5387732,165532,170676,2273432,16372.627,9433.361,0,196.008,0,17.001,2273,2054,1.510,1.590,0.990,0,0,0,0,0,18,322,0,42,0
16-01 21:56:30,15.498,6.499,76.240,0.250,0,5341416,211820,170680,2273456,10909.515,4722.357,0,471.936,0,41.994,3532,3570,1.510,1.590,0.990,1,0,88.988,0,0,18,323,0,43,0
16-01 21:56:31,19.996,2.250,76.235,0.250,0,5373760,179372,170680,2273560,14907.104,7384.565,0,2203.572,0,353.931,2966,2109,1.510,1.590,0.990,1,0,1.000,0,0,18,324,0,37,0
16-01 21:56:32,20.479,5.494,72.925,0.250,0,5379088,174024,170680,2273580,23690.614,18179.287,0,427.560,0,24.974,2878,2514,1.460,1.580,0.990,1,0,46.952,0,0,18,323,0,39,0
16-01 21:56:33,24.279,5.006,69.082,0,0,5420424,132684,170680,2273600,11954.124,7352.688,0,228.270,0,27.032,3893,14874,1.460,1.580,0.990,1,0,37.044,0,0,18,324,0,40,0
16-01 21:56:34,21.231,5.745,72.184,0.250,0,5353872,199100,170680,2273720,11504.443,4596.782,127.883,295.729,7.993,23.978,3124,2890,1.460,1.580,0.990,1,0,20.981,0,0,18,323,0,42,0
16-01 21:56:35,19.752,2.000,76.757,0.500,0,5394424,158544,170680,2273724,13076.164,7410.660,0,1396.124,0,76.007,2354,2202,1.460,1.580,0.990,1,0,0,0,0,18,324,0,35,0
16-01 21:56:36,22.493,3.999,69.228,2.749,0,5391060,159800,170680,2275832,9030.102,3696.814,2015.353,1611.483,79.974,176.943,5883,8257,1.460,1.580,0.990,2,0,1.999,0,0,18,325,0,36,0
16-01 21:56:37,22.760,4.752,72.031,0,0,5392396,158452,170680,2275844,11501.920,1686.721,0,444.190,0,23.010,2564,2161,1.430,1.570,0.990,1,0,5.002,0,0,18,325,0,36,0
16-01 21:56:38,16.502,1.750,79.757,0.250,0,5397552,153280,170680,2275860,15782.475,10860.015,0,952.089,0,117.011,2932,2818,1.430,1.570,0.990,2,1,2.000,0,0,18,326,0,36,0
16-01 21:56:39,20.281,8.513,68.605,1.252,0,5350252,200280,170680,2276160,11815.039,3224.924,128.196,2916.453,6.009,342.523,6627,8057,1.430,1.570,0.990,1,0,158.242,0,0,18,325,0,33,0
16-01 21:56:40,8.992,22.731,66.694,0.500,0,5335808,214688,170680,2276196,7014.142,1618.648,0,1854.451,0,140.882,7673,6975,1.430,1.570,0.990,1,0,695.419,0,0,18,325,0,33,0
16-01 21:56:41,8.255,23.764,66.788,0.250,0,5340100,210356,170684,2276232,6021.456,1620.930,0,2657.525,0,163.094,7851,7338,1.430,1.570,0.990,2,0,685.393,0,0,18,325,0,33,0
16-01 21:56:42,8.502,22.506,67.767,0,0,5330228,220200,170684,2276260,8716.246,1620.417,0,272.070,0,28.007,7261,6392,1.310,1.550,0.980,4,0,617.159,0,0,18,325,0,33,0
16-01 21:56:43,9.247,22.242,67.225,0,0,5313244,237148,170684,2276296,8457.909,1457.467,0,123.955,0,14.995,7072,6177,1.310,1.550,0.980,3,0,607.778,0,0,18,325,0,31,0
16-01 21:56:44,9.002,23.006,67.518,0,0,5304964,245392,170684,2276332,8759.341,1620.433,0,124.033,0,14.004,7087,6260,1.310,1.550,0.980,1,0,621.166,0,0,18,325,0,31,0
16-01 21:56:45,12.485,13.483,70.164,1.748,0,5314528,235528,170684,2276632,7881.325,1618.014,267.671,1865.710,21.973,14.982,5284,4487,1.310,1.550,0.980,2,0,331.593,0,0,18,325,0,31,0
16-01 21:56:46,16.744,8.497,71.475,1.749,0,5318472,338552,170748,2181972,8757.933,1619.433,847.703,2930.974,102.964,21.992,2998,2850,1.310,1.550,0.980,1,0,14.995,0,0,18,325,0,31,0
16-01 21:56:47,23.249,2.500,72.996,0.250,0,5333308,320412,170748,2185276,10951.443,2695.863,15.999,959.951,3.000,29.998,2531,2177,1.290,1.540,0.980,1,0,15.999,0,0,18,326,0,28,0
16-01 21:56:48,13.242,1.749,81.199,2.498,0,5346144,306804,170748,2186048,21372.492,9564.955,651.588,1359.141,41.973,70.955,2565,2859,1.290,1.540,0.980,0,0,0.999,0,0,18,326,0,28,0
16-01 21:56:49,12.494,1.499,82.459,2.249,0,5354012,297984,170752,2186996,25813.036,12505.719,591.703,1819.086,57.971,76.961,2328,2603,1.290,1.540,0.980,1,0,0.999,0,0,18,326,0,28,0
16-01 21:56:50,16.746,1.500,79.732,1.250,0,5371960,278832,170752,2188192,19617.513,9431.843,911.791,1191.727,45.989,36.992,2213,1945,1.290,1.540,0.980,0,0,0,0,0,18,326,0,28,0
16-01 21:56:51,15.012,1.251,82.064,0.751,0,5373400,276564,170752,2189020,24563.046,10692.291,644.500,1473.142,50.039,47.036,2255,2155,1.290,1.540,0.980,1,0,1.001,0,0,18,326,0,24,0
16-01 21:56:52,15.247,1.500,80.235,1.250,0,5385836,262956,170812,2190132,20689.197,10109.142,827.848,1119.794,43.992,37.993,2205,2011,1.180,1.510,0.980,0,0,0,0,0,18,326,0,24,0
16-01 21:56:53,15.762,2.502,76.309,4.253,0,5401060,214080,170916,2223664,15070.681,4826.741,15375.917,964.748,169.131,38.029,2560,2195,1.180,1.510,0.980,1,0,1.001,0,0,18,326,0,24,0
16-01 21:56:54,23.002,3.250,72.005,0.500,0,5409152,189900,172108,2238356,10024.720,1620.116,72.005,1256.090,1.000,42.003,2541,2247,1.180,1.510,0.980,1,0,0,0,0,18,326,0,24,0
16-01 21:56:55,24.508,2.751,72.273,0.250,0,5401236,181820,172484,2253600,43919.930,1620.514,0,1364.433,0,31.010,2577,2249,1.180,1.510,0.980,1,0,0,0,0,18,326,0,23,0
16-01 21:56:56,23.504,2.500,71.513,1.250,0,5419796,141924,173076,2274072,17211.084,1620.290,48.009,2408.432,2.000,107.019,3018,2918,1.180,1.510,0.980,1,0,0,0,0,18,326,0,23,0
16-01 21:56:57,23.262,2.501,72.286,0.750,0,5407296,141048,173840,2286424,32265.103,1620.809,0,2481.238,0,111.055,3035,2662,1.170,1.500,0.980,2,0,0,0,0,18,326,0,23,0
16-01 21:56:58,24.259,3.251,70.527,1.000,0,5398888,150156,174604,2285532,5538.130,1620.623,0,2977.145,0,125.048,3150,3079,1.170,1.500,0.980,4,0,0,0,0,18,326,0,23,0
16-01 21:56:59,23.738,3.248,71.963,0.250,0,5318108,245972,174832,2270228,7905.937,1631.162,3.998,1031.470,0.999,33.983,2614,2125,1.170,1.500,0.980,2,0,1.999,0,0,18,325,0,23,0
16-01 21:57:00,18.746,2.749,77.482,0,0,5356476,205180,174832,2272648,14633.580,3832.104,0,375.912,0,10.997,2328,2024,1.170,1.500,0.980,3,0,32.992,0,0,18,326,0,23,0
16-01 21:57:01,23.485,3.748,71.705,0.250,0,5340672,216728,174928,2276760,7841.062,1792.871,3.997,1159.270,0.999,10.993,2589,2276,1.170,1.500,0.980,2,0,3.997,0,0,18,325,0,23,0
16-01 21:57:02,18.006,2.751,78.275,0.500,0,5348840,201936,175416,2282544,15690.987,4792.523,0,2208.702,0,236.075,2482,1977,1.150,1.500,0.980,3,0,18.006,0,0,18,325,0,23,0
16-01 21:57:03,23.003,5.751,68.758,0,0,5359468,190504,175472,2283176,9417.063,1714.194,0,1624.183,0,16.002,10948,19540,1.150,1.500,0.980,2,0,14.002,0,0,18,325,0,23,0
16-01 21:57:04,22.254,6.501,68.762,0.250,0,5361848,187908,175516,2283344,5306.960,1620.293,0,660.119,0,25.005,10394,18914,1.150,1.500,0.980,2,0,20.004,0,0,18,325,0,21,0
16-01 21:57:05,23.004,4.001,72.264,0.250,0,5327820,235232,175520,2270360,9340.805,1620.313,0,880.170,0,22.004,2990,2743,1.150,1.500,0.980,2,0,49.009,0,0,18,325,0,21,0
16-01 21:57:06,24.016,5.003,69.046,0,0,5344720,218316,175520,2270376,8312.566,1621.085,0,444.297,0,20.013,10018,18297,1.150,1.500,0.980,1,0,9.006,0,0,18,325,0,21,0
16-01 21:57:07,18.226,3.246,76.901,0.250,0,5380236,180380,175520,2272796,11484.185,3558.410,0,427.449,0,21.972,2404,2218,1.060,1.470,0.970,2,0,32.957,0,0,18,326,0,21,0
16-01 21:57:08,24.005,3.751,71.514,0.250,0,5369940,186572,175520,2276900,9334.874,1794.360,0,1236.248,0,27.005,2804,2511,1.060,1.470,0.970,1,0,19.004,0,0,18,325,0,21,0
16-01 21:57:09,18.000,2.500,77.252,0.250,0,5372528,177632,175696,2282852,14119.334,4725.112,0,1336.032,0,39.001,2741,2819,1.060,1.470,0.970,1,0,6.000,0,0,18,325,0,21,0
16-01 21:57:10,22.517,7.506,66.301,0,0,5373296,176212,175748,2283340,8915.798,1621.236,0,532.406,0,12.009,17629,33779,1.060,1.470,0.970,2,0,13.010,0,0,18,325,0,21,0
16-01 21:57:11,20.966,7.238,71.386,0.250,0,5362292,200360,175808,2270512,9432.916,1617.414,0,9516.782,0,202.676,4126,4386,1.060,1.470,0.970,1,0,17.971,0,0,18,325,0,21,0
16-01 21:57:12,23.508,3.751,72.025,0,0,5337324,225508,175812,2270424,6201.134,1620.558,0,8.003,0,2.001,2521,2011,1.060,1.460,0.970,2,0,22.008,0,0,18,325,0,21,0
16-01 21:57:13,22.007,5.252,71.273,0.250,0,5322748,233776,175812,2276732,9818.223,1620.532,0,580.190,0,9.003,3423,2989,1.060,1.460,0.970,1,0,96.032,0,0,18,325,0,21,0
16-01 21:57:14,24.244,2.749,71.732,0,0,5325164,227236,175812,2280792,10209.446,1619.595,0,895.776,0,9.997,2637,2182,1.060,1.460,0.970,1,0,16.996,0,0,18,325,0,21,0
16-01 21:57:15,16.247,1.500,81.235,0.500,0,5340708,211360,175812,2281108,20897.047,7335.612,3.999,811.846,1.000,17.997,1873,1772,1.060,1.460,0.970,1,0,0,0,0,18,326,0,21,0
16-01 21:57:16,13.509,1.501,83.804,0.750,0,5340536,211108,175824,2281516,27157.434,13219.486,20.013,1885.210,3.002,79.051,2504,2837,1.060,1.460,0.970,1,0,0,0,0,18,326,0,21,0
16-01 21:57:17,4.248,0.250,92.713,0.250,0,5340872,210604,175840,2281668,47399.096,6875.258,0,671.732,0,29.988,1648,2029,1.050,1.450,0.970,0,0,0,0,0,18,327,0,21,0
16-01 21:57:18,11.995,1.999,83.714,1.249,0,5348716,202456,175868,2281924,127110.240,11254.152,0,4410.100,0,254.890,3103,3712,1.050,1.450,0.970,1,0,1.000,0,0,18,327,0,21,0
16-01 21:57:19,18.000,1.500,78.749,0.250,0,5371712,179272,175888,2282080,18479.821,9374.909,0,1059.990,0,48.000,2321,2346,1.050,1.450,0.970,0,0,1.000,0,0,18,327,0,21,0
16-01 21:57:20,15.256,1.501,81.032,0.750,0,5380452,170212,175896,2282372,22029.732,10910.324,40.016,1436.569,4.002,47.019,2245,2207,1.050,1.450,0.970,1,0,0,0,0,18,327,0,17,0
16-01 21:57:21,13.759,3.502,80.050,1.251,0,5374856,175132,175996,2282952,330693.391,19917.371,20.012,12924.027,2.001,131.081,4522,5846,1.050,1.450,0.970,1,0,2.001,0,0,18,327,0,17,0
16-01 21:57:22,13.459,1.745,82.001,0.997,0,5370636,178916,176208,2283180,83400.376,14420.148,111.660,1862.337,7.976,87.733,2919,2807,0.970,1.430,0.970,0,0,0,0,0,18,327,0,19,0
16-01 21:57:23,12.780,1.504,83.696,0.501,0,5370928,166764,176288,2294864,1475771.733,30654.658,0,2473.783,0,40.094,2786,2672,0.970,1.430,0.970,2,0,1.002,0,0,18,327,0,19,0
16-01 21:57:24,9.239,2.996,85.145,0.499,0,5372284,158020,176352,2302400,14539044.654,107379.817,0,14869.696,0,54.932,5967,3732,0.970,1.430,0.970,1,0,2.996,0,0,18,327,0,15,0
16-01 21:57:25,16.262,3.002,79.559,0.500,0,5376628,140552,176568,2315604,1841828.310,15138.197,164.121,3646.697,4.003,84.062,2772,2265,0.970,1.430,0.970,1,0,2.001,0,0,18,327,0,15,0
16-01 21:57:26,21.213,6.489,69.378,1.248,0,5390248,132036,180124,2304628,9707.897,1617.151,19.965,55047.021,1.996,260.541,3216,2885,0.970,1.430,0.970,1,0,0,0,0,18,327,0,15,0
16-01 21:57:27,24.534,2.754,72.600,0.501,0,5381424,153940,180596,2290984,42733.946,1622.238,0,1389.917,0,42.058,2738,2422,0.970,1.420,0.970,1,0,0,0,0,18,327,0,15,0
16-01 21:57:28,23.968,2.996,71.154,0.499,0,5395360,150208,180944,2280664,5813.139,1617.812,0,2544.559,0,254.656,3187,2702,0.970,1.420,0.970,1,0,0,0,0,18,327,0,10,0
16-01 21:57:29,22.518,4.003,71.307,1.001,0,5387612,147424,181860,2288972,8975.204,1621.301,0,2089.677,0,88.071,2869,2578,0.970,1.420,0.970,1,0,0,0,0,18,327,0,10,0
16-01 21:57:30,32.022,5.504,60.791,0.500,0,5424388,150592,182608,2248892,8655.857,1621.097,368.249,2445.655,3.002,94.064,3399,2661,0.970,1.420,0.970,2,0,5.003,0,0,18,327,0,10,0
16-01 21:57:31,42.791,8.508,47.796,0.250,0,5426424,155748,183916,2240172,8463.181,1501.451,768.743,44198.723,6.006,148.143,3949,2607,0.970,1.420,0.970,2,0,8.008,0,0,18,327,0,10,0
16-01 21:57:32,24.999,3.500,70.248,0.750,0,5399020,155776,184760,2265340,9321.688,1619.946,0,3035.899,0,79.997,2916,2537,0.970,1.420,0.970,2,0,0,0,0,18,327,0,7,0
16-01 21:57:33,19.252,2.500,76.508,0.750,0,5400500,140072,185428,2277488,14028.452,3688.382,0,1896.196,0,76.008,2612,2646,0.970,1.420,0.970,2,0,7.001,0,0,18,328,0,7,0
16-01 21:57:34,28.736,6.247,63.218,0,0,5312384,293352,185428,2213288,10051.929,2206.887,0,803.595,0,27.986,3751,13902,0.970,1.420,0.970,1,0,55.972,0,0,18,325,0,8,0
16-01 21:57:35,18.995,2.999,77.229,0.250,0,5345736,253800,185480,2219436,11181.928,3723.977,0,659.819,0,10.997,2190,1978,0.970,1.420,0.970,1,0,15.996,0,0,18,326,0,8,0
16-01 21:57:36,24.010,3.251,71.780,0.500,0,5340156,258856,185532,2219832,9423.907,1794.744,16.007,1052.436,1.000,17.007,2808,2453,0.970,1.420,0.970,1,0,19.008,0,0,18,325,0,4,0
16-01 21:57:37,16.978,2.247,78.900,0.250,0.250,5367240,224724,185844,2225612,15590.252,4784.939,0,1522.072,0,46.941,2184,2015,1.060,1.430,0.970,1,0,1.997,0,0,18,325,0,4,0
16-01 21:57:38,23.282,6.008,69.344,0,0,5355600,235640,185876,2226240,6221.429,1622.198,0,424.575,0,21.028,11065,19908,1.060,1.430,0.970,1,0,12.016,0,0,18,325,0,4,0
16-01 21:57:39,23.281,6.008,69.091,0,0,5357392,233704,185920,2226336,8393.070,1459.926,0,0,0,0,10421,19014,1.060,1.430,0.970,1,0,13.017,0,0,18,325,0,4,0
16-01 21:57:40,21.504,6.001,71.762,0.250,0,5326792,278096,185956,2213432,6569.073,1620.265,0,2896.473,0,46.008,2613,2258,1.060,1.430,0.970,1,0,7.001,0,0,18,325,0,4,0
16-01 21:57:41,23.212,4.243,71.134,0.499,0,5332256,271032,185956,2215028,9273.915,1617.369,227.630,1050.292,2.995,19.968,2810,2541,1.060,1.430,0.970,1,0,6.989,0,0,18,325,0,3,0
16-01 21:57:42,12.996,2.499,71.725,10.996,0,5340328,261464,186072,2216576,7495.414,1619.441,579.800,14950.842,17.994,319.890,3023,2916,1.050,1.420,0.970,1,0,1.999,0,0,18,326,0,3,0
16-01 21:57:43,24.539,4.758,64.852,5.008,0,5338256,262288,186072,2217824,5607.860,1622.563,913.443,5981.450,53.084,499.790,8706,12623,1.050,1.420,0.970,1,0,1.002,0,0,18,328,0,8,0
16-01 21:57:44,10.729,13.473,68.365,5.489,0,5307180,293156,186072,2218032,8952.347,1616.812,143.717,3576.947,1.996,451.110,6216,5809,1.050,1.420,0.970,1,0,308.392,0,0,18,327,0,8,0
16-01 21:57:45,13.024,10.269,70.378,5.760,0.250,5280684,317160,186072,2220532,7113.891,1622.941,2408.364,328.595,243.441,13.024,4421,3733,1.050,1.420,0.970,0,1,140.254,0,0,18,327,0,10,0
16-01 21:57:46,9.738,4.245,72.660,11.985,0,5281420,275504,186292,2261232,6621.766,2170.301,40937.094,2660.691,3344.841,58.927,9041,8990,1.050,1.420,0.970,0,1,5.993,0,0,18,328,0,10,0
16-01 21:57:47,2.249,1.499,93.461,0.750,0,5283384,273064,186480,2261520,14761.838,3419.573,475.801,11003.407,118.950,59.975,1849,2334,0.970,1.390,0.970,0,0,0,0,0,18,328,0,10,0
16-01 21:57:48,3.493,0.998,93.314,0.749,0.250,5282576,273636,186480,2261756,44966.524,5436.183,235.531,371.261,6.986,40.919,1844,2526,0.970,1.390,0.970,1,0,0.998,0,0,18,328,0,10,0
16-01 21:57:49,4.265,2.760,88.056,3.512,0,5277284,278016,186548,2262600,150166.815,3173.026,381.325,3058.628,11.038,125.436,2403,2892,0.970,1.390,0.970,2,0,28.098,0,0,18,327,0,10,1
16-01 21:57:50,2.748,1.249,93.682,0.749,0,5259056,296468,186728,2262212,12400.049,129170.761,183.867,531.616,11.991,18.986,1740,2009,0.970,1.390,0.970,0,0,0,0,0,18,327,0,10,0
16-01 21:57:51,1.999,0.999,95.688,0.250,0,5259056,296468,186728,2262212,5148.663,1618.951,0,287.813,0,18.988,1416,1903,0.970,1.390,0.970,0,0,0.999,0,0,18,327,0,10,0
16-01 21:57:52,2.249,0.750,95.944,0.250,0,5257112,298412,186728,2262212,9170.611,1619.049,0,1443.152,0,66.961,1458,1958,0.890,1.370,0.960,0,0,0,0,0,18,327,0,10,0
16-01 21:57:53,1.999,0.999,95.933,0.250,0,5257516,298004,186728,2262216,8569.980,1618.863,0,119.916,0,16.988,1338,1771,0.890,1.370,0.960,0,0,0,0,0,18,327,0,10,0
16-01 21:57:54,1.749,0.500,95.423,0.250,0,5251988,303520,186728,2262228,9459.401,1456.830,0,571.541,0,45.963,1585,2304,0.890,1.370,0.960,0,0,0,0,0,18,327,0,10,0
16-01 21:57:55,1.501,0.500,96.787,0,0,5251940,303568,186728,2262228,42397.072,1620.614,0,32.012,0,4.002,1219,1648,0.890,1.370,0.960,1,0,0,0,0,18,327,0,10,0
16-01 21:57:56,1.502,0.751,96.639,0,0,5252164,303344,186728,2262228,16501.716,1622.332,0,0,0,0,1246,1676,0.890,1.370,0.960,1,0,0,0,0,18,327,0,10,0
16-01 21:57:57,1.501,1.751,95.055,0,0,5239300,316208,186728,2262228,33194.117,1620.933,0,20763.958,0,59.034,1455,1731,0.820,1.350,0.960,0,0,0,0,0,18,327,0,10,0
16-01 21:57:58,3.250,0.750,95.511,0.250,0,5238456,317044,186728,2262236,5913.679,1620.186,0,1228.141,0,43.005,1536,2182,0.820,1.350,0.960,0,0,0,0,0,18,327,0,10,0
16-01 21:57:59,1.247,0.998,96.056,0.249,0.249,5238456,317044,186728,2262236,5330.231,1616.734,0,850.282,0,160.675,1558,1854,0.820,1.350,0.960,0,0,0,0,0,18,327,0,10,0
16-01 21:58:00,2.004,0.501,96.702,0,0,5238452,317044,186728,2262240,10749.470,1623.393,0,0,0,0,1143,1603,0.820,1.350,0.960,0,0,0,0,0,18,327,0,10,0
16-01 21:58:01,1.751,0.750,96.813,0,0,5238304,317192,186728,2262240,6856.463,1621.055,0,8.005,0,1.001,1327,1851,0.820,1.350,0.960,0,0,1.001,0,0,18,327,0,10,0
16-01 21:58:02,1.999,3.248,92.434,0.250,0,5238312,317176,186728,2262248,9060.540,1456.961,0,127129.353,0,574.590,3044,2658,0.750,1.330,0.950,0,0,0,0,0,18,327,0,10,0
16-01 21:58:03,2.250,1.000,95.746,0.250,0,5238312,317176,186728,2262248,7125.708,1619.934,0,1635.933,0,15.999,1440,2049,0.750,1.330,0.950,0,0,1.000,0,0,18,327,0,10,0
16-01 21:58:04,1.500,1.000,95.719,0.250,0,5238288,317176,186728,2262272,9668.841,1619.471,15.995,263.914,1.000,30.990,1681,2512,0.750,1.330,0.950,0,0,1.000,0,0,18,327,0,10,0
16-01 21:58:05,1.749,0.500,96.436,0,0,5238280,317176,186728,2262280,7672.896,1618.923,0,111.926,0,8.994,1221,1735,0.750,1.330,0.950,0,0,0,0,0,18,327,0,10,0
16-01 21:58:06,1.750,0.500,96.269,0,0,5238288,317176,186728,2262280,6197.236,1620.323,0,244.049,0,9.002,1326,1860,0.750,1.330,0.950,1,0,0,0,0,18,327,0,10,0
16-01 21:58:07,1.500,1.750,95.486,0.250,0,5238316,317152,186728,2262280,5245.211,1619.756,0,16873.460,0,77.988,1480,1873,0.690,1.300,0.950,0,0,0,0,0,18,327,0,10,0
16-01 21:58:08,2.499,1.000,95.974,0,0,5238316,317152,186728,2262280,11168.967,1619.560,0,247.933,0,22.994,1493,2042,0.690,1.300,0.950,0,0,0,0,0,18,327,0,10,0
16-01 21:58:09,1.999,0.750,95.718,0,0,5238316,317152,186728,2262280,8088.331,1457.519,0,35.988,0,3.999,1329,1742,0.690,1.300,0.950,0,0,0,0,0,18,327,0,10,0
16-01 21:58:10,1.252,0.501,97.367,0.250,0,5238284,317152,186728,2262312,9546.466,1621.948,0,424.510,0,91.109,1199,1607,0.690,1.300,0.950,0,0,0,0,0,18,327,0,10,0
16-01 21:58:11,1.249,0.750,96.199,0,0,5238284,317152,186728,2262312,7254.156,1619.142,0,3.998,0,0.999,1251,1794,0.690,1.300,0.950,0,0,2.998,0,0,18,327,0,10,0
16-01 21:58:12,1.752,1.251,96.093,0.250,0,5234484,320948,186728,2262316,9559.264,1621.572,0,2750.666,0,14.014,1298,1740,0.640,1.280,0.940,0,0,0,0,0,18,327,0,10,0
16-01 21:58:13,1.751,0.750,96.539,0,0,5234484,320948,186728,2262316,8067.266,1620.656,0,48.019,0,6.002,1151,1628,0.640,1.280,0.940,0,0,0,0,0,18,327,0,10,0
16-01 21:58:14,2.000,0.750,95.520,0.250,0,5234472,320948,186728,2262328,7735.612,1620.338,0,476.099,0,38.008,1584,2346,0.640,1.280,0.940,1,0,0,0,0,18,327,0,10,0
16-01 21:58:15,1.750,0.250,96.985,0,0,5234472,320948,186728,2262328,5997.069,1619.749,0,31.995,0,3.999,1086,1609,0.640,1.280,0.940,0,0,0,0,0,18,327,0,10,0
16-01 21:58:16,1.250,0.750,96.481,0,0,5234468,320948,186728,2262332,10564.938,1457.715,0,0,0,0,1275,1802,0.640,1.280,0.940,0,0,0,0,0,18,327,0,10,0
16-01 21:58:17,1.999,0.500,96.435,0.250,0,5234468,320948,186728,2262332,8881.008,1618.908,0,5688.162,0,171.884,1528,1719,0.580,1.260,0.940,0,0,0,0,0,18,327,0,10,0
16-01 21:58:18,2.250,1.000,95.021,0.250,0,5234464,320948,186732,2262332,10171.234,1662.365,0,436.096,0,41.009,1778,2548,0.580,1.260,0.940,0,0,1.000,0,0,18,327,0,10,0
16-01 21:58:19,2.001,0.500,95.775,0,0,5234620,320948,186732,2262336,7886.019,1620.415,0,88.023,0,13.003,1513,2170,0.580,1.260,0.940,0,0,1.000,0,0,18,327,0,10,0
16-01 21:58:20,5.739,1.996,91.320,0,0,5250740,304828,186732,2262336,212632.852,5331.515,0,0,0,0,1822,2021,0.580,1.260,0.940,1,0,4.990,0,0,18,327,0,10,0
16-01 21:58:21,16.036,4.761,77.422,1.002,0,5260588,294760,186748,2262540,367731.138,15837.149,124.276,80.178,6.013,4.009,3570,3051,0.580,1.260,0.940,1,0,35.078,0,0,18,327,0,10,0
16-01 21:58:22,14.713,6.982,74.812,2.244,0,5258676,291692,186768,2267500,153114.370,4791.962,267.328,347.128,42.892,15.960,3355,2754,0.620,1.250,0.940,0,1,40.897,0,0,18,327,0,10,0
