"pcp-dstat 6.2.0 CSV Output"
"Author:","PCP team <pcp@groups.io> and Dag Wieers <dag@wieers.com>",,,,"URL:","https://pcp.io/ and http://dag.wieers.com/home-made/dstat/"
"Host:","ubuntu",,,,"User:","ubuntu"
"Cmdline:","dstat -tcmndrylpg --tcp --output /tmp/devstack_logs/dstat-csv.log",,,,"Date:","19 Jan 2026 13:45:24 UTC"
"system","total usage",,,,,"memory usage",,,,"net/total",,"dsk/total",,"io/total",,"system",,"load avg",,,"procs",,,"paging",,"tcp sockets",,,,
"time","total usage:usr","total usage:sys","total usage:idl","total usage:wai","total usage:stl","used","free","buf","cach","net/total:recv","net/total:send","dsk/total:read","dsk/total:writ","read","writ","int","csw","1m","5m","15m","run","blk","new","in","out","lis","act","syn","tim","clo"
19-01 13:45:24,,1047700,1658556,161868,4953072,,,,,,,1.320,0.960,0.530,1,0,,,,10,5,0,17,1
19-01 13:45:25,16.999,20.499,60.496,1.000,0,1048640,1657172,161940,4953336,45818.223,12053.269,0,3735.774,0,100.994,6709,5720,1.450,1,0.540,2,0,506.969,0,0,10,5,0,17,1
19-01 13:45:26,28.482,17.988,51.966,0.250,0,1044704,1660520,161996,4953776,23755.648,10192.413,0,1543.003,0,52.966,6341,5830,1.450,1,0.540,3,0,354.771,0,0,10,4,0,17,2
19-01 13:45:27,33.522,17.261,48.281,0.250,0,1034156,1648712,162048,4974780,193777.416,10975.103,0,2213.433,0,70.045,6128,6617,1.450,1,0.540,2,0,256.166,0,0,10,4,0,17,2
19-01 13:45:28,26.496,8.499,63.991,0.500,0,1169336,1496920,162804,5112524,42029.837,1565.770,0,1143.832,0,30.995,4007,3815,1.450,1,0.540,2,0,84.988,0,0,11,6,0,17,2
19-01 13:45:29,40.254,9.751,48.255,0.500,0,1167348,1481940,163164,5127412,40593.127,1620.165,16.002,1576.160,1.000,41.004,4177,2479,1.450,1,0.540,2,0,120.012,0,0,11,6,0,17,2
19-01 13:45:30,39.706,9.989,48.196,1.498,0,1219460,1405516,163852,5148936,5480.914,1618.203,31.965,7751.392,1.998,142.841,4182,3090,1.500,1.010,0.550,2,0,95.894,0,0,11,6,0,19,2
19-01 13:45:31,44.643,4.489,48.883,0.748,0,1250532,1354036,164648,5165728,9621.936,1616.126,0,3659.229,0,88.787,3280,2058,1.500,1.010,0.550,2,1,0,0,0,11,6,0,19,2
19-01 13:45:32,36.598,5.765,46.625,10.027,0,1257972,1314408,166472,5193268,7220.387,1624.361,0,31677.053,0,2304.187,13393,17814,1.500,1.010,0.550,2,0,40.108,0,0,11,8,0,19,2
19-01 13:45:33,34.451,6.491,46.933,9.486,0,1241508,1341904,167212,5181096,16856.933,4401.716,0,53411.744,0,4010.275,18151,25123,1.500,1.010,0.550,3,0,54.922,0,0,11,4,0,19,0
19-01 13:45:34,41.483,8.496,48.979,0.250,0,1286716,1296668,167220,5181116,8310.509,2112.113,0,1007.577,0,50.979,3718,2267,1.500,1.010,0.550,2,0,96.959,0,0,11,5,0,19,0
19-01 13:45:35,41.740,4.499,52.987,0.250,0.250,1307544,1268988,167320,5187472,15175.288,3405.167,0,9397.701,0,556.864,3918,1815,1.460,1.010,0.550,3,0,2.000,0,0,11,4,0,19,0
19-01 13:45:36,39.769,5.503,53.526,1.000,0,1306920,1269228,167380,5187656,15438.461,4391.122,0,9928.798,0,577.279,4461,3322,1.460,1.010,0.550,2,0,27.013,0,0,11,5,0,19,0
19-01 13:45:37,44.983,7.497,44.983,0.250,0,1295336,1272640,167896,5193880,8354.789,1793.311,0,1019.608,0,22.991,10692,17937,1.460,1.010,0.550,2,0,13.995,0,0,11,4,0,19,0
19-01 13:45:38,35.848,18.801,43.870,0,0,1212248,1355280,167960,5194196,8970.565,1624.448,0,104.286,0,5.014,13168,20704,1.460,1.010,0.550,2,0,373.021,0,0,11,4,0,19,0
19-01 13:45:39,31.913,23.935,42.883,0.249,0,1144916,1436984,168008,5181856,9274.725,1615.597,0,2628.836,0,35.902,7345,7226,1.460,1.010,0.550,2,0,432.820,0,0,11,4,0,19,0
19-01 13:45:40,53.629,15.537,29.822,0,0,1146516,1435308,168024,5181900,5727.747,1623.897,0,112.269,0,3.007,5091,5256,1.580,1.050,0.570,3,0,229.551,0,0,11,5,0,19,0
19-01 13:45:41,46.398,5.488,47.895,0,0,1235832,1345988,168036,5181892,9508.130,1658.360,0,51.886,0,2.993,2846,1393,1.580,1.050,0.570,3,0,36.919,0,0,11,5,0,19,0
19-01 13:45:42,43.988,6.748,48.986,0,0,1259180,1322084,168036,5182440,7149.010,1619.549,0,391.891,0,35.990,2639,1285,1.580,1.050,0.570,3,0,0,0,0,11,5,0,19,0
19-01 13:45:43,29.254,10.001,60.757,0.250,0,1276472,1302360,168100,5184760,9093.094,1620.195,0,2708.326,0,99.012,4366,5860,1.580,1.050,0.570,1,0,118.014,0,0,11,4,0,20,0
19-01 13:45:44,20.509,4.002,74.282,0,0,1310996,1267836,168100,5184760,5303.278,1458.626,0,472.203,0,30.013,2183,1736,1.580,1.050,0.570,1,0,23.010,0,0,11,4,0,20,0
19-01 13:45:45,22.987,3.748,72.710,0,0,1328680,1250148,168100,5184764,5893.760,1619.110,0,23722.958,0,74.959,1998,1228,1.530,1.050,0.570,1,0,0,0,0,11,4,0,20,0
19-01 13:45:46,23.013,2.752,72.040,1.001,0,1310544,1267980,168164,5185004,8884.889,1620.892,0,2345.291,0,196.108,3829,4474,1.530,1.050,0.570,1,0,2.001,0,0,11,4,0,22,0
19-01 13:45:47,19.533,5.259,73.374,1.252,0,1366676,1211416,168452,5185112,7691.043,1622.752,372.632,2612.430,20.034,150.255,2449,2139,1.530,1.050,0.570,1,0,41.070,0,0,11,4,0,22,0
19-01 13:45:48,18.943,2.243,77.518,0.249,0,1387064,1190796,168460,5185308,13143.640,5687.967,0,941.182,0,23.928,2432,2357,1.530,1.050,0.570,1,0,0.997,0,0,11,17,0,22,0
19-01 13:45:49,16.257,1.251,74.783,5.753,0,1386492,1190904,168500,5185676,13171.900,5741.572,268.120,1228.550,66.030,23.010,2213,1905,1.530,1.050,0.570,1,0,3.001,0,0,11,28,0,17,0
19-01 13:45:50,20.515,7.005,72.553,0,0,1370800,1206588,168500,5185680,7289.357,1621.192,0,21936.122,0,81.060,2503,1757,1.490,1.040,0.570,1,0,43.032,0,0,11,28,0,17,0
19-01 13:45:51,17.246,2.250,79.983,0,0,1374244,1203132,168500,5185692,17191.355,8318.236,0,0,0,0,2046,1669,1.490,1.040,0.570,1,0,0,0,0,11,28,0,18,0
19-01 13:45:52,33.046,12.768,53.073,0,0,1412660,1164700,168500,5185708,7672.600,1782.463,0,12.017,0,3.004,3824,2521,1.490,1.040,0.570,2,0,156.216,0,0,11,28,0,18,0
19-01 13:45:53,34.448,4.244,60.409,0,0,1451716,1125624,168500,5185724,14614.004,11967.986,0,3215.161,0,19.970,3386,2854,1.490,1.040,0.570,1,0,0,0,0,11,30,0,18,0
19-01 13:45:54,38.067,17.280,43.326,0.250,0,1396628,1180512,168504,5185920,20151.284,10198.858,0,348.610,0,37.065,6729,7969,1.490,1.040,0.570,5,0,376.660,0,0,11,28,0,19,0
19-01 13:45:55,82.571,18.015,0,0,0,1590736,986360,168504,5185964,7371.334,1621.393,0,12.010,0,3.003,5224,3443,1.850,1.130,0.600,6,0,202.174,0,0,11,28,0,19,0
19-01 13:45:56,85.492,9.721,4.486,0,0,1739344,837716,168504,5185988,30217.949,24115.337,0,917.236,0,7.976,5945,5371,1.850,1.130,0.600,3,0,0,0,0,11,34,0,19,0
19-01 13:45:57,64.666,13.033,21.305,0.251,0,1569620,1007148,168528,5186244,31833.629,24415.607,0,3761.646,0,164.422,8888,12964,1.850,1.130,0.600,4,0,232.596,0,0,11,28,0,25,0
19-01 13:45:58,19.452,6.983,72.072,0,0,1533648,1043092,168532,5186268,43845.535,1616.002,0,187.536,0,10.973,2903,2177,1.850,1.130,0.600,3,0,77.808,0,0,11,28,0,24,0
19-01 13:45:59,18.799,2.005,78.954,0,0,1520512,1056216,168536,5186276,48314.795,6041.605,0,148.383,0,11.028,2073,1798,1.850,1.130,0.600,2,0,1.003,0,0,11,29,0,24,0
19-01 13:46:00,16.003,7.501,76.015,0,0,1474760,1101928,168564,5186288,9062.770,4008.783,0,716.140,0,54.011,3358,3330,1.860,1.140,0.610,1,0,68.013,0,0,11,28,0,25,0
19-01 13:46:01,18.464,4.242,76.102,0,0,1465040,1111644,168564,5186292,8478.484,5392.495,0,57180.610,0,207.596,2607,1884,1.860,1.140,0.610,0,0,0,0,0,11,29,0,25,0
19-01 13:46:02,16.278,6.261,76.133,0.250,0,1421764,1154892,168568,5186316,13637.854,4819.430,0,1474.579,0,22.039,3707,3727,1.860,1.140,0.610,2,0,115.202,0,0,11,28,0,25,0
19-01 13:46:03,13.755,28.260,57.020,0,0,1401344,1175296,168576,5186324,7217.570,1620.577,0,228.081,0,17.006,6603,5439,1.860,1.140,0.610,4,0,734.261,0,0,11,28,0,25,0
19-01 13:46:04,80.746,19.999,0,0,0,1567252,1009348,168580,5186360,9707.544,1619.924,0,207.990,0,11.999,5082,2940,1.860,1.140,0.610,5,0,188.991,0,0,11,28,0,25,0
19-01 13:46:05,77.941,8.743,12.491,0,0,1660576,915832,168588,5186540,35328.475,30137.373,0,571.571,0,33.974,6135,7348,2.030,1.190,0.630,3,0,0,0,0,11,33,0,25,0
19-01 13:46:06,72.994,15.249,10.999,0.250,0,1632064,944108,168624,5186736,31875.364,22539.136,0,42648.473,0,558.954,9967,13312,2.030,1.190,0.630,6,0,170.986,0,0,11,28,0,26,0
19-01 13:46:07,81.808,18.013,0.250,0,0,1618908,957300,168632,5186772,11104.881,5472.884,0,236.168,0,12.009,5398,3691,2.030,1.190,0.630,6,0,139.099,0,0,11,29,0,26,0
19-01 13:46:08,83.074,7.983,8.981,0,0,1752508,823524,168636,5186944,31521.268,27042.749,0,139.704,0,9.979,6296,6322,2.030,1.190,0.630,7,0,0,0,0,11,34,0,26,0
19-01 13:46:09,73.411,9.771,16.035,0,0,1678456,897344,168648,5187160,40578.242,35196.406,0,356.785,0,32.071,10099,15548,2.030,1.190,0.630,5,0,108.238,0,0,11,28,0,30,1
19-01 13:46:10,46.750,13.750,39.000,0,0,1572040,1003712,168660,5187196,9433.928,1685.987,0,251.998,0,16.000,3996,2856,2.110,1.220,0.640,3,0,204.998,0,0,11,28,0,31,0
19-01 13:46:11,36.403,5.485,57.097,0,0,1574500,1001228,168660,5187220,19215.644,13560.757,0,275.264,0,11.968,4049,17345,2.110,1.220,0.640,2,0,21.941,0,0,11,30,0,32,0
19-01 13:46:12,48.124,20.052,30.078,0.501,0,1511740,1063792,168676,5187400,17697.650,8047.759,0,1171.021,0,71.184,6366,6685,2.110,1.220,0.640,4,0,378.978,0,0,11,28,0,34,0
19-01 13:46:13,54.968,6.996,38.228,0,0.250,1563756,1011764,168676,5187412,18558.158,13357.196,0,0,0,0,3925,2518,2.110,1.220,0.640,3,0,0,0,0,11,31,0,34,0
19-01 13:46:14,50.009,10.002,38.507,0.250,0,1463676,1111768,168688,5187476,26705.849,18125.291,0,380.069,0,44.008,7284,9773,2.110,1.220,0.640,5,0,182.033,0,0,11,28,0,33,0
19-01 13:46:15,82.287,17.508,0.250,0,0,1550140,1025240,168728,5187500,6963.153,1620.734,0,3277.484,0,178.081,5287,2944,2.260,1.270,0.660,4,0,76.034,0,0,11,28,0,33,0
19-01 13:46:16,57.189,7.492,34.713,0,0,1599668,975648,168732,5187560,36069.368,30636.187,0,431.538,0,18.980,6852,8603,2.260,1.270,0.660,2,0,0,0,0,11,32,0,33,0
19-01 13:46:17,62.269,19.256,18.005,0,0,1521412,1053828,168748,5187620,21631.460,12721.799,0,2980.890,0,114.034,7210,8316,2.260,1.270,0.660,3,0,324.097,0,0,11,28,0,36,0
19-01 13:46:18,54.486,5.748,38.990,0,0,1572280,1002936,168756,5187636,19093.945,11735.893,0,279.926,0,12.997,4149,2799,2.260,1.270,0.660,3,0,0,0,0,11,31,0,32,0
19-01 13:46:19,51.806,10.011,36.289,0,0,1538112,1036856,168760,5187880,25680.637,20533.097,0,440.474,0,40.043,7329,9549,2.260,1.270,0.660,5,0,202.218,0,0,11,28,0,34,0
19-01 13:46:20,65.502,13.500,20.501,0,0,1552464,1022440,168764,5187908,8836.243,1620.044,0,224.006,0,9.000,4050,2002,2.320,1.300,0.670,3,0,98.003,0,0,11,28,0,34,0
19-01 13:46:21,43.954,5.244,49.198,0,0,1572316,1002292,168764,5188204,29023.458,22926.873,0,179.811,0,8.991,5587,6494,2.320,1.300,0.670,5,0,0,0,0,11,31,0,34,0
19-01 13:46:22,58.529,18.009,24.262,0,0,1503624,1070804,168776,5188372,16231.157,8158.100,0,516.259,0,28.014,5825,5726,2.320,1.300,0.670,3,0,287.144,0,0,11,28,0,34,0
19-01 13:46:23,53.997,6.750,37.498,0.250,0,1581124,993108,168784,5188512,23966.731,13364.292,0,191.990,0,10.999,4016,2660,2.320,1.300,0.670,3,0,6.000,0,0,11,31,0,34,0
19-01 13:46:24,51.277,11.006,37.269,0.250,0,1462228,1111936,168792,5188572,20721.792,15450.047,0,916.477,0,64.033,7143,8557,2.320,1.300,0.670,3,0,112.058,0,0,11,28,0,36,0
19-01 13:46:25,60.740,8.499,29.995,0,0,1545212,1028940,168792,5188584,13321.784,5769.041,0,163.973,0,9.998,3703,1475,2.380,1.320,0.680,2,0,0,0,0,11,30,1,36,0
19-01 13:46:26,49.008,5.501,44.757,0.250,0.250,1514212,1059868,168804,5188644,31069.119,23070.801,0,320.053,0,32.005,6032,8534,2.380,1.320,0.680,4,0,10.002,0,0,11,28,0,38,0
19-01 13:46:27,62.238,27.495,10.498,0,0,1527656,1046368,168804,5188700,5688.863,1661.668,0,319.936,0,28.994,6078,5410,2.380,1.320,0.680,8,0,610.878,0,0,11,28,0,38,0
19-01 13:46:28,83.430,16.486,0,0,0,1684812,889156,168804,5188724,49155.495,7058.040,0,195.835,0,7.993,5723,4617,2.380,1.320,0.680,8,0,362.694,0,0,11,30,0,38,0
19-01 13:46:29,78.929,17.234,2.997,0,0,1755876,817872,168824,5188924,80086.952,38815.081,0,859.227,0,57.948,7884,9274,2.380,1.320,0.680,8,0,391.648,0,0,11,32,1,39,0
19-01 13:46:30,75.392,22.543,2.004,0,0,1607304,966160,168832,5189200,31882.244,22485.488,0,681.287,0,66.125,7859,9137,2.670,1.400,0.710,6,0,449.850,0,0,11,28,0,37,0
19-01 13:46:31,85.350,12.478,1.747,0,0,1623380,950096,168832,5189204,12630.792,6176.141,0,111.803,0,5.989,5039,2497,2.670,1.400,0.710,4,0,29.947,0,0,11,30,1,37,0
19-01 13:46:32,74.808,8.507,16.263,0,0,1674192,899204,168832,5189284,41436.359,36789.730,0,1164.910,0,5.004,8118,11398,2.670,1.400,0.710,5,0,0,0,0,11,32,0,38,0
19-01 13:46:33,47.227,22.239,29.736,0,0,1458428,1114800,168832,5189484,27695.790,18387.230,0,19.990,0,4.998,8064,10559,2.670,1.400,0.710,1,0,605.711,0,0,11,28,0,42,0
19-01 13:46:34,32.551,35.806,31.550,0,0,1500392,1072796,168832,5189524,8915.995,1568.462,0,48.075,0,12.019,6542,5853,2.670,1.400,0.710,8,0,878.379,0,0,11,28,0,42,0
19-01 13:46:35,76.966,12.744,9.746,0,0,1590772,982388,168832,5189552,15576.189,8020.493,0,7.997,0,1.999,4908,2911,2.850,1.460,0.730,3,0,118.948,0,0,11,30,1,42,0
19-01 13:46:36,60.473,7.747,30.986,0,0,1603080,969868,168860,5189736,30515.253,24702.872,0,619.721,0,52.976,7480,9922,2.850,1.460,0.730,3,0,66.970,0,0,11,30,0,44,0
19-01 13:46:37,74.571,20.019,5.505,0,0,1522232,1050656,168868,5189788,12741.209,4942.736,0,1261.209,0,85.082,5882,4918,2.850,1.460,0.730,4,0,201.193,0,0,11,28,0,46,0
19-01 13:46:38,67.436,6.244,25.476,0,0,1590776,982176,168868,5189820,32422.228,22900.265,0,199.810,0,7.992,5487,5713,2.850,1.460,0.730,4,0,0,0,0,11,32,0,46,0
19-01 13:46:39,51.292,7.256,40.533,0,0,1593036,979656,168868,5190084,45611.575,38020.321,0,140.115,0,8.007,10849,17230,2.850,1.460,0.730,4,0,1.001,0,0,11,32,0,46,0
19-01 13:46:40,69.832,13.717,15.213,0,0,1455000,1117468,168900,5190276,23868.646,17501.945,0,542.696,0,60.854,8283,11165,2.870,1.490,0.750,5,0,119.712,0,0,11,28,0,46,0
19-01 13:46:41,78.431,9.773,12.028,0,0,1603320,969156,168904,5190284,18171.033,11488.575,0,176.408,0,11.026,4662,2425,2.870,1.490,0.750,4,0,0,0,0,11,31,0,46,0
19-01 13:46:42,55.178,6.242,36.702,0,0,1612904,959328,168908,5190524,42569.816,34660.070,0,179.767,0,9.987,8588,13965,2.870,1.490,0.750,2,0,0,0,0,11,32,0,46,0
19-01 13:46:43,57.525,10.004,32.014,0,0,1596756,975232,168908,5190768,45926.716,35077.058,0,156.067,0,10.004,9906,15865,2.870,1.490,0.750,5,0,142.061,0,0,11,28,0,49,1
19-01 13:46:44,83.327,16.466,0,0,0,1564812,1007148,168916,5190788,7440.535,1682.503,0,155.676,0,8.981,4923,2323,2.870,1.490,0.750,5,0,117.755,0,0,11,28,0,50,0
19-01 13:46:45,60.723,6.247,31.736,0,0,1620772,951004,168920,5190968,35536.288,27581.805,0,107.952,0,7.996,5743,7392,2.880,1.510,0.760,2,0,0,0,0,11,32,0,50,0
19-01 13:46:46,64.970,11.539,22.577,0,0,1615724,955820,168928,5191192,36249.965,27544.434,0,232.790,0,21.071,8814,13244,2.880,1.510,0.760,5,0,68.231,0,0,11,29,0,52,0
19-01 13:46:47,76.756,12.751,10.251,0,0,1565412,1006104,168932,5191216,13846.085,9981.782,0,1068.084,0,26.002,4952,3663,2.880,1.510,0.760,4,0,60.005,0,0,11,30,0,49,0
19-01 13:46:48,68.725,12.995,17.994,0.250,0,1601872,969600,168952,5191240,18452.348,15061.570,0,4170.496,0,203.926,6001,5625,2.880,1.510,0.760,3,0,120.956,0,0,11,32,0,51,0
19-01 13:46:49,67.073,6.732,25.932,0,0,1699608,871640,168956,5191460,39219.783,29457.475,0,187.507,0,14.961,6008,11629,2.880,1.510,0.760,4,0,1.995,0,0,11,36,0,51,0
19-01 13:46:50,66.947,14.041,17.552,0,0,1601336,969832,168956,5191504,33656.109,23046.867,0,152.449,0,10.030,6980,10005,2.970,1.550,0.780,4,0,143.422,0,0,11,33,0,54,0
19-01 13:46:51,76.616,11.979,10.482,0,0,1559776,1011372,168956,5191524,17733.005,10611.452,0,131.770,0,7.986,4806,3036,2.970,1.550,0.780,6,0,85.850,0,0,11,34,0,54,0
19-01 13:46:52,69.502,9.750,20.251,0,0,1559760,1011212,168960,5191696,29805.036,21158.735,0,132.005,0,10.000,5900,7187,2.970,1.550,0.780,7,0,68.002,0,0,11,34,0,56,0
19-01 13:46:53,70.606,13.520,16.274,0.250,0,1585732,985140,168976,5191764,21515.261,13436.147,0,2099.148,0,167.251,5812,6681,2.970,1.550,0.780,3,0,138.207,0,0,11,33,0,58,0
19-01 13:46:54,49.013,7.502,43.012,0,0,1539720,1031128,168980,5191784,19071.252,14526.000,0,336.093,0,32.009,4529,4263,2.970,1.550,0.780,4,0,74.020,0,0,11,33,0,60,0
19-01 13:46:55,59.183,10.238,29.966,0.499,0,1540916,1029744,168984,5191968,14105.995,8228.664,0,223.746,0,15.982,4341,4226,2.970,1.580,0.790,4,0,58.933,0,0,11,32,0,59,0
19-01 13:46:56,50.404,8.983,39.425,0,0,1577624,992864,168992,5192132,26048.279,18421.836,0,195.627,0,10.979,4655,5319,2.970,1.580,0.790,3,0,82.842,0,0,11,34,0,59,0
19-01 13:46:57,53.496,10.249,35.497,0.500,0,1568632,1001772,168996,5192212,19175.505,13180.973,0,251.980,0,15.999,5311,5510,2.970,1.580,0.790,4,0,85.993,0,0,11,33,0,61,0
19-01 13:46:58,46.890,8.024,45.636,0,0,1547488,1022720,169000,5192404,54812.803,13684.896,0,148.444,0,11.033,4466,4030,2.970,1.580,0.790,2,0,86.258,0,0,11,34,0,62,0
19-01 13:46:59,32.696,3.744,61.898,0,0,1544068,1026060,169024,5192460,59293.920,15463.421,0,383.366,0,34.942,5791,7575,2.970,1.580,0.790,2,0,0.998,0,0,11,32,0,58,0
19-01 13:47:00,39.555,11.266,48.567,0,0,1471080,1099040,169028,5192464,7237.974,1622.235,0,152.210,0,10.014,3664,2312,2.970,1.600,0.800,2,0,135.186,0,0,11,32,0,58,0
19-01 13:47:01,31.667,3.740,63.085,0,0,1496596,1073508,169028,5192480,20197.247,13733.131,0,139.635,0,9.974,3058,2647,2.970,1.600,0.800,0,0,0,0,0,11,34,0,58,0
19-01 13:47:02,37.740,10.497,50.486,0.250,0.250,1444400,1125488,169048,5192676,14561.957,7014.052,0,683.810,0,50.986,5503,6089,2.970,1.600,0.800,2,0,137.962,0,0,11,32,0,60,0
19-01 13:47:03,34.767,4.752,60.279,0,0,1485368,1084512,169052,5192680,12456.054,6718.265,0,776.377,0,15.007,2791,2028,2.970,1.600,0.800,1,0,0,0,0,11,33,1,58,0
19-01 13:47:04,16.996,5.998,75.480,0.250,0,1468680,1101172,169068,5192692,13651.450,5435.587,0,555.855,0,40.989,3150,2828,2.970,1.600,0.800,3,0,59.984,0,0,11,33,0,59,0
19-01 13:47:05,35.845,4.011,59.157,0,0,1484380,1085436,169068,5192728,20236.724,14417.275,0,164.437,0,18.048,4277,5031,2.890,1.610,0.810,2,0,0,0,0,11,33,0,60,0
19-01 13:47:06,39.488,6.748,53.484,0.250,0,1498760,1071000,169100,5192752,15426.352,8500.439,0,1575.525,0,92.972,4309,4586,2.890,1.610,0.810,3,0,4.998,0,0,11,32,0,61,0
19-01 13:47:07,36.927,6.986,54.641,0,0,1489392,1080356,169100,5192764,17157.862,8214.656,0,0,0,0,3474,3039,2.890,1.610,0.810,2,0,42.915,0,0,11,33,0,60,0
19-01 13:47:08,34.089,5.765,59.155,0,0,1481168,1088420,169104,5192920,19613.423,12690.272,0,336.883,0,19.050,4259,4831,2.890,1.610,0.810,1,0,5.013,0,0,11,33,0,61,0
19-01 13:47:09,31.734,10.245,57.221,0.250,0,1454948,1114612,169108,5192944,20914.311,11233.259,0,239.877,0,29.985,5273,5128,2.890,1.610,0.810,2,0,199.898,0,0,11,33,0,62,0
19-01 13:47:10,18.210,4.989,75.583,0,0,1382296,1187164,169120,5193032,13014.182,7084.313,0,259.426,0,17.960,3936,4524,2.740,1.600,0.810,2,0,82.817,0,0,11,32,0,63,0
19-01 13:47:11,26.968,6.243,66.172,0,0,1426336,1143124,169120,5193032,6204.716,1618.101,0,143.831,0,9.988,2749,12890,2.740,1.600,0.810,1,0,35.958,0,0,11,32,0,59,0
19-01 13:47:12,14.014,2.252,82.582,0,0,1423236,1146204,169124,5193048,17707.547,10872.774,0,108.107,0,8.008,3017,3574,2.740,1.600,0.810,0,0,0,0,0,11,33,0,58,0
19-01 13:47:13,14.533,13.280,71.663,0,0,1427952,1141484,169124,5193064,10785.548,2805.385,0,505.150,0,66.151,4714,3956,2.740,1.600,0.810,1,0,284.648,0,0,11,32,0,59,0
19-01 13:47:14,18.705,2.494,77.565,0.249,0,1472620,1096808,169128,5193068,10215.657,3825.883,0,155.629,0,7.981,1701,1169,2.740,1.600,0.810,0,0,0,0,0,11,33,0,59,0
19-01 13:47:15,19.498,3.000,76.743,0,0,1462148,1107252,169136,5193088,17321.329,10135.022,0,327.968,0,16.998,3638,4172,2.600,1.590,0.810,1,0,0,0,0,11,32,0,57,0
19-01 13:47:16,20.258,5.502,73.030,0,0,1429324,1140072,169140,5193088,8243.337,1620.656,0,104.042,0,8.003,2425,1845,2.600,1.590,0.810,1,0,46.019,0,0,11,32,0,57,0
19-01 13:47:17,16.793,2.005,79.955,0,0,1430896,1138356,169140,5193232,14034.977,9225.649,0,4.010,0,1.003,2667,2921,2.600,1.590,0.810,0,0,0,0,0,11,33,0,57,0
19-01 13:47:18,17.227,5.742,76.397,0.499,0,1351000,1218212,169152,5193260,13857.343,8157.018,0,283.618,0,29.960,4726,5670,2.600,1.590,0.810,3,0,77.895,0,0,11,32,0,57,0
19-01 13:47:19,15.239,22.484,60.707,0,0,1344104,1224948,169156,5193416,5875.813,1618.846,0,399.715,0,24.982,6422,5239,2.600,1.590,0.810,2,0,548.609,0,0,11,32,0,54,0
19-01 13:47:20,44.493,6.249,48.742,0,0,1467288,1100872,169160,5194304,8957.503,1619.729,0,283.953,0,8.998,2917,1484,2.560,1.600,0.820,2,0,0,0,0,11,32,0,54,0
19-01 13:47:21,40.090,6.264,45.352,7.767,0,1467272,1094316,169804,5199596,8591.316,1623.650,0,20963.131,0,2138.809,11457,19651,2.560,1.600,0.820,2,1,105.237,0,0,11,36,0,54,0
19-01 13:47:22,38.251,8.500,39.751,12.000,0,1518228,1040388,170684,5201580,8730.230,1512.040,0,49997.315,0,4361.115,21904,34628,2.560,1.600,0.820,2,0,66.002,0,0,11,36,0,54,0
19-01 13:47:23,45.864,6.730,44.369,1.994,0,1542592,1015956,170728,5201580,8208.673,1615.213,0,15254.791,0,941.211,6020,5803,2.560,1.600,0.820,3,0,12.962,0,0,11,32,0,54,0
19-01 13:47:24,40.364,7.521,44.626,6.518,0,1532368,1025560,170956,5201976,9638.179,1624.581,0,12848.231,0,1897.350,13624,19419,2.560,1.600,0.820,2,1,4.011,0,0,11,34,0,51,0
19-01 13:47:25,32.920,8.729,53.869,3.242,0,1447116,1110416,171196,5202120,10558.377,1616.078,0,11759.462,0,1252.959,9118,11823,2.670,1.640,0.840,2,0,100.755,0,0,11,32,0,51,0
19-01 13:47:26,22.496,3.499,72.738,0.500,0,1511304,1046200,171224,5202120,7815.708,1607.734,0,2387.605,0,141.977,2310,2023,2.670,1.640,0.840,1,0,0,0,0,11,32,0,51,0
19-01 13:47:27,22.503,4.000,72.258,1.000,0,1491436,1065992,171280,5202140,9181.025,1620.181,0,6116.683,0,324.036,2822,2501,2.670,1.640,0.840,1,0,3.000,0,0,11,32,0,51,0
19-01 13:47:28,22.253,3.500,72.759,0,0,1497764,1059656,171284,5202140,45665.927,1620.210,0,120.016,0,13.002,2118,1504,2.670,1.640,0.840,1,0,0,0,0,11,32,0,47,0
19-01 13:47:29,22.487,3.498,73.707,0,0,1482148,1075256,171284,5202156,43621.744,1619.063,0,7.995,0,1.999,2054,1257,2.670,1.640,0.840,1,0,3.998,0,0,11,32,0,47,0
19-01 13:47:30,22.009,4.252,73.278,0,0,1493288,1064116,171284,5202156,10292.001,1620.630,0,0,0,0,1936,1315,2.620,1.640,0.840,1,0,2.001,0,0,11,32,0,47,0
19-01 13:47:31,22.249,2.750,73.747,0,0,1468836,1088488,171284,5202228,8481.702,1565.945,0,0,0,0,1808,1116,2.620,1.640,0.840,1,0,1.000,0,0,11,32,0,47,0
19-01 13:47:32,22.002,3.500,73.756,0,0,1472736,1084588,171284,5202228,8551.669,1566.123,0,0,0,0,1873,1231,2.620,1.640,0.840,1,0,2.000,0,0,11,32,0,46,0
19-01 13:47:33,23.247,3.000,73.489,0,0,1462168,1095060,171284,5202316,9066.668,1619.762,0,183.973,0,2.000,1851,1147,2.620,1.640,0.840,1,0,1.000,0,0,11,32,0,46,0
19-01 13:47:34,22.257,3.751,73.274,0,0,1452036,1105164,171284,5202340,5839.896,1662.540,0,364.118,0,11.004,2079,1745,2.620,1.640,0.840,1,0,1.000,0,0,11,32,0,46,0
19-01 13:47:35,21.743,3.499,73.476,0,0,1451144,1106048,171292,5202340,9089.032,1565.489,0,327.893,0,22.992,1908,1301,2.490,1.630,0.840,2,0,1.999,0,0,11,32,0,46,0
19-01 13:47:36,22.755,3.251,73.516,0,0,1447300,1109872,171292,5202360,7477.595,1620.346,0,0,0,0,1821,1164,2.490,1.630,0.840,1,0,1.000,0,0,11,32,0,41,0
19-01 13:47:37,22.253,3.000,74.009,0,0,1458528,1098616,171292,5202388,6533.757,1620.188,0,0,0,0,1812,1159,2.490,1.630,0.840,1,0,1.000,0,0,11,32,0,41,0
19-01 13:47:38,22.480,2.997,73.433,0,0,1454672,1102472,171292,5202388,9138.686,1618.528,0,15.985,0,1.998,1864,1243,2.490,1.630,0.840,1,0,0,0,0,11,32,0,41,0
19-01 13:47:39,21.294,4.760,73.401,0,0,1449380,1107664,171292,5202488,9624.777,1623.336,0,0,0,0,2163,1332,2.490,1.630,0.840,1,0,32.066,0,0,11,32,0,41,0
19-01 13:47:40,8.252,21.506,69.018,0,0,1446600,1110388,171292,5202544,13463.591,1620.432,0,704.188,0,8.002,6302,4693,2.370,1.620,0.840,2,0,483.129,0,0,11,32,0,37,0
19-01 13:47:41,8.247,21.491,69.471,0,0.250,1417040,1139892,171292,5202592,11307.228,1511.362,0,663.720,0,11.995,6076,4513,2.370,1.620,0.840,1,0,426.820,0,0,11,32,0,37,0
19-01 13:47:42,8.243,20.982,69.440,0,0,1404732,1152168,171292,5202620,5215.496,1618.602,0,0,0,0,6015,4500,2.370,1.620,0.840,1,0,432.626,0,0,11,32,0,37,0
19-01 13:47:43,22.737,3.498,73.708,0,0,1425672,1131244,171292,5202604,12484.961,1619.087,0,0,0,0,1956,1370,2.370,1.620,0.840,1,0,0.999,0,0,11,32,0,37,0
19-01 13:47:44,22.503,3.000,73.259,0.500,0,1419104,1137796,171296,5202628,6989.877,1620.203,0,2396.301,0,265.033,2300,1714,2.370,1.620,0.840,1,0,3.000,0,0,11,32,0,33,0
19-01 13:47:45,22.507,3.251,73.523,0,0,1472648,1084272,171296,5202608,12303.794,1566.483,0,944.291,0,131.040,2060,1512,2.260,1.610,0.840,2,0,0,0,0,11,32,0,33,0
19-01 13:47:46,22.500,3.000,73.749,0,0,1458576,1098320,171296,5202632,6812.929,1619.983,0,20.000,0,1.000,1780,1153,2.260,1.610,0.840,2,0,3.000,0,0,11,32,0,33,0
19-01 13:47:47,21.251,3.750,73.752,0,0,1464104,1092804,171296,5202620,9458.278,1620.048,0,4.000,0,1.000,1858,1305,2.260,1.610,0.840,2,0,2.000,0,0,11,32,0,33,0
19-01 13:47:48,22.987,3.248,73.709,0,0,1452564,1104332,171296,5202632,10583.094,1619.096,0,11.993,0,0.999,1787,1185,2.260,1.610,0.840,1,0,0.999,0,0,11,32,0,29,0
19-01 13:47:49,22.764,3.502,73.295,0,0,1452760,1104156,171296,5202612,5970.694,1566.969,0,8.005,0,1.001,1838,1318,2.260,1.610,0.840,2,0,3.002,0,0,11,32,0,29,0
19-01 13:47:50,22.249,3.000,73.997,0,0,1435684,1121204,171296,5202636,6136.738,1619.931,0,19.999,0,1.000,1757,1163,2.160,1.600,0.850,2,0,1.000,0,0,11,32,0,29,0
19-01 13:47:51,22.737,2.748,73.458,0,0,1492144,1064756,171296,5202624,9080.754,1565.096,0,47.972,0,1.999,1808,1123,2.160,1.600,0.850,2,0,1.999,0,0,11,32,0,29,0
19-01 13:47:52,22.263,3.252,73.793,0,0,1461028,1095884,171296,5202612,8251.774,1714.992,0,12.007,0,1.001,1758,1185,2.160,1.600,0.850,1,0,1.001,0,0,11,32,0,23,0
19-01 13:47:53,22.730,3.247,73.936,0,0,1484752,1072160,171296,5202612,8878.280,1618.593,0,7.993,0,1.998,1818,1200,2.160,1.600,0.850,2,0,1.998,0,0,11,32,0,23,0
19-01 13:47:54,22.510,3.501,73.031,0.250,0,1464456,1092516,171296,5202548,7757.286,1566.664,0,2340.992,0,20.008,2023,1609,2.160,1.600,0.850,2,0,1.000,0,0,11,32,0,23,0
19-01 13:47:55,22.503,3.000,73.510,0.250,0,1511060,1045908,171300,5202548,8987.270,1620.229,0,452.064,0,53.007,1971,1288,2.060,1.590,0.850,4,0,2.000,0,0,11,32,0,23,0
19-01 13:47:56,22.510,3.001,73.533,0,0,1474908,1081984,171300,5202624,7542.358,1620.722,0,88.039,0,1.000,1795,1224,2.060,1.590,0.850,2,0,1.000,0,0,11,32,0,18,0
19-01 13:47:57,22.500,3.750,74.001,0,0,1456904,1099964,171300,5202648,5487.080,1566.023,0,12.000,0,1.000,1862,1296,2.060,1.590,0.850,1,0,1.000,0,0,11,32,0,18,0
19-01 13:47:58,21.987,3.248,73.456,0,0,1479828,1077040,171300,5202648,42144.736,1619.029,0,0,0,0,1853,1157,2.060,1.590,0.850,1,0,1.999,0,0,11,32,0,18,0
19-01 13:47:59,22.742,3.499,73.474,0,0,1449424,1107444,171300,5202648,43708.319,1619.419,0,23.991,0,1.999,1934,1294,2.060,1.590,0.850,1,0,1.999,0,0,11,32,0,18,0
19-01 13:48:00,22.264,3.252,73.797,0,0,1456076,1100772,171304,5202664,7896.055,1621.038,0,80.051,0,3.002,1770,1207,1.980,1.580,0.850,1,0,1.001,0,0,11,32,0,13,0
19-01 13:48:01,22.501,3.500,73.503,0,0,1473524,1083332,171304,5202656,9000.326,1566.057,0,120.004,0,27.001,1820,1160,1.980,1.580,0.850,1,0,2.000,0,0,11,32,0,13,0
19-01 13:48:02,17.549,10.529,71.700,0,0,1452072,1104732,171304,5202704,8737.403,1624.537,0,152.426,0,7.020,3728,2678,1.980,1.580,0.850,1,0,218.611,0,0,11,32,0,13,0
19-01 13:48:03,15.959,11.720,71.067,0,0,1441592,1115192,171304,5202724,9000.811,1561.976,0,119.692,0,4.987,3993,3018,1.980,1.580,0.850,1,0,241.378,0,0,11,32,0,13,0
19-01 13:48:04,22.995,2.749,73.485,0,0,1483972,1072604,171304,5202928,7658.486,1565.690,0,231.954,0,11.998,1900,1442,1.980,1.580,0.850,2,0,0,0,0,11,32,0,13,0
19-01 13:48:05,22.503,3.250,73.010,0.250,0,1495472,1061008,171308,5202988,6138.861,1620.227,0,412.058,0,24.003,1961,1401,1.900,1.570,0.850,2,0,10.001,0,0,11,32,0,10,0
19-01 13:48:06,22.313,3.510,73.458,0,0,1500032,1056444,171308,5202992,8354.647,1624.598,0,0,0,0,1964,1204,1.900,1.570,0.850,2,0,31.088,0,0,11,32,0,10,0
19-01 13:48:07,9.497,22.243,67.730,0,0,1475324,1081008,171308,5203136,8357.527,1619.521,39.988,143.957,1.999,5.998,6215,4860,1.900,1.570,0.850,2,0,508.849,0,0,11,32,0,10,0
19-01 13:48:08,8.750,21.750,68.250,0,0,1462076,1094220,171308,5203168,7747.022,1620.005,0,224.001,0,4.000,6537,5194,1.900,1.570,0.850,3,0,555.002,0,0,11,32,0,10,0
19-01 13:48:09,8.733,21.958,68.121,0,0,1462708,1093540,171308,5203208,9853.378,1616.944,0,814.461,0,10.979,6472,5113,1.900,1.570,0.850,3,0,546.966,0,0,11,32,0,7,0
19-01 13:48:10,8.267,22.796,68.137,0,0,1452952,1103264,171316,5203228,9624.341,1569.153,0,1398.811,0,16.032,6322,4842,1.990,1.590,0.860,2,0,532.069,0,0,11,32,0,7,0
19-01 13:48:11,12.495,23.490,62.725,0,0,1415084,1141088,171316,5203260,8731.450,1619.342,0,1199.512,0,13.994,7247,14343,1.990,1.590,0.860,1,0,567.769,0,0,11,32,0,8,0
19-01 13:48:12,7.991,20.976,69.422,0,0,1397504,1158636,171316,5203292,7622.443,1510.304,0,151.830,0,5.993,5920,4343,1.990,1.590,0.860,3,0,409.540,0,0,11,32,0,8,0
19-01 13:48:13,8.007,21.269,69.061,0,0,1393196,1162908,171316,5203328,9281.178,1621.429,0,332.293,0,9.008,6098,4666,1.990,1.590,0.860,1,0,456.402,0,0,11,32,0,4,0
19-01 13:48:14,8.242,22.728,67.933,0.250,0,1392444,1163612,171324,5203368,9102.050,1618.409,0,615.395,0,80.920,6593,5227,1.990,1.590,0.860,3,0,518.490,0,0,11,32,0,4,0
19-01 13:48:15,13.525,23.292,63.115,0,0,1345784,1210220,171340,5203404,8056.635,1622.948,0,725.318,0,46.084,6677,5662,1.910,1.580,0.860,2,0,563.023,0,0,11,32,0,6,0
19-01 13:48:16,50.393,22.951,25.446,0.249,0,1455744,1100080,171360,5203528,5520.298,1616.573,0,554.824,0,37.920,5895,4941,1.910,1.580,0.860,3,0,494.951,0,0,11,32,0,10,0
19-01 13:48:17,62.608,8.264,24.542,3.005,0,1602500,949024,171500,5207328,8976.447,1622.793,372.641,7168.335,3.005,610.050,7130,6837,1.910,1.580,0.860,4,0,31.053,0,0,11,34,0,9,0
19-01 13:48:18,46.463,12.240,29.476,10.991,0,1549176,990672,172516,5217100,7025.358,1618.700,0,65203.633,0,4601.305,22276,34905,1.910,1.580,0.860,1,4,147.881,0,0,11,36,0,10,0
19-01 13:48:19,41.036,10.009,33.029,13.262,0,1599756,928932,173036,5227328,8360.329,1621.421,0,83441.147,0,5962.227,23357,41743,1.910,1.580,0.860,4,0,97.085,0,0,11,36,0,10,0
19-01 13:48:20,39.995,10.499,32.246,14.498,0,1605860,912328,173632,5236840,16162.878,9763.718,0,103906.361,0,7710.988,31329,48621,2,1.610,0.870,3,0,41.994,0,0,11,37,0,10,0
19-01 13:48:21,42.956,16.983,27.472,10.240,0,1589328,921540,174148,5243384,8637.197,2645.304,0,46252.860,0,3552.380,19651,28646,2,1.610,0.870,1,2,295.699,0,0,11,34,0,9,0
19-01 13:48:22,42.932,17.223,26.708,11.732,0,1620032,883920,174452,5250164,12928.647,3914.837,371.415,54526.161,5.991,3969.751,22338,32955,2,1.610,0.870,3,1,197.689,0,0,11,35,0,9,0
19-01 13:48:23,39.756,13.752,29.254,15.502,0,1627068,873840,174556,5252516,19241.767,11395.639,748.108,43963.322,11.002,3131.450,18316,27207,2,1.610,0.870,2,1,135.019,0,0,11,35,0,9,0
19-01 13:48:24,34.077,11.275,42.345,10.774,0,1551204,945924,174716,5256024,18276.044,9052.329,898.017,47578.851,16.036,4012.010,21626,33526,2,1.610,0.870,4,0,170.383,0,0,11,34,0,9,0
19-01 13:48:25,39.729,8.496,37.730,11.744,0,1603228,894164,175044,5255424,7916.866,1619.155,0,56050.734,0,4603.596,20868,32341,2,1.610,0.880,4,0,26.986,0,0,11,34,0,9,0
19-01 13:48:26,29.526,6.506,47.792,14.263,0,1603996,892832,175220,5255788,18966.651,9899.691,0,45359.822,0,3929.450,20046,30174,2,1.610,0.880,1,1,33.029,0,0,11,35,0,9,0
19-01 13:48:27,33.699,6.989,46.181,11.483,0,1596668,897864,175320,5257948,21209.090,13549.614,0,51929.868,0,4377.414,23191,34895,2,1.610,0.880,1,1,35.946,0,0,11,34,0,10,0
19-01 13:48:28,38.058,10.516,38.058,11.517,0,1582108,910048,175396,5260184,40771.701,1622.455,0,40264.934,0,3928.946,19774,30305,2,1.610,0.880,4,0,125.189,0,0,11,36,0,10,0
19-01 13:48:29,33.251,7.750,44.502,12.501,0,1604124,884236,175532,5263748,46518.062,6661.295,0,58258.582,0,5005.222,24316,35588,2,1.610,0.880,3,0,61.003,0,0,11,37,0,10,0
19-01 13:48:30,28.252,8.000,50.503,11.001,0,1594848,890416,175672,5266604,18864.178,11165.697,0,50799.171,0,4404.275,22866,36557,2,1.620,0.890,4,0,72.004,0,0,11,37,0,10,0
19-01 13:48:31,34.486,8.996,43.733,11.745,0,1539164,942848,175760,5269656,12647.021,6334.506,0,55786.038,0,4745.132,22783,37796,2,1.620,0.890,2,0,113.955,0,0,11,36,0,10,0
19-01 13:48:32,34.435,7.985,43.668,11.478,0,1588496,895672,175784,5267436,10316.536,3827.778,0,54784.641,0,4541.432,20079,34201,2,1.620,0.890,3,0,23.955,0,0,11,37,0,10,0
19-01 13:48:33,32.824,7.266,46.103,11.526,0,1584832,900616,175860,5266076,17107.340,11343.422,0,56169.884,0,4767.685,24291,37427,2,1.620,0.890,1,0,39.088,0,0,11,35,0,11,0
19-01 13:48:34,28.977,12.240,54.206,2.498,0,1362336,1123156,175860,5266024,19092.588,9886.020,0,17018.262,0,993.198,9265,11068,2,1.620,0.890,2,0,242.804,0,0,11,32,0,12,0
19-01 13:48:35,20.711,4.741,73.114,0.250,0,1412872,1072616,175860,5266028,7760.526,1616.984,0,1597.021,0,57.892,2165,1605,1.920,1.610,0.890,1,0,23.955,0,0,11,32,0,12,0
19-01 13:48:36,17.496,2.499,79.232,0,0,1426156,1059288,175860,5266104,15769.370,9771.750,0,503.884,0,35.992,3061,3483,1.920,1.610,0.890,1,0,2.000,0,0,11,33,0,12,0
19-01 13:48:37,20.506,5.502,73.522,0.250,0,1436208,1049228,175860,5266112,6415.912,2324.693,0,448.134,0,27.008,2514,2051,1.920,1.610,0.890,1,0,34.010,0,0,11,32,0,13,0
19-01 13:48:38,17.496,1.250,79.982,0,0,1455028,1030404,175860,5266116,14532.682,7196.357,0,435.900,0,26.994,1966,1621,1.920,1.610,0.890,0,0,0,0,0,11,33,0,13,0
19-01 13:48:39,18.996,5.999,74.233,0.250,0.250,1435880,1049540,175864,5266124,10469.670,2654.409,0,475.894,0,34.992,2975,2657,1.920,1.610,0.890,1,0,60.986,0,0,11,32,0,14,0
19-01 13:48:40,18.755,2.251,77.520,0,0,1452024,1033048,175864,5266472,14208.595,6753.709,0,344.087,0,21.005,2041,1681,1.840,1.600,0.890,1,0,0,0,0,11,33,0,14,0
19-01 13:48:41,18.505,4.751,75.772,0.500,0,1428308,1056744,175864,5266492,15091.382,7034.042,0,1472.428,0,84.024,3878,4175,1.840,1.600,0.890,1,0,43.012,0,0,11,32,0,15,0
19-01 13:48:42,20.248,3.000,75.492,0,0,1434668,1050380,175864,5266496,10421.925,3589.630,0,207.979,0,17.998,1969,1531,1.840,1.600,0.890,0,0,0,0,0,11,33,0,15,0
19-01 13:48:43,15.272,2.504,81.365,0,0,1437608,1047296,175864,5266640,17246.380,9578.540,0,140.198,0,8.011,3098,3599,1.840,1.600,0.890,1,0,0,0,0,11,33,0,15,0
19-01 13:48:44,12.011,17.015,69.562,0.500,0,1393088,1091660,175864,5266796,8336.473,2538.275,0,288.258,0,23.021,5449,4416,1.840,1.600,0.890,1,0,382.343,0,0,11,32,0,16,0
19-01 13:48:45,36.922,20.457,42.161,0.249,0,1416068,1068464,175880,5266996,10164.459,1616.574,0,997.885,0,95.797,6255,4860,1.860,1.610,0.890,3,0,414.122,0,0,11,32,0,22,0
19-01 13:48:46,66.234,8.748,23.994,0,0,1588316,894836,175912,5268312,8006.044,1511.631,0,255.937,0,7.998,3858,1537,1.860,1.610,0.890,5,0,2.999,0,0,11,32,0,22,0
19-01 13:48:47,69.689,6.518,24.316,0.251,0,1743232,736608,176028,5271208,5834.860,1624.415,0,4965.497,0,130.354,4207,1909,1.860,1.610,0.890,4,0,6.016,0,0,11,32,0,22,0
19-01 13:48:48,43.676,7.986,36.189,9.733,0,1759036,709672,176096,5281668,9085.563,1617.252,0,61331.794,0,4495.362,21011,31078,1.860,1.610,0.890,4,1,152.740,0,0,11,38,0,22,0
19-01 13:48:49,30.793,9.263,41.558,14.520,0,1757808,698080,176132,5293992,9035.700,1568.204,0,92898.569,0,7024.873,32736,51032,1.860,1.610,0.890,2,1,271.381,0,0,11,38,0,22,0
19-01 13:48:50,30.178,7.482,41.651,18.706,0,1760820,688160,176180,5300676,9691.029,1616.169,0,82863.587,0,6067.618,28345,43058,1.870,1.610,0.900,4,0,125.702,0,0,11,38,0,22,0
19-01 13:48:51,41.466,11.990,31.224,12.989,0,1727992,710444,176228,5310808,9071.512,1618.664,0,75845.397,0,5435.514,27961,40363,1.870,1.610,0.900,2,1,227.812,0,0,11,36,0,22,0
19-01 13:48:52,46.099,9.270,29.814,12.276,0,1774880,653740,176272,5320200,7131.295,1717.684,0,83030.083,0,5758.350,26143,38764,1.870,1.610,0.900,1,1,43.092,0,0,11,36,0,22,0
19-01 13:48:53,37.413,9.478,36.166,13.469,0,1806032,613832,176292,5328572,10442.721,1616.242,0,71078.742,0,5254.783,24117,35739,1.870,1.610,0.900,2,0,40.905,0,0,11,38,0,22,0
19-01 13:48:54,35.777,10.258,38.780,13.510,0,1680844,735552,176324,5331892,8418.444,1513.158,0,85489.442,0,6410.908,29293,44347,1.870,1.610,0.900,2,0,168.129,0,0,11,36,0,22,0
19-01 13:48:55,27.504,12.002,58.508,1.250,0,1461000,955380,176324,5331908,5998.848,1620.229,0,10297.456,0,616.087,5835,5640,1.880,1.620,0.910,1,0,250.035,0,0,11,32,0,22,0
19-01 13:48:56,22.501,3.250,72.752,0.250,0,1491364,925020,176324,5331904,9404.294,1620.051,0,1524.048,0,96.003,2180,1792,1.880,1.620,0.910,1,0,1.000,0,0,11,32,0,22,0
19-01 13:48:57,23.738,2.999,71.964,0.750,0,1535444,880904,176324,5331940,9042.531,1619.200,0,5057.500,0,304.849,2769,2627,1.880,1.620,0.910,1,0,1.999,0,0,11,36,0,22,0
19-01 13:48:58,22.511,3.752,73.037,0,0,1464792,951420,176324,5332076,43869.397,1620.828,0,156.080,0,12.006,2530,1847,1.880,1.620,0.910,1,0,27.014,0,0,11,32,0,22,0
19-01 13:48:59,22.496,2.999,73.236,0.250,0,1505484,910728,176324,5332076,42289.111,1565.708,0,259.952,0,52.990,2015,1248,1.880,1.620,0.910,1,0,2.000,0,0,11,32,0,22,0
19-01 13:49:00,24.004,2.250,73.262,0,0,1536576,879636,176324,5332076,6409.078,1620.273,0,540.091,0,43.007,2083,1734,1.810,1.610,0.910,2,0,2.000,0,0,11,34,0,22,0
19-01 13:49:01,14.524,34.308,50.335,0,0,1462660,953508,176324,5332120,8866.900,1514.545,0,56.094,0,14.024,7587,6888,1.810,1.610,0.910,3,0,1007.693,0,0,11,32,0,22,0
19-01 13:49:02,9.244,24.485,65.209,0,0,1451312,964748,176328,5332204,7102.522,1618.979,0,355.776,0,26.983,6610,5196,1.810,1.610,0.910,1,0,638.597,0,0,11,32,0,22,0
19-01 13:49:03,8.511,20.276,69.838,0.250,0,1444728,971292,176328,5332244,8911.241,1622.046,0,124.157,0,6.008,5834,4199,1.810,1.610,0.910,1,0,390.493,0,0,11,32,0,22,0
19-01 13:49:04,8.748,21.495,68.484,0.250,0,1395448,1020516,176328,5332284,7124.342,1619.623,0,599.860,0,114.973,5964,4360,1.810,1.610,0.910,1,0,372.913,0,0,11,32,0,22,0
19-01 13:49:05,18.983,13.987,66.439,0,0,1394376,1021540,176328,5332292,10258.652,1618.525,0,47.956,0,6.994,5301,6690,1.900,1.630,0.920,3,0,212.806,0,0,11,32,0,22,0
19-01 13:49:06,44.679,10.733,43.681,0,0.250,1461900,953900,176328,5332864,7623.944,1617.442,0,0,0,0,4089,2463,1.900,1.630,0.920,2,0,129.795,0,0,11,33,0,22,0
19-01 13:49:07,43.596,6.765,48.858,0,0,1559088,856684,176332,5332888,7780.132,1623.575,0,0,0,0,2734,1279,1.900,1.630,0.920,2,0,0,0,0,11,35,0,22,0
19-01 13:49:08,45.474,5.247,47.973,0,0,1631604,782624,176380,5334272,6689.221,1565.116,0,1451.180,0,107.939,3950,3135,1.900,1.630,0.920,2,0,18.989,0,0,11,49,0,22,0
19-01 13:49:09,23.023,17.267,58.308,0.250,0,1647072,764240,176380,5336904,9961.894,1513.503,0,356.354,0,13.013,8581,11914,1.900,1.630,0.920,1,0,338.336,0,0,11,48,0,22,0
19-01 13:49:10,17.956,10.973,69.581,0,0,1653264,757980,176380,5336916,6937.141,1616.073,0,746.187,0,93.772,5275,6771,1.830,1.620,0.920,0,0,158.615,0,0,11,48,0,22,0
19-01 13:49:11,6.251,3.250,90.257,0,0,1671364,739864,176380,5336916,8849.717,1620.131,0,816.066,0,5.000,1985,6482,1.830,1.620,0.920,1,0,39.003,0,0,11,48,0,23,0
19-01 13:49:12,0.250,0.250,98.265,0.250,0,1671364,739864,176380,5336916,6836.011,1620.240,0,72.011,0,4.001,705,984,1.830,1.620,0.920,0,0,2.000,0,0,11,48,0,23,0
19-01 13:49:13,0.750,0.500,98.473,0,0,1671588,739640,176380,5336916,8868.541,1619.551,0,0,0,0,745,923,1.830,1.620,0.920,0,0,1.999,0,0,11,48,0,23,0
19-01 13:49:14,1.248,0.250,97.355,0,0,1672348,738884,176380,5336912,7577.750,1617.599,0,0,0,0,862,1055,1.830,1.620,0.920,0,0,2.996,0,0,11,48,0,22,0
19-01 13:49:15,16.266,15.265,67.316,0.250,0,1673884,737216,176380,5337480,6072.983,1621.598,0,4300.236,0,339.334,6265,7503,1.760,1.610,0.920,1,0,278.274,0,0,11,48,0,22,0
19-01 13:49:16,13.523,14.024,71.372,0,0,1655320,755756,176380,5337072,5785.866,1460.490,0,1178.009,0,75.128,4667,4591,1.760,1.610,0.920,1,0,290.495,0,0,12,48,0,22,0
19-01 13:49:17,17.242,16.742,64.718,0,0,1653252,757600,176380,5337680,9543.302,1857.086,0,3.998,0,1.000,6384,7429,1.760,1.610,0.920,1,0,292.856,0,0,12,48,0,22,0
19-01 13:49:18,9.991,9.242,79.429,0.250,0,1654504,756200,176380,5337364,8374.547,1618.560,0,647.424,0,41.963,3638,3702,1.760,1.610,0.920,0,0,194.827,0,0,12,64,0,15,0
19-01 13:49:19,11.496,12.496,74.725,0,0,1636808,773856,176380,5337388,11529.158,1619.460,0,0,0,0,4795,4843,1.760,1.610,0.920,1,0,204.932,0,0,14,64,0,15,0
19-01 13:49:20,14.263,16.015,68.563,0.250,0,1645192,765432,176380,5337436,10095.313,1621.496,0,432.399,0,36.033,6086,6814,1.700,1.600,0.920,1,0,305.282,0,0,14,66,0,15,0
19-01 13:49:21,9.510,19.770,69.320,0,0,1642080,768508,176384,5337468,8368.394,1621.627,0,2354.362,0,18.018,5855,4264,1.700,1.600,0.920,1,0,366.367,0,0,14,66,0,15,0
19-01 13:49:22,17.772,15.519,65.580,0.250,0,1634688,775884,176384,5337840,7295.929,1621.985,0,100.123,0,11.013,6555,7719,1.700,1.600,0.920,1,0,255.312,0,0,14,66,0,14,0
19-01 13:49:23,27.990,23.242,47.234,0.250,0,1722976,687540,176392,5337540,6665.676,1619.435,0,7697.317,0,353.877,7301,6811,1.700,1.600,0.920,2,0,473.835,0,0,14,66,0,14,0
19-01 13:49:24,31.234,22.988,44.977,0,0,1779204,630364,176444,5338420,5899.046,1619.189,0,1623.187,0,64.967,7558,7273,1.700,1.600,0.920,3,0,550.724,0,0,14,66,0,14,0
19-01 13:49:25,30.929,24.195,42.652,0.249,0.249,1892672,516096,176448,5339484,10261.474,1454.665,0,419.039,0,17.959,7028,7029,1.890,1.640,0.940,2,0,439.991,0,0,14,70,0,16,0
19-01 13:49:26,50.576,19.279,28.543,0,0.250,1969604,439152,176448,5339508,7169.793,1622.442,0,404.609,0,2.003,5312,5018,1.890,1.640,0.940,4,0,309.466,0,0,14,70,0,16,0
19-01 13:49:27,63.372,25.048,9.017,0,0.250,2103288,305088,176448,5339888,9118.504,1713.289,0,32.062,0,8.015,5511,4783,1.890,1.640,0.940,4,0,517.994,0,0,14,70,0,16,0
19-01 13:49:28,63.837,18.204,15.959,0,0,2184028,223408,176460,5340700,40055.829,1615.878,0,215.450,0,7.980,6134,8188,1.890,1.640,0.940,5,0,241.384,0,0,14,70,0,16,0
19-01 13:49:29,59.374,25.804,5.010,9.269,0,2281176,139208,174676,5329796,43972.848,1623.391,84.176,9864.605,21.044,554.157,7294,6559,1.890,1.640,0.940,8,2,480.003,0,0,14,70,0,16,0
19-01 13:49:30,77.518,19.755,1.250,0.750,0,2455912,173368,170840,5129488,6592.547,1620.380,652.153,3520.826,53.012,212.050,7884,9219,2.060,1.680,0.950,4,0,205.048,0,0,14,74,0,16,0
19-01 13:49:31,66.628,26.951,4.242,2.246,0,2559348,131840,170484,5069396,5791.433,1617.050,1269.683,34892.337,79.854,2597.261,16732,27418,2.060,1.680,0.950,7,0,426.222,0,0,14,76,0,15,0
19-01 13:49:32,69.434,20.730,7.743,0.999,0,2632612,123276,170316,5006756,8709.750,1660.427,235.777,9946.578,10.990,861.184,11553,18787,2.060,1.680,0.950,4,0,235.777,0,0,14,80,0,18,0
19-01 13:49:33,73.929,22.304,3.508,0.251,0,2725632,160564,169764,4879324,5411.070,1515.661,316.765,1002.421,47.114,57.138,8356,12822,2.060,1.680,0.950,3,0,407.985,0,0,14,93,0,24,0
19-01 13:49:34,47.016,25.759,26.259,0.250,0,2836620,120244,169764,4810612,7660.532,1608.532,84.028,2560.847,10.003,44.015,8302,11148,2.060,1.680,0.950,2,0,509.168,0,0,14,93,0,24,0
19-01 13:49:35,40.887,15.457,41.386,0.997,0,2886924,137872,169764,4743932,9951.582,1685.357,2030.406,538.516,29.918,30.915,5901,6911,2.050,1.690,0.960,2,0,197.456,0,0,14,95,0,22,0
19-01 13:49:36,60.491,13.998,23.996,0.750,0,3049188,176608,169776,4547416,7315.859,1619.747,95.985,2447.618,5.999,120.981,6182,8397,2.050,1.690,0.960,3,0,127.980,0,0,14,98,0,25,0
19-01 13:49:37,24.563,14.036,59.904,1.003,0.251,3096444,128604,169792,4548148,10941.047,1714.395,8.021,1199.074,2.005,69.177,5304,4563,2.050,1.690,0.960,2,0,220.565,0,0,14,101,0,25,0
19-01 13:49:38,8.231,19.205,70.584,0,0,3088356,136652,169792,4548188,7344.680,1616.189,3.991,159.624,0.998,15.962,5783,4310,2.050,1.690,0.960,1,0,343.191,0,0,14,101,0,25,0
19-01 13:49:39,8.248,19.744,70.730,0,0,3096860,128124,169792,4548212,6164.219,1619.532,0,39.988,0,3.999,5580,4004,2.050,1.690,0.960,1,0,332.904,0,0,14,101,0,23,0
19-01 13:49:40,17.754,9.252,72.516,0.250,0,3146164,145976,169792,4482440,8293.875,1620.366,8.002,0,1.000,0,2871,2048,1.970,1.670,0.960,2,0,95.021,0,0,14,101,0,23,0
19-01 13:49:41,18.547,2.256,78.701,0,0,3163776,128348,169792,4482456,13158.607,8069.610,8.020,557.424,2.005,14.036,2271,2209,1.970,1.670,0.960,1,0,0,0,0,14,105,0,23,0
19-01 13:49:42,19.698,5.735,73.306,0,0,3136720,155380,169792,4482480,24048.327,17446.806,0,219.419,0,13.963,2857,2224,1.970,1.670,0.960,1,0,62.834,0,0,14,103,0,24,0
19-01 13:49:43,19.001,3.250,76.252,0.750,0,3172172,119916,169792,4482492,14722.421,7229.207,4.000,308.009,1.000,43.001,2599,2431,1.970,1.670,0.960,1,0,4.000,0,0,14,112,0,23,0
19-01 13:49:44,20.255,4.001,74.017,0.250,0,3160340,196892,169808,4418872,10593.490,2443.574,400.094,1808.425,25.006,70.016,2853,2962,1.970,1.670,0.960,3,0,1.000,0,0,14,116,0,23,0
19-01 13:49:45,28.493,5.749,63.235,1.250,0,3191120,165540,169812,4419424,7593.249,2564.409,267.938,2099.516,14.997,244.944,6790,9706,1.890,1.660,0.960,1,0,3.999,0,0,14,119,0,24,2
19-01 13:49:46,24.999,10.250,63.747,0,0,3233092,123520,169812,4419472,7673.674,1883.920,0,575.976,0,33.999,3900,3234,1.890,1.660,0.960,3,0,114.995,0,0,14,122,0,25,2
19-01 13:49:47,25.243,3.499,70.230,0.500,0,3263516,158920,169812,4355240,13340.267,7495.903,7.998,683.809,1.999,55.984,2890,2727,1.890,1.660,0.960,1,0,2.999,0,0,14,127,0,18,2
19-01 13:49:48,18.799,3.259,76.199,0.501,0,3266992,155392,169812,4355292,15051.279,4301.225,0,1066.784,0,104.272,3245,3794,1.890,1.660,0.960,2,0,1.003,0,0,14,127,0,18,2
19-01 13:49:49,32.917,9.227,55.111,0.499,0,3266064,156192,169820,4355412,10116.438,2872.741,31.919,2461.780,1.995,126.680,4951,5494,1.890,1.660,0.960,2,0,95.758,0,0,14,128,0,19,2
19-01 13:49:50,42.751,8.000,48.251,0.500,0,3372284,176832,169700,4231892,10483.227,3536.077,0,10864.236,0,584.013,4141,1810,1.900,1.670,0.970,2,0,5.000,0,0,14,129,0,19,2
19-01 13:49:51,24.010,6.002,69.528,0.500,0,3364716,184184,169700,4232108,29127.669,21960.798,180.072,1988.797,1.000,108.043,3065,2473,1.900,1.670,0.970,2,0,55.022,0,0,14,128,0,20,2
19-01 13:49:52,20.768,2.752,76.066,0,0,3419904,128984,169700,4232120,11950.378,3645.166,8.007,116.101,2.002,13.011,2007,1512,1.900,1.670,0.970,0,0,0,0,0,14,129,0,20,2
19-01 13:49:53,16.979,5.244,75.907,0,0,3353520,195216,169700,4232272,29213.125,21990.994,0,7.990,0,1.998,2533,1874,1.900,1.670,0.970,1,0,50.937,0,0,14,128,0,21,2
19-01 13:49:54,19.747,3.499,76.738,0.250,0,3409472,139260,169700,4232276,7009.929,3589.452,0,59.991,0,3.999,1657,1158,1.900,1.670,0.970,0,0,0,0,0,14,129,0,21,2
19-01 13:49:55,19.032,3.256,76.129,0.751,0,3387452,161220,169704,4232332,12528.216,7294.352,12.020,1578.673,3.005,140.237,3404,4018,1.830,1.660,0.970,3,0,7.012,0,0,14,130,0,22,2
19-01 13:49:56,24.470,9.239,64.921,0,0,3444568,166292,169704,4171696,8932.143,1618.033,67.917,559.320,4.994,39.951,6791,10940,1.830,1.660,0.970,1,0,104.873,0,0,14,138,0,25,2
19-01 13:49:57,18.490,1.999,78.456,0,0,3457260,153540,169704,4171756,33031.490,23908.603,11.993,283.841,2.998,15.991,2127,1629,1.830,1.660,0.970,1,0,0,0,0,14,138,0,26,2
19-01 13:49:58,20.763,5.253,73.046,0.250,0,3429628,181156,169704,4171772,44401.246,1566.997,0,160.102,0,10.006,2481,1781,1.830,1.660,0.970,1,0,55.035,0,0,14,138,0,26,2
19-01 13:49:59,15.242,2.249,80.705,0.250,0,3435088,175604,169708,4171860,49583.484,8279.405,67.962,479.734,5.997,74.958,2511,2678,1.830,1.660,0.970,1,0,0.999,0,0,14,139,0,26,2
19-01 13:50:00,24.327,7.524,64.956,1.756,0,3402676,207632,169708,4172244,10332.797,2935.317,204.650,7672.353,12.038,588.869,8554,12758,1.760,1.650,0.970,1,0,54.172,0,0,14,139,0,28,2
19-01 13:50:01,22.961,4.742,71.630,0.499,0,3455600,154576,169708,4172376,7303.748,1751.062,3.993,471.210,0.998,27.953,2365,2327,1.760,1.650,0.970,0,0,0,0,0,14,139,1,28,2
19-01 13:50:02,14.975,1.747,81.864,0.250,0,3451192,158952,169712,4172432,16622.297,11339.102,0,535.108,0,34.942,2226,2190,1.760,1.650,0.970,0,0,0.998,0,0,14,140,0,28,2
19-01 13:50:03,24.005,4.751,69.013,0.750,0,3451700,158368,169712,4172508,9175.792,1686.329,36.007,1616.316,3.001,148.029,5133,6934,1.760,1.650,0.970,1,0,1.000,0,0,14,140,0,28,2
19-01 13:50:04,30.497,8.249,60.243,0.250,0,3445716,164256,169716,4172600,12098.651,2484.723,0,967.892,0,93.990,5597,7108,1.760,1.650,0.970,2,0,68.992,0,0,14,141,0,29,2
19-01 13:50:05,19.250,2.000,75.501,2.250,0,3478280,131704,169716,4172604,11352.199,7344.129,0,2764.049,0,308.005,2369,1517,1.700,1.640,0.970,1,0,0,0,0,14,142,0,29,2
19-01 13:50:06,18.300,7.771,71.947,1.003,0,3440548,169380,169720,4172656,13280.282,5492.004,0,4187.440,0,295.808,4832,6132,1.700,1.640,0.970,1,0,134.367,0,0,14,141,0,30,2
19-01 13:50:07,21.682,3.988,73.021,0,0,3459684,150208,169720,4172692,6521.566,1614.940,0,0,0,0,1991,1441,1.700,1.640,0.970,1,0,12.959,0,0,14,141,0,30,2
19-01 13:50:08,14.497,2.250,82.983,0.250,0,3457260,152616,169720,4172708,19625.946,12823.351,0,159.967,0,14.997,2187,2101,1.700,1.640,0.970,0,0,0,0,0,14,142,0,30,2
19-01 13:50:09,27.580,5.767,65.439,0.501,0,3455716,154040,169720,4172828,8731.263,1922.563,0,1267.668,0,143.415,6839,9892,1.700,1.640,0.970,1,0,1.003,0,0,14,142,0,30,2
19-01 13:50:10,38.517,9.754,49.772,0.500,0,3425956,183288,169728,4173324,9354.228,3167.432,96.043,1272.575,10.005,131.059,12497,20330,1.640,1.620,0.970,3,0,49.022,0,0,14,145,0,31,2
19-01 13:50:11,37.390,15.205,45.366,0.748,0,3414500,194516,169728,4173456,8966.586,2117.762,23.930,5866.718,1.994,370.907,8715,15158,1.640,1.620,0.970,1,0,277.183,0,0,14,145,0,32,2
19-01 13:50:12,19.251,2.250,78.006,0.250,0,3442484,166544,169728,4173460,14895.092,7504.550,0,320.023,0,16.001,1932,1395,1.640,1.620,0.970,1,0,0,0,0,14,146,0,31,2
19-01 13:50:13,12.527,14.782,71.152,0,0,3430044,178952,169728,4173492,7458.907,3253.939,0,328.701,0,15.032,4979,3884,1.640,1.620,0.970,1,0,271.579,0,0,14,145,0,32,2
19-01 13:50:14,9.731,20.210,68.862,0,0,3363528,245308,169728,4173652,9276.436,1562.872,0,415.169,0,23.952,5907,4442,1.640,1.620,0.970,1,0,367.265,0,0,14,145,0,32,2
19-01 13:50:15,23.570,16.048,59.677,0.251,0,3395076,213744,169732,4173668,7138.209,1624.828,0,1059.147,0,54.161,6409,7804,1.590,1.610,0.970,2,0,262.781,0,0,14,145,0,32,2
19-01 13:50:16,32.993,22.495,43.990,0,0,3451844,156896,169732,4173732,9189.992,1689.631,15.997,251.945,1.000,21.995,6724,6041,1.590,1.610,0.970,4,0,503.890,0,0,14,145,0,32,2
19-01 13:50:17,32.398,15.202,49.345,0.249,0,3495380,174472,169740,4114020,8358.779,1614.934,51.837,522.361,5.981,38.878,7180,9776,1.590,1.610,0.970,2,0,256.196,0,0,14,151,0,32,2
19-01 13:50:18,55.035,26.017,19.012,0.500,0,3630712,157272,169748,3999244,5551.539,1621.033,200.128,548.350,16.010,43.027,8010,11289,1.590,1.610,0.970,10,0,530.338,0,0,16,155,0,32,2
19-01 13:50:19,55.494,24.997,18.998,0,0,3749960,138528,169512,3900064,8463.139,1619.835,15.998,359.963,1.000,24.997,6624,6986,1.590,1.610,0.970,7,0,375.962,0,0,16,159,0,32,0
19-01 13:50:20,44.317,21.783,32.549,0.250,0,3807696,165788,169512,3815860,8206.386,1514.285,8.012,364.550,2.003,23.035,8003,12801,1.700,1.640,0.980,3,0,391.591,0,0,16,175,0,32,0
19-01 13:50:21,38.763,22.508,38.013,0,0,3867128,149476,169512,3773436,9905.449,1710.596,0,10919.802,0,849.296,9263,6088,1.700,1.640,0.980,2,0,555.193,0,0,16,175,0,32,0
19-01 13:50:22,20.518,19.017,59.803,0.250,0,3891224,125172,169516,3774096,12025.637,1621.434,4.004,276.244,1.001,22.019,7057,7938,1.700,1.640,0.980,2,0,350.310,0,0,17,175,0,32,0
19-01 13:50:23,34.718,21.230,41.212,1.998,0,3940056,128016,169452,3722952,13206.685,1842.282,375.650,199.814,27.974,9.991,5983,4941,1.700,1.640,0.980,3,0,420.608,0,0,17,175,1,32,0
19-01 13:50:24,35.541,20.774,42.799,0,0,3984956,137072,169456,3670620,12124.873,1711.959,16.018,380.435,3.003,30.034,6176,6611,1.700,1.640,0.980,2,0,334.383,0,0,17,175,1,32,0
19-01 13:50:25,40.988,22.743,35.489,0.250,0,4084564,149992,169464,3560364,9515.172,1693.497,167.950,627.813,4.999,36.989,8130,11559,1.730,1.640,0.990,2,0,447.867,0,0,17,187,1,32,0
19-01 13:50:26,30.459,25.715,42.692,0.250,0,4145364,176312,169464,3475216,12154.573,1691.714,15.978,2804.210,0.999,26.964,7133,6592,1.730,1.640,0.990,2,0,637.139,0,0,17,187,1,32,0
19-01 13:50:27,20.725,22.723,54.934,0.250,0,4195056,125152,169464,3476652,11571.158,1691.976,15.981,755.097,3.995,53.935,8355,10255,1.730,1.640,0.990,1,0,449.462,0,0,17,199,1,32,0
19-01 13:50:28,19.959,13.971,64.366,0.249,0,4210896,140840,169464,3445988,51444.269,1690.493,7.983,602.749,1.996,33.930,6537,8122,1.730,1.640,0.990,1,1,235.511,0,0,17,199,1,30,0
19-01 13:50:29,39.406,10.793,48.191,1.255,0,4307276,120480,169464,3371000,51421.540,1518.009,453.796,377.494,7.028,28.111,4598,3292,1.730,1.640,0.990,3,0,119.473,0,0,17,199,1,30,0
19-01 13:50:30,46.775,6.754,44.023,0.750,0,4409664,138604,169464,3252704,9222.903,1694.901,188.100,896.477,9.005,53.028,3835,2878,1.750,1.650,0.990,2,0,9.005,0,0,17,215,1,30,0
19-01 13:50:31,34.266,7.754,56.527,0.500,0,4363304,244480,169468,3194052,10127.762,1710.804,48.023,212.100,4.002,10.005,3961,3378,1.750,1.650,0.990,6,0,60.028,0,0,17,219,1,30,0
19-01 13:50:32,35.480,26.235,36.230,1.499,0,4424268,181488,169472,3196076,11752.453,1619.098,927.483,571.682,10.994,42.976,8789,11136,1.750,1.650,0.990,2,0,575.679,0,0,17,219,1,30,0
19-01 13:50:33,34.228,22.236,42.223,0.500,0,4434160,171276,169480,3196464,13858.221,9613.910,103.934,359.772,3.997,28.982,7002,8256,1.750,1.650,0.990,2,1,422.732,0,0,17,224,1,30,0
19-01 13:50:34,59.675,19.394,19.394,1.243,0,4520296,135040,169488,3147820,8230.217,2433.757,1269.094,1169.636,23.870,33.816,6034,6726,1.750,1.650,0.990,4,0,228.755,0,0,17,228,1,31,0
19-01 13:50:35,66.850,13.320,17.592,1.508,0,4619040,147872,169492,3038516,16499.488,9482.707,1717.000,446.340,32.169,18.095,5067,4481,1.850,1.670,1,2,0,23.121,0,0,17,239,1,31,0
19-01 13:50:36,49.292,10.759,21.519,17.515,0,4629024,171160,169524,3006332,12446.717,4729.072,5352.609,2185.882,334.288,170.147,5995,6117,1.850,1.670,1,2,2,29.025,0,0,17,240,1,20,0
19-01 13:50:37,53.275,13.506,22.261,9.755,0,4688244,143748,169592,2975976,11595.482,3537.672,1184.560,1488.704,137.065,109.052,6891,8119,1.850,1.670,1,3,0,136.064,0,0,17,242,1,24,0
19-01 13:50:38,30.948,23.211,45.175,0.499,0,4697628,168192,169592,2943020,18564.007,10490.486,123.793,9280.506,6.988,68.885,7917,8693,1.850,1.670,1,2,0,501.163,0,0,17,241,1,25,0
19-01 13:50:39,47.755,19.752,31.253,0,0,4710460,153948,169592,2944400,9206.920,1690.169,0,348.035,0,19.002,6285,8612,1.850,1.670,1,7,0,248.025,0,0,17,243,1,25,0
19-01 13:50:40,49.608,25.178,23.931,0.249,0,4764060,139740,169596,2905896,17552.618,11564.805,11.966,670.077,2.991,50.854,7371,7710,1.940,1.700,1.010,3,0,514.523,0,0,17,248,1,25,0
19-01 13:50:41,65.275,20.336,13.055,0.753,0,4771660,169520,169620,2870000,8308.948,2739.522,1172.933,11247.306,54.228,1031.338,9062,14251,1.940,1.700,1.010,3,0,232.980,0,0,17,250,1,28,0
19-01 13:50:42,52.178,26.713,20.222,0.250,0,4861404,130204,169624,2820632,16500.376,9509.961,15.978,2596.440,2.996,49.932,7456,8120,1.940,1.700,1.010,5,0,517.291,0,0,17,252,1,28,0
19-01 13:50:43,55.444,21.978,20.979,1.748,0,4846576,170124,169632,2796820,11251.733,4734.259,703.296,1114.884,44.955,70.929,9015,14073,1.940,1.700,1.010,3,0,306.693,0,0,17,261,1,31,0
19-01 13:50:44,58.696,18.233,21.231,0.500,0,4970028,134832,169636,2709368,12414.659,7337.297,443.595,335.693,6.994,17.984,6950,8499,1.940,1.700,1.010,9,0,186.829,0,0,17,262,1,30,0
19-01 13:50:45,58.317,9.761,30.535,0.751,0,4992212,207608,169636,2615884,20284.371,12492.393,452.521,816.941,10.012,46.053,7464,8870,2.030,1.720,1.020,3,0,12.014,0,0,17,264,1,31,0
19-01 13:50:46,58.701,10.991,25.978,3.497,0,5125228,135548,169212,2556980,12040.862,4053.587,1678.587,847.287,93.921,80.932,6223,8511,2.030,1.720,1.020,2,0,9.992,0,0,17,272,1,36,0
19-01 13:50:47,53.134,15.790,29.574,1.253,0,5036712,259368,169240,2522572,20773.300,13269.408,569.434,3184.016,13.033,201.507,6726,6327,2.030,1.720,1.020,4,0,259.654,0,0,17,273,1,38,0
19-01 13:50:48,47.515,29.509,19.506,2.001,0,5084788,207080,169504,2526384,8042.562,1566.499,4673.489,1587.506,76.024,84.027,8677,11118,2.030,1.720,1.020,4,0,518.165,0,0,17,273,1,36,0
19-01 13:50:49,50.822,16.941,30.393,0.249,0,5106820,184572,169504,2526820,16184.265,11760.772,566.016,1064.269,8.969,29.895,6494,7879,2.030,1.720,1.020,2,1,199.301,0,0,18,274,1,36,0
19-01 13:50:50,79.220,16.535,1.728,0.987,0,5160752,164688,169508,2493880,10366.259,2382.038,1389.934,687.069,62.192,35.538,6106,5085,2.350,1.790,1.050,7,0,161.896,0,0,18,280,1,37,0
19-01 13:50:51,77.092,13.440,5.325,5.325,0.254,5260940,153736,169520,2407256,16381.093,7449.548,4134.580,13552.010,233.306,1104.651,8472,7688,2.350,1.790,1.050,6,0,13.187,0,0,18,284,1,37,0
19-01 13:50:52,67.832,9.512,9.011,13.016,0,5288916,156388,169544,2377380,11449.887,6913.385,949.151,1870.268,32.039,139.169,6213,6224,2.350,1.790,1.050,4,0,18.022,0,0,18,287,1,37,0
19-01 13:50:53,47.198,15.483,35.960,0.250,0,5342336,133384,169548,2347676,11525.300,4514.026,835.080,9117.952,10.988,60.933,5857,6455,2.350,1.790,1.050,1,0,217.760,0,0,18,292,1,38,0
19-01 13:50:54,33.597,6.968,57.488,0.498,0,5350904,124552,169556,2347932,27076.656,12544.854,772.481,641.080,7.964,55.746,3996,3483,2.350,1.790,1.050,2,0,6.968,0,0,18,292,1,40,0
19-01 13:50:55,43.773,10.063,45.534,0.252,0,5360356,139340,169556,2324564,2129664.602,21318.794,563.510,362.256,7.044,19.119,5002,3977,2.320,1.790,1.060,3,0,13.081,0,0,18,294,1,40,0
19-01 13:50:56,34.448,10.984,52.172,1.248,0,5341464,167456,169560,2316316,14450150.395,95394.978,2787.820,706.940,31.952,57.913,9624,6217,2.320,1.790,1.060,2,0,129.805,0,0,18,298,1,40,0
19-01 13:50:57,40.695,11.485,45.938,0.499,0,5355108,153640,169560,2316488,9391.347,2355.826,15.978,583.214,0.999,52.929,5023,4404,2.320,1.790,1.060,2,0,138.813,0,0,18,299,1,36,0
19-01 13:50:58,32.239,4.249,62.729,0,0.250,5376876,162024,169560,2287580,59553.460,18019.088,0,2743.100,0,30.990,3158,2393,2.320,1.790,1.060,0,0,0,0,0,18,301,1,38,0
19-01 13:50:59,21.235,3.997,71.201,0.500,0,5363160,174988,169560,2288332,162507.791,4935693.982,467.677,2498.275,24.983,93.935,5667,7079,2.320,1.790,1.060,0,0,38.973,0,0,18,303,1,40,0
19-01 13:51:00,2.751,1.250,93.775,0.250,0,5361000,177100,169560,2288380,299936.024,11464210.697,0,316.084,0,14.004,2306,1934,2.130,1.760,1.050,1,0,0,0,0,18,303,1,40,0
19-01 13:51:01,4.250,1.500,93.242,0.250,0,5353880,184060,169560,2288540,7046.430,1619.869,0,1807.854,0,86.993,1889,2719,2.130,1.760,1.050,0,0,0,0,0,18,303,1,37,0
19-01 13:51:02,9.265,1.502,86.894,0.250,0,5353352,184548,169564,2288576,7908704.951,33772.012,0,476.791,0,45.075,5048,5081,2.130,1.760,1.050,2,0,2.003,0,0,18,310,1,37,0
19-01 13:51:03,19.781,8.513,70.361,0.501,0,5291732,230036,169568,2304672,8642103.890,56929.049,80.127,737.166,4.006,75.119,8471,8401,2.130,1.760,1.050,1,0,123.195,0,0,18,307,1,40,0
19-01 13:51:04,14.203,14.203,69.769,0.498,0,5324168,197508,169568,2304764,5841.668,1614.656,11.960,227.248,0.997,11.960,5098,4710,2.130,1.760,1.050,1,0,342.865,0,0,18,307,1,40,0
19-01 13:51:05,20.837,7.281,70.546,0,0,5350028,171636,169568,2304776,6042.347,1626.824,0,16874.789,0,88.371,3613,3084,2.040,1.750,1.050,1,0,104.438,0,0,18,309,1,39,0
19-01 13:51:06,9.715,18.932,69.250,0.249,0,5340872,180580,169568,2304988,8985.610,1560.375,3.986,1853.319,0.996,218.213,6684,5666,2.040,1.750,1.050,0,1,378.635,0,0,18,309,1,39,0
19-01 13:51:07,4.498,8.997,85.468,0.500,0,5276508,244880,169568,2305036,7531.158,1619.389,15.994,5785.817,1.000,702.735,4323,3128,2.040,1.750,1.050,0,0,185.930,0,0,18,309,1,39,0
19-01 13:51:08,13.798,4.014,81.536,0,0,5318208,203188,169568,2305036,8759.717,1625.701,0,84.296,0,5.018,2100,1964,2.040,1.750,1.050,1,0,9.032,0,0,18,309,1,39,0
19-01 13:51:09,20.172,2.739,75.956,0.249,0,5335372,186028,169568,2305040,14864.499,7331.639,0,163.368,0,23.908,2324,2060,2.040,1.750,1.050,1,0,0.996,0,0,18,310,1,38,0
19-01 13:51:10,14.515,10.761,72.575,0.751,0,5271780,249464,169572,2305192,12959.421,4849.022,108.112,0,9.009,0,4636,3862,1.960,1.740,1.050,2,0,153.159,0,0,18,313,1,39,0
19-01 13:51:11,13.266,17.522,67.333,0.751,0,5282904,237892,169572,2306148,6930.520,1567.928,172.212,4.005,9.011,1.001,5963,4984,1.960,1.740,1.050,2,0,245.302,0,0,18,313,1,39,0
19-01 13:51:12,18.220,16.223,64.892,0.250,0,5287012,233656,169572,2305744,6210.685,1617.314,7.987,355.410,1.997,27.954,6126,14932,1.960,1.740,1.050,2,0,238.604,0,0,18,313,1,40,0
19-01 13:51:13,24.487,3.998,70.713,0.250,0,5348384,172168,169572,2305860,5558.063,1619.144,111.941,647.658,4.997,44.976,2706,2404,1.960,1.740,1.050,1,0,1.999,0,0,18,315,1,37,0
19-01 13:51:14,22.757,3.251,71.771,0.750,0,5389256,130808,169576,2306344,9962.932,1620.477,420.124,228.067,14.004,21.006,2484,2130,1.960,1.740,1.050,1,0,4.001,0,0,18,319,1,37,0
19-01 13:51:15,24.009,2.501,71.778,0.250,0,5361940,158096,169576,2306372,8765.454,1566.617,0,568.224,0,42.017,2711,2439,1.880,1.720,1.050,1,0,5.002,0,0,18,315,1,37,0
19-01 13:51:16,24.247,4.749,69.741,0.250,0,5400652,150608,169576,2276492,9126.836,1619.793,23.997,127.984,4.999,12.998,2644,2967,1.880,1.720,1.050,2,0,0,0,0,18,315,1,37,0
19-01 13:51:17,15.251,2.500,81.005,0,0,5420312,130944,169576,2276496,17479.002,10651.611,4.000,108.006,1.000,13.001,2510,2553,1.880,1.720,1.050,1,0,4.000,0,0,18,318,1,38,0
19-01 13:51:18,19.999,3.500,74.497,0.750,0,5321044,230180,169576,2276528,19162.293,11611.572,0,2055.924,0,136.995,3395,3474,1.880,1.720,1.050,2,0,16.999,0,0,18,315,1,39,0
19-01 13:51:19,23.490,3.748,71.968,0,0,5355432,195708,169576,2276656,8773.120,1619.284,0,259.885,0,15.993,2335,1835,1.880,1.720,1.050,1,0,1.000,0,0,18,315,1,39,0
19-01 13:51:20,21.082,7.529,70.774,0.251,0,5338280,212608,169576,2276908,5889.794,1626.294,481.865,815.155,9.035,46.179,3677,3147,1.810,1.710,1.050,1,0,105.408,0,0,18,315,1,39,0
19-01 13:51:21,11.000,18.251,68.753,0.250,0,5330408,220272,169584,2277108,8844.363,1566.064,56.002,324.013,7.000,6.000,6219,5442,1.810,1.710,1.050,1,0,394.016,0,0,18,315,1,39,0
19-01 13:51:22,21.589,6.204,70.227,0.248,0,5344384,206124,169732,2277132,7173.537,1608.016,127.053,416.893,5.956,41.689,3600,3229,1.810,1.710,1.050,1,0,100.253,0,0,18,319,1,39,0
19-01 13:51:23,19.553,2.005,77.210,0.251,0,5362560,186048,169828,2278936,11669.775,3809.372,136.371,417.136,7.019,23.063,2371,2160,1.810,1.710,1.050,2,0,16.044,0,0,18,320,1,39,0
19-01 13:51:24,24.280,4.506,70.587,0,0,5358788,184356,170312,2283792,9236.406,1816.243,0,997.231,0,16.020,2615,2149,1.810,1.710,1.050,1,0,10.012,0,0,18,319,1,39,0
19-01 13:51:25,17.748,2.250,77.992,0.500,0,5352128,183400,170828,2290752,17331.264,4570.542,4.000,971.903,1.000,20.998,2289,1945,1.660,1.680,1.040,1,0,17.998,0,0,18,320,1,39,0
19-01 13:51:26,24.234,6.496,67.704,0,0.250,5321728,214180,170916,2290248,12227.692,2293.442,3.997,499.660,0.999,10.993,10928,19620,1.660,1.680,1.040,0,0,12.991,0,0,18,320,1,39,0
19-01 13:51:27,19.515,4.253,73.807,0.250,0,5326612,208880,170960,2290620,15285.874,4201.263,168.131,16476.799,9.007,43.033,10971,19726,1.660,1.680,1.040,1,0,10.008,0,0,18,320,1,39,0
19-01 13:51:28,23.256,4.501,71.017,0.250,0,5318772,216424,171000,2290872,40218.526,1694.401,0,3564.844,0,436.103,3384,2230,1.660,1.680,1.040,2,0,10.002,0,0,18,320,1,39,0
19-01 13:51:29,14.049,14.802,70.245,0.251,0,5283088,263800,171080,2279128,43897.014,1746.086,0,537.875,0,23.080,5030,4173,1.660,1.680,1.040,1,0,266.930,0,0,18,319,1,39,0
19-01 13:51:30,22.912,3.487,71.973,0,0,5326680,220204,171080,2279132,8594.898,1687.501,0,541.913,0,8.965,2369,1871,1.610,1.670,1.040,1,0,0,0,0,18,319,1,39,0
19-01 13:51:31,21.829,3.011,74.269,0,0,5334260,212068,171080,2279688,19516.690,11956.306,176.640,0,11.040,0,3313,3708,1.610,1.670,1.040,4,0,0,0,0,18,319,1,42,0
19-01 13:51:32,21.660,9.710,66.474,0.498,0,5311872,234312,171080,2279832,7352.528,1613.314,51.785,390.382,3.983,31.868,5076,5827,1.610,1.670,1.040,2,0,113.529,0,0,18,319,1,42,0
19-01 13:51:33,23.264,2.501,72.794,0.250,0,5329116,216960,171080,2279940,16054.612,7875.715,48.029,444.266,2.001,47.028,3413,3517,1.610,1.670,1.040,2,0,1.001,0,0,18,320,1,42,0
19-01 13:51:34,20.506,6.752,71.272,0.250,0.250,5305532,240536,171080,2279948,10787.389,4022.264,0,172.054,0,13.004,3078,2765,1.610,1.670,1.040,1,0,71.022,0,0,18,321,1,43,0
19-01 13:51:35,19.228,2.747,77.163,0,0,5329080,216980,171080,2279956,13673.647,9477.358,0,147.834,0,10.988,2392,2087,1.560,1.660,1.040,0,0,0,0,0,18,322,1,43,0
19-01 13:51:36,22.268,6.255,70.807,0,0,5344104,201940,171080,2279972,11992.586,6891.508,0,260.208,0,10.008,3333,3041,1.560,1.660,1.040,1,0,56.045,0,0,18,321,1,44,0
19-01 13:51:37,19.503,2.250,77.011,0,0,5344052,201940,171080,2280024,14706.085,7291.033,0,724.103,0,12.002,2192,1845,1.560,1.660,1.040,1,0,0,0,0,18,322,1,44,0
19-01 13:51:38,20.007,5.002,74.277,0.250,0,5344980,200876,171080,2280160,11672.188,6145.205,128.046,124.045,7.003,8.003,2695,2384,1.560,1.660,1.040,1,0,32.011,0,0,18,321,1,41,0
19-01 13:51:39,19.493,2.749,76.473,0,0,5345440,200412,171080,2280164,14551.847,7341.400,0,111.960,0,7.997,2223,1904,1.560,1.660,1.040,1,0,1.000,0,0,18,322,1,41,0
19-01 13:51:40,14.495,4.748,78.724,0.250,0,5291472,254204,171080,2280340,12617.909,6873.771,31.990,331.892,1.999,31.990,3174,3288,1.440,1.630,1.040,1,0,46.985,0,0,18,321,1,42,0
19-01 13:51:41,21.496,2.749,74.986,0,0,5339732,205832,171080,2280452,11556.785,4050.224,0,119.977,0,8.998,2344,2320,1.440,1.630,1.040,1,0,0,0,0,18,322,1,42,0
19-01 13:51:42,20.548,5.513,72.921,0.251,0,5313888,231540,171080,2280604,15091.346,9566.406,0,1198.808,0,113.265,3106,2903,1.440,1.630,1.040,2,0,32.075,0,0,18,321,1,41,0
19-01 13:51:43,20.197,2.743,75.302,0.249,0,5361164,184164,171080,2280704,8101.710,3964.582,95.748,303.203,3.990,31.916,2535,2422,1.440,1.630,1.040,2,0,0,0,0,18,322,1,41,0
19-01 13:51:44,15.793,4.011,78.964,0.501,0,5334040,211272,171080,2280720,15268.382,10174.576,0,3152.544,0,392.063,3415,3317,1.440,1.630,1.040,2,0,47.128,0,0,18,323,1,42,0
19-01 13:51:45,21.697,4.738,71.823,0,0,5371308,173996,171080,2280728,9072.665,1562.154,0,171.578,0,9.975,2700,2163,1.400,1.620,1.040,1,0,41.897,0,0,18,323,1,42,0
19-01 13:51:46,20.555,3.509,75.200,0.251,0,5369788,175328,171080,2280916,31008.629,24052.092,0,469.250,0,26.069,2989,3079,1.400,1.620,1.040,2,0,12.032,0,0,18,323,1,39,0
19-01 13:51:47,22.443,4.489,71.070,0,0,5418988,126116,171080,2280928,10692.965,1615.914,0,231.415,0,26.932,2839,2618,1.400,1.620,1.040,1,0,35.909,0,0,18,323,1,39,0
19-01 13:51:48,18.506,2.251,78.025,0.250,0,5379804,165292,171080,2280936,16547.242,10490.323,0,336.106,0,29.009,2681,2743,1.400,1.620,1.040,2,0,4.001,0,0,18,323,1,41,0
19-01 13:51:49,21.995,4.999,71.985,0,0,5394392,180828,171080,2251752,8590.217,1619.664,0,11.998,0,2.000,2449,2085,1.400,1.620,1.040,1,0,11.998,0,0,18,323,1,41,0
19-01 13:51:50,17.796,2.757,77.702,0.501,0,5391568,182136,171080,2253268,15522.368,8203.334,1564.068,445.158,51.133,55.143,3615,4308,1.290,1.590,1.030,5,0,2.005,0,0,18,326,1,34,0
19-01 13:51:51,25.197,5.239,67.857,0.499,0,5358848,214328,171080,2253780,7778.620,2853.990,319.328,1141.596,18.960,120.746,4511,5564,1.290,1.590,1.030,1,0,4.989,0,0,18,325,1,35,0
19-01 13:51:52,19.730,2.497,75.672,0,0,5378848,194192,171080,2253916,12791.799,7268.499,0,659.320,0,43.955,2502,2394,1.290,1.590,1.030,1,0,0,0,0,18,326,1,35,0
19-01 13:51:53,19.998,4.000,73.994,1.000,0,5374088,198732,171080,2254136,14813.797,6734.453,175.986,1207.902,7.999,124.990,5176,6780,1.290,1.590,1.030,2,0,0,0,0,18,325,1,36,0
19-01 13:51:54,9.537,22.588,67.010,0.502,0,5315720,257064,171080,2254172,10203.599,1626.312,4.016,907.522,1.004,71.277,7355,6570,1.290,1.590,1.030,3,0,618.400,0,0,18,325,1,33,0
19-01 13:51:55,8.256,23.016,67.046,0,0,5315620,257132,171080,2254204,11075.669,1663.152,0,532.369,0,43.030,7316,6431,1.270,1.580,1.030,2,0,622.431,0,0,18,325,1,33,0
19-01 13:51:56,9.989,23.475,65.680,0.250,0,5312536,260188,171080,2254232,9231.200,1618.282,0,2657.179,0,172.817,7926,7477,1.270,1.580,1.030,1,0,642.318,0,0,18,325,1,33,0
19-01 13:51:57,9.499,22.998,66.993,0,0,5310400,262180,171080,2254360,10327.905,1619.828,0,47.995,0,11.999,7104,6190,1.270,1.580,1.030,1,0,602.936,0,0,18,325,1,33,0
19-01 13:51:58,8.510,23.026,67.327,0,0,5300856,271692,171080,2254392,43267.532,1621.857,0,116.133,0,15.017,7083,6216,1.270,1.580,1.030,1,0,585.670,0,0,18,325,1,30,0
19-01 13:51:59,8.980,21.452,68.097,0,0,5300064,272448,171080,2254428,25575.713,1690.214,0,39.911,0,9.978,7005,6029,1.270,1.580,1.030,2,0,560.744,0,0,18,325,1,30,0
19-01 13:52:00,14.994,10.496,71.971,1.499,0,5310416,373636,171104,2154828,9856.044,1619.350,627.748,2514.991,78.968,8.996,3464,3076,1.240,1.570,1.030,1,0,97.961,0,0,18,325,1,30,0
19-01 13:52:01,24.471,3.746,69.918,1.498,0,5326516,346672,171104,2165684,8657.842,1456.291,854.997,7.991,90.893,1.998,2904,3062,1.240,1.570,1.030,2,0,2.996,0,0,18,325,1,30,0
19-01 13:52:02,16.810,1.756,78.780,1.254,0,5330912,341380,171104,2166580,16708.364,7459.503,180.642,1826.489,24.086,59.210,2588,2722,1.240,1.570,1.030,0,0,17.061,0,0,18,326,1,26,0
19-01 13:52:03,12.952,1.993,79.206,3.238,0,5341140,330068,171108,2167656,22023.381,10285.880,872.766,4798.218,58.782,174.354,2937,3345,1.240,1.570,1.030,0,0,0.996,0,0,18,326,1,26,0
19-01 13:52:04,12.503,1.500,82.273,3.001,0,5344276,326064,171108,2168516,27247.537,11001.043,460.127,1416.392,49.014,52.014,2162,2031,1.240,1.570,1.030,1,0,0,0,0,18,326,1,26,0
19-01 13:52:05,17.762,1.501,77.554,2.752,0,5366036,303132,171108,2169684,19176.411,7956.564,1040.728,4327.026,46.032,422.295,2744,2335,1.220,1.560,1.030,0,0,0,0,0,18,326,1,26,0
19-01 13:52:06,16.236,1.499,79.932,1.249,0,5368784,299352,171108,2170708,21781.361,10830.732,607.480,1147.018,49.957,39.966,2523,2724,1.220,1.560,1.030,0,0,0,0,0,18,326,1,23,0
19-01 13:52:07,13.737,1.499,81.675,1.748,0,5377084,290028,171108,2171728,19071.588,9441.380,779.289,1031.059,52.952,35.967,2055,1922,1.220,1.560,1.030,1,0,0,0,0,18,326,1,23,0
19-01 13:52:08,16.518,2.252,73.830,6.007,0,5392344,240384,171108,2206112,11586.630,3222.513,15272.649,724.790,161.176,31.034,2262,2172,1.220,1.560,1.030,1,0,1.001,0,0,18,326,1,23,0
19-01 13:52:09,23.238,3.748,72.213,0.500,0,5396800,221988,171108,2220032,7024.369,1619.163,0,1207.376,0,34.982,2531,2277,1.220,1.560,1.030,1,0,0.999,0,0,18,326,1,23,0
19-01 13:52:10,23.751,3.250,71.504,0.500,0,5396352,206880,171108,2235468,11143.632,1528.087,0,1432.081,0,31.002,2619,2336,1.210,1.560,1.030,1,0,0,0,0,18,326,1,22,0
19-01 13:52:11,25.256,3.001,70.017,0.750,0,5406964,174888,171108,2256648,12565.971,1620.383,0,2680.634,0,103.024,2981,3034,1.210,1.560,1.030,1,0,0,0,0,18,326,1,22,0
19-01 13:52:12,27.747,6.249,63.993,0.750,0,5406080,159588,171108,2272584,9337.918,1619.812,0,2763.680,0,115.987,4139,12611,1.210,1.560,1.030,2,0,35.996,0,0,18,326,1,23,0
19-01 13:52:13,24.282,3.254,70.342,0.501,0,5406128,137424,171212,2294440,7468.721,1622.111,224.292,9336.151,8.010,476.620,3856,3309,1.210,1.560,1.030,1,0,0,0,0,18,326,1,23,0
19-01 13:52:14,23.452,3.243,71.853,0,0,5398124,161444,171284,2278220,6370.982,1790.342,3.992,922.116,0.998,21.955,2497,2058,1.210,1.560,1.030,1,0,18.961,0,0,18,325,1,22,0
19-01 13:52:15,18.242,3.498,76.965,0.250,0,5428156,124920,171284,2284680,11825.588,3723.296,0,1359.378,0,21.990,2194,1958,1.190,1.550,1.030,2,0,15.993,0,0,18,326,1,22,0
19-01 13:52:16,30.669,5.782,63.601,0.251,0,5435524,117420,171284,2284780,9916.664,2299.676,257.419,446.461,2.011,7.039,3195,2849,1.190,1.550,1.030,1,0,22.122,0,0,18,326,1,22,0
19-01 13:52:17,35.996,7.499,53.744,0.250,0,5387004,158900,171596,2290724,15292.352,4231.544,511.945,1319.858,4.000,32.996,5230,6121,1.190,1.550,1.030,2,0,14.998,0,0,18,325,1,22,0
19-01 13:52:18,27.892,7.222,63.006,0.249,0,5378316,166968,171636,2291200,10473.461,1613.754,255.013,2064.011,1.992,35.861,10332,17470,1.190,1.550,1.030,2,0,14.942,0,0,18,325,1,20,0
19-01 13:52:19,21.825,6.773,70.241,0,0,5354116,190964,171672,2291368,8295.462,1463.020,0,389.336,0,6.021,8965,15749,1.190,1.550,1.030,1,0,16.055,0,0,18,325,1,20,0
19-01 13:52:20,21.914,4.981,70.973,0.249,0,5326668,232180,171676,2278384,8960.965,1655.527,0,864.620,0,14.942,3283,3047,1.170,1.540,1.030,2,0,50.801,0,0,18,325,1,20,0
19-01 13:52:21,25.516,5.503,66.791,0.250,0,5356724,201936,171676,2278572,8684.283,1620.986,0,1312.799,0,215.131,11345,20169,1.170,1.540,1.030,1,0,24.015,0,0,18,325,1,20,0
19-01 13:52:22,17.998,3.000,77.242,0,0,5377248,175976,171676,2284000,12733.687,3856.602,0,1311.865,0,29.997,2274,2263,1.170,1.540,1.030,1,0,15.998,0,0,18,325,1,20,1
19-01 13:52:23,23.492,4.249,72.225,0,0,5368640,183448,171676,2285120,6572.679,2228.213,15.994,707.750,1.000,20.993,2731,2570,1.170,1.540,1.030,0,0,18.993,0,0,18,326,1,20,0
19-01 13:52:24,18.731,4.745,74.174,0.499,0,5374868,170484,171704,2291060,16724.903,4433.468,0,1766.195,0,102.895,4920,7139,1.170,1.540,1.030,3,0,13.986,0,0,18,325,1,20,0
19-01 13:52:25,24.767,6.755,66.295,0,0,5374756,170052,171704,2291524,9172.214,1695.149,0,504.342,0,9.006,15783,30382,1.160,1.530,1.030,1,0,15.010,0,0,18,325,1,20,0
19-01 13:52:26,20.514,7.005,70.299,0.250,0,5344604,213724,171712,2278748,10192.116,1695.184,0,836.584,0,30.021,2851,2982,1.160,1.530,1.030,1,0,15.010,0,0,18,325,1,20,0
19-01 13:52:27,23.504,4.001,72.262,0.250,0,5342976,215448,171712,2278656,9663.548,1532.245,0,748.120,0,13.002,2589,2115,1.160,1.530,1.030,1,0,22.004,0,0,18,325,1,20,0
19-01 13:52:28,22.001,5.250,71.253,0,0,5348284,210132,171712,2278696,44800.121,1694.080,0,208.010,0,10.000,3475,3087,1.160,1.530,1.030,1,0,96.005,0,0,18,325,1,20,0
19-01 13:52:29,22.232,4.746,71.942,0,0,5365968,182104,171712,2288960,36951.413,1618.704,0,19.984,0,4.996,2491,2074,1.160,1.530,1.030,1,0,16.986,0,0,18,325,1,20,0
19-01 13:52:30,14.757,1.751,82.041,0.250,0,5373928,173720,171712,2289336,17496.724,7444.712,4.002,1660.828,1.000,42.021,2187,2263,1.150,1.520,1.030,2,0,1.000,0,0,18,326,1,20,0
19-01 13:52:31,14.995,1.999,81.972,0.500,0,5371552,175780,171716,2289648,23810.876,11396.112,0,1407.520,0,40.986,2448,2726,1.150,1.520,1.030,0,0,0,0,0,18,326,1,20,0
19-01 13:52:32,10.253,1.500,85.779,0.500,0,5370156,176712,171716,2290080,154146.355,14359.784,0,1596.532,0,88.029,2555,2990,1.150,1.520,1.030,2,0,1.000,0,0,18,327,1,20,0
19-01 13:52:33,16.247,2.250,79.733,0.750,0,5370600,175996,171720,2290268,26165.555,9006.126,15.997,12221.457,1.000,115.976,2634,2865,1.150,1.520,1.030,1,0,1.000,0,0,18,327,1,20,0
19-01 13:52:34,18.009,3.502,77.039,0.500,0.250,5369236,176916,171792,2290572,22205.178,10315.193,0,1212.610,0,55.028,3748,5200,1.150,1.520,1.030,1,0,1.001,0,0,18,327,1,20,0
19-01 13:52:35,17.993,1.749,78.717,0.500,0,5372708,172896,171880,2290984,288964.983,14190.106,0,1271.472,0,40.983,2847,2510,1.210,1.530,1.030,1,0,0,0,0,18,327,1,18,0
19-01 13:52:36,10.249,2.000,84.989,1.250,0,5372440,172224,172156,2291476,94358.598,17155.745,27.996,3675.517,3.999,309.959,3222,3565,1.210,1.530,1.030,0,0,0,0,0,18,327,1,18,0
19-01 13:52:37,13.000,1.250,84.000,0.750,0,5372924,171216,172304,2291744,51634.104,11152.023,104.000,1544.003,6.000,65.000,2105,2119,1.210,1.530,1.030,1,0,0,0,0,18,327,1,18,0
19-01 13:52:38,10.270,2.004,85.168,0.250,0,5374928,150700,172372,2310120,5021247.548,39531.962,0,5053.967,0,66.130,3292,2466,1.210,1.530,1.030,0,0,2.004,0,0,18,327,1,18,0
19-01 13:52:39,9.979,3.243,85.075,0.998,0,5375136,148996,172516,2312188,12570837.527,60754.944,163.663,17124.751,3.992,81.832,5227,3635,1.210,1.530,1.030,0,0,3.992,0,0,18,327,1,14,0
19-01 13:52:40,21.560,2.507,74.206,0.752,0,5384080,128220,173684,2321636,200207.021,3976.022,0,2262.272,0,86.239,2699,2387,1.200,1.520,1.030,1,0,1.003,0,0,18,327,1,14,0
19-01 13:52:41,23.751,4.000,70.754,0.250,0,5394500,131380,176344,2304300,10390.597,1662.095,0,3344.192,0,54.003,2763,2893,1.200,1.520,1.030,1,0,0,0,0,18,327,1,14,0
19-01 13:52:42,23.984,2.748,71.202,0.500,0,5391792,144280,176716,2293320,8571.207,1618.906,0,2210.506,0,57.961,2793,2712,1.200,1.520,1.030,1,0,0,0,0,18,327,1,14,0
19-01 13:52:43,23.007,3.751,71.521,0.750,0,5406752,138164,177336,2283952,8578.557,1532.457,16.005,2456.732,1.000,106.032,2957,2975,1.200,1.520,1.030,1,0,0,0,0,18,327,1,10,0
19-01 13:52:44,22.253,6.501,67.759,2.250,0,5398936,132424,178180,2295612,8781.171,1620.216,0,101521.533,0,724.097,3624,2694,1.200,1.520,1.030,1,0,0,0,0,18,327,1,10,0
19-01 13:52:45,23.990,3.249,72.220,0.500,0,5397200,127788,178684,2300152,5585.675,1619.326,0,2383.008,0,98.959,2754,2600,1.180,1.510,1.030,2,0,0,0,0,18,327,1,10,0
19-01 13:52:46,25.517,2.251,70.297,0,0,5404824,118820,179904,2299768,7772.173,1621.079,0,1693.127,0,21.014,2620,2640,1.180,1.510,1.030,1,0,0,0,0,18,327,1,10,0
19-01 13:52:47,23.195,3.741,71.330,1.247,0,5398944,122940,180996,2299500,10862.060,1616.140,0,3782.966,0,260.378,3116,2859,1.180,1.510,1.030,2,0,0.998,0,0,18,327,1,7,0
19-01 13:52:48,19.746,1.750,76.733,0.250,0,5401856,150356,181304,2268268,15581.558,4275.056,0,1567.654,0,55.988,2550,2615,1.180,1.510,1.030,1,0,1.000,0,0,18,325,1,7,0
19-01 13:52:49,22.810,4.261,71.940,0,0,5353964,198252,181304,2268260,8701.951,1624.284,0,76.201,0,4.011,2635,2140,1.180,1.510,1.030,2,0,36.095,0,0,18,325,1,7,0
19-01 13:52:50,19.951,2.244,76.561,0,0,5348652,196560,181572,2274680,14013.495,3889.423,0,1815.530,0,21.946,2229,2034,1.170,1.500,1.030,1,0,0.998,0,0,18,325,1,7,0
19-01 13:52:51,19.244,3.499,76.226,0.250,0,5348576,196336,181584,2274828,15320.199,4417.616,0,367.885,0,6.998,2711,2627,1.170,1.500,1.030,0,0,17.994,0,0,18,326,1,4,0
19-01 13:52:52,24.790,4.758,68.110,0.250,0,5337520,199540,182196,2281048,9193.815,1794.892,0,1233.988,0,39.063,9970,18359,1.170,1.500,1.030,1,0,11.018,0,0,18,325,1,4,0
19-01 13:52:53,22.792,5.009,71.132,0,0,5337380,199136,182252,2281404,5794.744,1623.009,32.059,2969.506,1.002,24.045,3445,4123,1.170,1.500,1.030,1,0,8.015,0,0,18,325,1,4,0
19-01 13:52:54,21.929,6.728,69.774,0.249,0,5337300,198944,182292,2281568,6457.084,1614.769,0,326.941,0,9.968,8528,15124,1.170,1.500,1.030,1,0,14.952,0,0,18,325,1,4,0
19-01 13:52:55,21.752,5.001,71.507,0.250,0,5328336,222156,182300,2268560,9823.017,1620.168,0,3180.329,0,123.013,2751,2499,1.150,1.490,1.030,1,0,1.000,0,0,18,325,1,3,0
19-01 13:52:56,24.495,4.249,68.735,1.500,0,5347144,199980,182408,2271800,8610.069,1619.637,623.860,1943.564,13.997,42.990,3215,3399,1.150,1.490,1.030,1,0,6.998,0,0,18,325,1,3,0
19-01 13:52:57,24.804,5.512,66.646,1.253,0,5347796,198220,182408,2272904,10260.475,1623.556,481.054,5628.329,29.064,609.335,7923,10529,1.150,1.490,1.030,1,1,0,0,0,18,328,1,7,0
19-01 13:52:58,15.726,14.478,67.395,1.248,0,5323192,222176,182408,2273552,41180.116,1617.491,527.182,966.501,25.960,116.819,7257,8046,1.150,1.490,1.030,1,0,294.543,0,0,18,327,1,7,0
19-01 13:52:59,14.041,11.283,69.451,4.513,0,5304064,239836,182408,2275052,27253.765,1698.910,1484.290,10755.083,61.177,64.185,4496,3696,1.150,1.490,1.030,1,1,156.452,0,0,18,327,1,9,0
19-01 13:53:00,5.480,2.242,71.743,18.185,0,5274680,236624,182408,2307624,8193.628,1506.599,32447.685,4280.655,1845.385,179.357,4227,6327,1.140,1.480,1.030,0,1,0,0,0,18,327,1,9,0
19-01 13:53:01,9.252,3.751,76.016,8.502,0,5275156,226296,182812,2317088,6696.451,2635.571,9830.130,1108.240,1799.390,17.004,6035,6539,1.140,1.480,1.030,0,0,6.001,0,0,18,328,1,9,0
19-01 13:53:02,2.500,1.250,95.243,0.500,0,5275148,226296,182812,2317096,29766.915,3510.754,0,179.987,0,24.998,1656,2391,1.140,1.480,1.030,0,0,1.000,0,0,18,328,1,9,0
19-01 13:53:03,3.000,1.000,94.242,0.750,0,5276720,224532,182820,2317280,30827.302,5136.550,183.984,267.977,5.000,24.998,1629,2268,1.140,1.480,1.030,0,0,1.000,0,0,18,328,1,9,0
19-01 13:53:04,4.251,2.000,90.270,1.750,0,5278048,222820,182844,2317640,178122.530,131055.084,244.054,1068.237,15.003,20.004,1919,2144,1.140,1.480,1.030,1,0,15.003,0,0,18,327,1,9,1
19-01 13:53:05,2.499,0.750,95.479,0,0,5268052,233164,182844,2317324,9051.040,1983.571,0,699.848,0,16.996,1397,1843,1.050,1.460,1.020,0,0,0,0,0,18,327,1,9,0
19-01 13:53:06,3.749,1.500,93.472,0,0,5265092,235952,182844,2317496,7179.833,1619.511,0,123.963,0,15.995,1720,2530,1.050,1.460,1.020,0,0,0,0,0,18,329,1,9,0
19-01 13:53:07,1.750,0.750,96.506,0.250,0,5254324,246720,182844,2317496,8256.530,1512.097,0,64.004,0,9.001,1159,1686,1.050,1.460,1.020,1,0,0,0,0,18,329,1,9,0
19-01 13:53:08,2.250,1.000,95.485,0.250,0,5253612,247400,182844,2317528,7705.795,1619.747,15.997,479.925,1.000,45.993,1527,2264,1.050,1.460,1.020,0,0,0,0,0,18,329,1,9,0
19-01 13:53:09,1.750,0.500,96.245,0,0,5247388,253624,182844,2317528,5348.695,1619.908,0,31.998,0,4.000,1193,1675,1.050,1.460,1.020,0,0,1.000,0,0,18,329,1,9,0
19-01 13:53:10,1.500,0.500,96.780,0,0,5247388,253624,182844,2317528,9971.106,1566.488,0,0,0,0,1239,1664,0.960,1.430,1.020,0,0,0,0,0,18,329,1,9,0
19-01 13:53:11,3.500,1.500,93.754,0,0,5247124,253876,182844,2317540,9083.353,1620.063,0,4.000,0,1.000,1522,2162,0.960,1.430,1.020,0,0,0,0,0,18,329,1,9,0
19-01 13:53:12,7.752,4.001,87.273,0.250,0,5253064,247904,182844,2317572,6093.576,1620.419,0,164.042,0,27.007,3176,7753,0.960,1.430,1.020,0,0,36.009,0,0,18,329,1,10,0
19-01 13:53:13,2.499,0.750,94.724,0.500,0,5251800,249160,182844,2317580,8750.636,1619.562,0,1647.555,0,242.934,1768,1928,0.960,1.430,1.020,0,0,0,0,0,18,329,1,10,0
19-01 13:53:14,1.999,0.750,96.448,0.250,0,5250708,250252,182844,2317580,8979.131,1619.122,0,179.902,0,10.994,1281,1764,0.960,1.430,1.020,0,0,0,0,0,18,329,1,10,0
19-01 13:53:15,1.250,4.498,90.715,1.999,0.250,5234296,266624,182844,2317596,9302.404,1565.395,0,116910.812,0,935.638,3124,3248,0.970,1.430,1.020,0,0,0,0,0,18,329,1,10,0
19-01 13:53:16,9.512,2.754,86.862,0,0,5255240,245632,182844,2317648,6817.757,1568.014,256.329,0,2.003,0,1920,2498,0.970,1.430,1.020,0,0,3.004,0,0,18,329,1,9,0
19-01 13:53:17,19.739,6.247,72.710,0,0,5277636,223372,182844,2317652,7471.910,1619.114,511.720,99.945,3.998,15.991,2706,2286,0.970,1.430,1.020,2,0,8.995,0,0,18,329,1,9,0
19-01 13:53:18,7.000,2.500,88.753,0.250,0,5264424,236572,182844,2317664,9413.291,1620.050,256.008,624.019,2.000,56.002,2233,2881,0.970,1.430,1.020,0,0,2.000,0,0,18,329,1,9,0
19-01 13:53:19,1.750,0.750,96.777,0,0,5262992,238004,182844,2317664,7076.952,1566.432,0,32.009,0,4.001,1190,1701,0.970,1.430,1.020,0,0,1.000,0,0,18,329,1,9,0
19-01 13:53:20,1.505,2.006,94.799,0,0.251,5244456,256532,182844,2317672,8729.490,1625.118,0,57477.000,0,231.730,1857,2186,0.890,1.400,1.010,0,0,0,0,0,18,329,1,9,0
19-01 13:53:21,3.240,1.246,93.953,0.249,0,5243640,257344,182844,2317676,7613.962,1614.902,0,1220.148,0,5.981,1607,2351,0.890,1.400,1.010,0,0,0,0,0,18,329,1,9,0
19-01 13:53:22,2.000,0.750,95.487,0,0,5242472,258468,182844,2317720,8866.837,1565.795,0,103.986,0,14.998,1500,2153,0.890,1.400,1.010,1,0,0,0,0,18,329,1,9,0
19-01 13:53:23,1.250,0.500,96.743,0,0,5242284,258656,182844,2317720,7285.480,1693.879,0,4.000,0,1.000,1193,1679,0.890,1.400,1.010,0,0,0,0,0,18,329,1,9,0
19-01 13:53:24,2.000,1.750,95.006,0.250,0,5242528,258412,182844,2317720,7353.446,1694.103,0,180.011,0,11.001,1412,1790,0.890,1.400,1.010,0,0,6.000,0,0,18,329,1,9,0
19-01 13:53:25,1.999,0.749,95.932,0,0,5242524,258412,182844,2317724,6249.599,1638.846,0,31.977,0,3.997,1267,1756,0.820,1.380,1.010,0,0,1.999,0,0,18,329,1,9,0
19-01 13:53:26,3.502,1.251,94.310,0,0,5242440,258412,182844,2317808,10743.813,1737.102,0,204.129,0,5.003,1621,2256,0.820,1.380,1.010,0,0,0,0,0,18,329,1,9,0
19-01 13:53:27,1.750,0.750,96.264,0,0,5242416,258412,182844,2317832,8125.157,1694.241,0,100.014,0,6.001,1207,1708,0.820,1.380,1.010,0,0,0,0,0,18,329,1,9,0
19-01 13:53:28,2.247,0.999,95.113,0.499,0,5242596,258172,182844,2317892,45293.904,1637.646,47.931,1769.457,2.996,247.644,2185,2447,0.820,1.380,1.010,0,0,0,0,0,18,329,1,9,0
19-01 13:53:29,1.501,1.251,96.320,0,0,5242596,258172,182844,2317892,42989.221,1663.208,0,60.044,0,7.005,1265,1701,0.820,1.380,1.010,0,0,1.001,0,0,18,329,1,9,0
19-01 13:53:30,1.250,0.500,96.527,0,0,5242592,258172,182844,2317896,9179.580,1640.461,0,0,0,0,1208,1636,0.750,1.360,1,1,0,0,0,0,18,329,1,9,0
19-01 13:53:31,4.251,2.501,92.780,0,0,5242224,258320,182844,2318116,7844.506,1620.518,0,2576.823,0,15.005,2013,2724,0.750,1.360,1,0,0,0,0,0,18,329,1,9,0
19-01 13:53:32,2.747,1.249,93.653,0.749,0,5242272,258228,182844,2318160,6111.641,1618.316,0,4143.689,0,202.789,2100,3105,0.750,1.360,1,0,0,0.999,0,0,18,329,1,9,0
19-01 13:53:33,1.752,0.751,95.605,0.250,0,5242268,258228,182844,2318164,6033.624,1621.781,0,176.193,0,21.023,1589,2235,0.750,1.360,1,1,0,1.001,0,0,18,329,1,9,0
19-01 13:53:34,1.750,1.000,95.741,0.250,0,5242268,258228,182844,2318164,9062.137,1565.851,0,55.995,0,5.999,1363,1899,0.750,1.360,1,0,0,0,0,0,18,329,1,9,0
19-01 13:53:35,6.018,1.755,91.267,0,0,5251016,249476,182848,2318164,175070.435,4727.811,0,224.656,0,13.038,1991,2202,0.690,1.330,0.990,1,0,5.015,0,0,18,329,1,9,0
19-01 13:53:36,19.450,4.987,73.811,0.499,0.249,5258416,241760,182860,2318468,407997.873,16214.584,123.684,199.490,5.985,5.985,4039,3794,0.690,1.330,0.990,1,0,33.913,0,0,18,329,1,7,0
19-01 13:53:37,17.255,8.252,71.270,1.751,0,5253528,241484,182860,2323612,154563.227,4805.375,272.078,156.045,44.013,2.001,4680,5718,0.690,1.330,0.990,0,1,42.012,0,0,18,329,1,7,0
