"pcp-dstat 6.2.0 CSV Output"
"Author:","PCP team <pcp@groups.io> and Dag Wieers <dag@wieers.com>",,,,"URL:","https://pcp.io/ and http://dag.wieers.com/home-made/dstat/"
"Host:","ubuntu",,,,"User:","ubuntu"
"Cmdline:","dstat -tcmndrylpg --tcp --output /tmp/devstack_logs/dstat-csv.log",,,,"Date:","16 Jan 2026 15:32:19 UTC"
"system","total usage",,,,,"memory usage",,,,"net/total",,"dsk/total",,"io/total",,"system",,"load avg",,,"procs",,,"paging",,"tcp sockets",,,,
"time","total usage:usr","total usage:sys","total usage:idl","total usage:wai","total usage:stl","used","free","buf","cach","net/total:recv","net/total:send","dsk/total:read","dsk/total:writ","read","writ","int","csw","1m","5m","15m","run","blk","new","in","out","lis","act","syn","tim","clo"
16-01 15:32:19,,1034664,1673448,162252,4951320,,,,,,,1.640,1.020,0.560,3,0,,,,10,6,0,17,0
16-01 15:32:20,20.247,21.247,57.241,0.750,0,1036192,1671508,162320,4951620,78201.822,12070.120,0,2635.590,0,99.984,6768,5887,1.640,1.020,0.560,2,0,518.919,0,0,10,5,0,17,1
16-01 15:32:21,27.234,17.490,53.219,0,0,1033396,1673740,162356,4952004,20304.128,10737.722,0,1595.067,0,52.969,6317,6119,1.750,1.050,0.580,3,0,357.791,0,0,10,4,0,17,2
16-01 15:32:22,31.753,15.501,52.005,0.500,0,1016160,1673476,162384,4968856,197065.502,12524.112,0,1872.166,0,52.005,6430,7237,1.750,1.050,0.580,6,0,237.021,0,0,10,4,0,17,2
16-01 15:32:23,44.930,13.229,39.189,1.248,0,1160364,1509744,163348,5108728,11893.484,1841.134,47.925,2032.835,3.994,68.893,5220,4198,1.750,1.050,0.580,2,0,149.767,0,0,11,6,1,17,2
16-01 15:32:24,39.333,11.274,48.352,0.501,0,1186508,1465728,163800,5124164,11324.799,1697.567,32.067,1675.521,2.004,51.107,4546,3222,1.750,1.050,0.580,2,0,175.369,0,0,11,6,1,19,2
16-01 15:32:25,44.868,5.733,48.607,0.997,0,1260336,1369188,164404,5144200,10718.558,1689.045,0,3685.190,0,63.813,3145,1684,1.750,1.050,0.580,2,0,0,0,0,11,6,1,19,2
16-01 15:32:26,40.865,5.265,48.136,4.763,0,1260704,1347948,165848,5161092,7439.976,1740.908,0,20265.135,0,1225.455,8601,10857,1.770,1.070,0.580,2,1,10.028,0,0,11,8,1,19,2
16-01 15:32:27,33.729,8.245,41.224,14.241,0,1250392,1324588,167536,5190644,10082.653,1692.934,0,80521.315,0,5306.660,21878,32507,1.770,1.070,0.580,2,0,71.955,0,0,11,8,1,19,2
16-01 15:32:28,39.011,6.752,53.015,1.000,0,1233704,1350928,168128,5179472,15449.434,4417.268,0,8878.548,0,468.134,4775,4468,1.770,1.070,0.580,2,0,75.022,0,0,11,4,1,19,0
16-01 15:32:29,44.651,5.987,48.144,0,0,1248476,1336280,168136,5179412,8625.938,1616.428,0,750.342,0,25.943,3140,1771,1.770,1.070,0.580,2,0,19.956,0,0,11,4,1,19,0
16-01 15:32:30,39.836,6.013,52.864,1.002,0,1251220,1327276,168312,5184864,16124.642,3819.205,0,7728.604,0,375.807,4066,3196,1.770,1.070,0.580,2,0,27.058,0,0,11,4,1,19,0
16-01 15:32:31,41.671,4.991,52.900,0,0,1296756,1280468,168344,5185940,13101.254,3645.115,0,431.186,0,10.979,2876,1503,1.790,1.080,0.590,1,0,17.966,0,0,11,5,1,19,0
16-01 15:32:32,40.094,12.028,46.359,0.251,0,1273264,1295908,168884,5192064,12735.856,2699.328,0,1138.669,0,22.052,12318,19530,1.790,1.080,0.590,3,0,243.571,0,0,11,4,1,19,0
16-01 15:32:33,30.456,25.712,42.188,0,0,1232948,1335360,168952,5192988,6220.913,1617.637,0,131.807,0,12.981,14566,22334,1.790,1.080,0.590,2,0,507.259,0,0,11,4,1,19,0
16-01 15:32:34,47.235,18.744,32.989,0,0,1169048,1413872,169004,5180056,8159.398,1693.460,0,2171.307,0,15.995,5975,7359,1.790,1.080,0.590,3,0,259.917,0,0,11,5,1,19,0
16-01 15:32:35,66.747,8.250,24.499,0,0,1241304,1341568,169012,5180208,10546.474,1619.919,0,99.995,0,10.000,3875,1495,1.790,1.080,0.590,3,0,24.999,0,0,11,5,1,19,0
16-01 15:32:36,47.221,8.495,43.473,0,0,1263960,1318340,169024,5180752,7529.311,1618.992,0,363.773,0,29.981,3291,1694,1.890,1.120,0.610,2,0,55.965,0,0,11,5,1,19,0
16-01 15:32:37,36.763,9.753,53.019,0.250,0.250,1292504,1287404,169064,5183072,9281.311,1620.578,0,2568.916,0,115.041,4301,4233,1.890,1.120,0.610,2,0,118.042,0,0,11,4,1,19,0
16-01 15:32:38,14.998,4.500,79.241,0.250,0,1318268,1261628,169072,5183072,7272.197,1457.839,0,15542.283,0,72.992,2019,1707,1.890,1.120,0.610,1,0,23.997,0,0,11,4,1,19,0
16-01 15:32:39,23.989,2.749,73.217,0,0,1356476,1223420,169072,5183072,10083.429,1619.266,0,0,0,0,1857,1220,1.890,1.120,0.610,1,0,1.000,0,0,11,4,1,19,0
16-01 15:32:40,23.257,2.251,72.773,0.750,0,1385880,1193708,169140,5183312,11090.488,1620.510,0,1432.451,0,187.059,3652,4353,1.890,1.120,0.610,1,0,1.000,0,0,11,10,1,19,0
16-01 15:32:41,20.760,5.252,72.784,0.500,0,1325436,1254024,169164,5183412,6773.176,1620.760,100.047,2541.192,10.005,147.069,2632,2279,1.810,1.110,0.610,1,0,42.020,0,0,11,4,1,21,0
16-01 15:32:42,19.235,1.499,77.940,0.250,0,1351124,1227816,169428,5183608,8720.248,4187.757,271.790,495.616,9.992,6.995,1773,1364,1.810,1.110,0.610,1,0,0,0,0,11,11,1,21,0
16-01 15:32:43,18.250,4.000,72.501,4.500,0,1343260,1235176,169476,5183980,12995.146,6307.071,268.003,15400.173,66.001,157.002,2795,2590,1.810,1.110,0.610,0,0,3.000,0,0,11,29,1,21,0
16-01 15:32:44,20.052,5.514,74.695,0,0,1385828,1192600,169476,5183988,10653.791,2689.014,0,0,0,0,2267,1688,1.810,1.110,0.610,1,0,43.112,0,0,11,28,1,22,0
16-01 15:32:45,17.984,1.748,78.930,0,0,1402372,1176040,169476,5184004,15355.316,8474.448,0,903.195,0,4.996,2015,1641,1.810,1.110,0.610,1,0,0,0,0,11,28,1,17,0
16-01 15:32:46,32.785,11.262,55.059,0,0,1457028,1121364,169476,5184020,7211.746,1621.742,0,12.013,0,3.003,3695,2463,1.750,1.110,0.610,2,0,156.168,0,0,11,28,1,17,0
16-01 15:32:47,36.174,3.992,59.126,0,0,1501004,1077380,169476,5184028,18815.481,10600.735,0,0,0,0,3030,2285,1.750,1.110,0.610,2,0,0,0,0,11,30,1,17,0
16-01 15:32:48,38.076,17.535,43.086,0,0,1420596,1157560,169496,5184232,53994.202,11380.807,0,23787.669,0,129.259,6723,8378,1.750,1.110,0.610,5,0,372.747,0,0,11,28,1,18,0
16-01 15:32:49,81.174,18.982,0,0,0,1578532,999516,169496,5184276,6845.571,1618.480,0,15.985,0,3.996,5263,3614,1.750,1.110,0.610,6,0,206.806,0,0,11,28,1,18,0
16-01 15:32:50,89.091,9.510,1.502,0,0,1734648,843356,169496,5184312,62162.488,22978.469,0,0,0,0,6592,5784,1.750,1.110,0.610,3,0,0,0,0,11,33,1,18,0
16-01 15:32:51,66.634,14.225,17.969,0.250,0,1647764,929956,169536,5184552,35510.938,25673.131,0,666.835,0,71.874,8137,12257,1.930,1.160,0.630,0,0,249.564,0,0,11,29,1,23,0
16-01 15:32:52,19.771,6.757,73.327,0,0,1548936,1028768,169548,5184556,9902.376,1819.907,0,228.239,0,15.016,2734,2139,1.930,1.160,0.630,1,0,60.063,0,0,11,28,1,24,0
16-01 15:32:53,17.959,1.995,78.319,0,0,1524904,1052784,169552,5184564,14295.021,7309.138,0,6393.251,0,31.926,2424,2326,1.930,1.160,0.630,0,0,0,0,0,11,29,1,22,0
16-01 15:32:54,17.003,6.751,75.765,0.500,0,1454144,1123524,169564,5184572,10090.986,2804.552,0,1372.270,0,72.014,3225,3056,1.930,1.160,0.630,1,0,68.013,0,0,11,28,1,23,0
16-01 15:32:55,18.749,1.750,77.994,0,0,1465728,1111932,169564,5184580,13277.989,5534.578,0,4.000,0,1.000,1951,1575,1.930,1.160,0.630,1,0,0,0,0,11,29,1,23,0
16-01 15:32:56,14.287,11.028,74.692,0.251,0,1435684,1141944,169576,5184600,11544.614,4528.617,0,288.741,0,45.116,4660,4678,1.850,1.160,0.630,3,0,237.610,0,0,11,28,1,24,0
16-01 15:32:57,27.992,30.742,39.489,0.500,0,1436700,1140852,169636,5184612,5821.437,1619.565,0,3950.939,0,219.941,6966,6494,1.850,1.160,0.630,5,0,779.791,0,0,11,28,1,24,0
16-01 15:32:58,83.615,14.477,1.747,0,0,1623940,953524,169636,5184692,11948.725,5795.651,0,91883.780,0,631.981,5637,2658,1.850,1.160,0.630,4,0,20.966,0,0,11,30,1,24,0
16-01 15:32:59,72.401,8.768,17.787,0,0,1676876,900392,169664,5184904,45140.454,37285.017,0,5062.593,0,173.363,8177,11738,1.850,1.160,0.630,2,0,1.002,0,0,11,33,1,24,0
16-01 15:33:00,76.509,18.752,5.001,0.250,0,1534668,1042516,169700,5184952,17720.173,11318.388,0,696.085,0,76.009,7403,9755,1.850,1.160,0.630,6,0,310.038,0,0,11,28,1,25,0
16-01 15:33:01,87.990,11.749,0.250,0,0,1678952,898200,169712,5184972,11152.708,5052.415,0,219.975,0,9.999,4959,2442,2.190,1.240,0.660,4,0,0,0,0,11,30,1,25,0
16-01 15:33:02,80.666,8.991,9.740,0,0,1744700,832036,169716,5185380,46777.359,40357.035,0,139.855,0,8.991,8486,11393,2.190,1.240,0.660,4,0,0,0,0,11,34,1,25,0
16-01 15:33:03,64.650,14.977,19.720,0,0,1557824,1018708,169728,5185572,34661.438,22363.442,0,491.241,0,41.935,7926,11087,2.190,1.240,0.660,2,0,297.540,0,0,11,28,1,30,0
16-01 15:33:04,38.520,3.752,57.780,0,0,1557980,1018532,169728,5185592,11649.145,6267.306,0,1888.996,0,111.059,2748,1426,2.190,1.240,0.660,1,0,0,0,0,11,30,1,30,0
16-01 15:33:05,34.544,9.512,54.569,0,0,1515232,1061228,169744,5185628,20371.711,15245.241,0,252.318,0,25.032,6164,7506,2.190,1.240,0.660,3,0,168.212,0,0,11,28,1,32,0
16-01 15:33:06,60.295,16.512,22.767,0,0,1537132,1039288,169748,5185664,8899.586,1621.200,0,220.163,0,13.010,4136,2396,2.410,1.300,0.680,3,0,210.156,0,0,11,28,1,32,0
16-01 15:33:07,45.483,5.498,47.982,0,0,1573332,1003036,169752,5185708,29582.849,23595.106,0,151.943,0,11.995,5070,6041,2.410,1.300,0.680,2,0,0,0,0,11,31,1,32,0
16-01 15:33:08,63.709,20.487,15.490,0,0,1471424,1104748,169768,5185888,12914.590,7943.827,0,463.698,0,53.965,6572,6920,2.410,1.300,0.680,4,0,257.832,0,0,11,28,1,33,0
16-01 15:33:09,73.488,7.249,18.497,0,0,1592928,983228,169776,5185896,23576.017,15585.367,0,539.909,0,18.997,4990,3516,2.410,1.300,0.680,5,0,1.000,0,0,11,32,1,30,0
16-01 15:33:10,67.081,8.010,25.030,0.250,0,1589696,986268,169776,5186088,35854.429,28018.938,0,688.834,0,56.068,8465,12193,2.410,1.300,0.680,5,0,96.116,0,0,11,28,1,33,0
16-01 15:33:11,64.853,19.955,14.218,0,0,1535552,1040388,169780,5186120,9420.602,1616.329,0,299.320,0,11.973,4703,9400,2.700,1.380,0.710,3,0,263.402,0,0,11,28,1,34,0
16-01 15:33:12,48.900,6.237,44.160,0,0.249,1581056,994844,169788,5186152,25663.506,20384.305,0,175.641,0,8.982,4972,5184,2.700,1.380,0.710,2,0,0,0,0,11,31,1,34,0
16-01 15:33:13,53.849,18.785,27.050,0.501,0,1462128,1113700,169800,5186212,18343.877,11911.999,0,1282.368,0,92.170,6652,7674,2.700,1.380,0.710,3,0,299.553,0,0,11,28,1,33,0
16-01 15:33:14,54.288,6.505,39.028,0,0,1568460,1007216,169800,5186364,21470.219,13242.387,0,384.272,0,5.004,3990,2697,2.700,1.380,0.710,3,0,0,0,0,11,31,1,33,0
16-01 15:33:15,53.762,11.002,35.008,0,0,1441692,1133676,169804,5186668,25380.733,17846.031,0,172.039,0,16.004,6616,8473,2.700,1.380,0.710,5,0,194.044,0,0,11,28,1,36,0
16-01 15:33:16,62.600,13.522,23.287,0.250,0,1499644,1075704,169808,5186684,10771.185,1622.589,0,196.313,0,9.014,3971,1930,2.720,1.410,0.730,3,0,93.149,0,0,11,28,1,36,0
16-01 15:33:17,46.499,4.500,48.249,0,0,1520108,1055052,169816,5186864,29535.130,24163.289,0,191.994,0,17.999,5253,6855,2.720,1.410,0.730,1,0,0,0,0,11,31,1,36,0
16-01 15:33:18,59.611,13.718,25.939,0,0,1506756,1068364,169824,5186896,48157.605,4763.882,0,335.218,0,24.942,5051,4044,2.720,1.410,0.730,3,0,111.739,0,0,11,28,1,35,0
16-01 15:33:19,55.482,5.498,38.987,0,0,1553016,1022088,169824,5186912,20313.381,14551.259,0,347.887,0,10.996,3972,2821,2.720,1.410,0.730,2,0,1.000,0,0,11,31,1,35,0
16-01 15:33:20,53.891,20.052,25.316,0.251,0,1462696,1112304,169872,5186968,54198.573,14282.307,0,3453.020,0,196.513,7475,9504,2.720,1.410,0.730,6,0,429.121,0,0,11,28,1,37,0
16-01 15:33:21,80.261,20.003,0,0,0,1598620,976284,169876,5187028,6327.840,1620.215,0,200.027,0,14.002,5554,4539,3.070,1.500,0.760,7,0,402.053,0,0,11,28,1,37,0
16-01 15:33:22,81.977,16.995,0.750,0,0,1738760,835988,169880,5187180,25343.000,18657.846,0,175.951,0,12.996,5955,5367,3.070,1.500,0.760,6,0,409.887,0,0,11,32,2,37,0
16-01 15:33:23,78.515,18.003,3.751,0,0,1673292,901180,169900,5187440,49394.345,41756.900,0,636.120,0,55.010,8679,11558,3.070,1.500,0.760,6,0,410.078,0,0,11,29,1,38,0
16-01 15:33:24,80.506,18.751,0.500,0,0,1628376,946012,169916,5187508,16107.273,8383.662,0,1172.093,0,24.002,5767,4679,3.070,1.500,0.760,6,0,204.016,0,0,11,28,1,38,0
16-01 15:33:25,83.706,8.496,7.496,0,0,1685788,888576,169916,5187532,30702.866,21208.855,0,127.933,0,8.995,5955,4877,3.070,1.500,0.760,4,0,0,0,0,11,32,1,38,0
16-01 15:33:26,67.152,12.731,19.222,0,0,1615092,959028,169920,5187768,43041.231,34484.710,0,119.825,0,10.984,9057,14117,3.140,1.540,0.780,3,0,244.643,0,0,11,29,1,40,0
16-01 15:33:27,17.533,23.795,57.608,0,0,1441896,1132188,169920,5187804,14046.296,5791.843,0,196.368,0,15.028,6846,6605,3.140,1.540,0.780,5,0,685.283,0,0,11,28,1,41,0
16-01 15:33:28,64.071,31.163,4.487,0,0,1500636,1073404,169924,5187844,5665.165,1689.278,0,235.342,0,17.950,5623,4761,3.140,1.540,0.780,5,0,671.124,0,0,11,28,1,41,0
16-01 15:33:29,66.398,7.016,26.559,0,0,1606024,967852,169924,5188008,29143.118,21030.992,0,1639.664,0,46.103,5001,5000,3.140,1.540,0.780,2,0,1.002,0,0,11,32,1,41,0
16-01 15:33:30,67.032,16.508,16.258,0.250,0,1518380,1055468,169940,5188076,21451.142,15327.247,0,708.335,0,72.034,7145,9308,3.140,1.540,0.780,4,0,201.095,0,0,11,28,1,45,0
16-01 15:33:31,78.499,10.750,11.000,0,0,1588684,985124,169944,5188112,16358.823,10088.891,0,235.997,0,14.000,4727,2759,3.210,1.580,0.790,3,0,66.999,0,0,11,31,1,45,0
16-01 15:33:32,57.709,7.245,33.476,0,0,1605336,968240,169944,5188344,44997.341,36259.489,0,191.865,0,9.993,9770,14862,3.210,1.580,0.790,2,0,0,0,0,11,32,1,45,0
16-01 15:33:33,62.668,9.238,27.714,0,0,1524968,1048348,169960,5188588,39552.983,31484.594,0,475.375,0,49.934,11134,17293,3.210,1.580,0.790,6,0,59.921,0,0,11,29,1,45,0
16-01 15:33:34,81.174,13.028,5.011,0,0,1568500,1004804,169968,5188592,13699.289,6219.297,0,316.677,0,27.058,5192,3056,3.210,1.580,0.790,4,0,60.129,0,0,11,29,1,45,0
16-01 15:33:35,62.982,6.248,30.491,0,0,1608324,964772,169972,5188796,37244.575,29978.609,0,2771.224,0,113.968,7906,10400,3.210,1.580,0.790,2,0,0,0,0,11,32,1,45,0
16-01 15:33:36,54.438,9.240,35.959,0,0,1583820,988980,169980,5189056,46845.970,40814.798,0,183.792,0,8.990,11798,18915,3.270,1.620,0.810,2,0,76.913,0,0,11,30,1,47,0
16-01 15:33:37,78.918,15.734,4.995,0,0,1533780,1038980,169984,5189104,15929.549,7194.570,0,151.843,0,10.989,5547,4174,3.270,1.620,0.810,4,0,188.805,0,0,11,29,1,49,0
16-01 15:33:38,69.620,6.511,23.290,0,0,1596684,975908,169988,5189268,28744.519,23260.071,0,152.262,0,9.016,5674,5767,3.270,1.620,0.810,5,0,0,0,0,11,32,1,49,0
16-01 15:33:39,63.778,10.004,25.011,0,0,1567424,1005064,170000,5189360,35419.705,28488.631,0,264.117,0,22.010,9325,14367,3.270,1.620,0.810,5,0,69.031,0,0,11,29,1,51,0
16-01 15:33:40,79.793,12.218,7.730,0,0,1576544,995768,170012,5189524,16532.145,8115.962,0,347.100,0,26.930,5288,3988,3.270,1.620,0.810,5,0,61.840,0,0,11,30,1,51,0
16-01 15:33:41,66.152,10.524,22.552,0,0,1496492,1075756,170036,5189564,26236.244,20568.229,0,328.755,0,35.081,5575,6361,3.250,1.640,0.820,3,0,110.253,0,0,11,30,1,53,0
16-01 15:33:42,71.670,9.739,18.479,0,0.250,1591320,980716,170040,5189772,32508.555,23352.819,0,147.834,0,8.990,6259,10297,3.250,1.640,0.820,4,0,9.989,0,0,11,31,1,51,0
16-01 15:33:43,64.560,13.262,21.520,0.250,0,1610804,961156,170044,5189844,33548.068,26266.325,0,292.271,0,29.027,6887,9943,3.250,1.640,0.820,5,0,143.133,0,0,11,34,1,53,0
16-01 15:33:44,75.625,12.729,10.982,0,0,1542900,1029032,170044,5189872,15804.934,11275.404,0,147.756,0,7.987,4890,3738,3.250,1.640,0.820,2,0,85.858,0,0,11,34,1,55,0
16-01 15:33:45,73.888,10.269,16.280,0,0,1554264,1017620,170044,5189884,28118.383,19156.688,0,188.351,0,12.022,5545,6433,3.250,1.640,0.820,3,0,40.075,0,0,11,34,1,57,0
16-01 15:33:46,68.212,11.244,19.739,0,0,1534524,1037228,170056,5190004,26589.340,19441.281,0,355.804,0,37.979,5700,8373,3.310,1.680,0.840,5,0,116.936,0,0,11,33,1,57,0
16-01 15:33:47,53.746,10.999,33.747,0.500,0,1550248,1021332,170064,5190168,16302.792,9557.292,0,439.967,0,42.997,4500,4026,3.310,1.680,0.840,3,0,110.992,0,0,11,32,1,59,0
16-01 15:33:48,53.590,9.970,35.394,0.249,0,1555872,1015508,170084,5190348,52580.945,10654.177,0,2181.484,0,137.589,5106,4719,3.310,1.680,0.840,3,0,59.821,0,0,11,34,1,59,0
16-01 15:33:49,54.181,9.281,36.120,0,0,1501452,1069876,170092,5190388,27272.944,19156.880,0,116.388,0,10.033,5958,7056,3.310,1.680,0.840,3,0,97.325,0,0,11,33,1,61,0
16-01 15:33:50,56.794,11.259,31.525,0,0,1521520,1049772,170092,5190420,53908.104,11059.638,0,3126.442,0,144.113,4766,4326,3.310,1.680,0.840,3,0,86.067,0,0,11,33,1,61,0
16-01 15:33:51,51.491,8.249,39.493,0,0,1482624,1088580,170100,5190500,24263.938,16862.177,0,159.973,0,8.998,4796,5860,3.290,1.710,0.850,1,0,85.986,0,0,11,34,1,62,0
16-01 15:33:52,31.412,7.479,59.582,0.499,0,1420544,1150540,170112,5190604,18801.117,13677.528,0,362.979,0,32.907,6060,7392,3.290,1.710,0.850,2,0,66.812,0,0,11,32,1,64,0
16-01 15:33:53,38.861,8.274,52.901,0,0,1498008,1073072,170112,5190608,10290.377,3683.516,0,148.424,0,8.023,3096,1822,3.290,1.710,0.850,1,0,68.195,0,0,11,33,1,64,0
16-01 15:33:54,35.120,5.480,58.284,0.249,0.249,1530480,1040400,170120,5190796,21151.492,14062.803,0,147.453,0,9.963,4452,4831,3.290,1.710,0.850,2,0,33.874,0,0,11,33,1,58,0
16-01 15:33:55,39.538,9.509,49.798,0,0,1554288,1016432,170124,5190952,12902.333,4635.431,0,1669.596,0,21.020,4165,3443,3.290,1.710,0.850,2,0,104.100,0,0,11,32,2,59,0
16-01 15:33:56,34.347,5.516,60.421,0,0,1540096,1030588,170136,5190968,17977.814,12756.055,0,320.907,0,25.071,3681,3325,3.100,1.690,0.850,2,0,59.167,0,0,11,33,1,60,0
16-01 15:33:57,38.857,5.231,54.300,0.249,0,1481504,1089148,170144,5190992,15050.574,7139.707,0,251.075,0,21.919,3501,3758,3.100,1.690,0.850,2,0,5.978,0,0,11,32,1,61,0
16-01 15:33:58,37.626,4.984,56.563,0,0,1493244,1077360,170144,5191040,16207.400,11794.993,0,151.499,0,9.967,3433,3534,3.100,1.690,0.850,2,0,0,0,0,11,34,1,60,0
16-01 15:33:59,34.184,7.038,58.816,0,0,1488412,1082164,170144,5191068,17072.860,12609.847,0,140.757,0,8.043,4897,5352,3.100,1.690,0.850,3,0,44.238,0,0,11,33,1,61,0
16-01 15:34:00,40.460,5.245,52.697,0,0,1478172,1092244,170156,5191216,11471.532,7408.594,0,611.389,0,75.924,3897,3159,3.100,1.690,0.850,2,0,4.995,0,0,11,33,1,62,0
16-01 15:34:01,34.820,4.259,60.872,0.251,0,1463008,1107368,170164,5191244,22483.003,14490.004,0,252.505,0,23.046,4928,5782,3.010,1.700,0.860,1,0,28.056,0,0,11,33,1,63,0
16-01 15:34:02,19.453,10.973,67.835,0,0,1411008,1159268,170168,5191336,12875.739,5865.759,0,315.235,0,18.954,4493,4708,3.010,1.700,0.860,1,0,253.385,0,0,11,32,1,64,0
16-01 15:34:03,20.001,2.250,77.505,0,0,1442280,1127988,170172,5191340,13455.895,6661.443,0,180.012,0,11.001,1972,1658,3.010,1.700,0.860,1,0,0,0,0,11,33,1,62,0
16-01 15:34:04,16.781,4.258,78.395,0.501,0,1414852,1155376,170184,5191364,13543.992,7121.140,0,272.503,0,21.039,3586,4060,3.010,1.700,0.860,2,0,49.091,0,0,11,32,1,63,0
16-01 15:34:05,14.973,11.729,71.123,0,0,1422612,1147608,170184,5191372,9035.911,1710.953,0,203.637,0,13.975,3746,2718,3.010,1.700,0.860,1,0,234.582,0,0,11,32,1,63,0
16-01 15:34:06,18.999,2.750,78.495,0,0,1445940,1124268,170192,5191376,12197.282,6660.608,0,2187.871,0,139.992,2137,1606,2.850,1.690,0.860,1,0,0,0,0,11,33,1,63,0
16-01 15:34:07,17.251,5.250,75.255,0,0,1408208,1161968,170204,5191396,11660.846,7310.531,0,432.031,0,31.002,3956,4361,2.850,1.690,0.860,1,0,46.003,0,0,11,32,1,58,0
16-01 15:34:08,19.999,2.500,77.996,0,0,1426880,1143292,170204,5191400,11181.468,3974.811,0,111.995,0,6.000,1986,1573,2.850,1.690,0.860,1,0,0,0,0,11,33,1,58,0
16-01 15:34:09,18.499,2.500,77.496,0,0,1424740,1145276,170204,5191556,17366.084,11313.403,0,0,0,0,4090,5094,2.850,1.690,0.860,1,0,1.000,0,0,11,33,1,58,0
16-01 15:34:10,12.516,15.020,70.092,0.250,0,1392860,1176984,170224,5191704,8206.760,3693.843,0,280.368,0,28.037,5193,4293,2.850,1.690,0.860,2,0,324.425,0,0,11,32,1,58,0
16-01 15:34:11,34.214,18.480,46.700,0.250,0,1417716,1152016,170292,5191744,8270.199,1456.450,0,547.417,0,54.942,5746,19965,2.700,1.680,0.860,2,0,337.641,0,0,11,32,1,57,0
16-01 15:34:12,43.091,5.762,47.600,2.004,0,1520060,1046840,170608,5193996,10401.888,1623.416,0,5804.214,0,467.985,5405,5736,2.700,1.680,0.860,2,0,29.061,0,0,11,36,1,57,0
16-01 15:34:13,37.465,8.242,42.710,10.990,0,1486744,1073516,171588,5199304,10346.352,1618.491,0,46268.856,0,3897.366,20718,31558,2.700,1.680,0.860,4,0,111.896,0,0,11,36,1,57,0
16-01 15:34:14,40.193,6.990,43.688,7.739,0,1433128,1126032,172040,5199876,7609.281,1617.721,0,32394.367,0,2813.037,11778,20939,2.700,1.680,0.860,2,0,36.948,0,0,11,32,1,57,0
16-01 15:34:15,46.138,5.517,47.643,0.752,0,1479104,1080012,172064,5199896,6829.495,1624.876,0,9472.427,0,535.607,3715,3870,2.700,1.680,0.860,3,0,1.003,0,0,11,32,1,54,0
16-01 15:34:16,39.135,7.478,42.375,7.977,0,1499648,1058340,172668,5200404,8634.568,1615.243,0,24687.288,0,2983.213,20087,29275,2.650,1.680,0.870,2,0,2.991,0,0,11,34,1,54,0
16-01 15:34:17,27.250,6.750,64.249,0.750,0,1447084,1110820,172732,5200424,7507.895,1619.977,0,5003.930,0,263.996,3658,3141,2.650,1.680,0.870,2,0,98.999,0,0,11,32,1,54,0
16-01 15:34:18,23.000,3.500,73.500,0.250,0,1496104,1061788,172744,5200424,41049.101,1620.004,0,824.002,0,46.000,2059,1562,2.650,1.680,0.870,1,0,2.000,0,0,11,32,1,54,0
16-01 15:34:19,22.556,3.258,72.682,0.501,0,1481220,1076596,172792,5200448,8962.404,1624.060,0,7093.733,0,367.920,2830,2701,2.650,1.680,0.870,1,0,2.005,0,0,11,32,1,49,0
16-01 15:34:20,22.197,3.242,73.075,0,0,1531584,1026232,172792,5200448,44825.368,1616.119,0,119.713,0,11.971,2039,1394,2.650,1.680,0.870,1,0,1.995,0,0,11,32,1,49,0
16-01 15:34:21,23.011,3.001,73.535,0,0,1498564,1059240,172792,5200460,8798.144,1458.687,0,148.070,0,2.001,1797,1165,2.520,1.670,0.870,1,0,1.000,0,0,11,32,1,49,0
16-01 15:34:22,22.037,3.255,74.125,0.250,0,1511760,1046044,172792,5200460,8217.881,1622.741,0,833.408,0,126.213,1941,1198,2.520,1.670,0.870,1,0,2.003,0,0,11,32,1,49,0
16-01 15:34:23,22.206,3.493,73.603,0,0,1412628,1145060,172800,5200532,6233.548,1690.623,0,0,0,0,1757,1219,2.520,1.670,0.870,1,0,0.998,0,0,11,32,1,46,0
16-01 15:34:24,22.248,3.500,73.742,0,0,1472968,1084720,172800,5200532,13576.537,1693.817,0,0,0,0,1868,1229,2.520,1.670,0.870,1,0,2.000,0,0,11,32,1,46,0
16-01 15:34:25,23.247,3.250,73.490,0,0,1441984,1115612,172812,5200608,7578.945,1693.764,0,215.970,0,3.000,1847,1252,2.520,1.670,0.870,1,0,1.000,0,0,11,32,1,46,0
16-01 15:34:26,22.539,3.005,73.376,0.250,0,1442356,1115192,172824,5200644,6601.358,1696.920,0,637.096,0,34.059,2143,1845,2.390,1.660,0.870,1,0,1.002,0,0,11,32,1,46,0
16-01 15:34:27,21.999,3.250,73.997,0,0,1464888,1092660,172824,5200644,9082.594,1693.924,0,0,0,0,1792,1227,2.390,1.660,0.870,1,0,2.000,0,0,11,32,1,41,0
16-01 15:34:28,22.459,3.244,73.616,0,0,1439352,1118176,172828,5200660,7914.593,1690.922,0,3.993,0,0.998,1795,1253,2.390,1.660,0.870,1,0,0.998,0,0,11,32,1,41,0
16-01 15:34:29,22.755,3.501,73.517,0,0,1453088,1104404,172828,5200692,9004.129,1620.383,0,0,0,0,1852,1272,2.390,1.660,0.870,1,0,2.000,0,0,11,32,1,41,0
16-01 15:34:30,22.248,3.000,73.493,0,0.250,1469148,1088344,172828,5200692,9134.078,1531.845,0,0,0,0,1843,1312,2.390,1.660,0.870,1,0,2.000,0,0,11,32,1,41,0
16-01 15:34:31,17.544,9.023,72.682,0,0,1444900,1112404,172836,5200832,7154.890,1624.061,0,92.231,0,3.008,3310,2262,2.280,1.650,0.870,1,0,148.371,0,0,11,32,1,37,0
16-01 15:34:32,8.233,21.455,68.605,0,0,1432472,1124780,172840,5200872,9304.348,1658.497,0,965.960,0,10.977,6315,4800,2.280,1.650,0.870,1,0,506.929,0,0,11,32,1,37,0
16-01 15:34:33,9.024,21.808,68.933,0,0,1423448,1133636,172840,5201036,8877.625,1624.323,0,276.736,0,6.016,6189,4794,2.280,1.650,0.870,1,0,461.227,0,0,11,32,1,37,0
16-01 15:34:34,13.741,13.242,71.955,0,0,1444752,1112308,172840,5201056,24804.467,1692.940,0,0,0,0,4583,3357,2.280,1.650,0.870,1,0,256.839,0,0,11,32,1,37,0
16-01 15:34:35,22.448,3.492,73.330,0,0,1515296,1041780,172840,5201040,7481.628,1616.247,0,0,0,0,1834,1240,2.280,1.650,0.870,1,0,2.993,0,0,11,32,1,37,0
16-01 15:34:36,22.805,4.260,71.924,0.501,0,1473340,1083668,172852,5201064,22733.951,1710.134,0,2606.300,0,220.533,2705,1709,2.180,1.640,0.870,2,0,7.017,0,0,11,32,1,37,0
16-01 15:34:37,22.197,3.242,73.575,0,0,1523700,1033328,172852,5201044,21822.975,1616.147,0,3.990,0,0.998,2022,1209,2.180,1.640,0.870,1,0,1.995,0,0,11,32,1,37,0
16-01 15:34:38,22.755,3.001,73.767,0,0,1498156,1058864,172852,5201052,6170.457,1620.383,0,20.005,0,1.000,1788,1229,2.180,1.640,0.870,1,0,1.000,0,0,11,32,1,37,0
16-01 15:34:39,22.246,3.499,73.738,0,0,1501172,1055848,172852,5201052,16577.208,1585.733,0,0,0,0,1976,1265,2.180,1.640,0.870,1,0,2.999,0,0,11,32,1,31,0
16-01 15:34:40,22.751,3.000,73.502,0,0,1473048,1083980,172852,5201044,11480.278,1662.040,0,12.000,0,1.000,1816,1192,2.180,1.640,0.870,1,0,1.000,0,0,11,32,1,31,0
16-01 15:34:41,22.749,3.500,73.497,0,0,1489740,1067316,172852,5201044,8498.696,1619.942,0,91.997,0,6.000,1870,1218,2.080,1.630,0.870,1,0,2.000,0,0,11,32,1,31,0
16-01 15:34:42,22.255,3.501,73.515,0,0,1486336,1070712,172852,5201052,24486.093,1706.355,0,8.002,0,1.000,1995,1279,2.080,1.630,0.870,1,0,1.000,0,0,11,32,1,31,0
16-01 15:34:43,22.232,2.998,73.689,0,0,1518248,1038800,172852,5201052,5578.415,1692.609,0,15.987,0,1.998,1838,1221,2.080,1.630,0.870,1,0,1.998,0,0,11,32,1,31,0
16-01 15:34:44,23.013,2.752,73.292,0,0,1483980,1073080,172852,5201040,8684.924,1620.919,0,0,0,0,1916,1356,2.080,1.630,0.870,2,0,1.001,0,0,11,32,1,27,0
16-01 15:34:45,23.001,3.500,74.002,0,0,1517376,1039676,172852,5201044,14483.387,1620.043,0,24.001,0,1.000,1954,1134,2.080,1.630,0.870,2,0,2.000,0,0,11,32,1,27,0
16-01 15:34:46,22.502,3.750,72.755,0,0,1469400,1087716,172852,5200980,7947.548,1620.112,0,2440.168,0,40.003,2143,1826,2,1.620,0.870,3,0,1.000,0,0,11,32,1,27,0
16-01 15:34:47,22.998,2.500,73.495,0,0,1495264,1061852,172852,5200980,8538.365,1457.892,0,87.993,0,1.000,1787,1067,2,1.620,0.870,1,0,2.000,0,0,11,32,1,27,0
16-01 15:34:48,22.259,3.752,73.780,0,0,1474820,1082216,172852,5201060,49184.217,1620.666,0,12.005,0,1.000,2073,1350,2,1.620,0.870,1,0,1.000,0,0,11,32,1,19,0
16-01 15:34:49,22.482,3.747,73.691,0,0,1459656,1097388,172852,5201052,7323.170,1618.711,0,7.994,0,1.998,1878,1342,2,1.620,0.870,1,0,1.998,0,0,11,32,1,19,0
16-01 15:34:50,22.763,2.752,73.792,0,0,1492628,1064416,172852,5201052,44243.249,1620.925,0,20.011,0,1.001,1863,1086,2,1.620,0.870,1,0,2.001,0,0,11,32,1,19,0
16-01 15:34:51,22.245,3.249,73.232,0,0,1480576,1076460,172856,5201052,9275.715,1619.601,0,199.951,0,2.999,1870,1391,1.920,1.600,0.880,1,0,1.000,0,0,11,32,1,19,0
16-01 15:34:52,22.998,3.000,73.745,0,0,1475600,1081428,172856,5201060,11247.216,1619.887,0,19.999,0,1.000,1833,1225,1.920,1.600,0.880,1,0,1.000,0,0,11,32,1,15,0
16-01 15:34:53,22.752,3.000,73.506,0.250,0,1497408,1059620,172856,5201060,11397.986,1620.140,0,580.050,0,102.009,1992,1241,1.920,1.600,0.880,1,0,2.000,0,0,11,32,1,15,0
16-01 15:34:54,11.526,18.040,69.405,0,0,1447284,1109688,172856,5201116,6298.064,1623.626,0,200.448,0,9.020,5327,4090,1.920,1.600,0.880,1,0,412.922,0,0,11,32,1,15,0
16-01 15:34:55,20.998,5.000,73.494,0,0,1501332,1055616,172856,5201136,13097.925,1457.880,0,27.998,0,2.000,2431,1744,1.920,1.600,0.880,1,0,47.996,0,0,11,32,1,15,0
16-01 15:34:56,23.450,2.245,73.096,0,0,1495284,1061396,172864,5201388,8174.736,1616.586,0,514.913,0,26.943,2121,1523,1.840,1.590,0.880,1,0,8.981,0,0,11,32,1,11,0
16-01 15:34:57,22.504,3.001,73.513,0.250,0,1534124,1022556,172864,5201388,6728.155,1620.278,0,216.037,0,11.002,1825,1347,1.840,1.590,0.880,1,0,0,0,0,11,32,1,11,0
16-01 15:34:58,16.756,12.755,69.026,0.250,0,1502884,1053628,172864,5201552,9952.785,1662.632,40.015,48.018,2.001,2.001,4128,3106,1.840,1.590,0.880,1,0,282.107,0,0,11,32,1,11,0
16-01 15:34:59,8.263,21.786,69.113,0,0,1491084,1065396,172864,5201584,6600.778,1696.771,0,120.196,0,5.008,6109,4769,1.840,1.590,0.880,2,0,465.761,0,0,11,32,1,11,0
16-01 15:35:00,8.495,22.987,67.963,0,0,1460488,1095956,172864,5201612,9109.028,1619.116,0,203.889,0,3.998,6395,4974,1.840,1.590,0.880,1,0,522.715,0,0,11,32,1,7,0
16-01 15:35:01,8.007,22.020,68.311,0,0,1450580,1105824,172864,5201648,8702.726,1621.439,0,1189.056,0,15.013,6337,4910,1.780,1.580,0.880,1,0,531.472,0,0,11,32,1,7,0
16-01 15:35:02,8.999,21.997,68.490,0,0,1434228,1122156,172864,5201672,5819.119,1619.755,0,1319.800,0,14.998,6177,4719,1.780,1.580,0.880,5,0,505.923,0,0,11,32,1,7,0
16-01 15:35:03,8.491,21.478,68.929,0,0,1409588,1146768,172864,5201700,9052.629,1618.325,0,978.987,0,11.988,6131,4777,1.780,1.580,0.880,1,0,485.497,0,0,11,32,1,7,0
16-01 15:35:04,7.991,20.976,69.421,0,0,1405096,1151224,172864,5201736,8924.835,1618.157,0,183.791,0,6.992,6022,4667,1.780,1.580,0.880,3,0,455.481,0,0,11,32,1,5,0
16-01 15:35:05,8.509,22.275,69.077,0,0,1390412,1165868,172864,5201776,10524.691,1553.726,0,288.320,0,10.011,6055,4537,1.780,1.580,0.880,1,0,450.500,0,0,11,32,1,5,0
16-01 15:35:06,8.490,22.475,68.174,0.250,0,1371304,1184932,172868,5201816,9785.045,1618.188,0,523.414,0,37.958,6404,5123,1.790,1.590,0.880,2,0,489.452,0,0,11,32,1,5,0
16-01 15:35:07,18.799,23.812,55.896,0,0,1354860,1201336,172892,5201836,6508.954,1624.231,0,1223.186,0,137.358,7149,6183,1.790,1.590,0.880,3,0,660.721,0,0,11,32,1,7,0
16-01 15:35:08,61.703,16.487,21.484,0.250,0,1520060,1035952,172968,5201944,9969.372,1618.761,0,759.419,0,46.964,5159,3868,1.790,1.590,0.880,3,0,302.768,0,0,11,32,1,9,0
16-01 15:35:09,59.784,9.755,24.264,5.253,0,1623764,923364,173724,5209240,6001.363,1620.908,372.209,18406.315,3.002,1474.826,10701,14875,1.790,1.590,0.880,1,1,59.033,0,0,11,38,1,9,0
16-01 15:35:10,45.240,12.247,29.744,11.498,0,1624464,910076,174608,5220236,5069.903,1619.650,0,64913.960,0,4885.943,24523,36816,1.790,1.590,0.880,3,1,168.963,0,0,11,36,1,10,0
16-01 15:35:11,47.006,12.251,25.503,12.251,0,1669632,854680,175008,5229688,14757.755,6661.792,0,97575.601,0,7078.842,29893,53899,1.890,1.620,0.900,2,0,105.012,0,0,11,37,1,11,0
16-01 15:35:12,47.998,9.250,30.249,11.500,0,1576780,938444,175484,5238012,11728.527,5925.761,0,69105.213,0,5263.788,23803,36573,1.890,1.620,0.900,2,1,84.997,0,0,11,34,1,9,0
16-01 15:35:13,41.386,23.685,23.186,10.471,0,1576788,931400,176020,5244568,8682.176,1615.567,370.982,50900.331,5.984,3613.086,21948,31245,1.890,1.620,0.900,14,0,391.925,0,0,11,34,1,9,0
16-01 15:35:14,38.351,13.285,31.333,15.040,0,1601280,901480,176272,5249160,14269.746,7145.902,621.644,49355.555,10.027,3728.864,19543,28929,1.890,1.620,0.900,3,0,135.358,0,0,11,35,1,9,0
16-01 15:35:15,34.265,12.255,40.767,10.504,0,1597116,901492,176412,5253072,20841.845,12131.148,1024.435,49701.092,17.007,4076.730,22759,35041,1.890,1.620,0.900,1,1,155.066,0,0,11,35,1,9,0
16-01 15:35:16,35.738,9.247,42.985,10.996,0,1573192,925448,176576,5252776,12628.641,4918.302,0,46751.862,0,4302.515,21626,32924,1.980,1.640,0.910,2,1,59.979,0,0,11,34,1,9,0
16-01 15:35:17,35.512,6.502,42.515,12.754,0,1575964,920612,176916,5254444,11332.930,6663.311,0,47572.498,0,4406.528,23172,33283,1.980,1.640,0.910,2,0,42.015,0,0,11,35,1,9,0
16-01 15:35:18,34.248,7.750,46.248,10.999,0,1572516,922688,177024,5255680,48455.660,10097.512,0,51929.492,0,4548.780,22376,35484,1.980,1.640,0.910,2,1,35.998,0,0,11,35,1,9,0
16-01 15:35:19,36.754,9.251,42.005,9.751,0,1501384,991484,177112,5257872,19610.269,8256.955,0,35260.080,0,3386.392,18734,29187,1.980,1.640,0.910,2,0,118.014,0,0,11,34,1,10,0
16-01 15:35:20,37.750,7.500,42.000,11.250,0,1554244,935288,177204,5260976,41603.217,1620.008,0,62576.326,0,4904.026,23494,33524,1.980,1.640,0.910,5,0,60.000,0,0,11,36,1,10,0
16-01 15:35:21,29.963,8.240,47.442,12.235,0,1559688,925980,177436,5264508,18299.595,10912.639,0,69235.233,0,5540.217,25600,40204,1.980,1.640,0.910,1,0,59.927,0,0,11,37,1,10,0
16-01 15:35:22,32.004,8.501,45.256,11.752,0,1556092,926048,177512,5267868,19138.488,11714.523,0,65360.497,0,5282.687,27126,41769,1.980,1.640,0.910,1,1,102.013,0,0,11,36,1,10,0
16-01 15:35:23,36.153,9.475,40.641,11.220,0,1530004,951916,177556,5267984,8814.382,1527.906,0,43423.647,0,4039.177,18464,31986,1.980,1.640,0.910,2,1,62.832,0,0,11,36,1,10,0
16-01 15:35:24,33.610,7.023,45.399,12.792,0,1556084,929052,177592,5264744,16431.824,7853.725,0,53314.636,0,4762.600,23362,35391,1.980,1.640,0.910,2,0,30.099,0,0,11,37,1,10,0
16-01 15:35:25,31.570,10.689,52.451,2.486,0,1451288,1033884,177608,5264688,18493.470,12791.010,0,21576.875,0,1390.068,11529,15548,1.980,1.640,0.910,2,0,219.746,0,0,11,33,1,11,0
16-01 15:35:26,18.860,6.538,74.434,0.251,0,1397560,1087596,177608,5264704,9881.590,4561.585,0,957.581,0,43.252,3184,2896,1.820,1.620,0.910,1,0,55.322,0,0,11,32,1,12,0
16-01 15:35:27,18.958,2.245,76.832,0,0,1436064,1049088,177608,5264708,15435.206,6720.286,0,1548.609,0,58.871,2251,2011,1.820,1.620,0.910,1,0,0,0,0,11,33,1,12,0
16-01 15:35:28,18.748,5.000,75.243,0.250,0,1415308,1069700,177608,5264852,11920.923,5444.508,0,3251.706,0,170.985,3522,3864,1.820,1.620,0.910,2,0,33.997,0,0,11,32,1,13,0
16-01 15:35:29,19.250,2.500,77.501,0.250,0,1413476,1071556,177608,5264856,15893.197,6661.082,0,320.004,0,5.000,2154,1797,1.820,1.620,0.910,2,0,3.000,0,0,11,33,1,13,0
16-01 15:35:30,17.289,5.512,76.171,0.251,0,1413296,1071732,177608,5264860,9739.920,3381.611,0,248.559,0,22.050,2936,2585,1.820,1.620,0.910,1,0,60.135,0,0,11,32,1,14,0
16-01 15:35:31,20.725,2.747,75.907,0,0,1464688,1020340,177608,5264860,12042.264,3423.810,0,39.951,0,4.994,1823,1298,1.760,1.610,0.910,0,0,0,0,0,11,33,1,14,0
16-01 15:35:32,18.481,1.998,78.667,0,0,1456236,1028492,177608,5265160,19128.924,10171.325,0,3.996,0,0.999,3555,4230,1.760,1.610,0.910,1,0,0,0,0,11,32,1,15,0
16-01 15:35:33,20.502,5.501,72.757,0,0,1459680,1025052,177608,5265164,5838.597,1620.166,0,104.011,0,12.001,2383,1857,1.760,1.610,0.910,1,0,43.004,0,0,11,32,1,15,0
16-01 15:35:34,17.271,2.253,79.096,0.250,0,1466300,1018288,177608,5265308,17620.280,9413.368,0,244.295,0,16.019,2785,2987,1.760,1.610,0.910,1,0,0,0,0,11,33,1,15,0
16-01 15:35:35,13.507,10.756,75.291,0.250,0,1422612,1061924,177608,5265360,13027.074,4811.613,0,368.200,0,29.016,4509,4156,1.760,1.610,0.910,2,0,208.113,0,0,11,32,1,16,0
16-01 15:35:36,18.767,24.773,55.050,0,0,1404812,1079388,177628,5265664,5866.340,1621.476,0,728.663,0,54.049,6881,5850,1.620,1.580,0.900,3,0,595.542,0,0,11,32,1,22,0
16-01 15:35:37,67.574,8.478,23.938,0.249,0,1565936,917392,177648,5266516,8778.195,1615.802,0,746.062,0,76.800,4141,1821,1.620,1.580,0.900,4,0,2.992,0,0,11,32,1,22,0
16-01 15:35:38,68.487,6.999,23.746,0,0,1705588,774888,177768,5269068,10311.084,1457.729,0,4123.234,0,134.975,4249,1940,1.620,1.580,0.900,4,0,0,0,0,11,32,1,22,0
16-01 15:35:39,56.392,7.770,29.574,5.263,0,1777228,693568,177924,5277980,10246.725,1666.183,0,42574.885,0,2888.251,15404,20666,1.620,1.580,0.900,3,1,109.274,0,0,11,38,1,22,0
16-01 15:35:40,31.502,10.251,43.003,12.751,0,1771432,687268,178048,5289508,6786.399,1620.095,0,99805.870,0,7313.430,32865,50813,1.620,1.580,0.900,1,1,249.015,0,0,11,38,1,22,0
16-01 15:35:41,34.749,9.000,40.498,13.999,0,1768180,681472,178116,5298164,7216.719,1619.937,0,89272.522,0,6976.728,32513,50726,1.730,1.600,0.920,7,1,176.993,0,0,11,38,1,22,0
16-01 15:35:42,43.218,12.491,29.728,12.741,0,1718332,721584,178228,5307488,8813.508,1692.753,0,87035.891,0,6111.498,28930,42464,1.730,1.600,0.920,2,2,230.830,0,0,11,36,1,22,0
16-01 15:35:43,48.765,10.753,28.759,10.503,0,1768676,660940,178272,5317356,7340.198,1620.485,0,86793.990,0,5773.729,22692,38751,1.730,1.600,0.920,3,1,61.018,0,0,11,36,1,22,0
16-01 15:35:44,40.247,10.499,33.497,13.749,0,1811120,608408,178316,5326992,8596.258,1619.860,0,95463.756,0,6588.431,25903,43133,1.730,1.600,0.920,3,2,34.997,0,0,11,38,1,22,0
16-01 15:35:45,35.993,9.748,39.492,12.998,0,1752364,662216,178344,5331744,7442.577,1619.690,0,78237.045,0,6130.828,28270,41410,1.730,1.600,0.920,2,0,173.967,0,0,11,36,1,22,0
16-01 15:35:46,26.772,11.009,61.050,0.250,0,1498808,915712,178344,5331768,7229.950,1621.334,0,1233.015,0,74.061,4229,3196,1.750,1.610,0.920,1,0,249.205,0,0,11,32,1,22,0
16-01 15:35:47,22.937,2.493,73.298,0.499,0,1541824,872696,178344,5331768,9303.361,1507.845,0,1148.834,0,68.810,2098,1637,1.750,1.610,0.920,2,0,0.997,0,0,11,32,1,22,0
16-01 15:35:48,23.750,2.750,71.749,0.250,0,1575404,839112,178344,5331772,41084.436,1565.978,0,3923.946,0,225.997,2848,2627,1.750,1.610,0.920,1,0,2.000,0,0,11,38,1,22,0
16-01 15:35:49,21.750,4.750,73.502,0,0.250,1455320,959188,178344,5331780,6257.131,1620.034,0,84.002,0,7.000,2254,1571,1.750,1.610,0.920,1,0,28.001,0,0,11,32,1,22,0
16-01 15:35:50,22.998,2.750,73.744,0.250,0,1511764,902744,178344,5331780,44665.337,1619.867,0,31.997,0,4.000,1913,1266,1.750,1.610,0.920,1,0,1.000,0,0,11,32,1,22,0
16-01 15:35:51,22.776,3.254,72.835,0,0,1399416,1015092,178344,5331780,8954.407,1621.885,0,532.619,0,41.048,2320,1941,1.690,1.600,0.920,1,0,21.024,0,0,11,32,1,22,0
16-01 15:35:52,14.026,39.072,46.085,0,0,1391416,1023016,178344,5331852,9500.600,1623.007,0,324.601,0,31.058,8639,8276,1.690,1.600,0.920,2,0,1216.253,0,0,11,32,1,22,0
16-01 15:35:53,7.497,22.740,68.720,0,0,1403244,1010992,178344,5332048,6827.971,1619.282,0,347.846,0,15.993,6269,4737,1.690,1.600,0.920,1,0,538.761,0,0,11,32,1,22,0
16-01 15:35:54,8.989,20.225,69.663,0,0,1381864,1032324,178344,5332088,8923.798,1617.969,0,11.985,0,2.996,5768,4224,1.690,1.600,0.920,2,0,377.526,0,0,11,32,1,22,0
16-01 15:35:55,11.005,20.509,66.529,0,0,1392308,1021852,178344,5332460,7893.422,1512.656,0,772.335,0,139.060,7391,6850,1.690,1.600,0.920,12,0,405.176,0,0,11,32,1,22,0
16-01 15:35:56,29.757,13.753,56.013,0,0,1400228,1013888,178344,5332484,5570.265,1566.356,0,0,0,0,5141,5198,1.630,1.590,0.920,2,0,198.045,0,0,11,33,1,22,0
16-01 15:35:57,43.695,6.742,48.689,0,0,1506156,907852,178348,5332696,8227.688,1617.972,0,39.950,0,0.999,2847,1537,1.630,1.590,0.920,3,0,0,0,0,11,33,1,22,0
16-01 15:35:58,46.471,4.997,47.470,0.250,0,1598280,815648,178364,5332752,9311.210,1660.967,0,467.709,0,21.986,3647,2636,1.630,1.590,0.920,4,0,16.989,0,0,11,49,1,22,0
16-01 15:35:59,45.868,8.271,45.617,0,0,1634332,775224,178424,5336680,7577.466,1698.363,0,1660.265,0,122.314,5961,8991,1.630,1.590,0.920,5,0,57.147,0,0,11,48,1,22,0
16-01 15:36:00,12.716,17.952,68.318,0,0,1649000,760432,178428,5336772,9154.619,1615.697,0,0,0,0,6121,5836,1.630,1.590,0.920,2,0,350.068,0,0,11,48,1,22,0
16-01 15:36:01,10.998,7.249,80.738,0.500,0,1655052,754340,178428,5336772,8827.680,1619.758,0,463.931,0,31.995,4051,4976,1.660,1.600,0.930,1,0,91.986,0,0,11,48,1,22,0
16-01 15:36:02,0.500,0.750,97.488,0,0,1655048,754340,178428,5336776,9033.922,1619.807,0,107.987,0,12.998,918,1217,1.660,1.600,0.930,0,0,3.000,0,0,11,48,1,22,0
16-01 15:36:03,0.500,0.750,98.262,0,0,1655048,754340,178428,5336776,8427.069,1512.192,0,96.012,0,6.001,793,1012,1.660,1.600,0.930,0,0,3.000,0,0,11,48,1,22,0
16-01 15:36:04,0.500,0.500,98.485,0,0.250,1655048,754340,178428,5336776,6126.081,1661.751,0,0,0,0,693,930,1.660,1.600,0.930,0,0,1.000,0,0,11,48,1,22,0
16-01 15:36:05,2.757,3.509,92.246,0.501,0,1638944,770448,178428,5336760,8922.758,1664.432,0,4171.106,0,321.857,2268,2050,1.660,1.600,0.930,3,0,63.168,0,0,11,48,1,22,0
16-01 15:36:06,19.707,14.718,64.857,0,0,1653340,756064,178428,5336780,7330.858,1616.441,0,0,0,0,6374,8212,1.770,1.620,0.940,2,0,273.398,0,0,11,48,1,22,0
16-01 15:36:07,11.025,19.042,68.653,0,0,1665428,743892,178428,5336832,6119.649,1862.153,0,8.018,0,2.004,5700,4994,1.770,1.620,0.940,1,0,390.872,0,0,12,48,1,22,0
16-01 15:36:08,19.510,13.757,65.534,0,0,1648956,760216,178428,5336968,10306.363,1620.843,0,2301.197,0,41.021,6435,9052,1.770,1.620,0.940,2,0,224.117,0,0,12,64,1,22,0
16-01 15:36:09,5.738,6.985,86.063,0,0,1652896,756288,178428,5336976,8531.500,1616.495,0,223.515,0,9.978,2680,2588,1.770,1.620,0.940,1,0,157.658,0,0,12,64,1,22,0
16-01 15:36:10,19.731,14.236,64.938,0,0,1660392,748756,178428,5337440,9016.345,1510.550,0,3.996,0,0.999,6084,7365,1.770,1.620,0.940,1,0,225.783,0,0,14,64,1,16,0
16-01 15:36:11,13.777,17.785,67.132,0,0,1675948,733120,178428,5339336,8373.509,1623.200,0,488.964,0,39.077,5979,6627,1.950,1.660,0.960,3,0,407.804,0,0,14,66,1,16,0
16-01 15:36:12,14.267,22.026,62.323,1.001,0,1653324,755696,178428,5337436,5974.017,1621.905,0,5606.585,0,299.352,8360,16413,1.950,1.660,0.960,12,0,428.503,0,0,14,66,1,17,0
16-01 15:36:13,23.735,15.240,58.963,0.750,0,1675288,733708,178428,5337108,8979.303,1618.973,0,5520.497,0,284.819,6485,6694,1.950,1.660,0.960,2,0,252.840,0,0,14,66,1,17,0
16-01 15:36:14,29.974,23.729,45.460,0,0,1754560,654356,178436,5337160,7667.316,1618.589,0,511.554,0,12.989,6841,5511,1.950,1.660,0.960,3,0,596.480,0,0,14,66,1,14,0
16-01 15:36:15,30.297,24.788,44.318,0,0,1867768,539652,178516,5338496,5565.549,1568.409,0,36.055,0,9.014,7294,8584,1.950,1.660,0.960,3,0,522.803,0,0,14,70,1,16,0
16-01 15:36:16,39.193,18.224,41.440,0,0,1946632,460740,178516,5338528,8939.055,1617.657,0,47.931,0,7.988,5861,7457,1.950,1.670,0.960,2,0,232.663,0,0,14,70,1,16,0
16-01 15:36:17,70.041,26.265,3.252,0,0,2071084,336068,178528,5339184,7370.265,1710.990,0,16.009,0,4.002,5311,4619,1.950,1.670,0.960,4,0,590.342,0,0,14,70,1,16,0
16-01 15:36:18,61.001,20.250,18.250,0,0,2174788,231204,178560,5340572,44037.636,1512.022,0,280.004,0,16.000,6296,8515,1.950,1.670,0.960,3,0,284.004,0,0,14,70,1,16,0
16-01 15:36:19,71.191,23.647,4.729,0,0,2266312,151092,176668,5330520,9638.135,1612.994,0,2998.974,0,104.546,5415,5137,1.950,1.670,0.960,6,0,456.019,0,0,14,70,1,16,0
16-01 15:36:20,75.850,21.097,1.758,1.256,0,2415080,249316,173068,5093196,40829.329,1627.507,345.594,2250.380,53.246,106.491,7408,8397,1.950,1.670,0.960,3,1,270.247,0,0,14,74,1,16,0
16-01 15:36:21,65.935,22.228,6.743,4.246,0,2492396,155996,173092,5108808,8773.403,1618.414,1062.958,35125.582,48.952,2618.434,18196,26608,2.200,1.720,0.980,6,0,345.661,0,0,14,76,1,16,0
16-01 15:36:22,66.085,22.111,9.192,1.988,0,2598444,123916,172940,5036600,9244.878,1609.879,254.401,9981.248,10.931,860.590,11358,17819,2.200,1.720,0.980,5,0,328.932,0,0,14,80,1,18,0
16-01 15:36:23,68.461,23.911,8.054,0.503,0,2687792,161268,172164,4913448,9408.286,1705.472,535.603,1312.831,56.379,59.400,9910,15553,2.200,1.720,0.980,6,0,399.689,0,0,14,93,1,24,0
16-01 15:36:24,55.037,24.016,19.513,0,0,2799476,192880,171888,4773760,9085.104,1695.139,20.013,720.484,5.003,43.029,8245,11150,2.200,1.720,0.980,2,0,541.364,0,0,14,93,1,24,0
16-01 15:36:25,41.265,15.506,41.265,0.500,0,2866420,125552,171892,4774164,8210.058,1532.571,20.007,14937.563,2.001,575.214,6627,7857,2.200,1.720,0.980,2,0,238.089,0,0,14,95,1,24,0
16-01 15:36:26,59.086,12.216,25.679,2.992,0,3015448,176268,171904,4578588,6826.024,1689.304,2066.256,2377.391,25.928,129.640,5459,7472,2.180,1.730,0.990,2,0,130.637,0,0,14,98,1,25,0
16-01 15:36:27,28.797,13.522,56.593,0.501,0,3065516,193388,171920,4512928,7021.545,1696.790,0,1674.754,0,118.194,4970,4373,2.180,1.730,0.990,2,0,198.326,0,0,14,101,1,26,0
16-01 15:36:28,8.507,19.017,71.312,0,0,3084000,174828,171956,4512968,5972.189,1785.551,36.031,144.125,6.005,14.012,5963,4606,2.180,1.730,0.990,1,0,382.332,0,0,14,101,1,26,0
16-01 15:36:29,8.494,19.736,70.701,0,0,3081648,177144,171956,4513004,9392.457,1618.872,0,43.969,0,4.997,5851,4349,2.180,1.730,0.990,2,0,371.741,0,0,14,101,1,26,0
16-01 15:36:30,21.019,5.255,73.065,0,0,3145612,179228,171956,4448332,9232.203,1695.506,8.007,0,1.001,0,2159,1495,2.180,1.730,0.990,1,0,40.036,0,0,14,101,1,24,0
16-01 15:36:31,16.950,2.243,80.013,0.249,0,3153116,171940,171956,4448272,24188.503,23719.888,7.976,446.680,1.994,15.953,2643,2744,2.090,1.710,0.990,0,0,0,0,0,14,104,1,24,0
16-01 15:36:32,20.558,6.017,72.203,0,0,3132904,192132,171960,4448288,14637.184,1865.248,4.011,714.009,1.003,18.051,2619,2027,2.090,1.710,0.990,1,0,64.181,0,0,14,105,1,25,0
16-01 15:36:33,16.947,2.243,79.751,0.249,0,3154052,170976,171960,4448296,14235.527,7819.571,0,326.978,0,30.903,2137,2122,2.090,1.710,0.990,0,0,0.997,0,0,14,108,1,25,0
16-01 15:36:34,22.562,4.512,71.196,1.253,0,3155728,168988,171972,4448600,11316.218,1798.963,0,1339.696,0,159.440,4232,5406,2.090,1.710,0.990,1,0,5.014,0,0,14,117,1,24,0
16-01 15:36:35,25.187,4.987,67.331,0.748,0,3139580,184876,171976,4448856,5983.961,2756.073,23.940,1607.959,1.995,172.566,4967,6359,2.090,1.710,0.990,1,0,17.955,0,0,14,116,1,26,0
16-01 15:36:36,23.819,10.530,65.188,0,0,3210052,181052,171980,4383848,6336.306,1624.694,0,473.368,0,27.078,3701,2930,2,1.700,0.990,2,0,103.298,0,0,14,120,1,26,0
16-01 15:36:37,24.174,3.738,69.533,0.498,0,3287156,167964,171864,4321812,15185.541,8001.991,39.875,2687.600,3.988,178.442,3496,3566,2,1.700,0.990,1,0,2.991,0,0,14,125,1,26,0
16-01 15:36:38,20.750,4.000,75.500,0.750,0,3287584,167464,171864,4321884,10374.004,3695.001,4.000,2276.001,1.000,81.000,3327,4056,2,1.700,0.990,1,0,2.000,0,0,14,127,1,19,0
16-01 15:36:39,35.821,10.270,51.852,0.501,0,3321000,134012,171872,4321912,10124.963,2819.559,0,985.944,0,81.160,5086,5077,2,1.700,0.990,2,0,97.192,0,0,14,128,1,20,0
16-01 15:36:40,39.916,5.987,52.639,0,0,3369276,148860,171872,4260156,14687.953,7328.509,179.620,371.215,0.998,18.960,2937,1712,2,1.700,0.990,3,0,3.992,0,0,14,129,1,20,0
16-01 15:36:41,22.254,6.001,71.013,0.250,0,3334688,183444,171872,4260160,26574.701,18309.239,0,1148.203,0,66.012,2784,2093,2,1.710,1,2,0,55.010,0,0,14,128,1,21,0
16-01 15:36:42,19.002,2.250,77.756,0,0,3375152,142956,171872,4260184,13642.118,7418.608,8.001,116.010,2.000,13.001,1823,1451,2,1.710,1,2,0,0,0,0,14,129,1,21,0
16-01 15:36:43,19.743,5.248,73.973,0,0,3379552,138404,171872,4260336,22699.593,18137.283,0,3.999,0,1.000,2502,1843,2,1.710,1,3,0,50.981,0,0,14,128,1,22,0
16-01 15:36:44,19.008,3.001,77.781,0,0,3409300,171944,171872,4198648,14650.930,7177.905,8.003,2296.930,2.001,276.112,2319,1354,2,1.710,1,3,0,0,0,0,14,129,1,22,0
16-01 15:36:45,17.497,7.249,73.237,1.250,0,3373960,207280,171872,4198700,10421.168,3588.369,7.999,5075.108,2.000,335.941,4773,5358,2,1.710,1,3,0,81.986,0,0,14,128,1,23,0
16-01 15:36:46,25.523,4.504,68.812,0.250,0,3430948,150268,171872,4198724,7082.394,3593.244,0,4864.391,0,476.430,6201,8722,1.920,1.700,1,1,0,24.022,0,0,14,139,1,25,0
16-01 15:36:47,19.279,6.260,73.863,0.250,0,3424312,156668,171872,4198960,30043.870,21985.567,0,196.300,0,12.018,3296,3223,1.920,1.700,1,1,0,60.092,0,0,14,136,1,27,0
16-01 15:36:48,19.221,2.746,77.382,0,0,3446024,134956,171872,4198960,45818.973,4002.882,0,31.951,0,3.994,1827,1282,1.920,1.700,1,2,0,0,0,0,14,137,1,27,0
16-01 15:36:49,21.999,4.500,70.746,1.750,0,3443712,137132,171880,4199088,14717.239,5894.695,0,4619.761,0,412.979,5814,8021,1.920,1.700,1,1,0,2.000,0,0,14,138,1,27,0
16-01 15:36:50,22.543,5.761,70.634,0.501,0,3398248,182548,171880,4199136,45064.395,2931.555,8.015,1214.301,1.002,129.245,5026,6281,1.920,1.700,1,1,0,53.101,0,0,14,137,1,29,0
16-01 15:36:51,22.189,2.742,74.046,0.249,0,3421500,159152,171880,4199280,7922.156,3526.277,0,291.197,0,16.953,2161,1853,1.850,1.680,1,0,0,0,0,0,14,138,1,29,0
16-01 15:36:52,17.246,2.999,77.982,0.250,0,3424928,155664,171880,4199340,17292.990,9759.737,0,1595.630,0,113.974,3274,3755,1.850,1.680,1,1,0,1.000,0,0,14,138,1,29,0
16-01 15:36:53,32.839,7.771,57.656,0.752,0,3390312,190224,171880,4199396,9768.457,2383.455,0,1323.585,0,154.418,7611,10996,1.850,1.680,1,5,0,22.060,0,0,14,139,1,30,0
16-01 15:36:54,21.194,5.485,72.059,0,0,3452836,127652,171880,4199444,7245.801,1615.719,0,566.499,0,24.934,2511,2192,1.850,1.680,1,1,0,47.873,0,0,14,139,1,30,0
16-01 15:36:55,14.784,2.255,81.689,0.251,0,3449964,130492,171880,4199476,17688.006,10143.516,0,741.720,0,83.193,2699,3105,1.850,1.680,1,1,0,0,0,0,14,140,1,30,0
16-01 15:36:56,20.733,9.492,68.943,0.749,0,3417476,162804,171880,4199652,8676.815,2818.666,0,1894.431,0,62.948,4136,4374,1.780,1.670,1,1,0,146.878,0,0,14,139,1,31,0
16-01 15:36:57,19.222,2.496,77.388,0,0,3430276,149992,171880,4199664,15877.049,7397.307,0,443.359,0,26.961,2019,1873,1.780,1.670,1,1,0,0,0,0,14,140,1,31,0
16-01 15:36:58,17.797,3.008,77.205,0.501,0,3427568,152624,171880,4199740,13697.420,7462.843,12.032,685.824,3.008,59.157,3391,3979,1.780,1.670,1,1,0,0,0,0,14,140,1,31,0
16-01 15:36:59,26.999,6.500,64.747,0.500,0,3427752,152252,171880,4199928,6060.712,1639.922,0,1675.920,0,156.993,7131,10395,1.780,1.670,1,1,0,1.000,0,0,14,142,1,31,0
16-01 15:37:00,44.992,15.747,36.744,0.750,0,3399048,180676,171884,4200140,12418.914,3535.406,31.995,7410.755,2.000,494.917,15295,24289,1.780,1.670,1,2,0,288.951,0,0,14,143,1,32,0
16-01 15:37:01,28.246,4.249,67.490,0,0.250,3461744,117752,171884,4200320,9112.600,1795.724,0,403.938,0,23.996,2971,3050,1.880,1.690,1.010,2,0,0,0,0,14,143,1,32,0
16-01 15:37:02,17.003,5.501,76.263,0,0,3369552,272328,171884,4139420,15777.728,9108.575,0,316.055,0,16.003,3200,2955,1.880,1.690,1.010,1,0,83.014,0,0,14,143,1,33,0
16-01 15:37:03,8.756,20.014,70.301,0,0,3346008,295840,171884,4139452,7043.096,1603.160,0,96.070,0,9.007,5606,4166,1.880,1.690,1.010,1,0,348.252,0,0,14,143,1,33,0
16-01 15:37:04,16.722,18.469,63.395,0.250,0,3369500,272312,171884,4139816,10008.406,1617.318,0,1525.471,0,76.873,7234,8231,1.880,1.690,1.010,12,0,338.439,0,0,14,143,1,33,2
16-01 15:37:05,27.211,18.224,53.173,0,0,3415896,225852,171888,4139520,9128.790,1711.523,7.988,235.659,1.997,18.973,5678,4808,1.880,1.690,1.010,3,0,346.499,0,0,14,143,1,33,2
16-01 15:37:06,34.837,22.306,41.604,0,0,3479368,161872,171900,4140332,5283.225,1694.241,0,4014.048,0,402.006,7433,7523,1.970,1.720,1.020,2,0,473.185,0,0,14,146,1,33,2
16-01 15:37:07,36.013,16.506,46.767,0.250,0,3542492,159896,171900,4080656,7017.534,1566.566,44.016,596.215,5.002,39.014,6730,8478,1.970,1.720,1.020,3,0,304.110,0,0,16,149,1,33,2
16-01 15:37:08,58.140,27.697,13.724,0,0,3681012,135996,171808,3968788,8484.901,1616.932,55.894,746.583,4.991,53.898,8985,13042,1.970,1.720,1.020,4,0,556.943,0,0,16,155,1,33,2
16-01 15:37:09,61.576,18.773,18.022,0,0,3757660,137156,171692,3891572,7610.427,1622.009,12.015,444.551,3.004,26.032,8607,14217,1.970,1.720,1.020,3,0,257.319,0,0,16,171,1,33,2
16-01 15:37:10,37.021,23.013,39.772,0,0,3822784,171568,171692,3793308,8679.894,1710.965,0,588.332,0,12.007,7444,5861,1.970,1.720,1.020,2,0,577.326,0,0,16,171,1,33,2
16-01 15:37:11,27.240,22.242,48.982,0.250,0,3862432,131072,171700,3794148,8331.928,1619.403,0,243.910,0,16.994,6313,5292,1.970,1.720,1.030,1,0,429.842,0,0,17,171,1,33,2
16-01 15:37:12,26.956,16.223,54.910,0.499,0,3882452,161480,171460,3744592,10649.475,1509.516,199.671,303.501,11.980,16.972,7074,17495,1.970,1.720,1.030,2,0,259.573,0,0,17,171,1,34,2
16-01 15:37:13,30.572,23.806,44.104,0,0,3938176,159428,171460,3692160,7176.880,1623.819,8.019,473.113,2.005,31.073,6947,5996,1.970,1.720,1.030,2,0,519.221,0,0,17,171,1,34,2
16-01 15:37:14,44.979,18.991,35.233,0.250,0,4035828,143052,171472,3612916,6529.884,1619.227,135.935,375.821,2.999,22.989,7720,12684,1.970,1.720,1.030,5,0,258.876,0,0,17,185,1,34,2
16-01 15:37:15,30.233,24.736,43.226,0.250,0,4095132,165140,171472,3533116,8911.993,1635.081,47.973,787.558,2.998,101.943,7734,6894,1.970,1.720,1.030,3,0,664.627,0,0,17,185,1,33,2
16-01 15:37:16,30.743,23.995,44.490,0.250,0.250,4171200,139156,171472,3484360,7280.370,1619.637,11.997,455.898,2.999,33.992,8613,11187,2.050,1.740,1.040,1,0,587.868,0,0,17,191,1,33,2
16-01 15:37:17,16.004,18.004,64.764,0.500,0,4182180,128064,171472,3484476,5838.302,1620.361,0,11910.656,0,835.186,8563,6721,2.050,1.740,1.040,2,0,330.074,0,0,17,197,1,33,2
16-01 15:37:18,31.921,12.718,53.118,0,0,4239188,145676,171472,3411412,42672.889,1615.982,7.980,626.442,1.995,36.908,5418,6132,2.050,1.740,1.040,3,0,185.539,0,0,17,197,1,33,2
16-01 15:37:19,45.751,6.750,44.001,2.500,0,4357324,122364,171472,3318580,9882.284,1620.047,464.013,416.012,10.000,50.001,3710,2725,2.050,1.740,1.040,6,0,10.000,0,0,17,213,1,31,2
16-01 15:37:20,42.244,6.999,49.742,1.000,0,4446132,159908,171476,3193900,42906.480,1619.754,211.968,375.943,9.998,18.997,3606,2486,2.050,1.740,1.040,1,0,5.999,0,0,17,218,1,31,2
16-01 15:37:21,26.833,17.805,52.914,2.257,0,4393328,211860,171476,3194844,9260.751,1606.989,870.703,3438.676,13.040,42.131,5776,5760,1.970,1.730,1.040,3,0,410.274,0,0,17,217,1,31,2
16-01 15:37:22,34.709,25.470,38.205,0.250,0,4426604,177032,171480,3196392,11564.290,7335.304,111.867,431.488,2.996,34.959,8337,10378,1.970,1.730,1.040,10,0,560.336,0,0,17,220,1,31,2
16-01 15:37:23,49.447,20.228,28.220,1.498,0,4424996,175876,171496,3199560,16519.329,4656.019,1254.658,1206.709,23.974,41.955,7286,10283,1.970,1.730,1.040,5,0,228.755,0,0,17,225,0,23,2
16-01 15:37:24,70.022,14.505,13.504,1.751,0.250,4587632,137352,171500,3078000,10204.187,3537.105,572.179,356.111,18.006,21.007,5004,3925,1.970,1.730,1.040,3,0,107.033,0,0,17,233,0,23,2
16-01 15:37:25,55.084,11.017,21.533,11.017,0,4626628,175128,171528,3003028,17870.240,9789.923,4022.131,1698.589,185.282,58.089,5692,5499,1.970,1.730,1.040,1,2,20.031,0,0,17,239,0,23,2
16-01 15:37:26,62.514,15.253,17.754,4.001,0,4661244,133232,171600,3010236,10739.420,2413.544,3692.832,1536.346,314.071,133.030,7084,8805,2.050,1.750,1.050,3,0,159.036,0,0,17,239,0,29,2
16-01 15:37:27,31.201,24.212,43.681,0,0,4673880,155528,171600,2977352,15740.098,9865.393,0,8730.188,0,34.945,7276,7384,2.050,1.750,1.050,4,0,490.224,0,0,17,240,0,25,2
16-01 15:37:28,45.302,18.271,35.040,0.250,0,4653208,174660,171604,2978556,11661.443,4342.006,28.032,680.785,4.005,42.048,6951,10717,2.050,1.750,1.050,4,0,291.336,0,0,17,239,0,26,2
16-01 15:37:29,56.240,26.745,15.997,0.500,0,4761032,141276,171604,2905840,12931.786,7234.762,207.964,635.891,3.999,40.993,6821,7288,2.050,1.750,1.050,6,0,529.909,0,0,17,246,0,26,0
16-01 15:37:30,57.791,19.514,21.265,1.251,0,4733116,207688,171620,2868540,11293.937,6924.867,1172.824,848.596,55.039,57.040,7787,14312,2.050,1.750,1.050,3,0,242.170,0,0,17,249,0,30,0
16-01 15:37:31,58.019,25.508,16.255,0,0,4834864,155868,171632,2819884,11720.900,4088.360,16.005,600.200,3.001,41.014,6996,7590,2.210,1.790,1.060,4,0,515.171,0,0,17,250,0,30,0
16-01 15:37:32,51.879,19.455,26.688,1.247,0,4831224,198548,171636,2781976,15681.443,10251.103,638.512,957.767,37.912,73.828,10699,16251,2.210,1.790,1.060,4,0,247.423,0,0,17,257,0,32,0
16-01 15:37:33,68.202,17.238,14.490,0,0,4976916,125768,171640,2709708,9382.449,2306.390,11.992,139.902,1.999,7.994,5065,4644,2.210,1.790,1.060,2,0,174.878,0,0,17,258,0,32,0
16-01 15:37:34,53.596,11.521,29.052,4.258,0,5039800,155248,171644,2618784,23059.215,17599.457,1318.356,1626.908,58.104,79.141,7985,16995,2.210,1.790,1.060,6,0,4.007,0,0,17,260,0,34,0
16-01 15:37:35,60.204,11.241,26.980,1.499,0,5101544,123952,171524,2589404,11517.278,4053.930,1382.953,2354.217,56.957,156.881,5898,8513,2.210,1.790,1.060,4,0,19.985,0,0,17,266,0,37,0
16-01 15:37:36,49.801,21.021,26.777,1.752,0,5071580,178616,171408,2565188,19577.017,13207.504,2666.727,1708.747,72.074,88.090,7885,8138,2.270,1.810,1.070,4,1,418.428,0,0,17,269,0,36,0
16-01 15:37:37,52.408,26.953,19.466,0.250,0,5056504,190604,171520,2568344,6150.236,1617.170,3326.178,1808.834,45.920,190.666,7906,11328,2.270,1.810,1.070,3,0,466.184,0,0,17,269,0,36,0
16-01 15:37:38,62.448,17.985,18.734,0.999,0,5119256,127628,171524,2568628,14756.782,11477.497,1019.156,1039.140,25.978,45.962,7126,7462,2.270,1.810,1.070,4,0,246.796,0,0,18,273,0,36,0
16-01 15:37:39,74.622,11.769,3.506,9.766,0,5157636,158348,171524,2501340,11404.624,2612.266,1590.598,472.772,103.168,31.051,5442,3801,2.270,1.810,1.070,3,2,18.029,0,0,18,273,0,37,0
16-01 15:37:40,67.379,10.481,7.487,13.725,0,5242356,130972,171532,2445556,14075.644,7821.910,3114.390,1365.540,144.739,83.849,6419,6466,2.270,1.810,1.070,7,0,11.978,0,0,18,280,0,37,0
16-01 15:37:41,76.633,13.023,8.515,1.252,0,5260724,175680,171560,2384060,14004.373,6372.090,1154.008,2384.149,45.078,213.371,8139,11607,2.330,1.830,1.080,3,0,78.136,0,0,18,282,0,40,0
16-01 15:37:42,41.156,12.971,44.150,0.998,0,5324128,144084,171564,2353232,16081.444,8361.992,770.249,20776.771,6.984,1157.369,6838,3844,2.330,1.830,1.080,3,0,156.644,0,0,18,286,0,40,0
16-01 15:37:43,36.523,7.255,54.784,0.500,0,5301468,166620,171572,2353348,22573.110,8787.493,828.518,9221.764,12.008,67.042,4606,4418,2.330,1.830,1.080,2,0,12.008,0,0,18,289,0,41,0
16-01 15:37:44,42.133,8.025,48.905,0,0,5315316,170340,171572,2336836,10146952.167,78333.811,513.625,437.384,4.013,31.098,7258,3792,2.330,1.830,1.080,1,0,6.019,0,0,18,289,0,39,0
16-01 15:37:45,26.162,13.455,55.812,3.239,0,5321448,155360,171576,2345648,6449214.731,45565.251,2284.292,4349.324,26.909,377.725,8184,6464,2.330,1.830,1.080,2,0,258.129,0,0,18,291,0,40,0
16-01 15:37:46,43.658,6.774,48.927,0.251,0,5349564,147680,171576,2326228,8515.727,4023.518,0,240.869,0,28.101,3766,3125,2.300,1.830,1.090,4,0,6.022,0,0,18,294,0,40,0
16-01 15:37:47,32.659,3.740,62.327,0.499,0,5357440,139404,171576,2326632,26970.993,19260.436,466.702,686.092,24.931,78.781,5327,6766,2.300,1.830,1.090,4,0,0,0,0,18,298,0,42,0
16-01 15:37:48,7.989,3.495,86.384,0,0,5303536,193112,171576,2326836,447664.894,16368493.075,51.930,1933.404,3.995,31.957,4183,2776,2.300,1.830,1.090,2,0,37.949,0,0,18,297,0,38,0
16-01 15:37:49,1.500,0.750,96.250,0,0,5300460,196184,171576,2326840,9690.976,1619.996,0,367.999,0,15.000,1276,1778,2.300,1.830,1.090,0,0,1.000,0,0,18,297,0,38,0
16-01 15:37:50,2.501,1.001,95.303,0.250,0,5300216,196424,171576,2326844,55414.666,1827.011,0,920.509,0,52.029,1571,2050,2.300,1.830,1.090,0,0,1.001,0,0,18,299,0,38,0
16-01 15:37:51,25.075,4.263,68.203,0.501,0,5302748,177592,171584,2343104,16547035.073,105712.162,48.144,1420.234,3.009,118.353,11303,10874,2.200,1.820,1.090,1,0,1.003,0,0,18,301,0,42,0
16-01 15:37:52,11.211,17.938,68.265,0.747,0,5276284,203916,171584,2343228,11823.336,1614.447,47.835,271.068,3.986,24.914,6378,6161,2.200,1.820,1.090,1,0,464.403,0,0,18,301,0,40,0
16-01 15:37:53,25.250,2.500,71.001,0.250,0,5330492,149708,171584,2343228,7911.134,1620.028,0,292.005,0,27.000,2634,2296,2.200,1.820,1.090,1,0,1.000,0,0,18,301,0,40,0
16-01 15:37:54,8.761,19.774,69.584,0,0,5309348,170804,171584,2343276,9846.886,1621.958,0,16375.766,0,57.069,6345,5078,2.200,1.820,1.090,2,0,373.451,0,0,18,305,0,40,0
16-01 15:37:55,7.740,14.981,76.152,0.250,0,5288380,191596,171584,2343452,9439.855,1563.988,143.815,123.841,2.996,7.990,5035,4287,2.200,1.820,1.090,1,0,297.617,0,0,18,305,0,40,0
16-01 15:37:56,7.254,2.501,89.044,0,0,5295020,184788,171588,2343616,5427.690,1620.803,0,328.163,0,7.003,1720,2152,2.020,1.790,1.080,1,0,9.004,0,0,18,305,0,38,0
16-01 15:37:57,22.492,2.999,73.725,0.250,0,5342008,137784,171588,2343632,10770.355,3588.785,0,179.939,0,23.992,2345,2094,2.020,1.790,1.080,0,0,0,0,0,18,306,0,38,0
16-01 15:37:58,16.811,7.277,74.773,0.251,0,5316212,163444,171588,2343768,14241.028,8671.681,64.235,0,4.015,0,3702,3411,2.020,1.790,1.080,2,0,97.356,0,0,18,309,0,39,0
16-01 15:37:59,11.752,16.752,69.760,0.500,0,5266144,213164,171592,2344080,8893.276,1512.217,16.002,0,4.001,0,5472,4346,2.020,1.790,1.080,1,0,215.031,0,0,18,309,0,39,0
16-01 15:38:00,12.501,16.752,70.008,0,0,5255896,223132,171592,2344312,8725.035,1690.200,0,0,0,0,6084,4826,2.020,1.790,1.080,2,0,282.033,0,0,18,309,0,38,0
16-01 15:38:01,25.233,3.997,69.453,0.250,0,5324424,154516,171592,2344400,5514.297,1618.913,35.976,759.490,2.998,75.949,3186,3540,1.940,1.770,1.080,1,0,11.992,0,0,18,315,0,38,0
16-01 15:38:02,23.174,3.239,71.268,0.997,0,5365244,145452,171592,2314052,8806.306,1560.914,267.130,115.623,4.984,11.961,2544,2247,1.940,1.770,1.080,1,0,1.994,0,0,18,315,0,38,0
16-01 15:38:03,23.993,3.249,71.479,0.250,0,5294496,215928,171592,2314324,10372.936,1619.522,95.972,495.854,5.998,41.988,2835,2635,1.940,1.770,1.080,4,0,6.998,0,0,18,315,0,38,0
16-01 15:38:04,24.502,2.750,72.006,0.250,0,5358152,152236,171592,2314360,6248.502,1620.130,20.002,112.009,4.000,7.001,2294,1959,1.940,1.770,1.080,2,0,0,0,0,18,315,0,37,0
16-01 15:38:05,15.751,3.500,80.003,0,0,5376440,165576,171592,2283648,17761.581,10667.349,0,204.007,0,12.000,2531,2354,1.940,1.770,1.080,2,0,3.000,0,0,18,318,0,38,0
16-01 15:38:06,21.009,4.252,74.032,0.250,0.250,5331368,210588,171592,2283708,17246.521,11509.019,16.007,1632.712,1.000,95.041,3363,3472,1.780,1.750,1.080,2,0,16.007,0,0,18,315,0,39,0
16-01 15:38:07,23.246,3.749,71.738,0,0,5375188,166740,171592,2283736,9194.516,1619.739,3.999,327.947,1.000,24.996,2524,2427,1.780,1.750,1.080,1,0,1.000,0,0,18,315,0,39,0
16-01 15:38:08,18.316,8.531,71.007,1.004,0,5338704,203060,171600,2283892,8225.742,1625.879,397.437,4696.983,6.022,534.934,4651,3716,1.780,1.750,1.080,1,0,155.562,0,0,18,315,0,39,0
16-01 15:38:09,10.744,18.240,69.712,0.250,0,5321332,220140,171600,2284184,6173.640,1619.119,51.972,243.867,4.997,8.995,5956,4928,1.780,1.750,1.080,1,0,387.789,0,0,18,315,0,39,0
16-01 15:38:10,21.932,4.486,71.528,0.249,0,5348552,192756,171748,2284200,8501.618,1561.156,123.616,933.104,4.985,45.858,2958,2493,1.780,1.750,1.080,1,0,58.817,0,0,18,315,0,39,0
16-01 15:38:11,20.809,3.009,74.713,0.752,0,5353980,181192,172240,2289732,13558.618,3910.137,72.206,1311.736,5.014,60.171,3094,3380,1.720,1.730,1.080,1,0,16.046,0,0,18,315,0,39,0
16-01 15:38:12,28.277,5.755,65.062,0,0,5386528,147428,172328,2290828,8933.536,1863.781,0,328.314,0,6.006,3555,8087,1.720,1.730,1.080,0,0,55.053,0,0,18,315,1,39,0
16-01 15:38:13,18.987,1.749,78.446,0.500,0,5393892,133452,172888,2296736,16140.936,4479.929,0,1622.888,0,33.977,2215,2043,1.720,1.730,1.080,1,0,0.999,0,0,18,315,0,39,0
16-01 15:38:14,21.934,5.234,70.537,0,0,5363664,163120,172932,2297232,10577.086,2580.215,3.988,303.085,0.997,4.985,10148,18696,1.720,1.730,1.080,0,0,12.961,0,0,18,316,0,39,0
16-01 15:38:15,19.319,4.516,73.764,0,0,5360492,165844,172976,2297632,14401.566,3487.487,104.374,276.992,8.029,6.022,9939,18540,1.720,1.730,1.080,1,0,15.054,0,0,18,316,0,39,0
16-01 15:38:16,23.159,5.230,69.478,0.996,0,5355060,170172,173056,2298672,6392.014,1613.692,3.984,18623.204,0.996,182.287,3000,2558,1.660,1.720,1.080,2,0,7.969,0,0,18,316,0,39,0
16-01 15:38:17,15.064,13.808,70.296,0.251,0,5299172,238660,173100,2286108,5715.101,1801.597,0,899.794,0,21.089,4953,4411,1.660,1.720,1.080,2,0,265.118,0,0,18,315,0,39,0
16-01 15:38:18,25.153,2.490,71.474,0.249,0,5325432,212228,173100,2286280,44129.676,1559.979,0,63.754,0,5.977,2402,1878,1.660,1.720,1.080,1,0,0,0,0,18,315,0,39,0
16-01 15:38:19,17.750,2.750,77.999,0,0,5297628,239988,173100,2286324,19244.646,11912.781,20.000,4.000,2.000,1.000,2557,2289,1.660,1.720,1.080,3,0,6.000,0,0,18,315,0,42,0
16-01 15:38:20,20.521,8.258,70.072,0,0,5338448,199140,173100,2286352,43730.721,1621.658,16.016,140.143,1.001,9.009,3561,2906,1.660,1.720,1.080,1,0,107.110,0,0,18,317,0,42,0
16-01 15:38:21,23.803,3.508,71.157,0.752,0,5354292,182916,173100,2286732,15798.867,10228.574,80.177,657.451,4.009,52.115,4378,6396,1.610,1.710,1.080,1,0,1.002,0,0,18,317,0,43,0
16-01 15:38:22,22.673,6.478,69.264,0,0,5309864,227300,173100,2286776,9762.712,1506.862,15.946,195.334,0.997,19.932,3474,3176,1.610,1.710,1.080,2,0,70.759,0,0,18,317,0,43,0
16-01 15:38:23,20.747,2.750,75.738,0.250,0,5327708,209420,173100,2286812,21557.493,14677.612,15.997,331.946,1.000,37.994,3045,3125,1.610,1.710,1.080,2,0,1.000,0,0,18,317,0,44,0
16-01 15:38:24,20.495,5.999,71.483,0,0,5340284,196832,173100,2286824,5797.610,1619.612,0,139.966,0,8.998,2823,2392,1.610,1.710,1.080,2,0,55.987,0,0,18,319,0,44,0
16-01 15:38:25,19.745,2.749,77.230,0,0,5354104,183000,173100,2286836,16257.886,11810.011,0,159.960,0,11.997,2599,2519,1.610,1.710,1.080,2,0,1.000,0,0,18,319,0,47,0
16-01 15:38:26,23.083,5.018,71.007,0.251,0,5384136,152932,173100,2286872,8856.002,1625.875,0,393.422,0,11.040,2845,2429,1.640,1.710,1.080,1,0,32.116,0,0,18,319,0,47,0
16-01 15:38:27,15.951,1.745,80.253,0,0,5396164,140884,173100,2286892,15778.467,9785.900,0,159.509,0,13.957,2311,2269,1.640,1.710,1.080,1,1,0,0,0,18,320,0,47,0
16-01 15:38:28,18.749,5.500,75.246,0.250,0,5345296,191580,173100,2287064,13327.359,4337.791,31.998,311.985,2.000,29.999,3100,3134,1.640,1.710,1.080,2,0,46.998,0,0,18,319,0,48,0
16-01 15:38:29,20.057,2.256,76.718,0.251,0,5371652,165220,173100,2287068,14219.439,7364.945,0,2479.050,0,361.027,2806,2017,1.640,1.710,1.080,3,0,1.003,0,0,18,320,0,41,0
16-01 15:38:30,20.494,4.749,73.727,0,0,5359396,177460,173100,2287084,13653.711,6075.092,0,139.956,0,8.997,2776,2466,1.640,1.710,1.080,2,0,31.990,0,0,18,319,0,44,0
16-01 15:38:31,22.003,2.250,74.010,0.250,0,5363316,173408,173100,2287216,15105.984,7344.964,0,332.044,0,31.004,2963,3297,1.590,1.700,1.080,2,0,0,0,0,18,320,0,44,0
16-01 15:38:32,15.712,5.237,78.063,0,0,5281888,254676,173100,2287376,11200.186,6861.573,0,466.882,0,45.890,3565,3888,1.590,1.700,1.080,3,0,87.790,0,0,18,319,0,46,0
16-01 15:38:33,22.744,3.749,72.732,0,0,5343272,193208,173100,2287460,9174.741,3028.254,79.980,91.977,4.999,8.998,2311,2025,1.590,1.700,1.080,1,0,0,0,0,18,320,0,40,0
16-01 15:38:34,18.254,4.501,75.768,0.250,0,5324600,211860,173100,2287480,31370.459,22530.357,0,672.160,0,36.009,3033,2768,1.590,1.700,1.080,1,0,47.011,0,0,18,319,0,42,0
16-01 15:38:35,21.491,3.748,73.720,0,0,5344400,192056,173104,2287480,6450.354,3588.528,0,151.938,0,15.993,2330,2009,1.590,1.700,1.080,0,0,0,0,0,18,322,0,42,0
16-01 15:38:36,20.757,5.002,73.023,0,0,5329572,206708,173104,2287656,18518.915,8519.721,0,48.015,0,3.001,3089,2676,1.540,1.690,1.080,2,0,20.006,0,0,18,321,0,44,0
16-01 15:38:37,20.975,3.496,74.661,0.499,0,5382172,154092,173104,2287672,7945.569,3477.872,0,135.839,0,15.981,2340,2190,1.540,1.690,1.080,0,0,0.999,0,0,18,322,0,37,0
16-01 15:38:38,22.031,4.006,71.101,1.001,0,5376164,157748,173104,2290024,16545.422,7462.564,2259.198,1746.472,94.133,199.282,5823,7831,1.540,1.690,1.080,1,0,3.004,0,0,18,323,0,38,0
16-01 15:38:39,22.752,4.500,71.505,0,0,5370116,194728,173104,2260072,7525.516,1620.111,0,468.032,0,29.002,2638,2297,1.540,1.690,1.080,1,0,6.000,0,0,18,323,0,38,0
16-01 15:38:40,16.749,2.500,79.244,0.500,0,5373072,191768,173104,2260076,16163.810,10858.201,0,2527.814,0,359.974,3386,2928,1.540,1.690,1.080,0,0,2.000,0,0,18,324,0,38,0
16-01 15:38:41,20.320,9.784,67.734,0.753,0,5304708,259728,173104,2260480,11328.152,3219.126,208.721,1601.535,10.035,167.579,6750,8772,1.500,1.680,1.080,1,0,179.621,0,0,18,323,0,36,0
16-01 15:38:42,9.754,23.010,65.279,1.000,0,5308748,255600,173108,2260564,8650.850,1620.721,0,4770.123,0,301.134,8345,8356,1.500,1.680,1.080,2,0,689.307,0,0,18,323,0,36,0
16-01 15:38:43,8.498,22.494,67.232,0,0,5311784,252528,173108,2260600,5250.595,1619.567,0,363.903,0,30.992,7184,6423,1.500,1.680,1.080,2,0,625.833,0,0,18,323,0,36,0
16-01 15:38:44,8.995,22.736,66.960,0,0,5302428,261848,173108,2260636,8778.782,1619.038,0,1071.363,0,39.976,7385,6619,1.500,1.680,1.080,1,0,669.602,0,0,18,323,0,36,0
16-01 15:38:45,9.249,22.246,67.489,0,0,5300700,263540,173108,2260672,6667.932,1511.758,0,115.981,0,15.997,7101,6290,1.500,1.680,1.080,1,0,618.901,0,0,18,323,0,33,0
16-01 15:38:46,10.007,22.517,66.799,0,0,5300580,263604,173108,2260728,9053.679,1621.196,0,40.030,0,10.007,7027,6336,1.460,1.670,1.080,1,0,578.427,0,0,18,323,0,33,0
16-01 15:38:47,11.990,14.238,70.190,2.498,0,5297464,266388,173112,2261056,8507.679,1618.607,267.770,2621.744,21.981,79.931,5543,4754,1.460,1.670,1.080,1,0,352.696,0,0,18,323,0,33,0
16-01 15:38:48,15.452,9.470,71.029,2.492,0,5305964,361324,173276,2169704,39038.364,1614.968,3241.899,2595.912,289.099,9.969,3016,2842,1.460,1.670,1.080,2,0,16.947,0,0,18,323,0,33,0
16-01 15:38:49,24.261,2.751,72.282,0.250,0,5320912,342676,173440,2173236,11038.942,1808.810,12.005,8.004,2.001,2.001,2495,2074,1.460,1.670,1.080,1,0,17.008,0,0,18,323,1,29,0
16-01 15:38:50,11.496,1.749,82.475,2.249,0,5322716,340012,173496,2174036,57970.275,8995.250,579.823,1639.499,32.990,42.987,2232,2176,1.460,1.670,1.080,0,1,0,0,0,18,324,0,29,0
16-01 15:38:51,13.005,1.501,80.529,3.001,0,5320760,340768,173608,2175124,25269.003,12536.467,632.225,2264.807,61.022,118.042,2914,3321,1.340,1.640,1.070,2,0,0,0,0,18,324,0,29,0
16-01 15:38:52,17.489,1.999,78.699,0.750,0,5345676,314780,173680,2176124,20181.968,8642.419,795.486,1223.210,39.974,44.971,2389,2381,1.340,1.640,1.070,1,1,0.999,0,0,18,324,0,29,0
16-01 15:38:53,15.303,1.003,81.031,1.756,0,5351580,307988,173768,2176916,20534.215,10337.853,722.506,1424.942,53.184,59.205,2424,2465,1.340,1.640,1.070,1,0,1.003,0,0,18,324,0,25,0
16-01 15:38:54,13.961,1.745,81.770,1.496,0,5370120,288344,173864,2177948,21978.188,10039.764,702.026,1200.623,46.868,41.882,2203,1998,1.340,1.640,1.070,1,0,0,0,0,18,324,0,25,0
16-01 15:38:55,13.230,1.997,77.381,4.992,0,5370724,257940,173932,2207676,16514.531,7816.945,14849.100,994.466,165.744,31.951,2467,2375,1.340,1.640,1.070,1,0,0,0,0,18,324,0,25,0
16-01 15:38:56,24.028,3.504,70.833,1.251,0,5368476,242944,174940,2223772,5564.552,1609.896,716.844,1629.919,13.015,60.071,2855,2572,1.310,1.630,1.070,4,0,1.001,0,0,18,324,0,25,0
16-01 15:38:57,24.241,2.499,72.224,0.250,0,5375824,219416,175160,2239540,9131.684,1619.412,0,1375.501,0,30.989,2556,2353,1.310,1.630,1.070,1,0,0,0,0,18,324,0,25,0
16-01 15:38:58,24.508,3.001,71.273,0,0,5389312,186928,175360,2258076,7389.396,1620.525,0,1036.336,0,34.011,2652,2234,1.310,1.630,1.070,1,0,0,0,0,18,324,0,25,0
16-01 15:38:59,22.737,2.748,71.709,1.499,0,5382988,179136,176160,2271112,8692.071,1619.082,0,2770.429,0,125.929,2997,2731,1.310,1.630,1.070,1,0,0.999,0,0,18,324,0,25,0
16-01 15:39:00,23.240,2.249,72.219,0.750,0,5383400,151996,177012,2296684,7621.687,1619.296,0,3310.561,0,291.873,2969,2481,1.310,1.630,1.070,2,0,0,0,0,18,324,0,25,0
16-01 15:39:01,26.384,2.764,69.353,0.503,0,5362632,183788,177516,2284856,11561.774,1803.166,4.020,2094.648,1.005,105.536,3340,3387,1.450,1.650,1.080,2,0,1.005,0,0,18,323,0,25,0
16-01 15:39:02,21.413,3.735,73.700,0.249,0,5397268,149100,177516,2284908,15590.539,2949.992,0,609.519,0,13.943,2682,2292,1.450,1.650,1.080,0,0,33.862,0,0,18,324,0,24,0
16-01 15:39:03,20.973,2.996,75.153,0.499,0,5393468,146256,177616,2291432,7456.408,2515.764,0,1238.407,0,20.973,2360,2102,1.450,1.650,1.080,1,0,1.997,0,0,18,323,0,24,0
16-01 15:39:04,18.017,2.502,77.824,0,0,5387304,150692,177632,2293144,13245.672,4501.306,0,356.341,0,6.006,2251,1976,1.450,1.650,1.080,2,0,18.017,0,0,18,324,0,24,0
16-01 15:39:05,23.508,5.752,68.023,0.250,0,5368564,163784,178148,2297824,9866.264,1888.625,0,2472.818,0,45.015,10484,18786,1.450,1.650,1.080,2,0,13.004,0,0,18,323,0,24,0
16-01 15:39:06,24.555,6.515,68.154,0,0,5360380,171640,178216,2298020,8323.812,1623.670,0,84.190,0,1.002,10435,19067,1.410,1.640,1.080,4,0,20.045,0,0,18,323,0,23,0
16-01 15:39:07,21.778,5.507,71.842,0.501,0,5286424,258900,178224,2285064,8735.211,1622.082,0,1017.306,0,25.032,2775,2561,1.410,1.640,1.080,1,0,11.014,0,0,18,323,0,23,0
16-01 15:39:08,23.922,5.482,67.779,0,0,5282620,262696,178224,2285072,18346.225,1700.460,0,422.623,0,19.935,11445,20077,1.410,1.640,1.080,2,0,48.841,0,0,18,323,0,23,0
16-01 15:39:09,18.814,3.010,77.264,0,0,5334296,211008,178224,2285084,15013.201,3737.747,0,240.821,0,11.038,2494,2117,1.410,1.640,1.080,1,0,34.116,0,0,18,324,0,23,0
16-01 15:39:10,23.170,2.990,72.749,0.249,0,5320652,218172,178224,2291564,21327.274,1787.820,0,1012.500,0,13.952,2660,2172,1.410,1.640,1.080,1,0,2.990,0,0,18,323,0,22,0
16-01 15:39:11,19.726,2.497,76.158,0.250,0,5334436,198304,178312,2297560,41803.710,4631.428,0,1006.789,0,64.922,2978,3301,1.380,1.630,1.080,4,0,16.980,0,0,18,324,0,22,0
16-01 15:39:12,28.787,8.261,61.831,0.250,0,5334464,197132,178440,2298192,9367.197,1634.128,0,1161.512,0,20.026,11401,29364,1.380,1.630,1.080,2,0,50.065,0,0,18,323,0,23,0
16-01 15:39:13,22.795,6.763,68.136,0,0.250,5334264,197132,178444,2298356,27021.923,1709.411,0,629.256,0,24.048,10520,18834,1.380,1.630,1.080,2,0,19.038,0,0,18,323,0,23,0
16-01 15:39:14,21.947,4.489,72.325,0.249,0,5288664,256116,178444,2285276,7988.644,1616.084,0,857.921,0,19.952,2403,2009,1.380,1.630,1.080,1,0,5.985,0,0,18,323,0,22,0
16-01 15:39:15,23.003,4.501,71.508,0,0,5290596,254164,178444,2285296,10859.244,1620.186,0,396.045,0,6.001,2987,2369,1.380,1.630,1.080,2,0,72.008,0,0,18,323,0,22,0
16-01 15:39:16,24.163,4.235,70.496,0,0,5286980,249376,178444,2293700,20953.433,1699.870,0,11.957,0,2.989,3219,2833,1.350,1.620,1.080,8,0,42.845,0,0,18,323,0,22,0
16-01 15:39:17,19.902,2.015,76.586,0.252,0,5297524,236528,178448,2295952,15312.199,3649.936,4.031,9839.310,1.008,244.874,2776,2067,1.350,1.620,1.080,1,0,16.123,0,0,18,324,0,22,0
16-01 15:39:18,16.930,2.490,78.427,0.747,0,5324696,209336,178520,2296096,57161.462,11284.501,0,1195.076,0,43.819,2250,1988,1.350,1.620,1.080,2,0,1.992,0,0,18,324,0,22,0
16-01 15:39:19,28.714,5.993,63.920,0.499,0.250,5349480,184008,178596,2296548,73297.632,12747.110,767.044,1470.167,5.993,57.928,3449,2596,1.350,1.620,1.080,3,0,7.990,0,0,18,325,0,22,0
16-01 15:39:20,22.532,3.755,71.601,0.751,0.250,5392388,140704,178680,2296856,149000.802,12757.048,256.363,1602.267,2.003,66.094,2972,2455,1.350,1.620,1.080,2,0,3.004,0,0,18,325,0,22,0
16-01 15:39:21,19.327,1.004,78.313,0.251,0,5398016,134876,178716,2297020,17348.435,8799.218,16.064,1136.549,1.004,58.233,2518,2830,1.320,1.610,1.080,3,0,0,0,0,18,325,0,22,0
16-01 15:39:22,15.430,1.991,81.382,0.498,0,5400212,132160,178764,2297484,243358.863,13817.479,0,1142.829,0,49.775,2530,2580,1.320,1.610,1.080,0,0,0.995,0,0,18,325,0,18,0
16-01 15:39:23,11.521,2.504,83.149,1.252,0,5379464,152448,178956,2297756,123947.929,14661.251,28.050,13596.344,4.007,171.307,2966,3194,1.320,1.610,1.080,2,0,1.002,0,0,18,325,0,18,0
16-01 15:39:24,14.284,2.756,80.690,0.752,0,5380004,151228,179156,2298204,68361.696,13532.811,104.245,1792.213,6.014,80.188,3740,5193,1.320,1.610,1.080,1,0,1.002,0,0,18,325,0,18,0
16-01 15:39:25,14.435,2.489,80.883,0.747,0,5369096,148148,179224,2312040,2771391.069,30819.305,0,2592.250,0,51.765,3662,3211,1.320,1.610,1.080,1,0,1.991,0,0,18,325,0,20,0
16-01 15:39:26,11.531,2.507,82.473,2.005,0,5354348,149716,179332,2325708,14556487.847,66096.517,168.455,18128.964,5.014,345.934,6251,3722,1.380,1.610,1.090,2,1,3.008,0,0,18,325,0,15,0
16-01 15:39:27,17.758,3.001,76.783,1.000,0,5345392,177020,179948,2306932,506272.336,6741.908,0,2825.218,0,93.040,2639,2506,1.380,1.610,1.090,1,0,1.000,0,0,18,325,0,15,0
16-01 15:39:28,22.448,5.238,70.587,0.748,0,5346032,156492,183136,2320672,8978.213,1454.632,0,35473.870,0,174.596,3117,2626,1.380,1.610,1.090,1,0,0,0,0,18,325,0,15,0
16-01 15:39:29,25.246,2.500,71.489,0.250,0,5359384,125952,183552,2336184,9050.574,1619.745,0,1499.764,0,42.993,2660,2423,1.380,1.610,1.090,1,0,1.000,0,0,18,325,0,15,0
16-01 15:39:30,22.756,3.501,71.268,0.500,0,5373092,144336,184036,2304920,10198.643,1662.431,0,1668.432,0,70.018,2758,2520,1.380,1.610,1.090,1,0,0,0,0,18,325,0,11,0
16-01 15:39:31,23.477,4.995,69.183,0.999,0,5367684,133764,184884,2318592,8971.370,1618.443,31.969,2933.179,0.999,115.889,3338,3615,1.350,1.600,1.090,3,0,0,0,0,18,325,0,11,0
16-01 15:39:32,24.281,3.254,71.092,0.751,0,5367256,149792,185544,2301512,8453.889,1622.089,0,1662.141,0,68.088,2903,2851,1.350,1.600,1.090,1,1,0,0,0,18,325,0,11,0
16-01 15:39:33,25.497,7.249,65.242,0.250,0,5377380,145812,186896,2293228,8127.065,1619.814,0,199916.992,0,1148.868,5840,4296,1.350,1.600,1.090,1,0,2.000,0,0,18,327,0,11,0
16-01 15:39:34,22.966,3.245,72.144,0.999,0,5377152,144184,187848,2294148,5570.817,1617.624,0,2136.861,0,77.886,2747,2461,1.350,1.600,1.090,2,0,0,0,0,18,327,0,7,0
16-01 15:39:35,18.770,2.753,77.084,0.501,0,5410808,138192,188356,2264984,12888.982,4214.572,140.152,1681.824,4.004,61.066,2424,2353,1.350,1.600,1.090,2,0,0,0,0,18,325,0,7,0
16-01 15:39:36,24.633,3.981,69.668,0.498,0,5353260,195752,188376,2264964,8277.526,1504.824,15.924,1560.558,3.981,177.155,2983,2362,1.320,1.590,1.090,3,0,24.881,0,0,18,325,0,7,0
16-01 15:39:37,18.839,3.265,77.114,0.251,0,5357080,185876,188468,2270696,15680.040,3917.498,120.569,1354.395,11.052,28.133,2500,2679,1.320,1.590,1.090,2,0,18.085,0,0,18,325,0,7,0
16-01 15:39:38,20.031,3.756,74.864,0.501,0,5353200,188684,188484,2271644,12322.816,2842.340,0,33078.508,0,205.313,2763,2487,1.320,1.590,1.090,0,0,19.029,0,0,18,326,0,4,0
16-01 15:39:39,23.227,4.246,70.680,0,0,5353480,181060,188860,2277584,11854.284,3449.591,0,1170.843,0,25.974,10626,18956,1.320,1.590,1.090,1,0,7.992,0,0,18,325,0,4,0
16-01 15:39:40,21.754,5.001,71.513,0,0,5343616,190312,188904,2278052,9022.627,1620.292,0,2404.434,0,16.003,2516,2050,1.320,1.590,1.090,2,0,8.001,0,0,18,325,0,4,0
16-01 15:39:41,23.286,7.762,66.853,0.501,0,5346844,186964,188948,2278128,8286.827,1664.576,0,957.482,0,65.101,10145,18594,1.370,1.600,1.090,3,0,16.025,0,0,18,325,0,4,0
16-01 15:39:42,22.202,5.239,70.845,0.499,0,5321200,226688,188956,2265280,6754.258,1616.472,0,3308.778,0,170.628,3032,2849,1.370,1.600,1.090,1,0,3.991,0,0,18,325,0,4,0
16-01 15:39:43,22.534,4.256,70.607,1.502,0,5343836,200740,188956,2268624,6190.385,1622.460,1025.555,1698.575,50.076,17.026,2716,2550,1.370,1.600,1.090,0,2,8.012,0,0,18,327,0,3,0
16-01 15:39:44,22.733,4.497,68.447,2.748,0,5343860,199212,188956,2270124,10605.862,1618.758,1159.111,2825.832,55.957,204.843,6391,8679,1.370,1.600,1.090,1,0,0,0,0,18,330,0,10,0
16-01 15:39:45,19.303,11.281,65.933,1.504,0,5295824,246364,188956,2271008,8931.724,1516.197,673.865,3076.516,33.092,307.852,7754,9750,1.370,1.600,1.090,1,0,212.588,0,0,18,329,0,10,0
16-01 15:39:46,13.455,13.704,68.023,3.738,0,5289908,250580,188956,2272708,8151.810,1560.794,1279.731,3013.947,34.884,367.773,5921,4697,1.340,1.590,1.090,0,1,227.242,0,0,18,329,0,12,0
16-01 15:39:47,10.768,4.758,70.871,12.772,0,5286628,212276,188956,2314292,10511.974,1622.775,41659.233,1466.508,3434.873,26.045,9345,9193,1.340,1.590,1.090,1,0,10.017,0,0,18,329,0,12,0
16-01 15:39:48,3.742,2.245,88.811,3.742,0,5286040,211836,189364,2314916,45487.032,3236.101,989.890,846.196,247.472,12.972,1851,2444,1.340,1.590,1.090,0,0,5.987,0,0,18,330,0,12,0
16-01 15:39:49,2.758,0.752,93.771,1.003,0,5284448,213184,189364,2315160,48944.521,4491.988,240.696,2354.809,8.023,142.412,1800,2456,1.340,1.590,1.090,0,0,1.003,0,0,18,330,0,12,0
16-01 15:39:50,4.500,2.750,91.008,1.000,0,5244504,252860,189380,2315412,125162.561,130432.048,436.040,840.078,13.001,18.002,2111,2297,1.340,1.590,1.090,0,0,12.001,0,0,18,329,0,12,0
16-01 15:39:51,2.990,0.997,94.177,0.249,0,5244804,252412,189380,2315560,9407.745,1614.465,0,306.948,0,27.904,1730,2480,1.470,1.610,1.100,0,0,0,0,0,18,329,0,12,0
16-01 15:39:52,2.501,1.001,94.549,0,0,5244772,252412,189380,2315592,8484.360,1620.833,0,84.043,0,12.006,1610,2345,1.470,1.610,1.100,1,0,1.001,0,0,18,329,0,12,0
16-01 15:39:53,2.250,0.750,95.502,0.250,0,5244640,252412,189380,2315724,8495.142,1620.027,0,220.004,0,26.000,1507,2136,1.470,1.610,1.100,0,0,1.000,0,0,18,329,0,12,0
16-01 15:39:54,1.752,0.751,96.350,0,0,5244640,252412,189380,2315724,8854.175,1459.512,0,84.087,0,10.010,1253,1680,1.470,1.610,1.100,1,0,0,0,0,18,329,0,12,0
16-01 15:39:55,2.248,0.999,94.664,0.500,0,5244620,252412,189380,2315744,14172.054,1618.522,0,683.376,0,60.944,1882,2664,1.470,1.610,1.100,0,0,0,0,0,18,329,0,12,0
16-01 15:39:56,3.230,0.994,94.412,0,0,5244844,252172,189380,2315760,23381.273,1609.966,0,31.802,0,3.975,1531,2099,1.360,1.590,1.090,0,0,0,0,0,18,329,0,12,0
16-01 15:39:57,2.019,0.505,96.139,0,0,5244812,252172,189380,2315792,11508.464,1635.127,0,0,0,0,1327,1970,1.360,1.590,1.090,1,0,0,0,0,18,329,0,12,0
16-01 15:39:58,1.744,0.748,95.939,0,0,5244772,252172,189380,2315832,8670.901,1614.767,0,0,0,0,1209,1669,1.360,1.590,1.090,0,0,0,0,0,18,329,0,12,0
16-01 15:39:59,1.500,0.750,97.011,0,0,5244772,252172,189380,2315832,8833.001,1620.184,0,0,0,0,1247,1715,1.360,1.590,1.090,0,0,1.000,0,0,18,329,0,12,0
16-01 15:40:00,1.750,1.000,96.272,0,0,5244772,252172,189380,2315832,8744.017,1620.374,0,0,0,0,1252,1686,1.360,1.590,1.090,3,0,0,0,0,18,329,0,12,0
16-01 15:40:01,3.750,0.750,94.488,0.500,0,5244768,252172,189380,2315836,9085.812,1619.788,0,327.957,0,35.995,1687,2302,1.250,1.560,1.090,0,0,0,0,0,18,329,0,12,0
16-01 15:40:02,2.499,1.250,94.727,0.250,0,5244720,252172,189380,2315884,7622.116,1619.600,0,1491.631,0,223.945,1712,2155,1.250,1.560,1.090,0,0,0,0,0,18,329,0,12,0
16-01 15:40:03,2.500,0.750,96.004,0,0,5244720,252172,189380,2315884,8482.354,1458.061,0,144.006,0,14.001,1318,1840,1.250,1.560,1.090,1,0,0,0,0,18,329,0,12,0
16-01 15:40:04,1.750,1.000,95.730,0,0,5239740,257144,189380,2315892,10834.785,1619.669,0,15212.890,0,65.987,1341,1699,1.250,1.560,1.090,0,0,0,0,0,18,329,0,12,0
16-01 15:40:05,2.249,1.000,95.975,0.250,0,5239720,257144,189380,2315912,6856.193,1619.573,15.996,607.840,1.000,26.993,1513,2209,1.250,1.560,1.090,0,0,0,0,0,18,329,0,12,0
16-01 15:40:06,2.001,1.000,95.295,0,0,5239720,257144,189380,2315912,5360.550,1620.771,0,32.015,0,4.002,1319,1854,1.230,1.550,1.090,1,0,0,0,0,18,329,0,12,0
16-01 15:40:07,2.501,0.750,95.278,0,0,5239676,257144,189380,2315956,13001.879,1620.484,0,112.033,0,16.005,1590,2250,1.230,1.550,1.090,0,0,1.000,0,0,18,329,0,12,0
16-01 15:40:08,2.000,1.000,95.977,0,0,5239676,257144,189380,2315956,6733.378,1619.610,0,175.958,0,19.995,1481,2186,1.230,1.550,1.090,1,0,1.000,0,0,18,329,0,12,0
16-01 15:40:09,2.001,1.751,94.781,0.250,0,5234760,262056,189380,2315960,9491.070,1620.524,0,40265.023,0,284.092,1766,1880,1.230,1.550,1.090,0,0,1.000,0,0,18,329,0,12,0
16-01 15:40:10,1.748,0.749,95.874,0.250,0,5234932,262056,189380,2315960,6577.383,1617.880,0,671.121,0,12.983,1367,1861,1.230,1.550,1.090,0,0,0,0,0,18,329,0,12,0
16-01 15:40:11,3.253,1.001,94.593,0.250,0,5234984,262056,189380,2315988,8928.764,1459.433,0,112.110,0,17.017,1750,2346,1.130,1.520,1.080,0,0,0,0,0,18,329,0,12,0
16-01 15:40:12,8.249,4.249,86.735,0.500,0,5231696,265248,189384,2315996,7424.754,1619.728,63.989,7.999,7.999,2.000,2651,9808,1.130,1.520,1.080,0,0,37.994,0,0,18,329,0,13,0
16-01 15:40:13,1.500,0.500,96.504,0,0,5231584,265360,189384,2316080,6697.262,1620.063,0,4.000,0,1.000,1154,1657,1.130,1.520,1.080,0,0,0,0,0,18,329,0,13,0
16-01 15:40:14,1.500,0.750,96.238,0,0,5230000,266944,189384,2316080,6408.226,1619.804,0,2971.641,0,18.998,1235,1674,1.130,1.520,1.080,0,0,0,0,0,18,329,0,13,0
16-01 15:40:15,1.754,1.253,94.947,0.501,0,5230252,266692,189384,2316080,9132.912,1623.362,0,3819.910,0,184.382,2080,2985,1.130,1.520,1.080,0,0,2.004,0,0,18,329,0,12,0
16-01 15:40:16,2.745,0.998,95.081,0.250,0.250,5230248,266692,189384,2316084,9335.382,1659.047,0,31.943,0,3.993,1470,2129,1.040,1.500,1.080,2,0,0,0,0,18,329,0,12,0
16-01 15:40:17,2.250,2.750,92.994,0.750,0,5237196,259636,189384,2316192,8920.395,1619.890,0,415.972,0,7.000,1487,2120,1.040,1.500,1.080,0,0,0,0,0,18,329,0,12,0
16-01 15:40:18,4.251,2.000,93.013,0,0,5240560,256272,189384,2316192,41945.941,1620.229,0,1200.170,0,178.025,1773,1715,1.040,1.500,1.080,1,0,2.000,0,0,18,329,0,12,0
16-01 15:40:19,20.745,5.749,72.731,0,0,5254116,242704,189388,2316200,8874.705,1457.623,767.801,87.977,5.998,6.998,2678,2138,1.040,1.500,1.080,1,0,7.998,0,0,18,329,0,12,0
16-01 15:40:20,9.253,2.751,87.025,0,0,5257080,239736,189388,2316204,41706.890,1296.370,256.073,4.001,2.001,1.000,1956,1938,1.040,1.500,1.080,0,0,3.001,0,0,18,329,0,12,0
16-01 15:40:21,12.249,3.250,83.744,0,0,5263032,233664,189388,2316324,283612.749,9723.340,0,335.977,0,25.998,2980,3112,1.030,1.490,1.080,1,0,19.999,0,0,18,329,0,12,0
16-01 15:40:22,15.488,5.246,76.438,0.999,0,5271992,224420,189392,2316604,442023.177,16330.854,123.900,171.862,5.995,12.990,3850,3555,1.030,1.490,1.080,2,0,33.973,0,0,18,329,0,12,0
