"pcp-dstat 6.2.0 CSV Output"
"Author:","PCP team <pcp@groups.io> and Dag Wieers <dag@wieers.com>",,,,"URL:","https://pcp.io/ and http://dag.wieers.com/home-made/dstat/"
"Host:","ubuntu",,,,"User:","ubuntu"
"Cmdline:","dstat -tcmndrylpg --tcp --output /tmp/devstack_logs/dstat-csv.log",,,,"Date:","15 Jan 2026 20:42:41 UTC"
"system","total usage",,,,,"memory usage",,,,"net/total",,"dsk/total",,"io/total",,"system",,"load avg",,,"procs",,,"paging",,"tcp sockets",,,,
"time","total usage:usr","total usage:sys","total usage:idl","total usage:wai","total usage:stl","used","free","buf","cach","net/total:recv","net/total:send","dsk/total:read","dsk/total:writ","read","writ","int","csw","1m","5m","15m","run","blk","new","in","out","lis","act","syn","tim","clo"
15-01 20:42:41,,993596,1702696,165444,4959580,,,,,,,1.420,0.940,0.500,3,0,,,,10,5,0,17,1
15-01 20:42:42,19.987,21.236,58.212,0.500,0,998948,1696840,165552,4959844,44801.532,12751.613,0,2598.291,0,99.934,6662,5731,1.420,0.940,0.500,3,0,499.671,0,0,10,5,0,17,1
15-01 20:42:43,27.253,18.252,53.256,0.500,0,1011348,1683772,165632,4960344,23543.455,11784.229,0,2364.247,0,55.006,6247,5760,1.420,0.940,0.500,1,0,353.037,0,0,10,4,0,17,2
15-01 20:42:44,33.258,18.255,47.012,0.750,0,1031156,1639224,165868,4983100,190553.045,8042.028,0,2500.630,0,73.018,6749,7627,1.420,0.940,0.500,2,0,270.068,0,0,10,4,0,17,2
15-01 20:42:45,27.430,5.237,65.833,0.249,0,1163744,1487128,166680,5123712,7511.889,1615.889,0,1647.808,0,42.891,3353,3271,1.420,0.940,0.500,1,0,13.964,0,0,11,4,0,17,2
15-01 20:42:46,37.742,10.498,50.989,0.500,0,1192488,1444832,166912,5135304,5782.769,1511.678,15.997,739.843,1.000,24.995,3890,2416,1.460,0.950,0.510,2,0,110.976,0,0,11,6,0,17,2
15-01 20:42:47,39.262,11.003,47.764,1.000,0,1204324,1407424,167552,5157852,5761.726,1620.486,32.010,3072.921,2.001,119.036,4716,3550,1.460,0.950,0.510,2,0,175.052,0,0,11,6,0,19,2
15-01 20:42:48,42.501,7.250,48.501,1.250,0.250,1254976,1325732,168824,5184420,10561.124,1566.018,0,8352.098,0,119.001,3330,2018,1.460,0.950,0.510,3,0,0,0,0,11,6,0,19,2
15-01 20:42:49,41.354,5.514,47.620,4.762,0,1272580,1290604,170044,5198436,8728.966,1624.087,0,18827.378,0,1418.570,8321,12266,1.460,0.950,0.510,4,0,13.033,0,0,11,8,0,19,2
15-01 20:42:50,26.243,5.498,44.987,21.744,0,1215480,1358228,170732,5187380,15654.585,4406.757,0,36045.833,0,3183.102,16227,22706,1.460,0.950,0.510,2,0,61.983,0,0,11,6,0,19,0
15-01 20:42:51,38.983,10.245,45.730,4.998,0,1198756,1374480,170984,5187592,11250.024,2984.680,0,27687.754,0,1824.193,10575,12599,1.510,0.970,0.520,1,0,116.948,0,0,11,5,0,19,0
15-01 20:42:52,42.282,5.754,51.038,0.250,0,1241524,1324376,171100,5193984,11017.273,2628.974,0,2045.536,0,84.063,3088,1715,1.510,0.970,0.520,2,0,3.002,0,0,11,4,0,19,0
15-01 20:42:53,40.165,5.239,52.888,0.748,0,1189640,1370576,171380,5198752,15167.993,4541.417,0,8154.792,0,452.046,3832,3312,1.510,0.970,0.520,2,0,27.941,0,0,11,5,0,19,0
15-01 20:42:54,43.486,8.747,45.236,0.750,0,1232644,1324548,171712,5200560,6859.857,1793.440,0,3362.950,0,258.919,11026,17895,1.510,0.970,0.520,2,0,12.996,0,0,11,4,0,19,0
15-01 20:42:55,42.328,12.273,44.833,0,0,1225248,1331612,171788,5200736,8411.518,1460.695,0,2119.911,0,77.142,11827,19012,1.510,0.970,0.520,3,0,164.303,0,0,11,4,0,19,0
15-01 20:42:56,29.519,24.016,45.029,0,0,1184368,1387120,171796,5187804,7553.881,1621.047,0,480.310,0,31.020,6551,5270,1.550,0.990,0.530,4,0,500.323,0,0,11,4,0,19,0
15-01 20:42:57,37.156,16.209,45.634,0,0,1163144,1408204,171796,5187948,5998.785,1615.902,0,11.970,0,2.992,6662,7017,1.550,0.990,0.530,1,0,284.279,0,0,11,4,0,19,0
15-01 20:42:58,46.137,10.474,43.394,0,0,1222184,1349144,171796,5188424,9379.117,1616.057,0,11611.670,0,41.898,3750,2172,1.550,0.990,0.530,2,0,122.701,0,0,11,5,0,19,0
15-01 20:42:59,47.633,2.758,48.887,0,0,1262516,1308288,171796,5188960,40125.203,1624.543,0,184.516,0,2.006,2749,1126,1.550,0.990,0.530,2,0,0,0,0,11,5,0,19,0
15-01 20:43:00,42.836,9.269,47.596,0,0,1275464,1292892,171888,5191272,12225.681,1623.277,0,2176.394,0,89.180,3727,5093,1.550,0.990,0.530,3,1,21.042,0,0,11,4,0,19,0
15-01 20:43:01,5.740,7.487,85.851,0.499,0,1281240,1287072,171904,5191292,41863.153,1617.186,0,447.222,0,30.946,2730,2574,1.740,1.040,0.550,1,0,118.793,0,0,11,4,0,19,0
15-01 20:43:02,21.734,3.747,73.697,0,0,1354316,1213992,171904,5191296,8750.663,1510.906,0,127.907,0,3.997,1851,1438,1.740,1.040,0.550,1,0,0,0,0,11,4,0,19,0
15-01 20:43:03,24.231,2.498,70.444,2.498,0,1358172,1209948,171904,5191484,9158.758,1564.763,0,21898.685,0,436.655,2452,1399,1.740,1.040,0.550,3,0,0.999,0,0,11,4,0,19,0
15-01 20:43:04,26.266,7.004,64.288,1.001,0,1306268,1261920,172000,5191540,7857.638,1620.957,0,3538.089,0,285.168,5403,14336,1.740,1.040,0.550,2,0,79.047,0,0,11,4,0,22,0
15-01 20:43:05,22.006,3.751,73.519,0.500,0,1354308,1213284,172272,5191812,6199.571,1620.411,372.094,384.097,20.005,4.001,1773,1286,1.740,1.040,0.550,2,0,0,0,0,11,4,0,15,0
15-01 20:43:06,18.500,2.500,77.250,0.250,0,1372148,1195384,172276,5191836,13403.947,5704.978,0,1207.995,0,19.000,2421,2342,1.680,1.040,0.550,1,1,1.000,0,0,11,17,0,15,0
15-01 20:43:07,15.996,4.249,74.731,4.749,0,1375912,1191156,172328,5192200,11457.158,5671.593,267.934,2395.406,65.984,94.976,2696,2382,1.680,1.040,0.550,1,0,44.989,0,0,11,28,0,16,0
15-01 20:43:08,20.248,3.000,74.992,0,0,1373868,1193196,172328,5192204,10654.807,3589.598,0,0,0,0,1845,1316,1.680,1.040,0.550,0,0,0,0,0,11,29,0,16,0
15-01 20:43:09,16.793,8.522,74.190,0,0,1342040,1225004,172332,5192220,35248.338,6528.732,0,21398.843,0,73.188,3710,2941,1.680,1.040,0.550,3,0,145.373,0,0,11,28,0,17,0
15-01 20:43:10,42.654,7.483,48.640,0,0,1422908,1144124,172332,5192232,6477.409,1454.723,0,4841.095,0,120.728,3153,1571,1.680,1.040,0.550,2,0,10.975,0,0,11,28,0,17,0
15-01 20:43:11,29.794,3.755,64.845,0.250,0,1435460,1131492,172336,5192304,26534.857,18685.362,0,128.188,0,7.010,5129,6604,1.710,1.050,0.560,1,0,0,0,0,11,30,0,17,0
15-01 20:43:12,54.053,25.775,20.020,0,0,1450924,1115848,172344,5192472,11198.976,3116.054,0,276.271,0,32.031,6285,6186,1.710,1.050,0.560,6,0,572.561,0,0,11,28,0,18,0
15-01 20:43:13,85.676,13.738,0.500,0,0,1675860,890884,172344,5192492,16423.733,8430.677,0,0,0,0,5277,3156,1.710,1.050,0.560,5,0,6.994,0,0,11,31,0,17,0
15-01 20:43:14,82.087,9.731,7.984,0,0,1746000,820632,172348,5192596,41595.297,33079.230,0,407.190,0,33.933,7177,10206,1.710,1.050,0.560,4,0,0,0,0,11,33,0,18,0
15-01 20:43:15,45.500,13.500,40.000,0,0,1487480,1078960,172372,5192764,16697.132,8686.069,0,564.004,0,59.000,6430,7442,1.710,1.050,0.560,1,0,310.002,0,0,11,28,0,23,0
15-01 20:43:16,20.755,3.751,74.516,0.500,0,1488672,1077756,172380,5192768,9546.096,3590.788,0,148.033,0,6.001,1837,1270,1.650,1.050,0.560,1,0,0,0,0,11,29,0,23,0
15-01 20:43:17,16.031,2.755,80.404,0,0,1456780,1109628,172388,5192780,12245.529,6522.533,0,236.454,0,23.044,2847,3191,1.650,1.050,0.560,1,0,10.019,0,0,11,28,0,23,0
15-01 20:43:18,19.731,6.744,73.181,0,0,1455984,1110420,172388,5192784,5923.402,1618.470,0,1498.584,0,9.991,2388,1764,1.650,1.050,0.560,1,0,57.945,0,0,11,28,0,23,0
15-01 20:43:19,16.268,4.505,78.838,0,0,1449952,1116432,172392,5192796,15919.729,7810.698,0,88698.781,0,288.321,3210,2836,1.650,1.050,0.560,1,0,0,0,0,11,29,0,23,0
15-01 20:43:20,11.001,18.251,69.255,0,0,1413520,1152836,172392,5192824,9633.760,2478.195,0,1916.151,0,31.002,5849,5051,1.650,1.050,0.560,1,0,448.035,0,0,11,28,0,24,0
15-01 20:43:21,51.139,31.432,17.213,0,0,1461724,1104596,172392,5192860,9504.369,1616.491,0,530.848,0,23.948,5982,4744,1.920,1.120,0.580,5,0,588.722,0,0,11,28,0,24,0
15-01 20:43:22,84.721,9.274,5.765,0,0,1670576,895720,172408,5192868,21877.009,17330.161,0,926.414,0,52.136,5370,3242,1.920,1.120,0.580,2,0,0,0,0,11,33,0,24,0
15-01 20:43:23,73.249,10.750,15.750,0.500,0,1673832,892212,172420,5193108,45527.437,34926.568,0,519.994,0,66.999,9075,15477,1.920,1.120,0.580,7,0,57.999,0,0,11,29,0,25,0
15-01 20:43:24,79.009,21.002,0.250,0,0,1605640,960356,172432,5193140,7874.874,1989.221,0,4704.522,0,42.005,5694,4723,1.920,1.120,0.580,6,0,253.028,0,0,11,28,0,25,0
15-01 20:43:25,86.428,11.457,1.494,0,0,1713884,852028,172432,5193224,24081.314,18939.463,0,326.783,0,8.967,6020,5012,1.920,1.120,0.580,5,0,0,0,0,11,32,0,25,0
15-01 20:43:26,79.528,11.039,8.781,0,0,1644392,921148,172444,5193584,45492.190,38711.462,0,2950.324,0,138.485,8676,13758,2.250,1.200,0.610,5,0,106.372,0,0,11,31,0,28,0
15-01 20:43:27,40.392,13.215,45.129,0,0,1549868,1015488,172452,5193760,19102.895,9973.319,0,558.506,0,28.923,6178,6899,2.250,1.200,0.610,2,0,191.488,0,0,11,28,0,30,0
15-01 20:43:28,36.500,4.500,58.500,0,0,1530360,1034988,172452,5193768,17657.029,9450.015,0,120.000,0,8.000,3055,2208,2.250,1.200,0.610,2,0,0,0,0,11,30,0,30,0
15-01 20:43:29,36.600,12.033,50.889,0.251,0,1441416,1123888,172456,5193808,57269.224,12141.120,0,336.919,0,27.074,6128,6935,2.250,1.200,0.610,5,0,242.662,0,0,11,28,0,32,0
15-01 20:43:30,62.240,14.498,22.246,0,0.250,1512752,1052528,172456,5193832,9574.446,1619.737,0,211.966,0,10.998,3959,2044,2.250,1.200,0.610,3,0,135.978,0,0,11,28,0,31,0
15-01 20:43:31,46.660,5.240,46.910,0,0,1556140,1009096,172460,5193872,67098.202,23419.046,0,111.785,0,7.985,5460,6252,2.470,1.260,0.640,3,0,0,0,0,11,31,0,31,0
15-01 20:43:32,63.389,21.798,14.782,0.251,0,1509772,1055252,172468,5194060,15168.232,7812.116,0,440.966,0,47.103,7014,7219,2.470,1.260,0.640,4,0,264.580,0,0,11,28,0,32,0
15-01 20:43:33,72.499,8.250,18.750,0.250,0,1600688,964316,172472,5194076,22465.651,17279.731,0,231.996,0,19.000,5240,3691,2.470,1.260,0.640,4,0,1.000,0,0,11,32,0,32,0
15-01 20:43:34,61.253,15.001,22.751,0,0,1504620,1060164,172480,5194288,35216.867,26228.391,0,5816.308,0,390.021,9502,12988,2.470,1.260,0.640,5,0,317.017,0,0,11,28,0,31,0
15-01 20:43:35,64.333,11.470,24.187,0,0,1557948,1006880,172480,5194304,7995.252,1615.807,0,203.472,0,10.972,3719,1553,2.470,1.260,0.640,3,0,6.982,0,0,11,28,0,31,0
15-01 20:43:36,42.900,5.487,49.883,0.249,0,1573360,991408,172488,5194364,32484.923,26703.463,0,203.523,0,18.956,5868,7706,2.350,1.260,0.640,2,0,0,0,0,11,30,0,32,0
15-01 20:43:37,59.524,18.837,21.851,0.251,0,1492904,1071820,172492,5194404,16351.283,5641.976,0,642.960,0,26.120,5656,5035,2.350,1.260,0.640,3,0,300.383,0,0,11,28,0,33,0
15-01 20:43:38,52.672,6.490,40.440,0,0,1539376,1025200,172492,5194552,20557.612,15244.466,0,175.740,0,10.984,4264,3701,2.350,1.260,0.640,3,0,0,0,0,11,31,0,30,0
15-01 20:43:39,53.816,19.023,26.282,0.250,0,1450628,1113612,172512,5194868,25020.495,15761.210,0,3011.671,0,153.187,6931,8568,2.350,1.260,0.640,3,0,287.350,0,0,11,28,0,33,0
15-01 20:43:40,54.731,6.248,38.987,0,0,1556176,1008048,172512,5194880,18077.889,11711.041,0,115.961,0,6.998,3783,2429,2.350,1.260,0.640,3,0,0,0,0,11,31,0,33,0
15-01 20:43:41,55.299,7.757,36.032,0,0,1517896,1046132,172516,5195072,22466.074,17215.382,0,252.225,0,29.026,6686,8235,2.400,1.290,0.650,4,0,84.075,0,0,11,28,0,35,0
15-01 20:43:42,61.998,12.500,24.999,0,0,1578732,985284,172520,5195080,9939.720,2307.935,0,155.996,0,10.000,3976,1744,2.400,1.290,0.650,2,0,27.999,0,0,11,29,0,35,0
15-01 20:43:43,47.002,5.250,47.252,0,0,1583280,980676,172524,5195136,29905.998,23668.790,0,392.013,0,27.001,5218,6993,2.400,1.290,0.650,4,0,3.000,0,0,11,30,0,36,0
15-01 20:43:44,67.995,27.498,4.000,0,0,1544716,1019180,172524,5195196,10045.311,4510.690,0,407.972,0,37.997,6391,6374,2.400,1.290,0.650,7,0,586.960,0,0,11,28,0,37,0
15-01 20:43:45,82.738,17.248,0,0,0,1663588,900280,172524,5195228,12920.187,5603.214,0,195.973,0,10.998,5588,4433,2.400,1.290,0.650,7,0,374.947,0,0,11,30,0,37,0
15-01 20:43:46,78.950,18.488,1.499,0,0,1744260,819432,172524,5195412,40857.147,35232.706,0,3341.885,0,133.915,8797,9707,2.770,1.380,0.690,8,0,425.731,0,0,11,33,0,37,0
15-01 20:43:47,75.813,22.769,2.002,0.250,0,1592880,970532,172532,5195684,36503.138,27776.933,0,544.450,0,49.040,8185,9520,2.770,1.380,0.690,6,0,448.370,0,0,11,28,0,38,0
15-01 20:43:48,85.773,13.714,0,0,0,1643928,919468,172540,5195692,12479.922,6272.375,0,343.091,0,8.976,5050,2514,2.770,1.380,0.690,6,0,15.958,0,0,11,30,0,38,0
15-01 20:43:49,74.432,7.769,17.543,0,0,1667368,895804,172548,5195908,43400.164,37909.734,0,120.294,0,8.020,7951,11730,2.770,1.380,0.690,4,0,0,0,0,11,32,0,39,0
15-01 20:43:50,41.979,24.238,32.984,0,0,1508052,1055052,172548,5195976,27285.525,17295.459,0,19.990,0,4.998,8383,10343,2.770,1.380,0.690,1,0,686.661,0,0,11,28,0,41,0
15-01 20:43:51,46.528,34.771,19.011,0,0,1511736,1051316,172548,5196028,7651.568,1715.024,0,48.029,0,12.007,6381,5803,3.110,1.480,0.720,6,0,898.536,0,0,11,28,0,41,0
15-01 20:43:52,74.723,8.997,15.744,0,0,1605144,957892,172548,5196044,23359.406,15174.417,0,0,0,0,4866,3544,3.110,1.480,0.720,4,0,16.994,0,0,11,31,0,41,0
15-01 20:43:53,58.967,14.492,25.985,0.250,0,1490624,1072132,172568,5196300,29452.516,20906.299,0,1075.398,0,79.955,6986,10282,3.110,1.480,0.720,5,0,200.888,0,0,11,28,0,45,0
15-01 20:43:54,78.065,13.761,7.756,0,0,1562456,1000284,172572,5196312,14390.009,7511.269,0,204.170,0,11.009,4884,2619,3.110,1.480,0.720,3,0,68.057,0,0,11,30,0,45,0
15-01 20:43:55,63.487,6.749,28.494,0,0,1605340,957192,172572,5196516,37157.128,30475.543,0,175.963,0,8.998,6848,10541,3.110,1.480,0.720,3,0,0,0,0,11,32,0,45,0
15-01 20:43:56,54.278,6.753,37.769,0.250,0,1594544,967732,172580,5196764,45002.969,36833.800,0,2665.360,0,135.069,11990,18733,3.100,1.500,0.730,2,0,24.012,0,0,11,30,0,45,0
15-01 20:43:57,80.493,16.499,3.000,0,0,1524872,1037364,172588,5196796,11019.034,4978.564,0,335.971,0,35.997,5730,4605,3.100,1.500,0.730,4,0,95.992,0,0,11,28,0,45,0
15-01 20:43:58,67.450,6.995,25.481,0,0,1599108,963076,172596,5196840,32887.699,25526.138,0,191.858,0,10.992,5651,6306,3.100,1.500,0.730,4,0,0,0,0,11,32,0,45,0
15-01 20:43:59,49.024,6.003,43.021,0,0,1598708,963076,172596,5197240,81650.350,40261.403,0,164.079,0,11.005,11409,18297,3.100,1.500,0.730,2,0,0,0,0,11,32,0,45,0
15-01 20:44:00,68.515,18.504,12.003,0,0,1484432,1077288,172596,5197304,25902.501,15523.297,0,124.026,0,8.002,7058,8287,3.100,1.500,0.730,4,0,260.055,0,0,11,28,0,49,0
15-01 20:44:01,75.240,8.999,16.248,0,0,1605936,955756,172604,5197324,55284.781,15686.952,0,123.984,0,6.999,4881,2764,3.010,1.510,0.740,1,0,0,0,0,11,32,0,49,0
15-01 20:44:02,61.994,7.749,28.747,0,0,1564912,996552,172604,5197552,43237.942,31657.029,0,107.990,0,7.999,9248,14712,3.010,1.510,0.740,6,0,59.994,0,0,11,30,0,51,0
15-01 20:44:03,77.018,16.504,6.001,0,0,1554748,1006528,172620,5197724,19713.498,10079.300,0,420.096,0,47.011,6335,6741,3.010,1.510,0.740,4,0,69.016,0,0,11,29,0,51,0
15-01 20:44:04,68.134,9.733,22.462,0,0,1616992,944224,172636,5201196,24364.646,18768.145,0,335.431,0,35.939,5705,15806,3.010,1.510,0.740,8,0,53.909,0,0,12,31,0,53,0
15-01 20:44:05,72.858,13.270,13.019,0,0,1601024,960132,172636,5197828,25487.800,20169.913,0,292.434,0,42.062,6073,9303,3.010,1.510,0.740,4,0,102.151,0,0,11,30,0,54,0
15-01 20:44:06,64.974,11.995,22.241,0,0,1526600,1034352,172644,5198032,37989.969,28275.812,0,247.902,0,21.991,7170,10824,3.250,1.590,0.770,7,0,141.944,0,0,11,32,0,56,0
15-01 20:44:07,78.549,15.260,6.254,0,0,1571464,989436,172644,5198048,17254.861,11420.189,0,156.098,0,8.005,5535,5115,3.250,1.590,0.770,3,0,88.055,0,0,11,31,0,55,0
15-01 20:44:08,68.743,6.499,24.497,0,0,1605484,955240,172648,5198220,31382.720,22374.661,0,167.982,0,13.999,5769,6503,3.250,1.590,0.770,5,0,1.000,0,0,11,34,0,57,0
15-01 20:44:09,71.251,12.250,15.750,0,0,1596636,963880,172656,5198416,23312.381,17019.278,0,332.005,0,39.001,5695,7712,3.250,1.590,0.770,3,0,68.001,0,0,11,33,0,58,0
15-01 20:44:10,57.224,10.495,31.236,0.250,0,1569224,991260,172672,5198432,20677.729,13105.124,0,423.810,0,30.986,4851,4064,3.250,1.590,0.770,2,0,137.938,0,0,11,33,0,60,0
15-01 20:44:11,55.174,11.484,33.204,0,0,1561136,999324,172684,5198444,14394.062,7984.940,0,247.657,0,21.970,4935,3771,3.150,1.590,0.780,3,0,119.834,0,0,11,33,0,59,0
15-01 20:44:12,53.327,10.014,35.802,0,0,1543136,1017252,172684,5198512,22454.390,16080.196,0,376.543,0,45.065,5111,5270,3.150,1.590,0.780,4,0,96.139,0,0,11,34,0,60,0
15-01 20:44:13,52.481,10.246,36.486,0,0,1489188,1071016,172684,5198692,23832.176,15359.313,0,195.927,0,9.996,5824,6773,3.150,1.590,0.780,3,0,86.968,0,0,11,33,0,62,0
15-01 20:44:14,57.283,7.754,34.520,0,0,1536496,1023648,172688,5198748,18299.570,12872.435,0,204.118,0,15.009,4191,4022,3.150,1.590,0.780,1,0,9.005,0,0,11,33,1,63,0
15-01 20:44:15,33.144,5.981,59.809,0.249,0,1529696,1030380,172688,5198808,27281.907,18712.264,0,558.218,0,27.911,5571,7192,3.150,1.590,0.780,1,0,76.755,0,0,11,33,0,58,0
15-01 20:44:16,36.324,11.774,51.354,0.501,0,1470428,1089628,172700,5198816,11168.628,2910.898,0,232.471,0,22.045,4077,3281,3.060,1.600,0.780,2,0,135.274,0,0,11,32,0,59,0
15-01 20:44:17,35.963,3.996,58.689,0,0,1523900,1036140,172704,5198828,18582.751,12932.604,0,175.818,0,11.988,3110,2686,3.060,1.600,0.780,1,0,0,0,0,11,34,0,59,0
15-01 20:44:18,35.322,10.271,53.358,0.251,0,1453912,1105984,172712,5198960,19838.246,7921.069,0,685.390,0,41.083,4873,5769,3.060,1.600,0.780,2,0,138.281,0,0,11,32,0,61,0
15-01 20:44:19,40.138,5.734,53.351,0,0,1500372,1059376,172716,5199104,11760.086,6454.934,0,1591.546,0,18.947,3032,2273,3.060,1.600,0.780,2,0,0,0,0,11,33,0,59,0
15-01 20:44:20,31.351,8.026,59.944,0,0,1501376,1058336,172720,5199132,16739.155,12253.643,0,180.584,0,20.065,4687,5152,3.060,1.600,0.780,2,0,60.195,0,0,11,33,0,60,0
15-01 20:44:21,38.500,5.750,55.250,0.250,0,1494112,1065452,172728,5199272,16602.043,7782.020,0,208.001,0,20.000,3074,2623,2.970,1.610,0.790,3,0,5.000,0,0,11,33,0,61,0
15-01 20:44:22,36.488,4.748,57.731,0,0,1491504,1068032,172728,5199300,23465.441,13638.607,0,111.964,0,6.998,4358,4899,2.970,1.610,0.790,2,0,42.986,0,0,11,33,0,62,0
15-01 20:44:23,38.150,6.982,53.610,0.249,0,1516208,1043296,172732,5199328,12491.394,6539.929,0,219.427,0,21.943,3587,3711,2.970,1.610,0.790,2,0,5.984,0,0,11,32,0,62,0
15-01 20:44:24,35.335,3.508,60.395,0,0,1524692,1034788,172732,5199352,24238.324,15893.244,0,148.357,0,10.024,3714,3850,2.970,1.610,0.790,3,0,0,0,0,11,34,0,62,0
15-01 20:44:25,27.944,12.724,58.133,0.249,0,1365168,1194200,172744,5199444,15436.977,9511.885,0,359.278,0,31.936,6404,7042,2.970,1.610,0.790,1,0,281.434,0,0,11,32,0,64,0
15-01 20:44:26,21.742,4.498,73.224,0,0,1407432,1151932,172748,5199444,9282.715,1619.427,0,255.909,0,8.997,1882,1261,2.820,1.600,0.790,1,0,0,0,0,11,32,0,64,0
15-01 20:44:27,14.746,1.750,81.979,0,0,1409672,1149528,172764,5199592,16703.690,10859.198,0,3839.010,0,175.955,3275,3617,2.820,1.600,0.790,0,0,1.999,0,0,11,33,0,58,0
15-01 20:44:28,14.530,13.527,71.646,0.251,0,1396652,1162524,172772,5199608,9215.723,2750.588,0,288.586,0,27.055,4664,3956,2.820,1.600,0.790,1,0,284.578,0,0,11,32,0,59,0
15-01 20:44:29,19.452,1.995,77.061,0,0,1408764,1150404,172780,5199608,48180.051,3825.635,0,143.648,0,8.978,1851,1247,2.820,1.600,0.790,0,0,0,0,0,11,33,0,59,0
15-01 20:44:30,19.508,3.001,76.532,0,0,1410268,1148864,172788,5199632,18773.900,10140.267,0,416.175,0,25.011,3570,4161,2.820,1.600,0.790,1,0,0,0,0,11,32,0,60,0
15-01 20:44:31,20.262,6.254,72.793,0,0,1431024,1128104,172788,5199632,44015.715,1620.947,0,96.056,0,8.005,2485,1759,2.670,1.590,0.790,1,0,46.027,0,0,11,32,0,58,0
15-01 20:44:32,18.246,2.749,77.485,0,0,1417820,1141300,172788,5199640,16188.772,8531.299,0,0,0,0,2867,2806,2.670,1.590,0.790,1,0,5.999,0,0,11,33,0,58,0
15-01 20:44:33,17.532,5.761,75.889,0.501,0,1340264,1218744,172788,5199748,13452.651,8841.201,0,244.448,0,28.051,4421,5302,2.670,1.590,0.790,1,0,92.169,0,0,11,32,0,58,0
15-01 20:44:34,15.253,22.755,60.763,0,0,1354820,1204080,172804,5199840,9115.912,1620.340,0,416.087,0,28.006,6438,5148,2.670,1.590,0.790,3,0,535.112,0,0,11,32,0,60,0
15-01 20:44:35,45.010,5.751,49.011,0,0,1474044,1084128,172808,5200556,7176.664,1620.376,0,288.067,0,10.002,2964,1586,2.670,1.590,0.790,2,0,0,0,0,11,32,0,56,0
15-01 20:44:36,36.968,7.494,45.711,7.244,0,1473100,1077884,173616,5206276,6175.732,1618.619,0,26129.709,0,2290.046,14926,20679,2.700,1.610,0.800,5,0,107.908,0,0,11,36,0,56,0
15-01 20:44:37,36.508,8.752,41.009,11.253,0.250,1534076,1014384,174360,5207940,9025.020,1458.326,0,46926.503,0,4019.900,20433,31404,2.700,1.610,0.800,2,0,63.014,0,0,11,36,0,56,0
15-01 20:44:38,45.276,6.754,46.277,1.251,0,1495680,1052688,174424,5207964,8271.769,1620.935,0,15448.908,0,920.531,5644,6570,2.700,1.610,0.800,2,0,7.004,0,0,11,32,0,56,0
15-01 20:44:39,40.661,8.232,45.401,4.490,0,1531556,1016400,174548,5208252,8998.316,1616.464,0,8565.264,0,1444.839,11237,15491,2.700,1.610,0.800,2,1,1.996,0,0,11,34,0,51,0
15-01 20:44:40,34.495,8.999,50.993,3.999,0,1546072,1001468,174740,5208476,7605.981,1661.777,0,13406.205,0,1522.796,10849,14086,2.700,1.610,0.800,1,0,99.987,0,0,11,32,0,51,0
15-01 20:44:41,21.999,4.500,72.495,0.500,0,1506964,1040564,174744,5208496,9171.421,1619.898,0,4827.695,0,384.976,2894,2101,2.560,1.600,0.810,1,0,1.000,0,0,11,32,0,51,0
15-01 20:44:42,22.986,3.498,72.456,0.750,0,1518784,1028716,174772,5208496,7745.322,1619.022,0,5076.934,0,291.824,2851,2527,2.560,1.600,0.810,1,0,1.999,0,0,11,32,0,51,0
15-01 20:44:43,22.014,4.003,73.046,0.250,0,1492416,1055064,174772,5208516,6450.050,1621.018,0,132.083,0,16.010,1980,1489,2.560,1.600,0.810,2,0,2.001,0,0,11,32,0,48,0
15-01 20:44:44,22.316,3.761,73.968,0,0,1421264,1126200,174772,5208528,7069.845,1624.791,0,0,0,0,1775,1109,2.560,1.600,0.810,2,0,3.009,0,0,11,32,0,48,0
15-01 20:44:45,22.182,3.240,73.526,0,0,1476240,1071224,174772,5208528,9298.653,1453.569,0,0,0,0,1860,1433,2.560,1.600,0.810,2,0,0,0,0,11,32,0,48,0
15-01 20:44:46,22.255,3.001,73.515,0,0,1461040,1086356,174772,5208596,7389.506,1620.330,0,4.001,0,1.000,1815,1170,2.440,1.590,0.810,2,0,3.001,0,0,11,32,0,48,0
15-01 20:44:47,22.750,3.000,73.749,0,0,1505016,1042380,174772,5208596,8621.852,1619.972,0,4.000,0,1.000,1797,1173,2.440,1.590,0.810,1,0,0,0,0,11,32,0,48,0
15-01 20:44:48,22.747,3.250,73.741,0,0,1481148,1066156,174772,5208684,7066.127,1619.800,0,1023.874,0,136.983,2104,1213,2.440,1.590,0.810,1,0,3.000,0,0,11,32,0,46,0
15-01 20:44:49,22.254,4.001,73.263,0.250,0.250,1462260,1084964,174780,5208716,8850.618,1620.296,0,312.057,0,13.002,2012,1640,2.440,1.590,0.810,1,0,1.000,0,0,11,32,0,46,0
15-01 20:44:50,21.997,3.499,73.488,0,0,1518492,1028732,174780,5208716,7628.802,1619.746,0,535.916,0,18.997,1896,1393,2.440,1.590,0.810,1,0,0,0,0,11,32,0,46,0
15-01 20:44:51,22.763,3.252,73.543,0.250,0,1495172,1052032,174780,5208736,6400.727,1714.999,0,36.021,0,4.002,1814,1095,2.320,1.580,0.810,1,0,3.002,0,0,11,32,0,46,0
15-01 20:44:52,21.781,3.505,74.104,0,0,1508920,1038276,174780,5208744,9314.057,1622.274,0,0,0,0,1817,1309,2.320,1.580,0.810,1,0,0,0,0,11,32,0,41,0
15-01 20:44:53,22.948,3.492,72.586,0,0,1484896,1062248,174780,5208796,9650.236,1454.719,0,3.991,0,0.998,1956,1409,2.320,1.580,0.810,1,0,1.995,0,0,11,32,0,41,0
15-01 20:44:54,22.751,2.750,73.754,0,0.250,1507500,1039640,174780,5208796,11218.655,1620.095,0,0,0,0,1759,1017,2.320,1.580,0.810,2,0,2.000,0,0,11,32,0,41,0
15-01 20:44:55,9.023,20.050,69.675,0,0,1462760,1084208,174780,5208956,9621.223,1624.089,0,541.363,0,8.020,5896,4440,2.320,1.580,0.810,2,0,443.116,0,0,11,32,0,41,0
15-01 20:44:56,8.233,21.205,69.603,0,0.249,1439852,1107060,174780,5208996,5868.615,1616.588,0,1045.793,0,13.971,5976,4518,2.290,1.590,0.820,1,0,428.097,0,0,11,32,0,37,0
15-01 20:44:57,8.260,21.026,69.337,0,0,1417528,1129348,174780,5209032,9127.487,1622.041,0,88.111,0,1.001,6203,4780,2.290,1.590,0.820,1,0,475.599,0,0,11,32,0,37,0
15-01 20:44:58,21.223,4.494,73.658,0,0,1451916,1094976,174780,5209016,7198.003,1617.978,0,35.955,0,0.999,2132,1517,2.290,1.590,0.820,1,0,26.966,0,0,11,32,0,37,0
15-01 20:44:59,22.995,2.749,73.735,0,0,1485996,1060888,174784,5209016,38709.891,1619.661,0,203.957,0,13.997,1937,1394,2.290,1.590,0.820,1,0,2.000,0,0,11,32,0,37,0
15-01 20:45:00,21.988,3.748,73.209,0,0,1497732,1049156,174784,5209012,11580.445,1619.084,0,331.812,0,18.989,1890,1395,2.290,1.590,0.820,2,0,0.999,0,0,11,32,0,35,0
15-01 20:45:01,22.578,3.763,73.254,0,0,1490140,1056716,174796,5209032,45726.708,1463.078,0,128.446,0,12.042,1989,1238,2.190,1.580,0.820,1,0,6.021,0,0,11,32,0,35,0
15-01 20:45:02,22.001,3.500,74.254,0,0,1495912,1050956,174796,5209020,5824.275,1620.077,0,0,0,0,1797,1229,2.190,1.580,0.820,1,0,0,0,0,11,32,0,35,0
15-01 20:45:03,23.184,2.991,73.541,0,0,1481424,1065432,174796,5209032,10593.890,1615.409,0,11.966,0,0.997,1887,1239,2.190,1.580,0.820,1,0,3.989,0,0,11,32,0,35,0
15-01 20:45:04,22.752,3.500,73.757,0,0,1477028,1069848,174796,5209012,7602.738,1620.157,0,0,0,0,1760,1156,2.190,1.580,0.820,1,0,0,0,0,11,32,0,31,0
15-01 20:45:05,27.274,5.255,66.308,0,0,1475020,1071836,174796,5209032,10917.617,1621.428,0,24.021,0,2.002,2821,10254,2.190,1.580,0.820,2,0,39.034,0,0,11,32,0,32,0
15-01 20:45:06,21.720,3.994,73.398,0,0,1531836,1015032,174796,5209020,11764.577,1617.742,0,1050.534,0,5.992,1933,1244,2.090,1.570,0.820,2,0,1.997,0,0,11,32,0,32,0
15-01 20:45:07,22.823,3.010,74.236,0,0,1493200,1053648,174796,5209036,7002.287,1625.173,0,1091.474,0,5.016,1834,1214,2.090,1.570,0.820,2,0,1.003,0,0,11,32,0,32,0
15-01 20:45:08,21.442,4.239,73.303,0,0,1506100,1040772,174796,5209012,9331.879,1454.086,0,0,0,0,1935,1344,2.090,1.570,0.820,3,0,1.995,0,0,11,32,0,25,0
15-01 20:45:09,23.001,2.750,73.505,0.250,0,1477572,1069268,174796,5209044,7422.456,1620.099,0,220.014,0,13.001,1968,1462,2.090,1.570,0.820,1,0,1.000,0,0,11,32,0,25,0
15-01 20:45:10,22.001,3.250,73.503,0,0,1493568,1053356,174800,5208956,8888.327,1620.060,0,288.011,0,18.001,1905,1273,2.090,1.570,0.820,1,0,2.000,0,0,11,32,0,25,0
15-01 20:45:11,22.798,2.756,73.404,0,0,1467776,1079060,174800,5209044,8476.776,1623.404,0,136.286,0,7.015,1828,1219,2.010,1.560,0.820,1,0,1.002,0,0,11,32,0,25,0
15-01 20:45:12,22.702,3.493,73.595,0,0,1453952,1092880,174800,5209048,7314.615,1616.600,0,439.077,0,65.861,1885,1284,2.010,1.560,0.820,1,0,0.998,0,0,11,32,0,18,0
15-01 20:45:13,21.996,3.749,73.485,0,0,1464980,1081872,174800,5209028,7577.478,1619.675,0,7.998,0,1.000,1881,1294,2.010,1.560,0.820,2,0,2.999,0,0,11,32,0,18,0
15-01 20:45:14,22.508,3.251,74.027,0,0,1440172,1106660,174800,5209048,7959.923,1620.595,0,20.007,0,1.000,1784,1172,2.010,1.560,0.820,1,0,1.000,0,0,11,32,0,18,0
15-01 20:45:15,22.746,2.749,73.486,0,0,1458984,1087868,174800,5209028,6710.733,1661.686,0,19.996,0,1.000,1788,1201,2.010,1.560,0.820,1,0,1.000,0,0,11,32,0,18,0
15-01 20:45:16,22.039,4.007,73.881,0,0,1465368,1081476,174800,5209036,8745.518,1460.592,0,56.100,0,2.004,1835,1277,1.930,1.550,0.820,1,0,0,0,0,11,32,0,13,0
15-01 20:45:17,21.772,4.755,73.075,0,0,1448840,1097968,174800,5209072,8040.269,1621.668,0,60.062,0,3.003,2188,1390,1.930,1.550,0.820,1,0,41.042,0,0,11,32,0,13,0
15-01 20:45:18,12.218,17.454,69.817,0,0,1427968,1118816,174800,5209096,8876.706,1615.760,0,199.477,0,9.974,5279,4190,1.930,1.550,0.820,1,0,419.898,0,0,11,32,0,13,0
15-01 20:45:19,22.744,2.999,73.232,0.250,0,1453360,1093400,174804,5209116,8118.979,1619.597,0,715.822,0,115.971,2150,1542,1.930,1.550,0.820,2,0,2.000,0,0,11,32,0,13,0
15-01 20:45:20,23.001,2.750,73.503,0,0,1437732,1108780,174804,5209360,9010.327,1620.059,0,360.013,0,19.001,1867,1243,1.930,1.550,0.820,4,0,9.000,0,0,11,32,0,10,0
15-01 20:45:21,23.509,2.501,73.779,0,0,1487876,1058632,174808,5209360,9381.645,1620.630,0,40.016,0,4.002,1707,1066,1.850,1.540,0.820,1,0,0,0,0,11,32,0,10,0
15-01 20:45:22,10.503,20.505,68.017,0.250,0,1447804,1098536,174808,5209504,7012.798,1620.415,40.010,116.030,2.001,5.001,5873,4399,1.850,1.540,0.820,3,0,447.115,0,0,11,32,0,10,0
15-01 20:45:23,8.767,22.543,68.130,0,0,1429740,1116568,174808,5209536,7084.522,1623.098,0,276.528,0,7.013,6794,5592,1.850,1.540,0.820,1,0,598.142,0,0,11,32,0,10,0
15-01 20:45:24,7.740,22.221,68.410,0,0,1435660,1110588,174808,5209576,8854.397,1456.092,0,623.183,0,7.990,6384,4970,1.850,1.540,0.820,2,0,527.309,0,0,11,32,0,7,0
15-01 20:45:25,9.506,21.763,68.542,0,0,1416884,1129340,174808,5209600,7596.650,1620.992,0,1200.735,0,14.009,6305,4800,1.850,1.540,0.820,1,0,512.314,0,0,11,32,0,7,0
15-01 20:45:26,7.998,22.494,67.731,0,0,1413316,1132876,174812,5209624,9227.413,1661.534,0,1395.609,0,15.996,6239,4697,1.780,1.530,0.820,1,0,497.860,0,0,11,32,0,7,0
15-01 20:45:27,8.255,21.012,70.290,0,0,1411536,1134624,174812,5209656,8606.873,1620.918,0,604.342,0,10.006,5904,4343,1.780,1.530,0.820,1,0,412.233,0,0,11,32,0,7,0
15-01 20:45:28,8.252,22.254,69.013,0,0,1398956,1147172,174812,5209688,10900.106,1620.313,0,352.068,0,9.002,6273,4691,1.780,1.530,0.820,1,0,476.092,0,0,11,32,0,7,0
15-01 20:45:29,9.234,21.462,68.129,0,0,1395064,1151016,174816,5209724,26499.998,1617.132,0,267.525,0,24.956,6891,5791,1.780,1.530,0.820,1,0,590.952,0,0,11,32,0,4,0
15-01 20:45:30,11.019,22.539,65.362,0.250,0,1333076,1212828,174824,5209888,25863.454,1622.789,0,528.909,0,26.045,6221,4896,1.780,1.530,0.820,2,0,486.837,0,0,11,34,0,5,0
15-01 20:45:31,45.276,25.765,28.516,0.250,0,1450700,1095144,174836,5209936,44508.380,1620.924,0,816.466,0,52.030,6679,5860,1.880,1.550,0.830,3,0,600.342,0,0,11,32,0,10,0
15-01 20:45:32,62.487,10.748,24.245,2.000,0,1633304,909196,174944,5212808,7748.348,1619.655,0,4659.007,0,354.924,5551,4573,1.880,1.550,0.830,3,1,24.995,0,0,11,34,0,10,0
15-01 20:45:33,48.464,11.991,25.731,12.740,0,1587924,942896,175872,5222552,6167.362,1564.823,371.720,62441.042,2.998,4482.629,22261,33609,1.880,1.550,0.830,3,0,151.886,0,0,11,36,0,11,0
15-01 20:45:34,43.770,10.755,30.014,12.756,0,1641384,876412,176556,5234452,8779.013,1512.691,0,92442.256,0,6428.939,29160,45293,1.880,1.550,0.830,5,0,111.051,0,0,11,36,0,11,0
15-01 20:45:35,42.757,9.502,32.505,12.252,0,1646136,860848,177032,5244432,18284.992,10134.658,0,84473.822,0,6510.065,29509,42672,1.880,1.550,0.830,3,0,42.007,0,0,11,37,0,11,0
15-01 20:45:36,41.673,19.464,26.451,11.479,0,1612292,888028,177516,5250316,11056.671,2449.496,271.501,68198.611,2.994,4538.655,23855,32444,1.970,1.580,0.850,5,1,301.446,0,0,11,34,0,12,0
15-01 20:45:37,40.583,15.031,26.303,16.784,0,1646800,846280,177916,5257320,13098.633,6674.571,100.204,56106.080,3.006,4095.327,22122,33364,1.970,1.580,0.850,3,0,165.336,0,0,11,35,0,10,0
15-01 20:45:38,40.214,12.988,35.968,8.992,0,1633036,856304,178060,5260332,14708.745,9949.034,255.770,44791.635,1.998,3570.782,21105,32467,1.970,1.580,0.850,0,2,110.900,0,0,11,35,0,10,0
15-01 20:45:39,37.273,16.010,31.269,14.259,0,1564468,923520,178156,5261516,16709.317,7720.767,1544.954,43139.635,33.020,3443.126,19447,30103,1.970,1.580,0.850,4,0,216.133,0,0,11,34,0,10,0
15-01 20:45:40,37.877,8.971,39.870,11.213,0,1587536,899520,178520,5262076,7801.594,1614.741,0,49650.310,0,4753.520,21323,31311,1.970,1.580,0.850,2,1,29.903,0,0,11,34,0,10,0
15-01 20:45:41,32.615,7.527,47.167,10.788,0,1596704,889316,178804,5262784,14405.896,9938.111,0,57302.450,0,4974.575,23192,36404,1.970,1.590,0.850,3,1,36.128,0,0,11,35,0,10,0
15-01 20:45:42,35.487,6.747,45.233,10.246,0,1591612,892164,178912,5264880,20476.346,12353.382,0,44267.453,0,3809.576,20605,32462,1.970,1.590,0.850,3,0,38.985,0,0,11,35,0,10,0
15-01 20:45:43,37.744,11.248,38.494,10.248,0,1541616,939096,178980,5267784,7970.763,2699.581,0,59514.767,0,4913.238,23500,34627,1.970,1.590,0.850,2,0,131.980,0,0,11,36,0,11,0
15-01 20:45:44,32.515,7.754,45.772,12.256,0,1573256,903260,179164,5271684,15889.498,6664.145,0,57859.305,0,5058.387,24909,35279,1.970,1.590,0.850,2,1,66.031,0,0,11,37,0,11,0
15-01 20:45:45,32.751,8.000,44.751,12.000,0,1569812,903408,179240,5274804,16652.540,10088.327,0,61341.989,0,5138.167,26619,40223,1.970,1.590,0.850,3,0,102.003,0,0,11,37,0,11,0
15-01 20:45:46,33.156,10.221,43.875,10.221,0,1494944,976016,179304,5276928,12224.265,7620.347,0,61995.839,0,4924.008,24270,37237,2.140,1.630,0.870,2,0,77.779,0,0,11,36,0,11,0
15-01 20:45:47,37.297,8.511,40.551,11.765,0,1554700,921332,179348,5271792,8619.830,1622.038,0,53607.351,0,4623.809,19712,35007,2.140,1.630,0.870,3,0,24.030,0,0,11,36,0,11,0
15-01 20:45:48,34.062,8.515,50.842,4.759,0,1431880,1043684,179372,5272232,17579.798,11086.052,0,33777.095,0,2522.563,15064,20540,2.140,1.630,0.870,3,0,109.198,0,0,11,33,0,13,0
15-01 20:45:49,19.232,5.495,73.432,0.250,0,1431696,1043792,179372,5272308,21179.418,12307.621,0,1678.448,0,83.922,5318,6691,2.140,1.630,0.870,1,0,123.885,0,0,11,32,0,14,0
15-01 20:45:50,19.213,7.486,72.611,0.499,0,1420388,1055092,179376,5272312,6927.774,1563.016,0,1241.630,0,78.849,2711,2134,2.140,1.630,0.870,1,0,54.895,0,0,11,32,0,14,0
15-01 20:45:51,17.504,2.501,78.516,0.250,0,1439828,1035664,179380,5272320,14384.922,9152.859,0,2248.457,0,183.037,2845,3063,2.040,1.620,0.870,1,0,1.000,0,0,11,33,0,14,0
15-01 20:45:52,19.796,6.014,73.422,0.251,0,1401412,1074068,179380,5272332,10008.430,2873.727,0,449.051,0,27.063,2581,2069,2.040,1.620,0.870,1,0,34.080,0,0,11,32,0,15,0
15-01 20:45:53,17.715,2.495,78.843,0,0,1423400,1052044,179380,5272368,12874.316,7183.669,0,690.622,0,30.938,2087,1722,2.040,1.620,0.870,1,0,0.998,0,0,11,33,0,15,0
15-01 20:45:54,18.030,5.509,75.126,0.250,0,1410804,1064636,179380,5272372,7562.711,2833.763,0,456.768,0,32.054,2934,2730,2.040,1.620,0.870,1,0,60.101,0,0,11,32,0,16,0
15-01 20:45:55,18.955,2.494,77.816,0,0,1449836,1025256,179380,5272720,14282.272,6748.064,0,339.199,0,21.948,2027,1763,2.040,1.620,0.870,1,0,0,0,0,11,33,0,16,0
15-01 20:45:56,18.257,4.752,75.528,0.250,0,1430748,1044320,179380,5272744,13093.859,6968.586,0,1724.640,0,105.039,4031,4401,1.960,1.610,0.870,1,0,43.016,0,0,11,32,0,17,0
15-01 20:45:57,20.237,2.998,75.950,0.250,0,1489724,985344,179380,5272744,9757.596,3603.635,0,211.861,0,17.988,1927,1455,1.960,1.610,0.870,0,0,0,0,0,11,33,0,17,0
15-01 20:45:58,16.004,2.501,80.022,0,0,1473760,1001156,179380,5272896,16674.643,10285.864,0,660.184,0,23.006,3640,4392,1.960,1.610,0.870,0,0,0,0,0,11,33,0,17,0
15-01 20:45:59,10.770,19.036,69.130,0,0,1424812,1049952,179380,5273048,33195.406,1821.424,0,236.445,0,16.030,5600,4168,1.960,1.610,0.870,1,0,403.759,0,0,11,32,0,18,0
15-01 20:46:00,38.452,19.725,41.448,0.250,0,1457604,1016936,179400,5273252,18843.547,1510.120,0,814.986,0,61.923,6028,4738,1.960,1.610,0.870,3,0,393.510,0,0,11,32,0,24,0
15-01 20:46:01,66.359,9.516,24.040,0,0,1609364,863748,179424,5274624,40487.703,1622.673,0,300.495,0,6.010,3700,1458,2.040,1.630,0.880,3,0,3.005,0,0,11,32,0,24,0
15-01 20:46:02,64.519,8.252,22.757,0.250,0,1760236,709804,179452,5277316,6201.815,1620.474,0,5597.638,0,143.042,4033,1811,2.040,1.630,0.880,3,0,4.001,0,0,11,32,0,24,0
15-01 20:46:03,47.247,8.250,34.748,8.000,0,1777708,680664,179580,5288280,9422.471,1619.909,0,61500.544,0,4222.763,21337,31117,2.040,1.630,0.880,4,0,170.990,0,0,11,38,0,24,0
15-01 20:46:04,35.958,10.488,37.706,12.985,0,1773592,672856,179668,5299756,7222.579,1618.113,0,104909.683,0,7875.817,36836,58174,2.040,1.630,0.880,1,1,251.707,0,0,11,38,0,24,0
15-01 20:46:05,16.015,7.257,40.288,34.032,0,1791436,651184,179692,5303380,8855.374,1567.482,0,42984.647,0,3399.214,16834,31709,2.040,1.630,0.880,1,1,102.097,0,0,11,38,0,24,0
15-01 20:46:06,41.232,10.246,31.986,13.244,0,1667232,767780,179756,5310684,8527.255,1619.289,0,74719.188,0,5521.575,26565,38302,2.120,1.650,0.890,5,1,212.907,0,0,11,36,0,24,0
15-01 20:46:07,47.715,9.743,28.729,11.242,0,1720188,706048,179832,5319060,8815.566,1618.818,0,77455.468,0,5517.973,27017,39294,2.120,1.650,0.890,9,0,120.912,0,0,11,36,0,24,0
15-01 20:46:08,39.997,9.499,33.997,12.749,0,1764680,646380,179864,5333644,8476.349,1511.884,0,92264.910,0,6220.522,28416,42013,2.120,1.650,0.890,2,1,10.999,0,0,11,36,0,24,0
15-01 20:46:09,37.556,10.766,36.054,13.019,0,1726404,680908,179880,5337244,6369.539,1622.430,0,86060.879,0,6787.164,28363,46545,2.120,1.650,0.890,5,1,168.252,0,0,11,36,0,24,0
15-01 20:46:10,32.498,10.250,52.748,4.750,0,1452740,953648,179884,5338120,10529.504,1619.924,0,30034.586,0,2139.899,12094,15789,2.120,1.650,0.890,1,2,190.991,0,0,11,32,0,24,0
15-01 20:46:11,20.698,5.736,71.569,0.997,0,1465920,940460,179884,5338128,8815.753,1615.922,0,4867.716,0,288.273,3307,3164,2.030,1.640,0.900,1,0,88.776,0,0,11,32,0,24,0
15-01 20:46:12,22.815,3.510,72.707,0.501,0,1522128,884248,179884,5338132,5748.403,1624.636,0,4384.512,0,262.750,2449,2277,2.030,1.640,0.900,3,0,2.006,0,0,11,32,0,24,0
15-01 20:46:13,21.938,3.989,73.045,0,0,1482700,923668,179884,5338140,9142.286,1615.456,0,191.461,0,12.964,2624,2043,2.030,1.640,0.900,2,0,27.921,0,0,11,32,0,24,0
15-01 20:46:14,22.251,3.250,73.502,0,0.250,1481820,924548,179884,5338140,6974.233,1566.052,0,28.001,0,4.000,1800,1246,2.030,1.640,0.900,2,0,1.000,0,0,11,32,0,24,0
15-01 20:46:15,22.998,3.750,72.745,0.250,0,1529260,877108,179884,5338140,9492.342,1619.888,0,527.963,0,44.997,2188,1831,2.030,1.640,0.900,2,0,2.000,0,0,11,34,0,24,0
15-01 20:46:16,16.546,25.572,56.910,0,0,1443740,962452,179884,5338312,8824.779,1516.258,0,208.586,0,18.051,6078,5281,2.030,1.650,0.900,2,0,731.053,0,0,11,32,0,24,0
15-01 20:46:17,10.241,29.725,59.200,0,0,1444516,961620,179884,5338352,5873.072,1618.642,0,307.742,0,28.976,7214,6183,2.030,1.650,0.900,1,0,841.294,0,0,11,32,0,24,0
15-01 20:46:18,8.248,21.245,69.734,0,0,1440540,965500,179884,5338432,9275.933,1661.630,0,511.886,0,53.988,6083,4432,2.030,1.650,0.900,1,0,423.906,0,0,11,32,0,24,0
15-01 20:46:19,8.491,20.978,68.679,0,0,1414060,991944,179884,5338464,10463.127,1618.318,0,31.967,0,7.992,5805,4226,2.030,1.650,0.900,1,0,370.615,0,0,11,32,0,24,0
15-01 20:46:20,17.511,17.010,64.790,0,0,1416576,989392,179884,5338920,7592.677,1620.999,0,16.010,0,4.002,6117,6974,2.030,1.650,0.900,1,0,257.158,0,0,11,32,0,24,0
15-01 20:46:21,40.780,11.508,47.035,0,0,1472092,933788,179884,5339016,9896.304,1567.157,0,92.068,0,6.004,3937,2554,2.030,1.650,0.910,2,0,131.097,0,0,11,33,0,24,0
15-01 20:46:22,44.414,6.238,48.407,0.250,0,1567936,837900,179884,5339060,6988.507,1616.878,0,1481.140,0,204.605,2906,1224,2.030,1.650,0.910,2,0,0,0,0,11,33,0,24,0
15-01 20:46:23,45.993,5.999,47.993,0.250,0,1629224,774956,179936,5340392,10483.416,1619.755,0,1971.702,0,158.976,4248,3297,2.030,1.650,0.910,2,0,19.997,0,0,11,49,0,24,0
15-01 20:46:24,22.065,17.050,60.178,0,0,1649524,751788,179936,5343088,7701.778,1516.485,0,252.748,0,13.039,8324,11572,2.030,1.650,0.910,3,0,290.860,0,0,11,48,0,24,0
15-01 20:46:25,16.695,13.705,67.778,0.249,0,1649568,751632,179936,5343112,5739.183,1614.706,0,378.758,0,32.892,5814,6902,2.030,1.650,0.910,0,0,206.324,0,0,11,48,0,24,0
15-01 20:46:26,1.000,0.750,97.741,0.250,0,1649568,751632,179936,5343112,10672.054,1619.856,0,915.919,0,8.999,884,1122,1.860,1.630,0.900,0,0,3.000,0,0,11,48,0,24,0
15-01 20:46:27,0.500,0.500,97.746,0,0,1648412,752788,179936,5343112,7602.697,1661.934,0,35.999,0,4.000,755,955,1.860,1.630,0.900,1,0,2.000,0,0,11,48,0,24,0
15-01 20:46:28,0.500,0.500,98.504,0,0,1648412,752788,179936,5343112,8660.351,1620.066,0,0,0,0,807,955,1.860,1.630,0.900,0,0,2.000,0,0,11,48,0,24,0
15-01 20:46:29,1.000,0.750,98.253,0,0,1648412,752788,179936,5343108,36996.112,1620.049,0,4.000,0,1.000,858,966,1.860,1.630,0.900,0,0,1.000,0,0,11,48,0,24,0
15-01 20:46:30,15.021,14.771,69.346,0,0,1634736,766488,179936,5343552,15422.461,1568.182,0,0,0,0,5643,7331,1.860,1.630,0.900,1,0,265.369,0,0,11,48,0,24,0
15-01 20:46:31,15.763,18.265,65.304,0,0,1677760,723252,179936,5343280,42486.823,1859.524,0,0,0,0,5244,4550,1.870,1.630,0.910,1,0,298.244,0,0,12,48,0,24,0
15-01 20:46:32,18.957,15.465,64.355,0,0,1659064,741908,179936,5343296,5967.586,1616.367,0,91.794,0,3.991,6258,7509,1.870,1.630,0.910,0,0,244.451,0,0,12,48,0,24,0
15-01 20:46:33,6.010,7.262,85.636,0.250,0,1661012,739960,179936,5343304,5467.698,1514.409,0,5192.260,0,405.645,3487,3184,1.870,1.630,0.910,1,0,164.261,0,0,12,64,0,24,0
15-01 20:46:34,18.998,14.998,64.742,0,0,1668008,732796,179936,5343468,12659.528,1619.812,0,2643.693,0,11.999,6555,8027,1.870,1.630,0.910,1,0,245.971,0,0,14,66,0,16,0
15-01 20:46:35,9.754,17.507,71.030,0.250,0,1666768,733992,179936,5343508,7167.008,1620.680,0,644.270,0,39.016,5927,4842,1.870,1.630,0.910,1,0,381.160,0,0,14,66,0,17,0
15-01 20:46:36,9.238,21.472,68.662,0,0,1624308,776412,179940,5343888,8856.592,1617.916,0,107.861,0,14.981,5996,4580,1.720,1.600,0.900,2,0,363.532,0,0,14,66,0,17,0
15-01 20:46:37,23.523,15.515,60.310,0,0,1661340,739332,179940,5343556,7745.665,1663.646,0,0,0,0,5970,6726,1.720,1.600,0.900,2,0,250.248,0,0,14,66,0,17,0
15-01 20:46:38,29.737,24.739,44.231,0,0,1738204,662420,179948,5343612,9261.943,1565.314,0,411.820,0,9.996,6798,5475,1.720,1.600,0.900,2,0,580.746,0,0,14,66,0,16,0
15-01 20:46:39,28.771,25.019,43.532,0.500,0,1839228,559792,180004,5345072,9001.720,1621.210,0,7829.845,0,346.258,8080,9323,1.720,1.600,0.900,3,0,451.337,0,0,14,68,0,17,0
15-01 20:46:40,34.236,22.241,41.233,0,0,1945960,453008,180008,5345448,5928.626,1619.352,0,2395.041,0,115.954,7593,8761,1.720,1.600,0.900,4,0,345.862,0,0,14,70,0,18,0
15-01 20:46:41,60.788,21.513,17.511,0,0,2036352,362404,180008,5345756,6460.027,1711.067,0,60.037,0,5.003,4919,4056,1.910,1.640,0.920,4,0,429.268,0,0,14,70,0,18,0
15-01 20:46:42,61.457,22.484,15.739,0,0,2144200,253896,180012,5346828,9130.656,1510.950,0,67.953,0,10.992,6137,6631,1.910,1.640,0.920,3,0,410.715,0,0,14,70,0,18,0
15-01 20:46:43,66.675,21.726,10.488,0,0,2231580,164964,180044,5347708,9027.904,1618.190,0,1849.931,0,81.908,5503,7048,1.910,1.640,0.920,4,0,365.591,0,0,14,70,0,18,0
15-01 20:46:44,73.420,21.976,3.246,1.498,0,2358368,157172,176568,5234924,8919.297,1618.240,627.318,775.157,62.932,39.957,6046,6492,1.910,1.640,0.920,4,0,357.611,0,0,14,74,0,18,0
15-01 20:46:45,65.249,24.594,6.023,3.513,0,2462680,210356,173844,5084056,7932.241,1668.361,1321.036,28580.964,87.333,1927.348,15439,22738,1.910,1.640,0.920,6,2,266.014,0,0,14,76,0,18,0
15-01 20:46:46,67.462,23.487,5.747,2.499,0,2566208,177452,173392,5015976,10060.262,1619.077,11.993,19648.793,2.998,1775.987,14707,23078,1.990,1.670,0.930,7,0,428.755,0,0,14,76,0,17,0
15-01 20:46:47,71.474,20.421,6.724,0.498,0,2652544,140200,172752,4968096,7335.701,1559.982,91.646,1043.973,10.958,54.789,8448,15424,1.990,1.670,0.930,6,1,213.178,0,0,14,86,0,23,0
15-01 20:46:48,56.204,24.338,17.815,1.756,0,2783872,156592,172444,4824228,5790.011,1625.900,401.457,8908.327,31.113,605.196,8050,7497,1.990,1.670,0.930,5,0,533.938,0,0,14,93,0,26,0
15-01 20:46:49,40.138,22.686,34.404,1.496,0,2855156,153096,172444,4758112,10164.540,1615.477,219.386,574.392,8.975,36.897,8450,12004,1.990,1.670,0.930,3,0,405.864,0,0,14,93,0,26,0
15-01 20:46:50,53.153,16.470,28.448,1.248,0,2959344,145816,172444,4662988,9425.776,1617.045,2052.250,3321.930,23.956,172.684,6173,6725,1.990,1.670,0.930,6,0,197.639,0,0,14,96,0,23,0
15-01 20:46:51,52.284,8.546,38.962,0.503,0,3076540,130128,172460,4563836,6420.906,1614.778,72.394,888.832,6.033,59.322,5012,7273,1.990,1.670,0.940,1,0,24.131,0,0,14,101,0,26,0
15-01 20:46:52,8.247,20.492,70.223,0.500,0,3081588,191968,172460,4498384,9970.103,1709.332,0,4538.226,0,77.970,6215,4843,1.990,1.670,0.940,2,0,378.852,0,0,14,101,0,26,0
15-01 20:46:53,8.489,19.475,69.912,0,0,3090476,183000,172460,4498464,7480.562,1617.959,19.975,159.798,4.994,14.981,5970,4527,1.990,1.670,0.940,1,0,360.545,0,0,14,101,0,26,0
15-01 20:46:54,14.746,11.747,72.229,0,0,3129664,143780,172460,4498496,9093.350,1619.528,3.999,2475.279,1.000,300.912,4642,3275,1.990,1.670,0.940,1,0,236.931,0,0,14,101,0,26,0
15-01 20:46:55,19.230,3.996,77.171,0.250,0,3159956,179268,172464,4434284,15831.791,7336.489,43.955,0,3.996,0,2022,1583,1.990,1.670,0.940,1,0,0,0,0,14,102,0,24,0
15-01 20:46:56,18.241,6.497,73.714,0.250,0,3113824,225416,172464,4434316,22848.975,18267.186,7.996,387.813,1.999,24.988,3232,2944,2,1.680,0.940,1,0,62.970,0,0,14,103,0,25,0
15-01 20:46:57,19.533,3.005,77.129,0,0,3166192,173040,172464,4434324,12769.427,4013.735,4.007,376.632,1.002,11.018,1877,1384,2,1.680,0.940,1,0,1.002,0,0,14,106,0,25,0
15-01 20:46:58,19.971,3.744,74.391,0.499,0,3170784,168252,172472,4434516,13524.109,5710.601,0,870.719,0,69.897,2942,3074,2,1.680,0.940,1,0,3.994,0,0,14,116,0,25,0
15-01 20:46:59,25.552,5.511,66.134,1.253,0,3176456,162232,172476,4434860,28563.818,1515.067,0,2336.730,0,266.540,6160,8319,2,1.680,0.940,2,0,2.004,0,0,14,117,0,24,0
15-01 20:47:00,21.518,8.007,68.558,0.500,0,3172308,166324,172476,4434916,25257.523,2831.413,0,816.696,0,74.063,4699,4972,2,1.680,0.940,1,0,113.096,0,0,14,120,0,25,0
15-01 20:47:01,31.005,6.751,62.260,0.250,0,3293016,174560,172356,4309400,46328.725,7211.202,40.007,956.159,4.001,50.008,3552,3000,1.910,1.670,0.940,0,0,5.001,0,0,14,127,0,25,0
15-01 20:47:02,19.489,3.248,75.959,0.500,0,3293824,173732,172356,4309420,13402.745,4509.559,0,991.463,0,85.953,2571,2724,1.910,1.670,0.940,1,0,0.999,0,0,14,127,0,25,0
15-01 20:47:03,29.703,8.487,60.154,0.499,0,3293460,174088,172356,4309468,7445.164,2809.534,0,1577.492,0,147.765,5737,7032,1.910,1.670,0.940,2,0,96.846,0,0,14,128,0,20,0
15-01 20:47:04,43.730,8.496,47.478,0,0,3336500,194484,172356,4247520,6129.151,1565.272,0,975.547,0,31.985,3032,1583,1.910,1.670,0.940,2,0,4.998,0,0,14,128,0,20,0
15-01 20:47:05,29.584,7.772,61.675,0.501,0,3355104,175656,172356,4247744,34716.274,23989.910,204.579,1937.485,3.009,107.304,4014,12536,1.910,1.670,0.940,1,0,85.241,0,0,14,128,0,22,0
15-01 20:47:06,20.489,5.247,73.212,0.250,0,3415736,178308,172356,4186060,9493.131,1619.170,7.996,115.941,1.999,12.993,1976,1467,1.920,1.670,0.950,3,0,5.997,0,0,14,128,0,22,0
15-01 20:47:07,16.748,3.750,78.492,0,0,3341000,253024,172356,4186080,32203.843,23811.666,0,0,0,0,2472,1836,1.920,1.670,0.950,1,0,46.995,0,0,14,128,0,22,0
15-01 20:47:08,22.174,3.737,73.748,0,0,3388756,205264,172356,4186084,7557.145,1614.476,0,0,0,0,1839,1228,1.920,1.670,0.950,1,0,3.986,0,0,14,128,0,22,0
15-01 20:47:09,16.300,2.758,77.989,1.254,0.251,3392788,201044,172356,4186272,16847.734,9214.294,12.037,10131.109,3.009,794.439,4402,4234,1.920,1.670,0.950,1,0,0,0,0,14,128,0,22,1
15-01 20:47:10,18.963,8.234,71.609,0.499,0,3418724,175096,172356,4186284,9360.511,1682.676,0,2027.994,0,122.758,3090,2586,1.920,1.670,0.950,2,0,81.838,0,0,14,128,0,23,0
15-01 20:47:11,23.741,3.749,70.974,0.250,0,3442088,151672,172356,4186344,28127.883,23913.399,0,915.671,0,58.979,5822,9434,1.850,1.660,0.950,1,0,30.989,0,0,14,136,0,28,0
15-01 20:47:12,20.306,7.019,72.701,0,0,3422220,171528,172356,4186356,5581.442,1570.345,0,1925.327,0,20.055,2587,1804,1.850,1.660,0.950,2,0,55.153,0,0,14,136,0,28,0
15-01 20:47:13,16.249,2.250,80.247,0.500,0,3433336,160396,172356,4186372,15885.335,8283.653,4.000,1575.934,1.000,93.996,2361,2458,1.850,1.660,0.950,1,0,1.000,0,0,14,137,0,28,0
15-01 20:47:14,24.758,6.252,66.021,1.500,0,3402020,191548,172356,4186536,8768.765,2860.902,12.004,3293.038,1.000,379.120,8177,12534,1.850,1.660,0.950,1,0,18.006,0,0,14,139,0,30,0
15-01 20:47:15,21.248,4.999,73.242,0.250,0,3470088,123468,172360,4186544,9349.958,1577.824,0,543.939,0,31.996,2385,1856,1.850,1.660,0.950,1,0,35.996,0,0,14,139,0,30,0
15-01 20:47:16,15.752,2.250,80.760,0.250,0,3454712,138836,172360,4186552,16985.114,11408.420,0,2836.353,0,167.021,2509,2312,1.700,1.630,0.950,0,0,0,0,0,14,140,0,30,0
15-01 20:47:17,22.675,5.731,69.768,0.997,0,3453296,140212,172364,4186588,9806.436,1938.563,0,1040.545,0,112.626,4924,6597,1.700,1.630,0.950,1,0,0.997,0,0,14,140,0,30,0
15-01 20:47:18,30.519,8.255,59.788,0,0.250,3424720,168708,172372,4186660,9733.187,2528.607,0,1060.674,0,99.063,6071,8020,1.700,1.630,0.950,1,0,70.045,0,0,14,139,0,31,0
15-01 20:47:19,19.494,1.999,77.726,0,0,3465304,128120,172372,4186664,12049.225,7341.700,0,323.899,0,16.995,1724,1295,1.700,1.630,0.950,1,0,0,0,0,14,140,0,31,0
15-01 20:47:20,16.800,7.522,74.974,0.752,0,3394228,199088,172372,4186772,9870.480,5493.407,0,1091.259,0,117.350,4292,4640,1.700,1.630,0.950,4,0,129.386,0,0,14,139,0,32,0
15-01 20:47:21,22.186,4.238,72.292,0.249,0,3451328,141980,172372,4186780,9330.194,1615.359,0,518.510,0,35.897,2154,1762,1.640,1.620,0.950,1,0,17.948,0,0,14,141,0,32,0
15-01 20:47:22,13.244,1.999,82.963,0,0,3452168,141120,172376,4186796,21768.416,13183.196,0,475.791,0,27.988,2201,2085,1.640,1.620,0.950,2,0,0,0,0,14,142,0,32,0
15-01 20:47:23,26.766,6.754,64.289,0.750,0,3451760,141336,172384,4186980,8589.152,1512.908,4.002,2445.467,1.001,200.120,6906,9446,1.640,1.620,0.950,1,0,1.001,0,0,14,144,0,32,0
15-01 20:47:24,35.347,12.785,49.887,1.003,0,3407152,185608,172388,4187280,11754.207,3218.820,32.088,5450.936,2.005,357.981,10818,15685,1.640,1.620,0.950,3,0,197.541,0,0,14,143,0,33,0
15-01 20:47:25,27.666,7.976,62.809,0.249,0,3466904,125768,172388,4187320,11297.597,2031.813,0,2428.605,0,160.511,4844,5676,1.640,1.620,0.950,1,0,91.721,0,0,14,143,0,33,0
15-01 20:47:26,17.738,3.498,77.948,0,0,3403484,189180,172388,4187328,13358.123,8962.044,0,391.740,0,17.988,2302,1863,1.590,1.610,0.950,3,0,25.983,0,0,14,143,0,34,0
15-01 20:47:27,8.270,20.550,69.420,0.251,0.251,3369060,223564,172388,4187368,6101.970,1916.702,0,437.072,0,22.054,5980,4622,1.590,1.610,0.950,1,0,398.979,0,0,14,143,0,34,0
15-01 20:47:28,14.012,18.767,66.309,0,0,3356516,236092,172388,4187492,8570.599,1567.390,0,372.330,0,20.018,6030,5582,1.590,1.610,0.950,2,0,284.252,0,0,14,143,0,34,0
15-01 20:47:29,26.206,18.968,53.160,0.499,0,3403228,189340,172388,4187428,26420.427,1617.272,0,4548.327,0,419.293,7439,7036,1.590,1.610,0.950,2,0,358.395,0,0,14,143,0,34,0
15-01 20:47:30,31.533,23.775,44.047,0.250,0,3452940,139440,172396,4187608,21683.912,1621.714,28.030,708.749,3.003,78.083,6570,5171,1.590,1.610,0.950,2,0,454.480,0,0,14,143,0,34,0
15-01 20:47:31,32.023,15.761,52.038,0,0,3494144,160008,172404,4127620,45070.650,1583.147,44.032,488.354,5.004,23.017,6843,8603,1.780,1.650,0.960,3,0,215.156,0,0,16,149,0,34,0
15-01 20:47:32,57.620,28.436,12.971,0,0,3634464,138612,172412,4011780,7420.264,1616.354,75.829,618.605,6.984,48.890,9127,12125,1.780,1.650,0.960,3,0,550.758,0,0,16,155,0,34,0
15-01 20:47:33,57.395,24.311,18.296,0.251,0,3737520,125668,172208,3923460,9756.663,1624.105,20.051,441.115,2.005,29.073,6892,8257,1.780,1.650,0.960,4,0,366.928,0,0,16,163,0,34,0
15-01 20:47:34,45.619,21.439,32.407,0,0,3801480,155920,172208,3829428,8138.683,1615.372,7.977,857.543,1.994,31.909,9057,11714,1.780,1.650,0.960,5,0,427.774,0,0,16,171,0,34,0
15-01 20:47:35,32.234,22.989,43.479,0,0,3844512,157512,172212,3785548,5775.206,1709.173,0,295.857,0,18.991,7121,5728,1.780,1.650,0.960,1,0,550.734,0,0,17,171,0,33,0
15-01 20:47:36,17.795,14.787,65.917,0,0,3865104,136980,172212,3785596,8314.073,1624.116,4.010,417.057,1.003,26.066,6127,7878,1.720,1.640,0.960,1,0,241.612,0,0,17,171,0,33,0
15-01 20:47:37,29.015,24.512,46.023,0,0,3916472,138656,171960,3733692,7636.887,1566.797,12.006,552.281,3.002,39.020,7009,6173,1.720,1.640,0.960,2,0,474.241,0,0,17,171,0,33,0
15-01 20:47:38,37.458,19.478,41.703,0,0,3966140,142528,171964,3681748,8899.040,1618.189,7.991,91.897,0.999,5.993,6786,7910,1.720,1.640,0.960,2,0,319.642,0,0,17,177,0,33,0
15-01 20:47:39,36.238,23.742,38.737,0.750,0,4063952,123864,171972,3604208,7509.526,1689.443,167.945,611.798,4.998,32.989,8037,10327,1.720,1.640,0.960,3,0,487.839,0,0,17,183,0,33,0
15-01 20:47:40,29.802,25.294,44.077,0.250,0,4126636,133348,171976,3533656,8615.014,1514.640,24.042,769.341,3.005,26.045,7405,6474,1.720,1.640,0.960,2,0,642.119,0,0,17,185,0,31,0
15-01 20:47:41,17.251,22.251,59.502,0.250,0,4164652,143744,171976,3486408,8789.350,1620.064,12.000,592.024,3.000,44.002,7689,9602,1.580,1.610,0.960,2,0,421.017,0,0,17,195,0,31,0
15-01 20:47:42,23.207,14.723,60.888,0,0,4172736,174880,171980,3448104,6409.175,1617.017,3.993,670.762,0.998,36.932,6195,8167,1.580,1.610,0.960,2,0,233.569,0,0,17,195,0,31,0
15-01 20:47:43,44.172,8.984,45.420,0.998,0,4322200,154964,171980,3320780,6386.721,1617.144,459.189,271.520,8.984,25.954,3678,2411,1.580,1.610,0.960,2,0,38.931,0,0,17,197,0,31,2
15-01 20:47:44,45.901,7.023,45.400,1.003,0,4421772,129784,171980,3247604,9484.241,1667.493,224.740,457.507,13.043,48.159,3695,2638,1.580,1.610,0.960,3,0,11.036,0,0,17,211,0,30,2
15-01 20:47:45,31.510,12.504,54.767,0,0,4350892,245336,171984,3203632,6908.108,1710.522,16.005,356.109,1.000,15.005,4421,3793,1.580,1.610,0.960,2,0,233.071,0,0,17,215,0,30,2
15-01 20:47:46,34.992,23.245,40.241,1.250,0,4402936,191252,171992,3205632,8642.000,1733.599,927.785,359.917,10.997,32.992,8303,9316,1.620,1.620,0.960,1,0,471.891,0,0,17,215,1,30,2
15-01 20:47:47,39.258,24.505,34.007,0.500,0,4447720,144436,172000,3208000,15876.160,10153.021,1176.234,700.139,21.004,49.010,8708,11715,1.620,1.620,0.960,2,0,430.086,0,0,17,223,0,31,2
15-01 20:47:48,65.160,16.477,16.477,1.997,0,4516008,131316,172008,3154204,8260.571,1509.911,479.337,1038.563,11.983,32.954,5371,5168,1.620,1.620,0.960,4,0,154.786,0,0,17,226,0,22,2
15-01 20:47:49,62.030,13.757,19.509,4.252,0,4620236,171960,172024,3012176,17019.118,11501.486,1524.727,1032.492,46.022,48.023,5169,4651,1.620,1.620,0.960,3,0,28.013,0,0,17,235,0,22,2
15-01 20:47:50,43.920,9.982,20.463,23.957,0,4611012,174232,172044,3019144,7219.897,2657.178,5150.653,14038.523,321.417,880.402,7180,5133,1.620,1.620,0.960,3,3,28.947,0,0,17,236,0,23,2
15-01 20:47:51,52.387,10.528,21.807,14.789,0,4670992,146472,172108,2988520,13736.923,7457.502,1199.136,1760.604,138.362,125.328,6978,7529,1.650,1.630,0.970,3,0,61.160,0,0,17,238,0,27,2
15-01 20:47:52,32.754,25.503,41.005,0.250,0,4644160,207060,172108,2955556,14339.623,6874.778,104.012,9369.060,6.001,77.009,8010,8711,1.650,1.630,0.970,2,0,518.059,0,0,17,237,0,25,2
15-01 20:47:53,41.985,18.993,37.737,0,0,4662164,187884,172108,2956616,9289.685,3588.719,0,3762.657,0,26.990,6452,8278,1.650,1.630,0.970,2,0,240.914,0,0,17,240,0,25,2
15-01 20:47:54,48.956,25.977,24.478,0.250,0,4770924,117164,172108,2919160,18442.435,10552.522,31.971,1530.625,4.996,98.911,7898,8281,1.650,1.630,0.970,5,0,505.546,0,0,17,245,0,26,0
15-01 20:47:55,60.576,22.278,15.019,1.001,0,4775180,151772,172128,2882084,9029.269,1782.224,1109.385,588.735,52.065,33.041,7395,10365,1.650,1.630,0.970,3,0,302.377,0,0,17,247,0,28,0
15-01 20:47:56,52.971,24.986,20.988,0.250,0,4839908,143788,172136,2826312,17674.234,10770.049,67.962,627.653,6.996,44.975,7970,11059,1.760,1.650,0.980,2,0,469.740,0,0,17,250,0,28,0
15-01 20:47:57,58.367,24.444,15.465,0.998,0,4858632,163640,172144,2789240,9787.768,3206.716,435.012,981.770,22.948,62.857,7903,14254,1.760,1.650,0.980,3,4,357.189,0,0,17,253,0,30,0
15-01 20:47:58,54.916,19.720,22.466,2.247,0.250,4930908,164152,172144,2717164,11760.064,7398.716,690.946,2472.230,23.963,139.787,8808,15898,1.760,1.650,0.980,8,0,180.724,0,0,17,258,0,30,0
15-01 20:47:59,57.486,9.288,32.383,0.502,0,4981348,173524,172144,2658180,35675.734,12650.030,658.709,1192.906,25.103,61.252,5460,6530,1.760,1.650,0.980,3,0,11.045,0,0,17,258,0,31,0
15-01 20:48:00,60.320,10.220,26.172,2.493,0,5082832,129392,171860,2602004,31371.584,5748.881,1232.330,709.886,93.721,59.822,6350,7601,1.760,1.650,0.980,1,0,8.973,0,0,17,265,0,33,0
15-01 20:48:01,51.128,14.035,32.331,1.003,0,5006808,241112,171888,2567192,52274.834,11555.922,1014.539,2365.921,21.053,232.582,6264,5169,2.100,1.720,1.010,7,0,193.484,0,0,17,267,0,35,0
15-01 20:48:02,45.527,28.267,23.014,3.252,0,5062328,181588,172152,2570852,10368.149,3592.130,4402.611,1635.970,73.043,87.052,9044,11119,2.100,1.720,1.010,3,0,539.320,0,0,17,268,0,35,0
15-01 20:48:03,51.920,18.971,27.208,0.250,0,5010772,232788,172152,2571288,16628.312,10608.612,786.785,1206.137,7.988,60.906,8369,9603,2.100,1.720,1.010,6,0,245.621,0,0,17,267,0,37,0
15-01 20:48:04,78.224,16.940,3.488,1.495,0,5146200,167176,172164,2503652,9608.046,1614.295,1403.042,813.127,63.775,34.877,6428,5374,2.100,1.720,1.010,6,1,161.430,0,0,18,277,0,36,0
15-01 20:48:05,73.203,14.540,7.270,4.512,0,5238612,196972,172164,2384284,16708.233,11362.441,3541.800,1969.450,193.536,236.655,7564,22238,2.100,1.720,1.010,3,0,48.133,0,0,18,277,0,38,0
15-01 20:48:06,80.255,12.751,3.500,3.500,0,5277680,155988,172200,2386396,8962.570,2728.174,1416.090,1996.127,50.003,124.008,7001,7091,2.330,1.780,1.030,5,0,30.002,0,0,18,280,0,40,0
15-01 20:48:07,43.069,13.522,42.569,0.250,0,5310452,122760,172204,2386852,15397.838,8705.042,596.963,480.776,10.016,22.036,5356,4971,2.330,1.780,1.030,1,0,207.334,0,0,18,284,0,40,0
15-01 20:48:08,33.456,10.486,54.179,0.250,0,5273756,191260,172212,2355980,26661.147,8724.595,774.987,671.123,7.990,57.924,4302,3603,2.330,1.780,1.030,2,0,13.982,0,0,18,286,0,38,0
15-01 20:48:09,43.421,6.987,48.412,0,0,5316084,140620,172212,2364276,8647767.547,80717.919,558.988,495.104,6.987,19.964,7878,4785,2.330,1.780,1.030,3,0,6.987,0,0,18,289,0,38,0
15-01 20:48:10,42.781,18.263,37.527,1.751,0,5278576,167960,172212,2374396,7985598.827,55865.672,3062.229,732.533,34.025,66.048,8592,6007,2.330,1.780,1.030,2,0,271.197,0,0,18,291,0,39,0
15-01 20:48:11,41.446,5.743,50.435,1.248,0,5357244,140312,172212,2325768,10733.085,5905.344,0,15811.501,0,1216.423,5889,2973,2.140,1.750,1.020,0,0,0.999,0,0,18,295,0,39,0
15-01 20:48:12,33.091,4.763,60.917,0.251,0,5322852,174376,172216,2326096,26571.029,17512.131,4.011,9305.576,1.003,84.232,4916,5760,2.140,1.750,1.020,2,0,37.102,0,0,18,299,0,36,0
15-01 20:48:13,6.732,2.743,87.022,0.499,0,5283080,213640,172216,2326604,413520.614,16347971.834,494.704,674.234,26.929,62.835,4326,3576,2.140,1.750,1.020,0,0,1.995,0,0,18,297,0,37,0
15-01 20:48:14,1.504,0.251,96.743,0.251,0,5283080,213640,172216,2326604,5801.588,1461.675,0,3039.643,0,24.060,1206,1741,2.140,1.750,1.020,0,0,0,0,0,18,297,0,37,0
15-01 20:48:15,2.753,1.252,95.371,0.250,0,5283300,213416,172216,2326608,9162.641,1622.061,0,1521.934,0,93.118,1788,2396,2.140,1.750,1.020,0,0,0,0,0,18,297,0,37,0
15-01 20:48:16,21.476,3.746,72.669,0.499,0,5278172,202432,172224,2342680,16492716.490,111704.597,31.964,1070.807,1.998,89.900,9684,10434,2.130,1.750,1.030,1,0,0.999,0,0,18,300,0,36,0
15-01 20:48:17,11.504,16.505,69.772,0.750,0,5229832,250648,172224,2342804,13504.190,4335.345,44.014,1984.616,3.001,34.011,6216,5805,2.130,1.750,1.030,1,0,422.131,0,0,18,299,0,38,0
15-01 20:48:18,22.928,4.735,71.026,0.249,0,5298768,181680,172224,2342820,7460.457,1656.772,0,235.258,0,20.934,2628,2439,2.130,1.750,1.030,1,0,44.858,0,0,18,299,0,38,0
15-01 20:48:19,12.025,16.283,70.895,0,0,5299988,180412,172224,2342868,8987.376,1623.319,0,16493.724,0,62.127,5937,5113,2.130,1.750,1.030,1,0,382.783,0,0,18,299,0,38,0
15-01 20:48:20,5.990,11.231,80.613,0.250,0,5299460,180808,172224,2343000,7077.985,1617.255,95.837,427.275,5.990,35.939,4621,4472,2.130,1.750,1.030,0,0,288.510,0,0,18,303,0,38,0
15-01 20:48:21,10.500,2.750,84.997,0.250,0,5299708,180556,172224,2343004,7643.710,1619.939,4.000,5147.805,1.000,141.995,2071,1993,2.040,1.740,1.030,1,0,9.000,0,0,18,303,0,36,0
15-01 20:48:22,20.495,2.999,75.983,0.250,0,5305992,174260,172224,2343016,12173.204,7180.351,0,191.956,0,27.994,2362,2090,2.040,1.740,1.030,1,0,0,0,0,18,304,0,36,0
15-01 20:48:23,15.042,11.031,72.955,0.251,0,5270632,209480,172228,2343136,13088.849,4857.676,76.215,8.023,7.020,2.006,4538,3858,2.040,1.740,1.030,1,0,156.440,0,0,18,307,0,37,0
15-01 20:48:24,11.469,17.204,69.813,0,0,5262568,217252,172228,2343396,8422.386,1615.662,3.989,0,0.997,0,5584,4269,2.040,1.740,1.030,3,0,211.432,0,0,18,307,0,37,0
15-01 20:48:25,13.531,15.035,70.413,0,0,5279700,199860,172228,2343624,9847.751,1623.751,4.009,0,1.002,0,5407,4263,2.040,1.740,1.030,1,0,234.542,0,0,18,307,0,36,0
15-01 20:48:26,24.692,3.492,70.833,0.249,0,5340364,139132,172228,2343688,8916.966,1616.188,63.849,12462.603,2.993,71.831,2872,2707,1.960,1.730,1.030,2,0,1.995,0,0,18,309,0,36,0
15-01 20:48:27,24.085,3.261,70.749,1.505,0,5368316,142400,172228,2313872,9242.514,1667.867,449.582,365.285,14.049,39.138,2926,2649,1.960,1.730,1.030,1,0,5.018,0,0,18,315,0,36,0
15-01 20:48:28,24.758,3.001,71.274,0.250,0,5277756,232872,172228,2313960,7888.703,1620.555,0,2032.697,0,130.045,2916,2863,1.960,1.730,1.030,1,1,5.002,0,0,18,311,0,36,0
15-01 20:48:29,23.161,2.490,71.972,0.747,0,5320072,190536,172228,2313980,18738.616,1452.390,19.923,282.907,3.985,17.931,2304,1909,1.960,1.730,1.030,1,0,0,0,0,18,311,0,35,0
15-01 20:48:30,16.999,3.750,77.996,0,0,5344836,165616,172228,2314136,36744.060,10572.442,15.999,963.949,1.000,48.997,2740,2580,1.960,1.730,1.030,1,0,3.000,0,0,18,314,0,36,0
15-01 20:48:31,18.574,3.263,77.057,0.251,0,5264624,245788,172228,2314176,56250.931,11658.411,16.064,172.687,1.004,13.052,2933,2746,1.880,1.710,1.030,1,0,16.064,0,0,18,311,0,37,0
15-01 20:48:32,22.906,4.980,70.462,0.249,0,5329488,180924,172228,2314176,7733.396,1613.407,0,215.121,0,20.915,2714,2330,1.880,1.710,1.030,2,0,6.972,0,0,18,311,0,37,0
15-01 20:48:33,19.804,8.273,71.445,0,0,5312072,198204,172228,2314312,10156.740,1694.628,389.063,316.865,4.011,32.088,3745,3281,1.880,1.710,1.030,1,0,120.329,0,0,18,311,0,37,0
15-01 20:48:34,9.758,18.264,69.054,0.500,0,5308060,202028,172236,2314492,8128.365,1621.270,60.047,360.282,6.005,8.006,6038,4956,1.880,1.710,1.030,1,0,376.295,0,0,18,311,0,37,0
15-01 20:48:35,20.216,6.739,71.878,0.998,0,5338508,171416,172384,2314508,10199.729,1617.261,127.784,75.872,5.990,5.990,3259,2675,1.880,1.710,1.030,2,0,105.821,0,0,18,311,0,37,0
15-01 20:48:36,19.266,2.002,76.564,0.250,0,5354024,154636,172408,2315748,12554.569,3566.002,48.040,784.661,2.002,53.045,2667,2686,1.810,1.700,1.030,1,0,16.013,0,0,18,312,0,37,0
15-01 20:48:37,22.450,4.241,71.839,0.249,0,5377324,125312,172960,2321068,6252.993,1789.990,0,610.632,0,6.984,2367,2071,1.810,1.700,1.030,1,0,2.993,0,0,18,311,0,37,0
15-01 20:48:38,18.057,2.508,78.246,0,0,5343320,184108,173376,2296696,12441.137,4631.570,0,473.490,0,10.032,2091,1791,1.810,1.700,1.030,1,0,17.054,0,0,18,312,0,37,0
15-01 20:48:39,23.178,5.483,69.286,0,0,5335304,191444,173592,2297016,11413.726,2214.157,7.975,905.203,1.994,13.957,11086,19673,1.810,1.700,1.030,0,0,14.954,0,0,18,312,0,37,0
15-01 20:48:40,19.558,4.012,74.471,0.251,0,5354412,172076,173616,2297232,12529.102,4136.248,20.059,405.200,3.009,6.018,9986,18564,1.810,1.700,1.030,1,0,10.030,0,0,18,312,0,37,0
15-01 20:48:41,22.918,4.982,71.493,0,0,5332916,193268,173660,2297492,9051.482,1614.201,0,625.752,0,17.936,2556,2051,1.740,1.690,1.030,2,0,10.961,0,0,18,312,0,37,0
15-01 20:48:42,14.742,13.242,70.210,0.500,0,5276996,260940,173732,2285756,7531.690,1792.974,0,4033.692,0,446.744,5544,4194,1.740,1.690,1.030,1,0,263.849,0,0,18,311,0,37,0
15-01 20:48:43,25.081,2.508,72.232,0,0,5322872,214888,173732,2285932,9696.177,1625.226,0,469.510,0,6.019,2393,1947,1.740,1.690,1.030,1,0,1.003,0,0,18,311,0,37,0
15-01 20:48:44,17.503,3.501,77.764,0.250,0,5294836,242740,173732,2286116,18144.282,11753.126,160.029,0,10.002,0,2877,2565,1.740,1.690,1.030,3,0,42.008,0,0,18,311,0,40,0
15-01 20:48:45,20.450,6.235,71.574,0,0,5353408,184148,173732,2286136,7738.025,1616.037,15.961,119.706,0.998,0.998,2905,2533,1.740,1.690,1.030,3,0,69.829,0,0,18,311,0,40,0
15-01 20:48:46,19.312,4.515,75.242,0.502,0,5352428,185004,173732,2286260,17987.878,10347.294,96.310,822.647,5.016,68.220,3378,3492,1.600,1.660,1.020,1,0,47.152,0,0,18,315,0,41,0
15-01 20:48:47,24.005,5.001,70.014,0,0,5377868,159548,173736,2286272,7689.486,1620.313,0,368.071,0,53.010,3119,2801,1.600,1.660,1.020,1,0,24.005,0,0,18,315,0,41,0
15-01 20:48:48,21.468,3.994,73.141,0.250,0,5354384,182892,173736,2286412,19554.797,14658.110,15.976,343.487,0.999,20.969,4649,5928,1.600,1.660,1.020,2,0,9.985,0,0,18,315,0,42,0
15-01 20:48:49,24.201,5.988,68.611,0,0,5354696,182436,173736,2286556,9031.767,1616.736,0,183.629,0,11.976,3278,2947,1.600,1.660,1.020,2,0,48.901,0,0,18,317,0,41,0
15-01 20:48:50,20.287,2.254,76.389,0,0.250,5317824,219212,173736,2286652,16513.944,11954.677,80.145,232.421,5.009,22.040,2908,2804,1.600,1.660,1.020,2,0,6.011,0,0,18,317,0,44,0
15-01 20:48:51,21.950,4.739,72.085,0.249,0.249,5381404,155628,173736,2286656,9347.606,1710.086,0,119.726,0,7.982,2559,2106,1.560,1.650,1.020,1,0,25.941,0,0,18,317,0,44,0
15-01 20:48:52,13.557,2.260,83.101,0.251,0,5383700,153288,173736,2286700,19639.866,11628.062,32.136,1265.339,2.008,115.487,2579,2524,1.560,1.650,1.020,1,0,0,0,0,18,318,0,44,0
15-01 20:48:53,21.171,6.476,70.737,0,0,5355920,180980,173736,2286756,6852.570,2404.078,0,223.172,0,20.922,3142,2995,1.560,1.650,1.020,1,0,47.823,0,0,18,317,0,39,0
15-01 20:48:54,19.001,2.250,77.506,0.250,0,5368208,168676,173736,2286772,19222.438,11867.888,0,112.008,0,7.001,2518,2263,1.560,1.650,1.020,1,0,0,0,0,18,317,0,42,0
15-01 20:48:55,21.500,5.250,72.251,0,0,5342516,194364,173736,2286776,8961.144,1620.026,0,124.002,0,7.000,2577,2183,1.560,1.650,1.020,1,0,32.001,0,0,18,317,0,42,0
15-01 20:48:56,17.063,2.509,78.789,0,0,5356192,180636,173736,2286828,15823.054,9853.151,32.118,570.092,1.004,50.184,2611,2829,1.430,1.620,1.020,1,0,0,0,0,18,318,0,42,0
15-01 20:48:57,17.002,6.751,75.260,0.750,0,5342284,194532,173736,2286840,11879.581,4339.578,0,888.118,0,45.006,3516,3444,1.430,1.620,1.020,1,0,88.012,0,0,18,317,0,38,0
15-01 20:48:58,19.425,2.490,76.456,0,0,5375972,160836,173736,2286848,12754.004,7315.895,0,235.097,0,17.931,2221,1964,1.430,1.620,1.020,1,0,0,0,0,18,318,0,38,0
15-01 20:48:59,20.572,6.021,72.003,0,0,5328416,208372,173736,2286868,33113.534,18099.697,0,240.848,0,19.067,3024,2662,1.430,1.620,1.020,1,0,48.170,0,0,18,319,0,40,0
15-01 20:49:00,20.383,2.734,76.062,0,0,5362284,174496,173736,2286876,39228.196,7301.969,0,111.359,0,5.966,2412,2180,1.430,1.620,1.020,1,0,0,0,0,18,320,0,40,0
15-01 20:49:01,21.130,4.025,73.703,0,0,5353428,183076,173736,2287152,43745.070,4792.478,273.683,152.941,17.105,13.080,2889,2706,1.400,1.610,1.010,2,0,14.087,0,0,18,319,0,42,0
15-01 20:49:02,19.910,2.986,76.155,0,0,5374980,161520,173736,2287156,14461.475,7310.874,0,211.044,0,19.910,2381,2298,1.400,1.610,1.010,1,0,0.995,0,0,18,320,0,34,0
15-01 20:49:03,22.780,5.007,69.341,1.502,0,5359116,174852,173736,2289688,9781.876,3768.961,2323.058,3909.146,99.130,543.716,6265,8015,1.400,1.610,1.010,2,0,9.012,0,0,18,321,0,35,0
15-01 20:49:04,23.052,3.007,73.166,0.251,0,5411208,122752,173736,2289696,10614.023,3598.144,0,364.826,0,18.041,2397,2018,1.400,1.610,1.010,2,0,0,0,0,18,322,0,35,0
15-01 20:49:05,15.739,3.747,77.697,0.250,0,5391800,142088,173736,2289768,17226.168,9256.642,47.967,1830.742,1.999,124.914,3789,4596,1.400,1.610,1.010,3,1,11.992,0,0,18,322,0,35,0
15-01 20:49:06,21.027,15.520,62.330,0.501,0,5358312,175452,173736,2289892,10800.907,2687.460,80.103,2150.769,4.005,172.222,7646,15275,1.360,1.600,1.010,1,0,358.462,0,0,18,321,0,33,0
15-01 20:49:07,8.751,23.254,66.761,0.750,0,5345232,188496,173736,2289928,7412.245,1620.272,0,756.127,0,52.009,7330,6534,1.360,1.600,1.010,3,0,638.107,0,0,18,321,0,33,0
15-01 20:49:08,8.752,22.754,67.013,0,0,5345232,188460,173736,2289964,5957.158,1620.315,0,880.171,0,64.012,7267,6571,1.360,1.600,1.010,1,0,619.120,0,0,18,321,0,33,0
15-01 20:49:09,9.746,21.990,66.971,0,0,5336524,197132,173736,2290000,5629.528,1619.289,0,283.875,0,27.988,7246,6512,1.360,1.600,1.010,2,0,616.729,0,0,18,321,0,33,0
15-01 20:49:10,8.493,22.731,67.695,0,0,5333480,200144,173736,2290032,8814.819,1618.681,0,119.902,0,14.988,7100,6156,1.360,1.600,1.010,1,0,589.520,0,0,18,321,0,30,0
15-01 20:49:11,9.007,22.518,68.056,0,0,5330596,202996,173736,2290064,8630.079,1621.330,0,52.043,0,13.011,6962,6087,1.410,1.610,1.020,1,0,595.488,0,0,18,321,0,30,0
15-01 20:49:12,12.747,13.747,70.483,2.499,0,5331180,202112,173736,2290364,9028.853,1619.615,267.936,1579.624,21.995,10.997,5087,4320,1.410,1.610,1.020,1,0,326.922,0,0,18,321,0,30,0
15-01 20:49:13,16.495,9.747,69.230,2.249,0,5326896,313400,173752,2195580,9266.323,1619.532,863.750,5014.551,103.970,108.969,3246,3388,1.410,1.610,1.020,2,0,11.997,0,0,18,321,0,30,0
15-01 20:49:14,23.922,2.741,72.512,0,0,5339172,297652,173784,2199020,9246.683,1944.624,15.948,1395.425,2.990,64.788,2562,2254,1.410,1.610,1.020,3,0,15.948,0,0,18,322,0,26,0
15-01 20:49:15,11.003,1.500,84.770,1.500,0,5349588,286736,173784,2199520,18878.377,7205.671,516.120,1312.304,25.006,41.010,1998,2127,1.410,1.610,1.020,1,0,0,0,0,18,322,0,26,0
15-01 20:49:16,10.505,1.501,85.541,2.001,0,5346860,288736,173800,2200228,19343.298,10196.902,456.219,1720.827,48.023,70.034,2267,2531,1.300,1.580,1.010,1,0,0,0,0,18,322,0,26,0
15-01 20:49:17,12.741,0.999,81.191,3.248,0,5355732,278392,173820,2201672,21309.481,11657.510,1003.269,1690.769,56.959,62.954,2284,2510,1.300,1.580,1.010,1,0,0.999,0,0,18,322,0,26,0
15-01 20:49:18,17.000,1.750,77.998,1.500,0,5369304,264156,173820,2202332,19801.557,8871.802,527.988,995.978,39.999,47.999,2359,2292,1.300,1.580,1.010,1,1,1.000,0,0,18,322,0,23,0
15-01 20:49:19,15.809,1.506,81.053,1.004,0,5384356,248028,173840,2203384,21702.129,10871.641,811.032,1284.803,44.165,47.176,2139,2034,1.300,1.580,1.010,1,0,0,0,0,18,322,0,23,0
15-01 20:49:20,12.204,1.245,79.950,4.981,0,5379068,235612,173848,2221076,22635.009,9409.668,8842.797,1079.945,103.611,35.865,2100,1999,1.300,1.580,1.010,0,1,0,0,0,18,322,0,23,0
15-01 20:49:21,20.495,2.999,71.984,3.249,0,5380352,207404,173852,2247980,7735.268,1619.637,6794.479,1739.611,88.980,63.986,2664,2340,1.280,1.570,1.010,1,0,1.000,0,0,18,322,0,23,0
15-01 20:49:22,24.321,3.009,71.959,0.501,0,5385644,185968,173852,2263888,8922.952,1462.253,0,2338.802,0,149.435,2768,2326,1.280,1.570,1.010,1,1,0,0,0,18,322,0,23,0
15-01 20:49:23,24.521,2.002,71.310,0.500,0,5407404,155964,173856,2272068,9600.067,1621.362,160.135,6541.497,8.007,508.427,3445,2811,1.280,1.570,1.010,1,0,1.001,0,0,18,322,0,23,0
15-01 20:49:24,22.397,2.986,72.167,1.244,0,5390260,150576,173860,2294332,9169.678,1612.557,0,2755.283,0,119.449,3022,2856,1.280,1.570,1.010,1,0,0,0,0,18,322,0,23,0
15-01 20:49:25,22.773,3.504,72.073,1.001,0,5387644,126936,173860,2320348,8936.024,1621.638,0,2530.555,0,88.089,2881,2635,1.280,1.570,1.010,1,0,0,0,0,18,322,0,23,0
15-01 20:49:26,24.745,2.749,70.486,0.750,0.250,5391500,132616,173860,2310516,7696.463,1793.642,0,2159.569,0,79.984,2861,2665,1.250,1.560,1.010,3,0,0,0,0,18,321,0,22,0
15-01 20:49:27,22.780,4.256,71.596,0,0,5350704,173556,173860,2310364,6358.495,1664.223,0,805.076,0,73.098,2751,2236,1.250,1.560,1.010,1,0,37.049,0,0,18,321,0,22,0
15-01 20:49:28,19.233,2.997,76.433,0.250,0,5345680,172072,173860,2316844,14446.398,3895.602,0,1338.832,0,20.982,2320,2061,1.250,1.560,1.010,1,0,1.998,0,0,18,321,0,22,0
15-01 20:49:29,18.290,2.756,77.919,0.251,0,5353884,163784,173860,2316892,22066.868,4627.037,0,456.991,0,7.015,2225,1944,1.250,1.560,1.010,1,0,17.037,0,0,18,322,0,22,0
15-01 20:49:30,23.946,4.739,68.595,0,0,5344652,165956,173860,2323120,39384.988,1628.320,0,850.079,0,12.971,9813,17821,1.250,1.560,1.010,1,0,13.968,0,0,18,321,0,22,0
15-01 20:49:31,22.998,5.750,68.995,0,0,5344588,165704,173860,2323388,42408.868,1619.880,0,83.994,0,1.000,10535,18773,1.230,1.550,1.010,1,0,12.999,0,0,18,321,0,22,0
15-01 20:49:32,22.257,6.752,69.770,0.250,0,5296816,227096,173888,2310456,6770.981,1620.474,0,2832.829,0,43.013,2912,2658,1.230,1.550,1.010,1,0,15.004,0,0,18,321,0,22,0
15-01 20:49:33,24.556,6.264,67.152,0.251,0,5304172,219696,173888,2310500,9105.650,1623.682,0,621.409,0,36.082,11992,20855,1.230,1.550,1.010,1,0,59.134,0,0,18,323,0,22,0
15-01 20:49:34,23.488,4.248,71.713,0,0,5359092,164764,173888,2310512,7508.161,1619.172,0,227.883,0,7.996,2752,2300,1.230,1.550,1.010,1,0,34.982,0,0,18,323,0,20,0
15-01 20:49:35,17.973,2.995,76.633,0,0,5367704,149628,173888,2317036,16108.371,3958.947,0,1126.278,0,19.969,2262,1935,1.230,1.550,1.010,1,0,1.997,0,0,18,323,0,20,0
15-01 20:49:36,18.024,3.254,77.604,0.250,0,5377500,139828,173888,2317040,15520.853,4557.123,0,813.092,0,46.062,2480,2382,1.210,1.540,1.010,1,0,17.023,0,0,18,324,0,20,0
15-01 20:49:37,24.206,5.240,68.874,0.749,0,5368728,141604,173888,2323264,8952.671,1629.029,0,1321.590,0,36.933,10305,18884,1.210,1.540,1.010,4,0,13.975,0,0,18,323,0,20,0
15-01 20:49:38,22.765,6.004,68.546,0,0,5362612,147412,173896,2323516,7860.294,1621.092,0,592.399,0,11.007,11089,19668,1.210,1.540,1.010,1,0,17.011,0,0,18,323,0,20,0
15-01 20:49:39,21.238,5.996,72.457,0,0,5322452,201344,173896,2310512,6209.354,1619.049,0,1347.209,0,126.925,2615,2090,1.210,1.540,1.010,1,0,10.994,0,0,18,323,0,20,0
15-01 20:49:40,22.339,5.020,71.534,0,0,5318364,205400,173896,2310544,5722.684,1626.447,0,4.016,0,1.004,2975,2549,1.210,1.540,1.010,1,0,70.279,0,0,18,323,0,20,0
15-01 20:49:41,22.664,3.985,72.225,0,0,5326616,189208,173896,2318484,9098.333,1613.851,0,15.939,0,3.985,2820,2593,1.200,1.530,1.010,1,0,42.837,0,0,18,323,0,20,0
15-01 20:49:42,20.750,2.250,76.001,0,0,5325572,187516,173912,2321136,13321.151,2958.033,0,888.010,0,8.000,2360,2056,1.200,1.530,1.010,1,0,16.000,0,0,18,324,0,20,0
15-01 20:49:43,14.245,1.999,81.473,0.500,0,5336896,176012,173944,2321276,23522.108,11454.157,0,2011.325,0,71.976,2368,2614,1.200,1.530,1.010,0,0,1.999,0,0,18,326,0,20,0
15-01 20:49:44,9.252,1.000,87.771,0.750,0,5335352,177044,173944,2321704,48500.351,9930.324,0,1404.329,0,61.014,2065,2352,1.200,1.530,1.010,1,0,0,0,0,18,326,1,20,0
15-01 20:49:45,6.498,1.749,90.221,0.250,0,5336804,175336,173944,2321892,121236.569,9230.998,0,911.703,0,36.988,1890,2108,1.200,1.530,1.010,2,0,1.000,0,0,18,327,0,20,0
15-01 20:49:46,34.018,7.004,57.530,0.750,0,5397392,145464,173944,2292096,28539.851,8814.587,512.267,1228.639,4.002,56.029,3649,2740,1.260,1.540,1.020,1,0,7.004,0,0,18,327,0,20,0
15-01 20:49:47,25.485,3.748,68.960,0.999,0,5393308,149284,173980,2292312,21814.319,11032.586,511.703,1471.145,3.998,68.960,3059,2684,1.260,1.540,1.020,0,0,4.997,0,0,18,327,0,16,0
15-01 20:49:48,17.577,3.013,77.843,0.251,0,5392096,149892,174084,2292792,291047.887,14103.067,0,12591.414,0,112.495,3840,4440,1.260,1.540,1.020,1,0,1.004,0,0,18,327,0,16,0
15-01 20:49:49,8.969,2.990,84.704,1.744,0,5396180,145108,174388,2293176,112300.070,17330.362,27.902,3583.462,3.986,316.891,3573,4097,1.260,1.540,1.020,0,1,0.997,0,0,18,327,0,16,0
15-01 20:49:50,17.265,1.501,79.069,1.001,0,5397908,142912,174516,2293512,30050.353,11185.809,104.091,1557.366,6.005,67.059,2738,2828,1.260,1.540,1.020,1,0,0,0,0,18,327,0,18,0
15-01 20:49:51,10.484,1.747,84.873,0.749,0,5387424,133456,174600,2313296,5665402.437,40908.648,0,6370.446,0,50.924,3797,2899,1.160,1.520,1.010,0,1,2.996,0,0,18,327,0,14,0
15-01 20:49:52,10.252,3.001,83.768,1.250,0,5366340,153020,174748,2315372,12131547.784,57734.401,164.035,13534.907,4.001,96.021,5207,3174,1.160,1.520,1.010,1,0,2.000,0,0,18,327,0,14,0
15-01 20:49:53,22.328,5.519,69.995,1.254,0,5372616,131848,177400,2325596,10473.588,1463.111,20.070,46193.369,2.007,576.012,3977,3090,1.160,1.520,1.010,1,0,2.007,0,0,18,327,0,14,0
15-01 20:49:54,23.913,3.487,70.494,0.249,0,5383400,133056,178576,2311936,10809.670,1614.127,0,944.563,0,30.888,2649,2316,1.160,1.520,1.010,2,0,0,0,0,18,327,0,14,0
15-01 20:49:55,24.256,2.751,71.766,0.500,0,5382968,143612,178880,2301248,7301.661,1620.369,0,2052.467,0,45.010,2610,2384,1.160,1.520,1.010,2,0,0,0,0,18,327,0,10,0
15-01 20:49:56,23.991,3.249,70.473,0.750,0,5398660,135872,179528,2292612,9463.340,1619.374,0,2459.049,0,100.961,3004,2857,1.150,1.510,1.010,3,0,0,0,0,18,327,0,10,0
15-01 20:49:57,22.303,4.511,71.670,0.752,0,5379744,140416,180280,2305056,8961.269,1623.854,0,2173.158,0,76.181,2787,2508,1.150,1.510,1.010,1,0,0,0,0,18,327,0,10,0
15-01 20:49:58,22.954,5.489,69.611,0.749,0,5379520,141548,181860,2301312,6295.456,1616.779,0,59577.294,0,262.477,3485,2925,1.150,1.510,1.010,1,0,0,0,0,18,327,0,10,0
15-01 20:49:59,24.250,2.250,71.751,0.250,0,5378836,131828,182188,2310432,26658.286,1620.017,0,3596.039,0,35.000,2571,2167,1.150,1.510,1.010,1,0,0,0,0,18,327,0,7,0
15-01 20:50:00,22.984,4.247,70.951,0.999,0,5383968,126092,183324,2309540,26672.483,1618.876,0,3453.602,0,233.838,3159,2601,1.150,1.510,1.010,1,0,0,0,0,18,327,0,7,0
15-01 20:50:01,19.764,1.751,77.304,0.250,0,5273500,268680,183528,2276644,50366.434,4050.850,0,780.549,0,25.018,2183,1784,1.140,1.500,1.010,1,0,1.001,0,0,18,325,0,7,0
15-01 20:50:02,21.503,5.001,71.760,1.000,0.250,5353244,188836,183532,2276736,13216.909,2762.399,76.011,876.127,10.001,24.003,2927,2589,1.140,1.500,1.010,1,0,37.005,0,0,18,326,0,7,0
15-01 20:50:03,20.997,3.000,73.991,0.500,0,5374564,160484,183608,2283288,7343.095,2756.660,31.996,1895.766,2.000,41.995,2908,2945,1.140,1.500,1.010,1,0,4.999,0,0,18,325,0,5,0
15-01 20:50:04,19.063,2.257,77.757,0.502,0,5399796,134036,183612,2284496,15830.235,4632.285,0,521.722,0,17.056,2307,2068,1.140,1.500,1.010,1,0,17.056,0,0,18,326,0,5,0
15-01 20:50:05,22.922,5.730,69.014,0,0,5385112,142108,184156,2289524,9168.615,1787.880,0,1367.320,0,29.898,10384,18883,1.140,1.500,1.010,2,0,13.952,0,0,18,325,0,5,0
15-01 20:50:06,27.750,8.500,61.251,0.250,0,5367784,159172,184188,2289700,6321.093,1620.024,0,3376.050,0,57.001,11290,29357,1.120,1.490,1.010,3,1,43.001,0,0,18,325,0,6,0
15-01 20:50:07,19.822,7.026,72.515,0.502,0,5367880,158840,184224,2289868,9389.256,1625.932,0,1646.005,0,77.282,2617,2233,1.120,1.490,1.010,1,0,13.048,0,0,18,325,0,3,0
15-01 20:50:08,22.465,4.493,72.388,0,0,5319504,221376,184232,2276880,8663.646,1617.507,0,335.483,0,11.982,2490,2004,1.120,1.490,1.010,1,0,5.991,0,0,18,325,0,3,0
15-01 20:50:09,21.960,3.244,72.118,0.998,0,5346616,190884,184528,2279944,9206.194,1617.048,650.812,63.883,13.974,0.998,2405,2085,1.120,1.490,1.010,2,0,1.996,0,0,18,326,0,3,0
15-01 20:50:10,25.586,4.766,65.973,2.258,0,5346276,189908,184528,2281260,7446.166,1462.944,1107.744,5859.805,62.210,561.899,8590,12531,1.120,1.490,1.010,1,1,1.003,0,0,18,328,0,9,0
15-01 20:50:11,12.244,16.991,68.465,0.750,0,5297888,237944,184528,2281628,5697.092,1619.173,159.918,1571.198,2.998,120.938,6708,6753,1.110,1.480,1.010,3,0,379.806,0,0,18,327,0,10,0
15-01 20:50:12,12.002,7.001,71.014,7.502,0,5290584,212964,184528,2313916,8910.812,1662.338,32286.564,1036.211,1743.354,28.006,6626,6129,1.110,1.480,1.010,0,1,69.014,0,0,18,327,0,12,0
15-01 20:50:13,7.496,3.498,80.954,7.496,0,5287548,204396,184932,2325108,10442.066,2633.503,11585.416,1343.237,1967.882,18.989,5858,6153,1.110,1.480,1.010,3,1,6.996,0,0,18,328,0,12,0
15-01 20:50:14,2.493,1.496,93.477,0.748,0,5272452,219428,184932,2325172,47299.627,4928.582,63.813,13719.863,0.997,222.350,2060,2713,1.110,1.480,1.010,2,0,0,0,0,18,328,0,12,0
15-01 20:50:15,2.503,1.001,95.381,0,0,5272376,219176,185020,2325404,85665.473,4047.550,92.126,36.049,1.001,5.007,1604,2102,1.110,1.480,1.010,0,0,2.003,0,0,18,328,0,12,0
15-01 20:50:16,4.485,1.994,89.709,1.994,0,5257360,233864,185096,2325656,52975.184,129529.891,458.513,1208.082,31.897,32.893,2059,2385,1.020,1.460,1,0,0,9.968,0,0,18,327,0,12,0
15-01 20:50:17,2.253,0.751,95.884,0.250,0,5256560,234664,185096,2325656,10092.094,1622.266,0,184.257,0,22.031,1448,2105,1.020,1.460,1,0,0,1.001,0,0,18,327,0,12,0
15-01 20:50:18,1.751,0.751,95.829,0,0,5245336,245884,185096,2325660,8815.275,1459.204,0,344.284,0,21.017,1407,2036,1.020,1.460,1,1,0,1.001,0,0,18,327,0,12,0
15-01 20:50:19,1.749,0.750,96.211,0,0,5245560,245660,185096,2325660,7274.047,1619.343,0,0,0,0,1206,1716,1.020,1.460,1,0,0,0,0,0,18,327,0,12,0
15-01 20:50:20,1.505,2.258,94.582,0.251,0,5258840,232376,185096,2325664,9809.469,1625.713,0,1404.937,0,229.808,1780,1926,1.020,1.460,1,0,0,0,0,0,18,327,0,12,0
15-01 20:50:21,2.244,0.997,95.974,0.499,0,5258924,232264,185096,2325692,9366.044,1615.351,0,466.657,0,43.874,1634,2321,0.940,1.430,1,1,1,0,0,0,18,327,0,12,0
15-01 20:50:22,1.998,0.499,95.896,0.250,0,5259160,232024,185096,2325696,8685.561,1618.241,0,219.761,0,20.977,1256,1770,0.940,1.430,1,0,0,0,0,0,18,327,0,12,0
15-01 20:50:23,1.501,1.000,96.292,0,0,5258380,232804,185096,2325696,8881.901,1620.712,0,8.004,0,2.001,1240,1726,0.940,1.430,1,0,0,1.000,0,0,18,327,0,12,0
15-01 20:50:24,2.256,1.253,95.235,1.002,0,5252324,238856,185100,2325692,8849.842,1624.008,4.010,6672.468,1.002,121.299,1546,1734,0.940,1.430,1,0,1,0,0,0,18,327,0,12,0
15-01 20:50:25,1.247,1.496,92.769,2.494,0,5251424,239744,185100,2325704,7709.807,1615.977,0,30887.108,0,499.756,2289,1782,0.940,1.430,1,3,0,0,0,0,18,327,0,12,0
15-01 20:50:26,2.250,1.250,95.769,0,0,5251304,240076,185100,2325704,7191.428,1458.290,0,1156.230,0,25.005,1519,2184,0.870,1.410,0.990,0,0,0,0,0,18,327,0,12,0
15-01 20:50:27,1.750,0.750,96.255,0.250,0,5251556,239824,185100,2325704,5649.321,1620.092,0,84.005,0,13.001,1272,1862,0.870,1.410,0.990,3,0,0,0,0,18,327,0,12,0
15-01 20:50:28,2.249,1.000,96.454,0,0,5251552,239824,185100,2325708,10139.206,1619.234,0,79.962,0,8.996,1291,1733,0.870,1.410,0.990,0,0,0,0,0,18,327,0,12,0
15-01 20:50:29,2.000,0.750,96.230,0,0,5251552,239824,185100,2325708,11464.608,1619.662,0,3.999,0,1.000,1230,1689,0.870,1.410,0.990,0,0,0,0,0,18,327,0,12,0
15-01 20:50:30,1.251,5.253,89.793,2.501,0,5251136,240220,185100,2325728,46727.597,1620.784,0,134529.056,0,740.358,3695,3089,0.870,1.410,0.990,0,0,0,0,0,18,327,0,12,0
15-01 20:50:31,1.746,0.499,95.300,0.499,0,5251876,239464,185100,2325744,42062.794,1616.610,15.967,2630.484,0.998,137.711,1581,2151,0.800,1.390,0.990,3,0,0,0,0,18,327,0,12,0
15-01 20:50:32,2.004,1.754,94.455,0.251,0,5251304,240036,185100,2325744,10440.611,1623.516,0,200.434,0,25.054,1604,2054,0.800,1.390,0.990,1,0,7.015,0,0,18,327,0,12,0
15-01 20:50:33,2.249,0.999,95.691,0.250,0,5252056,239284,185100,2325744,7180.608,1457.109,0,163.900,0,16.990,1488,2153,0.800,1.390,0.990,0,1,1.999,0,0,18,327,0,12,0
15-01 20:50:34,2.001,0.500,96.278,0,0,5252052,239284,185100,2325748,8443.464,1620.473,0,20.006,0,3.001,1228,1727,0.800,1.390,0.990,0,0,0,0,0,18,327,0,12,0
15-01 20:50:35,1.500,0.750,96.490,0,0.250,5252052,239284,185100,2325748,5923.391,1619.833,0,127.987,0,5.999,1208,1743,0.800,1.390,0.990,0,1,0,0,0,18,327,0,12,0
15-01 20:50:36,1.754,1.253,95.973,0.251,0,5251052,240284,185100,2325748,10259.871,1623.778,0,4273.944,0,37.086,1507,2088,0.730,1.360,0.980,1,0,0,0,0,18,327,0,12,0
15-01 20:50:37,1.747,0.499,96.311,0,0,5251052,240284,185100,2325748,6998.298,1658.752,0,115.773,0,11.977,1128,1659,0.730,1.360,0.980,0,0,0,0,0,18,327,0,12,0
15-01 20:50:38,1.251,0.750,97.057,0,0,5251052,240284,185100,2325748,10421.109,1620.950,0,0,0,0,1179,1662,0.730,1.360,0.980,0,0,0,0,0,18,327,0,12,0
15-01 20:50:39,1.499,0.999,96.441,0,0,5251304,240032,185100,2325748,8793.582,1619.003,0,0,0,0,1234,1719,0.730,1.360,0.980,0,0,1.999,0,0,18,327,0,12,0
15-01 20:50:40,1.250,0.500,96.733,0,0,5251300,240032,185100,2325752,8849.469,1457.748,0,0,0,0,1163,1645,0.730,1.360,0.980,0,0,0,0,0,18,327,0,12,0
15-01 20:50:41,1.500,1.000,95.722,0.250,0,5251348,239968,185100,2325768,9496.256,1619.532,0,3099.105,0,24.993,1455,2105,0.670,1.340,0.980,0,1,0,0,0,18,327,0,12,0
15-01 20:50:42,1.754,0.752,96.732,0.251,0,5251600,239716,185100,2325768,6367.258,1623.891,0,441.057,0,33.079,1321,1858,0.670,1.340,0.980,0,0,0,0,0,18,327,0,12,0
15-01 20:50:43,1.746,0.998,95.791,0.249,0,5252100,239216,185100,2325768,9885.437,1616.474,0,47.896,0,5.987,1354,1866,0.670,1.340,0.980,0,0,0.998,0,0,18,327,0,12,0
15-01 20:50:44,1.500,0.750,96.518,0,0,5252100,239216,185100,2325768,9514.762,1620.300,0,0,0,0,1191,1608,0.670,1.340,0.980,0,0,0,0,0,18,327,0,12,0
15-01 20:50:45,1.749,0.749,96.433,0,0,5252100,239216,185100,2325768,5730.009,1618.872,0,0,0,0,1229,1791,0.670,1.340,0.980,2,0,0.999,0,0,18,327,0,12,0
15-01 20:50:46,21.255,6.001,71.268,0,0,5290296,201000,185104,2325784,7721.905,648.160,512.126,1496.369,4.001,182.045,3177,2549,0.700,1.330,0.980,2,0,7.002,0,0,18,327,0,12,0
15-01 20:50:47,25.834,7.023,65.714,0.752,0,5263616,227632,185136,2325800,425566.473,14162.139,529.726,437.425,5.016,31.101,4093,3371,0.700,1.330,0.980,1,1,33.108,0,0,18,327,0,12,0
15-01 20:50:48,13.968,5.737,76.574,2.245,0,5278520,211824,185136,2326704,302256.169,11637.325,123.716,3224.609,5.986,196.549,3971,3961,0.700,1.330,0.980,2,1,36.915,0,0,18,327,0,12,0
