"pcp-dstat 6.2.0 CSV Output"
"Author:","PCP team <pcp@groups.io> and Dag Wieers <dag@wieers.com>",,,,"URL:","https://pcp.io/ and http://dag.wieers.com/home-made/dstat/"
"Host:","ubuntu",,,,"User:","ubuntu"
"Cmdline:","dstat -tcmndrylpg --tcp --output /tmp/devstack_logs/dstat-csv.log",,,,"Date:","16 Jan 2026 13:18:37 UTC"
"system","total usage",,,,,"memory usage",,,,"net/total",,"dsk/total",,"io/total",,"system",,"load avg",,,"procs",,,"paging",,"tcp sockets",,,,
"time","total usage:usr","total usage:sys","total usage:idl","total usage:wai","total usage:stl","used","free","buf","cach","net/total:recv","net/total:send","dsk/total:read","dsk/total:writ","read","writ","int","csw","1m","5m","15m","run","blk","new","in","out","lis","act","syn","tim","clo"
16-01 13:18:37,,1001120,1705360,163336,4951608,,,,,,,1.330,0.990,0.550,2,0,,,,10,5,0,17,1
16-01 13:18:38,21.241,20.991,56.226,0.500,0.250,1016492,1689504,163388,4951956,25593.134,11710.029,0,2478.948,0,94.960,6964,5943,1.330,0.990,0.550,1,1,519.779,0,0,10,4,0,17,2
16-01 13:18:39,28.762,18.508,51.522,0.750,0,1026756,1660220,163500,4970176,193521.911,11513.933,0,2212.948,0,72.031,6378,6699,1.330,0.990,0.550,2,0,335.144,0,0,10,4,0,17,2
16-01 13:18:40,39.752,16.751,42.253,0.500,0,1033776,1634312,164448,4985032,4920.303,1620.100,0,1632.100,0,52.003,6167,6854,1.390,1.010,0.560,2,0,261.016,0,0,10,4,0,17,2
16-01 13:18:41,28.679,8.229,61.347,0.499,0,1151708,1498544,164824,5125044,9101.320,1615.973,0,1428.440,0,30.923,4161,3913,1.390,1.010,0.560,1,1,84.789,0,0,11,6,0,17,2
16-01 13:18:42,39.074,11.772,47.841,1.002,0,1174896,1452624,165428,5145296,7352.013,1623.094,16.031,4929.395,1.002,96.183,4349,2882,1.390,1.010,0.560,3,0,148.283,0,0,11,6,0,17,2
16-01 13:18:43,42.417,7.236,48.406,0.998,0,1220728,1389896,166332,5158692,9030.416,1616.852,31.938,4626.990,1.996,123.759,4089,2939,1.390,1.010,0.560,2,0,66.870,0,0,11,6,0,19,2
16-01 13:18:44,43.994,5.499,48.743,1.000,0,1258096,1322064,167544,5185064,7374.010,1565.790,0,3907.475,0,97.987,3466,2084,1.390,1.010,0.560,2,0,0,0,0,11,6,0,19,2
16-01 13:18:45,34.011,4.251,49.266,11.004,0,1291160,1296932,168580,5175564,15254.942,4343.407,0,25160.151,0,2115.685,12511,16678,1.590,1.060,0.580,2,1,41.013,0,0,11,6,0,19,0
16-01 13:18:46,37.545,8.260,42.551,10.012,0,1303720,1279652,169436,5179384,43141.703,1513.814,0,50424.431,0,3929.710,17377,25377,1.590,1.060,0.580,2,0,77.092,0,0,11,4,0,19,0
16-01 13:18:47,38.190,8.237,52.417,0.998,0,1266736,1309188,169596,5185836,11806.336,3892.846,0,14529.032,0,796.740,5557,5798,1.590,1.060,0.580,2,0,75.880,0,0,11,4,0,19,0
16-01 13:18:48,39.759,5.251,54.763,0.500,0,1279668,1296172,169596,5185924,47413.964,4552.053,0,9086.101,0,393.091,3483,1721,1.590,1.060,0.580,2,0,18.004,0,0,11,5,0,19,0
16-01 13:18:49,45.027,7.755,44.777,1.001,0,1256364,1311532,170116,5192016,9376.613,1795.075,0,6696.008,0,284.170,12279,19876,1.590,1.060,0.580,3,0,21.013,0,0,11,4,0,19,0
16-01 13:18:50,44.974,7.995,45.474,0,0,1282684,1284568,170176,5192424,8500.085,1619.064,0,1938.879,0,14.991,10816,18101,1.630,1.070,0.590,2,0,15.991,0,0,11,4,0,19,0
16-01 13:18:51,35.081,17.540,47.359,0,0,1213508,1368396,170224,5179604,8875.453,1623.742,0,505.164,0,13.030,5168,3861,1.630,1.070,0.590,3,0,310.716,0,0,11,4,0,19,0
16-01 13:18:52,33.479,22.986,42.973,0,0,1174668,1407112,170224,5180144,6906.676,1618.986,0,47.970,0,11.992,6664,6240,1.630,1.070,0.590,3,0,502.685,0,0,11,4,0,19,0
16-01 13:18:53,31.482,15.491,51.471,0,0,1208308,1373424,170228,5180068,8101.390,1565.109,0,123.929,0,2.998,5739,5715,1.630,1.070,0.590,2,0,243.861,0,0,11,5,0,19,0
16-01 13:18:54,44.940,4.993,48.934,0,0,1299996,1281724,170240,5180184,8186.002,1617.826,0,47.936,0,1.997,2704,1242,1.630,1.070,0.590,2,0,0,0,0,11,5,0,19,0
16-01 13:18:55,44.250,7.500,48.251,0,0,1320076,1261208,170252,5180616,5713.061,1512.016,0,1268.014,0,50.001,3036,1927,1.660,1.090,0.590,2,0,1.000,0,0,11,5,0,19,0
16-01 13:18:56,33.249,10.250,55.748,0.250,0,1339400,1239424,170252,5183036,8737.713,1619.947,0,2051.933,0,123.996,4317,4370,1.660,1.090,0.590,0,0,117.996,0,0,11,4,0,20,0
16-01 13:18:57,10.749,2.750,85.494,0,0,1353776,1225048,170252,5183036,10739.190,1619.878,0,387.971,0,24.998,1564,1484,1.660,1.090,0.590,1,0,21.998,0,0,11,4,0,20,0
16-01 13:18:58,22.248,4.500,72.495,0,0,1401864,1176952,170252,5183044,5638.587,1619.881,0,23514.277,0,62.995,2037,1321,1.660,1.090,0.590,1,0,0,0,0,11,4,0,20,0
16-01 13:18:59,24.007,1.751,72.771,0.250,0,1416764,1161836,170256,5183256,8769.544,1620.470,0,1256.364,0,30.009,2256,1853,1.660,1.090,0.590,1,1,1.000,0,0,11,10,0,14,0
16-01 13:19:00,19.539,6.012,71.895,1.253,0,1384632,1193876,170316,5183288,9942.026,1623.270,0,3575.202,0,317.640,4250,4759,1.600,1.090,0.600,1,0,42.085,0,0,11,4,0,16,0
16-01 13:19:01,20.720,2.746,74.891,1.498,0,1428040,1149840,170592,5183572,10354.994,3584.805,371.462,902.692,19.971,10.984,1920,1309,1.600,1.090,0.600,0,0,0,0,0,11,5,0,16,0
16-01 13:19:02,15.991,1.999,76.456,3.998,0,1420420,1157020,170636,5183812,10673.879,4550.390,267.846,3234.145,65.962,120.931,2537,2478,1.600,1.090,0.600,1,0,0.999,0,0,11,25,0,16,0
16-01 13:19:03,20.255,5.501,73.769,0,0,1374944,1202356,170636,5183956,9559.398,4934.238,0,22053.532,0,70.018,2640,1933,1.600,1.090,0.600,1,0,45.011,0,0,11,28,0,17,0
16-01 13:19:04,18.991,2.499,78.215,0,0,1412728,1164568,170636,5183960,12595.310,5594.473,0,0,0,0,1757,1209,1.600,1.090,0.600,1,0,0,0,0,11,29,0,17,0
16-01 13:19:05,24.314,11.781,62.916,0,0,1414052,1163224,170640,5183980,11602.608,4408.630,0,1957.163,0,21.056,3806,2892,1.640,1.100,0.600,2,0,157.415,0,0,11,28,0,18,0
16-01 13:19:06,36.909,4.240,58.107,0,0,1466176,1111084,170640,5183996,13885.757,9426.753,0,2354.194,0,21.946,3037,2113,1.640,1.100,0.600,2,0,0,0,0,11,30,0,18,0
16-01 13:19:07,36.587,6.766,55.883,0.251,0,1419076,1157976,170648,5184196,19997.632,12416.575,0,176.420,0,21.050,6153,7319,1.640,1.100,0.600,3,0,82.196,0,0,11,28,0,19,0
16-01 13:19:08,70.267,27.507,2.501,0,0,1542868,1034160,170656,5184208,7003.706,1620.395,0,432.105,0,20.005,5575,4551,1.640,1.100,0.600,6,0,496.121,0,0,11,28,0,19,0
16-01 13:19:09,86.438,10.243,1.749,0,0,1713508,863484,170660,5184236,19543.021,13875.075,0,163.883,0,7.994,5373,3246,1.640,1.100,0.600,3,0,0,0,0,11,32,1,19,0
16-01 13:19:10,79.056,10.758,9.757,0,0,1732196,844544,170680,5184460,39114.743,30410.569,0,476.338,0,51.036,8041,12185,1.990,1.180,0.630,4,0,100.071,0,0,11,31,0,22,0
16-01 13:19:11,36.642,10.469,52.097,0,0,1563124,1013548,170692,5184516,9954.718,5947.505,0,382.874,0,28.915,4303,4503,1.990,1.180,0.630,1,0,209.384,0,0,11,28,0,25,0
16-01 13:19:12,16.489,2.748,79.195,0,0,1554096,1022556,170696,5184532,14276.099,7212.997,0,195.864,0,8.994,2295,2275,1.990,1.180,0.630,0,0,0,0,0,11,29,0,23,0
16-01 13:19:13,18.015,7.506,73.062,0.500,0,1504600,1072036,170708,5184536,10739.089,2806.375,0,62781.135,0,265.224,3804,3330,1.990,1.180,0.630,1,0,68.058,0,0,11,28,0,24,0
16-01 13:19:14,18.747,2.250,78.239,0,0,1506744,1069884,170708,5184544,13237.120,5534.214,0,323.954,0,3.000,1953,1522,1.990,1.180,0.630,1,0,0,0,0,11,29,0,24,0
16-01 13:19:15,13.538,12.535,74.208,0.251,0,1445972,1130568,170724,5184604,10628.795,4758.339,0,1941.442,0,42.118,5079,4869,1.990,1.200,0.640,1,0,279.784,0,0,11,28,0,25,0
16-01 13:19:16,37.753,30.752,31.252,0,0,1448624,1127900,170728,5184616,44122.434,1620.126,0,232.018,0,20.002,6522,5613,1.990,1.200,0.640,6,0,760.059,0,0,11,28,0,25,0
16-01 13:19:17,87.505,10.751,1.250,0,0,1633628,942864,170728,5184648,13847.829,7789.467,0,2088.125,0,84.005,5247,2412,1.990,1.200,0.640,3,0,0,0,0,11,30,1,25,0
16-01 13:19:18,68.976,8.247,20.993,1.000,0,1649716,926536,170732,5184876,79436.385,38663.559,0,36991.140,0,489.830,9626,13292,1.990,1.200,0.640,5,0,2.999,0,0,11,31,1,25,0
16-01 13:19:19,75.936,21.732,1.499,0,0,1561924,1014344,170752,5184896,14266.027,7800.453,0,507.574,0,57.951,6799,7837,1.990,1.200,0.640,6,0,312.738,0,0,11,28,0,26,0
16-01 13:19:20,88.261,11.001,1.000,0,0,1713268,862932,170752,5184932,17744.118,11022.315,0,256.031,0,11.001,5197,2914,2.310,1.280,0.670,3,0,0,0,0,11,32,0,26,0
16-01 13:19:21,80.306,10.758,8.256,0,0,1742836,832948,170764,5185336,49217.540,40678.548,0,796.559,0,48.034,9002,14073,2.310,1.280,0.670,5,0,43.030,0,0,11,33,0,27,0
16-01 13:19:22,53.382,15.466,30.682,0,0,1518144,1057428,170768,5185544,24672.475,16047.536,0,375.171,0,30.932,7044,8703,2.310,1.280,0.670,2,0,254.438,0,0,11,28,0,31,0
16-01 13:19:23,37.300,4.506,57.328,0.250,0.250,1566428,1009132,170768,5185556,15076.404,7900.693,0,376.510,0,10.014,2920,1899,2.310,1.280,0.670,3,0,0,0,0,11,30,0,31,0
16-01 13:19:24,35.282,9.008,54.049,0,0,1521076,1054448,170768,5185592,21438.267,13944.532,0,292.263,0,25.022,5936,6875,2.310,1.280,0.670,3,0,187.168,0,0,11,28,0,33,0
16-01 13:19:25,60.478,16.744,23.242,0,0,1494808,1080652,170776,5185616,9836.463,1619.418,0,207.925,0,9.996,4195,2467,2.370,1.310,0.680,3,0,191.931,0,0,11,28,0,33,0
16-01 13:19:26,48.513,5.501,44.762,0,0,1544980,1030292,170784,5187940,28906.479,24273.280,0,148.038,0,10.003,5471,8900,2.370,1.310,0.680,4,0,34.009,0,0,11,31,0,33,0
16-01 13:19:27,68.276,20.258,11.254,0,0,1509172,1066060,170792,5185828,12222.630,7156.711,0,392.149,0,42.016,6810,13192,2.370,1.310,0.680,4,0,260.099,0,0,11,28,0,35,0
16-01 13:19:28,70.747,8.750,19.999,0,0,1593844,981356,170796,5185856,24813.080,17117.366,0,623.977,0,13.999,4847,3314,2.370,1.310,0.680,4,0,0,0,0,11,32,0,29,0
16-01 13:19:29,63.927,13.734,22.474,0.250,0,1568060,1006916,170808,5186068,33274.964,26262.979,0,1170.662,0,90.896,8954,13069,2.370,1.310,0.680,4,0,265.696,0,0,11,28,0,32,0
16-01 13:19:30,63.786,12.257,23.013,0.500,0,1559080,1015832,170840,5186100,10701.093,1620.923,0,2925.666,0,177.101,4383,2551,2.500,1.350,0.700,3,0,58.033,0,0,11,28,0,32,0
16-01 13:19:31,44.268,5.502,48.770,0.250,0,1568248,1006612,170844,5186148,84525.087,24497.169,0,188.078,0,17.007,5797,6793,2.500,1.350,0.700,3,0,0,0,0,11,30,0,32,1
16-01 13:19:32,59.082,18.697,21.439,0,0,1505584,1069252,170852,5186164,17022.533,7806.772,0,335.046,0,29.915,5717,5608,2.500,1.350,0.700,3,0,298.151,0,0,11,28,0,34,0
16-01 13:19:33,54.418,6.019,39.371,0,0,1553156,1021512,170856,5186328,43770.796,13492.552,0,2720.378,0,87.269,4344,2571,2.500,1.350,0.700,3,0,0,0,0,11,31,0,34,0
16-01 13:19:34,52.226,16.243,30.736,0,0,1462764,1111584,170860,5186644,41931.818,17731.888,0,939.570,0,39.982,7535,9464,2.500,1.350,0.700,3,0,286.869,0,0,11,28,0,37,0
16-01 13:19:35,62.834,6.732,29.173,0.249,0,1576956,997360,170872,5186664,13985.073,7510.170,0,195.484,0,7.979,3752,1469,2.540,1.380,0.710,0,0,0.997,0,0,11,31,0,37,0
16-01 13:19:36,48.136,4.763,46.381,0,0,1579892,994240,170884,5186836,44705.471,21555.981,0,336.953,0,38.108,6711,8526,2.540,1.380,0.710,4,0,0,0,0,11,28,0,36,0
16-01 13:19:37,61.736,13.747,23.744,0,0,1563392,1010720,170888,5186852,6169.565,1551.639,0,183.957,0,6.998,4369,2271,2.540,1.380,0.710,3,0,111.974,0,0,11,28,0,36,0
16-01 13:19:38,48.511,5.251,45.760,0.250,0,1603240,970828,170888,5186896,27612.031,20225.418,0,1504.329,0,138.030,5031,5018,2.540,1.380,0.710,2,0,0,0,0,11,31,0,36,0
16-01 13:19:39,60.014,24.256,14.503,0.250,0,1497504,1076532,170900,5186916,32442.828,8800.123,0,1344.324,0,103.025,7305,7948,2.540,1.380,0.710,7,0,502.121,0,0,11,28,0,38,0
16-01 13:19:40,81.498,18.750,0.250,0,0,1637540,936388,170912,5186980,11761.692,3868.899,0,187.995,0,13.000,5564,4402,2.970,1.490,0.750,6,0,383.990,0,0,11,29,0,38,0
16-01 13:19:41,82.665,16.483,0.749,0,0,1744704,829064,170912,5187140,31399.659,24516.748,0,163.831,0,11.988,6853,6581,2.970,1.490,0.750,5,0,318.672,0,0,11,31,2,38,0
16-01 13:19:42,73.578,23.024,3.003,0,0,1636584,936908,170916,5187428,48202.126,37102.353,0,564.599,0,45.048,8434,10368,2.970,1.490,0.750,5,0,508.539,0,0,11,30,0,39,0
16-01 13:19:43,83.458,15.492,0.500,0,0,1598644,974792,170916,5187480,15932.928,6942.483,0,487.753,0,25.987,5660,4199,2.970,1.490,0.750,5,0,140.929,0,0,11,29,0,39,0
16-01 13:19:44,78.842,8.234,13.224,0,0,1676736,896644,170916,5187536,35540.942,28403.213,0,123.753,0,7.984,6546,7944,2.970,1.490,0.750,5,0,0,0,0,11,32,0,38,0
16-01 13:19:45,60.374,17.536,20.793,0,0,1528684,1044468,170920,5187760,44311.955,28872.264,0,172.354,0,12.025,8833,13480,3.060,1.530,0.770,2,0,472.971,0,0,11,28,0,42,0
16-01 13:19:46,19.246,28.494,51.490,0,0,1435680,1137460,170920,5187772,42987.537,1619.681,0,171.966,0,15.997,6602,5377,3.060,1.530,0.770,4,0,691.864,0,0,11,28,0,42,0
16-01 13:19:47,71.341,22.949,4.989,0,0,1540256,1032848,170920,5187808,8450.174,3826.475,0,103.769,0,6.984,5290,3816,3.060,1.530,0.770,3,0,438.024,0,0,11,29,0,42,0
16-01 13:19:48,64.847,6.760,28.543,0,0,1590324,982588,170920,5188000,67596.546,23495.296,0,128.193,0,14.021,5836,6320,3.060,1.530,0.770,4,0,0,0,0,11,31,0,43,0
16-01 13:19:49,67.338,19.526,13.017,0,0,1541696,1031172,170952,5188020,16571.646,10436.632,0,1433.873,0,89.116,6585,7586,3.060,1.530,0.770,4,0,268.351,0,0,11,28,0,46,0
16-01 13:19:50,75.933,8.492,15.486,0,0,1607336,965536,170952,5188080,19475.750,13601.953,0,183.837,0,7.993,4732,3040,3.050,1.560,0.780,3,0,0,0,0,11,31,0,46,0
16-01 13:19:51,57.277,5.753,35.767,0,0,1609588,963028,170956,5188332,47112.220,38022.933,0,176.083,0,10.005,9947,16174,3.050,1.560,0.780,4,0,0,0,0,11,32,0,46,0
16-01 13:19:52,65.067,12.465,21.440,0.249,0,1536968,1035384,170992,5188560,35183.207,26629.226,0,590.342,0,64.818,9737,14943,3.050,1.560,0.780,6,0,89.748,0,0,11,28,0,46,0
16-01 13:19:53,78.982,11.534,9.027,0,0,1586876,985464,171000,5188564,14846.648,7913.264,0,220.649,0,13.038,4823,2643,3.050,1.560,0.780,4,0,30.088,0,0,11,30,0,46,0
16-01 13:19:54,59.840,7.231,31.416,0.249,0,1603012,969096,171004,5188792,42033.541,33888.333,0,3027.899,0,114.693,8068,12789,3.050,1.560,0.780,2,0,0,0,0,11,32,0,46,0
16-01 13:19:55,56.084,11.517,32.298,0,0,1591456,980392,171008,5189048,47059.526,36687.983,0,192.288,0,10.015,10894,17642,3.210,1.610,0.810,4,0,143.215,0,0,11,29,0,48,1
16-01 13:19:56,80.118,15.523,4.507,0,0,1534684,1037144,171016,5189060,15578.024,6506.617,0,156.231,0,9.013,5049,3011,3.210,1.610,0.810,3,0,118.175,0,0,11,29,0,50,0
16-01 13:19:57,65.987,6.749,26.245,0,0,1597248,974376,171016,5189264,31643.910,26740.854,0,151.971,0,9.998,6027,7595,3.210,1.610,0.810,2,0,0,0,0,11,32,0,49,0
16-01 13:19:58,63.189,10.989,25.226,0,0,1538168,1033352,171020,5189364,33864.276,26810.092,0,299.710,0,29.971,9505,14257,3.210,1.610,0.810,5,0,86.916,0,0,11,28,0,51,0
16-01 13:19:59,78.391,12.233,8.987,0,0,1590428,980956,171024,5189492,14601.685,7739.232,0,778.916,0,16.976,4817,2572,3.210,1.610,0.810,4,0,40.943,0,0,11,30,0,51,0
16-01 13:20:00,64.632,10.772,23.799,0.251,0,1623536,947788,171032,5189540,28336.984,20415.775,0,336.689,0,38.078,6509,7456,3.270,1.650,0.820,4,0,120.246,0,0,11,30,0,53,0
16-01 13:20:01,73.626,7.737,18.469,0,0,1681028,890088,171032,5189748,35435.495,24557.761,0,179.698,0,10.982,6886,9540,3.270,1.650,0.820,4,0,0,0,0,11,30,0,52,0
16-01 13:20:02,67.394,14.531,17.287,0,0,1630600,940456,171040,5189780,31572.311,22728.456,0,260.555,0,22.047,6667,9178,3.270,1.650,0.820,5,0,146.312,0,0,11,31,0,54,0
16-01 13:20:03,74.320,13.218,12.470,0,0,1603656,967232,171040,5189944,20834.494,11892.172,0,215.478,0,15.961,5352,4650,3.270,1.650,0.820,4,0,86.790,0,0,11,34,0,55,0
16-01 13:20:04,73.109,10.265,16.024,0,0,1541804,1029052,171040,5189976,25676.249,19221.634,0,272.406,0,12.018,5787,5968,3.270,1.650,0.820,6,0,68.101,0,0,11,34,0,57,0
16-01 13:20:05,69.066,12.512,18.518,0,0,1498188,1072444,171064,5190176,23337.300,18064.261,0,388.371,0,35.033,5777,7663,3.330,1.690,0.840,5,0,105.100,0,0,11,33,0,57,0
16-01 13:20:06,53.073,9.967,35.133,0.249,0,1553372,1017220,171076,5190200,19064.357,11555.424,0,402.656,0,36.877,4607,4172,3.330,1.690,0.840,2,0,98.671,0,0,11,33,0,59,0
16-01 13:20:07,53.282,9.756,36.522,0,0,1557424,1013096,171088,5190260,19258.436,13126.795,0,224.133,0,17.010,4494,4614,3.330,1.690,0.840,4,0,55.033,0,0,11,33,0,60,0
16-01 13:20:08,53.381,11.278,36.089,0,0,1523500,1046848,171088,5190428,21406.694,15944.248,0,184.454,0,10.025,5242,6624,3.330,1.690,0.840,4,0,139.343,0,0,11,33,0,61,0
16-01 13:20:09,55.594,9.972,33.406,0,0,1524420,1045896,171092,5190456,17317.426,10476.614,0,3585.942,0,136.617,4662,3719,3.330,1.690,0.840,2,0,42.880,0,0,11,33,0,61,0
16-01 13:20:10,49.029,7.504,43.025,0,0,1531440,1038780,171100,5190540,28339.533,18989.078,0,284.166,0,18.011,5682,6846,3.220,1.700,0.850,2,0,86.050,0,0,11,34,0,62,0
16-01 13:20:11,32.748,8.000,58.247,0.250,0,1510692,1059480,171112,5190572,18256.129,10830.483,0,391.981,0,33.998,5236,6232,3.220,1.700,0.850,2,0,66.997,0,0,11,32,0,64,0
16-01 13:20:12,38.756,8.501,52.758,0.250,0,1481556,1088596,171116,5190588,10534.569,4041.602,0,376.056,0,48.007,3504,2330,3.220,1.700,0.850,2,0,68.010,0,0,11,33,0,64,0
16-01 13:20:13,34.811,6.261,58.102,0,0,1485332,1084796,171120,5190608,18632.713,13424.569,0,196.345,0,13.023,4357,4414,3.220,1.700,0.850,5,0,34.060,0,0,11,33,0,58,0
16-01 13:20:14,37.948,9.487,51.929,0.250,0,1502692,1067308,171120,5190732,14000.728,6923.470,0,179.753,0,12.982,4006,3474,3.220,1.700,0.850,2,0,103.857,0,0,11,33,0,59,0
16-01 13:20:15,35.065,6.262,58.107,0,0,1487528,1082264,171136,5190920,17136.598,11012.306,0,336.621,0,32.059,3796,3825,3.050,1.690,0.850,2,0,61.113,0,0,11,33,0,60,0
16-01 13:20:16,39.140,5.983,54.098,0.249,0,1438984,1130648,171144,5191072,46389.548,7080.090,0,279.215,0,22.936,4085,3983,3.050,1.690,0.850,2,0,4.986,0,0,11,32,0,61,0
16-01 13:20:17,37.961,4.745,56.192,0,0,1454804,1114800,171148,5191092,18553.984,11488.226,0,183.812,0,11.988,3892,4171,3.050,1.690,0.850,2,0,0,0,0,11,33,0,60,0
16-01 13:20:18,34.049,6.760,59.085,0,0.250,1470664,1098912,171148,5191120,53636.753,12547.956,0,160.229,0,10.014,4359,4469,3.050,1.690,0.850,1,0,43.062,0,0,11,33,0,61,0
16-01 13:20:19,39.763,6.002,53.267,0,0,1477384,1092160,171156,5191140,16396.173,8123.563,0,308.097,0,28.009,3587,2975,3.050,1.690,0.850,1,0,11.003,0,0,11,33,0,62,0
16-01 13:20:20,32.309,6.762,60.111,0.250,0,1424544,1144964,171160,5191168,21563.673,13759.315,0,589.084,0,61.112,5200,6155,2.960,1.690,0.850,1,0,99.182,0,0,11,33,0,63,0
16-01 13:20:21,18.205,9.726,70.826,0.249,0,1342208,1227196,171180,5191252,10483.292,6027.219,0,287.295,0,22.944,3920,4295,2.960,1.690,0.850,1,0,182.552,0,0,11,32,0,62,0
16-01 13:20:22,18.997,2.250,78.487,0,0,1389568,1179704,171180,5191384,14290.688,6659.923,0,143.977,0,7.999,1841,1501,2.960,1.690,0.850,1,0,0,0,0,11,33,0,62,0
16-01 13:20:23,16.790,3.258,78.940,0,0,1381088,1188160,171184,5191404,13119.634,7125.180,0,252.609,0,22.053,3249,3820,2.960,1.690,0.850,1,0,35.085,0,0,11,32,0,63,0
16-01 13:20:24,14.716,12.721,70.837,0,0,1419388,1149852,171184,5191412,8716.907,1616.274,0,558.712,0,17.959,3824,2782,2.960,1.690,0.850,1,0,248.427,0,0,11,32,0,63,0
16-01 13:20:25,19.497,2.250,78.238,0.250,0,1436476,1132756,171184,5191420,12224.128,6659.980,0,187.971,0,9.998,1954,1589,2.800,1.680,0.860,1,0,1.000,0,0,11,33,0,57,0
16-01 13:20:26,17.747,5.249,75.738,0,0,1387948,1181264,171188,5191436,15013.719,7308.890,0,427.935,0,31.995,3683,4115,2.800,1.680,0.860,1,0,45.993,0,0,11,32,0,58,0
16-01 13:20:27,24.738,4.998,69.466,0,0,1432036,1137164,171196,5191440,12898.753,3973.076,0,131.936,0,9.995,2837,9865,2.800,1.680,0.860,2,0,35.983,0,0,11,33,0,59,0
16-01 13:20:28,19.013,2.252,77.552,0,0,1429428,1139748,171196,5191464,16278.863,11387.599,0,0,0,0,4036,5024,2.800,1.680,0.860,1,0,0,0,0,11,33,0,59,0
16-01 13:20:29,14.022,15.775,69.611,0.250,0,1401156,1167816,171228,5191628,10758.229,3532.658,0,312.500,0,34.055,5622,5166,2.800,1.680,0.860,2,0,335.537,0,0,11,32,0,59,0
16-01 13:20:30,32.192,14.723,51.906,0.250,0,1456304,1112636,171240,5191644,8479.649,1617.073,0,2663.179,0,156.716,4945,3699,2.740,1.690,0.860,2,0,290.474,0,0,11,32,0,56,0
16-01 13:20:31,42.381,6.520,47.146,3.762,0,1533884,1031608,171472,5194572,6290.438,1625.021,0,9818.339,0,716.213,6926,7647,2.740,1.690,0.860,2,0,38.118,0,0,11,36,0,56,0
16-01 13:20:32,39.001,7.500,41.251,12.500,0,1533512,1025572,172572,5199536,8997.279,1620.050,0,44769.386,0,4118.128,21737,30683,2.740,1.690,0.860,3,0,112.003,0,0,11,36,0,56,0
16-01 13:20:33,40.144,8.976,42.139,6.483,0,1521524,1036732,173036,5199828,7371.602,1615.748,0,37776.594,0,3028.032,16040,22324,2.740,1.690,0.860,2,0,27.927,0,0,11,32,0,56,0
16-01 13:20:34,44.749,5.750,48.499,0.500,0,1545912,1012288,173064,5199848,9610.848,1619.974,0,4739.925,0,257.996,3439,2492,2.740,1.690,0.860,2,0,1.000,0,0,11,32,0,54,0
16-01 13:20:35,38.852,8.522,42.111,7.770,0,1546236,1011040,173480,5200348,8660.810,1624.278,0,19346.953,0,2748.238,16931,28667,2.680,1.690,0.870,2,0,4.011,0,0,11,34,0,54,0
16-01 13:20:36,29.670,6.732,62.831,0.249,0,1449784,1107456,173504,5200360,5576.982,1615.649,0,5126.195,0,286.229,3659,3112,2.680,1.690,0.870,2,0,98.734,0,0,11,32,0,54,0
16-01 13:20:37,21.997,3.500,73.740,0,0,1499268,1057964,173508,5200364,6112.130,1713.756,0,107.985,0,6.999,1937,1429,2.680,1.690,0.870,1,0,2.000,0,0,11,32,0,54,0
16-01 13:20:38,23.237,2.998,72.460,0.500,0,1491148,1066028,173544,5200384,8738.223,1457.203,0,7052.144,0,366.799,2763,2589,2.680,1.690,0.870,1,0,0.999,0,0,11,32,0,49,0
16-01 13:20:39,22.513,4.002,73.292,0,0,1522756,1034416,173548,5200384,10114.815,1620.932,0,112.064,0,12.007,1952,1280,2.680,1.690,0.870,2,0,2.001,0,0,11,32,0,49,0
16-01 13:20:40,23.002,2.750,73.757,0,0,1509384,1047772,173548,5200400,9901.001,1620.164,0,244.025,0,3.000,1777,1102,2.550,1.680,0.870,2,0,1.000,0,0,11,32,0,49,0
16-01 13:20:41,22.251,3.250,74.004,0,0,1524228,1032928,173548,5200400,9242.462,1620.081,0,0,0,0,1794,1212,2.550,1.680,0.870,1,0,2.000,0,0,11,32,0,49,0
16-01 13:20:42,23.247,2.250,73.239,0.250,0,1502348,1054720,173556,5200472,8613.717,1619.759,0,551.918,0,70.989,1893,1113,2.550,1.680,0.870,1,0,3.000,0,0,11,32,0,47,0
16-01 13:20:43,22.997,3.750,73.742,0,0,1510284,1046784,173556,5200472,8552.024,1619.815,0,23.997,0,3.000,1818,1226,2.550,1.680,0.870,2,0,2.000,0,0,11,32,0,47,0
16-01 13:20:44,22.252,2.750,73.757,0,0,1487516,1069464,173556,5200560,5529.528,1620.155,0,0,0,0,1750,1177,2.550,1.680,0.870,2,0,1.000,0,0,11,32,0,47,0
16-01 13:20:45,22.503,4.501,72.509,0.250,0,1450340,1106588,173568,5200592,9150.166,1620.206,0,7276.927,0,367.047,2918,3086,2.420,1.670,0.870,2,0,2.000,0,0,11,32,0,47,0
16-01 13:20:46,21.995,3.749,73.482,0.250,0,1456092,1100824,173580,5200592,41219.085,1511.636,0,919.779,0,51.987,2045,1426,2.420,1.670,0.870,1,0,2.000,0,0,11,32,0,41,0
16-01 13:20:47,22.507,3.251,74.024,0,0,1461492,1095404,173580,5200612,6079.011,1566.518,0,0,0,0,1770,1159,2.420,1.670,0.870,2,0,1.000,0,0,11,32,0,41,0
16-01 13:20:48,22.305,3.007,73.683,0,0,1501676,1055184,173580,5200640,43993.310,1624.035,0,4.010,0,1.002,1907,1162,2.420,1.670,0.870,2,0,2.005,0,0,11,32,0,41,0
16-01 13:20:49,22.194,3.242,73.814,0,0,1489900,1066960,173580,5200640,8072.691,1615.935,0,0,0,0,1792,1227,2.420,1.670,0.870,1,0,0,0,0,11,32,0,41,0
16-01 13:20:50,21.521,4.755,73.323,0.250,0,1472232,1084528,173580,5200740,9363.280,1621.607,0,724.718,0,115.114,2445,1375,2.310,1.660,0.870,2,1,45.045,0,0,11,32,0,37,0
16-01 13:20:51,9.016,21.288,68.872,0,0,1459024,1097652,173580,5200804,7750.715,1622.872,0,1843.262,0,113.200,6568,4907,2.310,1.660,0.870,2,0,516.915,0,0,11,32,0,37,0
16-01 13:20:52,7.746,21.490,69.468,0,0,1428152,1128296,173584,5200972,5961.297,1619.266,0,579.737,0,9.995,6085,4596,2.310,1.660,0.870,1,0,439.801,0,0,11,32,0,37,0
16-01 13:20:53,10.725,17.459,70.336,0,0,1428296,1128120,173584,5201000,8639.865,1616.233,0,0,0,0,5432,4051,2.310,1.660,0.870,1,0,374.128,0,0,11,32,0,37,0
16-01 13:20:54,21.533,4.256,73.361,0,0,1469400,1087032,173584,5200984,7252.955,1622.450,0,4.006,0,1.002,1963,1362,2.310,1.660,0.870,1,0,2.003,0,0,11,32,0,37,0
16-01 13:20:55,22.768,3.503,73.309,0.250,0,1464652,1091764,173584,5201008,7902.401,1567.269,0,600.486,0,37.030,2069,1613,2.200,1.650,0.870,1,0,2.002,0,0,11,32,0,37,0
16-01 13:20:56,21.998,4.000,73.743,0,0,1509820,1046616,173584,5200988,8983.138,1511.855,0,11.999,0,2.000,1885,1340,2.200,1.650,0.870,1,0,2.000,0,0,11,32,0,37,0
16-01 13:20:57,22.752,2.750,73.505,0,0,1427876,1128536,173584,5201012,8164.564,1620.112,0,20.001,0,1.000,1746,1074,2.200,1.650,0.870,1,0,1.000,0,0,11,32,0,37,0
16-01 13:20:58,22.195,2.993,73.817,0,0,1484168,1072256,173584,5201000,8880.008,1615.998,0,0,0,0,1823,1234,2.200,1.650,0.870,3,0,1.995,0,0,11,32,0,31,0
16-01 13:20:59,23.007,3.001,74.023,0,0.250,1488536,1067876,173584,5201012,7165.210,1620.500,0,12.004,0,1.000,1725,1106,2.200,1.650,0.870,1,0,1.000,0,0,11,32,0,31,0
16-01 13:21:00,21.749,3.750,73.748,0.250,0,1528920,1027508,173588,5200992,5348.828,1619.948,0,579.981,0,89.997,1890,1188,2.110,1.640,0.870,1,0,2.000,0,0,11,32,0,31,0
16-01 13:21:01,22.291,3.005,73.634,0,0,1503480,1052928,173588,5201012,9236.848,1622.960,0,248.453,0,3.005,1796,1140,2.110,1.640,0.870,2,0,1.002,0,0,11,32,0,31,0
16-01 13:21:02,21.458,3.743,74.353,0,0,1524100,1032316,173588,5201004,8862.472,1616.802,0,0,0,0,1853,1301,2.110,1.640,0.870,2,0,1.996,0,0,11,32,0,27,0
16-01 13:21:03,22.500,3.250,73.501,0,0,1485004,1071400,173588,5201016,5972.085,1620.023,0,12.000,0,1.000,1777,1164,2.110,1.640,0.870,2,0,1.000,0,0,11,32,0,27,0
16-01 13:21:04,22.252,3.500,73.756,0,0,1519860,1036568,173588,5200992,8513.714,1566.131,0,0,0,0,1810,1147,2.110,1.640,0.870,3,0,2.000,0,0,11,32,0,27,0
16-01 13:21:05,23.253,2.750,73.010,0.250,0,1483620,1072772,173600,5201016,5877.773,1512.199,0,512.067,0,39.005,2108,1662,2.020,1.620,0.870,2,0,2.000,0,0,11,32,0,27,0
16-01 13:21:06,22.250,3.750,73.749,0,0,1508580,1047900,173600,5200928,8555.875,1619.976,0,1847.973,0,8.000,1850,1206,2.020,1.620,0.870,2,0,2.000,0,0,11,32,0,19,0
16-01 13:21:07,22.503,3.000,74.008,0,0,1473464,1082928,173600,5201016,7381.838,1620.184,0,88.010,0,1.000,1797,1233,2.020,1.620,0.870,1,0,1.000,0,0,11,32,0,19,0
16-01 13:21:08,21.996,3.499,73.488,0,0,1462560,1093844,173600,5201004,5597.088,1619.736,0,11.998,0,1.000,1768,1228,2.020,1.620,0.870,1,0,1.000,0,0,11,32,0,19,0
16-01 13:21:09,23.003,3.250,73.509,0,0,1451012,1105400,173600,5200996,9156.074,1620.190,0,0,0,0,1874,1199,2.020,1.620,0.870,1,0,2.000,0,0,11,32,0,19,0
16-01 13:21:10,22.999,3.000,73.498,0,0,1429564,1126820,173604,5201016,7268.766,1619.948,0,159.995,0,3.000,1806,1202,1.930,1.610,0.870,2,0,1.000,0,0,11,32,0,15,0
16-01 13:21:11,21.752,3.500,74.006,0,0,1458056,1098328,173604,5201016,8792.755,1620.139,0,20.002,0,1.000,1850,1252,1.930,1.610,0.870,1,0,1.000,0,0,11,32,0,15,0
16-01 13:21:12,21.997,3.250,73.741,0,0,1485140,1071256,173604,5201004,10547.778,1499.826,0,4.000,0,1.000,1780,1130,1.930,1.610,0.870,1,0,2.000,0,0,11,32,0,15,0
16-01 13:21:13,17.547,11.030,71.693,0,0,1468088,1088260,173604,5201052,12219.965,1624.382,0,116.314,0,6.016,3708,2622,1.930,1.610,0.870,2,0,232.628,0,0,11,32,0,15,0
16-01 13:21:14,16.692,10.713,71.503,0,0,1453136,1103192,173604,5201072,9272.018,1614.431,0,119.588,0,4.983,3785,2922,1.930,1.610,0.870,1,0,228.213,0,0,11,32,0,15,0
16-01 13:21:15,24.013,2.752,72.541,0.250,0,1480560,1075552,173604,5201288,7348.111,1620.907,0,456.255,0,31.017,2062,1519,1.860,1.600,0.880,1,0,1.001,0,0,11,32,0,11,0
16-01 13:21:16,22.252,3.500,73.507,0,0,1448720,1107308,173604,5201368,42230.212,1620.162,0,60.006,0,1.000,2015,1303,1.860,1.600,0.880,1,0,9.001,0,0,11,32,0,11,0
16-01 13:21:17,21.299,7.016,71.165,0.251,0,1466996,1088984,173604,5201412,9140.153,1623.758,40.093,0,2.005,0,2545,1676,1.860,1.600,0.880,2,0,113.262,0,0,11,32,0,11,0
16-01 13:21:18,8.747,21.493,69.227,0,0,1449376,1106496,173604,5201520,42346.742,1619.455,0,171.942,0,7.997,6411,4874,1.860,1.600,0.880,1,0,501.831,0,0,11,32,0,11,0
16-01 13:21:19,9.004,21.759,68.028,0,0,1423448,1132384,173604,5201552,9303.844,1620.670,0,204.084,0,4.002,6450,4890,1.860,1.600,0.880,2,0,524.217,0,0,11,32,0,7,0
16-01 13:21:20,8.999,21.748,67.742,0,0,1435496,1120264,173604,5201588,9066.967,1499.829,0,999.886,0,11.999,6295,4804,1.790,1.590,0.880,2,0,510.942,0,0,11,32,0,7,0
16-01 13:21:21,8.499,22.496,68.238,0,0,1416436,1139296,173604,5201616,9268.378,1619.717,0,1619.717,0,17.997,6495,4999,1.790,1.590,0.880,2,0,547.904,0,0,11,32,0,7,0
16-01 13:21:22,8.754,21.260,69.284,0,0,1401476,1154228,173604,5201640,7642.773,1620.800,0,1196.591,0,13.006,6280,4805,1.790,1.590,0.880,1,0,506.250,0,0,11,32,0,7,0
16-01 13:21:23,7.989,20.970,69.651,0,0,1418628,1137036,173604,5201680,5964.536,1617.704,0,179.745,0,6.990,6222,4825,1.790,1.590,0.880,1,0,474.327,0,0,11,32,0,5,0
16-01 13:21:24,8.259,21.525,68.829,0,0,1398112,1157512,173604,5201716,7362.413,1621.853,0,312.357,0,10.011,6170,4658,1.790,1.590,0.880,1,0,462.529,0,0,11,32,0,5,0
16-01 13:21:25,9.243,21.733,68.195,0.250,0,1390888,1164696,173604,5201756,10124.899,1618.705,0,699.440,0,47.962,6677,5412,1.730,1.580,0.880,1,0,530.576,0,0,11,32,0,5,0
16-01 13:21:26,16.003,23.504,59.010,0,0,1337020,1218524,173616,5201780,7416.206,1620.264,0,920.150,0,98.016,6997,5741,1.730,1.580,0.880,4,0,594.097,0,0,11,32,0,7,0
16-01 13:21:27,60.065,21.023,18.520,0,0,1502728,1052756,173624,5201856,9310.114,1621.762,0,768.835,0,53.058,5934,13159,1.730,1.580,0.880,5,0,425.462,0,0,11,32,0,9,0
16-01 13:21:28,62.229,9.497,23.992,3.999,0,1624920,923796,174068,5207512,8583.062,1457.501,371.873,11460.077,2.999,939.678,9195,10179,1.730,1.580,0.880,4,1,45.984,0,0,11,36,0,9,0
16-01 13:21:29,41.652,11.722,32.424,12.720,0,1618700,917836,174900,5218044,8872.152,1616.202,0,64959.360,0,4871.553,25384,37413,1.730,1.580,0.880,4,0,165.611,0,0,11,36,0,11,0
16-01 13:21:30,43.090,9.771,30.564,13.779,0,1623932,901708,175392,5228056,10629.321,3597.555,0,97260.244,0,6914.520,30558,44492,2.390,1.720,0.930,6,0,72.152,0,0,11,37,0,11,0
16-01 13:21:31,44.514,7.752,33.761,12.254,0,1628588,887372,175820,5236952,13130.205,8231.636,0,62135.900,0,5095.632,22341,35859,2.390,1.720,0.930,3,1,39.012,0,0,11,37,0,9,0
16-01 13:21:32,32.477,17.738,25.732,21.235,0,1544296,966020,176196,5241988,9334.451,2584.187,295.792,51535.840,3.997,3553.507,20062,29295,2.390,1.720,0.930,5,1,315.778,0,0,11,34,0,10,0
16-01 13:21:33,45.794,16.266,22.271,15.014,0.250,1581648,921472,176588,5248924,13616.014,6667.373,76.073,52650.323,2.002,3948.774,21855,33207,2.390,1.720,0.930,5,0,175.167,0,0,11,35,0,10,0
16-01 13:21:34,38.989,16.495,31.991,11.497,0,1599260,901512,176752,5250592,16034.510,11205.862,1799.496,29660.694,34.990,2544.288,17278,27436,2.390,1.720,0.930,2,0,232.935,0,0,11,35,0,10,0
16-01 13:21:35,33.501,10.250,42.252,12.251,0,1560508,938084,176916,5252540,15498.661,6465.276,0,70739.017,0,5290.226,24797,38358,2.520,1.760,0.940,2,0,73.003,0,0,11,34,0,10,0
16-01 13:21:36,40.480,6.497,40.730,10.495,0,1615348,882568,177184,5252932,7037.476,1457.270,0,52169.874,0,4329.832,20060,29675,2.520,1.760,0.940,4,2,32.983,0,0,11,34,0,10,0
16-01 13:21:37,31.479,6.745,46.968,11.992,0,1609916,887224,177452,5253408,19041.011,11228.341,0,58292.236,0,4877.673,23784,35548,2.520,1.760,0.940,4,0,32.978,0,0,11,35,0,10,0
16-01 13:21:38,37.747,6.500,44.497,9.499,0,1601808,892956,177524,5255664,18976.737,12318.180,0,42501.172,0,3912.740,21385,32492,2.520,1.760,0.940,3,0,41.997,0,0,11,34,0,11,0
16-01 13:21:39,34.544,11.515,42.304,10.013,0,1563044,928860,177568,5258396,6056.786,1622.085,0,42678.861,0,3832.927,20687,29835,2.520,1.760,0.940,4,1,125.161,0,0,11,36,0,11,0
16-01 13:21:40,33.498,7.750,45.748,11.749,0,1582056,905240,177700,5262748,13880.258,6660.644,0,60944.744,0,4855.741,23891,34338,2.800,1.830,0.970,3,1,56.997,0,0,11,37,0,11,0
16-01 13:21:41,31.005,7.751,47.008,11.252,0,1577276,906796,177836,5265752,19043.201,11274.895,0,53937.066,0,4717.793,24960,38262,2.800,1.830,0.970,3,2,96.016,0,0,11,37,0,11,0
16-01 13:21:42,33.976,9.993,43.720,11.242,0,1500004,981480,177904,5268180,14145.215,6386.582,0,58151.775,0,4874.628,24224,36904,2.800,1.830,0.970,1,1,89.938,0,0,11,36,0,11,0
16-01 13:21:43,35.685,7.237,44.419,10.481,0,1561424,925296,177928,5262880,9040.597,3583.498,0,57835.069,0,4706.461,21567,33659,2.800,1.830,0.970,6,0,11.978,0,0,11,37,0,11,0
16-01 13:21:44,38.202,5.993,46.941,7.241,0.250,1560448,925296,177992,5263784,19738.306,10325.083,0,41863.627,0,3408.736,18165,26987,2.800,1.830,0.970,2,0,35.955,0,0,11,35,0,12,0
16-01 13:21:45,20.556,11.030,67.433,0.251,0,1391384,1094436,177992,5263708,17911.680,10944.745,0,1423.870,0,75.204,5841,6882,2.650,1.820,0.970,1,0,234.638,0,0,11,32,0,13,0
16-01 13:21:46,21.218,4.992,73.388,0.250,0,1456968,1028848,177992,5263712,41041.624,1617.542,0,906.622,0,55.915,2233,1699,2.650,1.820,0.970,1,0,33.948,0,0,11,32,0,13,0
16-01 13:21:47,17.042,2.757,78.694,0.501,0,1459180,1026612,177996,5263732,14154.896,9731.993,0,3813.401,0,245.605,3494,4002,2.650,1.820,0.970,4,0,0,0,0,11,33,0,13,0
16-01 13:21:48,20.207,5.738,72.596,0.249,0,1430708,1055112,177996,5263732,44755.854,2319.070,0,2095.545,0,126.731,2695,2164,2.650,1.820,0.970,1,0,34.926,0,0,11,32,0,14,0
16-01 13:21:49,16.772,1.752,81.104,0,0,1442176,1043640,177996,5263736,13221.971,7521.655,0,8.010,0,1.001,1797,1497,2.650,1.820,0.970,1,0,0,0,0,11,33,0,14,0
16-01 13:21:50,19.715,5.989,73.120,0.250,0,1461124,1024680,177996,5263748,10174.909,2444.653,0,271.517,0,21.961,2840,2469,2.520,1.800,0.970,1,0,59.894,0,0,11,32,0,15,0
16-01 13:21:51,19.255,2.001,78.020,0,0,1486904,998548,177996,5264100,12351.199,6603.710,0,0,0,0,1859,1497,2.520,1.800,0.970,1,0,0,0,0,11,33,0,15,0
16-01 13:21:52,17.250,5.500,75.998,0,0,1440016,1045416,177996,5264120,14825.606,6965.815,0,211.994,0,3.000,3734,4128,2.520,1.800,0.970,1,0,42.999,0,0,11,32,0,16,0
16-01 13:21:53,20.242,2.249,76.969,0,0,1457900,1027528,177996,5264124,9013.333,3833.441,0,455.815,0,55.977,1948,1633,2.520,1.800,0.970,0,0,0,0,0,11,33,0,16,0
16-01 13:21:54,16.763,2.752,79.063,0.250,0,1461112,1024168,177996,5264272,16928.585,10046.062,0,236.190,0,21.017,3639,4371,2.520,1.800,0.970,0,0,0,0,0,11,33,0,16,0
16-01 13:21:55,11.270,18.283,69.374,0,0,1416628,1068496,178000,5264424,6911.393,1821.266,0,240.431,0,14.025,5746,4543,2.400,1.790,0.970,1,0,461.828,0,0,11,32,0,17,0
16-01 13:21:56,47.767,17.006,35.012,0.250,0,1484184,1000724,178020,5264620,9895.531,1620.578,0,756.270,0,58.021,5770,4420,2.400,1.790,0.970,3,0,338.121,0,0,11,32,0,23,0
16-01 13:21:57,67.080,7.980,24.438,0,0,1657944,825236,178060,5266308,8656.045,1615.901,0,1173.025,0,56.856,3939,1430,2.400,1.790,0.970,3,0,1.995,0,0,11,32,0,23,0
16-01 13:21:58,67.514,7.251,24.005,0.250,0,1779560,699456,178196,5269928,11893.449,1458.300,0,6117.260,0,153.032,4249,1774,2.400,1.790,0.970,3,0,6.001,0,0,11,32,0,23,0
16-01 13:21:59,38.573,9.769,39.074,11.522,0,1783336,682096,178348,5282724,11698.290,1665.173,0,84072.194,0,6050.529,29376,43312,2.400,1.790,0.970,5,0,228.435,0,0,11,38,0,23,0
16-01 13:22:00,31.001,9.750,43.751,13.500,0,1781720,672044,178420,5293916,10786.325,1620.049,0,84954.557,0,6656.200,31371,50344,2.770,1.880,1.010,0,2,237.007,0,0,11,38,0,23,0
16-01 13:22:01,39.499,10.750,33.999,12.500,0,1698356,747004,178476,5301960,8727.817,1619.966,0,83698.244,0,6309.868,28376,43405,2.770,1.880,1.010,3,1,230.995,0,0,11,36,0,23,0
16-01 13:22:02,46.471,10.493,28.732,11.743,0,1743596,692812,178564,5310496,6159.104,1618.976,0,97046.607,0,6323.000,28169,42768,2.770,1.880,1.010,4,0,123.922,0,0,11,36,0,23,0
16-01 13:22:03,42.187,9.736,33.450,11.733,0,1794928,626984,178596,5324396,8730.041,1617.599,0,98322.054,0,6442.437,24532,41161,2.770,1.880,1.010,4,0,0,0,0,11,36,0,23,0
16-01 13:22:04,40.092,11.777,33.827,13.280,0,1761168,656880,178604,5328136,7648.512,1623.718,0,86894.959,0,6497.878,29174,44383,2.770,1.880,1.010,5,2,161.369,0,0,11,36,0,23,0
16-01 13:22:05,34.227,8.744,49.217,5.996,0,1497544,918880,178604,5329696,5720.204,1618.926,0,28465.108,0,2284.484,12791,17315,2.710,1.880,1.010,2,0,188.875,0,0,11,32,0,23,0
16-01 13:22:06,19.467,7.238,72.130,0.499,0,1520108,896304,178604,5329708,9218.609,1455.570,0,1397.667,0,88.852,3018,2487,2.710,1.880,1.010,2,0,109.817,0,0,11,32,0,23,0
16-01 13:22:07,22.745,2.749,72.983,0,0,1569968,846444,178604,5329708,7201.319,1619.622,0,1287.699,0,82.981,2020,1574,2.710,1.880,1.010,1,0,2.000,0,0,11,32,0,23,0
16-01 13:22:08,23.006,3.751,72.267,1.000,0,1512412,903988,178604,5329716,9190.212,1620.390,0,4024.969,0,240.058,3104,2969,2.710,1.880,1.010,1,0,27.007,0,0,11,32,0,23,0
16-01 13:22:09,22.001,3.500,73.753,0,0,1499464,916936,178604,5329716,7473.294,1620.064,0,100.004,0,10.000,1847,1207,2.710,1.880,1.010,1,0,1.000,0,0,11,32,0,23,0
16-01 13:22:10,23.742,2.749,72.975,0,0,1540560,875840,178604,5329716,7501.474,1619.455,0,119.960,0,16.994,1941,1470,2.570,1.870,1.010,1,0,1.999,0,0,11,34,0,23,0
16-01 13:22:11,16.288,26.562,56.131,0,0,1463064,953168,178604,5329884,8363.515,1623.789,0,501.169,0,40.094,6377,5669,2.570,1.870,1.010,7,0,798.864,0,0,11,32,0,23,0
16-01 13:22:12,9.750,28.750,61.001,0.250,0,1461752,954436,178604,5329928,9227.137,1620.024,0,224.003,0,22.000,7066,5848,2.570,1.870,1.010,1,0,768.011,0,0,11,32,0,23,0
16-01 13:22:13,7.997,21.492,69.724,0,0,1438360,977744,178604,5330008,5660.904,1457.460,0,187.930,0,12.995,6036,4472,2.570,1.870,1.010,1,0,425.842,0,0,11,32,0,23,0
16-01 13:22:14,9.501,20.503,69.009,0,0,1399664,1016396,178604,5330044,9119.164,1662.212,0,36.005,0,9.001,5862,4311,2.570,1.870,1.010,2,0,391.050,0,0,11,32,0,23,0
16-01 13:22:15,17.975,15.478,64.909,0,0,1406012,1009944,178604,5330100,6772.537,1617.740,0,11.983,0,2.996,6664,8479,2.760,1.920,1.030,0,0,238.667,0,0,11,32,0,23,0
16-01 13:22:16,42.669,11.478,45.663,0,0,1472520,943428,178612,5330560,43041.844,1616.914,0,3.992,0,0.998,3981,2647,2.760,1.920,1.030,2,0,130.750,0,0,11,33,0,23,0
16-01 13:22:17,44.560,6.008,49.066,0,0,1565856,849964,178612,5330692,7683.297,1622.174,0,0,0,0,2689,1405,2.760,1.920,1.030,2,0,0,0,0,11,35,0,23,0
16-01 13:22:18,46.249,5.250,47.749,0,0,1631100,783000,178676,5332168,40825.976,1619.959,0,931.977,0,56.999,3888,2868,2.760,1.920,1.030,3,0,19.000,0,0,11,49,0,23,0
16-01 13:22:19,19.521,17.769,62.317,0.250,0,1652460,758876,178680,5334724,9749.415,1621.732,0,4204.491,0,283.303,6686,8701,2.760,1.920,1.030,1,0,339.363,0,0,11,48,0,23,0
16-01 13:22:20,18.225,10.735,69.403,0.250,0,1668040,743188,178680,5334732,7242.889,1729.586,0,271.621,0,21.969,5978,7950,2.620,1.900,1.030,0,0,161.774,0,0,11,48,0,23,0
16-01 13:22:21,0.750,0.500,97.733,0,0,1668040,743188,178680,5334732,5521.051,1457.749,0,287.951,0,17.997,812,1064,2.620,1.900,1.030,0,0,2.999,0,0,11,48,0,23,0
16-01 13:22:22,0.250,0.750,98.516,0.250,0,1668040,743188,178680,5334732,11072.762,1620.258,0,36.006,0,4.001,758,964,2.620,1.900,1.030,1,0,2.000,0,0,11,48,0,23,0
16-01 13:22:23,0.750,0.500,98.252,0,0,1668040,743188,178680,5334732,9777.153,1620.025,0,0,0,0,760,937,2.620,1.900,1.030,0,0,2.000,0,0,11,48,0,23,0
16-01 13:22:24,1.504,1.253,96.491,0,0,1667028,744224,178680,5334732,13274.102,1624.050,0,8.020,0,2.005,1107,1224,2.620,1.900,1.030,2,0,10.025,0,0,11,48,0,23,0
16-01 13:22:25,16.978,13.733,68.413,0,0,1688392,722720,178680,5335304,9897.443,1617.947,0,0,0,0,5761,7301,2.490,1.890,1.030,1,0,272.654,0,0,11,48,0,23,0
16-01 13:22:26,12.523,14.777,71.379,0,0,1675320,735676,178680,5335024,6326.472,1622.943,0,1206.187,0,4.007,4986,4796,2.490,1.890,1.030,1,0,298.541,0,0,12,48,0,23,0
16-01 13:22:27,21.927,19.435,56.810,0,0,1697692,713212,178680,5335404,9406.506,1851.800,0,972.743,0,4.983,7637,18580,2.490,1.890,1.030,1,0,324.912,0,0,12,48,0,24,0
16-01 13:22:28,12.003,10.253,77.769,0.250,0,1688608,722272,178680,5335052,8447.086,1620.400,0,3632.897,0,131.032,4075,3982,2.490,1.890,1.030,1,0,195.048,0,0,12,64,0,17,0
16-01 13:22:29,10.507,12.008,76.051,0,0,1694496,716228,178680,5335556,10031.713,1458.976,0,0,0,0,4924,5450,2.490,1.890,1.030,1,0,204.137,0,0,14,64,0,17,0
16-01 13:22:30,15.245,15.245,68.729,0,0,1687240,723388,178680,5335244,8786.295,1619.501,0,195.940,0,19.994,6229,7236,2.370,1.870,1.030,2,0,287.911,0,0,14,66,0,17,0
16-01 13:22:31,10.019,19.788,69.633,0,0,1658872,751724,178684,5335272,10559.229,1623.110,0,400.768,0,29.056,5962,4360,2.370,1.870,1.030,1,0,372.714,0,0,14,66,0,17,0
16-01 13:22:32,17.008,16.258,64.782,0,0,1675200,735360,178684,5335652,9767.803,1620.797,0,16.008,0,4.002,7161,8960,2.370,1.870,1.030,1,0,266.131,0,0,14,66,0,14,0
16-01 13:22:33,27.257,21.505,50.762,0,0,1736224,674304,178692,5335316,6178.511,1620.396,0,904.221,0,10.002,6095,4932,2.370,1.870,1.030,4,0,433.106,0,0,14,66,0,14,0
16-01 13:22:34,30.255,23.504,45.257,0,0,1783208,626916,178752,5335656,6852.070,1620.253,0,284.044,0,5.001,6794,5427,2.370,1.870,1.030,2,0,566.088,0,0,14,66,0,14,0
16-01 13:22:35,30.415,25.928,41.634,0.249,0.249,1905712,503072,178772,5337192,9564.267,1615.485,0,638.216,0,20.941,7382,9673,2.500,1.910,1.050,7,0,459.715,0,0,14,70,0,16,0
16-01 13:22:36,49.077,19.781,31.800,0,0,1981212,427480,178784,5337200,8116.779,1460.299,0,7327.536,0,353.557,6043,6301,2.500,1.910,1.050,4,0,232.366,0,0,14,70,0,16,0
16-01 13:22:37,66.728,25.991,7.248,0,0,2107756,300720,178800,5337500,8827.099,1803.407,0,1763.421,0,89.970,6005,5168,2.500,1.910,1.050,4,0,545.821,0,0,14,70,0,16,0
16-01 13:22:38,62.690,18.232,17.983,0,0,2183648,223812,178828,5338440,6699.548,1618.441,0,235.773,0,9.990,5729,8365,2.500,1.910,1.050,5,0,227.781,0,0,14,70,0,16,0
16-01 13:22:39,70.399,25.713,2.247,1.248,0,2286628,195208,172720,5271436,9141.894,1617.681,283.593,9765.999,42.938,624.105,6851,5855,2.500,1.910,1.050,4,0,534.234,0,0,14,74,0,16,0
16-01 13:22:40,71.669,20.047,7.017,2.005,0,2427912,247136,166596,5088944,6633.640,1623.828,76.180,8103.104,15.035,765.806,10986,14509,2.620,1.940,1.060,4,1,159.376,0,0,14,74,0,16,0
16-01 13:22:41,60.666,26.214,4.494,6.241,0,2498388,159536,166620,5106032,6323.283,1617.770,1573.830,34280.741,115.840,2499.554,17355,27361,2.620,1.940,1.060,6,1,443.389,0,0,14,76,0,15,0
16-01 13:22:42,73.465,22.566,3.761,0.752,0,2613580,173856,166344,4979976,5683.596,1666.867,44.129,4633.529,6.018,265.776,9344,16669,2.620,1.940,1.060,4,0,279.817,0,0,14,82,0,20,0
16-01 13:22:43,62.703,22.233,13.990,0.749,0,2718580,138688,166316,4911328,9332.050,1618.794,587.562,1071.202,48.964,56.958,7886,10059,2.620,1.940,1.060,4,0,462.655,0,0,14,93,0,25,0
16-01 13:22:44,50.872,25.187,22.443,0,0,2807360,192436,166316,4772060,6712.085,1454.335,75.809,805.969,2.992,42.892,8007,9941,2.620,1.940,1.060,2,0,457.846,0,0,14,93,0,25,0
16-01 13:22:45,42.358,14.286,42.108,0.501,0,2876452,121256,166316,4774260,8943.845,1624.149,1981.060,521.332,20.051,29.074,6231,7341,2.570,1.940,1.070,2,0,187.479,0,0,14,95,0,24,0
16-01 13:22:46,61.348,12.968,22.445,2.494,0,3025124,174192,166324,4576876,41916.458,1616.008,99.754,3339.750,6.983,166.588,5827,7979,2.570,1.940,1.070,2,0,127.685,0,0,14,98,0,27,0
16-01 13:22:47,25.253,13.752,59.758,0.250,0,3074188,124244,166392,4577648,10863.464,1710.231,52.007,688.093,8.001,54.007,5326,4648,2.570,1.940,1.070,2,0,211.028,0,0,14,101,0,27,0
16-01 13:22:48,8.505,20.011,70.540,0.250,0,3078764,187696,166392,4511136,42186.962,1620.921,8.005,1064.605,2.001,64.036,6348,4929,2.570,1.940,1.070,1,0,402.228,0,0,14,101,0,27,0
16-01 13:22:49,8.268,19.291,71.152,0,0,3087836,178592,166392,4511168,6311.443,1623.458,0,112.239,0,10.021,5820,4315,2.570,1.940,1.070,1,0,376.803,0,0,14,101,0,25,0
16-01 13:22:50,21.467,4.743,73.137,0.250,0,3145684,186700,166392,4446680,10865.141,1617.490,23.963,0,1.997,0,1811,1231,2.450,1.930,1.070,1,0,1.997,0,0,14,101,0,25,0
16-01 13:22:51,17.220,1.747,78.864,0.499,0,3151612,180720,166396,4446728,30001.105,23653.085,43.924,503.130,4.991,14.974,2728,2789,2.450,1.930,1.070,1,0,0,0,0,14,104,0,25,0
16-01 13:22:52,19.801,7.519,72.185,0,0,3142732,189576,166396,4446752,5849.966,1756.494,0,204.523,0,13.033,2643,1955,2.450,1.930,1.070,1,0,64.164,0,0,14,105,0,26,0
16-01 13:22:53,19.452,2.494,76.809,0.499,0,3180996,151312,166396,4446752,15485.532,7824.563,0,379.058,0,45.886,2632,2663,2.450,1.930,1.070,0,0,3.990,0,0,14,112,0,24,2
16-01 13:22:54,23.081,4.265,71.250,0.753,0,3182900,149072,166408,4447044,7854.607,1888.638,4.014,1248.388,1.004,149.526,4163,5234,2.450,1.930,1.070,1,0,3.011,0,0,14,117,0,24,2
16-01 13:22:55,28.158,3.738,65.784,0.997,0,3181520,150104,166408,4447392,10992.939,2753.966,91.699,2679.211,4.984,179.411,5838,7824,2.330,1.910,1.070,1,0,1.993,0,0,14,118,0,26,2
16-01 13:22:56,23.825,10.533,64.702,0.251,0,3207620,190344,166408,4382668,8655.088,1625.086,0,698.185,0,36.113,3791,3077,2.330,1.910,1.070,2,0,115.361,0,0,14,122,0,26,2
16-01 13:22:57,24.922,3.738,70.281,0.249,0,3258380,139524,166408,4382728,15141.834,8157.590,39.876,729.727,3.988,63.801,3225,3177,2.330,1.910,1.070,1,0,2.991,0,0,14,127,0,19,2
16-01 13:22:58,19.510,4.002,74.787,0.500,0,3265500,132216,166408,4382916,11728.745,3606.767,192.094,1264.619,11.005,118.058,3682,4486,2.330,1.910,1.070,1,0,1.000,0,0,14,127,0,19,2
16-01 13:22:59,37.235,11.995,49.230,0.750,0,3325972,199260,166316,4258472,10626.771,2650.945,7.997,1803.282,1.999,143.943,4953,4853,2.330,1.910,1.070,2,0,99.960,0,0,14,128,0,20,2
16-01 13:23:00,40.254,5.500,53.755,0.500,0,3398848,126468,166316,4258624,14447.293,7344.657,180.016,10864.972,1.000,581.052,3827,1660,2.220,1.900,1.070,1,0,0,0,0,14,129,0,20,2
16-01 13:23:01,19.248,5.499,73.491,0.250,0,3354068,171116,166316,4258756,24616.928,18195.730,7.999,1723.785,2.000,102.987,2972,2470,2.220,1.900,1.070,1,0,54.993,0,0,14,128,0,21,2
16-01 13:23:02,19.241,2.249,77.963,0,0,3390532,134524,166316,4258884,14547.016,7340.476,0,99.952,0,9.995,1780,1337,2.220,1.900,1.070,1,0,0,0,0,14,129,0,21,2
16-01 13:23:03,19.509,6.503,73.035,0,0,3415820,172536,166316,4197212,24768.997,18272.851,4.002,52.025,1.000,4.002,2645,1899,2.220,1.900,1.070,1,0,52.025,0,0,14,130,0,22,2
16-01 13:23:04,19.022,2.753,77.839,0,0,3445220,143124,166316,4197224,13042.994,7291.382,4.005,40.046,1.001,4.005,1810,1263,2.220,1.900,1.070,1,0,0,0,0,14,131,0,22,2
16-01 13:23:05,16.234,7.492,73.926,0.749,0,3387676,200604,166316,4197288,8200.739,3585.388,7.992,1634.354,1.998,150.848,4135,4443,2.130,1.880,1.070,1,0,82.916,0,0,14,130,0,23,2
16-01 13:23:06,27.244,3.999,68.735,0.250,0,3414772,173472,166316,4197324,10616.642,3589.203,31.993,443.901,2.000,40.991,5804,9372,2.130,1.880,1.070,1,0,28.994,0,0,14,139,0,25,2
16-01 13:23:07,17.491,5.997,74.462,0.250,0,3402580,185596,166316,4197392,31666.637,21940.662,0,2230.847,0,125.935,3135,2651,2.130,1.880,1.070,3,0,54.972,0,0,14,138,0,26,2
16-01 13:23:08,20.506,2.251,76.273,0,0,3404344,183832,166316,4197392,10709.167,3429.014,0,380.112,0,20.006,1810,1275,2.130,1.880,1.070,0,0,0,0,0,14,139,0,26,2
16-01 13:23:09,20.763,3.752,73.297,1.001,0,3407868,180052,166316,4197648,14336.162,6318.038,0,1829.169,0,239.153,5318,7920,2.130,1.880,1.070,1,0,1.001,0,0,14,142,0,26,2
16-01 13:23:10,21.483,7.494,69.195,0.999,0,3364848,222996,166316,4197724,10173.849,2923.658,31.974,8489.199,1.998,484.612,5801,6725,2.040,1.870,1.070,1,0,52.958,0,0,14,141,0,28,2
16-01 13:23:11,19.753,2.500,77.512,0,0.250,3404184,183652,166316,4197732,13105.048,7343.147,0,600.094,0,34.005,1844,1378,2.040,1.870,1.070,1,0,0,0,0,14,142,0,28,2
16-01 13:23:12,19.243,2.749,75.971,0.500,0,3408092,179620,166320,4197868,10374.053,5941.739,127.951,847.677,7.997,73.972,3202,3581,2.040,1.870,1.070,1,0,1.000,0,0,14,142,0,28,2
16-01 13:23:13,29.862,6.273,62.985,0.753,0,3415820,171808,166324,4197948,6699.047,2470.236,0,1895.085,0,173.649,7149,10222,2.040,1.870,1.070,3,0,1.004,0,0,14,141,0,28,3
16-01 13:23:14,26.663,6.479,66.283,0.249,0,3404888,182712,166324,4197976,9141.041,1680.492,0,809.347,0,57.811,3575,3623,2.040,1.870,1.070,1,0,68.775,0,0,14,141,0,29,2
16-01 13:23:15,16.998,2.250,79.491,0,0.250,3423484,164064,166324,4198028,15451.245,9691.899,11.999,503.943,3.000,27.997,2050,1703,1.950,1.850,1.060,0,0,1.000,0,0,14,142,0,29,2
16-01 13:23:16,18.523,9.762,69.086,1.502,0,3415264,172048,166324,4198264,48897.908,3143.916,36.045,4926.136,3.004,362.451,5682,6160,1.950,1.850,1.060,1,0,147.183,0,0,14,143,0,30,2
16-01 13:23:17,19.224,2.497,78.146,0,0.250,3421776,165536,166324,4198264,13547.940,7278.298,0,99.867,0,9.987,1861,1427,1.950,1.850,1.060,1,0,0,0,0,14,144,0,30,2
16-01 13:23:18,22.757,3.251,73.274,0.250,0,3422004,165284,166332,4198280,50036.309,7403.413,4.001,456.149,1.000,58.019,3946,4662,1.950,1.850,1.060,1,0,0,0,0,14,144,0,30,2
16-01 13:23:19,26.473,6.993,65.432,0.499,0,3427912,159280,166332,4198344,9217.447,1618.323,31.967,1026.936,1.998,102.893,6218,8261,1.950,1.850,1.060,5,0,1.998,0,0,14,146,0,30,2
16-01 13:23:20,43.685,16.319,37.910,1.255,0,3389472,197316,166336,4198696,7819.066,3591.187,20.085,6861.015,2.008,467.979,13278,19746,1.960,1.850,1.070,2,0,295.249,0,0,14,145,0,31,2
16-01 13:23:21,19.687,1.994,76.753,0.249,0,3444132,142632,166336,4198704,11321.562,4171.574,0,3209.670,0,345.887,2625,1624,1.960,1.850,1.070,1,0,0,0,0,14,146,0,31,2
16-01 13:23:22,17.048,9.778,72.205,0,0,3441752,145004,166336,4198728,14546.219,6826.344,0,377.068,0,18.051,4151,3462,1.960,1.850,1.070,1,0,221.628,0,0,14,145,0,32,2
16-01 13:23:23,11.221,19.698,67.822,0,0,3385132,201580,166336,4199116,6178.780,1615.758,0,438.848,0,22.940,7115,6990,1.960,1.850,1.070,5,0,417.903,0,0,14,145,0,32,2
16-01 13:23:24,23.570,16.048,59.677,0,0,3411740,174960,166336,4198784,8782.032,1516.495,0,349.035,0,17.051,6005,7019,1.960,1.850,1.070,2,0,287.853,0,0,14,145,0,32,2
16-01 13:23:25,31.489,23.742,44.485,0.250,0,3458056,190468,166336,4138440,7174.535,1619.444,15.995,1599.450,1.000,99.966,6754,5561,1.880,1.840,1.070,2,0,484.833,0,0,14,145,0,32,2
16-01 13:23:26,30.393,15.197,52.814,0.249,0,3487500,160548,166348,4138908,8907.648,1630.262,51.818,326.850,5.979,23.916,6318,9589,1.880,1.840,1.070,1,0,249.123,0,0,14,151,0,32,2
16-01 13:23:27,57.258,26.504,15.752,0.250,0,3648312,174340,166244,3971148,7648.093,1620.232,148.021,508.073,14.002,38.005,8433,15897,1.880,1.840,1.070,10,0,567.081,0,0,16,157,0,32,2
16-01 13:23:28,57.443,23.477,18.731,0,0,3733856,127296,166124,3931008,5223.786,1618.385,23.976,507.493,2.997,39.960,6567,12725,1.880,1.840,1.070,7,0,372.628,0,0,16,157,0,33,2
16-01 13:23:29,46.918,21.828,31.111,0.251,0,3788408,164476,166124,3839896,9835.201,1625.819,8.029,377.351,2.007,23.083,8648,14395,1.880,1.840,1.070,4,0,414.483,0,0,16,173,0,33,2
16-01 13:23:30,37.248,23.249,38.748,0,0,3851116,148868,166124,3793648,7406.533,1709.892,4.000,643.959,1.000,18.999,7426,5745,1.890,1.840,1.080,3,0,542.966,0,0,16,175,0,32,0
16-01 13:23:31,20.262,19.512,59.286,0,0,3860596,189632,165884,3744660,6762.056,1512.907,0,280.168,0,17.010,7382,8627,1.890,1.840,1.080,3,0,342.205,0,0,17,175,0,32,0
16-01 13:23:32,27.266,19.261,52.031,0,0,3922976,127232,165884,3744332,9581.650,1620.956,12.007,468.276,3.002,34.020,5973,5104,1.890,1.840,1.080,4,0,383.226,0,0,17,175,0,32,0
16-01 13:23:33,35.329,20.899,43.042,0,0,3977624,179324,165892,3640180,8365.504,1612.196,15.923,342.343,2.986,26.870,6200,5887,1.890,1.840,1.080,4,0,331.396,0,0,17,176,0,32,0
16-01 13:23:34,39.419,21.593,37.411,0.251,0,4077628,154808,165900,3566412,9766.916,1697.284,172.741,429.845,6.026,28.121,8958,12832,1.890,1.840,1.080,3,0,424.823,0,0,17,187,0,32,0
16-01 13:23:35,29.707,25.213,43.686,0.499,0,4130220,173764,165904,3496468,7390.234,1563.722,27.959,355.482,3.994,24.964,7307,6446,1.900,1.850,1.080,2,0,655.046,0,0,17,187,0,32,0
16-01 13:23:36,21.016,23.018,54.292,0.250,0,4178200,174572,165904,3448872,6878.359,1621.263,20.016,3334.598,5.004,54.042,8193,10807,1.900,1.850,1.080,1,0,474.370,0,0,17,199,0,32,0
16-01 13:23:37,20.394,14.425,63.172,0.746,0,4192780,159916,165904,3448948,8901.847,1705.159,63.670,12630.515,2.985,864.518,8628,9242,1.900,1.850,1.080,3,0,222.845,0,0,17,199,0,32,0
16-01 13:23:38,40.120,12.537,45.636,1.003,0,4307524,135692,165904,3360012,8875.535,1624.858,453.355,433.295,7.021,32.096,4445,3299,1.900,1.850,1.080,2,0,120.360,0,0,17,201,0,30,0
16-01 13:23:39,46.627,7.270,44.371,0.752,0,4402428,134852,165904,3268032,8477.087,1516.129,188.513,288.786,9.025,41.112,3745,2666,1.900,1.850,1.080,3,0,8.022,0,0,17,217,0,30,0
16-01 13:23:40,32.270,9.006,57.536,1.001,0,4358624,298000,165912,3151136,10488.550,1621.012,56.035,304.190,6.004,17.011,3799,2886,1.830,1.830,1.080,2,0,87.054,0,0,17,222,0,30,0
16-01 13:23:41,37.497,25.248,35.497,0.500,0,4434424,220660,165916,3152716,8557.350,1709.870,923.930,939.929,9.999,130.990,9199,10333,1.830,1.830,1.080,3,0,557.958,0,0,17,223,0,30,0
16-01 13:23:42,34.412,23.939,36.157,4.488,0.249,4444892,209140,165920,3154052,15528.166,9529.554,299.232,646.342,6.982,43.887,7996,9577,1.830,1.830,1.080,8,1,456.828,0,0,17,232,0,29,0
16-01 13:23:43,63.249,18.000,15.250,2.500,0,4502768,173156,165928,3132628,6924.900,2384.966,1131.984,1099.984,25.000,34.999,5909,5901,1.830,1.830,1.080,4,0,186.997,0,0,17,232,0,30,0
16-01 13:23:44,65.638,14.030,15.783,4.259,0,4622736,167608,165928,3021032,11903.031,7305.362,1647.464,360.759,35.074,21.044,5084,4296,1.830,1.830,1.080,3,1,23.048,0,0,17,243,0,30,0
16-01 13:23:45,50.185,9.737,24.468,15.730,0,4601944,221480,166004,2989244,14398.411,6805.214,5896.388,1917.524,408.473,115.850,6403,5866,1.840,1.830,1.090,4,0,29.961,0,0,17,244,0,31,0
16-01 13:23:46,52.279,18.760,26.265,1.001,0,4678416,140796,166028,2993480,44306.680,1620.903,436.243,1440.803,60.033,60.033,7978,8885,1.840,1.830,1.090,3,0,309.172,0,0,17,245,0,23,0
16-01 13:23:47,32.168,22.942,44.138,0,0,4693632,158140,166036,2961644,18878.103,11461.919,19.949,9033.081,1.995,58.851,7983,9205,1.840,1.830,1.090,1,0,397.990,0,0,17,246,0,23,0
16-01 13:23:48,49.251,21.000,29.000,0,0,4703692,146932,166036,2962320,45686.643,2553.036,84.001,508.007,4.000,33.000,6706,7392,1.840,1.830,1.090,7,0,343.005,0,0,17,247,0,24,0
16-01 13:23:49,54.358,26.302,19.038,0.501,0,4782588,145216,166036,2887436,16335.596,9694.344,216.432,597.192,3.006,40.080,7044,8327,1.840,1.830,1.090,4,0,477.954,0,0,17,252,0,24,0
16-01 13:23:50,58.560,18.519,20.521,1.752,0,4783380,141604,166064,2889920,11696.963,4551.655,1149.175,1481.515,55.056,84.086,7977,11956,2.090,1.890,1.110,3,0,268.274,0,0,17,255,0,27,0
16-01 13:23:51,55.507,25.753,18.252,0,0,4860404,143920,166072,2812588,11837.434,7434.901,12.001,464.056,3.000,37.004,6796,7148,2.090,1.890,1.110,3,0,478.058,0,0,17,256,0,27,0
16-01 13:23:52,50.951,20.480,26.724,0.999,0,4856888,208336,166088,2752952,11444.997,6867.398,695.332,939.097,39.962,63.939,8702,14626,2.090,1.890,1.110,6,0,261.748,0,0,17,263,0,29,0
16-01 13:23:53,69.017,16.504,13.503,0.250,0,5012456,178208,166088,2629296,11258.811,3590.896,0,712.178,0,24.006,5023,4490,2.090,1.890,1.110,2,0,101.025,0,0,17,264,0,29,0
16-01 13:23:54,59.560,11.011,27.528,1.752,0,5014036,196512,166096,2609856,24080.262,16957.085,1725.739,716.722,83.084,48.048,8466,19122,2.090,1.890,1.110,5,0,13.013,0,0,17,267,0,31,0
16-01 13:23:55,60.715,10.994,24.736,2.249,0,5108656,159296,165840,2553656,10436.996,3239.137,1255.278,2406.615,37.978,151.913,6282,7677,2.170,1.910,1.120,5,0,13.992,0,0,17,274,0,33,0
16-01 13:23:56,44.725,22.114,29.320,2.485,0,5034972,229108,166104,2557172,19427.691,13155.212,4444.704,2245.212,78.518,108.335,7887,8180,2.170,1.910,1.120,3,0,449.241,0,0,17,273,0,35,0
16-01 13:23:57,54.368,26.558,18.290,0.501,0,5091908,171508,166104,2558300,9092.714,1623.520,857.860,597.295,12.026,36.078,8053,10310,2.170,1.910,1.120,4,0,423.919,0,0,17,273,0,35,0
16-01 13:23:58,53.873,19.545,22.050,4.009,0,5098432,164728,166104,2558500,19933.456,12557.636,902.057,16413.429,19.043,1205.750,9308,8158,2.170,1.910,1.120,6,0,249.569,0,0,18,273,0,35,0
16-01 13:23:59,81.429,13.029,0.501,4.510,0,5188892,143804,166104,2490984,5521.119,1623.564,1864.092,404.889,94.207,22.048,5567,3589,2.170,1.910,1.120,4,0,16.035,0,0,18,276,0,35,0
16-01 13:24:00,77.886,11.234,7.239,2.746,0,5305464,116636,166120,2403688,16850.408,9803.692,3135.424,1545.744,152.777,96.859,6732,6239,2.310,1.940,1.130,5,0,10.984,0,0,18,284,0,35,0
16-01 13:24:01,64.186,16.983,17.483,0.999,0,5329564,123312,166144,2373876,11230.778,4884.120,1038.962,5418.586,28.971,216.783,7904,9518,2.310,1.940,1.130,1,0,225.774,0,0,18,287,0,37,0
16-01 13:24:02,37.686,9.234,51.663,0.499,0,5346688,167324,166152,2315128,15877.132,8223.085,519.122,9108.586,5.990,52.910,3571,2539,2.310,1.940,1.130,2,0,8.985,0,0,18,290,0,35,0
16-01 13:24:03,36.815,9.266,52.843,0.250,0,5340756,171052,166152,2317316,2172714.487,31405.469,817.444,713.260,9.016,58.103,5429,4783,2.310,1.940,1.130,3,0,12.021,0,0,18,292,0,36,0
16-01 13:24:04,43.287,14.512,42.036,0.751,0,5330828,193660,166156,2305876,14428783.175,82199.318,2790.387,528.452,31.027,34.029,9417,5635,2.310,1.940,1.130,2,0,255.218,0,0,18,292,0,36,0
16-01 13:24:05,37.815,6.261,54.343,0.751,0,5366524,157936,166156,2305904,18408.406,10295.565,16.027,621.060,1.002,58.099,3828,3521,2.290,1.940,1.140,2,0,16.027,0,0,18,295,0,37,0
16-01 13:24:06,38.239,5.998,54.734,0,0,5400660,154936,166156,2275796,18100.599,10766.787,0,571.829,0,46.986,4180,4219,2.290,1.940,1.140,3,0,1.000,0,0,18,303,0,38,0
16-01 13:24:07,21.698,3.741,71.829,0.249,0,5410172,144632,166156,2276588,423585.552,16363453.189,494.821,786.127,26.936,78.812,6386,5696,2.290,1.940,1.140,1,0,0.998,0,0,18,301,0,35,1
16-01 13:24:08,6.241,2.247,89.615,0.749,0,5311616,243168,166156,2276608,9395.896,1683.473,3.994,6961.550,0.999,611.083,2535,2337,2.290,1.940,1.140,1,0,36.945,0,0,18,301,0,36,0
16-01 13:24:09,1.749,0.750,96.694,0,0,5303380,251276,166156,2276736,8490.049,1619.056,0,651.620,0,16.990,1253,1729,2.290,1.940,1.140,0,0,0,0,0,18,301,0,36,0
16-01 13:24:10,18.049,3.008,77.212,0.752,0,5304608,249968,166164,2276808,7914762.953,29621.201,0,1833.025,0,121.333,6491,7141,2.180,1.930,1.140,3,0,1.003,0,0,18,306,0,36,0
16-01 13:24:11,14.520,14.019,69.345,0.751,0,5244172,294276,166164,2292932,8639858.109,68603.276,76.105,1037.426,5.007,84.116,9224,7800,2.180,1.930,1.140,1,0,355.489,0,0,18,303,0,36,0
16-01 13:24:12,21.499,5.750,71.245,0.250,0,5308136,230304,166164,2292940,7554.481,1661.886,0,315.978,0,24.998,3198,3104,2.180,1.930,1.140,1,0,110.992,0,0,18,303,0,36,0
16-01 13:24:13,13.484,14.983,70.418,0,0,5306700,231700,166168,2292976,8852.727,1618.122,3.995,311.638,0.999,24.971,5510,4741,2.180,1.930,1.140,2,0,304.646,0,0,18,303,0,36,0
16-01 13:24:14,8.478,18.702,69.819,0.249,0,5312176,226144,166168,2293056,7420.805,1615.821,31.917,287.257,1.995,24.936,6095,4992,2.180,1.930,1.140,0,0,367.051,0,0,18,307,0,36,0
16-01 13:24:15,3.001,1.500,94.274,0.250,0,5299408,238864,166168,2293104,7288.883,1620.419,16.004,180.047,1.000,11.003,1486,1863,2.010,1.890,1.130,1,0,10.003,0,0,18,307,0,35,0
16-01 13:24:16,23.492,4.249,70.976,0,0,5357528,180740,166172,2293104,44470.018,1619.454,7.997,16138.563,1.999,51.982,2611,2078,2.010,1.890,1.130,1,0,0,0,0,18,307,0,35,0
16-01 13:24:17,17.321,4.769,77.566,0.251,0,5332436,205756,166172,2293200,16521.390,10448.619,64.262,2293.354,4.016,215.881,3536,3171,2.010,1.890,1.130,1,0,40.164,0,0,18,311,0,36,0
16-01 13:24:18,11.991,15.988,70.448,0.500,0,5307004,230924,166176,2293444,44697.714,1618.795,15.988,43.967,3.997,3.997,5681,4317,2.010,1.890,1.130,1,0,231.827,0,0,18,311,0,36,0
16-01 13:24:19,12.745,15.494,70.724,0,0,5284368,253356,166176,2293616,9928.362,1619.407,0,0,0,0,5997,4683,2.010,1.890,1.130,1,0,253.907,0,0,18,311,0,35,0
16-01 13:24:20,21.446,5.985,70.821,0.748,0,5331440,206160,166176,2293724,9231.620,1657.802,83.788,155.606,5.985,13.965,3230,2892,1.930,1.880,1.130,1,0,81.793,0,0,18,311,0,35,0
16-01 13:24:21,24.492,3.499,70.977,0.500,0,5388472,149128,166176,2293724,7866.419,1689.446,103.966,451.852,1.000,48.984,2795,2554,1.930,1.880,1.130,1,0,1.999,0,0,18,315,0,35,0
16-01 13:24:22,23.272,3.003,71.317,0.751,0,5343496,193712,166180,2294112,9738.168,1621.527,276.260,360.339,11.010,41.039,2866,2631,1.930,1.880,1.130,2,0,9.008,0,0,18,315,0,35,0
16-01 13:24:23,23.979,2.997,72.187,0.250,0,5397464,139700,166180,2294156,5621.079,1618.583,19.983,231.797,3.997,15.986,2284,1973,1.930,1.880,1.130,1,0,0,0,0,18,315,0,33,0
16-01 13:24:24,18.265,4.003,76.062,0,0,5404096,164300,166180,2263948,11889.625,3841.110,0,136.110,0,7.006,2466,2155,1.930,1.880,1.130,2,0,3.002,0,0,18,318,0,33,0
16-01 13:24:25,16.736,1.998,80.433,0,0,5378272,190120,166180,2263952,24406.755,18301.819,0,243.798,0,15.987,2746,2808,1.850,1.860,1.130,1,0,1.998,0,0,18,315,0,35,0
16-01 13:24:26,21.754,5.751,71.013,0.250,0,5319176,249072,166180,2264096,9796.749,1620.289,0,1700.304,0,95.017,2651,2306,1.850,1.860,1.130,1,0,15.003,0,0,18,315,0,35,0
16-01 13:24:27,22.830,5.268,70.998,0.251,0,5321672,246572,166180,2264100,9508.150,1625.668,0,445.553,0,43.150,3369,2889,1.850,1.860,1.130,2,0,82.287,0,0,18,315,0,35,0
16-01 13:24:28,14.743,18.740,63.718,0.999,0,5308388,259412,166188,2264564,8537.669,1619.179,599.696,1375.302,16.991,67.966,6967,12247,1.850,1.860,1.130,2,0,469.762,0,0,18,315,0,36,0
16-01 13:24:29,21.935,5.982,71.538,0.499,0,5333684,233952,166332,2264584,7436.944,1615.210,123.633,3274.289,4.985,453.655,3612,2699,1.850,1.860,1.130,1,0,85.746,0,0,18,315,0,36,0
16-01 13:24:30,19.248,2.750,76.494,0.250,0,5325948,235084,166772,2270748,11530.037,3724.689,47.996,347.971,2.000,20.998,2426,2301,1.790,1.850,1.130,1,0,15.999,0,0,18,316,0,36,0
16-01 13:24:31,23.755,3.751,71.266,0.250,0,5289096,271264,166896,2271152,6373.411,1794.397,0,1300.288,0,37.008,2874,2674,1.790,1.850,1.130,1,0,19.004,0,0,18,315,0,35,0
16-01 13:24:32,18.034,1.753,78.900,0.250,0,5308564,245176,167468,2277064,16145.688,4529.610,0,1518.887,0,31.059,2092,1861,1.790,1.850,1.130,1,0,1.002,0,0,18,315,0,35,1
16-01 13:24:33,22.940,6.483,68.821,0.249,0,5323336,229868,167508,2277560,9389.541,2149.401,3.990,450.826,0.997,14.961,10635,18911,1.790,1.850,1.130,0,0,12.966,0,0,18,316,0,35,0
16-01 13:24:34,19.264,3.753,74.304,0.250,0,5327116,225836,167556,2277764,16123.675,4126.988,12.009,504.365,2.001,16.012,9718,17988,1.790,1.850,1.130,1,0,7.005,0,0,18,316,0,35,0
16-01 13:24:35,22.995,4.749,71.483,0,0,5319008,233660,167592,2277996,7064.339,1619.619,0,499.882,0,13.997,2677,2214,1.720,1.840,1.130,1,0,15.996,0,0,18,316,0,35,0
16-01 13:24:36,14.251,14.251,70.755,0,0,5268372,295824,167676,2266408,9895.660,1794.120,0,564.038,0,21.001,4938,4134,1.720,1.840,1.130,1,0,265.018,0,0,18,315,0,35,0
16-01 13:24:37,24.244,3.499,71.482,0.250,0,5318548,245452,167680,2266600,8625.888,1713.580,0,16463.969,0,39.990,2310,1816,1.720,1.840,1.130,1,0,0,0,0,18,315,0,35,0
16-01 13:24:38,18.500,2.750,78.000,0,0,5329200,234628,167680,2266772,17117.964,11912.975,144.000,100.000,9.000,6.000,2417,2237,1.720,1.840,1.130,1,0,0,0,0,18,315,0,38,0
16-01 13:24:39,18.750,9.250,70.999,0.250,0,5357400,206384,167680,2266800,9227.848,1457.976,20.000,8.000,2.000,2.000,3472,2903,1.720,1.840,1.130,1,0,111.998,0,0,18,315,0,38,0
16-01 13:24:40,20.740,2.749,74.714,0.250,0,5381484,182008,167680,2267092,17722.357,10266.993,191.906,243.881,9.995,20.990,3080,2966,1.900,1.870,1.140,4,0,0,0,0,18,317,0,38,1
16-01 13:24:41,24.515,7.505,67.042,0.500,0,5401908,161428,167680,2267248,6461.049,1687.057,0,444.278,0,41.026,4334,6242,1.900,1.870,1.140,2,0,71.045,0,0,18,319,0,39,0
16-01 13:24:42,21.998,2.000,74.245,0,0,5414732,148568,167680,2267284,16703.817,9487.328,31.998,307.978,2.000,31.998,3046,2970,1.900,1.870,1.140,0,0,1.000,0,0,18,320,0,39,0
16-01 13:24:43,21.751,6.500,71.502,0,0,5378632,184644,167680,2267308,14078.411,6812.199,0,268.008,0,23.001,3329,2999,1.900,1.870,1.140,1,0,57.002,0,0,18,319,0,39,0
16-01 13:24:44,21.002,2.500,75.506,0,0,5392380,170888,167680,2267316,15258.284,7344.618,0,172.014,0,13.001,2508,2263,1.900,1.870,1.140,1,0,1.000,0,0,18,322,0,39,0
16-01 13:24:45,20.250,6.000,72.500,0,0,5400532,162648,167680,2267404,14525.055,6143.023,80.000,136.001,5.000,8.000,3153,2818,1.830,1.860,1.140,1,0,33.000,0,0,18,321,0,42,0
16-01 13:24:46,20.247,2.250,76.990,0,0,5417612,145564,167680,2267408,48148.821,7727.008,0,115.985,0,7.999,2364,1987,1.830,1.860,1.140,1,0,0,0,0,18,322,0,42,0
16-01 13:24:47,14.996,5.499,77.980,0.250,0,5375536,187592,167680,2267456,13794.443,6328.368,31.992,483.875,1.999,39.990,3229,3250,1.830,1.860,1.140,2,0,46.988,0,0,18,321,0,43,0
16-01 13:24:48,20.266,2.752,75.561,0.250,0,5416092,147028,167680,2267464,46279.187,7217.800,0,1585.274,0,98.079,2533,2063,1.830,1.860,1.140,0,0,0,0,0,18,322,0,38,0
16-01 13:24:49,20.747,4.999,73.988,0,0,5382640,180336,167680,2267608,14145.768,6405.989,0,115.982,0,6.999,2807,2373,1.830,1.860,1.140,2,0,31.995,0,0,18,321,0,41,0
16-01 13:24:50,20.465,2.995,75.372,0.749,0,5399180,163708,167680,2267696,15053.413,7331.538,79.864,2168.314,3.993,339.423,3204,2424,1.770,1.840,1.140,1,0,0,0,0,18,322,0,41,0
16-01 13:24:51,16.774,4.006,78.362,0.250,0,5360452,202408,167680,2267724,12990.613,6821.774,0,376.540,0,47.067,3374,3440,1.770,1.840,1.140,1,0,58.083,0,0,18,321,0,42,0
16-01 13:24:52,22.492,5.248,70.975,0,0,5372100,190760,167680,2267724,9296.748,1619.434,0,263.908,0,21.992,2873,2563,1.770,1.840,1.140,2,0,29.990,0,0,18,321,0,38,0
16-01 13:24:53,19.330,2.761,77.821,0,0,5348900,213944,167680,2267740,32157.839,24021.228,0,245.012,0,17.071,2590,2209,1.770,1.840,1.140,1,0,11.046,0,0,18,321,0,40,0
16-01 13:24:54,22.165,5.479,71.474,0,0,5389444,173388,167680,2267752,7636.556,1613.778,0,203.216,0,14.942,2761,2312,1.770,1.840,1.140,1,0,36.858,0,0,18,323,0,40,0
16-01 13:24:55,18.553,2.507,77.471,0.501,0.251,5366204,196424,167680,2267956,19360.183,10354.514,192.549,112.320,12.034,6.017,2728,2512,1.780,1.850,1.140,1,0,11.031,0,0,18,323,0,42,0
16-01 13:24:56,22.431,4.237,72.775,0,0,5408664,153964,167680,2267956,9255.360,1615.003,0,155.519,0,8.972,2318,1827,1.780,1.850,1.140,3,0,3.988,0,0,18,323,0,34,0
16-01 13:24:57,19.001,3.250,76.006,0.750,0,5399368,161604,167680,2269596,17849.394,8248.644,1648.129,780.061,59.005,102.008,4339,5386,1.780,1.850,1.140,2,0,3.000,0,0,18,326,0,34,0
16-01 13:24:58,25.077,4.765,69.212,0.502,0,5383416,177184,167680,2269968,8974.554,2935.011,272.838,1231.782,15.046,114.351,4030,4682,1.780,1.850,1.140,1,0,6.018,0,0,18,325,0,35,0
16-01 13:24:59,18.944,2.742,77.022,0,0,5401812,158776,167680,2269980,18521.270,9249.668,0,406.798,0,26.920,2563,2319,1.780,1.850,1.140,3,0,0,0,0,18,326,0,35,0
16-01 13:25:00,20.089,5.776,72.573,0.753,0,5308520,251684,167680,2270364,12131.915,4889.730,208.928,1112.946,9.040,128.571,5421,7015,1.720,1.830,1.140,1,0,46.205,0,0,18,325,0,33,0
16-01 13:25:01,9.247,23.743,66.231,0.500,0,5292924,267244,167680,2270400,6426.137,1619.530,0,955.723,0,76.978,7740,7357,1.720,1.830,1.140,3,0,677.803,0,0,18,325,0,33,0
16-01 13:25:02,8.752,22.754,67.262,0,0,5288028,272108,167684,2270428,6857.263,1458.268,0,604.111,0,43.008,7507,6952,1.720,1.830,1.140,1,0,704.130,0,0,18,325,0,33,0
16-01 13:25:03,9.250,22.999,67.248,0.500,0,5286532,273552,167692,2270472,10582.697,1619.954,0,755.978,0,48.999,7382,6680,1.720,1.830,1.140,1,0,662.981,0,0,18,325,0,33,0
16-01 13:25:04,11.749,29.997,53.245,3.250,0,5284608,275204,167704,2270600,7788.332,1619.861,95.992,2543.782,9.999,143.988,8783,9073,1.720,1.830,1.140,1,0,1020.912,0,0,18,325,0,30,0
16-01 13:25:05,9.748,21.995,67.235,0,0,5273708,286072,167704,2270632,9789.769,1619.631,0,2235.490,0,336.923,7603,6099,1.660,1.820,1.140,2,0,573.869,0,0,18,325,0,30,0
16-01 13:25:06,12.745,14.744,70.473,1.499,0,5284040,275432,167704,2270940,7323.171,1619.375,271.895,31.988,25.990,5.998,5398,4650,1.660,1.820,1.140,1,0,365.859,0,0,18,325,0,30,0
16-01 13:25:07,17.692,7.974,71.764,1.246,0,5297932,367080,167716,2177544,9235.669,1614.697,821.303,2424.039,103.660,8.971,2692,2531,1.660,1.820,1.140,1,0,14.951,0,0,18,325,0,30,0
16-01 13:25:08,22.955,2.745,71.610,1.747,0,5311840,350200,167744,2180488,9044.300,2690.734,79.844,5680.883,5.988,180.646,3237,3145,1.660,1.820,1.140,0,0,15.969,0,0,18,326,0,26,0
16-01 13:25:09,11.266,1.252,82.370,3.755,0,5325212,336088,167744,2181228,20737.089,8109.767,588.854,1257.825,34.049,36.052,1890,1991,1.660,1.820,1.140,1,0,0,0,0,18,326,0,26,0
16-01 13:25:10,11.753,1.750,83.519,2.000,0,5327040,333316,167748,2182164,21188.708,11732.607,584.130,1488.331,53.012,63.014,2287,2336,1.770,1.840,1.150,1,0,0,0,0,18,326,0,26,0
16-01 13:25:11,16.758,2.001,79.538,1.251,0,5352192,307108,167784,2183176,20625.943,8427.062,780.376,992.478,37.018,42.020,2459,2343,1.770,1.840,1.150,1,0,0,0,0,18,326,0,26,0
16-01 13:25:12,13.748,1.000,82.238,1.500,0,5351572,306856,167848,2183980,21108.831,10209.467,599.910,1263.810,47.993,50.992,2250,2246,1.770,1.840,1.150,1,0,1.000,0,0,18,326,0,23,0
16-01 13:25:13,15.243,1.749,81.215,1.000,0,5364440,293024,167880,2184908,24551.531,9290.039,743.683,1199.489,38.983,51.978,2316,2239,1.770,1.840,1.150,1,0,1.000,0,0,18,326,0,23,0
16-01 13:25:14,12.500,1.750,81.748,2.750,0,5368804,274124,167944,2199376,21350.383,9510.725,7231.791,1195.965,76.998,40.999,2140,2025,1.770,1.840,1.150,0,1,0,0,0,18,326,0,23,0
16-01 13:25:15,19.005,4.251,71.519,3.751,0,5372056,241628,168008,2228488,9299.445,1620.426,8430.217,1776.467,112.029,69.018,2845,2438,1.710,1.820,1.150,1,0,2.001,0,0,18,326,0,23,0
16-01 13:25:16,23.749,3.500,71.746,0.500,0,5378424,218468,168008,2245060,42879.707,1619.913,0,1699.909,0,40.998,2689,2257,1.710,1.820,1.150,1,0,0,0,0,18,326,0,23,0
16-01 13:25:17,24.742,2.249,71.977,0,0,5406208,182684,168008,2252848,8066.432,1619.484,0,515.836,0,11.996,2513,2272,1.710,1.820,1.150,2,0,0,0,0,18,326,0,23,0
16-01 13:25:18,23.005,3.251,71.516,1.000,0,5391576,174632,168188,2275172,45760.152,1512.336,176.039,8529.892,9.002,417.093,3594,3325,1.710,1.820,1.150,1,0,0,0,0,18,326,0,23,0
16-01 13:25:19,23.004,3.501,72.514,0.500,0,5386524,153488,168220,2301032,9682.893,1566.306,0,2344.458,0,84.016,2630,2492,1.710,1.820,1.150,0,1,0,0,0,18,326,0,23,0
16-01 13:25:20,23.742,3.499,70.226,0.750,0,5406788,141920,168480,2291976,7015.576,1835.366,3.999,1735.400,1.000,63.978,2689,2356,1.650,1.810,1.150,1,0,5.998,0,0,18,325,0,22,0
16-01 13:25:21,23.259,4.252,72.029,0,0,5376208,172384,168480,2291940,11925.759,1862.743,0,464.185,0,16.006,2821,2453,1.650,1.810,1.150,0,0,35.014,0,0,18,326,0,22,0
16-01 13:25:22,18.777,2.253,77.612,0.250,0,5354728,187532,168480,2298244,13407.375,3662.292,0,1642.373,0,30.043,2210,2056,1.650,1.810,1.150,1,0,1.001,0,0,18,325,0,22,0
16-01 13:25:23,16.724,3.245,78.876,0,0,5346624,195372,168480,2298472,15691.254,4609.730,0,654.967,0,13.978,2295,2054,1.650,1.810,1.150,1,0,17.972,0,0,18,326,0,22,0
16-01 13:25:24,23.593,5.271,69.021,0.251,0,5366536,168968,168480,2304592,7526.593,1801.081,0,859.379,0,13.051,10629,18989,1.650,1.810,1.150,1,0,14.055,0,0,18,325,0,22,0
16-01 13:25:25,22.426,6.229,68.772,0,0,5367856,167196,168480,2304964,5707.090,1614.650,0,83.723,0,0.997,10336,19026,1.600,1.800,1.150,1,0,13.954,0,0,18,325,0,22,0
16-01 13:25:26,19.988,6.496,72.956,0,0,5331588,216452,168480,2292136,10033.885,1619.013,0,1822.889,0,14.991,2352,1931,1.600,1.800,1.150,2,0,7.995,0,0,18,325,0,22,0
16-01 13:25:27,24.012,5.753,69.033,0,0.250,5314024,234208,168480,2292060,8971.320,1458.702,0,604.291,0,16.008,10443,18420,1.600,1.800,1.150,2,0,55.026,0,0,18,325,0,22,0
16-01 13:25:28,28.989,8.997,60.228,0.500,0,5343424,204716,168480,2292136,10085.282,2112.221,47.982,987.636,1.999,56.979,5131,14951,1.600,1.800,1.150,1,0,158.941,0,0,18,326,0,23,0
16-01 13:25:29,19.750,3.000,76.251,0.250,0,5344264,197412,168480,2298600,14914.264,3542.063,0,904.016,0,18.000,2332,2137,1.600,1.800,1.150,1,0,2.000,0,0,18,325,0,20,0
16-01 13:25:30,17.497,2.500,78.488,0,0,5352232,189376,168480,2298668,15437.694,4550.320,0,583.913,0,17.997,2318,2168,1.470,1.770,1.140,5,0,16.997,0,0,18,326,0,20,0
16-01 13:25:31,24.002,5.500,68.004,0.250,0,5339328,195748,168480,2304892,7860.504,1794.115,0,1112.071,0,28.002,10382,18417,1.470,1.770,1.140,1,0,14.001,0,0,18,325,0,20,0
16-01 13:25:32,23.050,6.514,68.147,0,0,5339264,195508,168484,2305144,6054.068,1623.504,0,837.808,0,25.054,10085,18229,1.470,1.770,1.140,3,1,17.037,0,0,18,325,0,20,0
16-01 13:25:33,21.952,5.239,71.844,0.249,0,5307640,240452,168484,2292144,5927.100,1616.482,0,502.905,0,27.939,2721,2468,1.470,1.770,1.140,1,0,8.980,0,0,18,325,0,20,0
16-01 13:25:34,22.759,5.002,71.029,0,0,5297588,250492,168484,2292156,9033.704,1662.682,0,732.300,0,15.006,3051,2464,1.470,1.770,1.140,2,0,70.029,0,0,18,325,0,20,0
16-01 13:25:35,23.248,3.750,72.243,0,0,5312364,227648,168484,2300176,7550.315,1457.868,0,7.999,0,2.000,2956,2690,1.430,1.750,1.140,1,0,45.996,0,0,18,325,0,20,0
16-01 13:25:36,20.743,1.999,75.724,0.250,0,5326548,210832,168484,2302760,13161.562,2891.025,0,775.738,0,155.947,2490,1874,1.430,1.750,1.140,2,0,15.995,0,0,18,326,0,20,0
16-01 13:25:37,12.750,1.750,83.997,0.500,0,5339796,197476,168484,2302868,20425.276,9336.669,0,1859.934,0,36.999,1921,1984,1.430,1.750,1.140,2,0,0,0,0,18,326,0,20,0
16-01 13:25:38,9.749,1.500,86.743,1.000,0,5340588,196216,168488,2303316,24452.102,12040.065,0,1739.865,0,73.994,1939,2302,1.430,1.750,1.140,0,0,0,0,0,18,326,0,20,0
16-01 13:25:39,8.222,1.993,87.706,0.498,0,5343276,193228,168548,2303548,158911.685,12295.735,0,12274.805,0,112.622,2351,2555,1.430,1.750,1.140,1,0,0,0,0,18,327,0,20,0
16-01 13:25:40,16.806,1.756,80.019,0.753,0,5366976,169288,168620,2303692,16176.321,7930.631,0,983.302,0,39.131,2068,1984,1.400,1.740,1.140,1,0,0,0,0,18,327,0,20,0
16-01 13:25:41,14.000,1.500,82.999,0.250,0,5366700,169288,168700,2303884,20286.699,10235.848,0,1499.978,0,102.998,2274,2314,1.400,1.740,1.140,1,0,0,0,0,18,327,0,16,0
16-01 13:25:42,14.744,1.499,81.968,0.500,0,5369684,165804,168788,2304296,289831.411,14345.328,0,1475.417,0,57.977,2584,2548,1.400,1.740,1.140,3,0,1.000,0,0,18,327,0,16,0
16-01 13:25:43,11.255,2.751,83.286,1.501,0,5372616,162332,169016,2304600,73536.705,14723.348,28.012,2581.113,4.002,204.088,4168,6060,1.400,1.740,1.140,0,0,4.002,0,0,18,327,0,16,0
16-01 13:25:44,11.756,2.251,83.794,0.750,0,5372544,161828,169196,2304952,68760.280,12622.660,104.055,1732.914,6.003,77.041,2680,2640,1.400,1.740,1.140,1,0,0,0,0,18,327,0,18,0
16-01 13:25:45,14.274,1.503,82.140,0.250,0.250,5384572,139496,169264,2315188,952787.511,23128.507,0,825.410,0,34.058,2878,2573,1.370,1.730,1.140,1,0,2.003,0,0,18,327,0,14,0
16-01 13:25:46,10.511,3.253,84.341,0.501,0,5364352,160900,169344,2314692,15126371.528,72015.339,0,6374.846,0,49.053,6275,3356,1.370,1.730,1.140,0,1,3.003,0,0,18,327,0,14,0
16-01 13:25:47,14.206,1.994,81.500,0.997,0,5363336,149844,169480,2326584,1797857.431,12054.007,163.498,12972.189,3.988,75.767,2684,2361,1.370,1.730,1.140,1,0,1.994,0,0,18,327,0,14,0
16-01 13:25:48,21.036,4.758,71.621,1.252,0,5365552,123652,173056,2343556,42678.317,1622.750,0,6186.483,0,149.253,3110,3044,1.370,1.730,1.140,1,0,0,0,0,18,327,0,14,0
16-01 13:25:49,23.911,5.230,69.241,0.498,0,5364756,128928,173560,2338376,10353.328,1613.972,0,75446.195,0,529.024,3769,2579,1.370,1.730,1.140,1,0,0,0,0,18,327,0,10,0
16-01 13:25:50,24.799,2.505,71.641,0.250,0,5364072,147212,173724,2321068,8825.405,1623.201,0,517.020,0,13.026,2490,2208,1.340,1.710,1.140,1,0,0,0,0,18,327,0,10,0
16-01 13:25:51,22.753,3.750,71.008,1.000,0,5374720,138308,174572,2318060,7610.888,1620.189,4.000,2616.305,1.000,116.014,3147,3037,1.340,1.710,1.140,1,0,0,0,0,18,327,0,10,0
16-01 13:25:52,26.746,5.999,66.740,0.750,0,5393848,140616,175468,2295476,9493.633,1457.790,0,2247.676,0,80.988,3140,2609,1.340,1.710,1.140,2,0,2.000,0,0,18,327,0,10,0
16-01 13:25:53,42.711,8.243,48.206,0.250,0,5414356,124592,176788,2289484,6810.824,1618.532,767.304,971.119,5.995,43.960,3872,2494,1.340,1.710,1.140,2,0,7.993,0,0,18,327,0,9,0
16-01 13:25:54,30.893,5.023,62.288,0.502,0,5413548,132160,177380,2282368,10800.877,1627.516,257.188,30565.147,2.009,112.520,3351,2468,1.340,1.710,1.140,1,0,2.009,0,0,18,327,0,9,0
16-01 13:25:55,23.169,3.488,71.999,0.747,0,5407800,149040,178400,2269752,8946.865,1614.382,0,2216.287,0,78.726,2912,2568,1.310,1.700,1.140,1,0,0.997,0,0,18,327,0,9,0
16-01 13:25:56,19.749,2.000,77.248,0.250,0,5283604,308284,178404,2234668,12400.650,4209.881,0,387.989,0,14.000,2150,1830,1.310,1.700,1.140,2,0,2.000,0,0,18,325,0,9,0
16-01 13:25:57,18.747,3.749,76.739,0,0,5330108,261732,178424,2234684,13280.103,3658.477,0,1567.776,0,204.971,2956,2431,1.310,1.700,1.140,0,0,33.995,0,0,18,326,0,5,0
16-01 13:25:58,23.850,3.766,71.549,0.251,0,5342436,242356,178500,2241216,9410.326,1867.806,16.067,2213.249,1.004,68.285,3085,3031,1.310,1.700,1.140,1,0,4.017,0,0,18,325,0,5,0
16-01 13:25:59,17.928,1.992,78.684,0,0,5373716,208136,178552,2243876,12284.666,4532.797,0,505.968,0,8.964,2186,1969,1.310,1.700,1.140,1,0,16.932,0,0,18,326,0,5,0
16-01 13:26:00,22.249,6.500,69.248,0,0.250,5370844,206236,178852,2247456,9631.678,1835.939,0,875.971,0,13.000,10150,18541,1.280,1.690,1.140,1,0,13.000,0,0,18,325,0,5,0
16-01 13:26:01,23.848,6.276,68.531,0.502,0,5383464,193208,178892,2247728,8580.132,1463.994,0,2630.772,0,28.115,10961,19407,1.280,1.690,1.140,1,0,13.053,0,0,18,325,0,3,0
16-01 13:26:02,20.424,5.978,72.232,0,0,5379624,196908,178928,2247800,9603.370,1614.012,0,2554.522,0,114.575,2620,2341,1.280,1.690,1.140,1,0,6.974,0,0,18,325,0,3,0
16-01 13:26:03,22.990,4.498,71.219,0.500,0,5330868,259584,178936,2235216,8647.296,1619.306,227.902,1027.560,2.999,25.989,2806,2481,1.280,1.690,1.140,2,0,5.997,0,0,18,325,0,3,0
16-01 13:26:04,22.759,5.252,70.777,0.750,0,5354252,233380,178936,2238000,8473.210,1620.614,472.179,2472.937,12.005,65.025,3663,4170,1.280,1.690,1.140,2,0,2.001,0,0,18,326,0,3,0
16-01 13:26:05,25.259,5.002,66.772,1.501,0,5335060,251124,178936,2239432,9351.149,1620.546,1104.372,2300.775,61.021,288.097,8321,12098,1.340,1.700,1.140,1,0,7.002,0,0,18,327,0,8,0
16-01 13:26:06,12.200,17.429,68.471,0.996,0,5337892,247364,178936,2240360,8025.297,1613.425,860.493,2218.958,7.968,136.444,6823,6264,1.340,1.700,1.140,1,0,423.275,0,0,18,329,0,9,0
16-01 13:26:07,11.330,5.036,71.003,12.337,0,5302656,243100,178996,2279772,8670.419,1631.557,39737.488,2151.239,3096.938,313.219,6362,8411,1.340,1.700,1.140,1,1,19.136,0,0,18,327,0,10,0
16-01 13:26:08,6.724,2.739,83.422,5.727,0,5307244,234904,179408,2282968,8631.065,2624.681,3597.854,1936.387,628.529,22.910,2837,3342,1.340,1.700,1.140,0,0,5.977,0,0,18,328,0,10,0
16-01 13:26:09,2.503,1.502,94.377,0.751,0,5294780,247296,179408,2283036,49977.320,4997.732,64.086,13289.902,1.001,212.286,2112,2584,1.340,1.700,1.140,0,0,0,0,0,18,328,0,10,0
16-01 13:26:10,4.761,2.506,89.198,2.255,0,5266604,274520,179488,2283728,120604.552,130581.686,440.978,1254.784,17.038,14.031,2050,2174,1.230,1.670,1.140,0,0,12.027,0,0,18,327,0,10,1
16-01 13:26:11,1.744,0.996,95.649,0.249,0,5263004,278276,179488,2283572,7056.124,1733.642,0,135.503,0,16.938,1453,2090,1.230,1.670,1.140,1,0,0,0,0,18,327,0,10,0
16-01 13:26:12,2.001,1.000,95.775,0,0,5260504,280772,179488,2283576,6181.629,1620.427,0,268.071,0,23.006,1395,2096,1.230,1.670,1.140,1,0,1.000,0,0,18,327,0,10,0
16-01 13:26:13,2.000,0.500,95.740,0.250,0,5250900,290376,179488,2283576,9165.015,1619.826,0,223.976,0,25.997,1517,2125,1.230,1.670,1.140,0,0,1.000,0,0,18,327,0,10,0
16-01 13:26:14,2.500,1.000,95.765,0,0,5243432,297840,179488,2283580,10020.551,1620.251,0,152.024,0,13.002,1363,1862,1.230,1.670,1.140,1,0,0,0,0,18,327,0,10,0
16-01 13:26:15,2.499,1.000,94.212,0.500,0,5241568,299664,179488,2283620,9189.337,1619.355,0,307.877,0,40.984,1739,2394,1.130,1.640,1.130,0,0,1.000,0,0,18,327,0,10,0
16-01 13:26:16,2.250,0.750,95.747,0,0,5240176,301036,179488,2283640,43055.656,1619.949,0,555.983,0,40.999,1526,1981,1.130,1.640,1.130,2,0,0,0,0,18,327,0,10,0
16-01 13:26:17,1.500,0.500,96.487,0,0,5238780,302432,179488,2283640,9296.738,1457.802,0,0,0,0,1223,1674,1.130,1.640,1.130,1,0,0,0,0,18,327,0,10,0
16-01 13:26:18,1.499,0.750,96.465,0,0,5237308,303904,179488,2283640,42251.540,1619.407,0,0,0,0,1223,1639,1.130,1.640,1.130,0,0,0,0,0,18,327,0,10,0
16-01 13:26:19,2.002,0.500,96.835,0,0,5236916,304296,179488,2283640,7526.580,1621.418,0,0,0,0,1129,1604,1.130,1.640,1.130,0,0,0,0,0,18,327,0,10,0
16-01 13:26:20,2.250,3.000,93.491,0.250,0,5228256,312956,179488,2283640,6503.355,1619.839,0,43515.684,0,345.966,2243,1936,1.040,1.610,1.120,0,0,5.999,0,0,18,327,0,10,0
16-01 13:26:21,2.749,0.750,95.475,0.500,0,5227784,313612,179488,2283640,9713.411,1619.568,0,1151.693,0,22.994,1447,2009,1.040,1.610,1.120,0,0,0,0,0,18,327,0,10,0
16-01 13:26:22,2.250,0.500,95.986,0,0,5227784,313612,179488,2283640,9301.605,1619.757,0,263.960,0,23.996,1379,1891,1.040,1.610,1.120,1,0,0,0,0,18,327,0,10,0
16-01 13:26:23,2.001,1.250,96.036,0.250,0,5228036,313360,179488,2283640,10683.044,1620.614,0,900.341,0,172.065,1589,1780,1.040,1.610,1.120,1,0,0,0,0,18,327,0,10,0
16-01 13:26:24,1.247,0.499,96.495,0,0,5228032,313360,179488,2283644,10150.130,1615.723,0,0,0,0,1170,1605,1.040,1.610,1.120,0,0,0,0,0,18,327,0,10,0
16-01 13:26:25,1.755,4.011,91.744,1.003,0,5227848,313540,179488,2283644,9309.771,1624.322,16.043,121820.128,1.003,569.515,3297,3243,0.960,1.590,1.120,0,0,1.003,0,0,18,327,0,10,0
16-01 13:26:26,1.750,0.750,96.495,0,0,5227828,313540,179488,2283664,8291.559,1457.922,0,299.984,0,21.999,1157,1708,0.960,1.590,1.120,0,0,0,0,0,18,327,0,10,0
16-01 13:26:27,1.999,0.500,95.972,0,0,5228096,313288,179488,2283664,7029.928,1619.523,0,95.972,0,13.996,1335,2005,0.960,1.590,1.120,1,0,1.000,0,0,18,327,0,10,0
16-01 13:26:28,7.499,3.750,87.742,0.250,0,5241680,299696,179488,2283800,9037.138,1619.845,0,251.976,0,23.998,2897,8675,0.960,1.590,1.120,0,0,36.996,0,0,18,327,0,11,0
16-01 13:26:29,2.001,0.750,96.296,0,0.250,5241608,299768,179488,2283672,7527.620,1620.779,0,0,0,0,1216,1697,0.960,1.590,1.120,0,0,0,0,0,18,327,0,11,0
16-01 13:26:30,2.005,0.752,96.233,0.251,0,5232820,308556,179488,2283672,6356.381,1623.930,0,10641.751,0,38.092,1349,1752,0.880,1.560,1.110,0,0,0,0,0,18,327,0,10,0
16-01 13:26:31,1.745,0.748,95.251,0,0,5233044,308332,179488,2283672,9347.559,1615.775,0,490.717,0,28.924,1527,2117,0.880,1.560,1.110,0,0,0,0,0,18,327,0,10,0
16-01 13:26:32,1.750,1.000,96.486,0.250,0,5233040,308332,179488,2283676,7711.895,1619.768,0,191.972,0,14.998,1166,1661,0.880,1.560,1.110,1,0,0,0,0,18,327,0,10,0
16-01 13:26:33,1.250,0.750,97.019,0,0,5233040,308332,179488,2283676,8676.710,1662.328,0,4.001,0,1.000,1168,1650,0.880,1.560,1.110,0,0,0,0,0,18,327,0,10,0
16-01 13:26:34,2.000,0.750,96.509,0,0,5233040,308332,179488,2283676,10648.952,1458.130,0,0,0,0,1149,1607,0.880,1.560,1.110,0,0,0,0,0,18,327,0,10,0
16-01 13:26:35,2.499,0.750,95.204,0,0,5232716,308652,179488,2283680,5940.144,1619.221,0,99.952,0,13.993,1449,2078,0.890,1.550,1.110,0,0,2.999,0,0,18,327,0,10,0
16-01 13:26:36,1.001,1.251,95.571,0.500,0,5224472,316896,179488,2283680,8726.453,1621.199,0,6688.947,0,202.149,1829,2491,0.890,1.550,1.110,0,0,0,0,0,18,327,0,10,0
16-01 13:26:37,2.250,1.000,95.981,0,0,5224724,316644,179488,2283680,7774.482,1619.684,0,51.990,0,5.999,1279,1826,0.890,1.550,1.110,1,0,0,0,0,18,327,0,10,0
16-01 13:26:38,2.000,1.750,95.241,0.250,0,5231464,309900,179488,2283684,9650.086,1619.847,0,647.939,0,122.988,1430,1726,0.890,1.550,1.110,0,0,0,0,0,18,327,0,10,0
16-01 13:26:39,1.000,1.500,96.255,0,0,5231808,309556,179488,2283684,7801.417,1620.087,0,4.000,0,1.000,1159,1633,0.890,1.550,1.110,0,0,0,0,0,18,327,0,10,0
16-01 13:26:40,2.000,0.250,96.495,0,0,5231948,309416,179488,2283684,9059.533,1619.917,0,0,0,0,1284,1734,0.820,1.520,1.100,0,0,0,0,0,18,327,0,10,0
16-01 13:26:41,6.524,2.007,89.582,0.251,0,5230136,311224,179496,2283680,288485.099,7024.055,4.015,762.830,1.004,19.071,2141,2516,0.820,1.520,1.100,1,0,7.026,0,0,18,327,0,10,0
16-01 13:26:42,15.697,4.734,76.740,1.246,0,5236580,304644,179512,2283800,291947.110,14134.028,123.581,418.579,5.980,23.919,3311,3060,0.820,1.520,1.100,1,0,32.888,0,0,18,327,0,10,0
16-01 13:26:43,16.000,6.750,74.250,1.500,0,5234364,302200,179524,2288448,193156.781,4617.971,251.998,191.999,41.000,12.000,3821,3226,0.820,1.520,1.100,0,1,42.000,0,0,18,327,0,10,0
