"pcp-dstat 6.2.0 CSV Output"
"Author:","PCP team <pcp@groups.io> and Dag Wieers <dag@wieers.com>",,,,"URL:","https://pcp.io/ and http://dag.wieers.com/home-made/dstat/"
"Host:","ubuntu",,,,"User:","ubuntu"
"Cmdline:","dstat -tcmndrylpg --tcp --output /tmp/devstack_logs/dstat-csv.log",,,,"Date:","19 Jan 2026 09:34:34 UTC"
"system","total usage",,,,,"memory usage",,,,"net/total",,"dsk/total",,"io/total",,"system",,"load avg",,,"procs",,,"paging",,"tcp sockets",,,,
"time","total usage:usr","total usage:sys","total usage:idl","total usage:wai","total usage:stl","used","free","buf","cach","net/total:recv","net/total:send","dsk/total:read","dsk/total:writ","read","writ","int","csw","1m","5m","15m","run","blk","new","in","out","lis","act","syn","tim","clo"
19-01 09:34:34,,981720,1725832,161216,4952700,,,,,,,1.210,0.830,0.450,1,0,,,,10,5,0,17,1
19-01 09:34:35,22.236,21.236,55.215,0.500,0,1008900,1698172,161304,4953000,19126.803,9180.146,0,2114.652,0,85.945,6766,5676,1.210,0.830,0.450,1,0,524.665,0,0,10,5,0,17,1
19-01 09:34:36,24.013,18.260,56.030,0.500,0,1004360,1702096,161444,4953372,44201.616,11411.097,0,1828.977,0,65.035,5989,5497,1.360,0.870,0.470,2,0,346.185,0,0,10,5,0,17,1
19-01 09:34:37,29.680,16.212,53.374,0.499,0,1013088,1692960,161548,4953588,22008.171,10152.092,0,6496.700,0,182.570,6425,6277,1.360,0.870,0.470,2,0,260.387,0,0,10,4,0,17,2
19-01 09:34:38,13.784,5.263,78.696,0.501,0,1145384,1542892,161676,5095500,202467.406,14146.242,0,1692.216,0,51.127,3198,3203,1.360,0.870,0.470,3,0,66.165,0,0,11,6,0,17,2
19-01 09:34:39,39.497,11.249,48.496,0.750,0,1167116,1502576,162756,5109748,8665.239,1619.858,15.999,1967.827,1.000,68.994,4211,2652,1.360,0.870,0.470,3,0,125.989,0,0,11,6,0,17,2
19-01 09:34:40,40.730,9.495,48.726,0.500,0,1212464,1438952,163244,5125404,9102.554,1457.288,31.984,2218.916,1.999,46.977,4115,2814,1.360,0.870,0.470,2,0,108.947,0,0,11,6,0,19,2
19-01 09:34:41,44.922,4.742,48.416,0.998,0,1264920,1363756,163824,5145580,8085.919,1617.184,0,3589.749,0,72.873,3169,1938,1.410,0.890,0.480,2,0,0,0,0,11,6,0,19,2
19-01 09:34:42,37.775,6.004,46.781,7.755,0,1274268,1332968,165488,5162880,5886.857,1621.062,0,27550.050,0,1936.269,9752,16232,1.410,0.890,0.480,2,0,31.020,0,0,11,8,0,19,2
19-01 09:34:43,17.019,3.754,46.053,31.536,0,1276264,1317404,166176,5174628,6187.075,1621.855,0,29017.182,0,2268.594,10636,15527,1.410,0.890,0.480,3,2,30.034,0,0,11,8,0,19,2
19-01 09:34:44,40.520,8.754,44.272,5.002,0,1255420,1313684,167368,5195720,9144.508,1620.799,0,33300.415,0,2240.104,10377,14773,1.410,0.890,0.480,2,0,96.047,0,0,11,6,0,19,2
19-01 09:34:45,40.135,4.736,54.095,0.499,0,1296700,1286428,167648,5181084,13967.106,4395.445,0,1798.862,0,121.653,2906,1716,1.410,0.890,0.480,2,0,0,0,0,11,4,0,19,0
19-01 09:34:46,44.523,5.503,48.525,1.001,0,1272364,1310628,167764,5181108,10950.547,2697.366,0,8456.283,0,456.231,3884,3272,1.460,0.910,0.480,1,0,46.023,0,0,11,5,0,19,0
19-01 09:34:47,40.501,5.250,53.001,0.250,0,1297560,1278212,167956,5187480,14475.241,2823.047,0,2028.034,0,106.002,3011,1796,1.460,0.910,0.480,2,0,2.000,0,0,11,4,0,19,0
19-01 09:34:48,37.587,5.763,55.378,1.002,0,1308456,1267056,167956,5187648,15524.845,4627.685,0,1130.610,0,63.146,3057,1818,1.460,0.910,0.480,3,0,71.164,0,0,11,5,0,19,0
19-01 09:34:49,29.501,25.251,42.752,0.250,0,1268616,1298540,168560,5193924,8421.312,1632.061,0,1604.059,0,102.004,14562,21844,1.460,0.910,0.480,3,0,553.021,0,0,11,4,0,19,0
19-01 09:34:50,39.472,19.986,39.972,0,0,1250172,1316364,168628,5194328,6473.428,1618.857,0,95.932,0,3.997,13040,20835,1.460,0.910,0.480,2,0,268.810,0,0,11,4,0,19,0
19-01 09:34:51,64.005,14.001,21.502,0.250,0,1247200,1333840,168684,5181900,22215.592,1620.116,0,2628.188,0,102.007,4570,2353,1.580,0.940,0.500,3,0,137.010,0,0,11,5,0,19,0
19-01 09:34:52,69.447,6.245,24.232,0,0,1296960,1283584,168704,5182440,9321.916,1618.770,0,403.693,0,27.979,4032,1603,1.580,0.940,0.500,4,0,57.956,0,0,11,5,0,19,0
19-01 09:34:53,42.996,9.499,44.496,1.750,0,1290920,1287628,168796,5184332,7722.321,1619.858,0,20786.173,0,470.959,3936,3068,1.580,0.940,0.500,3,0,12.999,0,0,11,5,0,19,0
19-01 09:34:54,14.266,9.010,75.583,0.250,0,1304840,1273292,168804,5184764,57923.277,1707.866,0,2334.550,0,49.054,3886,3986,1.580,0.940,0.500,2,0,141.154,0,0,11,4,0,20,0
19-01 09:34:55,22.199,2.993,73.332,0,0,1371104,1207016,168812,5184768,44187.816,1616.299,0,103.762,0,3.991,1880,1300,1.580,0.940,0.500,2,0,0,0,0,11,4,0,20,0
19-01 09:34:56,24.491,1.250,73.724,0,0,1371404,1206512,168812,5184972,11786.908,1619.438,0,0,0,0,1807,1100,1.530,0.940,0.500,1,0,1.000,0,0,11,6,0,14,0
19-01 09:34:57,19.506,6.502,71.023,1.250,0,1329132,1248676,168880,5185012,25005.075,1704.550,0,3981.286,0,333.108,4752,5590,1.530,0.940,0.500,1,0,43.014,0,0,11,4,0,16,0
19-01 09:34:58,19.761,3.502,71.792,5.253,0,1372284,1205076,169156,5185112,9305.399,1458.846,372.216,14672.513,20.012,184.107,2209,1302,1.530,0.940,0.500,1,0,6.003,0,0,11,4,0,16,0
19-01 09:34:59,19.259,2.251,77.037,0.250,0,1389260,1187872,169164,5185304,14210.815,5925.842,0,1820.873,0,36.017,2560,2531,1.530,0.940,0.500,2,0,1.000,0,0,11,17,0,16,0
19-01 09:35:00,16.475,1.747,74.888,6.490,0,1389212,1187452,169216,5185668,14932.692,5664.538,267.600,1122.323,65.902,18.972,2079,1729,1.530,0.940,0.500,1,0,1.997,0,0,11,28,0,17,0
19-01 09:35:01,20.303,5.765,73.944,0,0,1441884,1134788,169216,5185676,6212.293,1624.260,0,0,0,0,2250,1548,1.490,0.950,0.500,1,0,43.113,0,0,11,28,0,17,0
19-01 09:35:02,17.455,2.494,79.297,0,0,1437844,1138816,169216,5185688,16277.314,8526.164,0,167.571,0,3.990,2085,1701,1.490,0.950,0.500,1,0,2.992,0,0,11,28,0,18,0
19-01 09:35:03,35.256,13.002,50.508,0,0,1388028,1188616,169216,5185704,13267.152,1620.263,0,22891.713,0,106.017,4245,2601,1.490,0.950,0.500,2,0,156.025,0,0,11,28,0,18,0
19-01 09:35:04,32.516,4.002,62.782,0,0,1434356,1142272,169216,5185720,24631.398,12242.162,0,4.002,0,1.001,3446,2995,1.490,0.950,0.500,4,0,0,0,0,11,30,0,18,0
19-01 09:35:05,42.074,21.788,35.062,0,0,1464884,1111460,169236,5185976,16355.896,9712.159,0,865.529,0,39.069,7485,8967,1.490,0.950,0.500,6,0,450.796,0,0,11,28,0,19,0
19-01 09:35:06,83.787,15.757,0,0,0,1635100,941220,169236,5186000,5798.539,1458.639,0,12.005,0,3.001,5145,3242,1.850,1.030,0.530,6,0,129.057,0,0,11,28,0,19,0
19-01 09:35:07,85.856,9.484,4.492,0,0,1756928,819344,169236,5186044,35789.084,29317.918,0,43.926,0,0.998,6393,6380,1.850,1.030,0.530,5,0,0,0,0,11,34,0,19,0
19-01 09:35:08,62.727,13.995,22.492,0,0,1559176,1016808,169288,5186280,28649.389,19166.901,0,755.720,0,70.974,8878,12523,1.850,1.030,0.530,2,0,267.901,0,0,11,28,0,25,0
19-01 09:35:09,20.485,5.246,73.447,0.250,0,1544644,1031320,169304,5186284,8842.615,1618.831,0,195.859,0,9.993,2276,1677,1.850,1.030,0.530,1,0,41.970,0,0,11,28,0,23,0
19-01 09:35:10,14.751,2.250,82.257,0.250,0,1533520,1042420,169316,5186296,15578.341,8510.732,0,212.018,0,21.002,2337,2695,1.850,1.030,0.530,1,0,0,0,0,11,28,0,24,0
19-01 09:35:11,19.255,6.752,72.770,0,0,1507572,1068356,169328,5186296,9340.536,1620.440,0,172.047,0,9.002,2679,1973,1.780,1.030,0.540,1,0,68.018,0,0,11,28,0,24,0
19-01 09:35:12,16.745,2.249,79.727,0,0,1488308,1087604,169332,5186308,12139.447,7407.832,0,103.970,0,6.998,2315,2268,1.780,1.030,0.540,0,0,0,0,0,11,29,0,24,0
19-01 09:35:13,11.768,17.025,70.355,0,0,1408728,1167164,169344,5186328,7932.845,2808.193,0,66339.056,0,311.465,5869,5097,1.780,1.030,0.540,3,0,375.561,0,0,11,28,0,25,0
19-01 09:35:14,43.053,30.287,26.283,0,0,1451748,1124100,169344,5186372,5271.521,1459.806,0,1902.353,0,122.151,6307,5055,1.780,1.030,0.540,6,0,663.821,0,0,11,28,0,25,0
19-01 09:35:15,82.261,10.501,6.501,0,0,1676856,898984,169348,5186376,18747.502,11468.530,0,1544.206,0,12.002,5031,2857,1.780,1.030,0.540,3,0,0,0,0,11,31,0,25,0
19-01 09:35:16,69.919,7.491,21.725,0.499,0,1688472,887128,169352,5186608,48252.949,37124.876,0,279.675,0,40.952,9170,13958,2.040,1.100,0.560,5,0,0.999,0,0,11,31,0,25,0
19-01 09:35:17,76.833,22.274,0.751,0.250,0,1544704,1030848,169356,5186652,14909.161,5824.313,0,392.425,0,38.041,6036,6319,2.040,1.100,0.560,6,0,310.336,0,0,11,28,0,26,0
19-01 09:35:18,90.002,10.000,0.250,0,0,1694028,881440,169360,5186732,16921.422,10138.253,0,27976.697,0,69.002,5294,3038,2.040,1.100,0.560,5,0,0,0,0,11,31,0,26,0
19-01 09:35:19,81.659,8.491,8.990,0,0,1743028,832108,169368,5187048,50439.645,38912.524,0,1222.634,0,55.938,8317,12240,2.040,1.100,0.560,7,0,0,0,0,11,31,0,29,0
19-01 09:35:20,68.895,16.974,13.230,0,0,1528320,1046592,169368,5187272,26134.339,18529.880,0,291.558,0,23.964,7564,10067,2.040,1.100,0.560,2,0,297.548,0,0,11,28,0,31,0
19-01 09:35:21,36.748,3.750,58.747,0,0,1559288,1015616,169368,5187280,15129.291,10079.528,0,163.992,0,7.000,2875,2255,2.040,1.110,0.570,2,0,0,0,0,11,30,0,31,0
19-01 09:35:22,41.111,20.054,38.855,0,0,1469376,1105448,169384,5187344,15994.208,11575.270,0,276.748,0,32.087,6070,7345,2.040,1.110,0.570,4,0,379.024,0,0,11,28,0,33,0
19-01 09:35:23,57.020,6.972,35.108,0,0,1555716,1019100,169384,5187352,16366.904,9627.122,0,163.340,0,7.968,3702,1869,2.040,1.110,0.570,1,0,0,0,0,11,31,0,33,0
19-01 09:35:24,51.933,5.519,41.647,0.251,0,1528568,1046040,169400,5187544,64188.905,21735.496,0,489.724,0,43.152,7280,9741,2.040,1.110,0.570,4,0,37.131,0,0,11,28,0,34,0
19-01 09:35:25,78.538,20.010,1.501,0,0,1544884,1029704,169400,5187564,43459.784,1620.775,0,256.122,0,15.007,5285,3042,2.040,1.110,0.570,4,0,221.106,0,0,11,28,0,29,0
19-01 09:35:26,63.223,7.247,29.238,0,0,1611052,963480,169404,5187616,35633.990,27579.383,0,235.901,0,22.990,6177,7344,2.120,1.140,0.580,2,0,1.000,0,0,11,32,0,29,0
19-01 09:35:27,60.778,19.009,19.009,0,0,1525536,1048756,169440,5187820,25280.813,16121.533,0,3869.808,0,200.093,7610,10042,2.120,1.140,0.580,3,0,324.151,0,0,11,28,0,32,0
19-01 09:35:28,57.426,7.990,34.206,0,0,1568060,1006220,169440,5187832,16434.773,11592.028,0,231.701,0,8.988,4656,9375,2.120,1.140,0.580,2,0,35.954,0,0,11,31,0,33,0
19-01 09:35:29,50.793,11.510,36.531,0.250,0,1549880,1024440,169456,5187872,26932.024,20726.719,0,7518.428,0,423.362,8193,10099,2.120,1.140,0.580,4,0,209.179,0,0,11,28,0,34,0
19-01 09:35:30,65.013,14.003,21.504,0.250,0,1531908,1042372,169460,5187908,5972.192,1728.345,0,2564.512,0,87.017,4164,2044,2.120,1.140,0.580,3,0,90.018,0,0,11,28,0,34,0
19-01 09:35:31,45.231,4.498,49.230,0,0,1552996,1020976,169464,5188212,31253.042,21649.024,0,259.892,0,20.991,5248,6383,2.030,1.140,0.580,4,0,0,0,0,11,30,0,34,1
19-01 09:35:32,60.787,18.011,20.012,0,0,1503800,1070000,169464,5188384,17197.514,9488.801,0,228.139,0,16.010,6312,6322,2.030,1.140,0.580,3,0,287.176,0,0,11,28,0,37,0
19-01 09:35:33,53.937,5.743,39.953,0,0,1588036,985616,169468,5188528,21348.896,13349.303,0,187.779,0,8.989,3783,2435,2.030,1.140,0.580,3,0,0,0,0,11,31,0,34,0
19-01 09:35:34,49.923,11.981,36.943,0.250,0.250,1479340,1094228,169488,5188592,24513.052,15484.030,0,499.227,0,41.935,6454,8031,2.030,1.140,0.580,3,0,111.827,0,0,11,28,0,36,0
19-01 09:35:35,57.737,7.248,34.742,0,0,1561676,1011884,169488,5188600,14814.599,8018.159,0,191.956,0,9.998,3414,1366,2.030,1.140,0.580,1,0,0,0,0,11,31,0,36,0
19-01 09:35:36,51.151,7.021,40.871,0.251,0,1549988,1023488,169508,5188664,30316.506,21041.121,0,1620.785,0,175.518,6802,8773,2.100,1.170,0.600,3,0,41.121,0,0,11,28,0,38,0
19-01 09:35:37,69.504,28.751,1.250,0,0,1527388,1046028,169508,5188724,6075.309,1686.086,0,304.015,0,28.001,5661,4961,2.100,1.170,0.600,8,0,598.030,0,0,11,28,0,38,0
19-01 09:35:38,78.999,20.000,1.000,0,0,1711908,861356,169512,5188872,19211.770,11868.858,0,223.997,0,10.000,6170,5454,2.100,1.170,0.600,6,0,408.995,0,0,11,31,0,38,0
19-01 09:35:39,76.747,18.499,4.000,0,0,1770492,802640,169548,5188964,45902.333,38085.617,0,1323.952,0,84.997,8502,10554,2.100,1.170,0.600,6,0,467.983,0,0,11,31,0,39,0
19-01 09:35:40,78.728,18.495,3.499,0,0,1679060,893820,169560,5189204,23869.440,18627.881,0,499.863,0,45.987,6926,7078,2.100,1.170,0.600,5,0,278.923,0,0,11,28,0,39,0
19-01 09:35:41,84.229,13.247,2.499,0,0,1649852,923020,169564,5189208,19433.094,12359.880,0,1667.579,0,122.969,5762,3468,2.340,1.230,0.620,4,0,61.984,0,0,11,31,0,37,0
19-01 09:35:42,76.219,9.746,13.994,0,0,1699788,872864,169564,5189428,41332.143,31980.957,0,3.998,0,1.000,8065,11336,2.340,1.230,0.620,5,0,49.980,0,0,11,31,0,39,0
19-01 09:35:43,38.268,21.010,38.768,0,0,1487608,1084992,169564,5189480,25595.709,16952.755,0,16.007,0,4.002,7567,9547,2.340,1.230,0.620,3,0,604.276,0,0,11,28,0,42,0
19-01 09:35:44,39.948,35.204,24.967,0,0,1487332,1085204,169564,5189544,8727.561,1617.880,0,59.921,0,12.983,6433,5884,2.340,1.230,0.620,6,0,895.826,0,0,11,28,0,42,0
19-01 09:35:45,74.956,9.744,14.242,0,0,1594892,977624,169564,5189564,15219.073,12155.870,0,0,0,0,4845,2923,2.340,1.230,0.620,2,0,50.970,0,0,11,31,0,42,0
19-01 09:35:46,61.615,9.768,28.553,0.250,0,1577648,994648,169596,5189752,30941.634,23071.975,0,729.359,0,68.127,6940,10304,2.390,1.260,0.640,4,0,97.181,0,0,11,29,0,45,0
19-01 09:35:47,77.828,16.963,4.740,0,0,1566752,1005496,169600,5189796,9932.078,4563.926,0,275.392,0,21.952,5440,3591,2.390,1.260,0.640,3,0,171.621,0,0,11,29,0,46,0
19-01 09:35:48,66.660,6.014,26.814,0,0,1606332,965732,169600,5189980,34447.547,27156.074,0,184.442,0,8.019,5853,7720,2.390,1.260,0.640,3,0,0,0,0,11,32,0,46,0
19-01 09:35:49,53.003,6.250,40.003,0,0,1606060,965732,169608,5190244,49791.192,39657.542,0,256.016,0,21.001,11907,19115,2.390,1.260,0.640,2,0,0,0,0,11,31,0,46,0
19-01 09:35:50,75.611,15.721,7.736,0,0,1511136,1060596,169620,5190292,19485.297,9721.188,0,451.173,0,46.914,6664,6973,2.390,1.260,0.640,5,0,119.781,0,0,11,28,0,46,0
19-01 09:35:51,70.131,7.986,21.963,0.250,0,1613372,958328,169624,5190320,26531.052,18876.021,0,175.702,0,10.981,5208,3985,2.440,1.290,0.650,4,0,0,0,0,11,32,0,46,0
19-01 09:35:52,55.430,7.023,36.368,0,0,1617000,954296,169632,5190716,49253.505,41316.803,0,148.481,0,9.029,11724,19616,2.440,1.290,0.650,3,0,0,0,0,11,32,0,46,0
19-01 09:35:53,66.784,17.009,14.507,0,0,1457268,1113940,169636,5190800,27572.194,21184.905,0,148.076,0,10.005,8207,10675,2.440,1.290,0.650,4,0,260.134,0,0,11,28,0,50,0
19-01 09:35:54,77.299,10.473,12.468,0,0,1591544,979652,169636,5190812,51553.675,10361.004,0,159.584,0,9.974,4629,2141,2.440,1.290,0.650,3,0,0,0,0,11,31,0,49,0
19-01 09:35:55,61.816,7.508,30.533,0,0,1577712,993260,169636,5191036,76084.548,33404.803,0,124.133,0,8.009,9240,14235,2.440,1.290,0.650,4,0,34.036,0,0,11,30,0,50,1
19-01 09:35:56,75.857,14.270,9.013,0,0,1569376,1001392,169652,5191224,21910.982,13554.165,0,324.459,0,35.050,6114,8054,2.480,1.320,0.660,4,0,95.135,0,0,11,28,0,51,0
19-01 09:35:57,70.992,8.249,20.498,0,0,1599576,971164,169660,5191244,21469.555,15802.200,0,231.974,0,21.997,4763,3670,2.480,1.320,0.660,5,0,0,0,0,11,30,0,52,0
19-01 09:35:58,69.588,14.217,15.963,0.249,0,1614688,955980,169672,5191264,29539.217,18687.486,0,287.331,0,24.942,6188,8127,2.480,1.320,0.660,4,0,127.703,0,0,11,30,0,51,0
19-01 09:35:59,65.398,8.770,24.556,0,0,1642828,927632,169680,5191464,36521.568,28936.419,0,461.042,0,56.127,6356,10943,2.480,1.320,0.660,3,0,60.136,0,0,11,33,0,52,0
19-01 09:36:00,73.263,14.003,12.002,0,0,1512764,1057632,169684,5191532,21417.891,15792.869,0,1528.278,0,16.003,6122,7179,2.480,1.320,0.660,3,0,168.031,0,0,11,31,0,55,0
19-01 09:36:01,75.017,8.474,16.200,0,0,1597076,973156,169692,5191688,19658.854,14378.278,0,187.417,0,13.957,4806,3936,2.610,1.370,0.680,3,0,0.997,0,0,11,34,0,56,0
19-01 09:36:02,67.192,12.285,19.556,0,0,1632584,937452,169696,5191880,30789.946,21782.217,0,220.630,0,22.063,6707,8934,2.610,1.370,0.680,4,0,68.195,0,0,11,34,0,56,0
19-01 09:36:03,60.508,11.252,28.004,0.250,0,1565488,1004488,169720,5191920,21841.028,15793.190,0,444.062,0,39.005,5774,5521,2.610,1.370,0.680,4,0,138.019,0,0,11,33,0,59,0
19-01 09:36:04,53.500,13.250,32.750,0,0,1586068,983888,169728,5191932,15771.862,8514.926,0,359.997,0,26.000,4900,3699,2.610,1.370,0.680,2,0,119.999,0,0,11,33,0,60,0
19-01 09:36:05,50.012,9.704,38.815,0,0,1583120,986736,169736,5192024,20970.153,14086.927,0,246.825,0,17.915,4880,5396,2.610,1.370,0.680,3,0,95.545,0,0,11,34,0,61,0
19-01 09:36:06,55.273,8.291,35.927,0,0,1603716,965956,169736,5192208,24978.269,17292.339,0,188.932,0,9.045,4764,6135,2.640,1.390,0.690,3,0,44.218,0,0,11,33,0,61,0
19-01 09:36:07,55.625,8.232,35.421,0.249,0,1564108,1005496,169744,5192268,23343.733,13026.833,0,3979.091,0,158.645,4821,4581,2.640,1.390,0.690,3,0,42.904,0,0,11,33,0,62,0
19-01 09:36:08,38.277,7.005,54.288,0,0,1556820,1012604,169748,5192436,19985.988,15073.550,0,276.193,0,22.015,5470,6463,2.640,1.390,0.690,3,0,86.060,0,0,11,33,0,63,0
19-01 09:36:09,34.303,11.017,53.583,0.250,0,1495724,1073676,169748,5192460,14845.031,6758.485,0,268.416,0,25.039,4708,4494,2.640,1.390,0.690,2,0,135.210,0,0,11,32,0,64,0
19-01 09:36:10,37.379,3.987,57.564,0,0,1517476,1051908,169748,5192472,15773.150,10186.162,0,259.164,0,13.955,2976,2241,2.640,1.390,0.690,1,0,0,0,0,11,34,0,58,0
19-01 09:36:11,36.092,6.517,56.394,0.251,0,1516136,1053176,169756,5192536,15710.998,10550.861,0,172.439,0,15.038,4123,5132,2.590,1.410,0.700,2,0,34.087,0,0,11,32,0,60,0
19-01 09:36:12,36.640,9.721,52.841,0,0,1479968,1089328,169760,5192548,14099.507,6387.749,0,338.978,0,37.886,3533,2460,2.590,1.410,0.700,4,0,103.688,0,0,11,33,0,60,0
19-01 09:36:13,34.128,8.030,57.717,0,0,1479904,1089356,169776,5192568,14004.534,9267.765,0,273.024,0,25.094,4035,4087,2.590,1.410,0.700,2,0,60.226,0,0,11,33,0,61,0
19-01 09:36:14,35.132,4.983,58.055,0.249,0,1459360,1109720,169800,5192724,19233.326,10888.387,0,243.182,0,21.926,3966,3965,2.590,1.410,0.700,2,0,4.983,0,0,11,33,0,60,0
19-01 09:36:15,38.264,4.502,57.271,0,0,1449008,1120036,169808,5192752,20724.424,13006.659,0,248.089,0,10.004,4593,5008,2.590,1.410,0.700,3,0,2.001,0,0,11,33,0,61,0
19-01 09:36:16,37.510,7.002,54.514,0,0.250,1438344,1130652,169820,5192780,14426.705,7169.841,0,332.085,0,35.009,4339,4375,2.460,1.400,0.700,2,0,47.012,0,0,11,32,0,62,0
19-01 09:36:17,37.852,5.515,55.649,0.501,0,1496112,1072720,169848,5192916,18080.499,9565.659,0,2081.584,0,130.350,3658,3508,2.460,1.400,0.700,3,0,0,0,0,11,33,0,62,0
19-01 09:36:18,25.985,11.493,61.215,0,0,1460760,1107964,169852,5193020,22403.123,14624.594,0,143.917,0,17.990,5884,6745,2.460,1.400,0.700,2,0,265.847,0,0,11,33,0,62,0
19-01 09:36:19,20.451,4.988,73.573,0,0,1435304,1133400,169868,5193024,8238.224,2784.316,0,227.454,0,16.959,2528,2216,2.460,1.400,0.700,1,0,15.962,0,0,11,32,0,63,0
19-01 09:36:20,18.501,2.250,78.753,0,0,1440464,1128232,169868,5193028,15072.615,7248.296,0,108.004,0,8.000,2220,2092,2.460,1.400,0.700,1,0,0,0,0,11,33,0,63,0
19-01 09:36:21,12.029,10.275,76.186,0.251,0,1412880,1155792,169868,5193052,13146.027,6603.087,0,388.948,0,32.078,4575,4665,2.260,1.370,0.700,2,0,209.510,0,0,11,32,0,64,0
19-01 09:36:22,19.748,6.499,73.242,0,0,1462032,1106632,169868,5193060,8978.003,1619.820,0,11.999,0,3.000,2414,1637,2.260,1.370,0.700,1,0,74.992,0,0,11,32,0,57,0
19-01 09:36:23,16.213,2.245,80.315,0,0,1463532,1105120,169868,5193072,17245.329,9933.150,0,0,0,0,2845,3123,2.260,1.370,0.700,1,0,0,0,0,11,33,0,57,0
19-01 09:36:24,19.243,6.248,73.973,0,0,1446808,1121824,169872,5193084,42828.431,3959.561,0,279.898,0,12.995,2876,2489,2.260,1.370,0.700,1,0,45.983,0,0,11,32,0,58,0
19-01 09:36:25,19.503,1.750,77.763,0,0.250,1473860,1094764,169876,5193088,48637.850,6662.075,0,84.014,0,7.001,2078,1650,2.260,1.370,0.700,1,0,0,0,0,11,33,0,58,0
19-01 09:36:26,17.259,2.751,78.290,0,0,1452692,1115760,169884,5193252,17064.702,10582.397,0,248.127,0,29.015,4734,6341,2.080,1.350,0.690,1,0,1.001,0,0,11,32,0,58,0
19-01 09:36:27,11.029,21.055,66.674,0.251,0,1368464,1199832,169888,5193400,8555.294,1624.233,0,2422.312,0,146.381,6262,4715,2.080,1.350,0.690,3,0,547.427,0,0,11,34,0,57,0
19-01 09:36:28,45.858,11.464,41.372,0.249,0,1491808,1076304,169904,5193560,7227.573,1561.156,0,450.602,0,25.920,4452,19443,2.080,1.350,0.690,2,0,115.641,0,0,11,32,0,60,0
19-01 09:36:29,39.798,7.509,46.556,5.507,0,1550188,1012368,170300,5198236,8466.181,1621.950,0,14994.031,0,1302.566,10436,13102,2.080,1.350,0.690,3,1,71.085,0,0,11,36,0,60,0
19-01 09:36:30,37.053,7.761,40.057,12.768,0,1549372,1008376,171140,5202000,9636.803,1664.384,0,52643.402,0,4491.433,22537,32360,2.080,1.350,0.690,3,0,95.136,0,0,11,36,0,60,0
19-01 09:36:31,43.145,7.482,43.893,4.738,0,1538892,1019104,171332,5201536,5786.952,1616.077,0,21032.942,0,1611.089,10135,12427,2.070,1.360,0.700,3,0,12.969,0,0,11,32,0,54,0
19-01 09:36:32,43.113,6.016,47.624,2.256,0,1519504,1038220,171444,5201696,7339.186,1624.246,0,5221.650,0,807.110,7524,9952,2.070,1.360,0.700,1,1,2.005,0,0,11,34,0,54,0
19-01 09:36:33,37.513,9.753,45.266,5.752,0,1536488,1020400,171904,5202060,9063.129,1566.541,0,16945.850,0,2114.730,14297,21197,2.070,1.360,0.700,5,0,75.026,0,0,11,32,0,54,0
19-01 09:36:34,23.202,4.491,69.607,1.746,0,1482132,1074584,172056,5202076,8002.582,1562.794,0,13456.392,0,747.466,4789,4950,2.070,1.360,0.700,1,0,25.947,0,0,11,32,0,54,0
19-01 09:36:35,22.030,3.505,73.599,0,0,1536620,1020092,172056,5202076,9333.616,1622.193,0,216.292,0,9.012,2008,1414,2.070,1.360,0.700,1,0,2.003,0,0,11,32,0,49,0
19-01 09:36:36,22.938,3.491,72.804,0.249,0,1522048,1034608,172088,5202096,7575.619,1615.653,0,1507.943,0,91.753,2240,1714,1.990,1.360,0.700,1,0,1.995,0,0,11,32,0,49,0
19-01 09:36:37,22.759,3.001,73.530,0,0,1556088,1000568,172088,5202096,8870.639,1566.643,0,0,0,0,1808,1101,1.990,1.360,0.700,1,0,2.001,0,0,11,32,0,49,0
19-01 09:36:38,22.750,3.000,73.501,0,0,1508340,1048304,172088,5202108,7347.117,1620.026,0,0,0,0,1860,1336,1.990,1.360,0.700,2,0,1.000,0,0,11,32,0,49,0
19-01 09:36:39,23.284,3.004,73.606,0,0,1523080,1033564,172088,5202108,5686.193,1622.338,0,0,0,0,1756,1106,1.990,1.360,0.700,2,0,2.003,0,0,11,32,0,47,0
19-01 09:36:40,21.968,3.245,73.143,0,0,1492932,1063604,172088,5202180,10282.004,1617.641,0,3.994,0,0.999,1838,1264,1.990,1.360,0.700,1,0,0.999,0,0,11,32,0,47,0
19-01 09:36:41,22.750,3.000,73.999,0,0,1526436,1030100,172088,5202180,7504.880,1619.974,0,0,0,0,1766,1061,1.910,1.350,0.700,2,0,2.000,0,0,11,32,0,47,0
19-01 09:36:42,21.454,3.991,73.343,0,0,1472020,1084396,172092,5202288,25563.331,1508.773,0,291.377,0,10.977,2209,1653,1.910,1.350,0.700,2,0,0.998,0,0,11,32,0,47,0
19-01 09:36:43,22.301,3.759,73.417,0.501,0,1455260,1101144,172092,5202300,11279.618,1623.688,0,653.484,0,86.196,2073,1413,1.910,1.350,0.700,2,0,1.002,0,0,11,32,0,43,0
19-01 09:36:44,22.766,3.002,73.301,0,0,1491040,1065360,172092,5202300,12788.834,1621.120,0,0,0,0,1831,1155,1.910,1.350,0.700,2,0,2.001,0,0,11,32,0,43,0
19-01 09:36:45,22.730,3.747,73.935,0,0,1465368,1091004,172092,5202328,29043.658,1704.513,0,0,0,0,1995,1316,1.910,1.350,0.700,2,0,0.999,0,0,11,32,0,43,0
19-01 09:36:46,22.255,3.251,73.516,0,0,1462384,1093968,172092,5202348,9739.154,1566.346,0,4.001,0,1.000,1839,1263,1.830,1.340,0.710,2,0,2.000,0,0,11,32,0,43,0
19-01 09:36:47,22.251,3.500,73.505,0,0,1485912,1070436,172092,5202352,7252.478,1620.107,0,0,0,0,1784,1162,1.830,1.340,0.710,2,0,2.000,0,0,11,32,0,37,0
19-01 09:36:48,14.269,14.019,71.096,0,0.250,1445468,1110692,172092,5202500,16641.578,1622.201,0,360.489,0,5.007,4611,3324,1.830,1.340,0.710,2,0,290.394,0,0,11,32,0,37,0
19-01 09:36:49,7.749,21.498,69.993,0,0,1431796,1124316,172092,5202544,7031.301,1619.839,0,803.920,0,11.999,6205,4747,1.830,1.340,0.710,1,0,468.953,0,0,11,32,0,37,0
19-01 09:36:50,8.996,20.242,68.972,0,0,1437380,1118700,172092,5202576,7190.052,1705.301,0,175.928,0,1.999,6208,4783,1.830,1.340,0.710,1,0,469.807,0,0,11,32,0,37,0
19-01 09:36:51,18.220,8.486,72.631,0,0,1428692,1127384,172092,5202572,12980.816,1617.361,0,175.713,0,5.990,3097,2272,1.770,1.340,0.710,1,0,143.765,0,0,11,32,0,37,0
19-01 09:36:52,22.007,3.501,73.022,0,0,1486272,1069804,172092,5202572,8327.559,1512.465,0,224.069,0,11.003,1990,1440,1.770,1.340,0.710,1,0,2.001,0,0,11,32,0,37,0
19-01 09:36:53,22.245,3.749,73.732,0.250,0,1495516,1060556,172100,5202568,8802.893,1619.612,0,355.915,0,25.994,1963,1399,1.770,1.340,0.710,1,0,1.000,0,0,11,32,0,37,0
19-01 09:36:54,22.756,3.001,73.768,0,0,1527216,1028856,172100,5202568,49454.395,1608.403,0,20.005,0,1.000,1929,1083,1.770,1.340,0.710,1,0,2.001,0,0,11,32,0,37,0
19-01 09:36:55,22.757,3.501,73.523,0,0,1485484,1070580,172100,5202576,44184.815,1690.529,0,0,0,0,1977,1356,1.770,1.340,0.710,1,0,1.000,0,0,11,32,0,33,0
19-01 09:36:56,22.751,2.750,73.503,0,0,1519244,1036808,172100,5202588,8849.307,1620.056,0,12.000,0,1.000,1889,1217,1.710,1.330,0.710,1,0,3.000,0,0,11,32,0,33,0
19-01 09:36:57,22.000,3.500,73.500,0,0,1480312,1075760,172100,5202568,11838.042,1620.006,0,4.000,0,1.000,1932,1308,1.710,1.330,0.710,1,0,1.000,0,0,11,32,0,33,0
19-01 09:36:58,22.756,4.251,72.270,0,0,1456156,1099880,172100,5202588,9040.506,1662.461,0,24.007,0,2.001,1988,1174,1.710,1.330,0.710,1,0,9.002,0,0,11,32,0,33,0
19-01 09:36:59,21.959,3.494,73.614,0,0,1472460,1083588,172100,5202576,8450.412,1617.017,0,570.947,0,89.834,2003,1286,1.710,1.330,0.710,1,0,0,0,0,11,32,0,28,0
19-01 09:37:00,22.470,3.246,73.652,0,0,1468412,1087620,172100,5202592,9561.242,1617.841,0,11.984,0,0.999,1852,1083,1.710,1.330,0.710,1,0,2.996,0,0,11,32,0,28,0
19-01 09:37:01,22.728,2.997,73.429,0,0,1466948,1089108,172100,5202568,9315.936,1456.583,0,2509.558,0,81.920,2006,1303,1.650,1.330,0.710,1,0,0,0,0,11,32,0,28,0
19-01 09:37:02,22.838,3.263,73.783,0,0,1415848,1140188,172100,5202600,6909.477,1626.232,0,220.846,0,11.042,1984,1490,1.650,1.330,0.710,1,0,3.012,0,0,11,32,0,28,0
19-01 09:37:03,22.753,3.500,73.260,0,0,1469920,1086204,172100,5202512,10579.459,1620.223,0,308.042,0,23.003,1954,1360,1.650,1.330,0.710,1,0,0,0,0,11,32,0,21,0
19-01 09:37:04,22.800,3.257,73.663,0,0,1457080,1098952,172100,5202604,9678.365,1717.792,0,96.212,0,3.007,1841,1071,1.650,1.330,0.710,1,0,3.007,0,0,11,32,0,21,0
19-01 09:37:05,21.698,4.240,73.574,0,0,1437368,1118632,172100,5202636,6969.337,1616.136,0,11.971,0,0.998,1813,1286,1.650,1.330,0.710,1,0,0.998,0,0,11,32,0,21,0
19-01 09:37:06,22.498,3.500,73.243,0,0,1444192,1111828,172100,5202616,9148.169,1619.853,0,95.991,0,2.000,1866,1322,1.600,1.320,0.710,1,0,1.000,0,0,11,32,0,21,0
19-01 09:37:07,22.255,3.251,74.018,0,0,1427852,1128148,172100,5202636,9339.293,1620.398,0,20.005,0,1.000,1787,1113,1.600,1.320,0.710,1,0,3.001,0,0,11,32,0,16,0
19-01 09:37:08,22.499,3.250,73.498,0,0,1470216,1085804,172100,5202616,8788.744,1619.953,0,19.999,0,1.000,1843,1408,1.600,1.320,0.710,1,0,0,0,0,11,32,0,16,0
19-01 09:37:09,22.750,3.250,73.501,0,0,1444712,1111300,172100,5202624,8378.099,1620.019,0,232.003,0,33.000,1863,1259,1.600,1.320,0.710,1,0,1.000,0,0,11,32,0,16,0
19-01 09:37:10,22.749,2.750,73.995,0,0,1494744,1061256,172100,5202636,5415.645,1457.905,0,15.999,0,2.000,1729,1087,1.600,1.320,0.710,1,0,2.000,0,0,11,32,0,16,0
19-01 09:37:11,10.251,20.501,68.254,0,0,1428404,1127548,172100,5202684,7071.416,1620.095,0,272.016,0,11.001,5918,4436,1.550,1.320,0.720,1,0,460.027,0,0,11,32,0,16,0
19-01 09:37:12,22.998,3.000,73.495,0.250,0,1455084,1100848,172100,5202704,8992.362,1619.885,0,135.990,0,8.999,2003,1591,1.550,1.320,0.720,1,0,0,0,0,11,32,0,11,0
19-01 09:37:13,23.006,2.501,73.768,0,0,1434008,1121668,172112,5202948,7860.917,1620.395,0,352.086,0,22.005,1922,1222,1.550,1.320,0.720,1,0,9.002,0,0,11,32,0,11,0
19-01 09:37:14,22.995,2.749,73.484,0,0,1476708,1078968,172112,5202948,8310.145,1619.639,0,0,0,0,1784,1210,1.550,1.320,0.720,2,0,0,0,0,11,32,0,11,0
19-01 09:37:15,13.284,17.043,68.424,0.251,0,1444248,1111288,172112,5203088,8642.032,1624.141,40.102,200.511,2.005,31.079,5018,3703,1.550,1.320,0.720,3,0,363.928,0,0,11,32,0,11,0
19-01 09:37:16,7.501,22.254,69.011,0,0,1446492,1108980,172112,5203120,7985.257,1620.255,0,144.023,0,7.001,6305,4853,1.500,1.310,0.720,1,0,485.076,0,0,11,32,0,8,0
19-01 09:37:17,8.249,22.998,67.996,0,0,1430248,1125196,172112,5203148,8599.437,1619.894,0,267.982,0,4.000,6375,4839,1.500,1.310,0.720,1,0,499.967,0,0,11,32,0,8,0
19-01 09:37:18,8.736,21.716,67.893,0,0,1416720,1138680,172112,5203176,5192.806,1617.448,0,1437.731,0,15.975,6316,4777,1.500,1.310,0.720,1,0,505.203,0,0,11,32,0,8,0
19-01 09:37:19,8.257,22.019,68.560,0,0,1404824,1150552,172112,5203200,5540.811,1459.267,0,1104.959,0,12.010,6234,4708,1.500,1.310,0.720,1,0,499.434,0,0,11,32,0,8,0
19-01 09:37:20,8.254,22.009,69.280,0,0,1390064,1165268,172112,5203240,9899.233,1620.693,0,876.375,0,11.005,6414,4997,1.500,1.310,0.720,3,0,531.227,0,0,11,32,0,5,0
19-01 09:37:21,8.753,21.006,69.520,0,0,1384816,1170456,172112,5203284,9055.592,1620.464,0,388.111,0,13.004,6455,5094,1.540,1.320,0.730,2,0,529.151,0,0,11,32,0,5,0
19-01 09:37:22,8.249,22.247,68.491,0.250,0,1374552,1180656,172112,5203320,8610.929,1619.799,0,459.943,0,24.997,6768,5627,1.540,1.320,0.730,2,0,576.928,0,0,11,32,0,5,0
19-01 09:37:23,8.492,20.730,68.934,0,0,1323716,1231448,172112,5203344,8794.545,1618.444,0,415.600,0,26.974,6040,4684,1.540,1.320,0.730,1,0,433.583,0,0,11,32,0,5,0
19-01 09:37:24,39.788,28.527,31.030,0,0,1387784,1167312,172128,5203396,43884.858,1621.547,0,1020.974,0,63.060,7338,6680,1.540,1.320,0.730,3,0,724.691,0,0,11,32,0,9,0
19-01 09:37:25,66.106,9.230,23.948,0,0,1585984,967296,172200,5204928,44102.664,1616.469,0,606.675,0,84.815,4083,1657,1.540,1.320,0.730,4,0,1.996,0,0,11,32,0,9,0
19-01 09:37:26,49.860,9.270,27.059,13.279,0,1592744,949112,173200,5214316,7762.048,1623.566,372.819,45251.388,3.007,3356.372,19806,28473,1.740,1.370,0.740,4,1,119.262,0,0,11,36,0,10,0
19-01 09:37:27,37.979,10.494,30.733,16.241,0,1590596,938952,173820,5225548,8416.326,1619.101,0,79124.057,0,5714.826,24185,39542,1.740,1.370,0.740,2,2,140.922,0,0,11,36,0,10,0
19-01 09:37:28,44.776,12.757,25.015,16.760,0,1644048,876748,174128,5233668,17299.103,8372.890,0,84681.454,0,6174.606,26565,49413,1.740,1.370,0.740,0,1,81.047,0,0,11,37,0,9,0
19-01 09:37:29,42.759,17.004,28.256,10.752,0,1541408,971508,174816,5240636,10512.179,4123.855,0,64933.458,0,4824.000,21352,34754,1.740,1.370,0.740,2,1,221.046,0,0,11,34,0,10,0
19-01 09:37:30,42.915,16.218,27.945,11.976,0,1579432,925716,175208,5247980,9870.528,3624.849,371.268,52943.558,5.988,3792.518,21926,30585,1.740,1.370,0.740,4,0,212.581,0,0,11,35,0,10,0
19-01 09:37:31,35.529,13.261,35.279,14.262,0,1580792,920748,175364,5250964,13800.406,7927.552,528.437,46797.680,7.006,3531.919,19684,29741,1.920,1.410,0.760,2,1,129.107,0,0,11,35,0,10,0
19-01 09:37:32,34.757,14.003,37.507,12.002,0,1583344,914780,175464,5254168,20547.873,12295.318,1272.240,47058.871,28.005,3877.731,22313,34458,1.920,1.410,0.760,2,0,204.038,0,0,11,35,0,9,0
19-01 09:37:33,36.538,9.009,39.291,11.512,0,1560332,938284,175708,5253432,10352.809,2087.179,0,45227.222,0,4185.370,22494,31610,1.920,1.410,0.760,2,0,54.056,0,0,11,34,0,9,0
19-01 09:37:34,33.744,7.499,44.992,11.998,0,1584008,913332,176032,5254364,11985.967,6659.870,0,46892.047,0,4340.264,22169,32229,1.920,1.410,0.760,2,0,45.992,0,0,11,35,0,9,0
19-01 09:37:35,34.483,6.747,47.477,9.495,0,1576856,918284,176164,5256408,19695.462,11343.506,0,45657.888,0,4173.979,23052,34156,1.920,1.410,0.760,4,0,35.983,0,0,11,35,0,9,0
19-01 09:37:36,33.765,11.005,42.269,10.255,0,1534316,958432,176260,5258648,13173.849,7032.122,0,38749.203,0,3659.625,20399,30854,1.850,1.400,0.760,4,0,120.053,0,0,11,36,0,10,0
19-01 09:37:37,37.504,7.751,41.504,12.001,0,1584532,904640,176360,5262032,6271.609,2234.217,0,55657.402,0,4713.457,25905,35583,1.850,1.400,0.760,3,0,60.006,0,0,11,37,0,10,0
19-01 09:37:38,30.484,8.995,47.725,11.244,0,1576424,909308,176520,5265200,19480.716,10446.485,0,65409.469,0,5322.190,26383,39845,1.850,1.400,0.760,2,1,71.962,0,0,11,37,0,10,0
19-01 09:37:39,31.258,7.502,45.761,12.253,0,1569004,913732,176600,5268028,18058.389,11587.816,0,64571.694,0,5296.287,26859,41267,1.850,1.400,0.760,1,1,90.022,0,0,11,36,0,10,0
19-01 09:37:40,36.254,9.501,40.254,11.251,0,1533460,950824,176632,5266412,11413.274,1620.181,0,48281.388,0,4204.469,20907,30766,1.850,1.400,0.760,6,1,54.006,0,0,11,36,0,10,0
19-01 09:37:41,33.752,7.500,45.002,11.751,0,1551740,934536,176692,5264376,13139.639,7287.354,0,58914.863,0,4942.240,21469,34516,1.780,1.400,0.760,6,0,39.002,0,0,11,35,0,11,0
19-01 09:37:42,28.181,9.726,60.352,0.249,0,1428952,1057256,176696,5264440,17615.802,13224.570,0,3575.233,0,212.479,6379,7956,1.780,1.400,0.760,0,0,211.481,0,0,11,33,0,11,0
19-01 09:37:43,17.786,6.764,74.152,0.251,0,1383884,1102308,176696,5264456,13011.677,4536.301,0,925.898,0,57.117,3340,3112,1.780,1.400,0.760,1,0,55.113,0,0,11,32,0,12,0
19-01 09:37:44,18.708,1.996,77.825,0.249,0,1429228,1056960,176696,5264460,12186.623,6538.312,0,622.601,0,35.919,2107,1846,1.780,1.400,0.760,1,0,0,0,0,11,33,0,12,0
19-01 09:37:45,18.252,5.001,75.260,0,0,1405568,1080600,176696,5264480,13506.842,5371.732,0,444.061,0,27.004,3291,3343,1.780,1.400,0.760,1,0,34.005,0,0,11,32,0,13,0
19-01 09:37:46,21.250,2.750,75.499,0,0,1465864,1020304,176696,5264480,8507.931,3589.971,0,403.997,0,27.000,1867,1365,1.720,1.390,0.770,0,0,1.000,0,0,11,33,0,13,0
19-01 09:37:47,16.029,4.508,78.393,0.751,0,1434920,1051236,176700,5264488,11866.627,6382.632,0,2700.922,0,161.294,3286,3407,1.720,1.390,0.770,1,0,60.110,0,0,11,32,0,14,0
19-01 09:37:48,21.711,3.494,73.618,0,0,1451548,1034608,176700,5264488,8985.841,1617.092,0,0,0,0,1836,1246,1.720,1.390,0.770,2,0,0,0,0,11,32,0,14,0
19-01 09:37:49,15.493,1.999,80.966,0,0,1455752,1030040,176700,5264852,18724.130,11345.231,0,51.978,0,1.000,3120,3597,1.720,1.390,0.770,1,0,0,0,0,11,33,0,14,0
19-01 09:37:50,20.258,6.253,72.780,0,0,1422864,1062920,176700,5264860,6795.813,2392.990,0,224.093,0,21.009,2515,2272,1.720,1.390,0.770,1,0,43.018,0,0,11,32,0,15,0
19-01 09:37:51,17.790,2.005,78.679,0.501,0,1449368,1036276,176704,5264992,16018.437,7413.864,0,1298.955,0,150.342,2134,1671,1.660,1.380,0.770,1,0,0,0,0,11,33,0,15,0
19-01 09:37:52,15.248,6.749,77.492,0,0.250,1409136,1076448,176704,5265052,12748.656,6565.308,0,387.959,0,26.997,4457,4880,1.660,1.380,0.770,1,0,113.988,0,0,11,32,0,16,0
19-01 09:37:53,11.002,24.004,63.510,0,0,1393712,1091744,176704,5265180,8451.316,1620.252,0,392.061,0,28.004,6740,5411,1.660,1.380,0.770,4,0,602.094,0,0,11,32,0,18,0
19-01 09:37:54,63.884,10.980,24.705,0.250,0,1548880,936384,176712,5265364,42287.986,1658.979,0,670.778,0,42.922,4585,2803,1.660,1.380,0.770,3,0,83.847,0,0,11,32,0,22,0
19-01 09:37:55,67.388,7.766,24.049,0.501,0,1663064,819168,176744,5268148,43928.166,1623.332,0,3358.894,0,104.214,4258,1802,1.660,1.380,0.770,3,0,0,0,0,11,32,0,22,0
19-01 09:37:56,62.952,7.494,26.230,1.998,0,1772508,703752,176860,5273424,8705.353,1618.764,0,19960.758,0,1178.100,8484,8663,1.770,1.410,0.780,2,1,45.965,0,0,11,38,0,22,0
19-01 09:37:57,36.273,9.756,39.025,12.758,0,1769844,691700,176960,5287584,7150.610,1621.045,0,106932.935,0,7388.763,33322,52206,1.770,1.410,0.780,2,1,243.157,0,0,11,38,0,22,0
19-01 09:37:58,39.708,10.489,34.963,12.487,0,1769116,681620,176996,5298044,5791.801,1606.281,0,89680.019,0,7209.284,36254,58303,1.770,1.410,0.780,1,2,221.763,0,0,11,38,0,22,0
19-01 09:37:59,40.994,11.998,31.495,12.998,0,1687824,753360,177064,5307132,9155.604,1619.753,0,81043.639,0,5991.086,28349,42197,1.770,1.410,0.780,3,1,248.962,0,0,11,36,0,22,0
19-01 09:38:00,47.901,8.981,29.189,11.227,0,1741456,690864,177104,5315628,7140.197,1508.872,0,74772.982,0,5229.159,22896,36150,1.770,1.410,0.780,5,1,72.849,0,0,11,36,0,22,0
19-01 09:38:01,41.365,10.529,32.089,13.287,0,1792484,625400,177132,5329512,9765.194,1624.524,0,103127.188,0,6653.529,30621,43730,1.950,1.450,0.800,1,1,23.064,0,0,11,36,0,22,0
19-01 09:38:02,36.513,11.504,37.013,12.505,0,1731880,682408,177168,5332992,11467.136,1620.584,0,87315.490,0,6504.346,27522,43217,1.950,1.450,0.800,2,1,168.061,0,0,11,36,0,22,0
19-01 09:38:03,31.257,11.253,53.262,2.501,0,1466344,947328,177176,5333568,9547.171,1620.369,0,21136.807,0,1481.337,9837,12009,1.950,1.450,0.800,1,0,263.060,0,0,11,32,0,22,0
19-01 09:38:04,21.948,3.492,73.575,0.249,0,1500412,913256,177176,5333572,7589.932,1709.929,0,1640.096,0,93.777,2033,1596,1.950,1.450,0.800,1,0,4.988,0,0,11,32,0,22,0
19-01 09:38:05,22.794,3.757,72.140,0.501,0,1550476,863156,177176,5333608,6765.100,1623.143,0,5783.199,0,346.671,2393,2587,1.950,1.450,0.800,1,0,2.004,0,0,11,34,0,22,0
19-01 09:38:06,22.461,3.993,73.373,0,0,1495532,918096,177176,5333612,8705.874,1617.190,0,155.729,0,11.979,2527,2072,1.870,1.450,0.800,1,0,27.951,0,0,11,32,0,22,0
19-01 09:38:07,22.489,2.999,73.464,0,0,1489520,924108,177176,5333612,9554.371,1619.215,0,519.748,0,48.976,1927,1253,1.870,1.450,0.800,1,0,1.000,0,0,11,32,0,22,0
19-01 09:38:08,23.750,2.250,73.001,0.250,0,1519508,894120,177176,5333612,5691.092,1458.024,0,740.012,0,54.001,2074,1787,1.870,1.450,0.800,1,0,2.000,0,0,11,34,0,22,0
19-01 09:38:09,15.530,31.811,52.351,0,0,1463688,949752,177176,5333800,9480.316,1623.136,0,56.108,0,14.027,7009,6297,1.870,1.450,0.800,2,0,914.767,0,0,11,32,0,22,0
19-01 09:38:10,9.757,26.769,62.293,0.250,0,1464224,949128,177176,5333872,7645.311,1621.126,0,352.245,0,27.019,7060,5895,1.870,1.450,0.800,2,0,764.531,0,0,11,32,0,22,0
19-01 09:38:11,8.732,20.209,70.109,0,0,1452348,960956,177176,5333916,10966.008,1616.758,0,91.816,0,6.986,5942,4390,1.720,1.420,0.790,2,0,415.167,0,0,11,32,0,22,0
19-01 09:38:12,9.522,21.049,67.407,0.752,0,1414840,998408,177176,5333960,8299.381,1623.792,0,8090.894,0,497.161,7338,6102,1.720,1.420,0.790,1,0,409.957,0,0,11,32,0,22,0
19-01 09:38:13,27.221,15.733,55.940,0.250,0,1417512,995692,177176,5334368,5569.058,1618.273,0,4239.477,0,187.800,6617,7950,1.720,1.420,0.790,3,0,225.759,0,0,11,32,0,22,0
19-01 09:38:14,44.425,6.988,47.669,0,0,1507556,905536,177184,5334548,9194.450,1617.265,0,143.757,0,5.990,2983,1583,1.720,1.420,0.790,2,0,22.961,0,0,11,33,0,22,0
19-01 09:38:15,45.729,5.497,48.228,0,0,1598320,814740,177200,5334564,8613.998,1619.248,0,519.759,0,26.987,3631,2700,1.720,1.420,0.790,2,0,16.992,0,0,11,49,0,22,0
19-01 09:38:16,47.788,6.005,45.286,0,0,1641696,767576,177244,5337920,7258.779,1621.291,0,1096.873,0,134.107,4676,6658,1.740,1.430,0.800,4,0,19.015,0,0,11,48,0,22,0
19-01 09:38:17,13.989,19.485,64.449,0,0,1644352,764156,177244,5339024,8946.904,1510.802,0,375.702,0,12.990,6669,7757,1.740,1.430,0.800,2,0,388.692,0,0,11,48,0,22,0
19-01 09:38:18,13.002,7.251,78.764,0.250,0,1646860,761664,177244,5338592,7550.328,1566.275,0,440.077,0,34.006,3799,4793,1.740,1.430,0.800,2,0,92.016,0,0,11,48,0,22,0
19-01 09:38:19,0.750,1.000,97.984,0,0,1646856,761664,177248,5338592,9344.459,1619.733,0,815.865,0,3.000,786,982,1.740,1.430,0.800,0,0,3.000,0,0,11,48,0,22,0
19-01 09:38:20,0.250,0.500,98.260,0,0.250,1646856,761664,177248,5338592,9097.892,1620.159,0,64.006,0,4.000,880,1053,1.740,1.430,0.800,1,0,3.000,0,0,11,48,0,22,0
19-01 09:38:21,0.750,0.500,98.488,0,0,1646856,761664,177248,5338592,6265.208,1619.795,0,0,0,0,711,920,1.600,1.410,0.800,0,0,1.000,0,0,11,48,0,22,0
19-01 09:38:22,2.250,3.500,92.760,0,0,1645232,763292,177248,5338576,9587.013,1620.171,0,4.000,0,1.000,1818,1764,1.600,1.410,0.800,0,0,50.005,0,0,11,48,0,22,0
19-01 09:38:23,20.296,16.037,63.144,0,0,1627840,780644,177248,5338592,8442.273,1623.707,0,180.412,0,2.005,5681,7989,1.600,1.410,0.800,1,0,287.657,0,0,11,48,0,22,0
19-01 09:38:24,10.246,15.744,73.221,0,0,1643308,765160,177248,5338632,44119.511,1619.358,0,3.998,0,1.000,5076,4327,1.600,1.410,0.800,2,0,301.880,0,0,12,48,0,22,0
19-01 09:38:25,19.958,15.966,63.116,0,0,1660728,747548,177248,5338788,42472.993,1854.071,0,315.332,0,29.937,6505,7685,1.600,1.410,0.800,3,0,237.497,0,0,12,64,0,16,0
19-01 09:38:26,6.750,7.250,84.502,0.250,0,1642492,765804,177248,5338784,9511.170,1566.028,0,236.004,0,11.000,3068,3238,1.640,1.420,0.800,0,0,188.003,0,0,12,64,0,16,0
19-01 09:38:27,14.797,17.054,67.214,0.502,0,1660488,747788,177248,5339252,6973.152,1516.819,0,3876.314,0,248.790,6768,6807,1.640,1.420,0.800,2,0,268.854,0,0,14,64,0,16,0
19-01 09:38:28,15.250,15.750,67.249,0.250,0,1663552,744644,177248,5341532,6143.878,1619.968,0,3979.921,0,156.997,5613,9789,1.640,1.420,0.800,6,0,350.993,0,0,14,66,0,16,0
19-01 09:38:29,10.231,20.711,67.621,0,0,1634368,773768,177252,5338888,5380.752,1616.920,0,115.779,0,13.973,6146,11072,1.640,1.420,0.800,1,0,371.293,0,0,14,66,0,14,0
19-01 09:38:30,18.790,15.533,64.386,0,0,1645124,763004,177252,5338896,9977.023,1623.421,0,8.017,0,2.004,6098,6989,1.640,1.420,0.800,2,0,209.441,0,0,14,66,0,14,0
19-01 09:38:31,29.747,24.497,44.995,0,0,1728260,679804,177260,5338956,7954.110,1619.819,0,411.954,0,9.999,6687,5343,1.830,1.460,0.820,3,0,555.938,0,0,14,66,0,14,0
19-01 09:38:32,27.498,26.248,44.496,0,0,1836184,570464,177316,5340232,11028.087,1619.866,0,19.998,0,5.000,7225,8182,1.830,1.460,0.820,3,0,542.955,0,0,14,66,0,14,0
19-01 09:38:33,35.252,21.751,42.002,0,0.250,1941244,465084,177324,5340888,7238.331,1620.074,0,64.003,0,12.001,6541,7038,1.830,1.460,0.820,3,0,369.017,0,0,14,70,0,16,0
19-01 09:38:34,59.041,22.670,16.193,0,0.249,2042328,363980,177332,5340916,8752.050,1560.482,0,526.139,0,3.986,4852,4202,1.830,1.460,0.820,5,0,454.393,0,0,14,70,0,16,0
19-01 09:38:35,64.794,21.515,12.759,0,0,2135688,269748,177348,5342168,9295.322,1711.164,0,32.022,0,8.005,6025,7436,1.830,1.460,0.820,4,0,387.263,0,0,14,70,0,16,0
19-01 09:38:36,66.440,23.567,9.277,0,0,2231220,173004,177424,5342728,7295.855,1516.334,0,1448.139,0,40.115,5419,5961,1.920,1.490,0.830,5,0,374.069,0,0,14,70,0,16,0
19-01 09:38:37,72.772,22.928,2.741,1.246,0,2361384,168144,172108,5224948,8492.372,1614.936,630.025,8142.469,64.797,568.218,7708,6753,1.920,1.490,0.830,7,0,348.906,0,0,14,74,0,16,0
19-01 09:38:38,63.779,22.760,6.253,6.503,0,2468524,136940,171356,5152352,9539.395,1620.747,1024.472,26011.985,75.035,1606.740,13590,20300,1.920,1.490,0.830,5,0,251.116,0,0,14,74,0,15,0
19-01 09:38:39,67.276,26.010,3.251,2.251,0.250,2560920,193248,170908,5007580,7423.894,1620.632,24.009,19799.717,6.002,1797.701,15459,22490,1.920,1.490,0.830,5,0,412.161,0,0,14,76,0,15,0
19-01 09:38:40,73.296,19.012,7.255,0.500,0,2614740,188000,170436,4960176,8875.597,1621.022,268.169,1292.815,38.024,60.038,8750,17246,1.920,1.490,0.830,3,1,234.148,0,0,14,87,0,21,0
19-01 09:38:41,54.774,25.011,19.008,0.750,0,2745988,204116,170136,4816668,8717.858,1620.717,612.271,960.425,42.019,60.027,7171,6679,2.010,1.510,0.840,4,0,545.241,0,0,14,93,0,24,0
19-01 09:38:42,44.246,21.998,32.997,0.250,0,2824292,193544,170136,4750384,9050.279,1565.875,283.977,755.940,15.999,45.996,7638,12182,2.010,1.510,0.840,2,0,401.968,0,0,14,93,0,23,0
19-01 09:38:43,55.247,15.499,26.998,1.750,0,2930832,153748,170144,4685468,7054.560,1661.896,2043.872,4275.733,25.998,219.986,6041,7824,2.010,1.510,0.840,4,0,196.988,0,0,14,96,0,23,0
19-01 09:38:44,48.527,9.755,40.523,0.500,0,3042852,173192,170164,4556480,6087.429,1620.913,64.036,1865.051,4.002,121.068,5027,6829,2.010,1.510,0.840,1,0,41.023,0,0,14,101,0,26,0
19-01 09:38:45,8.003,20.008,70.528,0.250,0,3061700,154312,170164,4556516,11789.739,1602.644,0,124.050,0,12.005,5975,4468,2.010,1.510,0.840,1,0,364.146,0,0,14,101,0,26,0
19-01 09:38:46,7.985,19.214,71.117,0,0,3063892,152084,170164,4556552,8475.091,1616.965,0,143.730,0,12.976,5898,4368,1.930,1.500,0.850,1,0,353.337,0,0,14,101,0,24,0
19-01 09:38:47,11.744,15.742,71.466,0,0,3097060,118892,170164,4556576,6204.013,1619.220,3.998,39.981,1.000,3.998,4370,3210,1.930,1.500,0.850,1,0,241.884,0,0,14,101,0,24,0
19-01 09:38:48,17.472,2.746,77.378,1.997,0,3131996,151400,170164,4490540,13212.168,4002.689,7.987,2823.548,0.998,7.987,1669,1275,1.930,1.500,0.850,1,0,0,0,0,14,102,0,24,0
19-01 09:38:49,19.075,5.522,74.040,0.251,0,3087860,195520,170164,4490556,28584.132,21684.064,0,526.064,0,33.130,3236,3086,1.930,1.500,0.850,1,0,57.224,0,0,14,105,0,25,0
19-01 09:38:50,21.438,3.989,73.538,0,0,3155496,127872,170164,4490568,9235.394,1561.502,0,0,0,0,1897,1290,1.930,1.500,0.850,1,0,6.980,0,0,14,105,0,23,0
19-01 09:38:51,16.239,2.998,79.446,0.250,0,3153112,130236,170164,4490592,14758.892,8100.452,0,519.644,0,51.964,2657,2774,1.770,1.480,0.840,1,0,3.997,0,0,14,116,0,23,0
19-01 09:38:52,24.779,4.756,68.329,1.251,0,3152064,130676,170176,4491188,6116.103,1621.884,136.158,1818.112,8.009,217.252,5262,7025,1.770,1.480,0.840,2,0,2.002,0,0,14,117,0,23,0
19-01 09:38:53,25.554,7.015,66.391,0.752,0,3077936,204728,170180,4491260,10129.558,2768.893,0,1294.755,0,127.271,5846,7159,1.770,1.480,0.840,1,0,87.186,0,0,14,120,0,25,0
19-01 09:38:54,34.163,7.730,56.606,0,0,3209464,138944,170180,4427024,42971.762,1550.060,7.980,598.479,1.995,48.876,3816,3061,1.770,1.480,0.840,1,0,29.924,0,0,14,124,0,18,0
19-01 09:38:55,19.750,3.250,76.000,0.500,0,3219480,128892,170180,4427060,47899.687,8182.947,0,2631.983,0,180.999,2908,3281,1.770,1.480,0.840,1,0,2.000,0,0,14,127,0,18,0
19-01 09:38:56,19.730,4.745,73.675,0.250,0,3230412,183828,170180,4362820,26819.549,3600.315,0,1662.299,0,133.863,4389,5327,1.630,1.450,0.840,2,0,1.998,0,0,14,127,0,18,0
19-01 09:38:57,41.045,10.511,47.552,0.501,0,3292152,122036,170188,4362864,9140.974,2817.074,8.009,812.887,2.002,67.073,4627,3776,1.630,1.450,0.840,4,0,100.109,0,0,14,128,0,19,0
19-01 09:38:58,37.838,5.262,56.631,0.251,0,3337704,139432,170084,4301460,29035.259,7393.126,180.418,10809.039,1.002,597.384,3705,1631,1.630,1.450,0.840,2,0,0,0,0,14,129,0,19,0
19-01 09:38:59,19.703,6.235,72.825,0,0,3335620,141492,170084,4301484,40307.379,18154.482,0,335.196,0,17.957,2920,2013,1.630,1.450,0.840,1,0,60.854,0,0,14,128,0,20,0
19-01 09:39:00,18.735,2.498,77.688,0,0,3364372,176300,170084,4239664,17575.909,7338.117,0,287.769,0,13.989,1790,1316,1.630,1.450,0.840,1,0,0,0,0,14,129,0,20,0
19-01 09:39:01,19.022,5.757,74.335,0.250,0,3312568,228092,170084,4239680,53744.177,18370.912,0,276.315,0,15.017,2630,1817,1.580,1.450,0.840,1,0,51.058,0,0,14,128,0,21,0
19-01 09:39:02,18.738,2.249,78.200,0,0,3352408,188240,170084,4239692,14014.959,7278.305,3.997,283.817,0.999,16.989,1792,1365,1.580,1.450,0.840,1,0,0,0,0,14,129,0,21,0
19-01 09:39:03,18.253,6.751,74.261,0.500,0,3350140,190452,170084,4239748,10916.564,3567.511,4.001,952.136,1.000,106.015,3853,4099,1.580,1.450,0.840,1,0,82.012,0,0,14,128,0,22,0
19-01 09:39:04,27.249,4.250,66.747,0,0,3358076,182472,170084,4239792,21749.973,2401.887,0,479.977,0,33.998,6079,9368,1.580,1.450,0.840,0,0,28.999,0,0,14,137,0,24,0
19-01 09:39:05,16.990,4.997,76.953,0.250,0,3292420,248056,170084,4239864,31175.981,23165.867,7.995,331.798,1.999,16.990,2653,2048,1.580,1.450,0.840,1,0,54.966,0,0,14,136,0,25,0
19-01 09:39:06,21.271,3.504,74.325,0,0,3356176,184300,170084,4239864,8792.824,3086.097,0,260.261,0,16.016,1981,1475,1.530,1.440,0.840,0,0,1.001,0,0,14,137,0,25,0
19-01 09:39:07,18.011,3.752,75.294,1.751,0,3358976,181276,170084,4240088,18718.987,6825.006,0,5078.981,0,428.251,5042,6851,1.530,1.440,0.840,1,0,1.001,0,0,14,138,0,25,0
19-01 09:39:08,23.990,7.997,65.724,1.749,0,3361952,178204,170088,4240180,7929.807,2858.849,0,5545.767,0,657.735,7280,9329,1.530,1.440,0.840,1,0,52.979,0,0,14,139,0,27,0
19-01 09:39:09,19.724,2.497,76.897,0,0.250,3408156,131992,170088,4240188,12144.809,3862.850,0,291.611,0,16.977,1819,1303,1.530,1.440,0.840,0,0,0,0,0,14,140,0,27,0
19-01 09:39:10,18.014,2.752,77.811,0.250,0,3406172,133940,170092,4240220,24845.563,9425.421,24.019,1501.182,2.002,99.078,2785,2835,1.530,1.440,0.840,1,0,1.001,0,0,14,140,0,27,0
19-01 09:39:11,25.044,5.510,67.619,0.751,0,3404816,135188,170096,4240324,10686.866,1622.865,48.085,1314.320,3.005,140.248,6818,9624,1.570,1.450,0.840,3,0,1.002,0,0,14,140,0,27,0
19-01 09:39:12,31.938,8.484,58.637,0.499,0,3393204,146596,170096,4240528,8185.180,2372.415,0,1037.994,0,91.823,8535,12283,1.570,1.450,0.840,1,0,68.867,0,0,14,141,0,28,0
19-01 09:39:13,19.316,3.763,76.008,0.502,0,3426288,176504,170104,4179100,14902.560,7314.817,4.014,4045.726,1.003,183.623,2604,2329,1.570,1.450,0.840,2,0,0,0,0,14,142,0,28,0
19-01 09:39:14,17.250,6.000,74.250,1.000,0,3375276,227400,170104,4179216,11655.998,5530.999,76.000,2284.000,6.000,183.000,4404,5056,1.570,1.450,0.840,2,0,101.000,0,0,14,143,0,29,0
19-01 09:39:15,21.930,4.984,72.269,0,0,3433108,169540,170104,4179228,6056.628,1614.835,0,466.508,0,19.936,2296,1745,1.570,1.450,0.840,1,0,46.850,0,0,14,143,0,29,0
19-01 09:39:16,14.236,1.499,83.420,0.250,0,3432596,170036,170104,4179244,18987.681,13044.415,0,471.545,0,23.977,2051,1940,1.520,1.440,0.840,0,0,0.999,0,0,14,144,0,29,0
19-01 09:39:17,28.102,5.771,64.735,0.502,0,3426180,176392,170104,4179304,8517.950,1692.148,0,1858.754,0,202.737,6318,8925,1.520,1.440,0.840,2,0,0,0,0,14,144,0,29,0
19-01 09:39:18,37.912,9.229,51.630,0.499,0,3431260,171012,170104,4179580,7967.558,3202.587,31.926,1692.084,1.995,161.626,14509,23752,1.520,1.440,0.840,3,0,3.991,0,0,14,145,0,30,0
19-01 09:39:19,32.485,14.493,49.477,2.749,0,3394760,207376,170112,4179676,9620.495,2033.048,15.993,1999.064,1.000,110.948,7261,9245,1.520,1.440,0.840,2,0,285.866,0,0,14,145,0,30,0
19-01 09:39:20,18.840,2.231,77.344,0,0,3429280,172852,170112,4179680,14820.298,7530.131,0,468.030,0,20.823,1861,1391,1.520,1.440,0.840,2,0,0,0,0,14,146,0,30,0
19-01 09:39:21,13.661,14.926,72.101,0.253,0,3408724,193376,170116,4179708,12221.294,3286.807,0,538.356,0,29.346,4859,3795,1.480,1.430,0.850,3,0,253.999,0,0,14,145,0,31,0
19-01 09:39:22,10.220,19.942,68.053,0,0,3364620,237444,170116,4180088,7091.438,1453.785,0,542.427,0,38.887,6600,5798,1.480,1.430,0.850,3,0,387.875,0,0,14,145,0,31,0
19-01 09:39:23,24.548,16.532,57.862,0.250,0,3390080,211964,170120,4179768,7261.074,1623.146,0,2051.977,0,118.229,6213,7155,1.480,1.430,0.850,2,0,284.552,0,0,14,145,0,31,0
19-01 09:39:24,31.452,22.715,44.682,0.250,0,3429076,172780,170120,4179956,45434.550,1687.421,19.969,3274.994,1.997,357.454,7020,5297,1.480,1.430,0.850,2,0,460.296,0,0,14,145,0,31,0
19-01 09:39:25,31.066,16.285,51.359,0,0,3470108,131400,170132,4180260,45180.152,1623.455,12.026,769.638,2.004,52.111,7303,9581,1.480,1.430,0.850,2,0,277.591,0,0,14,151,0,31,0
19-01 09:39:26,56.017,24.758,18.756,0.250,0,3607852,174908,170136,4003932,7457.313,1620.503,112.035,592.184,9.003,45.014,7926,11310,1.680,1.470,0.860,3,0,528.164,0,0,16,157,0,31,0
19-01 09:39:27,56.369,22.697,20.452,0,0,3705868,167044,170004,3914820,11102.133,1616.234,15.963,295.312,0.998,17.958,6089,6635,1.680,1.470,0.860,4,0,380.114,0,0,16,157,0,31,0
19-01 09:39:28,43.788,21.268,33.779,0.250,0,3772100,140760,170004,3875164,8671.530,1621.408,12.010,1084.942,3.003,52.045,8601,12972,1.680,1.470,0.860,4,0,404.351,0,0,16,173,0,31,0
19-01 09:39:29,39.004,24.502,35.253,0,0,3829620,137956,170004,3820996,9325.851,1710.156,32.003,348.032,4.000,17.002,7493,13843,1.680,1.470,0.860,2,0,582.053,0,0,16,173,0,32,0
19-01 09:39:30,21.005,19.254,59.514,0,0,3841460,126028,170012,3821528,9583.226,1458.339,4.001,180.042,1.000,15.003,6958,7718,1.680,1.470,0.860,1,0,341.079,0,0,17,173,0,32,0
19-01 09:39:31,27.282,19.523,52.312,0,0,3876048,189224,169820,3725204,7681.095,1621.921,8.009,312.370,2.002,21.025,5977,5025,1.710,1.480,0.870,2,0,395.468,0,0,17,173,0,31,0
19-01 09:39:32,36.439,20.965,41.431,0.250,0,3938144,180672,169824,3673276,9075.815,1687.177,15.973,179.699,2.995,15.973,6596,8051,1.710,1.480,0.870,8,0,366.387,0,0,17,173,0,31,0
19-01 09:39:33,39.261,22.506,37.010,0.500,0,4037204,132908,169836,3622916,7845.216,1620.458,168.047,568.160,5.001,29.008,7710,9519,1.710,1.480,0.870,4,0,434.123,0,0,17,185,0,31,0
19-01 09:39:34,29.471,25.725,43.957,0,0,4098996,132196,169836,3563224,9320.865,1618.414,15.984,2401.646,0.999,23.977,7267,6267,1.710,1.480,0.870,4,0,649.364,0,0,17,185,0,31,0
19-01 09:39:35,20.006,23.257,55.517,0.250,0,4140256,177008,169836,3479144,8213.545,1620.502,20.006,896.278,5.002,60.019,8030,10074,1.710,1.480,0.870,3,0,454.141,0,0,17,197,0,29,0
19-01 09:39:36,22.274,15.016,62.067,0,0,4168696,148552,169836,3479160,9099.829,1621.752,4.004,660.714,1.001,37.040,6417,7329,1.650,1.480,0.870,4,0,234.253,0,0,17,197,0,29,2
19-01 09:39:37,42.871,9.222,46.360,0.748,0,4292064,140048,169836,3366416,7622.990,1615.125,135.591,179.458,2.991,10.967,3747,2471,1.650,1.480,0.870,2,0,78.762,0,0,17,197,0,29,2
19-01 09:39:38,46.009,8.502,43.758,0.250,0,4396192,147492,169836,3256832,9431.801,1620.309,76.015,468.089,9.002,56.011,3931,2898,1.650,1.480,0.870,3,0,10.002,0,0,17,213,0,29,2
19-01 09:39:39,33.338,12.283,52.640,0.752,0,4328916,244720,169840,3227492,5722.174,1552.116,56.149,1195.169,6.016,113.300,4923,4032,1.650,1.480,0.870,5,0,235.625,0,0,17,217,0,29,2
19-01 09:39:40,36.258,24.256,38.759,1.000,0,4383200,188172,169844,3229752,9206.118,1620.373,1168.269,516.119,13.003,41.009,8218,9771,1.650,1.480,0.870,3,0,478.110,0,0,17,217,0,29,2
19-01 09:39:41,38.926,22.707,35.932,1.248,0,4436344,133268,169848,3232044,18308.363,10299.515,1109.900,666.739,20.960,43.917,8200,9606,1.760,1.500,0.880,4,0,419.207,0,0,17,225,0,30,2
19-01 09:39:42,63.394,17.720,16.472,2.246,0,4490928,149932,169860,3162188,10730.018,1659.219,706.815,914.467,14.975,14.975,5408,5088,1.760,1.500,0.880,3,0,153.742,0,0,17,228,0,30,0
19-01 09:39:43,61.725,13.048,20.826,4.015,0,4608524,124180,169876,3072152,17232.875,11538.098,1356.951,4010.633,39.143,203.743,5722,5367,1.760,1.500,0.880,4,0,31.114,0,0,17,239,0,21,0
19-01 09:39:44,44.486,10.996,18.244,24.992,0,4613872,186284,169912,3006180,9834.819,2607.157,5222.311,14391.345,340.890,789.745,7241,5328,1.760,1.500,0.880,3,2,28.991,0,0,17,240,0,22,0
19-01 09:39:45,52.729,9.496,19.742,16.743,0.250,4663520,168640,169956,2975696,15148.048,7341.116,795.687,1323.480,112.956,109.957,6582,7141,1.760,1.500,0.880,2,0,51.980,0,0,17,242,0,26,0
19-01 09:39:46,31.751,26.501,41.002,0,0,4611100,218252,169956,2978472,12517.500,6808.272,40.002,10200.408,4.000,79.003,7826,8711,1.700,1.490,0.880,2,0,496.020,0,0,17,243,0,27,0
19-01 09:39:47,42.504,17.252,38.504,0.500,0,4672876,155340,169956,2979708,9770.888,3660.333,204.019,384.035,3.000,18.002,6844,7518,1.700,1.490,0.880,4,0,266.024,0,0,17,244,0,24,0
19-01 09:39:48,51.018,26.509,22.508,0.500,0,4712748,149684,169960,2946288,18244.502,10523.750,12.004,1808.645,3.001,115.041,7917,8606,1.700,1.490,0.880,4,0,527.188,0,0,17,247,0,25,0
19-01 09:39:49,62.102,21.611,14.904,0.497,0,4743448,156288,169976,2910068,7512.834,1609.680,997.604,683.617,42.726,20.866,6321,8585,1.700,1.490,0.880,4,0,286.165,0,0,17,249,0,25,0
19-01 09:39:50,50.557,25.404,22.637,1.258,0,4831688,147944,169988,2832252,18087.789,11825.780,189.148,3811.133,16.098,214.301,9100,12211,1.700,1.490,0.880,5,0,449.730,0,0,17,252,0,28,0
19-01 09:39:51,61.073,22.777,14.017,0.501,0,4843004,133268,170004,2835896,8887.567,2665.169,416.495,849.009,21.025,47.056,8408,13851,1.960,1.550,0.910,3,1,373.444,0,0,17,255,0,29,0
19-01 09:39:52,58.635,19.462,20.959,0.749,0,4910960,163112,170004,2739816,15107.403,7329.640,778.475,423.171,28.943,19.961,7035,14703,1.960,1.550,0.910,3,1,180.646,0,0,17,262,0,29,0
19-01 09:39:53,55.618,8.729,33.670,0.748,0,4968900,166072,170004,2679732,16315.186,12382.542,339.193,873.921,6.983,48.884,4622,3444,1.960,1.550,0.910,5,0,10.974,0,0,17,262,0,30,0
19-01 09:39:54,58.516,10.003,24.757,6.002,0,5075400,156064,169920,2585012,47179.570,4892.303,1108.295,672.179,83.022,57.015,6498,7032,1.960,1.550,0.910,1,3,10.003,0,0,17,267,0,34,0
19-01 09:39:55,53.842,13.273,30.302,1.753,0,4964196,266936,169948,2585468,57030.991,12621.465,1254.133,909.547,27.046,66.112,6550,6976,1.960,1.550,0.910,6,0,108.184,0,0,17,271,0,34,0
19-01 09:39:56,38.272,24.514,32.769,3.252,0,5039768,187300,170100,2589260,14324.417,4011.357,3990.345,1571.924,63.037,82.048,8239,8672,2.290,1.620,0.930,5,0,530.312,0,0,17,272,0,34,0
19-01 09:39:57,51.305,20.920,26.649,0,0,4993084,233740,170212,2589796,15796.856,10059.699,936.435,1291.084,14.943,52.799,7286,8920,2.290,1.620,0.930,3,0,329.745,0,0,17,271,0,35,0
19-01 09:39:58,75.300,17.570,5.773,1.757,0,5111840,136440,170204,2568488,11797.055,1626.488,1116.453,738.947,54.216,55.220,6408,6051,2.290,1.620,0.930,5,1,164.657,0,0,18,278,0,36,0
19-01 09:39:59,70.004,13.501,10.751,4.500,0,5223324,121516,169720,2475020,18814.056,9818.551,3588.201,1684.094,192.011,186.010,6953,6826,2.290,1.620,0.930,5,0,19.001,0,0,18,280,0,36,0
19-01 09:40:00,72.092,10.764,5.507,11.264,0,5246576,126968,169744,2447104,11593.737,4342.520,1129.436,1561.986,50.064,90.115,5938,4727,2.290,1.620,0.930,4,0,16.020,0,0,18,281,0,36,0
19-01 09:40:01,56.278,14.941,27.143,0.498,0,5282096,155912,169764,2384164,16447.197,7745.482,876.546,757.017,15.937,62.753,6725,9276,2.500,1.680,0.950,3,0,220.133,0,0,18,286,0,38,0
19-01 09:40:02,34.993,8.998,55.489,0.500,0,5257024,212736,169772,2353336,14678.972,7998.350,583.880,623.871,9.998,55.988,4013,3635,2.500,1.680,0.950,2,0,13.997,0,0,18,287,0,39,0
19-01 09:40:03,40.400,8.532,50.187,0,0,5313988,155704,169772,2353404,26266.701,7675.550,819.047,357.329,9.034,19.071,3925,3503,2.500,1.680,0.950,1,0,7.026,0,0,18,292,0,39,0
19-01 09:40:04,39.524,8.505,50.530,1.001,0,5274212,212488,169772,2337228,15035914.303,110739.751,512.309,620.374,4.002,51.031,9134,5064,2.500,1.680,0.950,3,0,15.009,0,0,18,292,0,38,0
19-01 09:40:05,37.177,14.721,43.165,3.743,0,5348556,134232,169776,2341104,1548881.069,8443.461,2547.011,2970.182,29.941,67.867,6043,5212,2.500,1.680,0.950,2,0,259.492,0,0,18,295,0,38,0
19-01 09:40:06,31.194,4.242,63.636,0.250,0,5379440,125660,169776,2320008,24751.487,17332.829,3.993,471.153,0.998,45.917,3358,2977,2.460,1.690,0.960,3,0,0.998,0,0,18,297,0,38,0
19-01 09:40:07,22.942,4.239,71.070,0.499,0,5313692,190764,169776,2320656,22164.754,424840.909,454.846,9392.166,27.929,89.772,5163,6610,2.460,1.690,0.960,0,0,37.904,0,0,18,299,0,41,0
19-01 09:40:08,2.505,2.004,92.919,0,0,5311044,193412,169776,2320656,406962.790,16005255.557,0,288.524,0,16.029,2937,1861,2.460,1.690,0.960,0,0,0,0,0,18,299,0,38,0
19-01 09:40:09,2.752,0.500,94.807,0.500,0,5309136,195252,169776,2320724,8750.262,1566.942,0,1356.816,0,81.049,1666,2210,2.460,1.690,0.960,0,0,0,0,0,18,299,0,38,0
19-01 09:40:10,2.249,1.499,93.691,0.999,0,5299904,204484,169780,2320728,38347.857,2100.677,0,17568.939,0,1420.106,4152,2611,2.460,1.690,0.960,2,0,1.999,0,0,18,305,0,38,0
19-01 09:40:11,24.598,4.518,68.273,1.004,0,5260660,227572,169792,2336840,16553111.260,129194.833,64.257,3220.860,4.016,227.910,12089,11513,2.510,1.710,0.970,1,0,3.012,0,0,18,305,0,41,0
19-01 09:40:12,10.217,18.938,68.278,0.748,0.249,5214256,273864,169792,2336952,8055.836,1614.756,43.858,801.397,2.990,1.994,6238,5329,2.510,1.710,0.970,3,0,463.495,0,0,18,305,0,39,0
19-01 09:40:13,23.991,4.998,69.724,0.250,0,5275964,212152,169792,2336956,9011.640,1619.396,0,17241.572,0,112.958,2852,2420,2.510,1.710,0.970,2,0,1.000,0,0,18,307,0,39,0
19-01 09:40:14,11.528,16.289,70.922,0,0,5265740,222340,169792,2336992,8898.532,1623.929,4.010,152.369,1.002,14.034,5644,4574,2.510,1.710,0.970,2,0,303.735,0,0,18,307,0,39,0
19-01 09:40:15,7.980,18.703,71.320,0.249,0,5257296,230728,169792,2337048,10126.417,1508.190,15.960,83.788,0.997,9.975,5958,4731,2.510,1.710,0.970,0,0,365.078,0,0,18,307,0,39,0
19-01 09:40:16,2.759,1.254,94.820,0,0,5251008,237008,169792,2337056,9426.771,1641.532,0,128.433,0,13.044,1512,1903,2.310,1.680,0.970,3,0,10.034,0,0,18,307,0,37,0
19-01 09:40:17,23.156,3.735,72.207,0.249,0,5307564,180448,169792,2337060,10009.344,1613.446,0,91.628,0,11.951,2307,1939,2.310,1.680,0.970,1,0,0,0,0,18,307,0,37,0
19-01 09:40:18,16.578,4.019,78.622,0,0,5295892,192028,169792,2337136,17645.501,10618.247,64.304,0,4.019,0,3062,2908,2.310,1.680,0.970,1,0,51.242,0,0,18,311,0,38,0
19-01 09:40:19,11.477,15.968,70.358,0.998,0,5293804,193780,169796,2337436,9243.382,1616.744,63.871,3.992,5.988,0.998,5386,4141,2.310,1.680,0.970,1,0,204.588,0,0,18,311,0,38,0
19-01 09:40:20,12.742,16.240,69.207,0.250,0,5285668,201548,169796,2337792,10395.578,1619.000,0,607.625,0,36.977,6033,4929,2.310,1.680,0.970,1,0,228.859,0,0,18,313,0,37,0
19-01 09:40:21,19.180,9.465,69.993,0.747,0,5290416,196684,169796,2337892,9794.051,1614.075,51.810,557.952,2.989,41.846,4144,3505,2.360,1.700,0.980,1,0,117.568,0,0,18,315,0,37,0
19-01 09:40:22,23.779,3.254,71.837,0,0,5333508,153592,169796,2337892,8463.210,1621.957,0,140.169,0,10.012,2386,2002,2.360,1.700,0.980,1,0,1.001,0,0,18,315,0,37,0
19-01 09:40:23,24.744,2.749,70.983,0.750,0,5340252,177732,169796,2308092,9825.704,1565.634,395.907,635.851,12.997,54.987,2961,2709,2.360,1.700,0.980,2,0,3.999,0,0,18,317,0,37,0
19-01 09:40:24,23.277,3.754,71.584,0.501,0,5284204,233744,169796,2308128,43980.326,1513.767,20.023,152.178,4.005,13.015,2668,2239,2.360,1.700,0.980,1,0,5.006,0,0,18,315,0,36,0
19-01 09:40:25,22.750,4.250,71.998,0,0,5334568,183376,169796,2308132,42338.109,1619.966,0,267.994,0,25.999,2717,2376,2.360,1.700,0.980,2,0,4.000,0,0,18,315,0,36,0
19-01 09:40:26,11.750,1.500,84.751,0.250,0,5339580,178336,169796,2308160,28265.477,20499.346,16.000,220.004,1.000,21.000,2927,3237,2.250,1.690,0.980,2,0,3.000,0,0,18,322,0,37,0
19-01 09:40:27,23.085,4.768,71.765,0,0,5295348,222560,169796,2308168,8671.022,1758.494,0,136.504,0,7.026,2514,2067,2.250,1.690,0.980,1,0,15.056,0,0,18,315,0,38,0
19-01 09:40:28,25.161,1.744,71.746,0,0,5295568,222320,169796,2308172,5771.558,1614.283,0,107.619,0,12.954,2319,1834,2.250,1.690,0.980,1,0,0,0,0,18,315,0,38,0
19-01 09:40:29,17.554,16.801,64.447,0.752,0,5259036,258500,169804,2308500,8484.900,1624.960,561.715,284.870,13.040,6.018,6196,13788,2.250,1.690,0.980,3,0,325.995,0,0,18,315,0,39,0
19-01 09:40:30,15.506,12.755,70.028,0.250,0,5283160,234200,169804,2308676,8893.534,1620.644,44.017,484.192,5.002,31.012,5043,4543,2.250,1.690,0.980,0,1,296.118,0,0,18,315,0,39,0
19-01 09:40:31,18.181,2.989,76.710,0.249,0,5313396,203680,169952,2308812,13524.876,3710.972,266.991,334.735,11.955,21.917,2581,2332,2.150,1.680,0.980,0,0,30.883,0,0,18,316,0,39,0
19-01 09:40:32,24.001,3.000,72.002,0,0,5310732,199204,170524,2315236,8856.258,1698.049,0,1092.032,0,21.001,2344,1891,2.150,1.680,0.980,1,0,2.000,0,0,18,315,0,38,0
19-01 09:40:33,17.491,2.999,77.962,0.250,0,5311140,198664,170532,2315344,12633.804,4614.737,0,375.816,0,13.993,2230,2062,2.150,1.680,0.980,1,0,18.991,0,0,18,316,0,38,0
19-01 09:40:34,25.525,3.754,68.817,0,0,5311068,191936,171048,2321472,9387.166,1795.753,36.035,928.907,2.002,17.017,10079,18506,2.150,1.680,0.980,1,0,7.007,0,0,18,315,0,38,0
19-01 09:40:35,16.557,3.512,79.272,0.502,0,5315700,186684,171124,2321996,16118.362,4632.913,24.083,16584.965,4.014,56.193,2335,2071,2.150,1.680,0.980,1,0,8.028,0,0,18,316,0,38,0
19-01 09:40:36,22.428,6.978,68.031,0.249,0,5299456,202708,171172,2322168,5653.824,1614.809,0,3552.579,0,430.616,11865,19740,2.140,1.680,0.980,1,0,19.936,0,0,18,316,0,38,0
19-01 09:40:37,19.542,7.767,72.156,0.251,0,5263960,249840,171252,2310500,9548.691,1797.896,0,621.346,0,24.052,3481,2818,2.140,1.680,0.980,1,0,94.204,0,0,18,315,0,38,0
19-01 09:40:38,17.447,10.468,70.537,0,0,5299784,213996,171252,2310520,9528.170,1615.113,0,11.964,0,0.997,3840,3294,2.140,1.680,0.980,1,0,170.484,0,0,18,315,0,38,0
19-01 09:40:39,20.753,1.250,77.011,0,0,5321992,191600,171252,2310708,15854.238,7345.037,0,0,0,0,2231,1982,2.140,1.680,0.980,2,0,0,0,0,18,316,0,38,0
19-01 09:40:40,18.009,8.254,71.785,0.500,0,5313816,199604,171252,2310884,12938.397,6029.982,160.079,2161.069,10.005,134.066,4027,3696,2.140,1.680,0.980,2,0,113.056,0,0,18,315,0,42,0
19-01 09:40:41,20.725,2.747,73.912,0.749,0,5360332,153068,171252,2310916,7780.746,3627.686,15.981,1178.598,0.999,202.759,2996,2880,2.050,1.670,0.990,0,0,2.996,0,0,18,316,0,42,0
19-01 09:40:42,19.587,7.282,73.075,0,0,5358732,154656,171252,2310928,16624.015,8272.833,0,192.859,0,13.058,3284,2941,2.050,1.670,0.990,1,0,71.318,0,0,18,317,0,43,0
19-01 09:40:43,19.674,2.490,75.709,0,0,5367504,145880,171252,2310932,11060.538,3993.668,0,143.449,0,11.954,2175,1818,2.050,1.670,0.990,2,0,0,0,0,18,318,0,43,0
19-01 09:40:44,19.257,5.502,74.027,0,0,5327328,185912,171252,2311076,20046.237,12295.439,0,324.117,0,21.008,3051,2711,2.050,1.670,0.990,1,0,56.020,0,0,18,317,0,44,0
19-01 09:40:45,20.750,2.500,75.751,0,0,5354804,158436,171252,2311076,8878.077,3590.031,0,52.000,0,5.000,2115,1873,2.050,1.670,0.990,0,0,0,0,0,18,318,0,42,0
19-01 09:40:46,19.513,5.504,74.050,0,0,5333912,179236,171252,2311168,18107.181,9969.707,80.054,4.003,5.003,1.001,2871,2527,2.040,1.680,0.990,2,0,33.022,0,0,18,317,0,45,0
19-01 09:40:47,21.473,2.747,75.407,0,0,5363004,150144,171252,2311168,10789.641,3423.761,0,0,0,0,2142,1744,2.040,1.680,0.990,0,0,0,0,0,18,318,0,45,0
19-01 09:40:48,15.261,2.001,80.056,0.250,0,5357896,155140,171252,2311280,15635.991,10571.431,32.023,576.405,2.001,48.034,2740,3038,2.040,1.680,0.990,1,0,0,0,0,18,317,0,46,0
19-01 09:40:49,21.257,6.002,72.024,0,0,5326228,186788,171252,2311284,5281.777,1620.545,0,40.013,0,2.001,2676,2280,2.040,1.680,0.990,1,0,47.016,0,0,18,317,0,40,0
19-01 09:40:50,18.557,2.257,77.988,0.251,0,5333860,179136,171252,2311304,19702.224,12011.716,0,365.116,0,34.104,2735,2641,2.040,1.680,0.990,1,0,0,0,0,18,317,0,43,0
19-01 09:40:51,22.148,5.972,70.673,0.249,0.249,5333940,178884,171252,2311476,8196.101,1612.544,159.264,418.067,8.959,27.871,3081,2759,1.960,1.670,0.990,1,0,31.853,0,0,18,317,0,43,0
19-01 09:40:52,16.272,2.503,79.859,0.250,0,5344900,167908,171252,2311492,19020.063,10926.973,0,288.395,0,30.041,2723,2842,1.960,1.670,0.990,2,0,0,0,0,18,320,0,43,0
19-01 09:40:53,19.244,6.748,72.476,0,0,5346100,166672,171252,2311528,9775.701,3308.883,15.995,283.904,1.000,23.992,3778,3520,1.960,1.670,0.990,1,0,87.970,0,0,18,319,0,39,0
19-01 09:40:54,23.000,4.000,72.000,0,0,5378272,134384,171252,2311644,49101.733,7247.961,0,151.999,0,10.000,3875,5224,1.960,1.670,0.990,2,0,1.000,0,0,18,320,0,39,0
19-01 09:40:55,23.234,5.496,69.703,0.500,0,5333372,179196,171252,2311732,58809.975,18251.578,63.956,423.712,3.997,33.977,3549,3246,1.960,1.670,0.990,2,0,47.967,0,0,18,319,0,41,0
19-01 09:40:56,21.322,2.508,76.007,0,0,5364476,147948,171252,2311876,11617.326,7368.945,0,248.842,0,21.071,2715,2658,1.880,1.650,0.990,3,0,2.007,0,0,18,320,0,41,0
19-01 09:40:57,20.720,4.244,73.144,0.499,0,5336492,175852,171252,2311956,9252.538,4756.080,71.895,2176.833,4.993,323.529,3290,2468,1.880,1.650,0.990,3,0,13.980,0,0,18,319,0,36,0
19-01 09:40:58,20.227,2.497,76.164,0,0,5353388,158952,171252,2311960,32760.018,7401.644,0,235.734,0,8.990,2551,2039,1.880,1.650,0.990,2,0,0,0,0,18,320,0,36,0
19-01 09:40:59,23.317,5.516,68.447,1.504,0,5310956,199560,171252,2313788,9964.738,3774.887,1732.998,4368.599,61.176,357.030,6753,9130,1.880,1.650,0.990,1,0,12.035,0,0,18,321,0,37,0
19-01 09:41:00,23.174,2.990,72.015,0,0.249,5366484,144024,171252,2313796,23204.210,1700.446,0,506.346,0,35.883,2662,2256,1.880,1.650,0.990,1,0,0,0,0,18,321,0,37,0
19-01 09:41:01,15.302,3.261,81.027,0.502,0,5362608,147872,171252,2313824,36353.366,11271.560,0,1011.460,0,73.251,3341,3648,1.810,1.640,0.990,2,0,0,0,0,18,322,0,31,0
19-01 09:41:02,18.269,11.762,68.320,0.501,0,5329904,180508,171252,2313924,9755.977,2686.748,48.049,1061.085,2.002,108.111,6447,7255,1.810,1.640,0.990,2,0,264.270,0,0,18,321,0,32,0
19-01 09:41:03,8.745,22.488,66.963,0.500,0,5326264,184112,171252,2313960,16854.757,1705.065,0,599.671,0,47.974,7487,6690,1.810,1.640,0.990,1,0,658.639,0,0,18,321,0,32,0
19-01 09:41:04,9.001,22.753,66.510,0.250,0,5323568,186760,171256,2314004,6045.900,1714.255,4.001,2312.344,1.000,144.021,7565,6936,1.810,1.640,0.990,1,0,650.097,0,0,18,321,0,32,0
19-01 09:41:05,9.479,22.700,67.101,0,0,5313192,197084,171256,2314072,8807.506,1702.232,0,347.231,0,34.923,7364,6554,1.810,1.640,0.990,2,0,653.553,0,0,18,321,0,30,0
19-01 09:41:06,9.012,22.030,67.342,0,0,5308856,201396,171256,2314104,23615.091,1622.204,0,164.223,0,17.023,7253,6198,1.750,1.630,0.990,2,0,590.803,0,0,18,321,0,30,0
19-01 09:41:07,9.759,21.771,67.314,0,0,5296880,213336,171256,2314140,9357.939,1621.549,0,44.042,0,11.011,7163,6364,1.750,1.630,0.990,2,0,605.578,0,0,18,321,0,30,0
19-01 09:41:08,12.703,13.201,70.989,1.993,0,5287876,236500,171268,2301064,8589.370,1614.056,318.826,27.897,31.883,4.982,5074,4410,1.750,1.630,0.990,1,0,303.881,0,0,18,321,0,30,0
19-01 09:41:09,15.805,8.780,71.497,2.760,0,5267116,348744,171428,2219972,13627.160,1625.626,826.862,2263.835,104.361,10.035,2763,2498,1.750,1.630,0.990,2,0,4.014,0,0,18,321,0,27,0
19-01 09:41:10,23.904,2.490,71.962,0.249,0,5273232,339432,171440,2223156,9147.427,2523.909,3.984,1764.943,0.996,45.817,2742,2576,1.750,1.630,0.990,0,0,16.932,0,0,18,322,0,27,0
19-01 09:41:11,6.252,1.751,86.029,5.752,0,5260920,351544,171440,2223356,19201.382,5751.912,140.047,5449.811,15.005,188.063,2132,2320,1.690,1.620,0.990,0,1,1.000,0,0,18,322,0,27,0
19-01 09:41:12,10.008,1.001,84.315,2.502,0,5271672,340204,171440,2223984,19232.836,7122.494,552.426,736.568,30.023,37.029,1972,2177,1.690,1.620,0.990,0,0,0,0,0,18,322,0,27,0
19-01 09:41:13,5.242,1.498,91.616,0.749,0,5271612,339952,171472,2224264,13219.722,4757.063,207.697,2192.802,19.971,307.552,2056,1927,1.690,1.620,0.990,0,0,0,0,0,18,322,0,24,0
19-01 09:41:14,8.756,1.251,87.063,2.001,0,5280452,330376,171520,2224952,18046.014,7985.759,336.242,972.701,33.024,38.027,1779,1943,1.690,1.620,0.990,2,0,0,0,0,18,322,0,24,0
19-01 09:41:15,14.997,1.500,80.986,1.000,0,5303304,306492,171520,2225984,16492.106,8635.484,899.842,847.851,44.992,30.995,1948,1873,1.690,1.620,0.990,1,0,0,0,0,18,322,0,24,0
19-01 09:41:16,9.253,1.000,84.526,3.751,0,5302772,306492,171520,2226516,17150.270,7238.224,400.123,796.245,30.009,22.007,1769,1871,1.550,1.590,0.990,1,0,1.000,0,0,18,322,0,24,0
19-01 09:41:17,14.749,1.000,81.247,2.500,0,5309800,298680,171520,2227300,18370.377,8823.701,755.974,811.972,36.999,26.999,1929,1859,1.550,1.590,0.990,1,0,0,0,0,18,322,0,24,0
19-01 09:41:18,12.492,1.249,83.197,1.749,0,5311608,295908,171560,2228224,22814.353,10975.953,491.684,979.371,41.973,32.979,2029,1984,1.550,1.590,0.990,0,0,0,0,0,18,322,0,24,0
19-01 09:41:19,34.021,7.755,51.782,5.754,0,5388792,180744,171880,2265884,9021.645,1524.954,15709.830,1408.882,154.096,46.029,3533,2510,1.550,1.590,0.990,3,0,9.006,0,0,18,322,0,24,0
19-01 09:41:20,36.227,5.996,56.464,0.500,0,5404348,149020,172460,2281472,7530.173,1618.962,511.672,2322.511,3.997,76.951,3682,2894,1.550,1.590,0.990,2,0,3.997,0,0,18,322,0,24,0
19-01 09:41:21,23.526,3.003,71.829,0.250,0,5389632,178460,172584,2267588,8842.733,1621.785,0,969.067,0,34.037,2489,2220,1.510,1.580,0.990,3,0,0,0,0,18,322,0,23,0
19-01 09:41:22,23.052,2.506,71.661,1.002,0,5374456,170260,173024,2290264,8214.475,1623.652,0,2926.582,0,139.313,3107,3107,1.510,1.580,0.990,1,0,0,0,0,18,322,0,23,0
19-01 09:41:23,22.930,3.240,71.530,0.748,0,5372768,145828,173144,2315940,9814.846,1615.038,0,2707.681,0,99.694,2877,2626,1.510,1.580,0.990,1,0,0,0,0,18,322,0,23,0
19-01 09:41:24,23.250,3.000,71.750,0.500,0,5387828,137020,173652,2308824,42252.883,1793.995,4.000,1931.995,1.000,66.000,2821,2463,1.510,1.580,0.990,1,0,0,0,0,18,321,0,23,0
19-01 09:41:25,23.789,3.756,71.867,0,0,5357072,167812,173672,2308768,44423.373,1622.644,4.007,897.462,1.002,27.044,2828,2443,1.510,1.580,0.990,1,0,20.033,0,0,18,321,0,23,0
19-01 09:41:26,17.978,2.747,76.907,0.499,0,5347088,171496,174048,2314696,15540.286,3894.310,0,1478.220,0,29.964,2614,2543,1.390,1.560,0.980,1,0,18.977,0,0,18,321,0,23,0
19-01 09:41:27,18.508,3.501,77.283,0,0,5369224,148716,174064,2315292,13451.762,3653.565,0,484.207,0,12.005,2352,2027,1.390,1.560,0.980,2,0,18.008,0,0,18,322,0,23,0
19-01 09:41:28,23.552,5.262,69.655,0.251,0,5343136,167320,174468,2321396,6714.920,2536.636,0,1058.352,0,20.045,10869,19357,1.390,1.560,0.980,1,0,11.024,0,0,18,321,0,23,0
19-01 09:41:29,27.219,8.990,62.180,0,0,5326456,183524,174520,2321788,8817.021,1618.169,0,83.905,0,0.999,11624,28609,1.390,1.560,0.980,1,0,51.941,0,0,18,321,0,24,0
19-01 09:41:30,20.723,6.492,71.158,0,0,5268476,255060,174556,2308988,7042.858,1617.900,0,2816.344,0,44.942,2854,2537,1.390,1.560,0.980,1,0,7.990,0,0,18,321,0,21,0
19-01 09:41:31,23.503,5.251,69.509,0.500,0,5274244,249280,174556,2309016,16163.107,1620.211,0,564.074,0,27.004,8321,13893,1.350,1.550,0.980,5,0,54.007,0,0,18,321,0,21,0
19-01 09:41:32,22.491,5.248,70.223,0.250,0,5318816,204676,174564,2309040,7504.133,1861.289,15.994,291.888,1.000,16.994,5664,8585,1.350,1.550,0.980,0,0,35.986,0,0,18,321,1,21,0
19-01 09:41:33,19.004,2.751,78.265,0,0,5314804,202160,174564,2315568,15076.923,3723.722,0,1228.238,0,18.003,2202,1948,1.350,1.550,0.980,1,0,3.001,0,0,18,321,0,21,0
19-01 09:41:34,16.741,3.498,78.206,0.500,0,5356372,160584,174564,2315576,15686.169,4614.402,0,1391.217,0,205.884,2615,2052,1.350,1.550,0.980,1,0,17.990,0,0,18,322,0,21,0
19-01 09:41:35,24.010,5.502,68.779,0,0,5372796,137092,174564,2321804,7092.969,1794.751,0,1284.538,0,26.011,10598,19151,1.350,1.550,0.980,1,0,14.006,0,0,18,321,0,21,0
19-01 09:41:36,22.498,6.500,69.245,0,0,5358320,151252,174572,2322064,6309.553,1565.889,0,403.971,0,12.999,10478,19039,1.330,1.540,0.980,2,0,13.999,0,0,18,321,0,21,0
19-01 09:41:37,22.249,5.000,71.745,0.250,0,5302160,221164,174584,2309052,10917.287,1511.901,0,611.960,0,16.999,2592,2140,1.330,1.540,0.980,2,0,11.999,0,0,18,321,0,21,0
19-01 09:41:38,24.518,3.503,71.052,0,0,5293396,229912,174584,2309076,7157.278,1621.195,0,916.676,0,25.018,2806,2519,1.330,1.540,0.980,1,0,24.018,0,0,18,321,0,21,0
19-01 09:41:39,20.482,4.996,71.438,0.999,0,5306636,209096,174584,2316716,10700.729,1618.598,463.598,135.882,49.957,6.994,3335,3007,1.330,1.540,0.980,1,0,89.922,0,0,18,321,0,21,0
19-01 09:41:40,26.054,3.257,70.397,0.501,0,5321700,190728,174584,2319928,7278.151,1623.379,4.008,1815.780,1.002,48.100,2955,2693,1.330,1.540,0.980,1,0,17.035,0,0,18,321,0,21,0
19-01 09:41:41,12.722,1.746,84.067,0.249,0,5333568,178484,174584,2320240,22960.121,8956.543,0,914.014,0,41.909,2219,2290,1.300,1.530,0.980,2,0,0.998,0,0,18,322,0,21,0
19-01 09:41:42,9.502,1.750,72.265,14.253,0.250,5315568,196316,174588,2320456,17861.676,9256.905,48.010,18171.740,3.001,372.077,2833,2705,1.300,1.530,0.980,0,0,0,0,0,18,322,0,17,0
19-01 09:41:43,10.997,3.999,83.727,0.750,0,5313420,197820,174588,2321024,149713.683,13467.373,0,1495.597,0,59.984,3574,5381,1.300,1.530,0.980,1,0,1.000,0,0,18,323,0,17,0
19-01 09:41:44,17.235,1.748,78.931,0.500,0,5340548,170460,174588,2321224,34909.665,9488.755,0,2134.145,0,221.807,3059,2778,1.300,1.530,0.980,1,0,0,0,0,18,323,0,17,0
19-01 09:41:45,15.518,1.001,81.845,0.501,0,5338956,171768,174640,2321376,18704.606,9511.988,0,965.115,0,36.042,1962,1885,1.300,1.530,0.980,0,0,0,0,0,18,323,0,17,0
19-01 09:41:46,14.756,1.501,82.283,0.250,0,5346000,164332,174720,2321656,105068.699,11587.709,0,3961.610,0,180.073,2557,2719,1.190,1.500,0.980,2,0,1.000,0,0,18,323,0,13,0
19-01 09:41:47,8.994,1.749,87.193,1.249,0,5348292,161308,174948,2322036,246147.508,15307.957,19.987,2122.607,1.999,90.940,2157,2274,1.190,1.500,0.980,1,0,0,0,0,18,323,0,13,0
19-01 09:41:48,9.500,1.500,86.246,0.750,0,5349160,159832,175152,2322296,81483.138,13785.347,103.995,2071.902,6.000,88.996,2129,2319,1.190,1.500,0.980,2,0,0,0,0,18,323,0,13,0
19-01 09:41:49,14.250,1.250,83.250,0.500,0,5360412,138440,175228,2332260,292189.668,14659.033,1032.002,752.002,6.000,27.000,2085,2001,1.190,1.500,0.980,3,0,1.000,0,0,18,323,0,13,0
19-01 09:41:50,10.001,3.250,84.507,0.500,0,5312724,191092,175292,2327980,13674381.667,72010.360,0,6632.586,0,69.006,5748,3836,1.190,1.500,0.980,0,0,3.000,0,0,18,323,0,11,0
19-01 09:41:51,13.754,2.501,80.526,1.751,0,5319736,167752,175428,2344132,3859020.950,23426.479,164.052,13076.174,4.001,87.028,3239,2625,1.100,1.480,0.970,2,0,1.000,0,0,18,323,0,11,0
19-01 09:41:52,21.480,4.995,71.185,1.249,0,5329500,133820,179020,2361228,8751.035,1564.576,0,5898.631,0,134.877,3286,3174,1.100,1.480,0.970,3,0,0.999,0,0,18,323,0,11,0
19-01 09:41:53,24.010,5.752,69.027,0.250,0,5337364,186788,179532,2301064,8614.416,1620.643,4.002,61472.376,1.000,249.099,3261,2528,1.100,1.480,0.970,1,0,0,0,0,18,323,0,11,0
19-01 09:41:54,25.013,3.002,71.036,0.500,0,5357120,154864,179744,2313008,42504.350,1512.760,0,996.501,0,30.015,2769,2477,1.100,1.480,0.970,1,0,0,0,0,18,323,0,7,0
19-01 09:41:55,22.502,4.000,71.506,1.000,0,5334788,145412,180664,2342356,44153.857,1620.142,0,3384.296,0,230.020,3243,2873,1.100,1.480,0.970,1,0,1.000,0,0,18,323,0,7,0
19-01 09:41:56,22.744,3.999,70.982,0.750,0,5335456,130268,181336,2354556,7488.104,1619.590,0,2375.399,0,83.979,2947,2885,1.090,1.470,0.970,2,0,1.999,0,0,18,323,0,7,0
19-01 09:41:57,24.750,3.000,71.751,0.250,0,5341352,133476,181704,2344828,12653.129,1620.017,0,600.006,0,26.000,2518,2153,1.090,1.470,0.970,1,0,0,0,0,18,323,0,7,0
19-01 09:41:58,23.751,4.000,70.752,0.500,0,5352416,128020,182088,2338436,7908.201,1620.041,0,36340.924,0,156.004,2979,2703,1.090,1.470,0.970,1,0,1.000,0,0,18,323,0,3,0
19-01 09:41:59,19.979,3.746,74.673,0.749,0,5352020,144516,182484,2321824,11073.615,2889.030,0,2001.942,0,71.926,2712,2354,1.090,1.470,0.970,1,0,5.994,0,0,18,324,0,3,0
19-01 09:42:00,23.255,2.751,72.517,0,0.250,5279096,252760,182484,2286548,10837.562,2938.695,4.001,896.212,1.000,31.007,2582,2276,1.090,1.470,0.970,1,0,2.000,0,0,18,321,0,3,0
19-01 09:42:01,17.768,3.003,78.077,0,0,5316848,214996,182484,2286560,14346.168,3674.629,0,244.241,0,8.008,2334,2047,1.080,1.460,0.970,1,0,33.033,0,0,18,322,0,3,0
19-01 09:42:02,23.749,3.250,71.248,0.250,0,5312144,212616,182556,2293108,8928.796,1793.959,31.999,1891.957,1.000,38.999,2664,2497,1.080,1.460,0.970,2,0,3.000,0,0,18,321,0,1,0
19-01 09:42:03,17.993,2.499,78.969,0.500,0,5321224,196416,182732,2299020,13553.703,4507.239,0,1095.572,0,24.990,2225,1921,1.080,1.460,0.970,1,0,16.993,0,0,18,321,0,1,1
19-01 09:42:04,23.257,6.752,68.272,0,0,5321572,195660,182744,2299348,9054.871,1822.578,0,1712.543,0,25.008,10693,18907,1.080,1.460,0.970,1,0,13.004,0,0,18,321,0,1,0
19-01 09:42:05,24.251,6.750,67.004,0.250,0,5322020,194800,182780,2299648,8237.474,1620.093,0,2072.119,0,132.008,10947,19315,1.080,1.460,0.970,1,0,13.001,0,0,18,321,0,1,0
19-01 09:42:06,21.002,6.251,71.506,0,0,5318588,198112,182820,2299728,7269.639,1620.142,0,144.013,0,7.001,2384,1933,1.080,1.450,0.980,1,0,8.001,0,0,18,321,0,1,0
19-01 09:42:07,21.250,4.750,72.000,1.000,0,5275428,255072,182848,2287296,6420.957,1619.989,375.997,1531.990,9.000,30.000,2582,2243,1.080,1.450,0.980,1,0,6.000,0,0,18,321,0,1,0
19-01 09:42:08,19.763,4.003,71.547,3.002,0,5297788,228100,182884,2291860,9222.999,1621.054,2285.487,1224.797,322.210,6.004,3266,3246,1.080,1.450,0.980,1,0,2.001,0,0,18,322,0,1,0
19-01 09:42:09,25.069,6.267,66.183,2.006,0,5305544,219056,182884,2293188,7809.584,1570.340,994.749,3914.820,59.164,376.039,8933,13050,1.080,1.450,0.980,2,0,1.003,0,0,18,324,0,6,0
19-01 09:42:10,11.465,17.946,68.045,0.249,0,5241372,282996,182888,2293416,8834.404,1615.138,147.556,809.563,2.991,69.790,6585,6033,1.080,1.450,0.980,1,0,389.826,0,0,18,323,0,6,0
19-01 09:42:11,12.538,7.523,70.963,8.275,0,5227408,269404,182888,2320968,7949.865,1624.878,27711.186,1191.577,1622.872,27.081,4917,6144,1.070,1.450,0.980,1,1,60.181,0,0,18,323,0,8,0
19-01 09:42:12,7.969,3.486,79.937,7.222,0,5240464,239448,183292,2337448,9004.688,2517.129,16722.424,470.156,2126.660,2.988,6147,6200,1.070,1.450,0.980,0,0,5.977,0,0,18,324,0,8,0
19-01 09:42:13,3.010,0.502,94.301,0.251,0,5240400,239448,183292,2337512,50163.943,5247.732,64.205,1733.527,1.003,60.192,1597,2037,1.070,1.450,0.980,0,2,0,0,0,18,324,0,8,0
19-01 09:42:14,1.994,1.744,87.972,7.227,0,5236616,243476,183292,2337608,31669.835,3699.300,0,28139.003,0,738.664,2502,2873,1.070,1.450,0.980,0,1,1.994,0,0,18,324,0,8,0
19-01 09:42:15,3.759,3.008,80.453,11.028,0,5223572,256088,183344,2337988,62195.604,130077.526,765.929,2738.896,48.121,318.803,2569,2436,1.070,1.450,0.980,0,0,25.063,0,0,18,323,0,8,0
19-01 09:42:16,1.497,0.998,96.783,0,0,5212608,267052,183344,2337988,8153.739,1616.380,0,0,0,0,1110,1660,0.980,1.420,0.970,0,0,0.998,0,0,18,323,0,8,0
19-01 09:42:17,1.500,0.500,96.766,0,0,5212608,267052,183344,2337988,5962.958,1620.260,0,0,0,0,1038,1600,0.980,1.420,0.970,0,0,0,0,0,18,323,0,8,0
19-01 09:42:18,1.499,0.500,96.705,0,0,5208564,271096,183344,2337988,9257.717,1565.276,0,0,0,0,1214,1649,0.980,1.420,0.970,1,0,0,0,0,18,323,0,8,0
19-01 09:42:19,18.254,5.751,75.015,0,0.250,5223464,256188,183344,2337996,7813.522,1620.316,512.100,120.023,4.001,13.003,2627,2185,0.980,1.420,0.970,2,0,8.002,0,0,18,323,0,8,0
19-01 09:42:20,14.998,3.750,79.241,0.500,0.250,5238624,241020,183344,2338004,10165.786,1511.820,511.939,803.904,4.000,79.990,2888,3076,0.980,1.420,0.970,2,0,4.000,0,0,18,323,0,8,0
19-01 09:42:21,1.750,1.000,96.518,0.250,0,5230784,248860,183344,2338004,8228.565,1620.308,0,88.017,0,13.002,1201,1653,0.910,1.400,0.970,0,0,0,0,0,18,323,0,8,0
19-01 09:42:22,2.000,0.250,96.253,0,0,5219616,260024,183344,2338008,6780.186,1620.045,0,24.001,0,2.000,1260,1764,0.910,1.400,0.970,0,0,0,0,0,18,323,0,8,0
19-01 09:42:23,1.500,1.000,96.482,0,0,5218256,261384,183344,2338008,11430.887,1619.701,0,0,0,0,1171,1613,0.910,1.400,0.970,0,0,0,0,0,18,323,0,8,0
19-01 09:42:24,2.007,2.760,93.341,0.251,0,5202800,276840,183344,2338008,44326.805,1625.935,0,44622.886,0,306.117,2325,2828,0.910,1.400,0.970,0,0,0,0,0,18,323,0,8,0
19-01 09:42:25,2.242,0.249,95.415,0.249,0,5203276,276364,183344,2338008,40172.052,1614.336,0,330.839,0,27.902,1455,2118,0.910,1.400,0.970,0,0,0.997,0,0,18,323,0,8,0
19-01 09:42:26,2.000,1.000,95.750,0,0,5203276,276364,183344,2338008,12585.951,1565.994,0,143.999,0,18.000,1559,2114,0.830,1.370,0.960,0,0,2.000,0,0,18,323,0,8,0
19-01 09:42:27,1.249,1.249,96.662,0,0,5203500,276140,183344,2338008,11087.946,1618.532,0,0,0,0,1164,1566,0.830,1.370,0.960,1,0,0,0,0,18,323,0,8,0
19-01 09:42:28,2.002,0.500,95.840,0.250,0,5203496,276140,183344,2338012,13242.434,1567.472,0,152.143,0,11.010,1413,1843,0.830,1.370,0.960,0,0,0,0,0,18,323,0,8,0
19-01 09:42:29,6.500,3.750,88.498,0,0,5197700,281936,183344,2338012,10576.713,1565.958,0,35.999,0,4.000,2455,7252,0.830,1.370,0.960,0,0,35.999,0,0,18,323,0,9,0
19-01 09:42:30,2.250,4.250,86.752,5.500,0,5196644,282928,183344,2338068,6655.161,1620.039,0,126975.078,0,679.016,3079,3342,0.830,1.370,0.960,0,0,0,0,0,18,323,0,9,0
19-01 09:42:31,1.500,0.750,96.252,0,0,5196868,282704,183344,2338068,11217.214,1620.031,0,976.019,0,193.004,1352,1637,0.770,1.350,0.950,0,0,0,0,0,18,323,0,8,0
19-01 09:42:32,1.250,0.750,96.740,0,0,5196868,282704,183344,2338068,8736.115,1619.836,0,0,0,0,1151,1637,0.770,1.350,0.950,0,0,0,0,0,18,323,0,8,0
19-01 09:42:33,2.000,1.750,94.496,0.250,0,5202640,276928,183344,2338072,9689.584,1619.930,0,0,0,0,1375,1747,0.770,1.350,0.950,1,0,2.000,0,0,18,323,0,8,0
19-01 09:42:34,1.749,0.750,96.943,0,0,5202640,276928,183344,2338072,10832.624,1619.047,0,11.993,0,0.999,1222,1689,0.770,1.350,0.950,0,0,0,0,0,18,323,0,8,0
19-01 09:42:35,1.501,0.250,96.295,0,0,5202640,276928,183344,2338072,9062.253,1566.735,0,104.049,0,7.003,1176,1608,0.770,1.350,0.950,0,0,0,0,0,18,323,0,8,0
19-01 09:42:36,1.751,0.750,96.048,0,0,5202636,276928,183344,2338076,9096.500,1566.775,0,76.038,0,6.003,1215,1669,0.700,1.330,0.950,0,0,1.000,0,0,18,323,0,8,0
19-01 09:42:37,1.499,0.500,96.689,0,0,5202636,276928,183344,2338076,5681.405,1565.010,0,3.997,0,0.999,1133,1575,0.700,1.330,0.950,1,0,0,0,0,18,323,0,8,0
19-01 09:42:38,2.750,0.750,96.245,0,0,5202632,276928,183344,2338080,6172.652,1619.909,0,0,0,0,1257,1714,0.700,1.330,0.950,0,0,0,0,0,18,323,0,8,0
19-01 09:42:39,1.250,0.500,96.017,0,0,5202632,276928,183344,2338080,11748.042,1620.282,0,0,0,0,1315,1807,0.700,1.330,0.950,0,0,0,0,0,18,323,0,8,0
19-01 09:42:40,3.007,1.253,94.725,0.501,0,5202488,277036,183344,2338116,8286.664,1623.853,32.076,3708.801,1.002,89.212,2099,2998,0.700,1.330,0.950,0,0,1.002,0,0,18,323,0,8,0
19-01 09:42:41,2.495,0.998,95.045,0,0,5202800,276724,183344,2338116,8148.382,1616.505,0,79.827,0,11.974,1554,2112,0.650,1.310,0.940,1,0,0.998,0,0,18,323,0,8,0
19-01 09:42:42,1.500,0.750,96.496,0.250,0,5202796,276724,183344,2338120,8229.654,1619.932,0,643.973,0,121.995,1439,1867,0.650,1.310,0.940,0,0,0,0,0,18,323,0,8,0
19-01 09:42:43,2.250,1.000,95.740,0,0,5202796,276724,183344,2338120,9019.032,1619.826,0,199.979,0,12.999,1300,1736,0.650,1.310,0.940,0,0,0,0,0,18,323,0,8,0
19-01 09:42:44,2.250,0.250,96.507,0,0,5202796,276724,183344,2338120,8512.656,1512.117,0,36.003,0,4.000,1240,1746,0.650,1.310,0.940,0,0,0,0,0,18,323,0,8,0
19-01 09:42:45,4.500,2.750,90.996,0.250,0,5205532,273980,183344,2338128,5377.788,1079.957,0,3807.850,0,101.996,3251,4890,0.650,1.310,0.940,0,0,1.000,0,0,18,323,0,8,0
19-01 09:42:46,14.797,4.514,79.756,0,0,5233712,245656,183372,2338244,423975.332,13302.682,0,0,0,0,3502,3054,0.680,1.300,0.940,1,0,26.084,0,0,18,323,0,10,0
19-01 09:42:47,15.503,4.501,77.016,1.250,0,5230440,248832,183380,2338380,302964.716,12798.649,140.029,264.055,7.001,15.003,3552,3083,0.680,1.300,0.940,1,0,28.006,0,0,18,323,0,10,0
