"pcp-dstat 6.2.0 CSV Output"
"Author:","PCP team <pcp@groups.io> and Dag Wieers <dag@wieers.com>",,,,"URL:","https://pcp.io/ and http://dag.wieers.com/home-made/dstat/"
"Host:","ubuntu",,,,"User:","ubuntu"
"Cmdline:","dstat -tcmndrylpg --tcp --output /tmp/devstack_logs/dstat-csv.log",,,,"Date:","16 Jan 2026 19:12:49 UTC"
"system","total usage",,,,,"memory usage",,,,"net/total",,"dsk/total",,"io/total",,"system",,"load avg",,,"procs",,,"paging",,"tcp sockets",,,,
"time","total usage:usr","total usage:sys","total usage:idl","total usage:wai","total usage:stl","used","free","buf","cach","net/total:recv","net/total:send","dsk/total:read","dsk/total:writ","read","writ","int","csw","1m","5m","15m","run","blk","new","in","out","lis","act","syn","tim","clo"
16-01 19:12:49,,1079864,1624084,162164,4955404,,,,,,,0.960,0.910,0.520,2,0,,,,10,5,0,17,1
16-01 19:12:50,20.502,21.252,56.755,0.250,0,1093584,1609812,162256,4955736,22947.829,10915.870,0,2436.194,0,92.007,6779,5793,0.960,0.910,0.520,2,0,517.041,0,0,10,4,0,17,2
16-01 19:12:51,26.702,18.966,52.656,0.499,0,1075936,1609124,162300,4973388,229620.768,12183.181,0,2255.960,0,73.868,6670,6033,0.960,0.910,0.520,2,0,349.374,0,0,10,4,0,17,2
16-01 19:12:52,39.811,16.525,42.065,0.501,0,1061652,1603884,163344,4988392,6337.734,1664.556,0,1694.603,0,54.083,6593,7158,0.960,0.910,0.520,3,0,251.386,0,0,10,4,0,17,2
16-01 19:12:53,24.757,6.752,67.019,0.250,0,1143452,1503864,163740,5129048,42930.316,1620.465,0,1432.411,0,31.009,3634,3812,0.960,0.910,0.520,2,0,70.020,0,0,11,6,0,17,2
16-01 19:12:54,39.472,10.992,48.215,1.249,0,1162424,1462304,164332,5149224,10681.305,1660.803,15.988,14893.270,0.999,471.660,4834,2988,0.960,0.910,0.520,3,0,129.906,0,0,11,6,0,17,2
16-01 19:12:55,40.925,9.483,47.913,1.497,0,1197804,1410332,165224,5162468,9708.314,1617.054,31.942,4056.610,1.996,121.778,4311,3078,0.960,0.910,0.520,3,0,99.818,0,0,11,6,0,19,2
16-01 19:12:56,44.231,5.248,48.479,0.750,0,1243904,1334156,166340,5188556,8024.497,1619.293,0,3902.297,0,94.959,3311,2049,1.050,0.930,0.530,1,1,0,0,0,11,6,0,19,2
16-01 19:12:57,33.316,5.010,51.853,7.765,0,1259020,1326716,167532,5179208,15494.664,4350.610,0,21506.562,0,1925.811,12553,16936,1.050,0.930,0.530,3,0,35.069,0,0,11,6,0,19,0
16-01 19:12:58,39.539,8.508,40.790,9.760,0,1184744,1395808,168504,5183292,8732.524,2049.000,0,49868.677,0,3852.761,17875,26679,1.050,0.930,0.530,1,0,95.093,0,0,11,5,0,19,0
16-01 19:12:59,37.252,7.250,54.753,0,0,1274040,1298968,168624,5189824,15396.771,3472.174,0,1812.091,0,49.002,3319,2060,1.050,0.930,0.530,2,0,63.003,0,0,11,4,0,19,0
16-01 19:13:00,39.458,4.495,55.441,0.499,0,1312000,1260920,168628,5189836,11978.180,4384.308,0,1274.636,0,35.962,2793,1548,1.050,0.930,0.530,2,0,17.981,0,0,11,5,0,19,0
16-01 19:13:01,45.188,7.739,44.189,0.749,0,1276864,1287800,169200,5196060,6956.396,1791.527,0,8332.496,0,414.428,12189,19909,1.120,0.950,0.540,2,0,23.967,0,0,11,4,0,19,0
16-01 19:13:02,45.245,7.749,45.495,0.250,0,1313468,1250756,169268,5196324,10534.865,1619.826,0,2203.763,0,23.997,11532,18904,1.120,0.950,0.540,2,0,12.999,0,0,11,4,0,19,0
16-01 19:13:03,32.821,19.793,46.601,0,0,1241972,1336800,169312,5183436,6376.803,1717.718,0,561.215,0,19.041,5837,4472,1.120,0.950,0.540,3,0,400.868,0,0,11,4,0,19,0
16-01 19:13:04,35.670,18.958,44.401,0,0,1191096,1387476,169316,5184056,9831.082,1616.396,0,159.644,0,11.973,5773,5929,1.120,0.950,0.540,2,0,412.081,0,0,11,4,0,19,0
16-01 19:13:05,36.266,14.506,48.772,0,0,1209912,1368660,169316,5184096,7600.383,1620.721,0,4.002,0,1.000,5174,4995,1.120,0.950,0.540,2,0,245.109,0,0,11,5,0,19,0
16-01 19:13:06,46.498,3.750,48.998,0,0,1274356,1303772,169324,5184532,9330.687,1619.946,0,263.991,0,31.999,2808,1216,1.190,0.960,0.550,2,0,0,0,0,11,5,0,19,0
16-01 19:13:07,42.235,7.997,48.733,0,0,1302448,1275088,169332,5185104,8710.936,1457.487,0,487.828,0,37.987,2837,1428,1.190,0.960,0.550,2,0,0,0,0,11,5,0,19,0
16-01 19:13:08,20.994,7.998,70.479,0,0,1304992,1270584,169408,5186964,5794.286,1619.521,0,2071.387,0,70.979,3425,4099,1.190,0.960,0.550,1,0,117.965,0,0,11,4,0,20,0
16-01 19:13:09,12.752,3.250,83.011,0.250,0,1345784,1229788,169412,5186964,9339.194,1620.207,0,396.051,0,26.003,1765,1597,1.190,0.960,0.550,1,0,22.003,0,0,11,4,0,20,0
16-01 19:13:10,22.496,4.499,72.488,0,0,1385120,1190440,169412,5186968,8959.546,1619.737,0,23712.152,0,71.988,2019,1453,1.190,0.960,0.550,2,0,0,0,0,11,4,0,20,0
16-01 19:13:11,23.035,2.253,72.610,0.501,0,1396784,1178524,169444,5187192,8409.698,1622.450,0,1854.801,0,121.183,3060,3382,1.180,0.970,0.550,1,0,1.002,0,0,11,10,0,14,0
16-01 19:13:12,20.724,5.243,72.408,0.999,0,1407008,1168212,169508,5187216,8758.927,1617.955,7.990,2924.303,1.997,214.729,3419,3370,1.180,0.970,0.550,1,1,41.947,0,0,11,4,0,16,0
16-01 19:13:13,17.996,1.500,77.983,1.000,0,1432312,1142284,169772,5187500,12149.362,4008.130,363.921,903.804,17.996,11.997,1741,1288,1.180,0.970,0.550,1,0,0,0,0,11,5,0,16,0
16-01 19:13:14,15.750,2.750,73.250,8.000,0,1421576,1152688,169816,5187724,10633.000,3382.000,264.000,3372.000,65.000,141.000,2576,2480,1.180,0.970,0.550,1,0,1.000,0,0,11,17,0,16,0
16-01 19:13:15,18.996,5.999,73.985,0,0,1397684,1176416,169816,5187872,15075.921,5509.875,3.999,22211.463,1.000,75.984,2771,2132,1.180,0.970,0.550,1,0,45.991,0,0,11,28,0,17,0
16-01 19:13:16,18.503,2.250,78.511,0,0,1410932,1163164,169816,5187876,9984.391,5705.795,0,0,0,0,1768,1386,1.160,0.970,0.550,1,0,0,0,0,11,29,0,17,0
16-01 19:13:17,26.514,13.507,59.031,0,0,1409216,1164852,169816,5187904,12038.298,4465.336,0,20.010,0,5.003,4521,10896,1.160,0.970,0.550,2,0,192.101,0,0,11,28,0,19,0
16-01 19:13:18,36.964,5.245,57.195,0,0,1483792,1090272,169816,5187908,13510.930,6184.018,0,2257.816,0,11.988,2699,1468,1.160,0.970,0.550,1,0,0,0,0,11,30,0,19,0
16-01 19:13:19,36.246,3.750,58.743,0.250,0,1480212,1093636,169824,5188112,21837.399,15180.192,0,1867.777,0,21.997,5863,7823,1.160,0.970,0.550,2,0,0,0,0,11,29,0,18,0
16-01 19:13:20,62.211,28.597,9.031,0,0,1483732,1090064,169828,5188160,9774.188,2092.104,0,429.458,0,22.075,6034,5068,1.160,0.970,0.550,6,0,579.969,0,0,11,28,0,18,0
16-01 19:13:21,88.010,12.001,0.250,0,0,1711208,862564,169828,5188172,49384.412,11016.207,0,0,0,0,5378,3103,1.550,1.050,0.580,5,0,0,0,0,11,31,1,18,0
16-01 19:13:22,81.388,8.239,9.487,0,0,1742252,831264,169852,5188404,41612.710,32829.801,0,515.291,0,45.937,7574,11012,1.550,1.050,0.580,4,0,16.977,0,0,11,31,0,21,0
16-01 19:13:23,38.523,12.758,47.779,0.250,0,1561892,1011576,169864,5188440,48447.185,6178.722,0,516.311,0,48.029,4895,5476,1.550,1.050,0.580,1,0,293.177,0,0,11,28,0,23,0
16-01 19:13:24,18.707,1.995,78.069,0,0,1554064,1019400,169864,5188444,10396.890,5588.042,0,187.565,0,5.986,1946,1601,1.550,1.050,0.580,1,0,0,0,0,11,29,0,23,0
16-01 19:13:25,16.292,7.770,72.437,2.256,0,1470440,1103016,169872,5188464,12708.750,4606.872,0,68191.727,0,640.651,4410,4082,1.550,1.050,0.580,1,0,69.178,0,0,11,28,0,24,0
16-01 19:13:26,18.247,2.500,78.238,0,0,1487580,1085872,169872,5188468,13828.881,5534.152,0,0,0,0,2014,1700,1.510,1.050,0.580,1,0,0,0,0,11,29,0,24,0
16-01 19:13:27,16.242,6.497,76.461,0.250,0,1466672,1106900,169880,5188488,14854.409,4808.543,0,1367.301,0,22.988,3556,3448,1.510,1.050,0.580,3,0,91.953,0,0,11,28,0,25,0
16-01 19:13:28,12.754,27.508,58.768,0,0,1450080,1123472,169880,5188508,8029.410,1620.486,0,224.067,0,17.005,6703,5422,1.510,1.050,0.580,5,0,718.216,0,0,11,28,0,25,0
16-01 19:13:29,79.481,19.995,0.250,0,0.250,1570424,1003096,169884,5188532,9413.727,1619.609,0,207.950,0,12.997,5138,3138,1.510,1.050,0.580,5,0,227.945,0,0,11,28,0,25,0
16-01 19:13:30,75.235,7.748,16.997,0.250,0,1664328,909136,169912,5188560,32957.233,24320.006,0,2479.491,0,139.971,5612,5167,1.510,1.050,0.580,4,0,0,0,0,11,33,0,25,0
16-01 19:13:31,66.237,13.747,19.496,0,0,1492424,1080524,169932,5189068,35761.894,28010.434,0,34933.059,0,149.970,10265,15286,1.630,1.080,0.600,7,0,252.950,0,0,11,28,0,26,0
16-01 19:13:32,81.871,18.277,0,0,0,1595012,977928,169936,5189068,5832.631,1622.401,0,212.314,0,8.012,5007,3099,1.630,1.080,0.600,6,0,57.084,0,0,11,28,0,26,0
16-01 19:13:33,88.239,8.499,3.000,0,0,1742328,830584,169940,5189092,30320.107,22473.115,0,143.982,0,7.999,5126,3838,1.630,1.080,0.600,5,0,0,0,0,11,34,0,26,0
16-01 19:13:34,75.927,8.742,13.987,0,0,1714940,857712,169956,5189336,51076.997,41554.133,0,1374.681,0,58.943,9534,16547,1.630,1.080,0.600,7,0,42.959,0,0,11,29,0,31,0
16-01 19:13:35,46.736,14.746,38.738,0.250,0,1507716,1064892,169968,5189368,10692.760,3580.915,0,299.909,0,24.992,4598,4356,1.630,1.080,0.600,2,0,255.922,0,0,11,28,0,31,0
16-01 19:13:36,32.710,3.246,62.174,0,0,1541096,1031492,169972,5189384,17249.887,11644.747,0,235.712,0,7.990,3071,2552,1.660,1.100,0.610,1,0,0,0,0,11,30,0,31,0
16-01 19:13:37,49.377,20.302,29.827,0,0,1493912,1078480,169984,5189568,18378.421,9990.779,0,846.183,0,60.155,6670,7429,1.660,1.100,0.610,3,0,378.978,0,0,11,28,0,33,0
16-01 19:13:38,53.611,5.735,39.398,0,0,1536412,1035972,169984,5189576,17918.567,11708.659,0,0,0,0,3917,2647,1.660,1.100,0.610,4,0,0,0,0,11,31,0,33,0
16-01 19:13:39,52.135,8.773,38.850,0.251,0,1441616,1130676,170000,5189652,24775.929,19702.839,0,372.962,0,43.111,7383,9812,1.660,1.100,0.610,5,0,132.341,0,0,11,28,0,34,0
16-01 19:13:40,80.998,18.500,0.250,0,0,1561424,1010848,170004,5189668,6142.859,1619.963,0,175.996,0,10.000,4981,2459,1.660,1.100,0.610,4,0,125.997,0,0,11,28,0,29,0
16-01 19:13:41,57.988,6.499,34.493,0.500,0,1611732,960444,170016,5189724,39247.868,30826.613,0,231.952,0,15.997,6787,8604,1.840,1.150,0.620,2,0,5.999,0,0,11,32,0,29,0
16-01 19:13:42,62.722,18.492,18.991,0,0,1538168,1033936,170024,5189788,20997.554,12866.212,0,403.818,0,34.984,6507,7855,1.840,1.150,0.620,3,0,323.854,0,0,11,28,0,32,0
16-01 19:13:43,53.533,5.503,40.024,0,0,1558516,1013576,170024,5189800,20829.659,13373.127,0,184.112,0,9.005,3920,2709,1.840,1.150,0.620,3,0,0,0,0,11,31,0,32,0
16-01 19:13:44,51.175,12.482,35.698,0.250,0,1521132,1050680,170032,5190072,27362.815,18791.403,0,419.384,0,39.941,7435,9710,1.840,1.150,0.620,4,0,248.635,0,0,11,28,0,34,0
16-01 19:13:45,65.094,11.767,22.532,0,0,1530636,1041172,170032,5190076,9156.158,1622.331,0,2623.770,0,91.131,4055,2023,1.840,1.150,0.620,4,0,51.073,0,0,11,28,0,34,0
16-01 19:13:46,42.493,4.749,51.491,0.250,0,1543548,1027908,170080,5190380,31084.708,24433.840,0,3855.344,0,209.964,6441,8211,1.940,1.180,0.640,4,0,0,0,0,11,31,0,34,0
16-01 19:13:47,59.016,18.755,21.256,0,0,1524100,1047192,170084,5190540,11525.182,6506.797,0,220.061,0,15.004,5300,4676,1.940,1.180,0.640,4,0,287.079,0,0,11,28,0,37,0
16-01 19:13:48,53.965,5.496,39.724,0,0,1597148,974004,170084,5190680,21678.860,14114.794,0,143.906,0,5.996,4051,2731,1.940,1.180,0.640,3,0,0,0,0,11,31,0,34,0
16-01 19:13:49,48.872,12.717,37.402,0.249,0,1535312,1035748,170104,5190752,21296.152,14776.250,0,586.462,0,48.872,6706,8054,1.940,1.180,0.640,3,0,111.707,0,0,11,28,0,36,0
16-01 19:13:50,60.016,6.752,32.259,0,0,1584164,986884,170108,5190760,11430.122,7532.058,0,160.044,0,8.002,3450,1347,1.940,1.180,0.640,0,0,0,0,0,11,31,0,36,0
16-01 19:13:51,48.394,6.018,44.883,0.251,0,1545792,1025200,170108,5190816,67533.741,21400.612,0,381.133,0,38.113,6936,8860,1.940,1.190,0.640,3,0,21.063,0,0,11,28,0,38,0
16-01 19:13:52,69.394,27.458,2.247,0,0,1512048,1058840,170116,5190880,8087.642,1767.299,0,243.628,0,24.962,5854,5132,1.940,1.190,0.640,7,0,608.071,0,0,11,28,0,38,0
16-01 19:13:53,83.126,16.775,0.501,0,0,1697828,872908,170116,5191032,50973.189,9979.111,0,192.291,0,8.012,5760,4709,1.940,1.190,0.640,6,0,382.579,0,0,11,31,0,38,0
16-01 19:13:54,76.559,19.202,3.990,0,0,1757824,812796,170136,5191140,49673.871,39569.121,0,1041.398,0,69.826,8334,10604,1.940,1.190,0.640,8,0,414.963,0,0,11,32,0,38,0
16-01 19:13:55,78.155,20.791,1.002,0,0,1682660,887708,170168,5191360,23627.882,18754.212,0,533.058,0,50.099,6809,7534,1.940,1.190,0.640,5,0,367.730,0,0,11,28,0,39,0
16-01 19:13:56,82.001,12.750,4.500,0,0.250,1686584,883764,170172,5191376,22903.283,15031.186,0,108.001,0,6.000,5533,4204,2.110,1.240,0.660,4,0,60.001,0,0,11,31,0,37,0
16-01 19:13:57,74.673,9.990,14.735,0,0,1666612,903524,170172,5191588,37720.185,30593.519,0,3.996,0,0.999,6962,10593,2.110,1.240,0.660,5,0,132.863,0,0,11,30,0,40,0
16-01 19:13:58,34.695,16.724,47.924,0,0,1465936,1104088,170172,5191688,24519.368,15795.114,0,11.981,0,2.995,7249,9137,2.110,1.240,0.660,2,0,415.346,0,0,11,28,0,42,0
16-01 19:13:59,27.081,33.350,39.619,0,0,1470152,1099824,170172,5191736,7387.098,1624.861,0,52.156,0,13.039,6558,5848,2.110,1.240,0.660,5,0,845.529,0,0,11,28,0,42,0
16-01 19:14:00,73.833,16.463,8.980,0,0,1576184,993772,170172,5191756,13744.002,7732.560,0,0,0,0,4930,3101,2.110,1.240,0.660,3,0,209.527,0,0,11,30,0,42,0
16-01 19:14:01,61.108,8.014,29.803,0,0,1592704,977112,170180,5191956,32012.480,24425.094,0,2540.482,0,93.164,6939,9196,2.100,1.250,0.670,2,0,67.118,0,0,11,30,0,44,0
16-01 19:14:02,74.282,19.008,6.253,0,0,1547456,1022304,170192,5192000,16263.983,5558.386,0,500.215,0,46.020,5934,5227,2.100,1.250,0.670,5,0,201.086,0,0,11,28,0,46,0
16-01 19:14:03,67.265,7.252,25.506,0,0,1606800,962924,170192,5192036,27265.981,22455.926,0,284.062,0,15.003,5575,5619,2.100,1.250,0.670,5,0,0,0,0,11,32,0,46,0
16-01 19:14:04,51.376,6.235,40.901,0,0,1607040,962420,170196,5192296,48183.243,37192.875,0,203.507,0,9.976,9936,16874,2.100,1.250,0.670,4,0,0,0,0,11,32,0,46,0
16-01 19:14:05,68.660,14.033,16.288,0.251,0,1519432,1049804,170224,5192492,27892.069,18726.687,0,1643.835,0,67.157,8798,11572,2.100,1.250,0.670,4,0,121.283,0,0,11,28,0,46,0
16-01 19:14:06,77.848,9.731,12.975,0,0,1596688,972528,170228,5192508,18892.223,12134.378,0,223.565,0,15.969,4708,2602,2.170,1.280,0.680,1,0,0,0,0,11,31,1,46,0
16-01 19:14:07,55.489,6.499,36.993,0,0,1600472,968516,170228,5192732,40536.843,33679.223,0,187.962,0,10.998,9121,13864,2.170,1.280,0.680,2,0,0,0,0,11,32,0,46,0
16-01 19:14:08,55.759,10.002,32.255,0,0,1558732,1010004,170228,5192984,46262.254,35402.551,0,172.027,0,11.002,10849,16354,2.170,1.280,0.680,5,0,83.013,0,0,11,28,0,49,0
16-01 19:14:09,79.097,17.271,4.506,0,0,1559048,1009664,170232,5193004,9238.360,3913.813,0,152.187,0,6.007,4716,2446,2.170,1.280,0.680,3,0,177.218,0,0,11,29,0,49,0
16-01 19:14:10,63.743,7.249,28.247,0.250,0,1620076,948452,170232,5193188,31884.321,26538.938,0,139.984,0,8.999,5976,7426,2.170,1.280,0.680,2,0,0,0,0,11,32,0,49,0
16-01 19:14:11,62.651,11.981,24.461,0,0,1579296,989004,170236,5193412,31517.240,25847.192,0,259.590,0,23.962,9352,13561,2.240,1.310,0.700,3,0,97.846,0,0,11,29,0,51,0
16-01 19:14:12,77.736,10.998,11.248,0.250,0,1599880,968384,170244,5193440,17815.840,9987.228,0,307.945,0,23.996,5107,3697,2.240,1.310,0.700,4,0,29.995,0,0,11,30,0,51,0
16-01 19:14:13,65.417,11.780,22.056,0.251,0,1560352,1007860,170264,5193436,25215.329,17726.223,0,328.839,0,39.100,6011,6886,2.240,1.310,0.700,4,0,122.312,0,0,11,30,0,51,0
16-01 19:14:14,67.689,6.744,24.728,0,0,1619300,948680,170280,5193652,36023.280,27497.025,0,235.786,0,21.980,6069,9718,2.240,1.310,0.700,2,0,0.999,0,0,11,33,0,52,0
16-01 19:14:15,69.501,12.500,18.250,0,0,1602220,965688,170284,5193720,29701.559,22736.428,0,180.003,0,15.000,7505,10555,2.240,1.310,0.700,4,0,143.003,0,0,11,33,0,54,0
16-01 19:14:16,74.805,13.510,11.508,0,0,1579808,987944,170284,5193876,16982.491,10264.550,0,4151.053,0,184.135,5408,3681,2.380,1.350,0.710,2,0,86.063,0,0,11,34,0,55,0
16-01 19:14:17,74.812,10.723,12.967,0,0.249,1600128,967576,170292,5193916,27926.653,19570.701,0,367.075,0,10.972,6145,18521,2.380,1.350,0.710,5,0,70.822,0,0,11,34,0,57,0
16-01 19:14:18,63.676,12.785,23.314,0,0,1542164,1025460,170308,5193980,24064.442,17542.435,0,373.030,0,37.102,7475,8605,2.380,1.350,0.710,3,0,141.390,0,0,11,33,0,59,0
16-01 19:14:19,52.967,10.743,35.978,0,0,1595256,972328,170316,5194004,17189.276,9390.141,0,343.786,0,29.981,4690,4025,2.380,1.350,0.710,3,0,89.944,0,0,11,32,0,61,0
16-01 19:14:20,51.243,9.249,39.245,0.250,0,1572488,994960,170316,5194140,22104.059,12825.294,0,903.880,0,14.998,4333,3390,2.380,1.350,0.710,4,0,59.992,0,0,11,34,0,61,0
16-01 19:14:21,52.508,10.002,36.006,0,0.250,1495612,1071624,170316,5194352,59637.240,15771.444,0,176.027,0,14.002,5897,6544,2.270,1.350,0.720,4,0,99.015,0,0,11,33,0,60,0
16-01 19:14:22,54.536,11.257,33.772,0,0,1560252,1006936,170324,5194388,19904.031,12175.971,0,212.139,0,10.007,5202,4774,2.270,1.350,0.720,4,0,84.055,0,0,11,33,0,61,0
16-01 19:14:23,50.951,7.743,40.461,0,0,1528316,1038664,170336,5194584,56631.470,14761.786,0,175.831,0,13.987,4410,5167,2.270,1.350,0.720,2,0,67.935,0,0,11,34,0,62,0
16-01 19:14:24,30.683,6.735,61.616,0,0,1474560,1092352,170352,5194628,22845.283,14655.107,0,271.409,0,19.957,4994,6331,2.270,1.350,0.720,1,0,84.815,0,0,11,33,0,63,0
16-01 19:14:25,38.506,8.001,52.259,0.250,0,1454140,1112760,170356,5194636,12919.122,4642.763,0,228.037,0,23.004,3891,2931,2.270,1.350,0.720,1,0,69.011,0,0,11,33,0,58,0
16-01 19:14:26,36.555,4.757,57.836,0,0,1475348,1091524,170360,5194660,19065.454,12982.375,0,172.257,0,10.015,4171,4324,2.250,1.360,0.720,5,0,22.033,0,0,11,33,0,59,0
16-01 19:14:27,37.748,8.750,52.747,0,0,1463640,1103048,170360,5194844,12884.279,5623.685,0,227.987,0,18.999,5227,5082,2.250,1.360,0.720,3,0,115.994,0,0,11,32,0,60,0
16-01 19:14:28,37.014,5.252,57.772,0,0,1531308,1035352,170372,5194856,17215.423,8082.016,0,312.116,0,29.011,3433,3302,2.250,1.360,0.720,2,0,0,0,0,11,32,0,61,0
16-01 19:14:29,33.442,7.487,57.400,0,0,1530900,1035736,170372,5194880,14830.133,10685.362,0,147.742,0,6.988,4270,4069,2.250,1.360,0.720,1,0,59.896,0,0,11,33,0,59,0
16-01 19:14:30,36.247,5.999,57.744,0.250,0,1505196,1061416,170380,5194896,18699.195,9599.073,0,219.979,0,19.998,4156,4051,2.250,1.360,0.720,4,0,5.000,0,0,11,33,0,60,0
16-01 19:14:31,34.496,7.249,57.243,0.250,0,1465296,1101280,170388,5194920,17201.900,11757.565,0,147.982,0,8.999,4369,4380,2.150,1.350,0.720,3,0,42.995,0,0,11,33,0,61,0
16-01 19:14:32,34.785,5.255,58.809,0,0,1460496,1105904,170408,5195080,17478.485,8986.990,0,536.537,0,59.059,4004,4559,2.150,1.350,0.720,2,0,5.005,0,0,11,33,0,62,0
16-01 19:14:33,33.697,4.243,60.654,0,0,1508292,1058080,170412,5195104,18215.149,12324.479,0,143.772,0,7.987,3821,4341,2.150,1.350,0.720,1,0,0,0,0,11,34,0,61,0
16-01 19:14:34,25.070,12.033,62.925,0,0,1482500,1083756,170432,5195200,16394.597,10941.430,0,425.183,0,37.103,5655,6280,2.150,1.350,0.720,1,0,277.773,0,0,11,32,0,63,0
16-01 19:14:35,21.456,3.992,73.351,0.249,0,1428908,1137340,170440,5195200,8832.085,1455.049,0,139.717,0,9.980,1895,1357,2.150,1.350,0.720,1,0,5.988,0,0,11,32,0,63,0
16-01 19:14:36,17.247,1.750,79.735,0,0,1437744,1128492,170440,5195212,15403.191,8375.473,0,143.974,0,7.999,2749,2945,2.050,1.350,0.730,1,0,0,0,0,11,33,0,63,0
16-01 19:14:37,11.511,11.761,75.571,0.250,0,1410532,1155656,170464,5195236,10949.338,5397.096,0,752.711,0,62.059,4894,4702,2.050,1.350,0.730,1,0,284.268,0,0,11,32,0,58,0
16-01 19:14:38,21.982,3.747,73.189,0.250,0,1440588,1125568,170496,5195236,9220.274,1618.644,0,1766.520,0,103.913,2234,1862,2.050,1.350,0.730,1,0,0,0,0,11,32,0,58,0
16-01 19:14:39,16.250,2.250,80.749,0,0,1442764,1123376,170496,5195252,16445.732,9955.838,0,0,0,0,2968,3446,2.050,1.350,0.730,2,0,0,0,0,11,33,0,58,0
16-01 19:14:40,19.258,5.502,74.529,0,0,1444724,1121408,170496,5195260,11443.472,4016.569,0,4.002,0,1.000,2686,2225,2.050,1.350,0.730,1,0,46.018,0,0,11,32,0,59,0
16-01 19:14:41,18.742,2.749,77.716,0,0,1436084,1130044,170496,5195264,13216.216,6658.086,0,0,0,0,2039,1617,1.970,1.340,0.730,1,0,5.997,0,0,11,33,0,57,0
16-01 19:14:42,16.748,2.000,78.739,0.250,0,1430488,1135464,170508,5195428,15603.834,10467.547,0,355.951,0,28.996,4752,6315,1.970,1.340,0.730,1,0,0,0,0,11,32,0,57,0
16-01 19:14:43,10.784,21.818,67.963,0,0,1370348,1195444,170508,5195580,8663.162,1625.095,0,160.503,0,13.041,6001,4566,1.970,1.340,0.730,2,0,508.595,0,0,11,32,0,57,0
16-01 19:14:44,41.228,9.245,48.474,0,0,1470864,1094672,170520,5195788,8998.184,1619.133,0,423.773,0,23.987,3825,2577,1.970,1.340,0.730,2,0,118.936,0,0,11,32,0,59,0
16-01 19:14:45,40.509,6.502,46.011,6.251,0,1519576,1040112,171028,5200652,10104.359,1690.395,0,16023.741,0,1452.339,11005,14434,1.970,1.340,0.730,4,0,72.017,0,0,11,36,0,54,0
16-01 19:14:46,37.491,8.498,40.240,11.747,0,1476400,1078264,172100,5204380,9060.709,1619.590,0,54326.261,0,4487.865,23305,32584,2.210,1.400,0.750,2,1,95.976,0,0,11,36,0,54,0
16-01 19:14:47,44.259,6.251,45.259,3.251,0,1496032,1058976,172264,5203856,11298.271,1620.326,0,18615.742,0,1418.285,8980,10608,2.210,1.400,0.750,4,0,13.003,0,0,11,32,0,54,0
16-01 19:14:48,43.243,5.749,46.992,2.750,0,1533152,1021452,172456,5204060,7166.812,1619.732,0,5951.014,0,910.849,8497,10836,2.210,1.400,0.750,2,0,2.000,0,0,11,34,0,54,0
16-01 19:14:49,36.908,10.224,45.636,5.736,0,1503056,1050976,172688,5204380,6702.227,1615.956,0,16239.359,0,2002.987,14482,19950,2.210,1.400,0.750,1,0,99.750,0,0,11,32,0,49,0
16-01 19:14:50,23.004,3.751,71.262,1.000,0,1466180,1087776,172752,5204392,5110.875,1458.250,0,13122.248,0,675.116,3779,4283,2.210,1.400,0.750,1,0,1.000,0,0,11,32,0,49,0
16-01 19:14:51,22.724,2.997,73.417,0,0,1505896,1048052,172756,5204396,44464.469,1618.161,0,743.155,0,17.980,2014,1315,2.120,1.390,0.750,1,0,1.998,0,0,11,32,0,49,0
16-01 19:14:52,23.026,3.504,72.583,0.501,0,1464144,1089772,172768,5204416,8345.528,1663.900,0,1125.285,0,79.090,2142,1581,2.120,1.390,0.750,2,0,1.001,0,0,11,32,0,49,0
16-01 19:14:53,23.746,2.500,73.237,0,0,1511264,1042652,172768,5204416,45595.013,1619.716,0,0,0,0,2016,1300,2.120,1.390,0.750,1,0,2.000,0,0,11,32,0,49,0
16-01 19:14:54,22.801,2.756,74.166,0,0,1507896,1046008,172768,5204428,11704.253,1623.642,0,0,0,0,1850,1239,2.120,1.390,0.750,1,0,1.002,0,0,11,32,0,47,0
16-01 19:14:55,22.231,3.497,73.437,0,0,1545620,1008208,172768,5204500,14015.991,1618.613,0,3.997,0,0.999,1912,1203,2.120,1.390,0.750,1,0,2.997,0,0,11,32,0,47,0
16-01 19:14:56,21.467,3.994,73.637,0,0,1519800,1034024,172768,5204500,26047.138,1617.525,0,0,0,0,2044,1279,2.030,1.390,0.750,2,0,0.998,0,0,11,32,0,47,0
16-01 19:14:57,22.256,3.001,73.770,0,0,1550980,1002752,172768,5204588,6338.719,1620.440,0,0,0,0,1710,1058,2.030,1.390,0.750,2,0,2.001,0,0,11,32,0,47,0
16-01 19:14:58,23.246,3.749,73.239,0,0,1492616,1061024,172768,5204640,8248.707,1457.772,0,315.950,0,10.998,2073,1700,2.030,1.390,0.750,1,0,1.000,0,0,11,32,0,43,0
16-01 19:14:59,22.801,2.506,73.165,0,0,1474496,1079124,172776,5204652,9330.012,1623.657,0,332.749,0,22.050,1925,1396,2.030,1.390,0.750,1,0,1.002,0,0,11,32,0,43,0
16-01 19:15:00,22.448,3.242,73.828,0,0,1510236,1043360,172776,5204672,6393.111,1616.236,0,0,0,0,1749,1089,2.030,1.390,0.750,1,0,1.995,0,0,11,32,0,43,0
16-01 19:15:01,22.280,4.256,73.098,0,0,1484288,1069256,172784,5204680,10016.405,1664.227,0,100.134,0,4.005,2026,1435,1.940,1.380,0.760,1,0,4.005,0,0,11,32,0,43,0
16-01 19:15:02,22.725,2.997,73.420,0,0.250,1472620,1080904,172784,5204700,7308.040,1618.237,0,163.822,0,37.959,1928,1220,1.940,1.380,0.760,1,0,0.999,0,0,11,32,0,38,0
16-01 19:15:03,22.809,2.506,74.190,0.501,0,1497784,1055740,172784,5204700,11706.042,1624.168,0,1840.724,0,220.566,2200,1176,1.940,1.380,0.760,1,0,2.005,0,0,11,32,0,38,0
16-01 19:15:04,14.237,13.987,71.183,0,0,1455960,1097400,172792,5204848,7748.756,1712.399,0,527.507,0,5.994,4829,3901,1.940,1.380,0.760,2,0,398.627,0,0,11,32,0,38,0
16-01 19:15:05,8.984,21.211,69.373,0,0,1413312,1139964,172792,5204904,6332.414,1455.337,0,714.692,0,10.980,6326,5124,1.940,1.380,0.760,2,0,528.034,0,0,11,32,0,38,0
16-01 19:15:06,8.777,21.315,69.210,0.251,0,1400260,1152980,172792,5204936,9226.998,1624.931,0,160.487,0,2.006,6078,4481,1.870,1.370,0.760,1,0,432.312,0,0,11,32,0,37,0
16-01 19:15:07,21.682,3.988,73.272,0,0,1439156,1114096,172792,5204920,9203.306,1614.965,0,3.988,0,0.997,2019,1398,1.870,1.370,0.760,1,0,14.953,0,0,11,32,0,37,0
16-01 19:15:08,22.509,2.751,73.780,0,0,1427408,1125836,172792,5204936,5804.388,1620.667,0,136.056,0,14.006,1986,1501,1.870,1.370,0.760,1,0,3.001,0,0,11,32,0,37,0
16-01 19:15:09,22.250,4.000,73.499,0,0,1436340,1116924,172792,5204916,9689.888,1619.981,0,343.996,0,23.000,1914,1397,1.870,1.370,0.760,1,0,0,0,0,11,32,0,37,0
16-01 19:15:10,22.552,3.007,73.418,0,0,1431960,1121284,172792,5204936,7247.566,1623.711,0,20.046,0,1.002,1824,1144,1.870,1.370,0.760,1,0,3.007,0,0,11,32,0,33,0
16-01 19:15:11,21.498,3.750,73.995,0,0,1474152,1079104,172792,5204924,10551.237,1619.883,0,0,0,0,1899,1267,1.800,1.370,0.760,1,0,2.000,0,0,11,32,0,33,0
16-01 19:15:12,23.199,2.495,73.589,0,0,1465880,1087384,172792,5204916,8367.748,1616.474,0,11.974,0,0.998,1834,1202,1.800,1.370,0.760,2,0,0.998,0,0,11,32,0,33,0
16-01 19:15:13,21.749,3.750,73.498,0,0,1489820,1063444,172792,5204916,8590.715,1457.952,0,12.000,0,2.000,1800,1190,1.800,1.370,0.760,1,0,2.000,0,0,11,32,0,33,0
16-01 19:15:14,23.253,2.500,73.759,0,0,1469652,1083604,172792,5204924,12191.452,1620.193,0,20.002,0,1.000,1787,1147,1.800,1.370,0.760,1,0,1.000,0,0,11,32,0,29,0
16-01 19:15:15,22.250,3.750,73.499,0,0,1497368,1055884,172792,5204928,9448.865,1619.977,0,47.999,0,2.000,1816,1214,1.800,1.370,0.760,2,0,3.000,0,0,11,32,0,29,0
16-01 19:15:16,22.310,3.008,73.949,0,0,1489676,1063588,172792,5204916,7648.543,1624.363,0,12.032,0,1.003,1761,1216,1.730,1.360,0.760,2,0,1.003,0,0,11,32,0,29,0
16-01 19:15:17,27.674,5.236,65.818,0,0,1488624,1064640,172792,5204916,11020.594,1615.543,0,7.978,0,0.997,2718,11085,1.730,1.360,0.760,1,0,37.895,0,0,11,32,0,30,0
16-01 19:15:18,22.253,4.001,73.261,0.250,0,1396632,1156684,172796,5204860,7600.188,1620.253,0,2408.376,0,23.004,1957,1507,1.730,1.360,0.760,1,0,1.000,0,0,11,32,0,23,0
16-01 19:15:19,22.250,3.500,73.250,0.250,0,1470352,1082964,172796,5204860,9871.941,1619.990,0,959.994,0,140.999,2006,1226,1.730,1.360,0.760,1,0,2.000,0,0,11,32,0,23,0
16-01 19:15:20,22.249,3.250,73.748,0,0,1442856,1110384,172796,5204936,7433.804,1619.957,0,87.998,0,1.000,1771,1166,1.730,1.360,0.760,1,0,1.000,0,0,11,32,0,23,0
16-01 19:15:21,22.248,3.250,73.494,0,0,1457420,1095828,172796,5204928,40764.812,1457.886,0,11.999,0,1.000,1837,1250,1.670,1.360,0.760,3,0,1.000,0,0,11,32,0,23,0
16-01 19:15:22,22.001,4.000,73.753,0,0,1472908,1080336,172796,5204932,8525.327,1620.062,0,12.000,0,1.000,1841,1255,1.670,1.360,0.760,2,0,2.000,0,0,11,32,0,16,0
16-01 19:15:23,22.491,3.249,73.720,0,0,1445288,1107956,172796,5204932,42449.440,1619.330,0,19.992,0,1.000,1823,1211,1.670,1.360,0.760,2,0,1.000,0,0,11,32,0,16,0
16-01 19:15:24,22.259,2.751,73.780,0,0,1463480,1089756,172796,5204940,9095.734,1620.665,0,20.008,0,1.000,1791,1194,1.670,1.360,0.760,1,0,1.000,0,0,11,32,0,16,0
16-01 19:15:25,21.984,3.747,73.446,0,0,1470116,1083120,172796,5204940,7863.170,1618.800,0,55.959,0,2.998,1905,1289,1.670,1.360,0.760,2,0,2.998,0,0,11,32,0,16,0
16-01 19:15:26,18.814,8.780,71.744,0,0,1434368,1118824,172796,5204984,9146.143,1625.535,0,72.246,0,4.014,3214,2245,1.620,1.350,0.760,1,0,161.550,0,0,11,32,0,13,0
16-01 19:15:27,13.480,14.728,70.893,0,0,1460784,1092388,172796,5205004,9167.216,1617.568,0,163.754,0,6.989,4518,3368,1.620,1.350,0.760,1,0,298.551,0,0,11,32,0,13,0
16-01 19:15:28,23.223,2.497,73.416,0,0,1498824,1054276,172800,5205036,7842.043,1618.152,0,227.740,0,13.984,1831,1324,1.620,1.350,0.760,1,0,0,0,0,11,32,0,13,0
16-01 19:15:29,22.273,3.504,73.578,0,0,1484140,1068724,172804,5205268,6332.676,1459.539,0,468.494,0,25.026,1921,1328,1.620,1.350,0.760,1,0,9.009,0,0,11,32,0,13,0
16-01 19:15:30,22.533,3.255,73.607,0,0,1443080,1109780,172804,5205272,9591.898,1622.351,0,0,0,0,1943,1158,1.620,1.350,0.760,1,0,27.039,0,0,11,32,0,9,0
16-01 19:15:31,8.250,23.000,67.499,0.250,0,1440388,1112320,172804,5205420,7297.940,1619.987,40.000,123.999,2.000,6.000,6124,4638,1.650,1.360,0.770,1,0,486.996,0,0,11,32,0,9,0
16-01 19:15:32,8.000,22.251,68.504,0,0,1413028,1139652,172804,5205448,9184.570,1662.103,0,248.015,0,5.000,6274,4749,1.650,1.360,0.770,1,0,498.031,0,0,11,32,0,9,0
16-01 19:15:33,8.238,22.468,68.154,0,0,1397776,1154860,172804,5205476,9084.163,1617.714,0,539.238,0,7.989,6322,4824,1.650,1.360,0.770,1,0,512.276,0,0,11,32,0,9,0
16-01 19:15:34,8.755,22.513,68.291,0,0,1394480,1158104,172804,5205508,9250.541,1620.971,0,1304.782,0,15.009,6176,4721,1.650,1.360,0.770,3,0,505.303,0,0,11,32,0,5,0
16-01 19:15:35,9.008,21.769,67.809,0,0,1403960,1148604,172804,5205528,11290.859,1621.416,0,1197.045,0,13.011,6280,4848,1.650,1.360,0.770,4,0,506.442,0,0,11,32,0,5,0
16-01 19:15:36,7.501,21.003,70.261,0,0,1391728,1160804,172804,5205560,7716.200,1620.252,0,440.068,0,7.001,5918,4369,1.520,1.340,0.770,4,0,417.065,0,0,11,32,0,5,0
16-01 19:15:37,7.987,20.715,69.384,0,0,1391840,1160656,172804,5205596,5726.461,1455.575,0,223.627,0,8.985,6011,4514,1.520,1.340,0.770,1,0,441.265,0,0,11,32,0,5,0
16-01 19:15:38,9.013,21.781,67.847,0.250,0,1387904,1164548,172808,5205632,9726.871,1622.314,0,360.514,0,22.031,6443,5100,1.520,1.340,0.770,1,0,492.703,0,0,11,32,0,5,0
16-01 19:15:39,9.250,20.251,69.503,0,0,1330008,1222412,172816,5205648,8734.432,1620.080,0,752.037,0,86.004,6093,4564,1.520,1.340,0.770,1,0,420.021,0,0,11,32,0,4,0
16-01 19:15:40,27.504,30.005,41.006,0.250,0,1373816,1178524,172828,5205720,11513.806,1620.254,0,796.125,0,45.007,7218,6604,1.520,1.340,0.770,5,0,805.126,0,0,11,32,0,9,0
16-01 19:15:41,65.481,11.747,22.743,0,0,1562728,988788,172876,5206384,10803.872,1619.531,0,499.855,0,27.992,4114,2297,1.640,1.370,0.780,4,0,43.987,0,0,11,32,0,10,0
16-01 19:15:42,53.166,9.235,27.706,9.235,0,1622364,918592,173640,5215096,9759.540,1617.438,371.412,32392.687,2.995,2357.266,14563,21752,1.640,1.370,0.780,3,0,74.881,0,0,11,38,0,12,0
16-01 19:15:43,41.463,13.238,30.722,12.739,0.250,1650152,879056,174484,5225548,11093.059,1618.550,0,79656.615,0,5809.793,28310,42132,1.640,1.370,0.780,1,2,173.844,0,0,11,36,0,11,0
16-01 19:15:44,42.473,9.494,30.730,13.242,0,1666164,852352,174832,5235548,11842.464,6626.783,0,89107.300,0,6642.773,29640,43318,1.640,1.370,0.780,1,1,53.966,0,0,11,37,0,11,0
16-01 19:15:45,42.636,14.546,31.099,10.283,0,1546912,964288,175248,5242152,13392.711,6077.381,0,59622.142,0,4546.499,23204,32848,1.640,1.370,0.780,3,0,256.819,0,0,11,34,0,12,0
16-01 19:15:46,35.694,13.728,27.956,20.218,0,1605456,897272,175688,5250284,8009.374,1617.450,371.415,50604.228,5.991,3692.180,15635,28746,1.830,1.410,0.800,4,0,166.737,0,0,11,34,0,12,0
16-01 19:15:47,47.056,16.770,24.529,10.012,0.250,1617632,880368,176044,5254064,13679.272,9205.951,620.738,56664.405,10.012,4267.076,22682,35451,1.830,1.410,0.800,4,0,175.208,0,0,11,35,0,10,0
16-01 19:15:48,35.520,13.508,40.523,9.505,0,1608008,886168,176232,5257572,52350.467,11431.434,1024.577,49367.788,17.010,4089.302,22982,35071,1.830,1.410,0.800,2,0,178.100,0,0,11,35,0,10,0
16-01 19:15:49,35.626,9.716,40.111,11.958,0,1595868,898796,176344,5256976,11341.612,3702.143,0,52330.265,0,4460.509,22032,32460,1.830,1.410,0.800,2,1,50.823,0,0,11,34,0,10,0
16-01 19:15:50,34.361,6.772,43.641,12.541,0,1625632,867944,176676,5257680,30037.320,6835.146,0,50014.043,0,4657.089,23424,33323,1.830,1.410,0.800,4,0,42.137,0,0,11,35,0,10,0
16-01 19:15:51,35.746,6.749,44.245,10.499,0,1614980,876536,176808,5259584,70135.388,8640.939,0,48178.084,0,4158.489,21309,32720,2.080,1.470,0.820,2,1,32.996,0,0,11,35,0,10,0
16-01 19:15:52,35.252,8.500,44.252,9.500,0,1519868,969552,176884,5261548,17090.886,9820.509,0,35885.861,0,3451.179,20652,29968,2.080,1.470,0.820,2,1,110.006,0,0,11,36,0,11,0
16-01 19:15:53,35.964,8.741,41.209,12.488,0,1554384,931200,176984,5265196,52375.189,1542.474,0,57259.357,0,4734.317,25138,34510,2.080,1.470,0.820,1,1,65.935,0,0,11,36,0,11,0
16-01 19:15:54,30.739,7.997,45.983,13.995,0,1551924,930696,177132,5267900,18634.230,8394.950,0,61965.487,0,5020.176,24187,37480,2.080,1.470,0.820,2,1,50.981,0,0,11,37,0,11,0
16-01 19:15:55,31.753,7.501,47.505,11.001,0,1549768,929436,177216,5271132,21904.414,12147.339,0,56142.188,0,4721.520,26174,39538,2.080,1.470,0.820,1,0,103.011,0,0,11,37,0,11,0
16-01 19:15:56,34.750,10.000,41.250,11.500,0,1504712,973820,177252,5271704,27832.875,3932.982,0,52931.763,0,4501.980,23277,34032,2.320,1.530,0.840,2,0,66.000,0,0,11,36,0,11,0
16-01 19:15:57,32.760,7.002,44.264,12.504,0.250,1549432,932744,177276,5268060,14022.466,6663.122,0,60439.251,0,5089.621,25240,36351,2.320,1.530,0.840,2,0,27.009,0,0,11,37,0,11,0
16-01 19:15:58,34.274,10.758,50.036,3.753,0,1462300,1019708,177296,5268196,16976.109,9955.101,0,23632.858,0,1681.199,12137,16341,2.320,1.530,0.840,2,0,213.152,0,0,11,33,0,12,0
16-01 19:15:59,16.963,5.239,76.335,0,0,1397684,1084324,177296,5268232,19974.877,8377.913,0,1488.786,0,69.849,4630,5388,2.320,1.530,0.840,2,0,66.856,0,0,11,32,0,13,0
16-01 19:16:00,21.000,3.500,74.751,0.250,0,1457212,1024796,177296,5268232,7774.054,3107.022,0,1100.008,0,56.000,2052,1657,2.320,1.530,0.840,1,0,0,0,0,11,33,0,13,0
16-01 19:16:01,17.741,1.749,79.460,0,0,1451560,1030428,177296,5268252,16655.711,8866.588,0,871.566,0,47.976,3264,3788,2.210,1.520,0.840,1,0,0,0,0,11,32,0,14,0
16-01 19:16:02,21.016,5.254,72.804,0,0,1473168,1008816,177296,5268256,14634.795,1621.196,0,480.354,0,29.021,2274,1482,2.210,1.520,0.840,1,0,34.025,0,0,11,32,0,14,0
16-01 19:16:03,14.995,2.499,81.471,0.250,0,1480528,1001448,177296,5268264,14471.934,8206.127,0,499.825,0,33.988,2441,2435,2.210,1.520,0.840,0,0,0,0,0,11,33,0,14,0
16-01 19:16:04,19.549,6.266,73.936,0,0,1495924,986048,177296,5268268,10155.536,1916.820,0,356.897,0,19.048,2554,1860,2.210,1.520,0.840,1,0,60.151,0,0,11,32,0,15,0
16-01 19:16:05,18.451,1.745,78.293,0.249,0,1506824,974804,177296,5268612,14946.526,7377.516,0,311.178,0,19.947,2093,1707,2.210,1.520,0.840,1,0,0.997,0,0,11,33,0,15,0
16-01 19:16:06,17.751,5.500,75.502,0.250,0,1471700,1009892,177300,5268644,17184.557,6333.205,0,1516.049,0,98.003,3698,4164,2.110,1.510,0.840,2,0,43.001,0,0,11,32,0,16,0
16-01 19:16:07,18.242,2.499,78.216,0,0,1492940,988520,177300,5268776,8370.320,3973.253,0,155.931,0,10.995,1712,1219,2.110,1.510,0.840,1,0,0,0,0,11,33,0,16,0
16-01 19:16:08,17.758,2.001,79.287,0.250,0,1480720,1000724,177300,5268792,16291.580,10166.730,0,1536.715,0,199.093,3869,4417,2.110,1.510,0.840,1,0,0,0,0,11,32,0,17,0
16-01 19:16:09,10.519,19.285,68.873,0,0,1423252,1058036,177300,5268948,8739.658,1460.617,0,424.761,0,46.083,5610,4027,2.110,1.510,0.840,1,0,418.750,0,0,11,32,0,17,0
16-01 19:16:10,40.278,19.514,39.778,0.250,0,1448860,1032204,177324,5269148,10497.364,1621.137,0,752.528,0,58.041,6001,4663,2.110,1.510,0.840,3,0,379.266,0,0,11,32,0,23,0
16-01 19:16:11,66.616,8.732,24.201,0,0,1611812,867608,177356,5270568,10421.965,1616.737,0,315.364,0,6.986,3828,1442,2.180,1.540,0.850,3,0,2.994,0,0,11,32,0,23,0
16-01 19:16:12,66.925,7.242,23.723,0,0,1755932,719684,177488,5273920,8038.947,1618.178,0,6201.017,0,167.811,4178,1848,2.180,1.540,0.850,3,0,5.993,0,0,11,32,0,23,0
16-01 19:16:13,44.401,7.526,36.373,9.281,0,1769652,694300,177616,5285004,10634.063,1625.513,0,66910.911,0,4956.810,23670,35797,2.180,1.540,0.850,6,0,189.643,0,0,11,38,0,23,0
16-01 19:16:14,27.498,8.499,46.246,15.749,0,1761448,691136,177688,5295820,12539.021,1619.874,0,90432.943,0,6331.506,28593,45278,2.180,1.540,0.850,0,1,224.982,0,0,11,38,0,23,0
16-01 19:16:15,34.748,9.749,39.498,13.499,0,1769020,675264,177748,5303808,5920.674,1619.911,0,89887.049,0,6860.622,31319,48808,2.180,1.540,0.850,3,0,162.991,0,0,11,38,0,23,0
16-01 19:16:16,42.998,10.499,30.999,12.249,0,1663936,768940,177836,5314720,8659.582,1619.922,0,80944.096,0,5858.717,25154,41484,2.410,1.590,0.880,3,0,233.989,0,0,11,36,0,23,0
16-01 19:16:17,50.171,11.232,26.458,10.234,0,1767484,654812,177872,5327200,7533.075,1455.696,0,83104.449,0,5491.308,24003,39956,2.410,1.590,0.880,5,0,43.930,0,0,11,36,0,23,0
16-01 19:16:18,41.309,10.265,32.797,12.768,0,1804216,611468,177896,5331200,6947.915,1622.315,0,87484.840,0,6108.717,26901,46812,2.410,1.590,0.880,2,1,61.087,0,0,11,38,0,24,0
16-01 19:16:19,36.669,8.980,41.159,9.978,0,1737204,675112,177916,5334452,9446.041,1616.413,0,69098.680,0,5185.494,24254,35307,2.410,1.590,0.880,3,0,149.668,0,0,11,36,0,24,0
16-01 19:16:20,24.300,11.524,64.131,0.251,0,1518960,893332,177916,5334472,7686.739,1623.324,0,1450.971,0,67.137,4009,3016,2.410,1.590,0.880,1,0,249.511,0,0,11,32,0,23,0
16-01 19:16:21,22.697,3.242,73.079,0.249,0,1514908,897384,177916,5334472,43857.660,1616.229,0,1285.001,0,85.800,2254,1676,2.300,1.580,0.880,1,0,0.998,0,0,11,32,0,23,0
16-01 19:16:22,24.254,2.750,71.513,0.500,0,1557672,854600,177916,5334488,7705.384,1620.291,0,4284.770,0,272.049,3268,3143,2.300,1.580,0.880,2,0,2.000,0,0,11,38,0,23,0
16-01 19:16:23,21.998,4.250,72.243,0.750,0,1500676,911592,177916,5334492,40621.796,1619.832,0,7579.216,0,427.956,3412,2901,2.300,1.580,0.880,1,0,26.997,0,0,11,32,0,23,0
16-01 19:16:24,22.251,3.500,72.502,0.500,0,1552320,859948,177916,5334492,9193.316,1620.056,0,3380.116,0,173.006,2362,1991,2.300,1.580,0.880,1,0,1.000,0,0,11,32,0,23,0
16-01 19:16:25,21.558,5.515,72.444,0.501,0,1506668,905464,177916,5334628,7042.861,1461.915,0,1102.954,0,69.185,2761,2264,2.300,1.580,0.880,1,0,56.150,0,0,11,32,0,23,0
16-01 19:16:26,13.495,38.987,46.234,0,0,1495244,916812,177916,5334696,6275.847,1619.444,0,315.892,0,31.989,8429,8098,2.510,1.640,0.900,1,0,1188.592,0,0,11,32,0,23,0
16-01 19:16:27,8.253,22.507,68.521,0,0,1477000,934988,177916,5334764,9479.879,1620.492,0,156.047,0,14.004,6429,4928,2.510,1.640,0.900,1,0,576.175,0,0,11,32,0,23,0
16-01 19:16:28,8.989,20.475,69.415,0,0,1444900,967024,177916,5334816,8575.449,1618.009,0,23.971,0,5.993,6183,4821,2.510,1.640,0.900,1,0,455.440,0,0,11,32,0,23,0
16-01 19:16:29,15.757,17.508,65.278,0,0,1442356,969540,177916,5335260,9157.951,1620.699,0,828.357,0,135.058,7169,8637,2.510,1.640,0.900,1,0,347.150,0,0,11,32,0,23,0
16-01 19:16:30,38.376,10.965,49.839,0,0,1491268,920500,177920,5335404,9339.889,1614.794,0,0,0,0,3861,2753,2.510,1.640,0.900,2,0,130.579,0,0,11,33,0,23,0
16-01 19:16:31,44.048,6.257,49.054,0,0,1594816,816928,177920,5335428,7087.734,1621.770,0,8.009,0,2.002,2603,1414,2.470,1.650,0.910,2,0,0,0,0,11,33,0,23,0
16-01 19:16:32,45.514,5.752,48.014,0.250,0,1651992,758696,177980,5336272,9087.738,1662.501,0,1164.351,0,102.031,3899,2989,2.470,1.650,0.910,3,0,19.006,0,0,11,49,0,23,0
16-01 19:16:33,29.307,14.027,55.357,0,0,1676516,730720,177996,5339440,7399.330,1623.143,0,685.327,0,45.087,8043,10853,2.470,1.650,0.910,1,0,236.458,0,0,11,48,0,24,0
16-01 19:16:34,18.009,15.008,65.534,0,0,1671196,735968,177996,5339448,8790.597,1458.763,0,88.046,0,4.002,6024,7047,2.470,1.650,0.910,2,0,250.131,0,0,11,48,0,24,0
16-01 19:16:35,0.997,0.499,97.505,0.249,0,1671156,736000,177996,5339460,7135.076,1615.941,0,379.048,0,29.925,1011,1479,2.470,1.650,0.910,0,0,9.975,0,0,11,48,0,24,0
16-01 19:16:36,0.750,0.250,98.486,0,0,1669096,738056,177996,5339464,8938.766,1619.776,0,35.995,0,3.999,756,964,2.270,1.620,0.900,1,0,3.000,0,0,11,48,0,24,0
16-01 19:16:37,0.500,0.750,98.253,0,0,1666104,741048,177996,5339464,8789.235,1620.043,0,4.000,0,1.000,791,985,2.270,1.620,0.900,1,0,3.000,0,0,11,48,0,24,0
16-01 19:16:38,0.500,0.500,98.483,0,0,1664044,743108,177996,5339464,6558.884,1619.724,0,0,0,0,714,948,2.270,1.620,0.900,0,0,1.000,0,0,11,48,0,24,0
16-01 19:16:39,12.724,10.229,75.346,0,0,1630576,776420,177996,5339588,7125.435,1616.695,0,0,0,0,4655,5585,2.270,1.620,0.900,5,0,204.582,0,0,11,48,0,24,0
16-01 19:16:40,15.078,14.576,68.605,0.251,0,1639424,767548,177996,5339600,9082.054,1628.437,0,751.896,0,70.365,5616,6529,2.270,1.620,0.900,1,0,330.713,0,0,11,48,0,22,0
16-01 19:16:41,17.246,17.496,63.984,0,0,1643748,763020,177996,5340124,7500.099,1857.529,0,0,0,0,7399,8446,2.090,1.590,0.900,3,0,288.927,0,0,12,48,0,22,0
16-01 19:16:42,13.959,12.215,72.789,0.249,0,1649656,756976,177996,5339912,8558.139,1453.777,0,590.285,0,41.878,4696,5050,2.090,1.590,0.900,0,0,242.296,0,0,12,64,0,22,0
16-01 19:16:43,7.000,12.250,79.501,0,0,1663636,742964,177996,5340380,7272.070,1620.016,0,4.000,0,1.000,4258,4793,2.090,1.590,0.900,1,0,204.002,0,0,14,64,0,22,0
16-01 19:16:44,17.028,11.018,69.616,0,0,1662436,744096,177996,5339964,8674.423,1622.698,0,5196.641,0,370.616,5992,6086,2.090,1.590,0.900,1,0,210.350,0,0,14,66,0,16,0
16-01 19:16:45,9.261,20.524,68.830,0.250,0,1647160,759324,178000,5340000,9217.662,1621.876,0,2430.812,0,47.054,6331,5134,2.090,1.590,0.900,1,0,422.489,0,0,14,66,0,16,0
16-01 19:16:46,15.991,17.990,64.462,0,0,1660048,746408,178000,5340460,6244.360,1661.032,0,219.872,0,12.992,7306,8883,2,1.580,0.900,1,0,294.828,0,0,14,66,0,16,0
16-01 19:16:47,25.748,20.998,52.245,0,0,1706328,700072,178012,5340068,5828.443,1619.845,0,119.989,0,5.000,5649,4542,2,1.580,0.900,2,0,387.963,0,0,14,66,0,16,0
16-01 19:16:48,30.491,22.743,45.736,0,0,1805088,600964,178052,5340336,8919.362,1619.521,0,291.914,0,4.999,6726,5261,2,1.580,0.900,2,0,546.838,0,0,14,66,0,15,0
16-01 19:16:49,30.250,25.750,43.500,0,0,1917776,486916,178088,5341564,8676.034,1620.006,0,52.000,0,13.000,7749,8603,2,1.580,0.900,3,0,466.002,0,0,14,70,0,17,0
16-01 19:16:50,44.396,18.602,34.971,0,0,1976576,428032,178088,5342036,10101.426,1446.462,0,444.455,0,7.937,5643,7890,2,1.580,0.900,5,0,225.204,0,0,14,70,0,17,0
16-01 19:16:51,66.353,26.491,7.316,0,0,2121512,282656,178104,5342412,42223.725,1725.683,0,601.466,0,9.083,5578,4889,2.160,1.620,0.920,3,0,571.191,0,0,14,70,0,17,0
16-01 19:16:52,61.741,18.247,18.997,0,0,2174748,228492,178132,5343232,8913.667,1661.752,0,907.864,0,4.999,6590,8531,2.160,1.620,0.920,4,0,224.966,0,0,14,70,0,16,0
16-01 19:16:53,63.513,26.255,4.501,5.001,0,2274648,141516,176076,5332204,42471.538,1620.326,248.050,8441.697,27.005,409.082,6518,5457,2.160,1.620,0.920,3,2,498.100,0,0,14,70,0,16,0
16-01 19:16:54,73.025,20.686,5.483,1.745,0,2424268,124372,172080,5207228,5919.781,1615.029,319.018,3126.378,37.883,192.408,7348,8976,2.160,1.620,0.920,7,0,222.316,0,0,14,74,0,16,0
16-01 19:16:55,62.087,27.538,5.257,4.256,0,2497852,192376,171560,5069304,9001.575,1622.266,833.164,31423.897,75.105,2273.175,17573,25826,2.160,1.620,0.920,5,0,422.590,0,0,14,76,0,16,0
16-01 19:16:56,66.836,23.030,9.262,0.501,0,2602076,152048,171408,5007500,7056.068,1622.085,220.283,12183.657,11.014,1054.355,13308,21206,2.630,1.730,0.950,4,0,312.401,0,0,14,78,0,19,0
16-01 19:16:57,70.021,21.756,7.252,0.500,0,2693540,190752,171080,4880104,6042.777,1620.476,928.273,1120.329,70.021,60.018,10731,14916,2.630,1.730,0.950,4,0,340.100,0,0,14,93,0,25,0
16-01 19:16:58,52.650,24.952,21.709,0.499,0,2807748,147076,171088,4811416,8255.280,1616.921,39.924,1676.807,7.985,170.675,8726,11768,2.630,1.730,0.950,2,0,522.006,0,0,14,93,0,25,0
16-01 19:16:59,41.280,15.761,41.530,0.250,0,2852708,171948,171088,4742752,7123.171,1459.059,44.032,804.584,4.003,48.035,6619,8408,2.630,1.730,0.950,2,0,249.181,0,0,14,95,0,25,0
16-01 19:17:00,59.716,13.492,24.486,1.499,0,3021240,134692,171096,4614608,9486.550,1661.046,2082.803,3681.885,27.984,181.895,5879,8214,2.630,1.730,0.950,2,0,133.923,0,0,14,98,0,26,0
16-01 19:17:01,28.537,12.266,57.824,0.501,0,3071076,151732,171160,4549020,7672.884,1712.206,52.067,1614.079,10.013,110.142,4924,4402,2.580,1.730,0.960,1,0,201.259,0,0,14,101,0,27,0
16-01 19:17:02,7.993,19.734,70.691,0,0,3084120,138644,171160,4549064,7194.038,1618.659,0,11.990,0,2.998,5808,4355,2.580,1.730,0.960,1,0,367.695,0,0,14,101,0,27,0
16-01 19:17:03,7.743,19.482,70.933,0,0,3084544,138188,171160,4549096,9208.342,1618.478,0,215.797,0,15.985,6106,4644,2.580,1.730,0.960,1,0,387.636,0,0,14,101,0,27,0
16-01 19:17:04,20.483,5.995,72.191,0.500,0,3150920,139016,171160,4483320,7606.750,1712.593,11.990,9652.070,1.998,471.613,3121,1650,2.580,1.730,0.960,1,0,36.970,0,0,14,101,0,27,0
16-01 19:17:05,17.250,2.500,79.748,0.250,0,3159664,130208,171160,4483384,33042.159,23855.393,43.999,527.987,5.000,16.000,2634,2745,2.580,1.730,0.960,1,0,1.000,0,0,14,104,0,25,0
16-01 19:17:06,19.783,6.761,72.873,0,0,3132404,157456,171160,4483396,8670.670,1592.695,0,260.441,0,12.020,2619,1957,2.450,1.720,0.960,1,0,63.107,0,0,14,103,0,26,0
16-01 19:17:07,18.717,2.496,77.365,0.250,0,3154532,135320,171160,4483404,15093.632,7830.320,0,323.435,0,45.920,2523,2450,2.450,1.720,0.960,0,0,3.993,0,0,14,112,0,26,0
16-01 19:17:08,21.237,4.497,71.956,0.500,0,3158620,130852,171176,4483724,8115.083,1880.860,31.981,1191.278,1.999,145.912,4038,4888,2.450,1.720,0.960,10,0,1.999,0,0,14,116,0,26,0
16-01 19:17:09,26.255,4.251,67.512,1.250,0,3091132,197972,171180,4484088,8067.454,2763.498,100.018,4628.834,6.001,189.034,4747,6367,2.450,1.720,0.960,1,0,2.000,0,0,14,116,0,26,0
16-01 19:17:10,22.525,10.511,66.322,0.250,0,3155896,198992,171180,4419844,5535.038,1621.769,0,500.546,0,28.031,3658,2784,2.450,1.720,0.960,2,0,114.124,0,0,14,120,0,26,0
16-01 19:17:11,25.713,4.494,67.902,0.250,0,3240880,179752,171180,4355656,17659.487,8015.420,39.942,1010.540,3.994,84.877,3459,3377,2.420,1.730,0.970,1,0,1.997,0,0,14,123,0,26,0
16-01 19:17:12,19.008,4.252,73.780,1.000,0,3243560,176980,171180,4355748,9750.899,3696.478,48.019,4437.774,3.001,304.122,4531,5654,2.420,1.730,0.970,2,0,3.001,0,0,14,127,0,26,0
16-01 19:17:13,37.358,10.530,50.897,0.251,0,3279000,141488,171184,4355796,10599.529,2822.128,4.012,1179.397,1.003,99.286,4968,4623,2.420,1.730,0.970,2,0,99.286,0,0,14,128,0,21,0
16-01 19:17:14,40.627,5.483,53.339,0.249,0,3350460,132336,171072,4294908,13035.616,7160.367,179.458,406.771,0.997,23.928,2817,1625,2.420,1.730,0.970,2,0,0.997,0,0,14,129,0,21,0
16-01 19:17:15,20.255,6.252,72.268,0,0,3319160,163596,171072,4294948,28845.274,18202.590,0,1308.330,0,76.019,2870,2228,2.420,1.730,0.970,1,0,56.014,0,0,14,128,0,22,0
16-01 19:17:16,18.750,2.250,78.249,0.250,0,3353184,129432,171072,4295088,12524.912,7409.948,8.000,103.999,2.000,13.000,1920,1568,2.300,1.710,0.970,1,0,0,0,0,14,129,0,22,0
16-01 19:17:17,19.001,6.000,74.254,0,0,3318132,164460,171072,4295112,23088.264,18198.996,0,8.000,0,2.000,2423,1797,2.300,1.710,0.970,1,0,51.003,0,0,14,128,0,23,0
16-01 19:17:18,23.473,4.994,70.170,0,0,3361644,185052,171072,4232936,13204.034,7274.755,27.968,59.932,2.997,3.995,2898,11415,2.300,1.710,0.970,1,0,35.959,0,0,14,129,0,24,0
16-01 19:17:19,18.056,5.768,74.731,1.003,0,3318704,227920,171072,4233008,13325.244,3600.143,12.037,1881.825,3.009,170.528,3636,4228,2.300,1.710,0.970,1,0,57.177,0,0,14,128,0,25,0
16-01 19:17:20,26.992,5.498,66.981,0,0,3388644,157948,171072,4233040,7291.961,1619.547,0,227.936,0,13.996,4455,6473,2.300,1.710,0.970,16,0,49.986,0,0,14,142,0,25,0
16-01 19:17:21,19.470,2.247,77.130,0,0,3390080,156304,171072,4233248,66940.938,23884.870,0,211.671,0,11.981,3741,5751,2.200,1.700,0.970,1,0,5.991,0,0,14,136,0,28,0
16-01 19:17:22,20.749,6.000,72.747,0,0,3391556,154816,171072,4233260,6874.698,1457.936,0,191.992,0,10.000,2389,1787,2.200,1.700,0.970,1,0,52.998,0,0,14,136,0,28,0
16-01 19:17:23,16.502,2.500,79.010,0.750,0,3392880,153396,171072,4233356,52447.670,8285.054,32.004,664.084,1.000,100.013,3088,3665,2.200,1.700,0.970,1,0,0,0,0,14,137,0,28,0
16-01 19:17:24,27.070,4.261,66.172,1.003,0,3401300,144868,171072,4233464,10372.890,2867.433,0,2662.903,0,255.663,7267,10426,2.200,1.700,0.970,1,0,2.005,0,0,14,137,0,30,0
16-01 19:17:25,20.454,6.735,71.092,0.249,0,3373932,172072,171072,4233628,8772.471,1616.402,0,957.868,0,59.867,3029,2566,2.200,1.700,0.970,1,0,53.880,0,0,14,137,0,30,0
16-01 19:17:26,15.740,1.749,81.947,0.250,0,3384984,160996,171072,4233652,18783.739,11399.559,0,567.629,0,38.975,2182,2114,2.100,1.690,0.970,0,0,0.999,0,0,14,138,0,30,0
16-01 19:17:27,22.499,4.750,70.248,0.500,0,3389964,155956,171072,4233712,10844.729,1878.953,16.000,1235.969,1.000,134.997,5827,8215,2.100,1.690,0.970,1,0,1.000,0,0,14,138,0,30,0
16-01 19:17:28,31.590,9.026,57.915,0.251,0,3338420,207412,171072,4233800,7479.289,2492.094,0,1632.647,0,146.417,9015,12853,2.100,1.690,0.970,1,0,69.197,0,0,14,139,0,31,0
16-01 19:17:29,20.693,2.742,75.045,0.748,0.249,3394624,151204,171072,4233804,10641.859,3580.196,0,3626.071,0,354.031,2389,1451,2.100,1.690,0.970,0,0,0,0,0,14,140,0,31,0
16-01 19:17:30,19.251,2.500,77.002,0.750,0,3396812,148936,171072,4233884,21451.695,9123.296,16.001,1120.036,1.000,125.004,3521,4507,2.100,1.690,0.970,1,0,0,0,0,14,139,0,32,0
16-01 19:17:31,19.047,9.523,70.172,0.752,0,3387532,158068,171080,4234032,10859.555,1623.971,0,4635.335,0,289.708,4162,3889,2.010,1.680,0.970,1,0,147.360,0,0,14,139,0,32,0
16-01 19:17:32,17.453,1.496,79.785,0.249,0.249,3396828,148756,171084,4234044,17475.016,9683.963,0,422.863,0,20.944,2079,1731,2.010,1.680,0.970,0,0,0,0,0,14,140,0,32,0
16-01 19:17:33,24.046,5.761,67.879,0.751,0,3399396,145984,171084,4234248,11605.975,5084.627,0,1995.779,0,193.366,8148,12938,2.010,1.680,0.970,1,0,0,0,0,14,144,0,31,0
16-01 19:17:34,29.046,9.014,61.097,0.250,0,3411784,133420,171084,4234376,10151.067,1622.568,32.051,4326.848,2.003,415.658,9541,14114,2.010,1.680,0.970,3,0,3.005,0,0,14,144,0,31,0
16-01 19:17:35,40.371,14.454,43.610,0.748,0,3377204,167716,171084,4234660,12336.507,3588.512,15.949,1746.409,0.997,145.534,9688,13944,2.010,1.680,0.970,2,0,286.084,0,0,14,143,0,32,0
16-01 19:17:36,20.000,2.750,76.000,0,0,3426576,181320,171084,4173236,8793.046,7388.039,0,544.003,0,34.000,2126,1801,1.930,1.670,0.970,1,0,1.000,0,0,14,144,0,32,2
16-01 19:17:37,16.030,9.768,72.636,0.250,0,3381692,226188,171084,4173252,14291.702,3454.454,0,484.906,0,22.041,3827,2939,1.930,1.670,0.970,1,0,158.296,0,0,14,143,0,33,2
16-01 19:17:38,9.006,20.765,69.050,0,0,3354540,253300,171084,4173292,7737.572,1549.116,0,508.366,0,34.025,5906,4467,1.930,1.670,0.970,1,0,378.272,0,0,14,143,0,33,2
16-01 19:17:39,18.949,14.461,65.075,0.249,0,3355100,252720,171084,4173412,9097.555,1615.659,0,3063.768,0,131.646,6869,8410,1.930,1.670,0.970,0,0,233.373,0,0,14,143,0,33,2
16-01 19:17:40,30.835,22.311,46.127,0,0,3429236,178356,171088,4173532,7133.650,1624.475,8.022,236.652,2.006,18.050,6851,6058,1.930,1.670,0.970,2,0,468.290,0,0,14,143,0,33,2
16-01 19:17:41,33.770,20.512,45.527,0.250,0,3473168,195924,171100,4113500,5892.505,1620.964,72.043,392.233,8.005,34.020,7240,7953,1.940,1.670,0.970,1,0,367.218,0,0,14,149,0,33,2
16-01 19:17:42,41.892,18.453,38.900,0.249,0,3552488,177048,171100,4054980,8719.583,1685.666,95.754,406.954,5.985,29.923,6885,9235,1.940,1.670,0.970,4,0,392.990,0,0,16,149,0,33,2
16-01 19:17:43,56.092,28.046,15.025,0,0,3692980,145896,170948,3948284,9270.207,1664.731,16.026,604.992,3.005,42.069,7788,10294,1.940,1.670,0.970,2,0,508.835,0,0,16,155,0,33,2
16-01 19:17:44,54.747,17.499,26.999,0,0,3755876,161680,170916,3869720,8668.535,1619.913,15.999,355.981,1.000,23.999,8381,14169,1.940,1.670,0.970,3,0,234.987,0,0,16,171,0,33,2
16-01 19:17:45,37.241,23.244,38.741,0,0,3826184,145888,170920,3815996,7712.135,1709.587,0,647.843,0,10.997,7718,5879,1.940,1.670,0.970,2,0,560.864,0,0,16,171,0,33,2
16-01 19:17:46,23.020,21.769,54.548,0.250,0,3852028,163728,170924,3773396,8855.867,1513.344,0,544.484,0,35.031,6491,5585,1.860,1.660,0.970,3,0,430.382,0,0,17,173,0,33,2
16-01 19:17:47,23.486,14.991,59.965,0,0,3894688,121024,170928,3772968,6971.896,1565.079,3.998,183.892,0.999,14.991,6437,8686,1.860,1.660,0.970,3,0,281.834,0,0,17,173,0,33,2
16-01 19:17:48,30.680,24.195,43.900,0,0,3930296,191728,170812,3668940,5933.521,1616.328,0,375.148,0,29.932,6788,5856,1.860,1.660,0.970,2,0,494.876,0,0,17,173,0,33,2
16-01 19:17:49,45.368,17.796,35.843,0,0,4041148,132732,170828,3618372,5732.888,1624.218,140.365,356.927,3.008,25.065,7364,12002,1.860,1.660,0.970,4,0,246.641,0,0,17,185,0,33,2
16-01 19:17:50,31.267,25.014,42.273,0.500,0,4109732,125844,170828,3558100,9727.342,1620.890,48.026,7304.012,3.002,505.278,8267,6480,1.860,1.660,0.970,3,0,647.356,0,0,17,185,0,31,2
16-01 19:17:51,30.690,25.201,42.418,0.250,0.250,4169344,158712,170828,3467816,42002.377,1686.722,7.984,730.580,1.996,58.886,8533,10909,2.110,1.720,1,1,0,548.933,0,0,17,197,0,31,2
16-01 19:17:52,13.963,18.700,65.576,0.499,0,4185456,142420,170828,3468424,8673.982,1615.712,0,355.058,0,26.929,6616,6587,2.110,1.720,1,1,0,333.116,0,0,17,197,0,31,2
16-01 19:17:53,27.792,13.771,56.586,0.250,0,4224256,133248,170828,3438972,44645.003,1622.471,0,548.836,0,24.037,5754,6351,2.110,1.720,1,2,0,191.291,0,0,17,197,0,31,2
16-01 19:17:54,45.972,8.495,43.973,0.750,0,4353588,139732,170828,3305336,8583.679,1457.097,551.658,511.683,10.993,57.964,4057,3179,2.110,1.720,1,4,0,9.994,0,0,17,213,0,31,2
16-01 19:17:55,41.018,7.253,45.270,5.753,0,4444332,132064,170828,3223856,6999.146,1620.729,124.056,10232.599,9.004,572.257,4575,2515,2.110,1.720,1,2,0,7.003,0,0,17,215,0,31,2
16-01 19:17:56,29.334,16.798,52.651,0.752,0,4387376,187900,170832,3224940,6209.797,1714.915,942.702,413.184,11.032,33.095,5953,5753,2.030,1.700,1,3,0,377.081,0,0,17,217,0,31,2
16-01 19:17:57,33.251,24.001,42.002,0.500,0.250,4421016,153240,170836,3225940,11577.481,7344.305,24.001,424.018,1.000,33.001,8467,10352,2.030,1.700,1,2,0,531.022,0,0,17,220,0,31,2
16-01 19:17:58,44.054,21.156,31.609,0.996,0,4428836,183508,170844,3188664,11873.218,4574.663,1115.043,1107.079,18.916,31.858,7411,9755,2.030,1.700,1,5,0,245.907,0,0,17,225,0,23,2
16-01 19:17:59,68.569,15.265,13.013,3.003,0,4553896,133144,170852,3115964,7667.761,3593.637,512.519,400.405,16.016,25.025,5083,4675,2.030,1.700,1,3,0,138.140,0,0,17,233,0,23,2
16-01 19:18:00,59.508,12.252,18.752,9.751,0,4635360,135140,170880,3034048,19004.473,9776.272,3284.427,1296.169,147.019,50.007,5846,5467,2.030,1.700,1,5,0,28.004,0,0,17,239,0,23,2
16-01 19:18:01,60.875,12.025,17.286,8.518,0,4626952,176596,170944,3001936,9388.323,2460.063,4320.893,1775.655,357.736,134.276,6918,7874,2.100,1.730,1.010,3,0,57.118,0,0,17,239,0,28,2
16-01 19:18:02,32.023,25.018,42.530,0,0,4656676,180252,170948,2970000,17788.632,9439.703,0,280.199,0,19.014,7435,7600,2.100,1.730,1.010,2,0,508.361,0,0,17,240,0,24,2
16-01 19:18:03,40.180,19.216,40.180,0.499,0,4648748,187168,170948,2971016,12007.006,4614.931,43.923,13168.974,3.993,250.562,8129,9596,2.100,1.730,1.010,4,0,258.548,0,0,17,239,0,25,2
16-01 19:18:04,54.240,26.245,17.997,0.250,0,4726704,184252,170952,2897696,13478.561,7436.654,219.960,695.874,6.999,45.992,7326,7631,2.100,1.730,1.010,4,0,536.903,0,0,17,244,0,25,2
16-01 19:18:05,51.431,19.224,22.969,5.243,0,4698468,210044,170976,2900256,14159.105,6864.839,1418.108,3399.464,67.909,274.634,7726,10867,2.100,1.730,1.010,3,0,264.647,0,0,17,245,0,26,2
16-01 19:18:06,64.470,26.089,9.532,0,0,4826000,151388,170980,2833472,7893.897,2331.946,180.615,2781.477,15.051,61.209,9206,12564,2.260,1.760,1.020,2,0,479.634,0,0,17,248,0,27,2
16-01 19:18:07,51.018,21.901,23.643,2.240,0,4850208,169892,170992,2792144,15978.430,11864.116,633.125,836.202,39.819,62.715,9475,14830,2.260,1.760,1.020,2,0,342.445,0,0,17,254,0,29,2
16-01 19:18:08,60.802,19.849,19.346,0.502,0,4916880,316556,170976,2581856,9163.487,1698.431,76.379,422.095,5.025,22.110,5760,5623,2.260,1.760,1.020,3,0,193.963,0,0,17,255,0,29,2
16-01 19:18:09,61.173,12.434,23.624,0.995,0,5045072,183356,170984,2586932,21476.251,15317.159,998.664,652.514,20.888,19.894,9153,17260,2.260,1.760,1.020,2,0,10.942,0,0,17,259,0,29,0
16-01 19:18:10,50.591,9.767,29.302,9.767,0,5039284,186672,170992,2589384,14860.608,6664.934,1134.031,5858.490,87.156,634.135,7532,8952,2.260,1.760,1.020,1,1,20.036,0,0,17,266,0,33,0
16-01 19:18:11,54.703,13.550,30.112,1.004,0,5108072,148784,170220,2559560,14920.312,8211.441,1027.810,815.021,25.093,59.220,5984,5388,2.320,1.790,1.040,3,0,210.781,0,0,17,270,0,34,0
16-01 19:18:12,44.877,29.419,21.940,2.992,0,5053428,199068,170480,2563552,11252.188,6755.502,4336.126,1435.070,69.809,75.792,8790,11000,2.320,1.790,1.040,3,1,532.542,0,0,17,269,0,35,0
16-01 19:18:13,55.492,19.247,24.496,0,0,5070916,181140,170480,2563948,14832.734,7408.868,1099.832,931.858,13.998,34.995,7311,8659,2.320,1.790,1.040,4,0,230.965,0,0,18,270,0,35,0
16-01 19:18:14,74.575,16.016,4.755,3.504,0,5130000,188876,170488,2499372,13318.347,6811.827,1381.384,764.766,62.062,46.046,5935,4686,2.320,1.790,1.040,4,0,162.163,0,0,18,272,0,35,0
16-01 19:18:15,73.386,12.980,4.743,8.986,0,5260340,149840,170496,2410308,7042.029,3584.416,3035.271,12744.145,169.736,782.780,8040,6364,2.320,1.790,1.040,3,0,14.977,0,0,18,277,0,35,0
16-01 19:18:16,73.944,8.993,9.243,7.244,0,5316988,156372,170524,2349268,19100.415,10556.939,1718.688,2921.769,65.950,302.769,6778,7561,2.450,1.820,1.050,4,0,13.989,0,0,18,282,0,36,0
16-01 19:18:17,49.326,16.776,33.551,0.501,0,5312108,160248,170528,2350368,8741.403,2727.181,580.891,644.989,9.014,43.066,7123,8355,2.450,1.820,1.050,2,0,221.339,0,0,18,283,0,37,0
16-01 19:18:18,36.429,8.983,53.147,0.499,0,5321752,150188,170540,2350756,28037.686,13612.630,946.167,550.933,15.969,41.919,4629,14949,2.450,1.820,1.050,1,0,43.915,0,0,18,287,0,35,0
16-01 19:18:19,43.440,9.291,45.449,0.251,0,5336424,132664,170540,2353608,2822444.041,33176.049,562.459,9204.242,7.031,64.281,5744,4761,2.450,1.820,1.050,2,0,14.061,0,0,18,290,0,36,0
16-01 19:18:20,39.718,10.741,47.461,0.999,0,5299920,184996,170540,2338912,13774675.823,103836.232,2785.726,611.501,29.976,45.962,9733,6348,2.450,1.820,1.050,1,0,136.888,0,0,18,294,0,36,0
16-01 19:18:21,33.016,11.256,53.526,0.500,0,5289268,195604,170540,2338956,47717.442,4724.321,16.008,3005.477,1.000,63.031,5087,4400,2.410,1.830,1.060,2,0,132.065,0,0,18,295,0,37,0
16-01 19:18:22,37.723,4.247,57.209,0.250,0,5357084,127768,170540,2338976,20368.384,15240.064,0,443.682,0,34.975,3517,2979,2.410,1.830,1.060,1,0,0,0,0,18,297,0,33,0
16-01 19:18:23,26.422,5.484,66.304,0.499,0,5334132,171772,170544,2319076,118950.709,2956399.018,514.481,845.503,28.915,83.753,6059,7400,2.410,1.830,1.060,0,0,37.888,0,0,18,299,0,35,0
16-01 19:18:24,1.749,0.999,93.673,0.250,0,5327000,178872,170544,2319108,349497.046,13425602.102,0,1318.910,0,20.983,2321,1763,2.410,1.830,1.060,0,0,0,0,0,18,299,0,35,0
16-01 19:18:25,4.002,1.251,93.542,0.250,0,5317380,187976,170548,2319620,8407.808,1620.734,480.217,648.294,27.012,21.010,1762,2771,2.410,1.830,1.060,0,0,1.000,0,0,18,299,0,35,0
16-01 19:18:26,6.523,2.007,88.808,0.502,0,5319108,186204,170548,2319664,6202943.541,36988.274,0,1585.498,0,111.386,4821,4621,2.220,1.790,1.050,1,0,1.003,0,0,18,304,0,35,0
16-01 19:18:27,21.760,7.003,68.531,1.000,0,5246904,242260,170556,2335772,10367038.700,88384.641,80.036,2245.007,5.002,166.074,10220,10431,2.220,1.790,1.050,1,0,86.039,0,0,18,303,0,36,0
16-01 19:18:28,13.203,15.694,69.751,0.249,0,5294796,194268,170556,2335872,7971.569,1614.243,27.900,314.877,1.993,14.947,5331,4823,2.220,1.790,1.050,1,0,380.642,0,0,18,303,0,36,0
16-01 19:18:29,21.588,5.523,71.543,0,0,5318124,170924,170560,2335884,9018.936,1626.662,0,409.678,0,23.095,3012,2357,2.220,1.790,1.050,2,0,57.234,0,0,18,303,0,36,0
16-01 19:18:30,9.493,19.236,69.449,0.250,0,5310000,178972,170560,2335964,7944.216,1618.821,0,1271.075,0,76.944,6538,5760,2.220,1.790,1.050,1,0,374.727,0,0,18,307,0,36,0
16-01 19:18:31,5.231,11.210,81.709,0.249,0,5305736,183108,170560,2336092,8717.005,1614.260,19.929,171.391,1.993,15.943,4165,3880,2.040,1.760,1.040,0,0,238.153,0,0,18,307,0,34,0
16-01 19:18:32,10.541,3.765,84.833,0,0,5325092,163752,170560,2336092,7369.924,1668.548,0,16079.105,0,46.181,1880,1990,2.040,1.760,1.040,2,0,9.035,0,0,18,307,0,34,0
16-01 19:18:33,19.422,2.490,76.193,0.249,0,5349244,139588,170560,2336104,16131.927,7314.495,0,175.293,0,23.904,2218,2062,2.040,1.760,1.040,1,0,0,0,0,18,308,0,34,0
16-01 19:18:34,15.310,10.040,73.539,0.502,0,5272508,216092,170564,2336332,12293.382,4742.665,76.300,0,7.028,0,4476,3865,2.040,1.760,1.040,2,0,141.557,0,0,18,311,0,35,0
16-01 19:18:35,13.502,16.503,69.012,0,0,5271140,217092,170564,2336668,5802.003,1620.280,4.001,4.001,1.000,1.000,5779,4818,2.040,1.760,1.040,1,0,221.038,0,0,18,311,0,34,0
16-01 19:18:36,11.750,17.750,64.500,4.750,0,5242608,245352,170564,2336908,6340.001,1620.000,0,5704.001,0,610.000,6822,4656,2.040,1.770,1.050,1,0,225.000,0,0,18,311,0,34,0
16-01 19:18:37,23.996,3.999,70.988,0.250,0,5311852,176052,170564,2336964,8780.486,1619.721,51.991,419.928,2.999,43.992,2931,2713,2.040,1.770,1.050,1,0,16.997,0,0,18,313,0,34,0
16-01 19:18:38,22.919,3.488,71.994,0.747,0,5364504,153416,170564,2307792,7234.293,1614.264,267.051,143.490,4.982,9.965,2315,1946,2.040,1.770,1.050,1,0,1.993,0,0,18,313,0,34,0
16-01 19:18:39,24.004,2.750,71.513,0.500,0,5267692,250212,170564,2307808,8133.437,1620.286,112.020,640.113,7.001,49.009,2803,2665,2.040,1.770,1.050,2,0,7.001,0,0,18,313,0,33,0
16-01 19:18:40,25.237,2.749,70.714,0.500,0,5329100,188500,170564,2308112,7078.351,1619.165,19.990,147.924,3.998,12.993,2541,2637,2.040,1.770,1.050,2,0,0,0,0,18,313,0,33,0
16-01 19:18:41,17.001,4.500,76.253,0.250,0,5360008,157568,170564,2308136,16366.724,9364.414,0,2904.128,0,510.023,3393,2718,1.960,1.760,1.050,1,0,10.000,0,0,18,316,0,34,0
16-01 19:18:42,17.549,2.758,78.718,0,0,5243204,274356,170564,2308152,18593.481,12694.147,0,589.633,0,23.064,2708,2754,1.960,1.760,1.050,2,0,15.042,0,0,18,313,0,35,0
16-01 19:18:43,22.693,3.990,72.069,0,0,5313764,203796,170564,2308152,5611.874,1685.757,0,187.528,0,9.975,2350,2038,1.960,1.760,1.050,1,0,1.995,0,0,18,313,0,35,0
16-01 19:18:44,21.276,6.758,71.336,0.250,0,5313828,203592,170564,2308292,9156.991,1621.947,128.154,172.207,1.001,19.023,3231,2536,1.960,1.760,1.050,1,0,85.102,0,0,18,313,0,35,0
16-01 19:18:45,9.243,19.734,69.196,0.500,0,5314528,202692,170576,2308480,7032.473,1618.728,303.761,323.746,8.993,6.995,6327,5560,1.960,1.760,1.050,1,0,409.678,0,0,18,313,0,35,0
16-01 19:18:46,20.734,6.995,70.196,0.500,0,5334696,182268,170720,2308592,5458.798,1618.754,191.852,235.818,8.993,22.982,3708,3378,1.880,1.740,1.050,1,0,105.918,0,0,18,315,0,35,0
16-01 19:18:47,18.478,2.747,77.158,0.250,0,5333352,182268,170744,2309912,13979.368,3786.495,127.848,379.548,5.993,23.971,2383,2315,1.880,1.740,1.050,2,0,15.981,0,0,18,316,0,35,0
16-01 19:18:48,23.750,3.500,72.001,0,0,5312424,197164,171296,2315236,7023.049,1794.013,0,1156.008,0,18.000,2456,2123,1.880,1.740,1.050,1,0,3.000,0,0,18,315,0,35,0
16-01 19:18:49,18.022,2.002,78.597,0.250,0,5319120,189128,171300,2316572,15781.451,4460.498,0,428.528,0,15.019,2285,1905,1.880,1.740,1.050,1,0,18.022,0,0,18,316,0,35,0
16-01 19:18:50,24.227,6.494,67.685,0.250,0,5317444,185112,171888,2321512,6981.334,1792.289,0,951.092,0,16.984,10547,19125,1.880,1.740,1.050,2,0,13.987,0,0,18,315,0,35,0
16-01 19:18:51,18.528,3.505,76.116,0.250,0,5317932,183852,171940,2322232,47452.226,4557.938,216.329,16561.207,12.018,49.075,5216,8409,1.810,1.730,1.050,2,0,5.008,0,0,18,316,0,35,0
16-01 19:18:52,21.990,6.747,69.718,0.250,0,5326452,175032,171984,2322488,8329.126,1619.247,0,543.747,0,19.991,7419,12326,1.810,1.730,1.050,3,0,14.993,0,0,18,316,0,35,0
16-01 19:18:53,17.521,10.012,71.086,0.250,0,5281716,231496,172064,2310744,44251.734,1796.181,0,568.691,0,23.028,4163,3428,1.810,1.730,1.050,1,0,169.205,0,0,18,315,0,35,0
16-01 19:18:54,20.248,7.249,71.241,0,0,5326696,186508,172064,2310752,5877.288,1619.804,0,55.993,0,1.000,2971,2684,1.810,1.730,1.050,1,0,95.988,0,0,18,315,0,35,0
16-01 19:18:55,20.986,2.248,75.949,0,0,5324148,188832,172064,2310976,14751.031,7715.785,0,0,0,0,2401,2244,1.810,1.730,1.050,0,0,0.999,0,0,18,316,0,35,0
16-01 19:18:56,19.243,9.746,69.473,0.500,0,5281352,231548,172064,2311060,12859.011,5647.809,51.980,1063.587,3.998,36.986,4500,4124,1.740,1.720,1.050,1,0,112.956,0,0,18,317,0,38,0
16-01 19:18:57,22.991,3.998,71.222,0,0.250,5329448,183236,172064,2311276,14441.372,7341.139,79.969,335.869,3.998,31.988,4589,6099,1.740,1.720,1.050,1,0,1.999,0,0,18,318,0,38,0
16-01 19:18:58,22.995,7.248,68.485,0.250,0,5322956,189556,172064,2311400,8883.077,4481.030,63.986,263.943,2.000,21.995,3787,3483,1.740,1.720,1.050,1,0,70.985,0,0,18,319,0,39,0
16-01 19:18:59,20.213,1.996,75.861,0,0,5328160,184344,172064,2311408,11181.456,7330.531,0,171.685,0,12.976,2542,2378,1.740,1.720,1.050,2,0,0,0,0,18,320,0,38,0
16-01 19:19:00,21.035,6.010,72.619,0.250,0,5312760,199548,172064,2311604,16084.438,8970.745,16.026,320.527,1.002,15.025,3191,2987,1.740,1.720,1.050,1,0,56.092,0,0,18,319,0,39,0
16-01 19:19:01,20.256,2.751,76.274,0,0,5353060,159236,172064,2311616,10857.378,4052.261,0,356.111,0,10.003,2153,1910,1.680,1.710,1.050,3,0,0,0,0,18,320,0,39,0
16-01 19:19:02,19.761,5.253,73.040,0.250,0,5327368,184920,172064,2311624,16575.170,9483.246,0,2505.386,0,368.204,3365,2571,1.680,1.710,1.050,1,0,32.018,0,0,18,319,0,42,0
16-01 19:19:03,20.248,2.500,76.493,0,0,5350508,161772,172068,2311628,10296.041,4008.627,0,203.981,0,11.999,2125,1901,1.680,1.710,1.050,2,0,0,0,0,18,320,0,36,0
16-01 19:19:04,16.028,2.755,80.140,0.501,0,5332604,179628,172068,2311676,19007.152,10094.607,32.056,476.832,2.003,43.075,2855,2966,1.680,1.710,1.050,1,0,13.023,0,0,18,319,0,37,0
16-01 19:19:05,22.182,6.231,70.284,0,0,5363248,180300,172068,2281360,9665.331,1615.042,0,119.633,0,8.972,2893,2883,1.680,1.710,1.050,2,0,34.893,0,0,18,319,0,37,0
16-01 19:19:06,18.069,3.514,77.046,0,0,5332600,210792,172068,2281516,15696.326,11912.785,0,1172.506,0,113.436,2873,2839,1.630,1.690,1.050,1,0,19.073,0,0,18,319,0,40,0
16-01 19:19:07,23.038,4.507,70.867,0.250,0,5388908,154368,172068,2281644,6277.385,1622.684,112.186,328.544,7.012,32.053,2849,2794,1.630,1.690,1.050,1,0,13.022,0,0,18,319,0,36,0
16-01 19:19:08,13.446,1.992,82.418,0.249,0,5385388,157876,172068,2281656,17772.497,11513.678,0,274.894,0,28.884,2412,2640,1.630,1.690,1.050,0,0,0.996,0,0,18,322,0,36,0
16-01 19:19:09,19.245,7.498,72.230,0,0,5318936,224316,172068,2281668,12239.660,2727.256,0,271.926,0,22.994,3513,3213,1.630,1.690,1.050,1,0,87.976,0,0,18,321,0,37,0
16-01 19:19:10,20.748,3.000,75.243,0,0,5351808,191276,172068,2281836,18164.330,7343.325,0,343.968,0,13.999,2544,2518,1.630,1.690,1.050,1,0,0,0,0,18,322,0,37,0
16-01 19:19:11,20.751,6.250,72.002,0,0,5363968,179084,172068,2281868,28473.940,18036.595,0,416.014,0,27.001,3192,3082,1.580,1.680,1.050,2,0,48.002,0,0,18,321,0,39,0
16-01 19:19:12,19.758,2.501,76.031,0.250,0,5385420,157624,172068,2281876,14705.949,7346.972,0,244.099,0,21.008,2439,2319,1.580,1.680,1.050,2,0,1.000,0,0,18,322,0,31,0
16-01 19:19:13,20.750,4.250,73.999,0,0,5371652,171388,172068,2281880,11489.916,4762.965,0,131.999,0,9.000,2613,2409,1.580,1.680,1.050,2,0,14.000,0,0,18,321,0,33,0
16-01 19:19:14,19.495,2.499,76.980,0,0,5372388,170644,172068,2281888,11908.920,7408.084,0,111.971,0,7.998,2102,1901,1.580,1.680,1.050,2,0,0,0,0,18,322,0,33,0
16-01 19:19:15,23.532,6.008,68.342,1.252,0,5351176,189328,172072,2284412,8510.505,3703.006,2275.076,5439.354,95.129,418.566,6272,8946,1.580,1.680,1.050,1,0,8.011,0,0,18,323,0,34,0
16-01 19:19:16,21.215,2.745,73.879,0.250,0,5376536,163952,172072,2284428,11129.707,3584.109,0,295.514,0,26.956,2507,2241,1.530,1.670,1.050,0,0,0,0,0,18,324,0,32,0
16-01 19:19:17,17.760,2.752,77.795,0.750,0.250,5345804,194552,172072,2284560,16221.456,9268.403,96.056,3101.808,4.002,402.234,4118,4331,1.530,1.670,1.050,1,0,0,0,0,18,324,0,32,0
16-01 19:19:18,20.820,16.556,61.206,0.502,0,5277504,262792,172072,2284620,12362.559,2855.600,0,1039.494,0,105.354,7300,16392,1.530,1.670,1.050,1,0,403.356,0,0,18,323,0,34,0
16-01 19:19:19,8.483,22.705,67.116,0.250,0,5297152,243112,172072,2284652,7933.195,1455.101,0,514.974,0,42.915,7297,6549,1.530,1.670,1.050,2,0,635.733,0,0,18,323,0,34,0
16-01 19:19:20,9.255,22.761,65.533,0.500,0,5301656,238540,172076,2284716,8546.264,1620.809,0,1948.972,0,114.057,7462,6848,1.530,1.670,1.050,2,0,595.297,0,0,18,323,0,30,0
16-01 19:19:21,8.262,23.033,67.097,0.250,0,5288968,251192,172076,2284752,44115.010,1622.354,0,240.349,0,27.039,7125,6152,1.490,1.660,1.050,1,0,573.833,0,0,18,323,0,30,0
16-01 19:19:22,8.999,22.499,67.246,0,0,5288708,251412,172076,2284792,6811.554,1619.894,0,119.992,0,16.999,7395,6616,1.490,1.660,1.050,1,0,659.957,0,0,18,323,0,30,0
16-01 19:19:23,8.506,22.766,67.797,0,0,5272256,267832,172076,2284824,44365.548,1621.116,0,44.030,0,11.008,7302,6435,1.490,1.660,1.050,1,0,621.428,0,0,18,323,0,30,0
16-01 19:19:24,12.993,12.993,70.464,1.749,0,5289788,249996,172076,2285128,9136.279,1619.163,267.862,23.988,21.989,3.998,5008,4074,1.490,1.660,1.050,1,0,274.858,0,0,18,323,0,26,0
16-01 19:19:25,17.447,7.976,70.536,1.994,0,5307748,319080,172076,2210180,6907.038,1615.098,813.531,2101.622,101.691,9.970,2805,2711,1.490,1.660,1.050,1,0,4.985,0,0,18,323,0,26,0
16-01 19:19:26,24.241,2.749,71.973,0,0,5321320,302280,172076,2213404,9369.497,2736.977,11.996,1167.564,1.999,24.991,2792,2722,1.450,1.650,1.050,1,0,16.994,0,0,18,324,0,26,0
16-01 19:19:27,9.502,1.750,85.516,2.250,0.250,5328916,294128,172076,2213960,18500.452,6556.224,496.093,2748.513,20.004,52.010,2082,2412,1.450,1.650,1.050,3,0,1.000,0,0,18,324,0,26,0
16-01 19:19:28,9.994,0.750,86.450,1.249,0,5321352,301168,172076,2214484,19422.820,9288.653,379.781,1059.390,38.978,45.974,1958,2291,1.450,1.650,1.050,0,0,0,0,0,18,324,0,23,0
16-01 19:19:29,12.002,1.750,82.761,2.500,0,5321980,299656,172076,2215368,24246.351,10245.416,444.061,1284.177,45.006,45.006,2048,1984,1.450,1.650,1.050,1,0,0,0,0,18,324,0,23,0
16-01 19:19:30,17.745,1.500,78.980,1.000,0,5342344,277984,172076,2216676,14784.210,7772.008,1035.734,971.751,43.989,38.990,2368,2291,1.450,1.650,1.050,1,0,0,0,0,18,324,0,23,0
16-01 19:19:31,10.751,1.250,85.508,0.750,0,5341776,277984,172076,2217236,22297.190,9440.927,424.042,1104.108,44.004,37.004,1974,2041,1.330,1.620,1.040,1,0,0,0,0,18,324,0,23,0
16-01 19:19:32,15.246,1.750,81.228,1.000,0,5354112,264628,172076,2218252,19142.702,9445.386,787.782,1119.690,44.988,30.991,2045,1908,1.330,1.620,1.040,1,0,0,0,0,18,324,0,23,0
16-01 19:19:33,12.509,2.502,77.054,5.754,0.250,5362760,223804,172076,2250424,13536.436,6400.462,15482.793,692.483,182.127,21.015,2302,2109,1.330,1.620,1.040,1,0,0,0,0,18,324,0,23,0
16-01 19:19:34,22.996,3.749,71.987,0.500,0,5363356,207940,172348,2265272,8919.444,1619.717,0,1571.726,0,59.990,2713,2370,1.330,1.620,1.040,2,0,1.000,0,0,18,324,0,23,0
16-01 19:19:35,25.743,2.749,70.230,0.250,0,5375184,180484,172464,2280508,8666.498,1511.564,0,1367.605,0,31.991,2836,3271,1.330,1.620,1.040,1,0,1.000,0,0,18,324,0,23,0
16-01 19:19:36,24.760,2.751,70.779,0.500,0,5389524,146236,172544,2300120,8743.609,1566.647,0,1812.748,0,81.033,3033,2944,1.310,1.610,1.040,1,0,0,0,0,18,324,0,22,0
16-01 19:19:37,23.246,3.000,71.239,1.250,0,5385136,137680,172544,2312868,8743.664,1619.753,0,8354.724,0,352.946,3505,2938,1.310,1.610,1.040,1,0,0,0,0,18,324,0,22,0
16-01 19:19:38,23.091,3.765,72.286,0.502,0,5380600,146000,172968,2309364,6052.973,1626.441,0,2204.732,0,86.342,2938,2953,1.310,1.610,1.040,1,0,0,0,0,18,324,0,22,0
16-01 19:19:39,23.664,2.491,71.740,0.498,0,5339504,199544,173276,2296464,10426.232,1787.525,0,1438.788,0,51.812,2646,2188,1.310,1.610,1.040,1,0,1.993,0,0,18,323,0,22,0
16-01 19:19:40,18.983,3.747,76.431,0,0,5362380,176616,173276,2296512,13219.981,3655.676,0,499.546,0,10.990,2781,2824,1.310,1.610,1.040,1,0,32.970,0,0,18,324,0,22,0
16-01 19:19:41,23.997,4.250,69.992,0,0,5348420,183940,173336,2303040,9426.906,1859.784,0,1527.823,0,27.997,2819,2453,1.280,1.600,1.040,2,0,9.999,0,0,18,323,0,22,0
16-01 19:19:42,16.010,2.502,80.051,0.750,0,5348312,179936,173360,2307108,14164.946,4619.918,0,428.270,0,26.016,2342,2370,1.280,1.600,1.040,1,0,18.011,0,0,18,324,0,22,0
16-01 19:19:43,23.003,6.251,69.260,0.250,0,5334464,191028,173612,2309452,9392.337,1686.240,0,1184.169,0,22.003,10538,18656,1.280,1.600,1.040,2,0,13.002,0,0,18,323,0,22,0
16-01 19:19:44,22.761,6.753,68.782,0,0,5339544,185736,173668,2309616,7386.476,1566.737,0,1636.770,0,11.005,10842,19142,1.280,1.600,1.040,1,0,20.009,0,0,18,323,0,20,0
16-01 19:19:45,23.203,5.239,70.356,0,0,5322040,216216,173676,2296796,6514.686,1616.696,0,842.279,0,17.963,2841,2725,1.280,1.600,1.040,1,0,10.978,0,0,18,323,0,20,0
16-01 19:19:46,25.384,4.775,68.361,0,0,5341780,196452,173676,2296820,5830.789,1628.600,0,369.954,0,13.069,11526,20113,1.340,1.610,1.040,1,0,48.255,0,0,18,323,0,20,0
16-01 19:19:47,17.752,6.001,74.510,0.500,0,5340876,197360,173676,2296832,15557.163,3725.518,0,100774.011,0,649.090,3720,2726,1.340,1.610,1.040,1,0,35.005,0,0,18,324,0,20,0
16-01 19:19:48,24.401,2.988,70.963,0.249,0,5350120,181428,173780,2303360,7534.539,1898.325,15.936,2167.238,0.996,74.698,2953,2897,1.340,1.610,1.040,1,0,2.988,0,0,18,323,0,20,0
16-01 19:19:49,17.500,2.500,78.498,0.250,0,5347580,176676,174040,2310280,15111.711,4550.913,0,1039.980,0,21.000,2266,2013,1.340,1.610,1.040,2,0,19.000,0,0,18,324,0,20,0
16-01 19:19:50,24.498,6.250,66.996,0,0,5350128,174524,174128,2309780,9160.408,1793.884,0,763.951,0,26.998,10932,19837,1.340,1.610,1.040,1,0,13.999,0,0,18,323,0,20,0
16-01 19:19:51,23.256,7.002,68.767,0.250,0,5352528,171888,174172,2309972,45130.137,1512.373,0,772.191,0,8.002,11155,19620,1.310,1.600,1.040,1,0,19.005,0,0,18,323,0,20,0
16-01 19:19:52,21.828,5.018,72.508,0.251,0,5348368,189196,174184,2296892,10670.039,1571.603,0,891.177,0,24.086,2572,2223,1.310,1.600,1.040,3,0,6.021,0,0,18,323,0,20,0
16-01 19:19:53,22.991,4.748,71.471,0,0,5348068,189484,174184,2296904,42425.679,1619.339,0,8324.601,0,44.982,3139,2515,1.310,1.600,1.040,3,0,77.968,0,0,18,323,0,20,0
16-01 19:19:54,23.249,3.750,70.998,0,0,5366432,162316,174248,2305644,11884.681,1619.957,0,835.978,0,13.000,3020,2747,1.310,1.600,1.040,2,0,34.999,0,0,18,323,0,20,0
16-01 19:19:55,19.687,2.492,76.506,0,0,5366944,159844,174248,2307556,16710.677,4471.731,3.987,861.252,0.997,19.936,2598,2565,1.310,1.600,1.040,2,0,15.949,0,0,18,324,0,20,0
16-01 19:19:56,14.997,1.500,81.233,0.500,0,5376068,150536,174252,2307720,23014.268,10596.821,11.998,1347.723,2.999,62.987,2526,2763,1.210,1.570,1.040,1,0,2.000,0,0,18,324,0,20,0
16-01 19:19:57,13.300,2.760,82.060,1.004,0,5379948,145988,174296,2308344,19957.451,9258.001,208.789,1108.190,23.087,47.178,2372,2482,1.210,1.570,1.040,1,0,4.015,0,0,18,324,0,17,0
16-01 19:19:58,22.411,7.221,68.229,0.747,0,5385328,140436,174312,2308500,65520.168,6241.249,780.903,3673.432,6.972,209.170,3705,3548,1.210,1.570,1.040,1,0,7.968,0,0,18,325,0,17,0
16-01 19:19:59,17.499,4.000,76.994,0.250,0,5375056,150368,174316,2308836,106667.800,9056.304,271.979,1007.923,3.000,40.997,3981,5495,1.210,1.570,1.040,0,0,2.000,0,0,18,325,0,17,0
16-01 19:20:00,20.839,1.758,75.825,0.502,0,5378280,146840,174320,2309136,16625.187,7759.224,0,887.801,0,27.116,2888,2838,1.210,1.570,1.040,2,0,0,0,0,18,325,0,19,0
16-01 19:20:01,15.193,1.245,81.446,0.498,0,5380196,144628,174372,2309380,19755.342,10868.477,0,1267.275,0,47.822,2384,2569,1.110,1.540,1.030,1,0,0,0,0,18,325,0,17,0
16-01 19:20:02,11.777,1.503,85.195,0.752,0,5389948,134380,174448,2309800,308706.239,15074.584,0,1459.348,0,57.131,2196,2202,1.110,1.540,1.030,0,0,0,0,0,18,325,0,17,0
16-01 19:20:03,6.747,2.249,88.710,1.499,0,5388468,135556,174496,2310052,95531.114,15041.248,27.987,2227.000,3.998,105.952,2055,2315,1.110,1.540,1.030,0,0,0,0,0,18,325,0,17,0
16-01 19:20:04,13.972,0.499,82.836,0.499,0,5388024,135556,174588,2310404,21299.938,10326.608,103.795,1305.422,5.988,48.903,2104,2072,1.110,1.540,1.030,0,0,0,0,0,18,325,0,17,0
16-01 19:20:05,8.750,2.500,86.746,0.250,0,5367268,171488,174624,2295904,3555234.864,31037.646,0,1935.916,0,20.999,3143,2738,1.110,1.540,1.030,0,0,2.000,0,0,18,325,0,13,0
16-01 19:20:06,8.250,2.500,86.250,0.500,0,5365780,151896,174672,2316888,10918089.382,47432.076,0,4696.007,0,49.000,4650,3041,1.020,1.520,1.030,0,0,3.000,0,0,18,325,0,13,0
16-01 19:20:07,9.499,3.250,85.495,1.000,0,5362676,163920,174748,2308576,3349288.183,27005.453,163.991,12999.256,4.000,73.996,3102,3069,1.020,1.520,1.030,2,0,1.000,0,0,18,325,0,13,0
16-01 19:20:08,21.752,3.750,71.758,1.250,0,5373400,137080,177836,2319536,7559.820,1458.158,32.003,6600.716,1.000,374.041,3442,2904,1.020,1.520,1.030,1,0,1.000,0,0,18,325,0,13,0
16-01 19:20:09,24.000,3.750,71.749,0.500,0,5373312,147888,178652,2307680,22756.582,1619.970,0,1591.971,0,38.999,2749,2234,1.020,1.520,1.030,1,0,0,0,0,18,325,0,9,0
16-01 19:20:10,25.034,3.755,69.093,0.250,0,5404076,162932,178976,2262488,9007.165,1622.191,0,1293.747,0,48.065,2929,3040,1.020,1.520,1.030,2,0,0,0,0,18,325,0,9,0
16-01 19:20:11,23.477,2.997,71.430,0.749,0,5397808,145668,179724,2284340,37650.893,1704.320,0,2129.901,0,93.907,3244,2828,1.100,1.520,1.030,1,0,0.999,0,0,18,325,0,9,0
16-01 19:20:12,22.999,4.000,71.246,1.000,0,5382244,147516,180548,2296112,22322.667,1619.903,0,2451.854,0,95.994,3190,2870,1.100,1.520,1.030,1,0,1.000,0,0,18,325,0,9,0
16-01 19:20:13,23.242,4.249,69.726,1.000,0,5386120,146048,182072,2291316,10888.188,1619.433,63.978,1303.544,7.997,53.981,2749,2431,1.100,1.520,1.030,1,0,1.999,0,0,18,325,0,5,0
16-01 19:20:14,24.004,2.750,71.261,0.500,0,5387596,154980,182664,2280520,18667.825,1706.258,0,2552.386,0,53.008,2895,2503,1.100,1.520,1.030,1,0,0,0,0,18,325,0,5,0
16-01 19:20:15,24.254,3.751,70.262,0.750,0,5388376,159420,183656,2274012,9125.495,1620.266,0,2496.409,0,94.015,3144,3096,1.100,1.520,1.030,2,0,0,0,0,18,325,0,5,0
16-01 19:20:16,19.742,2.249,76.470,0.500,0,5329856,252852,183660,2239068,13830.640,4046.432,0,723.720,0,27.989,2504,2394,1.090,1.520,1.030,1,0,2.999,0,0,18,323,0,5,0
16-01 19:20:17,17.999,3.000,78.244,0,0,5362076,220624,183660,2239076,27101.921,3744.713,0,4.000,0,1.000,2441,2050,1.090,1.520,1.030,0,0,32.997,0,0,18,324,0,4,0
16-01 19:20:18,28.107,5.521,64.998,0.251,0,5401892,173836,183736,2245596,10964.863,1867.129,0,1814.929,0,31.119,4011,11078,1.090,1.520,1.030,1,0,39.149,0,0,18,323,0,5,0
16-01 19:20:19,17.690,2.492,78.235,0.249,0,5400916,173612,183744,2246784,16846.923,4601.411,0,510.271,0,25.912,2470,2368,1.090,1.520,1.030,1,0,16.943,0,0,18,324,0,5,0
16-01 19:20:20,24.251,6.250,67.253,0.250,0,5381572,186148,184108,2252148,16936.649,1794.069,0,1332.051,0,33.001,11148,19645,1.090,1.520,1.030,1,0,13.000,0,0,18,323,0,5,0
16-01 19:20:21,24.286,6.009,68.851,0.250,0,5380676,186692,184148,2252424,43945.324,1622.375,0,2703.958,0,39.057,11310,19815,1.080,1.510,1.030,1,0,13.019,0,0,18,323,0,3,0
16-01 19:20:22,21.967,6.740,70.395,0,0,5377572,189688,184180,2252496,9006.561,1617.586,0,722.921,0,20.969,2824,2433,1.080,1.510,1.030,2,0,6.990,0,0,18,323,0,3,0
16-01 19:20:23,21.256,4.501,71.521,0.750,0,5319056,262152,184184,2239792,47346.582,1620.465,104.030,12343.541,1.000,349.100,3370,2180,1.080,1.510,1.030,2,0,6.002,0,0,18,323,0,3,0
16-01 19:20:24,21.744,4.249,71.481,1.250,0,5340976,237112,184448,2242792,6168.402,1457.622,575.851,3611.064,13.996,206.946,3322,3144,1.080,1.510,1.030,1,0,1.999,0,0,18,324,0,3,0
16-01 19:20:25,26.507,6.002,64.517,1.750,0,5339696,237036,184448,2244148,5488.407,1620.416,976.250,5413.388,59.015,472.121,8746,13386,1.080,1.510,1.030,1,0,1.000,0,0,18,325,0,8,0
16-01 19:20:26,11.508,18.262,68.046,0.751,0,5281880,294668,184448,2244364,9448.379,1663.123,132.089,1765.192,2.001,123.083,6730,6276,1.080,1.500,1.030,1,0,408.276,0,0,18,325,0,8,0
16-01 19:20:27,12.285,6.268,69.698,10.781,0,5253356,311084,184448,2256472,8318.617,1624.612,12230.724,681.936,1228.488,32.091,5461,5357,1.080,1.500,1.030,0,1,44.125,0,0,18,325,0,10,0
16-01 19:20:28,8.467,3.736,78.199,8.467,0,5240332,293288,184460,2287284,9736.578,2164.680,30594.412,14340.882,2239.393,178.315,6977,7014,1.080,1.500,1.030,0,1,5.977,0,0,18,326,0,10,0
16-01 19:20:29,2.997,0.999,89.666,4.496,0,5249428,283236,184852,2287848,12816.928,2687.469,955.100,595.439,238.775,22.978,1858,2473,1.080,1.500,1.030,0,0,0,0,0,18,326,0,10,0
16-01 19:20:30,4.503,1.251,92.312,0.250,0,5249956,282480,184852,2288076,46259.871,4626.087,64.043,1933.290,1.001,95.063,2154,3019,1.080,1.500,1.030,0,0,0,0,0,18,326,0,10,0
16-01 19:20:31,3.999,2.000,92.738,1.000,0,5238448,293552,184852,2288512,160778.872,3227.596,163.979,175.978,2.000,6.999,1644,2073,0.990,1.470,1.020,0,1,3.000,0,0,18,325,0,10,1
16-01 19:20:32,3.001,2.001,92.028,1.500,0,5217860,314036,184864,2288620,10599.270,129217.869,456.141,464.143,22.007,1.000,1612,1751,0.990,1.470,1.020,0,0,9.003,0,0,18,325,0,10,0
16-01 19:20:33,2.500,1.000,95.231,0,0.250,5216904,314988,184864,2288624,5853.839,1619.679,0,399.921,0,21.996,1439,2081,0.990,1.470,1.020,0,0,0,0,0,18,325,0,10,0
16-01 19:20:34,1.749,0.750,95.963,0,0.250,5214252,317640,184864,2288624,9512.374,1619.383,0,175.933,0,10.996,1313,1781,0.990,1.470,1.020,1,0,0,0,0,18,325,0,10,0
16-01 19:20:35,4.001,1.250,92.784,0.500,0,5214200,317640,184864,2288676,8294.019,1620.590,0,300.109,0,43.016,2012,2705,0.990,1.470,1.020,0,0,0,0,0,18,325,0,10,0
16-01 19:20:36,2.747,0.500,94.658,0.250,0,5214184,317640,184864,2288692,9571.729,1618.432,0,471.543,0,46.955,1737,2411,0.910,1.450,1.020,0,0,0.999,0,0,18,325,0,10,0
16-01 19:20:37,2.495,1.247,95.802,0,0.249,5214408,317416,184864,2288692,11151.912,1616.653,0,0,0,0,1303,1797,0.910,1.450,1.020,0,0,0,0,0,18,325,0,10,0
16-01 19:20:38,1.254,0.251,97.323,0,0,5214408,317416,184864,2288692,10632.292,1625.395,0,0,0,0,1158,1635,0.910,1.450,1.020,0,0,0,0,0,18,325,0,10,0
16-01 19:20:39,1.500,1.999,94.973,0.500,0,5204924,326892,184864,2288692,8071.705,1619.540,0,17527.017,0,397.887,1954,1792,0.910,1.450,1.020,0,0,0,0,0,18,325,0,10,0
16-01 19:20:40,3.500,0.750,94.490,0,0,5205420,326388,184864,2288700,5887.381,1457.847,0,887.907,0,15.998,1543,2209,0.910,1.450,1.020,0,0,0,0,0,18,325,0,10,0
16-01 19:20:41,3.252,1.501,94.296,0,0,5207384,324384,184864,2288740,8957.408,1620.798,0,96.047,0,13.006,1580,2139,0.920,1.440,1.020,0,0,7.003,0,0,18,325,0,10,0
16-01 19:20:42,1.500,1.000,95.975,0,0,5207384,324384,184864,2288740,10405.309,1619.581,0,83.978,0,11.997,1473,2128,0.920,1.440,1.020,0,0,1.000,0,0,18,325,0,10,0
16-01 19:20:43,2.499,1.250,94.725,0.250,0,5223508,308256,184864,2288744,7574.985,1619.569,0,107.971,0,7.998,1312,1764,0.920,1.440,1.020,0,0,1.000,0,0,18,327,0,10,0
16-01 19:20:44,1.750,3.249,93.482,0.250,0,5218292,313460,184864,2288752,8799.263,1619.680,0,111749.944,0,571.887,3033,2726,0.920,1.440,1.020,0,0,0,0,0,18,327,0,10,0
16-01 19:20:45,3.252,1.251,94.304,0.250,0,5218508,313208,184864,2288788,6605.784,1620.928,16.009,1560.894,1.001,12.007,1610,2316,0.920,1.440,1.020,0,0,0,0,0,18,327,0,10,0
16-01 19:20:46,2.248,0.999,94.917,0.250,0,5218472,313208,184864,2288824,9569.615,1618.582,0,543.524,0,47.958,1702,2488,0.840,1.420,1.010,1,0,0.999,0,0,18,327,0,10,0
16-01 19:20:47,1.751,0.751,96.568,0,0,5218468,313208,184864,2288828,7800.519,1621.147,0,36.025,0,4.003,1176,1700,0.840,1.420,1.010,1,0,0,0,0,18,327,0,10,0
16-01 19:20:48,1.500,0.750,96.724,0,0,5218468,313208,184864,2288828,8421.736,1457.608,0,355.904,0,1.000,1130,1613,0.840,1.420,1.010,0,0,0,0,0,18,327,0,10,0
16-01 19:20:49,1.750,1.750,94.983,0.250,0,5218000,313664,184864,2288836,9438.270,1619.703,0,37857.060,0,115.979,1636,1896,0.840,1.420,1.010,0,0,2.000,0,0,18,327,0,10,0
16-01 19:20:50,2.751,1.000,94.775,0,0,5218216,313412,184864,2288872,9586.522,1620.426,0,0,0,0,1458,2063,0.840,1.420,1.010,1,0,0,0,0,18,327,0,10,0
16-01 19:20:51,2.500,0.500,96.017,0,0,5218204,313412,184864,2288884,40161.089,1620.286,0,72.013,0,9.002,1300,1791,0.780,1.390,1.010,0,0,0,0,0,18,327,0,10,0
16-01 19:20:52,1.750,1.000,96.226,0,0,5218204,313412,184864,2288884,9740.567,1619.596,0,63.984,0,8.998,1330,1844,0.780,1.390,1.010,0,0,0,0,0,18,327,0,10,0
16-01 19:20:53,2.249,0.500,95.724,0,0,5218200,313412,184864,2288888,42830.574,1619.568,0,55.985,0,4.999,1324,1754,0.780,1.390,1.010,0,0,1.000,0,0,18,329,0,10,0
16-01 19:20:54,1.500,1.250,96.266,0,0,5218284,313264,184864,2288952,9226.507,1662.271,0,2064.337,0,9.001,1259,1680,0.780,1.390,1.010,0,0,0,0,0,18,329,0,10,0
16-01 19:20:55,3.259,1.254,94.024,0.251,0,5218424,313012,184864,2289064,7995.275,1462.257,0,1380.017,0,168.490,2041,2639,0.780,1.390,1.010,1,0,0,0,0,18,329,0,10,0
16-01 19:20:56,2.493,1.247,94.239,0.249,0,5218532,312760,184864,2289208,5564.603,1615.530,0,482.664,0,49.862,1838,2678,0.790,1.390,1.010,0,0,1.994,0,0,18,329,0,10,0
16-01 19:20:57,7.774,2.006,88.769,0,0,5246480,284808,184864,2289212,8549.884,1624.919,0,88.267,0,12.036,1878,2274,0.790,1.390,1.010,1,0,4.012,0,0,18,329,0,10,0
16-01 19:20:58,19.432,6.726,71.998,0.249,0,5272104,259148,184864,2289248,6926.769,1614.353,765.323,139.512,5.979,10.962,2778,2422,0.790,1.390,1.010,1,0,7.972,0,0,18,329,0,10,0
16-01 19:20:59,6.498,1.500,90.472,0,0,5264764,266484,184868,2289248,8177.429,1619.491,255.920,6358.001,1.999,150.953,1918,1951,0.790,1.390,1.010,0,0,1.000,0,0,18,329,0,10,0
16-01 19:21:00,3.003,0.751,94.085,0.250,0,5259004,272236,184868,2289412,6772.102,1621.461,0,444.400,0,23.021,1586,2284,0.790,1.390,1.010,0,0,0,0,0,18,329,0,10,0
16-01 19:21:01,2.750,1.000,95.511,0,0,5255720,275504,184868,2289428,8670.039,1662.199,0,4.000,0,1.000,1339,1868,0.730,1.360,1,0,0,0,0,0,18,329,0,10,0
16-01 19:21:02,8.750,3.250,86.747,0,0,5263544,267468,184872,2289636,139138.398,3811.874,0,0,0,0,3571,5054,0.730,1.360,1,1,0,4.000,0,0,18,329,0,8,0
16-01 19:21:03,14.750,4.750,77.502,0.500,0,5264604,266344,184900,2289672,437465.730,17206.501,124.004,36.001,6.000,1.000,3988,3295,0.730,1.360,1,1,0,36.001,0,0,18,329,0,10,0
16-01 19:21:04,18.764,6.505,74.555,0,0,5273044,253708,184900,2293868,151043.932,5317.906,16.012,640.470,1.001,17.012,3399,2999,0.730,1.360,1,1,0,34.025,0,0,18,329,0,10,0
