"pcp-dstat 6.2.0 CSV Output"
"Author:","PCP team <pcp@groups.io> and Dag Wieers <dag@wieers.com>",,,,"URL:","https://pcp.io/ and http://dag.wieers.com/home-made/dstat/"
"Host:","ubuntu",,,,"User:","ubuntu"
"Cmdline:","dstat -tcmndrylpg --tcp --output /tmp/devstack_logs/dstat-csv.log",,,,"Date:","14 Jan 2026 14:25:07 UTC"
"system","total usage",,,,,"memory usage",,,,"net/total",,"dsk/total",,"io/total",,"system",,"load avg",,,"procs",,,"paging",,"tcp sockets",,,,
"time","total usage:usr","total usage:sys","total usage:idl","total usage:wai","total usage:stl","used","free","buf","cach","net/total:recv","net/total:send","dsk/total:read","dsk/total:writ","read","writ","int","csw","1m","5m","15m","run","blk","new","in","out","lis","act","syn","tim","clo"
14-01 14:25:07,,990232,1717648,162112,4951744,,,,,,,1.290,1.030,0.580,3,0,,,,10,5,1,17,1
14-01 14:25:08,19.996,20.746,58.239,0.750,0,1019868,1687644,162132,4952016,41135.994,10073.039,0,2319.549,0,87.983,6641,5510,1.290,1.030,0.580,3,0,500.903,0,0,10,4,1,17,2
14-01 14:25:09,25.251,18.251,54.753,0.750,0,1032116,1668588,162180,4958648,30308.578,11789.614,0,1788.093,0,62.003,5958,5177,1.270,1.030,0.580,3,0,334.017,0,0,10,4,1,17,2
14-01 14:25:10,34.239,19.744,43.986,0.250,0,1034304,1644100,162648,4978216,183549.407,6873.768,0,2739.111,0,84.972,6123,7586,1.270,1.030,0.580,3,0,372.879,0,0,10,4,1,17,2
14-01 14:25:11,33.587,10.947,53.988,0.498,0,1172444,1486576,163428,5119004,11022.574,1685.829,15.923,3542.828,0.995,192.069,4915,4030,1.270,1.030,0.580,3,0,105.489,0,0,11,6,1,17,2
14-01 14:25:12,39.454,11.986,47.694,0.250,0,1207112,1439804,163704,5129296,6337.573,1584.143,0,755.115,0,32.961,4618,3167,1.270,1.030,0.580,4,0,194.772,0,0,11,6,1,19,2
14-01 14:25:13,41.751,5.785,48.542,4.024,0,1234428,1386096,164648,5152372,6640.950,1704.252,36.218,17062.643,3.018,552.323,4002,2196,1.270,1.030,0.580,3,0,0,0,0,11,6,1,19,2
14-01 14:25:14,44.431,5.709,48.155,0.496,0,1261280,1328096,165796,5178984,8965.678,1608.461,0,3375.781,0,90.352,3332,2038,1.330,1.050,0.590,4,0,0.993,0,0,11,6,1,19,2
14-01 14:25:15,29.470,6.801,49.620,11.838,0,1271788,1296244,167616,5196504,11241.853,2933.884,0,46982.442,0,3513.205,18354,27394,1.330,1.050,0.590,2,0,55.413,0,0,11,9,1,19,2
14-01 14:25:16,47.237,10.247,38.489,3.999,0,1230516,1354424,167900,5179624,10542.037,3069.137,0,31619.112,0,2199.382,12742,29350,1.330,1.050,0.590,3,0,139.961,0,0,11,4,1,20,0
14-01 14:25:17,38.755,5.751,54.508,0,0,1311500,1272380,167904,5180672,13278.834,3725.515,0,1424.197,0,30.004,2895,1632,1.330,1.050,0.590,3,0,33.005,0,0,11,5,1,20,0
14-01 14:25:18,44.933,5.461,48.160,0.248,0,1271252,1306404,168036,5186040,10845.490,1781.433,0,8555.644,0,402.163,4262,3187,1.330,1.050,0.590,3,0,12.909,0,0,11,4,1,20,0
14-01 14:25:19,38.552,5.758,55.075,0.501,0,1269712,1299984,168536,5192076,14677.935,4805.527,0,1281.741,0,28.038,2953,1855,1.380,1.060,0.590,3,0,18.024,0,0,11,4,1,19,0
14-01 14:25:20,44.739,8.498,45.239,0,0,1296244,1272692,168612,5192584,8590.837,1619.592,0,587.852,0,10.997,10620,17901,1.380,1.060,0.590,3,0,12.997,0,0,11,4,1,19,0
14-01 14:25:21,31.142,24.864,43.198,0,0,1261636,1307000,168660,5192784,10914.943,1518.950,0,192.883,0,8.037,14388,21546,1.380,1.060,0.590,3,0,532.436,0,0,11,4,1,19,0
14-01 14:25:22,36.825,20.403,41.552,0,0,1170876,1412256,168680,5180392,8055.663,1612.327,0,1783.512,0,21.896,6692,6658,1.380,1.060,0.590,4,0,342.371,0,0,11,4,1,19,0
14-01 14:25:23,52.364,13.028,34.575,0,0,1228976,1354132,168696,5180312,5687.413,1569.425,0,8221.945,0,26.057,4175,2875,1.380,1.060,0.590,4,0,197.431,0,0,11,5,1,19,0
14-01 14:25:24,46.755,3.750,48.756,0,0,1291676,1290880,168704,5180952,9111.055,1620.188,0,372.043,0,35.004,2794,1200,1.430,1.080,0.600,3,0,1.000,0,0,11,5,1,19,0
14-01 14:25:25,43.709,8.242,47.705,0,0,1316216,1264672,168732,5182576,7033.418,1688.420,0,851.203,0,62.941,2980,2428,1.430,1.080,0.600,3,0,0,0,0,11,5,1,19,0
14-01 14:25:26,11.257,6.754,80.552,0,0,1311968,1268112,168780,5183300,9749.339,1621.054,0,5183.370,0,214.139,3301,3151,1.430,1.080,0.600,1,0,118.077,0,0,11,4,1,19,0
14-01 14:25:27,16.255,4.501,78.275,0,0,1368012,1212064,168784,5183304,6970.193,1694.533,0,512.161,0,8.003,1897,1650,1.430,1.080,0.600,3,0,23.007,0,0,11,4,1,19,0
14-01 14:25:28,22.249,4.250,72.746,0,0,1395992,1184076,168784,5183308,6520.641,1619.911,0,15427.150,0,45.997,1961,1388,1.430,1.080,0.600,2,0,0,0,0,11,4,1,19,0
14-01 14:25:29,24.225,1.748,72.675,0.999,0,1410944,1168836,168832,5183544,43191.445,1510.442,0,1938.001,0,185.808,3712,4299,1.400,1.080,0.600,2,0,0.999,0,0,11,10,1,19,0
14-01 14:25:30,19.757,6.252,72.524,1.000,0,1415124,1164476,168872,5183644,42361.181,1620.543,100.033,2604.872,10.003,147.049,2767,2183,1.400,1.080,0.600,2,0,42.014,0,0,11,4,1,21,0
14-01 14:25:31,18.494,1.499,78.223,0.500,0,1438320,1140780,169136,5183840,10265.413,4019.596,271.905,487.830,9.997,8.997,1783,1419,1.400,1.080,0.600,2,0,0,0,0,11,11,1,21,0
14-01 14:25:32,17.258,2.501,73.786,4.502,0,1429908,1148844,169184,5184072,12870.234,4166.018,268.130,1684.816,66.032,71.034,2614,2512,1.400,1.080,0.600,2,0,2.001,0,0,11,27,1,15,0
14-01 14:25:33,19.489,5.997,73.960,0,0,1440152,1138460,169188,5184212,12176.394,4864.361,0,22199.956,0,74.959,2608,1850,1.400,1.080,0.600,2,0,43.976,0,0,11,28,1,16,0
14-01 14:25:34,17.513,2.752,78.809,0.250,0,1465120,1113484,169188,5184216,13888.315,6356.721,0,1641.219,0,75.056,1941,1375,1.280,1.060,0.600,2,0,1.001,0,0,11,29,1,16,0
14-01 14:25:35,27.873,10.295,60.265,0,0,1465876,1112704,169188,5184240,9431.462,3766.558,0,12.053,0,3.013,3711,2670,1.280,1.060,0.600,2,0,156.689,0,0,11,28,1,17,0
14-01 14:25:36,37.086,4.729,58.491,0,0,1465224,1113296,169188,5184288,14487.840,9474.044,0,2250.036,0,16.925,2911,2080,1.280,1.060,0.600,3,0,0,0,0,11,30,1,17,0
14-01 14:25:37,34.128,8.030,56.210,0.502,0,1409384,1168928,169200,5184484,20272.882,12258.886,0,445.668,0,46.173,6442,8384,1.280,1.060,0.600,6,0,159.597,0,0,11,28,1,18,0
14-01 14:25:38,71.279,27.261,1.251,0,0,1546388,1031884,169204,5184536,7143.891,1632.661,0,416.168,0,13.005,5602,4411,1.280,1.060,0.600,6,0,419.170,0,0,11,28,1,18,0
14-01 14:25:39,88.416,9.991,0.999,0,0,1737592,840656,169204,5184548,21795.338,15386.414,0,0,0,0,5337,3240,1.660,1.140,0.630,7,0,0,0,0,11,32,1,18,0
14-01 14:25:40,79.094,9.762,11.764,0,0,1741056,836940,169228,5184776,42652.829,32349.551,0,841.002,0,84.100,8795,12858,1.660,1.140,0.630,8,0,51.061,0,0,11,29,1,21,0
14-01 14:25:41,25.124,12.935,60.695,0,0,1583212,994728,169236,5184820,9247.486,2502.413,0,350.238,0,36.815,3985,3762,1.660,1.140,0.630,2,0,257.704,0,0,11,28,1,22,0
14-01 14:25:42,17.254,2.501,79.269,0,0,1571692,1006244,169236,5184824,10046.370,5536.306,0,172.041,0,17.004,2003,1663,1.660,1.140,0.630,2,0,0,0,0,11,29,1,22,0
14-01 14:25:43,15.234,8.741,72.921,1.998,0,1506820,1071076,169244,5184836,10426.714,4729.880,0,64018.706,0,620.329,4940,4017,1.660,1.140,0.630,2,0,67.926,0,0,11,28,1,23,0
14-01 14:25:44,19.269,2.252,78.077,0,0,1522160,1055736,169244,5184836,10361.232,3978.929,0,148.146,0,1.001,1726,1282,1.610,1.140,0.630,3,0,1.001,0,0,11,29,1,23,0
14-01 14:25:45,16.817,5.271,76.808,0,0,1463860,1114112,169252,5184856,13816.410,6264.122,0,1345.396,0,41.165,3635,3795,1.610,1.140,0.630,2,0,64.258,0,0,11,28,1,24,0
14-01 14:25:46,11.484,25.713,61.412,0,0,1429708,1148228,169256,5184888,6929.107,1509.844,0,2208.846,0,134.808,6809,5309,1.610,1.140,0.630,5,0,683.025,0,0,11,28,1,24,0
14-01 14:25:47,76.680,23.054,1.002,0,0,1558432,1019504,169256,5184888,10026.511,1569.681,0,212.498,0,15.035,5104,3268,1.610,1.140,0.630,6,0,290.682,0,0,11,28,1,24,0
14-01 14:25:48,77.240,8.499,13.248,0,0.250,1679212,898676,169264,5184932,32134.799,26940.478,0,1055.862,0,38.995,6174,5959,1.610,1.140,0.630,3,0,0,0,0,11,33,1,24,0
14-01 14:25:49,72.003,13.501,13.251,0.500,0,1600780,976868,169308,5185128,35666.717,25824.243,0,37585.809,0,170.008,9262,14238,1.880,1.200,0.660,5,0,135.006,0,0,11,28,1,25,0
14-01 14:25:50,81.944,17.988,0.250,0,0,1602172,975428,169308,5185176,9621.423,2306.423,0,195.866,0,12.991,5273,3513,1.880,1.200,0.660,7,0,174.880,0,0,11,29,1,25,0
14-01 14:25:51,84.437,8.993,5.746,0,0,1743760,833584,169312,5185428,30876.117,28365.978,0,143.893,0,9.993,6136,6520,1.880,1.200,0.660,5,0,0,0,0,11,34,1,25,0
14-01 14:25:52,75.939,11.241,11.491,0,0,1732916,844176,169320,5185668,44137.771,35033.038,0,311.751,0,23.981,8837,14674,1.880,1.200,0.660,5,0,167.866,0,0,11,29,1,30,0
14-01 14:25:53,45.675,11.481,42.430,0.250,0,1549080,1027860,169328,5185812,11410.228,3576.117,0,327.461,0,22.962,4219,3369,1.880,1.200,0.660,3,0,129.786,0,0,11,28,1,30,0
14-01 14:25:54,33.357,4.264,61.949,0,0,1546584,1030308,169336,5185832,18064.031,13086.039,0,365.173,0,23.074,3262,3386,1.890,1.220,0.660,2,0,7.023,0,0,11,29,1,31,0
14-01 14:25:55,56.293,21.517,21.266,0.250,0,1485948,1090900,169348,5185868,16582.807,8466.539,0,544.420,0,17.013,6240,6115,1.890,1.220,0.660,4,0,378.292,0,0,11,28,1,32,0
14-01 14:25:56,54.222,5.247,40.479,0,0,1551964,1024852,169352,5185896,20245.587,15086.241,0,183.905,0,7.996,4134,3250,1.890,1.220,0.660,3,0,0,0,0,11,31,1,30,0
14-01 14:25:57,48.366,17.950,32.161,0,0,1516588,1060024,169376,5186076,25100.642,16282.009,0,446.765,0,50.859,7349,9759,1.890,1.220,0.660,5,0,257.289,0,0,11,28,1,31,0
14-01 14:25:58,80.346,9.232,10.230,0,0.250,1608616,967960,169380,5186108,14964.306,9842.128,0,175.663,0,5.989,4602,1739,1.890,1.220,0.660,1,0,0,0,0,11,32,1,31,0
14-01 14:25:59,59.774,6.530,32.901,0,0,1610140,966196,169400,5186328,73310.637,32108.000,0,630.888,0,44.202,7870,12288,1.900,1.230,0.670,5,0,0,0,0,11,30,1,33,0
14-01 14:26:00,63.537,19.261,16.510,0.250,0,1520144,1056172,169480,5186268,45178.387,3414.995,0,3722.174,0,215.126,5423,4970,1.900,1.230,0.670,4,0,324.189,0,0,11,28,1,31,0
14-01 14:26:01,54.220,5.247,40.478,0,0,1575848,1000352,169488,5186376,22544.578,14405.063,0,103.943,0,7.996,3694,2363,1.900,1.230,0.670,2,0,0,0,0,11,31,1,31,0
14-01 14:26:02,48.282,15.928,34.594,0.498,0,1486568,1089568,169492,5186436,23497.141,17715.190,0,3285.200,0,148.332,8094,10376,1.900,1.230,0.670,5,0,297.659,0,0,11,28,1,33,0
14-01 14:26:03,63.268,7.502,28.758,0,0,1564192,1011928,169492,5186452,12631.613,6249.787,0,0,0,0,3578,1312,1.900,1.230,0.670,2,0,0,0,0,11,31,1,33,0
14-01 14:26:04,45.783,4.503,49.035,0,0,1564460,1011216,169500,5186888,30434.812,23631.937,0,340.244,0,14.010,5724,8197,1.750,1.210,0.670,4,0,1.001,0,0,11,29,1,32,0
14-01 14:26:05,59.822,18.522,21.526,0,0,1504704,1070952,169508,5186900,10327.347,2877.440,0,536.642,0,15.018,4615,3242,1.750,1.210,0.670,4,0,287.344,0,0,11,28,1,33,0
14-01 14:26:06,50.880,5.263,43.111,0,0,1571580,1003904,169508,5187072,23570.431,17261.255,0,112.288,0,8.021,3932,3679,1.750,1.210,0.670,3,0,0,0,0,11,31,1,33,0
14-01 14:26:07,51.985,13.746,33.990,0,0,1514280,1061128,169536,5187120,17378.980,11718.615,0,1299.625,0,94.973,6095,7027,1.750,1.210,0.670,4,0,111.968,0,0,11,28,1,35,0
14-01 14:26:08,54.509,5.251,39.006,0,0,1614336,961048,169536,5187144,20713.363,13375.172,0,8.001,0,2.000,3905,2594,1.750,1.210,0.670,3,0,0,0,0,11,31,1,35,0
14-01 14:26:09,49.518,14.005,36.013,0.250,0,1496972,1078356,169560,5187176,24060.746,15633.683,0,532.193,0,41.015,7088,8660,1.770,1.220,0.670,6,0,281.102,0,0,11,28,1,37,0
14-01 14:26:10,74.709,24.487,0.500,0,0,1566052,1009176,169564,5187240,7665.815,1693.076,0,259.858,0,16.991,5656,4707,1.770,1.220,0.670,9,0,433.763,0,0,11,28,1,37,0
14-01 14:26:11,84.245,15.749,0.250,0,0,1717356,857852,169568,5187256,21541.776,15241.134,0,287.984,0,8.000,6080,5131,1.770,1.220,0.670,7,0,362.979,0,0,11,32,1,37,0
14-01 14:26:12,76.175,19.481,3.996,0,0,1729152,845616,169596,5187668,70177.349,43573.374,0,891.128,0,61.939,8841,10978,1.770,1.220,0.670,8,0,498.512,0,0,11,31,1,36,0
14-01 14:26:13,78.840,19.773,0.751,0,0,1589132,985596,169616,5187688,18218.909,9898.360,0,488.561,0,41.047,6255,5608,1.770,1.220,0.670,7,0,261.300,0,0,11,28,1,36,0
14-01 14:26:14,81.383,10.453,8.711,0,0,1658844,915804,169620,5187764,23833.451,18861.886,0,115.479,0,7.964,5705,4840,2.030,1.290,0.700,4,0,16.924,0,0,11,32,1,36,0
14-01 14:26:15,67.532,14.561,17.071,0,0,1659988,914424,169620,5188000,41595.638,35647.810,0,8.034,0,2.008,9203,14125,2.030,1.290,0.700,3,0,267.115,0,0,11,30,1,39,0
14-01 14:26:16,27.440,24.945,46.648,0,0,1454284,1120092,169620,5188092,15061.065,7022.643,0,327.284,0,6.985,7882,17803,2.030,1.290,0.700,3,0,682.508,0,0,11,28,1,42,0
14-01 14:26:17,61.440,32.718,5.744,0,0,1506324,1068040,169624,5188044,7028.139,1618.420,0,2489.570,0,116.886,6105,5073,2.030,1.290,0.700,5,0,689.327,0,0,11,28,1,41,0
14-01 14:26:18,61.686,6.493,30.718,0,0,1603512,970788,169624,5188108,22144.004,15722.673,0,271.718,0,18.980,5007,4301,2.030,1.290,0.700,2,0,0,0,0,11,31,2,41,0
14-01 14:26:19,51.481,13.059,34.907,0.502,0,1607696,966388,169648,5188300,23769.609,16237.828,0,598.685,0,65.293,6731,8118,2.110,1.320,0.710,4,0,134.604,0,0,11,29,1,44,0
14-01 14:26:20,72.783,12.506,13.756,0,0,1577072,996984,169648,5188328,18851.503,11810.327,0,2172.980,0,58.026,5434,4798,2.110,1.320,0.710,4,0,134.060,0,0,11,30,1,45,0
14-01 14:26:21,66.469,8.746,25.238,0,0,1590972,982900,169648,5188528,31400.260,22336.515,0,179.916,0,8.996,6022,8830,2.110,1.320,0.710,3,0,0,0,0,11,31,1,45,0
14-01 14:26:22,54.595,9.224,34.153,0,0,1591648,981980,169656,5188764,40966.655,35013.562,0,554.425,0,36.895,10336,15954,2.110,1.320,0.710,4,0,29.915,0,0,11,30,1,45,0
14-01 14:26:23,72.425,12.029,15.287,0,0,1611604,961944,169688,5188812,23535.900,17001.102,0,384.931,0,37.090,5861,8522,2.110,1.320,0.710,5,0,60.145,0,0,11,29,1,45,0
14-01 14:26:24,68.620,9.732,20.461,0,0,1631284,942212,169688,5188864,26570.712,18908.214,0,175.668,0,8.983,5408,6035,2.180,1.340,0.720,4,0,30.941,0,0,11,31,1,45,0
14-01 14:26:25,60.380,6.263,33.572,0,0,1635064,938192,169688,5189104,41452.279,33238.588,0,200.432,0,14.030,9562,14760,2.180,1.340,0.720,4,0,0,0,0,11,31,1,46,0
14-01 14:26:26,64.513,15.253,19.504,0,0,1539024,1034008,169692,5189324,33595.525,24521.762,0,152.030,0,9.002,7404,10658,2.180,1.340,0.720,7,0,197.038,0,0,11,29,1,48,0
14-01 14:26:27,71.511,12.752,15.002,0,0,1574908,998100,169700,5189340,19911.100,14128.199,0,540.084,0,12.002,4914,4766,2.180,1.340,0.720,5,0,63.010,0,0,11,30,1,49,0
14-01 14:26:28,58.467,6.996,33.731,0.250,0,1625824,946944,169704,5189576,39934.588,31489.327,0,147.917,0,8.995,8117,12159,2.180,1.340,0.720,5,0,0.999,0,0,11,32,1,49,0
14-01 14:26:29,73.441,14.738,11.990,0,0,1527732,1044984,169720,5189612,55443.816,14202.682,0,319.745,0,33.973,7264,8190,2.320,1.390,0.740,5,0,127.898,0,0,11,28,1,51,0
14-01 14:26:30,77.219,10.496,11.745,0,0,1609128,963428,169724,5189768,48844.381,11523.371,0,215.913,0,10.996,4660,2425,2.320,1.390,0.740,4,0,0,0,0,11,31,1,51,0
14-01 14:26:31,60.922,8.989,29.962,0.250,0,1614056,958420,169732,5189804,31135.343,24087.320,0,419.466,0,39.949,7545,10188,2.320,1.390,0.740,7,0,61.921,0,0,11,30,1,53,0
14-01 14:26:32,69.411,12.529,17.541,0,0,1562732,1009560,169740,5189980,32348.836,23154.566,0,400.928,0,46.107,5990,8790,2.320,1.390,0.740,5,0,120.278,0,0,11,31,1,55,0
14-01 14:26:33,72.570,12.426,14.166,0,0,1594540,977692,169748,5190032,21264.086,14010.040,0,3220.927,0,143.152,6170,6005,2.320,1.390,0.740,3,0,125.258,0,0,11,34,1,53,0
14-01 14:26:34,69.338,10.300,20.600,0,0,1574104,997940,169748,5190220,29758.910,19222.604,0,124.607,0,8.039,5461,6418,2.380,1.420,0.750,4,0,44.215,0,0,11,33,1,55,0
14-01 14:26:35,74.538,11.756,13.507,0,0,1589640,982364,169748,5190260,18906.708,15141.775,0,144.074,0,10.005,5136,5401,2.380,1.420,0.750,2,0,68.035,0,0,11,34,1,56,0
14-01 14:26:36,54.305,7.758,36.287,0,0,1563268,1008508,169764,5190472,29927.571,20781.228,0,280.286,0,23.024,5743,7086,2.380,1.420,0.750,4,0,66.067,0,0,11,35,1,57,0
14-01 14:26:37,52.397,14.971,31.688,0,0,1561516,1010236,169772,5190488,13320.850,6029.164,0,962.111,0,52.896,5644,4930,2.380,1.420,0.750,4,0,191.624,0,0,11,32,1,59,0
14-01 14:26:38,56.643,5.739,37.429,0.250,0,1593192,978540,169776,5190504,16594.723,13346.844,0,167.684,0,9.981,3555,2101,2.380,1.420,0.750,2,0,0,0,0,11,35,1,59,0
14-01 14:26:39,48.201,7.280,43.180,0.251,0,1501976,1069528,169776,5190732,29058.186,19210.115,0,160.670,0,14.059,7152,9636,2.350,1.430,0.760,4,0,56.235,0,0,11,33,1,61,0
14-01 14:26:40,59.991,13.498,26.246,0,0,1501292,1070204,169776,5190740,10335.477,3703.454,0,383.943,0,11.998,4447,2983,2.350,1.430,0.760,4,0,125.981,0,0,11,32,1,62,0
14-01 14:26:41,47.476,5.997,45.977,0,0,1542180,1029284,169776,5190772,25672.916,20717.441,0,183.906,0,7.996,4712,4966,2.350,1.430,0.760,3,0,0,0,0,11,35,1,55,0
14-01 14:26:42,41.295,10.697,46.520,0.249,0,1430012,1141348,169784,5190868,23434.917,14435.495,0,680.629,0,40.798,6896,9026,2.350,1.430,0.760,4,0,156.226,0,0,11,32,1,58,0
14-01 14:26:43,38.073,7.765,53.603,0,0,1491136,1080220,169784,5190872,13152.359,6419.377,0,180.348,0,12.023,3419,2444,2.350,1.430,0.760,2,0,64.124,0,0,11,33,1,58,0
14-01 14:26:44,34.176,5.738,59.372,0,0,1497520,1073712,169784,5190996,21875.935,12286.566,0,199.571,0,12.972,4195,4423,2.320,1.430,0.770,3,0,34.925,0,0,11,33,1,59,0
14-01 14:26:45,38.497,9.999,50.746,0,0,1464328,1106888,169784,5191012,10985.030,5047.554,0,159.986,0,12.999,4137,3407,2.320,1.430,0.770,2,0,103.991,0,0,11,33,1,58,0
14-01 14:26:46,32.952,5.031,60.622,0.252,0.252,1476800,1094244,169804,5191164,16801.044,11569.961,0,354.172,0,31.191,4021,3937,2.320,1.430,0.770,3,0,51.315,0,0,11,33,1,59,0
14-01 14:26:47,37.240,6.248,55.735,0,0,1481260,1089632,169812,5191308,16472.652,7044.141,0,267.929,0,21.994,3584,3806,2.320,1.430,0.770,3,0,13.996,0,0,11,32,1,60,0
14-01 14:26:48,36.474,5.246,57.459,0,0,1488920,1081948,169812,5191332,17048.938,9533.255,0,143.898,0,7.994,3154,3360,2.320,1.430,0.770,3,0,0,0,0,11,33,1,60,0
14-01 14:26:49,32.610,6.472,59.744,0.249,0,1483148,1087688,169812,5191364,19153.876,14159.291,0,151.351,0,10.953,4506,5011,2.290,1.440,0.770,2,0,42.816,0,0,11,33,1,60,0
14-01 14:26:50,37.825,5.511,56.862,0,0,1478800,1092004,169824,5191384,17479.560,7799.421,0,573.133,0,71.141,3459,2896,2.290,1.440,0.770,2,0,5.010,0,0,11,33,1,61,0
14-01 14:26:51,34.024,4.003,61.293,0,0,1495128,1075640,169832,5191412,21411.980,13412.383,0,256.179,0,21.015,4508,5253,2.290,1.440,0.770,3,0,0,0,0,11,33,1,62,0
14-01 14:26:52,20.429,13.453,64.026,0,0,1425452,1145228,169832,5191500,14898.984,7141.069,0,302.942,0,21.923,4966,5412,2.290,1.440,0.770,2,0,281.019,0,0,11,32,1,63,0
14-01 14:26:53,19.194,2.243,77.773,0.249,0,1446452,1124228,169832,5191500,12728.832,3963.427,0,147.569,0,9.971,1784,1270,2.290,1.440,0.770,2,0,0,0,0,11,33,1,58,0
14-01 14:26:54,18.328,3.013,78.082,0.251,0,1434872,1135648,169832,5191656,14965.558,9769.491,0,2956.556,0,145.618,3766,4311,2.110,1.420,0.770,2,0,7.030,0,0,11,32,1,59,0
14-01 14:26:55,13.742,14.741,70.459,0,0,1435420,1135092,169832,5191664,9671.371,1565.089,0,215.874,0,16.990,4314,3152,2.110,1.420,0.770,2,0,283.835,0,0,11,32,1,59,0
14-01 14:26:56,18.315,3.011,78.779,0,0,1428796,1141712,169832,5191668,13118.423,6684.655,0,152.540,0,8.028,1979,1621,2.110,1.420,0.770,2,0,0,0,0,11,33,1,59,0
14-01 14:26:57,18.522,4.005,76.339,0,0,1387480,1182996,169848,5191684,15191.756,7384.631,0,500.585,0,32.037,3494,3935,2.110,1.420,0.770,2,0,40.047,0,0,11,32,1,60,0
14-01 14:26:58,21.391,3.980,73.626,0,0,1418988,1151484,169848,5191688,7432.261,1653.603,0,266.646,0,1.990,1968,1401,2.110,1.420,0.770,2,0,5.970,0,0,11,32,1,57,0
14-01 14:26:59,16.009,1.751,80.796,0,0,1427168,1143288,169852,5191700,51979.439,9891.602,0,104.059,0,3.002,2914,3228,2.100,1.430,0.780,2,0,0,0,0,11,33,1,57,0
14-01 14:27:00,16.301,7.273,75.237,0.502,0,1375656,1194664,169880,5191808,48644.103,7495.592,0,1918.037,0,136.429,5297,6162,2.100,1.430,0.780,2,0,141.445,0,0,11,32,1,57,0
14-01 14:27:01,21.195,19.949,58.349,0.249,0,1390668,1179540,169920,5191880,6138.160,1615.830,0,442.857,0,26.931,6082,4880,2.100,1.430,0.780,3,0,483.752,0,0,11,32,1,59,0
14-01 14:27:02,43.736,6.248,48.735,0,0,1503580,1065396,170020,5192948,6009.104,1619.489,0,327.897,0,7.997,2925,1488,2.100,1.430,0.780,3,0,1.999,0,0,11,32,1,56,0
14-01 14:27:03,38.420,6.780,44.447,9.291,0,1495640,1066372,170824,5198504,10506.549,1627.209,0,27907.644,0,2584.450,16668,22589,2.100,1.430,0.780,4,0,112.498,0,0,11,36,1,56,0
14-01 14:27:04,37.615,7.722,39.359,13.452,0,1543892,1015704,171544,5200108,7258.000,1506.603,0,47402.191,0,4149.137,20378,29353,2.170,1.460,0.790,4,0,57.793,0,0,11,36,1,56,0
14-01 14:27:05,44.237,6.748,45.987,1.999,0,1555956,1003572,171616,5200104,8955.436,1565.552,0,13376.170,0,846.758,6266,5964,2.170,1.460,0.790,3,0,6.998,0,0,11,32,1,56,0
14-01 14:27:06,40.829,6.763,46.089,5.010,0,1553716,1005332,171788,5200412,9930.109,1623.123,0,9782.825,0,1563.008,11679,16479,2.170,1.460,0.790,3,1,2.004,0,0,11,34,1,51,0
14-01 14:27:07,34.109,8.963,51.786,4.233,0,1505344,1053032,172228,5200636,8865.427,1613.344,0,21622.798,0,1871.280,11707,15346,2.170,1.460,0.790,2,0,99.589,0,0,11,32,1,51,0
14-01 14:27:08,22.001,4.000,73.002,0,0,1522196,1036148,172252,5200640,8462.277,1620.053,0,668.022,0,36.001,2010,1410,2.170,1.460,0.790,3,0,3.000,0,0,11,32,0,51,0
14-01 14:27:09,23.746,2.999,73.237,0.500,0,1559472,998824,172296,5200640,7755.653,1713.702,0,4507.217,0,232.960,2403,1997,2.080,1.450,0.790,2,0,2.000,0,0,11,32,0,51,0
14-01 14:27:10,22.351,3.265,73.581,0,0,1526496,1031764,172312,5200660,8686.071,1627.320,0,136.615,0,16.072,2026,1445,2.080,1.450,0.790,2,0,1.005,0,0,11,32,0,47,0
14-01 14:27:11,22.535,3.005,74.366,0,0,1520884,1037364,172312,5200672,10136.858,1622.538,0,0,0,0,1879,1203,2.080,1.450,0.790,3,0,3.005,0,0,11,32,0,47,0
14-01 14:27:12,22.109,3.975,73.779,0,0,1527976,1030272,172312,5200672,6057.367,1609.733,0,0,0,0,1776,1247,2.080,1.450,0.790,2,0,0,0,0,11,32,0,47,0
14-01 14:27:13,22.015,3.002,73.550,0,0,1517184,1040996,172312,5200740,9625.580,1458.997,0,164.112,0,30.021,1914,1158,2.080,1.450,0.790,2,0,3.002,0,0,11,32,0,47,0
14-01 14:27:14,22.240,3.748,73.468,0,0,1512348,1045832,172312,5200740,6823.986,1619.285,0,0,0,0,1825,1249,1.990,1.440,0.790,2,0,2.999,0,0,11,32,0,46,0
14-01 14:27:15,23.259,2.751,73.780,0.250,0,1501712,1056376,172312,5200828,9180.702,1620.653,0,412.166,0,48.019,1826,1125,1.990,1.440,0.790,2,0,1.000,0,0,11,32,0,46,0
14-01 14:27:16,26.993,5.998,65.982,0.250,0,1471328,1086728,172312,5200852,6044.394,1619.570,0,391.896,0,13.996,3129,11071,1.990,1.440,0.790,2,0,36.990,0,0,11,32,0,47,0
14-01 14:27:17,22.000,3.750,73.749,0,0,1485120,1072936,172312,5200852,5888.903,1619.973,0,311.995,0,18.000,1779,1308,1.990,1.440,0.790,3,0,0,0,0,11,32,0,47,0
14-01 14:27:18,22.006,3.501,73.770,0,0,1475280,1082724,172312,5200872,8877.355,1620.430,0,32.008,0,4.001,1782,1100,1.990,1.440,0.790,2,0,3.001,0,0,11,32,0,41,0
14-01 14:27:19,21.976,3.746,73.671,0,0,1502064,1055912,172312,5200900,8357.028,1618.263,0,3.996,0,0.999,1789,1281,1.910,1.430,0.790,2,0,0,0,0,11,32,0,41,0
14-01 14:27:20,22.232,2.998,73.691,0,0,1474296,1083680,172312,5200900,7391.067,1618.701,0,0,0,0,1785,1215,1.910,1.430,0.790,2,0,0.999,0,0,11,32,0,41,0
14-01 14:27:21,22.986,2.998,73.455,0.250,0,1507160,1050816,172312,5200900,10198.742,1619.007,0,1858.859,0,224.862,2225,1168,1.910,1.430,0.790,3,0,1.999,0,0,11,32,0,41,0
14-01 14:27:22,10.338,18.406,70.348,0,0,1447092,1110708,172312,5201052,10560.702,1470.490,0,532.523,0,6.051,5458,4086,1.910,1.430,0.790,3,0,402.418,0,0,11,32,0,37,0
14-01 14:27:23,8.479,21.197,69.326,0,0,1433404,1124204,172312,5201232,10317.049,1615.935,0,762.083,0,11.970,6193,4692,1.910,1.430,0.790,3,0,455.853,0,0,11,32,0,37,0
14-01 14:27:24,8.776,20.560,68.951,0,0,1425072,1132500,172312,5201268,7101.657,1624.726,0,88.257,0,1.003,6274,4785,1.840,1.430,0.790,3,0,477.389,0,0,11,32,0,37,0
14-01 14:27:25,19.888,6.215,73.089,0,0,1428676,1128896,172312,5201268,5607.443,1610.934,0,473.336,0,84.524,2378,1630,1.840,1.430,0.790,2,0,41.765,0,0,11,32,0,37,0
14-01 14:27:26,22.531,3.004,73.603,0.250,0,1449860,1107716,172312,5201276,9139.778,1622.268,0,220.308,0,17.024,2065,1536,1.840,1.430,0.790,2,0,3.004,0,0,11,32,0,34,0
14-01 14:27:27,22.496,3.249,73.487,0,0,1503792,1053780,172316,5201276,7412.696,1619.715,0,351.938,0,18.997,1918,1450,1.840,1.430,0.790,2,0,0,0,0,11,32,0,34,0
14-01 14:27:28,22.249,3.500,73.495,0,0,1499576,1057992,172316,5201276,9145.391,1619.892,0,99.993,0,6.000,1879,1161,1.840,1.430,0.790,2,0,3.000,0,0,11,32,0,34,0
14-01 14:27:29,22.004,3.751,74.015,0,0,1542124,1015444,172316,5201276,44165.707,1620.319,0,0,0,0,1880,1238,1.770,1.420,0.800,2,0,0,0,0,11,32,0,34,0
14-01 14:27:30,21.981,2.997,73.687,0,0,1511484,1046084,172316,5201276,43311.762,1618.608,0,11.990,0,0.999,1921,1223,1.770,1.420,0.800,2,0,2.997,0,0,11,32,0,31,0
14-01 14:27:31,22.317,3.511,73.722,0,0,1553596,1003992,172316,5201256,7487.519,1462.398,0,200.603,0,29.087,1857,1248,1.770,1.420,0.800,2,0,2.006,0,0,11,32,0,31,0
14-01 14:27:32,22.693,2.992,73.564,0,0,1536300,1021268,172316,5201276,7124.986,1657.809,0,19.950,0,0.997,1723,1083,1.770,1.420,0.800,2,0,0.997,0,0,11,32,0,31,0
14-01 14:27:33,22.718,3.495,73.645,0,0,1540424,1017148,172320,5201268,8016.553,1617.690,0,83.880,0,2.996,1794,1156,1.770,1.420,0.800,2,0,1.997,0,0,11,32,0,31,0
14-01 14:27:34,22.285,3.255,73.615,0,0,1513324,1044236,172320,5201280,10349.195,1622.539,0,12.019,0,1.002,1811,1232,1.710,1.410,0.800,3,0,2.003,0,0,11,32,0,24,0
14-01 14:27:35,21.742,3.499,73.473,0,0,1525100,1032484,172320,5201256,11029.902,1619.398,0,0,0,0,1807,1221,1.710,1.410,0.800,2,0,1.999,0,0,11,32,0,24,0
14-01 14:27:36,23.508,3.251,73.024,0,0,1484984,1072548,172324,5201312,9446.148,1620.540,0,2268.756,0,45.015,2116,1555,1.710,1.410,0.800,2,0,1.000,0,0,11,32,0,24,0
14-01 14:27:37,22.237,3.748,73.458,0.250,0,1511464,1046148,172328,5201224,7823.485,1619.066,0,423.755,0,23.986,1905,1318,1.710,1.410,0.800,2,0,1.999,0,0,11,32,0,24,0
14-01 14:27:38,22.756,3.001,73.771,0,0,1461160,1096364,172328,5201312,9493.662,1662.466,0,88.025,0,1.000,1822,1203,1.710,1.410,0.800,3,0,1.000,0,0,11,32,0,19,0
14-01 14:27:39,22.234,3.248,73.448,0,0,1450672,1106852,172328,5201312,7370.803,1618.859,0,11.992,0,0.999,1773,1241,1.650,1.400,0.800,2,0,0.999,0,0,11,32,0,19,0
14-01 14:27:40,22.524,3.504,73.830,0,0,1481880,1075660,172328,5201296,21171.826,1459.574,0,0,0,0,1994,1261,1.650,1.400,0.800,2,0,2.002,0,0,11,32,0,19,0
14-01 14:27:41,22.734,2.998,73.448,0,0,1450948,1106568,172332,5201316,5628.019,1618.855,0,55.960,0,1.999,1774,1302,1.650,1.400,0.800,2,0,0.999,0,0,11,32,0,19,0
14-01 14:27:42,22.266,3.252,73.552,0,0,1472760,1084756,172332,5201316,29930.309,1707.215,0,140.100,0,27.019,2067,1217,1.650,1.400,0.800,2,0,1.001,0,0,11,32,0,19,0
14-01 14:27:43,22.756,2.751,73.769,0,0,1479444,1078084,172332,5201304,23513.011,1620.414,0,80.020,0,3.001,1983,1227,1.650,1.400,0.800,2,0,2.001,0,0,11,32,0,13,0
14-01 14:27:44,19.312,7.023,72.984,0,0,1452932,1104552,172332,5201344,9109.260,1625.220,0,52.168,0,3.010,2693,1826,1.600,1.400,0.800,2,0,98.316,0,0,11,32,0,13,0
14-01 14:27:45,11.705,17.931,69.235,0,0,1440420,1117012,172332,5201364,19394.715,1699.491,0,159.390,0,7.969,5341,3890,1.600,1.400,0.800,2,0,361.615,0,0,11,32,0,13,0
14-01 14:27:46,22.743,2.749,73.228,0,0,1496932,1060468,172332,5201396,8919.278,1619.506,0,135.959,0,8.997,2060,1632,1.600,1.400,0.800,2,0,0,0,0,11,32,0,13,0
14-01 14:27:47,23.212,2.746,73.380,0.250,0,1467536,1089692,172336,5201564,9709.137,1703.217,0,571.067,0,48.920,2042,1260,1.600,1.400,0.800,3,0,8.985,0,0,11,32,0,10,0
14-01 14:27:48,23.495,2.499,73.485,0,0,1480956,1076208,172336,5201624,20194.783,1457.696,0,0,0,0,1869,1031,1.600,1.400,0.800,2,0,0,0,0,11,32,0,10,0
14-01 14:27:49,9.055,22.386,67.660,0,0,1434980,1122036,172336,5201772,8923.037,1629.870,40.244,124.756,2.012,6.037,6188,4590,1.550,1.390,0.800,2,0,485.943,0,0,11,32,0,10,0
14-01 14:27:50,9.005,21.762,68.787,0,0,1393080,1163912,172336,5201792,7110.862,1620.880,0,248.135,0,5.003,6211,4616,1.550,1.390,0.800,2,0,465.253,0,0,11,32,0,10,0
14-01 14:27:51,7.499,22.498,68.243,0,0,1405300,1151636,172336,5201836,11839.841,1619.841,0,355.965,0,5.000,6556,5081,1.550,1.390,0.800,2,0,536.947,0,0,11,32,0,7,0
14-01 14:27:52,8.995,21.239,67.965,0,0,1384232,1172668,172336,5201864,8956.359,1619.161,0,1711.113,0,19.990,6394,4859,1.550,1.390,0.800,2,0,525.728,0,0,11,32,0,7,0
14-01 14:27:53,9.255,21.510,68.283,0,0,1391072,1165796,172336,5201888,5728.794,1620.790,0,1288.628,0,14.007,6301,4783,1.550,1.390,0.800,2,0,502.245,0,0,11,32,0,7,0
14-01 14:27:54,8.983,21.709,68.870,0,0,1381140,1175684,172336,5201924,15124.521,1616.955,0,463.128,0,7.985,6418,4898,1.510,1.380,0.800,3,0,498.062,0,0,11,32,0,7,0
14-01 14:27:55,8.249,20.748,69.493,0,0,1364720,1192080,172336,5201948,7205.258,1619.833,0,263.973,0,8.999,5973,4414,1.510,1.380,0.800,3,0,430.956,0,0,11,32,0,4,0
14-01 14:27:56,9.262,21.028,68.342,0.250,0,1359048,1197708,172336,5201988,6488.694,1664.230,0,328.440,0,24.032,6601,5456,1.510,1.380,0.800,2,0,535.718,0,0,11,32,0,4,0
14-01 14:27:57,9.252,20.504,69.514,0,0,1321728,1234980,172348,5202020,8812.778,1458.294,0,728.147,0,83.017,6179,4713,1.510,1.380,0.800,2,0,448.090,0,0,11,32,0,4,0
14-01 14:27:58,38.923,27.695,31.687,0.250,0,1404380,1152284,172376,5202036,7830.474,1616.794,0,1065.887,0,62.875,7118,6458,1.510,1.380,0.800,5,0,728.555,0,0,11,32,0,10,0
14-01 14:27:59,66.595,8.979,24.194,0,0,1613144,941944,172380,5203528,40537.444,1616.230,0,287.330,0,6.984,3853,1557,1.630,1.410,0.820,4,0,1.995,0,0,11,32,0,9,0
14-01 14:28:00,49.483,8.540,29.137,11.052,0,1629700,912984,173316,5213836,43838.619,1627.671,373.762,53041.996,3.014,3811.966,18447,30538,1.630,1.410,0.820,3,1,111.526,0,0,11,36,0,10,0
14-01 14:28:01,38.492,13.497,33.743,13.247,0,1608444,922900,173892,5224184,8478.343,1619.683,0,81072.154,0,5612.903,28145,40707,1.630,1.410,0.820,5,0,146.971,0,0,11,36,0,10,0
14-01 14:28:02,41.456,7.992,30.967,14.984,0,1624760,896732,174216,5233368,14703.426,6719.882,0,80494.740,0,6106.532,28018,40588,1.630,1.410,0.820,5,1,50.946,0,0,11,37,0,10,0
14-01 14:28:03,42.073,16.779,29.552,10.518,0,1524936,989496,174828,5239560,15223.574,5936.363,0,61811.899,0,4784.352,22651,33682,1.630,1.410,0.820,4,1,276.483,0,0,11,34,0,9,0
14-01 14:28:04,38.238,14.495,27.991,17.244,0,1573380,934828,175156,5245264,5889.106,1619.479,371.880,45445.388,5.998,3223.963,16763,26189,1.980,1.490,0.840,4,0,133.957,0,0,11,34,0,9,0
14-01 14:28:05,43.257,17.753,26.754,10.252,0,1615076,888100,175400,5249764,16514.665,8471.367,1096.177,49609.004,15.002,3725.601,19901,31821,1.980,1.490,0.840,3,1,200.032,0,0,11,35,0,9,0
14-01 14:28:06,27.742,8.997,45.987,14.996,0.250,1607300,891832,175488,5253596,17802.023,11383.817,667.813,31635.155,11.997,3038.151,19248,29831,1.980,1.490,0.840,7,2,144.959,0,0,11,35,0,9,0
14-01 14:28:07,35.208,9.738,40.202,11.986,0,1561748,937692,175788,5252956,11816.983,4442.730,0,58322.821,0,4977.096,25076,35854,1.980,1.490,0.840,3,0,56.932,0,0,11,34,0,9,0
14-01 14:28:08,34.782,6.756,43.790,12.511,0,1601912,895648,176124,5254464,12285.240,6775.199,0,47423.388,0,4493.111,22508,32638,1.980,1.490,0.840,5,0,42.038,0,0,11,35,0,9,0
14-01 14:28:09,32.959,7.241,45.694,11.486,0,1595876,900048,176276,5255916,18651.004,10245.368,0,57716.837,0,4917.936,25089,37141,2.060,1.510,0.860,4,0,38.952,0,0,11,35,0,9,0
14-01 14:28:10,35.690,8.985,42.429,10.982,0.250,1511772,981928,176372,5257996,16556.287,8373.983,0,44773.056,0,3792.652,20803,31424,2.060,1.510,0.860,4,0,112.811,0,0,11,36,0,10,0
14-01 14:28:11,36.355,8.274,40.366,13.038,0,1569856,920188,176480,5261448,6064.495,1624.687,0,56298.410,0,4542.103,21591,32533,2.060,1.510,0.860,2,1,63.182,0,0,11,36,0,10,0
14-01 14:28:12,29.767,7.504,46.776,12.757,0,1573656,912968,176660,5264592,14637.133,9886.493,0,70018.905,0,5592.107,26809,40097,2.060,1.510,0.860,5,1,60.033,0,0,11,37,0,10,0
14-01 14:28:13,31.489,7.997,47.734,11.496,0,1568912,914336,176708,5267872,19692.383,12222.893,0,64042.479,0,5234.241,27624,42359,2.060,1.510,0.860,2,1,105.964,0,0,11,37,0,10,0
14-01 14:28:14,36.268,9.255,40.770,10.505,0,1531532,952732,176728,5266796,8763.280,2043.998,0,42780.896,0,4034.971,21551,32167,2.220,1.550,0.870,3,1,58.028,0,0,11,36,0,10,0
14-01 14:28:15,33.182,8.732,42.912,11.975,0.249,1555980,930784,176788,5264288,13431.356,6593.430,0,74063.567,0,5585.504,26500,39099,2.220,1.550,0.870,2,1,29.938,0,0,11,37,0,10,0
14-01 14:28:16,35.572,12.525,51.103,1.253,0,1507416,979284,176792,5267456,19145.500,11295.715,0,8885.869,0,645.298,9149,16759,2.220,1.550,0.870,5,0,257.518,0,0,11,33,0,12,0
14-01 14:28:17,17.474,5.991,74.389,0.250,0,1425788,1060888,176792,5264364,32362.866,7060.499,0,1485.790,0,63.905,4241,7720,2.220,1.550,0.870,4,0,54.918,0,0,11,32,0,14,0
14-01 14:28:18,18.424,3.237,77.678,0.249,0,1447904,1038768,176792,5264368,11141.751,3892.841,0,991.883,0,61.744,1908,1467,2.220,1.550,0.870,1,0,0,0,0,11,33,0,14,0
14-01 14:28:19,19.332,3.515,75.823,0,0,1423764,1062888,176792,5264388,28948.142,8244.069,0,2205.381,0,197.842,4052,3870,2.040,1.530,0.870,2,0,34.145,0,0,11,32,0,14,0
14-01 14:28:20,21.769,4.003,73.563,0,0,1458504,1028148,176792,5264388,20903.032,1621.399,0,496.428,0,28.024,2062,1306,2.040,1.530,0.870,2,0,0,0,0,11,32,0,14,0
14-01 14:28:21,15.179,2.239,81.617,0,0.249,1453960,1032680,176792,5264400,17859.114,8302.005,0,485.719,0,34.836,2438,2550,2.040,1.530,0.870,2,0,0,0,0,11,32,0,15,0
14-01 14:28:22,19.301,6.517,73.444,0.501,0,1430464,1056172,176792,5264404,20471.009,1710.513,0,409.079,0,23.061,2598,1686,2.040,1.530,0.870,3,0,60.159,0,0,11,32,0,15,0
14-01 14:28:23,16.710,2.494,79.309,0,0,1445664,1040624,176792,5264752,15416.953,7810.232,0,614.523,0,24.940,2396,2393,2.040,1.530,0.870,2,0,0,0,0,11,33,0,15,0
14-01 14:28:24,17.519,5.756,75.331,0.250,0,1386324,1099936,176792,5264780,12282.194,5831.264,0,1918.060,0,120.129,3755,4202,1.950,1.520,0.870,2,0,44.047,0,0,11,32,0,16,0
14-01 14:28:25,18.746,2.249,77.732,0,0,1439840,1046288,176792,5264912,26802.879,3974.093,0,151.965,0,9.998,1994,1474,1.950,1.520,0.870,2,0,0,0,0,11,33,0,16,0
14-01 14:28:26,15.492,2.499,80.459,0.250,0,1439824,1046288,176792,5264928,16129.729,10090.826,0,235.879,0,20.989,3236,3858,1.950,1.520,0.870,2,0,0,0,0,11,32,0,17,0
14-01 14:28:27,11.764,18.272,69.083,0,0,1400336,1085620,176792,5265084,7422.926,1621.950,0,192.231,0,11.013,5605,4203,1.950,1.520,0.870,2,0,420.506,0,0,11,32,0,17,0
14-01 14:28:28,42.381,18.808,38.118,0.502,0,1470156,1015588,176816,5265272,31068.844,1625.013,0,914.822,0,92.285,6298,4597,1.950,1.520,0.870,4,0,378.167,0,0,11,32,0,23,0
14-01 14:28:29,63.988,10.248,24.495,0.250,0,1630172,853968,176884,5266720,42267.757,1619.684,0,999.805,0,81.984,4134,1670,2.040,1.540,0.880,4,0,2.999,0,0,11,32,0,23,0
14-01 14:28:30,69.964,6.225,23.653,0,0,1790104,690504,177016,5269968,39445.894,1613.410,0,5684.782,0,147.398,4360,1802,2.040,1.540,0.880,5,0,5.976,0,0,11,32,0,23,0
14-01 14:28:31,46.196,8.536,35.400,9.038,0,1795296,673388,177160,5280936,18029.609,1518.452,0,63742.847,0,4606.574,22624,33111,2.040,1.540,0.880,4,0,186.794,0,0,11,38,0,23,0
14-01 14:28:32,29.996,9.999,42.994,14.248,0,1795612,661544,177228,5292016,7774.860,1661.756,0,113375.373,0,8128.808,35466,54128,2.040,1.540,0.880,1,1,236.965,0,0,11,38,0,23,0
14-01 14:28:33,45.018,8.753,31.012,12.755,0,1785668,662748,177296,5300428,10108.959,1566.613,0,84625.139,0,6417.513,33127,50854,2.040,1.540,0.880,3,1,166.065,0,0,11,38,0,23,0
14-01 14:28:34,41.224,13.242,31.230,13.242,0,1749052,688564,177376,5310724,9445.943,1618.962,0,81647.649,0,6159.051,27236,43356,2.120,1.570,0.890,13,0,232.851,0,0,11,36,0,23,0
14-01 14:28:35,45.601,9.967,30.401,11.213,0,1795620,630320,177404,5321956,7633.054,1614.723,0,79392.529,0,5348.520,21824,35593,2.120,1.570,0.890,2,1,0,0,0,11,36,0,23,0
14-01 14:28:36,43.339,9.269,34.070,12.275,0,1818244,601932,177420,5327480,10854.258,1623.329,0,84473.224,0,6287.894,27161,43247,2.120,1.570,0.890,4,0,71.146,0,0,11,38,0,23,0
14-01 14:28:37,39.279,8.506,41.780,8.506,0,1687248,730648,177436,5329680,9300.753,1621.177,0,56288.871,0,4319.136,20882,30453,2.120,1.570,0.890,4,0,138.100,0,0,11,32,0,23,0
14-01 14:28:38,20.953,11.225,66.601,0.249,0,1465740,952120,177436,5329716,6447.538,1658.280,0,1827.900,0,103.767,3885,3199,2.120,1.570,0.890,2,0,249.440,0,0,11,32,0,23,0
14-01 14:28:39,22.965,2.746,73.139,0.250,0,1526276,891584,177436,5329716,9697.261,1509.705,0,1050.404,0,59.909,2056,1640,2.030,1.560,0.890,2,0,0,0,0,11,32,0,23,0
14-01 14:28:40,23.763,2.751,72.039,0.750,0,1548228,869620,177436,5329724,9275.004,1620.874,0,6339.420,0,363.196,3090,3304,2.030,1.560,0.890,2,0,2.001,0,0,11,34,0,23,0
14-01 14:28:41,21.500,4.750,73.249,0,0,1531264,886452,177436,5329856,12339.798,1619.974,0,135.998,0,8.000,2243,1520,2.030,1.560,0.890,2,0,28.000,0,0,11,32,0,23,0
14-01 14:28:42,23.240,2.499,73.718,0,0,1578052,839664,177436,5329856,11762.826,1619.288,0,31.986,0,3.998,1873,1303,2.030,1.560,0.890,2,0,1.999,0,0,11,32,0,23,0
14-01 14:28:43,18.841,16.580,63.809,0.251,0,1506284,911420,177440,5329864,7685.235,1573.624,0,578.804,0,51.248,4712,4219,2.030,1.560,0.890,3,0,449.176,0,0,11,32,0,23,0
14-01 14:28:44,12.003,33.508,53.512,0,0,1509828,907788,177440,5329932,11534.588,1620.364,0,236.053,0,23.005,7807,6882,1.860,1.530,0.890,3,0,976.219,0,0,11,32,0,23,0
14-01 14:28:45,8.471,20.680,69.266,0,0,1503312,914228,177440,5330008,8728.564,1614.555,0,362.777,0,15.946,6155,4565,1.860,1.530,0.890,3,0,465.430,0,0,11,32,0,23,0
14-01 14:28:46,8.761,21.528,69.340,0,0,1460136,957356,177440,5330048,10043.986,1622.097,0,364.471,0,78.101,6127,4552,1.860,1.530,0.890,4,0,404.523,0,0,11,32,0,23,0
14-01 14:28:47,15.770,18.524,63.832,0,0,1442360,975072,177440,5330420,8982.472,1622.072,0,20.026,0,5.006,6639,6877,1.860,1.530,0.890,2,0,327.418,0,0,11,32,0,23,0
14-01 14:28:48,37.261,11.427,50.924,0,0,1450092,967344,177448,5330528,9692.896,1502.374,0,55.643,0,2.981,3736,2500,1.860,1.530,0.890,3,0,130.166,0,0,11,33,0,23,0
14-01 14:28:49,43.500,7.000,48.750,0,0,1553132,864196,177448,5330640,8540.928,1619.986,0,8.000,0,2.000,2731,1291,1.870,1.540,0.890,3,0,0,0,0,11,33,0,23,0
14-01 14:28:50,45.899,5.016,47.906,0,0,1615296,801340,177492,5331148,6014.553,1625.284,0,890.896,0,66.215,3870,3030,1.870,1.540,0.890,3,0,19.062,0,0,11,49,0,23,0
14-01 14:28:51,29.616,13.051,56.723,0.502,0,1638956,773804,177524,5334668,6332.894,1626.393,0,4835.006,0,354.393,6015,8244,1.870,1.540,0.890,2,0,195.770,0,0,11,48,0,24,0
14-01 14:28:52,18.481,15.484,64.935,0,0,1650128,762548,177524,5334700,9061.890,1564.427,0,147.851,0,9.990,5833,6328,1.870,1.540,0.890,4,0,273.725,0,0,11,48,0,24,0
14-01 14:28:53,1.744,1.744,95.155,0,0,1658664,754024,177524,5334692,7839.551,1614.143,0,362.684,0,26.902,1409,1814,1.870,1.540,0.890,1,0,25.906,0,0,11,48,0,24,0
14-01 14:28:54,0.500,1.499,97.201,0,0,1658652,754024,177524,5334696,9298.323,1619.185,0,35.982,0,3.998,910,1039,1.800,1.530,0.900,1,0,8.995,0,0,11,48,0,24,0
14-01 14:28:55,0.749,0.500,97.912,0.250,0,1658652,754024,177524,5334696,8021.798,1660.509,0,11.989,0,3.996,808,1050,1.800,1.530,0.900,1,0,3.996,0,0,11,48,0,24,0
14-01 14:28:56,0.501,0.250,98.160,0,0,1658652,754024,177524,5334696,8978.672,1514.475,0,0,0,0,696,928,1.800,1.530,0.900,1,0,1.002,0,0,11,48,0,24,0
14-01 14:28:57,10.754,9.753,78.527,0,0,1656384,756320,177524,5335048,9237.202,1620.562,0,0,0,0,4044,4287,1.800,1.530,0.900,2,0,200.069,0,0,11,48,0,24,0
14-01 14:28:58,14.748,13.248,70.491,0,0,1659272,753428,177524,5334704,7399.005,1619.782,0,1231.834,0,73.990,5186,6009,1.800,1.530,0.900,2,0,243.967,0,0,11,48,0,24,0
14-01 14:28:59,15.737,18.485,64.448,0,0,1666780,745824,177524,5334768,44615.764,1856.492,0,3.997,0,0.999,5783,5723,1.900,1.560,0.910,1,0,356.710,0,0,12,48,0,24,0
14-01 14:29:00,16.240,12.742,69.206,0.250,0,1657472,755092,177524,5334760,43570.541,1565.014,0,599.622,0,40.974,5258,6561,1.900,1.560,0.910,1,0,257.838,0,0,12,64,0,17,0
14-01 14:29:01,6.530,11.803,81.117,0,0,1670304,742112,177524,5335252,7766.128,1627.361,0,4.018,0,1.005,4359,5044,1.900,1.560,0.910,2,0,204.927,0,0,14,64,0,17,0
14-01 14:29:02,17.758,11.255,69.783,0,0,1656204,756156,177524,5334944,9384.430,1620.765,0,36.017,0,8.004,4562,4816,1.900,1.560,0.910,3,0,201.095,0,0,14,66,0,17,0
14-01 14:29:03,9.494,19.738,69.208,0.250,0,1645296,767020,177524,5334980,9407.247,1619.010,0,2426.516,0,42.974,6292,5041,1.900,1.560,0.910,2,0,424.740,0,0,14,66,0,17,0
14-01 14:29:04,17.488,16.988,64.706,0,0,1642744,769548,177524,5335448,9242.653,1660.859,0,31.978,0,7.995,6791,8041,1.830,1.550,0.910,2,0,299.794,0,0,14,66,0,17,0
14-01 14:29:05,27.989,22.241,49.231,0,0,1714592,697664,177536,5335032,7469.049,1581.375,0,299.882,0,6.997,6519,5791,1.830,1.550,0.910,6,0,496.804,0,0,14,66,0,16,0
14-01 14:29:06,31.685,23.202,44.159,0,0,1773112,638108,177592,5335948,5937.803,1616.679,0,123.746,0,6.986,6999,7094,1.830,1.550,0.910,2,0,564.840,0,0,14,66,0,16,0
14-01 14:29:07,32.973,22.981,42.715,0,0,1898672,511844,177612,5337000,9578.056,1618.658,0,35.970,0,8.993,6425,6926,1.830,1.550,0.910,2,0,398.669,0,0,14,70,0,18,0
14-01 14:29:08,56.441,23.226,20.479,0,0,2034468,376012,177620,5336808,8972.637,1660.268,0,691.279,0,6.993,5449,5373,1.830,1.550,0.910,6,0,401.581,0,0,14,70,0,18,0
14-01 14:29:09,66.652,23.052,9.772,0,0,2147780,261900,177636,5338104,6187.090,1753.994,0,56.128,0,9.021,5983,6811,1.920,1.570,0.920,3,0,483.100,0,0,14,70,0,18,0
14-01 14:29:10,66.229,20.743,12.496,0,0,2235376,173504,177696,5338432,11020.467,1619.481,0,1271.592,0,48.984,5442,5844,1.920,1.570,0.920,5,0,337.892,0,0,14,70,0,18,0
14-01 14:29:11,73.050,23.346,2.510,1.255,0,2345780,144480,166656,5270080,7417.415,1626.670,514.108,1345.517,60.247,73.301,5705,6348,1.920,1.570,0.920,4,1,382.569,0,0,14,74,0,18,0
14-01 14:29:12,66.113,23.950,4.740,4.241,0,2471268,145752,165004,5147812,9611.043,1616.643,958.011,28576.662,60.874,1801.260,13440,19049,1.920,1.570,0.920,8,0,266.447,0,0,14,74,0,18,0
14-01 14:29:13,68.327,26.834,3.230,1.242,0,2569032,195648,165084,5003764,8763.702,1610.025,417.414,18608.704,34.784,1729.286,15073,24371,1.920,1.570,0.920,16,0,455.180,0,0,14,76,0,17,0
14-01 14:29:14,72.708,21.888,4.529,0.252,0,2646408,166420,164836,4956400,5434.209,1521.578,197.242,1594.035,22.139,63.399,9694,17461,2.170,1.630,0.940,6,0,252.590,0,0,14,87,0,24,0
14-01 14:29:15,57.335,24.787,17.275,1.001,0,2775956,183272,164804,4813456,10942.151,1622.395,821.212,1177.738,48.071,61.090,7140,7239,2.170,1.630,0.940,4,0,537.794,0,0,14,93,0,27,0
14-01 14:29:16,45.880,23.190,28.426,0.748,0,2863288,162952,164808,4748244,7388.732,1615.786,51.865,13524.731,5.984,545.577,10583,16092,2.170,1.630,0.940,13,0,396.965,0,0,14,93,0,27,0
14-01 14:29:17,63.915,16.229,18.725,1.498,0,2985136,174284,164812,4617828,9027.059,1617.860,2053.284,950.742,26.964,45.939,6397,21635,2.170,1.630,0.940,5,0,170.774,0,0,14,94,0,26,0
14-01 14:29:18,41.542,10.260,46.797,1.001,0,3062036,163776,164832,4552808,7215.209,1567.566,280.280,4060.056,10.010,214.214,4792,4125,2.170,1.630,0.940,3,0,77.077,0,0,14,101,0,29,0
14-01 14:29:19,7.763,20.033,70.117,0.250,0,3075816,149960,164832,4552844,12086.103,1712.849,0,953.586,0,59.098,5987,4576,2,1.600,0.940,2,0,367.611,0,0,14,101,0,29,0
14-01 14:29:20,7.755,19.011,71.542,0,0,3095012,130732,164832,4552876,9327.496,1620.955,0,64.038,0,7.004,5790,4245,2,1.600,0.940,2,0,350.206,0,0,14,101,0,29,0
14-01 14:29:21,13.714,14.462,71.062,0,0,3119208,174000,164832,4486844,6764.089,1615.722,0,107.715,0,9.974,4083,2990,2,1.600,0.940,2,0,201.467,0,0,14,101,0,27,0
14-01 14:29:22,17.463,2.495,78.332,0.249,0,3153928,139252,164832,4486872,11717.863,7328.279,23.949,0,1.996,0,1839,1512,2,1.600,0.940,2,0,0,0,0,14,102,0,27,0
14-01 14:29:23,20.116,5.532,74.427,0,0,3124172,168996,164832,4486884,26863.297,18260.886,8.046,390.241,2.012,27.156,3140,2831,2,1.600,0.940,2,0,64.370,0,0,14,105,0,28,0
14-01 14:29:24,20.641,2.487,75.601,0,0,3175648,183272,164832,4422656,8951.715,3571.136,3.979,51.727,0.995,4.974,1809,1299,1.910,1.590,0.940,1,0,0,0,0,14,106,0,28,0
14-01 14:29:25,19.231,2.747,76.674,0.500,0,3173152,185752,164840,4422668,13740.389,6129.928,11.988,551.454,2.997,58.942,2858,3012,1.910,1.590,0.940,2,0,4.995,0,0,14,116,0,26,0
14-01 14:29:26,24.020,4.504,68.307,1.251,0,3169384,188660,164844,4423492,7375.165,1621.355,472.395,1733.449,26.022,213.178,5424,7657,1.910,1.590,0.940,5,0,2.002,0,0,14,117,0,26,0
14-01 14:29:27,22.003,8.501,68.258,0.500,0,3137592,220228,164844,4423716,11744.421,2709.328,32.004,1336.162,2.000,110.013,4285,4170,1.910,1.590,0.940,3,0,112.014,0,0,14,118,0,28,0
14-01 14:29:28,30.492,5.499,62.234,0.250,0,3240600,182992,164844,4359532,10516.251,3589.062,47.987,5062.676,3.999,434.886,3950,2629,1.910,1.590,0.940,1,0,4.999,0,0,14,125,0,28,0
14-01 14:29:29,21.485,2.748,74.449,0.500,0,3243820,179716,164844,4359588,47295.351,6142.759,0,2022.604,0,103.928,2753,2762,1.840,1.580,0.940,3,0,0.999,0,0,14,125,0,21,0
14-01 14:29:30,24.223,5.744,68.424,0.749,0,3268868,154516,164848,4359736,45399.625,4859.608,3.996,1522.311,0.999,158.824,5002,6545,1.840,1.580,0.940,4,0,5.993,0,0,14,128,0,22,0
14-01 14:29:31,40.473,11.243,47.468,0,0,3323348,162952,164724,4298304,9439.722,1510.995,0,567.622,0,36.975,3638,2491,1.840,1.580,0.940,3,0,95.936,0,0,14,128,0,22,0
14-01 14:29:32,30.057,4.008,65.123,0.250,0,3369868,180400,164724,4236168,32392.016,23901.022,180.340,364.687,1.002,20.038,2535,1610,1.840,1.580,0.940,2,0,0,0,0,14,128,0,22,1
14-01 14:29:33,20.597,6.279,72.340,0.251,0,3416828,133412,164724,4236180,9608.105,1693.952,8.038,7989.506,2.009,351.651,3285,2342,1.840,1.580,0.940,3,0,55.259,0,0,14,128,0,23,0
14-01 14:29:34,17.435,2.491,78.958,0.249,0,3368460,244796,164724,4174760,30577.779,23833.750,0,2363.250,0,274.982,2466,1555,1.770,1.570,0.940,2,0,0,0,0,14,128,0,23,1
14-01 14:29:35,19.754,6.501,73.014,0,0,3346952,266296,164724,4174768,9459.806,1632.312,0,0,0,0,2473,1716,1.770,1.570,0.940,2,0,52.010,0,0,14,128,0,24,0
14-01 14:29:36,15.795,2.507,80.980,0,0,3359972,253080,164724,4174964,15428.739,8259.414,12.034,72.205,3.009,4.011,1935,1663,1.770,1.570,0.940,2,0,0,0,0,14,129,0,24,0
14-01 14:29:37,19.176,7.969,71.225,1.245,0,3313524,299436,164728,4175068,8809.938,2757.339,47.815,2127.773,5.977,177.314,4044,4259,1.770,1.570,0.940,2,0,81.684,0,0,14,128,0,25,0
14-01 14:29:38,23.772,3.253,70.815,0,0,3361552,251372,164728,4175104,15545.175,7350.703,0,392.358,0,35.032,5660,8938,1.770,1.570,0.940,2,0,30.027,0,0,14,137,0,29,0
14-01 14:29:39,19.245,6.248,73.981,0,0,3320184,292704,164728,4175140,23960.874,18301.321,0,131.966,0,8.998,2593,1897,1.710,1.560,0.940,2,0,54.986,0,0,14,136,0,30,0
14-01 14:29:40,18.742,2.249,77.968,0.250,0,3362968,249904,164728,4175156,12179.045,7233.057,3.998,75.969,1.000,6.997,2004,1631,1.710,1.560,0.940,2,0,0,0,0,14,137,0,30,0
14-01 14:29:41,21.440,4.487,71.549,0.997,0,3368172,244360,164736,4175488,9492.279,2552.814,71.798,4714.728,6.980,357.992,6222,8794,1.710,1.560,0.940,2,0,0.997,0,0,14,138,0,30,0
14-01 14:29:42,21.315,6.520,69.212,1.254,0,3375340,237168,164736,4175512,10164.194,2868.804,0,5428.661,0,344.056,5209,6348,1.710,1.560,0.940,2,0,53.163,0,0,14,137,0,32,0
14-01 14:29:43,18.351,2.262,79.439,0,0,3400524,211980,164736,4175516,12995.748,7195.727,0,418.309,0,20.111,1853,1397,1.710,1.560,0.940,2,0,0,0,0,14,138,0,32,0
14-01 14:29:44,18.164,3.732,76.141,0.498,0,3405700,206716,164740,4175600,19823.655,6089.327,15.925,3997.178,0.995,175.175,3589,4037,1.570,1.530,0.930,2,0,0.995,0,0,14,138,0,32,0
14-01 14:29:45,29.350,5.519,63.718,1.003,0,3409652,202684,164740,4175680,8748.880,2427.290,0,1380.716,0,147.504,6007,8621,1.570,1.530,0.930,3,0,2.007,0,0,14,139,0,32,1
14-01 14:29:46,25.082,6.457,66.802,0.248,0,3389816,222496,164740,4175704,9845.967,1674.768,0,560.243,0,42.714,3325,3471,1.570,1.530,0.930,2,0,68.540,0,0,14,139,0,33,0
14-01 14:29:47,16.012,2.001,81.060,0,0,3407908,204392,164740,4175716,16722.413,9766.249,0,332.247,0,18.013,1830,1540,1.570,1.530,0.930,1,0,0,0,0,14,140,0,33,0
14-01 14:29:48,16.106,9.060,71.721,1.258,0,3399076,213128,164744,4175808,8537.097,3203.047,48.317,4115.040,3.020,317.084,5202,5962,1.570,1.530,0.930,2,0,147.972,0,0,14,141,0,34,0
14-01 14:29:49,19.138,2.734,77.298,0,0,3444692,167508,164744,4175812,13631.235,3877.311,0,83.511,0,6.959,1861,1376,1.530,1.530,0.930,2,0,0,0,0,14,142,0,34,0
14-01 14:29:50,18.040,2.004,79.424,0,0,3440080,171972,164752,4175952,19074.867,10824.759,4.009,148.326,1.002,16.035,2786,2901,1.530,1.530,0.930,5,0,0,0,0,14,142,0,34,0
14-01 14:29:51,26.203,6.239,64.883,0.998,0.250,3431956,180008,164752,4176040,11614.082,1617.088,31.942,1125.972,1.996,129.766,6527,8911,1.530,1.530,0.930,2,0,0,0,0,14,142,0,34,0
14-01 14:29:52,44.744,16.088,37.455,0.754,0,3388724,222988,164756,4176256,11473.672,3567.486,52.286,6676.468,4.022,458.504,13156,19935,1.530,1.530,0.930,3,0,290.587,0,0,14,143,0,35,0
14-01 14:29:53,27.107,4.228,67.892,0.249,0,3444888,166792,164756,4176256,8799.554,1786.570,0,3063.828,0,335.231,3158,2364,1.530,1.530,0.930,2,0,0,0,0,14,143,0,35,0
14-01 14:29:54,16.296,5.766,77.219,0,0,3412396,199264,164756,4176276,17975.073,9223.206,0,328.935,0,15.043,2868,2247,1.490,1.520,0.930,4,0,71.202,0,0,14,143,0,35,0
14-01 14:29:55,9.263,19.778,69.349,0.250,0,3380012,231468,164756,4176440,8186.738,1622.326,0,709.017,0,32.046,6131,4830,1.490,1.520,0.930,3,0,393.564,0,0,14,143,0,35,0
14-01 14:29:56,15.996,18.996,63.735,0,0,3351808,259656,164760,4176804,11454.356,1619.626,0,403.907,0,19.995,6334,6480,1.490,1.520,0.930,2,0,312.928,0,0,14,143,0,35,0
14-01 14:29:57,27.746,18.997,52.742,0,0,3396384,215032,164764,4176500,9463.606,1511.777,0,1303.808,0,74.989,5739,4891,1.490,1.520,0.930,4,0,379.944,0,0,14,143,0,35,0
14-01 14:29:58,36.122,20.178,42.350,0.249,0,3456280,154776,164776,4177180,9629.829,1614.272,27.901,267.052,2.989,22.919,6702,6907,1.490,1.520,0.930,3,0,433.462,0,0,14,146,0,35,0
14-01 14:29:59,35.683,18.093,45.985,0,0.503,3518308,154468,164780,4116840,44003.254,1698.696,4.021,422.161,1.005,32.165,6564,7128,1.610,1.540,0.950,6,0,317.626,0,0,16,149,0,35,0
14-01 14:30:00,58.374,27.191,13.970,0,0,3658060,133012,164788,4001756,38688.345,1562.621,115.750,642.610,9.978,48.894,9412,12897,1.610,1.540,0.950,5,0,553.803,0,0,16,155,0,35,0
14-01 14:30:01,61.076,19.024,19.024,0.751,0,3748728,131240,164564,3914156,7870.813,1622.022,88.110,500.624,11.014,38.047,7959,13026,1.610,1.540,0.950,3,0,258.322,0,0,16,171,0,35,0
14-01 14:30:02,35.767,23.011,39.518,0.250,0,3811540,164908,164560,3818444,9512.431,1710.797,4.002,984.459,1.000,41.019,7611,5785,1.610,1.540,0.950,3,0,545.254,0,0,16,171,0,35,0
14-01 14:30:03,23.925,22.928,52.336,0,0,3840432,135920,164560,3818524,7447.642,1614.935,7.975,235.262,1.994,14.953,6428,5358,1.610,1.540,0.950,2,0,461.552,0,0,17,171,0,35,0
14-01 14:30:04,22.507,15.755,60.270,0,0,3849012,171768,164560,3774944,9770.250,1620.539,4.001,272.091,1.000,17.006,5804,6290,1.560,1.530,0.950,3,0,229.076,0,0,17,171,0,35,0
14-01 14:30:05,30.838,23.818,44.879,0.251,0,3911308,162184,164320,3723288,7868.556,1624.657,8.023,637.828,2.006,23.066,6870,5960,1.560,1.530,0.950,2,0,501.437,0,0,17,171,0,35,0
14-01 14:30:06,44.151,17.960,36.668,0.249,0,3995352,132164,164336,3670544,10660.114,1508.620,19.955,598.659,3.991,29.933,6274,10761,1.560,1.530,0.950,7,0,237.468,0,0,17,183,0,35,0
14-01 14:30:07,30.825,25.311,42.353,0.501,0,4061732,142224,164336,3596020,7716.711,1623.938,176.428,2518.106,4.010,28.068,7397,7553,1.560,1.530,0.950,5,0,595.444,0,0,17,183,0,35,0
14-01 14:30:08,32.497,25.998,40.996,0,0,4142436,182384,164336,3477696,24230.833,1731.845,23.998,535.952,5.999,42.996,8627,10573,1.560,1.530,0.950,2,0,601.946,0,0,17,189,0,35,0
14-01 14:30:09,10.956,22.658,64.240,0.249,0,4153572,171392,164336,3478172,10959.640,1559.687,3.984,5350.344,0.996,594.593,8055,6730,1.590,1.540,0.950,2,0,396.396,0,0,17,195,0,35,0
14-01 14:30:10,25.975,12.987,59.192,0.250,0,4188908,136016,164336,3477728,23244.348,1798.248,7.992,1266.766,1.998,121.881,5766,5983,1.590,1.540,0.950,3,0,190.814,0,0,17,195,0,33,0
14-01 14:30:11,46.950,7.242,45.202,0.250,0,4309708,130264,164336,3364836,20779.869,1618.276,3.996,387.587,0.999,39.957,3647,2284,1.590,1.540,0.950,3,0,8.990,0,0,17,211,0,33,0
14-01 14:30:12,43.839,9.018,46.094,1.002,0,4417104,163956,164336,3226196,8809.930,1623.304,100.204,316.644,10.020,27.055,3557,2259,1.590,1.540,0.950,4,0,7.014,0,0,17,213,0,33,0
14-01 14:30:13,29.124,15.064,53.980,0.753,0,4337508,243600,164344,3226320,28113.756,1803.683,168.719,349.489,8.034,21.090,5491,4933,1.590,1.540,0.950,4,0,332.416,0,0,17,215,0,33,0
14-01 14:30:14,32.741,24.493,40.739,1.000,0,4381972,196644,164348,3228760,12709.551,3589.026,1187.678,9457.434,12.996,586.841,9445,10060,1.790,1.580,0.970,4,0,522.858,0,0,17,218,0,27,0
14-01 14:30:15,41.691,19.972,35.450,1.748,0,4418740,157788,164352,3230992,14825.122,8315.290,1238.256,726.976,22.968,48.931,7209,9237,1.790,1.580,0.970,3,0,283.601,0,0,17,223,0,28,0
14-01 14:30:16,71.654,19.041,8.268,1.002,0,4513688,152448,164364,3143420,20343.673,1623.485,589.265,1074.306,15.032,25.054,5708,4955,1.790,1.580,0.970,4,1,156.336,0,0,17,230,0,28,2
14-01 14:30:17,61.216,14.242,18.740,5.497,0,4611916,159848,164392,3039844,18180.877,11501.596,2294.722,1031.426,93.948,39.978,5738,13110,1.790,1.580,0.970,1,2,55.969,0,0,17,235,0,29,2
14-01 14:30:18,60.435,11.238,18.730,8.741,0,4613792,189280,164452,3009472,11303.777,2725.053,5462.094,1949.892,413.553,128.861,7142,9210,1.790,1.580,0.970,7,0,49.946,0,0,17,237,0,26,2
14-01 14:30:19,32.546,25.036,41.058,0,0,4660268,141104,164456,3011212,18082.683,7354.446,0,276.393,0,20.028,7611,7626,2.040,1.640,0.990,4,0,529.752,0,0,17,238,0,26,2
14-01 14:30:20,38.510,19.255,41.260,0.250,0,4592756,243908,164464,2977484,16430.088,6875.711,84.021,9126.271,4.001,67.017,8103,10236,2.040,1.640,0.990,4,0,243.060,0,0,17,239,0,27,0
14-01 14:30:21,59.344,26.680,13.714,0.499,0,4718644,151728,164464,2944616,8262.275,1857.117,207.455,307.192,3.990,15.958,6909,7043,2.040,1.640,0.990,3,0,510.657,0,0,17,239,1,27,0
14-01 14:30:22,51.877,20.801,24.811,1.002,0,4757936,149480,164480,2908616,24929.198,12121.758,1130.776,1002.461,53.130,69.170,7781,9934,2.040,1.640,0.990,5,0,303.746,0,0,17,246,0,28,0
14-01 14:30:23,60.973,25.989,13.244,0,0,4800344,145984,164488,2870756,11312.022,1907.161,63.972,2342.969,5.997,42.981,7796,11372,2.040,1.640,0.990,5,0,473.792,0,0,17,247,0,29,0
14-01 14:30:24,56.648,21.119,18.883,2.236,0,4868736,132752,164496,2817400,12825.415,9374.827,552.571,759.288,32.796,40.747,8316,13421,2.200,1.680,1.010,3,1,350.823,0,0,17,252,0,30,0
14-01 14:30:25,57.324,18.612,22.334,0.744,0,4888516,138860,164496,2791940,12172.547,4576.989,464.548,639.250,9.926,51.616,6346,7602,2.200,1.680,1.010,7,0,193.562,0,0,17,255,0,31,0
14-01 14:30:26,61.554,11.652,26.851,0,0,5011140,131516,164500,2678412,19733.696,13323.994,518.775,660.627,10.132,21.278,6820,12317,2.200,1.680,1.010,4,0,3.040,0,0,17,261,0,30,0
14-01 14:30:27,53.060,9.918,31.737,4.711,0,5014812,192304,164504,2615016,16595.491,8910.171,1384.528,2947.577,100.170,208.274,7008,8310,2.200,1.680,1.010,3,0,18.844,0,0,17,264,0,36,0
14-01 14:30:28,57.444,16.125,26.203,0.504,0,5033072,173776,164532,2615272,9973.110,2883.293,1144.852,898.950,18.140,51.397,5920,4889,2.200,1.680,1.010,3,0,205.590,0,0,17,267,1,37,0
14-01 14:30:29,40.731,27.737,26.488,4.248,0,4986576,216084,164796,2619112,53093.950,12250.220,4142.046,1674.210,70.967,86.959,9106,11155,2.350,1.720,1.020,4,0,509.759,0,0,17,267,0,38,0
14-01 14:30:30,57.847,20.695,21.194,0,0,5061676,140732,164800,2619288,42707.188,1615.732,1041.250,945.502,9.974,38.897,6478,7518,2.350,1.720,1.020,7,0,255.326,0,0,17,269,0,38,0
14-01 14:30:31,69.877,15.278,11.771,1.503,0,5139096,153780,164528,2531528,18383.444,11617.134,1146.085,789.436,62.113,32.058,5626,4715,2.350,1.720,1.020,9,0,162.295,0,0,18,277,0,35,0
14-01 14:30:32,79.462,13.906,1.490,5.463,0,5213376,136580,164536,2475800,7804.164,2601.388,3881.720,2427.565,210.574,246.332,7887,8266,2.350,1.720,1.020,6,0,17.879,0,0,18,276,0,36,0
14-01 14:30:33,73.860,13.360,10.083,2.269,0.252,5286140,128664,164552,2412876,15307.450,7792.370,939.763,1568.961,31.258,122.008,7865,8248,2.350,1.720,1.020,4,0,107.891,0,0,18,281,0,37,0
14-01 14:30:34,36.241,12.997,49.988,0,0,5261520,185096,164556,2381812,14600.421,7486.165,803.803,731.821,8.998,52.987,4948,4506,2.320,1.720,1.030,4,0,128.968,0,0,18,283,0,38,0
14-01 14:30:35,38.648,7.928,52.273,0,0,5320484,126068,164568,2381868,27486.374,9555.868,515.301,13885.390,5.946,555.931,4491,2758,2.320,1.720,1.030,3,0,8.919,0,0,18,287,0,36,0
14-01 14:30:36,36.991,9.562,51.334,0.252,0,5241320,228052,164568,2359948,9292932.893,64214.705,821.343,1119.281,9.059,53.347,7749,5624,2.320,1.720,1.030,7,0,14.092,0,0,18,288,0,37,0
14-01 14:30:37,44.491,15.997,36.243,2.250,0,5295064,164512,164572,2369708,7350975.766,34146.947,2807.420,631.869,31.993,48.990,7447,4994,2.320,1.720,1.030,3,0,262.946,0,0,18,292,0,37,0
14-01 14:30:38,33.447,5.242,60.654,0.250,0,5337168,122356,164572,2369760,20229.961,13362.837,0,611.032,0,58.907,3737,3600,2.320,1.720,1.030,2,0,0.998,0,0,18,294,0,39,0
14-01 14:30:39,37.440,5.779,55.281,0.251,0,5329628,129868,164572,2369792,14321.774,9396.748,0,2770.076,0,43.220,4004,4232,2.210,1.710,1.030,3,0,5.026,0,0,18,299,0,35,0
14-01 14:30:40,22.360,4.224,70.061,0.994,0,5343912,136372,164572,2349652,418757.006,16302038.908,556.514,13690.248,32.795,843.715,6216,4443,2.210,1.710,1.030,3,0,0.994,0,0,18,299,0,36,0
14-01 14:30:41,8.250,3.000,86.745,0.250,0,5275640,204644,164580,2349660,12686.296,4339.759,8.000,6495.640,2.000,245.986,2904,2921,2.210,1.710,1.030,1,0,36.998,0,0,18,297,0,37,0
14-01 14:30:42,2.247,0.749,95.626,0.250,0,5275636,204644,164580,2349664,8710.712,1617.903,0,479.379,0,29.961,1444,1875,2.210,1.710,1.030,1,0,0,0,0,18,297,0,37,0
14-01 14:30:43,15.281,2.505,79.912,0.251,0,5280004,200188,164592,2349744,7974401.554,28902.420,20.041,1927.897,2.004,132.267,6377,6921,2.210,1.710,1.030,3,0,2.004,0,0,18,305,0,34,0
14-01 14:30:44,15.804,12.041,69.487,1.254,0,5199756,264296,164596,2365832,8596366.541,83349.191,64.219,1412.817,4.014,107.366,8358,8346,2.190,1.710,1.030,1,1,221.756,0,0,18,301,0,37,0
14-01 14:30:45,17.625,10.178,70.502,0.248,0,5253032,210932,164596,2365920,10617.941,1608.629,27.803,309.810,1.986,24.825,4227,4212,2.190,1.710,1.030,2,0,245.266,0,0,18,301,0,37,0
14-01 14:30:46,17.352,10.562,70.918,0,0,5261700,202232,164604,2365944,10109.523,1671.843,4.024,28290.569,1.006,94.557,4205,3206,2.190,1.710,1.030,2,0,156.924,0,0,18,303,0,37,0
14-01 14:30:47,8.515,20.035,69.373,0.501,0,5266540,197324,164604,2366012,7628.512,1622.875,16.028,236.419,1.002,20.035,6493,5457,2.190,1.710,1.030,2,0,410.728,0,0,18,303,0,36,0
14-01 14:30:48,3.729,5.469,89.487,0.249,0,5252092,211744,164604,2366040,9063.015,1610.761,15.909,119.316,0.994,9.943,2576,2473,2.190,1.710,1.030,1,0,103.407,0,0,18,303,0,36,0
14-01 14:30:49,16.028,4.258,78.389,0,0,5295732,168104,164604,2366040,7369.073,1622.879,0,8.014,0,2.004,2175,2005,2.100,1.700,1.030,2,0,9.016,0,0,18,303,0,36,0
14-01 14:30:50,18.470,2.746,78.124,0,0,5312168,151668,164604,2366040,15628.861,9552.635,79.872,147.762,4.992,11.981,2426,2292,2.100,1.700,1.030,3,0,0,0,0,18,305,0,36,0
14-01 14:30:51,14.566,13.310,70.570,0.502,0,5293540,169920,164608,2366396,10306.722,2631.931,76.346,116.528,7.032,12.055,5065,4313,2.100,1.700,1.030,4,0,192.874,0,0,18,307,0,36,0
14-01 14:30:52,12.030,16.040,70.427,0.251,0,5285732,177556,164608,2366552,6516.374,1461.673,4.010,52.131,1.003,4.010,5406,4114,2.100,1.700,1.030,2,0,202.509,0,0,18,307,0,36,0
14-01 14:30:53,15.663,13.177,69.365,0,0,5315124,147920,164608,2366780,9961.752,1611.065,19.890,194.919,1.989,26.851,5525,4641,2.100,1.700,1.030,3,0,206.853,0,0,18,309,0,36,0
14-01 14:30:54,24.181,5.734,69.303,0.249,0,5277480,210920,164608,2342480,7410.958,1615.413,0,283.196,0,29.915,2700,2249,2.010,1.690,1.030,3,0,7.977,0,0,18,311,0,36,0
14-01 14:30:55,24.521,2.502,71.061,1.001,0,5331992,156040,164612,2342844,6867.891,1621.391,384.330,356.306,13.011,39.033,2964,2673,2.010,1.690,1.030,2,0,5.004,0,0,18,315,0,34,0
14-01 14:30:56,24.536,2.754,71.604,0.250,0,5286924,201056,164612,2342896,8898.939,1622.359,20.029,568.827,4.006,33.048,2585,2238,2.010,1.690,1.030,2,0,5.007,0,0,18,311,0,34,0
14-01 14:30:57,23.434,3.989,71.300,0,0,5349464,138456,164612,2342956,7911.846,1615.477,47.866,0,1.994,0,2457,2023,2.010,1.690,1.030,4,0,0.997,0,0,18,311,0,34,0
14-01 14:30:58,12.526,2.505,84.673,0,0,5358268,129516,164612,2343092,18459.656,14860.313,0,0,0,0,2218,2286,2.010,1.690,1.030,1,0,2.004,0,0,18,314,0,35,0
14-01 14:30:59,21.279,4.756,71.846,0.751,0,5317904,169864,164612,2343108,50816.132,7268.746,0,2026.717,0,137.184,3473,3364,1.930,1.680,1.030,2,0,17.023,0,0,18,311,0,36,0
14-01 14:31:00,24.007,3.251,71.270,0,0,5348352,139404,164612,2343120,34376.805,1620.462,0,428.122,0,33.009,2557,2277,1.930,1.680,1.030,2,0,1.000,0,0,18,311,0,36,0
14-01 14:31:01,17.836,9.797,71.091,0.251,0,5320984,166616,164616,2343272,17236.683,1627.808,393.889,582.796,5.024,34.164,4178,3381,1.930,1.680,1.030,4,0,169.815,0,0,18,311,0,36,0
14-01 14:31:02,11.256,17.509,69.285,0.250,0,5308596,178824,164620,2343448,7487.790,1620.820,60.030,952.482,7.004,47.024,6112,5261,1.930,1.680,1.030,2,0,414.210,0,0,18,311,0,36,0
14-01 14:31:03,22.261,3.752,71.786,1.000,0,5330600,156580,164764,2343544,5728.853,1690.842,208.104,304.151,10.005,28.014,2793,2592,1.930,1.680,1.030,2,0,32.016,0,0,18,311,0,36,0
14-01 14:31:04,19.830,1.983,77.087,0.496,0,5292676,188472,165260,2348968,14741.284,3931.207,0,1185.807,0,36.685,2223,1891,1.850,1.670,1.030,2,0,0.991,0,0,18,311,0,36,0
14-01 14:31:05,22.046,3.758,72.652,0.251,0,5303972,175988,165340,2350060,8640.116,2117.440,0,3399.127,0,450.946,3051,2159,1.850,1.670,1.030,2,0,20.042,0,0,18,312,0,36,0
14-01 14:31:06,19.703,2.245,77.567,0.249,0,5316904,156584,165900,2355840,14938.738,4126.260,0,1037.551,0,19.953,2139,1887,1.850,1.670,1.030,2,0,0.998,0,0,18,311,0,36,0
14-01 14:31:07,22.771,5.755,68.814,0,0,5316488,156092,165948,2356684,8092.557,2114.975,228.213,228.213,12.011,5.005,10121,18573,1.850,1.670,1.030,3,0,15.014,0,0,18,312,0,36,0
14-01 14:31:08,19.517,4.004,74.565,0,0,5318580,153744,165992,2356896,15632.694,4169.653,16.014,552.484,3.003,12.011,10906,19704,1.850,1.670,1.030,3,0,10.009,0,0,18,312,0,36,0
14-01 14:31:09,22.401,5.227,71.933,0,0,5301908,170040,166036,2357220,6177.794,1612.897,0,593.387,0,14.934,2454,2008,1.790,1.660,1.030,6,0,10.952,0,0,18,312,0,36,0
14-01 14:31:10,14.781,13.779,70.149,0.501,0,5272536,211272,166108,2345412,8201.457,1892.027,0,649.382,0,27.058,4728,4281,1.790,1.660,1.030,3,0,264.563,0,0,18,311,0,36,0
14-01 14:31:11,24.658,2.013,72.465,0,0,5317260,166364,166108,2345596,6302.440,1630.462,0,1054.768,0,89.575,2284,1704,1.790,1.660,1.030,2,0,0,0,0,18,311,0,36,0
14-01 14:31:12,16.509,3.502,78.545,0,0,5318124,165456,166108,2345640,19771.333,11919.832,20.011,0,2.001,0,2752,2527,1.790,1.660,1.030,2,0,36.021,0,0,18,311,0,39,0
14-01 14:31:13,23.914,7.722,67.009,0.747,0,5349496,133808,166108,2345916,9675.195,1614.193,143.484,793.147,6.975,34.875,4686,6029,1.790,1.660,1.030,2,0,76.724,0,0,18,313,0,39,0
14-01 14:31:14,21.761,3.252,74.288,0,0,5262036,221224,166108,2345968,17461.862,10049.100,32.016,256.130,2.001,23.012,3207,3049,1.720,1.640,1.030,2,0,6.003,0,0,18,313,0,40,0
14-01 14:31:15,21.992,6.747,69.724,0.250,0,5317280,165972,166108,2345976,21597.969,1619.398,0,355.868,0,35.987,3639,3343,1.720,1.640,1.030,3,0,66.975,0,0,18,313,0,40,0
14-01 14:31:16,17.754,2.251,78.268,0.250,0,5336816,146424,166108,2345988,22294.182,14683.413,16.004,176.041,1.000,12.003,2610,2518,1.720,1.640,1.030,3,0,1.000,0,0,18,315,0,40,0
14-01 14:31:17,26.409,8.471,63.779,0,0,5302324,180884,166108,2346020,204338.052,1700.110,0,171.406,0,11.959,4995,10269,1.720,1.640,1.030,2,0,91.682,0,0,18,315,0,41,0
14-01 14:31:18,17.330,2.260,79.114,0,0,5316508,166560,166108,2346160,31371.307,11855.535,0,405.867,0,40.185,2596,2295,1.720,1.640,1.030,2,0,2.009,0,0,18,315,0,43,1
14-01 14:31:19,21.409,5.477,71.696,0,0,5332128,150940,166108,2346160,6138.987,1678.886,0,290.768,0,20.911,2673,2220,1.660,1.630,1.030,6,0,31.865,0,0,18,315,0,44,0
14-01 14:31:20,16.731,1.998,80.406,0,0,5345656,137408,166108,2346164,33939.513,9507.938,0,0,0,0,2318,1902,1.660,1.630,1.030,1,0,0,0,0,18,316,0,38,0
14-01 14:31:21,16.491,4.997,76.458,0.500,0,5333840,149208,166108,2346180,13430.683,4718.429,31.983,2122.843,1.999,311.830,3714,3399,1.660,1.630,1.030,2,0,46.974,0,0,18,315,0,39,0
14-01 14:31:22,19.588,2.762,76.846,0,0,5363528,150636,166108,2316268,15188.394,7300.876,0,60.271,0,7.032,2298,2086,1.660,1.630,1.030,2,0,0,0,0,18,316,0,39,0
14-01 14:31:23,20.763,5.003,72.545,0.250,0,5302324,211752,166108,2316356,27063.939,6146.847,80.050,232.145,4.003,25.016,3416,2967,1.660,1.630,1.030,2,0,32.020,0,0,18,315,0,42,0
14-01 14:31:24,19.976,2.247,76.909,0,0,5314504,199548,166108,2316380,15035.284,7335.357,0,223.736,0,20.975,2406,2208,1.610,1.620,1.030,2,0,0,0,0,18,316,0,38,0
14-01 14:31:25,15.558,3.764,79.046,0.502,0,5291772,222264,166108,2316396,12891.259,6837.597,0,441.653,0,44.165,3126,3272,1.610,1.620,1.030,2,0,50.188,0,0,18,315,0,39,0
14-01 14:31:26,22.164,5.728,71.222,0.249,0,5356600,157428,166108,2316404,12944.521,1613.707,0,195.239,0,12.950,2766,2332,1.610,1.620,1.030,5,0,38.849,0,0,18,317,0,39,0
14-01 14:31:27,18.298,3.259,77.202,0,0,5332424,181580,166108,2316428,32257.566,23984.878,0,176.463,0,11.029,2886,2536,1.610,1.620,1.030,4,0,31.081,0,0,18,317,0,41,0
14-01 14:31:28,21.688,4.737,72.045,0,0,5366356,147648,166108,2316428,7521.592,1615.402,0,123.648,0,5.983,2419,2057,1.610,1.620,1.030,2,0,15.955,0,0,18,317,0,33,0
14-01 14:31:29,18.726,1.498,78.149,0.250,0,5360364,153168,166108,2316900,55341.735,10473.513,463.403,227.707,27.964,22.970,2830,2756,1.560,1.610,1.030,2,0,0.999,0,0,18,317,0,35,0
14-01 14:31:30,22.222,5.243,71.159,0,0,5376980,136548,166108,2316904,41689.919,1456.146,0,363.537,0,18.976,2793,2546,1.560,1.610,1.030,2,0,14.981,0,0,18,317,0,35,0
14-01 14:31:31,16.756,1.751,79.277,0.500,0,5383308,128704,166108,2318420,16879.808,8250.839,1488.512,500.172,50.017,62.021,3112,3643,1.560,1.610,1.030,12,0,0,0,0,18,320,0,35,0
14-01 14:31:32,24.960,5.990,67.143,0.998,0,5351668,159296,166108,2319452,10848.776,2855.467,846.656,1305.927,51.918,133.788,4760,5974,1.560,1.610,1.030,2,0,6.989,0,0,18,319,0,33,0
14-01 14:31:33,26.481,4.287,68.345,0,0,5380904,130044,166108,2319468,14686.913,7408.523,258.249,468.077,2.018,34.299,2893,2411,1.560,1.610,1.030,4,0,3.026,0,0,18,320,0,33,0
14-01 14:31:34,38.162,8.979,50.883,0.499,0,5336392,205796,166108,2289440,11152.299,6719.514,638.528,3651.585,9.977,266.386,6188,7478,1.600,1.620,1.030,4,0,7.982,0,0,18,319,0,34,0
14-01 14:31:35,14.043,22.569,62.442,0.251,0,5299748,242420,166108,2289460,10079.978,1624.994,256.789,537.652,2.006,49.151,6994,6126,1.600,1.620,1.030,2,0,569.751,0,0,18,319,0,34,0
14-01 14:31:36,8.011,23.283,67.345,0,0,5288448,253636,166108,2289544,8160.564,1622.299,0,392.556,0,25.035,7317,6491,1.600,1.620,1.030,3,0,647.918,0,0,18,319,0,32,0
14-01 14:31:37,9.222,23.180,66.300,0.748,0,5282112,259940,166108,2289576,5788.572,1615.137,0,2990.995,0,397.802,7968,6779,1.600,1.620,1.030,3,0,640.073,0,0,18,319,0,32,0
14-01 14:31:38,8.265,22.540,67.870,0,0,5276748,265276,166108,2289604,8753.520,1460.590,0,220.391,0,22.039,7082,6166,1.600,1.620,1.030,3,0,603.069,0,0,18,319,0,32,0
14-01 14:31:39,8.758,22.019,67.809,0,0,5273472,268520,166108,2289636,7056.115,1663.442,0,48.042,0,12.010,6923,5951,1.550,1.610,1.030,2,0,569.494,0,0,18,319,0,32,0
14-01 14:31:40,9.198,21.876,67.369,0,0,5265580,276376,166108,2289672,9328.301,1610.899,0,107.393,0,11.933,7110,6165,1.550,1.610,1.030,2,0,566.798,0,0,18,319,0,27,0
14-01 14:31:41,12.321,12.321,72.167,2.263,0,5273268,383116,166120,2187248,7466.176,1629.423,305.768,12.070,31.180,1.006,3650,3303,1.550,1.610,1.030,2,0,132.768,0,0,18,319,0,27,0
14-01 14:31:42,20.368,5.216,69.301,2.732,0,5316216,329220,166120,2198192,5869.960,1609.569,2074.556,7499.400,231.500,166.918,3522,3674,1.550,1.610,1.030,2,0,2.981,0,0,18,319,0,27,0
14-01 14:31:43,19.846,1.758,77.122,0.251,0.251,5316940,326704,166120,2199980,15022.531,3705.893,20.097,844.075,4.019,21.102,2393,2072,1.550,1.610,1.030,2,0,16.078,0,0,18,320,0,27,0
14-01 14:31:44,11.701,1.494,82.900,2.489,0,5314252,328720,166120,2200648,15958.599,7207.559,585.527,1398.095,33.857,83.647,2361,2715,1.500,1.600,1.030,2,0,0.996,0,0,18,320,0,23,0
14-01 14:31:45,7.246,1.499,88.449,0.999,0,5312860,329680,166124,2201080,19267.868,8016.369,311.820,903.478,30.982,40.976,1909,2313,1.500,1.600,1.030,1,0,1.999,0,0,18,320,0,23,0
14-01 14:31:46,11.490,0.999,83.924,2.498,0,5311396,330296,166124,2201928,23159.896,10072.822,419.618,1198.908,40.963,36.966,1911,1983,1.500,1.600,1.030,1,1,0,0,0,18,320,0,23,0
14-01 14:31:47,16.496,1.750,78.230,2.249,0,5336180,304340,166124,2203096,17977.516,7102.228,1047.739,4846.791,44.989,163.959,2553,2154,1.500,1.600,1.030,2,0,0,0,0,18,320,0,23,0
14-01 14:31:48,12.994,1.000,82.464,2.749,0,5335604,304340,166164,2203696,22722.035,11039.159,423.814,1139.500,42.981,33.985,2027,1903,1.500,1.600,1.030,1,0,0,0,0,18,320,0,23,0
14-01 14:31:49,14.252,1.500,81.761,1.250,0,5342276,296528,166244,2204756,19474.659,9312.272,804.110,1056.144,42.006,34.005,2017,1941,1.460,1.590,1.030,2,0,0,0,0,18,320,0,23,0
14-01 14:31:50,12.505,2.001,76.530,7.003,0,5344832,262004,166296,2236672,12312.774,5559.155,15385.965,500.194,171.066,15.006,2248,2115,1.460,1.590,1.030,2,0,0,0,0,18,320,0,23,0
14-01 14:31:51,22.444,3.741,72.069,0.748,0,5348672,242108,167476,2251352,10873.656,1615.936,0,1615.936,0,59.849,2680,2372,1.460,1.590,1.030,2,0,0.997,0,0,18,320,0,23,0
14-01 14:31:52,24.535,2.003,71.603,0.250,0,5353672,220952,167896,2266868,9781.095,1622.338,32.046,1902.742,1.001,60.087,2871,2770,1.460,1.590,1.030,3,0,0,0,0,18,320,0,22,0
14-01 14:31:53,23.763,3.252,71.790,0.750,0,5367024,187196,168344,2286516,10098.669,1620.910,0,1688.948,0,67.038,2882,2673,1.460,1.590,1.030,2,0,0,0,0,18,320,0,22,0
14-01 14:31:54,23.286,4.257,70.860,1.002,0,5362492,177632,169224,2299448,6474.064,1460.270,0,2936.565,0,134.209,3187,3064,1.430,1.580,1.030,2,0,6.009,0,0,18,320,0,22,0
14-01 14:31:55,23.759,3.001,71.026,0.750,0,5366572,147164,170120,2324656,9008.333,1620.600,0,2204.816,0,83.031,2932,2726,1.430,1.580,1.030,2,1,1.000,0,0,18,320,0,22,0
14-01 14:31:56,23.231,2.998,72.191,0.250,0,5326584,200088,170504,2311172,9525.273,1792.546,3.997,1003.186,0.999,37.969,2458,2046,1.430,1.580,1.030,2,0,1.998,0,0,18,319,0,22,0
14-01 14:31:57,18.000,3.750,77.498,0.250,0,5363036,163576,170532,2311196,13601.679,3724.912,0,439.990,0,3.000,2435,2061,1.430,1.580,1.030,2,0,32.999,0,0,18,320,0,22,0
14-01 14:31:58,23.738,3.248,71.964,0,0,5358252,161840,170640,2317612,8054.004,1793.110,0,899.554,0,6.997,2319,1952,1.430,1.580,1.030,2,0,2.999,0,0,18,319,0,22,0
14-01 14:31:59,18.479,2.747,77.413,0.250,0,5360632,152156,171092,2323612,50525.499,4785.648,0,1510.311,0,41.953,2517,2280,1.390,1.570,1.030,2,0,18.979,0,0,18,319,0,22,0
14-01 14:32:00,23.275,6.006,68.573,0.501,0.250,5360700,151440,171152,2324120,39825.360,1621.725,0,540.575,0,21.022,11095,19680,1.390,1.570,1.030,3,0,14.015,0,0,18,319,0,22,0
14-01 14:32:01,22.248,7.749,67.494,0,0,5354636,157264,171192,2324284,11267.992,1619.855,0,1623.855,0,12.999,9602,17009,1.390,1.570,1.030,2,0,20.998,0,0,18,321,0,20,0
14-01 14:32:02,22.326,5.770,71.243,0.502,0,5312356,213244,171200,2311336,7900.952,1462.991,16.055,1127.847,1.003,34.116,3195,3147,1.390,1.570,1.030,2,0,23.079,0,0,18,321,0,20,0
14-01 14:32:03,24.475,5.245,67.931,0,0.250,5312600,212992,171200,2311344,9372.545,1618.367,0,511.484,0,24.975,11156,19644,1.390,1.570,1.030,2,0,34.965,0,0,18,321,0,20,0
14-01 14:32:04,17.486,3.497,77.689,0.250,0,5327900,197680,171200,2311356,13099.759,3788.039,0,587.541,0,33.973,2504,2286,1.360,1.560,1.030,2,0,32.974,0,0,18,322,0,20,0
14-01 14:32:05,23.439,3.491,71.564,0,0,5332720,186344,171200,2317872,6232.777,1789.343,0,1065.227,0,18.951,2661,2413,1.360,1.560,1.030,2,0,3.990,0,0,18,321,0,20,0
14-01 14:32:06,17.283,3.006,78.399,0.250,0,5350312,162000,171364,2323784,17616.453,4733.990,0,1314.496,0,33.063,2243,1988,1.360,1.560,1.030,2,0,18.034,0,0,18,321,0,20,0
14-01 14:32:07,22.752,7.000,68.255,0,0,5350676,161032,171364,2324276,8903.589,1620.107,0,132.009,0,5.000,10641,19427,1.360,1.560,1.030,2,0,19.001,0,0,18,321,0,20,0
14-01 14:32:08,22.486,6.746,69.958,0,0,5338880,172624,171368,2324440,6072.346,1661.001,0,1039.375,0,179.892,10191,17967,1.360,1.560,1.030,2,0,14.991,0,0,18,321,0,20,0
14-01 14:32:09,22.488,4.498,71.463,0,0,5299536,225760,171392,2311364,8832.381,1619.153,0,943.507,0,16.991,2676,2192,1.330,1.550,1.030,3,0,21.989,0,0,18,321,0,20,0
14-01 14:32:10,22.718,4.743,70.899,0,0,5284476,240804,171392,2311380,9115.988,1711.557,0,135.806,0,6.990,3508,3111,1.330,1.550,1.030,2,0,93.866,0,0,18,321,0,20,0
14-01 14:32:11,23.548,3.758,71.646,0,0,5318236,197280,171420,2321116,8721.760,1460.975,0,665.355,0,6.012,2492,2128,1.330,1.550,1.030,1,0,4.008,0,0,18,323,0,20,0
14-01 14:32:12,16.490,1.999,79.953,0.500,0,5322524,191988,171432,2322028,17970.340,6558.110,0,1407.165,0,40.976,2517,2777,1.330,1.550,1.030,2,0,15.991,0,0,18,324,0,20,0
14-01 14:32:13,14.533,1.503,81.936,0.501,0,5334824,179416,171500,2322232,21793.396,10757.382,0,12231.724,0,134.304,2325,2357,1.330,1.550,1.030,3,0,0,0,0,18,324,0,17,0
14-01 14:32:14,7.727,1.246,89.732,0.748,0,5330984,182832,171552,2322568,51356.815,9044.024,0,1399.825,0,75.774,2057,2621,1.220,1.520,1.030,2,1,0.997,0,0,18,325,0,17,0
14-01 14:32:15,8.016,1.253,88.179,0.501,0,5326012,187500,171616,2322776,124516.324,9319.961,0,1278.601,0,66.135,2261,2672,1.220,1.520,1.030,2,0,2.004,0,0,18,325,0,17,0
14-01 14:32:16,19.007,3.001,76.530,0.500,0,5351616,161488,171680,2323072,20013.874,9239.635,0,864.340,0,27.011,3716,4987,1.220,1.520,1.030,1,0,1.000,0,0,18,325,0,17,0
14-01 14:32:17,22.238,3.998,72.462,0.250,0,5368144,144612,171764,2323236,24801.088,10910.320,0,1439.251,0,53.972,3822,10548,1.220,1.520,1.030,2,0,35.981,0,0,18,325,0,18,0
14-01 14:32:18,14.247,1.250,81.983,1.000,0,5382684,129492,171904,2323724,306167.298,16419.637,0,9226.111,0,441.909,2952,2326,1.220,1.520,1.030,1,0,0,0,0,18,325,0,18,0
14-01 14:32:19,7.237,1.497,87.843,1.248,0,5382204,129268,172200,2324000,105692.740,16787.938,27.950,2447.617,3.993,117.789,2065,2435,1.130,1.500,1.020,2,0,0,0,0,18,325,0,18,0
14-01 14:32:20,15.019,1.001,81.604,0.751,0,5385364,125612,172288,2324340,20560.170,10398.235,104.133,1285.636,6.008,50.064,1994,1910,1.130,1.500,1.020,2,0,0,0,0,18,325,0,18,0
14-01 14:32:21,10.180,2.731,84.174,0.497,0,5368636,147228,172368,2320120,8753810.773,52009.091,0,6348.555,0,46.681,4503,2938,1.130,1.500,1.020,3,0,3.973,0,0,18,325,0,13,0
14-01 14:32:22,13.579,3.018,80.467,1.509,0,5372484,140288,172508,2323876,9039440.925,50134.262,181.052,13623.146,5.029,119.695,5089,3830,1.130,1.500,1.020,3,0,1.006,0,0,18,325,0,13,0
14-01 14:32:23,21.473,5.992,69.412,1.498,0,5353092,139484,175844,2338184,9066.546,1617.956,0,41807.186,0,246.688,3452,3033,1.130,1.500,1.020,2,0,0.999,0,0,18,325,0,13,0
14-01 14:32:24,24.007,3.251,71.519,0.250,0,5348420,154672,176548,2326376,12266.342,1620.441,0,1764.481,0,48.013,2725,2488,1.120,1.490,1.020,2,0,0,0,0,18,325,0,13,0
14-01 14:32:25,24.459,3.245,71.129,0.250,0,5382540,137100,176768,2309748,7817.755,1617.260,0,762.708,0,23.959,2744,2433,1.120,1.490,1.020,2,0,0.998,0,0,18,325,0,10,0
14-01 14:32:26,23.167,3.525,71.767,1.259,0,5370244,148128,177672,2309248,8794.304,1631.746,0,2393.227,0,102.740,2845,2628,1.120,1.490,1.020,2,0,0,0,0,18,325,0,10,0
14-01 14:32:27,22.936,4.238,71.798,0.748,0,5368796,144128,178556,2313012,9944.061,1453.915,0,2197.825,0,73.793,2822,2593,1.120,1.490,1.020,1,1,0,0,0,18,325,0,10,0
14-01 14:32:28,24.270,7.256,67.306,0,0,5381516,136056,179876,2306504,5565.640,1621.352,0,193173.058,0,1051.877,5482,3930,1.120,1.490,1.020,2,0,0,0,0,18,325,0,10,0
14-01 14:32:29,23.203,3.493,71.357,0.998,0,5383408,139836,180612,2299756,40828.057,1616.755,3.992,6810.332,0.998,212.573,3234,2842,1.110,1.480,1.020,2,0,0.998,0,0,18,325,0,6,0
14-01 14:32:30,22.052,2.757,73.173,0.752,0,5378692,127140,181444,2314776,41355.554,2702.375,140.331,2253.315,4.009,85.201,2923,2830,1.110,1.480,1.020,1,0,1.002,0,0,18,326,0,6,0
14-01 14:32:31,19.748,2.750,76.241,0,0,5316460,224684,181444,2279500,17828.796,3133.613,4.000,263.967,1.000,8.999,2193,1902,1.110,1.480,1.020,2,0,2.000,0,0,18,323,0,6,0
14-01 14:32:32,18.699,3.241,76.543,0.499,0,5322788,218268,181464,2279568,14605.538,3780.785,55.849,1077.090,3.989,44.879,2768,2697,1.110,1.480,1.020,2,0,32.911,0,0,18,324,0,6,0
14-01 14:32:33,29.568,5.763,63.396,0.251,0,5348336,185916,181544,2286016,8668.911,1840.227,16.037,37105.225,2.005,194.447,3386,2469,1.110,1.480,1.020,4,0,6.014,0,0,18,323,0,4,0
14-01 14:32:34,35.954,8.297,54.560,0.503,0,5385364,141536,181864,2291880,17449.107,4522.688,772.387,3664.815,6.034,226.285,4078,2924,1.180,1.490,1.020,3,0,26.149,0,0,18,323,0,4,0
14-01 14:32:35,27.064,6.952,64.309,0,0,5384224,142092,181896,2292344,7313.798,1608.956,254.255,766.737,1.986,5.959,9576,16936,1.180,1.490,1.020,3,0,13.905,0,0,18,323,0,4,0
14-01 14:32:36,23.241,5.998,67.723,0.250,0,5366076,159872,181928,2292648,6390.470,1619.359,0,2087.174,0,25.990,10625,19336,1.180,1.490,1.020,2,0,12.995,0,0,18,323,0,4,0
14-01 14:32:37,21.540,6.512,71.885,0,0,5344084,181796,181964,2292644,10845.298,1623.038,0,392.735,0,12.023,2537,2145,1.180,1.490,1.020,3,0,7.013,0,0,18,323,0,3,0
14-01 14:32:38,22.220,3.995,70.404,0.999,0,5335692,201984,181968,2282132,6977.508,1617.799,1517.935,1134.457,28.961,39.946,2800,2666,1.180,1.490,1.020,2,0,5.992,0,0,18,323,0,3,0
14-01 14:32:39,23.006,4.251,70.767,1.000,0,5341652,193736,181968,2284420,5926.424,1620.389,528.127,2268.545,18.004,56.013,4129,5149,1.160,1.480,1.020,2,0,2.000,0,0,18,325,0,5,0
14-01 14:32:40,24.627,6.785,66.091,1.256,0,5271364,262916,181968,2285528,9372.396,1628.409,940.858,2211.419,50.260,294.521,7984,11378,1.160,1.480,1.020,4,0,55.285,0,0,18,325,0,8,0
14-01 14:32:41,10.179,18.869,69.021,0.497,0,5275176,258184,181968,2286448,8391.709,1608.825,858.040,1624.714,7.945,102.289,6349,5362,1.160,1.480,1.020,3,0,373.406,0,0,18,327,0,8,0
14-01 14:32:42,12.768,5.508,70.351,9.764,0,5238892,252400,182028,2328456,10724.437,1622.335,42140.657,1081.557,3462.985,22.032,9671,9347,1.160,1.480,1.020,2,0,20.029,0,0,18,325,0,10,0
14-01 14:32:43,7.755,2.251,84.055,4.753,0,5238352,251900,182440,2329084,13090.624,3083.031,996.657,4102.703,249.164,192.127,3046,3627,1.160,1.480,1.020,2,0,6.004,0,0,18,326,0,10,0
14-01 14:32:44,2.495,0.748,93.298,1.746,0,5231688,258380,182440,2329268,43744.066,4325.612,183.602,2378.837,4.989,366.205,2342,2412,1.070,1.460,1.020,1,0,0.998,0,0,18,326,0,10,0
14-01 14:32:45,4.511,2.757,89.725,2.005,0,5205888,283952,182500,2329436,45207.604,130253.320,344.867,573.441,18.045,16.040,2105,2550,1.070,1.460,1.020,1,0,14.035,0,0,18,325,0,10,0
14-01 14:32:46,1.751,0.500,96.034,0,0,5206052,283864,182500,2329360,7521.675,1620.576,0,328.117,0,6.002,1284,1771,1.070,1.460,1.020,1,0,0,0,0,18,325,0,10,0
14-01 14:32:47,1.748,0.999,95.654,0.250,0,5201288,288628,182500,2329360,6837.105,1618.368,0,235.762,0,20.979,1349,1896,1.070,1.460,1.020,2,0,0,0,0,18,327,0,10,0
14-01 14:32:48,1.748,0.500,96.417,0,0,5199680,290236,182500,2329360,8827.392,1618.605,0,0,0,0,1159,1644,1.070,1.460,1.020,2,0,0,0,0,18,327,0,10,0
14-01 14:32:49,2.248,0.999,95.405,0,0,5200072,289844,182504,2329356,22740.389,1618.391,0,119.881,0,13.986,1591,2030,0.980,1.430,1.010,1,0,0,0,0,18,327,0,10,0
14-01 14:32:50,2.252,1.501,94.572,0.500,0,5200168,289592,182504,2329512,9134.993,1567.200,16.012,592.454,1.001,52.040,1739,2410,0.980,1.430,1.010,4,0,0,0,0,18,327,0,10,0
14-01 14:32:51,1.497,0.499,96.036,0,0.249,5200164,289592,182504,2329516,48419.265,1702.212,0,111.751,0,6.984,1631,1735,0.980,1.430,1.010,1,0,0,0,0,18,327,0,10,0
14-01 14:32:52,1.755,1.003,96.265,0,0,5200164,289592,182504,2329516,15752.349,1516.172,0,104.287,0,7.019,1220,1635,0.980,1.430,1.010,1,0,0,0,0,18,327,0,10,0
14-01 14:32:53,2.248,0.749,95.923,0.250,0,5200164,289592,182504,2329516,10890.305,1618.708,0,315.748,0,32.974,1426,1916,0.980,1.430,1.010,1,0,0,0,0,18,327,0,10,0
14-01 14:32:54,2.253,1.502,94.896,0.250,0,5201164,288588,182504,2329520,25156.810,1708.636,0,292.451,0,27.042,1810,2090,0.910,1.410,1.010,1,0,6.009,0,0,18,327,0,10,0
14-01 14:32:55,1.999,1.249,95.947,0,0,5201164,288588,182504,2329520,11147.836,1619.105,0,47.973,0,6.996,1423,1887,0.910,1.410,1.010,1,0,0.999,0,0,18,327,0,10,0
14-01 14:32:56,2.002,0.500,96.574,0,0,5201164,288588,182504,2329520,7546.801,1707.312,0,0,0,0,1226,1675,0.910,1.410,1.010,1,0,0,0,0,18,327,0,10,0
14-01 14:32:57,2.001,0.500,96.311,0,0,5201160,288588,182504,2329524,31496.799,1621.019,0,0,0,0,1581,1787,0.910,1.410,1.010,1,0,0,0,0,18,327,0,10,0
14-01 14:32:58,1.500,0.750,96.474,0,0,5201160,288588,182504,2329524,6095.378,1565.583,0,35.990,0,2.999,1163,1633,0.910,1.410,1.010,1,0,0,0,0,18,327,0,10,0
14-01 14:32:59,2.248,1.748,94.916,0,0,5201528,288220,182504,2329524,41752.882,1510.657,0,9615.452,0,71.936,1751,2273,0.830,1.380,1,1,0,0.999,0,0,18,327,0,10,0
14-01 14:33:00,1.500,0.750,95.003,0.500,0,5201452,288220,182504,2329600,44548.612,1620.059,0,1144.041,0,205.007,2128,2570,0.830,1.380,1,1,0,1.000,0,0,18,327,0,10,0
14-01 14:33:01,2.000,0.750,96.502,0,0,5201452,288220,182504,2329600,12463.240,1620.031,0,132.003,0,10.000,1301,1764,0.830,1.380,1,1,0,0,0,0,18,327,0,10,0
14-01 14:33:02,1.498,0.499,96.128,0,0,5201448,288220,182504,2329604,8712.932,1617.945,0,107.863,0,7.990,1283,1768,0.830,1.380,1,1,0,0,0,0,18,327,0,10,0
14-01 14:33:03,1.750,1.000,95.250,0.750,0,5201448,288220,182504,2329604,10873.977,1619.997,0,459.999,0,39.000,1559,2060,0.830,1.380,1,1,0,0,0,0,18,327,0,10,0
14-01 14:33:04,2.251,1.500,95.273,0,0,5192740,296904,182508,2329616,7514.829,1620.394,0,39573.629,0,288.070,1873,1857,0.850,1.380,1,1,0,0,0,0,18,327,0,10,0
14-01 14:33:05,1.750,1.000,96.511,0,0,5192740,296904,182508,2329616,8979.035,1620.187,0,492.057,0,4.000,1222,1643,0.850,1.380,1,1,0,1.000,0,0,18,327,0,10,0
14-01 14:33:06,1.502,0.250,96.606,0,0,5192744,296904,182508,2329616,7959.758,1567.725,0,0,0,0,1225,1664,0.850,1.380,1,1,0,0,0,0,18,327,0,10,0
14-01 14:33:07,1.499,0.750,96.458,0,0,5192740,296904,182508,2329620,5890.449,1511.345,0,51.977,0,2.999,1168,1695,0.850,1.380,1,1,0,1.999,0,0,18,327,0,10,0
14-01 14:33:08,1.999,0.750,96.725,0,0,5192740,296904,182508,2329620,7095.186,1619.586,0,0,0,0,1115,1605,0.850,1.380,1,2,0,0,0,0,18,327,0,10,0
14-01 14:33:09,1.252,1.502,95.880,0.250,0,5182820,306996,182508,2329620,10524.281,1664.258,0,2647.593,0,18.024,1226,1652,0.860,1.370,1,1,0,0,0,0,18,327,0,10,0
14-01 14:33:10,1.999,0.750,95.458,0.250,0,5182956,306888,182508,2329636,10107.501,1619.279,31.986,863.616,1.999,115.948,1690,2205,0.860,1.370,1,2,0,0,0,0,18,327,0,10,0
14-01 14:33:11,1.250,0.750,96.029,0.500,0,5182928,306888,182508,2329664,11277.424,1620.492,0,3789.150,0,182.055,1801,2492,0.860,1.370,1,1,0,0,0,0,18,327,0,10,0
14-01 14:33:12,1.750,0.500,95.998,0,0,5182928,306888,182508,2329664,7961.849,1619.969,0,55.999,0,5.000,1278,1794,0.860,1.370,1,1,0,0,0,0,18,327,0,10,0
14-01 14:33:13,2.000,2.000,94.744,0.250,0,5182900,306916,182508,2329664,9882.397,1619.901,0,139.991,0,17.999,1532,2000,0.860,1.370,1,2,0,0,0,0,18,327,0,10,0
14-01 14:33:14,2.249,0.999,95.197,0.500,0,5183376,306440,182516,2329656,9407.805,1565.136,3.998,391.784,0.999,32.982,1557,2263,0.790,1.350,0.990,1,0,0.999,0,0,18,327,0,10,0
14-01 14:33:15,1.748,0.749,95.664,0,0,5183352,306440,182516,2329680,5033.481,1025.080,0,123.889,0,12.988,1415,2113,0.790,1.350,0.990,1,0,1.998,0,0,18,327,0,10,0
14-01 14:33:16,11.499,3.750,83.990,0.250,0,5207964,281824,182520,2329680,372138.367,11564.582,4.000,499.939,1.000,94.988,3137,2730,0.790,1.350,0.990,4,0,24.997,0,0,18,327,0,10,0
14-01 14:33:17,16.545,6.016,75.457,1.003,0,5237168,252488,182524,2330588,356202.950,13739.645,124.341,352.967,6.016,18.049,3521,4710,0.790,1.350,0.990,4,0,62.170,0,0,18,327,0,10,0
