"pcp-dstat 6.2.0 CSV Output"
"Author:","PCP team <pcp@groups.io> and Dag Wieers <dag@wieers.com>",,,,"URL:","https://pcp.io/ and http://dag.wieers.com/home-made/dstat/"
"Host:","ubuntu",,,,"User:","ubuntu"
"Cmdline:","dstat -tcmndrylpg --tcp --output /tmp/devstack_logs/dstat-csv.log",,,,"Date:","16 Jan 2026 18:09:16 UTC"
"system","total usage",,,,,"memory usage",,,,"net/total",,"dsk/total",,"io/total",,"system",,"load avg",,,"procs",,,"paging",,"tcp sockets",,,,
"time","total usage:usr","total usage:sys","total usage:idl","total usage:wai","total usage:stl","used","free","buf","cach","net/total:recv","net/total:send","dsk/total:read","dsk/total:writ","read","writ","int","csw","1m","5m","15m","run","blk","new","in","out","lis","act","syn","tim","clo"
16-01 18:09:16,,1010604,1693064,162528,4955224,,,,,,,1.310,0.970,0.550,1,0,,,,10,5,1,18,1
16-01 18:09:17,19.001,21.251,58.002,0.250,0,1010024,1693240,162616,4955484,45516.633,12015.431,0,2708.097,0,102.004,6651,5758,1.360,0.990,0.560,3,0,531.019,0,0,10,5,1,18,1
16-01 18:09:18,26.727,17.735,53.705,0.250,0,1024816,1677804,162712,4955932,23162.385,10964.715,0,1466.758,0,49.958,5962,5523,1.360,0.990,0.560,1,0,346.706,0,0,10,4,1,18,2
16-01 18:09:19,33.443,15.723,50.415,0.499,0,1042656,1639556,162876,4975316,191584.227,9895.277,0,1984.646,0,65.889,6200,6583,1.360,0.990,0.560,4,0,234.604,0,0,10,4,1,18,2
16-01 18:09:20,32.085,10.027,56.650,0.501,0,1168156,1495112,163704,5114776,9935.259,1718.542,16.042,4596.148,1.003,49.130,4408,4093,1.360,0.990,0.560,2,0,104.276,0,0,11,6,1,18,2
16-01 18:09:21,39.169,12.474,47.153,0.499,0.249,1172332,1472568,164132,5130736,6390.831,1616.669,0,2399.057,0,59.877,4810,3311,1.360,0.990,0.560,2,0,194.599,0,0,11,6,1,20,2
16-01 18:09:22,43.514,6.002,48.516,1.500,0,1252212,1367424,164920,5152836,47346.528,1532.503,32.010,4205.379,2.001,115.038,3541,2119,1.410,1,0.570,2,0,0,0,0,11,6,1,20,2
16-01 18:09:23,44.810,4.756,49.065,0.751,0,1282100,1318268,165920,5168552,44544.409,1696.262,0,5479.308,0,259.346,3637,2103,1.410,1,0.570,2,0,0,0,0,11,6,1,20,2
16-01 18:09:24,35.013,6.252,45.518,10.754,0,1297364,1270544,168020,5196376,7256.795,1694.653,0,45789.636,0,3545.366,19238,26332,1.410,1,0.570,2,0,55.021,0,0,11,8,1,20,2
16-01 18:09:25,35.491,8.498,48.987,5.998,0,1274084,1305884,168684,5183308,14933.136,4414.858,0,48443.465,0,3074.205,12564,18038,1.410,1,0.570,3,0,101.974,0,0,11,4,1,20,0
16-01 18:09:26,43.766,5.752,49.768,0.250,0,1287228,1293024,168696,5183248,9980.646,2771.012,0,928.339,0,36.013,3077,1702,1.410,1,0.570,2,0,35.013,0,0,11,5,1,20,0
16-01 18:09:27,41.938,4.244,53.670,0.749,0,1197044,1375796,168796,5189772,13858.406,2892.701,0,1989.044,0,40.939,2917,1546,1.540,1.040,0.580,3,0,11.982,0,0,11,4,1,20,0
16-01 18:09:28,39.286,4.754,54.800,0.500,0,1267692,1305060,168820,5189788,15549.138,4555.142,0,6241.675,0,320.291,3626,3032,1.540,1.040,0.580,2,0,18.016,0,0,11,5,1,20,0
16-01 18:09:29,44.752,7.500,45.502,0.250,0,1283888,1280740,169324,5196008,6155.264,1868.080,0,1044.045,0,24.001,10285,17422,1.540,1.040,0.580,2,0,14.001,0,0,11,4,1,20,0
16-01 18:09:30,31.245,24.996,42.743,0,0,1256516,1307616,169428,5196292,9150.430,1457.750,0,303.948,0,10.998,13973,21415,1.540,1.040,0.580,2,0,531.909,0,0,11,4,1,20,0
16-01 18:09:31,36.520,20.011,42.273,0,0,1193436,1385088,169444,5183912,7970.343,1620.883,0,2109.149,0,20.011,7350,7562,1.540,1.040,0.580,2,0,343.187,0,0,11,4,1,20,0
16-01 18:09:32,59.975,12.995,26.239,0,0,1263168,1315276,169460,5184052,6305.346,1619.318,0,3.998,0,1.000,4269,2828,1.660,1.070,0.590,2,0,196.917,0,0,11,5,1,20,0
16-01 18:09:33,47.191,3.496,49.189,0,0,1322188,1255804,169472,5184492,8782.104,1691.901,0,427.470,0,33.958,2789,1247,1.660,1.070,0.590,3,0,0,0,0,11,5,1,20,0
16-01 18:09:34,43.516,8.003,47.767,0,0,1337740,1238656,169492,5186068,9037.256,1620.584,0,784.283,0,63.023,2972,2855,1.660,1.070,0.590,3,0,0,0,0,11,5,1,20,0
16-01 18:09:35,18.527,9.514,70.604,0,0,1306328,1269280,169536,5186788,9187.533,1622.390,0,16348.079,0,95.140,3909,3248,1.660,1.070,0.590,2,0,140.207,0,0,11,4,1,20,0
16-01 18:09:36,22.979,2.747,73.433,0.250,0,1380300,1195296,169552,5186788,7099.500,1618.518,0,811.257,0,27.974,1806,1342,1.660,1.070,0.590,2,0,0,0,0,11,4,1,20,0
16-01 18:09:37,24.501,1.750,73.504,0,0,1395340,1180056,169552,5186988,5303.293,1620.090,0,0,0,0,1652,1041,1.690,1.090,0.600,2,0,0,0,0,11,6,1,20,0
16-01 18:09:38,20.253,5.751,71.761,0.750,0,1342396,1232872,169632,5187036,11170.737,1458.227,0,5588.869,0,386.060,4825,5399,1.690,1.090,0.600,3,0,44.007,0,0,11,4,1,18,0
16-01 18:09:39,27.750,4.500,65.751,0.750,0,1367140,1207644,169904,5187208,6806.067,1620.016,372.004,0,20.000,0,2815,9726,1.690,1.090,0.600,2,0,36.000,0,0,11,4,1,19,0
16-01 18:09:40,17.500,3.000,77.749,1.750,0,1370608,1203928,169920,5187376,13390.746,5704.892,47.999,21591.590,12.000,65.999,2489,2428,1.690,1.090,0.600,1,1,1.000,0,0,11,17,1,19,0
16-01 18:09:41,9.246,1.749,74.964,12.994,0,1367672,1206528,169960,5187628,10745.846,5786.225,219.895,11966.261,53.974,124.940,1887,1851,1.690,1.090,0.600,3,0,1.999,0,0,11,28,1,19,1
16-01 18:09:42,20.241,5.248,72.968,0,0,1353032,1221160,169960,5187636,9697.748,1685.261,0,0,0,0,2163,1488,1.630,1.080,0.600,2,0,42.981,0,0,11,28,1,20,0
16-01 18:09:43,17.229,2.497,80.401,0,0,1374144,1200036,169960,5187648,12790.296,8471.599,0,215.735,0,6.991,2013,1840,1.630,1.080,0.600,1,0,0,0,0,11,28,1,17,1
16-01 18:09:44,32.081,11.780,55.390,0,0,1419248,1154912,169964,5187664,5939.998,1690.268,0,100.253,0,9.023,3731,2504,1.630,1.080,0.600,2,0,156.395,0,0,11,28,1,18,0
16-01 18:09:45,36.206,4.245,58.679,0,0,1450324,1123700,169964,5187800,13784.424,9504.570,0,2341.185,0,19.976,3062,2217,1.630,1.080,0.600,2,0,0,0,0,11,30,1,18,0
16-01 18:09:46,34.299,12.017,53.326,0.250,0,1415364,1158444,169972,5188004,21241.179,12242.394,0,3136.456,0,37.053,6904,8732,1.630,1.080,0.600,5,0,241.343,0,0,11,28,1,19,0
16-01 18:09:47,76.246,22.999,0.500,0,0,1566156,1007604,169976,5188048,7566.644,1619.924,0,183.991,0,14.999,5448,4098,1.900,1.150,0.630,6,0,336.984,0,0,11,28,1,19,0
16-01 18:09:48,86.638,8.988,3.995,0,0,1742472,831256,169976,5188068,26070.400,19225.222,0,0,0,0,5333,3639,1.900,1.150,0.630,5,0,0.999,0,0,11,33,1,19,0
16-01 18:09:49,75.534,10.004,14.006,0,0,1652712,920768,169992,5188300,32016.261,26298.714,0,600.267,0,61.027,8483,12279,1.900,1.150,0.630,3,0,164.073,0,0,11,29,1,24,0
16-01 18:09:50,17.506,9.253,72.524,0,0,1482508,1090944,169996,5188324,12228.114,4625.556,0,296.100,0,25.008,3744,3948,1.900,1.150,0.630,3,0,146.049,0,0,11,28,1,25,0
16-01 18:09:51,18.973,2.746,76.890,0,0,1527536,1045896,169996,5188332,25280.955,5461.213,0,25327.888,0,81.883,2329,1758,1.900,1.150,0.630,2,0,0,0,0,11,29,1,23,0
16-01 18:09:52,16.780,6.261,76.388,0.501,0,1501912,1071360,169996,5188476,34766.686,4669.419,0,440.795,0,19.034,3655,3477,1.990,1.180,0.640,1,0,74.134,0,0,11,28,1,24,0
16-01 18:09:53,22.210,3.743,73.368,0,0,1501000,1072272,169996,5188476,40507.367,1617.100,0,151.728,0,8.984,1804,1152,1.990,1.180,0.640,1,0,0,0,0,11,28,1,24,0
16-01 18:09:54,14.504,2.001,82.021,0,0,1489792,1083456,170000,5188496,19287.887,8596.178,0,2068.524,0,142.036,2803,3066,1.990,1.180,0.640,1,0,0,0,0,11,28,1,25,0
16-01 18:09:55,10.267,21.286,67.364,0.250,0,1454008,1119220,170012,5188508,7656.990,1460.478,0,1177.998,0,71.121,6480,5488,1.990,1.180,0.640,2,0,605.026,0,0,11,28,1,25,0
16-01 18:09:56,66.778,27.409,5.233,0,0,1511944,1061236,170012,5188548,12565.193,1614.628,0,72829.678,0,574.090,6699,4312,1.990,1.180,0.640,6,0,432.561,0,0,11,28,1,25,0
16-01 18:09:57,79.471,8.774,12.033,0,0,1662388,910840,170012,5188564,26207.816,19249.483,0,1183.288,0,12.033,5238,3377,2.390,1.280,0.670,3,0,0,0,0,11,33,1,25,0
16-01 18:09:58,72.239,8.749,17.497,0.500,0,1633876,939164,170036,5188724,44566.441,33310.098,0,483.929,0,61.991,10021,15921,2.390,1.280,0.670,5,0,51.992,0,0,11,29,1,26,0
16-01 18:09:59,79.051,21.264,0.250,0,0,1574236,998632,170036,5188896,9507.112,1753.127,0,228.147,0,13.008,5388,3869,2.390,1.280,0.670,6,0,259.167,0,0,11,28,1,26,0
16-01 18:10:00,87.246,9.500,2.750,0,0,1732776,839936,170036,5189052,25142.845,21118.030,0,183.992,0,11.999,5607,4652,2.390,1.280,0.670,5,0,2.000,0,0,11,33,1,26,0
16-01 18:10:01,74.975,8.497,15.745,0,0,1730484,841980,170052,5189284,51200.674,40866.171,0,1039.648,0,66.977,9957,15809,2.390,1.280,0.670,5,0,49.983,0,0,11,30,1,29,1
16-01 18:10:02,57.113,14.715,27.434,0,0,1560384,1012036,170056,5189324,14588.002,6076.422,0,422.985,0,12.969,5009,4519,2.680,1.360,0.700,2,0,248.404,0,0,11,28,1,31,0
16-01 18:10:03,33.517,3.752,62.032,0,0,1569748,1002648,170056,5189348,17001.702,12396.345,0,164.084,0,6.003,3414,3255,2.680,1.360,0.700,1,0,0,0,0,11,30,1,31,0
16-01 18:10:04,43.594,19.542,36.579,0,0,1464420,1107804,170064,5189512,17858.643,9025.530,0,284.616,0,31.067,5850,6267,2.680,1.360,0.700,3,0,378.820,0,0,11,28,1,33,0
16-01 18:10:05,54.007,6.251,38.505,0,0,1541076,1031124,170064,5189536,18337.351,11674.497,0,156.020,0,9.001,3971,2406,2.680,1.360,0.700,3,0,0,0,0,11,31,1,33,0
16-01 18:10:06,50.957,7.993,40.716,0.500,0,1478184,1093928,170088,5189600,29421.432,19731.523,0,547.543,0,59.950,7384,9957,2.680,1.360,0.700,3,0,98.917,0,0,11,28,1,34,0
16-01 18:10:07,79.302,19.701,0.499,0,0,1564336,1007688,170144,5189616,7814.503,1615.968,0,3347.648,0,197.507,5667,3399,3.030,1.450,0.740,5,0,158.604,0,0,11,28,1,28,0
16-01 18:10:08,58.939,7.023,33.859,0,0,1604804,967152,170152,5189676,32622.655,29069.255,0,750.407,0,20.064,6391,7872,3.030,1.450,0.740,2,0,1.003,0,0,11,32,1,28,0
16-01 18:10:09,59.688,19.480,20.229,0.250,0,1522420,1049432,170196,5189736,26913.105,14647.818,0,1961.966,0,143.851,7818,9453,3.030,1.450,0.740,3,0,323.665,0,0,11,28,1,31,0
16-01 18:10:10,54.291,5.254,40.030,0,0,1578320,993512,170196,5189756,17786.483,11855.987,0,2253.708,0,91.069,4025,2554,3.030,1.450,0.740,3,0,0,0,0,11,31,1,31,0
16-01 18:10:11,51.515,9.003,38.011,0,0,1550972,1020592,170204,5190016,26755.048,20451.151,0,632.190,0,26.008,7080,9285,3.030,1.450,0.740,4,0,175.053,0,0,11,28,1,33,0
16-01 18:10:12,64.045,14.703,20.933,0.249,0,1547104,1024436,170212,5190032,10363.882,1453.356,0,183.414,0,8.971,3995,2083,3.180,1.510,0.760,3,0,123.605,0,0,11,28,1,33,0
16-01 18:10:13,43.838,4.509,50.601,0.251,0,1563864,1007368,170220,5190332,30839.801,23200.492,0,356.715,0,18.036,4983,6429,3.180,1.510,0.760,3,0,0,0,0,11,30,1,34,0
16-01 18:10:14,59.041,19.263,21.765,0,0,1509244,1061820,170224,5190496,15761.878,8022.537,0,704.486,0,42.029,5963,5829,3.180,1.510,0.760,3,0,287.198,0,0,11,28,1,36,0
16-01 18:10:15,52.526,5.503,41.020,0,0,1589012,981908,170224,5190640,21159.457,13924.882,0,0,0,0,3564,2289,3.180,1.510,0.760,2,0,0,0,0,11,31,1,33,0
16-01 18:10:16,50.062,11.706,36.862,0,0.249,1466232,1104612,170232,5190708,23213.888,14899.090,0,426.400,0,35.865,7016,8717,3.180,1.510,0.760,3,0,111.581,0,0,11,28,1,35,0
16-01 18:10:17,56.209,6.022,37.891,0,0,1572588,998236,170236,5190724,17286.372,10010.277,0,184.688,0,10.037,3699,2028,3.250,1.550,0.780,1,0,0,0,0,11,31,1,35,0
16-01 18:10:18,52.998,10.500,35.999,0.250,0,1548684,1022080,170252,5190768,28307.847,18959.228,0,543.978,0,41.998,7123,9021,3.250,1.550,0.780,5,0,182.993,0,0,11,28,1,37,0
16-01 18:10:19,72.755,27.002,0,0,0,1543460,1027248,170252,5190824,9135.615,1458.098,0,240.016,0,21.001,5610,4800,3.250,1.550,0.780,8,0,509.034,0,0,11,28,1,37,0
16-01 18:10:20,82.861,15.724,0.998,0,0,1717892,852652,170256,5190984,19255.695,14798.174,0,187.685,0,8.985,5994,5095,3.250,1.550,0.780,5,0,399.330,0,0,11,33,1,37,0
16-01 18:10:21,76.364,19.715,3.993,0,0,1735744,834484,170272,5191248,61300.782,44021.568,0,1062.108,0,68.877,8787,11264,3.250,1.550,0.780,4,0,475.153,0,0,11,32,1,37,0
16-01 18:10:22,80.025,18.815,0.753,0,0,1598992,971112,170288,5191356,42436.071,9922.153,0,441.520,0,43.149,6604,6375,3.470,1.620,0.810,5,0,287.991,0,0,11,28,1,38,0
16-01 18:10:23,86.250,9.750,4.500,0,0,1657136,912948,170288,5191376,56463.186,17215.057,0,356.001,0,9.000,5490,3591,3.470,1.620,0.810,4,0,0,0,0,11,32,1,36,0
16-01 18:10:24,68.130,11.480,18.717,0,0,1630688,939168,170288,5191604,43163.720,37313.059,0,7.986,0,1.996,8336,14171,3.470,1.620,0.810,5,0,186.670,0,0,11,30,1,39,0
16-01 18:10:25,23.279,24.030,52.065,0,0,1455032,1114772,170288,5191656,17529.894,6980.718,0,24.030,0,6.008,6833,6798,3.470,1.620,0.810,2,0,631.789,0,0,11,28,1,41,0
16-01 18:10:26,58.780,32.517,8.504,0,0,1518772,1050996,170292,5191688,8758.481,1694.867,0,92.047,0,12.006,6017,5269,3.470,1.620,0.810,4,0,784.401,0,0,11,28,1,41,0
16-01 18:10:27,68.368,7.735,23.455,0,0,1588912,980680,170292,5191864,25510.893,19010.406,0,19.962,0,1.996,4732,4336,3.510,1.660,0.820,2,0,0,0,0,11,32,1,41,0
16-01 18:10:28,61.258,15.502,22.003,0.250,0,1518580,1050924,170328,5191916,24459.380,17031.353,0,1172.162,0,90.012,7504,10042,3.510,1.660,0.820,4,0,202.028,0,0,11,28,1,45,0
16-01 18:10:29,76.113,13.270,10.265,0,0,1586676,982792,170328,5191952,15653.147,8664.813,0,152.225,0,10.015,4942,2849,3.510,1.660,0.820,3,0,67.099,0,0,11,31,1,45,0
16-01 18:10:30,57.191,5.994,35.463,0,0,1586692,982552,170332,5192172,41242.132,33859.806,0,147.846,0,6.993,8723,13263,3.510,1.660,0.820,3,0,0,0,0,11,32,1,45,0
16-01 18:10:31,56.296,8.507,35.529,0.250,0,1515648,1053292,170380,5192428,43036.402,35612.295,0,444.366,0,44.036,11867,18494,3.510,1.660,0.820,4,0,60.049,0,0,11,29,1,45,0
16-01 18:10:32,83.800,14.759,0.750,0,0,1552948,1016028,170388,5192440,7237.287,2460.457,0,1484.880,0,58.034,5220,3126,3.550,1.700,0.840,4,0,60.036,0,0,11,28,2,45,0
16-01 18:10:33,61.479,6.248,32.239,0,0,1597596,971212,170388,5192624,36418.592,28427.315,0,143.951,0,8.997,6081,7454,3.550,1.700,0.840,4,0,0,0,0,11,32,1,45,0
16-01 18:10:34,51.220,5.747,42.975,0,0,1597312,971208,170392,5192908,50277.592,42267.277,0,111.935,0,7.995,12187,19627,3.550,1.700,0.840,3,0,0,0,0,11,31,1,46,0
16-01 18:10:35,73.557,19.515,6.505,0,0,1512712,1055764,170396,5192948,19194.913,10255.968,0,116.090,0,8.006,6095,5661,3.550,1.700,0.840,4,0,260.202,0,0,11,28,1,49,0
16-01 18:10:36,70.204,7.995,20.986,0,0,1595256,973196,170396,5192972,23168.748,16401.203,0,119.921,0,7.995,4863,3375,3.550,1.700,0.840,4,0,0,0,0,11,32,1,49,0
16-01 18:10:37,60.248,9.750,30.249,0,0,1570932,997288,170396,5193204,40569.498,31539.832,0,183.993,0,12.000,9051,14969,3.430,1.710,0.850,3,0,67.997,0,0,11,30,1,51,0
16-01 18:10:38,79.541,14.007,6.754,0.250,0,1552916,1015124,170408,5193372,18468.572,9912.137,0,420.218,0,46.024,5741,5999,3.430,1.710,0.850,3,0,61.032,0,0,11,29,1,51,0
16-01 18:10:39,66.484,9.248,23.244,0,0,1616168,951824,170424,5196432,24202.200,18853.482,0,343.918,0,38.991,5469,12670,3.430,1.710,0.850,6,0,66.984,0,0,11,30,1,53,0
16-01 18:10:40,72.168,13.235,13.984,0,0,1622760,945164,170436,5193460,27044.392,19072.414,0,271.693,0,22.974,6800,10741,3.430,1.710,0.850,7,0,89.898,0,0,11,32,1,51,0
16-01 18:10:41,64.853,10.517,23.537,0.250,0,1565784,1001928,170448,5193624,36307.469,28232.688,0,4122.525,0,157.249,7538,10276,3.430,1.710,0.850,2,0,120.190,0,0,11,34,1,53,0
16-01 18:10:42,75.236,14.497,9.998,0,0,1535220,1032440,170448,5193676,17945.732,12028.810,0,155.972,0,9.998,5588,6444,3.550,1.760,0.870,3,0,109.980,0,0,11,33,1,55,0
16-01 18:10:43,70.459,6.496,22.737,0,0,1595996,971488,170452,5193848,28781.085,21179.552,0,127.925,0,6.996,5073,5511,3.550,1.760,0.870,4,0,0,0,0,11,35,1,56,0
16-01 18:10:44,69.034,12.006,19.009,0,0,1597124,970148,170476,5194036,24384.924,17728.669,0,236.115,0,21.010,6849,8196,3.550,1.760,0.870,3,0,68.033,0,0,11,33,1,56,0
16-01 18:10:45,59.981,10.247,28.991,0.250,0,1564288,1002940,170484,5194072,22095.921,13496.676,0,383.877,0,35.988,4927,4859,3.550,1.760,0.870,3,0,137.956,0,0,11,33,1,57,1
16-01 18:10:46,52.677,12.732,33.204,0.250,0,1540828,1026388,170488,5194080,16813.666,8541.147,0,431.401,0,55.922,4661,3712,3.550,1.760,0.870,2,0,121.831,0,0,11,33,1,59,0
16-01 18:10:47,53.856,8.266,37.324,0,0,1505996,1061160,170492,5194136,17133.853,12659.012,0,232.459,0,19.038,4520,4562,3.430,1.770,0.880,3,0,96.190,0,0,11,34,1,60,0
16-01 18:10:48,53.433,9.238,37.453,0,0,1509508,1057464,170492,5194320,26002.382,18118.272,0,187.764,0,9.987,5871,7498,3.430,1.770,0.880,2,0,43.945,0,0,11,34,1,60,0
16-01 18:10:49,54.212,8.994,36.225,0,0,1519656,1047244,170504,5194380,18061.490,11154.274,0,223.845,0,14.990,4993,4852,3.430,1.770,0.880,3,0,42.970,0,0,11,33,1,62,0
16-01 18:10:50,37.015,6.253,55.523,0,0,1543984,1022872,170504,5194424,19671.089,15480.365,0,192.079,0,10.004,4392,4849,3.430,1.770,0.880,2,0,86.035,0,0,11,34,1,62,0
16-01 18:10:51,32.778,10.259,55.547,0.250,0,1499788,1067044,170508,5194444,25001.175,8848.494,0,368.312,0,34.029,5195,6267,3.430,1.770,0.880,2,0,135.114,0,0,11,32,1,64,0
16-01 18:10:52,39.255,6.751,53.507,0,0,1514248,1052560,170512,5194456,39658.285,6407.854,0,380.051,0,16.002,2821,1870,3.310,1.770,0.880,2,0,6.001,0,0,11,33,1,57,0
16-01 18:10:53,31.677,6.236,60.861,0,0,1496256,1070416,170516,5194588,56340.971,13459.176,0,263.397,0,15.963,4903,5832,3.310,1.770,0.880,3,0,33.922,0,0,11,33,1,58,0
16-01 18:10:54,37.770,8.254,53.028,0,0,1522280,1044240,170516,5194740,10568.492,4865.529,0,1672.869,0,24.012,3642,2789,3.310,1.770,0.880,2,0,104.054,0,0,11,33,1,59,0
16-01 18:10:55,36.576,6.263,56.617,0.251,0,1504348,1062160,170520,5194748,16357.767,11076.865,0,224.463,0,18.037,3702,3369,3.310,1.770,0.880,1,0,60.124,0,0,11,33,1,60,0
16-01 18:10:56,35.986,6.747,56.728,0,0,1478280,1088072,170520,5194904,16264.748,8685.661,0,251.903,0,21.992,3881,3911,3.310,1.770,0.880,1,0,4.998,0,0,11,33,1,60,0
16-01 18:10:57,34.227,3.997,60.960,0,0,1495184,1071140,170524,5194928,20745.253,12668.605,0,235.844,0,9.993,3371,3793,3.130,1.760,0.880,1,0,0,0,0,11,34,1,60,0
16-01 18:10:58,36.792,6.758,55.564,0.250,0,1497164,1069116,170528,5194968,19259.068,10546.084,0,292.335,0,25.029,4574,5347,3.130,1.760,0.880,2,0,44.050,0,0,11,32,1,62,0
16-01 18:10:59,39.155,5.736,54.119,0.249,0,1454340,1111900,170564,5194972,12407.984,6955.175,0,1947.289,0,121.706,3144,2504,3.130,1.760,0.880,2,0,4.988,0,0,11,33,1,62,0
16-01 18:11:00,30.327,6.517,62.409,0,0,1443496,1122708,170568,5195004,24014.227,15776.223,0,120.307,0,12.031,5161,6495,3.130,1.760,0.880,1,0,95.243,0,0,11,33,1,62,0
16-01 18:11:01,19.739,9.744,69.460,0,0,1411528,1154596,170572,5195080,11553.379,4133.631,0,2986.289,0,151.913,4030,3704,3.130,1.760,0.880,1,0,186.893,0,0,11,32,1,63,0
16-01 18:11:02,17.996,2.000,78.482,0,0,1428960,1137028,170572,5195216,11898.288,6701.472,0,303.931,0,46.989,2012,1581,2.960,1.750,0.880,1,0,0,0,0,11,33,1,63,0
16-01 18:11:03,14.764,5.756,78.326,0.250,0,1397872,1168100,170572,5195236,11747.413,7114.912,0,236.229,0,22.021,4024,4562,2.960,1.750,0.880,1,0,109.106,0,0,11,32,1,64,0
16-01 18:11:04,17.235,9.991,71.938,0,0,1441464,1124496,170576,5195244,9764.645,1618.615,0,179.846,0,13.988,3212,2308,2.960,1.750,0.880,1,0,174.850,0,0,11,32,1,57,0
16-01 18:11:05,17.747,2.000,79.236,0,0,1454004,1111944,170576,5195256,14725.434,7760.648,0,0,0,0,2326,2212,2.960,1.750,0.880,0,0,0,0,0,11,33,1,57,0
16-01 18:11:06,19.225,4.494,75.402,0,0.250,1415780,1150152,170580,5195268,15620.604,6200.903,0,275.640,0,17.977,3483,3698,2.960,1.750,0.880,1,0,45.940,0,0,11,32,1,58,0
16-01 18:11:07,18.505,2.251,78.523,0,0,1441524,1124404,170580,5195272,12665.755,6500.928,0,0,0,0,1870,1483,2.800,1.730,0.880,1,0,0,0,0,11,33,1,58,0
16-01 18:11:08,17.000,2.500,78.999,0,0,1433068,1132824,170580,5195308,16873.746,10099.848,0,159.998,0,7.000,4271,5463,2.800,1.730,0.880,0,0,1.000,0,0,11,33,1,58,0
16-01 18:11:09,12.523,17.282,68.876,0.501,0,1407432,1158296,170588,5195468,10091.467,2154.943,0,220.403,0,27.049,6081,5432,2.800,1.730,0.880,2,0,477.874,0,0,11,32,1,57,0
16-01 18:11:10,40.444,10.236,48.683,0,0,1470388,1095280,170600,5195516,5998.701,1659.704,0,371.486,0,23.967,4031,2871,2.800,1.730,0.880,2,0,148.794,0,0,11,32,1,59,0
16-01 18:11:11,41.055,6.759,46.813,5.257,0,1540812,1019896,171016,5199488,5725.729,1622.190,0,11839.982,0,1068.442,9252,11398,2.800,1.730,0.880,2,0,62.084,0,0,11,36,1,59,0
16-01 18:11:12,38.458,7.742,39.956,12.486,0,1530728,1024588,172048,5203632,10939.992,1618.224,0,54048.675,0,4591.960,22246,32913,2.900,1.770,0.900,1,1,102.887,0,0,11,36,1,59,0
16-01 18:11:13,43.468,6.745,44.967,3.747,0,1532812,1022116,172384,5203656,9618.966,1618.816,0,21196.499,0,1639.801,10097,13354,2.900,1.770,0.900,2,0,12.991,0,0,11,32,1,54,0
16-01 18:11:14,43.766,5.752,47.018,2.001,0,1547212,1007476,172488,5203792,9501.537,1620.603,0,5450.029,0,738.275,6941,8240,2.900,1.770,0.900,2,1,2.001,0,0,11,34,1,54,0
16-01 18:11:15,39.033,9.258,43.287,6.255,0,1499516,1054472,172788,5204184,7254.217,1513.297,0,23436.086,0,2552.187,16216,22802,2.900,1.770,0.900,2,0,86.074,0,0,11,32,1,54,0
16-01 18:11:16,22.760,3.001,72.532,0.500,0,1451880,1102060,172816,5204200,9782.354,1566.697,0,3785.685,0,185.082,2509,2130,2.900,1.770,0.900,2,0,15.007,0,0,11,32,1,54,0
16-01 18:11:17,21.750,4.000,73.250,0.250,0,1495628,1058296,172828,5204204,8603.982,1619.997,0,2219.995,0,205.000,2399,1601,2.740,1.760,0.900,2,0,2.000,0,0,11,32,1,49,0
16-01 18:11:18,22.244,3.999,71.730,1.000,0,1474976,1078908,172848,5204224,6434.182,1619.542,0,4798.644,0,250.929,2778,2442,2.740,1.760,0.900,2,0,1.999,0,0,11,32,1,49,0
16-01 18:11:19,22.995,2.499,73.733,0,0,1510264,1043620,172848,5204224,8661.980,1619.622,0,43.990,0,5.999,1870,1164,2.740,1.760,0.900,2,0,2.000,0,0,11,32,1,49,0
16-01 18:11:20,22.230,3.996,72.934,0,0,1477148,1076724,172848,5204236,8494.264,1712.441,0,227.793,0,1.998,1898,1336,2.740,1.760,0.900,1,0,0.999,0,0,11,32,1,49,0
16-01 18:11:21,23.240,2.999,73.219,0,0,1479384,1074456,172848,5204268,6535.190,1619.304,0,0,0,0,1800,1084,2.740,1.760,0.900,1,0,2.999,0,0,11,32,1,47,0
16-01 18:11:22,21.762,4.002,73.289,0,0,1475096,1078668,172848,5204328,45655.269,1620.862,0,188.100,0,5.003,2074,1391,2.600,1.750,0.900,1,0,2.001,0,0,11,32,0,47,0
16-01 18:11:23,23.010,3.001,73.532,0,0,1512136,1041624,172848,5204332,43312.744,1512.655,0,0,0,0,1822,1099,2.600,1.750,0.900,1,0,2.001,0,0,11,32,0,47,0
16-01 18:11:24,22.015,3.252,73.801,0,0,1524232,1029440,172848,5204420,11213.796,1567.089,0,172.120,0,9.006,1999,1659,2.600,1.750,0.900,1,0,1.001,0,0,11,32,0,47,0
16-01 18:11:25,22.494,3.999,73.732,0,0,1504300,1049348,172848,5204444,8959.774,1619.598,0,323.920,0,22.994,1924,1447,2.600,1.750,0.900,1,0,1.000,0,0,11,32,0,41,0
16-01 18:11:26,22.506,3.001,73.521,0,0,1507652,1045992,172852,5204444,8495.401,1620.458,0,36.010,0,1.000,1778,1174,2.600,1.750,0.900,1,0,3.001,0,0,11,32,0,41,0
16-01 18:11:27,21.753,4.001,73.761,0,0,1493748,1059864,172852,5204472,10386.537,1620.240,0,156.023,0,29.004,1848,1378,2.470,1.730,0.900,1,0,0,0,0,11,32,0,41,0
16-01 18:11:28,22.249,3.500,73.498,0,0,1484072,1069520,172852,5204492,11510.719,1619.960,0,16.000,0,4.000,1863,1327,2.470,1.730,0.900,2,0,2.000,0,0,11,32,0,41,0
16-01 18:11:29,22.748,3.000,73.993,0,0,1516580,1037012,172852,5204492,5611.451,1619.841,0,0,0,0,1752,1108,2.470,1.730,0.900,2,0,2.000,0,0,11,32,0,37,0
16-01 18:11:30,9.754,18.757,70.028,0.250,0,1472816,1080596,172852,5204648,9584.799,1512.600,0,664.263,0,8.003,5731,4401,2.470,1.730,0.900,1,0,443.176,0,0,11,32,0,37,0
16-01 18:11:31,9.251,20.502,69.507,0,0,1446964,1106220,172852,5204820,6813.644,1620.153,0,716.068,0,11.001,6286,4812,2.470,1.730,0.900,1,0,480.045,0,0,11,32,0,37,0
16-01 18:11:32,8.495,21.488,69.210,0,0,1423756,1129396,172852,5204852,10678.883,1565.103,0,0,0,0,6173,4653,2.360,1.720,0.910,2,0,449.742,0,0,11,32,0,37,0
16-01 18:11:33,22.220,3.495,73.151,0.250,0,1467160,1086004,172852,5204836,9412.261,1617.810,0,2680.372,0,320.566,2547,1408,2.360,1.720,0.910,1,0,0,0,0,11,32,0,37,0
16-01 18:11:34,22.499,3.250,73.246,0.250,0.250,1462144,1091004,172852,5204860,6506.654,1619.914,0,215.989,0,14.999,1996,1548,2.360,1.720,0.910,1,0,3.000,0,0,11,32,0,37,0
16-01 18:11:35,22.251,3.250,73.503,0.250,0,1462160,1091004,172856,5204840,9301.352,1620.061,0,424.016,0,31.001,1988,1485,2.360,1.720,0.910,1,0,0,0,0,11,32,0,37,0
16-01 18:11:36,22.483,2.998,73.943,0,0,1449436,1103708,172856,5204860,10635.819,1618.755,0,19.985,0,0.999,1920,1192,2.360,1.720,0.910,1,0,2.998,0,0,11,32,0,37,0
16-01 18:11:37,23.042,3.005,73.634,0,0,1485372,1067784,172856,5204848,9551.360,1514.753,0,0,0,0,1907,1323,2.250,1.710,0.910,1,0,2.004,0,0,11,32,0,32,0
16-01 18:11:38,22.218,2.996,73.144,0,0,1461672,1091472,172856,5204860,9324.493,1617.657,0,19.971,0,1.997,1918,1309,2.250,1.710,0.910,1,0,1.997,0,0,11,32,0,32,0
16-01 18:11:39,22.495,3.749,73.985,0,0,1486856,1066308,172856,5204840,8547.238,1619.666,0,0,0,0,1850,1177,2.250,1.710,0.910,1,0,2.000,0,0,11,32,0,32,0
16-01 18:11:40,27.806,5.511,65.632,0,0,1483624,1069512,172856,5204864,8429.945,1569.154,0,72.145,0,4.008,2894,11360,2.250,1.710,0.910,1,0,37.075,0,0,11,32,0,33,0
16-01 18:11:41,22.004,3.751,73.764,0,0,1543268,1009880,172856,5204852,6033.117,1662.308,0,0,0,0,1835,1216,2.250,1.710,0.910,1,0,2.000,0,0,11,32,0,27,0
16-01 18:11:42,21.961,3.244,73.621,0,0,1431648,1121484,172856,5204868,6067.343,1617.159,0,11.979,0,0.998,1768,1162,2.150,1.700,0.910,1,0,0.998,0,0,11,32,0,27,0
16-01 18:11:43,22.475,3.995,73.666,0,0,1465732,1087424,172856,5204844,9325.420,1618.164,0,2065.656,0,7.991,1916,1223,2.150,1.700,0.910,1,0,1.998,0,0,11,32,0,27,0
16-01 18:11:44,22.945,2.743,73.076,0,0,1428344,1124780,172856,5204876,7106.094,1616.155,0,367.127,0,44.893,2076,1593,2.150,1.700,0.910,1,0,0.998,0,0,11,32,0,27,0
16-01 18:11:45,21.302,4.260,73.429,0.251,0,1476760,1076448,172860,5204788,8631.072,1515.700,0,380.930,0,28.069,2029,1447,2.150,1.700,0.910,1,0,3.007,0,0,11,32,0,21,0
16-01 18:11:46,22.788,3.005,73.875,0,0,1460112,1093020,172860,5204864,8870.982,1622.741,0,96.162,0,3.005,1839,1183,2.150,1.700,0.910,1,0,1.002,0,0,11,32,0,21,0
16-01 18:11:47,22.219,3.994,73.149,0,0,1435920,1117200,172860,5204876,8914.638,1617.757,0,11.983,0,0.999,1920,1332,2.060,1.680,0.910,1,0,0.999,0,0,11,32,0,21,0
16-01 18:11:48,22.507,3.251,73.522,0,0,1482648,1070492,172860,5204856,60385.665,1566.458,0,0,0,0,2274,1305,2.060,1.680,0.910,1,0,3.001,0,0,11,32,0,21,0
16-01 18:11:49,22.511,3.502,73.787,0,0,1448404,1104716,172860,5204876,7767.946,1620.823,0,132.067,0,26.013,1848,1279,2.060,1.680,0.910,1,0,1.001,0,0,11,32,0,15,0
16-01 18:11:50,23.242,2.249,73.474,0,0,1456392,1096728,172860,5204876,47711.986,1705.392,0,79.971,0,2.999,2215,1313,2.060,1.680,0.910,1,0,1.000,0,0,11,32,0,15,0
16-01 18:11:51,21.296,4.259,73.661,0,0,1460916,1092216,172860,5204864,29012.267,1623.540,0,0,0,0,2111,1280,2.060,1.680,0.910,1,0,2.004,0,0,11,32,0,15,0
16-01 18:11:52,19.990,8.246,70.963,0,0,1444840,1108240,172860,5204904,43170.421,1511.210,0,67.964,0,4.997,3075,2037,1.970,1.670,0.910,2,0,123.935,0,0,11,32,0,15,0
16-01 18:11:53,13.479,15.975,69.889,0,0,1443836,1109220,172860,5204928,69458.277,1703.285,0,183.707,0,7.987,5044,3575,1.970,1.670,0.910,1,0,341.456,0,0,11,32,0,15,0
16-01 18:11:54,22.743,2.499,73.728,0.250,0,1458924,1094116,172860,5204940,7587.759,1619.522,0,183.946,0,9.997,1843,1373,1.970,1.670,0.910,1,0,0,0,0,11,32,0,11,0
16-01 18:11:55,23.067,2.758,73.715,0,0,1479392,1073400,172860,5205184,10024.255,1710.993,0,489.428,0,47.138,2022,1350,1.970,1.670,0.910,1,0,9.026,0,0,11,32,0,11,0
16-01 18:11:56,23.698,2.245,73.587,0,0,1473184,1079604,172860,5205188,22224.806,1562.541,0,0,0,0,1848,995,1.970,1.670,0.910,1,0,0,0,0,11,32,0,11,0
16-01 18:11:57,10.273,20.796,67.400,0.501,0,1407996,1144644,172860,5205336,6512.455,1623.604,40.089,120.267,2.004,5.011,6088,4815,1.890,1.660,0.910,1,0,516.146,0,0,11,32,0,11,0
16-01 18:11:58,8.497,21.741,68.472,0,0,1417936,1134680,172860,5205368,9764.041,1619.343,0,251.898,0,5.998,6419,5031,1.890,1.660,0.910,2,0,515.791,0,0,11,32,0,8,0
16-01 18:11:59,8.252,22.256,68.268,0,0,1411164,1141412,172860,5205404,15119.924,1620.421,0,736.191,0,10.003,6741,5205,1.890,1.660,0.910,2,0,577.150,0,0,11,32,0,8,0
16-01 18:12:00,7.749,22.496,67.989,0,0,1392356,1160188,172864,5205428,11690.113,1553.749,0,1387.776,0,15.997,6481,4984,1.890,1.660,0.910,2,0,539.913,0,0,11,32,0,8,0
16-01 18:12:01,9.249,21.998,68.493,0,0,1389192,1163320,172864,5205456,8431.163,1619.839,0,1287.872,0,13.999,6314,4791,1.890,1.660,0.910,1,0,510.949,0,0,11,32,0,8,0
16-01 18:12:02,8.486,19.718,69.888,0,0,1394752,1157720,172864,5205492,10114.760,1659.336,0,131.788,0,5.990,5898,4292,1.820,1.650,0.910,1,0,398.360,0,0,11,32,0,5,0
16-01 18:12:03,8.014,21.537,69.368,0,0.250,1388492,1163956,172864,5205512,9596.289,1622.755,0,352.599,0,8.014,6077,4486,1.820,1.650,0.910,1,0,441.750,0,0,11,32,0,5,0
16-01 18:12:04,9.001,22.003,68.010,0,0,1383972,1168424,172876,5205548,9068.393,1566.241,0,216.033,0,26.004,6481,5105,1.820,1.650,0.910,1,0,509.078,0,0,11,32,0,5,0
16-01 18:12:05,10.750,20.999,67.248,0.250,0,1359228,1193084,172900,5205596,6268.768,1619.940,0,1099.959,0,112.996,6542,5313,1.820,1.650,0.910,2,0,510.981,0,0,11,32,0,6,0
16-01 18:12:06,43.733,25.240,29.988,0,0,1445384,1106876,172924,5205624,8528.667,1619.367,0,839.672,0,58.977,6780,6014,1.820,1.650,0.910,4,0,630.754,0,0,11,32,0,10,0
16-01 18:12:07,65.104,9.229,24.695,0.499,0,1638000,911636,172968,5207940,7322.544,1616.367,0,2386.636,0,118.733,4162,2629,1.920,1.670,0.920,3,1,6.984,0,0,11,34,0,10,0
16-01 18:12:08,46.856,11.025,29.317,11.777,0,1577752,960076,173892,5217740,5462.398,1515.440,372.846,67541.297,3.007,4798.892,23520,36327,1.920,1.670,0.920,6,0,167.380,0,0,11,36,0,11,0
16-01 18:12:09,39.253,10.501,33.253,14.751,0,1617052,909464,174508,5228060,12411.061,1620.138,0,84939.260,0,5952.509,29532,41748,1.920,1.670,0.920,4,0,96.008,0,0,11,36,0,11,0
16-01 18:12:10,42.718,10.242,33.475,11.491,0,1640744,876228,174840,5236928,13036.213,7285.530,0,84744.376,0,5934.544,26462,41540,1.920,1.670,0.920,2,1,44.966,0,0,11,37,0,8,0
16-01 18:12:11,41.044,18.019,31.284,9.260,0,1598908,910556,175288,5243748,14570.672,5235.631,0,47314.891,0,3538.806,18022,28895,1.920,1.670,0.920,1,3,293.315,0,0,11,34,0,9,0
16-01 18:12:12,39.997,13.249,27.248,16.749,0,1647036,854084,175684,5251404,8711.262,3028.743,371.968,55679.283,5.999,4123.651,19797,32112,2.160,1.730,0.940,4,1,133.989,0,0,11,35,0,9,0
16-01 18:12:13,41.750,17.250,27.500,12.750,0,1648116,850236,176036,5253600,14841.022,9613.014,756.001,59837.090,17.000,4476.007,22135,37882,2.160,1.730,0.940,5,1,177.000,0,0,11,35,0,9,0
16-01 18:12:14,35.246,12.249,36.496,13.999,0,1639308,855848,176012,5256740,19861.994,11571.831,887.910,44903.466,9.999,3799.616,21379,32714,2.160,1.730,0.940,2,1,163.983,0,0,11,34,0,9,0
16-01 18:12:15,35.250,8.250,41.751,12.250,0,1569008,926376,176292,5256224,10535.144,1620.022,0,45624.625,0,3943.054,19533,28493,2.160,1.730,0.940,2,0,48.001,0,0,11,34,0,9,0
16-01 18:12:16,33.003,6.251,44.755,13.501,0,1585900,908512,176520,5256924,13910.449,6661.694,0,54841.713,0,4656.485,22934,32315,2.160,1.730,0.940,3,0,42.004,0,0,11,35,0,9,0
16-01 18:12:17,33.746,6.249,48.245,10.499,0,1582964,909112,176608,5259132,19592.960,12438.705,0,39055.933,0,3689.616,21390,32959,2.150,1.730,0.950,2,1,35.996,0,0,11,35,0,9,0
16-01 18:12:18,35.256,10.002,42.007,10.752,0,1550600,938896,176684,5261544,14305.430,5806.986,0,45515.732,0,4128.701,22424,33885,2.150,1.730,0.950,1,1,135.023,0,0,11,36,0,10,0
16-01 18:12:19,33.995,7.999,42.993,12.498,0,1604292,881212,176804,5265304,10517.391,3589.451,0,61366.609,0,4707.280,22950,33991,2.150,1.730,0.950,0,1,53.992,0,0,11,37,0,10,0
16-01 18:12:20,30.446,8.485,47.416,10.731,0,1597264,884584,176988,5268680,15486.452,10587.167,0,63762.576,0,5323.530,24653,40552,2.150,1.730,0.950,2,1,86.846,0,0,11,37,0,10,0
16-01 18:12:21,34.023,8.006,45.031,11.758,0,1592096,886916,177044,5271372,15648.774,10242.051,0,64156.170,0,5173.562,24750,40419,2.150,1.730,0.950,2,0,72.050,0,0,11,36,0,10,0
16-01 18:12:22,36.525,8.506,42.529,10.507,0,1620864,863128,177088,5266308,43619.622,1621.101,0,46195.371,0,4274.903,19458,32522,2.220,1.750,0.960,2,1,45.031,0,0,11,36,0,10,0
16-01 18:12:23,36.985,6.747,45.981,9.246,0,1633708,849484,177116,5267072,47740.755,7284.064,0,56777.113,0,4222.298,19610,28378,2.220,1.750,0.960,2,0,38.984,0,0,11,35,0,12,0
16-01 18:12:24,21.259,9.504,67.279,0.250,0,1552604,930384,177116,5267276,22576.733,12123.227,0,2184.942,0,88.038,6230,7710,2.220,1.750,0.960,1,0,212.091,0,0,11,33,0,12,0
16-01 18:12:25,17.471,5.990,74.627,0.250,0,1462236,1020736,177116,5267292,13166.272,5548.843,0,918.484,0,40.932,3294,3081,2.220,1.750,0.960,2,0,54.909,0,0,11,32,0,13,0
16-01 18:12:26,18.750,2.750,78.500,0.250,0,1500744,982224,177116,5267296,16486.060,6661.024,0,2016.007,0,163.001,2379,1892,2.220,1.750,0.960,1,0,1.000,0,0,11,33,0,13,0
16-01 18:12:27,18.744,4.998,75.225,0.500,0,1459372,1023572,177116,5267316,16829.444,5369.227,0,2831.065,0,142.953,3717,3934,2.120,1.740,0.960,1,0,33.989,0,0,11,32,0,14,0
16-01 18:12:28,20.002,2.750,76.508,0,0,1516240,966704,177116,5267316,7633.787,3536.365,0,4.000,0,1.000,1732,1220,2.120,1.740,0.960,0,0,1.000,0,0,11,33,0,14,0
16-01 18:12:29,16.005,4.251,78.025,0,0,1484484,998444,177116,5267332,11643.755,6439.076,0,476.154,0,25.008,3036,2957,2.120,1.740,0.960,1,0,60.019,0,0,11,32,0,15,0
16-01 18:12:30,21.500,4.250,73.500,0,0,1509360,973620,177116,5267328,10102.987,1619.998,0,0,0,0,1982,1391,2.120,1.740,0.960,1,0,1.000,0,0,11,32,0,15,0
16-01 18:12:31,15.491,2.499,81.452,0,0,1494120,988496,177116,5267692,17285.780,11265.339,0,0,0,0,3067,3523,2.120,1.740,0.960,0,0,0,0,0,11,33,0,15,0
16-01 18:12:32,20.008,5.502,73.279,0.250,0,1437352,1045256,177116,5267700,10106.065,2458.989,0,228.092,0,18.007,2938,2597,2.030,1.730,0.960,1,0,43.017,0,0,11,32,0,16,0
16-01 18:12:33,19.006,2.251,78.526,0,0,1452812,1029664,177116,5267832,12682.267,7151.406,0,164.055,0,13.004,2007,1631,2.030,1.730,0.960,0,0,0,0,0,11,33,0,16,0
16-01 18:12:34,14.519,6.008,77.854,0.250,0,1414428,1068028,177116,5267852,14808.824,6823.134,0,256.343,0,27.036,4168,4570,2.030,1.730,0.960,2,0,81.109,0,0,11,32,0,17,0
16-01 18:12:35,9.002,23.256,66.768,0,0,1414520,1067772,177116,5268016,9861.713,1566.431,0,176.048,0,10.003,6422,4917,2.030,1.730,0.960,2,0,548.151,0,0,11,34,0,17,0
16-01 18:12:36,61.163,12.732,25.714,0.250,0,1524052,958028,177136,5268208,8832.498,1617.710,0,890.739,0,62.911,4943,3376,2.030,1.730,0.960,3,0,170.758,0,0,11,32,0,23,0
16-01 18:12:37,67.060,8.007,24.272,0,0,1662312,816996,177244,5270804,9089.090,1621.443,0,2486.213,0,65.058,3917,1803,2.110,1.750,0.970,4,0,0,0,0,11,32,0,23,0
16-01 18:12:38,65.803,6.505,26.021,1.501,0,1774260,699824,177424,5275272,7375.963,1621.311,0,10680.634,0,532.430,5917,4817,2.110,1.750,0.970,2,0,22.018,0,0,11,38,0,23,0
16-01 18:12:39,35.198,8.487,41.688,12.481,0,1778596,679440,177536,5290648,6027.065,1617.602,0,97595.311,0,7077.507,32212,49980,2.110,1.750,0.970,3,1,260.614,0,0,11,38,0,23,0
16-01 18:12:40,36.299,11.516,37.551,12.767,0,1797828,649936,177588,5300544,9062.239,1622.191,0,108678.777,0,7612.281,34458,60036,2.110,1.750,0.970,3,1,243.329,0,0,11,38,0,24,0
16-01 18:12:41,42.757,11.002,31.505,12.502,0,1707380,731296,177728,5309208,6894.184,1554.267,0,85938.763,0,6324.086,27917,43943,2.110,1.750,0.970,4,0,255.044,0,0,11,36,0,24,0
16-01 18:12:42,47.167,8.984,29.448,11.729,0,1762864,666812,177768,5317816,9578.139,1617.153,0,83732.598,0,6030.384,26713,40031,2.100,1.760,0.980,2,1,81.856,0,0,11,36,0,24,0
16-01 18:12:43,40.566,10.267,32.553,14.023,0,1814352,602300,177808,5330288,7952.996,1622.652,0,94045.681,0,6309.310,26054,42165,2.100,1.760,0.980,1,1,17.028,0,0,11,36,0,23,0
16-01 18:12:44,37.719,10.491,35.970,14.488,0,1752228,660520,177836,5334032,5751.241,1564.705,0,83562.847,0,6592.544,30182,44495,2.100,1.760,0.980,2,1,182.849,0,0,11,36,0,23,0
16-01 18:12:45,31.208,11.485,54.926,1.498,0,1514100,898424,177836,5334248,9249.616,1617.834,0,11460.656,0,813.910,7472,7760,2.100,1.760,0.980,1,0,257.655,0,0,11,32,0,23,0
16-01 18:12:46,22.498,2.750,72.994,0.250,0,1522432,890092,177836,5334248,7283.375,1619.861,0,1647.859,0,96.992,2068,1600,2.100,1.760,0.980,1,0,1.000,0,0,11,32,0,23,0
16-01 18:12:47,23.532,3.004,72.097,1.001,0,1572804,839720,177836,5334248,8792.878,1622.191,0,5559.510,0,335.453,2980,2795,2.010,1.740,0.980,1,0,2.003,0,0,11,36,0,23,0
16-01 18:12:48,22.719,3.495,73.400,0,0,1417548,994840,177836,5334384,6688.856,1617.788,0,155.787,0,11.984,2501,1897,2.010,1.740,0.980,1,0,27.962,0,0,11,32,0,23,0
16-01 18:12:49,22.494,2.999,73.479,0,0,1467696,944692,177836,5334384,8589.570,1619.542,0,27.992,0,3.999,1839,1235,2.010,1.740,0.980,1,0,1.000,0,0,11,32,0,23,0
16-01 18:12:50,23.929,2.243,72.534,0,0,1506780,905608,177836,5334384,7309.208,1507.505,0,506.490,0,40.878,2166,1805,2.010,1.740,0.980,1,0,1.994,0,0,11,34,0,23,0
16-01 18:12:51,13.576,36.202,49.275,0.503,0,1454776,957544,177840,5334444,8165.509,1629.079,0,241.345,0,22.123,7907,7317,2.010,1.740,0.980,2,0,1109.182,0,0,11,32,0,23,0
16-01 18:12:52,9.240,23.975,65.682,0,0,1455844,956360,177840,5334532,40677.884,1564.380,0,363.624,0,26.972,6693,5310,2.090,1.760,0.990,1,0,628.349,0,0,11,32,0,23,0
16-01 18:12:53,8.500,20.001,70.004,0,0,1437240,974928,177840,5334568,44387.359,1620.086,0,104.006,0,5.000,5874,4175,2.090,1.760,0.990,1,0,369.020,0,0,11,32,0,23,0
16-01 18:12:54,9.257,20.266,69.305,0,0,1405040,1007100,177840,5334592,7332.805,1621.284,0,40.032,0,10.008,5916,4474,2.090,1.760,0.990,1,0,401.318,0,0,11,32,0,23,0
16-01 18:12:55,25.998,13.749,58.745,0,0,1413072,999028,177844,5334952,8765.228,1619.857,0,4.000,0,1.000,6050,7539,2.090,1.760,0.990,3,0,209.981,0,0,11,32,0,23,0
16-01 18:12:56,45.150,7.733,46.896,0,0,1524556,887424,177852,5335176,7109.199,1616.407,0,0,0,0,3024,1767,2.090,1.760,0.990,2,0,45.898,0,0,11,33,0,23,0
16-01 18:12:57,45.268,5.502,48.270,0.250,0,1598504,813424,177864,5335208,8784.583,1662.678,0,356.145,0,15.006,3521,2761,2.080,1.770,1,2,0,17.007,0,0,11,49,0,23,0
16-01 18:12:58,46.091,6.763,45.841,0,0.250,1643044,764724,177924,5338904,9471.705,1514.992,4.008,2917.762,1.002,317.627,5232,7774,2.080,1.770,1,4,0,34.067,0,0,11,48,0,24,0
16-01 18:12:59,13.719,17.960,66.851,0,0,1661092,746312,177928,5339236,5789.072,1616.390,0,191.572,0,12.971,6370,6979,2.080,1.770,1,1,0,372.169,0,0,11,48,0,24,0
16-01 18:13:00,10.008,6.755,82.065,0.250,0,1655820,751584,177928,5339228,5838.650,1567.248,0,352.281,0,31.025,3773,5220,2.080,1.770,1,1,0,91.073,0,0,11,48,0,24,0
16-01 18:13:01,0.749,0.749,97.633,0,0,1653160,754244,177928,5339228,10704.148,1618.057,0,75.909,0,5.993,819,1000,2.080,1.770,1,0,0,2.996,0,0,11,48,0,24,0
16-01 18:13:02,0.250,0.750,98.024,0,0,1649532,757872,177928,5339228,8306.055,1662.411,0,32.008,0,4.001,827,1008,1.920,1.740,0.990,0,0,3.001,0,0,11,48,0,24,0
16-01 18:13:03,0.750,0.250,98.258,0,0,1647636,759768,177928,5339228,8698.688,1620.128,0,0,0,0,736,926,1.920,1.740,0.990,0,0,1.000,0,0,11,48,0,24,0
16-01 18:13:04,2.756,4.760,91.691,0,0,1632124,775292,177928,5339212,8921.598,1623.384,0,4.008,0,1.002,2147,2080,1.920,1.740,0.990,1,0,85.178,0,0,11,48,0,24,0
16-01 18:13:05,19.982,14.487,64.193,0,0,1617056,790352,177928,5339236,9261.765,1618.561,0,435.613,0,1.998,5903,7775,1.920,1.740,0.990,0,0,253.774,0,0,11,48,0,24,0
16-01 18:13:06,12.263,17.519,69.325,0,0,1665536,741848,177928,5339268,7630.209,1751.885,0,8.009,0,2.002,5607,4817,1.920,1.740,0.990,1,0,355.382,0,0,12,48,0,24,0
16-01 18:13:07,19.668,13.942,65.228,0.249,0,1686276,720908,177928,5339424,6235.979,1613.268,0,342.571,0,29.875,6232,8061,1.840,1.730,0.990,1,0,238.007,0,0,12,64,0,18,0
16-01 18:13:08,5.270,6.775,87.326,0,0,1685420,721768,177928,5339420,8779.734,1571.860,0,244.913,0,10.037,2615,2585,1.840,1.730,0.990,1,0,158.591,0,0,12,64,0,18,0
16-01 18:13:09,18.960,14.968,64.613,0,0,1655660,751500,177928,5339892,8890.132,1616.569,0,19.958,0,3.992,6064,7187,1.840,1.730,0.990,1,0,242.485,0,0,14,64,0,18,0
16-01 18:13:10,9.024,19.051,70.939,0,0,1659800,747256,177928,5339496,7271.347,1624.322,0,3252.654,0,121.323,5972,4944,1.840,1.730,0.990,2,0,366.976,0,0,14,66,0,18,0
16-01 18:13:11,11.244,19.990,67.966,0.250,0,1637504,769516,177928,5339872,9936.011,1661.166,0,859.568,0,16.991,6707,6059,1.840,1.730,0.990,5,0,394.802,0,0,14,66,0,16,0
16-01 18:13:12,23.990,15.744,59.226,0,0,1661304,745680,177928,5339544,9099.248,1619.332,0,23.990,0,1.000,5948,6729,1.770,1.710,0.990,3,0,284.883,0,0,14,66,0,16,0
16-01 18:13:13,30.031,23.524,45.797,0,0,1744492,662428,177936,5339600,9772.994,1621.658,0,388.397,0,9.009,6806,5432,1.770,1.710,0.990,2,0,581.595,0,0,14,66,0,16,0
16-01 18:13:14,29.751,25.251,44.001,0,0,1846988,558440,178012,5340932,8087.261,1566.051,0,1196.039,0,12.000,7417,8450,1.770,1.710,0.990,2,0,530.017,0,0,14,70,0,18,0
16-01 18:13:15,39.084,18.919,41.324,0,0,1948524,456856,178012,5340952,7714.164,1559.362,0,43.814,0,6.970,6266,6877,1.770,1.710,0.990,2,0,239.979,0,0,14,70,0,18,0
16-01 18:13:16,69.817,25.274,4.254,0,0,2077536,327580,178028,5341616,9739.332,1657.588,0,584.560,0,8.008,5181,4785,1.770,1.710,0.990,5,0,574.551,0,0,14,70,0,18,0
16-01 18:13:17,60.888,19.544,19.294,0,0,2174988,228964,178056,5343132,7959.056,1623.683,0,164.373,0,6.014,6385,9412,1.870,1.730,1,3,0,300.682,0,0,14,70,0,18,0
16-01 18:13:18,69.324,25.277,4.255,0.501,0,2277908,208504,171556,5268148,6633.057,1621.725,164.175,9197.786,6.006,531.566,6240,5392,1.870,1.730,1,2,2,464.494,0,0,14,70,0,18,0
16-01 18:13:19,68.447,18.916,6.471,5.974,0,2392160,163696,171416,5200896,9159.481,1612.865,2110.663,8613.895,134.405,369.366,8657,10347,1.870,1.730,1,6,0,259.850,0,0,14,74,0,18,0
16-01 18:13:20,61.459,23.580,6.773,6.522,0,2494536,127176,170920,5136892,8066.393,1719.840,710.412,32554.552,41.140,2156.323,15787,23016,1.870,1.730,1,7,1,368.251,0,0,14,76,0,17,0
16-01 18:13:21,63.851,21.200,11.473,2.993,0,2554876,137552,170464,5068308,8882.259,1616.226,985.698,15112.710,47.888,1366.808,13852,21128,1.870,1.730,1,5,0,300.299,0,0,14,76,0,18,0
16-01 18:13:22,78.316,19.266,1.501,0.500,0,2660404,158824,169176,4945172,42222.482,1621.363,156.131,1533.289,20.017,72.061,8985,13421,2.120,1.790,1.020,4,1,316.266,0,0,14,86,0,26,0
16-01 18:13:23,55.063,25.279,19.522,0.501,0,2798108,169420,169120,4800492,33230.784,1513.721,440.501,901.024,28.032,53.060,7466,8164,2.120,1.790,1.020,3,0,534.608,0,0,14,93,0,27,0
16-01 18:13:24,48.869,19.448,30.418,0.499,0,2874884,159684,169120,4735212,19168.438,1615.654,801.843,753.972,63.828,41.887,8813,13859,2.120,1.790,1.020,2,0,324.128,0,0,14,95,0,25,0
16-01 18:13:25,62.884,12.026,21.796,2.756,0,3025868,140068,169140,4606468,10114.507,1569.337,2140.552,3419.271,37.079,168.358,6101,8392,2.120,1.790,1.020,3,0,137.292,0,0,14,98,0,28,0
16-01 18:13:26,35.301,10.515,51.824,0.751,0,3096568,135132,169160,4542084,11581.629,1622.329,817.173,2131.060,41.059,137.197,5013,4482,2.120,1.790,1.020,3,0,135.194,0,0,14,101,0,28,0
16-01 18:13:27,8.253,19.258,71.279,0,0,3098712,132952,169160,4542120,7137.946,1710.706,0,92.038,0,8.003,5715,4249,1.950,1.760,1.020,1,0,362.149,0,0,14,101,0,28,0
16-01 18:13:28,8.243,19.482,70.686,0.250,0,3092380,139252,169160,4542152,7938.850,1618.542,0,135.878,0,13.987,5977,4621,1.950,1.760,1.020,1,0,379.658,0,0,14,101,0,26,0
16-01 18:13:29,17.450,9.722,71.795,0.249,0,3141568,156784,169160,4476636,7993.129,1615.378,7.977,35.897,0.997,3.989,3101,2239,1.950,1.760,1.020,1,0,114.672,0,0,14,101,0,26,0
16-01 18:13:30,18.045,2.005,78.945,0,0,3160508,137924,169164,4476692,13981.606,8026.867,44.109,3127.741,5.012,17.042,2203,2032,1.950,1.760,1.020,2,0,0,0,0,14,105,0,26,0
16-01 18:13:31,19.436,6.230,73.260,0,0,3167832,130596,169164,4476716,21538.331,17543.438,0,291.045,0,15.948,2938,2498,1.950,1.760,1.020,1,0,62.794,0,0,14,103,0,27,0
16-01 18:13:32,19.072,3.011,77.291,0.251,0,3200036,163928,169164,4412728,15852.765,7202.152,12.045,156.590,3.011,22.083,2266,2183,1.880,1.750,1.020,2,0,1.004,0,0,14,106,0,25,0
16-01 18:13:33,21.260,3.001,74.286,0.250,0,3192292,171348,169180,4412992,9377.576,2390.166,16.008,640.312,1.000,52.025,2636,2573,1.880,1.750,1.020,3,0,4.002,0,0,14,116,0,25,0
16-01 18:13:34,27.746,4.749,64.491,1.500,0,3198692,164660,169180,4413280,9841.557,1619.762,15.998,2343.656,1.000,268.961,6480,8780,1.880,1.750,1.020,1,0,3.000,0,0,14,119,0,26,0
16-01 18:13:35,19.000,8.250,71.250,0.250,0,3196908,166380,169180,4413344,9581.017,2763.005,0,716.001,0,58.000,4229,4328,1.880,1.750,1.020,1,0,112.000,0,0,14,120,0,27,0
16-01 18:13:36,29.687,5.488,63.116,0.249,0,3281284,147532,169180,4349404,15426.351,7326.494,39.916,1061.753,3.992,44.905,3409,2903,1.880,1.750,1.020,1,0,4.989,0,0,14,127,0,20,0
16-01 18:13:37,20.268,2.252,75.817,0.751,0,3279640,149156,169184,4349420,13180.705,4383.893,8.007,1004.892,2.002,97.086,2986,3203,1.810,1.730,1.020,1,0,2.002,0,0,14,127,0,20,0
16-01 18:13:38,30.436,9.730,57.878,0.499,0,3278196,213032,169068,4288420,7731.721,2808.088,3.992,1632.563,0.998,144.695,5680,6469,1.810,1.730,1.020,2,0,95.798,0,0,14,128,0,21,0
16-01 18:13:39,42.613,8.523,48.379,0.251,0,3391376,164208,169068,4225960,5770.348,2239.958,0,10921.048,0,584.555,3973,1670,1.810,1.730,1.020,1,0,5.013,0,0,14,129,0,21,0
16-01 18:13:40,30.004,8.251,60.009,0.500,0,3339068,216136,169068,4226160,31491.514,23203.326,188.027,1884.270,2.000,111.016,4250,13028,1.810,1.730,1.020,1,0,91.013,0,0,14,128,0,22,0
16-01 18:13:41,21.992,4.498,72.975,0.750,0.250,3403240,152128,169068,4226180,8179.198,1607.449,7.997,2387.182,1.999,281.903,2506,1611,1.810,1.730,1.020,1,0,0,0,0,14,128,0,22,0
16-01 18:13:42,16.257,3.752,78.783,0,0,3391516,163708,169068,4226324,31382.336,23998.198,0,1696.721,0,4.002,2444,1814,1.660,1.710,1.010,1,0,51.022,0,0,14,128,0,23,0
16-01 18:13:43,21.222,4.744,73.904,0,0,3438012,180228,169068,4164892,7376.429,2231.105,0,0,0,0,1839,1235,1.660,1.710,1.010,1,0,0,0,0,14,129,0,23,0
16-01 18:13:44,15.753,2.501,79.267,1.000,0,3435584,182616,169068,4164932,15782.383,8639.852,12.003,1720.369,3.001,141.030,3289,3774,1.660,1.710,1.010,1,0,0,0,0,14,128,0,24,0
16-01 18:13:45,19.765,7.005,72.804,0,0,3423948,194220,169068,4164964,8528.352,1621.208,0,248.185,0,17.013,2753,2186,1.660,1.710,1.010,1,0,82.061,0,0,14,128,0,24,0
16-01 18:13:46,23.488,3.498,71.963,0,0,3424608,193500,169068,4165024,28285.339,23843.641,0,571.704,0,39.979,5833,9800,1.660,1.710,1.010,1,0,29.984,0,0,14,136,0,28,1
16-01 18:13:47,20.498,5.749,72.741,0,0,3397932,220164,169068,4165036,8500.986,1685.799,0,187.978,0,9.999,2435,1711,1.610,1.690,1.010,2,0,54.993,0,0,14,136,0,29,0
16-01 18:13:48,15.983,1.998,80.666,0.250,0,3415528,202536,169068,4165068,15834.495,8167.487,19.979,351.633,1.998,37.960,2135,1981,1.610,1.690,1.010,2,0,0.999,0,0,14,137,0,29,0
16-01 18:13:49,27.060,5.763,63.641,2.255,0,3418584,199308,169072,4165236,6504.382,2746.072,16.035,7576.754,1.002,639.414,8412,12881,1.610,1.690,1.010,1,0,1.002,0,0,14,137,0,30,1
16-01 18:13:50,19.997,5.999,73.240,0,0.250,3420828,197044,169076,4165252,9899.650,1751.761,3.999,911.876,1.000,34.995,2665,2093,1.610,1.690,1.010,1,0,52.993,0,0,14,137,0,31,0
16-01 18:13:51,18.000,2.500,78.499,0.500,0,3420824,197044,169076,4165256,12966.798,8025.875,0,671.990,0,31.000,1815,1368,1.610,1.690,1.010,2,0,0,0,0,14,139,0,31,0
16-01 18:13:52,20.750,5.000,71.750,0.250,0,3424524,193312,169076,4165288,48284.223,5260.024,0,1580.007,0,150.001,6392,9011,1.480,1.670,1.010,1,0,8.000,0,0,14,138,0,31,0
16-01 18:13:53,32.983,6.247,58.219,0.750,0,3395832,221840,169076,4165452,42547.433,2483.683,0,1127.402,0,124.934,8238,12139,1.480,1.670,1.010,1,0,21.988,0,0,14,141,0,32,0
16-01 18:13:54,21.779,5.507,72.345,0,0,3467068,150592,169076,4165464,7558.949,1568.064,0,452.596,0,28.037,2368,1821,1.480,1.670,1.010,1,0,47.062,0,0,14,141,0,32,0
16-01 18:13:55,14.746,1.999,81.975,0.500,0,3467088,150544,169076,4165492,17218.772,10050.948,0,903.726,0,95.971,2783,3182,1.480,1.670,1.010,1,0,0,0,0,14,142,0,32,0
16-01 18:13:56,19.702,8.230,70.576,0.249,0,3410080,207528,169076,4165516,9869.730,2760.213,0,798.038,0,66.836,3875,3699,1.480,1.670,1.010,2,0,146.639,0,0,14,143,0,33,0
16-01 18:13:57,19.496,2.000,77.484,0.250,0,3442820,174780,169076,4165524,12987.318,7340.484,0,571.882,0,35.993,1979,1510,1.440,1.650,1.010,1,0,0,0,0,14,144,0,33,0
16-01 18:13:58,17.017,4.004,77.329,0.501,0,3444180,173268,169080,4165672,15337.701,7486.664,0,804.824,0,78.080,4092,5203,1.440,1.650,1.010,3,0,1.001,0,0,14,144,0,33,0
16-01 18:13:59,28.497,7.499,61.244,0.750,0,3443928,173300,169084,4165888,10079.987,1661.833,31.997,4319.566,2.000,430.957,10528,15629,1.440,1.650,1.010,6,0,1.000,0,0,14,144,0,33,0
16-01 18:14:00,39.000,16.000,42.500,1.250,0,3376452,240492,169084,4166076,11073.023,3604.007,0,7948.016,0,550.001,12989,19383,1.440,1.650,1.010,1,0,288.001,0,0,14,143,0,34,0
16-01 18:14:01,20.777,2.503,76.350,0,0,3435168,181776,169084,4166076,8797.508,3770.933,0,740.969,0,23.030,1964,1483,1.440,1.650,1.010,0,0,0,0,0,14,144,0,33,0
16-01 18:14:02,17.004,7.252,74.269,0.250,0,3428248,188680,169084,4166092,11854.035,7061.808,0,364.093,0,17.004,3655,3218,1.320,1.630,1,1,0,119.030,0,0,14,143,0,34,0
16-01 18:14:03,9.747,19.993,68.976,0,0,3388948,227808,169084,4166264,8820.921,1709.403,0,399.860,0,21.992,6190,4816,1.320,1.630,1,2,0,416.854,0,0,14,143,0,34,0
16-01 18:14:04,18.215,15.470,65.375,0.250,0,3389224,227520,169088,4166272,9602.588,1563.003,0,335.357,0,18.964,6588,8194,1.320,1.630,1,1,0,233.552,0,0,14,143,0,34,0
16-01 18:14:05,31.053,21.286,46.329,0,0,3445216,171472,169092,4166328,8289.131,1622.766,0,1033.762,0,55.094,6762,5553,1.320,1.630,1,2,0,469.801,0,0,14,143,0,34,0
16-01 18:14:06,35.777,19.265,44.534,0,0,3493840,184336,169104,4106288,6997.376,1637.258,80.062,420.323,5.004,32.025,7400,7877,1.320,1.630,1,1,0,359.276,0,0,14,149,0,34,0
16-01 18:14:07,40.171,19.462,38.923,0,0,3557616,181024,169108,4047652,8500.254,1616.815,107.788,459.096,8.982,34.931,6441,7829,1.540,1.670,1.020,5,0,409.194,0,0,16,149,0,34,2
16-01 18:14:08,56.586,28.293,14.773,0,0,3709168,138364,168912,3941568,7598.601,1622.477,32.049,636.972,4.006,51.078,8072,12251,1.540,1.670,1.020,5,0,494.755,0,0,16,155,0,34,2
16-01 18:14:09,58.282,18.260,23.013,0.250,0,3799232,127420,168880,3862604,5730.180,1566.870,28.016,456.253,4.002,32.018,8929,13458,1.540,1.670,1.020,2,0,280.155,0,0,16,171,0,34,2
16-01 18:14:10,36.692,22.215,38.689,0.998,0,3844188,180920,168928,3765568,5717.040,1707.324,43.931,666.955,6.989,16.973,7619,5887,1.540,1.670,1.020,2,0,566.113,0,0,16,171,0,34,2
16-01 18:14:11,23.776,22.524,53.558,0,0,3893920,131268,168928,3765968,9005.755,1621.757,0,440.477,0,24.026,7234,7014,1.540,1.670,1.020,1,0,444.481,0,0,17,173,0,34,0
16-01 18:14:12,24.757,14.754,59.766,0.250,0,3911112,166340,168680,3714348,7641.019,1566.414,12.003,1164.308,3.001,99.026,5892,6439,1.500,1.650,1.020,2,0,253.067,0,0,17,173,0,34,0
16-01 18:14:13,30.999,23.250,44.499,0,0,3972512,159008,168680,3661664,9032.822,1619.968,8.000,403.992,2.000,30.999,6725,5674,1.500,1.650,1.020,2,0,468.991,0,0,17,173,0,34,0
16-01 18:14:14,43.489,16.746,35.491,2.249,0,4063220,152064,168696,3579960,6990.175,1635.573,135.964,11572.978,2.999,879.770,9457,12322,1.500,1.650,1.020,1,1,241.937,0,0,17,185,0,34,0
16-01 18:14:15,28.493,19.495,44.739,6.498,0,4129996,157692,168696,3509104,9221.791,1619.612,31.992,187.955,2.000,13.997,5825,4978,1.500,1.650,1.020,4,0,468.888,0,0,17,185,0,34,0
16-01 18:14:16,28.012,23.260,47.520,0.500,0,4208560,128392,168696,3461124,8834.777,1620.693,28.012,736.315,4.002,57.024,8933,10727,1.500,1.650,1.020,1,0,610.261,0,0,17,197,0,34,0
16-01 18:14:17,10.742,20.235,67.449,0,0,4198568,138220,168696,3461740,7477.347,1564.817,0,3093.661,0,43.967,6381,5291,1.460,1.640,1.020,4,0,379.713,0,0,17,197,0,32,0
16-01 18:14:18,25.769,16.012,57.792,0.751,0,4234488,131572,168696,3432804,7650.580,1621.182,0,484.353,0,36.026,6784,8304,1.460,1.640,1.020,3,0,261.190,0,0,17,199,0,32,0
16-01 18:14:19,45.231,7.997,44.731,1.000,0,4364292,136224,168696,3300364,10771.421,1619.312,475.798,419.822,12.994,55.976,3960,3188,1.460,1.640,1.020,2,0,8.996,0,0,17,215,0,32,0
16-01 18:14:20,44.943,6.741,46.191,0.749,0,4471656,151912,168696,3179356,8678.938,1657.887,211.730,199.745,9.987,10.986,3374,1990,1.460,1.640,1.020,2,0,5.992,0,0,17,217,0,32,0
16-01 18:14:21,32.058,16.780,50.591,0.250,0.250,4391332,231492,168700,3180096,10565.104,1713.098,24.043,524.949,3.005,32.058,5709,5385,1.460,1.640,1.020,2,0,340.616,0,0,17,219,0,32,0
16-01 18:14:22,33.755,21.003,42.757,1.000,0,4432664,188256,168708,3181976,46361.503,3590.581,924.150,484.078,10.002,43.007,8017,9439,1.580,1.670,1.030,2,0,477.077,0,0,17,220,0,32,0
16-01 18:14:23,43.493,21.747,32.745,1.250,0,4397112,221680,168716,3184076,51289.189,8359.727,1147.825,507.923,20.997,36.994,8207,10339,1.580,1.670,1.030,2,0,325.950,0,0,17,227,0,33,0
16-01 18:14:24,68.404,15.728,10.735,4.494,0,4589564,133848,168732,3082056,10316.525,2230.870,483.322,974.632,14.979,23.966,5183,4805,1.580,1.670,1.030,2,0,149.790,0,0,17,235,0,33,0
16-01 18:14:25,54.505,13.251,24.252,7.751,0,4642372,251464,168748,2916228,15939.580,11078.098,1432.142,700.069,51.005,32.003,5078,4693,1.580,1.670,1.030,2,2,20.002,0,0,17,241,0,24,0
16-01 18:14:26,59.767,10.753,15.004,12.504,0,4681352,202608,168820,2926012,10862.172,2413.705,6089.778,2280.666,456.133,146.043,7160,7672,1.580,1.670,1.030,5,0,32.009,0,0,17,246,0,25,0
16-01 18:14:27,41.547,21.024,36.041,0.751,0,4719100,161988,168824,2928820,15359.541,7352.397,260.297,532.608,6.007,20.023,7451,8577,1.850,1.720,1.050,3,0,427.488,0,0,17,244,0,30,0
16-01 18:14:28,36.249,22.000,40.749,0,0,4668000,211000,168828,2931316,11139.804,6753.881,111.998,9343.835,5.000,74.999,7628,10385,1.850,1.720,1.050,2,0,360.994,0,0,17,245,0,31,0
16-01 18:14:29,51.251,22.001,26.751,0.250,0,4750560,168176,168828,2891996,14518.423,7344.214,4.000,524.015,1.000,32.001,6450,6335,1.850,1.720,1.050,4,0,430.013,0,0,17,250,0,28,0
16-01 18:14:30,53.086,22.182,22.680,1.495,0,4751484,205800,169064,2854980,13196.298,6787.066,1128.519,1036.802,47.852,71.779,7834,10157,1.850,1.720,1.050,6,0,390.795,0,0,17,249,0,29,0
16-01 18:14:31,64.915,22.557,11.780,0.251,0,4838700,145260,169296,2828292,9417.875,1730.387,461.169,777.972,28.071,45.114,8053,11610,1.850,1.720,1.050,3,0,383.973,0,0,17,255,0,32,0
16-01 18:14:32,50.005,22.752,26.252,0.250,0,4888600,154992,169128,2770352,18002.670,12533.162,320.030,2224.206,16.001,78.007,7765,11091,1.950,1.740,1.060,3,0,360.033,0,0,17,257,0,34,0
16-01 18:14:33,59.504,21.752,18.001,0.500,0,4946456,144688,168892,2723716,6375.452,1566.111,412.029,444.032,27.002,20.001,6729,10613,1.950,1.740,1.060,5,0,267.019,0,0,17,263,0,33,0
16-01 18:14:34,62.210,11.493,24.484,0.750,0,5059664,126000,168896,2630148,18903.794,11395.642,803.481,671.566,12.992,21.986,9065,15924,1.950,1.740,1.060,3,0,8.994,0,0,17,265,0,33,0
16-01 18:14:35,50.268,7.253,30.011,12.004,0,5055948,153788,168904,2606944,18915.742,9292.312,792.282,15273.444,69.025,1128.402,7090,4961,1.950,1.740,1.060,2,1,13.005,0,0,17,268,0,37,0
16-01 18:14:36,58.999,9.500,29.750,1.500,0,5140636,126388,168852,2550672,17119.713,9834.835,1331.978,3007.950,49.999,215.996,6762,7420,1.950,1.740,1.060,3,0,11.000,0,0,17,274,0,41,0
16-01 18:14:37,44.922,28.950,22.710,2.496,0,5061616,201584,169116,2554344,11604.761,6708.301,4356.402,1684.063,70.876,84.852,9064,10796,2.110,1.780,1.070,7,0,555.032,0,0,17,273,0,40,0
16-01 18:14:38,51.599,22.543,24.797,0,0,5093840,168784,169116,2555276,14909.506,7424.195,853.632,989.893,11.021,42.080,7299,8659,2.110,1.780,1.070,5,0,332.636,0,0,17,274,0,40,0
16-01 18:14:39,65.479,18.244,14.495,0.500,0,5110444,185136,168776,2523504,16397.745,6868.799,955.694,971.689,22.993,52.983,6055,5695,2.110,1.780,1.070,4,0,242.922,0,0,18,276,0,41,0
16-01 18:14:40,78.279,15.456,1.246,5.734,0,5255944,131504,168892,2436924,7921.683,1561.601,3342.583,793.764,189.466,51.854,6440,10679,2.110,1.780,1.070,5,1,45.871,0,0,18,280,0,41,0
16-01 18:14:41,73.682,11.027,12.030,2.757,0,5311172,139284,168916,2372704,16162.908,12313.404,1760.347,2474.109,89.220,248.614,6754,12137,2.110,1.780,1.070,3,0,12.030,0,0,18,283,0,43,0
16-01 18:14:42,62.964,16.490,18.989,0.500,0,5319932,160412,168940,2343468,12949.500,2344.642,999.421,1135.342,24.986,80.953,7309,9414,2.260,1.820,1.090,2,0,226.869,0,0,18,287,0,42,0
16-01 18:14:43,36.047,7.260,54.071,1.252,0,5388376,123128,168948,2313348,18720.572,10567.871,781.025,11254.772,9.012,247.325,4066,2966,2.260,1.820,1.090,0,0,8.011,0,0,18,290,0,42,0
16-01 18:14:44,37.204,9.738,52.185,0.250,0,5390576,144764,168948,2290772,237827.800,11568.641,563.301,623.226,7.990,52.934,4745,4683,2.260,1.820,1.090,3,0,12.984,0,0,18,292,0,43,0
16-01 18:14:45,45.532,11.758,40.028,1.251,0,5377484,139780,168948,2308816,16370795.099,116368.798,2789.985,368.262,30.021,16.011,10059,5153,2.260,1.820,1.090,4,0,129.092,0,0,18,292,0,43,0
16-01 18:14:46,36.027,11.258,51.038,0.500,0,5352284,193424,168948,2281600,14805.931,6816.032,276.204,2201.625,4.003,160.118,5394,5179,2.260,1.820,1.090,3,0,143.106,0,0,18,297,0,42,0
16-01 18:14:47,36.952,4.744,57.176,0.250,0,5385496,160200,168948,2281612,17583.232,12166.246,0,319.586,0,32.957,3530,2685,2.240,1.820,1.100,0,0,0,0,0,18,299,0,43,0
16-01 18:14:48,29.751,4.500,64.753,0.750,0,5389096,156028,168948,2282188,107182.287,3939638.566,448.018,4644.186,23.001,99.004,5478,7060,2.240,1.820,1.100,1,0,2.000,0,0,18,301,0,47,0
16-01 18:14:49,3.498,2.499,91.455,0.250,0,5351820,193360,168948,2282196,322272.667,12457650.232,3.998,311.845,1.000,15.992,2994,2039,2.240,1.820,1.100,0,0,36.982,0,0,18,301,0,47,0
16-01 18:14:50,2.000,0.750,95.750,0,0,5321012,224072,168948,2282292,9426.036,1566.006,96.000,240.001,6.000,15.000,1416,1963,2.240,1.820,1.100,0,0,0,0,0,18,301,0,40,0
16-01 18:14:51,8.012,1.753,88.634,0.501,0,5324184,220892,168948,2282300,5833714.151,30077.547,0,909.377,0,72.109,4346,4261,2.240,1.820,1.100,1,0,0,0,0,18,306,0,40,0
16-01 18:14:52,21.755,6.251,68.766,0.750,0,5254024,274620,168964,2298684,10734838.513,74478.869,80.019,800.192,5.001,81.019,8356,8700,2.140,1.810,1.090,3,0,65.016,0,0,18,303,0,43,0
16-01 18:14:53,13.470,16.213,68.845,0.249,0,5278224,250328,168964,2298776,58803.249,1616.351,27.937,299.324,1.995,16.962,5938,5201,2.140,1.810,1.090,1,0,408.079,0,0,18,303,0,43,0
16-01 18:14:54,22.291,5.510,71.884,0,0,5301484,227068,168964,2298776,20053.300,1623.019,0,16330.376,0,59.110,2880,2223,2.140,1.810,1.090,1,0,48.089,0,0,18,303,0,42,0
16-01 18:14:55,8.000,19.751,69.753,1.250,0,5289912,238500,168964,2298884,9065.337,1620.060,48.002,8056.300,2.000,946.035,8126,5293,2.140,1.810,1.090,1,0,385.014,0,0,18,303,0,42,0
16-01 18:14:56,5.735,10.971,77.542,3.491,0,5288832,239528,168964,2298936,8831.332,1561.814,19.947,275.262,1.995,25.931,4164,3970,2.140,1.810,1.090,0,0,237.364,0,0,18,307,0,42,0
16-01 18:14:57,7.984,2.745,88.573,0,0,5306692,221668,168964,2298936,8877.220,1616.762,0,43.912,0,3.992,1689,1867,1.970,1.780,1.090,1,0,8.982,0,0,18,307,0,42,0
16-01 18:14:58,19.824,2.760,76.035,0.251,0,5349284,179072,168964,2298940,11644.579,7281.250,0,4846.136,0,99.372,2531,2156,1.970,1.780,1.090,0,0,1.004,0,0,18,308,0,41,0
16-01 18:14:59,17.001,8.001,73.005,0.500,0,5332024,196220,168968,2299048,15122.026,4922.334,76.005,0,7.000,0,3883,3397,1.970,1.780,1.090,1,0,118.008,0,0,18,311,0,42,0
16-01 18:15:00,12.261,16.264,70.061,0,0,5311444,216464,168968,2299368,8562.448,1567.363,4.003,84.073,1.001,6.005,5505,4259,1.970,1.780,1.090,1,0,211.184,0,0,18,311,0,42,0
16-01 18:15:01,12.493,16.741,69.963,0,0,5300556,227104,168968,2299604,7327.143,1619.148,0,283.851,0,22.988,5840,4726,1.970,1.780,1.090,2,0,222.883,0,0,18,311,0,42,0
16-01 18:15:02,23.245,5.499,69.985,0.500,0,5332412,195196,168968,2299640,11417.543,1619.651,19.996,463.900,2.000,47.990,3315,3068,1.970,1.780,1.090,1,0,54.988,0,0,18,315,0,41,0
16-01 18:15:03,23.228,3.247,71.682,0.749,0,5394788,132712,168968,2299748,9645.851,1660.425,267.746,12000.617,4.995,42.959,2431,2013,1.970,1.780,1.090,1,0,1.998,0,0,18,315,0,41,0
16-01 18:15:04,24.264,3.502,71.540,0.500,0,5365700,192044,168968,2270588,5578.138,1566.881,112.063,552.311,7.004,46.026,2796,2615,1.970,1.780,1.090,1,0,7.004,0,0,18,315,0,41,0
16-01 18:15:05,24.011,2.501,72.283,0,0,5419796,137904,168968,2270632,9350.332,1620.751,24.011,168.078,5.002,16.007,2379,2016,1.970,1.780,1.090,1,0,0,0,0,18,315,0,41,0
16-01 18:15:06,18.740,4.498,75.959,0,0,5430268,157552,168968,2241448,13280.772,7951.672,0,0,0,0,2613,2483,1.970,1.780,1.090,0,0,2.998,0,0,18,318,0,40,0
16-01 18:15:07,16.515,1.752,80.073,0.500,0,5426680,161116,168968,2241472,19887.026,14378.033,4.004,1969.785,1.001,127.115,3115,3308,1.810,1.750,1.090,1,0,3.003,0,0,18,315,0,42,0
16-01 18:15:08,22.758,4.752,71.524,0,0,5328240,259552,168968,2241476,8884.955,1512.503,0,304.101,0,16.005,2566,2315,1.810,1.750,1.090,1,0,16.005,0,0,18,315,0,42,0
16-01 18:15:09,23.214,3.245,71.640,0.250,0,5279252,308404,168968,2241612,8819.482,1617.521,0,347.467,0,27.957,2627,2213,1.810,1.750,1.090,2,0,41.936,0,0,18,315,0,42,0
16-01 18:15:10,9.252,18.254,70.017,1.500,0,5291976,295508,168972,2241780,9202.184,1620.385,440.104,1088.258,10.002,45.011,5878,4891,1.810,1.750,1.090,1,0,357.085,0,0,18,315,0,42,0
16-01 18:15:11,16.981,10.488,70.420,0.499,0,5315656,271636,169216,2241728,7099.912,1564.218,235.731,315.640,9.989,26.969,4530,3988,1.810,1.750,1.090,1,0,199.772,0,0,18,315,0,42,0
16-01 18:15:12,19.003,2.000,77.261,0.250,0,5330304,256824,169240,2241868,11470.599,3725.519,48.007,392.055,2.000,25.003,2415,2332,1.750,1.740,1.090,2,0,17.002,0,0,18,316,0,42,0
16-01 18:15:13,23.529,3.004,72.840,0.250,0,5335268,244692,169916,2248260,12097.900,1796.212,124.153,997.228,4.005,16.020,2410,1956,1.750,1.740,1.090,3,0,2.002,0,0,18,315,0,42,0
16-01 18:15:14,18.490,2.499,78.208,0,0,5349520,229068,169932,2249584,16052.347,4548.548,0,391.789,0,11.994,2299,2105,1.750,1.740,1.090,2,0,18.990,0,0,18,316,0,42,0
16-01 18:15:15,23.794,4.007,69.379,0.250,0,5343876,228988,170508,2254576,9837.231,1797.331,0,937.738,0,17.032,10776,19293,1.750,1.740,1.090,1,0,11.020,0,0,18,315,0,42,0
16-01 18:15:16,17.475,3.745,77.889,0.499,0,5342196,230164,170568,2255016,16137.914,4436.653,31.954,3255.343,5.991,431.383,3032,2101,1.750,1.740,1.090,3,0,3.994,0,0,18,316,0,42,0
16-01 18:15:17,22.256,7.002,68.268,0.500,0,5347008,225132,170620,2255184,9245.501,1620.438,0,620.168,0,25.007,10659,18899,1.690,1.730,1.090,2,0,19.005,0,0,18,316,0,42,0
16-01 18:15:18,19.515,7.506,71.555,0,0,5301152,282408,170700,2243684,9146.058,1795.385,0,824.636,0,24.019,3532,3056,1.690,1.730,1.090,2,0,107.083,0,0,18,315,0,42,0
16-01 18:15:19,18.215,9.981,70.862,0,0,5353736,230132,170700,2243536,7402.629,1562.966,0,0,0,0,3650,3081,1.690,1.730,1.090,2,0,158.692,0,0,18,315,0,42,0
16-01 18:15:20,20.244,1.750,77.229,0,0,5370104,213576,170700,2243724,12366.582,7501.926,0,0,0,0,2222,1947,1.690,1.730,1.090,1,0,0,0,0,18,316,0,42,0
16-01 18:15:21,21.721,8.738,67.159,0.250,0,5357300,226072,170700,2244032,13566.705,6180.665,175.763,1050.583,10.985,42.942,5393,6846,1.690,1.730,1.090,1,0,112.848,0,0,18,319,0,45,0
16-01 18:15:22,22.585,3.513,72.775,0.502,0,5388760,194456,170700,2244188,48064.692,7442.132,96.364,421.594,4.015,44.167,3452,3440,1.630,1.710,1.090,2,0,2.008,0,0,18,320,0,45,0
16-01 18:15:23,21.454,6.237,70.847,0,0,5325296,257904,170700,2244204,23899.282,4472.322,0,271.413,0,23.948,3622,3438,1.630,1.710,1.090,1,0,69.849,0,0,18,319,0,46,0
16-01 18:15:24,19.514,3.002,75.803,0,0,5350716,232480,170700,2244208,37605.129,7241.031,0,228.159,0,14.010,2497,2344,1.630,1.710,1.090,1,0,1.001,0,0,18,322,0,46,0
16-01 18:15:25,19.500,6.250,73.250,0.250,0.250,5336340,246692,170700,2244372,17100.004,8956.002,16.000,432.000,1.000,27.000,3218,2827,1.630,1.710,1.090,1,0,56.000,0,0,18,321,0,47,0
16-01 18:15:26,19.207,2.494,76.328,0,0.249,5346920,236108,170700,2244376,14669.930,7327.482,0,107.757,0,8.980,2210,1938,1.630,1.710,1.090,1,0,0,0,0,18,322,0,47,0
16-01 18:15:27,20.307,5.265,73.957,0.251,0,5338600,244328,170700,2244476,12810.933,6106.127,92.259,0,6.017,0,2770,2389,1.580,1.700,1.090,1,0,32.090,0,0,18,321,0,42,0
16-01 18:15:28,19.249,2.500,76.998,0,0,5362352,220568,170700,2244484,12439.608,7343.769,0,4.000,0,1.000,2336,2193,1.580,1.700,1.090,1,0,1.000,0,0,18,322,0,42,0
16-01 18:15:29,15.509,4.252,78.795,0.250,0,5363380,219500,170700,2244540,13713.806,6879.916,32.018,1540.877,2.001,123.070,3318,3260,1.580,1.700,1.090,1,0,47.027,0,0,18,321,0,43,0
16-01 18:15:30,22.717,3.745,72.146,0.250,0,5418660,164220,170700,2244540,9813.900,1617.676,0,79.885,0,5.991,2270,1958,1.580,1.700,1.090,1,0,0,0,0,18,321,0,43,0
16-01 18:15:31,17.266,3.503,77.823,0,0,5393252,189616,170700,2244560,19686.501,11878.163,0,268.252,0,23.022,3122,2932,1.580,1.700,1.090,1,0,32.030,0,0,18,321,0,44,0
16-01 18:15:32,23.728,3.996,70.685,0.250,0,5400736,182032,170700,2244660,7696.915,1510.609,95.912,367.662,4.995,35.967,2699,2586,1.540,1.690,1.080,1,0,0,0,0,18,321,0,44,0
16-01 18:15:33,12.244,1.499,84.460,0,0,5395692,187068,170700,2244668,20968.027,12332.134,0,263.874,0,28.986,2638,2896,1.540,1.690,1.080,1,0,0,0,0,18,322,0,44,0
16-01 18:15:34,20.753,7.251,71.259,0.250,0,5355648,227092,170700,2244688,8629.100,1818.232,0,744.095,0,21.003,3328,2924,1.540,1.690,1.080,1,0,89.011,0,0,18,323,0,45,0
16-01 18:15:35,19.014,2.502,77.808,0,0,5379640,203100,170700,2244688,12177.088,23555.579,0,188.140,0,13.010,2268,2075,1.540,1.690,1.080,0,0,0,0,0,18,324,0,40,0
16-01 18:15:36,21.245,5.999,71.733,0,0,5416284,166436,170700,2244708,26603.675,1949.536,0,123.971,0,5.999,2918,2498,1.540,1.690,1.080,1,0,46.989,0,0,18,323,0,41,0
16-01 18:15:37,19.287,2.254,77.150,0.501,0,5421028,161520,170700,2244880,16254.569,9088.652,32.062,2388.639,2.004,365.710,3263,2668,1.490,1.680,1.080,1,0,2.004,0,0,18,324,0,42,0
16-01 18:15:38,20.939,4.986,72.789,0.499,0,5398544,183696,170700,2245188,8281.987,3027.223,303.121,191.445,18.945,12.962,2575,2488,1.490,1.680,1.080,1,0,14.957,0,0,18,323,0,43,0
16-01 18:15:39,17.012,2.001,79.557,0,0,5409096,173144,170700,2245188,14494.407,8121.832,0,136.098,0,8.006,1983,1800,1.490,1.680,1.080,0,0,0,0,0,18,324,0,35,0
16-01 18:15:40,24.548,5.511,67.633,0.501,0,5369248,211112,170704,2247048,13763.091,2823.558,1763.471,1723.392,61.120,183.361,5612,7731,1.490,1.680,1.080,1,0,7.014,0,0,18,325,0,36,0
16-01 18:15:41,24.218,5.493,68.160,0.250,0,5357116,223240,170704,2247052,11528.802,7244.450,0,479.368,0,35.953,3646,12128,1.490,1.680,1.080,0,0,35.953,0,0,18,326,0,37,0
16-01 18:15:42,19.014,3.503,75.806,0.751,0,5359296,221000,170704,2247112,15483.424,5591.125,80.059,960.709,4.003,96.071,4180,5368,1.450,1.670,1.080,2,0,0,0,0,18,326,0,37,0
16-01 18:15:43,15.013,16.264,67.308,0.250,0,5321396,258804,170704,2247208,6295.391,2848.439,0,1032.885,0,94.081,6579,6696,1.450,1.670,1.080,1,0,442.379,0,0,18,325,0,33,0
16-01 18:15:44,9.500,22.249,67.247,0.250,0,5328532,251636,170704,2247240,9365.558,1619.924,0,635.970,0,38.998,7352,6606,1.450,1.670,1.080,1,0,655.969,0,0,18,325,0,33,0
16-01 18:15:45,8.988,22.719,67.159,0.250,0,5325184,254952,170704,2247272,21894.448,1617.816,0,2520.598,0,159.784,7508,6729,1.450,1.670,1.080,1,0,593.199,0,0,18,325,0,33,0
16-01 18:15:46,8.260,23.779,66.330,0.751,0,5295296,284812,170704,2247300,5916.132,1621.955,0,4513.441,0,430.519,8286,7378,1.450,1.670,1.080,3,0,644.777,0,0,18,325,0,33,0
16-01 18:15:47,8.246,22.240,67.970,0,0,5280808,299264,170704,2247336,46496.257,1705.239,0,103.954,0,13.994,7315,5798,1.340,1.640,1.080,1,0,548.755,0,0,18,325,0,31,0
16-01 18:15:48,9.757,22.015,67.046,0,0,5285668,294368,170704,2247372,24801.066,1513.041,0,104.072,0,12.008,7161,6142,1.340,1.640,1.080,2,0,573.395,0,0,18,325,0,31,0
16-01 18:15:49,13.465,12.468,70.568,1.995,0,5308708,287044,170708,2233068,9620.231,1615.840,287.260,1571.953,23.938,9.974,4814,4076,1.340,1.640,1.080,1,0,271.301,0,0,18,325,0,31,0
16-01 18:15:50,15.775,8.263,71.112,4.507,0,5331056,346888,170752,2161424,17523.621,1654.608,7143.259,3080.856,545.860,40.063,3943,3795,1.340,1.640,1.080,3,0,4.006,0,0,18,325,0,31,0
16-01 18:15:51,24.247,2.500,71.740,0,0,5334656,340000,170752,2164700,6459.130,2046.724,15.998,1187.840,3.000,35.995,2808,2666,1.340,1.640,1.080,0,0,15.998,0,0,18,326,0,26,0
16-01 18:15:52,13.257,2.001,80.042,3.252,0.250,5347072,326928,170752,2165352,58426.430,8837.603,564.294,1056.550,32.017,54.028,2452,2490,1.230,1.610,1.070,0,0,8.004,0,0,18,326,0,26,0
16-01 18:15:53,10.745,1.499,84.709,1.499,0,5347644,325416,170752,2166288,41325.127,11119.653,583.719,1399.327,55.973,50.975,2282,2213,1.230,1.610,1.070,1,0,0,0,0,18,326,0,26,0
16-01 18:15:54,13.993,1.249,81.956,1.249,0,5369036,302992,170752,2167316,52021.290,9383.002,823.561,1299.308,40.978,40.978,2098,1927,1.230,1.610,1.070,1,0,0,0,0,18,326,0,26,0
16-01 18:15:55,15.243,1.249,81.463,1.249,0,5369304,301984,170752,2168048,19685.177,9496.744,551.753,967.566,42.981,32.985,2245,2247,1.230,1.610,1.070,0,0,0,0,0,18,326,0,23,0
16-01 18:15:56,14.737,1.499,80.678,1.499,0,5381848,288628,170764,2168844,27164.822,8482.450,759.324,1075.043,37.966,34.969,2232,1976,1.230,1.610,1.070,1,0,0,0,0,18,326,0,23,0
16-01 18:15:57,11.744,1.249,83.206,2.749,0,5385352,284132,170852,2169740,20319.232,10179.605,499.735,1051.443,43.977,32.983,1922,1922,1.130,1.580,1.070,1,0,0,0,0,18,326,0,23,0
16-01 18:15:58,17.518,3.504,72.827,5.506,0,5398472,233480,171256,2206864,6924.290,2366.491,15212.015,792.835,152.160,34.036,2550,2356,1.130,1.580,1.070,2,0,2.002,0,0,18,326,0,23,0
16-01 18:15:59,24.244,2.749,71.731,0.250,0,5408576,209300,172204,2219844,12924.578,1619.571,0,6686.230,0,238.937,2865,2245,1.130,1.580,1.070,1,0,0,0,0,18,326,0,22,0
16-01 18:16:00,24.505,2.501,71.765,0.750,0,5408960,193448,172556,2234768,9331.984,1620.345,160.034,1492.317,8.002,63.013,2905,2750,1.130,1.580,1.070,1,0,0,0,0,18,326,0,22,0
16-01 18:16:01,22.519,3.503,71.309,1.251,0,5414512,164984,173260,2256672,6980.738,1621.333,0,2534.083,0,132.109,3165,3067,1.130,1.580,1.070,1,0,0,0,0,18,326,0,22,0
16-01 18:16:02,23.251,3.000,71.252,1.250,0,5404784,153704,174180,2276444,9135.300,1662.055,0,3796.125,0,284.009,3358,2929,1.120,1.580,1.070,2,1,0,0,0,18,326,0,22,0
16-01 18:16:03,23.500,3.000,71.751,0.750,0,5425016,132800,175080,2276060,7070.120,1686.029,0,2132.036,0,77.001,2845,2632,1.120,1.580,1.070,1,0,0,0,0,18,325,0,22,1
16-01 18:16:04,23.504,3.251,71.761,0,0,5376560,181080,175100,2276064,9117.428,1728.271,0,260.041,0,5.001,2552,2003,1.120,1.580,1.070,1,0,19.003,0,0,18,325,0,22,0
16-01 18:16:05,18.493,3.249,77.720,0,0,5356372,195704,175184,2281496,15666.041,3963.492,0,1343.489,0,9.996,2224,1908,1.120,1.580,1.070,1,0,16.994,0,0,18,325,0,22,0
16-01 18:16:06,20.496,2.999,74.985,0,0,5379908,171048,175204,2282580,9923.035,2795.446,0,0,0,0,2381,2115,1.120,1.580,1.070,1,0,17.996,0,0,18,326,0,22,0
16-01 18:16:07,21.262,4.503,71.040,0.750,0,5381800,162316,175680,2288524,8148.557,3454.932,0,1696.949,0,51.029,10931,19851,1.110,1.570,1.070,1,0,9.005,0,0,18,325,0,22,0
16-01 18:16:08,22.977,6.244,69.181,0,0,5385716,157808,175732,2288996,8916.079,1618.381,0,1726.273,0,14.985,10435,19139,1.110,1.570,1.070,1,0,13.986,0,0,18,325,0,20,0
16-01 18:16:09,21.040,5.761,72.137,0.250,0,5334196,222456,175768,2276152,8369.876,1623.079,0,605.148,0,20.038,2675,2189,1.110,1.570,1.070,1,0,15.029,0,0,18,325,0,20,0
16-01 18:16:10,23.725,4.745,69.677,0.499,0,5340608,215872,175768,2276328,8757.847,1618.309,143.850,739.227,2.997,23.975,5484,7538,1.110,1.570,1.070,2,0,53.944,0,0,18,325,0,20,0
16-01 18:16:11,23.997,4.999,69.240,0.250,0,5385328,171136,175768,2276344,6859.030,1619.771,0,435.938,0,20.997,9213,15845,1.110,1.570,1.070,1,0,19.997,0,0,18,325,0,20,0
16-01 18:16:12,18.498,3.000,76.994,0,0,5385916,164076,175768,2282808,14985.781,3898.683,0,943.923,0,20.998,2306,2080,1.020,1.540,1.060,1,0,16.999,0,0,18,325,0,20,0
16-01 18:16:13,18.500,2.750,77.250,0.250,0,5382124,167800,175768,2282880,15139.949,4550.985,0,1391.995,0,142.000,2753,2490,1.020,1.540,1.060,1,0,18.000,0,0,18,326,0,20,0
16-01 18:16:14,23.495,5.249,68.987,0.250,0,5378032,165240,175768,2289104,6058.825,1631.684,0,987.808,0,17.997,10531,19023,1.020,1.540,1.060,1,0,15.997,0,0,18,325,0,20,0
16-01 18:16:15,22.260,7.003,69.531,0,0,5376464,166520,175792,2289336,9237.092,1620.718,0,172.076,0,3.001,11018,19486,1.020,1.540,1.060,1,0,17.008,0,0,18,325,0,20,0
16-01 18:16:16,21.746,5.249,71.987,0,0,5355216,201132,175816,2276348,8682.481,1689.704,0,495.913,0,12.998,2502,2053,1.020,1.540,1.060,5,0,8.998,0,0,18,325,0,20,0
16-01 18:16:17,23.032,4.757,71.350,0.250,0,5321552,234788,175816,2276372,5933.276,1622.263,0,648.905,0,13.018,2953,2445,1.020,1.530,1.060,1,0,70.098,0,0,18,325,0,20,0
16-01 18:16:18,22.187,4.487,71.548,0,0.249,5333908,214416,175816,2284388,8710.390,1615.436,0,446.738,0,94.732,3066,2659,1.020,1.530,1.060,1,0,43.876,0,0,18,325,0,20,0
16-01 18:16:19,21.023,2.252,75.331,0.250,0,5350108,195520,175824,2286980,10908.692,3625.886,0,1461.567,0,31.033,2574,2530,1.020,1.530,1.060,0,0,16.017,0,0,18,326,0,20,0
16-01 18:16:20,14.005,1.751,82.530,0.750,0,5361040,184432,175840,2287116,23841.796,10825.994,0,1344.496,0,55.020,2349,2500,1.020,1.530,1.060,0,0,0,0,0,18,326,0,20,0
16-01 18:16:21,10.725,1.247,86.046,0.499,0,5361752,183172,175884,2287600,47465.474,10592.888,0,1604.197,0,68.837,2220,2552,1.020,1.530,1.060,0,1,0,0,0,18,326,0,20,0
16-01 18:16:22,7.262,1.252,89.146,0.751,0,5364088,180652,175884,2287776,152522.024,8317.580,0,1033.688,0,61.100,2058,2481,1.020,1.520,1.060,0,0,2.003,0,0,18,327,0,20,0
16-01 18:16:23,14.015,1.752,82.086,0.751,0,5385336,159244,175896,2287916,36482.343,8085.498,0,1109.166,0,56.059,2409,2532,1.020,1.520,1.060,1,0,0,0,0,18,327,0,20,0
16-01 18:16:24,18.743,2.499,77.471,0.250,0,5386304,157784,175944,2288360,45380.001,10231.167,0,1707.360,0,161.939,3933,5202,1.020,1.520,1.060,0,0,1.000,0,0,18,327,0,16,0
16-01 18:16:25,17.250,1.750,78.749,0.500,0,5392676,150772,176000,2288928,279773.040,13068.862,0,12283.870,0,82.999,2837,2624,1.020,1.520,1.060,1,0,0,0,0,18,327,0,18,0
16-01 18:16:26,10.747,1.749,85.474,1.250,0,5392600,150548,176200,2289036,86069.989,15775.233,27.992,2295.306,3.999,110.966,2701,2909,1.020,1.520,1.060,1,0,0,0,0,18,327,0,18,0
16-01 18:16:27,11.467,1.496,84.254,0.748,0,5394592,148028,176396,2289356,64969.474,13589.358,103.697,1782.799,5.983,78.770,2086,2146,0.930,1.500,1.050,0,0,0,0,0,18,327,0,18,0
16-01 18:16:28,12.508,2.001,83.804,0.750,0,5396004,129036,176464,2306752,4636986.022,35781.165,0,2573.666,0,49.032,3340,2466,0.930,1.500,1.050,1,0,3.002,0,0,18,327,0,14,0
16-01 18:16:29,9.529,3.260,84.255,1.505,0,5380652,136524,176504,2315256,13108895.669,64201.456,164.498,17276.327,4.012,102.310,5331,3628,0.930,1.500,1.050,1,0,3.009,0,0,18,327,0,14,0
16-01 18:16:30,38.031,9.758,50.291,0.751,0,5416828,134212,178932,2279336,101014.632,2285.847,640.518,41977.923,6.005,486.393,4730,3399,0.930,1.500,1.050,2,0,9.007,0,0,18,327,0,14,0
16-01 18:16:31,35.242,6.249,57.237,0.750,0,5417224,147388,180352,2263584,9956.749,1619.634,511.884,2219.498,3.999,42.990,3422,2663,0.930,1.500,1.050,1,0,3.999,0,0,18,327,0,14,0
16-01 18:16:32,23.503,2.750,72.259,0.500,0,5409104,138508,180724,2278856,7392.891,1620.195,0,1388.167,0,42.005,2519,2299,0.940,1.490,1.050,1,0,0,0,0,18,327,0,10,0
16-01 18:16:33,23.247,3.500,71.742,0.750,0,5426488,127656,181468,2271456,8934.023,1619.823,0,1999.781,0,94.990,2859,2526,0.940,1.490,1.050,1,0,1.000,0,0,18,327,0,10,0
16-01 18:16:34,21.502,4.500,71.758,0.750,0,5416984,123764,182192,2282972,6964.746,1620.173,0,3156.338,0,266.028,3042,2424,0.940,1.490,1.050,1,0,0,0,0,18,327,0,10,0
16-01 18:16:35,23.477,4.496,70.181,0.749,0,5412740,130508,183640,2278252,9362.858,1618.420,0,64073.441,0,245.760,3275,2684,0.940,1.490,1.050,1,0,0,0,0,18,327,0,10,0
16-01 18:16:36,24.744,2.249,71.732,0.500,0,5409644,122572,184132,2287716,7852.064,1619.601,0,1867.540,0,27.993,2519,2283,0.940,1.490,1.050,1,0,0,0,0,18,327,0,7,0
16-01 18:16:37,23.253,3.751,71.010,1.000,0,5416192,135900,185280,2267080,7362.026,1620.226,0,2932.408,0,119.017,3067,3066,0.950,1.480,1.050,1,0,2.000,0,0,18,327,0,7,0
16-01 18:16:38,18.741,2.749,76.962,0.250,0,5352328,232188,185472,2234040,11528.266,4111.955,0,799.602,0,27.986,2394,2347,0.950,1.480,1.050,2,0,1.999,0,0,18,325,0,7,0
16-01 18:16:39,21.009,4.502,73.281,0,0,5401260,183264,185500,2234024,9787.140,2697.141,0,4.002,0,1.000,2598,2110,0.950,1.480,1.050,0,0,34.014,0,0,18,326,0,7,0
16-01 18:16:40,21.006,2.501,74.521,0.500,0,5403476,174176,185592,2240472,14539.088,2889.813,16.005,4573.286,1.000,167.047,3060,3223,0.950,1.480,1.050,2,0,2.001,0,0,18,325,0,4,0
16-01 18:16:41,23.749,4.500,70.747,0.250,0,5411664,165752,185600,2240572,15805.225,4550.777,0,523.974,0,27.999,4032,11908,0.950,1.480,1.050,2,0,52.997,0,0,18,326,0,5,0
16-01 18:16:42,23.035,5.508,69.607,0.250,0,5423820,145992,185920,2246796,7359.334,1796.767,0,853.314,0,14.022,10731,19243,0.950,1.470,1.050,2,0,14.022,0,0,18,325,0,5,0
16-01 18:16:43,22.494,5.749,69.732,0,0,5411676,157900,185980,2246968,10457.281,1619.579,0,2463.360,0,15.996,9746,17053,0.950,1.470,1.050,3,0,4.999,0,0,18,325,0,5,0
16-01 18:16:44,22.006,5.752,71.520,0.250,0,5413780,155556,185992,2247148,8642.427,1620.455,16.004,544.153,1.000,24.007,3651,4138,0.950,1.470,1.050,2,0,15.004,0,0,18,325,0,3,0
16-01 18:16:45,20.965,5.491,71.880,0.250,0,5332264,251336,185996,2234160,6065.855,1455.566,0,1393.669,0,137.770,2569,1939,0.950,1.470,1.050,1,0,5.990,0,0,18,325,0,3,0
16-01 18:16:46,22.246,4.499,70.738,1.500,0,5357132,223140,185996,2237480,5159.149,1619.733,867.857,1851.695,41.993,25.996,2764,2780,0.950,1.470,1.050,1,0,2.000,0,0,18,326,0,3,0
16-01 18:16:47,26.292,4.006,65.355,1.502,0,5357608,221376,186000,2238772,9334.990,1622.606,961.544,2904.664,57.092,322.518,8536,12312,0.950,1.460,1.050,1,0,1.002,0,0,18,328,0,7,0
16-01 18:16:48,12.251,17.252,69.007,1.000,0,5319928,258800,186000,2239028,8079.784,1620.157,160.016,1800.175,3.000,123.012,6745,6612,0.950,1.460,1.050,1,0,375.036,0,0,18,327,0,7,0
16-01 18:16:49,13.748,8.499,70.492,6.249,0,5300352,248472,186000,2268912,10350.763,1619.806,29936.423,631.924,1972.764,19.998,7195,6559,0.950,1.460,1.050,0,1,74.991,0,0,18,327,0,10,0
16-01 18:16:50,5.992,2.497,85.132,5.492,0,5297560,247744,186404,2272072,10714.199,3304.435,3487.183,3778.780,600.171,157.782,3372,3821,0.950,1.460,1.050,0,0,5.992,0,0,18,328,0,10,0
16-01 18:16:51,2.751,1.500,93.273,0.250,0,5294328,250792,186404,2272256,46911.734,4546.137,184.046,11270.819,5.001,80.020,2047,2619,0.950,1.460,1.050,0,0,0,0,0,18,328,0,10,0
16-01 18:16:52,5.744,3.246,88.650,1.998,0,5267720,277392,186424,2272272,87227.934,129943.911,279.686,819.079,12.985,23.973,2388,2595,0.880,1.440,1.040,1,0,19.978,0,0,18,327,0,10,0
16-01 18:16:53,1.499,0.750,96.202,0.250,0,5267440,277672,186424,2272272,27391.459,1457.280,0,135.933,0,13.993,1390,1954,0.880,1.440,1.040,0,0,0,0,0,18,327,0,10,0
16-01 18:16:54,1.502,0.501,96.348,0,0,5251988,293120,186424,2272276,22216.708,1621.658,0,56.057,0,6.006,1301,1729,0.880,1.440,1.040,1,0,0,0,0,18,327,0,10,0
16-01 18:16:55,1.750,0.500,96.021,0.500,0,5244572,300532,186424,2272280,8816.972,1620.362,0,1980.443,0,321.072,1844,1872,0.880,1.440,1.040,0,0,0,0,0,18,327,0,10,0
16-01 18:16:56,1.501,1.001,96.055,0.250,0,5244568,300532,186424,2272284,5733.266,1620.923,0,112.064,0,13.007,1267,1785,0.880,1.440,1.040,0,0,0,0,0,18,327,0,10,0
16-01 18:16:57,1.999,0.500,96.442,0,0,5244808,300292,186424,2272284,9053.537,1619.023,0,87.947,0,11.993,1241,1727,0.810,1.410,1.040,3,0,0,0,0,18,327,0,10,0
16-01 18:16:58,2.501,1.251,95.052,0.250,0,5245036,300044,186424,2272304,6614.622,1620.887,16.009,460.252,1.001,43.024,1710,2265,0.810,1.410,1.040,0,0,1.001,0,0,18,327,0,10,0
16-01 18:16:59,1.500,0.750,96.728,0,0,5245260,299820,186424,2272304,8908.958,1619.629,0,31.993,0,3.999,1156,1593,0.810,1.410,1.040,0,0,0,0,0,18,327,0,10,0
16-01 18:17:00,1.751,0.500,96.529,0,0,5244328,300752,186424,2272304,8643.566,1620.481,0,0,0,0,1147,1633,0.810,1.410,1.040,0,0,0,0,0,18,327,0,10,0
16-01 18:17:01,2.500,2.500,93.766,0.750,0,5242064,303176,186428,2272312,6115.013,1458.241,4.001,29744.925,1.000,294.049,2238,2295,0.810,1.410,1.040,0,0,3.000,0,0,18,327,0,10,0
16-01 18:17:02,1.750,0,95.984,0,0,5242108,303184,186428,2272316,8607.532,1619.724,0,115.980,0,11.998,1218,1731,0.740,1.390,1.030,2,0,0,0,0,18,327,0,10,0
16-01 18:17:03,1.999,0.750,96.448,0,0,5242108,303184,186428,2272316,7617.893,1619.127,0,75.959,0,9.995,1324,1854,0.740,1.390,1.030,0,0,0,0,0,18,327,0,10,0
16-01 18:17:04,1.500,0.750,96.250,0,0,5242108,303184,186428,2272316,5800.981,1619.995,0,4.000,0,1.000,1204,1687,0.740,1.390,1.030,0,0,0,0,0,18,327,0,10,0
16-01 18:17:05,1.498,0.499,96.899,0,0,5242104,303184,186428,2272320,11994.505,1618.314,0,0,0,0,1140,1588,0.740,1.390,1.030,0,0,0,0,0,18,327,0,10,0
16-01 18:17:06,1.498,3.744,93.100,0.250,0.250,5240536,304752,186428,2272320,6986.747,1617.395,0,111212.875,0,527.151,2960,2661,0.740,1.390,1.030,0,0,0,0,0,18,327,0,10,0
16-01 18:17:07,2.256,0.752,95.510,0.251,0,5241012,304276,186428,2272320,9259.216,1624.424,0,1800.904,0,34.093,1572,2278,0.680,1.370,1.030,0,0,2.005,0,0,18,327,0,10,0
16-01 18:17:08,2.000,1.250,95.506,0.250,0,5240996,304276,186428,2272336,6490.423,1458.095,0,216.014,0,23.002,1573,2348,0.680,1.370,1.030,0,0,1.000,0,0,18,327,0,10,0
16-01 18:17:09,1.500,0.250,97.018,0,0,5240996,304276,186428,2272336,5513.013,1620.298,0,108.020,0,8.001,1208,1712,0.680,1.370,1.030,0,0,0,0,0,18,327,0,10,0
16-01 18:17:10,1.501,1.000,96.538,0,0,5240996,304276,186428,2272336,10242.988,1620.631,0,256.100,0,17.007,1363,1884,0.680,1.370,1.030,0,0,0,0,0,18,327,0,10,0
16-01 18:17:11,2.500,1.500,94.248,0.250,0,5240844,304412,186428,2272352,8375.821,1619.965,0,38583.176,0,291.994,2124,2305,0.680,1.370,1.030,0,0,0,0,0,18,327,0,10,0
16-01 18:17:12,1.498,0.499,96.629,0,0,5240844,304412,186428,2272352,8966.789,1617.977,0,0,0,0,1142,1620,0.630,1.340,1.020,0,0,0,0,0,18,327,0,10,0
16-01 18:17:13,1.751,0.500,96.582,0.250,0,5240844,304412,186428,2272352,7427.337,1621.383,0,32.027,0,4.003,1213,1673,0.630,1.340,1.020,0,0,0,0,0,18,327,0,10,0
16-01 18:17:14,1.749,0.750,96.955,0,0,5240844,304412,186428,2272352,11949.459,1619.249,0,0,0,0,1238,1697,0.630,1.340,1.020,0,0,1.999,0,0,18,327,0,10,0
16-01 18:17:15,1.249,0.750,96.459,0,0,5240844,304412,186428,2272352,7697.699,1619.306,0,0,0,0,1120,1589,0.630,1.340,1.020,0,0,0,0,0,18,327,0,10,0
16-01 18:17:16,1.999,0.750,96.449,0,0,5240576,304676,186428,2272356,7422.079,1457.230,0,2242.815,0,7.996,1264,1729,0.630,1.340,1.020,0,0,0,0,0,18,327,0,10,0
16-01 18:17:17,1.250,1.250,96.733,0.250,0,5240576,304676,186428,2272356,7088.789,1619.723,0,327.944,0,11.998,1173,1723,0.580,1.320,1.020,0,0,0,0,0,18,327,0,10,0
16-01 18:17:18,1.751,1.000,95.534,0.500,0,5240812,304424,186428,2272372,8701.129,1620.583,16.006,3657.315,1.000,190.068,2121,2999,0.580,1.320,1.020,0,0,1.000,0,0,18,327,0,10,0
16-01 18:17:19,1.750,0.250,96.487,0,0,5240812,304424,186428,2272372,7241.029,1619.783,0,59.992,0,4.999,1146,1620,0.580,1.320,1.020,0,0,0,0,0,18,327,0,10,0
16-01 18:17:20,1.500,1.750,95.521,0,0,5243688,301548,186428,2272372,8881.930,1620.352,0,0,0,0,1188,1626,0.580,1.320,1.020,0,0,0,0,0,18,327,0,10,0
16-01 18:17:21,2.501,1.500,94.278,0.500,0,5243652,301548,186428,2272408,7465.205,1620.479,0,1212.358,0,145.043,1887,2290,0.580,1.320,1.020,0,0,0,0,0,18,327,0,10,0
16-01 18:17:22,2.000,0.750,95.514,0.250,0,5243640,301548,186428,2272420,43140.346,1134.167,0,240.035,0,22.003,1659,2318,0.530,1.300,1.010,0,0,2.000,0,0,18,327,0,10,0
16-01 18:17:23,11.254,3.751,84.027,0.250,0,5259392,285780,186440,2272424,289113.845,10173.232,12.004,32.010,1.000,4.001,2949,2816,0.530,1.300,1.010,1,0,23.007,0,0,18,327,0,10,0
16-01 18:17:24,15.006,5.002,77.532,1.000,0,5277832,267200,186444,2272560,472946.249,16156.704,140.058,116.048,7.003,4.002,3457,3010,0.530,1.300,1.010,1,0,30.012,0,0,18,327,0,10,0
