"pcp-dstat 6.2.0 CSV Output"
"Author:","PCP team <pcp@groups.io> and Dag Wieers <dag@wieers.com>",,,,"URL:","https://pcp.io/ and http://dag.wieers.com/home-made/dstat/"
"Host:","ubuntu",,,,"User:","ubuntu"
"Cmdline:","dstat -tcmndrylpg --tcp --output /tmp/devstack_logs/dstat-csv.log",,,,"Date:","19 Jan 2026 11:39:50 UTC"
"system","total usage",,,,,"memory usage",,,,"net/total",,"dsk/total",,"io/total",,"system",,"load avg",,,"procs",,,"paging",,"tcp sockets",,,,
"time","total usage:usr","total usage:sys","total usage:idl","total usage:wai","total usage:stl","used","free","buf","cach","net/total:recv","net/total:send","dsk/total:read","dsk/total:writ","read","writ","int","csw","1m","5m","15m","run","blk","new","in","out","lis","act","syn","tim","clo"
19-01 11:39:50,,975400,1729200,163716,4953132,,,,,,,1.120,0.880,0.490,2,0,,,,10,5,0,17,1
19-01 11:39:51,19.984,21.233,57.704,0.250,0,991496,1712840,163744,4953336,17662.847,7699.830,0,1830.533,0,75.939,6655,5399,1.120,0.880,0.490,1,0,502.597,0,0,10,5,0,17,1
19-01 11:39:52,22.271,17.767,58.305,0.250,0,989292,1714504,163756,4953688,49603.161,10702.175,0,1569.492,0,55.052,6112,5386,1.120,0.880,0.490,1,0,323.307,0,0,10,4,0,17,2
19-01 11:39:53,30.688,16.217,51.396,0.249,0,1007116,1696356,163776,4954344,23644.293,10035.751,0,1365.245,0,39.919,6135,6200,1.120,0.880,0.490,2,0,270.454,0,0,10,4,0,17,2
19-01 11:39:54,15.736,4.496,78.430,0.749,0.250,1122608,1563220,163868,5095808,197958.314,12733.570,0,1694.479,0,50.954,2666,2726,1.110,0.880,0.500,1,0,13.987,0,0,11,4,0,17,2
19-01 11:39:55,38.040,10.761,49.552,1.251,0,1134648,1533308,164768,5109732,56953.840,1621.704,16.017,14138.855,1.001,437.460,4952,2636,1.110,0.880,0.500,3,0,114.120,0,0,11,6,0,17,2
19-01 11:39:56,39.234,11.495,47.980,0.750,0,1187960,1461824,165264,5125484,43793.699,1511.368,31.987,1823.238,1.999,47.980,4671,3233,1.110,0.880,0.500,2,0,172.928,0,0,11,6,0,19,2
19-01 11:39:57,44.477,5.997,48.475,0.500,0,1257216,1370460,165792,5145076,15321.012,1619.156,0,3478.187,0,54.971,3186,1659,1.110,0.880,0.500,2,0,0,0,0,11,6,0,19,2
19-01 11:39:58,39.836,5.762,48.104,5.512,0,1277464,1329816,167256,5161440,16473.481,1623.497,0,20788.775,0,1291.782,9505,11677,1.110,0.880,0.500,0,3,13.028,0,0,11,8,0,19,2
19-01 11:39:59,36.741,8.248,41.490,11.747,0,1281924,1290976,169172,5191276,8296.929,1619.596,0,65971.534,0,4487.880,22163,31994,1.180,0.900,0.510,2,0,68.983,0,0,11,8,0,19,2
19-01 11:40:00,36.998,7.500,54.247,0.500,0,1241420,1321412,169776,5199216,14554.074,3687.765,0,2559.837,0,92.994,3528,2455,1.180,0.900,0.510,2,0,74.995,0,0,11,7,0,19,2
19-01 11:40:01,45.543,5.005,48.796,0,0,1243824,1337024,169788,5181440,13703.048,2222.116,0,928.885,0,34.032,3066,1635,1.180,0.900,0.510,2,0,20.019,0,0,11,4,0,19,0
19-01 11:40:02,44.477,8.246,45.727,0.750,0,1279788,1293876,169972,5187912,14568.593,3723.107,0,9047.400,0,414.789,4567,18637,1.180,0.900,0.510,2,0,64.967,0,0,11,5,0,20,0
19-01 11:40:03,44.515,6.002,49.017,0,0,1307388,1266028,169996,5187972,6808.321,2221.757,0,492.168,0,24.008,3018,1514,1.180,0.900,0.510,1,0,19.006,0,0,11,5,0,20,0
19-01 11:40:04,33.487,11.745,53.229,0.500,0,1303480,1262100,170516,5193936,16593.346,4230.304,0,1507.396,0,52.979,6328,7128,1.240,0.920,0.510,2,0,264.894,0,0,11,4,0,20,0
19-01 11:40:05,31.411,25.178,41.133,0,0,1268668,1296000,170592,5194928,9226.746,1507.710,0,2125.951,0,204.418,15220,22774,1.240,0.920,0.510,5,0,504.564,0,0,11,4,0,20,0
19-01 11:40:06,49.032,19.013,31.271,0,0,1263040,1301376,170644,5195156,9232.073,1621.066,0,168.111,0,2.001,10819,15758,1.240,0.920,0.510,4,0,237.156,0,0,11,5,0,19,0
19-01 11:40:07,66.292,8.255,24.265,0.250,0,1267628,1311284,170656,5182240,9352.902,1621.023,0,2789.760,0,87.055,3924,1754,1.240,0.920,0.510,4,0,26.016,0,0,11,5,0,19,0
19-01 11:40:08,56.538,8.506,35.023,0,0,1287812,1290620,170656,5182780,8903.968,1621.087,0,308.207,0,17.011,3524,1566,1.240,0.920,0.510,3,0,50.034,0,0,11,5,0,19,0
19-01 11:40:09,38.426,7.985,52.399,0.250,0,1309864,1266144,170700,5185104,8117.367,1562.990,0,3070.087,0,241.535,4643,5406,1.300,0.930,0.520,1,0,117.773,0,0,11,4,0,19,0
19-01 11:40:10,7.510,4.256,87.116,0.250,0,1310896,1265112,170704,5185104,5688.604,1622.168,0,24156.292,0,100.134,1681,1593,1.300,0.930,0.520,2,0,22.029,0,0,11,4,0,17,0
19-01 11:40:11,22.275,3.754,73.582,0,0,1373388,1202616,170704,5185108,5760.422,1621.808,0,0,0,0,1841,1361,1.300,0.930,0.520,1,0,1.001,0,0,11,4,0,17,0
19-01 11:40:12,24.208,1.497,73.622,0,0,1394128,1181700,170704,5185284,9261.901,1617.189,0,0,0,0,1729,1064,1.300,0.930,0.520,2,0,0,0,0,11,4,0,17,0
19-01 11:40:13,21.262,4.252,71.040,2.001,0,1330020,1245712,170732,5185352,10335.857,1620.918,0,3890.204,0,374.212,4758,5347,1.300,0.930,0.520,1,0,43.024,0,0,11,4,0,19,0
19-01 11:40:14,21.241,3.998,73.719,0.750,0,1378888,1196436,171004,5185452,8790.269,1511.359,371.842,7.997,19.992,1.999,1844,1280,1.280,0.940,0.530,1,0,0,0,0,11,4,0,15,0
19-01 11:40:15,19.249,3.000,76.997,0,0,1376724,1198372,171012,5185644,12964.525,5704.791,0,22475.177,0,199.993,2922,2618,1.280,0.940,0.530,1,0,1.000,0,0,11,17,0,15,0
19-01 11:40:16,14.249,2.000,74.495,8.499,0,1376712,1197896,171080,5186008,13203.049,5738.586,267.981,3499.748,65.995,187.986,2303,2311,1.280,0.940,0.530,1,0,2.000,0,0,11,28,0,16,0
19-01 11:40:17,21.032,5.008,73.112,0.250,0,1406932,1167664,171084,5186016,9015.822,1568.404,0,284.436,0,17.026,2440,1828,1.280,0.940,0.530,1,0,43.066,0,0,11,28,0,16,0
19-01 11:40:18,16.747,2.250,79.734,0,0,1413856,1160724,171084,5186028,13341.247,8480.250,0,0,0,0,1938,1615,1.280,0.940,0.530,1,0,0,0,0,11,28,0,17,0
19-01 11:40:19,32.021,12.258,54.785,0,0,1439276,1135284,171088,5186044,11601.441,1621.040,0,2393.535,0,24.015,3846,2516,1.340,0.950,0.530,2,0,156.100,0,0,11,28,0,17,0
19-01 11:40:20,36.023,3.502,59.288,0,0,1482224,1092324,171092,5186052,17798.261,10617.718,0,4706.978,0,113.072,3358,2364,1.340,0.950,0.530,2,0,0,0,0,11,30,0,17,0
19-01 11:40:21,37.468,16.985,43.962,0.500,0,1452208,1122084,171096,5186284,18584.093,11192.420,0,407.651,0,39.966,7053,8948,1.340,0.950,0.530,5,0,382.672,0,0,11,28,0,18,0
19-01 11:40:22,81.052,19.513,0,0,0,1583936,990296,171096,5186308,10839.008,1512.978,0,12.008,0,3.002,5246,3427,1.340,0.950,0.530,6,0,202.131,0,0,11,28,0,17,0
19-01 11:40:23,81.487,9.498,8.749,0,0.250,1747120,827080,171096,5186340,34097.470,24394.044,0,0,0,0,5660,4993,1.340,0.950,0.530,5,0,0,0,0,11,34,0,17,0
19-01 11:40:24,78.709,12.743,7.496,0.250,0,1592672,981252,171132,5186580,33928.491,24394.411,0,767.604,0,87.955,8714,12872,1.630,1.020,0.560,5,0,232.880,0,0,11,28,0,23,0
19-01 11:40:25,22.980,7.494,68.441,0,0,1519536,1054340,171132,5186628,44316.599,1564.644,0,19087.461,0,453.607,3314,1944,1.630,1.020,0.560,1,0,76.933,0,0,11,28,0,23,0
19-01 11:40:26,15.235,1.748,81.919,0,0,1501700,1072300,171132,5186640,47989.371,8501.562,0,751.254,0,24.975,2927,3411,1.630,1.020,0.560,1,0,0,0,0,11,28,0,23,0
19-01 11:40:27,19.505,7.252,73.020,0.250,0,1492760,1081216,171148,5186644,9384.604,1620.450,0,1784.495,0,61.017,2864,2212,1.630,1.020,0.560,2,0,68.019,0,0,11,28,0,23,0
19-01 11:40:28,17.498,1.750,79.743,0,0,1485212,1088752,171148,5186656,12843.896,7409.363,0,0,0,0,2256,2262,1.630,1.020,0.560,0,0,0,0,0,11,29,0,23,0
19-01 11:40:29,11.529,14.787,71.932,0.752,0,1445376,1128464,171252,5186676,8530.568,2811.107,0,4940.491,0,279.707,5817,5435,1.580,1.020,0.560,1,0,336.852,0,0,11,28,0,24,0
19-01 11:40:30,38.743,31.494,28.744,0,0,1443128,1130672,171252,5186720,10909.903,1619.689,0,80456.532,0,239.954,6757,5359,1.580,1.020,0.560,5,0,701.865,0,0,11,28,0,24,0
19-01 11:40:31,82.588,10.729,6.986,0,0,1657352,916432,171256,5186728,15495.591,8283.744,0,1365.321,0,14.971,5046,2924,1.580,1.020,0.560,4,0,0.998,0,0,11,31,0,24,0
19-01 11:40:32,70.167,7.991,20.975,0,0,1681636,891780,171272,5187080,48591.592,39598.217,0,303.641,0,33.960,8569,13133,1.580,1.020,0.560,4,0,0,0,0,11,31,1,24,0
19-01 11:40:33,77.746,20.816,1.254,0,0,1549176,1024164,171300,5187128,14604.301,6233.763,0,405.285,0,44.140,6495,7199,1.580,1.020,0.560,6,0,310.986,0,0,11,28,0,25,0
19-01 11:40:34,84.912,11.488,3.247,0,0,1697172,876028,171300,5187268,13180.358,8638.059,0,155.839,0,7.992,4893,2694,1.930,1.100,0.590,3,0,0,0,0,11,31,1,25,0
19-01 11:40:35,78.121,8.736,12.729,0,0,1751236,821888,171300,5187344,47001.529,38479.575,0,111.816,0,7.987,8005,11487,1.930,1.100,0.590,3,0,0,0,0,11,34,0,25,0
19-01 11:40:36,69.932,13.786,15.791,0.251,0,1548544,1024368,171300,5187556,30943.678,20623.771,0,2630.859,0,101.264,8101,11089,1.930,1.100,0.590,3,0,252.659,0,0,11,28,0,30,0
19-01 11:40:37,40.702,6.742,52.438,0.250,0,1547604,1025300,171304,5187560,13227.368,5836.103,0,159.811,0,8.989,3267,2196,1.930,1.100,0.590,1,0,45.946,0,0,11,29,1,30,0
19-01 11:40:38,34.580,14.429,48.760,0,0,1538184,1034540,171308,5187736,21090.313,14652.961,0,242.806,0,27.863,5685,7125,1.930,1.100,0.590,4,0,326.395,0,0,11,29,0,31,0
19-01 11:40:39,69.557,10.295,20.340,0,0,1566112,1006588,171308,5187760,14281.958,5042.227,0,192.850,0,9.040,4194,2461,2.020,1.140,0.600,1,0,50.221,0,0,11,29,1,31,0
19-01 11:40:40,45.324,5.509,48.830,0,0,1570520,1002120,171312,5187816,32334.032,25331.547,0,308.506,0,23.038,6727,9008,2.020,1.140,0.600,4,0,0,0,0,11,30,0,32,0
19-01 11:40:41,72.521,20.756,6.502,0.250,0,1537644,1034944,171332,5187848,9002.576,4052.159,0,1848.529,0,149.043,6371,5098,2.020,1.140,0.600,4,0,259.074,0,0,11,28,0,32,0
19-01 11:40:42,70.282,6.231,22.929,0.249,0,1604132,968428,171332,5187876,23045.637,18421.955,0,223.309,0,15.951,5449,4270,2.020,1.140,0.600,4,0,0,0,0,11,32,0,32,0
19-01 11:40:43,59.545,16.763,23.268,0.250,0,1516124,1056308,171364,5187972,34389.017,25016.926,0,1385.048,0,105.079,9127,12991,2.020,1.140,0.600,3,0,324.245,0,0,11,28,0,31,0
19-01 11:40:44,62.833,8.011,29.288,0,0,1578184,994244,171364,5187976,13544.798,6256.221,0,152.200,0,9.012,3630,1503,2.100,1.170,0.620,0,0,0,0,0,11,31,0,31,0
19-01 11:40:45,46.791,5.255,47.041,0,0,1541484,1030668,171372,5188244,34631.191,24370.246,0,256.223,0,24.021,6427,8577,2.100,1.170,0.620,2,0,24.021,0,0,11,30,0,32,0
19-01 11:40:46,63.009,18.003,17.753,0,0,1532076,1040044,171376,5188272,11056.559,3339.471,0,804.113,0,27.004,4923,4163,2.100,1.170,0.620,3,0,275.039,0,0,11,28,0,33,0
19-01 11:40:47,49.455,5.745,44.710,0,0,1587620,984348,171376,5188424,24540.886,17854.911,0,183.834,0,8.992,4344,3710,2.100,1.170,0.620,3,0,0,0,0,11,31,0,30,0
19-01 11:40:48,54.794,18.515,25.020,0.250,0,1529344,1042304,171384,5188736,20001.172,13536.945,0,1437.162,0,99.080,7248,8892,2.100,1.170,0.620,3,0,287.232,0,0,11,28,0,33,0
19-01 11:40:49,54.998,5.500,39.749,0,0,1573152,998356,171384,5188876,18029.333,13244.510,0,0,0,0,3892,2611,2.170,1.200,0.630,3,0,0,0,0,11,31,0,33,0
19-01 11:40:50,54.253,9.001,36.002,0.250,0,1432532,1138900,171392,5188944,21714.291,15508.922,0,320.019,0,34.002,6979,8207,2.170,1.200,0.630,3,0,112.007,0,0,11,28,0,35,0
19-01 11:40:51,63.222,9.209,26.882,0.249,0,1561704,1009720,171392,5188952,11485.454,4526.081,0,199.124,0,9.956,3835,1542,2.170,1.200,0.630,1,0,0.996,0,0,11,30,0,35,0
19-01 11:40:52,44.629,5.014,48.641,0,0,1564404,1006948,171404,5189012,31218.254,22397.753,0,272.789,0,22.064,6209,8170,2.170,1.200,0.630,4,0,0,0,0,11,29,0,37,0
19-01 11:40:53,64.854,29.547,5.509,0.250,0,1491044,1080236,171412,5189076,11847.966,3679.891,0,408.654,0,38.061,6202,6072,2.170,1.200,0.630,7,0,618.991,0,0,11,28,0,37,0
19-01 11:40:54,81.751,18.250,0,0,0,1687188,883936,171412,5189232,12229.215,7192.126,0,160.003,0,7.000,5709,4831,2.560,1.290,0.660,7,0,385.007,0,0,11,30,0,37,0
19-01 11:40:55,78.869,18.220,2.246,0,0,1763668,807364,171428,5189308,80714.595,37510.538,0,962.397,0,61.897,7190,8492,2.560,1.290,0.660,10,0,433.279,0,0,11,32,0,37,0
19-01 11:40:56,79.554,20.014,0.500,0,0,1610000,960776,171456,5189572,66584.160,23852.177,0,4695.184,0,198.134,8485,9571,2.560,1.290,0.660,8,0,332.225,0,0,11,28,0,38,0
19-01 11:40:57,83.814,13.260,3.002,0,0,1662828,907948,171456,5189572,12950.922,9428.223,0,1076.825,0,12.009,5333,3257,2.560,1.290,0.660,3,0,85.065,0,0,11,31,0,38,0
19-01 11:40:58,71.691,10.991,16.736,0,0,1685468,885096,171456,5189784,41470.878,32784.026,0,115.905,0,8.993,7261,11586,2.560,1.290,0.660,4,0,129.893,0,0,11,32,0,39,0
19-01 11:40:59,42.270,17.258,39.768,0,0,1449316,1121180,171460,5189848,28183.004,19132.828,0,168.078,0,12.006,7736,9799,2.590,1.320,0.680,2,0,402.186,0,0,11,28,0,41,0
19-01 11:41:00,26.514,33.267,39.771,0,0,1459180,1111272,171460,5189892,6075.187,1620.850,0,212.111,0,20.010,6586,5958,2.590,1.320,0.680,5,0,870.457,0,0,11,28,0,41,0
19-01 11:41:01,74.949,15.489,8.994,0,0,1588140,982284,171460,5189920,14665.051,7499.912,0,15.989,0,0.999,4892,3086,2.590,1.320,0.680,3,0,200.864,0,0,11,30,0,41,0
19-01 11:41:02,63.780,8.504,27.513,0,0,1633448,936780,171460,5193328,30466.428,25072.874,0,660.313,0,53.025,7515,15311,2.590,1.320,0.680,4,0,103.049,0,0,12,31,0,43,0
19-01 11:41:03,75.009,19.252,5.251,0.250,0,1559808,1010376,171476,5190144,14682.803,5218.641,0,2136.262,0,159.020,6177,6775,2.590,1.320,0.680,4,0,203.025,0,0,11,28,0,45,0
19-01 11:41:04,67.550,8.475,23.680,0,0,1617672,952468,171480,5190184,25521.624,20253.184,0,171.494,0,7.976,4804,4424,2.710,1.370,0.690,2,0,0,0,0,11,32,0,45,0
19-01 11:41:05,53.603,7.264,37.823,0,0,1621196,948688,171480,5190440,44065.768,37924.955,0,180.347,0,10.019,10891,17619,2.710,1.370,0.690,2,0,0,0,0,11,32,0,45,0
19-01 11:41:06,69.813,13.012,16.014,0,0,1526164,1043496,171492,5190652,30323.205,20146.074,0,584.524,0,62.056,9383,12680,2.710,1.370,0.690,4,0,120.108,0,0,11,28,0,45,0
19-01 11:41:07,78.978,9.497,11.747,0,0,1610740,958908,171496,5190660,15402.768,11846.745,0,175.952,0,8.998,4755,2524,2.710,1.370,0.690,1,0,0,0,0,11,31,0,45,0
19-01 11:41:08,57.256,6.501,35.254,0.250,0,1614772,954636,171500,5190896,41759.336,34419.574,0,152.016,0,11.001,8754,14142,2.710,1.370,0.690,3,0,0,0,0,11,32,0,45,0
19-01 11:41:09,58.467,11.494,29.733,0,0,1526876,1042276,171504,5191148,44434.952,34031.816,0,143.919,0,8.995,9543,15149,2.810,1.410,0.710,5,0,133.925,0,0,11,29,0,48,0
19-01 11:41:10,80.164,15.483,3.996,0,0,1553092,1016044,171504,5191164,11102.040,4772.858,0,151.836,0,8.990,4861,2769,2.810,1.410,0.710,3,0,125.864,0,0,11,29,0,49,0
19-01 11:41:11,65.371,7.013,27.301,0,0,1612076,956864,171508,5191356,35179.082,28115.013,0,192.356,0,11.020,6665,8500,2.810,1.410,0.710,2,0,1.002,0,0,11,32,0,49,0
19-01 11:41:12,64.997,12.749,21.249,0,0,1553976,1014744,171508,5191576,35032.539,25052.955,0,243.990,0,18.999,9103,13060,2.810,1.410,0.710,5,0,97.996,0,0,11,29,0,51,0
19-01 11:41:13,78.343,11.477,9.980,0,0,1572068,996624,171516,5191596,13448.026,8404.143,0,275.448,0,29.940,5118,3481,2.810,1.410,0.710,5,0,29.940,0,0,11,30,0,51,0
19-01 11:41:14,65.383,11.729,21.961,0,0,1577508,991136,171528,5191596,29228.866,18686.670,0,562.996,0,74.866,5749,6534,2.750,1.420,0.720,5,0,121.783,0,0,11,30,0,53,0
19-01 11:41:15,71.951,9.025,18.301,0,0,1648524,919888,171560,5191796,29135.276,21518.027,0,2667.441,0,165.462,6788,10281,2.750,1.420,0.720,4,0,1.003,0,0,11,33,0,51,0
19-01 11:41:16,63.974,13.744,21.991,0,0.250,1606624,961708,171564,5191872,38361.319,27299.840,0,3214.686,0,145.940,7693,10645,2.750,1.420,0.720,4,0,141.942,0,0,11,33,0,54,0
19-01 11:41:17,79.604,12.516,8.261,0,0,1628712,939592,171564,5191900,16907.121,9871.916,0,0,0,0,4843,3172,2.750,1.420,0.720,3,0,86.113,0,0,11,34,0,55,0
19-01 11:41:18,70.002,8.500,20.751,0,0,1632996,935136,171564,5192072,28825.847,20152.592,0,0,0,0,5573,6693,2.750,1.420,0.720,4,0,34.001,0,0,11,34,0,57,0
19-01 11:41:19,68.710,11.701,18.920,0.249,0,1611240,956816,171572,5192140,23704.809,16781.073,0,314.670,0,28.878,6857,8024,2.690,1.430,0.730,3,0,105.554,0,0,11,33,0,59,0
19-01 11:41:20,54.601,11.271,34.063,0,0,1572568,995472,171572,5192156,15874.293,11103.490,0,292.540,0,24.044,5007,4509,2.690,1.430,0.730,3,0,126.233,0,0,11,33,0,58,0
19-01 11:41:21,53.632,10.526,34.334,0.251,0,1558040,1009812,171580,5192336,14937.678,10312.321,0,308.758,0,27.066,4836,4812,2.690,1.430,0.730,3,0,61.150,0,0,11,33,0,59,0
19-01 11:41:22,52.256,9.751,38.005,0,0,1600280,967536,171580,5192368,26184.180,17184.087,0,144.017,0,10.001,4367,4746,2.690,1.430,0.730,3,0,102.012,0,0,11,34,0,60,0
19-01 11:41:23,54.994,9.749,34.746,0,0,1466224,1101420,171580,5192540,22872.597,14981.426,0,143.985,0,6.999,5137,6071,2.690,1.430,0.730,2,0,85.991,0,0,11,33,0,62,0
19-01 11:41:24,50.186,8.739,39.949,0,0,1504160,1063408,171580,5192616,19771.701,11811.886,0,239.693,0,19.974,5330,4760,2.710,1.460,0.740,1,0,85.890,0,0,11,34,0,62,0
19-01 11:41:25,31.964,4.245,62.430,0,0,1480996,1086356,171588,5192824,60596.804,16821.069,0,275.690,0,19.978,4886,6781,2.710,1.460,0.740,2,0,3.996,0,0,11,33,0,63,0
19-01 11:41:26,36.960,11.737,49.946,0,0,1490724,1076612,171596,5192832,47108.494,2967.818,0,267.713,0,23.974,4267,3304,2.710,1.460,0.740,3,0,130.860,0,0,11,32,0,64,0
19-01 11:41:27,36.234,3.249,60.223,0,0,1541796,1025528,171600,5192840,19571.228,13072.141,0,403.819,0,46.979,3189,2906,2.710,1.460,0.740,2,0,0,0,0,11,34,0,64,0
19-01 11:41:28,35.326,9.771,53.866,0.501,0,1510888,1056224,171608,5193044,12713.390,7723.640,0,1948.197,0,40.086,5285,5683,2.710,1.460,0.740,2,0,138.298,0,0,11,32,0,59,0
19-01 11:41:29,41.254,5.251,53.505,0.250,0,1547196,1019904,171608,5193056,12285.197,6649.648,0,152.015,0,12.001,3004,2150,2.650,1.470,0.750,1,0,0,0,0,11,33,1,59,0
19-01 11:41:30,30.297,7.261,61.595,0,0,1463036,1104032,171612,5193084,20561.799,12380.146,0,236.366,0,22.034,4543,4750,2.650,1.470,0.750,2,0,60.093,0,0,11,33,0,60,0
19-01 11:41:31,38.939,5.991,54.415,0,0,1463768,1103280,171620,5193096,12658.214,7585.143,0,239.625,0,19.969,3125,2485,2.650,1.470,0.750,5,0,5.991,0,0,11,33,0,61,0
19-01 11:41:32,35.803,5.258,58.087,0,0,1450224,1116796,171620,5193124,21373.869,13663.372,0,2563.823,0,145.217,4826,4889,2.650,1.470,0.750,1,0,43.064,0,0,11,33,0,61,0
19-01 11:41:33,38.444,6.990,53.672,0.250,0,1466156,1100844,171620,5193144,12657.491,6571.391,0,267.609,0,23.965,4001,3946,2.650,1.470,0.750,3,0,4.993,0,0,11,32,0,62,0
19-01 11:41:34,34.289,4.005,60.569,0,0,1471820,1095024,171624,5193296,19908.616,11908.528,0,144.164,0,9.010,3446,3431,2.600,1.480,0.750,2,0,0,0,0,11,34,0,62,0
19-01 11:41:35,29.258,11.503,57.516,0.500,0,1438052,1128680,171636,5193396,19660.617,13506.859,0,436.125,0,35.010,6671,7550,2.600,1.480,0.750,1,0,277.079,0,0,11,32,0,64,0
19-01 11:41:36,21.236,4.497,73.703,0,0,1374556,1192168,171644,5193396,6613.742,1618.958,0,171.889,0,7.995,1893,1327,2.600,1.480,0.750,1,0,4.997,0,0,11,32,0,59,0
19-01 11:41:37,16.752,2.250,80.258,0,0,1385400,1181292,171660,5193412,17844.725,9831.950,0,144.014,0,10.001,2965,3311,2.600,1.480,0.750,1,0,0,0,0,11,33,0,59,0
19-01 11:41:38,12.503,11.502,74.516,0,0,1378264,1188388,171680,5193432,10067.131,4004.848,0,852.180,0,64.014,4539,4213,2.600,1.480,0.750,1,0,284.060,0,0,11,32,0,60,0
19-01 11:41:39,20.730,3.247,75.176,0,0,1399508,1167144,171680,5193432,7858.252,3586.464,0,0,0,0,1746,1160,2.470,1.470,0.750,0,0,0,0,0,11,33,0,60,0
19-01 11:41:40,16.990,2.748,79.204,0,0,1398208,1168420,171680,5193456,19062.931,10374.976,0,0,0,0,3227,3872,2.470,1.470,0.750,1,0,0,0,0,11,32,0,58,0
19-01 11:41:41,20.463,6.239,72.617,0,0,1366896,1199732,171680,5193456,8509.419,1617.039,0,3.993,0,0.998,2352,1663,2.470,1.470,0.750,1,0,46.914,0,0,11,32,0,58,0
19-01 11:41:42,17.773,1.502,80.102,0,0,1389904,1176588,171680,5193592,16054.390,8477.767,0,40.051,0,1.001,2319,2308,2.470,1.470,0.750,1,0,0,0,0,11,33,0,58,0
19-01 11:41:43,17.238,4.497,75.946,0.250,0,1369224,1197228,171688,5193624,14740.481,8884.660,0,631.549,0,34.975,4656,5946,2.470,1.470,0.750,1,0,57.959,0,0,11,32,0,58,0
19-01 11:41:44,12.039,23.577,63.707,0.251,0,1373404,1192880,171696,5193784,5985.463,1625.285,0,385.253,0,25.082,6522,5113,2.350,1.460,0.760,2,0,569.853,0,0,11,32,0,56,0
19-01 11:41:45,44.230,6.747,48.978,0,0,1511656,1054164,171700,5194244,7843.417,1457.334,0,223.898,0,9.995,3015,1685,2.350,1.460,0.760,4,0,0,0,0,11,32,0,56,0
19-01 11:41:46,40.019,6.253,47.022,6.003,0,1544824,1014156,172196,5200016,9222.334,1620.762,0,19217.031,0,1790.842,9450,16612,2.350,1.460,0.760,3,0,104.049,0,0,11,36,0,56,0
19-01 11:41:47,37.002,9.000,40.752,12.001,0,1497024,1058480,172988,5202564,5474.278,1620.082,0,45994.333,0,4109.208,18744,31870,2.350,1.460,0.760,3,1,67.003,0,0,11,36,0,56,0
19-01 11:41:48,44.415,6.737,44.914,2.495,0,1507292,1048540,173136,5202084,9147.504,1710.728,0,18556.507,0,1275.560,6782,8706,2.350,1.460,0.760,4,0,6.987,0,0,11,32,0,51,0
19-01 11:41:49,40.327,7.514,46.088,5.260,0,1489240,1066168,173316,5202328,8782.791,1623.103,0,8227.729,0,1353.588,9895,15592,2.330,1.470,0.760,3,1,2.004,0,0,11,34,0,51,0
19-01 11:41:50,35.726,7.995,50.966,3.748,0,1512776,1041932,173744,5202592,10628.916,1618.921,0,13818.790,0,1560.960,9486,14958,2.330,1.470,0.760,2,0,99.933,0,0,11,32,0,51,0
19-01 11:41:51,22.259,3.501,73.030,0.500,0,1462496,1092184,173760,5202600,8571.500,1620.662,0,2913.190,0,148.060,2185,2031,2.330,1.470,0.760,2,0,2.001,0,0,11,32,0,51,0
19-01 11:41:52,22.497,3.250,73.740,0,0,1459564,1095092,173760,5202620,6257.128,1619.774,0,143.980,0,1.000,1776,1144,2.330,1.470,0.760,2,0,3.000,0,0,11,32,0,49,0
19-01 11:41:53,23.255,3.751,72.266,0.500,0,1480244,1074368,173804,5202620,9342.033,1620.353,0,6985.521,0,360.078,2479,2775,2.330,1.470,0.760,2,0,0,0,0,11,32,0,49,0
19-01 11:41:54,22.502,3.000,73.506,0,0,1456056,1098544,173804,5202632,8598.675,1458.114,0,0,0,0,1832,1224,2.220,1.460,0.760,3,0,3.000,0,0,11,32,0,49,0
19-01 11:41:55,21.742,3.249,73.972,0,0,1476356,1078244,173804,5202632,43410.683,1619.391,0,0,0,0,1924,1248,2.220,1.460,0.760,3,0,1.999,0,0,11,32,0,49,0
19-01 11:41:56,22.943,2.993,73.568,0,0,1471992,1082528,173804,5202704,45361.537,1615.994,0,43.891,0,2.993,1884,1141,2.220,1.460,0.760,3,0,0.998,0,0,11,32,0,46,0
19-01 11:41:57,22.028,4.005,73.343,0.250,0,1486816,1067704,173804,5202704,8581.884,1622.057,0,1686.138,0,209.265,2072,1270,2.220,1.460,0.760,2,0,2.003,0,0,11,32,0,46,0
19-01 11:41:58,22.542,3.006,73.886,0,0,1468164,1086264,173804,5202792,7985.709,1622.989,0,192.354,0,2.004,1816,1225,2.220,1.460,0.760,1,0,1.002,0,0,11,32,0,46,0
19-01 11:41:59,22.205,3.493,73.600,0,0,1454832,1099560,173816,5202824,7252.258,1616.714,0,167.659,0,14.970,2036,1875,2.120,1.450,0.770,2,0,0.998,0,0,11,32,0,46,0
19-01 11:42:00,21.507,4.251,73.274,0,0,1477232,1077156,173820,5202824,6159.052,1620.540,0,324.108,0,22.007,1947,1433,2.120,1.450,0.770,2,0,2.001,0,0,11,32,0,46,0
19-01 11:42:01,23.026,2.753,73.832,0,0,1384228,1170140,173820,5202844,9435.519,1621.808,0,0,0,0,1847,1150,2.120,1.450,0.770,2,0,2.002,0,0,11,32,0,41,0
19-01 11:42:02,21.964,3.245,73.631,0,0,1402984,1151352,173824,5202872,7742.437,1617.376,0,3.994,0,0.998,1781,1166,2.120,1.450,0.770,1,0,0.998,0,0,11,32,0,41,0
19-01 11:42:03,27.501,5.500,66.503,0,0.250,1441460,1112860,173824,5202872,8448.432,1620.083,0,248.013,0,52.003,2973,10559,2.120,1.450,0.770,1,0,36.002,0,0,11,32,0,42,0
19-01 11:42:04,20.282,5.509,73.616,0,0,1438584,1115632,173824,5202976,7490.812,1460.303,0,0,0,0,2273,1504,2.030,1.450,0.770,1,0,47.074,0,0,11,32,0,42,0
19-01 11:42:05,8.252,22.006,68.768,0,0,1435060,1119072,173832,5203040,8476.276,1620.435,0,1104.296,0,14.004,6650,5473,2.030,1.450,0.770,1,0,591.159,0,0,11,32,0,37,0
19-01 11:42:06,9.494,20.987,68.708,0,0,1414396,1139676,173832,5203088,8474.794,1619.005,0,275.831,0,5.996,6175,4718,2.030,1.450,0.770,1,0,457.719,0,0,11,32,0,37,0
19-01 11:42:07,11.976,15.219,71.606,0,0,1407832,1146236,173832,5203092,5606.712,1616.745,0,0,0,0,4605,3369,2.030,1.450,0.770,1,0,278.439,0,0,11,32,0,37,0
19-01 11:42:08,21.517,4.003,73.557,0,0,1447940,1106128,173832,5203092,5602.378,1621.267,0,152.119,0,4.003,1769,1191,2.030,1.450,0.770,1,0,3.002,0,0,11,32,0,37,0
19-01 11:42:09,22.218,3.495,73.144,0.250,0,1448088,1105976,173836,5203088,8957.071,1617.665,0,639.077,0,89.870,2052,1569,1.950,1.440,0.770,1,0,0.999,0,0,11,32,0,37,0
19-01 11:42:10,22.560,3.259,73.696,0,0,1500700,1053356,173844,5203088,7006.641,1624.321,0,340.907,0,23.061,1859,1285,1.950,1.440,0.770,1,0,2.005,0,0,11,32,0,37,0
19-01 11:42:11,23.253,3.000,73.510,0,0,1486440,1067608,173844,5203096,8553.220,1620.231,0,32.005,0,3.000,1827,1249,1.950,1.440,0.770,1,0,2.000,0,0,11,32,0,37,0
19-01 11:42:12,22.494,2.999,73.980,0,0,1511864,1042184,173844,5203096,7098.047,1619.554,0,0,0,0,1794,1175,1.950,1.440,0.770,1,0,1.999,0,0,11,32,0,37,0
19-01 11:42:13,22.252,3.250,73.508,0,0,1474552,1079504,173844,5203088,9169.955,1458.152,0,20.002,0,2.000,1846,1255,1.950,1.440,0.770,1,0,1.000,0,0,11,32,0,31,0
19-01 11:42:14,22.494,3.499,73.480,0,0,1515192,1038864,173844,5203088,7626.899,1619.554,0,3.999,0,1.000,1866,1255,1.870,1.430,0.770,1,0,1.999,0,0,11,32,0,31,0
19-01 11:42:15,22.215,3.245,73.884,0,0,1484752,1069296,173844,5203096,5911.706,1617.457,0,67.893,0,2.995,1805,1198,1.870,1.430,0.770,1,0,0.998,0,0,11,32,0,31,0
19-01 11:42:16,22.264,3.002,73.547,0,0,1513248,1040796,173844,5203100,10500.705,1621.035,0,0,0,0,1737,1095,1.870,1.430,0.770,3,0,2.001,0,0,11,32,0,31,0
19-01 11:42:17,22.268,3.753,73.810,0,0,1468752,1085304,173844,5203088,9521.679,1621.308,0,16.013,0,2.002,1846,1155,1.870,1.430,0.770,2,0,1.001,0,0,11,32,0,25,0
19-01 11:42:18,22.271,3.503,73.570,0,0,1497336,1056720,173844,5203088,5755.475,1621.542,0,2069.969,0,7.007,1860,1239,1.870,1.430,0.770,2,0,2.002,0,0,11,32,0,25,0
19-01 11:42:19,22.249,3.250,73.247,0.250,0,1453612,1100500,173844,5203032,8826.690,1619.943,0,375.987,0,41.999,2038,1531,1.800,1.420,0.770,2,0,1.000,0,0,11,32,0,25,0
19-01 11:42:20,22.750,3.250,73.751,0,0,1497244,1056860,173848,5203032,8396.151,1620.029,0,312.006,0,24.000,1911,1273,1.800,1.420,0.770,2,0,2.000,0,0,11,32,0,25,0
19-01 11:42:21,22.710,3.244,73.620,0,0,1501208,1052820,173848,5203108,8866.401,1563.250,0,87.845,0,0.998,1859,1267,1.800,1.420,0.770,1,0,1.996,0,0,11,32,0,19,0
19-01 11:42:22,22.476,3.996,72.423,0,0,1490828,1063192,173848,5203104,8825.570,1618.271,0,11.987,0,0.999,1949,1300,1.800,1.420,0.770,1,0,6.993,0,0,11,32,0,19,0
19-01 11:42:23,22.506,3.251,74.019,0,0,1532004,1022016,173848,5203104,5562.393,1512.379,0,28.007,0,2.001,1735,1138,1.800,1.420,0.770,2,0,2.001,0,0,11,32,0,19,0
19-01 11:42:24,22.046,3.507,73.653,0,0,1489688,1064332,173848,5203104,10337.445,1623.368,0,0,0,0,1819,1282,1.740,1.420,0.770,2,0,1.002,0,0,11,32,0,19,0
19-01 11:42:25,22.512,4.002,73.039,0,0,1487604,1066376,173848,5203144,43926.511,1620.868,0,84.045,0,3.002,1920,1200,1.740,1.420,0.770,1,0,1.001,0,0,11,32,0,15,0
19-01 11:42:26,22.251,3.250,74.254,0,0,1525064,1028916,173848,5203144,41647.451,1620.095,0,4.000,0,1.000,1825,1130,1.740,1.420,0.770,1,0,2.000,0,0,11,32,0,15,0
19-01 11:42:27,15.505,12.754,70.774,0,0,1494296,1059632,173848,5203196,12948.411,1620.552,0,164.056,0,8.003,4153,3008,1.740,1.420,0.770,3,0,282.096,0,0,11,32,0,15,0
19-01 11:42:28,16.744,10.996,71.976,0,0,1520380,1033524,173848,5203220,6968.664,1619.457,0,119.960,0,3.999,3446,2577,1.740,1.420,0.770,1,0,177.940,0,0,11,32,0,15,0
19-01 11:42:29,23.473,1.998,73.666,0,0,1514528,1039184,173848,5203412,9466.167,1564.210,0,151.826,0,11.986,1908,1318,1.680,1.410,0.770,1,0,0,0,0,11,32,0,11,0
19-01 11:42:30,22.028,3.254,73.595,0.250,0,1513136,1040488,173848,5203464,7552.708,1664.139,0,580.746,0,55.071,2086,1446,1.680,1.410,0.770,2,0,9.012,0,0,11,32,0,11,0
19-01 11:42:31,21.001,7.750,70.502,0.250,0,1420556,1132948,173848,5203588,7730.199,1620.042,40.001,0,2.000,0,2935,2058,1.680,1.410,0.770,1,0,162.004,0,0,11,32,0,11,0
19-01 11:42:32,8.001,21.752,69.255,0,0,1416412,1137064,173848,5203616,10846.782,1566.113,0,172.012,0,8.001,6320,4753,1.680,1.410,0.770,1,0,480.035,0,0,11,32,0,11,0
19-01 11:42:33,8.743,22.233,67.948,0,0,1409796,1143644,173848,5203652,7057.555,1564.793,0,619.522,0,74.942,6611,5090,1.680,1.410,0.770,2,0,552.574,0,0,11,32,0,7,0
19-01 11:42:34,7.754,23.012,68.035,0,0,1399320,1154076,173848,5203684,9291.811,1620.839,0,988.512,0,11.006,6469,4993,1.540,1.390,0.770,1,0,528.274,0,0,11,32,0,7,0
19-01 11:42:35,8.002,22.257,68.270,0,0,1389500,1163860,173848,5203712,7497.246,1662.498,0,1408.422,0,17.005,6290,4716,1.540,1.390,0.770,1,0,508.152,0,0,11,32,0,7,0
19-01 11:42:36,8.496,21.990,68.718,0,0,1375248,1178088,173848,5203736,8545.005,1619.243,0,1011.527,0,10.995,6151,4617,1.540,1.390,0.770,1,0,474.778,0,0,11,32,0,7,0
19-01 11:42:37,8.005,21.262,69.790,0,0,1377140,1176156,173848,5203776,8783.085,1620.938,0,152.088,0,6.003,5943,4318,1.540,1.390,0.770,0,0,424.246,0,0,11,32,0,5,0
19-01 11:42:38,7.749,21.748,69.745,0,0,1374292,1178972,173848,5203800,7757.410,1565.881,0,587.955,0,11.999,5970,4447,1.540,1.390,0.770,1,0,426.968,0,0,11,32,0,5,0
19-01 11:42:39,9.743,21.235,67.453,0.250,0,1371624,1181584,173856,5203848,6607.420,1618.878,0,279.806,0,27.981,6616,5343,1.500,1.380,0.770,2,0,533.630,0,0,11,32,0,5,0
19-01 11:42:40,12.759,23.516,62.292,0.500,0,1334480,1218608,173916,5203884,11555.773,1621.090,0,3770.536,0,241.162,7210,6225,1.500,1.380,0.770,3,0,573.386,0,0,11,32,0,7,0
19-01 11:42:41,51.335,22.179,25.917,0,0,1479728,1073184,173944,5204020,7910.598,1560.987,0,745.606,0,49.840,5867,4802,1.500,1.380,0.770,3,0,483.448,0,0,11,32,0,9,0
19-01 11:42:42,61.690,9.529,25.077,3.762,0,1635424,912384,174216,5208400,9539.384,1625.005,373.149,9252.500,3.009,775.388,5938,7352,1.500,1.380,0.770,4,1,34.105,0,0,11,34,0,9,0
19-01 11:42:43,45.503,12.501,28.502,11.001,0,1644408,892028,175188,5217852,8434.622,1566.116,0,74989.532,0,5178.382,23027,37410,1.500,1.380,0.770,5,0,148.011,0,0,11,36,0,11,0
19-01 11:42:44,42.991,10.498,29.744,13.497,0,1695640,829032,175616,5228792,10584.847,1861.621,0,97516.163,0,6825.611,30965,44996,1.700,1.420,0.790,2,0,98.980,0,0,11,36,1,11,0
19-01 11:42:45,41.475,9.244,35.978,12.492,0,1680464,834112,176240,5237912,15583.451,9884.943,0,81090.312,0,6071.280,26705,41403,1.700,1.420,0.790,2,1,38.976,0,0,11,37,0,11,0
19-01 11:42:46,40.784,18.015,29.524,10.258,0,1587580,920728,176728,5243448,6191.086,2468.027,296.243,38651.751,4.003,2966.437,18151,25286,1.700,1.420,0.790,2,1,316.260,0,0,11,34,0,10,0
19-01 11:42:47,45.440,18.476,23.219,10.486,0,1599100,901412,178024,5249676,12292.768,6652.216,75.900,62860.994,1.997,4274.356,23152,35317,1.700,1.420,0.790,6,0,193.744,0,0,11,35,0,10,0
19-01 11:42:48,38.053,14.019,32.795,13.769,0,1616036,881952,177116,5252972,15581.556,8748.103,1802.494,39059.036,35.048,2975.116,17661,26133,1.700,1.420,0.790,2,1,186.258,0,0,11,35,0,10,0
19-01 11:42:49,32.998,8.499,46.747,10.249,0,1564536,930280,177280,5255860,16517.803,9097.341,0,50224.360,0,4239.693,22935,34335,1.800,1.450,0.800,3,1,98.993,0,0,11,34,0,10,0
19-01 11:42:50,37.474,8.244,40.222,11.492,0,1615020,879384,177588,5255952,9092.619,1618.864,0,48242.144,0,4187.062,16173,31304,1.800,1.450,0.800,3,1,29.979,0,0,11,34,0,10,0
19-01 11:42:51,32.526,8.006,44.036,13.011,0.250,1625256,868344,177776,5256528,16165.050,8488.853,0,65552.922,0,5407.365,23354,37474,1.800,1.450,0.800,2,0,34.027,0,0,11,35,0,10,0
19-01 11:42:52,34.996,5.749,47.744,9.499,0,1615428,875808,177880,5258732,20327.635,12959.492,0,33876.058,0,3293.617,19923,30155,1.800,1.450,0.800,1,1,41.995,0,0,11,35,0,10,0
19-01 11:42:53,35.004,11.001,40.254,11.501,0,1549788,938772,177948,5261260,10919.144,3596.377,0,59398.226,0,4794.503,24873,35361,1.800,1.450,0.800,3,0,125.013,0,0,11,36,0,11,0
19-01 11:42:54,32.978,8.245,45.470,11.742,0,1576580,908248,178156,5264680,10892.842,6656.626,0,60804.046,0,4843.817,25433,35805,1.980,1.490,0.820,2,0,57.962,0,0,11,37,0,11,0
19-01 11:42:55,32.271,8.756,44.028,12.258,0,1572504,909032,178288,5267760,51186.549,8637.493,0,68275.416,0,5382.423,25691,41107,1.980,1.490,0.820,4,0,84.053,0,0,11,37,0,11,0
19-01 11:42:56,32.438,8.733,44.415,11.977,0,1529020,949608,178332,5270560,50299.031,8895.029,0,60540.490,0,5036.391,25919,38484,1.980,1.490,0.820,2,0,101.806,0,0,11,36,0,11,0
19-01 11:42:57,38.766,8.754,38.766,12.255,0,1584932,898500,178412,5265700,6214.640,1620.688,0,45859.479,0,4356.851,21852,32474,1.980,1.490,0.820,3,0,18.008,0,0,11,36,0,11,0
19-01 11:42:58,36.027,5.754,49.287,8.256,0,1594632,888088,178456,5266364,16698.401,9257.875,0,41594.890,0,3312.460,17264,24878,1.980,1.490,0.820,2,0,36.027,0,0,11,35,0,13,0
19-01 11:42:59,20.735,10.243,65.952,1.249,0,1467152,1015364,178460,5266564,18594.418,12936.551,0,12215.078,0,693.493,7758,10334,1.980,1.500,0.830,0,0,211.845,0,0,11,33,0,13,0
19-01 11:43:00,19.513,5.754,73.047,0.250,0,1436988,1045516,178460,5266576,10896.047,2821.825,0,1248.808,0,65.042,2961,2436,1.980,1.500,0.830,2,0,55.036,0,0,11,32,0,14,0
19-01 11:43:01,19.500,2.000,78.249,0.250,0,1447684,1034808,178464,5266580,12597.805,6660.897,0,2383.963,0,187.997,2455,1966,1.980,1.500,0.830,1,0,1.000,0,0,11,33,0,14,0
19-01 11:43:02,19.479,4.995,74.170,0.749,0.250,1453276,1029188,178472,5266600,9519.749,5311.281,0,3468.265,0,197.787,3833,4224,1.980,1.500,0.830,1,0,33.963,0,0,11,32,0,15,0
19-01 11:43:03,24.491,4.998,69.724,0,0,1475672,1006788,178472,5266604,14295.719,6658.540,0,127.953,0,4.998,3078,5744,1.980,1.500,0.830,1,0,35.987,0,0,11,33,0,16,0
19-01 11:43:04,16.527,6.010,76.627,0,0,1454324,1028132,178472,5266608,9325.460,3317.500,0,508.844,0,45.075,2827,2481,1.900,1.490,0.830,2,0,60.100,0,0,11,32,0,17,0
19-01 11:43:05,19.235,2.748,77.188,0,0,1477880,1004400,178472,5266784,7464.000,3831.920,0,175.859,0,9.992,1783,1308,1.900,1.490,0.830,1,0,0,0,0,11,33,0,17,0
19-01 11:43:06,19.762,2.001,77.297,0,0,1468152,1013936,178472,5266976,18049.018,9967.084,0,0,0,0,3571,4190,1.900,1.490,0.830,2,0,0,0,0,11,32,0,17,0
19-01 11:43:07,20.252,6.001,72.757,0.250,0,1450788,1031288,178472,5266988,7049.680,1620.156,0,116.011,0,12.001,2415,1878,1.900,1.490,0.830,2,0,43.004,0,0,11,32,0,17,0
19-01 11:43:08,17.749,1.750,79.747,0,0,1458056,1023884,178472,5267124,15635.418,8467.685,0,183.993,0,14.999,2285,2172,1.900,1.490,0.830,0,0,0,0,0,11,33,0,17,0
19-01 11:43:09,13.510,9.257,76.054,0.250,0,1432496,1049384,178472,5267180,13451.489,5552.917,0,544.384,0,62.044,4416,4256,1.830,1.480,0.830,1,0,137.097,0,0,11,32,0,18,0
19-01 11:43:10,14.720,24.450,59.379,0,0,1425548,1056192,178484,5267308,5375.058,1562.819,0,538.903,0,32.933,6756,5534,1.830,1.480,0.830,3,0,638.700,0,0,11,36,0,20,0
19-01 11:43:11,65.845,9.263,24.536,0.250,0,1545448,935752,178508,5267824,9912.366,1622.351,0,456.662,0,36.052,4208,2281,1.830,1.480,0.830,3,0,24.035,0,0,11,32,0,24,0
19-01 11:43:12,67.273,8.253,24.008,0.250,0,1697900,780044,178576,5270628,7245.457,1620.550,0,3005.019,0,109.037,3928,1593,1.830,1.480,0.830,3,0,0,0,0,11,32,0,24,0
19-01 11:43:13,60.239,6.999,27.745,3.499,0,1788144,682044,178732,5277756,8836.329,1565.704,0,21395.955,0,1447.726,10454,12552,1.830,1.480,0.830,2,2,83.984,0,0,11,38,0,24,0
19-01 11:43:14,33.249,10.500,41.249,12.750,0,1775916,681176,178836,5290324,7712.791,1619.956,0,114280.909,0,7806.789,34219,53940,1.840,1.490,0.830,3,0,233.994,0,0,11,38,0,24,0
19-01 11:43:15,36.433,9.483,39.178,12.976,0,1784080,663788,178896,5299124,8841.781,1617.034,0,94542.572,0,7407.412,35709,55626,1.840,1.490,0.830,5,0,194.643,0,0,11,38,0,24,0
19-01 11:43:16,45.221,11.493,28.732,12.492,0,1721836,716912,178980,5307860,9221.165,1618.976,0,90482.744,0,6496.889,28636,45174,1.840,1.490,0.830,3,0,242.846,0,0,11,36,0,24,0
19-01 11:43:17,46.519,8.503,32.013,10.504,0,1769896,659084,179024,5317288,6244.557,1620.664,0,63377.955,0,4465.829,21251,33238,1.840,1.490,0.830,1,1,70.029,0,0,11,36,0,24,0
19-01 11:43:18,42.099,9.522,31.574,13.281,0.251,1823312,593480,179052,5328916,5816.659,1569.686,0,101037.261,0,6647.610,29985,43451,1.840,1.490,0.830,1,2,26.061,0,0,11,38,0,24,0
19-01 11:43:19,35.003,10.001,40.003,12.751,0,1754816,657944,179080,5332812,9347.753,1566.126,0,78750.344,0,6086.490,28405,42698,2.020,1.530,0.850,2,0,180.015,0,0,11,36,0,24,0
19-01 11:43:20,31.439,12.226,51.899,3.743,0,1448992,963868,179088,5332692,7687.019,1616.849,0,21909.301,0,1396.279,9254,9969,2.020,1.530,0.850,1,0,252.508,0,0,11,32,0,24,0
19-01 11:43:21,22.753,3.500,73.010,0.250,0,1448916,963944,179088,5332692,8329.170,1620.228,0,1500.211,0,81.011,2132,1529,2.020,1.530,0.850,1,0,2.000,0,0,11,32,0,24,0
19-01 11:43:22,23.503,3.250,71.510,0.500,0,1494992,917828,179092,5332696,7576.094,1620.234,0,4508.651,0,256.037,2753,2352,2.020,1.530,0.850,2,0,8.001,0,0,11,32,0,24,0
19-01 11:43:23,21.539,4.508,72.883,0,0,1450572,962240,179092,5332704,8807.037,1622.955,0,156.285,0,12.022,2644,2011,2.020,1.530,0.850,1,0,27.049,0,0,11,32,0,24,0
19-01 11:43:24,22.217,3.495,73.890,0,0,1481792,931020,179092,5332704,10363.519,1563.664,0,35.946,0,3.994,1757,1279,1.940,1.520,0.850,2,0,0.999,0,0,11,32,0,24,0
19-01 11:43:25,23.743,2.249,72.979,0,0,1520800,891848,179092,5332864,41345.052,1619.532,0,115.966,0,14.996,2062,1510,1.940,1.520,0.850,1,0,1.999,0,0,11,34,0,24,0
19-01 11:43:26,17.527,23.787,57.839,0.250,0,1468540,944068,179092,5332904,40751.903,1622.504,0,685.057,0,49.076,6059,5423,1.940,1.520,0.850,3,0,698.078,0,0,11,32,0,24,0
19-01 11:43:27,10.726,29.434,58.867,0,0,1457492,955076,179092,5332944,9595.354,1562.475,0,267.397,0,26.939,7302,6226,1.940,1.520,0.850,1,0,839.107,0,0,11,32,0,24,0
19-01 11:43:28,8.510,21.024,69.329,0.250,0,1442188,970300,179092,5333024,7468.563,1567.797,0,100.115,0,7.008,5979,4367,1.940,1.520,0.850,1,0,428.491,0,0,11,32,0,24,0
19-01 11:43:29,9.259,21.271,69.069,0,0,1421648,990808,179092,5333064,11116.180,1663.673,0,32.032,0,8.008,5902,4372,1.860,1.520,0.850,1,0,395.398,0,0,11,32,0,24,0
19-01 11:43:30,16.760,17.260,65.288,0,0,1419576,992828,179092,5333512,9273.362,1620.937,0,1488.861,0,184.106,6470,6524,1.860,1.520,0.850,1,0,259.150,0,0,11,32,0,24,0
19-01 11:43:31,38.681,10.980,48.663,0,0,1478944,933336,179100,5333648,8943.019,1617.110,0,67.879,0,2.995,3822,2514,1.860,1.520,0.850,3,0,131.765,0,0,11,33,0,24,0
19-01 11:43:32,44.721,6.746,48.219,0,0,1580476,831780,179100,5333672,7164.321,1564.978,0,231.849,0,5.996,2872,1551,1.860,1.520,0.850,3,0,0,0,0,11,33,0,24,0
19-01 11:43:33,46.316,5.508,47.317,0.501,0,1627248,784180,179148,5334444,7689.965,1622.313,0,7674.943,0,411.587,4722,4465,1.860,1.520,0.850,2,0,19.027,0,0,11,49,0,24,0
19-01 11:43:34,32.755,12.502,53.258,0.500,0,1664268,743452,179176,5337704,10138.464,1620.234,0,5280.762,0,289.042,6988,10825,2.030,1.560,0.870,1,0,202.029,0,0,11,48,0,24,0
19-01 11:43:35,18.010,16.009,64.537,0,0,1674700,732976,179176,5337712,7148.148,1620.941,0,604.351,0,32.019,6172,7622,2.030,1.560,0.870,1,0,283.164,0,0,11,48,0,24,0
19-01 11:43:36,0.500,0.750,97.713,0.250,0,1674184,733484,179180,5337720,5282.000,1511.428,0,1187.550,0,23.991,781,1131,2.030,1.560,0.870,0,0,9.996,0,0,11,48,0,24,0
19-01 11:43:37,0.749,0.749,97.816,0,0,1671088,736576,179180,5337720,8916.272,1658.888,0,127.760,0,10.979,885,1176,2.030,1.560,0.870,0,0,2.994,0,0,11,48,0,24,0
19-01 11:43:38,0.500,0.751,98.569,0,0,1667668,739996,179180,5337720,9065.365,1621.138,0,40.028,0,5.004,809,988,2.030,1.560,0.870,0,0,3.002,0,0,11,48,0,24,0
19-01 11:43:39,0.500,0,98.301,0,0,1666124,741540,179180,5337720,8974.691,1620.847,0,0,0,0,752,968,1.870,1.530,0.870,0,0,1.001,0,0,11,48,0,24,0
19-01 11:43:40,12.260,12.010,74.560,0.250,0,1645588,762076,179180,5338060,7618.178,1567.271,0,864.701,0,73.059,4497,5166,1.870,1.530,0.870,5,0,220.179,0,0,11,48,0,24,0
19-01 11:43:41,13.504,14.004,71.023,0,0,1642460,765200,179180,5337724,6389.047,1620.519,0,4.001,0,1.000,5245,6216,1.870,1.530,0.870,4,0,260.083,0,0,11,48,0,24,0
19-01 11:43:42,15.746,18.495,65.482,0,0,1655064,752500,179180,5338124,11142.853,1857.475,0,3.999,0,1.000,6056,5950,1.870,1.530,0.870,2,0,331.906,0,0,12,48,0,24,0
19-01 11:43:43,14.720,12.225,71.606,0.249,0,1649248,758200,179180,5337912,7663.541,1616.739,0,562.865,0,41.915,4912,5635,1.870,1.530,0.870,1,0,250.495,0,0,12,64,0,16,0
19-01 11:43:44,7.762,11.769,79.125,0,0,1655516,751912,179180,5338380,6099.624,1514.389,0,4.006,0,1.002,4162,4381,1.800,1.520,0.870,1,0,204.322,0,0,14,64,0,16,0
19-01 11:43:45,16.258,14.007,68.785,0,0,1643704,763652,179180,5337964,8274.253,1620.833,0,2525.298,0,31.016,5300,5475,1.800,1.520,0.870,2,0,237.122,0,0,14,66,0,16,0
19-01 11:43:46,8.741,20.229,69.427,0.250,0,1638008,769304,179184,5338004,7143.520,1618.305,0,403.577,0,26.972,6058,4590,1.800,1.520,0.870,2,0,401.580,0,0,14,66,0,16,0
19-01 11:43:47,16.489,17.738,64.957,0,0,1648192,759092,179184,5338464,10367.168,1618.933,0,119.921,0,10.993,6271,7054,1.800,1.520,0.870,1,0,286.811,0,0,14,66,0,15,0
19-01 11:43:48,27.802,21.039,51.095,0,0,1714320,692912,179196,5338072,8829.366,1623.008,0,212.394,0,6.011,6082,4998,1.800,1.520,0.870,2,0,450.836,0,0,14,66,0,15,0
19-01 11:43:49,30.503,23.002,45.254,0,0,1792716,613996,179252,5338500,5807.534,1660.153,0,208.019,0,6.001,6731,5428,1.900,1.550,0.880,4,0,561.052,0,0,14,66,0,15,0
19-01 11:43:50,33.204,24.217,41.942,0,0,1895920,509632,179272,5340020,9530.888,1617.774,0,43.940,0,10.985,6991,9707,1.900,1.550,0.880,2,0,448.383,0,0,14,70,0,17,0
19-01 11:43:51,53.473,19.740,26.736,0,0,1989884,415620,179276,5340040,10387.725,1619.178,0,35.982,0,4.997,5093,5249,1.900,1.550,0.880,4,0,324.835,0,0,14,70,0,17,0
19-01 11:43:52,65.377,25.299,9.017,0,0,2117716,287152,179288,5341040,9604.627,1713.323,0,957.858,0,13.025,5963,7431,1.900,1.550,0.880,18,0,559.084,0,0,14,70,0,17,0
19-01 11:43:53,66.253,18.751,14.751,0,0,2193252,210764,179336,5341224,7972.330,1512.063,0,1136.047,0,31.001,5397,6622,1.900,1.550,0.880,6,0,269.011,0,0,14,70,0,17,0
19-01 11:43:54,54.370,24.441,6.734,12.719,0,2282988,199084,168912,5275372,8784.915,1616.121,123.703,10434.955,30.926,653.432,7279,7362,2.300,1.640,0.910,1,2,452.913,0,0,14,70,0,17,0
19-01 11:43:55,78.364,18.277,2.003,1.502,0,2434268,187508,166920,5140764,42894.548,1622.366,1245.817,2539.703,107.156,91.133,6897,6093,2.300,1.640,0.910,5,0,143.209,0,0,14,74,0,16,0
19-01 11:43:56,65.199,26.729,4.247,3.747,0,2549952,137084,166948,5077212,41009.027,1618.738,543.576,30827.965,28.977,2395.133,16756,25574,2.300,1.640,0.910,6,0,449.649,0,0,14,76,0,16,0
19-01 11:43:57,64.795,20.684,11.464,2.243,0,2604324,153600,166900,5008468,23436.703,1614.881,35.886,12938.982,3.987,1179.262,12508,20714,2.300,1.640,0.910,6,0,212.327,0,0,14,78,0,18,0
19-01 11:43:58,78.547,19.825,1.255,0.502,0,2702344,178744,166612,4887884,10441.419,1571.934,441.667,1172.426,27.102,61.231,9581,12947,2.300,1.640,0.910,5,0,371.402,0,0,14,89,0,25,0
19-01 11:43:59,49.788,26.020,22.767,0.500,0,2823908,127724,166612,4819208,10769.127,1621.223,236.178,956.722,11.008,59.045,8399,12341,2.520,1.690,0.930,4,0,523.395,0,0,14,93,0,24,0
19-01 11:44:00,41.974,16.240,40.974,0,0,2873064,148748,166612,4750256,46502.986,1704.936,0,839.476,0,45.971,6457,7997,2.520,1.690,0.930,1,1,223.860,0,0,14,95,0,24,0
19-01 11:44:01,56.952,13.738,25.728,3.497,0,3033256,187664,166620,4555664,10771.885,1618.630,2082.238,4536.162,28.975,228.806,5159,7303,2.520,1.690,0.930,2,0,129.890,0,0,14,98,0,27,0
19-01 11:44:02,29.530,11.762,57.058,0.250,0,3096288,123820,166688,4556380,9019.199,1711.746,48.049,656.670,6.006,43.044,4844,4563,2.520,1.690,0.930,1,0,174.178,0,0,14,101,0,27,0
19-01 11:44:03,12.494,21.990,63.222,1.000,0,3079060,208420,166692,4490396,24060.309,1597.290,27.988,1051.533,2.999,66.970,7017,11362,2.520,1.690,0.930,1,0,453.798,0,0,14,101,0,25,0
19-01 11:44:04,8.499,19.249,70.995,0,0,3088084,199368,166692,4490432,8417.383,1619.881,0,2899.787,0,15.999,5828,4374,2.400,1.680,0.930,3,0,364.973,0,0,14,101,0,25,0
19-01 11:44:05,19.730,5.494,72.927,0.499,0,3149520,137908,166692,4490456,5793.196,1704.292,23.976,123.876,1.998,9.990,2114,1584,2.400,1.680,0.930,1,0,33.966,0,0,14,101,0,25,0
19-01 11:44:06,17.749,2.750,78.747,0,0,3158564,128848,166692,4490472,41170.394,23669.077,0,579.977,0,14.999,2921,2734,2.400,1.680,0.930,0,0,0,0,0,14,104,0,25,0
19-01 11:44:07,19.534,6.762,72.878,0,0,3129560,157836,166692,4490488,21588.975,1887.320,0,204.359,0,11.019,2571,1870,2.400,1.680,0.930,1,0,63.111,0,0,14,103,0,24,0
19-01 11:44:08,18.725,2.746,77.645,0.250,0,3155244,132144,166692,4490496,14718.135,7833.427,0,167.774,0,22.969,2296,2187,2.400,1.680,0.930,0,0,0.999,0,0,14,106,0,24,0
19-01 11:44:09,21.765,3.502,73.301,0.751,0,3158764,128364,166704,4490748,13864.718,1883.320,0,1236.867,0,164.115,3982,4646,2.290,1.670,0.930,0,1,2.001,0,0,14,112,0,24,0
19-01 11:44:10,27.492,4.499,65.230,1.000,0,3158088,128672,166704,4491116,11316.505,2762.147,95.970,2975.081,4.998,184.943,5426,7017,2.290,1.670,0.930,1,0,1.999,0,0,14,112,0,26,0
19-01 11:44:11,23.484,10.493,65.455,0.250,0,3162256,124488,166704,4491132,8393.231,1510.961,0,627.569,0,39.973,3841,3079,2.290,1.670,0.930,2,0,116.920,0,0,14,118,0,26,0
19-01 11:44:12,25.493,4.499,68.732,0.250,0,3246316,172604,166704,4362128,14077.229,8114.826,7.998,615.835,1.999,48.987,2906,2636,2.290,1.670,0.930,2,0,2.999,0,0,14,124,0,19,0
19-01 11:44:13,19.757,3.001,75.028,0.500,0,3252552,166332,166704,4362164,11726.376,3606.346,16.006,880.329,1.000,85.032,3541,4305,2.290,1.670,0.930,1,0,2.001,0,0,14,125,0,19,0
19-01 11:44:14,35.966,10.740,51.951,0.749,0,3301604,179932,166588,4300992,9039.517,2757.412,3.996,3660.565,0.999,276.740,5534,5825,2.260,1.680,0.940,2,0,95.910,0,0,14,126,0,20,0
19-01 11:44:15,40.612,6.017,52.646,0.501,0,3343132,138368,166588,4301092,11639.181,7364.361,180.499,10717.633,1.003,578.600,3786,1759,2.260,1.680,0.940,3,0,4.011,0,0,14,127,0,20,0
19-01 11:44:16,22.006,6.252,70.018,0.500,0,3311820,169660,166588,4301112,26402.754,18202.656,0,2024.518,0,97.025,2967,2281,2.260,1.680,0.940,1,0,55.014,0,0,14,126,0,21,0
19-01 11:44:17,19.233,2.248,78.179,0,0,3359368,122100,166588,4301124,10677.371,4005.388,7.993,63.942,1.998,6.994,1761,1313,2.260,1.680,0.940,2,0,0,0,0,14,127,0,21,0
19-01 11:44:18,19.267,5.755,73.815,0.250,0,3345804,199396,166588,4239200,31025.366,21618.068,0,96.085,0,8.007,2685,1935,2.260,1.680,0.940,1,0,51.045,0,0,14,126,0,22,0
19-01 11:44:19,19.498,2.250,77.742,0,0,3386140,158924,166588,4239336,12722.624,3898.578,4.000,43.995,1.000,4.000,1795,1323,2.160,1.660,0.940,2,0,0,0,0,14,127,0,22,0
19-01 11:44:20,18.213,4.491,75.345,0.249,0,3363308,181704,166588,4239388,11365.618,6850.906,11.975,650.661,2.994,84.825,3283,3521,2.160,1.660,0.940,1,0,31.934,0,0,14,126,0,23,0
19-01 11:44:21,26.034,7.760,65.837,0,0,3408932,136012,166588,4239440,8406.059,1622.134,0,424.559,0,30.040,6327,9432,2.160,1.660,0.940,1,0,81.107,0,0,14,134,0,26,0
19-01 11:44:22,17.497,3.749,77.487,0.500,0,3342296,202592,166588,4239496,30111.961,23983.986,31.995,331.944,2.000,17.997,2538,2116,2.160,1.660,0.940,1,0,35.994,0,0,14,134,0,27,0
19-01 11:44:23,21.699,4.739,72.578,0,0,3403444,141440,166588,4239500,6126.480,1562.297,0,271.357,0,13.967,2137,1593,2.160,1.660,0.940,1,0,24.941,0,0,14,134,0,27,0
19-01 11:44:24,15.801,2.759,79.258,1.003,0,3401360,143332,166592,4239688,15477.298,8311.009,0,1260.095,0,171.558,3611,4497,2.070,1.650,0.940,1,0,0,0,0,14,135,0,27,0
19-01 11:44:25,24.216,7.989,65.659,0.999,0,3384972,159564,166592,4239844,43362.780,2856.034,7.989,2568.433,1.997,224.688,7246,9928,2.070,1.650,0.940,2,0,53.925,0,0,14,137,0,29,0
19-01 11:44:26,21.263,4.002,73.795,0.250,0,3403904,140632,166592,4239844,44986.648,3084.896,0,964.593,0,52.032,2077,1458,2.070,1.650,0.940,1,0,0,0,0,14,138,0,29,0
19-01 11:44:27,15.708,1.496,80.786,0.249,0,3405584,138940,166592,4239856,18226.686,10068.312,0,686.181,0,48.870,2215,2161,2.070,1.650,0.940,2,0,0.997,0,0,14,138,0,29,0
19-01 11:44:28,24.509,5.252,68.526,0.750,0.250,3408472,135992,166592,4239916,6930.581,1686.628,16.006,1364.508,1.000,153.057,5639,7640,2.070,1.650,0.940,1,0,0,0,0,14,138,0,29,0
19-01 11:44:29,31.503,7.501,59.256,0.250,0,3368632,175752,166592,4239996,10099.983,2485.242,0,1444.141,0,126.012,6380,8770,2.060,1.660,0.950,1,0,70.007,0,0,14,137,0,30,0
19-01 11:44:30,19.018,2.002,77.574,0.500,0,3407160,137208,166600,4240004,14664.927,7350.981,8.008,2442.319,2.002,281.267,2132,1528,2.060,1.660,0.950,2,0,0,0,0,14,138,0,30,0
19-01 11:44:31,17.521,7.759,72.337,1.752,0,3393468,150660,166604,4240256,12656.140,5525.610,80.096,6027.210,5.006,424.508,5350,6613,2.060,1.660,0.950,1,0,148.177,0,0,14,139,0,31,0
19-01 11:44:32,21.720,4.244,73.399,0,0,3453244,153912,166604,4178816,9975.254,1859.438,0,391.461,0,18.974,1910,1316,2.060,1.660,0.950,0,0,0,0,0,14,140,0,31,0
19-01 11:44:33,19.002,2.250,78.257,0,0,3448488,158624,166612,4178852,20292.816,12882.153,12.001,604.054,3.000,50.004,3345,3663,2.060,1.660,0.950,1,0,0,0,0,14,140,0,31,0
19-01 11:44:34,23.014,6.004,68.541,0.500,0,3447648,159404,166612,4178912,7004.227,1620.978,16.010,1004.606,1.001,112.068,5681,7601,2.060,1.670,0.950,2,0,0,0,0,14,140,0,31,0
19-01 11:44:35,39.519,11.005,47.022,1.000,0,3410332,196532,166612,4179084,7231.385,3155.477,32.015,4422.070,2.001,401.188,12253,18674,2.060,1.670,0.950,7,0,143.067,0,0,14,141,0,32,0
19-01 11:44:36,29.279,9.509,60.059,0.500,0,3439332,167328,166612,4179272,5849.788,2072.050,16.016,1181.169,1.001,85.084,5204,6224,2.060,1.670,0.950,1,0,146.145,0,0,14,141,0,32,0
19-01 11:44:37,18.441,1.994,78.250,0,0,3457216,149436,166612,4179280,16076.612,9054.059,0,486.445,0,25.917,1943,1630,2.060,1.670,0.950,2,0,0,0,0,14,141,0,33,0
19-01 11:44:38,9.999,19.249,68.996,0.250,0,3380492,226124,166612,4179316,23656.594,1709.898,4.000,2679.841,1.000,155.991,6187,4913,2.060,1.670,0.950,1,0,345.979,0,0,14,141,0,33,0
19-01 11:44:39,14.260,18.513,66.796,0,0.250,3381528,225064,166612,4179792,11144.753,1567.090,0,188.131,0,19.013,6428,6048,1.970,1.650,0.950,1,0,355.247,0,0,14,141,0,33,0
19-01 11:44:40,26.538,16.774,56.080,0,0,3416408,190152,166612,4179376,7830.120,1622.304,0,20.028,0,5.007,6680,6854,1.970,1.650,0.950,2,0,304.432,0,0,14,141,0,33,2
19-01 11:44:41,32.439,21.709,43.918,0,0,3458504,147992,166616,4179436,48499.387,1772.688,15.970,39.925,0.998,9.981,6954,5033,1.970,1.650,0.950,2,0,457.146,0,0,14,141,0,33,2
19-01 11:44:42,30.465,14.983,53.688,0,0,3491504,176644,166628,4119556,11151.045,1618.120,23.972,671.220,4.994,45.947,6183,8603,1.970,1.650,0.950,3,0,212.753,0,0,16,147,0,33,2
19-01 11:44:43,60.240,25.853,13.554,0,0,3655836,131448,166636,4003556,6617.346,1626.476,108.432,518.063,8.032,35.140,8010,13725,1.970,1.650,0.950,4,0,589.346,0,0,16,153,0,33,2
19-01 11:44:44,57.748,23.749,18.499,0.250,0,3744268,133500,166400,3914756,16066.527,1721.949,16.000,475.986,1.000,30.999,7413,8217,2.050,1.680,0.960,4,0,374.989,0,0,16,155,0,33,2
19-01 11:44:45,47.086,20.678,31.141,0,0,3810356,162112,166404,3820400,9335.441,1614.370,7.972,753.372,1.993,32.885,8170,10950,2.050,1.680,0.960,5,0,398.610,0,0,16,169,0,33,2
19-01 11:44:46,33.866,23.079,42.395,0,0,3862532,154288,166404,3776836,7482.631,1802.173,0,401.375,0,18.062,7319,5503,2.050,1.680,0.960,1,0,521.787,0,0,17,169,0,33,2
19-01 11:44:47,16.703,17.451,64.567,0.249,0,3874168,142432,166404,3777496,23446.566,1561.575,11.966,454.712,2.992,32.907,7009,7822,2.050,1.680,0.960,1,0,304.138,0,0,17,169,0,33,2
19-01 11:44:48,28.265,20.511,51.028,0.250,0,3922616,146268,166156,3725892,8346.503,1566.845,12.006,300.162,3.002,25.013,5939,5082,2.050,1.680,0.960,2,0,396.214,0,0,17,169,0,33,2
19-01 11:44:49,36.491,19.995,41.990,0,0,3986632,136628,166164,3673180,14155.496,1783.558,11.997,239.941,2.000,17.996,6875,6774,2.130,1.700,0.980,3,0,364.910,0,0,17,169,0,33,2
19-01 11:44:50,38.844,23.306,37.089,0,0,4077900,122464,166176,3597604,9010.741,1623.918,176.426,617.490,7.017,37.089,7991,10695,2.130,1.700,0.980,3,0,437.055,0,0,17,183,0,33,2
19-01 11:44:51,31.257,25.506,42.760,0.500,0,4132708,189432,166176,3478520,6239.439,1620.374,24.006,260.060,3.001,26.006,7258,6404,2.130,1.700,0.980,2,0,642.148,0,0,17,185,0,33,0
19-01 11:44:52,20.233,22.731,55.203,0.250,0,4185328,135004,166180,3480356,16442.961,1564.664,7.993,891.239,1.998,66.943,8395,10020,2.130,1.700,0.980,1,0,437.626,0,0,17,199,0,33,0
19-01 11:44:53,19.006,15.755,63.269,0,0,4193492,164996,166180,3443096,6337.917,1620.490,4.001,444.134,1.000,22.007,7026,9187,2.130,1.700,0.980,2,0,237.072,0,0,17,199,0,31,0
19-01 11:44:54,42.097,10.213,46.581,0.747,0,4324004,128908,166180,3350172,7073.324,1614.141,454.351,458.336,7.971,31.884,4006,2845,2.120,1.700,0.980,2,0,100.635,0,0,17,199,0,31,0
19-01 11:44:55,45.263,8.002,44.513,0.750,0,4424688,149508,166180,3231120,48847.868,1620.460,188.053,428.122,9.003,50.014,3998,2672,2.120,1.700,0.980,3,0,11.003,0,0,17,215,0,31,0
19-01 11:44:56,32.362,8.279,57.951,1.003,0,4336288,276396,166184,3193144,44607.021,1715.963,52.181,606.106,5.017,8.028,3786,2967,2.120,1.700,0.980,3,0,111.387,0,0,17,218,0,31,0
19-01 11:44:57,34.745,24.247,37.495,2.750,0,4393820,216776,166188,3195196,12436.219,1511.783,927.867,507.927,10.998,37.995,8503,9983,2.120,1.700,0.980,3,0,524.925,0,0,17,219,0,31,0
19-01 11:44:58,33.854,23.648,39.829,0.996,0,4430120,179576,166192,3196428,16578.694,9513.083,780.642,469.979,15.931,34.850,7246,8448,2.120,1.700,0.980,5,0,456.039,0,0,17,228,0,31,0
19-01 11:44:59,63.334,19.025,15.771,1.502,0,4501528,141196,166204,3164348,6855.054,2388.154,600.794,1109.465,13.017,29.038,6167,6762,2.510,1.790,1.010,3,0,191.253,0,0,17,228,0,32,0
19-01 11:45:00,65.333,12.015,18.774,3.504,0,4607404,161500,166204,3040568,16991.665,9445.043,1658.114,496.633,36.046,25.032,4963,3841,2.510,1.790,1.010,0,2,23.029,0,0,17,239,0,32,0
19-01 11:45:01,46.166,10.731,19.714,22.709,0,4608656,193572,166236,3008140,12903.621,4662.552,4507.832,14150.362,289.476,835.486,7042,5736,2.510,1.790,1.010,4,0,33.939,0,0,17,242,0,23,0
19-01 11:45:02,56.965,15.559,23.087,3.764,0,4692580,140528,166304,2979060,7786.340,3603.579,2011.580,1594.006,180.681,120.454,7471,8657,2.510,1.790,1.010,2,0,231.874,0,0,17,244,0,27,0
19-01 11:45:03,35.008,25.506,37.508,0.500,0,4605344,225892,166308,2981344,18812.065,10564.283,196.042,10122.187,13.003,80.017,8774,17892,2.510,1.790,1.010,2,0,515.111,0,0,17,243,0,29,0
19-01 11:45:04,49.420,20.217,28.704,0.250,0.250,4682736,146820,166308,2982500,7216.380,1617.396,3.994,2416.109,0.998,136.780,6302,7651,2.470,1.800,1.020,3,0,279.550,0,0,17,243,0,29,0
19-01 11:45:05,49.814,26.033,23.780,0,0,4771464,132860,166316,2909336,19610.061,11683.932,44.056,909.162,4.005,56.072,8367,9469,2.470,1.800,1.020,7,0,513.656,0,0,17,248,0,25,0
19-01 11:45:06,61.662,21.470,15.478,1.748,0,4784352,158752,166340,2871760,9823.053,2597.312,1178.327,6478.801,56.919,356.494,7975,11533,2.470,1.800,1.020,4,0,237.663,0,0,17,251,0,28,0
19-01 11:45:07,52.343,26.046,20.286,0,0,4863036,134896,166344,2818388,13262.648,9449.850,4.007,849.515,1.002,50.089,7161,7570,2.470,1.800,1.020,3,0,515.920,0,0,17,252,0,28,0
19-01 11:45:08,55.019,21.410,21.659,1.245,0.249,4865268,157824,166356,2793968,15490.069,4699.301,645.295,959.976,39.833,62.737,8573,14668,2.470,1.800,1.020,7,0,259.911,0,0,17,259,0,30,0
19-01 11:45:09,63.964,16.555,18.813,0,0,4983244,159708,166356,2675556,15514.801,7314.421,8.027,758.533,1.003,24.080,5100,4316,2.510,1.820,1.030,6,0,119.399,0,0,17,260,0,29,0
19-01 11:45:10,57.614,10.226,28.682,2.245,0,4992684,180852,166244,2645932,19575.807,13075.146,1276.987,658.446,56.866,47.887,10129,14788,2.510,1.820,1.030,2,0,11.972,0,0,17,262,0,32,0
19-01 11:45:11,61.030,11.005,25.763,2.251,0,5102520,125244,165984,2592732,11054.383,3550.729,1384.674,884.431,58.028,66.032,5747,6862,2.510,1.820,1.030,3,0,11.005,0,0,17,268,0,36,0
19-01 11:45:12,47.053,22.025,29.032,1.001,0,4988236,270876,166164,2561884,20580.035,13250.831,1497.676,1612.805,40.045,99.111,7988,8112,2.510,1.820,1.030,5,0,430.482,0,0,17,269,0,38,0
19-01 11:45:13,52.263,27.625,18.168,1.742,0,5063152,192284,166276,2565752,8780.156,1612.682,4097.406,680.910,57.738,40.815,8034,10391,2.510,1.820,1.030,3,0,447.967,0,0,17,269,0,36,0
19-01 11:45:14,60.231,19.073,19.324,0.753,0,5132528,158156,166280,2531312,16238.342,11781.230,654.513,1076.131,17.066,49.189,6993,7644,2.550,1.840,1.040,9,0,247.952,0,0,18,273,0,36,0
19-01 11:45:15,77.905,13.276,2.254,5.761,0,5191928,131804,166280,2499132,6897.714,2483.939,3170.303,681.355,168.335,32.064,5835,4074,2.550,1.840,1.040,5,0,17.034,0,0,18,273,0,37,0
19-01 11:45:16,80.741,11.463,5.482,2.492,0,5299956,147144,166296,2378880,16572.863,9295.197,1778.298,1594.886,91.706,95.693,6700,6322,2.550,1.840,1.040,4,0,8.971,0,0,18,280,0,38,0
19-01 11:45:17,64.545,16.762,17.762,0.751,0,5303972,173464,166320,2349544,11648.091,5157.583,1168.812,2429.688,32.022,313.218,8524,12645,2.550,1.840,1.040,3,0,226.157,0,0,18,283,0,38,0
19-01 11:45:18,38.260,7.752,52.014,0.250,0,5347584,129736,166328,2349652,18788.937,8401.207,520.137,624.164,6.002,39.010,3784,2737,2.550,1.840,1.040,3,0,9.002,0,0,18,286,0,38,0
19-01 11:45:19,34.297,10.014,55.076,0.250,0,5318120,215316,166328,2295544,28977.986,10973.142,817.128,616.851,9.012,51.070,4579,4508,2.430,1.820,1.040,2,0,14.019,0,0,18,289,0,39,1
19-01 11:45:20,44.491,7.249,46.740,0.250,0,5344172,179752,166328,2305040,9860328.654,75781.573,511.896,407.917,3.999,24.995,7208,3842,2.430,1.820,1.040,1,0,5.999,0,0,18,289,0,39,0
19-01 11:45:21,25.278,12.514,57.814,2.002,0,5289464,225516,166332,2313948,6722863.188,52163.862,2554.834,3684.086,30.033,84.093,7943,6238,2.430,1.820,1.040,2,0,266.295,0,0,18,291,0,38,0
19-01 11:45:22,44.988,9.248,44.988,0.750,0,5392052,153704,166332,2284276,5604.559,1619.583,0,15444.028,0,1201.691,6041,3007,2.430,1.820,1.040,2,0,6.998,0,0,18,293,0,38,0
19-01 11:45:23,27.759,3.501,67.522,0,0,5400860,144720,166332,2284452,25572.445,21500.100,0,544.180,0,48.016,4099,4403,2.430,1.820,1.040,1,0,0,0,0,18,300,0,41,0
19-01 11:45:24,14.479,3.745,77.640,0.749,0,5332656,212384,166336,2284988,408007.030,16369263.808,499.293,10057.752,27.960,76.891,5000,4642,2.230,1.790,1.030,0,0,37.946,0,0,18,297,0,44,0
19-01 11:45:25,1.749,0.749,95.919,0,0,5329044,215924,166336,2285028,50201.853,1618.641,0,371.688,0,15.987,1425,1828,2.230,1.790,1.030,1,0,0,0,0,18,297,0,38,0
19-01 11:45:26,2.501,1.000,95.039,0.500,0,5325144,219808,166336,2285044,44600.513,1458.605,0,2040.847,0,102.042,1763,2399,2.230,1.790,1.030,0,0,0,0,0,18,297,0,38,0
19-01 11:45:27,18.005,3.251,77.271,0.500,0,5325664,219200,166348,2285120,8094579.523,28983.843,16.004,696.188,1.000,75.020,6452,7039,2.230,1.790,1.030,1,0,3.001,0,0,18,305,0,38,0
19-01 11:45:28,15.768,12.014,69.829,0.751,0,5239144,289592,166348,2301216,8441645.720,44403.142,64.072,2502.826,4.005,156.176,8111,6795,2.230,1.790,1.030,1,0,219.248,0,0,18,301,0,42,0
19-01 11:45:29,17.241,11.244,69.714,0.500,0,5301020,227640,166352,2301272,7703.024,1619.164,27.986,16779.339,1.999,66.965,4420,4261,2.130,1.780,1.030,2,0,246.873,0,0,18,301,0,41,0
19-01 11:45:30,18.766,9.008,71.560,0.250,0,5296756,231860,166360,2301308,7856.556,1663.388,4.003,408.341,1.001,24.020,3744,3112,2.130,1.780,1.030,1,0,135.113,0,0,18,301,0,41,0
19-01 11:45:31,8.999,19.747,68.990,0.500,0,5283148,245408,166360,2301368,8856.667,1619.756,15.998,915.862,1.000,63.990,6601,5632,2.130,1.780,1.030,2,0,406.939,0,0,18,305,0,41,0
19-01 11:45:32,3.990,6.733,87.777,0.249,0,5273920,254600,166360,2301404,7636.574,1615.889,15.959,123.685,0.997,9.975,2817,2743,2.130,1.780,1.030,0,0,129.670,0,0,18,305,0,41,0
19-01 11:45:33,15.023,3.505,80.121,0,0,5300628,227888,166360,2301408,5664.565,1622.453,0,172.260,0,24.036,2059,2125,2.130,1.780,1.030,2,0,9.014,0,0,18,305,0,40,0
19-01 11:45:34,18.983,2.248,77.680,0,0,5317760,210752,166360,2301412,15796.728,9419.490,0,0,0,0,2151,1916,1.960,1.750,1.030,2,0,0,0,0,18,306,0,40,0
19-01 11:45:35,14.273,12.270,71.867,0.501,0,5287732,240440,166364,2301700,8943.540,2602.231,76.124,0,7.011,0,5174,4474,1.960,1.750,1.030,1,0,207.337,0,0,18,309,0,41,0
19-01 11:45:36,11.503,16.755,70.270,0,0,5281952,245860,166364,2302036,9112.551,1620.454,4.001,4.001,1.000,1.000,5518,4215,1.960,1.750,1.030,1,0,208.058,0,0,18,309,0,41,0
19-01 11:45:37,15.231,13.733,68.913,0.749,0,5303236,224400,166364,2302180,7731.273,1729.824,51.935,1450.176,2.996,183.769,5539,4644,1.960,1.750,1.030,2,0,185.766,0,0,18,309,0,41,0
19-01 11:45:38,24.731,3.747,70.694,0.250,0,5365168,162400,166364,2302248,5861.396,1618.728,63.950,271.787,0.999,26.979,2524,2281,1.960,1.750,1.030,2,0,1.998,0,0,18,311,0,39,0
19-01 11:45:39,24.521,3.503,70.559,1.001,0,5389572,168996,166364,2272452,8795.414,1621.367,404.341,360.304,13.011,40.034,2841,2648,1.890,1.740,1.030,1,0,4.003,0,0,18,315,0,39,0
19-01 11:45:40,23.255,3.251,71.766,0.250,0,5287628,270904,166364,2272488,8248.851,1620.364,20.004,444.100,4.001,31.007,2505,2158,1.890,1.740,1.030,2,0,5.001,0,0,18,311,0,39,0
19-01 11:45:41,24.745,3.499,71.485,0,0,5340616,217916,166364,2272488,7384.453,1619.661,0,99.979,0,9.998,2457,2091,1.890,1.740,1.030,2,0,2.000,0,0,18,311,0,39,0
19-01 11:45:42,14.500,2.500,81.501,0.250,0,5356004,202504,166364,2272512,22266.388,14830.258,16.000,284.005,1.000,15.000,2512,2701,1.890,1.740,1.030,1,0,3.000,0,0,18,314,0,40,0
19-01 11:45:43,19.495,3.749,74.732,0,0,5268624,289872,166364,2272528,12865.874,7419.198,0,147.964,0,7.998,2608,2367,1.890,1.740,1.030,1,0,15.996,0,0,18,311,0,41,0
19-01 11:45:44,24.498,3.000,71.746,0,0,5318648,239844,166364,2272532,9693.399,1619.899,0,263.984,0,21.999,2474,2291,1.810,1.720,1.030,1,0,1.000,0,0,18,311,0,41,0
19-01 11:45:45,17.279,10.267,71.619,0.501,0,5294336,264000,166372,2272680,8712.510,1460.432,392.654,436.727,5.008,23.038,4108,3380,1.810,1.720,1.030,2,0,166.277,0,0,18,311,0,41,0
19-01 11:45:46,9.971,18.446,69.545,0.499,0,5310556,247616,166376,2272840,6341.293,1615.235,51.847,0,6.979,0,5869,4727,1.810,1.720,1.030,1,0,370.906,0,0,18,311,0,41,0
19-01 11:45:47,21.519,5.255,70.814,0.751,0,5357696,200128,166520,2273044,8831.977,1621.465,304.275,516.466,15.014,34.031,3238,3020,1.810,1.720,1.030,1,0,62.056,0,0,18,311,0,41,0
19-01 11:45:48,19.228,2.997,76.662,0.250,0,5364232,187620,167012,2278472,14299.561,3894.523,0,4019.379,0,451.481,2701,2033,1.810,1.720,1.030,1,0,15.982,0,0,18,311,0,41,0
19-01 11:45:49,23.294,3.256,73.640,0,0,5374580,176064,167096,2279564,9770.600,2211.209,0,384.732,0,9.017,2511,2163,1.830,1.730,1.030,1,0,19.036,0,0,18,312,0,41,0
19-01 11:45:50,18.747,1.750,77.486,0.250,0,5378332,165732,167656,2285472,13733.574,4231.252,0,1195.789,0,29.995,2136,1949,1.830,1.730,1.030,1,0,2.999,0,0,18,311,0,41,0
19-01 11:45:51,22.027,5.757,69.835,0,0.250,5355488,188004,167720,2285964,10082.227,2115.566,4.005,84.102,1.001,1.001,11377,20324,1.830,1.730,1.030,2,0,14.017,0,0,18,312,0,41,0
19-01 11:45:52,18.979,4.995,73.669,0.499,0,5352624,190508,167748,2286292,15352.136,4053.547,23.974,16581.785,3.996,62.931,10064,18650,1.830,1.730,1.030,1,0,12.986,0,0,18,312,0,41,0
19-01 11:45:53,22.211,5.490,71.624,0.250,0,5340172,201900,167820,2287280,5970.518,1617.161,0,387.320,0,13.975,2493,2097,1.830,1.730,1.030,1,0,7.986,0,0,18,312,0,41,0
19-01 11:45:54,13.517,14.267,70.336,0,0,5287352,267308,167864,2274708,7940.725,1796.200,0,488.598,0,23.028,4915,4215,1.760,1.720,1.030,1,0,264.324,0,0,18,311,0,41,0
19-01 11:45:55,24.746,2.250,71.987,0,0,5317140,237348,167864,2274880,41594.680,1457.743,0,0,0,0,2293,1811,1.760,1.720,1.030,1,0,0,0,0,18,311,0,41,0
19-01 11:45:56,20.718,3.495,74.634,0,0,5306024,248156,167864,2275192,49037.913,11894.544,111.826,547.151,6.989,9.985,3624,4529,1.760,1.720,1.030,2,0,0.998,0,0,18,313,0,44,0
19-01 11:45:57,22.553,8.771,66.658,0.752,0,5313168,240832,167864,2275372,10847.677,1623.844,96.228,481.139,5.012,53.126,4350,4520,1.760,1.720,1.030,2,0,113.268,0,0,18,315,0,44,0
19-01 11:45:58,21.992,2.249,73.974,0,0,5328512,225460,167864,2275400,17528.885,10202.441,0,267.907,0,21.992,3113,2983,1.760,1.720,1.030,3,0,0,0,0,18,315,0,45,0
19-01 11:45:59,22.260,6.503,71.032,0,0,5365620,188348,167864,2275404,8200.746,1620.740,0,288.132,0,26.012,3140,2995,1.700,1.700,1.030,3,0,72.033,0,0,18,317,0,45,0
19-01 11:46:00,18.502,2.000,77.759,0.250,0,5372992,180948,167864,2275432,20900.392,14681.680,16.002,152.017,1.000,11.001,2497,2406,1.700,1.700,1.030,2,0,0,0,0,18,317,0,46,0
19-01 11:46:01,20.501,6.500,71.503,0.250,0,5380312,173616,167864,2275444,5261.232,1620.071,0,136.006,0,9.000,2842,2489,1.700,1.700,1.030,1,0,57.003,0,0,18,317,0,46,0
19-01 11:46:02,18.248,2.000,78.490,0,0,5373288,180468,167868,2275612,16696.770,11865.415,47.994,711.905,3.000,11.998,2376,2172,1.700,1.700,1.030,1,0,0,0,0,18,317,0,43,0
19-01 11:46:03,25.865,7.212,66.155,0.249,0,5392692,161064,167868,2278324,8770.264,1611.596,0,1806.579,0,316.350,3829,6163,1.700,1.700,1.030,7,0,67.647,0,0,18,317,0,43,0
19-01 11:46:04,16.082,3.015,79.909,0.251,0,5370012,183700,167868,2275656,17779.904,11551.058,32.164,217.110,2.010,26.134,2836,6316,1.640,1.690,1.030,0,0,2.010,0,0,18,318,0,44,0
19-01 11:46:05,19.234,5.496,74.189,0,0,5378776,174920,167868,2275672,11856.294,2563.901,0,251.794,0,19.984,2934,2795,1.640,1.690,1.030,1,0,46.962,0,0,18,317,0,45,0
19-01 11:46:06,19.251,2.250,77.256,0,0,5395732,157960,167868,2275676,13472.965,7787.558,0,112.008,0,9.001,2246,1991,1.640,1.690,1.030,0,0,0,0,0,18,318,0,40,0
19-01 11:46:07,20.739,4.997,71.963,0.250,0,5378896,174624,167868,2275860,13365.095,5763.022,31.983,1259.349,1.999,125.935,3396,3307,1.640,1.690,1.030,1,0,31.983,0,0,18,317,0,43,0
19-01 11:46:08,20.008,2.501,77.281,0.250,0,5396728,156784,167868,2275868,16126.428,9436.762,0,216.086,0,17.007,2369,2140,1.640,1.690,1.030,1,0,0,0,0,18,318,0,43,0
19-01 11:46:09,14.729,6.241,77.140,0.250,0,5376004,177484,167868,2275892,9215.864,4848.090,0,471.328,0,47.932,3486,3532,1.590,1.680,1.030,3,0,88.873,0,0,18,319,0,44,0
19-01 11:46:10,20.524,2.503,76.087,0,0,5392600,160888,167868,2275892,14886.075,7352.433,0,136.156,0,8.009,2321,2140,1.590,1.680,1.030,1,0,0,0,0,18,320,0,39,0
19-01 11:46:11,20.750,6.000,72.000,0.250,0,5367056,186408,167868,2275916,25505.939,18197.957,0,515.999,0,31.000,3242,2860,1.590,1.680,1.030,1,0,48.000,0,0,18,319,0,41,0
19-01 11:46:12,20.197,2.992,75.304,0,0,5389632,163764,167868,2275984,11646.639,7324.905,79.792,231.397,4.987,23.938,2433,2256,1.590,1.680,1.030,2,0,0.997,0,0,18,320,0,41,0
19-01 11:46:13,20.830,4.015,74.285,0.251,0,5369260,183792,167868,2276328,11950.841,4823.502,321.232,365.402,19.073,13.050,2705,2466,1.590,1.680,1.030,1,0,14.054,0,0,18,319,0,43,0
19-01 11:46:14,20.266,2.252,76.311,0,0,5377516,175536,167868,2276328,13075.509,7349.907,0,196.158,0,20.016,2392,2373,1.630,1.690,1.040,1,0,1.001,0,0,18,320,0,37,0
19-01 11:46:15,23.235,4.497,69.704,1.499,0,5374000,176576,167868,2278804,10584.944,3529.647,2382.412,1427.049,102.931,183.877,6327,9329,1.630,1.690,1.040,2,0,1.999,0,0,18,321,0,38,0
19-01 11:46:16,21.973,4.744,71.411,0.250,0,5375080,175492,167868,2278808,9400.235,1683.893,0,3251.930,0,192.759,3034,3006,1.630,1.690,1.040,2,0,4.994,0,0,18,321,0,38,0
19-01 11:46:17,16.002,2.500,80.758,0.500,0,5378888,171664,167868,2278828,14976.426,11230.069,0,420.040,0,36.003,2598,2709,1.630,1.690,1.040,1,0,0,0,0,18,322,0,38,0
19-01 11:46:18,20.534,9.015,67.861,0.501,0,5348904,201216,167868,2279260,11965.526,2850.652,240.392,1402.288,12.020,138.226,6341,7783,1.630,1.690,1.040,2,0,155.253,0,0,18,321,0,39,0
19-01 11:46:19,8.005,23.515,66.292,0.250,0,5348704,201388,167868,2279288,11053.075,1621.038,0,732.469,0,58.037,7409,6650,1.580,1.670,1.040,1,0,641.411,0,0,18,321,0,35,0
19-01 11:46:20,9.749,21.748,67.495,0.250,0,5334220,215844,167868,2279316,8608.308,1619.870,0,443.964,0,37.997,7147,6251,1.580,1.670,1.040,1,0,608.951,0,0,18,321,0,35,0
19-01 11:46:21,8.999,22.499,66.496,0,0,5328576,221448,167868,2279356,8131.499,1619.900,0,2031.875,0,123.992,7660,7049,1.580,1.670,1.040,1,0,633.961,0,0,18,321,0,35,0
19-01 11:46:22,8.746,23.240,66.471,0.250,0,5314508,235480,167868,2279392,8294.407,1619.299,0,323.860,0,28.987,7314,6498,1.580,1.670,1.040,2,0,651.718,0,0,18,321,0,35,0
19-01 11:46:23,9.505,22.012,67.786,0,0,5316964,232992,167868,2279424,8620.576,1620.860,0,40.021,0,10.005,7087,6217,1.580,1.670,1.040,2,0,584.310,0,0,18,321,0,33,0
19-01 11:46:24,10.989,16.982,69.678,1.249,0,5334692,214960,167868,2279728,5746.057,1618.326,263.727,39.959,20.978,7.992,5816,4983,1.450,1.650,1.030,1,0,419.566,0,0,18,321,0,33,0
19-01 11:46:25,16.749,8.500,71.246,2.750,0,5336092,320916,167880,2184660,39190.804,1619.909,831.953,2083.883,105.994,8.999,2970,2669,1.450,1.650,1.030,1,0,42.998,0,0,18,321,0,33,0
19-01 11:46:26,24.494,2.499,71.734,0,0,5348468,304800,167880,2188400,42369.295,1457.666,15.996,3.999,2.999,1.000,2589,2162,1.450,1.650,1.030,1,0,15.996,0,0,18,321,0,33,0
19-01 11:46:27,13.498,1.250,81.738,1.500,0,5360920,291536,167880,2189212,20528.039,8561.765,527.924,2147.690,23.997,72.989,2436,2611,1.450,1.650,1.030,2,0,1.000,0,0,18,322,0,27,0
19-01 11:46:28,7.244,1.499,89.173,1.249,0,5358900,293192,167880,2189576,17133.171,6977.960,271.765,2837.544,28.975,63.945,2031,2607,1.450,1.650,1.030,2,0,0,0,0,18,322,0,27,0
19-01 11:46:29,11.990,1.499,81.931,3.247,0,5364292,286960,167880,2190416,21244.190,10312.355,415.652,1222.975,39.966,51.956,2122,2296,1.410,1.640,1.030,2,0,0.999,0,0,18,322,0,27,0
19-01 11:46:30,15.260,1.501,80.551,1.251,0,5380068,269940,167880,2191660,19934.641,8572.436,1104.700,1132.718,46.029,42.027,2134,2029,1.410,1.640,1.030,3,0,0,0,0,18,322,0,27,0
19-01 11:46:31,13.512,1.251,81.324,3.753,0,5377620,271836,167880,2192208,18631.890,9580.685,352.319,1197.085,34.031,47.043,2052,2155,1.410,1.640,1.030,0,0,1.001,0,0,18,322,0,23,0
19-01 11:46:32,13.236,0.999,83.165,0.999,0,5387564,260992,167880,2193096,19421.102,10107.644,683.300,1062.911,41.957,32.966,1919,1932,1.410,1.640,1.030,1,0,0,0,0,18,322,0,23,0
19-01 11:46:33,12.761,2.252,77.814,6.255,0,5386848,229528,167880,2225276,13928.463,6293.179,15580.823,956.787,175.144,23.019,2047,2094,1.410,1.640,1.030,1,0,0,0,0,18,322,0,23,0
19-01 11:46:34,22.965,3.245,72.141,0.499,0,5381248,220868,168184,2239108,10929.425,1617.547,0,3898.088,0,409.379,3282,2349,1.380,1.620,1.030,2,0,0.998,0,0,18,322,0,23,0
19-01 11:46:35,24.282,2.253,71.845,0.501,0,5383356,202724,168192,2254856,6547.661,1459.931,0,1381.828,0,31.041,2539,2303,1.380,1.620,1.030,4,0,0,0,0,18,322,0,22,0
19-01 11:46:36,23.999,2.750,71.748,0.250,0,5397160,168996,168248,2274512,8517.801,1619.962,0,1339.969,0,48.999,2627,2363,1.380,1.620,1.030,4,0,0,0,0,18,322,0,22,0
19-01 11:46:37,23.753,3.000,71.009,1.000,0,5398692,153388,168728,2287760,7014.860,1662.204,0,3264.400,0,149.018,3242,3220,1.380,1.620,1.030,1,0,0,0,0,18,322,0,22,0
19-01 11:46:38,23.789,2.755,72.369,0.751,0,5392668,133756,169144,2312912,9210.108,1622.662,0,8161.388,0,305.501,3231,3062,1.380,1.620,1.030,1,0,0,0,0,18,322,0,22,0
19-01 11:46:39,38.565,8.957,51.005,0.249,0,5313332,284548,169448,2242788,7369.580,1785.419,621.015,1544.576,4.976,57.723,3636,2543,1.510,1.650,1.040,3,0,9.952,0,0,18,321,0,22,0
19-01 11:46:40,32.803,6.511,59.597,0,0,5359624,238236,169448,2242808,10594.241,3707.033,512.835,484.789,4.007,14.023,3134,2259,1.510,1.650,1.040,0,0,37.060,0,0,18,322,0,22,0
19-01 11:46:41,23.032,3.505,72.602,0.250,0,5357412,233880,169452,2249320,10679.932,1862.604,0,1293.809,0,13.018,2502,2152,1.510,1.650,1.040,1,0,4.006,0,0,18,321,0,22,0
19-01 11:46:42,17.771,3.254,77.593,0.250,0,5369648,214652,169692,2255928,15678.721,4556.441,0,1085.296,0,25.030,2346,2208,1.510,1.650,1.040,0,1,18.022,0,0,18,322,0,22,0
19-01 11:46:43,23.249,5.750,69.248,0,0,5363704,220520,169748,2255736,6844.770,1863.937,0,587.980,0,20.999,10649,19455,1.510,1.650,1.040,1,0,13.000,0,0,18,321,0,20,0
19-01 11:46:44,22.271,6.756,69.064,0.250,0,5378580,205480,169748,2255900,10442.723,1621.510,0,1933.800,0,24.022,10872,19654,1.470,1.640,1.040,1,0,21.020,0,0,18,321,0,20,0
19-01 11:46:45,21.986,4.997,71.706,0,0,5317144,280052,169748,2242920,9821.966,1457.105,0,963.408,0,23.985,2605,2238,1.470,1.640,1.040,1,0,9.994,0,0,18,321,0,20,0
19-01 11:46:46,24.249,5.250,68.747,0,0,5336588,260596,169748,2242932,10178.502,1619.921,0,0,0,0,11422,20170,1.470,1.640,1.040,2,0,47.998,0,0,18,321,0,20,0
19-01 11:46:47,17.998,3.250,76.992,0.250,0,5372340,224832,169748,2242944,12811.735,3724.632,0,719.929,0,31.997,2666,2575,1.470,1.640,1.040,1,0,32.997,0,0,18,322,0,20,0
19-01 11:46:48,24.257,3.251,71.020,0.500,0,5386424,204220,169748,2249464,5984.672,1794.501,0,1296.362,0,37.010,2885,2880,1.470,1.640,1.040,1,0,3.001,0,0,18,321,0,20,0
19-01 11:46:49,17.750,2.250,78.999,0.250,0,5399136,185468,169768,2255372,15852.759,4710.928,0,1115.983,0,27.000,2251,2064,1.350,1.610,1.030,1,0,17.000,0,0,18,321,0,20,1
19-01 11:46:50,23.499,5.750,68.997,0,0,5386068,197876,169820,2255868,7965.646,1727.923,0,383.983,0,10.000,10244,18595,1.350,1.610,1.030,1,0,15.999,0,0,18,321,0,20,0
19-01 11:46:51,22.491,6.997,68.723,0,0,5380916,202828,169856,2256032,5852.668,1619.355,0,611.756,0,16.993,10521,19157,1.350,1.610,1.030,2,0,19.992,0,0,18,321,0,20,0
19-01 11:46:52,21.508,5.002,71.528,0.250,0,5329964,267004,169880,2242952,9594.696,1620.624,0,808.311,0,20.008,2620,2171,1.350,1.610,1.030,1,0,22.008,0,0,18,321,0,20,0
19-01 11:46:53,22.506,5.251,71.520,0,0,5327284,269668,169880,2242968,7062.966,1620.451,0,8.002,0,2.001,3357,2935,1.350,1.610,1.030,1,0,94.026,0,0,18,321,0,20,0
19-01 11:46:54,24.230,3.247,71.690,0,0,5346708,240448,169884,2252760,9322.257,1456.790,0,171.857,0,8.993,2545,2133,1.320,1.600,1.030,2,0,2.998,0,0,18,321,0,20,0
19-01 11:46:55,16.231,2.497,80.156,0.250,0,5349180,236996,169948,2253620,53462.529,6752.110,0,1618.109,0,38.954,2474,2380,1.320,1.600,1.030,2,0,15.981,0,0,18,322,0,20,0
19-01 11:46:56,13.753,1.250,82.766,0.500,0,5357484,228424,169984,2253848,54907.682,11605.258,20.004,1228.239,3.001,40.008,2091,1997,1.320,1.600,1.030,1,0,0,0,0,18,322,0,20,0
19-01 11:46:57,7.252,1.000,89.771,0.750,0,5355812,229716,170012,2254196,52176.305,9091.144,0,1424.336,0,82.019,2144,2628,1.320,1.600,1.030,1,0,1.000,0,0,18,323,0,20,0
19-01 11:46:58,9.501,1.750,86.008,1.000,0,5354972,230348,170020,2254392,122290.697,8401.735,16.001,6408.561,1.000,253.022,2880,3416,1.320,1.600,1.030,2,0,0,0,0,18,323,0,20,0
19-01 11:46:59,20.495,3.249,75.483,0.500,0.250,5351280,233660,170052,2254720,22676.966,9431.906,15.996,9697.847,1.000,86.981,3972,5584,1.300,1.590,1.030,2,0,2.000,0,0,18,323,0,20,0
19-01 11:47:00,16.502,1.000,80.010,0.750,0,5347532,237084,170116,2254968,27567.274,12248.455,4.000,2576.306,1.000,274.033,2877,2530,1.300,1.590,1.030,1,0,0,0,0,18,323,0,18,0
19-01 11:47:01,13.245,1.999,81.971,0.750,0,5344352,239648,170268,2255416,314129.291,15476.595,0,2007.299,0,84.970,2916,2877,1.300,1.590,1.030,0,0,1.000,0,0,18,323,0,18,0
19-01 11:47:02,9.002,1.500,87.271,1.750,0,5344812,238652,170528,2255680,98407.194,15963.763,28.007,2360.556,4.001,103.024,2120,2302,1.300,1.590,1.030,1,0,0,0,0,18,323,0,18,0
19-01 11:47:03,15.488,1.499,80.938,0.500,0,5353096,221264,170612,2264664,61120.063,10503.933,103.920,1299.002,5.995,52.959,2114,1975,1.300,1.590,1.030,1,0,0.999,0,0,18,323,0,18,0
19-01 11:47:04,13.232,4.743,79.141,0.499,0,5355072,196996,170676,2286844,11874971.700,57177.130,0,6267.355,0,40.944,6373,10168,1.190,1.560,1.030,1,0,38.946,0,0,18,323,0,14,0
19-01 11:47:05,13.512,2.752,80.820,2.002,0,5353844,177460,170816,2307260,5857017.886,32050.864,164.143,13155.437,4.003,80.070,3772,3160,1.190,1.560,1.030,2,0,1.001,0,0,18,323,0,14,0
19-01 11:47:06,21.496,4.499,72.237,1.000,0,5366000,141592,174364,2323752,7653.656,1619.716,0,5003.122,0,109.981,2913,2589,1.190,1.560,1.030,1,0,1.000,0,0,18,323,0,14,0
19-01 11:47:07,24.257,3.001,70.770,0.500,0,5372692,117264,174904,2339456,8887.546,1620.464,0,2148.616,0,63.018,2895,2700,1.190,1.560,1.030,1,0,0,0,0,18,323,0,14,0
19-01 11:47:08,24.506,3.251,70.518,0.500,0.250,5400720,141192,175108,2288924,8476.135,1620.408,32.008,988.249,1.000,35.009,2866,2725,1.190,1.560,1.030,1,0,0,0,0,18,323,0,10,0
19-01 11:47:09,23.564,6.016,69.187,0.752,0,5394516,115224,175984,2318732,9068.523,1624.393,0,104109.529,0,635.719,4275,3064,1.180,1.550,1.030,2,0,0,0,0,18,323,0,10,0
19-01 11:47:10,22.697,3.991,71.335,0.499,0,5392200,143716,176864,2292004,7772.022,1616.261,0,2147.033,0,71.834,2739,2495,1.180,1.550,1.030,1,0,0,0,0,18,323,0,10,0
19-01 11:47:11,24.220,3.496,70.912,0.749,0,5405976,134088,178188,2285936,6426.019,1617.990,0,2137.345,0,187.767,2870,2371,1.180,1.550,1.030,5,0,0.999,0,0,18,323,0,10,0
19-01 11:47:12,23.783,3.505,71.598,1.001,0,5405024,138416,178960,2281296,9539.044,1622.218,0,2799.829,0,82.112,2783,2663,1.180,1.550,1.030,1,0,1.001,0,0,18,323,0,7,0
19-01 11:47:13,19.744,2.749,75.229,0.750,0,5404780,122856,179756,2294944,12291.515,2771.214,0,2083.409,0,77.978,2613,2567,1.180,1.550,1.030,0,0,0,0,0,18,324,0,7,0
19-01 11:47:14,22.521,3.003,73.317,0,0,5351120,211800,179756,2259664,8358.626,2940.683,0,760.694,0,23.021,2511,2192,1.160,1.540,1.030,1,0,3.003,0,0,18,321,0,7,0
19-01 11:47:15,18.997,3.000,77.240,0,0,5388332,173004,179784,2261220,14626.027,3724.498,0,559.924,0,3.999,2437,2145,1.160,1.540,1.030,1,0,32.996,0,0,18,322,0,7,0
19-01 11:47:16,23.757,3.251,71.771,0.500,0,5380340,175556,179864,2266188,9083.636,1794.521,0,1568.455,0,22.006,2508,2137,1.160,1.540,1.030,1,0,3.001,0,0,18,321,0,4,0
19-01 11:47:17,17.491,2.499,77.962,0.250,0,5375588,173180,180176,2271976,16443.957,4656.722,0,1371.329,0,46.977,2549,2500,1.160,1.540,1.030,1,0,17.991,0,0,18,321,0,4,0
19-01 11:47:18,23.014,6.254,68.541,0,0,5364676,183340,180204,2272596,7331.425,1620.978,0,1753.058,0,27.016,10408,18914,1.160,1.540,1.030,1,0,12.007,0,0,18,321,0,4,0
19-01 11:47:19,25.478,4.996,68.191,0,0,5366504,181324,180248,2272696,6132.716,1618.605,0,1362.826,0,15.986,10919,19195,1.150,1.530,1.020,2,0,12.989,0,0,18,321,0,4,0
19-01 11:47:20,20.745,6.248,71.981,0.250,0,5348248,199556,180276,2272692,9027.622,1619.573,0,615.838,0,20.994,2440,1924,1.150,1.530,1.020,1,0,6.998,0,0,18,321,0,3,0
19-01 11:47:21,21.999,4.500,71.246,0.750,0,5328796,231828,180280,2261184,7578.580,1619.910,227.987,1255.930,3.000,121.993,2934,2610,1.150,1.530,1.020,2,0,7.000,0,0,18,321,0,3,0
19-01 11:47:22,23.811,5.263,69.177,0.752,0,5338360,220304,180300,2263120,6265.055,1461.746,469.202,2181.591,13.033,74.190,4839,5975,1.150,1.530,1.020,1,0,8.021,0,0,18,322,0,7,0
19-01 11:47:23,23.007,8.002,65.019,2.751,0.250,5284448,273024,180300,2264312,9140.673,1620.474,1008.295,5909.728,56.016,480.140,8546,11659,1.150,1.530,1.020,1,0,80.023,0,0,18,323,0,10,0
19-01 11:47:24,12.244,16.742,68.717,0.750,0,5258284,298324,180300,2265240,10601.908,1619.222,867.583,9331.518,10.995,103.950,6132,5111,1.060,1.510,1.020,1,0,359.827,0,0,18,323,0,12,0
19-01 11:47:25,10.237,4.494,71.162,12.734,0,5252148,265808,180360,2303808,45177.171,1618.001,38560.348,707.126,2858.468,9.988,8131,7724,1.060,1.510,1.020,1,0,9.988,0,0,18,323,0,12,0
19-01 11:47:26,7.483,3.492,83.805,4.490,0,5250464,262992,180772,2307888,42712.619,2628.883,4453.638,2206.865,842.041,64.849,3777,4122,1.060,1.510,1.020,0,0,5.986,0,0,18,324,0,12,0
19-01 11:47:27,2.755,0.751,93.421,1.002,0,5251232,261984,180772,2308128,51856.861,5030.202,236.433,416.762,7.013,43.079,1773,2390,1.060,1.510,1.020,0,0,1.002,0,0,18,324,0,12,0
19-01 11:47:28,1.750,1.500,95.267,0.250,0,5251936,261008,180816,2308316,86662.103,4109.716,92.016,136.024,1.000,13.002,1479,1940,1.060,1.510,1.020,2,0,2.000,0,0,18,324,0,12,0
19-01 11:47:29,4.998,2.749,89.466,1.250,0.250,5218456,294060,180836,2308628,23298.244,129571.302,239.910,4050.478,13.995,40.985,2219,2502,1.050,1.500,1.020,0,0,10.996,0,0,18,323,0,12,0
19-01 11:47:30,3.250,0.750,93.762,0.250,0,5218452,294060,180836,2308632,9311.167,1620.203,0,2564.321,0,148.019,2017,2800,1.050,1.500,1.020,0,0,0,0,0,18,323,0,12,0
19-01 11:47:31,1.750,1.250,96.226,0.250,0,5218452,294060,180836,2308632,8947.731,1565.603,0,307.922,0,18.995,1367,1812,1.050,1.500,1.020,0,0,1.000,0,0,18,323,0,12,0
19-01 11:47:32,1.250,0.500,95.769,0.500,0,5218452,294060,180836,2308632,8903.797,1512.305,0,3196.645,0,354.071,1712,1987,1.050,1.500,1.020,0,0,0,0,0,18,323,0,12,0
19-01 11:47:33,2.249,1.000,95.477,0.250,0,5218440,294060,180836,2308644,6583.444,1619.617,0,259.939,0,33.992,1584,2274,1.050,1.500,1.020,0,0,0,0,0,18,323,0,12,0
19-01 11:47:34,1.751,0.250,96.331,0.250,0,5218436,294060,180840,2308644,7305.155,1621.366,0,368.310,0,20.017,1204,1708,0.970,1.470,1.010,2,0,0,0,0,18,323,0,12,0
19-01 11:47:35,1.998,0.999,96.402,0,0,5218436,294060,180840,2308644,6293.634,1618.363,0,59.939,0,4.995,1242,1706,0.970,1.470,1.010,1,0,0,0,0,18,323,0,12,0
19-01 11:47:36,1.997,0.499,96.110,0,0,5218436,294060,180840,2308644,9633.987,1617.647,0,3.994,0,0.999,1231,1643,0.970,1.470,1.010,0,0,0,0,0,18,323,0,12,0
19-01 11:47:37,2.254,1.002,95.681,0.250,0,5218436,294060,180840,2308644,7877.865,1623.063,0,256.484,0,23.043,1430,1999,0.970,1.470,1.010,0,0,0,0,0,18,323,0,12,0
19-01 11:47:38,2.000,0.500,96.499,0,0,5218432,294060,180840,2308648,9316.901,1619.983,0,32.000,0,4.000,1318,1814,0.970,1.470,1.010,0,0,0,0,0,18,323,0,12,0
19-01 11:47:39,17.031,7.513,73.883,0.250,0,5248288,264200,180840,2308652,9203.521,1568.816,512.921,55439.519,4.007,284.511,3293,2273,0.970,1.470,1.010,3,0,8.014,0,0,18,323,0,12,0
19-01 11:47:40,15.729,4.744,78.144,0.250,0,5244724,267912,180840,2308656,9767.812,1617.816,511.310,25585.455,3.995,265.641,3129,2346,0.970,1.470,1.010,0,0,3.995,0,0,18,323,0,12,0
19-01 11:47:41,1.750,0.750,96.737,0,0,5242240,270392,180840,2308660,9047.739,1619.774,0,0,0,0,1274,1746,0.970,1.470,1.010,0,0,1.000,0,0,18,323,0,12,0
19-01 11:47:42,1.497,0.499,96.083,0,0,5239748,272884,180840,2308660,7178.556,1509.383,0,99.827,0,12.978,1267,1812,0.970,1.470,1.010,0,0,0.998,0,0,18,323,0,12,0
19-01 11:47:43,1.750,0.500,96.019,0.250,0,5237112,275480,180840,2308700,7766.570,1620.328,32.006,260.053,1.000,23.005,1414,2157,0.970,1.470,1.010,0,0,0,0,0,18,323,0,12,0
19-01 11:47:44,1.999,1.250,95.463,0,0,5236140,276452,180840,2308700,9472.352,1619.376,0,175.932,0,19.992,1517,2133,0.890,1.440,1.010,0,0,1.000,0,0,18,323,0,12,0
19-01 11:47:45,2.252,3.003,93.338,0,0,5225156,287408,180844,2308708,7383.998,1621.537,0,95358.376,0,439.416,2312,2575,0.890,1.440,1.010,0,0,0,0,0,18,323,0,12,0
19-01 11:47:46,1.748,0.749,96.131,0.250,0,5225152,287408,180844,2308712,8909.970,1564.064,0,275.659,0,20.974,1287,1750,0.890,1.440,1.010,0,0,0,0,0,18,323,0,12,0
19-01 11:47:47,2.505,1.002,95.686,0.501,0,5225376,287184,180844,2308712,8354.268,1623.161,0,152.297,0,24.047,1515,2096,0.890,1.440,1.010,0,0,0,0,0,18,323,0,12,0
19-01 11:47:48,1.250,0.750,96.237,0,0,5225376,287184,180844,2308712,9432.701,1619.777,0,991.863,0,199.972,1540,1685,0.890,1.440,1.010,0,0,0,0,0,18,323,0,12,0
19-01 11:47:49,1.750,0.500,96.253,0.250,0,5225376,287184,180844,2308712,10956.318,1620.047,0,204.006,0,15.000,1270,1699,0.820,1.420,1,1,0,0,0,0,18,323,0,12,0
19-01 11:47:50,1.501,0.751,96.571,0,0,5225372,287184,180844,2308716,6589.860,1513.116,0,136.100,0,1.001,1247,1734,0.820,1.420,1,0,0,2.001,0,0,18,323,0,12,0
19-01 11:47:51,1.749,0.750,96.709,0,0,5225372,287184,180844,2308716,9361.039,1619.315,0,0,0,0,1199,1626,0.820,1.420,1,0,0,1.000,0,0,18,323,0,12,0
19-01 11:47:52,1.752,0.500,96.333,0,0,5225624,286932,180844,2308716,7945.879,1621.404,0,60.052,0,6.005,1162,1629,0.820,1.420,1,1,0,0,0,0,18,323,0,12,0
19-01 11:47:53,1.247,0.998,95.789,0,0,5225624,286932,180844,2308716,7676.113,1658.352,0,83.816,0,8.980,1450,2153,0.820,1.420,1,1,0,0,0,0,18,323,0,12,0
19-01 11:47:54,2.753,1.001,95.841,0.250,0,5225612,286932,180844,2308728,9289.821,1567.488,0,376.357,0,26.025,1478,1933,0.840,1.410,1,1,0,0,0,0,18,323,0,12,0
19-01 11:47:55,1.500,0.750,95.493,0,0,5219092,293452,180844,2308728,40871.019,1619.882,0,2875.790,0,19.999,1319,1749,0.840,1.410,1,0,0,0,0,0,18,323,0,12,0
19-01 11:47:56,2.500,0.750,96.233,0,0,5219092,293452,180844,2308728,43977.103,1619.709,0,0,0,0,1360,1699,0.840,1.410,1,0,0,0,0,0,18,323,0,12,0
19-01 11:47:57,1.999,1.000,95.222,0,0,5219344,293200,180844,2308728,7748.734,1619.526,0,411.880,0,39.988,1709,2424,0.840,1.410,1,0,0,1.000,0,0,18,323,0,12,0
19-01 11:47:58,1.501,0.750,95.805,0,0,5219344,293200,180844,2308728,6448.725,1512.874,0,564.326,0,119.069,1488,1834,0.840,1.410,1,0,0,0,0,0,18,323,0,12,0
19-01 11:47:59,2.249,0.500,95.714,0.250,0,5219340,293200,180844,2308732,7542.148,755.714,0,211.920,0,23.991,1627,2406,0.770,1.390,0.990,0,0,1.000,0,0,18,323,0,12,0
19-01 11:48:00,16.029,4.508,78.140,0.501,0,5234956,277444,180872,2308844,426404.733,14604.089,24.043,629.124,3.005,3.005,3199,2817,0.770,1.390,0.990,2,0,29.052,0,0,18,323,0,12,0
19-01 11:48:01,14.512,6.505,76.062,1.251,0,5245104,266196,180876,2309940,299410.885,11265.138,136.110,388.315,6.005,16.013,3464,3026,0.770,1.390,0.990,1,0,39.032,0,0,18,323,0,10,0
