"pcp-dstat 6.2.0 CSV Output"
"Author:","PCP team <pcp@groups.io> and Dag Wieers <dag@wieers.com>",,,,"URL:","https://pcp.io/ and http://dag.wieers.com/home-made/dstat/"
"Host:","ubuntu",,,,"User:","ubuntu"
"Cmdline:","dstat -tcmndrylpg --tcp --output /tmp/devstack_logs/dstat-csv.log",,,,"Date:","16 Jan 2026 03:52:39 UTC"
"system","total usage",,,,,"memory usage",,,,"net/total",,"dsk/total",,"io/total",,"system",,"load avg",,,"procs",,,"paging",,"tcp sockets",,,,
"time","total usage:usr","total usage:sys","total usage:idl","total usage:wai","total usage:stl","used","free","buf","cach","net/total:recv","net/total:send","dsk/total:read","dsk/total:writ","read","writ","int","csw","1m","5m","15m","run","blk","new","in","out","lis","act","syn","tim","clo"
16-01 03:52:39,,995304,1701024,163016,4960860,,,,,,,1.090,0.840,0.470,2,0,,,,10,6,0,17,0
16-01 03:52:40,24.241,20.992,53.730,0.500,0,1003464,1692420,163116,4961136,20913.385,9629.494,0,2175.208,0,85.969,6881,5776,1.090,0.840,0.470,2,0,533.806,0,0,10,5,0,17,1
16-01 03:52:41,26.256,18.004,54.012,0.500,0,994452,1700812,163224,4961548,40846.888,11397.480,0,1688.367,0,59.013,6113,6193,1.160,0.860,0.470,1,0,314.068,0,0,10,4,0,17,2
16-01 03:52:42,28.669,15.955,54.596,0.499,0,1007052,1672360,163312,4976772,198434.005,14827.231,0,4084.494,0,195.449,6628,7140,1.160,0.860,0.470,3,0,249.298,0,0,10,4,0,17,2
16-01 03:52:43,33.249,11.500,53.748,0.750,0,1156192,1502840,164496,5117468,10289.657,1685.944,15.999,1951.935,1.000,66.998,4510,3679,1.160,0.860,0.470,3,0,111.996,0,0,11,6,0,17,2
16-01 03:52:44,37.985,13.245,47.731,0.250,0,1154688,1486292,165000,5133100,8405.580,1457.407,0,15637.638,0,551.775,5758,3413,1.160,0.860,0.470,4,0,189.923,0,0,11,6,0,19,2
16-01 03:52:45,41.222,5.246,48.717,3.997,0,1226156,1393904,165360,5152128,5542.197,1618.889,31.978,3101.871,1.999,56.961,3091,1750,1.160,0.860,0.470,3,0,0,0,0,11,6,0,19,2
16-01 03:52:46,44.306,5.257,48.311,1.252,0,1243876,1358832,166340,5165768,9343.887,1622.064,0,3965.044,0,123.157,3642,2255,1.230,0.880,0.480,3,0,0,0,0,11,6,0,19,2
16-01 03:52:47,33.336,6.517,46.369,11.279,0,1270788,1295484,168036,5197684,6688.185,1624.173,0,40435.900,0,2799.193,16947,23918,1.230,0.880,0.480,2,0,55.142,0,0,11,8,0,19,2
16-01 03:52:48,36.564,8.954,49.001,4.975,0,1257736,1296616,169024,5207108,13250.663,3603.687,0,40092.259,0,2469.451,13302,17871,1.230,0.880,0.480,2,0,101.484,0,0,11,7,0,19,2
16-01 03:52:49,45.000,6.750,47.750,0.750,0,1256008,1316420,169096,5189336,9133.048,2340.012,0,9704.051,0,493.003,4328,3745,1.230,0.880,0.480,3,0,19.000,0,0,11,4,0,19,0
16-01 03:52:50,41.142,4.265,53.435,0.251,0,1243300,1323028,169104,5194804,11612.131,3912.521,0,2352.129,0,46.160,2883,1498,1.230,0.880,0.480,3,0,26.090,0,0,11,4,0,19,0
16-01 03:52:51,44.842,5.730,48.330,0.747,0,1259096,1305892,169160,5195892,8934.607,2686.560,0,7262.482,0,347.778,4046,3075,1.290,0.900,0.490,2,0,18.933,0,0,11,5,0,19,0
16-01 03:52:52,42.199,5.493,50.689,0.250,0,1269484,1287788,169584,5201828,13326.965,3482.809,0,1338.390,0,28.965,8629,13855,1.290,0.900,0.490,4,0,5.993,0,0,11,4,0,19,0
16-01 03:52:53,31.435,25.651,41.746,0,0,1230612,1325888,169660,5202364,10860.052,1671.861,0,116.688,0,9.053,16068,24918,1.290,0.900,0.490,2,0,573.382,0,0,11,4,0,19,0
16-01 03:52:54,36.008,20.505,42.760,0,0,1162164,1408656,169720,5190016,7504.741,1620.376,0,2508.582,0,55.013,7015,7781,1.290,0.900,0.490,3,0,303.070,0,0,11,4,0,19,0
16-01 03:52:55,62.101,13.468,23.942,0,0,1232508,1338280,169720,5190168,8978.424,1616.116,0,7705.483,0,25.938,4293,2669,1.290,0.900,0.490,4,0,155.626,0,0,11,5,0,19,0
16-01 03:52:56,52.974,5.247,41.230,0,0,1285736,1284604,169720,5190616,7498.303,1619.202,0,439.783,0,40.980,3329,1459,1.350,0.910,0.500,3,0,49.975,0,0,11,5,0,19,0
16-01 03:52:57,43.436,8.488,47.680,0,0,1306904,1261656,169752,5192348,5552.866,1659.569,0,1046.467,0,82.879,3021,2836,1.350,0.910,0.500,3,0,0,0,0,11,5,0,19,0
16-01 03:52:58,13.520,7.511,77.366,0.250,0,1319284,1248524,169788,5193028,6658.976,1622.431,0,5944.906,0,365.548,3841,3758,1.350,0.910,0.500,4,0,142.213,0,0,11,4,0,19,0
16-01 03:52:59,21.720,4.244,73.150,0.250,0,1386080,1181720,169796,5193028,8828.896,1617.782,0,467.359,0,25.964,1936,1379,1.350,0.910,0.500,2,0,0,0,0,11,4,0,19,0
16-01 03:53:00,24.796,2.254,72.885,0,0,1400448,1167160,169796,5193220,7249.391,1460.698,0,15973.505,0,48.089,1845,1117,1.350,0.910,0.500,2,0,0,0,0,11,4,0,19,0
16-01 03:53:01,20.221,4.993,71.648,1.248,0,1303760,1263752,169836,5193276,8564.862,1617.707,0,2820.004,0,322.543,4214,4845,1.240,0.900,0.500,2,0,42.939,0,0,11,4,0,21,0
16-01 03:53:02,17.019,2.753,73.334,6.007,0,1348488,1218600,170136,5193368,7443.500,1621.852,372.425,3127.572,20.023,187.214,2055,1962,1.240,0.900,0.500,2,0,0,0,0,11,4,0,15,0
16-01 03:53:03,19.489,2.748,76.956,0.750,0,1366196,1200656,170140,5193568,12679.787,5767.719,0,1347.234,0,69.960,2648,2588,1.240,0.900,0.500,2,0,1.999,0,0,11,17,0,15,0
16-01 03:53:04,22.799,4.510,66.893,5.261,0,1389492,1176900,170180,5193776,11909.444,5685.146,268.574,1166.492,66.141,58.124,3124,14257,1.240,0.900,0.500,2,0,38.081,0,0,11,28,0,17,0
16-01 03:53:05,20.463,6.488,72.618,0,0,1369376,1197004,170180,5193936,6024.041,1617.058,0,21999.979,0,78.857,2589,1840,1.240,0.900,0.500,2,0,42.922,0,0,11,28,0,17,0
16-01 03:53:06,17.713,2.245,79.085,0,0,1385472,1180888,170184,5193952,12552.811,8530.204,0,1253.385,0,37.921,2071,1673,1.140,0.880,0.490,2,0,0,0,0,11,28,0,17,0
16-01 03:53:07,30.360,14.553,54.196,0,0,1419396,1146948,170184,5193968,44263.453,1625.894,0,12.044,0,3.011,3902,2438,1.140,0.880,0.490,3,0,156.568,0,0,11,28,0,17,0
16-01 03:53:08,36.065,4.477,57.953,0,0.249,1445528,1120808,170184,5193976,49682.134,9863.401,0,2252.445,0,13.929,3201,2159,1.140,0.880,0.490,2,0,0,0,0,11,30,0,17,0
16-01 03:53:09,34.923,12.311,51.254,0,0,1399196,1166936,170184,5194180,20350.977,11819.647,0,233.157,0,23.115,7031,8781,1.140,0.880,0.490,4,0,245.217,0,0,11,28,0,18,0
16-01 03:53:10,73.373,24.291,0.751,0,0,1549616,1016464,170184,5194224,8029.499,1716.886,0,580.977,0,20.034,5353,3974,1.140,0.880,0.490,6,0,334.562,0,0,11,28,0,18,0
16-01 03:53:11,85.017,10.752,2.250,0,0,1722396,843660,170188,5194236,21753.397,15832.200,0,176.036,0,8.002,5243,3338,1.370,0.930,0.510,4,0,0,0,0,11,32,0,17,0
16-01 03:53:12,83.112,8.985,6.739,0,0,1748808,816976,170208,5194484,40343.094,31830.212,0,467.225,0,54.909,8594,12595,1.370,0.930,0.510,6,0,49.917,0,0,11,29,0,21,1
16-01 03:53:13,30.240,11.996,56.482,0.250,0,1579108,986644,170220,5194504,7537.564,2646.145,0,343.889,0,33.989,4129,3893,1.370,0.930,0.510,2,0,260.916,0,0,11,28,0,23,0
16-01 03:53:14,18.473,2.496,78.883,0.250,0,1555596,1010148,170224,5194508,10053.127,6047.054,0,195.710,0,10.984,1914,1641,1.370,0.930,0.510,1,0,0,0,0,11,29,0,23,0
16-01 03:53:15,15.788,8.019,73.425,2.005,0,1501344,1064360,170244,5194520,12948.892,4083.743,0,42437.242,0,572.365,4550,3803,1.370,0.930,0.510,1,0,68.163,0,0,11,28,0,23,0
16-01 03:53:16,18.422,1.992,77.921,0.249,0,1488112,1077684,170248,5194528,10491.635,5284.653,0,1051.553,0,9.958,1958,1589,1.260,0.920,0.510,2,0,0,0,0,11,29,0,23,0
16-01 03:53:17,15.326,7.789,76.381,0,0,1418544,1147212,170268,5194548,12454.139,4768.794,0,265.324,0,27.135,3960,4004,1.260,0.920,0.510,2,0,180.903,0,0,11,28,0,24,0
16-01 03:53:18,26.260,32.512,40.015,0.250,0,1413784,1151956,170268,5194564,7240.695,1620.603,0,2256.840,0,146.054,6914,5890,1.260,0.920,0.510,5,0,857.319,0,0,11,28,0,24,0
16-01 03:53:19,86.428,13.239,0.500,0,0,1618524,947184,170268,5194596,12412.667,3828.813,0,191.840,0,8.993,4880,2030,1.260,0.920,0.510,3,0,0.999,0,0,11,29,1,24,0
16-01 03:53:20,77.548,8.255,14.509,0,0,1684084,881424,170268,5194796,44161.591,35363.094,0,560.350,0,34.021,7147,10008,1.260,0.920,0.510,4,0,0,0,0,11,33,0,24,0
16-01 03:53:21,73.731,19.245,5.749,0,0,1574056,991380,170280,5194852,23740.891,15144.103,0,58836.860,0,225.942,8247,10784,1.640,1,0.540,6,0,303.922,0,0,11,28,0,26,0
16-01 03:53:22,85.788,14.256,0.250,0,0,1666872,898472,170348,5194876,12304.446,5562.462,0,3933.741,0,219.097,5495,3563,1.640,1,0.540,4,0,6.003,0,0,11,30,0,26,0
16-01 03:53:23,81.732,8.248,9.248,0,0,1741816,823132,170348,5195268,43290.662,35650.310,0,187.959,0,7.998,7295,9920,1.640,1,0.540,5,0,1.000,0,0,11,34,0,26,0
16-01 03:53:24,64.566,15.705,18.946,0,0,1560220,1004496,170356,5195492,32959.831,26556.127,0,2066.097,0,129.630,7692,12404,1.640,1,0.540,3,0,267.236,0,0,11,28,0,31,0
16-01 03:53:25,40.217,7.244,51.958,0,0,1572600,992112,170356,5195496,11305.813,3425.217,0,175.857,0,8.993,2919,1614,1.640,1,0.540,3,0,29.976,0,0,11,29,0,31,0
16-01 03:53:26,32.875,5.521,61.483,0.251,0,1546844,1017824,170368,5195528,20338.072,13921.757,0,413.567,0,25.095,4879,5538,1.590,1,0.540,2,0,41.156,0,0,11,29,0,32,0
16-01 03:53:27,58.973,21.740,18.741,0,0,1524804,1039824,170368,5195568,13559.718,5716.352,0,255.881,0,14.993,5417,4441,1.590,1,0.540,4,0,336.844,0,0,11,28,0,32,0
16-01 03:53:28,51.023,5.002,43.519,0,0.250,1562560,1002036,170372,5195596,24314.772,19059.444,0,228.101,0,9.004,4326,4619,1.590,1,0.540,2,0,0,0,0,11,31,0,32,0
16-01 03:53:29,56.213,19.487,23.984,0,0,1459800,1104580,170404,5195780,19186.364,12361.859,0,431.716,0,48.968,6769,7842,1.590,1,0.540,5,0,257.830,0,0,11,28,0,33,0
16-01 03:53:30,72.457,7.995,18.989,0,0,1595468,968880,170404,5195812,20441.914,12592.555,0,195.884,0,7.995,4587,2303,1.590,1,0.540,3,0,0,0,0,11,32,0,33,0
16-01 03:53:31,64.577,7.759,27.533,0.250,0,1564096,1000020,170420,5196028,39531.249,30986.036,0,672.804,0,47.056,8329,12643,1.780,1.050,0.560,5,0,48.057,0,0,11,28,0,31,1
16-01 03:53:32,63.368,18.212,17.963,0,0,1527072,1037020,170424,5196048,9270.685,1682.495,0,263.451,0,12.973,4244,2584,1.780,1.050,0.560,4,0,275.426,0,0,11,28,0,32,0
16-01 03:53:33,46.692,5.993,46.942,0,0,1566564,997496,170424,5196080,24206.014,19446.910,0,215.733,0,6.991,4155,4555,1.780,1.050,0.560,2,0,0.999,0,0,11,31,0,32,0
16-01 03:53:34,52.807,19.021,27.280,0,0,1483188,1080744,170452,5196132,22274.108,12564.599,0,1878.033,0,82.089,7341,8555,1.780,1.050,0.560,4,0,305.330,0,0,11,28,0,34,0
16-01 03:53:35,54.355,6.763,38.825,0,0,1531504,1032276,170456,5196280,17725.264,11761.736,0,200.387,0,8.015,3901,2530,1.780,1.050,0.560,4,0,0,0,0,11,31,0,31,0
16-01 03:53:36,52.950,10.990,34.717,0.250,0,1434040,1129424,170464,5196588,24462.775,19413.568,0,455.567,0,27.973,7300,9210,1.880,1.090,0.570,5,0,226.785,0,0,11,28,0,34,0
16-01 03:53:37,64.867,13.223,21.456,0,0,1566304,997140,170468,5196604,40187.902,1616.697,0,203.584,0,7.984,3851,1697,1.880,1.090,0.570,4,0,59.878,0,0,11,28,0,34,0
16-01 03:53:38,34.083,3.759,62.151,0,0,1581092,982172,170484,5196768,59715.950,17491.457,0,252.613,0,22.054,4630,5443,1.880,1.090,0.570,4,0,0,0,0,11,29,1,35,0
16-01 03:53:39,52.471,12.743,33.731,0.250,0.250,1513756,1049444,170504,5196812,17258.468,10556.170,0,1155.362,0,79.956,5543,5283,1.880,1.090,0.570,2,0,93.948,0,0,11,29,0,35,0
16-01 03:53:40,54.404,7.986,36.685,0,0,1561652,1001528,170504,5196832,19223.903,11556.502,0,87.844,0,5.989,4305,3655,1.880,1.090,0.570,4,0,17.968,0,0,11,30,0,36,0
16-01 03:53:41,54.626,20.046,25.559,0.251,0,1510280,1052852,170512,5196872,20479.224,13353.793,0,356.823,0,32.074,6274,7287,2.130,1.150,0.600,6,0,427.987,0,0,11,29,0,38,0
16-01 03:53:42,78.076,21.771,0,0,0,1629972,933072,170524,5196948,13474.166,6235.092,0,428.419,0,24.023,6569,6731,2.130,1.150,0.600,8,0,419.410,0,0,11,28,0,38,0
16-01 03:53:43,82.999,16.500,0.500,0,0,1746940,815944,170528,5197104,26847.805,21464.844,0,183.999,0,8.000,6167,5377,2.130,1.150,0.600,5,0,370.997,0,0,11,32,0,38,0
16-01 03:53:44,78.738,19.497,1.250,0.250,0,1692980,869636,170556,5197356,42634.464,36152.458,0,955.853,0,54.992,8097,9247,2.130,1.150,0.600,7,0,383.941,0,0,11,30,0,38,0
16-01 03:53:45,85.259,15.002,0,0,0,1726696,835860,170556,5197416,15947.616,10889.104,0,292.030,0,23.002,6754,6295,2.130,1.150,0.600,6,0,90.009,0,0,11,28,0,39,0
16-01 03:53:46,80.346,12.476,6.488,0,0,1724024,838472,170564,5197468,31250.264,24349.455,0,2143.902,0,69.866,6179,6362,2.200,1.180,0.610,4,0,163.687,0,0,11,33,0,39,0
16-01 03:53:47,63.376,14.779,21.042,0,0,1512832,1049488,170564,5197680,43683.826,34271.118,0,160.319,0,12.024,9458,14406,2.200,1.180,0.610,3,0,316.629,0,0,11,29,0,41,0
16-01 03:53:48,21.482,32.222,45.711,0,0,1484308,1077960,170564,5197732,9773.617,2808.591,0,235.798,0,18.984,7443,6872,2.200,1.180,0.610,6,0,878.247,0,0,11,28,0,42,0
16-01 03:53:49,72.799,22.765,4.253,0,0,1557512,1004708,170564,5197776,11356.716,3977.702,0,3042.067,0,116.079,5252,3723,2.200,1.180,0.610,5,0,407.277,0,0,11,29,0,42,0
16-01 03:53:50,62.222,8.496,28.737,0,0,1599120,962868,170564,5198004,31803.888,25219.809,0,299.867,0,23.989,6306,7649,2.200,1.180,0.610,5,0,16.992,0,0,11,31,0,43,0
16-01 03:53:51,70.292,19.512,9.255,0,0,1514376,1047548,170580,5198052,15190.005,8487.031,0,568.337,0,55.033,6341,6942,2.340,1.230,0.630,5,0,251.149,0,0,11,28,0,46,0
16-01 03:53:52,72.241,8.499,19.997,0,0,1610348,951548,170580,5198080,22607.077,18628.591,0,187.976,0,8.999,5090,4095,2.340,1.230,0.630,3,0,0,0,0,11,32,0,46,0
16-01 03:53:53,53.473,6.497,38.731,0,0,1610084,951548,170584,5198336,49522.327,39678.231,0,143.928,0,8.996,11092,17753,2.340,1.230,0.630,2,0,1.000,0,0,11,32,0,46,0
16-01 03:53:54,67.527,13.505,17.257,0.250,0,1459800,1101608,170600,5198540,30594.265,20176.088,0,1048.420,0,58.023,9374,12519,2.340,1.230,0.630,5,0,120.048,0,0,11,28,0,46,0
16-01 03:53:55,76.771,9.223,13.460,0,0,1582244,979140,170604,5198560,15634.451,11680.224,0,143.573,0,7.976,4584,2431,2.340,1.230,0.630,5,0,0,0,0,11,31,0,46,0
16-01 03:53:56,59.674,7.020,32.595,0,0,1594340,966784,170612,5198800,45943.698,36697.792,0,220.642,0,12.035,9179,15116,2.310,1.240,0.640,4,0,0,0,0,11,32,0,46,0
16-01 03:53:57,59.505,11.501,28.002,0.250,0,1545760,1015104,170616,5199048,41246.127,32847.490,0,160.012,0,11.001,10020,15701,2.310,1.240,0.640,4,0,196.015,0,0,11,29,0,49,0
16-01 03:53:58,80.367,15.474,4.493,0,0,1574864,985992,170616,5199056,12521.210,4004.351,0,119.801,0,7.987,4841,2217,2.310,1.240,0.640,4,0,63.894,0,0,11,29,0,50,0
16-01 03:53:59,62.998,6.750,29.499,0,0,1602336,958312,170620,5199256,37127.691,29810.949,0,119.996,0,8.000,7340,10159,2.310,1.240,0.640,5,0,0,0,0,11,31,0,51,0
16-01 03:54:00,69.809,12.511,16.014,0.250,0,1555312,1005128,170632,5199448,29204.705,23338.743,0,320.271,0,31.026,8262,12075,2.310,1.240,0.640,5,0,98.083,0,0,11,28,0,52,0
16-01 03:54:01,75.009,11.501,13.752,0,0,1611364,949024,170640,5199492,17867.031,10929.242,0,192.022,0,20.002,4890,3519,2.290,1.250,0.650,4,0,30.003,0,0,11,31,0,52,0
16-01 03:54:02,66.525,12.755,20.258,0,0,1613072,947264,170644,5199532,25811.650,19582.321,0,488.183,0,42.016,6418,7897,2.290,1.250,0.650,5,0,120.045,0,0,11,30,0,54,0
16-01 03:54:03,67.530,8.004,23.510,0,0,1642060,918060,170652,5199736,32215.241,27367.097,0,276.122,0,24.011,7327,10083,2.290,1.250,0.650,2,0,5.002,0,0,11,33,0,55,0
16-01 03:54:04,69.384,16.223,14.226,0,0,1603984,956060,170652,5199772,28784.675,19997.427,0,219.631,0,14.975,7147,9714,2.290,1.250,0.650,5,0,193.675,0,0,11,32,0,56,0
16-01 03:54:05,75.793,13.257,10.506,0,0,1615200,944688,170652,5199928,17723.974,11703.586,0,152.086,0,9.005,5533,8218,2.290,1.250,0.650,5,0,69.039,0,0,11,34,0,57,0
16-01 03:54:06,70.575,10.761,18.770,0,0,1572984,986840,170656,5199984,28545.486,21099.534,0,120.128,0,8.009,6386,7237,2.430,1.300,0.660,4,0,68.073,0,0,11,34,0,59,0
16-01 03:54:07,69.003,14.001,16.001,0.250,0,1539940,1019700,170664,5200160,57057.837,14303.711,0,404.020,0,38.002,6317,6847,2.430,1.300,0.660,6,0,124.006,0,0,11,33,0,61,0
16-01 03:54:08,50.748,8.250,39.998,0,0,1540372,1019228,170680,5200176,53486.587,14325.354,0,439.980,0,36.998,5290,4875,2.430,1.300,0.660,3,0,73.997,0,0,11,33,0,60,0
16-01 03:54:09,57.586,9.145,32.624,0,0,1489292,1070232,170692,5200240,18717.206,10333.859,0,205.629,0,15.818,4742,4314,2.430,1.300,0.660,4,0,63.271,0,0,11,33,0,61,0
16-01 03:54:10,53.854,10.366,35.650,0,0,1467400,1091940,170696,5200412,24331.078,16039.013,0,194.179,0,10.114,4917,5986,2.430,1.300,0.660,3,0,94.056,0,0,11,33,0,62,0
16-01 03:54:11,54.536,10.210,34.614,0,0,1515732,1043572,170704,5200440,15533.038,10801.607,0,199.218,0,11.953,4589,4698,2.390,1.310,0.670,3,0,84.668,0,0,11,33,0,63,0
16-01 03:54:12,44.573,7.763,47.328,0,0,1539224,1020004,170708,5200512,25566.025,17408.616,0,364.599,0,17.028,5339,5840,2.390,1.310,0.670,3,0,86.142,0,0,11,34,0,63,0
16-01 03:54:13,32.077,7.518,59.141,0.251,0,1506884,1052176,170712,5200672,20164.158,12446.726,0,561.341,0,56.134,5375,6591,2.390,1.310,0.670,2,0,68.163,0,0,11,32,0,65,0
16-01 03:54:14,38.578,8.960,51.770,0,0,1532528,1026516,170716,5200684,12487.444,3574.099,0,175.220,0,14.934,3297,2008,2.390,1.310,0.670,2,0,67.699,0,0,11,33,0,65,0
16-01 03:54:15,35.351,4.764,58.918,0.251,0,1533748,1025268,170720,5200708,22405.879,13596.764,0,1091.111,0,13.037,4112,4042,2.390,1.310,0.670,2,0,34.097,0,0,11,33,0,66,0
16-01 03:54:16,39.302,10.696,49.750,0,0,1487240,1071576,170728,5200896,11681.260,5003.838,0,206.959,0,17.910,4502,4261,2.360,1.320,0.680,3,0,103.480,0,0,11,32,0,60,0
16-01 03:54:17,35.314,4.007,59.859,0.250,0,1495180,1063616,170732,5200912,18770.226,10312.805,0,528.965,0,74.135,3631,3190,2.360,1.320,0.680,2,0,6.011,0,0,11,33,0,61,0
16-01 03:54:18,37.508,6.751,54.762,0.250,0,1525460,1033292,170740,5200944,16221.523,9770.122,0,244.053,0,22.005,3559,4429,2.360,1.320,0.680,3,0,54.012,0,0,11,32,0,62,0
16-01 03:54:19,38.423,6.027,55.249,0,0,1503096,1055640,170744,5200956,16404.980,9442.582,0,140.634,0,8.036,3386,3017,2.360,1.320,0.680,1,0,5.023,0,0,11,33,0,62,0
16-01 03:54:20,35.410,6.484,56.856,0,0,1511508,1047204,170744,5200980,18450.287,11845.010,0,4221.312,0,174.558,4451,4565,2.360,1.320,0.680,2,0,42.891,0,0,11,33,0,62,0
16-01 03:54:21,35.470,5.745,57.952,0,0,1474248,1084420,170760,5201004,18267.744,10326.376,0,327.726,0,33.972,3259,3877,2.330,1.340,0.690,3,0,4.996,0,0,11,33,0,63,0
16-01 03:54:22,36.087,4.260,59.143,0.501,0,1474532,1083940,170788,5201172,21278.586,13726.277,0,2249.453,0,137.333,4483,5598,2.330,1.340,0.690,3,0,0,0,0,11,33,0,64,0
16-01 03:54:23,22.206,12.226,64.372,0.250,0,1369160,1189212,170796,5201256,11395.337,7217.645,0,259.484,0,21.956,5073,5502,2.330,1.340,0.690,3,0,282.438,0,0,11,32,0,65,0
16-01 03:54:24,21.736,3.498,74.453,0,0,1401256,1157112,170800,5201256,6318.033,2144.653,0,107.932,0,6.996,1745,1134,2.330,1.340,0.690,2,0,0,0,0,11,33,0,58,0
16-01 03:54:25,14.226,1.997,81.365,0.499,0,1407396,1150944,170808,5201276,18455.401,10527.545,0,1038.279,0,147.755,3170,3633,2.330,1.340,0.690,2,0,1.997,0,0,11,33,0,58,0
16-01 03:54:26,13.317,15.829,70.353,0,0,1392276,1166044,170812,5201292,9107.678,2548.783,0,393.976,0,35.176,4847,3962,2.220,1.330,0.690,2,0,285.432,0,0,11,32,0,59,0
16-01 03:54:27,21.694,2.494,75.553,0,0,1435260,1123056,170816,5201292,10390.956,3580.681,0,95.751,0,6.982,1908,1313,2.220,1.330,0.690,1,0,0,0,0,11,33,0,59,0
16-01 03:54:28,18.255,2.000,78.770,0.250,0,1428896,1129392,170820,5201316,17786.410,10383.574,0,84.021,0,6.001,3462,4099,2.220,1.330,0.690,2,0,0,0,0,11,32,0,58,0
16-01 03:54:29,19.503,6.751,73.011,0,0,1413260,1145028,170820,5201316,9125.322,1620.235,0,4.001,0,1.000,2349,1583,2.220,1.330,0.690,2,0,46.007,0,0,11,32,0,58,0
16-01 03:54:30,18.230,1.748,78.662,0,0,1430892,1127256,170824,5201452,15061.150,8457.538,0,339.620,0,4.994,2407,2302,2.220,1.330,0.690,2,0,0,0,0,11,33,0,58,0
16-01 03:54:31,18.307,4.263,76.741,0,0,1390832,1167268,170840,5201484,13742.130,8852.785,0,196.617,0,21.066,4847,5950,2.130,1.320,0.690,2,0,44.139,0,0,11,32,0,58,0
16-01 03:54:32,12.508,23.766,62.792,0.250,0,1383364,1174556,170856,5201644,6178.172,1621.095,0,468.316,0,26.018,6612,5255,2.130,1.320,0.690,2,0,581.393,0,0,11,32,0,56,0
16-01 03:54:33,43.770,6.715,48.495,0,0,1490464,1066792,170948,5202208,10393.309,1545.865,0,258.639,0,12.932,3075,1796,2.130,1.320,0.690,3,0,1.990,0,0,11,32,0,56,0
16-01 03:54:34,38.409,7.782,46.442,6.778,0,1539676,1011124,171652,5207452,9739.342,1572.514,0,18155.202,0,1762.300,11892,17366,2.130,1.320,0.690,3,0,101.420,0,0,11,36,0,56,0
16-01 03:54:35,37.512,9.253,40.013,11.504,0,1556080,990936,172368,5210264,10701.346,1620.507,0,51960.245,0,4553.424,22171,33526,2.130,1.320,0.690,3,1,76.024,0,0,11,36,0,56,0
16-01 03:54:36,44.539,7.216,46.032,1.991,0,1586360,961060,172452,5209772,6869.414,1612.352,0,16143.422,0,1054.995,6755,7599,2.120,1.330,0.700,3,0,6.967,0,0,11,32,0,56,0
16-01 03:54:37,42.230,6.033,45.749,4.022,0,1553992,992852,172776,5210024,45601.316,1628.870,0,8035.758,0,1311.140,10634,14217,2.120,1.330,0.700,2,0,2.011,0,0,11,34,0,51,0
16-01 03:54:38,34.510,9.186,51.392,3.724,0,1481588,1064820,172932,5210300,42217.883,1608.792,0,14256.679,0,1598.861,11408,15066,2.120,1.330,0.700,2,0,99.308,0,0,11,32,0,51,0
16-01 03:54:39,22.771,4.254,71.065,1.001,0,1501716,1044616,172988,5210316,5574.116,1621.488,0,13164.083,0,681.626,3845,4413,2.120,1.330,0.700,2,0,1.001,0,0,11,32,0,51,0
16-01 03:54:40,23.232,2.998,73.444,0,0,1555132,991200,172988,5210316,9069.047,1510.842,0,75.942,0,6.995,1839,1212,2.120,1.330,0.700,2,0,1.998,0,0,11,32,0,51,0
16-01 03:54:41,21.793,4.258,72.642,0.501,0,1517860,1028436,173004,5210336,5925.598,1623.177,0,2757.397,0,246.482,2307,1757,2.030,1.330,0.700,2,0,1.002,0,0,11,32,0,49,0
16-01 03:54:42,23.268,2.502,73.806,0,0,1527620,1018672,173004,5210336,5731.379,1567.198,0,0,0,0,1716,1070,2.030,1.330,0.700,2,0,2.002,0,0,11,32,0,49,0
16-01 03:54:43,22.739,3.498,73.465,0,0,1510308,1035972,173004,5210348,11633.532,1619.239,0,235.889,0,1.999,1885,1270,2.030,1.330,0.700,2,0,1.999,0,0,11,32,0,49,0
16-01 03:54:44,22.572,3.260,73.986,0,0,1503416,1042752,173016,5210416,7453.765,1625.182,0,8.026,0,2.006,1770,1032,2.030,1.330,0.700,3,0,3.010,0,0,11,32,0,49,0
16-01 03:54:45,22.434,2.991,73.535,0,0,1500752,1045416,173016,5210416,10252.025,1615.277,0,0,0,0,1751,1187,2.030,1.330,0.700,2,0,0,0,0,11,32,0,47,0
16-01 03:54:46,23.278,2.503,73.590,0,0,1523340,1022828,173016,5210416,7154.716,1621.976,0,4.005,0,1.001,1702,1127,1.940,1.320,0.700,2,0,2.002,0,0,11,32,0,47,0
16-01 03:54:47,21.978,4.246,73.176,0,0,1484832,1061208,173028,5210524,5292.637,1618.360,0,367.627,0,16.983,2071,1828,1.940,1.320,0.700,2,0,0.999,0,0,11,32,0,47,0
16-01 03:54:48,22.253,3.500,73.009,0.500,0,1466152,1079872,173032,5210536,9896.185,1512.181,0,2200.264,0,229.027,2134,1480,1.940,1.320,0.700,2,0,1.000,0,0,11,32,0,47,0
16-01 03:54:49,23.224,2.497,73.419,0,0,1494076,1051948,173032,5210536,7494.721,1618.212,0,0,0,0,1767,1092,1.940,1.320,0.700,2,0,1.998,0,0,11,32,0,41,0
16-01 03:54:50,22.010,4.252,73.284,0,0,1484964,1060996,173036,5210596,5781.701,1566.732,0,4.002,0,1.000,1970,1442,1.940,1.320,0.700,2,0,1.000,0,0,11,32,0,41,0
16-01 03:54:51,21.777,4.506,73.592,0,0,1481332,1064608,173036,5210616,8903.178,1622.036,0,0,0,0,1864,1290,1.870,1.320,0.700,3,0,1.001,0,0,11,32,0,41,0
16-01 03:54:52,21.987,2.998,73.707,0,0,1519884,1026052,173036,5210620,11367.444,1619.066,0,7.995,0,0.999,1842,1238,1.870,1.320,0.700,2,0,1.999,0,0,11,32,0,41,0
16-01 03:54:53,13.051,15.811,70.022,0,0,1468164,1077616,173036,5210768,10150.463,1626.323,0,570.217,0,9.035,5090,3768,1.870,1.320,0.700,3,0,351.366,0,0,11,32,0,37,0
16-01 03:54:54,8.733,20.460,70.112,0,0,1448080,1097656,173036,5210808,12104.173,1616.817,0,626.766,0,9.980,6023,4425,1.870,1.320,0.700,3,0,424.165,0,0,11,32,0,37,0
16-01 03:54:55,8.015,21.040,69.382,0,0,1426940,1118756,173036,5210844,7072.414,1623.078,0,212.403,0,3.006,6099,4527,1.870,1.320,0.700,1,0,436.828,0,0,11,32,0,37,0
16-01 03:54:56,16.954,10.721,71.807,0,0,1439084,1106620,173036,5210836,9999.105,1549.831,0,3.989,0,0.997,3434,2476,1.800,1.310,0.700,4,0,162.563,0,0,11,32,0,37,0
16-01 03:54:57,21.760,3.752,73.534,0,0,1446388,1099336,173040,5210836,6826.155,1662.768,0,760.351,0,114.053,2160,1556,1.800,1.310,0.700,3,0,2.001,0,0,11,32,0,36,0
16-01 03:54:58,23.253,3.000,73.509,0.250,0,1390672,1155056,173040,5210832,8181.044,1620.207,0,396.051,0,28.004,1866,1268,1.800,1.310,0.700,2,0,1.000,0,0,11,32,0,36,0
16-01 03:54:59,21.993,3.249,73.727,0,0,1461232,1084496,173040,5210832,8117.516,1565.521,0,19.994,0,1.000,1812,1202,1.800,1.310,0.700,2,0,1.999,0,0,11,32,0,36,0
16-01 03:55:00,22.285,3.255,74.116,0,0,1475116,1070604,173040,5210840,8493.305,1622.542,0,0,0,0,1862,1266,1.800,1.310,0.700,1,0,1.002,0,0,11,32,0,36,0
16-01 03:55:01,22.874,3.232,73.842,0,0,1517816,1027904,173040,5210840,7223.108,1611.102,0,11.934,0,0.995,1753,1125,1.730,1.310,0.710,2,0,1.989,0,0,11,32,0,31,0
16-01 03:55:02,22.254,4.001,72.763,0,0,1484204,1061524,173040,5210832,6051.041,1620.279,0,192.033,0,28.005,1958,1369,1.730,1.310,0.710,2,0,4.001,0,0,11,32,0,31,0
16-01 03:55:03,23.511,2.501,73.534,0,0,1519232,1026496,173040,5210832,5143.384,1512.701,0,196.091,0,3.001,1756,1179,1.730,1.310,0.710,2,0,3.001,0,0,11,32,0,31,0
16-01 03:55:04,22.252,3.750,74.006,0,0,1486968,1058752,173040,5210840,9061.720,1620.129,0,8.001,0,2.000,1797,1199,1.730,1.310,0.710,2,0,1.000,0,0,11,32,0,31,0
16-01 03:55:05,31.384,13.307,54.985,0,0,1473984,1071644,173052,5210856,7928.906,1626.957,0,20.086,0,3.013,4721,11950,1.730,1.310,0.710,3,0,374.602,0,0,11,32,0,25,0
16-01 03:55:06,22.145,3.235,73.402,0,0,1472076,1073576,173052,5210832,8806.290,1612.363,0,0,0,0,1779,1189,1.680,1.300,0.710,4,0,0.995,0,0,11,32,0,25,0
16-01 03:55:07,23.358,3.014,73.591,0.251,0,1456716,1088892,173060,5210868,42190.606,1627.546,0,526.441,0,63.293,1985,1407,1.680,1.300,0.710,4,0,3.014,0,0,11,32,0,25,0
16-01 03:55:08,22.211,3.494,73.370,0.250,0,1479428,1066264,173064,5210780,43980.823,1563.221,0,2423.692,0,63.886,1949,1327,1.680,1.300,0.710,2,0,0,0,0,11,32,0,25,0
16-01 03:55:09,22.272,3.003,73.573,0,0,1472676,1072928,173064,5210868,7619.592,1621.616,0,88.088,0,1.001,1713,1071,1.680,1.300,0.710,2,0,3.003,0,0,11,32,0,19,0
16-01 03:55:10,22.725,3.246,73.919,0,0,1471280,1074336,173064,5210856,6230.160,1604.239,0,23.974,0,2.997,1788,1313,1.680,1.300,0.710,2,0,0,0,0,11,32,0,19,0
16-01 03:55:11,22.270,3.003,73.566,0,0,1453296,1092328,173064,5210848,7210.445,1621.449,0,0,0,0,1795,1256,1.620,1.300,0.710,2,0,1.001,0,0,11,32,0,19,0
16-01 03:55:12,22.738,3.248,73.960,0,0,1448936,1096668,173064,5210868,10170.532,1619.130,0,19.989,0,0.999,1770,1076,1.620,1.300,0.710,2,0,2.998,0,0,11,32,0,19,0
16-01 03:55:13,22.000,4.000,73.250,0,0,1475204,1070420,173064,5210848,7371.975,1619.995,0,259.999,0,26.000,1898,1337,1.620,1.300,0.710,2,0,1.000,0,0,11,32,0,14,0
16-01 03:55:14,22.733,2.998,73.195,0,0,1460832,1084784,173064,5210856,8994.226,1618.781,0,23.982,0,1.998,1826,1237,1.620,1.300,0.710,2,0,0.999,0,0,11,32,0,14,0
16-01 03:55:15,22.782,3.255,74.103,0,0,1491356,1054260,173064,5210856,7067.834,1622.257,0,12.017,0,1.001,1801,1154,1.620,1.300,0.710,2,0,2.003,0,0,11,32,0,14,0
16-01 03:55:16,12.034,18.302,69.446,0,0,1450168,1095400,173064,5210904,9324.302,1624.583,0,184.521,0,10.028,5308,4005,1.650,1.310,0.720,1,0,411.160,0,0,11,32,0,14,0
16-01 03:55:17,20.676,4.733,72.990,0,0,1443916,1101620,173064,5210936,6811.776,1560.451,0,195.305,0,12.954,2532,2120,1.650,1.310,0.720,2,0,49.823,0,0,11,32,0,10,0
16-01 03:55:18,23.252,2.500,73.256,0,0,1437012,1108268,173068,5211180,6199.533,1512.130,0,328.028,0,22.002,1928,1287,1.650,1.310,0.720,2,0,9.001,0,0,11,32,0,10,0
16-01 03:55:19,22.495,3.249,73.734,0,0,1495232,1050048,173068,5211180,9210.983,1619.645,0,179.961,0,27.994,1882,1245,1.650,1.310,0.720,2,0,0,0,0,11,32,0,10,0
16-01 03:55:20,18.561,13.795,66.971,0.251,0.251,1476628,1068464,173072,5211300,7268.971,1625.360,40.132,36.119,2.007,4.013,3973,3178,1.650,1.310,0.720,1,0,334.102,0,0,11,32,0,10,0
16-01 03:55:21,8.753,21.257,69.024,0,0,1457428,1087620,173072,5211344,6535.254,1620.559,0,168.058,0,7.002,6643,5267,1.520,1.290,0.710,1,0,560.193,0,0,11,32,0,10,0
16-01 03:55:22,8.242,22.477,68.181,0,0,1444868,1100136,173072,5211384,8829.044,1618.358,0,451.542,0,6.993,6787,5444,1.520,1.290,0.710,3,0,592.399,0,0,11,32,0,7,0
16-01 03:55:23,8.755,22.263,68.539,0.250,0,1426348,1118616,173072,5211416,10536.026,1620.927,0,1392.797,0,15.009,6395,4908,1.520,1.290,0.710,3,0,519.297,0,0,11,32,0,7,0
16-01 03:55:24,8.246,22.740,67.971,0,0,1411000,1133936,173072,5211444,9491.968,1619.312,0,2207.062,0,109.953,6794,5241,1.520,1.290,0.710,2,0,576.755,0,0,11,32,0,7,0
16-01 03:55:25,7.995,20.736,69.704,0,0,1398236,1146668,173072,5211476,9172.906,1618.925,0,531.647,0,7.995,5997,4443,1.520,1.290,0.710,2,0,433.712,0,0,11,32,0,7,0
16-01 03:55:26,8.259,21.023,69.827,0,0,1387132,1157748,173072,5211500,5081.637,1459.619,0,356.395,0,41.046,6027,4412,1.560,1.300,0.720,3,0,429.476,0,0,11,32,0,4,0
16-01 03:55:27,8.746,21.989,68.216,0,0,1372704,1172144,173072,5211532,9051.466,1619.189,0,483.758,0,22.988,6550,5249,1.560,1.300,0.720,2,0,503.748,0,0,11,32,0,4,0
16-01 03:55:28,9.003,20.506,69.019,0.250,0,1349084,1195720,173084,5211564,8242.307,1620.454,0,516.144,0,34.010,6087,4785,1.560,1.300,0.720,2,0,453.127,0,0,11,32,0,4,0
16-01 03:55:29,27.270,29.771,41.780,0,0,1385860,1158888,173088,5211616,6140.431,1621.170,0,784.566,0,43.031,7314,6580,1.560,1.300,0.720,4,0,783.565,0,0,11,34,0,8,0
16-01 03:55:30,66.562,9.972,23.184,0,0,1554768,989080,173184,5212420,8717.316,1615.426,0,877.515,0,101.712,4109,2241,1.560,1.300,0.720,4,0,50.856,0,0,11,32,0,9,0
16-01 03:55:31,54.964,9.244,26.233,8.994,0,1630720,902596,173972,5221040,8527.394,1618.936,375.753,26918.304,3.997,2112.611,14320,19757,2.070,1.410,0.760,3,1,74.951,0,0,11,38,0,10,0
16-01 03:55:32,37.344,12.782,33.334,14.787,0,1597332,926668,174552,5229416,9068.857,1624.093,0,81886.384,0,5514.900,27397,39202,2.070,1.410,0.760,6,1,150.379,0,0,11,36,0,10,0
16-01 03:55:33,40.276,9.256,34.772,13.759,0,1630404,883576,174804,5238872,12705.069,6707.260,0,81219.582,0,6058.848,28414,41662,2.070,1.410,0.760,5,1,64.041,0,0,11,37,0,10,0
16-01 03:55:34,46.506,11.752,28.754,11.252,0,1527460,977636,175292,5246940,11619.611,5992.831,0,72314.025,0,5335.740,24617,36793,2.070,1.410,0.760,4,1,148.021,0,0,11,34,0,9,0
16-01 03:55:35,35.249,16.500,31.249,15.750,0,1581372,915852,175696,5254068,12254.760,1565.969,311.994,66030.705,5.000,4520.911,23446,32578,2.070,1.410,0.760,2,2,206.996,0,0,11,34,0,9,0
16-01 03:55:36,46.989,16.496,25.494,8.748,0,1602636,889420,175860,5258840,13565.728,8359.983,59.986,49256.118,1.000,3917.055,21792,35043,2.150,1.440,0.770,5,0,200.952,0,0,11,35,0,9,0
16-01 03:55:37,34.759,15.254,35.259,12.253,0,1592796,895396,175972,5262472,54901.346,12087.158,1800.470,25831.750,35.009,2341.612,17427,26468,2.150,1.440,0.770,8,1,217.057,0,0,11,35,0,9,0
16-01 03:55:38,35.942,10.483,40.933,11.481,0,1540536,947564,176240,5262268,45778.555,3708.968,0,72394.272,0,5446.143,21343,36875,2.150,1.440,0.770,3,3,63.896,0,0,11,34,0,9,0
16-01 03:55:39,36.286,6.506,44.544,10.010,0,1578292,906988,176520,5264748,14536.411,6667.610,0,56323.837,0,4579.540,17591,32124,2.150,1.440,0.770,1,1,42.042,0,0,11,35,0,9,0
16-01 03:55:40,33.496,7.499,45.745,10.749,0,1573552,910924,176624,5265428,16983.183,10567.870,0,58105.785,0,4883.478,24553,37242,2.150,1.440,0.770,2,1,32.996,0,0,11,35,0,9,0
16-01 03:55:41,36.655,9.226,44.135,8.478,0,1536780,945252,176688,5267748,13505.878,7764.808,0,32651.092,0,3142.827,17752,28254,2.140,1.450,0.780,3,0,121.684,0,0,11,36,0,10,0
16-01 03:55:42,37.375,7.023,41.138,11.789,0,1591280,887472,176796,5270836,6532.839,2315.741,0,60955.771,0,4725.798,22841,33261,2.140,1.450,0.780,2,0,54.181,0,0,11,37,0,10,0
16-01 03:55:43,29.503,8.001,47.255,11.751,0,1583248,892204,176936,5273904,19730.128,11069.194,0,67987.334,0,5336.576,26500,40243,2.140,1.450,0.780,1,0,61.007,0,0,11,37,0,10,0
16-01 03:55:44,32.751,8.000,46.252,12.000,0,1576996,895248,176992,5276956,19056.680,10895.389,0,66378.369,0,5282.189,27417,40907,2.140,1.450,0.780,2,0,105.004,0,0,11,36,0,10,0
16-01 03:55:45,36.747,9.999,39.996,10.499,0,1615684,855996,177016,5277432,8816.194,1619.852,0,60046.508,0,4689.571,23148,34235,2.140,1.450,0.780,4,0,65.994,0,0,11,36,0,10,0
16-01 03:55:46,32.996,6.749,46.495,11.249,0,1617612,857400,177084,5274036,14547.287,8289.024,0,53245.731,0,4420.480,20543,34638,2.040,1.440,0.780,0,1,29.996,0,0,11,37,0,10,0
16-01 03:55:47,31.936,11.727,51.397,3.244,0,1467216,1007696,177104,5274108,22743.560,12931.165,0,20746.550,0,1417.169,11530,16335,2.040,1.440,0.780,1,0,220.559,0,0,11,33,0,11,0
16-01 03:55:48,18.990,5.747,73.962,0.500,0,1429344,1045560,177104,5274116,11807.923,3648.123,0,1219.372,0,64.967,2828,2432,2.040,1.440,0.780,2,0,54.972,0,0,11,32,0,12,0
16-01 03:55:49,19.501,2.750,77.503,0,0,1458268,1016664,177104,5274116,11511.438,6661.254,0,820.031,0,41.002,2062,1916,2.040,1.440,0.780,2,0,1.000,0,0,11,33,0,12,0
16-01 03:55:50,18.479,5.743,73.914,0.250,0,1430756,1044120,177104,5274172,10852.379,5364.761,0,4798.420,0,341.603,3844,3997,2.040,1.440,0.780,2,0,33.961,0,0,11,32,0,13,0
16-01 03:55:51,19.769,2.002,77.824,0,0,1434308,1040564,177104,5274176,14407.632,6733.371,0,80.076,0,1.001,1958,1585,2.040,1.450,0.790,2,0,0,0,0,11,33,0,13,0
16-01 03:55:52,16.991,6.247,75.959,0.250,0,1409972,1064892,177108,5274180,9431.876,3244.238,0,123.933,0,12.993,2929,2549,2.040,1.450,0.790,2,0,59.967,0,0,11,32,0,14,0
16-01 03:55:53,20.275,2.753,76.343,0,0,1469572,1005284,177108,5274188,10795.145,3594.377,0,116.141,0,8.010,1838,1272,2.040,1.450,0.790,1,0,1.001,0,0,11,33,0,14,0
16-01 03:55:54,19.224,2.247,77.645,0,0,1460456,1014040,177108,5274548,16733.442,10192.260,0,287.612,0,8.988,3551,4138,2.040,1.450,0.790,4,0,0,0,0,11,32,0,15,0
16-01 03:55:55,20.253,6.001,73.011,0.250,0,1439824,1034668,177108,5274552,8866.386,1512.236,0,164.026,0,10.002,2396,1823,2.040,1.450,0.790,2,0,43.007,0,0,11,32,0,15,0
16-01 03:55:56,17.498,2.250,78.990,0,0,1449052,1025296,177108,5274696,16540.969,9500.833,0,195.976,0,14.998,2626,2893,1.880,1.420,0.780,2,0,0,0,0,11,33,0,15,0
16-01 03:55:57,13.293,11.036,74.742,0,0,1370308,1103992,177108,5274744,9820.797,4734.328,0,224.728,0,22.071,4645,4300,1.880,1.420,0.780,1,0,219.711,0,0,11,32,0,16,0
16-01 03:55:58,18.468,23.709,56.652,0.499,0,1366432,1107552,177120,5275048,9902.876,1617.203,0,782.647,0,55.903,6866,5622,1.880,1.420,0.780,4,0,572.011,0,0,11,32,0,22,0
16-01 03:55:59,65.557,9.721,24.179,0,0,1552588,920868,177148,5275548,7958.529,1615.236,0,582.283,0,68.797,4019,1803,1.880,1.420,0.780,4,0,7.976,0,0,11,32,0,22,0
16-01 03:56:00,65.445,8.493,23.730,0,0.250,1697888,772240,177264,5278508,7892.416,1564.695,0,3596.999,0,121.898,4005,1671,1.880,1.420,0.780,4,0,0,0,0,11,32,0,22,0
16-01 03:56:01,59.022,8.288,28.130,3.516,0,1782852,679756,177384,5285360,9638.437,1627.503,0,18445.039,0,1328.123,10026,12446,2.210,1.500,0.810,2,2,87.403,0,0,11,38,0,22,0
16-01 03:56:02,33.778,9.758,41.785,12.260,0,1780664,669676,177408,5297192,8322.901,1621.344,0,96888.334,0,7024.825,31799,52547,2.210,1.500,0.810,3,0,222.184,0,0,11,38,0,22,0
16-01 03:56:03,26.967,8.989,47.192,13.983,0,1779776,661360,177452,5306040,8854.053,1618.000,0,109456.669,0,7893.241,33808,52946,2.210,1.500,0.810,1,1,195.758,0,0,11,38,0,22,0
16-01 03:56:04,42.313,11.517,33.550,11.016,0,1721864,709816,177464,5315168,7607.345,1514.258,0,68654.388,0,5311.922,26367,39914,2.210,1.500,0.810,4,0,252.376,0,0,11,36,0,22,0
16-01 03:56:05,50.502,11.501,25.251,10.751,0,1800552,621264,177484,5324660,5520.271,1620.080,0,77279.797,0,5149.253,23235,45025,2.210,1.500,0.810,2,0,106.005,0,0,11,36,0,23,0
16-01 03:56:06,41.499,10.750,30.999,13.250,0,1851448,558796,177504,5335760,10453.814,1619.971,0,99570.226,0,6519.884,25173,42129,2.350,1.540,0.830,4,0,17.000,0,0,11,36,0,23,0
16-01 03:56:07,39.232,9.995,36.483,11.994,0,1785240,620288,177520,5340304,41827.721,1619.254,0,71247.161,0,5587.425,24537,40100,2.350,1.540,0.830,12,0,173.920,0,0,11,36,0,22,0
16-01 03:56:08,34.427,11.725,49.146,3.992,0,1513320,891704,177524,5340780,40321.941,1562.703,0,27601.774,0,1899.992,11394,14382,2.350,1.540,0.830,2,0,266.438,0,0,11,32,0,22,0
16-01 03:56:09,22.744,3.499,73.229,0.250,0,1510692,894332,177524,5340780,9431.339,1619.543,0,731.794,0,36.990,1899,1260,2.350,1.540,0.830,3,0,1.000,0,0,11,32,0,22,0
16-01 03:56:10,23.746,2.749,72.236,0.750,0,1565456,839568,177524,5340780,7323.627,1713.679,0,6042.867,0,338.936,2782,2708,2.350,1.540,0.830,2,0,2.000,0,0,11,36,0,22,0
16-01 03:56:11,22.236,3.997,72.954,0,0,1502004,903012,177524,5340788,10838.178,1618.981,0,143.909,0,11.992,2433,1813,2.240,1.530,0.830,2,0,26.983,0,0,11,32,0,22,0
16-01 03:56:12,22.247,3.250,73.741,0,0,1555624,849392,177524,5340788,8208.968,1619.796,0,35.995,0,3.999,1857,1194,2.240,1.530,0.830,2,0,1.000,0,0,11,32,0,22,0
16-01 03:56:13,24.259,2.251,72.778,0,0,1585864,819148,177524,5340788,5475.070,1512.572,0,136.051,0,18.007,2147,1715,2.240,1.530,0.830,2,0,3.001,0,0,11,34,0,22,0
16-01 03:56:14,13.547,35.875,49.674,0,0,1519128,885696,177524,5340968,8941.260,1625.684,0,630.203,0,44.154,7684,7161,2.240,1.530,0.830,2,0,1010.533,0,0,11,32,0,22,0
16-01 03:56:15,9.486,24.964,64.158,0.250,0,1486884,917852,177524,5341052,6873.146,1617.681,0,299.570,0,25.963,6848,5563,2.240,1.530,0.830,1,0,672.036,0,0,11,32,0,22,0
16-01 03:56:16,8.737,20.220,70.146,0,0,1460840,943844,177524,5341096,8711.079,1563.681,0,111.834,0,6.990,6055,4449,2.140,1.520,0.830,2,0,412.388,0,0,11,32,0,22,0
16-01 03:56:17,9.267,20.789,68.629,0,0,1433428,971216,177524,5341132,6475.163,1623.049,0,777.460,0,153.288,6171,4460,2.140,1.520,0.830,1,0,397.747,0,0,11,32,0,22,0
16-01 03:56:18,24.228,13.238,60.196,0,0,1426008,978604,177532,5341480,8952.039,1618.561,0,3.996,0,0.999,6697,8492,2.140,1.520,0.830,3,0,188.832,0,0,11,32,0,22,0
16-01 03:56:19,45.814,8.217,45.067,0,0,1531336,873152,177536,5341712,7393.962,1613.445,0,39.838,0,0.996,3166,1866,2.140,1.520,0.830,3,0,72.705,0,0,11,33,0,22,0
16-01 03:56:20,45.598,6.263,48.855,0,0,1609588,794852,177556,5341736,6123.154,1623.488,0,489.051,0,26.056,3566,2978,2.140,1.520,0.830,3,0,17.037,0,0,11,49,0,22,0
16-01 03:56:21,46.417,5.771,46.668,0.251,0,1631400,770464,177612,5343912,5857.113,1625.861,0,1364.920,0,108.391,4106,4045,2.130,1.530,0.840,8,0,2.007,0,0,11,49,0,22,0
16-01 03:56:22,15.253,20.255,62.764,0,0,1629904,770052,177612,5346100,9337.111,1620.366,0,316.071,0,13.003,8747,11830,2.130,1.530,0.840,1,0,404.091,0,0,11,48,0,23,0
16-01 03:56:23,14.694,8.717,75.214,0,0,1645720,754176,177612,5345772,7443.648,1452.468,0,274.953,0,32.875,3917,5326,2.130,1.530,0.840,1,0,91.651,0,0,11,48,0,23,0
16-01 03:56:24,1.000,1.000,96.485,1.000,0,1645720,754176,177612,5345772,8564.650,1619.745,0,7118.878,0,352.944,1886,2439,2.130,1.530,0.840,1,0,3.000,0,0,11,48,0,23,0
16-01 03:56:25,1.000,0.750,97.032,0.500,0,1645720,754176,177612,5345772,7639.542,1620.539,0,2844.946,0,155.052,1318,1742,2.130,1.530,0.840,1,0,2.001,0,0,11,48,0,23,0
16-01 03:56:26,0.250,0.750,98.265,0,0,1645720,754176,177612,5345772,8970.399,1620.253,0,984.154,0,13.002,863,1021,1.960,1.510,0.830,1,0,2.000,0,0,11,48,0,23,0
16-01 03:56:27,1.500,2.500,94.987,0,0,1638912,760984,177612,5345764,5724.234,1619.783,0,31.996,0,3.999,1299,1487,1.960,1.510,0.830,1,0,26.996,0,0,11,48,0,23,0
16-01 03:56:28,19.015,14.011,66.302,0,0,1667184,732692,177612,5345884,7866.172,1621.272,0,0,0,0,5760,7575,1.960,1.510,0.830,1,0,254.199,0,0,11,48,0,23,0
16-01 03:56:29,12.012,16.016,71.072,0,0,1669660,730184,177612,5345800,7158.300,1621.654,0,4.004,0,1.001,5354,4959,1.960,1.510,0.830,3,0,320.327,0,0,12,48,0,23,0
16-01 03:56:30,19.963,16.469,62.134,0.250,0,1648240,751560,177612,5346292,9563.157,1854.540,0,3146.130,0,122.771,7015,9024,1.960,1.510,0.830,2,0,267.501,0,0,12,64,0,23,0
16-01 03:56:31,7.990,9.488,81.401,0,0,1630704,768972,177612,5345964,8759.351,1564.099,0,223.728,0,9.988,3138,3115,1.800,1.480,0.830,2,0,187.772,0,0,12,64,0,17,0
16-01 03:56:32,12.013,13.264,73.327,0.250,0.250,1636872,762636,177612,5346120,9413.851,1513.584,0,5201.443,0,376.394,5317,4468,1.800,1.480,0.830,1,0,204.214,0,0,14,64,0,17,0
16-01 03:56:33,14.783,15.033,68.401,0,0,1647032,752424,177612,5346148,7781.154,1665.672,0,180.398,0,17.038,6135,7031,1.800,1.480,0.830,3,0,292.645,0,0,14,66,0,17,0
16-01 03:56:34,9.241,20.980,69.185,0,0,1632624,766792,177616,5346184,9030.534,1618.483,0,375.648,0,25.976,5935,4475,1.800,1.480,0.830,3,0,384.639,0,0,14,66,0,17,0
16-01 03:56:35,17.709,16.462,64.599,0.249,0,1643084,756312,177616,5346648,8144.958,1658.123,0,562.684,0,8.979,6634,8140,1.800,1.480,0.830,2,0,255.403,0,0,14,66,0,15,0
16-01 03:56:36,28.641,21.858,48.489,0,0,1719372,679956,177628,5346256,6570.428,1628.035,0,317.567,0,9.045,6442,5387,1.820,1.490,0.830,2,0,504.490,0,0,14,66,0,15,0
16-01 03:56:37,31.179,23.197,44.648,0,0,1771316,626828,177684,5347288,45067.794,1616.299,0,99.772,0,2.993,7186,7777,1.820,1.490,0.830,5,0,518.812,0,0,14,66,0,15,0
16-01 03:56:38,30.225,25.479,41.966,0,0,1909996,487580,177696,5348200,45304.009,1618.678,0,75.938,0,14.988,7044,7341,1.820,1.490,0.830,4,0,437.643,0,0,14,70,0,17,0
16-01 03:56:39,50.976,18.491,29.986,0,0,1989820,407744,177696,5348112,8949.868,1619.252,0,503.767,0,1.999,5421,5904,1.820,1.490,0.830,6,0,267.876,0,0,14,70,0,17,0
16-01 03:56:40,63.434,26.326,9.528,0,0,2118908,278252,177704,5348596,10978.815,1660.813,0,685.988,0,10.029,5813,4879,1.820,1.490,0.830,4,0,545.581,0,0,14,70,0,17,0
16-01 03:56:41,64.995,18.179,16.934,0,0,2196132,200136,177740,5349344,7324.271,1506.093,0,1601.717,0,21.914,5782,7446,1.990,1.530,0.850,4,0,232.090,0,0,14,70,0,17,0
16-01 03:56:42,67.508,27.003,2.750,2.250,0,2294916,180076,170476,5278908,9921.226,1620.200,452.056,1652.204,53.007,114.014,6024,5274,1.990,1.530,0.850,5,0,493.061,0,0,14,74,0,17,0
16-01 03:56:43,68.454,19.809,6.018,4.764,0,2419500,134604,164012,5208208,7180.402,1624.843,345.028,15887.355,30.090,1486.431,12431,16140,1.990,1.530,0.850,4,1,190.568,0,0,14,74,0,17,0
16-01 03:56:44,53.523,20.759,10.254,14.506,0,2486256,126328,164124,5151212,6121.648,1620.701,1684.729,28428.295,104.045,1877.812,15872,22627,1.990,1.530,0.850,5,0,337.146,0,0,14,76,0,16,0
16-01 03:56:45,71.246,23.416,4.733,0.498,0,2608948,149584,164180,5008900,8909.187,1614.236,71.744,3965.839,9.964,265.054,9128,17494,1.990,1.530,0.850,7,0,316.869,0,0,14,84,0,22,0
16-01 03:56:46,56.931,23.222,17.729,0.999,0,2690200,138336,164024,4939864,8933.229,1618.049,1274.463,1246.497,109.868,63.923,7976,10698,2.080,1.560,0.860,4,0,402.515,0,0,14,91,0,26,0
16-01 03:56:47,54.415,25.577,19.810,0.752,0,2811836,147460,164024,4812340,5508.685,1624.922,28.085,974.953,4.012,57.173,7413,9479,2.080,1.560,0.860,4,0,534.619,0,0,14,93,0,26,0
16-01 03:56:48,45.263,15.505,37.261,0,0.250,2852724,175052,164024,4745120,8434.461,1620.473,0,836.244,0,42.012,6521,10086,2.080,1.560,0.860,3,0,210.061,0,0,14,95,0,25,0
16-01 03:56:49,62.518,13.450,22.417,1.993,0,3021412,136752,164104,4617672,6700.119,1560.206,2128.097,5989.757,30.885,309.849,6216,8223,2.080,1.560,0.860,3,0,128.523,0,0,14,98,0,28,0
16-01 03:56:50,28.391,12.813,57.284,0.502,0,3075288,149536,164120,4552408,9547.256,1609.969,24.119,1953.670,6.030,133.662,5313,4755,2.080,1.560,0.860,2,0,177.880,0,0,14,101,0,29,0
16-01 03:56:51,8.502,19.754,70.766,0,0,3089048,135744,164120,4552440,8582.911,1620.361,0,84.019,0,6.001,5758,4151,1.990,1.550,0.860,3,0,358.080,0,0,14,101,0,29,0
16-01 03:56:52,7.738,19.719,70.888,0,0,3095240,129524,164120,4552468,7144.673,1617.436,0,139.778,0,12.979,5843,4344,1.990,1.550,0.860,2,0,357.433,0,0,14,101,0,27,0
16-01 03:56:53,18.224,8.488,71.647,0.499,0,3134076,157620,164124,4486948,9308.571,1617.666,19.971,2847.891,3.994,11.983,2867,2077,1.990,1.550,0.860,2,0,98.857,0,0,14,101,0,27,0
16-01 03:56:54,18.528,2.754,78.870,0.250,0,3152368,139264,164124,4487016,15606.835,8019.247,40.061,208.318,4.006,13.020,2641,2613,1.990,1.550,0.860,3,0,0,0,0,14,105,0,27,0
16-01 03:56:55,19.153,6.218,72.880,0,0,3152984,138624,164128,4487036,24256.915,17512.140,0,226.849,0,15.919,2639,2009,1.990,1.550,0.860,2,0,63.677,0,0,14,105,0,28,0
16-01 03:56:56,20.039,3.256,76.400,0.250,0,3185392,171724,164128,4423052,15079.511,7339.363,12.024,340.667,3.006,41.080,2379,2245,1.990,1.550,0.870,3,0,3.006,0,0,14,112,0,26,0
16-01 03:56:57,20.359,3.016,75.905,0,0,3190696,166224,164144,4423200,9956.093,2498.323,0,595.174,0,37.198,2412,2366,1.990,1.550,0.870,2,0,1.005,0,0,14,116,0,26,0
16-01 03:56:58,25.251,4.500,67.004,1.750,0,3197352,159204,164148,4423560,6016.346,1620.093,0,11952.688,0,786.045,7711,9679,1.990,1.550,0.870,4,0,3.000,0,0,14,119,0,27,0
16-01 03:56:59,21.910,9.212,67.970,0,0,3208128,148388,164156,4423592,6757.127,2590.315,0,713.059,0,51.786,4124,3918,1.990,1.550,0.870,3,0,114.528,0,0,14,122,0,28,0
16-01 03:57:00,28.010,4.502,65.774,0.250,0,3274352,147956,164156,4359392,13028.682,7434.672,40.014,676.243,4.001,55.020,3369,3148,1.990,1.550,0.870,2,0,3.001,0,0,14,127,0,21,0
16-01 03:57:01,19.759,3.502,74.535,1.000,0,3271880,150376,164156,4359444,12066.668,4292.016,4.002,3101.457,1.000,222.104,3930,4740,1.990,1.560,0.880,2,0,1.000,0,0,14,127,0,21,0
16-01 03:57:02,33.068,8.267,57.869,0.501,0,3285672,136548,164156,4359476,10075.784,2819.817,0,1763.638,0,126.260,4943,5347,1.990,1.560,0.880,3,0,94.194,0,0,14,126,0,22,0
16-01 03:57:03,42.408,8.731,48.395,0,0,3347028,201892,164132,4236036,9252.940,3010.473,179.611,1568.599,0.998,28.937,3138,1707,1.990,1.560,0.880,4,0,5.987,0,0,14,127,0,22,0
16-01 03:57:04,22.286,5.258,71.364,0.501,0,3362368,186532,164136,4236052,30980.500,22561.047,0,1883.009,0,103.165,3057,2326,1.990,1.560,0.880,2,0,55.088,0,0,14,126,0,23,0
16-01 03:57:05,25.695,6.985,65.858,0.499,0,3419940,128896,164136,4239424,11135.035,3076.379,43.906,115.751,5.987,12.972,2928,6470,1.990,1.560,0.880,5,0,35.923,0,0,15,128,0,23,0
16-01 03:57:06,17.511,4.753,77.050,0,0,3390612,158216,164136,4236124,30428.751,22473.588,0,0,0,0,2603,3858,1.910,1.550,0.880,2,0,51.033,0,0,14,126,0,25,0
16-01 03:57:07,21.278,4.506,74.348,0,0,3420828,191012,164136,4174700,42856.293,3020.968,0,8.011,0,2.003,1948,1312,1.910,1.550,0.880,4,0,0,0,0,14,127,0,25,0
16-01 03:57:08,17.205,2.743,78.294,0.499,0,3421400,190268,164136,4174872,48726.484,7672.763,11.968,618.369,2.992,82.782,3068,3548,1.910,1.550,0.880,2,0,0,0,0,14,126,0,25,0
16-01 03:57:09,23.072,8.527,67.460,0,0,3376324,235292,164136,4174924,9528.664,1625.059,0,589.836,0,32.100,4941,6537,1.910,1.550,0.880,6,0,107.334,0,0,14,140,0,25,0
16-01 03:57:10,20.436,2.492,76.012,0.249,0,3394148,217440,164136,4174952,29585.394,23941.062,0,299.064,0,15.950,3829,5605,1.910,1.550,0.880,3,0,4.984,0,0,14,134,0,30,0
16-01 03:57:11,19.992,6.747,72.720,0,0,3427572,184000,164136,4174968,9556.028,1619.327,0,267.889,0,11.995,2533,1792,1.840,1.540,0.880,2,0,54.977,0,0,14,134,0,30,0
16-01 03:57:12,15.772,1.752,80.112,0.250,0,3440304,171260,164136,4174976,16615.291,8361.721,4.006,364.511,1.001,35.049,2072,2002,1.840,1.540,0.880,2,0,0,0,0,14,135,0,30,0
16-01 03:57:13,26.735,4.997,65.463,1.499,0,3430720,180552,164136,4175268,10252.174,2858.376,0,2926.337,0,364.793,8063,12111,1.840,1.540,0.880,2,0,1.999,0,0,14,137,0,32,0
16-01 03:57:14,19.984,6.495,72.192,0.500,0,3412416,198896,164136,4175268,8817.973,1618.710,0,3641.098,0,334.733,2913,2093,1.840,1.540,0.880,2,0,52.958,0,0,14,137,0,32,0
16-01 03:57:15,18.257,2.251,79.031,0,0,3415956,195344,164136,4175280,15943.263,10794.241,0,648.255,0,47.018,2267,2073,1.840,1.540,0.880,2,0,1.000,0,0,14,138,0,32,0
16-01 03:57:16,20.251,5.750,72.254,0.750,0,3419004,192268,164136,4175308,10771.655,2334.142,0,1648.100,0,161.010,6089,8537,1.850,1.550,0.890,2,0,1.000,0,0,14,138,0,32,0
16-01 03:57:17,27.255,9.252,61.510,0.750,0,3366244,244944,164140,4175388,8357.407,2485.419,0,4716.794,0,322.054,9106,13557,1.850,1.550,0.890,2,0,69.012,0,0,14,139,0,33,0
16-01 03:57:18,19.247,2.750,76.987,0.250,0,3418256,192924,164140,4175396,8096.656,3868.358,0,367.939,0,17.997,1794,1427,1.850,1.550,0.890,1,0,0,0,0,14,140,0,33,0
16-01 03:57:19,18.309,3.762,76.749,0.251,0,3409876,201304,164140,4175432,17411.383,9167.687,0,1593.159,0,130.422,3602,4259,1.850,1.550,0.890,2,0,25.081,0,0,14,139,0,34,0
16-01 03:57:20,19.268,8.008,71.318,0.250,0,3453972,157156,164140,4175484,8692.271,1621.543,32.030,548.522,2.002,31.030,3082,2442,1.850,1.550,0.890,2,0,122.116,0,0,14,141,0,34,0
16-01 03:57:21,17.696,1.994,79.508,0,0,3461512,149608,164140,4175492,18974.138,11379.299,0,426.699,0,23.927,2098,1845,1.860,1.560,0.890,1,0,0,0,0,14,142,0,34,0
16-01 03:57:22,20.813,3.511,73.974,0.502,0,3455104,155856,164140,4175652,10041.349,3339.092,0,906.741,0,90.273,4896,6632,1.860,1.560,0.890,1,1,0,0,0,14,142,0,34,0
16-01 03:57:23,26.073,7.449,64.312,0.497,0,3453320,157552,164140,4175740,9188.458,1609.048,31.784,1319.022,1.986,139.054,8437,12748,1.860,1.560,0.890,10,0,1.986,0,0,14,142,0,34,0
16-01 03:57:24,35.071,14.279,48.348,1.002,0,3396616,214024,164144,4175904,14233.848,3545.185,12.024,5282.707,1.002,509.032,14487,21800,1.860,1.560,0.890,2,0,288.585,0,0,14,141,0,34,0
16-01 03:57:25,21.207,3.742,74.350,0.249,0,3454776,155852,164144,4175916,10268.234,3252.422,0,582.821,0,35.927,2098,1629,1.860,1.560,0.890,1,0,0,0,0,14,142,0,34,0
16-01 03:57:26,15.814,7.029,75.055,0,0,3430804,179824,164144,4175932,14060.073,7447.230,0,485.973,0,21.086,3282,2667,1.790,1.550,0.890,2,0,111.452,0,0,14,141,0,35,0
16-01 03:57:27,8.771,21.301,69.167,0.251,0,3401372,209088,164144,4176100,8640.826,1714.131,0,533.285,0,34.082,5955,4494,1.790,1.550,0.890,4,0,374.904,0,0,14,141,0,35,0
16-01 03:57:28,16.902,16.902,64.626,0,0,3397424,213016,164148,4176584,6930.878,1610.676,0,449.398,0,29.827,7172,8676,1.790,1.550,0.890,3,0,283.360,0,0,14,141,0,35,0
16-01 03:57:29,28.874,19.584,50.717,0.502,0,3406704,203668,164160,4176160,10647.615,1626.970,0,2289.810,0,123.529,6401,5341,1.790,1.550,0.890,3,0,391.678,0,0,14,141,0,35,0
16-01 03:57:30,35.079,21.893,42.294,0.249,0,3465300,144640,164172,4176908,7754.225,1612.146,91.554,796.122,6.966,55.729,7704,8207,1.790,1.550,0.890,2,0,424.930,0,0,14,145,0,35,0
16-01 03:57:31,33.469,18.622,46.303,0.252,0,3529204,142280,164172,4116716,7476.981,1701.144,4.026,370.427,1.007,28.185,6800,7710,1.890,1.570,0.900,4,0,316.071,0,0,16,147,0,35,0
16-01 03:57:32,58.672,28.212,12.733,0,0,3654208,187188,164096,3950536,9829.877,1617.840,107.856,627.163,7.989,41.944,7676,12870,1.890,1.570,0.900,5,0,539.280,0,0,16,153,0,35,0
16-01 03:57:33,61.842,19.529,18.277,0,0,3753204,123136,164064,3916048,7073.502,1664.471,24.036,364.541,3.004,25.037,8736,14888,1.890,1.570,0.900,3,0,268.398,0,0,16,169,0,35,0
16-01 03:57:34,36.737,22.492,39.236,0.250,0,3816960,157664,164064,3818648,8572.999,1619.433,0,635.777,0,14.995,7228,5546,1.890,1.570,0.900,5,0,571.800,0,0,16,169,0,35,0
16-01 03:57:35,23.513,22.012,53.030,0,0.250,3840688,133656,164076,3818900,7922.445,1548.869,0,308.173,0,18.010,6373,5127,1.890,1.570,0.900,3,0,444.249,0,0,17,169,0,35,0
16-01 03:57:36,22.500,14.750,62.250,0,0,3860212,158196,164076,3775552,8429.042,1620.008,4.000,360.002,1.000,20.000,5348,7403,1.900,1.580,0.910,3,0,212.001,0,0,17,169,0,35,0
16-01 03:57:37,31.239,23.741,44.234,0.250,0,3925536,144900,163956,3724536,42411.394,1619.404,15.994,479.823,3.999,39.985,6798,5845,1.900,1.580,0.910,3,0,471.826,0,0,17,169,0,35,2
16-01 03:57:38,40.352,19.927,38.609,0,0,4010680,167328,163960,3619524,40162.940,1614.090,11.956,11.956,1.993,2.989,7057,8524,1.900,1.580,0.910,7,0,257.059,0,0,17,179,0,35,2
16-01 03:57:39,33.306,24.542,40.068,1.503,0,4069980,166396,163960,3562436,5845.916,1622.753,184.313,2944.995,6.010,51.087,8387,8932,1.900,1.580,0.910,3,0,579.984,0,0,17,181,0,35,2
16-01 03:57:40,32.501,25.251,40.751,0.250,0,4163464,158600,163960,3478632,9205.291,1690.053,20.001,592.019,5.000,49.002,8203,9680,1.900,1.580,0.910,5,0,617.019,0,0,17,189,0,35,2
16-01 03:57:41,12.767,21.528,64.335,0,0,4180524,141088,163960,3479564,7594.036,1622.144,0,660.873,0,50.066,8118,9407,1.830,1.570,0.910,11,0,415.549,0,0,17,193,0,33,2
16-01 03:57:42,24.613,14.420,59.170,0.249,0,4197676,159800,163960,3444180,8657.731,1611.018,35.800,552.917,1.989,29.834,5569,6197,1.830,1.570,0.910,3,0,198.891,0,0,17,193,0,33,2
16-01 03:57:43,47.507,6.964,44.771,0.497,0,4328176,161860,163960,3313464,7456.795,1653.528,214.899,409.900,5.969,38.801,3603,2414,1.830,1.570,0.910,4,0,10.944,0,0,17,209,0,33,2
16-01 03:57:44,44.671,7.780,45.424,1.004,0,4445636,128488,163960,3231144,8626.002,1463.600,188.722,1268.854,11.042,114.438,3731,2386,1.830,1.570,0.910,6,0,5.019,0,0,17,211,0,33,2
16-01 03:57:45,29.729,18.895,50.388,1.260,0,4358496,253392,163972,3193928,7858.441,1723.254,870.697,3801.236,12.093,220.697,6556,6560,1.830,1.570,0.910,2,0,388.992,0,0,17,213,0,33,2
16-01 03:57:46,32.488,23.991,41.735,0.500,0,4398428,211940,163972,3195416,12462.446,7341.317,279.898,563.794,3.999,38.986,8733,10382,1.840,1.580,0.920,5,0,508.814,0,0,17,216,0,33,2
16-01 03:57:47,46.031,20.652,30.356,0.995,0,4438484,169736,163980,3197780,9401.346,4573.278,1186.365,652.899,23.887,38.816,8003,9750,1.840,1.580,0.920,6,0,263.747,0,0,17,223,0,34,2
16-01 03:57:48,70.865,15.832,10.806,3.016,0,4523184,162744,163984,3122060,9996.554,1937.995,611.152,1141.889,16.083,24.124,5082,4580,1.840,1.580,0.920,2,0,134.695,0,0,17,231,0,34,2
16-01 03:57:49,56.459,11.690,20.892,8.954,0,4605936,159864,164016,3043160,18974.125,11378.307,1834.537,1102.314,68.646,38.800,5158,4634,1.840,1.580,0.920,2,2,19.897,0,0,17,237,0,24,2
16-01 03:57:50,47.194,11.296,21.338,20.082,0,4613616,144060,164076,3051384,9726.935,2422.948,5281.685,14808.800,392.612,897.686,7637,6609,1.840,1.580,0.920,5,0,30.124,0,0,17,238,0,25,2
16-01 03:57:51,45.927,20.967,32.948,0.250,0,4668464,164876,164080,2978328,14605.899,9418.104,135.785,499.210,14.976,26.957,7296,8695,1.930,1.600,0.930,2,0,374.408,0,0,17,238,0,29,2
16-01 03:57:52,35.785,22.021,40.790,0.250,0,4623832,207596,164084,2980452,13851.503,4723.605,68.066,9361.126,3.003,71.069,7850,10220,1.930,1.600,0.930,3,0,348.340,0,0,17,237,0,30,2
16-01 03:57:53,48.526,23.012,27.265,0.250,0,4682880,183072,164084,2946444,15045.141,7185.888,208.113,360.195,4.002,17.009,6562,7102,1.930,1.600,0.930,4,0,424.230,0,0,17,238,0,26,2
16-01 03:57:54,52.548,23.271,22.271,1.001,0,4710948,192996,164104,2909396,12405.440,6814.284,636.587,1573.451,31.029,95.088,7519,9112,1.930,1.600,0.930,2,0,385.355,0,0,17,241,0,27,2
16-01 03:57:55,62.010,22.004,14.252,1.250,0,4808300,133624,164568,2871948,9200.505,1952.319,1008.165,8569.401,49.008,811.133,9496,11845,1.930,1.600,0.930,4,0,352.058,0,0,17,245,1,29,2
16-01 03:57:56,49.903,24.827,24.579,0.248,0.248,4861928,134812,164576,2818756,19332.606,12270.698,91.365,865.980,6.952,50.648,7973,9923,2.180,1.660,0.950,5,1,459.804,0,0,17,247,0,30,2
16-01 03:57:57,57.312,21.366,20.361,0.754,0,4872104,134496,164588,2808892,6255.012,1671.087,559.040,667.630,35.191,39.213,7694,12744,2.180,1.660,0.950,7,0,257.400,0,0,17,253,0,30,2
16-01 03:57:58,64.573,15.895,18.627,0,0,4990996,146948,164588,2679612,17688.979,11549.594,786.795,731.163,16.888,26.823,9256,19028,2.180,1.660,0.950,4,0,26.823,0,0,17,256,0,30,0
16-01 03:57:59,54.556,8.548,31.426,5.531,0,5020996,148064,164604,2648812,17197.419,9320.255,1230.901,703.947,77.434,53.299,5256,4768,2.180,1.660,0.950,3,0,13.073,0,0,17,261,0,32,0
16-01 03:58:00,58.434,8.990,29.966,1.498,0,5097980,131088,164572,2590252,18173.585,11148.477,1302.537,1002.873,42.952,85.904,6034,7456,2.180,1.660,0.950,4,0,11.987,0,0,17,266,0,37,0
16-01 03:58:01,47.896,28.086,20.563,2.006,0,5038752,186440,164720,2593896,12177.176,5332.279,4204.837,1327.051,62.190,65.199,8967,10550,2.410,1.710,0.970,4,0,541.654,0,0,17,265,0,36,0
16-01 03:58:02,49.262,24.756,25.506,0.250,0,5064440,160276,164832,2594540,12580.974,9273.192,992.235,628.148,18.004,41.010,7723,8909,2.410,1.710,0.970,4,0,384.091,0,0,17,266,0,36,0
16-01 03:58:03,66.069,18.200,14.959,0.748,0,5084980,139376,164836,2594916,11886.445,4703.119,881.585,1041.148,16.954,44.877,6527,6201,2.410,1.710,0.970,5,0,205.437,0,0,18,268,0,37,0
16-01 03:58:04,73.216,13.289,5.767,7.522,0,5195568,126276,163944,2500848,13712.450,7365.728,3542.450,726.142,211.624,46.136,6685,5850,2.410,1.710,0.970,7,0,12.036,0,0,18,273,0,37,0
16-01 03:58:05,80.554,10.939,6.713,1.492,0,5231064,182588,163960,2411472,11189.037,6839.126,1372.400,2641.373,59.670,273.485,7225,6636,2.410,1.710,0.970,6,1,13.923,0,0,18,274,0,37,0
16-01 03:58:06,57.876,18.039,23.301,0,0,5278780,165872,163960,2381288,9723.227,2110.608,1050.293,930.030,24.053,70.153,8235,18308,2.370,1.720,0.980,2,0,257.562,0,0,18,279,0,39,0
16-01 03:58:07,31.974,7.494,58.203,0.500,0,5318132,158156,163968,2350448,59719.612,14602.168,595.517,763.381,12.989,64.947,4015,3725,2.370,1.720,0.980,4,0,8.993,0,0,18,282,0,41,0
16-01 03:58:08,42.767,10.004,47.019,0.250,0,5318952,156804,163968,2350980,695839.824,11421.511,816.322,500.198,9.004,32.013,4589,3889,2.370,1.720,0.980,3,0,13.005,0,0,18,286,0,41,0
16-01 03:58:09,38.461,8.242,52.946,0,0,5323312,172948,163968,2331396,10052459.078,93039.809,511.477,455.534,3.996,32.966,8349,4540,2.370,1.720,0.980,2,0,7.992,0,0,18,287,0,41,0
16-01 03:58:10,33.592,16.295,47.129,1.755,0,5315424,172608,163972,2339608,5966180.425,34440.564,2559.026,3417.383,30.083,219.603,7883,6343,2.370,1.720,0.980,3,0,266.732,0,0,18,291,0,39,0
16-01 03:58:11,38.646,4.737,54.852,0,0,5339820,174252,163972,2314528,17892.682,11210.726,0,343.074,0,31.914,3533,2716,2.420,1.740,0.990,1,0,0,0,0,18,293,0,39,0
16-01 03:58:12,25.994,5.249,67.484,0.250,0,5309672,204108,163976,2314820,19644.256,11839.141,107.974,9145.791,8.998,75.982,5223,6114,2.420,1.740,0.990,2,0,36.991,0,0,18,297,0,41,0
16-01 03:58:13,6.750,1.750,87.503,0.500,0,5313392,199940,163976,2315268,413876.799,16392549.769,432.016,580.022,22.001,51.002,4261,3710,2.420,1.740,0.990,5,0,2.000,0,0,18,295,0,42,0
16-01 03:58:14,2.996,0.749,96.113,0,0,5313640,199688,163976,2315272,7450.357,1617.689,0,255.635,0,15.977,1234,1720,2.420,1.740,0.990,1,0,0,0,0,18,295,0,35,0
16-01 03:58:15,3.009,1.003,93.782,1.003,0,5311344,201984,163976,2315272,9272.835,1624.878,0,5251.765,0,251.756,2027,2542,2.420,1.740,0.990,3,1,1.003,0,0,18,295,0,35,0
16-01 03:58:16,20.035,3.756,72.876,1.002,0,5303588,193608,163980,2331372,16539402.932,105190.692,64.111,13651.580,4.007,1227.120,12721,10301,2.310,1.730,0.990,1,0,3.005,0,0,18,300,0,36,0
16-01 03:58:17,11.497,16.495,70.230,1.000,0,5236512,260544,163980,2331512,9219.376,4398.748,59.983,1975.438,3.999,20.994,5742,4971,2.310,1.730,0.990,2,0,368.895,0,0,18,299,0,38,0
16-01 03:58:18,21.690,6.233,70.804,0,0,5275496,221552,163980,2331520,5684.258,1615.526,0,16538.199,0,56.843,3072,2755,2.310,1.730,0.990,2,0,95.735,0,0,18,299,0,37,0
16-01 03:58:19,15.054,13.549,70.504,0.251,0,5267968,229036,163980,2331548,9073.684,1463.271,0,1120.034,0,63.228,5079,4077,2.310,1.730,0.990,3,0,240.868,0,0,18,299,0,37,0
16-01 03:58:20,7.731,21.446,69.326,0.499,0,5264856,232080,163980,2331616,7815.385,1615.944,31.920,235.409,2.992,24.937,6381,5445,2.310,1.730,0.990,2,0,406.979,0,0,18,303,0,37,0
16-01 03:58:21,2.496,1.498,94.866,0.250,0,5257056,239784,163980,2331712,8955.314,1617.708,79.887,87.876,4.993,6.990,1639,2091,2.120,1.700,0.980,2,0,22.967,0,0,18,303,0,37,0
16-01 03:58:22,21.316,4.765,72.223,0.251,0,5317232,179604,163980,2331716,9234.462,1625.009,0,244.754,0,30.093,2539,2179,2.120,1.700,0.980,2,0,9.028,0,0,18,303,0,36,0
16-01 03:58:23,17.975,2.496,77.890,0,0,5242840,253916,163980,2331796,19507.462,10553.103,63.910,163.769,3.994,0.999,2813,2779,2.120,1.700,0.980,4,0,15.977,0,0,18,307,0,37,0
16-01 03:58:24,10.514,17.523,70.594,0.250,0,5246104,250372,163984,2332024,7681.243,1622.163,16.021,92.123,4.005,3.004,5533,4249,2.120,1.700,0.980,2,0,233.311,0,0,18,307,0,37,0
16-01 03:58:25,13.019,16.274,69.853,0.501,0,5240256,256052,163984,2332176,6219.126,1622.381,0,168.247,0,20.029,5638,4351,2.120,1.700,0.980,2,0,204.300,0,0,18,307,0,37,0
16-01 03:58:26,16.254,11.503,70.269,0.250,0,5260804,235228,163984,2332436,6085.610,1620.429,68.018,2744.726,4.001,365.097,5055,4224,2.110,1.700,0.990,2,0,149.039,0,0,18,307,0,36,0
16-01 03:58:27,24.630,3.981,70.157,0.249,0.249,5339812,156220,163984,2332436,8513.364,1612.116,0,159.221,0,17.912,2543,2231,2.110,1.700,0.990,2,0,3.981,0,0,18,311,0,36,0
16-01 03:58:28,23.980,2.998,71.191,0.749,0,5369560,157776,163984,2302368,7158.102,1456.800,383.684,339.720,12.989,36.970,2781,2678,2.110,1.700,0.990,2,0,3.997,0,0,18,315,0,36,0
16-01 03:58:29,22.757,4.001,71.773,0.500,0,5350516,176792,163984,2302396,9221.997,1620.527,20.007,184.060,4.001,10.003,2427,1902,2.110,1.700,0.990,2,0,5.002,0,0,18,311,0,36,0
16-01 03:58:30,22.988,4.498,71.463,0,0,5404372,122796,163984,2302536,7251.217,1619.155,0,231.879,0,20.989,2622,2318,2.110,1.700,0.990,2,0,3.998,0,0,18,311,0,35,0
16-01 03:58:31,13.225,2.495,83.096,0,0,5402928,155720,163984,2272412,28259.577,20526.921,67.874,307.430,3.993,30.943,2979,3186,2.020,1.690,0.990,2,0,1.996,0,0,18,317,0,37,0
16-01 03:58:32,23.026,4.755,71.329,0,0,5356052,202584,163984,2272424,7045.824,1621.801,0,172.191,0,9.010,2503,2062,2.020,1.690,0.990,2,0,15.017,0,0,18,311,0,37,0
16-01 03:58:33,24.985,2.498,71.456,0.500,0,5350508,208000,163984,2272552,6490.008,1619.004,3.998,167.897,0.999,21.986,2465,2038,2.020,1.690,0.990,2,0,0.999,0,0,18,311,0,37,0
16-01 03:58:34,10.818,18.617,69.184,0,0,5322164,236268,163992,2272608,7284.667,1672.485,414.599,281.766,7.044,7.044,5808,4738,2.020,1.690,0.990,3,0,356.233,0,0,18,311,0,37,0
16-01 03:58:35,15.945,12.457,70.257,0.747,0,5348580,209728,163996,2272800,9361.652,1506.793,79.725,0,5.979,0,4709,3794,2.020,1.690,0.990,3,2,234.191,0,0,18,313,0,37,0
16-01 03:58:36,18.968,2.745,76.120,1.497,0,5374644,183360,164256,2272844,12514.586,3718.637,279.522,718.770,13.976,45.921,2797,2838,1.860,1.660,0.990,1,0,32.944,0,0,18,314,0,37,0
16-01 03:58:37,22.993,3.249,72.479,0.500,0,5346660,204820,164380,2279152,44672.900,1805.471,127.962,935.726,5.998,22.993,2395,1918,1.860,1.660,0.990,2,0,1.000,0,0,18,315,0,37,0
16-01 03:58:38,17.570,3.514,78.312,0,0,5354804,196432,164380,2279380,51684.037,4639.495,0,630.514,0,20.080,2316,1992,1.860,1.660,0.990,2,0,20.080,0,0,18,316,0,37,0
16-01 03:58:39,23.946,3.742,69.843,0.249,0,5349884,194732,164928,2285304,28518.713,1789.965,0,882.012,0,15.964,7423,12095,1.860,1.660,0.990,2,0,5.987,0,0,18,315,0,37,0
16-01 03:58:40,19.097,3.518,76.389,0.503,0,5338808,205256,164980,2285804,13318.860,3740.056,24.123,486.479,4.020,10.051,5491,8755,1.860,1.660,0.990,2,0,8.041,0,0,18,316,0,37,0
16-01 03:58:41,22.741,5.748,68.972,0,0,5339872,203688,165076,2286188,8033.790,2449.022,27.989,16553.387,3.998,44.982,10240,18486,1.790,1.650,0.990,2,0,19.992,0,0,18,316,0,37,0
16-01 03:58:42,20.674,5.978,71.987,0.249,0,5271236,284012,165168,2274516,9565.999,1787.460,7.971,1956.840,1.993,286.950,3374,2399,1.790,1.650,0.990,2,0,50.814,0,0,18,315,0,37,0
16-01 03:58:43,15.970,11.978,70.869,0,0,5315884,239344,165168,2274536,7007.009,1551.124,0,7.985,0,1.996,4230,3601,1.790,1.650,0.990,2,0,214.602,0,0,18,315,0,37,0
16-01 03:58:44,20.525,1.752,76.594,0,0,5341352,213684,165168,2274728,12204.980,7419.106,0,0,0,0,2131,1836,1.790,1.650,0.990,2,0,0,0,0,18,316,0,37,0
16-01 03:58:45,19.489,8.495,70.711,0.500,0,5329376,225496,165168,2274892,13043.892,6131.658,47.974,923.497,2.998,44.975,4133,3906,1.790,1.650,0.990,3,0,112.938,0,0,18,317,0,40,0
16-01 03:58:46,20.935,3.240,73.773,0.249,0,5385552,169224,165168,2275004,9500.705,3578.965,95.705,1379.746,3.988,151.533,2993,2887,1.650,1.630,0.980,1,0,0.997,0,0,18,318,0,40,0
16-01 03:58:47,19.082,6.277,73.818,0,0,5357652,197108,165168,2275020,16137.576,8271.663,0,160.693,0,10.043,3098,2716,1.650,1.630,0.980,5,0,70.303,0,0,18,317,0,41,0
16-01 03:58:48,20.700,2.993,75.816,0.249,0,5357232,197524,165168,2275024,12986.471,7326.213,0,171.583,0,12.969,2426,2178,1.650,1.630,0.980,3,0,1.995,0,0,18,320,0,41,0
16-01 03:58:49,19.991,6.497,72.466,0.250,0,5349352,205392,165168,2275036,13797.541,8951.810,0,327.847,0,18.991,3119,2763,1.650,1.630,0.980,2,0,55.974,0,0,18,319,0,42,0
16-01 03:58:50,20.320,2.760,76.265,0,0,5391092,163584,165168,2275088,11416.604,7237.106,0,56.195,0,4.014,2243,2112,1.650,1.630,0.980,2,0,0,0,0,18,320,0,40,0
16-01 03:58:51,20.679,4.734,73.746,0,0,5334904,219764,165168,2275096,16729.309,6145.806,0,625.842,0,4.983,2822,2371,1.600,1.610,0.980,2,0,31.890,0,0,18,319,0,43,0
16-01 03:58:52,20.754,2.501,75.516,0,0,5379904,174612,165168,2275232,14546.042,7345.536,0,0,0,0,2671,2292,1.600,1.610,0.980,2,0,0,0,0,18,320,0,43,0
16-01 03:58:53,19.096,5.528,74.121,0.251,0,5365296,189088,165168,2275364,12910.637,6922.658,0,353.771,0,32.161,4627,6356,1.600,1.610,0.980,2,0,46.231,0,0,18,319,0,44,0
16-01 03:58:54,25.191,4.240,69.838,0,0,5384628,169744,165168,2275376,6482.929,1616.243,0,223.480,0,17.958,2923,2627,1.600,1.610,0.980,2,0,2.993,0,0,18,319,0,44,0
16-01 03:58:55,18.312,3.261,76.760,0,0,5336564,217784,165168,2275400,19357.655,11907.386,0,280.953,0,26.088,3072,2797,1.600,1.610,0.980,2,0,32.109,0,0,18,319,0,41,0
16-01 03:58:56,23.885,4.230,70.660,0.498,0,5369732,184512,165168,2275504,10734.327,1612.239,95.540,2854.260,4.976,180.133,3195,3241,1.550,1.600,0.980,3,0,0,0,0,18,319,0,41,0
16-01 03:58:57,12.743,2.499,83.456,0.500,0,5363212,190984,165168,2275552,16217.528,12439.502,63.967,2278.810,3.998,367.808,2882,2936,1.550,1.600,0.980,2,0,0,0,0,18,320,0,41,0
16-01 03:58:58,20.238,7.995,70.710,0,0,5381388,172764,165168,2275596,8711.014,1750.998,0,243.860,0,16.990,3340,2965,1.550,1.600,0.980,2,0,88.949,0,0,18,321,0,42,0
16-01 03:58:59,18.252,2.750,77.256,0,0,5394236,159904,165168,2275608,13400.110,23485.946,0,120.010,0,6.000,2385,2184,1.550,1.600,0.980,1,0,0,0,0,18,322,0,38,0
16-01 03:59:00,21.228,5.994,71.426,0.250,0,5363664,190464,165168,2275620,26523.703,1947.995,0,215.778,0,18.980,3009,2633,1.550,1.600,0.980,2,0,47.951,0,0,18,321,0,39,0
16-01 03:59:01,19.536,2.505,76.640,0,0,5384904,169212,165168,2275632,15249.954,8487.558,0,272.500,0,24.044,2659,2615,1.420,1.580,0.980,1,0,1.002,0,0,18,322,0,40,0
16-01 03:59:02,21.716,4.493,73.385,0.499,0,5384724,169248,165168,2275776,11716.665,3575.405,143.775,159.750,7.988,8.986,2628,2210,1.420,1.580,0.980,2,0,13.978,0,0,18,321,0,41,0
16-01 03:59:03,17.262,2.502,79.303,0,0,5390512,163456,165168,2275780,14573.756,8047.387,0,112.075,0,8.005,2189,2025,1.420,1.580,0.980,1,0,1.001,0,0,18,322,0,34,0
16-01 03:59:04,24.009,6.252,67.024,0.750,0.250,5351960,199924,165168,2277864,8596.059,3001.068,1856.661,1596.568,63.022,185.066,5649,7588,1.420,1.580,0.980,2,0,7.002,0,0,18,323,0,35,0
16-01 03:59:05,19.844,2.763,76.612,0.251,0,5370032,181844,165168,2277872,12979.297,7378.848,0,482.278,0,33.157,2293,2059,1.420,1.580,0.980,2,0,0,0,0,18,324,0,35,0
16-01 03:59:06,24.236,6.496,67.460,0.999,0,5369512,182284,165168,2277952,13839.889,5505.773,47.972,3537.927,1.999,228.866,6019,16146,1.550,1.600,0.990,1,0,35.979,0,0,18,324,0,36,0
16-01 03:59:07,14.029,17.035,67.138,0.501,0,5347444,204316,165168,2277988,43105.636,2743.642,0,857.764,0,81.167,6252,5918,1.550,1.600,0.990,2,0,382.787,0,0,18,323,0,32,0
16-01 03:59:08,23.247,27.747,48.994,0,0,5369360,182364,165168,2278024,44422.627,1619.804,511.938,335.959,4.000,27.997,7664,6784,1.550,1.600,0.990,5,0,704.915,0,0,18,323,0,32,0
16-01 03:59:09,22.001,26.001,51.001,0,0,5336224,215436,165168,2278088,10748.312,1620.047,512.015,1024.030,4.000,72.002,7803,7187,1.550,1.600,0.990,2,0,731.021,0,0,18,323,0,32,0
16-01 03:59:10,8.495,23.235,66.958,0.250,0,5335092,216540,165168,2278116,10254.504,1658.949,0,247.843,0,25.984,7179,6338,1.550,1.600,0.990,2,0,596.622,0,0,18,323,0,32,0
16-01 03:59:11,8.747,21.994,67.980,0,0,5319608,231992,165168,2278148,8942.371,1619.524,0,147.957,0,17.995,7026,6134,1.510,1.590,0.990,2,0,595.825,0,0,18,323,0,29,0
16-01 03:59:12,9.253,23.006,66.769,0,0,5305148,246416,165168,2278184,5854.631,1620.451,0,36.010,0,9.003,7111,6216,1.510,1.590,0.990,3,0,598.167,0,0,18,323,0,29,0
16-01 03:59:13,13.665,11.677,71.306,1.739,0,5283604,382464,165172,2175736,8638.211,1609.975,306.094,15.901,29.814,1.988,3697,3258,1.510,1.590,0.990,2,0,131.183,0,0,18,323,0,29,0
16-01 03:59:14,21.029,5.007,69.597,3.255,0,5304964,351196,165212,2185616,8059.276,1622.270,925.295,3020.226,101.142,38.053,2935,2665,1.510,1.590,0.990,2,0,3.004,0,0,18,323,0,29,0
16-01 03:59:15,19.523,2.503,76.591,0.501,0,5300740,353656,165240,2187352,13826.475,5253.259,56.067,1145.365,9.011,42.050,2648,2508,1.510,1.590,0.990,5,0,17.020,0,0,18,324,0,26,0
16-01 03:59:16,14.293,1.505,77.484,6.018,0,5305984,347540,165308,2188144,20243.194,8812.640,682.062,1275.857,42.127,72.218,2607,2846,1.550,1.600,0.990,2,0,1.003,0,0,18,324,0,26,0
16-01 03:59:17,11.195,1.493,80.851,5.224,0,5305424,347092,165404,2189096,22705.933,11003.690,513.466,5763.553,49.754,163.195,2226,2028,1.550,1.600,0.990,2,0,0,0,0,18,324,0,26,0
16-01 03:59:18,16.745,1.500,78.474,2.249,0,5327252,324088,165484,2190192,20687.242,9376.937,911.702,3166.965,45.985,372.878,2688,1951,1.550,1.600,0.990,1,0,0,0,0,18,324,0,26,0
16-01 03:59:19,13.751,1.250,80.507,2.500,0,5325712,324788,165572,2190948,20471.654,10242.828,600.048,1172.095,44.004,41.003,2207,2140,1.550,1.600,0.990,1,1,0,0,0,18,324,0,23,0
16-01 03:59:20,15.843,1.257,80.222,2.263,0,5334152,315212,165660,2191996,18009.041,9503.962,848.999,921.426,46.272,30.178,2089,1881,1.550,1.600,0.990,2,0,0,0,0,18,324,0,23,0
16-01 03:59:21,16.904,2.486,76.319,3.729,0,5357168,258764,165764,2225320,16400.303,6187.030,15297.536,974.492,170.039,35.798,2351,2160,1.500,1.590,0.990,2,0,0.994,0,0,18,324,0,23,0
16-01 03:59:22,23.176,3.489,71.772,0.498,0,5359708,241388,166036,2239780,9676.312,1614.879,0,1610.891,0,47.848,2638,2284,1.500,1.590,0.990,2,0,0,0,0,18,324,0,23,0
16-01 03:59:23,24.603,2.259,71.801,0.251,0,5357008,228104,166036,2255460,6789.431,1626.812,0,1514.341,0,32.135,2624,2292,1.500,1.590,0.990,2,0,1.004,0,0,18,324,0,23,0
16-01 03:59:24,23.510,3.501,71.279,1.000,0,5366772,197120,166332,2276200,9149.706,1512.613,224.091,2969.203,8.003,129.052,3194,3107,1.500,1.590,0.990,2,0,0,0,0,18,324,0,23,0
16-01 03:59:25,24.133,2.986,70.906,0.995,0,5347932,202068,166820,2289304,7494.612,1612.172,0,3025.311,0,202.019,3286,2988,1.500,1.590,0.990,3,0,1.990,0,0,18,324,0,23,0
16-01 03:59:26,23.561,2.506,71.435,0.752,0,5361624,164040,167480,2312632,9226.838,1570.056,0,2414.237,0,95.246,2974,2784,1.460,1.580,0.990,2,0,0,0,0,18,324,0,23,0
16-01 03:59:27,23.531,3.505,71.595,0.751,0,5345824,193408,167680,2298704,7286.703,1796.392,4.005,1137.515,1.001,35.047,2511,2221,1.460,1.580,0.990,2,0,2.003,0,0,18,323,0,22,0
16-01 03:59:28,18.484,3.247,76.935,0.250,0,5378368,160852,167680,2298716,13146.817,3721.834,0,387.670,0,3.997,2374,2055,1.460,1.580,0.990,2,0,32.972,0,0,18,324,0,22,0
16-01 03:59:29,23.480,3.747,71.940,0,0,5372308,160104,167680,2305100,9563.970,1792.495,0,999.161,0,6.994,2538,2082,1.460,1.580,0.990,2,0,2.997,0,0,18,323,0,22,0
16-01 03:59:30,17.769,2.753,77.081,0.250,0,5352060,172980,167992,2311136,16029.890,4729.984,0,1585.671,0,42.044,2543,2408,1.460,1.580,0.990,2,0,18.019,0,0,18,323,0,22,0
16-01 03:59:31,23.606,6.027,68.558,0.251,0,5346252,178152,168008,2311644,8902.996,1627.311,0,1092.910,0,24.108,10934,19393,1.420,1.570,1,2,0,14.063,0,0,18,323,0,21,0
16-01 03:59:32,22.432,7.726,69.289,0,0,5329888,194256,168072,2311808,7347.604,1507.405,0,1335.928,0,10.967,10104,18180,1.420,1.570,1,2,0,19.939,0,0,18,323,0,21,0
16-01 03:59:33,21.747,4.999,71.240,0,0,5277572,260888,168084,2298820,9272.740,1565.787,0,963.869,0,17.998,2709,2219,1.420,1.570,1,2,0,15.998,0,0,18,323,0,21,0
16-01 03:59:34,23.987,6.497,67.215,0.250,0,5301576,236860,168084,2298840,9865.794,1619.146,0,659.652,0,32.983,11861,21047,1.420,1.570,1,2,0,48.974,0,0,18,323,0,21,0
16-01 03:59:35,19.048,3.509,76.693,0.251,0,5317404,221020,168084,2298852,12431.324,3734.410,0,268.677,0,12.030,2317,2021,1.420,1.570,1,4,0,33.083,0,0,18,324,0,21,0
16-01 03:59:36,23.187,2.992,71.556,0.249,0,5314800,216912,168084,2305308,6310.923,1789.159,0,1236.654,0,20.943,2563,2328,1.390,1.560,1,3,0,2.992,0,0,18,323,0,20,0
16-01 03:59:37,19.253,2.750,77.012,0.250,0,5288504,236252,168084,2311276,50610.986,4725.746,0,1340.211,0,44.007,2640,2413,1.390,1.560,1,3,0,17.003,0,0,18,323,0,20,0
16-01 03:59:38,22.241,6.997,68.972,0,0,5315080,209088,168084,2311768,42391.559,1619.334,0,475.804,0,12.995,10731,19017,1.390,1.560,1,2,0,15.993,0,0,18,323,0,20,0
16-01 03:59:39,22.476,6.743,67.928,0.499,0,5314008,209964,168084,2311932,10777.540,1618.279,0,3612.159,0,142.848,11167,19561,1.390,1.560,1,2,0,18.980,0,0,18,323,0,20,0
16-01 03:59:40,22.103,5.023,72.084,0,0,5292644,245628,168104,2298860,9283.054,1627.548,0,936.343,0,22.103,2580,2096,1.390,1.560,1,3,0,21.098,0,0,18,323,0,20,0
16-01 03:59:41,24.379,4.478,70.649,0,0,5293448,244800,168116,2298872,9335.645,1450.796,0,218.913,0,6.965,3447,3003,1.360,1.550,1,2,0,94.531,0,0,18,323,0,20,0
16-01 03:59:42,23.445,3.492,72.331,0,0,5310888,217040,168640,2308364,8819.361,1658.120,0,11.972,0,2.993,2446,2020,1.360,1.550,1,4,0,2.993,0,0,18,323,0,20,0
16-01 03:59:43,17.542,2.005,79.940,0.251,0,5307648,218804,168664,2309528,14936.569,6577.664,4.010,1258.998,1.002,15.036,2126,1919,1.360,1.550,1,1,0,17.041,0,0,18,324,0,20,0
16-01 03:59:44,14.554,1.757,81.553,0.502,0,5319912,206260,168664,2309744,21896.416,11584.072,0,1838.837,0,85.317,2320,2559,1.360,1.550,1,2,0,0,0,0,18,324,0,20,0
16-01 03:59:45,7.506,1.251,89.321,0.500,0,5318704,207092,168664,2310088,51311.720,9162.271,0,1156.918,0,56.044,2086,2493,1.360,1.550,1,3,0,1.001,0,0,18,325,0,20,0
16-01 03:59:46,9.229,1.497,87.799,0.748,0,5321348,204180,168668,2310272,120018.964,7447.932,0,1201.247,0,69.840,2249,2733,1.330,1.540,1,2,0,0.998,0,0,18,325,0,20,0
16-01 03:59:47,16.759,2.251,79.292,0.500,0,5333796,191572,168668,2310428,22756.996,9438.976,0,18593.802,0,281.148,2630,2075,1.330,1.540,1,2,0,0,0,0,18,325,0,20,0
16-01 03:59:48,17.741,2.499,77.712,0.500,0,5337844,187300,168668,2310776,24201.227,11705.306,0,1531.255,0,57.972,3875,5230,1.330,1.540,1,2,0,1.000,0,0,18,325,0,16,0
16-01 03:59:49,15.736,1.748,80.930,0.999,0.250,5343524,180992,168716,2311260,312349.906,17191.080,0,2629.718,0,219.809,3385,2965,1.330,1.540,1,1,0,0,0,0,18,325,0,16,0
16-01 03:59:50,10.495,1.999,84.710,0.750,0,5343760,180236,168792,2311572,99753.555,16120.333,27.987,2522.800,3.998,111.947,2669,2843,1.330,1.540,1,3,0,0,0,0,18,325,0,16,0
16-01 03:59:51,15.235,0.999,81.920,0.250,0,5342752,172200,168792,2320552,287057.256,14985.292,103.898,843.172,5.994,26.974,2149,1936,1.220,1.510,0.990,2,0,0.999,0,0,18,325,0,16,0
16-01 03:59:52,9.822,3.022,84.873,0.756,0,5339328,145560,168840,2350416,15453612.423,80780.968,0,22315.808,0,98.725,6029,3138,1.220,1.510,0.990,3,0,3.022,0,0,18,325,0,12,0
16-01 03:59:53,13.673,2.486,79.303,3.978,0,5337736,134200,168924,2363108,2176767.525,13795.249,163.081,13476.048,3.978,73.585,3020,3107,1.220,1.510,0.990,3,0,1.989,0,0,18,325,0,12,0
16-01 03:59:54,21.025,5.256,70.833,1.251,0,5347916,129504,172476,2351540,8943.485,1621.901,24.028,5718.704,3.004,180.211,3293,3044,1.220,1.510,0.990,3,0,1.001,0,0,18,325,0,12,0
16-01 03:59:55,25.236,2.499,71.209,0.250,0,5351136,138828,173012,2338328,13899.032,1619.072,3.998,1806.964,0.999,47.972,2800,2384,1.220,1.510,0.990,5,0,0,0,0,18,325,0,12,0
16-01 03:59:56,25.125,2.261,71.103,0.251,0.251,5379344,133232,173188,2315752,7161.534,1698.427,0,844.189,0,33.165,2679,2554,1.200,1.510,0.990,1,1,0,0,0,18,325,0,8,0
16-01 03:59:57,22.880,3.482,72.122,0.995,0,5360584,157564,174036,2309512,9705.115,1504.114,0,2506.856,0,105.447,2913,2707,1.200,1.510,0.990,3,0,0,0,0,18,325,0,8,0
16-01 03:59:58,22.480,6.244,69.438,0.749,0,5351992,154820,174956,2318416,10304.807,1618.556,0,78825.678,0,283.747,3344,2533,1.200,1.510,0.990,2,0,0,0,0,18,325,0,8,0
16-01 03:59:59,24.503,2.500,71.259,0.500,0,5369820,138608,176268,2314612,7389.888,1566.188,0,2708.325,0,196.024,2892,2410,1.200,1.510,0.990,2,0,0,0,0,18,325,0,8,0
16-01 04:00:00,24.743,2.999,70.980,0.750,0,5368284,145040,176996,2308648,8452.580,1619.536,0,1975.434,0,70.980,2968,2923,1.200,1.510,0.990,3,0,1.000,0,0,18,325,0,5,0
16-01 04:00:01,22.726,3.496,71.675,0.999,0,5364672,130636,177872,2324212,8433.203,2110.798,0,2677.207,0,98.897,2953,2946,1.190,1.500,0.990,4,0,0.999,0,0,18,326,0,5,0
16-01 04:00:02,20.712,2.246,76.608,0,0,5264276,266348,177872,2288924,12406.028,3710.130,7.985,171.682,1.996,7.985,2144,1803,1.190,1.500,0.990,2,0,1.996,0,0,18,323,0,5,0
16-01 04:00:03,18.495,4.249,76.480,0,0,5316796,213764,177900,2288952,14360.288,3790.020,0,803.792,0,14.996,2529,2218,1.190,1.500,0.990,2,0,33.991,0,0,18,324,0,5,0
16-01 04:00:04,23.799,3.257,71.145,0.251,0,5312112,211624,177900,2295400,6286.844,1797.673,16.033,2036.160,1.002,41.084,2796,2630,1.190,1.500,0.990,2,0,3.006,0,0,18,323,0,2,0
16-01 04:00:05,18.063,2.760,77.519,0.502,0,5317040,199480,178040,2301396,17649.321,4699.327,4.014,1248.337,1.003,26.091,2361,2089,1.190,1.500,0.990,4,0,17.059,0,0,18,323,0,2,0
16-01 04:00:06,26.699,9.731,61.382,0.499,0,5321916,194080,178084,2301772,6800.888,1616.883,39.923,91.823,5.988,6.987,11600,28127,1.170,1.490,0.990,2,0,50.902,0,0,18,323,0,3,0
16-01 04:00:07,24.268,5.504,68.552,0,0,5340148,175472,178148,2302036,41024.252,1567.194,0,2353.793,0,10.008,10049,18192,1.170,1.490,0.990,2,0,13.010,0,0,18,323,0,3,0
16-01 04:00:08,34.019,11.006,54.031,0,0,5373916,141568,178180,2302108,46662.422,1620.918,512.290,596.338,4.002,29.016,3553,2601,1.170,1.490,0.990,4,0,13.007,0,0,18,323,0,1,0
16-01 04:00:09,37.544,8.510,52.811,0.501,0,5351324,177880,178224,2289648,9797.368,1621.882,740.860,332.386,7.008,14.016,3586,2394,1.170,1.490,0.990,3,0,12.014,0,0,18,323,0,1,0
16-01 04:00:10,22.305,4.762,70.424,1.002,0,5362964,163088,178616,2292392,8393.739,1718.245,437.080,2947.282,13.032,49.121,3522,3980,1.170,1.490,0.990,2,0,2.005,0,0,18,324,0,1,0
16-01 04:00:11,25.627,5.971,65.436,1.742,0,5350232,174640,178616,2293556,7996.635,1612.265,955.416,2543.796,56.728,336.386,8447,12285,1.160,1.480,0.990,2,0,0.995,0,0,18,325,0,5,0
16-01 04:00:12,10.046,19.338,68.562,0.502,0,5276232,248440,178616,2293756,9731.230,1518.904,132.603,2957.442,2.009,181.826,6488,5933,1.160,1.480,0.990,2,0,402.831,0,0,18,325,0,5,0
16-01 04:00:13,13.763,5.756,69.818,9.509,0,5268912,244668,178620,2304844,8143.908,1621.575,11066.747,11010.692,536.521,54.052,4158,3744,1.160,1.480,0.990,0,0,49.048,0,0,18,325,0,7,0
16-01 04:00:14,3.971,2.978,85.366,6.204,0,5264020,241644,179012,2312368,9785.322,3284.604,7881.462,3966.539,1649.747,153.857,3837,5713,1.160,1.480,0.990,1,0,5.956,0,0,18,326,0,7,0
16-01 04:00:15,3.506,1.753,92.154,1.753,0,5256388,249204,179012,2312440,43854.154,4306.183,68.114,2548.251,2.003,395.660,2458,2500,1.160,1.480,0.990,2,0,1.002,0,0,18,326,0,7,0
16-01 04:00:16,2.499,1.500,93.728,0.500,0,5244444,259936,179284,2313268,151042.254,3071.273,91.978,331.921,1.000,23.994,1832,2516,1.070,1.450,0.990,1,0,2.999,0,0,18,326,0,7,0
16-01 04:00:17,8.250,2.000,87.250,0.750,0,5218544,283220,179544,2315520,140761.678,130971.700,455.999,475.999,19.000,4.000,2002,1991,1.070,1.450,0.990,1,0,10.000,0,0,18,325,0,7,0
16-01 04:00:18,2.252,2.502,93.569,0.751,0,5226220,276028,179544,2315396,9240.768,1621.187,0,15275.188,0,331.243,1962,1798,1.070,1.450,0.990,1,0,0,0,0,18,325,0,7,0
16-01 04:00:19,1.752,0.751,96.339,0.250,0,5226220,276028,179544,2315396,7531.951,1621.496,0,172.159,0,7.006,1316,1812,1.070,1.450,0.990,1,0,0,0,0,18,325,0,7,0
16-01 04:00:20,2.248,0.749,96.416,0,0,5226216,276028,179544,2315400,9045.085,1510.678,0,63.944,0,5.995,1169,1606,1.070,1.450,0.990,1,0,0,0,0,18,325,0,7,0
16-01 04:00:21,2.249,1.000,95.468,0.250,0,5226216,276028,179544,2315400,7593.493,1619.465,15.995,247.918,1.000,33.989,1504,2113,0.980,1.430,0.980,1,0,0,0,0,18,325,0,7,0
16-01 04:00:22,1.502,0.751,96.359,0.501,0,5226196,276028,179544,2315420,5747.474,1621.827,0,320.361,0,19.021,1220,1720,0.980,1.430,0.980,1,0,0,0,0,18,325,0,7,0
16-01 04:00:23,1.749,0.750,96.458,0,0,5226196,276028,179544,2315420,5692.506,1565.314,0,31.986,0,3.998,1246,1717,0.980,1.430,0.980,1,0,1.000,0,0,18,325,0,7,0
16-01 04:00:24,1.749,0.500,96.696,0,0,5226196,276028,179544,2315420,9054.951,1619.097,0,0,0,0,1206,1623,0.980,1.430,0.980,1,0,0,0,0,18,325,0,7,0
16-01 04:00:25,2.251,1.251,95.794,0,0,5226196,276028,179544,2315420,9127.157,1620.738,0,156.071,0,24.011,1464,1889,0.980,1.430,0.980,1,0,0,0,0,18,325,0,7,0
16-01 04:00:26,1.747,0.749,95.356,0,0,5226192,276028,179544,2315424,8778.725,1617.554,0,327.505,0,26.959,1498,2113,0.900,1.410,0.980,1,0,0,0,0,18,325,0,7,0
16-01 04:00:27,2.248,0.749,96.165,0,0,5226192,276028,179544,2315424,7047.795,1510.670,0,35.968,0,3.996,1261,1704,0.900,1.410,0.980,1,0,0,0,0,18,325,0,7,0
16-01 04:00:28,1.753,3.756,93.139,0.250,0,5212964,289256,179544,2315424,9317.953,1622.430,0,100682.768,0,503.754,2846,2563,0.900,1.410,0.980,1,0,0,0,0,18,325,0,7,0
16-01 04:00:29,1.500,0.750,96.478,0,0,5213044,289172,179544,2315424,8999.941,1619.629,0,15.996,0,1.000,1199,1604,0.900,1.410,0.980,1,0,0,0,0,18,325,0,7,0
16-01 04:00:30,2.502,0.750,95.310,0.500,0,5212072,290140,179544,2315428,6480.074,1621.019,0,2733.719,0,168.106,1646,2164,0.900,1.410,0.980,1,0,1.001,0,0,18,325,0,7,0
16-01 04:00:31,2.002,1.001,95.575,0.250,0,5212068,290140,179544,2315432,8962.079,1567.238,0,196.155,0,25.020,1568,2286,0.990,1.420,0.980,1,0,1.001,0,0,18,325,0,7,0
16-01 04:00:32,2.248,0.749,96.409,0,0,5212052,290140,179544,2315448,7826.599,1618.470,0,107.898,0,7.992,1228,1737,0.990,1.420,0.980,2,0,0,0,0,18,325,0,7,0
16-01 04:00:33,1.758,2.762,94.410,0,0,5211728,290464,179544,2315448,5857.457,1627.071,0,64010.191,0,201.877,1935,2025,0.990,1.420,0.980,0,0,1.004,0,0,18,325,0,7,0
16-01 04:00:34,1.992,1.494,95.107,0,0,5212716,289480,179544,2315448,10740.614,1613.333,0,1238.880,0,18.922,1517,1916,0.990,1.420,0.980,1,0,5.975,0,0,18,325,0,7,0
16-01 04:00:35,2.500,0.750,95.767,0,0,5212716,289480,179544,2315448,8763.562,1512.269,0,108.019,0,13.002,1303,1765,0.990,1.420,0.980,1,0,0,0,0,18,325,0,7,0
16-01 04:00:36,1.745,0.498,95.953,0.249,0,5212716,289480,179544,2315448,10467.567,1614.996,0,215.333,0,16.947,1368,1929,0.910,1.390,0.980,2,0,0,0,0,18,325,0,7,0
16-01 04:00:37,1.755,0.501,97.012,0,0.251,5212716,289480,179544,2315448,42312.280,1624.387,0,36.097,0,5.014,1249,1622,0.910,1.390,0.980,1,0,0,0,0,18,325,0,7,0
16-01 04:00:38,1.749,1.000,96.463,0,0,5212712,289480,179544,2315452,40862.236,1619.375,0,0,0,0,1306,1702,0.910,1.390,0.980,1,0,1.999,0,0,18,325,0,7,0
16-01 04:00:39,1.498,0.749,96.858,0,0,5212712,289480,179544,2315452,8470.572,1563.706,0,0,0,0,1207,1648,0.910,1.390,0.980,2,0,0,0,0,18,325,0,7,0
16-01 04:00:40,1.748,0.500,95.911,0,0,5212712,289480,179544,2315452,8066.513,1618.498,0,75.930,0,6.994,1169,1694,0.910,1.390,0.980,1,0,0,0,0,18,325,0,7,0
16-01 04:00:41,2.750,1.250,94.996,0.250,0,5212676,289480,179544,2315488,6178.736,1619.931,31.999,623.973,1.000,114.995,1721,2101,0.840,1.370,0.970,1,0,0,0,0,18,325,0,7,0
16-01 04:00:42,2.258,0.753,96.103,0.251,0,5212676,289480,179544,2315488,8879.643,1517.579,0,289.063,0,19.070,1454,1990,0.840,1.370,0.970,2,0,0,0,0,18,325,0,7,0
16-01 04:00:43,1.500,1.000,96.259,0,0,5212672,289480,179544,2315492,7128.650,1620.148,0,52.005,0,6.001,1293,1735,0.840,1.370,0.970,1,0,1.000,0,0,18,325,0,7,0
16-01 04:00:44,1.999,1.249,95.951,0,0,5205072,297072,179548,2315492,12724.537,1619.178,0,2578.690,0,11.994,1286,1602,0.840,1.370,0.970,1,0,0,0,0,18,325,0,7,0
16-01 04:00:45,2.759,1.003,94.824,0,0,5205324,296820,179548,2315492,8826.134,1625.550,0,505.727,0,33.113,1723,2315,0.840,1.370,0.970,1,1,1.003,0,0,18,325,0,7,0
16-01 04:00:46,1.992,0.249,95.389,0.498,0,5205316,296820,179548,2315500,5606.753,1613.884,0,127.517,0,21.917,1595,2396,0.770,1.350,0.970,2,0,0.996,0,0,18,325,0,7,0
16-01 04:00:47,1.998,0.999,96.644,0,0,5205316,296820,179548,2315500,9928.075,970.932,0,3.996,0,0.999,1177,1642,0.770,1.350,0.970,1,0,0,0,0,18,325,0,7,0
16-01 04:00:48,12.259,3.753,82.308,0.250,0.250,5241388,260728,179572,2315496,424432.903,12674.926,4.003,360.254,1.001,19.013,3084,2816,0.770,1.350,0.970,3,0,25.018,0,0,18,325,0,7,0
16-01 04:00:49,14.545,5.015,77.739,1.003,0,5243328,258664,179584,2315608,304060.230,12901.640,112.345,6612.316,6.018,82.253,3471,2763,0.770,1.350,0.970,1,1,29.089,0,0,18,325,0,7,0
