"pcp-dstat 6.2.0 CSV Output"
"Author:","PCP team <pcp@groups.io> and Dag Wieers <dag@wieers.com>",,,,"URL:","https://pcp.io/ and http://dag.wieers.com/home-made/dstat/"
"Host:","ubuntu",,,,"User:","ubuntu"
"Cmdline:","dstat -tcmndrylpg --tcp --output /tmp/devstack_logs/dstat-csv.log",,,,"Date:","19 Jan 2026 14:17:34 UTC"
"system","total usage",,,,,"memory usage",,,,"net/total",,"dsk/total",,"io/total",,"system",,"load avg",,,"procs",,,"paging",,"tcp sockets",,,,
"time","total usage:usr","total usage:sys","total usage:idl","total usage:wai","total usage:stl","used","free","buf","cach","net/total:recv","net/total:send","dsk/total:read","dsk/total:writ","read","writ","int","csw","1m","5m","15m","run","blk","new","in","out","lis","act","syn","tim","clo"
19-01 14:17:34,,1006576,1698568,160064,4956252,,,,,,,1.180,0.930,0.550,1,0,,,,10,5,1,17,1
19-01 14:17:35,22.994,20.245,54.486,0.500,0,1034732,1670068,160104,4956492,23247.844,9506.483,0,2211.414,0,88.976,6904,5914,1.180,0.930,0.550,1,0,532.859,0,0,10,5,1,17,1
19-01 14:17:36,25.503,17.752,56.508,0.250,0,1034892,1669372,160172,4956860,44343.895,12087.607,0,1864.248,0,64.009,6629,6423,1.570,1.020,0.580,2,0,314.042,0,0,10,5,1,17,1
19-01 14:17:37,31.428,15.215,51.631,0.249,0,1029836,1673900,160228,4957548,20997.661,11096.454,0,6576.859,0,179.587,6712,7313,1.570,1.020,0.580,3,0,263.394,0,0,10,4,1,17,2
19-01 14:17:38,18.253,4.751,75.263,0.750,0,1161116,1517648,160424,5104656,192054.515,8622.505,0,2360.412,0,69.012,3360,3226,1.570,1.020,0.580,1,0,16.003,0,0,11,4,1,17,2
19-01 14:17:39,40.490,9.998,48.738,0.500,0,1174192,1485356,161336,5120584,7332.182,1693.580,15.996,1823.548,1.000,52.987,4067,2641,1.570,1.020,0.580,2,0,114.971,0,0,11,6,1,17,2
19-01 14:17:40,40.502,11.000,48.002,0.750,0,1225424,1420220,161680,5132332,9021.352,1620.063,32.001,1712.067,2.000,39.002,4475,3095,1.570,1.020,0.580,2,0,170.007,0,0,11,6,1,19,2
19-01 14:17:41,43.738,5.998,48.486,0.750,0,1273744,1345052,162616,5155692,8130.697,1619.541,0,4410.751,0,120.966,3526,2290,1.600,1.030,0.590,2,0,0,0,0,11,6,1,19,2
19-01 14:17:42,39.793,6.257,46.550,6.006,0,1282928,1301920,164272,5184832,5997.451,1695.824,0,21595.229,0,1621.744,11072,14644,1.600,1.030,0.590,3,0,28.030,0,0,11,8,1,19,2
19-01 14:17:43,34.215,8.741,40.209,15.234,0,1288916,1277364,165780,5199888,9721.970,1618.330,0,114933.421,0,4746.103,22692,31441,1.600,1.030,0.590,2,0,53.944,0,0,11,8,1,19,2
19-01 14:17:44,38.075,7.264,53.104,0.501,0,1222856,1359564,165912,5183568,14513.507,4416.675,0,2076.078,0,131.258,3904,2613,1.600,1.030,0.590,2,0,76.150,0,0,11,4,1,19,0
19-01 14:17:45,42.906,5.488,50.889,0,0,1286188,1296332,165924,5183512,11141.670,2969.516,0,1253.263,0,49.891,3144,1887,1.600,1.030,0.590,1,0,34.924,0,0,11,5,1,19,0
19-01 14:17:46,46.376,7.771,43.869,1.253,0,1261300,1313508,166384,5190056,10317.084,2708.372,0,9642.247,0,493.343,5111,15795,1.630,1.050,0.590,2,0,48.131,0,0,11,4,1,20,0
19-01 14:17:47,39.151,4.987,55.609,0.249,0,1303424,1270164,166392,5191248,14395.620,4365.966,0,630.407,0,22.942,2727,1546,1.630,1.050,0.590,2,0,16.957,0,0,11,5,1,19,0
19-01 14:17:48,41.578,14.026,42.079,1.002,0,1220824,1345656,166996,5196292,8960.909,1743.290,0,86423.079,0,438.828,13115,19752,1.630,1.050,0.590,3,0,177.335,0,0,11,4,1,19,0
19-01 14:17:49,30.523,25.519,42.532,0,0,1226724,1339168,167104,5196692,7921.033,1621.235,0,212.162,0,13.010,13922,21043,1.630,1.050,0.590,3,0,532.406,0,0,11,4,1,19,0
19-01 14:17:50,40.910,18.210,39.912,0.249,0,1160632,1419640,167120,5184280,8189.028,1616.452,0,2662.157,0,42.906,5697,7152,1.630,1.050,0.590,4,0,231.492,0,0,11,4,1,19,0
19-01 14:17:51,65.706,10.493,23.484,0,0,1238680,1341560,167124,5184300,9357.678,1618.906,0,51.965,0,4.997,4118,2096,1.740,1.080,0.610,3,0,144.902,0,0,11,5,1,19,0
19-01 14:17:52,45.251,5.250,49.001,0,0,1277540,1302248,167128,5184748,8686.121,1620.023,0,216.003,0,4.000,2643,1204,1.740,1.080,0.610,3,0,0,0,0,11,5,1,19,0
19-01 14:17:53,39.598,8.772,50.124,0,0,1302780,1274472,167196,5187152,9189.744,1624.019,0,3981.855,0,260.645,4604,4673,1.740,1.080,0.610,1,0,73.181,0,0,11,4,1,19,0
19-01 14:17:54,20.713,6.488,72.121,0.250,0,1338904,1238320,167204,5187176,8612.549,1690.966,0,455.183,0,24.955,2615,2177,1.740,1.080,0.610,1,0,67.878,0,0,11,4,1,19,0
19-01 14:17:55,22.989,2.749,73.716,0,0,1372920,1204300,167204,5187180,8981.834,1619.249,0,0,0,0,1839,1329,1.740,1.080,0.610,1,0,1.000,0,0,11,4,1,13,0
19-01 14:17:56,23.988,1.499,71.963,0.999,0,1384360,1192560,167268,5187416,7398.245,1565.206,0,1395.292,0,193.902,3713,4665,1.600,1.060,0.600,1,0,0.999,0,0,11,4,1,15,0
19-01 14:17:57,19.262,6.754,72.794,1.251,0,1320416,1256064,167564,5187524,6379.897,1512.924,372.227,2577.575,20.012,147.090,2801,2305,1.600,1.060,0.600,2,0,42.026,0,0,11,4,1,15,0
19-01 14:17:58,19.474,1.498,77.395,0,0,1339348,1236912,167568,5187712,36409.699,4003.579,0,1330.199,0,15.978,2049,1661,1.600,1.060,0.600,1,1,0.999,0,0,11,11,1,15,0
19-01 14:17:59,16.252,3.000,74.761,5.001,0,1354256,1221540,167612,5188076,53005.533,6447.916,268.038,1080.154,66.009,28.004,2519,2347,1.600,1.060,0.600,2,0,2.000,0,0,11,29,1,15,0
19-01 14:18:00,20.269,5.755,73.320,0,0,1380532,1195252,167612,5188084,11905.362,2544.428,0,0,0,0,2335,1647,1.600,1.060,0.600,2,0,43.041,0,0,11,28,1,16,0
19-01 14:18:01,16.994,1.999,79.724,0,0,1400212,1175564,167612,5188092,16364.645,7547.530,0,427.860,0,3.999,1811,1447,1.560,1.060,0.610,0,0,0,0,0,11,29,1,16,0
19-01 14:18:02,30.258,11.253,57.765,0,0,1390924,1184828,167612,5188116,9438.385,2712.686,0,12.003,0,3.001,3730,2649,1.560,1.060,0.610,2,0,156.039,0,0,11,28,1,17,0
19-01 14:18:03,37.331,4.510,58.126,0.251,0.251,1437552,1138188,167612,5188124,17246.482,9548.752,0,2268.931,0,14.030,3185,2270,1.560,1.060,0.610,2,0,0,0,0,11,30,1,17,0
19-01 14:18:04,34.257,11.752,52.011,0.250,0,1384412,1191120,167616,5188328,19618.166,12521.659,0,340.072,0,34.007,6627,8298,1.560,1.060,0.610,5,0,269.057,0,0,11,28,1,18,0
19-01 14:18:05,75.527,24.759,0.250,0,0,1563368,1012148,167616,5188344,5760.047,1620.576,0,24.009,0,6.002,5112,3847,1.560,1.060,0.610,6,0,310.110,0,0,11,28,1,18,0
19-01 14:18:06,86.495,8.999,4.500,0,0,1735368,840112,167616,5188372,25400.385,23092.532,0,0,0,0,5565,4201,1.830,1.130,0.630,2,0,0,0,0,11,34,1,18,0
19-01 14:18:07,80.301,10.225,8.479,0,0,1664668,910520,167640,5188640,38702.113,25342.213,0,833.934,0,73.817,8145,12857,1.830,1.130,0.630,3,0,154.617,0,0,11,28,1,24,0
19-01 14:18:08,23.744,7.998,68.231,0,0,1563648,1011532,167640,5188648,5688.452,1619.559,0,199.946,0,9.997,2688,2173,1.830,1.130,0.630,1,0,154.958,0,0,11,28,1,22,0
19-01 14:18:09,14.522,2.003,82.126,0,0,1555672,1019492,167644,5188660,14870.741,7640.684,0,152.233,0,11.017,2489,2762,1.830,1.130,0.630,1,0,0,0,0,11,29,1,22,0
19-01 14:18:10,19.520,6.757,72.823,0.250,0,1489572,1085576,167652,5188668,9882.957,2643.663,0,728.734,0,53.053,2933,2452,1.830,1.130,0.630,1,0,68.069,0,0,11,28,1,23,0
19-01 14:18:11,17.461,2.744,78.574,0,0,1516336,1058808,167652,5188672,13708.217,6097.308,0,0,0,0,2215,2037,1.920,1.160,0.640,3,0,0,0,0,11,29,1,23,0
19-01 14:18:12,12.021,13.774,73.879,0.250,0,1477864,1097240,167664,5188700,10911.985,4056.057,0,901.569,0,61.106,5010,4521,1.920,1.160,0.640,1,0,293.511,0,0,11,28,1,24,0
19-01 14:18:13,35.014,30.512,33.513,0,0,1472160,1102948,167664,5188696,5752.260,1620.637,0,2965.165,0,110.043,6454,5647,1.920,1.160,0.640,5,0,745.293,0,0,11,28,1,24,0
19-01 14:18:14,83.466,10.995,5.248,0,0,1660492,914552,167664,5188744,15163.769,7911.749,0,11547.255,0,51.979,4943,2344,1.920,1.160,0.640,3,0,0,0,0,11,31,1,24,0
19-01 14:18:15,71.243,8.499,19.748,0,0,1680776,893916,167664,5189096,48969.512,39105.416,0,107.990,0,12.999,8190,12935,1.920,1.160,0.640,3,0,1.000,0,0,11,32,1,24,0
19-01 14:18:16,77.316,20.768,2.002,0,0,1544132,1030532,167728,5189060,13662.609,7261.170,0,4964.218,0,245.208,7546,8569,2.170,1.220,0.670,6,0,310.264,0,0,11,28,1,25,0
19-01 14:18:17,87.256,11.751,0.500,0,0,1696884,877684,167732,5189152,17707.156,9860.644,0,536.035,0,13.001,5205,2983,2.170,1.220,0.670,5,0,0,0,0,11,31,1,25,0
19-01 14:18:18,82.563,8.730,8.730,0,0,1755472,818992,167740,5189244,45643.647,37568.931,0,1416.792,0,72.835,8090,11653,2.170,1.220,0.670,4,0,0,0,0,11,33,1,26,0
19-01 14:18:19,60.856,16.278,21.788,0,0.250,1583260,991184,167744,5189436,30062.405,20119.072,0,6110.652,0,501.875,8210,10591,2.170,1.220,0.670,2,0,298.520,0,0,11,28,1,30,0
19-01 14:18:20,39.158,4.490,55.869,0,0,1573972,1000400,167744,5189496,11887.220,6035.894,0,151.646,0,7.981,2604,1223,2.170,1.220,0.670,0,0,0,0,0,11,30,1,30,0
19-01 14:18:21,35.601,5.516,57.664,0.251,0,1545680,1028584,167748,5189600,21419.891,15618.399,0,288.821,0,28.080,5828,7408,2.080,1.220,0.670,2,0,67.191,0,0,11,28,1,32,0
19-01 14:18:22,57.475,19.491,23.490,0,0,1544032,1030212,167752,5189616,9046.019,1619.287,0,271.880,0,16.993,4757,3061,2.080,1.220,0.670,3,0,310.863,0,0,11,28,1,32,0
19-01 14:18:23,48.518,5.502,45.016,0,0,1586480,987580,167756,5189796,27655.005,21172.659,0,136.049,0,8.003,4849,6003,2.080,1.220,0.670,1,0,0,0,0,11,31,1,32,0
19-01 14:18:24,60.319,18.195,19.940,0.249,0,1496432,1077440,167776,5189964,18250.306,10356.961,0,1032.904,0,74.776,6839,7528,2.080,1.220,0.670,4,0,257.229,0,0,11,28,1,31,0
19-01 14:18:25,72.222,7.523,20.313,0,0,1625028,948812,167776,5189996,25223.649,17092.618,0,0,0,0,4978,3330,2.080,1.220,0.670,5,0,1.003,0,0,11,32,1,31,0
19-01 14:18:26,63.003,10.250,25.501,0.250,0,1605652,967940,167792,5190224,34249.554,26492.202,0,520.024,0,50.002,9460,13194,2.070,1.230,0.680,8,0,153.007,0,0,11,28,1,34,0
19-01 14:18:27,64.996,15.499,19.999,0.250,0,1536688,1036896,167792,5190232,10037.369,1619.898,0,231.985,0,13.999,4294,2469,2.070,1.230,0.680,4,0,170.989,0,0,11,28,1,34,0
19-01 14:18:28,46.388,5.237,46.638,0,0,1571664,1001884,167792,5190268,49194.670,21387.556,0,139.664,0,8.978,4876,5410,2.070,1.230,0.680,5,0,0,0,0,11,31,1,31,0
19-01 14:18:29,58.632,18.041,23.553,0,0,1494924,1078576,167800,5190308,64069.418,10847.451,0,1571.542,0,40.090,6631,7137,2.070,1.230,0.680,3,0,299.675,0,0,11,28,1,33,0
19-01 14:18:30,54.338,5.484,38.884,0,0,1596344,976984,167808,5190472,23679.328,13325.230,0,203.393,0,9.970,4001,2591,2.070,1.230,0.680,3,0,0,0,0,11,31,1,33,0
19-01 14:18:31,51.360,16.786,31.317,0,0,1482912,1090108,167808,5190780,23975.268,17844.158,0,252.540,0,22.047,7219,9156,1.980,1.230,0.680,4,0,287.615,0,0,11,28,1,36,0
19-01 14:18:32,61.381,7.486,30.441,0,0,1588908,984092,167808,5190800,13035.815,6235.952,0,187.637,0,7.985,3591,1512,1.980,1.230,0.680,0,0,0,0,0,11,31,1,33,0
19-01 14:18:33,50.140,4.513,45.376,0.251,0,1580672,992136,167808,5190992,31332.301,22634.065,0,300.838,0,31.087,6213,8470,1.980,1.230,0.680,3,0,0,0,0,11,28,1,35,0
19-01 14:18:34,61.350,14.714,22.944,0,0,1498444,1074296,167808,5191000,9123.635,1755.696,0,2769.212,0,92.773,4541,2315,1.980,1.230,0.680,4,0,117.711,0,0,11,28,1,35,0
19-01 14:18:35,46.869,5.013,47.370,0,0,1549456,1023220,167808,5191048,28270.862,21289.115,0,204.520,0,12.031,5419,5753,1.980,1.230,0.680,2,0,1.003,0,0,11,31,1,35,0
19-01 14:18:36,58.998,24.249,15.750,0.500,0,1486392,1086252,167836,5191052,13567.591,7659.769,0,1523.954,0,115.997,6954,7707,2.150,1.280,0.700,7,0,501.985,0,0,11,28,1,37,0
19-01 14:18:37,81.244,18.999,0,0,0,1657200,915372,167836,5191124,5831.592,1639.885,0,11.999,0,3.000,5421,4317,2.150,1.280,0.700,7,0,391.973,0,0,11,28,1,37,0
19-01 14:18:38,79.370,16.972,3.494,0,0,1754476,817840,167844,5191352,43625.741,35910.344,0,239.609,0,14.976,7323,7611,2.150,1.280,0.700,7,0,429.299,0,0,11,34,1,37,0
19-01 14:18:39,77.173,20.729,1.748,0,0,1690964,881136,167864,5191548,39514.369,30972.936,0,647.351,0,55.944,8544,11273,2.150,1.280,0.700,6,0,466.532,0,0,11,28,1,38,0
19-01 14:18:40,85.281,14.755,0,0,0,1629220,942812,167864,5191616,10500.783,3591.294,0,1568.565,0,120.043,5312,2599,2.150,1.280,0.700,4,0,63.023,0,0,11,29,1,36,0
19-01 14:18:41,77.912,7.766,14.280,0,0,1679912,891928,167864,5191808,38311.799,33510.799,0,116.242,0,8.017,7122,9226,2.130,1.290,0.700,4,0,0,0,0,11,33,1,36,0
19-01 14:18:42,53.255,20.752,24.502,0,0,1486412,1085352,167864,5191900,33680.297,24599.408,0,20.002,0,5.000,8771,12358,2.130,1.290,0.700,2,0,585.057,0,0,11,28,1,41,0
19-01 14:18:43,34.000,35.000,30.500,0,0,1517972,1053776,167864,5191916,6868.956,1619.990,0,48.000,0,12.000,6652,6074,2.130,1.290,0.700,5,0,914.994,0,0,11,28,1,41,0
19-01 14:18:44,75.732,10.997,13.247,0,0,1601964,969740,167864,5191960,14910.454,11417.284,0,159.962,0,2.000,4729,2956,2.130,1.290,0.700,3,0,101.976,0,0,11,31,1,41,0
19-01 14:18:45,61.988,10.498,26.495,0,0,1566800,1004688,167876,5192164,28550.354,23595.333,0,651.871,0,56.989,7369,10202,2.130,1.290,0.700,3,0,124.975,0,0,11,29,1,44,0
19-01 14:18:46,78.143,17.975,3.246,0,0,1564852,1006616,167876,5192184,10728.325,2864.082,0,231.683,0,20.971,5313,3503,2.280,1.330,0.720,5,0,149.795,0,0,11,28,1,45,0
19-01 14:18:47,69.622,8.765,21.538,0,0,1649548,921868,167880,5192232,31101.679,24108.384,0,152.268,0,9.016,5953,12985,2.280,1.330,0.720,4,0,30.053,0,0,11,32,1,46,0
19-01 14:18:48,53.152,5.989,39.677,0,0,1649140,921868,167888,5192632,49031.663,38436.184,0,215.603,0,15.971,11895,19011,2.280,1.330,0.720,5,0,0,0,0,11,31,1,46,0
19-01 14:18:49,71.652,16.285,11.775,0,0,1484148,1086796,167908,5192676,25534.138,15927.770,0,456.969,0,48.102,7613,9677,2.280,1.330,0.720,5,0,120.255,0,0,11,28,1,45,0
19-01 14:18:50,74.369,8.984,15.722,0,0,1598900,972020,167908,5192716,20922.158,12970.161,0,439.227,0,46.917,4786,3323,2.280,1.330,0.720,4,0,0,0,0,11,32,1,45,0
19-01 14:18:51,54.170,6.241,37.944,0,0,1610504,960176,167912,5192956,43949.150,37393.823,0,2420.428,0,115.829,11127,16434,2.340,1.360,0.730,2,0,0,0,0,11,32,1,45,0
19-01 14:18:52,62.618,11.772,25.798,0.250,0,1526624,1043832,167912,5193180,38643.574,30868.973,0,108.203,0,8.015,9350,14222,2.340,1.360,0.730,5,0,179.337,0,0,11,28,1,49,0
19-01 14:18:53,79.109,15.521,5.007,0,0,1578572,991852,167912,5193212,12552.263,5476.532,0,148.204,0,10.014,4886,2492,2.340,1.360,0.730,4,0,81.112,0,0,11,29,1,49,0
19-01 14:18:54,59.972,6.747,31.985,0,0,1624720,945496,167916,5193416,40795.727,31942.909,0,115.945,0,7.996,6582,10604,2.340,1.360,0.730,2,0,0,0,0,11,32,1,49,0
19-01 14:18:55,71.282,13.506,15.007,0.250,0,1547036,1023072,167956,5193484,26858.875,19707.713,0,432.191,0,41.018,8424,11430,2.340,1.360,0.730,4,0,99.044,0,0,11,28,1,51,0
19-01 14:18:56,75.502,10.000,14.500,0,0,1590436,979520,167960,5193632,18800.395,12023.253,0,144.003,0,10.000,4670,2630,2.390,1.390,0.750,2,0,30.001,0,0,11,31,1,51,0
19-01 14:18:57,65.414,12.983,20.223,0,0,1620108,949796,167980,5193680,25591.430,18351.927,0,291.617,0,33.955,5628,7746,2.390,1.390,0.750,4,0,119.843,0,0,11,30,1,51,0
19-01 14:18:58,65.550,9.757,24.519,0,0,1649584,920096,167988,5193860,56239.065,28670.955,0,272.208,0,21.016,6387,10418,2.390,1.390,0.750,4,0,54.041,0,0,11,33,1,52,0
19-01 14:18:59,74.035,12.006,13.506,0.250,0,1621712,947924,167996,5193896,73815.934,18637.820,0,152.072,0,9.004,6154,7805,2.390,1.390,0.750,4,0,90.043,0,0,11,30,1,55,0
19-01 14:19:00,73.254,12.751,13.251,0,0,1594524,974960,167996,5194064,21060.031,12930.633,0,1672.082,0,23.001,5013,4007,2.390,1.390,0.750,4,0,88.004,0,0,11,34,1,55,0
19-01 14:19:01,71.986,11.498,16.247,0,0,1550620,1018812,168004,5194116,24955.139,17878.518,0,123.976,0,7.998,5660,6342,2.440,1.410,0.760,3,0,67.987,0,0,11,34,1,56,0
19-01 14:19:02,65.054,10.718,23.430,0,0,1563660,1005692,168012,5194188,25284.964,18411.633,0,342.969,0,35.892,5583,6955,2.440,1.410,0.760,1,0,137.586,0,0,11,34,1,58,0
19-01 14:19:03,53.615,9.771,36.078,0.251,0,1558332,1011000,168020,5194200,17587.850,9614.692,0,380.820,0,35.075,4494,3954,2.440,1.410,0.760,3,0,90.194,0,0,11,33,1,60,0
19-01 14:19:04,54.148,8.734,37.180,0.250,0,1578096,991180,168032,5194244,21232.178,13094.441,0,211.603,0,16.968,4317,4594,2.440,1.410,0.760,3,0,29.944,0,0,11,33,1,61,0
19-01 14:19:05,51.142,10.028,37.604,0,0,1530876,1038084,168036,5194556,23632.506,16015.392,0,200.556,0,12.033,6447,6902,2.440,1.410,0.760,3,0,102.284,0,0,11,33,1,60,0
19-01 14:19:06,54.941,10.489,33.964,0,0,1529068,1039864,168036,5194584,17719.099,10402.903,0,3080.714,0,132.858,5240,4258,2.490,1.440,0.770,2,0,80.914,0,0,11,33,1,61,0
19-01 14:19:07,44.798,7.508,46.550,0.501,0,1528472,1040244,168044,5194792,22797.571,17484.845,0,1105.191,0,147.159,5759,6890,2.490,1.440,0.770,2,0,88.095,0,0,11,34,1,62,0
19-01 14:19:08,31.998,7.250,59.746,0,0,1493180,1075476,168068,5194828,19825.777,12362.237,0,319.980,0,33.998,5138,6492,2.490,1.440,0.770,2,0,66.996,0,0,11,32,1,64,0
19-01 14:19:09,37.490,8.248,52.986,0,0,1479968,1088680,168068,5194836,10966.154,3973.968,0,147.962,0,10.997,3269,2180,2.490,1.440,0.770,2,0,67.982,0,0,11,33,1,58,0
19-01 14:19:10,35.157,4.737,59.343,0,0,1470524,1098104,168068,5194856,20090.720,13451.327,0,175.534,0,11.968,4043,3947,2.490,1.440,0.770,1,0,33.910,0,0,11,33,1,59,0
19-01 14:19:11,39.255,10.501,49.507,0.250,0,1514396,1054040,168072,5195044,13330.844,5271.729,0,240.033,0,18.002,4628,4642,2.450,1.450,0.780,1,0,104.014,0,0,11,32,2,60,0
19-01 14:19:12,32.568,5.010,60.375,0,0,1524864,1043548,168076,5195064,17636.593,10213.190,0,304.632,0,27.056,3545,3107,2.450,1.450,0.780,3,0,28.058,0,0,11,33,1,61,0
19-01 14:19:13,38.270,6.503,55.028,0.250,0,1555204,1013168,168088,5195092,17132.871,9699.022,0,252.131,0,21.011,3727,3852,2.450,1.450,0.780,2,0,32.017,0,0,11,32,1,60,0
19-01 14:19:14,36.751,5.750,56.251,0,0,1528892,1039456,168092,5195112,16997.414,10832.264,0,152.004,0,10.000,3422,3254,2.450,1.450,0.780,1,0,5.000,0,0,11,33,1,60,0
19-01 14:19:15,35.490,6.998,56.984,0,0,1499120,1069204,168092,5195136,17390.975,11827.583,0,267.923,0,12.996,4498,4783,2.450,1.450,0.780,2,0,43.987,0,0,11,33,1,61,0
19-01 14:19:16,37.402,5.236,56.602,0.249,0,1519096,1049060,168108,5195288,13802.833,8923.618,0,375.017,0,30.919,3239,2941,2.330,1.440,0.780,4,0,4.987,0,0,11,33,1,62,0
19-01 14:19:17,34.547,4.506,60.081,0.501,0,1485512,1082592,168132,5195316,22223.919,13471.136,0,2058.772,0,133.179,4921,5669,2.330,1.440,0.780,3,0,6.008,0,0,11,33,1,62,0
19-01 14:19:18,19.492,12.245,66.471,0,0,1459560,1108452,168140,5195400,14373.804,7042.964,0,295.872,0,20.991,5110,5560,2.330,1.440,0.780,3,0,275.881,0,0,11,32,1,63,0
19-01 14:19:19,20.236,3.248,75.947,0,0,1446168,1121836,168148,5195400,10052.922,3587.474,0,107.924,0,6.995,1837,1277,2.330,1.440,0.780,1,0,0,0,0,11,33,1,63,0
19-01 14:19:20,15.509,2.001,80.546,0.250,0,1437292,1130656,168156,5195448,18595.528,9268.247,0,308.174,0,48.027,3159,3783,2.330,1.440,0.780,1,0,0,0,0,11,33,1,63,0
19-01 14:19:21,14.530,14.279,70.895,0,0,1422324,1145604,168172,5195460,10627.765,2607.340,0,308.632,0,29.060,4565,3576,2.230,1.430,0.780,1,0,284.583,0,0,11,32,1,58,0
19-01 14:19:22,19.203,1.746,77.808,0,0,1459912,1108008,168172,5195468,9913.524,3965.210,0,0,0,0,1931,1443,2.230,1.430,0.780,1,0,0,0,0,11,33,1,58,0
19-01 14:19:23,19.268,2.502,76.823,0,0,1443508,1124392,168172,5195488,14963.211,10005.503,0,232.221,0,10.010,3538,3900,2.230,1.430,0.780,3,0,12.011,0,0,11,32,1,59,0
19-01 14:19:24,20.729,5.494,73.424,0,0,1468912,1098984,168176,5195488,9781.875,1618.325,0,103.892,0,7.992,2094,1683,2.230,1.430,0.780,1,0,33.965,0,0,11,32,1,59,0
19-01 14:19:25,16.497,1.500,80.237,0,0,1470704,1097048,168176,5195632,19002.967,9954.411,0,0,0,0,2813,3266,2.230,1.430,0.780,1,0,1.000,0,0,11,33,1,57,0
19-01 14:19:26,16.045,7.772,75.460,0.251,0,1427856,1139768,168188,5195744,12937.925,7330.354,0,2418.716,0,163.454,4929,5421,2.050,1.410,0.780,1,0,138.384,0,0,11,32,1,57,0
19-01 14:19:27,21.692,19.946,57.595,0,0,1422488,1144996,168200,5195868,9229.128,1615.646,0,394.936,0,25.930,6081,4873,2.050,1.410,0.780,2,0,486.688,0,0,11,32,1,59,0
19-01 14:19:28,44.997,6.000,48.497,0,0,1524696,1041516,168204,5196996,24409.517,1619.902,0,319.981,0,8.000,2965,1495,2.050,1.410,0.780,2,0,3.000,0,0,11,34,1,59,0
19-01 14:19:29,37.350,6.768,44.619,10.027,0,1524284,1035300,168856,5202528,59304.144,1624.332,0,26326.203,0,2544.786,16620,22620,2.050,1.410,0.780,2,0,117.313,0,0,11,36,1,59,0
19-01 14:19:30,37.345,9.212,38.590,10.955,0.249,1562004,995232,169700,5203956,12009.127,1613.300,0,49004.490,0,4576.992,22747,32054,2.050,1.410,0.780,3,0,50.789,0,0,11,36,1,54,0
19-01 14:19:31,44.950,6.529,47.712,1.004,0,1486716,1070456,169744,5203976,5607.950,1627.240,0,12515.682,0,663.954,4539,4671,2.040,1.420,0.780,2,0,8.036,0,0,11,32,1,54,0
19-01 14:19:32,41.917,6.986,44.662,5.240,0,1549620,1006804,170108,5204352,8702.809,1616.806,0,12331.640,0,1853.339,12740,20269,2.040,1.420,0.780,2,0,0.998,0,0,11,34,1,54,0
19-01 14:19:33,33.236,7.997,54.726,2.499,0,1443408,1112648,170332,5204492,8530.332,1619.304,0,10535.470,0,1170.497,8683,11557,2.040,1.420,0.780,1,0,100.957,0,0,11,32,1,54,0
19-01 14:19:34,22.002,5.251,72.008,0.500,0,1512336,1043680,170348,5204496,5750.650,1532.173,0,1588.179,0,73.008,2199,1712,2.040,1.420,0.780,2,0,8.001,0,0,11,32,1,49,0
19-01 14:19:35,23.001,3.500,72.504,0.500,0,1505824,1050144,170376,5204516,8878.449,1694.086,0,6332.321,0,323.016,2698,2666,2.040,1.420,0.780,1,0,2.000,0,0,11,32,1,49,0
19-01 14:19:36,22.249,3.750,72.747,0,0,1556708,999244,170380,5204524,9107.617,1693.929,0,283.988,0,22.999,1975,1505,1.960,1.410,0.780,1,0,2.000,0,0,11,32,1,49,0
19-01 14:19:37,22.740,2.999,73.217,0.500,0,1536428,1019460,170428,5204540,9612.613,1693.227,0,6976.816,0,328.850,2566,2254,1.960,1.410,0.780,2,0,1.000,0,0,11,32,1,49,0
19-01 14:19:38,22.500,4.000,73.000,0,0,1538980,1016892,170444,5204540,8408.057,1694.012,0,1360.009,0,66.000,1996,1463,1.960,1.410,0.780,2,0,2.000,0,0,11,32,1,47,0
19-01 14:19:39,22.997,3.250,73.990,0,0,1519332,1036540,170452,5204532,5325.263,1693.765,0,7.999,0,2.000,1763,1165,1.960,1.410,0.780,1,0,1.000,0,0,11,32,1,47,0
19-01 14:19:40,22.002,3.250,73.258,0,0,1530620,1025172,170452,5204612,10822.177,1620.176,0,4.000,0,1.000,1852,1188,1.960,1.410,0.780,1,0,2.000,0,0,11,32,1,47,0
19-01 14:19:41,23.007,2.751,73.772,0,0,1491016,1064684,170452,5204700,7263.197,1458.441,0,4.001,0,1.000,1760,1206,1.960,1.420,0.790,2,0,1.000,0,0,11,32,1,47,0
19-01 14:19:42,22.245,3.749,73.735,0.500,0,1487032,1068636,170452,5204724,6143.712,1693.645,0,587.877,0,74.984,2056,1600,1.960,1.420,0.790,2,0,1.000,0,0,11,32,1,44,0
19-01 14:19:43,22.249,3.500,73.247,0,0,1500208,1055452,170460,5204724,9442.674,1619.944,0,307.989,0,17.999,1845,1238,1.960,1.420,0.790,1,0,2.000,0,0,11,32,1,44,0
19-01 14:19:44,22.988,2.998,73.711,0,0,1464612,1091028,170460,5204744,8759.417,1619.153,0,39.979,0,5.997,1773,1192,1.960,1.420,0.790,3,0,0.999,0,0,11,32,1,44,0
19-01 14:19:45,22.515,3.502,73.800,0,0,1485280,1070300,170460,5204772,9419.340,1663.119,0,4.003,0,1.001,1811,1195,1.960,1.420,0.790,1,0,2.001,0,0,11,32,1,44,0
19-01 14:19:46,21.252,4.000,73.755,0,0,1483516,1072064,170460,5204772,7573.547,1694.122,0,168.012,0,5.000,1856,1344,1.890,1.420,0.790,1,0,2.000,0,0,11,32,1,37,0
19-01 14:19:47,25.532,8.260,65.331,0,0,1450936,1104532,170460,5204880,6035.461,1622.005,0,0,0,0,3567,10317,1.890,1.420,0.790,2,0,114.141,0,0,11,32,1,38,0
19-01 14:19:48,8.254,23.012,68.536,0,0,1452608,1102796,170460,5204936,10836.668,1620.848,0,968.507,0,11.006,6469,5037,1.890,1.420,0.790,1,0,537.281,0,0,11,32,1,38,0
19-01 14:19:49,7.503,21.508,69.775,0.250,0,1444448,1110868,170464,5204980,8541.034,1458.518,0,440.156,0,8.003,5868,4330,1.890,1.420,0.790,1,0,407.145,0,0,11,32,1,38,0
19-01 14:19:50,11.500,16.250,70.999,0,0,1433124,1122160,170464,5205004,9440.829,1661.970,0,0,0,0,5284,3948,1.890,1.420,0.790,1,0,350.994,0,0,11,32,1,37,0
19-01 14:19:51,21.958,3.992,73.358,0.250,0,1465756,1089544,170464,5204988,8885.817,1616.873,0,1908.310,0,249.517,2416,1388,1.810,1.410,0.790,1,0,1.996,0,0,11,32,1,37,0
19-01 14:19:52,22.490,3.498,73.218,0,0,1462504,1092780,170472,5205012,9376.930,1619.297,0,675.707,0,99.957,2203,1600,1.810,1.410,0.790,2,0,1.000,0,0,11,32,1,37,0
19-01 14:19:53,21.995,3.499,73.232,0,0,1524848,1030452,170476,5204992,6361.433,1619.601,0,335.917,0,22.994,1884,1337,1.810,1.410,0.790,1,0,2.000,0,0,11,32,1,37,0
19-01 14:19:54,22.563,3.259,73.958,0,0,1512396,1042892,170476,5205004,7856.092,1698.777,0,20.056,0,1.003,1808,1214,1.810,1.410,0.790,1,0,1.003,0,0,11,32,1,33,0
19-01 14:19:55,21.944,3.990,73.314,0,0,1565316,989972,170476,5205004,6514.459,1615.897,0,0,0,0,1895,1233,1.810,1.410,0.790,2,0,2.992,0,0,11,32,1,33,0
19-01 14:19:56,22.502,3.250,73.757,0,0,1546908,1008368,170476,5205016,9944.942,1620.154,0,12.001,0,1.000,1844,1202,1.750,1.400,0.800,3,0,1.000,0,0,11,32,1,33,0
19-01 14:19:57,21.504,4.001,74.013,0,0,1550924,1004372,170476,5204996,8557.484,1512.262,0,4.001,0,1.000,1770,1101,1.750,1.400,0.800,2,0,2.000,0,0,11,32,1,33,0
19-01 14:19:58,22.745,3.249,73.485,0,0.250,1517388,1037888,170476,5205016,25383.903,1565.686,0,143.971,0,27.994,1903,1129,1.750,1.400,0.800,1,0,1.000,0,0,11,32,1,29,0
19-01 14:19:59,22.253,3.000,73.760,0,0,1547432,1007852,170480,5205004,62283.522,1620.222,0,56.008,0,2.000,1928,1242,1.750,1.400,0.800,1,0,2.000,0,0,11,32,1,29,0
19-01 14:20:00,22.750,3.500,72.749,0,0,1504984,1050276,170480,5205020,12424.830,1619.978,0,59.999,0,5.000,1901,1262,1.750,1.400,0.800,2,0,3.000,0,0,11,32,1,29,0
19-01 14:20:01,22.751,3.500,73.503,0,0,1530792,1024492,170480,5204996,8044.353,1620.071,0,2068.091,0,10.000,1812,1156,1.690,1.400,0.800,2,0,2.000,0,0,11,32,1,29,0
19-01 14:20:02,23.498,2.750,73.244,0,0,1478160,1077188,170480,5204932,6377.464,1713.856,0,227.981,0,11.999,1955,1528,1.690,1.400,0.800,2,0,1.000,0,0,11,32,1,21,0
19-01 14:20:03,22.498,3.250,73.495,0,0.250,1535880,1019464,170484,5204932,9124.388,1619.891,0,507.966,0,51.997,1965,1273,1.690,1.400,0.800,2,0,2.000,0,0,11,32,1,21,0
19-01 14:20:04,22.753,2.750,73.761,0,0,1478920,1076336,170484,5205020,10273.536,1620.242,0,92.014,0,2.000,1857,1208,1.690,1.400,0.800,2,0,1.000,0,0,11,32,1,21,0
19-01 14:20:05,21.752,4.000,73.257,0,0,1470252,1085004,170484,5205020,7924.791,1512.151,0,12.001,0,1.000,1901,1350,1.690,1.400,0.800,2,0,2.000,0,0,11,32,1,21,0
19-01 14:20:06,22.747,2.750,73.740,0,0,1505096,1050180,170484,5205000,10651.599,1619.787,0,19.997,0,1.000,1861,1191,1.630,1.390,0.800,1,0,2.000,0,0,11,32,1,16,0
19-01 14:20:07,22.000,4.000,73.749,0,0,1469076,1086180,170484,5205020,7592.935,1565.987,0,0,0,0,1853,1332,1.630,1.390,0.800,3,0,1.000,0,0,11,32,1,16,0
19-01 14:20:08,22.753,3.250,73.760,0,0,1476684,1078572,170484,5205020,10255.350,1620.213,0,20.003,0,1.000,1868,1254,1.630,1.390,0.800,2,0,1.000,0,0,11,32,1,16,0
19-01 14:20:09,21.992,3.249,73.474,0,0,1517284,1037976,170484,5205012,7342.390,1619.424,0,171.939,0,28.990,1859,1166,1.630,1.390,0.800,1,0,1.999,0,0,11,32,1,16,0
19-01 14:20:10,15.791,13.535,70.933,0,0,1467960,1087244,170484,5205064,5535.306,1698.389,0,172.446,0,9.023,4184,3052,1.630,1.390,0.800,1,0,276.715,0,0,11,32,1,12,0
19-01 14:20:11,17.210,10.226,71.584,0,0,1524804,1030388,170484,5205076,10171.430,1616.255,0,71.834,0,2.993,3587,2641,1.580,1.380,0.800,2,0,183.575,0,0,11,32,1,12,0
19-01 14:20:12,23.997,2.000,73.492,0,0,1553956,1001040,170488,5205268,7868.111,1511.829,0,215.976,0,9.999,1918,1379,1.580,1.380,0.800,1,0,0,0,0,11,32,1,12,0
19-01 14:20:13,21.751,3.500,73.502,0,0,1515160,1039728,170488,5205340,5844.135,1620.037,0,376.009,0,22.001,1985,1440,1.580,1.380,0.800,1,0,9.000,0,0,11,32,1,12,0
19-01 14:20:14,20.541,7.766,70.892,0.251,0,1508808,1045984,170488,5205436,9928.901,1623.254,40.080,0,2.004,0,2893,2025,1.580,1.380,0.800,1,0,157.315,0,0,11,32,1,12,0
19-01 14:20:15,8.754,21.509,69.279,0,0,1489184,1065552,170488,5205492,7433.062,1608.663,0,288.119,0,34.014,6195,4637,1.580,1.380,0.800,1,0,466.192,0,0,11,32,1,9,0
19-01 14:20:16,8.250,21.751,68.253,0,0,1490456,1064244,170488,5205524,9700.448,1620.075,0,208.010,0,5.000,6477,4942,1.700,1.410,0.810,1,0,523.024,0,0,11,32,1,9,0
19-01 14:20:17,8.495,22.737,68.460,0,0,1466520,1088140,170488,5205560,7461.605,1619.046,0,979.423,0,10.994,6444,4967,1.700,1.410,0.810,1,0,518.694,0,0,11,32,1,9,0
19-01 14:20:18,8.255,22.765,68.044,0,0,1453036,1101588,170496,5205580,6383.165,1621.058,0,1320.862,0,15.010,6109,4555,1.700,1.410,0.810,2,0,458.299,0,0,11,32,1,9,0
19-01 14:20:19,8.499,21.998,67.993,0,0,1440112,1114484,170496,5205608,8575.178,1619.845,0,1195.885,0,12.999,6221,4632,1.700,1.410,0.810,1,0,494.953,0,0,11,32,1,5,0
19-01 14:20:20,8.002,20.754,70.014,0,0,1429288,1125244,170496,5205668,7056.389,1512.298,0,324.064,0,31.006,5966,4346,1.700,1.410,0.810,1,0,413.081,0,0,11,32,1,5,0
19-01 14:20:21,8.247,21.492,69.223,0,0,1417692,1136804,170496,5205704,8897.561,1619.374,0,355.862,0,8.997,6177,4576,1.640,1.400,0.810,1,0,456.823,0,0,11,32,1,5,0
19-01 14:20:22,8.243,22.981,67.943,0.250,0,1412328,1142120,170496,5205748,7052.122,1618.651,0,527.560,0,29.975,6803,5671,1.640,1.400,0.810,2,0,568.526,0,0,11,32,1,5,0
19-01 14:20:23,11.515,23.281,64.084,0.250,0.250,1374064,1180332,170508,5205784,8903.705,1622.132,0,752.990,0,47.062,6705,5653,1.640,1.400,0.810,2,0,565.744,0,0,11,32,1,6,0
19-01 14:20:24,48.228,23.739,27.237,0,0,1501164,1053196,170524,5205804,8264.194,1619.254,0,643.704,0,42.980,6149,5153,1.640,1.400,0.810,3,0,525.758,0,0,11,32,1,10,0
19-01 14:20:25,63.693,9.741,23.978,1.998,0,1669812,880176,170736,5209648,5899.688,1564.591,371.665,7673.091,2.997,606.454,5495,6571,1.640,1.400,0.810,4,0,31.971,0,0,11,34,1,10,0
19-01 14:20:26,46.282,11.758,29.771,11.008,0,1653740,883932,171596,5220032,6921.844,1621.135,0,63060.131,0,4586.210,22430,35187,1.830,1.450,0.830,1,2,154.108,0,0,11,36,1,12,0
19-01 14:20:27,43.341,10.960,30.637,13.201,0,1707612,819180,172000,5230148,8928.166,1614.064,0,88594.190,0,6544.931,24898,43366,1.830,1.450,0.830,3,2,89.670,0,0,11,36,1,11,0
19-01 14:20:28,39.891,9.032,34.622,13.799,0,1710428,807600,172536,5238124,31175.038,9691.207,0,79348.073,0,5415.114,24656,38658,1.830,1.450,0.830,2,0,42.149,0,0,11,37,1,11,0
19-01 14:20:29,40.784,17.264,28.524,13.011,0,1614432,897600,173120,5243348,54347.224,2758.295,256.213,54469.326,2.002,3711.088,19898,28426,1.830,1.450,0.830,3,1,299.249,0,0,11,34,1,12,0
19-01 14:20:30,44.450,16.481,26.720,9.989,0,1653756,849456,173472,5251872,31421.383,6653.458,115.869,52868.073,3.995,3856.628,21244,33131,1.830,1.450,0.830,3,1,187.787,0,0,11,35,1,12,0
19-01 14:20:31,41.033,17.764,26.271,13.511,0,1642096,857540,173640,5254696,32118.041,9409.629,1801.461,47839.788,35.028,3660.968,20828,30999,2.160,1.520,0.860,3,2,213.173,0,0,11,35,1,10,0
19-01 14:20:32,31.477,9.743,45.217,11.742,0,1600580,895276,173848,5258140,17867.078,8266.022,0,57246.599,0,4608.667,23430,35769,2.160,1.520,0.860,2,1,96.930,0,0,11,34,1,10,0
19-01 14:20:33,39.397,7.481,39.896,11.470,0,1637124,859100,174204,5257424,5988.402,1615.791,0,48106.699,0,4157.172,21146,30271,2.160,1.520,0.860,2,1,20.945,0,0,11,34,1,10,0
19-01 14:20:34,31.604,8.277,46.402,12.290,0,1637212,858064,174376,5258116,18501.737,10064.038,0,59563.535,0,5025.498,25728,37053,2.160,1.520,0.860,2,0,48.158,0,0,11,35,1,10,0
19-01 14:20:35,31.928,7.733,46.895,10.227,0,1628120,865104,174440,5260068,26411.841,13481.802,0,49042.152,0,3999.043,21357,33608,2.160,1.520,0.860,3,0,36.917,0,0,11,34,1,10,1
19-01 14:20:36,37.591,10.776,38.593,11.778,0,1615352,875296,174520,5262500,10393.100,1655.999,0,50886.896,0,4504.880,20694,33175,2.310,1.560,0.880,1,1,131.317,0,0,11,36,1,11,0
19-01 14:20:37,33.254,8.001,44.255,12.251,0,1642232,844736,174704,5265888,13901.476,6735.715,0,55473.889,0,4756.505,22312,35034,2.310,1.560,0.880,3,1,54.006,0,0,11,37,1,11,0
19-01 14:20:38,29.992,7.498,47.987,12.247,0,1633360,850132,174828,5269152,20054.657,11343.978,0,59308.199,0,5020.662,26007,40290,2.310,1.560,0.880,1,1,83.978,0,0,11,37,1,11,0
19-01 14:20:39,32.985,10.495,40.981,12.244,0,1593084,887556,174872,5271888,16787.391,6342.125,0,58665.408,0,4850.801,25711,37124,2.310,1.560,0.880,6,0,99.955,0,0,11,36,1,11,0
19-01 14:20:40,39.014,7.253,41.264,11.004,0,1647776,835872,174900,5268800,10884.821,3591.261,0,49541.390,0,4348.526,24417,34400,2.310,1.560,0.880,1,0,24.008,0,0,11,37,1,11,0
19-01 14:20:41,31.929,6.735,47.144,10.477,0,1638836,845556,174936,5268012,14751.969,10410.690,0,55312.152,0,4473.982,23405,34916,2.210,1.550,0.880,1,0,38.913,0,0,11,35,1,13,0
19-01 14:20:42,28.818,10.775,58.388,1.253,0,1404904,1079452,174936,5268076,16893.890,11147.321,0,9999.611,0,620.465,7232,9176,2.210,1.550,0.880,1,0,218.516,0,0,11,32,1,14,0
19-01 14:20:43,19.488,6.496,73.205,0.250,0,1445100,1039252,174936,5268080,8800.618,1619.010,0,1127.311,0,58.964,2556,1863,2.210,1.550,0.880,1,0,49.969,0,0,11,32,1,14,0
19-01 14:20:44,16.968,1.996,79.600,0.250,0,1462964,1021372,174936,5268096,16618.787,9442.266,0,926.260,0,46.912,2463,2790,2.210,1.550,0.880,0,0,0,0,0,11,33,1,14,0
19-01 14:20:45,20.549,4.511,73.675,0.251,0,1480536,1003792,174936,5268104,10696.340,2511.951,0,521.235,0,27.064,2684,2270,2.210,1.550,0.880,1,0,35.083,0,0,11,32,1,15,0
19-01 14:20:46,18.457,2.494,78.318,0.249,0,1499100,985220,174940,5268108,13473.638,7201.238,0,486.867,0,24.942,2031,1696,2.030,1.530,0.870,0,0,0,0,0,11,33,1,15,0
19-01 14:20:47,22.510,7.003,68.782,0,0,1480352,1003960,174940,5268116,12627.790,2764.268,0,2168.995,0,171.078,4418,11844,2.030,1.530,0.870,1,0,96.044,0,0,11,32,1,16,0
19-01 14:20:48,18.707,3.243,77.571,0.249,0,1487260,996704,174940,5268464,15059.319,6814.307,0,427.017,0,23.945,2029,1672,2.030,1.530,0.870,1,0,0,0,0,11,33,1,16,0
19-01 14:20:49,18.530,4.257,75.621,0.250,0,1433936,1050008,174940,5268484,11657.659,6977.168,0,2111.379,0,116.186,3959,4362,2.030,1.530,0.870,1,0,43.069,0,0,11,32,1,17,0
19-01 14:20:50,21.052,4.511,73.432,0,0,1487268,996664,174940,5268496,10012.851,1624.031,0,208.518,0,18.045,2044,1577,2.030,1.530,0.870,1,0,0,0,0,11,32,1,17,0
19-01 14:20:51,16.475,1.997,80.376,0,0,1483968,999820,174940,5268640,16381.719,10118.385,0,171.735,0,10.983,3110,3585,1.950,1.520,0.870,1,0,0,0,0,11,33,1,17,0
19-01 14:20:52,11.007,13.509,73.549,0.250,0,1411088,1072596,174940,5268744,9976.700,3939.646,0,372.250,0,25.017,4787,4110,1.950,1.520,0.870,1,0,302.203,0,0,11,32,1,18,0
19-01 14:20:53,27.225,22.979,48.956,0.500,0,1405356,1078240,174940,5268832,8921.965,1618.542,0,779.298,0,60.945,6546,5397,1.950,1.520,0.870,3,0,494.555,0,0,11,32,1,24,0
19-01 14:20:54,67.735,7.748,23.745,0,0,1591060,891508,174956,5269844,7075.383,1639.625,0,271.938,0,5.999,3842,1547,1.950,1.520,0.870,5,0,2.999,0,0,11,32,1,24,0
19-01 14:20:55,67.985,7.998,23.995,0,0,1775520,703512,175068,5273028,9254.905,1619.633,0,3887.120,0,104.976,4191,1823,1.950,1.520,0.870,4,0,1.000,0,0,11,32,1,24,0
19-01 14:20:56,50.359,7.266,33.573,7.516,0,1784108,683352,175236,5283784,7600.513,1623.527,0,53977.274,0,3905.485,19581,27891,2.110,1.560,0.890,5,1,156.340,0,0,11,38,1,24,0
19-01 14:20:57,30.263,10.504,43.018,13.756,0,1783832,672040,175324,5294852,5111.117,1620.671,0,107860.681,0,7717.197,33683,51912,2.110,1.560,0.890,3,2,261.108,0,0,11,38,1,24,0
19-01 14:20:58,43.466,9.243,30.975,13.489,0,1789196,657652,175400,5303480,31496.046,1618.717,0,96959.179,0,7138.344,34872,54548,2.110,1.560,0.890,5,1,164.869,0,0,11,38,1,24,0
19-01 14:20:59,41.234,13.245,29.989,13.745,0,1731964,704052,175472,5313888,52363.107,1619.385,0,82200.772,0,5838.782,28281,41921,2.110,1.560,0.890,2,0,225.914,0,0,11,36,1,24,0
19-01 14:21:00,46.008,9.752,29.255,12.252,0,1743380,680616,175504,5325420,13157.236,1620.275,0,92163.660,0,5966.014,24889,39184,2.110,1.560,0.890,2,2,18.003,0,0,11,36,1,24,0
19-01 14:21:01,42.177,9.234,32.693,13.976,0,1786476,630748,175536,5331924,7560.885,1617.195,0,86969.142,0,6421.861,29701,43852,2.100,1.570,0.900,5,1,67.882,0,0,11,38,1,24,0
19-01 14:21:02,40.590,8.519,40.590,9.020,0,1715260,698792,175556,5334980,9868.860,1555.445,0,57435.223,0,4266.450,19403,27976,2.100,1.570,0.900,4,0,141.313,0,0,11,32,1,24,0
19-01 14:21:03,18.708,11.474,68.347,0,0,1499644,914356,175556,5335032,7185.878,1616.374,0,941.887,0,46.895,3746,2900,2.100,1.570,0.900,2,0,248.443,0,0,11,32,1,24,0
19-01 14:21:04,22.487,3.748,72.707,0.750,0,1502596,911404,175556,5335032,6286.301,1619.047,0,5960.492,0,336.802,2804,2661,2.100,1.570,0.900,1,0,0.999,0,0,11,32,1,24,0
19-01 14:21:05,25.012,1.751,73.036,0,0,1536716,877276,175556,5335040,5608.795,1620.808,0,144.072,0,13.006,2280,1839,2.100,1.570,0.900,1,0,3.001,0,0,11,34,1,24,0
19-01 14:21:06,20.759,4.502,73.531,0,0,1478960,935032,175556,5335040,9196.918,1620.690,0,0,0,0,2152,1398,2.010,1.560,0.900,1,0,28.012,0,0,11,32,1,24,0
19-01 14:21:07,22.500,3.250,74.250,0,0,1535640,878352,175556,5335040,7394.976,1619.995,0,40.000,0,4.000,1760,1182,2.010,1.560,0.900,1,0,2.000,0,0,11,32,1,24,0
19-01 14:21:08,18.800,14.539,65.676,0.251,0,1489384,924452,175556,5335188,8720.315,1624.343,0,661.769,0,49.131,4169,3692,2.010,1.560,0.900,2,0,364.976,0,0,11,32,1,24,0
19-01 14:21:09,13.248,35.245,49.992,0.250,0,1490764,923008,175556,5335252,8355.703,1619.749,0,327.949,0,30.995,7901,7158,2.010,1.560,0.900,3,0,1031.840,0,0,11,32,1,24,0
19-01 14:21:10,8.245,20.737,69.207,0,0,1476508,937176,175556,5335340,9384.185,1692.951,0,115.928,0,9.994,6474,5137,2.010,1.560,0.900,1,0,549.659,0,0,11,32,1,24,0
19-01 14:21:11,9.754,20.759,69.029,0,0,1440644,973004,175556,5335376,7299.050,1458.609,0,52.022,0,11.005,6107,4734,1.930,1.550,0.900,1,0,430.180,0,0,11,32,1,24,0
19-01 14:21:12,17.720,15.724,64.891,0,0,1426216,987364,175556,5335744,6021.877,1617.281,0,219.631,0,47.919,6121,7959,1.930,1.550,0.900,1,0,245.587,0,0,11,32,1,24,0
19-01 14:21:13,41.776,11.507,46.279,0,0,1488840,924724,175560,5335752,6100.821,1621.015,0,1192.747,0,166.104,4257,2641,1.930,1.550,0.900,2,0,131.082,0,0,11,33,1,24,0
19-01 14:21:14,43.692,6.741,48.436,0,0,1577884,835516,175560,5335988,10481.139,1617.860,0,0,0,0,2780,1267,1.930,1.550,0.900,3,0,0,0,0,11,33,1,24,0
19-01 14:21:15,45.001,5.500,48.001,0.250,0,1625648,786180,175620,5337288,7857.102,1620.021,0,1940.025,0,157.002,4273,3432,1.930,1.550,0.900,3,0,20.000,0,0,11,49,1,24,0
19-01 14:21:16,25.786,16.022,57.830,0,0,1649924,758980,175628,5339996,10150.040,1622.244,0,1197.657,0,19.026,7022,10354,1.780,1.520,0.890,2,0,292.404,0,0,11,48,1,24,0
19-01 14:21:17,18.456,12.720,66.840,0,0,1639864,768980,175628,5340012,7282.583,1616.135,0,59.857,0,3.990,6055,7638,1.780,1.520,0.890,0,0,204.511,0,0,11,48,1,24,0
19-01 14:21:18,1.251,0.500,98.071,0,0,1640084,768756,175632,5340012,9590.910,1621.168,0,632.456,0,30.022,1017,1435,1.780,1.520,0.890,0,0,3.002,0,0,11,48,1,24,0
19-01 14:21:19,0.500,0.500,98.220,0,0,1640080,768756,175632,5340016,7475.741,1619.511,0,35.989,0,3.999,692,964,1.780,1.520,0.890,0,0,1.000,0,0,11,48,1,24,0
19-01 14:21:20,0.750,0.500,97.516,0,0,1640048,768756,175632,5340048,6417.085,1458.246,0,0,0,0,831,972,1.780,1.520,0.890,0,0,3.001,0,0,11,48,1,24,0
19-01 14:21:21,0.250,0.750,98.212,0,0,1640048,768756,175632,5340044,8843.556,1619.369,0,3.998,0,1.000,700,895,1.630,1.500,0.890,0,0,1.000,0,0,11,48,1,24,0
19-01 14:21:22,14.033,14.033,70.919,0,0,1673228,735424,175632,5340620,10507.012,1623.866,0,0,0,0,5544,6946,1.630,1.500,0.890,2,0,255.608,0,0,11,48,1,24,0
19-01 14:21:23,13.514,15.266,70.823,0,0,1706988,701660,175632,5340180,6392.593,1621.672,0,164.169,0,4.004,4743,4634,1.630,1.500,0.890,2,0,288.297,0,0,12,48,1,24,0
19-01 14:21:24,15.998,16.998,65.741,0,0,1685616,722780,175632,5340708,9832.724,1857.759,0,111.985,0,3.000,6850,8005,1.630,1.500,0.890,0,0,293.962,0,0,12,48,1,18,0
19-01 14:21:25,14.710,11.219,72.801,0.499,0,1673584,734684,175636,5340496,7963.195,1615.576,0,462.733,0,40.888,4458,4947,1.630,1.500,0.890,0,0,224.386,0,0,12,64,1,18,0
19-01 14:21:26,7.747,12.246,78.473,0,0,1678440,729804,175636,5340868,11082.124,1619.434,0,0,0,0,4813,5322,1.580,1.490,0.890,1,0,204.928,0,0,14,64,1,18,0
19-01 14:21:27,16.774,12.518,69.849,0,0,1659796,748416,175636,5340544,9632.617,1622.293,0,80.113,0,10.014,5464,6345,1.580,1.490,0.890,1,0,206.292,0,0,14,66,1,18,0
19-01 14:21:28,9.766,20.033,68.865,0.751,0,1630512,777660,175636,5340584,10079.772,1622.700,0,7103.820,0,338.563,6643,4719,1.580,1.490,0.890,2,0,389.648,0,0,14,66,1,16,0
19-01 14:21:29,14.208,16.950,67.300,0,0,1641252,766896,175636,5340604,66163.761,1453.688,0,247.267,0,12.962,5423,5451,1.580,1.490,0.890,2,0,271.196,0,0,14,66,1,16,0
19-01 14:21:30,25.051,21.043,53.108,0,0,1693964,714116,175640,5340648,18691.843,1623.286,0,136.276,0,7.014,6357,7071,1.580,1.490,0.890,2,0,403.818,0,0,14,66,1,16,0
19-01 14:21:31,28.980,23.733,45.718,0,0,1776636,631400,175664,5340668,5799.966,1618.874,0,275.808,0,2.998,6861,5568,1.620,1.500,0.900,2,0,585.593,0,0,14,66,1,16,0
19-01 14:21:32,30.539,24.782,43.556,0,0.250,1877304,529100,175720,5342128,9020.640,1622.093,0,444.574,0,18.023,6913,8083,1.620,1.500,0.900,2,0,471.609,0,0,14,70,1,17,0
19-01 14:21:33,43.071,17.926,36.598,0,0,1968196,438120,175720,5342408,6831.630,1613.300,0,1426.078,0,117.512,5777,7195,1.620,1.500,0.900,5,0,217.098,0,0,14,70,1,17,0
19-01 14:21:34,65.986,25.341,5.520,0,0,2104848,301284,175736,5342784,11427.895,1790.407,0,598.140,0,9.032,5279,4711,1.620,1.500,0.900,4,0,548.965,0,0,14,70,1,17,0
19-01 14:21:35,60.293,18.763,19.264,0,0.500,2194908,210228,175764,5344112,6835.820,1695.195,0,956.675,0,11.008,6362,8071,1.620,1.500,0.900,3,0,262.185,0,0,14,70,1,17,0
19-01 14:21:36,66.305,25.425,2.243,4.736,0,2250784,153072,175412,5344888,6028.254,1689.028,11.965,7765.141,2.991,548.386,6389,5071,1.810,1.540,0.910,5,0,480.585,0,0,14,70,1,17,0
19-01 14:21:37,68.287,18.760,5.503,6.503,0,2389304,156564,170072,5211968,9622.176,1694.912,548.295,12.006,57.031,3.002,7705,8097,1.810,1.540,0.910,4,0,248.133,0,0,14,74,1,16,0
19-01 14:21:38,65.925,25.317,4.512,3.509,0,2487808,191788,169560,5082004,7729.531,1698.511,1114.961,30480.961,72.192,2093.561,15283,23109,1.810,1.540,0.910,8,0,363.967,0,0,14,76,1,16,0
19-01 14:21:39,68.508,22.753,6.251,1.750,0,2582052,168724,169316,5012864,8845.083,1574.193,16.002,16562.028,4.000,1502.184,14449,23099,1.810,1.540,0.910,4,0,304.037,0,0,14,76,1,16,0
19-01 14:21:40,76.856,19.214,2.994,0.250,0,2668272,132344,168816,4964276,7497.989,1616.979,527.015,1517.165,61.884,80.849,8491,14325,1.810,1.540,0.910,8,0,294.450,0,0,14,82,1,23,0
19-01 14:21:41,59.746,24.791,14.131,0.744,0,2797916,148900,168520,4822076,9310.457,1679.829,47.598,944.036,8.925,45.615,9101,13951,1.820,1.550,0.920,5,0,521.600,0,0,14,93,1,26,0
19-01 14:21:42,37.889,21.470,39.404,0.505,0,2863252,152908,168520,4754264,7333.254,1636.797,371.816,3002.815,21.218,58.601,7128,9931,1.820,1.550,0.920,2,0,361.712,0,0,14,95,1,26,0
19-01 14:21:43,58.062,12.958,26.165,1.994,0,2996056,151904,168528,4625196,5961.663,1614.762,2065.301,3600.322,25.916,179.418,5965,8525,1.820,1.550,0.920,2,0,136.557,0,0,14,98,1,29,0
19-01 14:21:44,38.531,8.507,51.791,1.001,0,3080692,133880,168544,4559860,5602.444,1711.357,12.010,944.749,3.002,65.052,3795,3422,1.820,1.550,0.920,2,0,65.052,0,0,14,101,1,29,0
19-01 14:21:45,8.246,20.241,70.219,0,0,3085348,129340,168544,4559908,9094.939,1661.258,0,999.554,0,63.971,5918,4442,1.820,1.550,0.920,1,0,358.840,0,0,14,101,1,25,0
19-01 14:21:46,8.271,19.799,71.177,0,0,3097932,116716,168544,4559948,7264.038,1698.217,0,132.329,0,13.032,6131,4725,1.760,1.540,0.920,1,0,413.026,0,0,14,101,1,25,0
19-01 14:21:47,21.197,13.716,64.089,0.249,0,3144548,137284,168544,4494192,8610.399,1562.081,27.930,43.890,2.992,3.990,4577,15229,1.760,1.540,0.920,1,0,191.520,0,0,14,101,1,26,0
19-01 14:21:48,18.247,2.750,77.239,0.500,0,3166872,180480,168544,4430048,14791.837,7234.942,39.994,3.999,3.000,1.000,1936,1511,1.760,1.540,0.920,1,0,0,0,0,14,102,1,26,0
19-01 14:21:49,18.496,7.248,73.484,0.250,0,3113940,233452,168544,4430152,25415.579,18260.105,11.997,327.930,2.999,23.995,3088,2820,1.760,1.540,0.920,2,0,62.987,0,0,14,103,1,25,0
19-01 14:21:50,19.503,2.250,77.510,0,0,3165332,182056,168544,4430156,10765.431,4007.533,0,104.014,0,12.002,1908,1473,1.760,1.540,0.920,2,0,1.000,0,0,14,106,1,25,0
19-01 14:21:51,20.751,3.250,74.754,0.500,0,3170912,176288,168556,4430336,11190.614,5761.316,0,528.029,0,51.003,2937,3145,1.700,1.530,0.920,1,0,3.000,0,0,14,114,1,25,0
19-01 14:21:52,24.315,4.763,67.931,1.253,0,3172152,174800,168560,4430564,5807.479,1624.329,16.043,2085.559,1.003,253.676,5754,7883,1.700,1.530,0.920,1,0,2.005,0,0,14,115,1,26,0
19-01 14:21:53,25.260,8.003,65.277,0.750,0,3156172,190708,168560,4430636,11619.817,2830.173,0,2857.185,0,211.088,5511,6128,1.700,1.530,0.920,2,0,116.048,0,0,14,120,1,25,0
19-01 14:21:54,29.751,5.500,63.251,0.500,0,3253284,159192,168568,4366500,12999.303,7506.175,40.001,1724.040,4.000,115.003,3623,3257,1.700,1.530,0.920,2,0,2.000,0,0,14,125,1,25,0
19-01 14:21:55,19.744,2.749,76.478,0.500,0.250,3258416,154180,168568,4366464,11838.654,4234.803,3.999,583.835,1.000,62.982,2781,2966,1.700,1.530,0.920,1,0,2.999,0,0,14,125,1,25,0
19-01 14:21:56,29.229,8.744,59.958,0.500,0,3246868,165540,168576,4366644,8193.219,2812.016,19.986,1538.914,1.999,137.903,5605,6773,1.880,1.570,0.940,3,0,94.933,0,0,14,126,1,26,0
19-01 14:21:57,42.881,9.224,47.119,0.499,0,3344708,194308,168456,4243384,9848.679,1507.817,0,10730.234,0,586.373,3587,1678,1.880,1.570,0.940,2,0,4.986,0,0,14,126,1,20,0
19-01 14:21:58,24.253,5.751,68.509,0.250,0,3310460,228352,168456,4243588,35986.604,23991.069,180.023,1204.154,1.000,67.009,3060,2256,1.880,1.570,0.940,2,0,55.007,0,0,14,126,1,21,0
19-01 14:21:59,22.255,3.751,73.766,0,0,3366060,172748,168456,4243592,55663.138,1620.353,8.002,116.025,2.000,13.003,1964,1383,1.880,1.570,0.940,1,0,0,0,0,14,126,1,21,0
19-01 14:22:00,16.778,3.756,78.632,0,0,3367748,171032,168456,4243620,47315.165,23962.092,0,4.007,0,1.002,2271,1671,1.880,1.570,0.940,2,0,38.064,0,0,14,126,1,22,0
19-01 14:22:01,21.727,4.745,73.421,0,0,3364448,237616,168456,4181928,9066.239,1618.258,0,0,0,0,1930,1268,1.810,1.560,0.940,1,0,12.986,0,0,14,126,1,22,0
19-01 14:22:02,15.229,2.996,79.143,0.499,0,3370676,231356,168460,4181956,14117.985,8133.046,31.957,814.902,4.993,95.871,2969,3376,1.810,1.560,0.940,2,0,0,0,0,14,127,1,22,0
19-01 14:22:03,20.079,8.283,71.532,0.251,0,3359260,242700,168460,4182028,10262.448,2778.953,0,393.551,0,29.115,3506,3613,1.810,1.560,0.940,4,0,96.380,0,0,14,132,1,23,0
19-01 14:22:04,22.431,3.489,73.024,0.249,0,3384452,217332,168460,4182204,29378.976,23782.316,0,486.493,0,35.889,4978,7681,1.810,1.560,0.940,1,0,16.947,0,0,14,135,1,28,0
19-01 14:22:05,20.511,5.753,72.537,0,0,3418960,182812,168460,4182216,11119.707,1752.900,0,272.140,0,17.009,2484,1956,1.810,1.560,0.940,1,0,56.029,0,0,14,134,1,29,0
19-01 14:22:06,16.232,2.248,80.913,0.250,0,3418112,183656,168460,4182220,14309.566,8233.120,3.996,275.703,0.999,23.974,1791,1561,1.740,1.550,0.940,1,0,0,0,0,14,136,1,29,0
19-01 14:22:07,26.545,5.509,64.108,1.252,0,3418828,182660,168468,4182492,6403.797,1622.736,0,3197.391,0,341.576,7915,12088,1.740,1.550,0.940,2,0,1.002,0,0,14,138,1,30,0
19-01 14:22:08,19.975,6.492,72.658,0.499,0,3401400,200056,168468,4182524,10178.059,2922.285,0,1050.664,0,69.911,2920,2485,1.740,1.550,0.940,1,0,52.933,0,0,14,137,1,31,0
19-01 14:22:09,17.254,2.250,79.517,0,0,3422568,178888,168468,4182524,15356.265,10726.281,0,476.101,0,28.006,1964,1705,1.740,1.550,0.940,0,0,0,0,0,14,138,1,31,0
19-01 14:22:10,21.732,4.746,70.690,0.749,0,3419500,181896,168468,4182584,10724.965,2579.827,15.987,1658.603,0.999,168.858,5860,8346,1.740,1.550,0.940,1,0,0.999,0,0,14,138,1,31,0
19-01 14:22:11,32.782,8.508,56.555,1.251,0,3391908,209396,168468,4182676,9362.136,2487.427,0,6566.408,0,445.435,9855,14336,1.850,1.580,0.950,1,0,70.068,0,0,14,137,1,32,0
19-01 14:22:12,21.996,3.999,73.487,0.250,0,3435196,166084,168476,4182692,7550.664,3589.365,3.999,4075.279,1.000,291.948,2209,1496,1.850,1.580,0.950,0,0,0,0,0,14,138,1,32,0
19-01 14:22:13,16.797,1.504,80.473,0.501,0,3435648,165620,168480,4182716,17300.939,9310.799,0,1179.268,0,121.336,3144,3903,1.850,1.580,0.950,1,0,0,0,0,14,137,1,33,0
19-01 14:22:14,19.678,8.469,70.743,0.249,0,3394152,207088,168480,4182744,7267.557,1614.127,0,530.071,0,31.884,3321,2866,1.850,1.580,0.950,1,0,146.467,0,0,14,139,1,33,0
19-01 14:22:15,17.255,2.501,79.274,0,0,3413256,187976,168480,4182752,15214.657,9562.927,0,356.109,0,23.007,2042,1755,1.850,1.580,0.950,0,0,1.000,0,0,14,140,1,33,0
19-01 14:22:16,19.495,3.999,74.232,0.750,0,3416052,184964,168484,4182948,13099.801,5073.761,15.996,1119.727,1.000,125.969,5080,6869,1.780,1.570,0.950,2,0,0,0,0,14,140,1,33,0
19-01 14:22:17,37.634,9.534,51.182,0.502,0,3425336,175552,168484,4183044,10733.128,3167.251,32.114,1260.478,2.007,135.481,13089,20961,1.780,1.570,0.950,2,0,3.011,0,0,14,141,1,34,0
19-01 14:22:18,30.913,13.961,51.356,2.244,0,3404608,196016,168488,4183208,9086.509,2032.299,15.955,4531.288,0.997,469.682,8087,9351,1.780,1.570,0.950,1,0,285.200,0,0,14,141,1,34,0
19-01 14:22:19,18.983,2.248,77.182,0,0,3436608,164012,168488,4183212,14183.516,7423.466,0,595.476,0,24.978,1903,1559,1.780,1.570,0.950,1,0,0,0,0,14,142,1,34,0
19-01 14:22:20,14.545,13.291,71.469,0.502,0,3378896,221648,168488,4183288,10117.047,3418.490,8.025,497.527,2.006,28.086,5031,4175,1.780,1.570,0.950,1,0,305.939,0,0,14,141,1,35,0
19-01 14:22:21,11.513,21.524,65.324,0.250,0,3365084,235300,168488,4183888,7821.834,1621.832,0,552.624,0,37.042,6882,6750,1.630,1.540,0.940,1,0,397.449,0,0,14,141,1,35,0
19-01 14:22:22,24.442,14.715,59.858,0,0,3387688,212692,168492,4183444,7887.242,1616.156,0,419.003,0,19.953,5578,5961,1.630,1.540,0.940,2,0,238.433,0,0,14,141,1,35,0
19-01 14:22:23,31.748,22.749,44.997,0.250,0,3440524,159772,168492,4183536,7395.522,1619.895,15.999,2111.864,1.000,112.993,6743,5498,1.630,1.540,0.940,2,0,484.969,0,0,14,141,1,35,0
19-01 14:22:24,31.565,15.783,50.855,0,0,3470180,191928,168504,4123192,9592.760,1585.265,44.091,484.999,4.008,32.066,6784,8811,1.630,1.540,0.940,3,0,240.495,0,0,14,147,1,35,0
19-01 14:22:25,56.507,25.253,17.752,0.250,0,3631872,149072,168512,4007600,8654.109,1566.201,120.015,544.070,11.001,41.005,7567,13911,1.630,1.540,0.940,4,0,568.073,0,0,16,153,1,35,0
19-01 14:22:26,55.495,23.998,19.998,0,0,3730620,140604,168316,3919120,11176.083,1619.867,15.999,399.967,1.000,31.997,7068,7473,2.060,1.630,0.980,7,0,361.970,0,0,16,157,1,35,0
19-01 14:22:27,42.210,21.730,35.467,0,0,3792892,172872,168316,3824876,9670.890,1618.475,11.989,443.582,2.997,31.970,8059,11794,2.060,1.630,0.980,4,0,422.602,0,0,16,169,1,35,0
19-01 14:22:28,35.439,23.709,39.432,0,0,3844416,165696,168316,3781308,11094.936,1707.067,0,2567.588,0,21.962,7341,5316,2.060,1.630,0.980,3,0,534.082,0,0,16,169,1,35,0
19-01 14:22:29,21.047,18.541,59.884,0.251,0,3865288,144732,168320,3781852,78803.231,1623.631,4.009,493.103,1.002,29.065,7274,8269,2.060,1.630,0.980,1,0,315.706,0,0,17,169,1,35,0
19-01 14:22:30,27.513,17.508,53.524,0.250,0,3903128,159100,168096,3730220,6289.864,1620.738,8.004,272.124,2.001,19.009,5703,4743,2.060,1.630,0.980,4,0,354.161,0,0,17,169,1,35,0
19-01 14:22:31,33.630,22.008,42.532,0.247,0,3984612,132100,168100,3677020,8506.451,1602.378,15.826,356.084,2.967,29.674,6832,6735,2.060,1.640,0.980,2,0,359.051,0,0,17,169,1,35,0
19-01 14:22:32,40.173,21.729,37.141,0.505,0,4066528,126612,168112,3602380,8770.423,1707.999,169.789,602.348,5.053,39.415,8506,11485,2.060,1.640,0.980,2,0,439.633,0,0,17,181,1,35,0
19-01 14:22:33,29.506,25.755,42.759,0.750,0,4125428,140060,168116,3531516,5635.152,1620.331,24.005,13458.751,3.001,994.203,9243,6976,2.060,1.640,0.980,2,0,643.131,0,0,17,181,1,35,0
19-01 14:22:34,22.758,22.758,52.519,1.250,0.250,4166412,147768,168156,3484112,8651.167,1458.534,60.022,2060.754,7.003,109.040,8672,10519,2.060,1.640,0.980,1,0,503.184,0,0,17,193,0,33,0
19-01 14:22:35,20.720,15.727,62.660,0.250,0,4178004,136156,168156,3484132,8206.153,1617.665,7.988,647.066,1.997,36.947,7115,9339,2.060,1.640,0.980,2,0,225.674,0,0,17,195,0,33,0
19-01 14:22:36,41.158,9.728,46.396,1.746,0,4301300,127840,168120,3371344,9043.754,1616.382,450.990,446.999,6.984,33.924,3997,2833,2.050,1.640,0.990,3,0,98.779,0,0,17,195,0,33,0
19-01 14:22:37,44.992,7.499,45.492,0.750,0,4392012,154580,168120,3256384,7924.542,1619.702,195.964,431.921,10.998,52.990,3647,2580,2.050,1.640,0.990,3,0,10.998,0,0,17,211,0,33,0
19-01 14:22:38,32.105,13.042,54.427,0.251,0,4345368,297364,168124,3161960,7945.884,1715.589,48.157,710.314,4.013,14.046,4528,3986,2.050,1.640,0.990,3,0,221.722,0,0,17,215,0,33,0
19-01 14:22:39,32.916,24.438,39.898,1.995,0,4400648,240296,168128,3163784,8988.099,1615.883,925.642,494.739,10.972,31.919,8388,9667,2.050,1.640,0.990,3,0,490.750,0,0,17,215,0,33,0
19-01 14:22:40,38.555,23.534,36.302,0.501,0,4448464,191088,168132,3165504,18530.399,10333.722,1017.449,572.816,19.027,31.044,8328,10391,2.050,1.640,0.990,7,0,419.598,0,0,17,223,0,34,0
19-01 14:22:41,65.077,15.957,15.957,1.995,0,4504808,131800,168144,3168368,5767.624,1615.693,618.352,1220.746,12.965,46.875,5603,5686,2.210,1.680,1,4,0,152.593,0,0,17,224,0,34,0
19-01 14:22:42,58.962,11.992,22.236,5.746,0,4598040,164208,168156,3045352,18876.939,11554.618,1531.022,867.446,49.968,46.970,5324,4818,2.210,1.680,1,3,0,22.985,0,0,17,235,0,24,0
19-01 14:22:43,54.682,12.040,17.558,15.552,0,4608888,144388,168228,3054200,11457.030,2737.085,5899.583,3335.070,423.405,125.416,6296,5728,2.210,1.680,1,3,0,29.097,0,0,17,236,0,25,0
19-01 14:22:44,48.525,19.260,32.017,0.250,0,4661500,166708,168236,2982260,15575.031,7185.705,208.107,692.357,29.015,42.022,7234,8596,2.210,1.680,1,2,0,369.190,0,0,17,238,0,29,0
19-01 14:22:45,34.253,21.752,42.754,0.250,0,4600596,225648,168236,2984360,13714.204,6808.598,152.013,10060.883,9.001,76.007,7422,8831,2.210,1.680,1,2,0,353.031,0,0,17,237,0,30,2
19-01 14:22:46,52.782,22.263,23.764,0.750,0,4705896,154000,168240,2950652,6817.107,3084.859,208.125,348.210,4.002,19.011,6905,7761,2.190,1.690,1.010,2,0,412.248,0,0,17,238,0,27,2
19-01 14:22:47,53.241,23.246,21.246,1.000,0,4788532,151324,168252,2875180,20040.432,11179.009,367.934,1275.773,24.996,93.983,7915,11727,2.190,1.690,1.010,5,1,428.924,0,0,17,241,0,29,2
19-01 14:22:48,63.654,23.215,12.231,0.749,0,4814628,162176,168264,2836936,7753.251,1617.549,1030.438,2124.780,41.936,203.691,8817,19247,2.190,1.690,1.010,4,0,307.534,0,0,17,245,0,32,2
19-01 14:22:49,51.680,24.966,21.721,0.250,0,4869332,124068,168276,2821308,17425.460,9576.064,83.887,551.255,4.993,33.954,7701,9309,2.190,1.690,1.010,4,0,490.338,0,0,17,248,0,32,2
19-01 14:22:50,52.289,19.515,26.270,1.751,0,4873968,158132,168280,2783132,9990.460,4722.526,656.490,948.708,40.030,63.047,7992,13537,2.190,1.690,1.010,7,0,255.191,0,0,17,253,0,33,2
19-01 14:22:51,66.232,15.246,17.745,0,0,4998664,175588,168288,2642740,14562.055,7384.000,51.986,751.796,2.999,19.995,4801,4109,2.180,1.690,1.020,4,0,59.984,0,0,17,256,0,33,0
19-01 14:22:52,55.190,10.738,29.968,3.246,0,5007164,161760,168292,2648064,20750.588,13333.599,1250.649,599.353,55.940,40.956,8628,19590,2.180,1.690,1.020,3,0,11.987,0,0,17,261,0,35,0
19-01 14:22:53,59.987,9.789,27.107,2.510,0,5108752,120464,167944,2589340,12527.494,5135.289,1373.426,855.379,56.222,72.286,6374,7558,2.180,1.690,1.020,4,0,11.044,0,0,17,267,0,40,0
19-01 14:22:54,45.007,23.503,26.754,3.250,0,5014724,244452,168024,2559776,16044.344,11267.646,780.114,16218.370,20.003,1140.167,9060,6773,2.180,1.690,1.020,2,1,426.062,0,0,17,265,0,40,0
19-01 14:22:55,43.621,24.428,24.428,6.979,0,5082048,172984,168144,2564172,10790.135,3579.429,4506.691,1622.209,70.791,84.750,9077,11825,2.180,1.690,1.020,2,0,444.687,0,0,17,266,0,40,0
19-01 14:22:56,57.820,19.273,21.276,1.252,0,5107552,147188,168152,2564268,17113.778,10637.916,656.797,1361.653,19.023,60.073,6913,7492,2.320,1.730,1.030,4,0,249.303,0,0,18,268,0,41,0
19-01 14:22:57,78.231,14.746,1.750,4.499,0,5190648,132916,168156,2497324,8678.914,1619.611,2967.287,471.887,155.963,18.995,5608,3715,2.320,1.730,1.030,6,0,13.997,0,0,18,272,0,41,0
19-01 14:22:58,79.502,10.750,6.250,2.750,0,5283576,164120,168176,2376424,35286.786,10780.240,2132.047,5168.115,114.003,251.006,7712,8217,2.320,1.730,1.030,3,0,13.000,0,0,18,275,0,40,0
19-01 14:22:59,62.310,15.951,21.185,0.748,0,5290760,155368,168200,2377964,63556.356,3849.272,705.849,1296.051,19.939,105.678,7378,8893,2.320,1.730,1.030,2,0,224.317,0,0,18,277,0,42,0
19-01 14:23:00,38.772,7.254,51.779,0.500,0,5334120,143808,168208,2347168,20384.448,8609.835,840.472,9101.111,12.007,61.034,3882,2824,2.320,1.730,1.030,2,0,10.006,0,0,18,282,1,42,0
19-01 14:23:01,38.406,8.786,52.213,0,0,5287464,182060,168208,2355560,9142462.636,78379.216,514.094,694.830,4.016,49.200,6675,4392,2.380,1.750,1.040,5,0,13.053,0,0,18,283,0,43,0
19-01 14:23:02,49.482,17.244,31.239,1.499,0,5339728,142372,168208,2343568,7477615.875,50397.943,3106.887,391.860,35.987,21.992,7663,6303,2.380,1.750,1.040,2,0,264.905,0,0,18,286,0,43,0
19-01 14:23:03,46.502,8.250,43.752,0.500,0.250,5340904,196920,168208,2290340,23000.834,12733.461,512.019,3492.127,4.000,241.009,5029,4494,2.380,1.750,1.040,2,0,11.000,0,0,18,290,0,43,0
19-01 14:23:04,41.466,5.995,51.707,0,0,5374384,162860,168208,2290924,11307.686,5663.335,367.697,459.621,20.983,37.969,4708,5469,2.380,1.750,1.040,2,0,0.999,0,0,18,297,0,45,0
19-01 14:23:05,16.452,3.490,77.023,0.997,0,5381232,155784,168208,2291148,423323.868,16352529.695,111.671,6121.964,6.979,729.850,6101,4152,2.380,1.750,1.040,2,0,2.991,0,0,18,297,0,47,0
19-01 14:23:06,3.498,2.748,92.437,0.250,0,5344324,192680,168208,2291160,7795.646,1618.888,3.997,1239.149,0.999,25.982,1702,2000,2.190,1.720,1.040,1,0,36.975,0,0,18,297,0,47,0
19-01 14:23:07,1.250,0.500,96.518,0,0,5334828,202176,168208,2291160,8885.674,1620.305,0,292.055,0,19.004,1198,1677,2.190,1.720,1.040,0,0,0,0,0,18,297,0,40,0
19-01 14:23:08,22.009,4.002,71.278,0.750,0,5292316,228568,168220,2307236,16516123.920,96235.439,48.019,1888.754,3.001,129.052,10711,10159,2.190,1.720,1.040,0,0,1.000,0,0,18,300,0,42,0
19-01 14:23:09,12.501,16.502,69.256,1.000,0,5227416,293320,168224,2307380,7863.721,3424.314,60.006,792.073,4.000,30.003,6129,5867,2.190,1.720,1.040,1,0,465.043,0,0,18,299,0,44,0
19-01 14:23:10,23.009,4.002,71.778,0,0,5286492,234244,168224,2307380,10928.225,1620.626,0,256.099,0,23.009,2487,2243,2.190,1.720,1.040,1,0,1.000,0,0,18,299,0,44,0
19-01 14:23:11,11.758,17.261,70.046,0.250,0,5275428,245264,168224,2307424,6732.412,1458.956,0,344.226,0,26.017,5690,4718,2.010,1.690,1.030,1,0,292.191,0,0,18,299,0,42,0
19-01 14:23:12,8.744,17.738,70.951,0.250,0,5268380,252260,168224,2307484,6128.731,1618.872,15.989,16260.675,0.999,59.958,6137,5079,2.010,1.690,1.030,0,0,377.737,0,0,18,299,0,42,0
19-01 14:23:13,3.246,1.748,93.648,0.250,0,5256032,264608,168224,2307484,8431.848,1618.244,0,331.640,0,30.966,1594,1987,2.010,1.690,1.030,1,0,10.988,0,0,18,303,0,42,0
19-01 14:23:14,22.591,4.267,72.291,0.251,0,5314104,206536,168224,2307488,10303.512,1626.553,4.016,5361.601,1.004,172.696,2675,2109,2.010,1.690,1.030,1,0,0,0,0,18,303,0,42,0
19-01 14:23:15,17.248,3.500,77.742,0,0,5248084,272464,168224,2307580,19434.043,10566.936,63.994,103.990,4.000,11.999,3009,2843,2.010,1.690,1.030,2,0,26.997,0,0,18,307,0,41,0
19-01 14:23:16,11.254,16.506,70.774,0.500,0,5244752,275656,168228,2307684,7922.658,1620.544,16.005,0,4.001,0,5354,4089,1.930,1.680,1.030,1,0,223.075,0,0,18,307,0,41,0
19-01 14:23:17,12.005,17.006,70.027,0,0,5243400,276512,168228,2308148,5282.016,1690.645,0,52.020,0,4.002,5385,4059,1.930,1.680,1.030,3,0,203.078,0,0,18,307,0,41,0
19-01 14:23:18,17.680,10.957,69.725,0,0,5257040,262732,168228,2308272,10849.197,1613.634,51.796,482.098,2.988,40.839,4704,3914,1.930,1.680,1.030,2,0,149.411,0,0,18,309,0,41,0
19-01 14:23:19,24.995,3.749,70.237,0.500,0,5327588,192180,168228,2308276,7896.552,1619.703,0,12237.756,0,67.988,2830,2601,1.930,1.680,1.030,2,0,3.999,0,0,18,315,0,40,0
19-01 14:23:20,24.754,2.750,70.511,1.000,0,5367596,151684,168228,2308732,5947.898,1458.220,404.061,368.056,13.002,41.006,2955,2869,1.930,1.680,1.030,1,0,4.001,0,0,18,319,0,40,0
19-01 14:23:21,23.494,3.499,71.733,0,0,5358896,160348,168228,2308768,9069.845,1619.615,99.976,243.942,8.998,16.996,2492,2076,1.860,1.670,1.030,1,0,4.999,0,0,18,315,0,40,0
19-01 14:23:22,22.747,4.999,71.241,0.250,0,5391868,127280,168228,2308848,7321.037,1619.787,0,331.956,0,18.998,2379,1962,1.860,1.670,1.030,4,0,3.000,0,0,18,315,0,40,0
19-01 14:23:23,11.758,1.501,84.559,0,0,5395104,124028,168228,2308864,28202.843,20381.340,0,4.003,0,1.001,2594,2772,1.860,1.670,1.030,2,0,3.002,0,0,18,324,0,40,0
19-01 14:23:24,23.246,4.499,71.238,0,0,5378928,140196,168228,2308872,9768.401,1817.702,0,163.973,0,13.998,2514,2141,1.860,1.670,1.030,1,0,14.998,0,0,18,317,0,41,0
19-01 14:23:25,24.744,3.749,70.484,0.500,0,5350872,199424,168228,2278932,5991.656,1619.637,3.999,803.820,1.000,122.972,2726,2357,1.860,1.670,1.030,1,0,2.000,0,0,18,317,0,41,0
19-01 14:23:26,13.303,15.060,71.033,0.502,0,5338552,211544,168236,2279124,10184.590,1626.482,397.585,510.033,6.024,25.100,5205,4409,1.790,1.660,1.030,1,0,266.060,0,0,18,317,0,41,0
19-01 14:23:27,13.447,15.439,69.226,0,0.249,5332216,217748,168236,2279256,8838.956,1613.603,51.795,139.447,3.984,5.976,5289,4418,1.790,1.660,1.030,1,0,317.740,0,0,18,317,0,41,0
19-01 14:23:28,21.972,3.246,72.907,0.749,0,5357292,192404,168388,2279372,18627.219,2692.562,223.714,435.444,10.986,28.963,2948,2564,1.790,1.660,1.030,0,0,32.958,0,0,18,318,0,41,0
19-01 14:23:29,21.528,2.503,74.347,0.250,0,5356900,186232,168928,2285284,56905.016,2730.552,0,1726.245,0,35.046,2554,2304,1.790,1.660,1.030,4,0,1.001,0,0,18,317,0,41,0
19-01 14:23:30,18.322,3.012,76.802,0,0,5339404,203052,168968,2285900,32452.770,3666.435,0,345.360,0,7.028,2346,1987,1.790,1.660,1.030,1,0,18.071,0,0,18,318,0,41,0
19-01 14:23:31,22.918,3.238,72.990,0.249,0,5341532,194248,169544,2291840,9890.802,2683.451,0,1175.816,0,27.901,3547,4545,1.720,1.650,1.030,2,0,5.979,0,0,18,317,0,41,0
19-01 14:23:32,19.238,3.998,74.454,0,0,5341576,193692,169576,2292316,12100.590,3718.723,0,467.714,0,6.996,9058,16198,1.720,1.650,1.030,2,0,9.994,0,0,18,318,0,41,0
19-01 14:23:33,22.569,6.520,69.712,0.251,0,5341184,193728,169668,2292564,7091.583,2457.479,0,517.575,0,19.058,10869,19239,1.720,1.650,1.030,1,0,17.052,0,0,18,320,0,41,0
19-01 14:23:34,21.497,6.249,70.990,0,0,5291216,255188,169748,2280992,9227.715,1793.750,0,643.910,0,21.997,2691,2125,1.720,1.650,1.030,1,0,25.996,0,0,18,319,0,41,0
19-01 14:23:35,15.710,12.967,70.073,0.499,0,5302772,243664,169748,2281016,8717.029,1615.927,0,3586.959,0,415.952,5312,3981,1.720,1.650,1.030,1,0,248.374,0,0,18,319,0,41,0
19-01 14:23:36,20.191,1.745,76.276,0,0,5336528,209720,169748,2281204,11723.601,3997.271,0,79.766,0,7.977,2020,1640,1.670,1.640,1.030,4,0,0,0,0,18,320,0,41,0
19-01 14:23:37,19.050,7.520,73.191,0.251,0,5323276,222912,169748,2281264,17440.500,9548.912,36.094,0,3.008,0,3571,3091,1.670,1.640,1.030,1,0,112.293,0,0,18,319,0,44,0
19-01 14:23:38,25.235,5.497,67.460,0,0,5333264,212692,169748,2281496,10458.740,3425.949,95.943,363.782,4.997,23.986,4647,5971,1.670,1.640,1.030,0,0,0.999,0,0,18,320,0,44,0
19-01 14:23:39,20.520,5.505,73.071,0.250,0,5320804,225012,169752,2281632,16087.685,8244.037,0,224.219,0,21.020,3708,3489,1.670,1.640,1.030,1,0,70.068,0,0,18,319,0,45,0
19-01 14:23:40,24.242,2.749,71.477,0.250,0,5327536,218264,169752,2281648,7389.601,3588.835,0,323.895,0,33.989,2916,2831,1.670,1.640,1.030,0,0,1.000,0,0,18,320,0,45,0
19-01 14:23:41,17.741,5.497,75.710,0,0,5327588,218196,169752,2281664,17474.738,12769.232,0,267.858,0,21.988,3231,3133,1.610,1.630,1.030,2,0,56.970,0,0,18,319,0,46,0
19-01 14:23:42,21.759,3.751,73.529,0,0,5379464,166312,169752,2281672,10623.241,3591.434,0,184.073,0,12.005,2550,2283,1.610,1.630,1.030,0,0,1.000,0,0,18,322,0,46,0
19-01 14:23:43,18.007,4.752,75.529,0.250,0,5311496,234268,169752,2281684,17196.633,9900.819,0,440.170,0,28.011,2886,2576,1.610,1.630,1.030,1,0,32.012,0,0,18,321,0,47,0
19-01 14:23:44,20.992,2.749,75.473,0,0,5362332,183432,169752,2281684,10780.086,3588.697,0,39.985,0,3.999,2165,1802,1.610,1.630,1.030,0,0,0,0,0,18,322,0,47,0
19-01 14:23:45,16.279,3.005,79.890,0.250,0,5290140,255640,169752,2281704,16419.830,10582.581,0,1755.082,0,138.243,3049,3123,1.610,1.630,1.030,1,0,14.025,0,0,18,321,0,48,0
19-01 14:23:46,20.964,5.491,71.877,0.250,0.250,5345928,199848,169752,2281708,9061.538,1617.240,0,79.864,0,5.990,2566,2186,1.560,1.620,1.030,1,0,33.942,0,0,18,321,0,48,0
19-01 14:23:47,18.226,2.247,78.396,0,0,5337892,207868,169752,2281724,19427.114,11731.368,0,0,0,0,2333,2101,1.560,1.620,1.030,1,0,0.999,0,0,18,321,0,51,0
19-01 14:23:48,26.788,8.512,63.340,0.501,0,5391500,154244,169752,2281740,6890.747,1622.295,32.045,2487.519,1.001,157.222,4089,11409,1.560,1.620,1.030,1,0,67.095,0,0,18,321,0,45,0
19-01 14:23:49,13.993,2.499,81.960,0.500,0,5391236,154432,169752,2281816,18539.861,11488.337,31.984,351.827,1.999,37.981,2472,2729,1.560,1.620,1.030,1,0,0,0,0,18,322,0,45,0
19-01 14:23:50,19.588,7.534,72.325,0,0,5342128,203512,169752,2281844,9767.880,2674.012,16.072,530.383,1.005,29.131,3485,3141,1.560,1.620,1.030,1,0,88.397,0,0,18,321,0,46,0
19-01 14:23:51,19.919,2.241,75.940,0,0,5369468,176164,169752,2281852,11521.970,7355.974,0,2246.829,0,354.553,2885,2070,1.440,1.590,1.020,1,0,0,0,0,18,322,0,46,0
19-01 14:23:52,21.006,5.752,72.270,0.500,0,5362460,183024,169752,2282000,25316.919,18202.975,0,384.105,0,18.005,2896,2494,1.440,1.590,1.020,2,0,47.013,0,0,18,323,0,42,0
19-01 14:23:53,19.973,2.247,76.147,0,0,5398656,146824,169752,2282004,12701.860,7334.103,0,63.914,0,5.992,2240,2050,1.440,1.590,1.020,1,0,0,0,0,18,324,0,42,0
19-01 14:23:54,20.346,5.275,74.601,0,0,5401960,143176,169752,2282348,12030.585,4785.508,337.588,8.038,21.099,2.009,2728,2369,1.440,1.590,1.020,2,0,14.066,0,0,18,323,0,44,0
19-01 14:23:55,20.679,2.491,75.243,0,0,5425876,150072,169752,2252400,13335.375,7318.960,0,251.141,0,20.928,2505,2346,1.440,1.590,1.020,1,0,1.993,0,0,18,324,0,44,0
19-01 14:23:56,22.752,5.250,69.505,1.250,0,5344788,229028,169756,2254512,8995.651,3535.256,2128.154,1508.109,84.006,176.013,5647,7571,1.320,1.560,1.020,3,0,8.001,0,0,18,325,0,36,0
19-01 14:23:57,22.251,3.250,73.753,0,0,5368016,205688,169756,2254624,11165.513,3590.165,0,404.019,0,25.001,2402,2019,1.320,1.560,1.020,1,0,0,0,0,18,326,0,36,0
19-01 14:23:58,16.815,3.263,78.050,1.004,0,5362440,211232,169756,2254656,19062.376,9297.790,64.247,3160.164,3.012,211.815,4100,4998,1.320,1.560,1.020,2,0,0,0,0,18,326,0,36,0
19-01 14:23:59,16.978,13.982,66.913,0.499,0,5307552,266036,169756,2254740,52048.095,2842.292,0,1002.692,0,94.876,6427,6773,1.320,1.560,1.020,1,0,322.579,0,0,18,325,0,37,0
19-01 14:24:00,8.511,23.029,67.084,0.250,0,5291444,282092,169756,2254792,34999.072,1622.043,0,805.014,0,44.055,7288,6322,1.320,1.560,1.020,1,0,618.779,0,0,18,325,0,33,0
19-01 14:24:01,9.001,22.502,67.257,0,0,5286700,286804,169756,2254824,7611.762,1620.162,0,1072.107,0,72.007,7318,6499,1.300,1.550,1.020,1,0,638.064,0,0,18,325,0,33,0
19-01 14:24:02,9.219,22.425,67.276,0,0,5288052,285416,169756,2254860,9279.122,1708.315,0,259.138,0,28.904,7343,6595,1.300,1.550,1.020,1,0,637.877,0,0,18,325,0,33,0
19-01 14:24:03,8.781,23.331,67.987,0,0,5297244,276196,169756,2254888,8886.978,1625.667,0,112.392,0,14.049,7161,6180,1.300,1.550,1.020,1,0,602.099,0,0,18,325,0,33,0
19-01 14:24:04,7.748,23.245,67.236,0,0,5284864,288540,169756,2254924,5996.709,1619.651,0,39.991,0,9.998,6894,5839,1.300,1.550,1.020,1,0,570.877,0,0,18,325,0,29,0
19-01 14:24:05,12.456,13.951,70.002,1.495,0,5289912,283172,169760,2255240,10572.493,1452.846,271.038,1574.415,22.919,9.965,5328,4442,1.300,1.550,1.020,1,0,336.805,0,0,18,325,0,29,0
19-01 14:24:06,16.488,8.494,71.449,3.248,0,5309404,369020,169784,2161652,8638.829,1618.844,915.346,3173.733,110.921,26.981,2829,2737,1.270,1.540,1.010,1,0,3.997,0,0,18,325,0,29,0
19-01 14:24:07,23.500,2.000,72.751,0,0,5324948,350196,169784,2164928,9344.156,2696.045,20.000,2452.041,4.000,294.005,2900,2021,1.270,1.540,1.010,1,0,18.000,0,0,18,326,0,29,0
19-01 14:24:08,12.251,1.750,82.004,3.000,0,5331640,342804,169784,2165628,22045.188,9034.487,588.032,1176.063,34.002,61.003,2304,2276,1.270,1.540,1.010,0,1,0,0,0,18,326,0,27,0
19-01 14:24:09,9.997,1.749,85.975,1.500,0,5332608,341108,169784,2166352,20890.957,9314.306,499.855,1327.616,40.988,67.980,2165,2426,1.270,1.540,1.010,2,0,0,0,0,18,326,0,27,0
19-01 14:24:10,14.755,1.250,81.276,1.250,0,5353840,318708,169784,2167516,21462.774,10131.198,824.260,1428.451,39.012,59.019,2342,2431,1.270,1.540,1.010,2,0,1.000,0,0,18,326,0,27,0
19-01 14:24:11,15.001,1.500,81.257,0.750,0,5353296,318460,169784,2168304,18359.581,10235.882,588.051,1096.094,45.004,49.004,2215,2283,1.170,1.520,1.010,0,0,1.000,0,0,18,326,0,27,0
19-01 14:24:12,15.502,1.750,80.512,1.250,0,5364732,306100,169784,2169224,19271.916,9295.407,736.111,1112.168,35.005,41.006,2066,1967,1.170,1.520,1.010,0,1,0,0,0,18,326,0,23,0
19-01 14:24:13,17.793,3.258,73.676,4.511,0,5399248,257520,169784,2183288,21368.055,9305.233,7285.407,986.357,75.180,36.086,2449,2060,1.170,1.520,1.010,0,1,3.007,0,0,18,326,0,23,0
19-01 14:24:14,38.914,9.729,47.645,3.492,0,5402776,223432,169956,2213656,9076.970,1616.433,9139.832,1784.063,119.736,63.859,4007,2672,1.170,1.520,1.010,2,0,8.980,0,0,18,326,0,23,0
19-01 14:24:15,27.245,3.499,66.987,1.250,0,5399584,210516,170268,2229552,8952.233,1619.680,255.949,6530.711,2.000,304.940,3351,2323,1.170,1.520,1.010,1,0,2.000,0,0,18,326,0,23,0
19-01 14:24:16,24.756,2.751,71.266,0.250,0,5427896,173756,170352,2237908,8567.975,1690.390,224.052,1212.279,12.003,47.011,2722,2663,1.240,1.530,1.010,1,0,0,0,0,18,326,0,22,0
19-01 14:24:17,22.543,3.507,72.136,1.002,0,5410564,168972,170880,2259296,9551.010,1623.061,0,2753.192,0,119.225,2968,2726,1.240,1.530,1.010,1,0,0,0,0,18,326,0,22,0
19-01 14:24:18,23.449,2.744,72.094,0.998,0,5396676,156236,171548,2284824,9259.899,1616.491,0,2430.724,0,83.818,2709,2502,1.240,1.530,1.010,1,0,0,0,0,18,326,0,22,0
19-01 14:24:19,24.751,2.750,71.002,1.000,0.250,5417112,143396,172028,2276568,6385.196,1794.055,4.000,2512.077,1.000,96.003,2829,2730,1.240,1.530,1.010,2,0,0,0,0,18,325,0,22,0
19-01 14:24:20,23.755,3.751,71.015,0,0,5393916,166644,172028,2276440,9012.943,1620.349,0,660.142,0,14.003,2590,2081,1.240,1.530,1.010,1,0,19.004,0,0,18,325,0,22,0
19-01 14:24:21,18.746,2.999,77.732,0,0,5377588,176564,172164,2282684,14651.526,3736.114,0,1131.732,0,15.996,2262,1985,1.220,1.520,1.010,1,0,16.996,0,0,18,325,0,22,0
19-01 14:24:22,17.748,3.000,77.990,0,0,5367992,185836,172176,2282976,12073.447,4550.415,0,443.943,0,5.999,2284,2067,1.220,1.520,1.010,2,0,17.998,0,0,18,326,0,22,0
19-01 14:24:23,23.750,5.500,68.251,0,0,5355572,190968,172580,2289200,8852.068,1794.014,0,880.007,0,14.000,10707,18922,1.220,1.520,1.010,1,0,14.000,0,0,18,325,0,22,0
19-01 14:24:24,23.083,5.771,69.752,0,0,5369952,176156,172640,2289468,7527.189,1625.873,0,84.305,0,1.004,10922,19553,1.220,1.520,1.010,1,0,13.047,0,0,18,325,0,20,0
19-01 14:24:25,21.186,5.982,71.286,0.249,0,5328948,230404,172652,2276564,11457.575,1615.147,0,2763.696,0,38.883,2816,2464,1.220,1.520,1.010,1,0,9.970,0,0,18,325,0,20,0
19-01 14:24:26,24.987,4.748,68.465,0.500,0,5339576,219892,172652,2276592,9421.208,1619.176,15.992,635.677,0.999,35.982,9742,17183,1.280,1.530,1.020,2,0,54.972,0,0,18,325,0,20,0
19-01 14:24:27,23.007,4.501,72.020,0,0,5381380,178056,172652,2276608,6764.924,2113.601,0,216.061,0,8.002,3648,4250,1.280,1.530,1.020,1,0,36.010,0,0,18,326,0,20,0
19-01 14:24:28,19.249,2.750,76.245,0.250,0,5373580,179396,172652,2283068,14382.133,3363.797,0,1275.923,0,26.998,2302,2003,1.280,1.530,1.020,1,0,2.000,0,0,18,325,0,20,0
19-01 14:24:29,17.744,3.249,77.475,0.250,0,5376968,175940,172652,2283136,72749.652,4495.557,0,631.797,0,30.990,2491,2253,1.280,1.530,1.020,2,0,16.995,0,0,18,326,0,20,0
19-01 14:24:30,23.512,6.003,67.535,0.750,0,5377476,168356,172924,2289360,19610.137,1794.928,0,3749.939,0,174.090,10164,18474,1.280,1.530,1.020,4,0,14.007,0,0,18,325,0,20,0
19-01 14:24:31,22.503,6.501,69.258,0,0,5369796,175764,172964,2289592,9111.042,1620.185,0,1004.115,0,34.004,10484,19049,1.340,1.530,1.020,1,0,17.002,0,0,18,325,0,20,0
19-01 14:24:32,21.242,5.748,71.973,0.250,0,5343712,215208,172988,2276612,7120.327,1619.392,0,923.653,0,16.994,2497,2055,1.340,1.530,1.020,1,0,10.996,0,0,18,325,0,20,0
19-01 14:24:33,23.244,4.499,71.233,0,0,5335044,223852,172988,2276636,9998.580,1619.608,0,3.999,0,1.000,2915,2264,1.340,1.530,1.020,2,0,69.983,0,0,18,325,0,20,0
19-01 14:24:34,23.006,4.501,71.268,0,0,5352716,198036,172988,2284812,8867.246,1620.410,0,12.003,0,3.001,2966,2558,1.340,1.530,1.020,1,0,49.012,0,0,18,325,0,20,0
19-01 14:24:35,19.491,2.249,77.465,0,0,5366636,181688,172988,2287240,11581.783,3620.369,3.998,927.582,1.000,7.996,2250,1912,1.340,1.530,1.020,1,0,16.992,0,0,18,326,0,20,0
19-01 14:24:36,14.757,2.001,81.789,1.000,0,5374084,174104,172988,2287376,22434.739,10637.092,0,1868.895,0,70.034,2198,2295,1.230,1.510,1.020,0,0,0,0,0,18,326,0,20,0
19-01 14:24:37,9.993,0.999,86.687,0.500,0,5371280,176464,172988,2287820,51910.449,11711.528,0,1430.965,0,58.957,2126,2373,1.230,1.510,1.020,0,0,0,0,0,18,327,0,20,0
19-01 14:24:38,11.499,1.250,84.496,0.750,0,5371124,176304,172992,2288124,132346.118,13800.387,0,2715.879,0,277.988,2671,2369,1.230,1.510,1.020,1,1,0,0,0,18,327,0,20,0
19-01 14:24:39,18.536,1.252,78.403,0.501,0,5392028,155224,173048,2288236,18878.864,7900.427,0,1094.136,0,51.100,2334,2205,1.230,1.510,1.020,1,0,0,0,0,18,327,0,20,0
19-01 14:24:40,15.779,1.503,81.648,0.501,0,5398444,148452,173144,2288492,22776.174,10925.751,0,1306.362,0,60.109,2324,2398,1.230,1.510,1.020,4,0,1.002,0,0,18,327,0,20,0
19-01 14:24:41,11.468,3.241,81.769,1.246,0,5392900,153076,173380,2289076,333236.496,19101.090,3.989,13338.355,0.997,153.567,4671,6192,1.130,1.480,1.010,0,1,1.994,0,0,18,327,0,16,0
19-01 14:24:42,12.746,1.750,83.726,1.500,0,5393100,152348,173592,2289324,81880.751,14591.857,127.964,1811.486,8.997,74.979,2794,2752,1.130,1.480,1.010,0,0,0,0,0,18,327,0,18,0
19-01 14:24:43,13.247,2.000,82.483,0.500,0,5400308,133252,173672,2300996,1463795.394,22490.458,0,1123.773,0,48.990,2940,2673,1.130,1.480,1.010,1,0,1.000,0,0,18,327,0,18,0
19-01 14:24:44,10.004,2.751,84.281,0.750,0,5390788,143352,173732,2301228,14551733.199,66980.898,0,16346.076,0,64.024,5673,2932,1.130,1.480,1.010,0,0,3.001,0,0,18,327,0,18,0
19-01 14:24:45,14.753,2.751,80.518,0.750,0,5401840,119776,173928,2313516,1804209.683,10049.248,164.037,3468.776,4.001,79.018,2804,2365,1.130,1.480,1.010,1,0,3.001,0,0,18,327,0,14,0
19-01 14:24:46,18.058,5.267,63.705,11.537,0,5382488,148160,177028,2299504,10792.783,1625.238,16.052,48151.182,1.003,660.127,3974,3138,1.200,1.490,1.020,1,0,0,0,0,18,327,0,14,0
19-01 14:24:47,23.661,2.491,71.482,0.498,0,5388160,126576,177776,2313744,7766.837,1655.783,0,1701.611,0,44.832,2633,2373,1.200,1.490,1.020,1,0,0,0,0,18,327,0,14,0
19-01 14:24:48,29.004,6.001,64.258,0.500,0,5415640,139884,178080,2273716,9332.127,1620.196,0,1332.161,0,163.020,3651,13993,1.200,1.490,1.020,2,0,36.004,0,0,18,327,0,15,0
19-01 14:24:49,23.501,3.250,70.504,0.750,0,5414600,148468,178876,2265224,10967.659,1620.097,0,2732.164,0,110.007,3096,3058,1.200,1.490,1.020,1,0,0,0,0,18,327,0,10,0
19-01 14:24:50,22.331,4.266,71.761,0.753,0,5411292,138356,179712,2276532,6033.962,1625.918,0,2268.256,0,82.300,2721,2501,1.200,1.490,1.020,3,0,0,0,0,18,327,0,10,0
19-01 14:24:51,21.923,5.232,70.005,2.242,0,5394680,158656,180868,2271104,5647.229,1614.348,3.986,59758.789,0.997,227.205,2925,2510,1.190,1.480,1.020,1,0,0,0,0,18,327,0,10,0
19-01 14:24:52,25.002,2.250,71.255,0.500,0,5396496,142764,181332,2283584,10625.767,1620.117,0,3544.256,0,49.004,2684,2320,1.190,1.480,1.020,1,0,0,0,0,18,327,0,10,0
19-01 14:24:53,23.250,3.500,71.750,0.750,0,5405700,130580,182340,2284924,7474.016,1458.003,0,2544.005,0,87.000,2758,2534,1.190,1.480,1.020,1,0,0,0,0,18,327,0,7,0
19-01 14:24:54,18.762,3.002,76.548,0.250,0.250,5336984,233068,182448,2250800,14791.246,4212.633,0,560.350,0,20.013,2195,1825,1.190,1.480,1.020,3,0,2.001,0,0,18,325,0,7,0
19-01 14:24:55,19.478,3.996,75.915,0.250,0,5367492,202528,182472,2250808,12694.709,2888.748,0,887.001,0,22.974,2578,2416,1.190,1.480,1.020,0,0,34.961,0,0,18,326,0,7,0
19-01 14:24:56,23.022,3.253,72.069,0.500,0,5353936,208956,182940,2257184,16108.404,2629.515,16.015,1861.780,1.001,39.037,2861,2777,1.170,1.470,1.020,3,0,4.004,0,0,18,325,0,7,0
19-01 14:24:57,18.488,2.748,77.949,0,0,5357768,201168,183132,2260624,14437.484,4679.915,0,499.671,0,16.989,2237,1983,1.170,1.470,1.020,1,0,16.989,0,0,18,326,0,4,0
19-01 14:24:58,22.757,6.002,69.020,0.250,0,5343600,211028,183560,2263588,9213.713,1794.528,0,1304.384,0,29.009,10483,19001,1.170,1.470,1.020,1,0,13.004,0,0,18,325,0,4,0
19-01 14:24:59,23.497,5.999,68.741,0,0,5342112,212148,183592,2263852,60085.419,1619.796,0,3135.604,0,156.980,10306,18380,1.170,1.470,1.020,1,0,12.998,0,0,18,325,0,4,0
19-01 14:25:00,20.498,5.999,72.244,0.250,0,5344452,209644,183632,2263928,30019.409,1619.860,0,275.976,0,5.000,2271,1685,1.170,1.470,1.020,2,0,6.999,0,0,18,325,0,4,0
19-01 14:25:01,25.506,14.253,57.013,1.750,0,5339472,228384,183648,2251416,7083.673,1458.344,332.078,360.085,13.003,15.004,4924,4561,1.240,1.480,1.020,1,0,341.081,0,0,18,325,0,3,0
19-01 14:25:02,23.270,4.754,70.312,0.751,0,5360860,203892,183888,2254264,9579.396,1715.504,516.453,2674.344,15.013,70.061,3774,4399,1.240,1.480,1.020,2,0,2.002,0,0,18,326,0,3,0
19-01 14:25:03,25.548,5.009,66.374,1.503,0,5349976,213500,183888,2255540,7267.604,1623.038,977.830,3274.129,53.099,350.656,8130,11758,1.240,1.480,1.020,1,0,1.002,0,0,18,327,0,7,0
19-01 14:25:04,9.971,18.696,68.801,1.745,0,5332932,229620,183888,2256464,9029.855,1615.323,857.517,3110.993,8.974,184.466,6893,6491,1.240,1.480,1.020,2,0,427.761,0,0,18,329,0,7,0
19-01 14:25:05,12.047,4.518,70.776,11.545,0,5288468,237676,183888,2292868,7820.467,1626.336,36514.253,1007.927,2313.011,15.059,7313,7031,1.240,1.480,1.020,0,1,21.082,0,0,18,327,0,9,0
19-01 14:25:06,6.722,3.237,81.910,5.975,0,5292460,226972,184292,2299168,6130.533,2624.099,6672.282,3314.232,1397.196,129.462,4689,5339,1.140,1.460,1.020,0,0,5.975,0,0,18,328,0,9,0
19-01 14:25:07,2.750,1.500,93.992,0.500,0,5293508,225740,184292,2299352,51710.379,5098.544,183.984,11119.006,5.000,56.995,1643,2075,1.140,1.460,1.020,0,0,0,0,0,18,328,0,9,0
19-01 14:25:08,2.000,0.750,95.511,0.250,0,5289416,229816,184292,2299368,34108.989,3713.434,0,48.006,0,7.001,1397,1876,1.140,1.460,1.020,0,0,2.000,0,0,18,328,0,9,0
19-01 14:25:09,5.250,3.750,82.244,7.749,0,5260472,258716,184300,2299400,155614.270,130568.997,267.982,2935.798,13.999,343.976,2879,2665,1.140,1.460,1.020,0,0,27.998,0,0,18,327,0,9,0
19-01 14:25:10,2.000,0.500,95.745,0,0,5258684,260500,184300,2299404,8680.521,1619.911,0,307.983,0,11.999,1372,2050,1.140,1.460,1.020,0,0,1.000,0,0,18,327,0,9,0
19-01 14:25:11,3.247,3.996,91.166,0.250,0,5233184,285940,184304,2299460,7632.957,1618.507,47.956,255.764,1.998,22.979,2279,2737,1.050,1.430,1.010,1,0,87.919,0,0,18,327,0,9,0
19-01 14:25:12,1.749,1.000,95.720,0,0,5233244,285876,184304,2299464,9422.017,1619.487,0,67.978,0,5.998,1381,1847,1.050,1.430,1.010,0,0,0,0,0,18,327,0,9,0
19-01 14:25:13,8.515,2.755,87.406,0.250,0,5261272,257820,184304,2299492,6761.094,1622.903,272.487,452.810,3.005,50.090,2054,2391,1.050,1.430,1.010,0,0,3.005,0,0,18,327,0,9,0
19-01 14:25:14,19.740,6.247,72.712,0,0,5276904,242200,184304,2299496,6667.545,1619.161,511.735,103.946,3.998,7.996,2679,2134,1.050,1.430,1.010,2,0,7.996,0,0,18,327,0,9,0
19-01 14:25:15,5.751,1.500,91.264,0,0,5261248,257852,184304,2299500,10170.591,1620.254,256.040,0,2.000,0,1604,1827,1.050,1.430,1.010,0,0,2.000,0,0,18,327,0,9,0
19-01 14:25:16,1.500,1.000,96.744,0.250,0,5260832,258268,184304,2299500,7827.493,1619.895,0,215.986,0,14.999,1156,1630,0.960,1.410,1,0,0,0,0,0,18,327,0,9,0
19-01 14:25:17,2.000,1.500,91.510,3.250,0,5253264,265820,184304,2299500,6300.712,1620.183,0,33083.741,0,510.058,2375,1895,0.960,1.410,1,2,0,0,0,0,18,327,0,9,0
19-01 14:25:18,1.249,1.000,96.708,0,0,5240240,278848,184304,2299500,9508.882,1457.369,0,0,0,0,1233,1717,0.960,1.410,1,1,0,0,0,0,18,327,0,9,0
19-01 14:25:19,2.499,1.000,94.710,0.500,0,5238872,280388,184304,2299500,7274.890,1619.308,0,691.704,0,28.988,1566,2168,0.960,1.410,1,0,0,0,0,0,18,327,0,9,0
19-01 14:25:20,2.252,1.001,95.824,0.250,0,5237332,281956,184304,2299540,9430.269,1621.250,0,96.074,0,13.010,1405,1927,0.960,1.410,1,0,0,0,0,0,18,327,0,9,0
19-01 14:25:21,2.250,0,96.483,0.250,0,5235960,283328,184304,2299540,7353.668,1619.707,0,63.988,0,8.998,1208,1729,0.890,1.390,1,0,0,0,0,0,18,327,0,9,0
19-01 14:25:22,1.750,0.500,96.734,0,0,5234040,285248,184304,2299540,6000.027,1619.737,0,0,0,0,1214,1707,0.890,1.390,1,0,0,0,0,0,18,327,0,9,0
19-01 14:25:23,2.000,4.751,88.010,3.500,0,5233596,285692,184304,2299540,8922.015,1620.184,0,133843.220,0,709.081,3736,3336,0.890,1.390,1,1,0,0,0,0,18,327,0,9,0
19-01 14:25:24,2.000,0.250,96.503,0,0,5233676,285596,184304,2299572,8792.300,1620.055,0,1284.044,0,26.001,1223,1734,0.890,1.390,1,0,0,0,0,0,18,327,0,9,0
19-01 14:25:25,2.000,0.750,95.740,0.250,0,5234148,285120,184304,2299576,9381.024,1619.831,0,1111.884,0,211.978,1766,2081,0.890,1.390,1,0,0,2.000,0,0,18,327,0,9,0
19-01 14:25:26,1.750,1.000,95.993,0.250,0,5234148,285120,184304,2299576,8399.406,1565.889,0,195.986,0,19.999,1447,2079,0.810,1.360,0.990,0,0,1.000,0,0,18,327,0,9,0
19-01 14:25:27,1.750,0.750,96.267,0,0,5234144,285120,184304,2299580,9214.601,1512.263,0,0,0,0,1360,1841,0.810,1.360,0.990,0,0,0,0,0,18,327,0,9,0
19-01 14:25:28,2.500,1.000,95.489,0.250,0,5233544,285712,184304,2299588,8135.095,1619.820,0,10142.872,0,45.995,1416,1768,0.810,1.360,0.990,0,0,0,0,0,18,327,0,9,0
19-01 14:25:29,1.749,1.250,95.217,0.250,0,5233796,285460,184304,2299588,53301.410,1619.435,0,543.810,0,32.988,1601,2160,0.810,1.360,0.990,0,0,0,0,0,18,327,0,9,0
19-01 14:25:30,1.501,0.500,96.810,0,0,5233796,285460,184304,2299588,28077.526,1621.012,0,32.020,0,4.002,1170,1665,0.810,1.360,0.990,1,0,0,0,0,18,327,0,9,0
19-01 14:25:31,2.000,0.500,96.479,0,0.250,5233796,285460,184304,2299588,9080.985,1619.641,0,0,0,0,1192,1626,0.750,1.340,0.990,0,0,0,0,0,18,327,0,9,0
19-01 14:25:32,2.000,0.750,96.478,0,0,5234020,285236,184304,2299588,7832.242,1619.636,0,143.968,0,2.000,1280,1767,0.750,1.340,0.990,0,0,2.000,0,0,18,327,0,9,0
19-01 14:25:33,1.500,0.250,96.250,0,0,5233976,285236,184304,2299632,8629.019,1620.004,32.000,112.000,1.000,9.000,1355,2030,0.750,1.340,0.990,0,0,0,0,0,18,327,0,9,0
19-01 14:25:34,2.251,2.251,94.543,0.250,0,5230916,288296,184304,2299632,7078.214,1620.736,0,3249.475,0,30.014,1505,1890,0.750,1.340,0.990,0,0,6.003,0,0,18,327,0,9,0
19-01 14:25:35,1.750,0.750,96.241,0,0,5231084,288128,184304,2299632,10258.047,1457.865,0,79.993,0,10.999,1390,1956,0.750,1.340,0.990,0,0,1.000,0,0,18,327,0,9,0
19-01 14:25:36,1.499,0.749,95.927,0,0,5224772,294440,184304,2299632,10321.107,1618.762,0,591.548,0,125.904,1280,1648,0.690,1.320,0.980,0,0,0,0,0,18,327,0,9,0
19-01 14:25:37,1.751,0.500,96.578,0,0,5224772,294440,184304,2299632,7004.679,1621.314,0,0,0,0,1176,1684,0.690,1.320,0.980,0,0,0,0,0,18,327,0,9,0
19-01 14:25:38,2.250,0.500,96.488,0,0,5224764,294440,184304,2299640,6697.144,1619.793,0,0,0,0,1323,1803,0.690,1.320,0.980,0,0,0,0,0,18,327,0,9,0
19-01 14:25:39,2.000,1.250,95.522,0.500,0.250,5224764,294440,184304,2299640,9401.176,1620.375,0,348.081,0,31.007,1516,2170,0.690,1.320,0.980,0,0,0,0,0,18,327,0,9,0
19-01 14:25:40,7.523,1.755,89.523,0,0,5244640,274560,184308,2299640,286202.644,7085.604,0,80.245,0,12.037,2283,2586,0.690,1.320,0.980,1,0,8.024,0,0,18,327,0,9,0
19-01 14:25:41,14.702,4.984,78.243,0.748,0,5258476,260576,184328,2299768,297236.383,15405.383,123.594,191.371,5.980,14.951,3699,3222,0.630,1.300,0.980,0,0,37.876,0,0,18,327,0,9,0
