"pcp-dstat 6.2.0 CSV Output"
"Author:","PCP team <pcp@groups.io> and Dag Wieers <dag@wieers.com>",,,,"URL:","https://pcp.io/ and http://dag.wieers.com/home-made/dstat/"
"Host:","ubuntu",,,,"User:","ubuntu"
"Cmdline:","dstat -tcmndrylpg --tcp --output /tmp/devstack_logs/dstat-csv.log",,,,"Date:","16 Jan 2026 21:18:42 UTC"
"system","total usage",,,,,"memory usage",,,,"net/total",,"dsk/total",,"io/total",,"system",,"load avg",,,"procs",,,"paging",,"tcp sockets",,,,
"time","total usage:usr","total usage:sys","total usage:idl","total usage:wai","total usage:stl","used","free","buf","cach","net/total:recv","net/total:send","dsk/total:read","dsk/total:writ","read","writ","int","csw","1m","5m","15m","run","blk","new","in","out","lis","act","syn","tim","clo"
16-01 21:18:42,,999728,1707704,161956,4952204,,,,,,,1.370,1.070,0.630,1,0,,,,10,5,0,17,1
16-01 21:18:43,19.716,20.964,58.400,0.499,0,1006416,1700584,161992,4952480,41195.141,11923.491,0,2567.584,0,101.825,6843,5973,1.500,1.110,0.640,1,0,522.102,0,0,10,5,0,17,1
16-01 21:18:44,26.786,18.274,53.572,0.501,0,1022464,1683936,162040,4952928,22255.800,10993.720,0,1598.140,0,53.071,6337,6020,1.500,1.110,0.640,1,0,372.499,0,0,10,4,0,17,2
16-01 21:18:45,31.976,15.988,50.962,0.250,0,1071692,1615860,162124,5008772,194380.362,11228.702,0,1842.638,0,56.958,7425,8713,1.500,1.110,0.640,3,0,235.826,0,0,11,4,0,17,2
16-01 21:18:46,21.960,3.743,72.617,0.499,0,1167488,1500988,162948,5110604,7689.912,1617.037,0,1409.418,0,47.912,2276,1886,1.500,1.110,0.640,1,0,0.998,0,0,11,4,0,17,2
16-01 21:18:47,41.256,10.001,47.257,0.500,0,1170380,1480304,163348,5126148,8269.232,1620.241,16.002,5940.885,1.000,64.010,4437,3091,1.500,1.110,0.640,2,0,116.017,0,0,11,6,0,17,2
16-01 21:18:48,38.264,11.754,48.268,1.250,0,1227432,1399856,164000,5146820,7640.861,1512.566,36.013,3465.298,3.001,104.039,4743,3483,1.540,1.120,0.650,2,0,171.064,0,0,11,6,0,19,2
16-01 21:18:49,44.755,5.001,48.755,1.000,0,1267004,1342832,164996,5160628,8423.866,1566.161,0,4100.422,0,108.011,3241,2027,1.540,1.120,0.650,2,0,0,0,0,11,6,0,19,2
16-01 21:18:50,39.528,5.254,47.284,6.254,0,1287280,1288804,166600,5189980,9117.535,1621.162,0,20562.739,0,1457.044,9485,12556,1.540,1.120,0.650,1,1,22.016,0,0,11,8,0,19,2
16-01 21:18:51,32.532,6.506,47.296,12.262,0,1306928,1277056,167952,5180184,11550.317,4412.323,0,60943.711,0,4759.663,18347,30432,1.540,1.120,0.650,3,0,60.059,0,0,11,6,0,19,0
16-01 21:18:52,41.150,8.978,49.130,0.249,0,1217148,1366788,167976,5180208,6616.881,2107.865,0,2106.867,0,98.759,3841,2595,1.540,1.120,0.650,3,0,109.733,0,0,11,5,0,19,0
16-01 21:18:53,40.017,4.752,53.772,0.250,0,1242932,1333624,168076,5186728,13930.781,3407.414,0,2196.912,0,72.030,2847,1585,1.580,1.140,0.660,3,0,2.001,0,0,11,4,0,19,0
16-01 21:18:54,38.742,5.999,54.489,0.750,0,1223924,1352556,168140,5186740,49352.083,4550.086,0,8082.376,0,435.912,3651,3409,1.580,1.140,0.660,3,0,26.995,0,0,11,5,0,19,0
16-01 21:18:55,45.001,8.250,45.251,0.500,0,1237076,1331252,168652,5192968,44452.757,1794.031,0,1380.024,0,77.001,11351,18543,1.580,1.140,0.660,3,0,14.000,0,0,11,4,0,19,0
16-01 21:18:56,37.605,16.797,43.622,0,0,1221132,1346732,168716,5193272,7599.271,1516.244,0,100.281,0,4.011,12511,19820,1.580,1.140,0.660,3,0,337.946,0,0,11,4,0,19,0
16-01 21:18:57,31.196,24.707,43.675,0.250,0,1198300,1383948,168768,5180952,9056.349,1657.136,0,2531.625,0,95.834,6627,6592,1.580,1.140,0.660,3,0,467.193,0,0,11,4,0,19,0
16-01 21:18:58,53.941,14.234,31.216,0,0,1216376,1365792,168772,5181016,7442.836,1618.225,0,7.991,0,1.998,5239,5433,1.610,1.150,0.670,5,0,215.763,0,0,11,5,0,19,0
16-01 21:18:59,46.614,5.733,46.864,0,0,1247072,1335072,168780,5181104,5929.755,1615.302,0,7.977,0,1.994,2944,1528,1.610,1.150,0.670,3,0,49.855,0,0,11,5,0,19,0
16-01 21:19:00,44.014,6.752,49.015,0,0,1273844,1307856,168788,5181540,8971.806,1620.507,0,292.091,0,13.004,2611,1263,1.610,1.150,0.670,4,0,0,0,0,11,5,0,19,0
16-01 21:19:01,29.830,9.776,59.910,0,0,1291340,1287912,168852,5183900,7117.044,1624.347,0,2627.030,0,145.389,4751,5322,1.610,1.150,0.670,0,0,118.317,0,0,11,4,0,20,0
16-01 21:19:02,15.782,4.760,78.156,0.251,0,1316488,1262744,168856,5183900,5743.496,1623.249,0,28585.215,0,372.746,2671,1834,1.610,1.150,0.670,1,0,22.044,0,0,11,4,0,20,0
16-01 21:19:03,22.733,2.998,73.694,0,0,1356872,1222356,168856,5183904,8226.790,1510.859,0,0,0,0,1787,1208,1.560,1.150,0.670,1,0,0,0,0,11,4,0,20,0
16-01 21:19:04,22.529,2.253,72.345,1.252,0,1382500,1196604,168956,5184140,8897.626,1622.120,0,2054.685,0,195.255,3654,4400,1.560,1.150,0.670,1,0,1.001,0,0,11,10,0,20,0
16-01 21:19:05,18.451,4.738,73.307,3.740,0,1386516,1192532,169000,5184152,8408.818,1561.880,7.979,2637.044,1.995,150.603,2568,2196,1.560,1.150,0.670,0,1,41.889,0,0,11,4,0,22,0
16-01 21:19:06,18.478,1.748,77.906,0.749,0,1415620,1162804,169276,5184432,9416.603,3938.233,363.560,3455.817,17.978,112.863,1965,1409,1.560,1.150,0.670,0,0,0,0,0,11,5,0,16,0
16-01 21:19:07,16.012,3.503,72.056,7.506,0,1403484,1174524,169320,5184664,7701.975,3384.626,256.199,24963.366,63.049,118.092,2674,2651,1.560,1.150,0.670,0,1,1.001,0,0,11,17,0,16,0
16-01 21:19:08,17.794,5.012,74.685,1.504,0,1390568,1187288,169320,5184816,13306.974,5687.092,12.030,0,3.007,0,2572,1969,1.520,1.140,0.670,1,0,46.114,0,0,11,28,0,17,0
16-01 21:19:09,18.950,2.493,78.046,0,0,1383768,1194084,169320,5184820,10404.783,3932.713,0,0,0,0,1692,1087,1.520,1.140,0.670,0,0,0,0,0,11,29,0,17,0
16-01 21:19:10,20.562,7.523,71.216,0,0,1349376,1228444,169320,5184848,11251.065,6243.904,0,12.036,0,3.009,3344,2770,1.520,1.140,0.670,2,0,156.474,0,0,11,28,0,18,0
16-01 21:19:11,41.957,6.743,50.448,0,0,1473748,1104072,169320,5184848,10497.145,2971.927,0,2297.624,0,14.985,2887,1439,1.520,1.140,0.670,1,0,0,0,0,11,29,0,18,0
16-01 21:19:12,29.772,4.503,65.298,0,0,1477732,1100004,169332,5184920,24773.100,17339.669,0,3750.740,0,16.012,5114,6718,1.520,1.140,0.670,1,0,0,0,0,11,30,0,18,0
16-01 21:19:13,55.765,24.757,19.005,0.250,0,1505396,1072108,169340,5185104,11699.230,3113.860,0,328.091,0,32.009,6129,5927,1.790,1.210,0.690,7,0,578.160,0,0,11,28,0,19,0
16-01 21:19:14,87.516,12.252,0,0,0,1673172,904328,169340,5185104,10094.858,5507.014,0,0,0,0,4924,2533,1.790,1.210,0.690,4,0,0,0,0,11,30,0,18,0
16-01 21:19:15,76.610,7.985,14.224,0,0.250,1746860,830532,169348,5185200,39776.158,31524.270,0,475.130,0,41.923,7114,9451,1.790,1.210,0.690,2,1,0,0,0,11,34,0,18,0
16-01 21:19:16,52.005,11.751,35.503,0,0,1468928,1108276,169356,5185380,22271.933,13020.130,0,488.042,0,50.004,6394,8273,1.790,1.210,0.690,2,0,252.022,0,0,11,28,0,24,0
16-01 21:19:17,20.231,6.244,73.432,0,0,1522920,1054276,169360,5185384,8045.522,1618.496,0,379.647,0,9.991,2478,1851,1.790,1.210,0.690,1,0,57.946,0,0,11,28,0,24,0
16-01 21:19:18,15.013,3.003,80.821,0.250,0,1513952,1063236,169364,5185392,15308.359,7635.663,0,33705.413,0,123.107,2582,2539,1.730,1.200,0.700,1,0,1.001,0,0,11,29,0,23,0
16-01 21:19:19,24.724,9.240,65.183,0,0,1458672,1118500,169372,5185400,9478.190,2390.526,0,887.082,0,60.937,4069,12638,1.730,1.200,0.700,1,0,103.892,0,0,11,28,0,25,0
16-01 21:19:20,18.749,2.500,78.497,0.250,0,1487444,1089724,169372,5185404,13827.462,5534.785,0,39.998,0,4.000,2026,1610,1.730,1.200,0.700,1,0,0,0,0,11,29,0,25,0
16-01 21:19:21,13.286,11.531,74.703,0,0,1454712,1122412,169388,5185432,10931.656,4691.728,0,192.522,0,27.073,4799,4682,1.730,1.200,0.700,2,0,269.732,0,0,11,28,0,26,0
16-01 21:19:22,34.466,30.720,34.217,0,0,1455996,1121084,169388,5185476,6233.932,1564.477,0,1930.121,0,107.895,6536,5585,1.730,1.200,0.700,5,0,768.252,0,0,11,28,0,25,0
16-01 21:19:23,85.581,14.013,0.751,0,0,1642504,934552,169388,5185476,7778.363,4207.983,0,61422.142,0,175.166,5113,2172,1.990,1.270,0.720,4,0,0,0,0,11,30,0,25,0
16-01 21:19:24,67.761,7.001,24.504,0,0,1674016,902824,169392,5185688,81098.575,38041.368,0,1280.214,0,43.007,7470,11205,1.990,1.270,0.720,3,0,0,0,0,11,33,0,25,0
16-01 21:19:25,72.594,20.955,5.488,0.499,0,1548804,1027924,169404,5185756,55717.191,12121.934,0,630.644,0,76.835,7719,9455,1.990,1.270,0.720,7,0,309.335,0,0,11,28,0,26,0
16-01 21:19:26,88.189,11.525,0,0,0,1672284,904444,169404,5185756,10468.402,1693.624,0,188.403,0,10.021,4885,2330,1.990,1.270,0.720,7,0,0,0,0,11,28,0,26,0
16-01 21:19:27,79.609,8.235,12.478,0,0,1745072,831272,169408,5186136,41717.166,35841.565,0,1397.527,0,125.777,7818,8771,1.990,1.270,0.720,3,0,0,0,0,11,34,0,26,0
16-01 21:19:28,70.876,14.025,13.274,0,0,1525720,1050372,169420,5186372,41329.673,30138.724,0,613.093,0,38.068,9940,14879,2.150,1.310,0.740,2,0,269.480,0,0,11,28,0,31,0
16-01 21:19:29,39.848,7.721,52.300,0,0,1537244,1038844,169420,5186376,9662.087,3576.337,0,175.330,0,10.958,3126,1826,2.150,1.310,0.740,1,0,29.886,0,0,11,29,0,31,0
16-01 21:19:30,33.369,4.767,60.717,0.251,0,1449012,1127032,169436,5186404,17686.067,13844.368,0,212.759,0,20.072,4476,5104,2.150,1.310,0.740,1,0,48.172,0,0,11,29,0,31,0
16-01 21:19:31,61.135,20.462,17.966,0,0,1497584,1078384,169440,5186448,14711.438,5901.942,0,267.499,0,17.966,5687,4973,2.150,1.310,0.740,3,0,335.372,0,0,11,28,0,32,0
16-01 21:19:32,51.480,5.248,43.483,0,0,1546936,1029004,169440,5186476,23979.688,19117.576,0,207.919,0,9.996,3993,4635,2.150,1.310,0.740,1,0,0,0,0,11,31,0,32,0
16-01 21:19:33,54.636,18.546,25.564,0.251,0,1488132,1087608,169448,5186668,19129.779,12459.118,0,1094.734,0,82.205,7292,8701,2.300,1.360,0.750,4,0,258.646,0,0,11,28,0,33,0
16-01 21:19:34,73.471,7.997,18.493,0,0,1591888,983840,169448,5186680,19285.268,12496.990,0,0,0,0,4520,2256,2.300,1.360,0.750,4,0,0,0,0,11,32,0,29,0
16-01 21:19:35,63.953,6.745,28.229,0,0,1578164,997328,169468,5186896,39231.105,30784.326,0,463.658,0,47.965,8310,12762,2.300,1.360,0.750,3,0,21.984,0,0,11,29,0,31,0
16-01 21:19:36,63.516,18.755,17.504,0.250,0,1516644,1058828,169468,5186920,10156.580,1818.462,0,244.062,0,14.004,4598,3044,2.300,1.360,0.750,4,0,302.077,0,0,11,28,0,32,0
16-01 21:19:37,49.968,5.247,44.222,0,0,1543016,1032432,169468,5186944,24184.705,17128.168,0,127.919,0,8.994,4427,4106,2.300,1.360,0.750,4,0,0,0,0,11,31,0,32,0
16-01 21:19:38,53.267,17.506,28.509,0.250,0,1468824,1106516,169500,5187020,21248.866,15115.884,0,6358.054,0,390.126,7882,9540,2.360,1.390,0.770,4,0,300.097,0,0,11,28,0,34,0
16-01 21:19:39,54.507,5.476,39.076,0,0,1520800,1054404,169500,5187156,18782.151,8453.262,0,0,0,0,3652,1711,2.360,1.390,0.770,2,0,0,0,0,11,31,0,31,0
16-01 21:19:40,52.036,8.798,38.713,0,0,1474764,1100168,169500,5187488,32250.191,22751.000,0,209.149,0,20.110,7450,9364,2.360,1.390,0.770,5,0,124.685,0,0,11,28,0,34,0
16-01 21:19:41,64.845,15.155,19.628,0,0,1520868,1054056,169504,5187492,6402.053,1609.954,0,234.537,0,11.926,4066,2217,2.360,1.390,0.770,5,0,161.989,0,0,11,28,0,34,0
16-01 21:19:42,44.995,5.027,49.017,0,0,1543208,1031548,169504,5187660,29763.148,22898.751,0,0,0,0,5614,6460,2.360,1.390,0.770,1,0,0,0,0,11,31,0,34,0
16-01 21:19:43,59.273,13.755,26.510,0.250,0,1540324,1034324,169568,5187704,14090.418,6101.346,0,3377.299,0,224.086,5920,5777,2.410,1.410,0.780,3,0,112.043,0,0,11,28,0,36,0
16-01 21:19:44,54.140,5.239,39.919,0,0,1564448,1010184,169568,5187720,21087.230,14418.755,0,19.960,0,0.998,4059,2688,2.410,1.410,0.780,2,0,0,0,0,11,31,0,36,0
16-01 21:19:45,52.886,19.801,26.819,0.251,0,1480960,1093536,169580,5187812,22357.650,14347.997,0,838.161,0,68.176,7768,10113,2.410,1.410,0.780,5,0,417.075,0,0,11,28,0,38,0
16-01 21:19:46,80.248,19.750,0.250,0,0,1603608,970860,169580,5187840,8881.818,3214.934,0,24.000,0,6.000,5548,4598,2.410,1.410,0.780,7,0,387.992,0,0,11,29,0,38,0
16-01 21:19:47,82.753,16.001,1.250,0,0,1733944,840336,169580,5188032,30668.251,23838.973,0,4.000,0,1.000,6518,6003,2.410,1.410,0.780,5,0,392.016,0,0,11,33,0,38,0
16-01 21:19:48,76.997,20.249,2.250,0,0,1766204,807816,169580,5188292,42781.336,34713.650,0,1611.937,0,56.998,8558,11177,2.700,1.490,0.810,6,0,434.983,0,0,11,29,0,39,0
16-01 21:19:49,80.410,18.979,0.749,0,0,1630456,943524,169588,5188324,15290.834,10333.399,0,643.278,0,28.967,6073,5217,2.700,1.490,0.810,4,0,223.749,0,0,11,29,0,39,0
16-01 21:19:50,82.785,8.754,8.754,0,0,1695372,878560,169592,5188368,32524.615,23998.046,0,164.069,0,10.004,5828,6842,2.700,1.490,0.810,4,0,0,0,0,11,32,0,39,0
16-01 21:19:51,60.345,15.959,22.193,0,0,1618636,955080,169592,5188592,38733.363,31108.976,0,143.631,0,10.972,8249,12720,2.700,1.490,0.810,2,0,397.976,0,0,11,29,0,41,0
16-01 21:19:52,17.024,21.530,60.585,0.250,0,1491080,1082600,169592,5188628,11669.419,4226.947,0,196.276,0,15.021,6474,5842,2.700,1.490,0.810,3,0,550.775,0,0,11,28,0,42,0
16-01 21:19:53,66.370,29.553,4.007,0,0,1520556,1053084,169592,5188668,11628.941,1622.922,0,380.686,0,17.031,5633,4637,2.880,1.550,0.830,4,0,654.178,0,0,11,28,0,42,0
16-01 21:19:54,65.702,6.995,27.230,0,0,1595948,977524,169600,5188828,62318.114,22545.399,0,347.744,0,21.984,5286,5118,2.880,1.550,0.830,4,0,0,0,0,11,32,0,42,0
16-01 21:19:55,64.304,17.014,17.014,0,0,1463156,1110204,169624,5188912,61533.262,13679.396,0,676.564,0,69.058,7518,9378,2.880,1.550,0.830,4,0,237.198,0,0,11,28,0,46,0
16-01 21:19:56,77.550,10.224,12.468,0,0,1584236,989108,169632,5188920,15959.927,9834.690,0,227.415,0,12.967,4698,2553,2.880,1.550,0.830,3,0,30.920,0,0,11,31,0,46,0
16-01 21:19:57,58.372,7.015,33.820,0,0,1596072,977024,169632,5189152,46048.909,35114.134,0,184.384,0,10.021,8776,14403,2.880,1.550,0.830,2,0,0,0,0,11,32,0,46,0
16-01 21:19:58,58.271,9.253,32.011,0.250,0,1590380,982452,169644,5189404,41086.598,32876.681,0,3929.396,0,175.062,10616,16281,2.810,1.560,0.840,6,0,61.022,0,0,11,29,0,46,0
16-01 21:19:59,80.048,13.965,4.987,0,0,1561640,1011180,169652,5189408,12196.218,4494.656,0,594.500,0,22.942,5087,3217,2.810,1.560,0.840,4,0,59.849,0,0,11,29,0,46,0
16-01 21:20:00,63.146,6.766,29.318,0,0,1615336,957304,169652,5189604,35012.852,29212.458,0,160.370,0,10.023,7602,9600,2.810,1.560,0.840,4,0,0,0,0,11,32,0,46,0
16-01 21:20:01,51.981,9.247,38.236,0,0,1601644,970676,169652,5189920,48868.564,39706.833,0,155.944,0,7.997,11867,18921,2.810,1.560,0.840,3,0,70.975,0,0,11,30,0,47,1
16-01 21:20:02,75.544,18.261,6.254,0,0.250,1520752,1051528,169652,5189960,14547.437,10049.829,0,196.114,0,10.006,6027,5557,2.810,1.560,0.840,4,0,189.110,0,0,11,28,0,50,0
16-01 21:20:03,68.694,6.495,23.980,0,0,1600824,971432,169652,5189984,27542.466,19615.951,0,139.886,0,7.993,4902,4484,2.830,1.580,0.850,3,0,0,0,0,11,32,0,49,0
16-01 21:20:04,59.809,11.011,28.027,0.250,0,1604736,967268,169656,5190232,40052.190,32453.755,0,584.572,0,22.022,10170,15535,2.830,1.580,0.850,5,0,68.067,0,0,11,29,1,51,0
16-01 21:20:05,77.084,13.720,8.731,0,0,1564516,1007296,169684,5190392,15215.226,7259.363,0,331.286,0,35.923,5654,4740,2.830,1.580,0.850,4,0,61.867,0,0,11,29,0,51,0
16-01 21:20:06,66.022,9.753,23.508,0,0,1597712,974064,169696,5190416,27994.432,19355.521,0,376.127,0,38.013,5449,5314,2.830,1.580,0.850,4,0,60.020,0,0,11,30,0,53,0
16-01 21:20:07,70.821,12.012,18.018,0,0,1666120,905424,169704,5190588,29202.338,21599.700,0,288.290,0,22.022,6156,10551,2.830,1.580,0.850,3,0,63.063,0,0,11,33,0,51,0
16-01 21:20:08,63.263,12.002,23.755,0,0,1635416,936048,169712,5190660,37039.319,27433.421,0,208.041,0,16.003,7237,10170,2.920,1.620,0.870,3,0,143.028,0,0,11,34,0,53,0
16-01 21:20:09,74.503,14.001,11.001,0,0,1580248,991176,169712,5190700,16933.790,11444.534,0,172.008,0,11.001,5510,4921,2.920,1.620,0.870,3,0,86.004,0,0,11,33,1,55,0
16-01 21:20:10,69.285,9.255,21.261,0,0,1594972,976280,169712,5190872,25860.246,19621.050,0,176.090,0,11.006,5254,5714,2.920,1.620,0.870,5,0,34.017,0,0,11,34,0,57,0
16-01 21:20:11,68.990,9.749,20.497,0.250,0,1635948,935244,169716,5190928,28427.676,18267.221,0,251.962,0,22.997,6597,7984,2.920,1.620,0.870,4,0,33.995,0,0,11,34,0,56,0
16-01 21:20:12,55.209,12.741,31.477,0,0,1522576,1048544,169760,5190956,19821.290,12881.440,0,511.620,0,46.965,5414,6046,2.920,1.620,0.870,3,0,197.853,0,0,11,32,0,59,0
16-01 21:20:13,56.728,10.496,31.988,0,0,1560492,1010616,169768,5190960,15963.923,7028.324,0,191.927,0,11.995,4092,2891,2.930,1.640,0.880,3,0,59.977,0,0,11,33,0,59,0
16-01 21:20:14,49.280,10.006,40.275,0,0,1534408,1036552,169768,5191108,25407.644,19889.246,0,824.508,0,50.031,5248,6368,2.930,1.640,0.880,1,0,96.059,0,0,11,34,0,60,0
16-01 21:20:15,53.202,10.990,35.468,0,0,1489644,1081156,169768,5191276,20707.347,11696.464,0,383.654,0,44.960,4972,5253,2.930,1.640,0.880,2,0,85.923,0,0,11,33,0,61,0
16-01 21:20:16,55.197,5.245,38.963,0,0,1529984,1040632,169768,5191460,23267.736,14638.992,0,211.797,0,13.987,4438,4650,2.930,1.640,0.880,2,0,0,0,0,11,34,0,62,0
16-01 21:20:17,34.876,6.477,57.296,0.249,0,1514796,1055752,169768,5191528,22748.829,17139.843,0,322.848,0,23.915,5740,7554,2.930,1.640,0.880,2,0,85.694,0,0,11,33,0,63,0
16-01 21:20:18,38.120,12.539,48.904,0.502,0,1457736,1112784,169788,5191536,10608.375,2539.991,0,240.757,0,21.066,4336,3308,2.850,1.650,0.880,2,0,136.429,0,0,11,32,0,64,0
16-01 21:20:19,39.731,6.497,52.725,0,0,1515640,1054864,169792,5191548,19605.689,13005.823,0,3686.249,0,151.928,4624,17701,2.850,1.650,0.880,5,0,35.983,0,0,11,34,0,65,0
16-01 21:20:20,34.268,10.505,54.028,0,0.250,1460840,1109464,169796,5191744,12583.485,7710.974,0,952.491,0,59.030,5719,6306,2.850,1.650,0.880,3,0,138.071,0,0,11,32,0,59,0
16-01 21:20:21,39.988,5.748,53.983,0.250,0,1514548,1055732,169804,5191760,14843.452,7092.827,0,151.953,0,13.996,2959,2090,2.850,1.650,0.880,1,0,0,0,0,11,34,0,59,0
16-01 21:20:22,30.245,6.999,62.240,0,0,1506704,1063532,169820,5191788,18737.083,12023.128,0,215.966,0,20.997,4300,4855,2.850,1.650,0.880,2,0,59.991,0,0,11,33,0,60,0
16-01 21:20:23,38.828,5.762,54.109,0,0,1473892,1096192,169832,5191928,15817.878,7496.107,0,272.549,0,23.046,3422,2751,2.780,1.660,0.890,2,0,5.010,0,0,11,33,0,61,0
16-01 21:20:24,36.086,4.480,59.480,0.249,0,1496128,1073924,169836,5191956,54987.046,13646.965,0,107.511,0,7.964,3798,4286,2.780,1.660,0.890,3,0,0,0,0,11,33,0,61,0
16-01 21:20:25,36.106,9.027,53.658,0,0,1462484,1107536,169848,5191976,45843.177,6371.788,0,481.420,0,24.071,4255,4314,2.780,1.660,0.890,3,0,48.142,0,0,11,32,0,62,0
16-01 21:20:26,34.752,4.500,60.004,0,0,1507560,1062448,169848,5191988,18157.142,10676.671,0,148.009,0,10.001,3320,2834,2.780,1.660,0.890,1,0,0,0,0,11,34,0,62,0
16-01 21:20:27,30.031,9.009,59.812,0.250,0,1460460,1109464,169884,5192036,23097.979,14923.493,0,356.370,0,34.035,6089,7485,2.780,1.660,0.890,2,0,181.188,0,0,11,32,0,64,0
16-01 21:20:28,22.470,7.990,68.660,0,0,1401924,1167936,169892,5192092,7726.854,1617.876,0,191.748,0,6.991,2652,1987,2.640,1.640,0.890,1,0,101.866,0,0,11,32,0,63,0
16-01 21:20:29,17.500,1.750,79.999,0,0,1406608,1163112,169896,5192228,15619.739,8376.860,0,147.998,0,10.000,2274,2212,2.640,1.640,0.890,1,0,0,0,0,11,33,0,63,0
16-01 21:20:30,12.781,10.275,75.682,0.501,0,1379244,1190440,169908,5192252,13206.835,5405.029,0,797.923,0,53.128,4771,4754,2.640,1.640,0.890,3,0,247.597,0,0,11,32,0,64,0
16-01 21:20:31,21.704,5.488,72.595,0,0,1387604,1182076,169908,5192256,9043.640,1616.539,0,3.991,0,0.998,2308,1604,2.640,1.640,0.890,1,0,42.908,0,0,11,32,0,64,0
16-01 21:20:32,16.499,2.250,80.243,0,0,1399624,1170044,169908,5192268,15982.594,9793.139,0,0,0,0,2730,2975,2.640,1.640,0.890,3,0,0,0,0,11,33,0,57,0
16-01 21:20:33,19.247,5.499,73.989,0,0,1401616,1168036,169912,5192280,8595.709,4014.397,0,339.949,0,21.997,2948,2822,2.510,1.630,0.890,1,0,45.993,0,0,11,32,0,58,0
16-01 21:20:34,19.053,2.256,78.719,0.251,0,1432304,1137344,169912,5192284,15072.912,6721.690,0,1985.521,0,151.421,2336,1697,2.510,1.630,0.890,2,0,2.006,0,0,11,33,0,58,0
16-01 21:20:35,17.205,2.743,78.544,0.249,0,1425812,1143772,169932,5192328,17235.703,10603.134,0,359.056,0,37.900,4907,6566,2.510,1.630,0.890,2,0,0,0,0,11,32,0,58,0
16-01 21:20:36,10.780,19.554,68.188,0.251,0,1379544,1189880,169944,5192476,8779.266,1624.490,0,2077.743,0,117.324,5946,4645,2.510,1.630,0.890,1,0,437.208,0,0,11,32,0,54,0
16-01 21:20:37,37.247,12.249,48.996,0.250,0,1427768,1141452,169952,5192672,8696.316,1619.873,0,263.979,0,17.999,4221,2933,2.510,1.630,0.890,2,0,189.985,0,0,11,32,0,56,0
16-01 21:20:38,42.461,6.994,46.707,3.996,0,1509448,1055424,170320,5196232,10112.748,1618.519,0,10750.164,0,1011.075,9134,11089,2.470,1.640,0.900,2,0,59.945,0,0,11,36,0,56,0
16-01 21:20:39,37.993,8.499,39.493,12.248,0,1441536,1117444,171436,5200744,7492.714,1619.722,0,53922.744,0,4669.199,23926,33771,2.470,1.640,0.900,10,0,99.983,0,0,11,36,0,56,0
16-01 21:20:40,42.282,7.256,45.785,4.003,0,1463604,1095016,171744,5200768,5772.397,1459.112,0,23457.870,0,1956.490,11268,14892,2.470,1.640,0.900,2,0,19.014,0,0,11,32,0,54,0
16-01 21:20:41,45.518,5.002,47.518,1.501,0,1500588,1057908,171784,5200852,7202.787,1620.627,0,2913.127,0,387.150,5285,5358,2.470,1.640,0.900,4,0,2.001,0,0,11,34,0,54,0
16-01 21:20:42,37.486,8.747,43.734,8.247,0,1493792,1063956,172088,5201284,9846.422,1661.396,0,15590.335,0,2390.132,17149,24379,2.470,1.640,0.900,2,0,29.989,0,0,11,32,0,54,0
16-01 21:20:43,24.484,5.247,68.454,0.999,0,1492632,1064988,172196,5201300,9261.828,1618.921,0,13455.034,0,710.527,4559,5029,2.350,1.630,0.900,1,0,70.953,0,0,11,32,0,54,0
16-01 21:20:44,22.200,4.241,73.087,0.249,0,1535492,1022108,172212,5201304,9233.373,1616.389,0,1189.343,0,58.868,2190,1720,2.350,1.630,0.900,1,0,1.996,0,0,11,32,0,49,0
16-01 21:20:45,22.707,3.743,72.113,0.749,0,1504672,1052916,172248,5201324,8388.072,1616.930,0,6483.688,0,451.143,2671,2236,2.350,1.630,0.900,1,0,0.998,0,0,11,32,0,49,0
16-01 21:20:46,22.733,3.248,73.694,0,0,1537332,1020256,172248,5201324,10747.895,1618.779,0,0,0,0,1767,1153,2.350,1.630,0.900,1,0,1.998,0,0,11,32,0,49,0
16-01 21:20:47,23.266,2.502,73.551,0,0,1486484,1071092,172248,5201336,9509.554,1621.117,0,8.006,0,2.001,1824,1194,2.350,1.630,0.900,1,0,1.001,0,0,11,32,0,49,0
16-01 21:20:48,22.027,3.504,73.339,0,0,1516368,1041100,172248,5201408,6388.738,1459.768,0,0,0,0,1857,1251,2.240,1.620,0.900,1,0,3.004,0,0,11,32,0,47,0
16-01 21:20:49,22.519,3.753,73.561,0,0,1458160,1099304,172248,5201408,5821.822,1621.343,0,0,0,0,1787,1204,2.240,1.620,0.900,1,0,1.001,0,0,11,32,0,47,0
16-01 21:20:50,21.992,3.499,73.724,0,0,1506156,1051308,172248,5201408,10068.459,1619.430,0,615.783,0,102.964,2030,1162,2.240,1.620,0.900,1,0,1.999,0,0,11,32,0,47,0
16-01 21:20:51,22.768,3.002,73.557,0,0,1459612,1097732,172252,5201516,8382.547,1621.266,0,320.250,0,8.006,1868,1298,2.240,1.620,0.900,1,0,1.001,0,0,11,32,0,47,0
16-01 21:20:52,22.504,3.751,73.264,0.250,0,1455780,1101552,172252,5201528,9955.934,1620.315,0,320.062,0,25.005,1977,1470,2.240,1.620,0.900,1,0,1.000,0,0,11,32,0,41,0
16-01 21:20:53,22.497,3.250,73.741,0,0,1476888,1080424,172252,5201548,6971.129,1619.798,0,4.000,0,1.000,1812,1184,2.140,1.610,0.900,1,0,2.000,0,0,11,32,0,41,0
16-01 21:20:54,22.244,3.749,73.480,0,0,1443060,1114244,172252,5201556,44561.932,1619.561,0,0,0,0,1935,1222,2.140,1.610,0.900,1,0,1.000,0,0,11,32,0,41,0
16-01 21:20:55,22.001,3.500,73.753,0,0,1449164,1108120,172252,5201576,42260.604,1620.061,0,16.001,0,2.000,1866,1170,2.140,1.610,0.900,1,0,1.000,0,0,11,32,0,41,0
16-01 21:20:56,22.004,3.751,74.014,0,0,1482496,1074788,172252,5201576,5389.032,1458.279,0,0,0,0,1738,1109,2.140,1.610,0.900,1,0,2.000,0,0,11,32,0,37,0
16-01 21:20:57,15.796,12.286,71.210,0,0,1446056,1111072,172252,5201720,7256.359,1719.060,0,288.850,0,4.012,4114,2967,2.140,1.610,0.900,1,0,250.738,0,0,11,32,0,37,0
16-01 21:20:58,8.739,20.974,69.413,0,0,1417492,1139444,172252,5201900,9248.391,1617.969,0,802.992,0,11.985,6259,4783,2.050,1.600,0.900,1,0,467.413,0,0,11,32,0,37,0
16-01 21:20:59,8.510,22.276,69.081,0,0,1408884,1148012,172252,5201936,8185.584,1621.899,0,268.314,0,4.005,6705,5445,2.050,1.600,0.900,2,0,568.666,0,0,11,32,0,37,0
16-01 21:21:00,19.196,6.980,73.292,0,0,1467416,1089484,172252,5201924,10868.177,1615.419,0,0,0,0,2752,2007,2.050,1.600,0.900,1,0,87.751,0,0,11,32,0,37,0
16-01 21:21:01,23.524,3.003,72.575,0,0,1499364,1057476,172252,5201972,7287.556,1621.681,0,1001.038,0,93.097,2055,1358,2.050,1.600,0.900,1,0,2.002,0,0,11,32,0,37,0
16-01 21:21:02,21.729,3.996,73.678,0,0,1494904,1061956,172252,5201952,9870.314,1618.412,0,355.651,0,25.975,2041,1599,2.050,1.600,0.900,2,0,0.999,0,0,11,32,0,37,0
16-01 21:21:03,22.749,2.750,73.746,0,0,1515792,1041048,172252,5201972,6545.658,1619.915,0,19.999,0,1.000,1799,1091,1.970,1.590,0.900,1,0,2.000,0,0,11,32,0,37,0
16-01 21:21:04,21.502,4.000,73.258,0,0,1498164,1058688,172252,5201960,5795.602,1458.151,0,0,0,0,1788,1264,1.970,1.590,0.900,1,0,1.000,0,0,11,32,0,37,0
16-01 21:21:05,22.501,3.500,74.254,0,0,1487000,1069840,172252,5201972,8309.450,1620.088,0,16.001,0,2.000,1797,1109,1.970,1.590,0.900,2,0,3.000,0,0,11,32,0,31,0
16-01 21:21:06,22.254,3.001,73.762,0,0.250,1496748,1060112,172252,5201952,8790.480,1620.273,0,8.001,0,1.000,1817,1265,1.970,1.590,0.900,2,0,2.000,0,0,11,32,0,31,0
16-01 21:21:07,22.800,3.508,73.660,0,0,1480596,1076240,172256,5201972,5383.715,1623.533,0,72.157,0,3.007,1768,1140,1.970,1.590,0.900,1,0,1.002,0,0,11,32,0,31,0
16-01 21:21:08,21.697,3.741,73.821,0,0,1538664,1018180,172256,5201964,9464.991,1616.071,0,0,0,0,1927,1307,1.890,1.580,0.900,1,0,2.993,0,0,11,32,0,31,0
16-01 21:21:09,23.055,3.007,73.674,0,0,1518136,1038716,172256,5201952,8690.562,1623.842,0,12.028,0,1.002,1800,1122,1.890,1.580,0.900,1,0,1.002,0,0,11,32,0,26,0
16-01 21:21:10,22.188,2.992,73.546,0,0,1514624,1042228,172256,5201952,9286.202,1615.512,0,0,0,0,1798,1126,1.890,1.580,0.900,1,0,1.994,0,0,11,32,0,26,0
16-01 21:21:11,22.264,3.752,73.296,0.500,0,1479188,1077712,172264,5201896,7238.500,1621.008,0,2457.528,0,50.031,2001,1344,1.890,1.580,0.900,1,0,1.001,0,0,11,32,0,26,0
16-01 21:21:12,22.497,3.500,72.991,0.250,0,1505308,1051588,172268,5201896,7928.007,1457.817,0,315.960,0,24.997,2028,1554,1.890,1.580,0.900,1,0,2.000,0,0,11,32,0,26,0
16-01 21:21:13,22.807,3.007,73.934,0,0,1481180,1075640,172268,5201972,10008.920,1624.043,0,88.220,0,1.002,1914,1255,1.820,1.570,0.900,1,0,1.002,0,0,11,32,0,19,0
16-01 21:21:14,21.944,3.491,73.561,0,0,1498428,1058400,172268,5201964,7758.051,1615.845,0,11.969,0,0.997,1863,1330,1.820,1.570,0.900,1,0,0.997,0,0,11,32,0,19,0
16-01 21:21:15,22.501,3.750,73.505,0,0,1494696,1062128,172268,5201968,26065.637,1620.102,0,0,0,0,2068,1209,1.820,1.570,0.900,1,0,2.000,0,0,11,32,0,19,0
16-01 21:21:16,22.253,3.500,74.010,0,0,1474236,1082588,172268,5201968,7189.943,1620.212,0,516.068,0,87.011,1927,1248,1.820,1.570,0.900,1,0,1.000,0,0,11,32,0,19,0
16-01 21:21:17,23.747,2.250,73.492,0,0,1496192,1060612,172268,5201988,35685.908,1705.804,0,83.990,0,4.000,2044,1122,1.820,1.570,0.900,3,0,1.000,0,0,11,32,0,15,0
16-01 21:21:18,22.497,3.499,73.239,0,0,1469204,1087612,172268,5201976,24520.374,1619.760,0,0,0,0,2102,1347,1.750,1.560,0.910,2,0,2.000,0,0,11,32,0,15,0
16-01 21:21:19,24.796,5.260,69.379,0,0,1462892,1093912,172268,5203848,8867.476,1460.714,0,12.022,0,1.002,2421,3702,1.750,1.560,0.910,6,0,62.115,0,0,11,32,0,15,0
16-01 21:21:20,13.975,18.717,66.633,0,0,1447888,1108864,172268,5202040,18167.123,1703.012,0,223.608,0,9.982,5940,11143,1.750,1.560,0.910,1,0,435.236,0,0,11,32,0,16,0
16-01 21:21:21,22.257,3.751,73.522,0,0,1471516,1085204,172268,5202072,9360.750,1620.476,0,200.059,0,10.003,1931,1330,1.750,1.560,0.910,1,0,0,0,0,11,32,0,11,0
16-01 21:21:22,23.044,2.755,73.391,0.250,0,1479088,1077396,172272,5202304,9441.122,1623.116,0,512.985,0,52.100,2200,1564,1.750,1.560,0.910,1,0,9.017,0,0,11,32,0,11,0
16-01 21:21:23,22.947,2.245,74.078,0,0,1472148,1084336,172272,5202304,29778.678,1702.038,0,3.991,0,0.998,1967,1023,1.690,1.550,0.910,1,0,0,0,0,11,32,0,11,0
16-01 21:21:24,12.266,19.776,67.838,0,0,1424372,1131968,172272,5202448,42084.859,1622.114,40.052,96.125,2.003,4.005,5811,4365,1.690,1.550,0.910,3,0,448.585,0,0,11,32,0,11,0
16-01 21:21:25,8.262,22.283,68.101,0,0,1394268,1162040,172272,5202476,43843.198,1622.413,0,272.405,0,6.009,6553,4985,1.690,1.550,0.910,1,0,523.779,0,0,11,32,0,7,0
16-01 21:21:26,8.247,22.491,68.472,0,0,1387332,1168936,172272,5202512,12972.735,1619.343,0,463.812,0,6.997,6484,5001,1.690,1.550,0.910,2,0,530.785,0,0,11,32,0,7,0
16-01 21:21:27,9.506,21.514,68.295,0.250,0,1397060,1159168,172272,5202544,7864.160,1458.957,0,1376.903,0,16.011,6431,5023,1.690,1.550,0.910,1,0,532.349,0,0,11,32,0,7,0
16-01 21:21:28,8.500,22.499,68.498,0,0,1385480,1170712,172272,5202564,5648.856,1619.959,0,1195.970,0,13.000,6226,4784,1.640,1.540,0.910,1,0,506.987,0,0,11,32,0,7,0
16-01 21:21:29,9.477,19.702,69.332,0,0,1376180,1179980,172272,5202596,18591.998,1616.088,0,442.928,0,7.981,6128,4357,1.640,1.540,0.910,2,0,418.986,0,0,11,32,0,5,0
16-01 21:21:30,8.250,20.751,69.503,0,0,1370348,1185776,172272,5202632,8658.326,1620.061,0,220.008,0,8.000,5965,4496,1.640,1.540,0.910,1,0,438.016,0,0,11,32,0,5,0
16-01 21:21:31,8.265,23.042,67.624,0.250,0,1360552,1195516,172276,5202660,11754.581,1622.980,0,352.647,0,20.037,6376,4887,1.640,1.540,0.910,1,1,519.955,0,0,11,32,0,5,0
16-01 21:21:32,9.734,19.967,68.885,0,0,1331352,1224640,172296,5202696,8277.227,1617.309,0,686.857,0,39.934,6389,5171,1.640,1.540,0.910,1,0,462.231,0,0,11,32,0,5,0
16-01 21:21:33,33.667,29.178,35.912,0.499,0,1385732,1170164,172324,5202760,10031.295,1616.020,0,973.602,0,63.843,7385,6801,1.740,1.560,0.920,4,0,773.096,0,0,11,32,0,9,0
16-01 21:21:34,66.886,9.018,24.299,0,0,1581740,973000,172324,5203684,12353.040,1665.376,0,212.431,0,6.012,3753,1616,1.740,1.560,0.920,3,0,2.004,0,0,11,32,0,9,0
16-01 21:21:35,52.085,8.764,26.794,10.768,0,1623452,920360,173048,5212860,7176.668,1460.374,372.606,42004.291,3.005,3022.915,17828,25063,1.740,1.560,0.920,7,0,87.142,0,0,11,36,0,11,0
16-01 21:21:36,40.686,12.730,31.700,12.980,0,1678504,854912,173676,5222228,8649.429,1617.462,0,88505.135,0,5940.679,25015,42179,1.740,1.560,0.920,6,1,146.770,0,0,11,36,0,11,0
16-01 21:21:37,41.281,10.007,32.774,13.010,0,1693352,828432,173960,5233232,13763.227,6665.953,0,84983.145,0,6440.786,25937,42676,1.740,1.560,0.920,4,0,60.045,0,0,11,37,0,9,0
16-01 21:21:38,46.220,11.992,28.481,11.243,0,1589024,923796,174592,5241180,11404.547,5856.173,0,58797.574,0,4724.912,22333,34087,1.770,1.570,0.930,2,1,169.889,0,0,11,34,0,10,0
16-01 21:21:39,38.057,19.279,29.044,12.268,0,1595992,909128,175004,5248604,9243.884,1622.437,372.560,56384.686,6.009,3888.841,20677,32423,1.770,1.570,0.930,3,1,264.397,0,0,11,34,0,10,0
16-01 21:21:40,43.012,17.005,26.258,12.754,0,1600288,902064,175372,5250484,16095.621,9827.822,876.252,54508.650,21.006,4007.151,21224,34034,1.770,1.570,0.930,6,0,185.053,0,0,11,35,0,10,0
16-01 21:21:41,34.765,12.255,38.766,11.755,0.250,1610000,887936,175380,5254728,20639.702,12266.171,924.390,47067.844,14.006,3794.600,21795,32968,1.770,1.570,0.930,0,1,158.067,0,0,11,35,0,10,0
16-01 21:21:42,36.503,9.501,40.753,11.251,0,1559056,939272,175644,5254068,8364.587,2291.161,0,52387.677,0,4391.308,21468,32592,1.770,1.570,0.930,2,1,54.004,0,0,11,34,0,10,0
16-01 21:21:43,33.495,7.999,43.993,13.498,0,1566872,930452,175960,5254720,12503.072,6659.973,0,50656.187,0,4477.309,23471,33215,1.780,1.580,0.930,1,1,41.994,0,0,11,35,0,10,0
16-01 21:21:44,33.978,6.995,45.970,10.993,0,1563172,931824,176112,5256856,18520.934,9929.531,0,56291.329,0,4681.950,23832,36751,1.780,1.580,0.930,4,0,38.975,0,0,11,35,0,10,0
16-01 21:21:45,35.536,9.259,43.043,10.260,0,1516204,976328,176196,5259152,16339.330,8264.259,0,40384.360,0,3809.808,21066,31021,1.780,1.580,0.930,3,0,122.122,0,0,11,36,0,11,0
16-01 21:21:46,36.164,7.981,40.653,12.720,0,1555416,933740,176352,5262288,5547.785,1616.150,0,58161.461,0,4570.114,20750,33357,1.780,1.580,0.930,3,0,50.879,0,0,11,36,0,11,0
16-01 21:21:47,30.059,9.018,47.344,12.274,0,1563104,922652,176588,5265348,18038.672,9900.579,0,73549.448,0,5666.205,28178,40797,1.780,1.580,0.930,2,1,54.107,0,0,11,37,0,11,0
16-01 21:21:48,30.743,6.998,48.238,11.497,0,1562032,920664,176660,5268248,18900.464,12754.939,0,53087.260,0,4720.867,25396,38462,1.880,1.600,0.940,1,1,108.974,0,0,11,36,1,11,0
16-01 21:21:49,37.508,10.752,38.258,12.003,0,1562508,919896,176684,5268476,11868.586,1620.353,0,58700.792,0,4966.082,25758,35745,1.880,1.600,0.940,3,0,60.013,0,0,11,36,0,11,0
16-01 21:21:50,34.007,7.001,44.259,12.252,0,1591104,894444,176796,5265252,14045.847,6662.350,0,53002.743,0,4659.945,25186,35036,1.880,1.600,0.940,4,0,30.006,0,0,11,37,0,11,0
16-01 21:21:51,32.107,10.205,53.760,2.987,0,1461900,1023588,176816,5265292,16313.283,11157.266,0,14913.522,0,1026.425,9886,12849,1.880,1.600,0.940,0,0,220.019,0,0,11,33,0,12,0
16-01 21:21:52,16.492,6.747,75.214,0.250,0,1366612,1118884,176816,5265312,15069.743,7133.565,0,2362.862,0,107.948,3767,4203,1.880,1.600,0.940,2,0,55.973,0,0,11,32,0,13,0
16-01 21:21:53,21.264,2.752,75.300,0,0,1431380,1054112,176820,5265312,8942.960,3430.286,0,900.600,0,58.039,1957,1499,1.810,1.590,0.940,0,0,0,0,0,11,33,0,13,0
16-01 21:21:54,18.776,2.503,77.106,1.001,0,1428888,1056576,176820,5265340,52105.354,8453.576,0,7346.060,0,389.533,4282,5000,1.810,1.590,0.940,1,0,0,0,0,11,32,0,14,0
16-01 21:21:55,20.498,5.749,72.743,0.500,0,1467956,1017504,176820,5265344,42240.177,1619.853,0,1799.837,0,88.992,2512,1827,1.810,1.590,0.940,1,0,33.997,0,0,11,32,0,14,0
16-01 21:21:56,15.504,1.750,81.272,0,0,1476552,1008900,176820,5265352,19465.198,8343.228,0,408.109,0,26.007,2464,2481,1.810,1.590,0.940,1,0,0,0,0,11,32,0,15,0
16-01 21:21:57,19.787,6.512,73.139,0,0,1495964,989484,176820,5265356,8233.604,1717.254,0,549.040,0,47.089,2511,1725,1.810,1.590,0.940,1,0,60.114,0,0,11,32,0,15,0
16-01 21:21:58,18.186,2.242,78.722,0.249,0,1488224,996876,176820,5265704,11733.508,7370.935,0,354.746,0,18.933,2399,2309,1.670,1.570,0.940,3,0,0.996,0,0,11,33,0,15,0
16-01 21:21:59,17.245,5.498,75.729,0.250,0,1428700,1056372,176820,5265732,10936.938,6331.228,0,379.894,0,24.993,3330,3488,1.670,1.570,0.940,1,0,42.988,0,0,11,32,0,16,0
16-01 21:22:00,19.330,2.761,78.323,0,0,1473112,1011828,176820,5265864,10799.584,3828.806,0,249.028,0,14.058,1882,1422,1.670,1.570,0.940,1,0,0,0,0,11,33,0,16,0
16-01 21:22:01,17.216,2.495,78.347,0.250,0,1464200,1020684,176820,5265920,16932.021,10076.374,0,1233.597,0,73.856,3682,4489,1.670,1.570,0.940,2,0,0,0,0,11,32,0,17,0
16-01 21:22:02,10.024,19.547,69.415,0,0,1435952,1048776,176820,5266076,8107.315,1623.869,0,1591.792,0,168.401,6268,4581,1.670,1.570,0.940,1,0,480.144,0,0,11,32,0,17,0
16-01 21:22:03,49.186,15.979,33.207,0,0,1497664,986844,176840,5266276,7354.495,1617.909,0,842.911,0,58.924,5752,4263,1.770,1.590,0.950,3,0,318.588,0,0,11,32,0,23,0
16-01 21:22:04,67.261,8.470,24.164,0,0,1642632,839896,176916,5268036,9412.545,1614.262,0,470.328,0,12.954,3926,1513,1.770,1.590,0.950,4,0,1.993,0,0,11,32,0,23,0
16-01 21:22:05,67.471,6.747,24.240,0.750,0,1756844,721708,177064,5271420,7729.682,1619.305,0,7184.916,0,193.917,4170,1812,1.770,1.590,0.950,4,1,5.997,0,0,11,32,0,23,0
16-01 21:22:06,37.911,8.787,39.920,11.047,0,1772800,693008,177196,5283532,5723.318,1626.913,0,78569.836,0,5812.698,27823,41191,1.770,1.590,0.950,3,1,219.934,0,0,11,38,0,23,0
16-01 21:22:07,33.534,9.009,40.791,14.014,0,1768556,685852,177292,5294444,5825.822,1621.620,0,95427.359,0,6993.989,33394,51568,1.770,1.590,0.950,2,0,234.234,0,0,11,38,0,23,0
16-01 21:22:08,37.459,10.738,35.461,13.985,0.250,1688148,757784,177372,5302524,8624.478,1456.392,0,88058.782,0,6419.912,28818,44176,2.030,1.650,0.970,5,1,231.744,0,0,11,36,0,23,0
16-01 21:22:09,46.307,10.263,29.537,12.265,0,1690908,745300,177448,5311892,7733.580,1622.009,0,79238.155,0,5751.124,25289,40134,2.030,1.650,0.970,3,0,136.169,0,0,11,36,0,23,0
16-01 21:22:10,42.362,10.715,31.647,12.958,0,1749752,671996,177484,5325704,11031.053,1614.738,0,94065.465,0,6110.089,28250,40866,2.030,1.650,0.970,1,1,0,0,0,11,36,0,23,0
16-01 21:22:11,41.629,11.285,30.845,13.291,0,1720748,696036,177512,5330472,7639.622,1625.025,0,77856.739,0,5768.838,28434,41098,2.030,1.650,0.970,3,1,161.499,0,0,11,36,0,23,0
16-01 21:22:12,35.957,7.741,47.942,6.742,0,1428112,986916,177516,5332172,9114.018,1618.050,0,52049.281,0,3600.661,17645,25248,2.030,1.650,0.970,2,0,141.829,0,0,11,32,0,23,0
16-01 21:22:13,19.219,8.237,71.134,0.499,0,1480240,934768,177516,5332192,7402.977,1617.373,0,4209.164,0,282.541,3865,3231,1.950,1.640,0.970,1,0,155.747,0,0,11,32,0,23,0
16-01 21:22:14,23.002,3.250,73.506,0.500,0,1529072,885936,177516,5332192,5990.487,1620.132,0,1432.116,0,82.007,2009,1433,1.950,1.640,0.970,1,0,0,0,0,11,32,0,23,0
16-01 21:22:15,23.058,4.261,71.682,0.752,0,1436616,978376,177516,5332204,12091.667,1624.119,0,5293.425,0,310.788,3497,3215,1.950,1.640,0.970,1,0,29.074,0,0,11,32,0,23,0
16-01 21:22:16,21.947,3.492,73.571,0,0,1476608,938384,177516,5332204,7021.924,1616.070,0,99.757,0,9.976,1882,1277,1.950,1.640,0.970,1,0,0.998,0,0,11,32,0,23,0
16-01 21:22:17,22.500,3.250,73.249,0,0,1531468,883524,177516,5332204,7913.870,1457.976,0,4.000,0,1.000,1871,1274,1.950,1.640,0.970,1,0,2.000,0,0,11,34,0,23,0
16-01 21:22:18,18.045,20.551,60.901,0,0,1472264,942544,177520,5332364,8384.836,1624.036,0,589.465,0,54.135,5537,4848,1.870,1.620,0.970,2,0,569.415,0,0,11,32,0,23,0
16-01 21:22:19,10.487,33.459,54.433,0.250,0,1458356,956404,177520,5332412,7630.645,1618.016,0,239.706,0,20.974,7395,6311,1.870,1.620,0.970,2,0,875.926,0,0,11,32,0,23,0
16-01 21:22:20,12.237,22.477,63.185,0.250,0.250,1452312,962368,177520,5332492,9187.584,1618.341,0,231.762,0,14.985,6800,12281,1.870,1.620,0.970,1,0,543.443,0,0,11,32,0,24,0
16-01 21:22:21,9.519,20.542,69.140,0,0,1418724,995916,177520,5332528,7816.866,1623.295,0,40.081,0,9.018,5843,4309,1.870,1.620,0.970,1,0,376.765,0,0,11,32,0,24,0
16-01 21:22:22,16.242,17.991,64.718,0,0,1423616,990948,177520,5332980,5449.330,1619.207,0,351.828,0,46.977,6908,7976,1.870,1.620,0.970,1,0,291.857,0,0,11,32,0,23,0
16-01 21:22:23,39.268,10.505,49.523,0,0,1467092,947356,177528,5333116,10261.680,1620.739,0,1420.648,0,183.084,4258,2662,1.960,1.650,0.980,2,0,131.060,0,0,11,33,0,23,0
16-01 21:22:24,43.122,7.229,48.606,0,0,1566320,848100,177532,5333140,44106.491,1615.221,0,0,0,0,2749,1447,1.960,1.650,0.980,2,0,0,0,0,11,33,0,23,0
16-01 21:22:25,46.243,5.249,47.492,0,0,1625440,788432,177572,5333564,42498.262,1619.743,0,683.892,0,54.991,3929,2931,1.960,1.650,0.980,3,0,18.997,0,0,11,49,0,23,0
16-01 21:22:26,33.871,11.792,52.940,0.251,0,1650128,759760,177608,5337164,12298.083,1463.245,0,1754.288,0,111.399,6755,10443,1.960,1.650,0.980,1,0,208.748,0,0,11,48,0,23,0
16-01 21:22:27,19.193,14.208,65.058,0,0,1653184,756664,177608,5337172,7068.176,1615.241,0,167.506,0,9.971,6230,8226,1.960,1.650,0.980,3,0,272.198,0,0,11,48,0,23,0
16-01 21:22:28,0.999,0.999,97.385,0,0,1660580,749264,177608,5337180,9574.649,1618.082,0,363.569,0,27.967,1156,1583,1.810,1.620,0.980,0,0,15.981,0,0,11,48,0,23,0
16-01 21:22:29,0.749,0,97.826,0,0,1659004,750840,177608,5337180,9910.359,1617.121,0,39.929,0,4.991,756,946,1.810,1.620,0.980,1,0,2.995,0,0,11,48,0,23,0
16-01 21:22:30,0.750,1.000,97.974,0,0,1657624,752220,177608,5337180,5690.472,1619.565,0,0,0,0,775,990,1.810,1.620,0.980,0,0,2.999,0,0,11,48,0,23,0
16-01 21:22:31,1.254,1.254,97.305,0,0,1656432,753392,177608,5337180,9994.282,1625.087,0,461.444,0,4.013,892,975,1.810,1.620,0.980,0,0,7.022,0,0,11,48,0,23,0
16-01 21:22:32,13.541,10.783,75.228,0,0,1634068,775788,177608,5337176,9225.998,1624.931,0,0,0,0,4497,5375,1.810,1.620,0.980,2,0,212.645,0,0,11,48,0,23,0
16-01 21:22:33,14.503,15.253,69.763,0,0,1698648,711180,177608,5337196,8943.616,1620.293,0,448.081,0,4.001,5234,6157,1.660,1.590,0.970,3,0,295.053,0,0,11,48,0,23,0
16-01 21:22:34,15.959,17.206,65.331,0,0,1679856,729892,177608,5337680,7650.268,1691.637,0,0,0,0,6192,6370,1.660,1.590,0.970,3,0,304.215,0,0,12,48,0,23,0
16-01 21:22:35,14.739,11.991,72.195,0.250,0,1664804,744816,177608,5337372,8972.162,1618.766,0,639.513,0,44.966,4792,5796,1.660,1.590,0.970,1,0,250.809,0,0,12,64,0,17,0
16-01 21:22:36,7.759,12.014,79.089,0,0,1668928,740668,177608,5337828,9244.456,1621.834,0,0,0,0,4812,5434,1.660,1.590,0.970,1,0,204.231,0,0,14,64,0,17,0
16-01 21:22:37,17.283,14.528,67.380,0,0,1655964,753576,177608,5337428,7756.916,1623.121,0,36.069,0,8.015,5648,6545,1.660,1.590,0.970,2,0,264.509,0,0,14,66,0,17,0
16-01 21:22:38,9.491,20.231,68.935,0.250,0,1639572,769920,177612,5337468,6063.308,1660.441,0,2821.351,0,47.955,6183,4925,1.610,1.580,0.970,1,0,407.617,0,0,14,66,0,17,0
16-01 21:22:39,17.973,15.726,64.402,0.250,0,1658316,751168,177612,5337924,11216.911,1617.536,0,5315.901,0,383.416,7197,8472,1.610,1.580,0.970,2,0,253.614,0,0,14,66,0,14,0
16-01 21:22:40,27.067,21.804,49.624,0,0,1742800,666616,177620,5337532,6269.620,1624.046,0,228.569,0,8.020,6302,5125,1.610,1.580,0.970,2,0,450.121,0,0,14,66,0,14,0
16-01 21:22:41,30.727,23.982,45.216,0,0,1799080,609224,177680,5338484,9206.127,1660.760,0,255.809,0,6.995,7175,7237,1.610,1.580,0.970,3,0,569.575,0,0,14,66,0,14,0
16-01 21:22:42,32.076,24.368,42.270,0,0,1922616,485060,177696,5339472,10167.741,1450.119,0,63.654,0,12.930,6492,7269,1.610,1.580,0.970,3,0,438.616,0,0,14,70,0,16,0
16-01 21:22:43,52.432,20.320,27.094,0,0,2027032,380596,177704,5339500,10351.905,1625.638,0,561.949,0,3.010,5230,5211,1.880,1.640,0.990,5,0,323.121,0,0,14,70,0,16,0
16-01 21:22:44,65.222,24.989,8.746,0,0,2125412,281600,177712,5340376,8037.604,1709.278,0,31.986,0,7.997,6714,6923,1.880,1.640,0.990,9,0,534.774,0,0,14,70,0,16,0
16-01 21:22:45,65.092,19.528,14.521,0,0,2212620,193480,177752,5340824,5741.135,1622.299,0,1013.436,0,19.027,5373,6811,1.880,1.640,0.990,4,0,274.389,0,0,14,70,0,16,0
16-01 21:22:46,70.890,24.298,2.755,1.503,0,2298620,181316,173688,5272932,9339.460,1623.208,300.594,1386.741,47.093,77.152,6232,7519,1.880,1.640,0.990,4,0,472.935,0,0,14,74,0,16,0
16-01 21:22:47,69.486,21.746,5.249,3.249,0,2449324,208328,172036,5100776,7337.535,1619.677,399.920,18776.252,42.991,989.802,11120,14959,1.880,1.640,0.990,4,0,193.961,0,0,14,74,0,15,0
16-01 21:22:48,68.887,24.959,3.744,1.747,0,2547064,181592,171800,5031808,6294.676,1617.347,814.664,25038.934,32.946,2327.183,15629,25307,2.050,1.680,1.010,4,0,412.324,0,0,14,76,0,15,0
16-01 21:22:49,71.349,19.459,7.983,0.748,0,2608672,170140,171400,4982844,8962.984,1658.481,111.763,1923.918,9.979,83.822,9555,16438,2.050,1.680,1.010,8,0,214.545,0,0,14,78,0,20,0
16-01 21:22:50,58.362,25.298,15.530,1.503,0,2761476,165212,170860,4839120,7655.668,1460.799,641.229,1150.204,39.075,66.127,8008,10497,2.050,1.680,1.010,3,0,536.027,0,0,14,93,0,24,0
16-01 21:22:51,43.710,26.226,28.474,0.250,0,2837444,157388,170804,4773000,8816.844,1618.503,11.989,8444.189,2.997,421.610,9327,14481,2.050,1.680,1.010,2,0,487.549,0,0,14,93,0,23,0
16-01 21:22:52,48.524,15.007,34.267,1.251,0,2927600,135324,170808,4706344,8704.262,1620.794,2269.111,1000.490,30.015,48.024,5082,5402,2.050,1.680,1.010,3,0,197.097,0,0,14,96,0,23,0
16-01 21:22:53,56.460,8.994,33.476,0.250,0,3053988,140584,170828,4577120,5981.725,1618.843,59.957,3689.363,2.998,172.876,4991,6935,2.120,1.700,1.020,2,0,8.994,0,0,14,98,0,26,0
16-01 21:22:54,15.267,17.770,65.574,0.751,0,3072612,188844,170836,4511672,47059.442,1711.944,0,13319.126,0,647.736,7261,5708,2.120,1.700,1.020,3,0,337.383,0,0,14,101,0,27,0
16-01 21:22:55,8.508,19.519,70.819,0.250,0,3089364,172052,170836,4511712,38701.513,1621.572,4.004,152.147,1.001,13.013,5962,4459,2.120,1.700,1.020,1,0,374.363,0,0,14,101,0,25,0
16-01 21:22:56,10.507,17.012,71.549,0,0,3106076,155312,170836,4511740,9948.786,1621.106,4.003,108.074,1.001,10.007,4903,3572,2.120,1.700,1.020,1,0,280.191,0,0,14,101,0,25,0
16-01 21:22:57,19.443,2.742,77.026,0,0,3147768,179904,170840,4446992,10504.473,3951.516,15.954,3402.113,2.991,9.971,1749,1110,2.120,1.700,1.020,0,0,0,0,0,14,102,0,25,0
16-01 21:22:58,20.055,3.510,75.205,0.251,0,3081912,245736,170840,4447016,29042.015,21798.307,0,2659.235,0,295.805,3489,2934,2.030,1.690,1.020,2,0,17.046,0,0,14,103,0,26,0
16-01 21:22:59,20.947,6.234,72.318,0.249,0,3140048,187616,170840,4447024,8753.958,1454.338,0,2246.344,0,21.945,2508,1736,2.030,1.690,1.020,1,0,47.879,0,0,14,105,0,24,0
16-01 21:23:00,16.000,3.000,79.248,0.250,0,3149848,177800,170840,4447044,16051.547,8105.771,0,319.991,0,39.999,2524,2604,2.030,1.690,1.020,1,0,3.000,0,0,14,114,0,24,0
16-01 21:23:01,25.284,4.256,68.342,1.001,0,3157704,169484,170856,4447488,4858.541,1622.184,108.146,1542.076,8.011,200.270,4828,6483,2.030,1.690,1.020,1,1,3.004,0,0,14,117,0,24,0
16-01 21:23:02,24.273,7.257,66.562,1.001,0,3147296,179616,170860,4447760,12652.839,2765.588,28.026,1441.349,2.002,135.126,5625,6966,2.030,1.690,1.020,1,0,84.079,0,0,14,120,0,26,0
16-01 21:23:03,31.934,7.734,59.127,0,0,3237132,155884,170860,4383256,6923.624,1616.643,3.992,1037.845,0.998,29.938,3386,2614,2.030,1.690,1.030,2,0,31.934,0,0,14,122,0,19,0
16-01 21:23:04,19.246,2.749,77.483,0.250,0.250,3243852,149136,170860,4383284,16942.342,8115.248,3.999,603.870,1.000,53.988,2605,2787,2.030,1.690,1.030,1,0,2.999,0,0,14,127,0,19,0
16-01 21:23:05,20.816,4.263,72.479,1.003,0,3258184,134772,170868,4383308,10870.306,3616.413,4.013,1464.622,1.003,147.465,4580,5948,2.030,1.690,1.030,3,0,5.016,0,0,14,129,0,19,0
16-01 21:23:06,39.853,12.454,47.076,0,0,3315908,204384,170760,4259304,10549.035,2803.644,0,1028.202,0,82.695,4404,3381,2.030,1.690,1.030,2,0,95.647,0,0,14,128,0,20,0
16-01 21:23:07,36.288,4.505,58.561,0.250,0,3386448,133636,170760,4259512,14544.242,23454.580,180.189,464.487,1.001,29.030,2840,1794,2.030,1.690,1.030,0,0,0,0,0,14,129,0,20,0
16-01 21:23:08,19.479,6.243,72.672,0.250,0,3373344,146688,170760,4259564,22521.894,1947.915,7.991,2129.720,1.998,129.861,3025,2480,1.950,1.680,1.030,1,0,55.940,0,0,14,128,0,21,0
16-01 21:23:09,18.002,2.250,79.260,0,0,3373448,146448,170760,4259700,12433.499,23594.844,0,100.012,0,10.001,1849,1429,1.950,1.680,1.030,0,0,0,0,0,14,129,0,21,0
16-01 21:23:10,19.503,6.001,73.511,0,0,3354520,165352,170760,4259724,24955.633,1950.284,0,0,0,0,2409,1608,1.950,1.680,1.030,1,0,51.007,0,0,14,128,0,22,0
16-01 21:23:11,16.245,2.249,80.723,0.250,0,3373624,146240,170760,4259732,14822.091,8027.341,3.999,67.977,1.000,4.998,1713,1221,1.950,1.680,1.030,0,0,0,0,0,14,129,0,22,0
16-01 21:23:12,19.813,7.524,71.727,0.502,0,3386432,133404,170760,4259760,11363.037,2917.252,4.013,1761.587,1.003,157.499,4211,4682,1.950,1.680,1.030,1,0,82.261,0,0,14,128,0,23,0
16-01 21:23:13,24.190,3.990,70.574,0.249,0.249,3425284,157764,170760,4198152,14305.296,7391.552,7.980,323.193,1.995,23.940,5920,9690,2.030,1.700,1.040,1,0,28.928,0,0,14,137,0,25,0
16-01 21:23:14,19.747,5.749,74.238,0,0,3382180,200852,170760,4198168,26542.858,18261.150,0,223.965,0,12.998,2613,1838,2.030,1.700,1.040,1,0,54.991,0,0,14,136,0,26,0
16-01 21:23:15,19.004,2.000,78.016,0,0,3414376,168644,170760,4198224,12575.537,7183.449,0,188.038,0,10.002,1836,1400,2.030,1.700,1.040,1,0,0,0,0,14,137,0,26,0
16-01 21:23:16,21.498,4.750,70.743,1.500,0,3416328,166344,170760,4198572,7731.289,2559.765,79.993,1955.820,5.000,274.975,6294,9101,2.030,1.700,1.040,3,0,1.000,0,0,14,140,0,26,0
16-01 21:23:17,21.491,6.497,69.471,0.750,0,3390300,192352,170760,4198592,8728.317,2858.794,0,6429.287,0,421.822,5263,6389,2.030,1.700,1.040,1,0,52.978,0,0,14,139,0,28,0
16-01 21:23:18,18.963,2.495,77.849,0.250,0,3418972,163676,170760,4198596,17460.174,7327.804,0,383.258,0,19.961,1972,1451,1.870,1.680,1.030,1,0,0.998,0,0,14,140,0,28,0
16-01 21:23:19,19.852,3.769,75.138,0.251,0,3414216,168380,170768,4198640,15035.558,5974.820,0,964.978,0,92.477,4242,5217,1.870,1.680,1.030,2,0,1.005,0,0,14,140,0,28,0
16-01 21:23:20,35.236,7.997,54.729,0.750,0,3439528,142968,170768,4198740,9226.438,1619.375,23.991,1727.333,1.999,136.947,9152,18675,1.870,1.680,1.030,2,0,36.986,0,0,14,142,0,28,0
16-01 21:23:21,25.433,6.732,66.326,0.748,0,3415724,166616,170768,4198896,6671.522,2478.507,0,698.171,0,56.851,3625,3813,1.870,1.680,1.030,1,0,68.820,0,0,14,141,0,29,0
16-01 21:23:22,18.997,2.250,78.236,0,0,3436940,145396,170768,4198900,15204.306,8027.578,0,431.923,0,26.995,1936,1455,1.870,1.680,1.030,2,0,0,0,0,14,143,0,29,0
16-01 21:23:23,16.040,9.023,73.435,0.752,0,3438428,143864,170768,4198944,10494.491,4695.854,0,1034.612,0,118.299,4595,5155,1.800,1.660,1.030,1,0,148.375,0,0,14,143,0,30,0
16-01 21:23:24,20.447,3.491,75.054,0,0,3484576,159884,170768,4138272,44629.642,3580.665,0,578.492,0,33.912,1966,1273,1.800,1.660,1.030,0,0,0,0,0,14,144,0,30,0
16-01 21:23:25,16.010,2.001,81.052,0.500,0,3478740,165700,170768,4138292,50650.626,11160.189,8.005,3578.305,2.001,359.231,3181,2692,1.800,1.660,1.030,1,0,0,0,0,14,144,0,30,0
16-01 21:23:26,25.960,7.239,63.652,0.499,0,3473932,170424,170772,4138372,10672.509,1617.501,0,1477.717,0,162.749,9125,14124,1.800,1.660,1.030,2,0,0,0,0,14,144,0,30,0
16-01 21:23:27,36.658,13.307,47.204,2.009,0,3421056,222860,170772,4138780,9284.069,3219.897,80.347,8038.694,4.017,511.206,12344,18424,1.800,1.660,1.030,2,0,172.746,0,0,14,143,0,31,0
16-01 21:23:28,25.665,7.974,65.284,0.249,0,3460468,183352,170772,4138828,9404.934,2117.007,15.947,901.024,0.997,61.796,4163,4805,1.740,1.650,1.030,1,0,117.612,0,0,14,143,0,31,0
16-01 21:23:29,18.499,2.250,77.997,0.250,0,3470096,173712,170776,4138836,16033.422,9039.674,0,903.967,0,67.998,2197,1756,1.740,1.650,1.030,1,0,0,0,0,14,143,0,32,0
16-01 21:23:30,10.278,19.053,69.944,0,0,3406232,237552,170776,4138876,10135.100,1714.754,0,481.335,0,22.061,5837,4380,1.740,1.650,1.030,1,0,367.018,0,0,14,143,0,32,0
16-01 21:23:31,14.760,18.013,65.796,0,0,3357176,286588,170776,4139348,8120.681,1459.021,0,492.344,0,35.025,6237,5878,1.740,1.650,1.030,1,0,341.239,0,0,14,143,0,32,0
16-01 21:23:32,33.934,19.712,44.165,1.248,0,3430656,212712,170960,4139084,6678.106,1840.446,311.399,702.643,21.958,28.944,6620,6636,1.740,1.650,1.030,2,0,392.243,0,0,14,143,1,32,0
16-01 21:23:33,32.479,22.236,44.221,0.500,0,3473816,169380,170968,4139592,9269.014,1762.862,3.997,1658.929,0.999,95.938,6923,5970,1.760,1.660,1.040,2,0,450.709,0,0,14,143,1,32,0
16-01 21:23:34,33.276,15.762,49.789,0,0,3510148,132644,170976,4140060,8062.305,1695.326,32.025,624.488,2.002,41.032,7408,9899,1.760,1.660,1.040,3,0,233.182,0,0,16,149,1,32,0
16-01 21:23:35,57.802,28.526,13.512,0.250,0,3660032,158696,170736,3968452,7808.089,1621.472,156.142,624.567,10.009,48.044,8301,11902,1.760,1.660,1.040,3,0,559.508,0,0,16,155,1,32,0
16-01 21:23:36,59.277,22.167,17.683,0.249,0,3743048,154516,170616,3890756,9249.171,1687.645,7.970,434.364,1.992,32.876,7408,10568,1.760,1.660,1.040,3,0,345.698,0,0,16,171,1,32,0
16-01 21:23:37,40.664,20.834,37.903,0.251,0,3809256,139380,170616,3839596,8931.079,1700.871,0,566.288,0,14.057,8074,9701,1.760,1.660,1.040,2,0,406.643,0,0,16,171,1,32,0
16-01 21:23:38,28.678,23.940,46.633,0,0,3858860,137068,170616,3793248,9554.028,1821.430,0,2178.534,0,21.945,6657,5469,1.780,1.670,1.040,1,0,532.663,0,0,17,171,1,32,0
16-01 21:23:39,17.735,17.235,64.445,0,0,3859452,136436,170616,3793728,8733.481,1564.653,11.990,787.322,2.997,32.972,7096,8521,1.780,1.670,1.040,2,0,269.768,0,0,17,171,1,32,0
16-01 21:23:40,28.296,21.034,49.079,0.501,0,3904008,142708,170376,3743400,5701.220,1588.569,12.019,9863.951,3.005,856.385,7700,5467,1.780,1.670,1.040,2,0,402.651,0,0,17,171,1,32,0
16-01 21:23:41,35.563,22.540,40.572,0,0.250,3982460,170992,170384,3639688,10200.191,1664.969,0,260.465,0,18.032,7498,8323,1.780,1.670,1.040,9,0,379.677,0,0,17,171,1,32,2
16-01 21:23:42,36.270,23.263,38.521,1.251,0,4078160,148956,170392,3567248,8142.491,1690.933,172.095,416.230,6.003,28.015,7622,9561,1.780,1.670,1.040,2,0,417.230,0,0,17,183,1,32,2
16-01 21:23:43,29.496,24.747,43.744,0.250,0,4145568,118404,170392,3531216,9086.720,1619.772,23.997,351.950,3.000,23.997,7427,6649,1.710,1.650,1.040,3,0,655.908,0,0,17,184,1,32,2
16-01 21:23:44,18.970,22.464,57.409,0,0,4171252,141796,170392,3483356,8494.465,1691.305,11.981,738.823,2.995,59.905,8019,10077,1.710,1.650,1.040,1,0,448.286,0,0,17,195,1,30,2
16-01 21:23:45,21.028,15.521,61.833,0,0,4183328,169552,170392,3444468,9341.519,1622.174,4.005,656.880,1.001,36.048,6943,8948,1.710,1.650,1.040,2,0,225.302,0,0,17,195,1,30,2
16-01 21:23:46,42.855,9.966,45.346,1.495,0,4309528,137208,170392,3352276,7320.170,1614.523,454.458,625.877,7.973,51.824,4389,3321,1.710,1.650,1.040,2,0,94.679,0,0,17,211,1,30,2
16-01 21:23:47,44.634,7.272,47.392,0.251,0,4411464,133408,170392,3256016,6358.044,1462.380,188.565,96.288,9.027,14.042,3425,2239,1.710,1.650,1.040,2,0,3.009,0,0,17,211,1,30,2
16-01 21:23:48,30.995,10.998,56.740,0.500,0,4348080,220760,170396,3232164,5758.988,1709.700,47.992,447.921,3.999,19.996,4373,3856,1.660,1.640,1.040,2,0,213.962,0,0,17,215,1,30,2
16-01 21:23:49,35.765,23.510,39.516,1.000,0,4406416,160488,170400,3234080,9498.924,1620.669,960.397,308.127,13.005,35.014,8379,10158,1.660,1.640,1.040,2,0,500.207,0,0,17,215,1,30,2
16-01 21:23:50,36.993,22.496,38.243,0.750,0,4423268,143184,170404,3234964,18821.325,10316.986,111.978,1395.727,5.999,56.989,8219,10497,1.660,1.640,1.040,2,0,415.919,0,0,17,223,1,31,2
16-01 21:23:51,64.611,17.961,14.469,2.744,0,4529400,152328,170416,3122480,9763.020,1616.526,1612.535,303.348,29.936,14.968,5305,4506,1.660,1.640,1.040,4,0,158.659,0,0,17,226,1,31,2
16-01 21:23:52,55.350,13.274,22.040,9.267,0,4644620,158336,170424,3004288,17945.505,11590.995,1314.381,913.655,41.074,45.082,5203,5038,1.660,1.640,1.040,2,2,24.044,0,0,17,237,1,31,2
16-01 21:23:53,57.062,11.961,14.951,15.200,0,4627064,166724,170512,3013348,10477.504,2653.264,6095.930,1734.290,457.494,160.472,6490,6286,1.760,1.670,1.050,4,1,20.931,0,0,17,238,1,23,2
16-01 21:23:54,45.590,20.541,32.564,0.501,0,4659936,203688,170516,2945000,49621.981,7358.530,280.554,797.575,9.018,20.040,7414,8370,1.760,1.670,1.050,4,0,390.772,0,0,17,240,1,29,2
16-01 21:23:55,34.576,22.800,41.341,0,0,4626812,235112,170520,2947092,44337.090,6792.875,88.193,7865.223,5.011,64.140,8276,10506,1.760,1.670,1.050,11,0,400.878,0,0,17,239,1,30,2
16-01 21:23:56,52.737,21.245,24.494,0.500,0,4716864,143352,170524,2948316,10750.403,3589.133,3.999,9149.790,1.000,840.797,7228,5797,1.760,1.670,1.050,2,0,396.904,0,0,17,240,1,30,2
16-01 21:23:57,52.513,23.146,22.897,0.996,0,4757832,139868,170536,2912052,19479.246,10608.210,967.641,975.605,37.830,61.722,7028,10114,1.760,1.670,1.050,5,0,349.426,0,0,17,243,1,27,2
16-01 21:23:58,62.554,23.866,13.566,0,0,4793940,142680,170540,2874204,8894.242,1718.354,204.997,2612.702,18.088,38.186,7199,10536,2.020,1.720,1.070,4,0,410.998,0,0,17,247,1,30,2
16-01 21:23:59,53.230,22.491,22.991,0.750,0,4868056,138884,170552,2805992,18027.061,9881.196,247.905,947.635,14.994,58.977,7234,9089,2.020,1.720,1.070,6,0,407.843,0,0,17,252,1,31,0
16-01 21:24:00,54.641,22.455,16.717,5.739,0,4915356,116084,170560,2781664,11050.940,4328.360,439.123,2211.585,29.940,228.544,8364,12867,2.020,1.720,1.070,4,0,280.440,0,0,17,257,1,32,0
16-01 21:24:01,68.137,11.774,19.038,0.251,0,5050964,154816,170560,2609976,16931.946,9332.711,240.482,613.229,1.002,15.030,4961,4002,2.020,1.720,1.070,2,0,17.034,0,0,17,259,1,31,0
16-01 21:24:02,57.251,13.000,24.500,5.250,0,5019036,180644,170580,2616052,18683.320,11378.195,1504.026,992.017,85.001,70.001,10368,25745,2.020,1.720,1.070,4,0,17.000,0,0,17,262,1,37,0
16-01 21:24:03,57.198,10.490,29.223,2.248,0,5036308,185992,169240,2595056,11550.463,5781.725,1266.844,3089.182,39.964,180.835,5810,4879,2.100,1.740,1.080,2,0,72.933,0,0,17,268,1,38,0
16-01 21:24:04,44.489,27.993,24.244,2.249,0,5055856,162036,169524,2599032,16389.018,10525.442,4506.905,1882.543,85.979,99.976,8523,9118,2.100,1.740,1.080,3,0,558.864,0,0,17,267,1,39,0
16-01 21:24:05,55.824,22.029,21.028,0.250,0,5072844,144652,169528,2599768,11042.633,3594.764,1117.481,1213.608,15.020,48.064,7601,11117,2.100,1.740,1.080,2,0,337.447,0,0,17,268,1,37,0
16-01 21:24:06,68.570,15.958,12.966,2.493,0,5148216,137860,169532,2532800,19607.611,10531.399,1085.156,570.505,53.859,42.888,5939,5391,2.100,1.740,1.080,5,0,165.566,0,0,18,270,1,38,0
16-01 21:24:07,76.996,15.249,2.000,5.250,0,5250268,127700,169532,2443368,8671.499,1619.906,3255.812,391.977,174.990,17.999,5699,3857,2.100,1.740,1.080,6,0,15.999,0,0,18,270,1,38,0
16-01 21:24:08,77.797,12.468,7.979,1.247,0,5274036,166200,169568,2382664,17496.400,11602.760,1643.716,3315.359,77.797,285.257,8604,11084,2.250,1.780,1.100,4,0,32.914,0,0,18,278,1,42,0
16-01 21:24:09,46.195,14.483,37.955,0.499,0,5313852,125864,169572,2383168,11573.201,3694.595,551.343,835.004,7.990,60.927,6067,6219,2.250,1.780,1.100,2,0,204.756,0,0,18,283,1,41,0
16-01 21:24:10,37.977,7.042,54.073,0.503,0,5330160,141016,169580,2352668,22767.964,11222.015,784.686,925.527,9.054,30.180,3761,2615,2.250,1.780,1.100,2,0,10.060,0,0,18,287,1,41,0
16-01 21:24:11,38.140,8.725,52.599,0,0,5325268,144120,169580,2354456,1787067.676,28178.075,562.385,642.156,7.977,53.845,5399,4870,2.250,1.780,1.100,4,0,10.968,0,0,18,288,1,42,0
16-01 21:24:12,41.125,10.030,46.893,0.251,0,5307848,171564,169580,2345352,14849293.462,106048.348,770.342,585.781,6.018,47.143,9298,5255,2.250,1.780,1.100,3,0,65.198,0,0,18,290,1,42,0
16-01 21:24:13,30.257,13.003,53.763,2.000,0,5312976,164032,169580,2347724,13116.248,6812.687,2292.568,680.168,27.007,54.013,5497,5028,2.150,1.770,1.100,3,0,209.052,0,0,18,295,1,41,0
16-01 21:24:14,38.583,5.725,54.763,0,0.249,5385312,119276,169580,2321368,14890.564,9273.869,3.983,406.242,0.996,33.854,3507,2772,2.150,1.770,1.100,2,0,0,0,0,18,297,1,41,0
16-01 21:24:15,30.092,5.517,63.444,0.752,0,5307860,227980,169580,2291500,55857.907,1505607.670,517.584,870.664,30.092,86.264,5874,7362,2.150,1.770,1.100,3,0,20.061,0,0,18,299,1,45,0
16-01 21:24:16,2.242,1.993,92.169,0,0.249,5306144,229756,169580,2291504,378329.922,14849832.078,0,1363.107,0,147.471,3081,2022,2.150,1.770,1.100,0,0,17.936,0,0,18,299,1,45,0
16-01 21:24:17,2.001,0.500,96.303,0.250,0,5306128,229756,169580,2291520,9608.318,1620.897,0,336.186,0,20.011,1271,1740,2.150,1.770,1.100,0,0,0,0,0,18,299,1,40,0
16-01 21:24:18,4.766,1.756,91.557,0.753,0,5308352,227472,169580,2291580,2267069.180,23392.380,20.067,1798.025,2.007,113.380,2991,3380,1.980,1.740,1.090,1,0,2.007,0,0,18,306,1,40,0
16-01 21:24:19,24.183,3.989,69.558,0.249,0,5230684,288864,169592,2307796,14220728.055,89381.667,47.868,626.267,2.992,71.801,10214,10236,1.980,1.740,1.090,2,0,15.956,0,0,18,303,1,43,0
16-01 21:24:20,16.741,20.489,60.217,1.499,0,5263580,255660,169596,2308100,8639.241,1619.108,231.872,11909.440,12.993,54.970,6639,13119,1.980,1.740,1.090,1,0,487.731,0,0,18,303,1,44,0
16-01 21:24:21,23.280,4.756,70.592,0.751,0,5296592,222644,169596,2308104,7303.504,1622.111,0,30423.590,0,1152.500,4666,2194,1.980,1.740,1.090,2,0,14.018,0,0,18,303,1,42,0
16-01 21:24:22,9.023,19.299,70.429,0.251,0,5298380,220808,169596,2308152,10320.273,1624.135,0,397.011,0,24.061,6284,5141,1.980,1.740,1.090,1,0,379.967,0,0,18,307,1,42,0
16-01 21:24:23,6.723,13.196,78.180,0.498,0,5291180,227960,169596,2308200,8632.697,1613.402,15.935,713.084,0.996,50.792,4808,4324,1.980,1.740,1.100,0,0,277.864,0,0,18,309,1,42,0
16-01 21:24:24,7.749,3.000,87.738,0.250,0,5310552,208588,169596,2308200,46663.785,1619.784,0,2531.663,0,17.998,1851,1866,1.980,1.740,1.100,1,0,8.999,0,0,18,309,1,42,0
16-01 21:24:25,20.007,3.001,76.026,0.500,0,5353524,165612,169596,2308204,46383.927,7346.523,0,5397.853,0,173.059,2565,2206,1.980,1.740,1.100,1,0,0,0,0,18,310,1,41,0
16-01 21:24:26,16.502,9.001,73.009,0.250,0,5324048,194960,169600,2308312,12132.495,4682.577,76.009,0,7.001,0,4091,3438,1.980,1.740,1.100,2,0,123.015,0,0,18,313,1,42,0
16-01 21:24:27,12.760,15.762,70.306,0,0,5311468,207220,169600,2308616,7449.905,1621.285,4.003,104.082,1.001,1.001,5370,4183,1.980,1.740,1.100,1,0,198.157,0,0,18,313,1,42,0
16-01 21:24:28,12.766,17.022,70.090,0,0,5292884,225568,169600,2308836,9273.906,1622.083,0,124.159,0,4.005,5546,4302,1.900,1.730,1.100,1,0,205.264,0,0,18,313,1,42,0
16-01 21:24:29,21.705,6.985,69.855,0.499,0,5312924,205452,169600,2308912,10710.692,1616.633,51.892,371.227,2.994,54.886,3825,3561,1.900,1.730,1.100,1,0,78.836,0,0,18,317,1,41,0
16-01 21:24:30,23.258,3.751,72.274,0,0,5372120,146144,169600,2309024,9700.250,1620.543,104.035,12424.163,1.000,67.022,2383,2038,1.900,1.730,1.100,1,0,0,0,0,18,317,1,41,0
16-01 21:24:31,24.197,2.993,70.347,0.998,0,5340364,177596,169600,2309328,6099.716,1616.480,291.365,207.548,11.974,21.952,2848,2568,1.900,1.730,1.100,1,0,14.967,0,0,18,317,1,41,0
16-01 21:24:32,24.021,3.503,71.562,0.250,0,5387572,161232,169600,2279412,9087.851,1695.465,20.017,540.467,4.003,45.039,2643,2314,1.900,1.730,1.100,1,0,0,0,0,18,317,1,41,0
16-01 21:24:33,21.763,4.253,73.044,0.250,0,5423564,155104,169600,2250500,11094.677,3722.240,16.010,1797.081,1.001,100.060,2637,2392,1.830,1.720,1.090,0,0,3.002,0,0,18,320,1,40,0
16-01 21:24:34,13.307,1.758,84.363,0.251,0,5420656,157992,169600,2250520,23575.409,18526.692,0,1160.994,0,59.255,2670,2915,1.830,1.720,1.090,2,0,2.009,0,0,18,323,1,42,0
16-01 21:24:35,23.151,4.481,71.196,0,0,5360364,218280,169600,2250524,5750.436,1686.795,0,274.826,0,21.906,2637,2389,1.830,1.720,1.090,1,0,15.932,0,0,18,317,1,42,0
16-01 21:24:36,25.227,1.998,71.933,0.250,0,5336824,241684,169600,2250660,8961.711,1692.435,0,231.786,0,18.982,2257,1754,1.830,1.720,1.090,2,0,0,0,0,18,317,1,42,0
16-01 21:24:37,9.295,19.343,70.086,0.251,0,5335828,242504,169608,2250828,7341.221,1702.166,438.102,401.928,10.048,13.063,6316,5344,1.830,1.720,1.090,1,0,433.078,0,0,18,317,1,42,0
16-01 21:24:38,17.977,8.739,71.408,0.749,0,5369140,209028,169740,2250860,9136.287,1733.777,139.821,3.995,6.991,0.999,3936,3253,1.760,1.700,1.090,1,0,168.784,0,0,18,317,1,42,0
16-01 21:24:39,18.503,2.500,78.014,0,0,5377060,200964,169764,2250980,12667.243,3725.660,112.020,344.061,5.001,26.005,2560,2560,1.760,1.700,1.090,1,0,17.003,0,0,18,318,1,42,0
16-01 21:24:40,24.259,3.001,71.776,0.250,0,5346092,224736,170312,2257500,9534.446,1868.675,0,1284.464,0,37.013,2530,2056,1.760,1.700,1.090,2,0,2.001,0,0,18,317,1,42,0
16-01 21:24:41,17.951,2.244,78.534,0,0,5349652,219964,170332,2258696,13937.650,4484.660,0,378.957,0,6.981,2194,1960,1.760,1.700,1.090,2,0,16.953,0,0,18,318,1,42,0
16-01 21:24:42,24.264,5.503,68.290,0.500,0,5343940,219528,170932,2264084,6257.625,1795.040,396.230,3534.047,15.009,405.235,11261,19378,1.760,1.700,1.090,1,0,13.008,0,0,18,317,1,42,0
16-01 21:24:43,16.737,3.247,78.439,0,0,5344888,218084,170968,2264528,13679.301,4613.392,31.975,503.606,3.997,6.995,2105,1915,1.620,1.680,1.090,1,0,3.997,0,0,18,318,1,42,0
16-01 21:24:44,24.755,6.251,67.512,0.250,0,5335496,227256,171020,2264696,9500.755,1694.313,0,484.089,0,20.004,10590,18805,1.620,1.680,1.090,1,0,19.004,0,0,18,318,1,42,0
16-01 21:24:45,18.023,9.762,71.090,0.250,0,5277832,296656,171104,2253036,8454.723,1796.278,4.005,692.879,1.001,27.034,3924,3259,1.620,1.680,1.090,2,0,138.175,0,0,18,317,1,42,0
16-01 21:24:46,19.479,8.741,70.425,0,0.250,5312740,261748,171104,2253044,9328.067,1618.277,0,495.472,0,2.997,3462,2974,1.620,1.680,1.090,1,0,126.865,0,0,18,317,1,42,0
16-01 21:24:47,19.998,1.750,76.742,0,0,5331916,242384,171104,2253232,12666.640,7409.204,0,7.999,0,2.000,2216,1924,1.620,1.680,1.090,1,0,0,0,0,18,318,1,42,0
16-01 21:24:48,19.766,10.008,69.057,0.500,0,5288108,285856,171104,2253552,13980.598,6194.139,180.149,132.110,12.010,9.007,4915,6140,1.570,1.660,1.090,1,0,114.095,0,0,18,319,1,45,0
16-01 21:24:49,22.958,2.994,73.115,0,0,5334304,239528,171104,2253684,14292.700,7168.809,111.794,223.589,5.989,29.945,3161,3040,1.570,1.660,1.090,1,0,0.998,0,0,18,320,1,45,0
16-01 21:24:50,21.768,6.756,69.807,0.250,0,5304292,269520,171104,2253704,8886.283,4485.676,0,372.305,0,36.030,3717,3548,1.570,1.660,1.090,1,0,71.058,0,0,18,319,1,46,0
16-01 21:24:51,19.748,3.250,75.991,0,0,5338076,235540,171104,2253900,14610.219,7343.105,63.992,307.962,2.000,12.998,2442,2154,1.570,1.660,1.090,1,0,1.000,0,0,18,322,1,46,0
16-01 21:24:52,19.511,6.253,72.790,0,0,5352756,220776,171104,2253984,15129.349,9034.986,64.035,152.084,4.002,11.006,3155,2733,1.570,1.660,1.090,1,0,56.031,0,0,18,321,1,47,0
16-01 21:24:53,19.442,2.243,76.771,0,0,5386420,187108,171104,2253988,13352.220,7322.185,0,175.477,0,10.967,2296,2035,1.530,1.650,1.090,1,0,0,0,0,18,322,1,47,0
16-01 21:24:54,20.227,5.494,73.667,0.250,0,5315380,258060,171104,2254076,52520.756,6136.078,79.910,115.869,4.994,7.991,2939,2433,1.530,1.650,1.090,1,0,31.964,0,0,18,321,1,42,0
16-01 21:24:55,20.516,2.252,76.061,0.250,0,5335524,237912,171104,2254080,47704.331,7349.906,0,124.100,0,8.006,2321,2039,1.530,1.650,1.090,1,0,0,0,0,18,322,1,42,0
16-01 21:24:56,16.031,3.507,79.155,0,0,5297832,275592,171104,2254092,20017.115,6661.016,0,440.861,0,33.065,2983,3012,1.530,1.650,1.090,2,0,32.063,0,0,18,321,1,43,0
16-01 21:24:57,22.526,4.255,71.834,0.250,0,5365432,207988,171104,2254096,9141.724,1716.013,0,148.174,0,8.009,2350,2087,1.530,1.650,1.090,1,0,15.018,0,0,18,321,1,43,0
16-01 21:24:58,18.008,3.502,77.785,0.250,0,5355404,217996,171104,2254116,16783.658,11938.447,0,1908.871,0,319.146,3338,2567,1.480,1.640,1.090,1,0,27.012,0,0,18,321,1,41,0
16-01 21:24:59,23.488,4.498,71.213,0.250,0,5414404,158980,171108,2254128,8766.469,1619.163,0,455.764,0,45.976,2776,2856,1.480,1.640,1.090,1,0,5.997,0,0,18,321,1,41,0
16-01 21:25:00,17.024,10.765,69.849,0.501,0,5409920,163148,171120,2254240,20666.397,11693.634,68.097,380.541,8.011,29.041,4971,5118,1.480,1.640,1.090,3,0,315.449,0,0,18,322,1,41,0
16-01 21:25:01,21.223,8.739,69.660,0.250,0,5368996,204040,171120,2254256,8563.954,2475.807,0,1977.449,0,127.835,3722,3412,1.480,1.640,1.090,2,0,107.861,0,0,18,323,1,42,0
16-01 21:25:02,19.068,2.007,77.776,0,0,5385512,187520,171120,2254268,16341.048,8101.780,0,188.670,0,10.036,2359,2070,1.480,1.640,1.090,3,0,0,0,0,18,324,1,38,0
16-01 21:25:03,20.745,5.749,72.234,0.250,0,5383160,189860,171120,2254280,21561.290,17531.170,0,447.902,0,30.993,2830,2628,1.450,1.630,1.090,1,0,46.990,0,0,18,323,1,39,0
16-01 21:25:04,19.426,2.490,77.205,0,0,5390328,182552,171120,2254420,17165.400,8505.495,0,159.391,0,17.931,2612,2514,1.450,1.630,1.090,1,0,0.996,0,0,18,324,1,40,0
16-01 21:25:05,21.763,4.753,72.294,0.250,0,5367788,204708,171120,2254804,9505.808,3475.123,384.235,316.193,22.013,29.018,2923,2793,1.450,1.630,1.090,1,0,15.009,0,0,18,323,1,41,0
16-01 21:25:06,16.953,2.244,79.528,0.499,0,5380988,191420,171120,2254892,12561.878,8159.188,79.777,211.409,4.986,13.961,2183,2115,1.450,1.630,1.090,1,0,0,0,0,18,325,1,36,0
16-01 21:25:07,24.565,6.016,67.929,0.752,0,5353364,217144,171120,2256776,10281.045,2933.717,1792.716,1355.566,66.174,164.433,6367,9283,1.450,1.630,1.090,6,0,7.018,0,0,18,325,1,37,0
16-01 21:25:08,19.743,2.249,76.472,0,0,5365920,204580,171120,2256784,14851.575,7415.291,0,459.832,0,28.989,2409,2139,1.410,1.620,1.080,3,0,1.000,0,0,18,326,1,37,0
16-01 21:25:09,20.572,4.014,74.009,0.753,0,5361952,208240,171120,2257092,14265.873,5528.327,240.842,1091.817,12.042,127.446,4823,6251,1.410,1.620,1.080,1,0,0,0,0,18,326,1,37,0
16-01 21:25:10,13.758,20.763,63.288,1.001,0,5322432,247668,171120,2257184,10744.504,2847.724,48.029,4906.970,2.001,332.201,7492,7827,1.410,1.620,1.080,1,0,576.349,0,0,18,325,1,32,0
16-01 21:25:11,9.000,22.750,67.249,0,0,5311636,258428,171120,2257220,11079.799,1619.971,0,607.989,0,45.999,7350,6602,1.410,1.620,1.080,1,0,646.988,0,0,18,325,1,32,0
16-01 21:25:12,8.743,22.732,66.697,0.250,0,5306272,263756,171120,2257256,11184.184,1618.724,0,1326.954,0,76.939,7591,6955,1.410,1.620,1.080,4,0,651.486,0,0,18,325,1,32,0
16-01 21:25:13,9.490,22.976,66.430,0.250,0,5302644,267344,171120,2257296,6695.897,1456.455,0,2433.418,0,378.598,8011,6672,1.380,1.610,1.080,1,0,680.278,0,0,18,325,1,32,0
16-01 21:25:14,9.262,21.527,67.835,0,0,5300520,269432,171120,2257332,6560.214,1622.031,0,144.181,0,18.023,7428,6752,1.380,1.610,1.080,1,0,694.870,0,0,18,325,1,30,0
16-01 21:25:15,10.979,17.966,69.118,0.749,0,5307524,262160,171120,2257600,9249.298,1616.906,223.572,39.924,16.968,7.985,6510,5821,1.380,1.610,1.080,2,0,523.997,0,0,18,325,1,30,0
16-01 21:25:16,16.274,8.262,72.356,2.754,0,5308348,367428,171160,2163532,8486.388,1622.368,2199.210,2135.117,249.364,12.018,3141,2918,1.380,1.610,1.080,1,0,43.063,0,0,18,325,1,30,0
16-01 21:25:17,24.178,2.991,71.288,0,0,5332548,339336,171164,2167412,9397.996,1615.187,11.964,2249.298,1.994,11.964,2471,2013,1.380,1.610,1.080,1,0,15.952,0,0,18,325,1,30,0
16-01 21:25:18,11.248,1.250,85.486,1.250,0,5342636,328448,171172,2168200,21128.427,7761.688,515.913,1235.791,24.996,22.996,1961,2000,1.270,1.580,1.080,1,0,1.000,0,0,18,326,1,30,0
16-01 21:25:19,12.495,1.749,82.220,2.249,0,5340768,329788,171172,2168724,19934.800,9452.586,371.866,1295.532,36.987,76.972,2756,3207,1.270,1.580,1.080,0,0,1.000,0,0,18,326,1,26,0
16-01 21:25:20,17.513,5.004,72.054,4.503,0,5357052,312764,171208,2169424,20503.488,8655.538,324.245,1837.388,30.023,94.071,3579,11146,1.270,1.580,1.080,2,0,39.029,0,0,18,326,1,27,0
16-01 21:25:21,34.091,6.267,57.905,1.755,0,5421432,247428,171208,2170380,14249.147,7025.809,1327.554,822.201,37.099,29.078,3210,2237,1.270,1.580,1.080,2,0,7.019,0,0,18,326,1,27,0
16-01 21:25:22,19.688,3.738,73.021,1.994,0,5418248,249928,171232,2171036,16701.520,8675.739,996.868,1112.504,40.872,28.909,2672,2248,1.270,1.580,1.080,1,0,2.991,0,0,18,326,1,27,0
16-01 21:25:23,13.046,1.505,83.798,1.254,0,5433140,234156,171248,2171896,19717.023,7849.878,710.523,1111.949,32.114,43.153,2065,2057,1.160,1.560,1.070,1,0,0,0,0,18,326,1,23,0
16-01 21:25:24,11.961,0.498,84.975,0.997,0,5429196,237380,171288,2172572,54493.334,9353.676,434.591,925.001,34.887,28.906,1914,1917,1.160,1.560,1.070,0,0,0,0,0,18,326,1,23,0
16-01 21:25:25,16.004,2.751,76.017,4.001,0,5426596,205628,171288,2206920,42462.287,3219.704,15263.338,800.175,159.035,33.007,2521,2210,1.160,1.560,1.070,1,0,1.000,0,0,18,326,1,23,0
16-01 21:25:26,23.501,3.000,72.254,0.500,0,5425008,192600,172080,2220548,12397.711,1620.093,0,1168.067,0,36.002,2457,2229,1.160,1.560,1.070,1,0,0,0,0,18,326,1,23,0
16-01 21:25:27,23.993,2.749,71.728,0.250,0,5415556,185932,172456,2236008,10612.699,1661.483,0,1371.573,0,30.990,2558,2230,1.160,1.560,1.070,1,0,0,0,0,18,326,1,22,0
16-01 21:25:28,23.997,2.500,71.991,1.000,0,5420436,158436,173116,2257704,9797.779,1457.818,0,2359.706,0,101.987,2945,2677,1.150,1.550,1.070,2,0,1.000,0,0,18,326,1,22,0
16-01 21:25:29,24.011,3.001,71.033,0.750,0,5410304,152104,173868,2273132,5625.626,1620.756,0,2321.083,0,106.049,3132,3164,1.150,1.550,1.070,1,0,0,0,0,18,326,1,22,0
16-01 21:25:30,23.248,2.750,71.495,1.000,0,5409180,128972,175000,2295912,8908.330,1619.878,0,3147.763,0,129.990,3028,2875,1.150,1.550,1.070,1,0,0,0,0,18,326,1,22,0
16-01 21:25:31,24.320,4.262,70.955,0,0,5371424,183748,175056,2278784,9511.523,1799.206,0,292.847,0,12.035,2697,2063,1.150,1.550,1.070,1,0,25.073,0,0,18,325,1,22,0
16-01 21:25:32,18.194,2.991,77.513,0.249,0,5394428,155312,175064,2284216,11513.747,3960.873,0,8840.931,0,218.332,2535,2061,1.150,1.550,1.070,1,0,15.951,0,0,18,325,1,22,0
16-01 21:25:33,22.001,3.500,73.004,0,0,5385132,163376,175064,2285432,10625.628,2770.164,0,0,0,0,2467,2118,1.140,1.540,1.070,0,0,19.001,0,0,18,326,1,22,0
16-01 21:25:34,17.969,3.244,77.365,0.250,0.250,5377216,164948,175212,2291372,13835.904,3782.413,0,1429.510,0,29.948,4334,6449,1.140,1.540,1.070,2,0,6.988,0,0,18,325,1,22,0
16-01 21:25:35,23.374,6.032,68.864,0.503,0,5356716,184892,175232,2291844,8759.349,1628.618,0,1745.235,0,233.234,10857,19163,1.140,1.540,1.070,4,0,16.085,0,0,18,325,1,20,0
16-01 21:25:36,21.667,6.724,69.982,0.249,0,5359492,182000,175232,2291928,8591.116,1526.158,0,1717.426,0,12.950,8711,14758,1.140,1.540,1.070,4,0,14.943,0,0,18,325,1,20,0
16-01 21:25:37,23.466,4.244,71.647,0,0,5294700,259952,175248,2279028,7115.772,1691.568,0,1294.140,0,29.957,3207,3017,1.140,1.540,1.070,1,0,50.927,0,0,18,325,1,20,0
16-01 21:25:38,23.258,6.752,68.274,0,0,5320892,233744,175248,2279044,8934.100,1736.603,0,0,0,0,10013,18237,1.130,1.530,1.070,1,0,25.009,0,0,18,325,1,20,0
16-01 21:25:39,18.260,3.002,76.543,0,0,5351952,197232,175252,2284492,13817.795,3793.140,16.009,1328.750,1.001,42.024,2581,2652,1.130,1.530,1.070,3,0,16.009,0,0,18,325,1,20,1
16-01 21:25:40,23.764,3.502,71.541,0.250,0,5343220,204840,175252,2285584,5735.302,2296.322,0,1064.613,0,40.023,2836,2614,1.130,1.530,1.070,1,0,19.011,0,0,18,326,1,20,0
16-01 21:25:41,17.258,3.251,78.535,0.250,0,5342844,199056,175252,2291520,15420.934,4233.904,0,1128.507,0,28.013,3179,4238,1.130,1.530,1.070,1,0,6.003,0,0,18,325,1,20,0
16-01 21:25:42,24.716,6.491,65.660,0.250,0,5344212,197140,175252,2291988,8228.683,1617.775,0,746.973,0,19.973,17135,33188,1.130,1.530,1.070,1,0,14.979,0,0,18,325,1,20,0
16-01 21:25:43,20.026,7.009,72.095,0,0,5307712,246780,175268,2279064,9193.067,1692.221,0,480.631,0,12.016,2689,2193,1.120,1.520,1.070,1,0,16.021,0,0,18,325,1,20,0
16-01 21:25:44,23.492,3.749,71.724,0.250,0,5313136,241344,175268,2279076,6805.570,1531.453,0,1107.604,0,106.962,2692,2114,1.120,1.520,1.070,2,0,20.993,0,0,18,325,1,20,0
16-01 21:25:45,22.585,5.521,71.017,0,0,5330388,217500,175728,2285208,6697.206,1626.120,0,112.423,0,7.026,3534,3283,1.120,1.520,1.070,1,0,96.363,0,0,18,325,1,20,0
16-01 21:25:46,24.415,2.741,72.250,0,0,5339728,203544,175988,2289468,9375.513,1614.406,0,7.972,0,1.993,2481,2054,1.120,1.520,1.070,1,0,16.941,0,0,18,325,1,20,0
16-01 21:25:47,13.741,2.249,82.446,0.250,0,5351984,190996,176004,2289744,18559.913,7560.077,0,12080.133,0,73.952,2280,2390,1.120,1.520,1.070,2,0,0,0,0,18,326,1,20,0
16-01 21:25:48,10.975,1.497,86.056,0.499,0,5346600,196164,176004,2289944,21799.737,10641.951,0,1309.042,0,47.892,2005,2076,1.030,1.500,1.060,0,0,0.998,0,0,18,326,1,20,0
16-01 21:25:49,8.772,1.504,86.970,0.752,0,5346044,196240,176008,2290420,148198.466,13793.854,32.081,1944.914,1.003,120.304,2590,3166,1.030,1.500,1.060,1,0,1.003,0,0,18,327,1,20,0
16-01 21:25:50,14.717,2.245,81.067,0.748,0,5372796,169268,176008,2290624,35906.756,9649.167,0,1416.794,0,70.840,2566,2690,1.030,1.500,1.060,1,0,0.998,0,0,18,327,1,20,0
16-01 21:25:51,18.356,2.515,77.700,0.251,0,5370476,171348,176008,2290864,19176.977,8002.309,0,969.611,0,32.186,3370,4901,1.030,1.500,1.060,1,0,1.006,0,0,18,327,1,16,0
16-01 21:25:52,14.999,1.000,82.494,0.500,0,5372012,169584,176008,2291092,19132.607,10012.271,0,1483.892,0,33.998,2486,2487,1.030,1.500,1.060,1,0,0,0,0,18,327,1,18,0
16-01 21:25:53,13.484,1.998,82.652,0.749,0,5373620,167568,176008,2291500,306404.578,15325.772,0,1809.847,0,81.903,2656,2730,0.940,1.470,1.060,1,0,0,0,0,18,327,1,18,0
16-01 21:25:54,6.497,1.000,89.213,1.499,0,5373844,167076,176008,2291748,133625.019,14335.994,27.988,2055.139,3.998,94.960,2065,2248,0.940,1.470,1.060,1,0,0,0,0,18,327,1,18,0
16-01 21:25:55,14.222,1.248,82.586,0.749,0,5383120,157500,176008,2292048,46859.142,9361.449,103.794,1325.374,5.988,59.881,2089,1960,0.940,1.470,1.060,0,0,0,0,0,18,327,1,14,0
16-01 21:25:56,9.751,2.000,85.760,0.500,0.250,5383032,137888,176008,2311684,5671083.957,40719.688,0,6280.723,0,37.004,3755,2774,0.940,1.470,1.060,0,0,3.000,0,0,18,327,1,14,0
16-01 21:25:57,10.525,4.260,82.949,1.253,0,5376192,144088,176008,2313004,12070796.102,57788.751,164.395,42650.404,4.010,175.421,5479,3334,0.940,1.470,1.060,3,0,2.005,0,0,18,327,1,14,0
16-01 21:25:58,21.484,3.997,73.194,1.249,0,5376584,127732,178824,2324076,102892.462,2444.134,0,7046.621,0,103.921,2856,2418,0.950,1.460,1.060,2,0,1.998,0,0,18,327,1,14,0
16-01 21:25:59,24.527,3.504,70.578,0.250,0,5383256,136364,179820,2307332,7732.522,1621.787,32.035,2242.471,1.001,58.064,2918,2879,0.950,1.460,1.060,1,0,0,0,0,18,327,1,14,0
16-01 21:26:00,24.184,2.992,71.556,0.748,0,5379940,122656,180196,2322668,5255.724,1454.050,0,2281.802,0,210.428,3007,2483,0.950,1.460,1.060,1,0,0,0,0,18,327,1,10,0
16-01 21:26:01,23.496,3.999,70.988,0.500,0,5388776,145460,180932,2291256,6317.896,1619.717,0,1803.685,0,85.985,2832,2438,0.950,1.460,1.060,1,0,0,0,0,18,327,1,10,0
16-01 21:26:02,23.515,3.752,71.297,0.750,0,5377484,140648,181656,2305568,8851.804,1621.063,0,2525.656,0,86.056,2840,2435,0.950,1.460,1.060,1,0,0,0,0,18,327,1,10,0
16-01 21:26:03,22.316,4.263,71.212,2.758,0,5379672,147240,182700,2295200,9067.955,1624.830,0,73113.333,0,497.479,3487,2660,0.950,1.450,1.060,1,0,0,0,0,18,327,1,10,0
16-01 21:26:04,24.164,2.242,72.242,0,0,5380852,129472,183584,2309688,8658.023,1614.225,0,2052.656,0,40.854,2675,2607,0.950,1.450,1.060,1,0,0.996,0,0,18,327,1,7,0
16-01 21:26:05,23.488,3.498,70.964,1.249,0,5383780,125136,184664,2309412,8099.889,1619.178,0,5433.242,0,211.892,3335,3414,0.950,1.450,1.060,1,0,0.999,0,0,18,327,1,7,0
16-01 21:26:06,19.476,1.748,76.903,0.250,0,5390872,149592,184936,2277020,16088.763,4204.711,0,998.744,0,37.952,2303,2031,0.950,1.450,1.060,2,0,0,0,0,18,325,1,7,0
16-01 21:26:07,22.554,4.260,72.425,0,0,5332880,207528,184968,2277036,9706.405,2118.107,0,28.068,0,2.005,2700,2132,0.950,1.450,1.060,1,0,35.085,0,0,18,326,1,7,0
16-01 21:26:08,19.247,2.250,77.239,0.750,0,5326344,206612,185516,2283556,12129.211,3479.487,0,1803.734,0,24.996,2298,2092,0.960,1.450,1.060,2,0,3.000,0,0,18,325,1,4,0
16-01 21:26:09,17.740,3.248,75.959,1.999,0,5339292,193540,185524,2283668,15832.441,4452.593,95.948,807.563,1.999,44.976,2698,2806,0.960,1.450,1.060,3,0,16.991,0,0,18,326,1,4,0
16-01 21:26:10,23.514,5.003,68.290,0.250,0,5338724,186164,186132,2289896,7901.685,1795.064,0,1592.944,0,146.087,10658,19063,0.960,1.450,1.060,1,0,14.008,0,0,18,325,1,4,0
16-01 21:26:11,23.747,5.749,69.492,0,0,5344508,180116,186160,2290068,6728.244,1619.818,0,2775.688,0,25.997,8337,13989,0.960,1.450,1.060,2,0,4.999,0,0,18,325,1,4,0
16-01 21:26:12,21.749,6.750,70.247,0.250,0,5337184,187200,186204,2290232,8265.608,1619.923,0,815.961,0,42.998,5535,7992,0.960,1.450,1.060,1,0,14.999,0,0,18,325,1,3,0
16-01 21:26:13,21.754,5.001,71.012,0,0,5319992,218676,186212,2277248,8997.504,1620.271,0,388.065,0,19.003,2593,2099,0.960,1.440,1.060,1,0,6.001,0,0,18,325,1,3,0
16-01 21:26:14,22.737,4.497,71.707,1.249,0,5339704,195692,186384,2280308,10451.797,1619.039,615.635,1750.961,11.993,19.988,2805,2512,0.960,1.440,1.060,1,0,1.999,0,0,18,326,1,3,0
16-01 21:26:15,25.513,4.752,66.535,1.501,0,5337004,197376,186384,2281324,8626.530,1620.851,688.362,3994.098,39.020,327.172,8246,12168,0.960,1.440,1.060,1,0,1.001,0,0,18,328,1,8,0
16-01 21:26:16,14.048,15.302,66.728,2.509,0,5314808,218952,186384,2281944,5469.675,1625.550,513.754,2456.387,25.086,207.709,7049,7551,0.960,1.440,1.060,1,0,342.168,0,0,18,327,1,8,0
16-01 21:26:17,13.493,9.495,70.212,6.247,0,5317976,208980,186384,2288748,10994.018,1457.207,6792.304,327.822,874.524,18.990,5176,4631,0.960,1.440,1.060,1,0,107.941,0,0,18,327,1,10,0
16-01 21:26:18,10.220,5.234,72.535,10.469,0,5291812,198056,186788,2325420,9488.843,2627.204,36958.332,15111.160,2826.612,200.405,6820,8654,0.960,1.430,1.060,0,0,6.979,0,0,18,328,1,10,0
16-01 21:26:19,2.748,0.750,94.697,0.250,0,5292316,197552,186788,2325420,27704.408,3461.052,0,363.795,0,34.980,1758,2557,0.960,1.430,1.060,0,0,0.999,0,0,18,328,1,10,0
16-01 21:26:20,6.511,3.756,87.901,0.250,0,5302960,186728,186828,2327480,102949.685,4373.506,156.268,428.736,2.003,29.050,2230,4857,0.960,1.430,1.060,3,0,39.067,0,0,18,328,1,10,0
16-01 21:26:21,26.457,7.987,63.398,1.248,0,5281808,207524,186852,2325840,45375.771,129343.260,922.511,1026.344,21.965,10.982,3828,8006,0.960,1.430,1.060,1,0,32.947,0,0,18,327,1,11,0
16-01 21:26:22,11.253,4.001,84.023,0,0.250,5257212,232116,186852,2325844,8918.463,1620.447,512.141,52.014,4.001,6.002,2157,2055,0.960,1.430,1.060,0,0,4.001,0,0,18,327,1,11,0
16-01 21:26:23,1.500,0.750,96.471,0.500,0,5246640,242688,186852,2325844,7669.719,1619.518,0,215.936,0,16.995,1218,1675,0.890,1.410,1.050,1,0,0,0,0,18,327,1,11,0
16-01 21:26:24,1.750,0.750,96.519,0,0,5235728,253600,186852,2325844,40492.840,1620.314,0,0,0,0,1201,1582,0.890,1.410,1.050,0,0,0,0,0,18,327,1,10,0
16-01 21:26:25,1.749,0.750,95.950,0,0,5235700,253628,186852,2325844,44490.607,1619.149,0,87.954,0,11.994,1317,1684,0.890,1.410,1.050,0,0,0,0,0,18,327,1,10,0
16-01 21:26:26,2.500,1.250,95.505,0.250,0,5236136,253180,186852,2325856,6978.353,1458.074,0,636.032,0,52.003,1570,2259,0.890,1.410,1.050,0,0,0,0,0,18,327,1,10,0
16-01 21:26:27,2.251,0.750,96.286,0,0,5236132,253180,186852,2325860,8640.230,1620.606,0,0,0,0,1305,1687,0.890,1.410,1.050,0,0,0,0,0,18,327,1,10,0
16-01 21:26:28,1.750,1.250,96.016,0,0,5231616,257684,186852,2325860,5871.965,1620.266,0,4700.772,0,19.003,1318,1740,0.900,1.400,1.050,0,0,1.000,0,0,18,327,1,10,0
16-01 21:26:29,1.750,1.000,95.481,0.250,0,5231616,257684,186852,2325860,9342.121,1619.674,0,323.935,0,21.996,1510,2097,0.900,1.400,1.050,0,0,0,0,0,18,327,1,10,0
16-01 21:26:30,2.250,0.750,95.747,0,0,5231616,257684,186852,2325860,7090.798,1619.954,0,91.997,0,12.000,1372,1879,0.900,1.400,1.050,0,0,0,0,0,18,327,1,10,0
16-01 21:26:31,2.750,2.000,93.749,1.000,0,5225252,264048,186852,2325860,7793.938,1619.987,0,5511.956,0,503.996,2403,2438,0.900,1.400,1.050,0,0,6.000,0,0,18,327,1,10,0
16-01 21:26:32,1.751,0.751,96.318,0,0,5225252,264048,186852,2325860,5352.778,1695.196,0,40.028,0,1.001,1229,1679,0.900,1.400,1.050,0,0,0,0,0,18,327,1,10,0
16-01 21:26:33,1.749,2.998,93.189,0.250,0,5224432,264848,186852,2325868,9608.738,1531.002,0,112474.696,0,670.563,3131,2451,0.820,1.380,1.040,0,0,0,0,0,18,327,1,10,0
16-01 21:26:34,1.750,1.250,95.997,0.250,0.250,5224820,264596,186852,2325868,8676.711,1619.946,0,1831.939,0,15.999,1468,2101,0.820,1.380,1.040,1,0,1.000,0,0,18,327,1,10,0
16-01 21:26:35,2.247,0.499,95.632,0,0,5225040,264372,186852,2325872,10318.299,1691.917,0,255.685,0,23.970,1530,2095,0.820,1.380,1.040,0,0,0.999,0,0,18,327,1,10,0
16-01 21:26:36,1.754,1.002,96.213,0.251,0,5225020,264372,186852,2325896,7030.536,1697.752,16.035,292.647,1.002,25.055,1526,2167,0.820,1.380,1.040,0,0,1.002,0,0,18,327,1,10,0
16-01 21:26:37,1.748,0.749,95.905,0,0,5225016,264372,186852,2325900,9413.670,1692.323,0,67.933,0,3.996,1223,1681,0.820,1.380,1.040,0,0,0,0,0,18,327,1,10,0
16-01 21:26:38,2.247,1.748,94.625,0.250,0,5224504,264876,186852,2325908,6040.048,1691.773,0,54320.481,0,187.753,1903,2125,0.760,1.350,1.040,0,0,0.999,0,0,18,327,1,10,0
16-01 21:26:39,1.745,0.748,95.994,0.249,0,5224728,264652,186852,2325908,5682.867,1615.698,0,993.355,0,27.926,1391,2085,0.760,1.350,1.040,0,0,0,0,0,18,327,1,10,0
16-01 21:26:40,1.505,1.003,96.331,0,0,5224728,264652,186852,2325908,7682.423,1537.287,0,0,0,0,1195,1692,0.760,1.350,1.040,0,0,0,0,0,18,327,1,10,0
16-01 21:26:41,2.002,0.500,96.334,0,0,5224724,264652,186852,2325912,8881.728,1621.411,0,100.087,0,11.010,1275,1744,0.760,1.350,1.040,0,0,0,0,0,18,327,1,10,0
16-01 21:26:42,1.496,0.748,96.524,0,0,5224724,264652,186852,2325912,7424.629,1616.219,0,7.981,0,0.998,1289,1744,0.760,1.350,1.040,1,0,1.995,0,0,18,327,1,10,0
16-01 21:26:43,1.503,0.752,96.945,0,0,5224976,264400,186852,2325912,9084.247,1623.261,0,0,0,0,1142,1611,0.700,1.330,1.030,0,0,0,0,0,18,327,1,10,0
16-01 21:26:44,1.747,0.499,96.099,0,0,5224976,264400,186852,2325912,7267.574,1691.341,0,291.542,0,8.986,1199,1686,0.700,1.330,1.030,1,0,0,0,0,18,327,1,10,0
16-01 21:26:45,2.253,1.252,96.124,0,0,5224972,264400,186852,2325916,9619.441,1622.098,0,52.067,0,6.008,1315,1693,0.700,1.330,1.030,1,0,0,0,0,18,327,1,10,0
16-01 21:26:46,2.001,0.500,95.529,0.500,0,5224968,264400,186852,2325920,9457.833,1620.485,0,356.107,0,29.009,1513,2188,0.700,1.330,1.030,0,0,0,0,0,18,327,1,10,0
16-01 21:26:47,1.996,0.748,95.806,0,0,5224968,264400,186852,2325920,7286.245,1616.726,0,51.895,0,4.990,1225,1676,0.700,1.330,1.030,0,0,0,0,0,18,327,1,10,0
16-01 21:26:48,1.753,0.501,96.652,0,0,5224968,264400,186852,2325920,8640.600,1460.298,0,8.013,0,1.002,1342,1754,0.720,1.330,1.030,0,0,1.002,0,0,18,327,1,10,0
16-01 21:26:49,2.251,1.501,94.799,0,0,5218784,270576,186852,2325920,9044.652,1620.834,0,2913.498,0,42.022,1796,2480,0.720,1.330,1.030,0,0,1.001,0,0,18,327,1,10,0
16-01 21:26:50,2.250,0.750,95.759,0,0,5219252,270100,186852,2325928,5921.550,1620.150,0,344.032,0,27.003,1555,2175,0.720,1.330,1.030,0,0,1.000,0,0,18,327,1,10,0
16-01 21:26:51,1.999,1.250,95.721,0,0,5219252,270100,186852,2325928,32456.109,1561.524,0,35.989,0,3.999,1407,1925,0.720,1.330,1.030,2,0,1.000,0,0,18,327,1,10,0
16-01 21:26:52,15.251,5.000,77.757,0.750,0,5226832,262364,186884,2326052,407262.980,15863.401,124.011,0,6.001,0,3556,2826,0.720,1.330,1.030,1,0,33.003,0,0,18,327,1,10,0
16-01 21:26:53,17.511,5.503,75.797,0.250,0,5229568,256424,186888,2329252,297541.501,9395.858,16.010,368.230,1.001,17.011,3522,2877,0.740,1.320,1.030,1,0,33.021,0,0,18,327,1,8,0
