"pcp-dstat 6.2.0 CSV Output"
"Author:","PCP team <pcp@groups.io> and Dag Wieers <dag@wieers.com>",,,,"URL:","https://pcp.io/ and http://dag.wieers.com/home-made/dstat/"
"Host:","ubuntu",,,,"User:","ubuntu"
"Cmdline:","dstat -tcmndrylpg --tcp --output /tmp/devstack_logs/dstat-csv.log",,,,"Date:","14 Jan 2026 15:28:40 UTC"
"system","total usage",,,,,"memory usage",,,,"net/total",,"dsk/total",,"io/total",,"system",,"load avg",,,"procs",,,"paging",,"tcp sockets",,,,
"time","total usage:usr","total usage:sys","total usage:idl","total usage:wai","total usage:stl","used","free","buf","cach","net/total:recv","net/total:send","dsk/total:read","dsk/total:writ","read","writ","int","csw","1m","5m","15m","run","blk","new","in","out","lis","act","syn","tim","clo"
14-01 15:28:40,,1013332,1693448,163112,4951472,,,,,,,1.240,0.900,0.520,1,0,,,,10,6,0,17,0
14-01 15:28:41,19.989,20.739,58.218,0.500,0,1018940,1687436,163184,4951728,40476.593,10863.986,0,2470.632,0,100.944,6698,5990,1.240,0.900,0.520,2,0,509.718,0,0,10,5,0,17,1
14-01 15:28:42,26.994,17.996,53.989,0.250,0,1029564,1676320,163256,4952088,20393.784,10104.911,0,2431.497,0,51.989,6025,6191,1.220,0.900,0.530,1,0,333.931,0,0,10,4,0,17,2
14-01 15:28:43,29.689,18.212,51.394,0.748,0,1009168,1680644,163316,4967924,199016.427,13287.521,0,1852.170,0,54.886,6393,8120,1.220,0.900,0.530,2,0,272.437,0,0,10,4,0,17,2
14-01 15:28:44,38.343,11.277,48.868,0.752,0,1144480,1526072,163984,5107748,9304.530,1690.092,16.039,1980.796,1.002,66.160,4881,3872,1.220,0.900,0.530,2,0,116.282,0,0,11,6,0,17,2
14-01 15:28:45,39.418,10.977,47.901,0.499,0,1179224,1473980,164476,5122808,10140.940,1616.643,15.967,1720.427,0.998,49.896,4562,3203,1.220,0.900,0.530,2,0,185.615,0,0,11,6,0,19,2
14-01 15:28:46,44.508,5.751,49.008,0.750,0,1256252,1376300,164936,5141052,7479.296,1620.281,16.003,2944.510,1.000,42.007,2996,1591,1.220,0.900,0.530,2,0,0,0,0,11,6,0,19,2
14-01 15:28:47,42.085,5.511,47.345,4.259,0,1274372,1338492,166216,5157184,9539.199,1623.267,0,24328.965,0,1157.329,8265,9177,1.280,0.920,0.530,1,3,10.020,0,0,11,8,0,19,2
14-01 15:28:48,34.756,8.001,41.007,13.752,0,1269024,1308304,168188,5188184,8753.572,1458.262,0,78078.021,0,5071.911,23034,33894,1.280,0.920,0.530,3,0,72.013,0,0,11,8,0,19,2
14-01 15:28:49,39.480,6.996,51.973,0.750,0,1250176,1315520,168952,5197240,10266.746,2890.521,0,7068.383,0,417.786,4666,3684,1.280,0.920,0.530,1,0,74.962,0,0,11,7,0,19,2
14-01 15:28:50,44.651,4.490,49.890,0.748,0,1263076,1320744,168956,5179460,10385.021,3063.222,0,1145.465,0,36.918,2972,1613,1.280,0.920,0.530,2,0,1.996,0,0,11,4,0,19,0
14-01 15:28:51,40.007,5.501,53.009,0.750,0,1274040,1308664,169008,5180516,12436.101,3725.630,0,7369.245,0,390.066,4093,3269,1.280,0.920,0.530,2,0,43.007,0,0,11,5,0,19,0
14-01 15:28:52,45.022,6.003,48.774,0,0,1269288,1307116,169108,5185996,9673.793,1794.889,0,1516.751,0,19.009,2989,1466,1.340,0.940,0.540,2,0,3.001,0,0,11,4,0,19,0
14-01 15:28:53,33.303,11.017,54.586,0.250,0,1238564,1330044,169616,5191920,15498.454,4732.467,0,1358.143,0,20.032,4345,3076,1.340,0.940,0.540,2,0,242.382,0,0,11,4,0,19,0
14-01 15:28:54,31.245,25.996,40.994,0,0,1206620,1360992,169704,5192952,6251.092,1619.765,0,131.981,0,12.998,14071,21857,1.340,0.940,0.540,4,0,540.921,0,0,11,4,0,19,0
14-01 15:28:55,50.529,18.761,29.517,0,0,1203780,1363532,169756,5193120,8995.119,1620.922,0,172.098,0,3.002,15716,25370,1.340,0.940,0.540,3,0,242.138,0,0,11,5,0,19,0
14-01 15:28:56,64.605,9.691,24.103,0,0,1257140,1324660,169768,5180272,8779.376,1610.165,0,2067.373,0,15.903,3923,1606,1.340,0.940,0.540,4,0,15.903,0,0,11,5,0,19,0
14-01 15:28:57,60.967,11.290,27.849,0,0.251,1295308,1285996,169768,5180808,9485.788,1463.212,0,289.030,0,18.064,3998,15246,1.550,0.990,0.560,2,0,96.343,0,0,11,5,0,20,0
14-01 15:28:58,39.302,8.762,51.818,0,0,1275308,1303572,169824,5183120,7517.937,1622.144,0,17206.743,0,166.220,4269,4298,1.550,0.990,0.560,2,0,105.139,0,0,11,4,0,19,0
14-01 15:28:59,18.484,4.496,75.435,0,0,1336052,1242804,169836,5183128,9098.155,1618.604,0,455.607,0,24.978,2286,1940,1.550,0.990,0.560,1,0,34.970,0,0,11,4,0,19,0
14-01 15:29:00,22.994,2.999,73.731,0,0,1368688,1210168,169836,5183128,41836.030,1619.575,0,0,0,0,1815,1231,1.550,0.990,0.560,1,0,0,0,0,11,4,0,19,0
14-01 15:29:01,23.246,2.750,72.487,1.000,0,1388396,1190148,169908,5183368,5868.970,1619.716,0,1491.738,0,191.966,3458,4342,1.550,0.990,0.560,1,0,1.000,0,0,11,10,0,19,0
14-01 15:29:02,19.503,5.751,72.761,1.000,0,1379412,1198984,169952,5183468,40631.371,1620.254,100.016,2564.402,10.002,145.023,2720,2193,1.510,0.990,0.560,2,0,42.007,0,0,11,4,0,19,0
14-01 15:29:03,19.219,2.496,77.625,0.250,0,1394984,1182880,170216,5183664,13250.649,4002.551,271.562,12743.466,9.984,46.924,1964,1440,1.510,0.990,0.560,1,0,0,0,0,11,11,0,19,0
14-01 15:29:04,17.814,3.011,74.265,5.018,0,1388112,1189380,170272,5183896,11493.085,3974.207,268.961,959.430,66.237,32.115,2564,2540,1.510,0.990,0.560,1,0,2.007,0,0,11,27,0,19,0
14-01 15:29:05,19.456,4.989,74.334,0,0,1372312,1205036,170276,5184036,12238.614,4856.133,0,2546.302,0,102.770,2671,1899,1.510,0.990,0.560,2,0,44.900,0,0,11,28,0,20,0
14-01 15:29:06,17.993,2.499,78.471,0,0,1393068,1184268,170276,5184044,11930.604,6391.645,0,0,0,0,1732,1279,1.510,0.990,0.560,1,0,0,0,0,11,29,0,16,0
14-01 15:29:07,25.756,11.753,61.265,0,0,1411200,1166112,170280,5184064,11938.865,3750.900,0,1100.264,0,14.003,3778,2789,1.470,0.990,0.570,2,0,156.037,0,0,11,28,0,17,0
14-01 15:29:08,35.999,5.000,58.249,0,0,1445736,1131556,170284,5184072,15411.710,9383.824,0,20471.615,0,80.998,3267,2290,1.470,0.990,0.570,2,0,0,0,0,11,30,0,17,0
14-01 15:29:09,35.078,6.013,58.128,0,0,1417504,1159564,170292,5184288,17372.400,12480.587,0,3134.929,0,36.080,5800,7474,1.470,0.990,0.570,2,0,53.117,0,0,11,28,0,18,0
14-01 15:29:10,65.794,30.270,3.502,0,0,1522348,1054668,170292,5184332,6261.168,1663.107,0,48.032,0,12.008,5888,4974,1.470,0.990,0.570,7,0,531.354,0,0,11,28,0,18,0
14-01 15:29:11,89.094,10.731,0.250,0,0,1726588,850388,170292,5184336,23269.162,15212.302,0,311.453,0,0.998,5418,3387,1.470,0.990,0.570,5,0,0,0,0,11,32,0,18,0
14-01 15:29:12,78.651,6.991,14.232,0.250,0,1750464,826252,170324,5184560,38597.649,30230.131,0,846.939,0,66.916,8446,12672,1.670,1.040,0.580,6,0,0,0,0,11,29,0,23,0
14-01 15:29:13,25.514,13.257,59.782,0.250,0,1552404,1024248,170336,5184612,14081.555,4692.517,0,420.225,0,29.016,4447,4731,1.670,1.040,0.580,1,0,310.166,0,0,11,28,0,24,0
14-01 15:29:14,18.524,2.003,78.353,0.250,0,1528884,1047764,170336,5184616,11284.876,3980.247,0,372.491,0,9.012,1885,1462,1.670,1.040,0.580,1,0,0,0,0,11,29,0,24,0
14-01 15:29:15,16.267,5.005,78.081,0,0,1465940,1110688,170348,5184628,15343.893,6161.382,0,244.253,0,23.024,3493,3538,1.670,1.040,0.580,1,0,66.068,0,0,11,28,0,23,0
14-01 15:29:16,22.193,3.990,73.811,0.249,0.249,1485416,1091204,170356,5184628,6391.648,1615.866,0,147.622,0,8.977,1799,1189,1.670,1.040,0.580,1,0,2.992,0,0,11,28,0,23,0
14-01 15:29:17,13.250,1.500,82.998,0,0,1468580,1108008,170364,5184652,14180.717,8593.828,0,259.995,0,29.999,2719,3207,1.780,1.070,0.600,2,0,0,0,0,11,28,0,24,0
14-01 15:29:18,10.776,21.803,64.659,1.754,0,1414912,1161648,170368,5184664,8889.813,1690.147,0,88316.703,0,692.700,7384,5190,1.780,1.070,0.600,1,0,518.272,0,0,11,28,0,24,0
14-01 15:29:19,62.222,28.737,9.496,0,0,1512204,1064376,170372,5184704,8957.953,1457.342,0,1819.178,0,27.987,5874,4537,1.780,1.070,0.600,6,0,520.765,0,0,11,28,0,24,0
14-01 15:29:20,80.797,8.479,9.975,0,0,1659812,916740,170384,5184720,22807.736,17952.925,0,2908.697,0,149.624,5293,3462,1.780,1.070,0.600,3,0,0,0,0,11,33,0,24,0
14-01 15:29:21,73.139,9.268,16.281,0.250,0,1629816,946500,170400,5184940,42857.695,33643.130,0,476.909,0,56.107,9968,15583,1.780,1.070,0.600,5,0,60.115,0,0,11,29,0,26,0
14-01 15:29:22,77.593,22.277,0.501,0,0,1592600,983636,170436,5184984,10315.343,2907.479,0,3996.782,0,234.280,6446,5810,2.120,1.150,0.630,7,0,250.300,0,0,11,28,0,26,0
14-01 15:29:23,85.958,10.495,3.248,0,0,1736368,839784,170440,5185064,25546.389,18552.841,0,247.878,0,14.993,5722,4192,2.120,1.150,0.630,6,0,0,0,0,11,33,0,26,0
14-01 15:29:24,75.765,7.502,16.503,0,0,1721888,853892,170460,5185416,47023.413,39140.835,0,12562.515,0,131.026,10210,15342,2.120,1.150,0.630,5,0,12.002,0,0,11,30,0,29,0
14-01 15:29:25,60.022,16.006,23.759,0,0,1553244,1022360,170460,5185600,15174.535,10224.730,0,292.107,0,6.002,5776,6031,2.120,1.150,0.630,2,0,287.105,0,0,11,28,0,31,0
14-01 15:29:26,34.144,2.742,61.310,0,0,1553688,1021896,170460,5185620,18634.367,11382.795,0,0,0,0,3258,2817,2.120,1.150,0.630,2,0,0,0,0,11,30,0,31,0
14-01 15:29:27,39.845,19.797,40.346,0.251,0,1439652,1135868,170468,5185676,18010.021,10001.892,0,332.795,0,29.069,5939,6720,2.110,1.170,0.630,3,0,378.905,0,0,11,28,0,33,0
14-01 15:29:28,55.205,5.995,37.969,0,0,1558220,1017284,170472,5185688,16316.643,10170.674,0,163.866,0,7.993,3692,1980,2.110,1.170,0.630,2,0,0,0,0,11,31,0,33,0
14-01 15:29:29,52.044,6.505,40.284,0.500,0,1526816,1048484,170496,5185868,28761.067,21391.901,0,504.422,0,40.034,7411,9759,2.110,1.170,0.630,3,0,60.050,0,0,11,28,0,34,0
14-01 15:29:30,78.588,19.709,0.998,0,0,1554392,1020872,170504,5185896,44059.234,1616.670,0,163.663,0,10.977,5201,2784,2.110,1.170,0.630,4,0,197.593,0,0,11,28,0,34,0
14-01 15:29:31,64.659,6.516,29.573,0,0,1610000,965200,170512,5185952,32859.954,26938.365,0,340.840,0,20.049,6157,7146,2.110,1.170,0.630,1,0,0,0,0,11,32,0,29,0
14-01 15:29:32,58.262,19.004,21.254,0,0,1499260,1075704,170548,5186156,59848.291,16704.431,0,1264.260,0,92.019,7573,9448,2.260,1.220,0.650,3,0,324.067,0,0,11,28,0,32,0
14-01 15:29:33,54.735,5.998,39.239,0,0,1571020,1003932,170548,5186168,15750.765,8682.665,0,3.999,0,1.000,3539,1835,2.260,1.220,0.650,2,0,0,0,0,11,31,0,32,0
14-01 15:29:34,51.495,8.298,38.316,0.244,0,1547400,1027480,170556,5186232,31853.903,23004.512,0,671.636,0,33.191,7983,10626,2.260,1.220,0.650,5,0,141.551,0,0,11,28,0,34,0
14-01 15:29:35,65.101,15.122,19.735,0,0,1560136,1014728,170556,5186248,8738.910,1562.424,0,233.748,0,11.277,4004,2168,2.260,1.220,0.650,3,0,158.908,0,0,11,28,0,34,0
14-01 15:29:36,44.855,4.486,49.590,0,0,1590512,984000,170556,5186584,27841.092,22000.952,0,2647.451,0,91.704,5412,5865,2.260,1.220,0.650,2,0,0,0,0,11,31,0,34,0
14-01 15:29:37,57.796,18.765,22.768,0.250,0,1504084,1070232,170568,5186764,17848.189,9106.239,0,1509.200,0,97.077,6445,6775,2.320,1.250,0.670,3,0,287.228,0,0,11,28,0,37,0
14-01 15:29:38,53.727,5.248,40.483,0,0,1589080,985092,170568,5186908,21159.953,13359.288,0,43.981,0,1.000,3798,2511,2.320,1.250,0.670,3,0,0,0,0,11,31,0,37,0
14-01 15:29:39,49.142,12.787,38.110,0,0,1477920,1096184,170576,5186968,22228.091,15486.654,0,324.937,0,30.087,6259,8047,2.320,1.250,0.670,3,0,112.324,0,0,11,28,0,36,0
14-01 15:29:40,58.145,7.487,33.689,0,0,1565916,1008176,170576,5186980,10965.281,7639.262,0,167.698,0,9.982,3630,1807,2.320,1.250,0.670,1,0,0,0,0,11,31,0,36,0
14-01 15:29:41,49.339,7.263,41.575,0.501,0,1475564,1098468,170580,5187036,28869.297,21186.379,0,1598.896,0,166.301,6702,8602,2.320,1.250,0.670,3,0,90.163,0,0,11,28,0,38,0
14-01 15:29:42,72.472,27.240,0.250,0,0,1531188,1042780,170580,5187100,8672.658,1619.376,0,295.886,0,24.990,5619,4951,2.530,1.310,0.690,8,0,559.784,0,0,11,28,0,38,0
14-01 15:29:43,83.292,16.508,0.250,0,0,1709908,863904,170584,5187252,18968.670,13549.908,0,200.102,0,9.005,5972,5144,2.530,1.310,0.690,7,0,364.186,0,0,11,31,0,38,0
14-01 15:29:44,77.721,18.993,3.499,0,0,1765564,808144,170612,5187328,42083.137,33760.274,0,1103.584,0,63.976,8274,9975,2.530,1.310,0.690,7,0,431.837,0,0,11,31,0,39,0
14-01 15:29:45,77.516,21.755,0.750,0,0,1652136,921288,170628,5187596,28548.008,21169.455,0,580.122,0,50.011,7205,7681,2.530,1.310,0.690,5,0,405.085,0,0,11,28,0,39,0
14-01 15:29:46,86.498,11.000,2.000,0,0,1698016,875396,170632,5187604,19305.629,12660.756,0,155.997,0,10.000,5191,2783,2.530,1.310,0.690,3,0,4.000,0,0,11,32,0,39,0
14-01 15:29:47,70.404,11.734,16.977,0,0,1595268,977912,170636,5187832,47678.932,39696.825,0,111.847,0,8.988,8487,13929,2.650,1.350,0.710,4,0,137.812,0,0,11,31,0,39,0
14-01 15:29:48,28.540,23.533,47.567,0,0,1454292,1118824,170644,5187888,14238.061,8944.603,0,184.260,0,15.021,7268,7714,2.650,1.350,0.710,5,0,661.933,0,0,11,28,0,42,0
14-01 15:29:49,56.418,33.701,9.237,0,0,1483700,1089372,170644,5187932,8913.044,1617.649,0,2228.760,0,61.910,6232,5416,2.650,1.350,0.710,5,0,801.834,0,0,11,28,0,42,0
14-01 15:29:50,69.546,8.005,22.265,0.250,0,1600008,972984,170644,5188088,24644.325,19147.684,0,308.204,0,17.011,4958,4185,2.650,1.350,0.710,2,0,0,0,0,11,32,0,42,0
14-01 15:29:51,60.670,14.730,23.469,0,0,1528728,1044168,170664,5188168,23137.340,16712.853,0,1789.628,0,113.849,7584,10185,2.650,1.350,0.710,4,0,200.734,0,0,11,28,0,45,1
14-01 15:29:52,78.234,11.998,9.748,0,0,1601932,970944,170664,5188188,16747.572,8257.310,0,211.957,0,10.998,4663,2572,2.760,1.400,0.730,2,0,66.986,0,0,11,31,0,46,0
14-01 15:29:53,60.482,6.498,32.491,0,0,1629656,943000,170668,5188404,41279.987,32727.476,0,175.949,0,7.998,8110,12426,2.760,1.400,0.730,2,0,0,0,0,11,32,0,46,0
14-01 15:29:54,56.637,8.521,33.582,0,0,1575784,996588,170704,5188652,46657.263,34242.124,0,445.080,0,48.117,11225,17359,2.760,1.400,0.730,4,0,30.073,0,0,11,29,0,46,0
14-01 15:29:55,77.587,14.672,7.460,0,0.249,1553016,1019316,170712,5188684,14204.335,7097.194,0,266.580,0,23.873,5472,4137,2.760,1.400,0.730,5,0,90.518,0,0,11,29,0,46,0
14-01 15:29:56,62.993,8.031,28.109,0,0,1629160,942984,170712,5188872,33343.757,28142.673,0,144.558,0,9.035,6559,8757,2.760,1.400,0.730,3,0,0,0,0,11,32,0,46,0
14-01 15:29:57,57.273,8.503,33.013,0,0,1604168,967708,170720,5189132,49654.841,38920.552,0,144.058,0,9.004,11890,27698,2.780,1.420,0.740,4,0,70.028,0,0,11,31,0,48,0
14-01 15:29:58,72.524,18.256,9.003,0,0,1550808,1021012,170720,5189188,19478.506,12355.127,0,148.049,0,10.003,6114,6320,2.780,1.420,0.740,5,0,226.076,0,0,11,28,0,51,0
14-01 15:29:59,69.536,7.754,22.762,0,0.250,1615276,956532,170724,5189212,22578.792,18490.657,0,124.065,0,7.004,5413,4178,2.780,1.420,0.740,2,0,0,0,0,11,32,0,51,0
14-01 15:30:00,61.469,8.496,28.486,0,0,1583244,988320,170732,5189448,75550.414,30646.754,0,199.901,0,9.995,8944,14300,2.780,1.420,0.740,4,0,33.983,0,0,11,30,0,52,0
14-01 15:30:01,77.567,15.263,7.256,0.250,0,1580764,990616,170752,5189612,16909.619,9911.569,0,3735.229,0,169.146,6051,5908,2.780,1.420,0.740,3,0,96.083,0,0,11,29,0,52,0
14-01 15:30:02,65.007,8.251,26.253,0.250,0,1574880,996460,170776,5189628,58592.482,16696.847,0,372.041,0,36.004,5032,4639,2.800,1.450,0.750,2,0,58.006,0,0,11,31,0,53,0
14-01 15:30:03,70.985,12.247,15.497,0,0,1607020,964224,170780,5189700,25760.475,18880.950,0,239.949,0,18.996,6575,8723,2.800,1.450,0.750,4,0,63.986,0,0,11,30,0,54,0
14-01 15:30:04,64.514,10.252,25.505,0,0,1601820,969216,170784,5189904,49433.623,28511.127,0,228.049,0,21.005,7586,10618,2.800,1.450,0.750,4,0,74.016,0,0,11,32,0,54,0
14-01 15:30:05,72.492,15.248,11.499,0,0,1510400,1060580,170788,5189956,21789.598,13736.486,0,219.976,0,16.998,5940,6451,2.800,1.450,0.750,3,0,154.983,0,0,11,33,0,56,0
14-01 15:30:06,73.200,8.244,17.988,0.250,0,1591800,979136,170792,5189960,40412.132,17957.617,0,119.917,0,6.995,5729,5322,2.800,1.450,0.750,3,0,7.994,0,0,11,34,1,57,0
14-01 15:30:07,67.550,12.009,19.765,0,0,1629172,941704,170796,5190016,42330.132,18963.947,0,260.191,0,26.019,6726,8051,2.890,1.490,0.770,4,0,63.046,0,0,11,33,0,59,0
14-01 15:30:08,59.342,11.719,28.424,0,0,1574388,996248,170804,5190248,20973.109,14659.933,0,402.926,0,39.894,5057,4931,2.890,1.490,0.770,3,0,137.633,0,0,11,33,0,59,0
14-01 15:30:09,54.304,12.262,33.033,0,0,1565448,1005176,170804,5190260,28011.636,8515.401,0,236.233,0,22.022,4648,3494,2.890,1.490,0.770,2,0,120.119,0,0,11,33,0,60,0
14-01 15:30:10,50.810,10.513,38.045,0,0,1519696,1050740,170808,5190440,19090.707,12708.116,0,224.267,0,17.020,4672,4864,2.890,1.490,0.770,2,0,102.121,0,0,11,34,0,61,0
14-01 15:30:11,52.025,8.504,39.019,0,0,1517628,1052744,170808,5190504,28601.674,18432.812,0,2257.079,0,131.063,5821,6802,2.890,1.490,0.770,1,0,43.021,0,0,11,34,0,62,0
14-01 15:30:12,55.318,8.472,35.384,0,0,1550396,1019892,170824,5190572,34826.520,10571.251,0,1188.095,0,12.957,4962,4872,2.900,1.520,0.780,3,0,42.859,0,0,11,33,0,63,0
14-01 15:30:13,36.819,6.011,56.105,0,0,1551104,1019152,170824,5190604,23953.708,15315.585,0,248.464,0,13.024,4682,4914,2.900,1.520,0.780,2,0,86.161,0,0,11,34,0,63,0
14-01 15:30:14,34.233,8.995,55.722,0.250,0,1486212,1083940,170836,5190696,16379.731,9251.330,0,347.824,0,35.982,5397,6099,2.900,1.520,0.780,3,0,89.955,0,0,11,32,0,65,0
14-01 15:30:15,38.712,7.493,52.698,0.749,0,1523244,1046876,170860,5190704,20429.825,6400.679,0,2689.344,0,158.843,3820,2975,2.900,1.520,0.780,3,0,44.956,0,0,11,33,0,65,0
14-01 15:30:16,32.829,5.764,60.897,0,0,1509716,1060088,170860,5191020,19729.751,12268.693,0,108.262,0,7.017,4136,4698,2.900,1.520,0.780,2,0,35.085,0,0,11,33,0,59,0
14-01 15:30:17,36.243,8.998,54.739,0,0,1495952,1073824,170860,5191048,14910.081,6046.816,0,343.933,0,49.990,4048,3494,2.830,1.530,0.790,3,0,103.980,0,0,11,33,0,60,0
14-01 15:30:18,33.895,6.978,57.571,0,0,1434548,1135208,170864,5191064,18866.382,10574.146,0,227.294,0,22.929,3849,3460,2.830,1.530,0.790,2,0,59.814,0,0,11,33,0,61,0
14-01 15:30:19,38.594,4.762,56.387,0.251,0,1498552,1071176,170868,5191088,12419.231,8421.500,0,220.537,0,20.049,4174,4055,2.830,1.530,0.790,1,0,0,0,0,11,33,0,62,0
14-01 15:30:20,35.714,6.244,56.943,0,0,1479324,1090376,170872,5191112,18644.363,10876.128,0,427.573,0,49.950,3408,4232,2.830,1.530,0.790,2,0,4.995,0,0,11,33,0,61,0
14-01 15:30:21,34.580,7.768,56.381,0,0,1515320,1054368,170872,5191132,19359.048,11092.813,0,140.327,0,9.021,4246,4108,2.830,1.530,0.790,1,0,43.100,0,0,11,33,0,62,0
14-01 15:30:22,36.396,4.736,58.084,0,0,1517000,1052548,170872,5191272,15268.380,8263.392,0,251.282,0,23.932,3319,2880,2.760,1.530,0.790,2,0,4.986,0,0,11,33,0,63,0
14-01 15:30:23,33.010,5.252,61.019,0,0,1497480,1072028,170876,5191308,21659.773,13631.262,0,244.076,0,22.007,3963,4938,2.760,1.530,0.790,3,0,35.011,0,0,11,33,0,64,0
14-01 15:30:24,17.741,12.243,68.713,0.250,0,1402912,1166504,170880,5191396,11411.900,7096.207,0,331.823,0,22.988,4495,5167,2.760,1.530,0.790,2,0,246.868,0,0,11,32,0,62,0
14-01 15:30:25,18.499,3.000,77.998,0,0,1436516,1132896,170880,5191400,13577.612,3834.890,0,143.996,0,8.000,1636,1145,2.760,1.530,0.790,1,0,0,0,0,11,33,0,62,0
14-01 15:30:26,16.505,1.751,80.026,0.250,0,1430416,1138964,170888,5191424,16730.434,9871.206,0,224.073,0,18.006,3526,4417,2.760,1.530,0.790,1,0,1.000,0,0,11,32,0,62,1
14-01 15:30:27,14.749,13.499,70.994,0.250,0,1363528,1205844,170888,5191432,6064.468,1523.866,0,551.952,0,17.998,4067,3129,2.620,1.530,0.800,1,0,283.975,0,0,11,32,0,63,0
14-01 15:30:28,18.750,2.000,78.751,0,0,1404176,1165192,170888,5191436,10818.192,6661.118,0,152.003,0,7.000,1946,1593,2.620,1.530,0.800,1,0,0,0,0,11,33,0,57,0
14-01 15:30:29,18.303,2.758,77.977,0.251,0,1381256,1188080,170900,5191456,15074.863,7331.332,0,497.447,0,34.099,3623,4125,2.620,1.530,0.800,3,0,41.120,0,0,11,32,0,58,0
14-01 15:30:30,20.928,3.737,73.996,0,0,1378996,1190340,170900,5191456,40357.613,1614.464,0,43.850,0,1.993,1941,1206,2.620,1.530,0.800,1,0,4.983,0,0,11,32,0,58,0
14-01 15:30:31,16.550,2.508,80.995,0,0,1382140,1187052,170900,5191600,18199.109,9982.228,0,0,0,0,2854,3256,2.620,1.530,0.800,1,0,0,0,0,11,33,0,58,0
14-01 15:30:32,15.751,7.250,75.253,0.250,0,1350168,1218924,170904,5191696,48262.613,7538.252,0,632.021,0,50.002,5046,5655,2.490,1.520,0.800,1,0,137.005,0,0,11,32,0,54,0
14-01 15:30:33,19.701,20.200,58.854,0,0,1365040,1203960,170908,5191784,9358.771,1615.989,0,331.178,0,19.950,6093,4876,2.490,1.520,0.800,2,0,487.789,0,0,11,32,0,56,0
14-01 15:30:34,44.238,6.248,48.736,0,0,1475560,1092224,170908,5192920,7078.004,1619.543,0,307.913,0,7.998,2940,1522,2.490,1.520,0.800,2,0,1.999,0,0,11,32,0,56,0
14-01 15:30:35,39.566,7.012,42.320,10.267,0,1469028,1091524,171720,5198836,5769.599,1460.430,0,34172.852,0,3013.013,14825,24305,2.490,1.520,0.800,1,2,128.213,0,0,11,36,0,56,0
14-01 15:30:36,39.707,8.241,40.456,9.989,0,1534972,1023880,172212,5199976,9275.022,1618.259,0,44120.535,0,3744.971,19826,28329,2.490,1.520,0.800,2,0,42.954,0,0,11,36,0,56,0
14-01 15:30:37,45.576,6.010,46.578,1.252,0,1490264,1068472,172304,5200000,7912.235,1622.714,0,17789.758,0,1013.696,5699,5457,2.450,1.520,0.800,2,0,8.013,0,0,11,32,0,54,0
14-01 15:30:38,41.733,6.997,45.231,4.998,0,1532528,1025296,172828,5200372,7606.859,1619.331,0,11007.455,0,1832.243,11133,19452,2.450,1.520,0.800,4,0,1.000,0,0,11,34,0,54,0
14-01 15:30:39,33.288,8.510,54.813,2.002,0,1515768,1041560,173184,5200496,10089.661,1621.875,0,11449.233,0,1161.342,7011,10327,2.450,1.520,0.800,1,0,101.117,0,0,11,32,0,54,0
14-01 15:30:40,22.405,3.236,73.191,0.249,0,1507380,1049928,173196,5200500,8366.702,1613.194,0,2063.295,0,102.567,2104,1909,2.450,1.520,0.800,1,0,1.992,0,0,11,32,0,54,0
14-01 15:30:41,22.523,3.504,72.825,0.250,0,1473740,1083480,173264,5200520,8884.173,1621.674,0,5685.871,0,299.309,2198,2340,2.450,1.520,0.800,1,0,1.001,0,0,11,32,0,49,0
14-01 15:30:42,22.503,3.250,73.260,0.250,0,1496024,1061192,173268,5200520,7293.962,1620.214,0,120.016,0,12.002,1986,1437,2.330,1.520,0.810,1,0,2.000,0,0,11,32,0,49,0
14-01 15:30:43,22.008,3.751,73.527,0,0,1470920,1086276,173268,5200532,5738.132,1458.542,0,0,0,0,1757,1162,2.330,1.520,0.810,1,0,1.000,0,0,11,32,0,49,0
14-01 15:30:44,22.495,3.499,73.733,0,0,1485884,1071312,173268,5200532,8375.106,1619.634,0,0,0,0,1814,1173,2.330,1.520,0.810,2,0,2.000,0,0,11,32,0,49,0
14-01 15:30:45,22.999,2.500,73.498,0,0,1452088,1105000,173268,5200600,7157.811,1619.957,0,12.000,0,3.000,1794,1158,2.330,1.520,0.810,2,0,1.000,0,0,11,32,0,46,0
14-01 15:30:46,22.258,3.501,73.775,0,0,1506016,1051072,173268,5200600,5682.949,1620.556,0,0,0,0,1819,1239,2.330,1.520,0.810,2,0,3.001,0,0,11,32,0,46,0
14-01 15:30:47,22.496,3.249,73.487,0,0,1473100,1083892,173268,5200688,9005.358,1619.705,0,175.968,0,2.000,1803,1228,2.230,1.510,0.810,2,0,1.000,0,0,11,32,0,46,0
14-01 15:30:48,21.754,3.751,73.514,0,0,1456408,1100548,173272,5200720,6972.305,1620.303,0,144.027,0,12.002,2000,1715,2.230,1.510,0.810,2,0,1.000,0,0,11,32,0,46,0
14-01 15:30:49,22.248,3.250,73.243,0,0,1472568,1084380,173280,5200720,9191.173,1619.854,0,315.972,0,21.998,1882,1303,2.230,1.510,0.810,2,0,2.000,0,0,11,32,0,41,0
14-01 15:30:50,21.994,3.999,73.981,0,0,1446588,1110340,173280,5200740,9079.610,1457.616,0,0,0,0,1811,1256,2.230,1.510,0.810,2,0,1.000,0,0,11,32,0,41,0
14-01 15:30:51,22.252,3.500,73.508,0.250,0,1456960,1099936,173280,5200772,5598.583,1620.169,0,1812.189,0,243.025,2074,1182,2.230,1.510,0.810,2,0,1.000,0,0,11,32,0,41,0
14-01 15:30:52,21.503,3.751,74.011,0,0,1466488,1090408,173280,5200772,9200.325,1620.233,0,0,0,0,1786,1178,2.130,1.500,0.810,1,0,2.000,0,0,11,32,0,41,0
14-01 15:30:53,15.282,12.526,71.649,0,0,1443628,1113116,173280,5200916,7207.016,1623.382,0,176.367,0,2.004,3987,2858,2.130,1.500,0.810,1,0,227.474,0,0,11,32,0,37,0
14-01 15:30:54,8.487,21.219,69.148,0,0,1428688,1128004,173280,5200960,8871.891,1617.610,0,918.643,0,13.979,6264,4753,2.130,1.500,0.810,1,0,472.302,0,0,11,32,0,37,0
14-01 15:30:55,8.766,21.288,68.874,0,0,1409236,1147416,173280,5200996,10600.072,1664.996,0,264.476,0,3.005,6278,4699,2.130,1.500,0.810,1,0,468.844,0,0,11,32,0,37,0
14-01 15:30:56,15.218,12.224,72.099,0,0,1405112,1151540,173280,5200992,11003.908,1616.608,0,211.556,0,2.994,3844,2873,2.130,1.500,0.810,1,0,205.569,0,0,11,32,0,37,0
14-01 15:30:57,27.982,5.746,65.207,0,0,1442176,1114476,173280,5200992,7761.877,1618.931,0,15.989,0,2.998,3453,10087,2.040,1.490,0.810,1,0,37.975,0,0,11,32,0,38,0
14-01 15:30:58,22.757,3.501,73.273,0.250,0,1419008,1137660,173284,5200988,6019.852,1458.449,0,216.066,0,12.004,2027,1665,2.040,1.490,0.810,1,0,1.000,0,0,11,32,0,38,0
14-01 15:30:59,22.500,3.000,73.501,0,0,1457608,1099060,173284,5200988,6298.072,1620.019,0,348.004,0,24.000,1894,1330,2.040,1.490,0.810,1,0,2.000,0,0,11,32,0,38,0
14-01 15:31:00,22.482,3.747,73.191,0,0.250,1480744,1075916,173284,5200996,37345.854,1618.693,0,0,0,0,1955,1269,2.040,1.490,0.810,1,0,0.999,0,0,11,32,0,38,0
14-01 15:31:01,22.265,3.002,74.050,0,0,1515832,1040828,173284,5200996,13954.355,1621.087,0,20.013,0,2.001,1853,1184,2.040,1.490,0.810,2,0,2.001,0,0,11,32,0,31,0
14-01 15:31:02,21.754,4.001,73.265,0,0,1481236,1075432,173284,5200988,44217.827,1620.323,0,0,0,0,1969,1317,1.950,1.480,0.810,1,0,1.000,0,0,11,32,0,31,0
14-01 15:31:03,22.740,3.748,73.716,0,0,1509184,1047484,173284,5200988,10794.026,1619.254,0,27.987,0,2.999,1818,1123,1.950,1.480,0.810,1,0,1.999,0,0,11,32,0,31,0
14-01 15:31:04,22.256,3.251,73.519,0,0,1463184,1093476,173284,5200996,10369.711,1620.424,0,52.014,0,2.001,1882,1268,1.950,1.480,0.810,1,0,1.000,0,0,11,32,0,31,0
14-01 15:31:05,22.752,3.000,73.755,0,0,1483972,1072688,173284,5200996,7486.528,1458.103,0,12.001,0,1.000,1740,1080,1.950,1.480,0.810,1,0,2.000,0,0,11,32,0,25,0
14-01 15:31:06,22.248,4.000,73.495,0,0,1455544,1101132,173284,5200988,5483.602,1619.883,0,2067.850,0,6.999,1906,1294,1.950,1.480,0.810,2,0,2.000,0,0,11,32,0,25,0
14-01 15:31:07,22.739,2.499,73.713,0,0,1492104,1064572,173284,5200988,5836.080,1619.190,0,59.970,0,1.999,1810,1129,1.880,1.470,0.810,1,0,1.999,0,0,11,32,0,25,0
14-01 15:31:08,22.515,4.003,73.299,0.250,0,1458572,1098152,173288,5200936,9103.032,1621.074,0,856.568,0,122.081,2115,1609,1.880,1.470,0.810,1,0,1.001,0,0,11,32,0,25,0
14-01 15:31:09,22.499,2.750,73.497,0,0,1496872,1059848,173292,5200936,7401.690,1619.932,0,419.982,0,25.999,1843,1130,1.880,1.470,0.810,1,0,2.000,0,0,11,32,0,19,0
14-01 15:31:10,22.541,4.508,72.631,0,0,1458216,1098420,173292,5201012,10906.696,1665.007,0,0,0,0,2097,1455,1.880,1.470,0.810,1,0,7.013,0,0,11,32,0,19,0
14-01 15:31:11,21.499,4.000,73.747,0,0,1495308,1061336,173292,5201004,9022.626,1619.933,0,12.000,0,1.000,1829,1242,1.880,1.470,0.810,1,0,1.000,0,0,11,32,0,19,0
14-01 15:31:12,23.710,2.995,73.876,0,0,1501188,1055456,173292,5201004,9910.300,1617.275,0,19.966,0,0.998,1798,1045,1.810,1.470,0.810,1,0,1.997,0,0,11,32,0,19,0
14-01 15:31:13,20.994,3.749,73.729,0,0,1434720,1121924,173292,5201004,8777.486,1619.536,0,0,0,0,1872,1378,1.810,1.470,0.810,1,0,1.000,0,0,11,32,0,15,0
14-01 15:31:14,22.560,3.509,73.945,0,0,1464940,1091696,173292,5201012,6060.987,1461.856,0,72.190,0,3.008,1771,1224,1.810,1.470,0.810,1,0,1.003,0,0,11,32,0,15,0
14-01 15:31:15,22.222,3.496,73.409,0,0,1507276,1049360,173292,5201012,8958.876,1617.991,0,19.975,0,2.996,1823,1197,1.810,1.470,0.810,1,0,1.998,0,0,11,32,0,15,0
14-01 15:31:16,14.020,15.773,69.601,0,0,1478944,1077640,173292,5201060,9915.336,1622.346,0,204.295,0,9.013,5106,3768,1.810,1.470,0.810,2,0,367.531,0,0,11,32,0,15,0
14-01 15:31:17,19.202,6.983,73.068,0,0,1500588,1055972,173292,5201084,5958.138,1615.969,0,39.900,0,1.995,2546,1888,1.740,1.460,0.820,1,0,93.766,0,0,11,32,0,11,0
14-01 15:31:18,23.006,2.501,73.519,0.250,0,1485604,1070672,173292,5201332,8375.220,1620.430,0,152.040,0,9.002,1938,1343,1.740,1.460,0.820,1,0,9.002,0,0,11,32,0,11,0
14-01 15:31:19,22.493,3.249,73.479,0.250,0,1517172,1039100,173296,5201332,8708.474,1619.530,0,379.890,0,21.994,1873,1377,1.740,1.460,0.820,1,0,0,0,0,11,32,0,11,0
14-01 15:31:20,17.291,12.780,69.165,0.251,0,1496636,1059500,173296,5201468,11828.163,1623.866,40.095,48.115,2.005,2.005,4062,3000,1.740,1.460,0.820,1,0,261.623,0,0,11,32,0,11,0
14-01 15:31:21,8.493,21.233,68.946,0,0,1475552,1080556,173296,5201496,8780.082,1712.651,0,127.899,0,6.994,6132,4586,1.740,1.460,0.820,2,0,461.636,0,0,11,32,0,11,0
14-01 15:31:22,8.258,23.273,68.069,0,0,1452864,1103208,173296,5201528,5853.907,1459.473,0,224.226,0,5.005,6469,5135,1.680,1.450,0.820,2,0,544.549,0,0,11,32,0,8,0
14-01 15:31:23,8.501,22.252,68.255,0,0,1430920,1125120,173296,5201556,9441.681,1620.117,0,1080.078,0,12.001,6200,4530,1.680,1.450,0.820,1,0,471.034,0,0,11,32,0,8,0
14-01 15:31:24,9.002,22.256,68.019,0,0,1414628,1141376,173296,5201588,7865.167,1620.447,0,1308.361,0,15.004,6323,4834,1.680,1.450,0.820,1,0,514.142,0,0,11,32,0,8,0
14-01 15:31:25,8.740,20.976,68.920,0,0,1406968,1149008,173296,5201616,6578.334,1618.114,0,1010.822,0,10.987,6205,4783,1.680,1.450,0.820,1,0,491.427,0,0,11,32,0,8,0
14-01 15:31:26,8.003,21.509,69.278,0,0,1403940,1152008,173296,5201644,9285.744,1620.653,0,168.068,0,7.003,6126,4632,1.680,1.450,0.820,1,0,450.182,0,0,11,32,0,5,0
14-01 15:31:27,8.255,22.012,69.289,0,0,1393412,1162496,173296,5201684,7261.078,1620.910,0,768.432,0,64.036,6349,4879,1.630,1.440,0.820,3,0,497.279,0,0,11,32,0,5,0
14-01 15:31:28,7.981,21.947,67.836,0,0,1374464,1181400,173296,5201728,11565.047,1616.094,0,319.228,0,30.925,6657,5406,1.630,1.440,0.820,1,0,517.749,0,0,11,32,0,5,0
14-01 15:31:29,20.545,25.054,53.366,0.752,0,1380620,1175196,173300,5201760,7669.630,1623.520,0,3359.284,0,167.363,7327,6437,1.630,1.440,0.820,6,0,633.373,0,0,11,32,0,7,0
14-01 15:31:30,61.113,17.461,20.454,0.249,0,1543640,1011964,173312,5201928,40469.983,1616.365,0,730.357,0,52.881,5096,3838,1.630,1.440,0.820,3,0,306.311,0,0,11,32,0,9,0
14-01 15:31:31,59.661,9.776,24.566,5.515,0.251,1642616,905672,173732,5208240,8987.296,1461.952,373.008,14487.164,3.008,1186.207,9691,11902,1.630,1.440,0.820,3,0,50.136,0,0,11,36,0,9,0
14-01 15:31:32,41.981,13.244,31.486,11.994,0,1582408,953548,174640,5218792,44081.758,1619.256,0,69184.232,0,5219.603,23407,38793,1.740,1.470,0.830,3,0,164.924,0,0,11,36,0,11,0
14-01 15:31:33,41.257,9.752,33.756,12.752,0,1630976,894100,175020,5228916,12092.129,3975.700,0,93648.488,0,6557.154,25573,44481,1.740,1.470,0.830,2,2,69.012,0,0,11,37,0,11,0
14-01 15:31:34,44.700,8.740,32.463,11.237,0,1633392,882564,175700,5237052,16435.478,8602.305,0,73477.193,0,5726.546,26368,37888,1.740,1.470,0.830,3,0,38.956,0,0,11,36,0,10,0
14-01 15:31:35,33.037,18.521,22.024,24.277,0,1548940,960192,176100,5243168,9647.696,1621.798,296.329,51120.675,4.004,3606.999,18401,26657,1.740,1.470,0.830,2,1,316.351,0,0,11,34,0,10,0
14-01 15:31:36,43.176,17.969,26.954,10.981,0.250,1570340,931552,176348,5250296,14928.365,6649.581,75.870,51791.064,1.997,3884.330,20386,33872,1.740,1.470,0.830,3,0,184.683,0,0,11,35,0,10,0
14-01 15:31:37,40.789,16.015,29.027,11.761,0,1572152,927136,176504,5252160,15644.776,10645.054,1765.668,51581.716,27.026,3888.673,22110,33877,1.920,1.510,0.850,1,0,228.216,0,0,11,35,0,10,0
14-01 15:31:38,31.636,9.466,45.337,10.712,0,1535920,963076,176780,5252128,14054.508,7145.330,0,44268.960,0,4000.627,21865,32958,1.920,1.510,0.850,4,0,65.764,0,0,11,34,0,10,0
14-01 15:31:39,41.415,7.028,40.160,10.040,0,1566568,929992,177156,5254156,10134.427,1463.839,0,54099.806,0,4358.386,20254,29379,1.920,1.510,0.850,2,1,39.156,0,0,11,34,0,10,0
14-01 15:31:40,29.727,6.495,48.713,12.241,0,1571188,924312,177340,5255020,16699.230,11001.587,0,51028.979,0,4589.490,23758,35058,1.920,1.510,0.850,1,2,32.975,0,0,11,35,0,10,0
14-01 15:31:41,37.284,5.255,45.791,9.509,0,1566080,926944,177416,5257360,20754.804,12462.291,0,38775.131,0,3739.388,21014,32193,1.920,1.510,0.850,3,0,42.038,0,0,11,34,0,11,0
14-01 15:31:42,35.010,11.253,38.511,11.503,0,1532484,957048,177524,5260660,8802.413,1620.444,0,64801.768,0,5193.424,25168,35641,1.930,1.520,0.850,1,1,125.034,0,0,11,36,0,11,0
14-01 15:31:43,33.254,7.501,44.256,13.252,0,1548852,937180,177700,5263872,14153.880,6661.885,0,65564.708,0,5333.708,25011,37010,1.930,1.520,0.850,4,0,66.009,0,0,11,37,0,11,0
14-01 15:31:44,30.499,7.750,48.499,11.500,0,1544792,937624,177788,5267296,18741.466,11206.681,0,49282.597,0,4332.877,24396,36591,1.930,1.520,0.850,1,0,101.997,0,0,11,37,0,11,0
14-01 15:31:45,31.487,10.246,42.982,13.244,0,1494876,985564,177812,5269172,12114.834,6388.276,0,59038.826,0,4749.975,24801,36051,1.930,1.520,0.850,3,0,71.969,0,0,11,36,0,11,0
14-01 15:31:46,36.967,6.744,42.711,10.740,0,1552800,932868,177848,5263928,6427.205,1860.323,0,37434.245,0,3602.751,21998,30043,1.930,1.520,0.850,2,0,12.988,0,0,11,36,1,11,0
14-01 15:31:47,36.244,4.749,50.741,7.499,0,1526720,958280,177892,5264548,17916.819,9703.277,0,38481.167,0,3043.460,16980,24114,2.010,1.540,0.870,2,0,32.994,0,0,11,35,0,12,0
14-01 15:31:48,18.754,8.752,69.264,1.000,0,1429724,1055188,177900,5264624,21589.444,12156.502,0,7933.633,0,478.098,7376,9326,2.010,1.540,0.870,2,0,212.044,0,0,11,33,0,12,0
14-01 15:31:49,18.972,6.740,73.142,0,0,1395624,1089280,177900,5264632,11990.334,2803.869,0,1138.323,0,67.900,2693,2037,2.010,1.540,0.870,1,0,54.919,0,0,11,32,0,13,0
14-01 15:31:50,17.753,2.500,79.013,0.500,0,1418444,1066456,177900,5264636,13539.289,7295.233,0,960.162,0,62.010,2052,1814,2.010,1.540,0.870,1,0,0,0,0,11,33,0,13,0
14-01 15:31:51,19.253,5.251,74.011,0.500,0,1405636,1079276,177900,5264652,13712.097,4738.725,0,4984.762,0,339.052,4116,4237,2.010,1.540,0.870,1,0,35.005,0,0,11,32,0,14,0
14-01 15:31:52,17.999,2.250,78.246,0,0,1420656,1064252,177900,5264656,11747.422,6660.672,0,283.986,0,7.000,1925,1653,1.930,1.530,0.870,1,0,0,0,0,11,33,0,14,0
14-01 15:31:53,16.998,5.499,76.742,0.250,0,1397296,1087612,177900,5264660,8123.171,3299.663,0,115.988,0,11.999,2810,2522,1.930,1.530,0.870,1,0,59.994,0,0,11,32,0,15,0
14-01 15:31:54,18.519,3.003,78.081,0,0,1418144,1066760,177900,5264664,11896.360,3838.988,0,176.183,0,14.015,1689,1148,1.930,1.530,0.870,0,0,0,0,0,11,33,0,15,0
14-01 15:31:55,18.974,1.498,78.145,0,0,1417696,1066844,177900,5265028,18229.431,9947.593,0,0,0,0,3497,4080,1.930,1.530,0.870,1,0,0,0,0,11,32,0,16,0
14-01 15:31:56,20.487,5.746,72.954,0,0,1436608,1047920,177900,5265040,5585.495,1499.059,0,255.839,0,21.986,2521,2031,1.930,1.530,0.870,1,0,43.972,0,0,11,32,0,16,0
14-01 15:31:57,19.567,3.512,76.263,0,0,1463568,1020820,177900,5266956,16134.651,8617.724,0,204.706,0,13.045,2930,4680,1.780,1.510,0.860,3,0,34.118,0,0,11,33,0,16,0
14-01 15:31:58,14.246,11.497,72.229,0.250,0,1415032,1069252,177900,5265296,13014.199,5613.360,0,339.901,0,30.991,5657,13161,1.780,1.510,0.860,3,0,252.926,0,0,11,32,0,17,0
14-01 15:31:59,26.506,23.505,49.761,0.500,0,1437388,1046788,177920,5265384,11911.688,1620.366,0,756.171,0,58.013,6821,5725,1.780,1.510,0.860,3,0,546.123,0,0,11,32,0,20,0
14-01 15:32:00,66.611,8.233,23.950,0,0,1558836,924316,177936,5266392,46556.647,1616.620,0,319.332,0,14.969,3987,1558,1.780,1.510,0.860,3,0,2.994,0,0,11,32,0,20,0
14-01 15:32:01,68.306,7.229,23.683,0.249,0,1706164,774176,178016,5268828,6335.963,1615.401,0,3725.395,0,124.645,4164,1851,1.780,1.510,0.860,3,0,0,0,0,11,32,0,20,0
14-01 15:32:02,51.240,8.791,32.151,6.531,0,1757016,712688,178108,5278772,44188.220,1627.633,0,49508.167,0,3334.638,18207,24611,1.870,1.530,0.870,4,2,120.565,0,0,11,38,0,20,0
14-01 15:32:03,32.003,10.001,42.504,13.751,0,1756264,701480,178200,5290264,8132.672,1620.134,0,110661.143,0,7691.635,34777,52523,1.870,1.530,0.870,1,1,261.022,0,0,11,38,0,20,0
14-01 15:32:04,30.451,9.235,43.680,14.726,0,1763944,684848,178264,5298804,6158.151,1455.672,0,92084.731,0,6886.986,31250,49146,1.870,1.530,0.870,4,1,164.737,0,0,11,38,0,20,0
14-01 15:32:05,41.315,11.268,31.049,13.772,0,1706908,732224,178304,5308128,9178.498,1622.563,0,68139.630,0,5086.034,23349,37905,1.870,1.530,0.870,1,2,222.351,0,0,11,36,0,20,0
14-01 15:32:06,45.380,9.974,30.918,11.470,0,1768600,660876,178332,5317396,7120.123,1615.716,0,80063.729,0,5517.372,25083,37837,1.870,1.530,0.870,1,1,58.844,0,0,11,36,0,20,0
14-01 15:32:07,40.862,9.777,34.846,12.785,0,1803640,615704,178360,5327120,9838.035,1624.464,0,93886.002,0,6405.603,27855,43019,2.040,1.570,0.890,3,0,35.096,0,0,11,38,0,20,0
14-01 15:32:08,37.240,9.997,38.239,12.996,0,1701184,714452,178384,5330700,7642.897,1619.554,0,78866.300,0,6143.310,28860,42127,2.040,1.570,0.890,2,0,173.952,0,0,11,36,0,20,0
14-01 15:32:09,27.264,12.756,57.278,1.501,0,1383332,1032244,178392,5330716,8353.142,1620.804,0,15003.439,0,875.434,6884,6836,2.040,1.570,0.890,1,0,249.124,0,0,11,32,0,20,0
14-01 15:32:10,23.177,2.991,73.021,0.498,0,1437000,978568,178392,5330724,9263.934,1656.802,0,1232.134,0,63.800,2070,1469,2.040,1.570,0.890,2,0,3.987,0,0,11,32,0,20,0
14-01 15:32:11,23.264,3.502,72.044,0.250,0,1499472,916072,178392,5330724,7587.618,1620.987,0,4062.473,0,201.122,2520,2039,2.040,1.570,0.890,2,0,5.003,0,0,11,32,0,20,0
14-01 15:32:12,22.748,3.750,73.494,0.250,0,1475000,940536,178392,5330732,9078.284,1457.885,0,151.988,0,11.999,2560,1931,1.960,1.560,0.890,1,0,26.998,0,0,11,32,0,20,0
14-01 15:32:13,22.494,2.749,73.230,0,0,1528424,887108,178392,5330732,8311.782,1619.568,0,39.989,0,3.999,1801,1136,1.960,1.560,0.890,1,0,1.000,0,0,11,32,0,20,0
14-01 15:32:14,23.753,2.750,73.758,0,0,1563576,851956,178392,5330732,9190.999,1620.176,0,116.013,0,15.002,1980,1529,1.960,1.560,0.890,2,0,2.000,0,0,11,34,0,20,0
14-01 15:32:15,14.039,29.583,54.653,0.251,0,1483616,931756,178392,5330896,9074.424,1624.552,0,585.641,0,40.112,6709,5919,1.960,1.560,0.890,3,0,822.304,0,0,11,32,0,20,0
14-01 15:32:16,9.976,28.430,60.352,0,0,1460724,954580,178396,5330944,7549.459,1616.031,0,291.285,0,27.931,7054,5852,1.960,1.560,0.890,1,0,762.128,0,0,11,32,0,20,0
14-01 15:32:17,8.259,20.773,69.829,0,0,1452236,962988,178396,5331024,8354.451,1621.835,0,452.512,0,77.087,6083,4388,1.880,1.550,0.890,1,0,422.478,0,0,11,32,0,20,0
14-01 15:32:18,9.513,20.779,68.595,0,0,1446156,969020,178396,5331056,8896.290,1622.241,0,280.387,0,10.014,5967,4405,1.880,1.550,0.890,1,0,391.541,0,0,11,32,0,20,0
14-01 15:32:19,18.448,14.460,65.816,0,0,1426908,988092,178396,5331560,10441.819,1615.485,0,11.967,0,2.992,6735,8518,1.880,1.550,0.890,1,0,224.373,0,0,11,32,0,20,0
14-01 15:32:20,42.006,12.252,45.506,0,0,1489112,925772,178396,5331772,10526.467,1620.226,0,0,0,0,4048,2645,1.880,1.550,0.890,2,0,131.018,0,0,11,33,0,20,0
14-01 15:32:21,44.614,6.480,48.602,0,0,1579568,835304,178396,5331780,7935.800,1547.282,0,7.976,0,1.994,2719,1224,1.880,1.550,0.890,5,0,0,0,0,11,36,0,21,0
14-01 15:32:22,46.629,4.512,48.133,0,0,1638648,774628,178444,5333056,9557.433,1624.493,0,3321.186,0,367.015,4652,3314,1.890,1.560,0.900,3,0,19.053,0,0,11,49,0,20,0
14-01 15:32:23,20.803,17.294,60.906,0.251,0,1658916,751456,178444,5335808,12888.026,1624.162,0,356.915,0,13.033,6752,9408,1.890,1.560,0.900,1,0,305.784,0,0,11,48,0,20,0
14-01 15:32:24,18.201,12.466,68.564,0,0,1657536,752764,178444,5335832,7842.741,1615.621,0,155.578,0,12.965,5975,7955,1.890,1.560,0.900,0,0,190.484,0,0,11,48,0,20,0
14-01 15:32:25,0.500,0.750,97.501,0,0,1657536,752764,178444,5335832,8056.090,1620.018,0,364.004,0,21.000,844,1089,1.890,1.560,0.900,0,0,3.000,0,0,11,48,0,20,0
14-01 15:32:26,0.500,0.500,98.491,0.250,0,1657536,752764,178444,5335832,9104.207,1619.859,0,35.997,0,4.000,819,1004,1.890,1.560,0.900,0,0,3.000,0,0,11,48,0,20,0
14-01 15:32:27,0.750,0.500,97.997,0,0,1657536,752764,178444,5335832,8802.772,1619.958,0,4.000,0,1.000,780,948,1.740,1.540,0.890,0,0,2.000,0,0,11,48,0,20,0
14-01 15:32:28,0.750,1.000,97.770,0,0,1657536,752764,178444,5335824,9036.848,1512.309,0,0,0,0,863,1037,1.740,1.540,0.890,1,0,3.001,0,0,11,48,0,20,0
14-01 15:32:29,16.003,14.253,68.015,0,0,1645012,765268,178444,5336188,6975.524,1566.342,0,0,0,0,6060,8006,1.740,1.540,0.890,1,0,280.061,0,0,11,48,0,20,0
14-01 15:32:30,13.024,14.527,71.382,0,0,1663176,747100,178444,5335852,41772.526,1623.012,0,4.007,0,1.002,4969,4708,1.740,1.540,0.890,1,0,291.541,0,0,12,48,0,20,0
14-01 15:32:31,17.199,17.448,64.310,0,0,1686012,724196,178444,5336328,9466.992,1852.519,0,0,0,0,7539,9458,1.740,1.540,0.890,1,0,295.127,0,0,12,48,0,15,0
14-01 15:32:32,12.007,9.505,76.544,0.250,0,1660680,749520,178444,5335896,42705.400,1620.926,0,532.304,0,44.025,3796,3940,1.920,1.580,0.910,0,0,195.111,0,0,12,64,0,15,0
14-01 15:32:33,11.258,11.758,76.554,0,0,1663092,746952,178444,5336400,9631.847,1621.152,0,2862.034,0,79.056,4857,5351,1.920,1.580,0.910,1,0,204.145,0,0,14,64,0,15,0
14-01 15:32:34,15.783,15.032,67.893,0.251,0,1658812,751208,178444,5336072,7480.731,1623.414,0,332.700,0,19.040,6157,7072,1.920,1.580,0.910,1,0,288.607,0,0,14,66,0,15,0
14-01 15:32:35,8.493,21.233,69.696,0,0,1632508,777408,178448,5336116,6076.276,1618.742,0,687.466,0,24.981,5930,4425,1.920,1.580,0.910,2,0,379.705,0,0,14,66,0,14,0
14-01 15:32:36,18.963,15.719,64.124,0,0,1641292,768536,178448,5336612,8988.313,1497.054,0,171.662,0,11.976,6710,8155,1.920,1.580,0.910,1,0,258.491,0,0,14,66,0,14,0
14-01 15:32:37,29.088,23.321,47.143,0,0,1696776,712980,178452,5336224,7384.394,1624.928,0,5649.131,0,395.198,7363,5513,1.930,1.580,0.920,2,0,519.576,0,0,14,66,0,14,0
14-01 15:32:38,29.977,23.982,44.716,0,0,1775912,632500,178460,5337512,8911.201,1618.765,0,15.988,0,3.997,7301,8539,1.930,1.580,0.920,3,0,549.581,0,0,14,66,0,14,0
14-01 15:32:39,32.180,23.948,42.907,0,0,1930060,478088,178464,5338076,9855.701,1686.356,0,1221.360,0,14.968,6270,6337,1.930,1.580,0.920,2,0,392.153,0,0,14,70,0,16,0
14-01 15:32:40,54.992,20.247,23.996,0,0,2012408,395704,178468,5338196,7711.869,1619.763,0,0,0,0,5541,5806,1.930,1.580,0.920,7,0,374.945,0,0,14,70,0,16,0
14-01 15:32:41,61.194,27.336,11.035,0,0,2136248,271008,178468,5339452,9019.526,1715.425,0,634.005,0,12.038,6812,8145,1.930,1.580,0.920,3,0,509.612,0,0,14,70,0,16,0
14-01 15:32:42,72.859,18.963,7.236,0.250,0.250,2239884,166764,178508,5339412,7803.917,1840.443,31.938,982.102,2.994,12.975,5561,5090,2.260,1.660,0.940,5,0,277.464,0,0,14,70,1,16,0
14-01 15:32:43,72.387,25.298,1.753,1.002,0,2329988,150816,174160,5271404,6188.685,1697.205,533.006,1474.785,61.115,94.178,6483,7329,2.260,1.660,0.940,5,0,468.885,0,0,14,74,1,16,0
14-01 15:32:44,67.243,20.248,6.749,4.500,0,2454208,214492,172356,5089504,8839.034,1531.833,607.934,20909.714,47.995,1125.877,11654,15863,2.260,1.660,0.940,4,1,200.978,0,0,14,74,1,15,0
14-01 15:32:45,66.674,26.220,3.496,3.746,0,2556476,182136,172092,5021628,8471.309,1692.064,643.264,22322.462,36.958,2227.452,16385,25774,2.260,1.660,0.940,7,1,447.488,0,0,14,76,1,15,0
14-01 15:32:46,70.750,20.179,7.474,0.249,0,2617148,169740,171672,4974440,9154.601,1729.878,75.732,2144.411,9.965,112.601,8951,18670,2.260,1.660,0.940,5,0,180.362,0,0,14,78,1,20,0
14-01 15:32:47,62.296,23.110,13.564,1.005,0,2752604,181436,171168,4831340,7454.396,1702.082,622.958,1229.840,38.181,71.339,7932,11540,2.400,1.700,0.960,4,0,525.495,0,0,14,93,1,25,0
14-01 15:32:48,46.605,25.421,27.166,0,0,2846424,156308,171168,4764628,6041.228,1614.982,27.913,965.001,3.988,58.817,8786,13278,2.400,1.700,0.960,2,0,494.464,0,0,14,93,1,24,0
14-01 15:32:49,48.780,14.759,34.271,2.001,0,2942384,128556,171168,4697792,8991.474,1695.032,1977.204,1140.694,20.012,47.029,5182,5679,2.400,1.700,0.960,5,0,196.119,0,0,14,95,1,24,0
14-01 15:32:50,52.963,9.243,35.475,0.749,0,3065176,136100,171168,4569972,7152.947,1618.856,95.932,5000.467,5.996,240.830,5293,7583,2.400,1.700,0.960,4,0,10.992,0,0,14,98,1,27,0
14-01 15:32:51,16.252,17.502,65.008,1.000,0,3090596,177628,171180,4504396,8580.993,1710.198,12.001,1740.201,3.000,117.014,6174,5680,2.400,1.700,0.960,1,0,301.035,0,0,14,101,1,28,0
14-01 15:32:52,8.266,19.288,71.141,0,0,3098468,169720,171180,4504432,7819.537,1460.903,4.008,128.255,1.002,13.026,5745,4237,2.280,1.690,0.960,1,0,344.685,0,0,14,101,1,26,0
14-01 15:32:53,8.976,18.949,70.309,0.249,0,3112260,155896,171180,4504464,7275.262,1689.417,3.989,11285.382,0.997,530.561,6481,4111,2.280,1.690,0.960,1,0,345.064,0,0,14,101,1,26,0
14-01 15:32:54,20.011,3.502,74.790,0.500,0,3165360,169068,171184,4439704,11296.033,3591.918,12.006,4.002,2.001,1.001,1861,1270,2.280,1.690,0.960,0,0,0,0,0,14,102,1,26,0
14-01 15:32:55,18.511,2.752,77.295,0,0,3106656,227732,171184,4439744,30705.981,22138.964,8.005,3482.039,2.001,39.023,2740,2798,2.280,1.690,0.960,2,0,9.005,0,0,14,103,1,27,0
14-01 15:32:56,20.803,6.517,72.936,0,0,3169068,165300,171184,4439764,7195.376,1624.148,0,76.195,0,6.015,2413,1875,2.280,1.690,0.960,1,0,56.143,0,0,14,105,1,25,0
14-01 15:32:57,16.450,1.994,80.255,0.249,0,3174820,159532,171184,4439784,16379.955,8081.310,0,414.733,0,44.863,2573,2687,2.100,1.660,0.960,1,0,2.991,0,0,14,114,1,25,0
14-01 15:32:58,29.050,7.513,61.606,1.252,0,3178492,155188,171192,4440432,8827.211,1622.796,356.615,1642.831,13.022,202.349,5601,14532,2.100,1.660,0.960,6,0,39.067,0,0,14,117,1,26,0
14-01 15:32:59,24.002,6.501,66.257,1.000,0,3128088,205364,171192,4440660,10402.046,2763.278,0,5132.516,0,348.035,6160,7850,2.100,1.660,0.960,1,0,76.008,0,0,14,120,1,28,0
14-01 15:33:00,32.925,8.730,57.867,0.249,0,3239500,160244,171196,4375928,43304.746,1454.666,7.982,399.085,1.995,25.941,3734,2837,2.100,1.660,0.960,1,0,39.909,0,0,14,122,1,20,0
14-01 15:33:01,18.502,3.000,77.508,0.250,0,3250956,148768,171196,4375948,15728.632,8117.842,4.000,2416.251,1.000,54.006,2660,2675,2.100,1.660,0.960,1,0,3.000,0,0,14,127,1,20,0
14-01 15:33:02,20.255,4.001,74.517,0.750,0,3259252,140452,171196,4375968,45034.166,3679.831,0,828.187,0,96.022,3869,4903,1.930,1.630,0.950,1,0,1.000,0,0,14,127,1,20,0
14-01 15:33:03,38.513,11.504,48.517,0.250,0,3327072,136568,171084,4313904,7246.495,2814.969,4.001,860.296,1.000,87.030,4753,4199,1.930,1.630,0.950,2,0,100.034,0,0,14,128,1,21,0
14-01 15:33:04,38.251,5.500,55.251,0,0,3381564,145564,171084,4251884,11837.285,7410.178,180.004,560.013,1.000,16.000,2781,1550,1.930,1.630,0.950,1,0,0,0,0,14,129,1,21,0
14-01 15:33:05,19.498,5.249,73.742,0.500,0,3330864,196244,171084,4251904,25662.322,18196.101,0,1539.839,0,76.992,2758,2191,1.930,1.630,0.950,1,0,54.994,0,0,14,128,1,22,0
14-01 15:33:06,18.746,2.000,78.235,0.250,0,3367128,159968,171084,4251916,12711.542,7342.580,7.998,115.978,2.000,12.997,1900,1531,1.930,1.630,0.950,1,0,1.000,0,0,14,129,1,22,0
14-01 15:33:07,19.001,6.500,74.502,0,0,3385744,141332,171084,4251936,25088.745,18102.537,0,48.001,0,3.000,2503,1814,1.860,1.620,0.950,2,0,51.002,0,0,14,128,1,23,0
14-01 15:33:08,18.253,2.000,78.014,0,0,3405100,184860,171084,4190640,16769.010,7284.308,8.001,100.018,2.000,7.001,1792,1265,1.860,1.620,0.950,1,0,0,0,0,14,129,1,23,0
14-01 15:33:09,16.996,7.248,74.233,0.750,0,3347752,242204,171084,4190692,12312.135,3588.165,3.999,4362.985,1.000,470.890,4489,4592,1.860,1.620,0.950,2,0,81.981,0,0,14,128,1,24,0
14-01 15:33:10,26.497,4.000,68.743,0,0,3414928,174976,171084,4190744,11460.757,3589.611,0,303.967,0,24.997,5507,8968,1.860,1.620,0.950,0,0,27.997,0,0,14,137,1,25,0
14-01 15:33:11,18.040,6.264,75.165,0,0,3412216,177668,171084,4190764,27618.589,22108.501,0,88.193,0,6.013,2620,1979,1.860,1.620,0.950,1,0,61.134,0,0,14,136,1,26,0
14-01 15:33:12,19.683,2.990,76.241,0.249,0,3442988,146888,171084,4190772,10908.009,3577.867,0,123.581,0,12.956,1982,1489,1.790,1.610,0.950,0,0,0,0,0,14,137,1,26,0
14-01 15:33:13,19.564,4.013,73.742,0.752,0,3440252,149508,171088,4190884,29158.848,6334.823,0,3455.358,0,347.141,5141,6991,1.790,1.610,0.950,2,0,1.003,0,0,14,138,1,26,0
14-01 15:33:14,24.202,6.487,67.865,1.248,0,3401460,188232,171088,4190952,10108.841,2854.308,0,1764.481,0,168.664,6378,8771,1.790,1.610,0.950,1,0,52.895,0,0,14,139,1,28,0
14-01 15:33:15,21.998,3.500,73.743,0.250,0,3434752,154940,171088,4190952,24876.557,2157.788,0,723.929,0,24.998,2231,1506,1.790,1.610,0.950,1,0,0,0,0,14,140,1,28,0
14-01 15:33:16,13.246,2.499,82.474,0.250,0.250,3433132,156548,171088,4190964,32760.726,11048.535,0,2331.269,0,144.955,2846,2695,1.790,1.610,0.950,1,0,1.999,0,0,14,140,1,28,0
14-01 15:33:17,25.518,5.254,67.298,1.251,0,3429080,160536,171092,4191020,10306.296,1621.148,4.003,5227.701,1.001,374.265,6740,9665,1.720,1.600,0.950,0,1,1.001,0,0,14,140,1,28,0
14-01 15:33:18,31.986,9.246,57.225,0,0,3366900,222560,171096,4191172,18042.977,2643.824,0,1031.541,0,103.954,8946,13081,1.720,1.600,0.950,1,0,69.969,0,0,14,141,1,29,0
14-01 15:33:19,19.996,2.999,76.486,0,0,3426864,162596,171096,4191172,7834.540,3589.331,0,483.910,0,19.996,1848,1378,1.720,1.600,0.950,0,0,0,0,0,14,142,1,29,0
14-01 15:33:20,18.252,2.750,77.007,0.750,0,3428132,161288,171104,4191204,17733.664,9371.880,0,1088.102,0,116.011,3496,3912,1.720,1.600,0.950,1,0,1.000,0,0,14,143,1,30,0
14-01 15:33:21,18.754,9.502,71.264,0,0,3449896,139512,171104,4191216,23937.679,1714.335,0,520.102,0,26.005,3509,2644,1.720,1.600,0.950,1,0,147.029,0,0,14,143,1,30,0
14-01 15:33:22,18.773,1.502,78.846,0.250,0,3469384,119884,171104,4191356,12410.147,7873.610,0,508.621,0,30.037,1972,1581,1.670,1.590,0.950,1,0,0,0,0,14,144,1,30,0
14-01 15:33:23,18.443,4.237,74.767,0.498,0,3453436,135804,171104,4191384,14393.156,6696.137,0,972.969,0,106.668,6358,9897,1.670,1.590,0.950,3,0,0,0,0,14,144,1,30,0
14-01 15:33:24,30.156,8.544,59.557,0.754,0,3453444,135500,171104,4191664,14210.354,1628.406,32.166,4551.495,2.010,410.117,8459,11283,1.670,1.590,0.950,4,0,3.016,0,0,14,144,1,30,0
14-01 15:33:25,42.333,14.194,42.084,0.747,0,3402116,186548,171108,4191908,11389.159,3589.866,15.937,2012.078,0.996,177.302,10387,14397,1.670,1.590,0.950,1,0,284.878,0,0,14,143,1,31,0
14-01 15:33:26,19.014,2.252,77.808,0,0,3450768,137884,171112,4191916,14734.950,7525.593,0,536.399,0,31.023,1925,1481,1.670,1.590,0.950,1,0,1.001,0,0,14,144,1,31,0
14-01 15:33:27,15.260,11.258,71.799,0,0,3436256,152380,171112,4191932,14207.739,3320.276,0,580.398,0,30.021,4228,3192,1.610,1.580,0.950,2,0,194.133,0,0,14,143,1,32,0
14-01 15:33:28,9.505,20.510,69.034,0,0,3368136,220456,171112,4191976,11802.877,1710.852,0,524.261,0,32.016,6091,4701,1.610,1.580,0.950,1,0,385.192,0,0,14,143,1,32,0
14-01 15:33:29,19.789,16.032,63.126,0.250,0,3366712,221732,171112,4192112,9788.519,1623.237,0,444.887,0,28.056,6302,7972,1.610,1.580,0.950,2,0,225.450,0,0,14,143,1,32,0
14-01 15:33:30,32.247,21.248,45.496,0,0,3436424,151948,171112,4192168,42479.822,1619.841,0,2135.790,0,122.988,6912,5649,1.610,1.580,0.950,2,0,486.952,0,0,14,143,1,32,0
14-01 15:33:31,33.727,18.737,45.969,0.500,0,3483952,166512,171120,4132020,10821.720,1526.973,35.976,759.489,4.997,48.967,7271,8322,1.610,1.580,0.950,3,0,338.772,0,0,14,149,1,33,2
14-01 15:33:32,42.739,19.995,35.991,0.250,0,3559124,151636,171120,4073204,43494.777,1619.582,91.976,323.916,4.999,22.994,7579,9588,1.560,1.570,0.950,3,0,417.892,0,0,16,149,1,33,2
14-01 15:33:33,55.267,29.259,15.755,0,0,3706900,117484,170960,3962568,7967.408,1620.490,16.005,488.148,3.001,37.011,7745,11283,1.560,1.570,0.950,17,0,520.157,0,0,16,155,1,33,2
14-01 15:33:34,55.495,19.248,23.998,0.500,0,3781880,119588,170972,3885540,7617.370,1619.866,47.996,971.920,6.999,117.990,7591,11883,1.560,1.570,0.950,4,0,244.980,0,0,16,171,1,33,2
14-01 15:33:35,36.513,23.008,40.015,0,0,3830492,171720,170972,3786124,7494.755,1710.629,0,592.218,0,11.004,7552,5550,1.560,1.570,0.950,2,0,557.205,0,0,16,171,1,33,2
14-01 15:33:36,23.176,21.681,53.828,0,0,3870672,131460,170972,3786672,9778.781,1614.844,3.987,490.434,0.997,32.895,7384,7443,1.560,1.570,0.950,1,0,426.638,0,0,17,171,1,33,2
14-01 15:33:37,24.334,15.303,59.203,0,0,3887236,165756,170724,3736324,8794.218,1625.586,8.028,192.662,2.007,13.045,5854,5934,1.920,1.640,0.980,3,0,278.959,0,0,17,171,1,33,2
14-01 15:33:38,30.473,24.478,43.961,0,0,3950484,155944,170724,3684496,9504.538,1618.559,7.993,447.601,1.998,33.970,6800,6125,1.920,1.640,0.980,4,0,483.569,0,0,17,171,1,33,2
14-01 15:33:39,44.776,18.761,34.770,0.500,0,4047344,138428,170732,3606812,6753.906,1528.884,168.097,360.208,5.003,20.012,8041,11995,1.920,1.640,0.980,2,0,230.133,0,0,17,183,1,33,2
14-01 15:33:40,30.516,26.014,43.523,0.250,0,4107128,155160,170732,3531956,10493.599,1620.865,16.009,844.451,1.001,90.048,7417,6353,1.920,1.640,0.980,2,0,663.354,0,0,17,183,1,33,2
14-01 15:33:41,28.686,23.697,45.398,0.499,0,4180640,130332,170732,3484420,9074.633,1616.372,11.973,6609.166,2.993,246.447,9340,11540,1.920,1.640,0.980,1,0,557.748,0,0,17,197,1,31,2
14-01 15:33:42,15.495,18.245,64.481,0.250,0,4183660,165976,170732,3447016,6261.154,1693.501,0,635.813,0,33.990,7489,9195,1.850,1.630,0.980,1,0,330.902,0,0,17,197,1,31,2
14-01 15:33:43,33.065,12.024,53.355,0.501,0,4262232,123052,170732,3411680,6147.098,1697.341,140.276,1186.335,4.008,62.122,4410,3811,1.850,1.630,0.980,2,0,142.280,0,0,17,197,1,31,2
14-01 15:33:44,47.017,8.003,42.766,1.501,0.250,4379344,134264,170732,3285804,9220.352,1694.616,336.122,12396.507,9.003,891.324,5568,3098,1.850,1.630,0.980,2,0,10.004,0,0,17,213,1,31,2
14-01 15:33:45,38.380,6.480,50.093,3.489,0,4454936,151016,170732,3194680,9313.837,1778.432,211.338,350.901,9.969,14.953,3508,2469,1.850,1.630,0.980,1,0,5.981,0,0,17,218,1,31,2
14-01 15:33:46,27.811,23.552,46.351,2.004,0,4380880,224188,170736,3195544,9072.867,1739.810,950.080,509.115,13.029,44.097,6938,6641,1.850,1.630,0.980,3,0,523.146,0,0,17,217,1,31,2
14-01 15:33:47,35.997,25.248,36.247,0,0,4436636,167272,170740,3197048,13509.873,7255.395,23.998,427.964,1.000,30.997,7996,11135,1.940,1.650,0.990,5,0,512.957,0,0,17,222,1,31,0
14-01 15:33:48,53.885,19.708,24.947,2.245,0,4453220,147620,170752,3200048,12160.077,4585.225,1261.311,1201.439,24.947,33.928,6896,7975,1.940,1.650,0.990,4,0,212.547,0,0,17,227,1,33,0
14-01 15:33:49,67.523,14.755,15.005,2.751,0,4597604,128340,170760,3077652,11492.858,4084.371,568.191,396.133,19.006,20.007,4850,3879,1.940,1.650,0.990,4,0,60.020,0,0,17,235,1,23,0
14-01 15:33:50,52.987,11.247,21.245,13.497,0,4639412,162548,170788,3003252,14279.439,10146.470,4842.792,1371.658,246.938,53.987,5818,5631,1.940,1.650,0.990,3,0,17.996,0,0,17,240,1,24,0
14-01 15:33:51,59.665,16.546,20.056,3.259,0,4665876,164920,170856,2975696,9395.054,1690.689,2695.475,1620.494,247.687,139.387,7135,8960,1.940,1.650,0.990,3,0,187.520,0,0,17,241,1,28,0
14-01 15:33:52,28.260,24.009,45.267,0.250,0,4668948,160288,170860,2977652,16268.958,9752.571,204.075,252.092,3.001,18.007,8555,9779,1.860,1.640,0.990,0,0,500.183,0,0,17,242,1,28,0
14-01 15:33:53,43.972,17.739,36.727,0,0,4672628,191472,170868,2943120,9453.982,4606.068,43.972,9214.134,3.997,60.961,6241,7942,1.860,1.640,0.990,4,0,238.848,0,0,17,241,1,25,0
14-01 15:33:54,55.402,26.204,17.968,0,0,4754272,148848,170876,2905016,16233.196,7330.992,3.993,531.058,0.998,38.931,7328,7586,1.860,1.640,0.990,4,0,524.070,0,0,17,246,1,25,0
14-01 15:33:55,55.493,19.497,22.497,1.500,0,4724880,216604,170892,2867960,12229.387,6715.114,1203.841,1763.767,56.992,79.989,8267,15200,1.860,1.640,0.990,4,0,240.968,0,0,17,249,1,28,0
14-01 15:33:56,57.976,26.989,14.494,0.250,0,4833380,157744,170900,2819444,10560.612,3678.471,15.993,2263.060,2.999,46.980,6749,7436,1.860,1.640,0.990,4,0,530.779,0,0,17,250,1,28,0
14-01 15:33:57,51.634,18.047,28.073,1.755,0,4875696,126836,170908,2808380,18310.433,10697.712,617.600,954.473,37.096,67.174,9339,14188,1.950,1.670,1,8,0,238.618,0,0,17,259,1,30,0
14-01 15:33:58,67.817,22.190,8.976,0.499,0,4966064,170104,170908,2676924,5877.106,1681.453,179.515,267.277,10.970,13.962,6091,15960,1.950,1.670,1,3,0,222.399,0,0,17,259,1,31,0
14-01 15:33:59,61.477,10.246,27.240,0.250,0,5042372,120504,170912,2650500,24260.772,17273.430,831.684,715.728,12.995,25.990,6256,13964,1.950,1.670,1,3,0,9.996,0,0,17,263,1,31,0
14-01 15:34:00,56.149,9.982,30.196,3.494,0,5072836,121036,170920,2620196,45967.064,5089.817,1764.816,842.480,95.827,82.851,6099,8131,1.950,1.670,1,2,0,18.966,0,0,17,268,1,37,0
14-01 15:34:01,53.957,16.564,28.108,0.502,0,5043972,181372,170840,2589612,13636.344,8113.143,646.482,815.129,17.066,59.227,6682,5755,1.950,1.670,1,5,0,296.137,0,0,17,270,1,35,0
14-01 15:34:02,45.255,30.003,21.752,1.750,0,5061056,160032,171104,2593568,49138.621,6848.783,4620.529,1487.170,73.008,79.009,8696,10632,2.040,1.690,1.010,5,1,503.058,0,0,17,269,1,36,0
14-01 15:34:03,57.832,17.948,22.934,0.249,0,5089404,131200,171112,2594320,12944.492,7322.781,861.504,901.388,13.960,35.896,6719,8145,2.040,1.690,1.010,6,0,215.376,0,0,18,270,1,36,0
14-01 15:34:04,75.251,14.250,8.750,1.500,0,5098656,217164,170724,2501728,14271.255,6709.120,1060.019,828.015,54.001,45.001,5857,4512,2.040,1.690,1.010,4,0,129.002,0,0,18,272,1,37,0
14-01 15:34:05,77.062,12.760,1.251,8.257,0.250,5241012,164884,170736,2414048,8751.998,1621.296,2998.397,15860.681,151.121,1179.943,8613,5786,2.040,1.690,1.010,4,0,10.008,0,0,18,278,1,35,0
14-01 15:34:06,69.217,14.295,15.298,1.003,0,5286296,149236,170764,2385216,15903.834,12441.986,1564.904,2592.122,55.173,289.908,8404,9593,2.040,1.690,1.010,3,0,156.490,0,0,18,282,1,36,0
14-01 15:34:07,44.489,11.747,43.239,0.500,0,5304856,162120,170772,2354704,11804.990,2854.272,579.852,611.844,8.998,37.990,4838,4147,2.040,1.690,1.020,2,0,80.979,0,0,18,287,1,37,0
14-01 15:34:08,33.928,7.983,55.382,0.499,0,5332264,134496,170780,2354912,34944.383,13082.066,838.210,411.122,11.974,27.940,4262,4016,2.040,1.690,1.020,4,0,8.981,0,0,18,293,1,37,1
14-01 15:34:09,42.543,9.009,47.297,0.250,0,5306688,149772,170780,2365196,10658058.385,83791.779,512.512,9257.256,4.004,76.076,8137,4722,2.040,1.690,1.020,2,0,12.012,0,0,18,290,1,38,0
14-01 15:34:10,35.553,15.774,44.066,3.756,0,5332020,145356,170780,2345144,5946799.875,39058.198,2808.184,3881.784,31.046,251.375,7773,6049,2.040,1.690,1.020,2,0,262.391,0,0,18,294,1,36,0
14-01 15:34:11,36.582,8.710,53.504,0.249,0,5317348,215484,170780,2292108,14049.460,6821.663,63.707,2333.281,3.982,247.861,4147,3396,2.040,1.690,1.020,2,0,11.945,0,0,18,295,1,37,0
14-01 15:34:12,33.516,4.752,60.278,0.250,0,5372180,160628,170780,2292136,18889.777,13033.056,0,2753.279,0,50.023,3991,4102,2.270,1.750,1.040,1,0,0,0,0,18,302,1,38,0
14-01 15:34:13,25.020,4.504,68.554,0.250,0,5304980,227268,170780,2292696,353787.244,14514498.315,512.407,672.535,29.023,63.050,6219,5599,2.270,1.750,1.040,3,0,9.007,0,0,18,299,1,40,0
14-01 15:34:14,1.998,1.748,94.906,0,0,5303620,228604,170780,2292704,74409.942,1895087.885,3.996,2161.848,0.999,22.977,1915,1999,2.270,1.750,1.040,0,0,28.971,0,0,18,299,1,38,0
14-01 15:34:15,2.000,1.000,95.736,0.250,0,5301060,231164,170780,2292704,10391.440,1619.757,0,263.960,0,16.997,1328,1859,2.270,1.750,1.040,0,0,0,0,0,18,299,1,38,0
14-01 15:34:16,13.541,2.257,82.750,0.502,0,5307008,225152,170788,2292760,7951313.915,30267.266,16.048,1588.791,1.003,122.369,5799,6018,2.270,1.750,1.040,1,0,4.012,0,0,18,307,1,38,0
14-01 15:34:17,18.526,9.263,69.846,0.250,0,5229052,286836,170788,2308984,8608087.466,86646.313,48.066,584.805,3.004,51.070,9220,8497,2.170,1.740,1.040,2,0,166.229,0,0,18,303,1,41,0
14-01 15:34:18,16.186,12.948,68.975,0.747,0,5286968,228840,170788,2309048,8436.415,1687.283,27.889,123.508,1.992,8.964,4807,4301,2.170,1.740,1.040,1,0,301.799,0,0,18,307,1,39,0
14-01 15:34:19,19.287,8.516,71.388,0,0,5291736,224024,170788,2309096,9385.154,1623.140,80.155,64.124,5.010,5.010,3484,2692,2.170,1.740,1.040,1,0,110.213,0,0,18,307,1,39,0
14-01 15:34:20,8.516,19.287,70.386,0.250,0,5294696,220976,170788,2309184,7211.919,1569.028,0,853.648,0,58.112,6414,5468,2.170,1.740,1.040,1,0,372.719,0,0,18,307,1,39,0
14-01 15:34:21,3.983,8.464,85.133,0.249,0,5291960,223668,170788,2309228,6147.508,1599.109,19.914,171.262,1.991,15.931,3378,3363,2.170,1.740,1.040,0,0,186.198,0,0,18,307,1,39,0
14-01 15:34:22,14.004,3.751,81.523,0,0,5333316,182312,170788,2309228,5695.606,1620.457,0,16012.516,0,45.013,1996,1936,2,1.710,1.040,1,0,9.003,0,0,18,307,1,37,0
14-01 15:34:23,19.308,2.508,76.982,0,0,5355480,160140,170788,2309236,17140.593,8762.375,0,164.495,0,24.072,2232,1986,2,1.710,1.040,0,0,0,0,0,18,308,1,37,0
14-01 15:34:24,14.753,12.502,70.762,0.500,0,5320896,194592,170792,2309348,10352.767,3452.589,76.013,0,7.001,0,4921,4117,2,1.710,1.040,1,0,167.029,0,0,18,311,1,38,0
14-01 15:34:25,12.000,16.500,70.250,0.750,0,5319304,195896,170792,2309588,9312.966,1619.994,4.000,5431.980,1.000,663.998,6178,4466,2,1.710,1.040,1,0,208.999,0,0,18,311,1,38,0
14-01 15:34:26,13.941,15.435,68.959,0.747,0,5305100,209980,170792,2309712,7635.796,1613.196,19.916,5154.262,1.992,83.647,5707,4887,2,1.710,1.040,1,0,225.051,0,0,18,311,1,37,0
14-01 15:34:27,24.776,3.504,70.826,0,0,5367096,147960,170792,2309720,10586.298,1691.806,0,300.321,0,34.036,2740,2556,1.920,1.690,1.030,2,0,2.002,0,0,18,313,1,37,0
14-01 15:34:28,23.492,3.499,71.226,0.750,0,5407968,137608,170792,2280316,8390.183,1619.456,379.872,251.915,11.996,20.993,2578,2313,1.920,1.690,1.030,6,0,4.998,0,0,18,319,1,37,0
14-01 15:34:29,24.511,3.251,71.282,0,0,5313564,262196,170792,2250988,6253.839,1458.662,0,564.256,0,46.021,2702,2630,1.920,1.690,1.030,1,0,5.002,0,0,18,315,1,37,0
14-01 15:34:30,23.751,3.000,72.002,0.500,0,5366292,209444,170792,2251012,45400.496,1620.053,20.001,112.004,4.000,13.000,2590,2365,1.920,1.690,1.030,2,0,0,0,0,18,315,1,36,0
14-01 15:34:31,15.488,3.247,79.936,0,0,5385608,190104,170792,2251036,15893.296,10564.555,15.987,12130.304,0.999,51.958,2668,2719,1.920,1.690,1.030,0,0,3.997,0,0,18,318,1,37,0
14-01 15:34:32,18.745,2.749,76.980,0.250,0,5269616,306016,170792,2251116,50855.501,11608.919,0,239.936,0,20.994,2999,2839,1.760,1.670,1.030,2,0,16.995,0,0,18,315,1,38,0
14-01 15:34:33,23.772,3.753,72.316,0,0,5317496,258136,170792,2251116,9443.588,1621.475,0,104.095,0,7.006,2284,1863,1.760,1.670,1.030,1,0,0,0,0,18,315,1,38,0
14-01 15:34:34,20.000,6.750,72.499,0,0,5292204,283272,170792,2251272,8481.862,1619.974,387.994,151.998,4.000,17.000,3245,2606,1.760,1.670,1.030,1,0,88.999,0,0,18,315,1,37,0
14-01 15:34:35,11.009,18.015,69.556,0,0,5301432,273912,170796,2251400,8943.232,1621.311,28.023,224.181,4.003,2.002,6129,5127,1.760,1.670,1.030,1,0,409.331,0,0,18,315,1,37,0
14-01 15:34:36,21.553,7.017,69.921,0.752,0,5353216,221748,170940,2251604,8665.152,1569.832,256.626,425.038,12.029,29.071,3562,3317,1.760,1.670,1.030,1,0,103.252,0,0,18,315,1,37,0
14-01 15:34:37,18.935,2.242,77.735,0,0,5355968,216924,171052,2253564,11758.912,3604.711,0,294.994,0,15.946,2229,2090,1.700,1.650,1.030,1,0,15.946,0,0,18,316,1,37,0
14-01 15:34:38,23.582,4.014,71.751,0.251,0,5348920,218804,171516,2258124,10923.169,1800.291,0,1007.521,0,16.056,2506,2096,1.700,1.650,1.030,2,0,8.028,0,0,18,315,1,37,0
14-01 15:34:39,17.934,2.989,77.466,0.249,0,5348456,212656,172076,2264032,15824.990,4600.137,0,1179.676,0,28.894,2344,2086,1.700,1.650,1.030,1,0,13.949,0,0,18,315,1,37,1
14-01 15:34:40,22.761,5.753,69.784,0,0,5319136,241280,172124,2264664,6798.322,2222.086,144.070,312.153,9.004,5.002,10760,19291,1.700,1.650,1.030,2,0,13.006,0,0,18,316,1,37,0
14-01 15:34:41,14.996,2.999,80.481,0.250,0,5322608,237516,172160,2264916,15201.366,4057.030,47.989,339.919,6.998,11.997,7491,13256,1.700,1.650,1.030,3,0,4.999,0,0,18,316,1,37,0
14-01 15:34:42,22.487,6.246,69.961,0,0,5318664,241304,172204,2265016,7129.987,1693.047,0,699.606,0,20.988,5744,8456,1.640,1.640,1.030,2,0,14.992,0,0,18,316,1,37,0
14-01 15:34:43,14.061,12.555,71.561,0.502,0,5293520,277988,172288,2253432,11435.720,1876.157,0,566.463,0,21.092,4614,3724,1.640,1.640,1.030,1,0,218.952,0,0,18,315,1,37,0
14-01 15:34:44,22.920,4.484,71.750,0,0,5336544,234836,172288,2253560,8447.526,1526.673,0,0,0,0,2609,2286,1.640,1.640,1.030,1,0,46.837,0,0,18,315,1,37,0
14-01 15:34:45,20.242,2.249,76.472,0,0,5351248,219936,172288,2253756,14911.456,10381.140,0,575.786,0,11.996,2699,2514,1.640,1.640,1.030,2,0,0,0,0,18,320,1,38,0
14-01 15:34:46,22.528,10.012,66.082,0.501,0,5369612,201312,172288,2254000,11434.158,3342.138,112.139,2587.204,6.007,406.503,6082,6845,1.640,1.640,1.030,1,0,115.143,0,0,18,319,1,40,0
14-01 15:34:47,21.224,3.246,74.410,0.250,0,5392760,178016,172288,2254148,13373.736,7408.990,0,283.655,0,25.968,3048,2911,1.590,1.630,1.030,1,0,0.999,0,0,18,320,1,40,0
14-01 15:34:48,20.753,6.751,70.261,0,0,5385184,185580,172288,2254160,11971.820,4482.682,0,268.041,0,24.004,3677,3402,1.590,1.630,1.030,1,0,71.011,0,0,18,321,1,41,0
14-01 15:34:49,19.497,2.750,76.737,0,0,5402988,167772,172288,2254164,14276.665,7416.787,0,139.977,0,9.998,2279,1925,1.590,1.630,1.030,1,0,0,0,0,18,322,1,41,0
14-01 15:34:50,20.068,6.271,73.751,0,0,5402880,167860,172288,2254184,17049.139,9052.871,0,260.890,0,10.034,3152,2860,1.590,1.630,1.030,2,0,56.192,0,0,18,321,1,40,0
14-01 15:34:51,18.917,2.489,76.911,0,0,5419540,151196,172288,2254188,15851.126,7311.769,0,115.491,0,8.961,2232,2016,1.590,1.630,1.030,2,0,0,0,0,18,322,1,40,0
14-01 15:34:52,20.752,5.250,73.006,0.250,0,5386556,184168,172288,2254200,12089.953,6209.490,0,120.009,0,7.001,2839,2444,1.550,1.620,1.030,2,0,32.003,0,0,18,321,1,44,0
14-01 15:34:53,19.759,2.251,77.285,0,0,5398668,172052,172288,2254204,14360.439,7259.255,0,108.048,0,7.003,2216,1834,1.550,1.620,1.030,1,0,0,0,0,18,322,1,44,0
14-01 15:34:54,14.559,5.020,79.821,0,0,5362020,208676,172288,2254228,17075.647,6837.488,0,281.130,0,29.117,2990,3002,1.550,1.620,1.030,1,0,47.190,0,0,18,321,1,45,0
14-01 15:34:55,19.651,2.736,76.116,0,0,5359708,210988,172288,2254228,9637.384,3571.981,0,135.317,0,10.945,2184,1877,1.550,1.620,1.030,1,0,0,0,0,18,322,1,39,0
14-01 15:34:56,19.290,5.762,73.401,0.501,0,5303240,267424,172288,2254260,18653.305,9959.452,0,2741.630,0,155.319,3552,3685,1.550,1.620,1.030,1,0,33.068,0,0,18,321,1,42,0
14-01 15:34:57,20.986,2.498,74.449,0.250,0,5354504,216172,172288,2254264,10799.641,3587.555,0,1538.951,0,114.922,2749,2510,1.500,1.610,1.030,0,0,0,0,0,18,322,1,42,0
14-01 15:34:58,20.493,4.249,73.974,0.500,0,5373700,196848,172288,2254376,18885.488,10562.358,0,375.870,0,35.988,3859,12508,1.500,1.610,1.030,1,0,36.987,0,0,18,323,1,44,0
14-01 15:34:59,20.269,7.507,71.066,0,0,5383160,187376,172288,2254388,7621.125,1621.516,0,144.135,0,7.007,3134,2636,1.500,1.610,1.030,1,0,88.082,0,0,18,323,1,37,0
14-01 15:35:00,18.235,2.498,77.936,0,0,5393908,176620,172288,2254396,63186.916,24034.189,0,115.904,0,7.993,2491,2199,1.500,1.610,1.030,1,0,0,0,0,18,323,1,39,0
14-01 15:35:01,21.310,6.769,70.448,0.501,0,5413524,156860,172288,2254540,5726.061,1462.101,0,1921.389,0,315.886,3349,2692,1.500,1.610,1.030,1,0,51.143,0,0,18,323,1,39,0
14-01 15:35:02,18.207,2.744,77.817,0.249,0,5411288,159088,172288,2254548,52082.567,9263.225,0,474.884,0,59.859,2704,2601,1.460,1.600,1.030,2,0,2.993,0,0,18,324,1,40,0
14-01 15:35:03,22.999,4.000,71.996,0,0,5383320,187020,172288,2254584,10333.431,2895.840,31.998,135.993,2.000,9.999,2528,2134,1.460,1.600,1.030,1,0,13.999,0,0,18,323,1,33,0
14-01 15:35:04,16.746,2.249,80.480,0,0,5395524,174812,172288,2254588,16570.866,8113.976,0,111.972,0,7.998,2104,1954,1.460,1.600,1.030,1,0,0,0,0,18,324,1,33,0
14-01 15:35:05,25.252,5.250,67.006,1.250,0,5371964,196604,172292,2256352,9609.869,2989.270,1680.152,1520.137,55.005,180.016,6366,8884,1.460,1.600,1.030,2,0,7.001,0,0,18,325,1,34,0
14-01 15:35:06,19.242,2.749,75.970,0,0,5381112,187448,172292,2256360,15471.798,7341.057,0,455.817,0,35.986,2552,2385,1.460,1.600,1.030,2,0,1.000,0,0,18,326,1,34,0
14-01 15:35:07,19.021,3.254,75.081,0.751,0,5377308,191040,172296,2256568,11453.423,5511.979,196.213,1241.346,10.011,111.121,4373,5607,1.500,1.610,1.030,1,0,0,0,0,18,326,1,31,0
14-01 15:35:08,13.034,18.297,67.425,0.501,0,5334668,233584,172296,2256664,7336.016,2853.396,0,1150.984,0,98.255,6850,6745,1.500,1.610,1.030,1,0,490.271,0,0,18,325,1,32,0
14-01 15:35:09,8.500,23.250,66.999,0,0,5335860,232360,172296,2256696,8866.859,1457.977,0,567.991,0,42.999,7196,6284,1.500,1.610,1.030,1,0,615.990,0,0,18,325,1,32,0
14-01 15:35:10,18.264,25.520,54.543,0.250,0,5369928,198260,172296,2256728,8856.023,1663.319,256.203,2998.378,2.002,191.152,7769,7239,1.500,1.610,1.030,4,0,677.537,0,0,18,325,1,32,0
14-01 15:35:11,27.511,28.011,43.768,0.250,0,5365596,202516,172296,2256772,6563.675,1620.660,768.313,308.126,6.002,31.013,7595,6929,1.500,1.610,1.030,2,0,718.293,0,0,18,325,1,31,0
14-01 15:35:12,9.500,21.750,67.249,0,0,5364216,203856,172296,2256812,10776.767,1619.965,0,115.997,0,16.000,7086,6154,1.540,1.610,1.040,1,0,590.987,0,0,18,325,1,31,0
14-01 15:35:13,9.489,21.475,68.170,0,0,5348872,219156,172296,2256856,7977.619,1618.097,15.981,251.704,0.999,8.989,6850,5922,1.540,1.610,1.040,2,0,546.358,0,0,18,325,1,31,0
14-01 15:35:14,14.501,10.751,71.754,2.000,0.250,5329744,351152,172328,2155824,11910.671,1620.091,636.036,12.001,79.004,1.000,3536,3115,1.540,1.610,1.040,1,0,108.006,0,0,18,325,1,31,0
14-01 15:35:15,21.680,3.738,71.518,1.495,0,5347076,320448,172328,2169196,7206.663,1614.771,3704.006,2483.956,262.151,9.968,2820,2620,1.540,1.610,1.040,1,0,2.990,0,0,18,325,1,27,0
14-01 15:35:16,14.752,2.250,81.261,0.750,0,5350112,316436,172328,2170172,11331.507,4420.588,20.003,1416.188,4.001,53.007,2516,2712,1.540,1.610,1.040,1,0,18.002,0,0,18,326,1,27,0
14-01 15:35:17,10.499,1.500,80.242,5.749,0,5357108,308752,172328,2170860,17392.246,7015.293,587.941,4695.526,33.997,384.961,2849,2769,1.580,1.620,1.040,0,0,1.000,0,0,18,326,1,27,0
14-01 15:35:18,5.749,1.000,91.478,0.500,0.250,5342252,323280,172328,2171188,47090.729,6308.490,231.944,619.852,23.994,26.994,1871,1867,1.580,1.620,1.040,0,0,0,0,0,18,326,1,27,0
14-01 15:35:19,10.036,1.254,86.809,1.505,0,5347300,317452,172328,2171964,21660.165,8619.708,413.473,1023.647,39.139,38.136,1998,2032,1.580,1.620,1.040,1,0,0,0,0,18,326,1,24,0
14-01 15:35:20,7.221,0.996,88.394,1.494,0,5344488,319444,172328,2172784,30479.310,6300.638,729.065,820.696,29.880,35.856,2069,2091,1.580,1.620,1.040,1,0,0,0,0,18,326,1,24,0
14-01 15:35:21,14.493,0.500,82.458,1.499,0,5344112,319316,172328,2173288,27015.326,5707.111,399.798,399.798,22.988,16.991,2041,1787,1.580,1.620,1.040,0,0,0,0,0,18,326,1,24,0
14-01 15:35:22,12.763,1.501,83.833,1.001,0,5344128,318812,172328,2173772,23720.581,10919.856,428.426,1081.075,44.044,36.036,2055,1990,1.530,1.610,1.040,0,0,0,0,0,18,326,1,24,0
14-01 15:35:23,14.499,1.500,81.745,1.000,0,5354728,306968,172328,2175008,29454.312,9529.454,827.953,899.948,45.997,29.998,2158,1884,1.530,1.610,1.040,0,0,0,0,0,18,326,1,24,0
14-01 15:35:24,14.503,2.250,76.014,5.751,0,5354860,274964,172328,2206876,12105.228,4757.876,15362.828,464.085,168.031,16.003,2268,2049,1.530,1.610,1.040,1,0,0,0,0,18,326,1,24,0
14-01 15:35:25,22.996,2.750,73.238,0.750,0,5358960,255560,172328,2222160,11408.120,1543.746,0,1671.724,0,59.990,2687,2399,1.530,1.610,1.040,2,0,1.000,0,0,18,326,1,24,0
14-01 15:35:26,23.762,2.501,71.285,0.500,0,5364432,234936,172332,2237252,22138.785,1620.790,0,2113.029,0,70.034,3059,2793,1.530,1.610,1.040,1,0,1.000,0,0,18,326,1,24,0
14-01 15:35:27,24.737,2.499,71.462,0.999,0,5377564,201764,172604,2256864,9942.756,1619.146,0,6888.367,0,367.806,3473,3140,1.490,1.600,1.040,2,0,0,0,0,18,326,1,23,0
14-01 15:35:28,23.000,3.000,72.001,1.250,0,5376376,189176,173180,2269856,8268.157,1620.031,0,3080.059,0,138.003,2847,2864,1.490,1.600,1.040,2,0,0,0,0,18,326,1,23,0
14-01 15:35:29,23.231,3.247,71.941,0.749,0,5376724,162476,173872,2295144,15487.196,1618.662,0,2226.160,0,81.932,2756,2498,1.490,1.600,1.040,1,0,0,0,0,18,326,1,23,0
14-01 15:35:30,24.276,2.753,71.827,0.501,0,5336896,215724,174072,2281356,42511.772,1795.934,0,929.000,0,33.036,2605,2174,1.490,1.600,1.040,1,0,2.002,0,0,18,325,1,23,0
14-01 15:35:31,18.828,3.515,76.568,0,0,5374392,178184,174092,2281372,11410.368,3740.528,0,831.452,0,27.113,2554,2371,1.490,1.600,1.040,1,0,34.142,0,0,18,326,1,22,0
14-01 15:35:32,23.749,3.750,71.498,0.250,0,5359584,186472,174092,2287880,46627.907,1793.958,0,2507.941,0,157.996,3081,2547,1.450,1.590,1.040,1,0,4.000,0,0,18,325,1,22,0
14-01 15:35:33,17.676,2.988,77.924,0.249,0,5352032,187528,174384,2293796,16587.684,4705.337,0,1206.956,0,27.883,2277,1913,1.450,1.590,1.040,1,0,17.925,0,0,18,325,1,22,0
14-01 15:35:34,24.000,6.000,69.000,0,0,5346680,192232,174428,2294292,9119.036,1458.006,0,732.003,0,6.000,11020,19563,1.450,1.590,1.040,1,0,13.000,0,0,18,325,1,22,0
14-01 15:35:35,22.499,7.250,67.747,0.250,0,5356592,182088,174456,2294464,8727.588,1619.924,0,4439.790,0,141.993,10808,19465,1.450,1.590,1.040,1,0,18.999,0,0,18,325,1,22,0
14-01 15:35:36,22.081,5.269,70.759,0.502,0,5331460,220208,174464,2281656,6144.492,1696.209,0,1264.629,0,50.184,3318,3270,1.450,1.590,1.040,1,0,40.147,0,0,18,325,1,21,0
14-01 15:35:37,24.760,5.002,68.779,0,0,5358020,193624,174464,2281680,8363.480,1620.674,16.007,300.125,1.000,10.004,10509,18972,1.410,1.580,1.040,1,0,19.008,0,0,18,325,1,21,0
14-01 15:35:38,19.171,2.988,76.683,0.498,0,5366704,183896,174464,2282724,14281.917,3775.382,0,653.297,0,42.823,2792,2697,1.410,1.580,1.040,1,0,32.864,0,0,18,326,1,21,0
14-01 15:35:39,23.244,3.499,72.231,0,0,5391868,153248,174464,2288208,6373.288,1793.518,0,1035.722,0,11.997,2449,2137,1.410,1.580,1.040,2,0,4.999,0,0,18,325,1,21,0
14-01 15:35:40,17.758,2.251,78.536,0.250,0,5367684,171300,174488,2294120,12696.899,4793.227,0,1036.482,0,20.009,2237,2074,1.410,1.580,1.040,2,0,18.008,0,0,18,325,1,21,0
14-01 15:35:41,24.490,6.497,67.222,0,0,5372656,165728,174488,2294608,9096.199,1565.346,0,327.863,0,6.997,13501,25046,1.410,1.580,1.040,3,0,16.993,0,0,18,325,1,21,0
14-01 15:35:42,22.516,6.755,69.550,0,0,5368692,169568,174492,2294696,6868.952,1587.144,0,540.390,0,10.007,7414,12744,1.380,1.570,1.040,2,0,15.011,0,0,18,325,1,21,0
14-01 15:35:43,22.501,4.250,72.254,0,0,5356696,194792,174504,2281692,12777.747,1694.099,0,272.016,0,12.001,2620,2159,1.380,1.570,1.040,1,0,22.001,0,0,18,325,1,21,0
14-01 15:35:44,22.743,4.749,70.729,0,0,5336248,215220,174508,2281708,11313.689,1693.504,0,695.796,0,13.996,3567,3215,1.380,1.570,1.040,1,0,93.973,0,0,18,325,1,21,0
14-01 15:35:45,23.752,3.250,71.756,0.250,0,5343416,197984,174508,2291776,10398.906,1694.148,0,988.086,0,15.001,2650,2270,1.380,1.570,1.040,1,0,3.000,0,0,18,325,1,21,0
14-01 15:35:46,15.747,2.250,80.484,0.250,0,5345064,195680,174524,2292368,17598.464,6874.619,3.999,1087.781,1.000,44.991,2497,2636,1.380,1.570,1.040,1,0,17.996,0,0,18,326,1,21,0
14-01 15:35:47,13.498,2.000,82.236,1.000,0,5353072,187428,174556,2292572,18920.666,10805.096,31.994,1259.778,1.000,66.988,2402,2639,1.350,1.560,1.040,0,0,1.000,0,0,18,326,1,21,0
14-01 15:35:48,10.251,2.250,86.012,0.750,0,5352260,187732,174556,2293072,75776.413,12122.666,64.009,12389.703,1.000,121.017,2480,2532,1.350,1.560,1.040,0,0,0,0,0,18,327,1,17,0
14-01 15:35:49,17.000,3.000,77.251,0.250,0,5375340,164288,174556,2293432,110261.000,12211.111,0,1288.012,0,53.000,3976,5164,1.350,1.560,1.040,1,0,1.000,0,0,18,327,1,17,0
14-01 15:35:50,20.249,1.500,77.494,0.750,0.250,5381096,158380,174556,2293564,15475.894,7967.430,0,983.930,0,45.997,2697,2602,1.350,1.560,1.040,1,0,0,0,0,18,327,1,20,0
14-01 15:35:51,13.994,1.249,82.965,0.500,0,5386952,152208,174636,2293796,24587.639,10096.745,0,1055.555,0,41.982,1982,1932,1.350,1.560,1.040,1,0,0,0,0,18,327,1,20,0
14-01 15:35:52,10.503,1.500,85.528,1.250,0,5385436,153040,174872,2294232,328982.394,18692.045,0,2116.685,0,92.030,2467,2403,1.240,1.530,1.030,0,1,0,0,0,18,327,1,15,0
14-01 15:35:53,8.251,1.500,86.765,1.750,0,5384312,153668,175076,2294500,84127.123,14925.506,32.005,1960.329,5.001,93.016,2137,2235,1.240,1.530,1.030,0,0,0,0,0,18,327,1,15,0
14-01 15:35:54,15.000,1.750,81.500,0.250,0,5381260,177564,175152,2274516,98010.862,11292.984,100.000,903.999,5.000,43.000,2244,2069,1.240,1.530,1.030,0,0,1.000,0,0,18,327,1,15,0
14-01 15:35:55,10.002,2.751,84.768,0.500,0,5370764,157368,175220,2305056,15802288.376,89051.072,0,6269.343,0,46.010,6324,3267,1.240,1.530,1.030,1,0,3.001,0,0,18,327,1,15,0
14-01 15:35:56,16.041,3.258,78.949,1.253,0,5388368,148896,175424,2296188,1921057.442,16951.828,164.415,13654.497,4.010,108.274,3294,3065,1.240,1.530,1.030,2,0,3.008,0,0,18,327,1,12,0
14-01 15:35:57,20.953,4.490,72.088,1.497,0,5387064,159656,178504,2282064,8008.982,1454.727,3.991,5032.678,0.998,112.746,3125,3092,1.220,1.520,1.030,1,0,0,0,0,18,327,1,12,0
14-01 15:35:58,22.831,5.519,56.951,13.548,0,5415460,150380,178644,2265536,5923.893,1625.734,0,74864.037,0,892.147,4521,6974,1.220,1.520,1.030,4,0,34.120,0,0,18,327,1,12,0
14-01 15:35:59,25.462,3.495,70.144,0.250,0,5381712,201156,178872,2245916,9465.727,1617.561,0,655.012,0,17.973,2885,6388,1.220,1.520,1.030,1,0,1.997,0,0,18,327,1,13,0
14-01 15:36:00,23.688,2.743,71.313,0.997,0,5403048,157436,179572,2266712,41645.858,1615.766,0,1787.316,0,81.786,2926,2654,1.220,1.520,1.030,1,0,0,0,0,18,327,1,10,0
14-01 15:36:01,22.006,4.251,71.020,0.750,0,5400968,140040,180368,2283892,9398.712,1620.468,0,2952.852,0,107.031,2936,2783,1.220,1.520,1.030,3,0,1.000,0,0,18,327,1,10,0
14-01 15:36:02,24.496,3.499,71.488,0.500,0,5406512,137204,181208,2279380,41814.013,1693.717,0,1375.770,0,55.991,2903,2706,1.200,1.520,1.030,1,0,1.000,0,0,18,327,1,10,0
14-01 15:36:03,24.006,2.751,72.017,0.250,0,5398748,154984,181480,2269412,6199.437,1620.376,0,2580.598,0,51.012,2633,2407,1.200,1.520,1.030,1,0,0,0,0,18,327,1,10,0
14-01 15:36:04,23.247,3.999,70.990,1.000,0,5388560,141792,182476,2289832,8643.783,1619.772,0,34075.202,0,164.977,2983,2680,1.200,1.520,1.030,1,0,0,0,0,18,327,1,6,0
14-01 15:36:05,19.252,2.250,77.007,0,0,5294352,270916,182496,2254892,14725.359,4114.380,0,744.069,0,18.002,2280,1985,1.200,1.520,1.030,2,0,2.000,0,0,18,325,1,6,0
14-01 15:36:06,18.000,3.750,76.749,0.250,0,5352904,212336,182512,2254900,12909.748,3724.927,0,579.989,0,23.000,2562,2427,1.200,1.520,1.030,0,0,33.999,0,0,18,326,1,6,0
14-01 15:36:07,23.491,3.249,72.222,0,0,5353208,204624,182980,2261420,8184.834,1859.281,0,1579.389,0,18.993,2536,2314,1.190,1.510,1.030,4,0,2.999,0,0,18,325,1,6,0
14-01 15:36:08,18.237,3.248,76.694,0.500,0,5358952,190148,183540,2268536,15477.752,4613.647,0,1438.954,0,49.964,2479,2344,1.190,1.510,1.030,0,1,16.988,0,0,18,326,1,4,0
14-01 15:36:09,23.787,5.509,69.359,0.250,0,5372036,177872,183576,2267660,7744.118,1796.812,0,464.727,0,12.019,10148,18555,1.190,1.510,1.030,2,0,13.020,0,0,18,325,1,4,0
14-01 15:36:10,31.732,8.495,56.717,0,0,5405404,144128,183616,2267932,6183.454,1661.047,255.853,2458.590,1.999,24.986,10826,18958,1.190,1.510,1.030,3,0,17.990,0,0,18,325,1,4,0
14-01 15:36:11,39.390,12.043,48.422,0,0,5399432,149956,183652,2268008,6400.738,1625.775,770.738,373.326,6.021,8.029,3690,2331,1.190,1.510,1.030,2,0,20.071,0,0,18,325,1,4,0
14-01 15:36:12,24.435,4.488,68.816,0.748,0,5333068,229788,183656,2255748,12237.232,1615.674,498.665,1691.471,14.960,45.877,3286,2981,1.170,1.500,1.030,2,0,5.984,0,0,18,325,1,4,0
14-01 15:36:13,21.248,4.000,71.244,2.000,0,5347924,210412,183656,2260264,8688.306,1457.884,2247.821,2043.837,319.974,32.997,3913,4203,1.170,1.500,1.030,1,0,2.000,0,0,18,326,1,4,0
14-01 15:36:14,26.234,5.247,65.459,2.249,0,5294488,262652,183656,2261460,8819.475,1618.986,1039.349,7651.207,55.965,597.626,9385,13492,1.170,1.500,1.030,1,0,0.999,0,0,18,327,1,10,0
14-01 15:36:15,10.752,17.504,69.014,0.750,0,5294212,261836,183656,2262552,7697.573,1620.331,864.177,1260.257,8.002,78.016,6519,5784,1.170,1.500,1.030,1,0,430.088,0,0,18,327,1,11,0
14-01 15:36:16,13.493,5.497,69.963,9.745,0.250,5295444,221148,183656,2302016,9433.955,1619.134,39458.899,939.498,2931.432,44.976,8940,8737,1.170,1.500,1.030,2,0,20.989,0,0,18,327,1,12,0
14-01 15:36:17,5.997,2.249,86.709,3.748,0,5298456,217116,184060,2302632,11805.361,3307.420,987.528,1215.419,246.882,24.988,2280,2923,1.160,1.490,1.030,0,0,6.997,0,0,18,328,1,12,0
14-01 15:36:18,3.000,1.000,94.748,0.500,0,5298520,216864,184060,2302820,43376.191,4618.914,183.997,47.999,5.000,6.000,1385,1798,1.160,1.490,1.030,0,0,0,0,0,18,328,1,12,0
14-01 15:36:19,4.753,3.252,89.565,0.751,0,5255164,259932,184068,2303036,51840.681,130222.655,268.195,12657.200,9.007,94.068,2206,2227,1.160,1.490,1.030,0,0,12.009,0,0,18,327,1,12,0
14-01 15:36:20,2.249,0.750,95.479,0.250,0,5254832,260260,184068,2303040,8494.095,1619.637,0,179.960,0,21.995,1540,2029,1.160,1.490,1.030,0,0,0,0,0,18,327,1,12,0
14-01 15:36:21,2.004,0.751,96.675,0.250,0,5246872,268220,184068,2303040,8629.650,1460.649,0,52.094,0,6.011,1145,1593,1.160,1.490,1.030,0,0,0,0,0,18,327,1,12,0
14-01 15:36:22,1.498,0.250,96.594,0,0,5244140,270952,184068,2303040,8726.864,1617.380,0,0,0,0,1197,1669,1.070,1.470,1.020,0,0,0,0,0,18,327,1,12,0
14-01 15:36:23,2.750,0.750,95.245,0,0,5242240,272848,184068,2303044,10217.465,1619.915,0,251.987,0,22.999,1521,2098,1.070,1.470,1.020,0,0,0,0,0,18,327,1,12,0
14-01 15:36:24,1.750,1.000,94.754,0.500,0,5233124,281940,184068,2303068,10752.479,1620.072,16.001,396.018,1.000,37.002,1722,2331,1.070,1.470,1.020,0,0,0,0,0,18,327,1,12,0
14-01 15:36:25,2.248,0.749,96.429,0,0,5231924,283132,184068,2303076,9112.314,1618.812,0,319.765,0,20.985,1369,1854,1.070,1.470,1.020,0,0,0,0,0,18,327,1,12,0
14-01 15:36:26,1.751,1.001,96.059,0,0,5231568,283488,184068,2303076,6395.959,1621.003,0,100.062,0,16.010,1426,2020,1.070,1.470,1.020,0,0,1.001,0,0,18,327,1,12,0
14-01 15:36:27,2.250,0.750,95.515,0,0,5231792,283264,184068,2303076,8548.308,1620.248,0,68.010,0,10.002,1325,1761,0.980,1.440,1.020,0,0,0,0,0,18,327,1,12,0
14-01 15:36:28,2.000,0.750,96.252,0,0,5231792,283264,184068,2303076,8967.208,1512.035,0,184.004,0,12.000,1269,1693,0.980,1.440,1.020,1,0,0,0,0,18,327,1,12,0
14-01 15:36:29,1.249,1.999,93.462,1.499,0,5226532,288540,184068,2303076,5750.669,1565.365,0,47776.630,0,779.684,2628,2012,0.980,1.440,1.020,0,0,0,0,0,18,327,1,12,0
14-01 15:36:30,1.499,0.749,96.181,0,0,5226528,288540,184068,2303076,41608.226,1618.842,0,135.903,0,0.999,1411,1840,0.980,1.440,1.020,0,0,0,0,0,18,327,1,12,0
14-01 15:36:31,2.252,1.001,95.834,0.500,0,5226960,288288,184068,2303076,10144.922,1621.426,0,1389.222,0,26.023,1526,2178,0.980,1.440,1.020,0,0,1.001,0,0,18,327,1,12,0
14-01 15:36:32,1.750,0.500,95.731,0,0,5226956,288288,184068,2303080,43702.196,1619.674,0,83.983,0,11.998,1588,2136,0.900,1.420,1.010,0,0,1.000,0,0,18,327,1,12,0
14-01 15:36:33,1.752,0.751,96.333,0,0,5226956,288288,184068,2303080,9055.783,1621.394,0,4.003,0,1.001,1211,1651,0.900,1.420,1.010,0,0,0,0,0,18,327,1,12,0
14-01 15:36:34,2.005,1.755,94.756,1.253,0,5218364,296880,184068,2303080,5681.323,1624.381,0,22039.442,0,135.365,1715,2144,0.900,1.420,1.010,2,0,0,0,0,18,327,1,12,0
14-01 15:36:35,1.993,2.989,92.921,0.249,0,5217772,297440,184068,2303112,8877.579,1614.286,0,107248.403,0,790.203,3961,3820,0.900,1.420,1.010,0,0,0,0,0,18,327,1,12,0
14-01 15:36:36,2.751,1.500,94.775,0,0,5218488,296688,184068,2303148,6026.610,1620.433,0,152.041,0,21.006,1543,2112,0.900,1.420,1.010,0,0,1.000,0,0,18,327,1,12,0
14-01 15:36:37,1.999,0.250,96.445,0,0,5218488,296688,184068,2303148,9030.879,1457.174,0,0,0,0,1240,1675,0.830,1.390,1.010,0,0,0,0,0,18,327,1,12,0
14-01 15:36:38,1.751,0.500,96.784,0,0,5218488,296688,184068,2303148,7959.762,1620.562,0,176.061,0,11.004,1255,1746,0.830,1.390,1.010,0,0,0,0,0,18,327,1,12,0
14-01 15:36:39,2.000,0.750,96.272,0.250,0,5218736,296436,184068,2303152,9117.099,1620.373,0,36.008,0,5.001,1290,1726,0.830,1.390,1.010,0,0,2.000,0,0,18,327,1,12,0
14-01 15:36:40,1.750,0.750,96.752,0,0,5218736,296436,184068,2303152,7984.139,1620.028,0,0,0,0,1233,1672,0.830,1.390,1.010,0,0,0,0,0,18,327,1,12,0
14-01 15:36:41,1.254,0.502,96.817,0,0,5218736,296436,184068,2303152,5750.845,1625.326,0,64.210,0,9.030,1215,1704,0.830,1.390,1.010,0,0,0,0,0,18,327,1,12,0
14-01 15:36:42,1.744,0.747,95.926,0,0,5218736,296436,184068,2303152,6168.162,1688.296,0,99.663,0,6.976,1303,1811,0.760,1.370,1,0,0,0,0,0,18,327,1,12,0
14-01 15:36:43,2.000,0.250,96.259,0,0,5218732,296436,184068,2303156,9196.873,1694.161,0,0,0,0,1167,1595,0.760,1.370,1,0,0,0,0,0,18,327,1,12,0
14-01 15:36:44,1.500,0.750,96.505,0,0,5218728,296436,184068,2303160,6598.333,1736.087,0,104.005,0,12.001,1371,1996,0.760,1.370,1,0,0,0,0,0,18,327,1,12,0
14-01 15:36:45,1.750,3.249,93.232,0.250,0,5225532,289624,184068,2303168,8574.385,1531.712,0,3363.367,0,39.992,1618,2035,0.760,1.370,1,1,0,0,0,0,18,327,1,12,0
14-01 15:36:46,2.250,1.000,94.989,0.250,0,5225532,289624,184068,2303168,8489.985,1693.797,0,219.974,0,32.996,1904,2588,0.760,1.370,1,0,0,2.000,0,0,18,327,1,12,0
14-01 15:36:47,2.250,1.000,95.746,0,0,5225528,289624,184068,2303172,8988.619,1693.928,0,195.992,0,19.999,1495,2071,0.700,1.350,1,0,0,1.000,0,0,18,327,1,12,0
14-01 15:36:48,2.251,0.750,96.285,0,0,5225524,289624,184068,2303176,9315.382,1662.604,0,36.013,0,4.001,1324,1869,0.700,1.350,1,0,0,0,0,0,18,327,1,12,0
14-01 15:36:49,1.749,0.750,96.196,0.500,0,5225524,289624,184068,2303176,5258.055,1087.391,0,283.841,0,16.990,1169,1669,0.700,1.350,1,0,0,0,0,0,18,327,1,12,0
14-01 15:36:50,14.264,3.754,80.831,0.250,0.250,5234268,280860,184092,2303172,423808.561,13075.160,0,564.568,0,10.010,3253,2826,0.700,1.350,1,1,0,25.025,0,0,18,327,1,12,0
14-01 15:36:51,17.794,6.516,73.681,0.501,0,5272032,242428,184100,2303832,303586.520,13080.121,124.305,8.020,6.015,2.005,4677,5687,0.700,1.350,1,1,0,34.084,0,0,18,327,1,12,0
