"pcp-dstat 6.2.0 CSV Output"
"Author:","PCP team <pcp@groups.io> and Dag Wieers <dag@wieers.com>",,,,"URL:","https://pcp.io/ and http://dag.wieers.com/home-made/dstat/"
"Host:","ubuntu",,,,"User:","ubuntu"
"Cmdline:","dstat -tcmndrylpg --tcp --output /tmp/devstack_logs/dstat-csv.log",,,,"Date:","14 Jan 2026 14:57:05 UTC"
"system","total usage",,,,,"memory usage",,,,"net/total",,"dsk/total",,"io/total",,"system",,"load avg",,,"procs",,,"paging",,"tcp sockets",,,,
"time","total usage:usr","total usage:sys","total usage:idl","total usage:wai","total usage:stl","used","free","buf","cach","net/total:recv","net/total:send","dsk/total:read","dsk/total:writ","read","writ","int","csw","1m","5m","15m","run","blk","new","in","out","lis","act","syn","tim","clo"
14-01 14:57:05,,1022724,1686112,161444,4951316,,,,,,,1.340,0.970,0.530,4,0,,,,10,5,1,17,1
14-01 14:57:06,21.496,20.496,56.490,0.250,0,1024184,1684096,161544,4951696,21813.128,10980.051,0,1627.711,0,52.991,6267,4941,1.390,0.990,0.530,3,0,471.916,0,0,10,4,1,17,2
14-01 14:57:07,31.169,19.699,47.876,0.499,0,1041264,1642208,161968,4974452,193620.659,9937.167,0,2485.539,0,69.818,7334,7964,1.390,0.990,0.530,1,1,305.207,0,0,10,4,1,17,2
14-01 14:57:08,34.254,9.751,54.506,0.750,0,1164444,1502484,162868,5112080,7675.851,1662.184,0,1792.199,0,47.005,5169,5558,1.390,0.990,0.530,2,0,77.009,0,0,11,4,1,17,2
14-01 14:57:09,29.506,7.252,62.013,0,0.250,1186056,1463800,163228,5126888,6782.439,1620.344,16.003,776.165,1.000,23.005,3209,2248,1.390,0.990,0.530,2,0,86.018,0,0,11,6,1,17,2
14-01 14:57:10,38.561,12.520,47.826,1.002,0,1192400,1432176,164008,5149156,8000.753,1622.586,0,6274.000,0,130.208,4846,3373,1.390,0.990,0.530,2,0,178.284,0,0,11,6,1,19,2
14-01 14:57:11,42.916,6.487,48.655,1.497,0,1242296,1351748,165164,5175348,10016.348,1455.145,31.937,4187.784,1.996,115.773,3716,2413,1.440,1,0.540,2,0,21.957,0,0,11,6,1,19,2
14-01 14:57:12,44.749,4.750,49.749,0.750,0,1271500,1307576,166080,5187176,9858.778,2695.939,0,3343.925,0,80.998,3307,2029,1.440,1,0.540,1,0,0,0,0,11,7,1,19,2
14-01 14:57:13,29.807,6.262,48.843,12.023,0,1262544,1324208,167332,5178388,15425.369,3272.230,0,41867.714,0,3590.837,20256,28837,1.440,1,0.540,3,0,58.111,0,0,11,6,1,19,0
14-01 14:57:14,36.318,9.453,48.258,4.229,0,1232128,1353404,167680,5179204,11758.129,3706.442,0,30069.447,0,2090.533,11660,15661,1.440,1,0.540,1,0,134.327,0,0,11,5,1,19,0
14-01 14:57:15,44.636,5.768,48.899,0.502,0,1295652,1282316,167792,5185652,10937.322,1865.684,0,2266.906,0,47.144,3026,1592,1.440,1,0.540,3,0,3.009,0,0,11,4,1,19,0
14-01 14:57:16,39.858,4.011,54.899,0.501,0,1281224,1291572,168040,5190024,14502.336,4629.557,0,7965.606,0,426.156,3686,3315,1.570,1.040,0.560,2,0,27.073,0,0,11,5,1,19,0
14-01 14:57:17,43.489,8.748,45.238,0.250,0,1272624,1296744,168392,5192144,7066.182,1887.514,0,1747.550,0,30.992,11152,18824,1.570,1.040,0.560,2,0,13.996,0,0,11,4,1,19,0
14-01 14:57:18,42.855,9.468,45.845,0,0,1262220,1306824,168468,5192324,6168.194,1614.554,0,91.691,0,1.993,11745,19604,1.570,1.040,0.560,2,0,83.718,0,0,11,4,1,19,0
14-01 14:57:19,29.610,24.591,45.167,0,0,1121148,1462700,168484,5179372,9435.938,1463.419,0,3717.766,0,190.706,7067,5469,1.570,1.040,0.560,3,0,536.988,0,0,11,4,1,19,0
14-01 14:57:20,34.407,17.204,47.123,0,0,1135236,1448432,168484,5179524,6329.960,1615.651,0,127.656,0,6.981,6216,6981,1.570,1.040,0.560,1,0,321.136,0,0,11,4,1,19,0
14-01 14:57:21,43.750,11.000,44.750,0,0,1231184,1352464,168484,5180008,14183.122,1620.014,0,0,0,0,3943,2440,1.600,1.050,0.560,3,0,131.001,0,0,11,5,1,19,0
14-01 14:57:22,47.750,2.750,48.750,0,0,1281124,1302068,168484,5180452,7778.027,1620.006,0,304.001,0,19.000,2733,1063,1.600,1.050,0.560,3,0,0,0,0,11,5,1,19,0
14-01 14:57:23,44.841,8.267,46.845,0,0,1308700,1272024,168564,5182832,13735.910,1623.298,0,1162.362,0,97.197,3460,3263,1.600,1.050,0.560,4,0,1.002,0,0,11,5,1,19,0
14-01 14:57:24,15.969,8.983,73.608,0.499,0,1350068,1230548,168576,5182864,6916.613,1616.871,0,2048.036,0,48.905,3291,2967,1.600,1.050,0.560,2,0,139.730,0,0,11,4,1,19,0
14-01 14:57:25,22.997,3.750,72.241,0,0,1385400,1195216,168576,5182868,6870.140,1693.788,0,23509.057,0,82.990,2011,1329,1.600,1.050,0.560,2,0,0,0,0,11,4,1,19,0
14-01 14:57:26,23.307,2.506,72.928,1.253,0,1404316,1176044,168608,5183104,8785.434,1698.143,0,2145.234,0,209.511,3366,3853,1.470,1.040,0.560,1,1,1.002,0,0,11,10,1,19,0
14-01 14:57:27,19.945,5.235,72.050,0.748,0,1339460,1240816,168644,5183148,5702.196,1527.766,11.967,2784.283,2.992,192.467,3028,2897,1.470,1.040,0.560,0,1,41.884,0,0,11,4,1,15,0
14-01 14:57:28,18.758,2.001,78.035,0.750,0,1371268,1208416,168908,5183404,8365.720,4084.817,360.160,840.374,17.008,31.014,1788,1363,1.470,1.040,0.560,1,0,0,0,0,11,9,1,15,0
14-01 14:57:29,16.244,2.499,73.973,6.248,0,1369448,1209844,168952,5183632,42102.546,4194.460,267.902,2063.243,65.976,97.964,2608,2624,1.470,1.040,0.560,1,0,1.000,0,0,11,25,1,15,0
14-01 14:57:30,19.503,6.001,73.761,0,0,1381364,1197776,168952,5183776,14896.166,4941.719,0,22227.232,0,89.013,2724,1964,1.470,1.040,0.560,1,0,45.007,0,0,11,28,1,16,0
14-01 14:57:31,18.496,2.250,78.484,0,0,1424724,1154420,168956,5183780,48305.922,5769.796,0,1351.718,0,40.991,1929,1383,1.430,1.030,0.560,1,0,0,0,0,11,29,1,16,0
14-01 14:57:32,20.009,10.755,67.279,0,0,1430252,1148868,168956,5183804,12506.390,4538.956,0,12.005,0,3.001,3484,2719,1.430,1.030,0.560,2,0,156.067,0,0,11,28,1,17,0
14-01 14:57:33,38.987,4.998,55.482,0,0,1539424,1039692,168956,5183808,10327.577,5943.030,0,2259.251,0,11.996,2736,1443,1.430,1.030,0.560,1,0,1.000,0,0,11,30,1,17,0
14-01 14:57:34,33.827,3.759,60.889,0.251,0,1534976,1043920,168964,5184020,24040.874,15462.293,0,2878.570,0,129.295,6067,7883,1.430,1.030,0.560,2,0,0,0,0,11,29,1,18,0
14-01 14:57:35,60.029,28.264,11.005,0,0,1471628,1107252,168972,5184044,9489.600,1923.933,0,10184.937,0,494.240,7140,16092,1.430,1.030,0.560,6,0,614.298,0,0,11,28,1,19,0
14-01 14:57:36,87.257,12.251,0.250,0,0,1692040,886768,168972,5184068,13600.143,7898.664,0,0,0,0,5191,2814,1.720,1.100,0.590,5,0,0,0,0,11,30,1,17,0
14-01 14:57:37,79.233,9.998,10.498,0,0,1752460,826300,168988,5184304,45838.973,35710.189,0,383.916,0,30.993,8728,11799,1.720,1.100,0.590,5,0,0,0,0,11,31,1,18,2
14-01 14:57:38,42.935,12.231,43.434,0.250,0,1562300,1016408,169004,5184340,14700.615,6806.636,0,511.222,0,53.918,5842,6540,1.720,1.100,0.590,2,0,297.547,0,0,11,28,1,23,0
14-01 14:57:39,21.240,4.248,73.464,0,0,1544948,1033752,169008,5184344,9698.252,1619.207,0,151.926,0,9.995,2082,1437,1.720,1.100,0.590,1,0,11.994,0,0,11,28,1,23,0
14-01 14:57:40,15.234,3.496,80.664,0.250,0,1508752,1069924,169012,5184356,14592.428,8500.928,0,54150.215,0,201.785,3329,3425,1.720,1.100,0.590,1,0,0,0,0,11,28,1,23,0
14-01 14:57:41,19.511,6.504,72.542,0,0,1469960,1108708,169016,5184360,6147.571,1620.942,0,800.465,0,15.009,2729,2047,1.740,1.120,0.590,1,0,68.040,0,0,11,28,1,23,0
14-01 14:57:42,17.748,2.750,79.489,0,0,1478332,1100328,169016,5184368,14151.114,6743.102,0,279.963,0,6.999,2339,2283,1.740,1.120,0.590,0,0,0,0,0,11,29,1,23,0
14-01 14:57:43,11.025,13.782,73.419,0,0,1435648,1142992,169016,5184388,11413.307,3478.017,0,332.767,0,29.067,4876,4320,1.740,1.120,0.590,2,0,320.739,0,0,11,28,1,24,0
14-01 14:57:44,37.918,30.684,30.933,0,0,1449416,1129212,169016,5184400,8928.779,1454.868,0,279.399,0,21.953,6331,5341,1.740,1.120,0.590,5,0,717.456,0,0,11,28,1,24,0
14-01 14:57:45,84.096,12.264,3.754,0,0,1654680,923896,169024,5184432,14029.076,8521.765,0,40005.842,0,155.178,5455,3089,1.740,1.120,0.590,3,0,0,0,0,11,31,1,24,0
14-01 14:57:46,72.036,7.754,19.009,0.250,0,1678892,899284,169048,5184804,48837.404,39126.551,0,1596.798,0,39.019,8610,13309,1.840,1.150,0.610,3,0,0,0,0,11,31,1,24,0
14-01 14:57:47,76.317,21.269,3.003,0.250,0,1538384,1039740,169060,5184828,14736.917,6781.945,0,472.414,0,53.046,6635,7154,1.840,1.150,0.610,6,0,314.275,0,0,11,28,1,25,0
14-01 14:57:48,85.196,11.493,2.498,0,0,1696496,881584,169064,5184840,17040.218,11756.561,0,171.891,0,8.994,5017,2693,1.840,1.150,0.610,3,0,1.999,0,0,11,32,1,25,0
14-01 14:57:49,79.709,8.745,11.244,0.250,0,1750912,826928,169080,5185064,43225.732,35606.657,0,1115.425,0,40.979,8167,11947,1.840,1.150,0.610,4,0,0,0,0,11,33,1,26,0
14-01 14:57:50,55.476,15.493,27.738,0,0,1539196,1038440,169084,5185264,30262.037,20386.267,0,2590.890,0,121.948,8177,10691,1.840,1.150,0.610,3,0,297.872,0,0,11,28,1,30,0
14-01 14:57:51,37.954,4.744,57.431,0,0,1557584,1020044,169084,5185272,10647.133,5797.993,0,295.643,0,7.990,2446,1176,1.700,1.130,0.600,1,0,0,0,0,11,30,1,30,0
14-01 14:57:52,31.586,7.019,60.164,0,0,1546032,1031420,169084,5185448,22778.115,14508.564,0,288.788,0,26.071,5389,6702,1.700,1.130,0.600,5,0,101.276,0,0,11,29,1,30,0
14-01 14:57:53,61.499,18.000,19.250,0,0,1543420,1034008,169084,5185472,9141.821,2807.945,0,183.996,0,14.000,4510,2996,1.700,1.130,0.600,3,0,277.995,0,0,11,28,1,31,0
14-01 14:57:54,46.228,4.998,48.727,0,0,1582344,995044,169088,5185508,27800.057,21142.156,0,107.950,0,5.997,5145,5770,1.700,1.130,0.600,1,0,0,0,0,11,31,1,31,0
14-01 14:57:55,60.282,19.010,20.011,0,0,1491784,1085528,169116,5185556,19665.516,10406.565,0,468.250,0,48.026,7033,7621,1.700,1.130,0.600,4,0,258.138,0,0,11,28,1,32,0
14-01 14:57:56,69.493,6.749,23.248,0.250,0,1616116,961164,169116,5185588,22461.755,17146.286,0,227.977,0,19.998,4759,3463,1.640,1.130,0.610,4,0,0,0,0,11,32,1,28,0
14-01 14:57:57,67.256,9.001,23.502,0,0,1595068,982120,169116,5185680,31859.694,26493.240,0,1248.106,0,88.007,8625,12661,1.640,1.130,0.610,5,0,132.011,0,0,11,28,1,31,0
14-01 14:57:58,62.717,15.242,20.989,0,0,1517712,1059460,169116,5185696,8897.371,1619.158,0,7.996,0,1.999,4057,2298,1.640,1.130,0.610,3,0,191.900,0,0,11,28,1,31,0
14-01 14:57:59,45.480,4.498,49.978,0,0,1545796,1031272,169116,5185800,42466.462,22781.055,0,3.998,0,1.000,5366,6242,1.640,1.130,0.610,5,0,0,0,0,11,31,1,31,0
14-01 14:58:00,57.181,18.228,23.721,0.250,0,1474932,1101960,169128,5185964,40142.666,9691.331,0,431.480,0,37.954,6811,7329,1.640,1.130,0.610,3,0,298.640,0,0,11,28,1,31,0
14-01 14:58:01,51.761,5.751,42.009,0,0,1583920,992816,169132,5186116,55674.734,13345.813,0,672.142,0,13.003,3850,2565,1.750,1.160,0.620,3,0,0,0,0,11,31,1,31,0
14-01 14:58:02,48.843,14.277,35.568,0,0,1473080,1103340,169140,5186424,27680.679,17839.951,0,697.327,0,50.095,7123,9300,1.750,1.160,0.620,3,0,287.547,0,0,11,28,1,34,0
14-01 14:58:03,62.852,9.727,26.937,0,0,1584196,992204,169140,5186444,10206.006,3581.580,0,0,0,0,3771,1509,1.750,1.160,0.620,3,0,0.998,0,0,11,29,1,34,0
14-01 14:58:04,41.785,5.004,52.043,0.250,0,1600968,975228,169152,5186636,30425.393,24211.207,0,336.281,0,41.034,5554,7870,1.750,1.160,0.620,1,0,0,0,0,11,30,1,33,0
14-01 14:58:05,61.822,14.016,24.278,0.250,0,1552296,1023884,169196,5186608,8217.558,2691.130,0,2899.372,0,167.194,5334,3870,1.750,1.160,0.620,3,0,112.130,0,0,11,28,1,35,0
14-01 14:58:06,50.237,4.999,43.988,0,0,1588988,987124,169196,5186676,24664.380,17068.419,0,19.995,0,1.000,4736,4330,1.770,1.170,0.630,3,0,0,0,0,11,31,1,35,0
14-01 14:58:07,51.783,21.264,26.017,0,0,1476944,1099108,169220,5186712,19408.499,11801.600,0,464.299,0,47.030,7334,8622,1.770,1.170,0.630,6,0,444.286,0,0,11,28,1,37,0
14-01 14:58:08,81.200,18.738,0,0,0,1623628,952324,169224,5186776,9619.046,1618.998,0,211.869,0,15.990,5598,4615,1.770,1.170,0.630,9,0,392.757,0,0,11,28,1,37,0
14-01 14:58:09,80.944,17.434,0.996,0,0.249,1756688,819012,169224,5186984,30370.200,21265.615,0,1091.873,0,31.879,6653,7010,1.770,1.170,0.630,7,0,405.467,0,0,11,32,2,37,0
14-01 14:58:10,70.315,22.099,7.534,0,0,1728740,846828,169224,5187116,48734.479,41181.619,0,3025.564,0,140.630,8658,10653,1.770,1.170,0.630,3,0,552.477,0,0,11,30,1,38,0
14-01 14:58:11,84.497,13.250,2.000,0,0,1601920,973444,169236,5187308,11764.599,6115.791,0,2427.917,0,100.997,5644,3701,2.030,1.230,0.650,5,0,59.998,0,0,11,28,1,38,0
14-01 14:58:12,72.216,7.496,19.991,0,0,1683092,892248,169236,5187364,34663.592,29628.975,0,0,0,0,6051,7144,2.030,1.230,0.650,4,0,0,0,0,11,33,1,38,0
14-01 14:58:13,63.598,15.962,19.703,0,0,1549172,1025936,169236,5187596,39154.293,30140.865,0,11.971,0,2.993,8459,13472,2.030,1.230,0.650,2,0,399.045,0,0,11,28,1,41,0
14-01 14:58:14,20.306,31.839,47.382,0,0,1472356,1102732,169236,5187616,8744.321,1624.518,0,96.268,0,14.039,6862,5983,2.030,1.230,0.650,5,0,834.321,0,0,11,28,1,41,0
14-01 14:58:15,73.201,20.736,5.996,0,0,1564964,1010088,169236,5187652,9230.865,4214.199,0,11.992,0,2.998,4970,3529,2.030,1.230,0.650,3,0,370.754,0,0,11,29,2,41,0
14-01 14:58:16,61.397,6.240,30.948,0,0,1597712,977160,169252,5187816,32143.040,24288.226,0,447.249,0,31.946,6400,7833,2.030,1.250,0.660,4,0,0,0,0,11,31,1,42,0
14-01 14:58:17,69.481,20.494,10.497,0.250,0,1530764,1044028,169260,5187888,15350.824,9329.462,0,631.828,0,64.982,6802,7290,2.030,1.250,0.660,4,0,267.927,0,0,11,28,1,45,0
14-01 14:58:18,69.564,7.757,21.520,0,0,1611460,963300,169260,5187920,25174.166,16931.581,0,184.169,0,8.007,4694,3484,2.030,1.250,0.660,2,0,0,0,0,11,32,1,45,0
14-01 14:58:19,53.558,6.006,39.292,0,0,1619280,955236,169260,5188164,43430.910,35487.330,0,144.156,0,8.009,10042,16578,2.030,1.250,0.660,2,0,0,0,0,11,32,1,45,0
14-01 14:58:20,63.539,11.757,23.765,0.500,0,1533952,1040332,169268,5188388,33097.301,25745.792,0,568.349,0,67.041,10143,14965,2.030,1.250,0.660,4,0,90.055,0,0,11,28,1,45,0
14-01 14:58:21,77.905,10.987,10.737,0,0,1601456,972812,169276,5188396,15290.408,8183.050,0,175.786,0,11.985,4764,2468,2.100,1.280,0.670,2,0,29.964,0,0,11,31,1,45,0
14-01 14:58:22,59.814,6.006,33.035,0,0,1622900,951140,169284,5188616,39056.761,33360.670,0,152.163,0,8.009,8711,13390,2.100,1.280,0.670,3,0,0,0,0,11,32,1,45,0
14-01 14:58:23,55.756,6.751,37.004,0,0,1590868,982920,169288,5188864,44605.938,36886.084,0,144.016,0,11.001,11730,18066,2.100,1.280,0.670,3,0,72.008,0,0,11,29,1,48,0
14-01 14:58:24,77.753,18.501,3.500,0,0,1549228,1024524,169292,5188896,13655.594,4527.197,0,152.007,0,9.000,5506,3806,2.100,1.280,0.670,4,0,189.008,0,0,11,28,1,49,0
14-01 14:58:25,62.402,7.239,29.204,0,0,1606520,967056,169292,5189072,33884.577,24306.678,0,922.545,0,10.983,5880,6563,2.100,1.280,0.670,4,0,0,0,0,11,32,1,49,0
14-01 14:58:26,62.562,11.261,24.775,0,0.250,1606636,966836,169296,5189172,75491.262,28661.575,0,3107.098,0,126.126,10901,14673,2.100,1.290,0.680,5,0,68.068,0,0,11,30,1,51,0
14-01 14:58:27,76.261,13.252,10.752,0,0,1581768,991544,169308,5189320,16224.317,10140.448,0,316.045,0,31.004,5176,4458,2.100,1.290,0.680,3,0,60.009,0,0,11,30,1,51,0
14-01 14:58:28,66.865,11.726,20.958,0,0,1582252,991012,169332,5189344,81681.434,16078.606,0,379.236,0,39.920,5966,5521,2.100,1.290,0.680,4,0,119.759,0,0,11,30,1,53,0
14-01 14:58:29,65.770,8.753,24.257,0,0,1653000,920040,169340,5189556,68631.820,21768.604,0,232.070,0,22.007,7457,9595,2.100,1.290,0.680,3,0,1.000,0,0,11,33,1,51,0
14-01 14:58:30,62.386,10.773,26.558,0,0,1625800,947144,169340,5189612,42500.455,30102.485,0,364.794,0,44.096,7570,11945,2.100,1.290,0.680,4,0,116.253,0,0,11,33,1,54,0
14-01 14:58:31,77.221,14.994,7.247,0,0,1573960,998968,169340,5189628,56684.973,6700.514,0,135.950,0,8.997,5159,3370,2.170,1.320,0.690,4,0,113.958,0,0,11,33,1,55,0
14-01 14:58:32,68.267,7.752,23.006,0,0,1595296,977464,169344,5189792,31848.768,21553.257,0,124.030,0,8.002,5288,5971,2.170,1.320,0.690,5,0,34.008,0,0,11,35,1,56,0
14-01 14:58:33,70.003,12.501,18.001,0.250,0,1557436,1015244,169352,5189864,25098.178,17454.820,0,352.017,0,38.002,5876,9074,2.170,1.320,0.690,4,0,107.005,0,0,11,32,1,57,0
14-01 14:58:34,53.750,9.000,36.250,0.250,0,1571884,1000756,169364,5189892,35731.947,12205.982,0,276.000,0,23.000,4184,3477,2.170,1.320,0.690,3,0,66.000,0,0,11,33,1,58,0
14-01 14:58:35,51.956,14.238,32.972,0,0,1542252,1030160,169368,5190032,17466.182,9832.658,0,759.356,0,26.977,5419,16971,2.170,1.320,0.690,3,0,155.868,0,0,11,33,1,60,0
14-01 14:58:36,52.538,11.508,35.526,0,0,1526620,1045820,169368,5190080,17607.663,13603.783,0,216.155,0,14.010,4697,4177,2.150,1.330,0.700,2,0,96.069,0,0,11,34,1,61,0
14-01 14:58:37,53.759,7.251,38.757,0,0,1561380,1010868,169368,5190272,37295.529,18982.323,0,392.069,0,13.002,5751,7446,2.150,1.330,0.700,3,0,43.008,0,0,11,33,1,61,0
14-01 14:58:38,57.999,11.000,29.250,0.500,0,1495432,1076608,169384,5190460,14066.825,5771.928,0,2743.966,0,158.998,5056,4604,2.150,1.330,0.700,3,0,101.999,0,0,11,32,1,62,0
14-01 14:58:39,30.091,4.725,64.658,0,0,1495392,1076608,169388,5190496,25306.104,17151.252,0,202.926,0,10.942,3946,4591,2.150,1.330,0.700,2,0,28.847,0,0,11,34,1,62,0
14-01 14:58:40,31.091,9.779,57.919,0.251,0,1450816,1121140,169404,5190524,23462.645,9165.816,0,336.986,0,35.103,5763,6457,2.150,1.330,0.700,2,0,136.399,0,0,11,32,1,64,0
14-01 14:58:41,39.229,5.747,54.222,0,0,1497164,1074780,169408,5190532,17477.864,7017.332,0,175.908,0,11.994,2957,1824,2.140,1.340,0.710,1,0,0,0,0,11,34,1,57,0
14-01 14:58:42,33.588,5.514,59.656,0,0,1498308,1073436,169416,5190728,22735.461,13667.746,0,778.035,0,73.191,4836,5824,2.140,1.340,0.710,1,0,34.089,0,0,11,33,1,58,0
14-01 14:58:43,39.645,8.976,50.616,0.249,0,1482860,1088864,169416,5190748,10396.498,3616.433,0,119.683,0,10.971,3733,2466,2.140,1.340,0.710,2,0,104.723,0,0,11,33,1,59,0
14-01 14:58:44,32.252,6.500,59.753,0,0,1485676,1086028,169424,5190760,17588.920,11058.578,0,196.010,0,21.001,3671,3253,2.140,1.340,0.710,2,0,60.003,0,0,11,33,1,60,0
14-01 14:58:45,37.592,6.516,56.137,0.251,0,1508872,1062796,169436,5190784,17443.500,7191.522,0,236.576,0,22.054,3811,3929,2.140,1.340,0.710,2,0,5.012,0,0,11,32,1,60,0
14-01 14:58:46,34.475,3.997,59.957,0,0,1509596,1062048,169436,5190808,19213.289,12932.771,0,111.920,0,7.994,3240,3382,1.970,1.320,0.700,2,0,0,0,0,11,34,1,60,0
14-01 14:58:47,33.760,7.752,57.766,0,0,1464600,1107004,169444,5190832,21258.051,11189.185,0,220.063,0,9.003,4562,5181,1.970,1.320,0.700,3,0,49.014,0,0,11,33,1,61,0
14-01 14:58:48,38.784,5.755,54.799,0,0,1492536,1078912,169452,5190980,13254.772,7422.592,0,264.235,0,25.022,3234,2354,1.970,1.320,0.700,3,0,5.004,0,0,11,33,1,62,0
14-01 14:58:49,32.748,3.000,62.745,0.250,0,1484620,1086792,169456,5191012,23066.315,14459.944,0,203.985,0,19.999,4284,5457,1.970,1.320,0.700,3,0,6.000,0,0,11,33,1,61,0
14-01 14:58:50,19.219,13.228,66.641,0.250,0,1422028,1149304,169456,5191096,12933.836,6098.022,0,255.582,0,15.974,4959,5050,1.970,1.320,0.700,1,0,275.549,0,0,11,32,1,62,0
14-01 14:58:51,18.475,2.247,78.643,0,0,1461776,1109552,169456,5191100,10936.088,6490.150,0,103.858,0,7.989,1946,1693,1.970,1.330,0.710,1,0,0,0,0,11,33,1,62,0
14-01 14:58:52,17.284,1.753,79.655,0.250,0.250,1445008,1126280,169468,5191124,11507.394,7121.859,0,593.154,0,48.094,3258,4004,1.970,1.330,0.710,1,0,0,0,0,11,32,1,63,0
14-01 14:58:53,14.980,13.232,70.655,0,0,1427332,1143944,169468,5191132,9320.435,1617.819,0,187.747,0,15.978,3999,3155,1.970,1.330,0.710,1,0,284.616,0,0,11,32,1,63,0
14-01 14:58:54,17.488,2.248,79.196,0,0,1464336,1106936,169468,5191136,12860.309,6656.502,0,0,0,0,1829,1456,1.970,1.330,0.710,2,0,0,0,0,11,33,1,57,0
14-01 14:58:55,18.006,5.002,76.777,0.250,0,1426076,1145172,169472,5191156,15895.687,7312.616,0,180.064,0,9.003,3716,3940,1.970,1.330,0.710,3,0,46.016,0,0,11,32,1,58,0
14-01 14:58:56,20.996,2.999,75.237,0,0,1449468,1121780,169472,5191156,9227.347,3214.424,0,87.984,0,6.999,1867,1360,1.810,1.310,0.710,2,0,0,0,0,11,33,1,58,0
14-01 14:58:57,15.747,2.250,79.736,0.250,0,1437224,1133876,169472,5191304,17682.844,10164.186,0,2231.602,0,161.971,3689,4416,1.810,1.310,0.710,1,0,0,0,0,11,33,1,58,0
14-01 14:58:58,13.535,10.778,74.192,0,0,1402260,1168700,169472,5191440,12775.076,5545.357,0,284.737,0,31.080,5054,5232,1.810,1.310,0.710,3,0,216.561,0,0,11,32,1,54,0
14-01 14:58:59,23.240,18.992,56.476,0.250,0,1437712,1133188,169480,5191488,40225.949,1499.364,0,391.834,0,30.987,5742,4511,1.810,1.310,0.710,2,0,409.826,0,0,11,32,1,56,0
14-01 14:59:00,45.046,5.506,48.799,0.250,0,1537128,1032352,169512,5192660,10725.869,1621.643,0,2830.869,0,114.116,3200,2156,1.810,1.310,0.710,3,0,3.003,0,0,11,34,1,56,0
14-01 14:59:01,36.917,7.733,43.652,9.978,0,1517820,1044536,170508,5198372,42451.743,1690.207,0,29884.941,0,2775.771,17404,23496,1.910,1.340,0.720,2,0,119.731,0,0,11,36,1,56,0
14-01 14:59:02,38.581,8.267,40.084,11.524,0,1529308,1030988,171248,5199556,8002.858,1623.420,0,48714.616,0,4275.005,20992,31665,1.910,1.340,0.720,2,0,48.101,0,0,11,36,1,54,0
14-01 14:59:03,45.257,6.251,47.258,0.750,0,1493112,1067140,171272,5199576,8999.481,1620.267,0,8453.391,0,480.079,4249,3750,1.910,1.340,0.720,2,0,9.001,0,0,11,32,1,54,0
14-01 14:59:04,39.989,6.998,44.488,6.498,0,1507188,1052592,171444,5199868,10854.145,1661.563,0,12152.803,0,1702.552,13303,18707,1.910,1.340,0.720,2,0,1.000,0,0,11,34,1,54,0
14-01 14:59:05,32.414,8.228,53.858,4.239,0,1466060,1093320,171616,5200088,9408.165,1615.735,0,10516.240,0,1232.746,9618,12003,1.910,1.340,0.720,3,0,100.734,0,0,11,32,1,54,0
14-01 14:59:06,22.254,4.001,73.013,0.250,0,1485624,1073728,171640,5200092,7747.333,1620.279,0,2008.345,0,73.013,2187,1855,1.840,1.330,0.720,2,0,2.000,0,0,11,32,1,49,0
14-01 14:59:07,22.214,3.245,72.384,0.749,0,1468676,1090616,171676,5200116,6128.155,1617.402,0,6289.895,0,336.459,2767,2655,1.840,1.330,0.720,1,0,0.998,0,0,11,32,1,49,0
14-01 14:59:08,22.786,3.506,73.366,0.250,0,1503992,1055296,171680,5200116,9106.454,1460.318,0,112.178,0,12.019,1949,1330,1.840,1.330,0.720,3,0,2.003,0,0,11,32,1,49,0
14-01 14:59:09,22.997,3.500,72.991,0,0,1492376,1066852,171680,5200160,9930.789,1619.803,0,0,0,0,1916,1195,1.840,1.330,0.720,1,0,1.000,0,0,11,32,1,49,0
14-01 14:59:10,22.250,3.500,73.999,0,0,1536388,1022840,171680,5200160,7273.864,1619.970,0,0,0,0,1800,1250,1.840,1.330,0.720,1,0,2.000,0,0,11,32,1,46,0
14-01 14:59:11,23.248,2.250,73.493,0,0,1502192,1056968,171680,5200228,11658.901,1619.847,0,7.999,0,2.000,1813,1157,1.770,1.320,0.720,1,0,1.000,0,0,11,32,1,46,0
14-01 14:59:12,22.237,3.498,73.458,0,0,1532212,1026948,171680,5200228,7408.766,1619.075,0,1914.906,0,221.873,2252,1285,1.770,1.320,0.720,2,0,1.999,0,0,11,32,1,46,0
14-01 14:59:13,22.768,3.002,73.558,0,0,1479816,1079256,171680,5200316,10140.992,1621.278,0,228.180,0,2.002,1893,1309,1.770,1.320,0.720,1,0,2.002,0,0,11,32,1,46,0
14-01 14:59:14,22.001,4.000,73.252,0,0,1462188,1096876,171680,5200340,9293.278,1620.049,0,468.014,0,33.001,2187,1756,1.770,1.320,0.720,1,0,1.000,0,0,11,32,1,41,0
14-01 14:59:15,22.495,2.999,73.735,0,0,1494388,1064676,171680,5200340,6112.723,1619.662,0,0,0,0,1865,1297,1.770,1.320,0.720,1,0,2.000,0,0,11,32,1,41,0
14-01 14:59:16,22.751,3.000,73.503,0,0.250,1456972,1102072,171680,5200360,8567.379,1458.065,0,0,0,0,1791,1214,1.710,1.320,0.720,1,0,1.000,0,0,11,32,1,41,0
14-01 14:59:17,22.503,2.750,73.761,0,0,1480988,1078024,171680,5200388,10799.620,1714.257,0,4.001,0,1.000,1853,1248,1.710,1.320,0.720,1,0,1.000,0,0,11,32,1,41,0
14-01 14:59:18,21.501,4.500,73.253,0,0,1484256,1074752,171680,5200388,5869.214,1620.059,0,24.001,0,3.000,1851,1303,1.710,1.320,0.720,1,0,2.000,0,0,11,32,1,37,0
14-01 14:59:19,19.773,6.507,73.334,0,0,1453396,1105468,171680,5200528,9342.755,1621.867,0,0,0,0,2827,1945,1.710,1.320,0.720,1,0,113.130,0,0,11,32,1,37,0
14-01 14:59:20,8.493,22.982,68.196,0,0,1443372,1115452,171688,5200552,10135.937,1618.712,0,1298.967,0,36.971,6534,5210,1.710,1.320,0.720,1,0,519.587,0,0,11,32,1,37,0
14-01 14:59:21,8.506,21.765,68.296,0.751,0,1433396,1125308,171708,5200612,10231.956,1621.102,0,7465.075,0,341.232,7090,6062,1.650,1.310,0.730,2,0,460.313,0,0,11,32,1,37,0
14-01 14:59:22,12.990,14.739,71.198,0,0,1439712,1118956,171716,5200636,7786.294,1618.814,0,771.435,0,38.971,4665,3550,1.650,1.310,0.730,1,0,279.795,0,0,11,32,1,37,0
14-01 14:59:23,22.493,3.249,73.226,0,0,1504336,1054348,171716,5200620,6522.848,1619.466,0,3.999,0,1.000,1794,1176,1.650,1.310,0.730,2,0,1.999,0,0,11,32,1,37,0
14-01 14:59:24,22.752,3.250,73.505,0.250,0,1468304,1090356,171724,5200636,8431.630,1458.109,0,408.030,0,29.002,2024,1655,1.650,1.310,0.730,1,0,2.000,0,0,11,32,1,37,0
14-01 14:59:25,22.499,3.750,73.248,0,0,1484436,1074252,171724,5200604,7473.764,1619.949,0,91.997,0,7.000,1938,1276,1.650,1.310,0.730,1,0,4.000,0,0,11,32,0,37,0
14-01 14:59:26,22.230,3.247,73.932,0,0,1422212,1136456,171724,5200624,9519.269,1618.515,0,19.982,0,0.999,1822,1183,1.600,1.310,0.730,1,0,0.999,0,0,11,32,0,31,0
14-01 14:59:27,22.523,3.253,73.075,0.250,0,1482428,1076252,171724,5200612,8020.194,1621.657,0,936.957,0,140.143,2071,1198,1.600,1.310,0.730,2,0,2.002,0,0,11,32,0,31,0
14-01 14:59:28,22.499,3.250,73.745,0,0,1447856,1110812,171724,5200624,10406.316,1619.894,0,19.999,0,2.000,1799,1168,1.600,1.310,0.730,2,0,1.000,0,0,11,32,0,31,0
14-01 14:59:29,21.984,2.998,73.448,0,0,1473036,1085652,171724,5200604,32537.993,1618.855,0,23.983,0,1.999,1906,1210,1.600,1.310,0.730,2,0,1.999,0,0,11,32,0,31,0
14-01 14:59:30,23.017,2.752,73.804,0,0,1483536,1075132,171724,5200624,17217.482,1621.175,0,156.113,0,28.020,1887,1187,1.600,1.310,0.730,2,0,1.001,0,0,11,32,0,27,0
14-01 14:59:31,22.458,3.244,73.364,0,0,1519468,1039208,171724,5200616,43352.709,1455.305,0,67.874,0,2.994,1848,1117,1.550,1.300,0.730,1,0,1.996,0,0,11,32,0,27,0
14-01 14:59:32,23.068,2.758,73.718,0,0,1487512,1071176,171724,5200604,9223.275,1624.805,0,8.024,0,1.003,1845,1196,1.550,1.300,0.730,2,0,1.003,0,0,11,32,0,27,0
14-01 14:59:33,22.973,3.246,73.413,0,0,1491892,1066796,171724,5200604,9461.760,1618.078,0,2089.518,0,8.989,1878,1161,1.550,1.300,0.730,2,0,1.998,0,0,11,32,0,27,0
14-01 14:59:34,22.500,3.500,72.999,0,0,1463820,1094924,171724,5200548,9123.818,1619.968,0,499.990,0,32.999,2172,1786,1.550,1.300,0.730,2,0,2.000,0,0,11,32,0,20,0
14-01 14:59:35,27.997,5.499,66.243,0,0,1500660,1058084,171724,5200548,25356.291,1619.827,0,95.990,0,3.000,3303,11828,1.550,1.300,0.730,2,0,37.996,0,0,11,32,0,21,0
14-01 14:59:36,21.753,3.751,73.262,0,0,1476532,1082136,171724,5200624,9656.550,1620.260,0,0,0,0,1850,1315,1.510,1.300,0.730,2,0,1.000,0,0,11,32,0,21,0
14-01 14:59:37,22.152,3.485,73.673,0,0,1475688,1082988,171724,5200616,25789.593,1698.465,0,23.894,0,1.991,2050,1287,1.510,1.300,0.730,1,0,0.996,0,0,11,32,0,21,0
14-01 14:59:38,22.852,3.265,73.580,0,0,1499552,1059120,171724,5200620,23280.395,1627.297,0,20.090,0,1.005,2049,1218,1.510,1.300,0.730,2,0,2.009,0,0,11,32,0,21,0
14-01 14:59:39,22.503,3.750,73.509,0,0.250,1467548,1091124,171724,5200620,7873.932,1458.173,0,0,0,0,1898,1383,1.510,1.300,0.730,1,0,1.000,0,0,11,32,0,15,0
14-01 14:59:40,22.248,3.500,73.742,0,0,1452088,1106564,171724,5200640,18998.044,1705.824,0,75.992,0,3.000,1970,1249,1.510,1.300,0.730,1,0,1.000,0,0,11,32,0,15,0
14-01 14:59:41,22.749,3.000,73.498,0,0,1499660,1059004,171724,5200628,7696.771,1619.952,0,4.000,0,1.000,1805,1139,1.460,1.290,0.730,2,0,2.000,0,0,11,32,0,15,0
14-01 14:59:42,15.275,13.772,70.363,0,0,1449716,1108900,171724,5200676,9140.737,1708.755,0,152.245,0,8.013,4404,3112,1.460,1.290,0.730,1,0,290.468,0,0,11,32,0,15,0
14-01 14:59:43,16.974,9.236,72.391,0,0,1448784,1109820,171724,5200688,29087.272,1617.568,0,103.844,0,3.994,3577,2549,1.460,1.290,0.730,1,0,169.745,0,0,11,32,0,11,0
14-01 14:59:44,24.238,1.999,72.964,0.500,0,1480068,1078320,171736,5200892,10762.667,1619.198,0,463.770,0,34.983,1996,1466,1.460,1.290,0.730,2,0,1.000,0,0,11,32,0,11,0
14-01 14:59:45,22.258,3.251,73.527,0,0,1456104,1102228,171736,5200948,9790.634,1620.602,0,0,0,0,1946,1352,1.460,1.290,0.730,1,0,9.003,0,0,11,32,0,11,0
14-01 14:59:46,18.538,11.023,70.143,0,0,1437880,1120368,171736,5201032,11756.047,1623.321,40.082,24.049,2.004,1.002,3581,2442,1.430,1.290,0.730,1,0,213.437,0,0,11,32,0,11,0
14-01 14:59:47,9.257,21.517,68.304,0,0,1422752,1135412,171736,5201112,6251.987,1459.164,0,148.118,0,7.006,6311,4820,1.430,1.290,0.730,2,0,502.401,0,0,11,32,0,8,0
14-01 14:59:48,8.500,22.001,68.253,0,0,1412752,1145376,171736,5201136,8856.330,1620.060,0,592.022,0,71.003,6749,5242,1.430,1.290,0.730,1,0,552.021,0,0,11,32,0,8,0
14-01 14:59:49,8.497,21.991,68.722,0,0,1408720,1149372,171736,5201180,13529.537,1619.346,0,1335.461,0,14.994,6499,4948,1.430,1.290,0.730,3,0,524.788,0,0,11,32,0,8,0
14-01 14:59:50,7.998,22.493,67.979,0,0,1406100,1151968,171736,5201204,11151.575,1619.503,0,1287.605,0,13.996,6596,5139,1.430,1.290,0.730,1,0,562.827,0,0,11,32,0,8,0
14-01 14:59:51,7.732,21.201,69.338,0,0,1385176,1172860,171736,5201232,8804.466,1616.231,0,850.018,0,9.977,6112,4548,1.470,1.300,0.740,1,0,449.951,0,0,11,32,0,5,0
14-01 14:59:52,8.260,21.276,69.336,0,0,1382660,1175340,171736,5201268,9404.641,1622.008,0,216.268,0,9.011,6523,5166,1.470,1.300,0.740,2,0,542.672,0,0,11,32,0,5,0
14-01 14:59:53,8.510,21.526,68.833,0,0,1386700,1171260,171736,5201308,10483.615,1621.952,0,704.848,0,20.024,6833,5615,1.470,1.300,0.740,2,0,618.745,0,0,11,32,0,5,0
14-01 14:59:54,10.003,21.756,67.018,0.250,0,1332784,1225124,171744,5201352,8239.158,1620.424,0,640.168,0,40.010,6750,5681,1.470,1.300,0.740,2,0,550.144,0,0,11,34,0,5,0
14-01 14:59:55,44.502,26.001,28.751,0.250,0,1448900,1108956,171756,5201392,5762.196,1458.050,0,932.032,0,62.002,6779,6118,1.470,1.300,0.740,3,0,638.022,0,0,11,32,0,10,0
14-01 14:59:56,64.321,9.723,24.183,0.997,0,1632796,922012,171848,5204060,9804.723,1615.506,0,3534.168,0,223.379,4869,3300,1.600,1.330,0.750,2,1,12.964,0,0,11,34,0,10,0
14-01 14:59:57,47.239,11.247,28.993,11.747,0,1628144,914544,172924,5214012,8930.922,1619.623,371.913,58722.334,2.999,4272.006,20336,33693,1.600,1.330,0.750,1,1,156.963,0,0,11,36,0,12,0
14-01 14:59:58,39.814,10.767,34.305,12.771,0,1676500,854832,173552,5224344,9322.079,1622.625,0,82874.050,0,5737.280,23575,41216,1.600,1.330,0.750,3,1,93.151,0,0,11,36,0,12,0
14-01 14:59:59,35.880,7.724,35.382,16.943,0,1676840,846732,173776,5231612,31816.777,9798.288,0,68292.001,0,5591.333,24986,37886,1.600,1.330,0.750,0,2,47.840,0,0,11,37,0,11,0
14-01 15:00:00,40.694,14.569,25.120,18.840,0,1609996,906656,174272,5237800,30963.548,2769.196,0,49801.314,0,3632.309,17446,26377,1.600,1.330,0.750,5,1,181.867,0,0,11,34,0,12,0
14-01 15:00:01,33.965,15.734,28.221,18.980,0,1621432,887536,174764,5245044,44376.303,4012.868,371.617,58663.590,5.994,4239.634,21296,32963,1.950,1.410,0.780,2,1,232.760,0,0,11,35,0,12,0
14-01 15:00:02,45.788,15.263,26.272,11.510,0,1612888,890108,175092,5250056,15199.560,10331.537,528.437,37453.949,7.006,3140.595,18193,30712,1.950,1.410,0.780,1,2,145.120,0,0,11,35,0,12,0
14-01 15:00:03,36.753,15.251,31.502,14.751,0,1620076,879468,175124,5253340,15320.116,10301.751,1272.093,62642.564,28.002,4663.340,24212,36659,1.950,1.410,0.780,3,0,204.015,0,0,11,34,0,10,0
14-01 15:00:04,36.181,8.983,39.175,13.724,0,1616316,883744,175328,5252592,8810.227,1521.104,0,52072.862,0,4238.930,20943,30504,1.950,1.410,0.780,2,0,54.895,0,0,11,34,0,10,0
14-01 15:00:05,33.321,7.265,46.098,11.524,0,1627216,871624,175680,5253428,14296.292,8530.074,0,52294.805,0,4467.466,22125,33388,1.950,1.410,0.780,2,0,42.089,0,0,11,35,0,10,0
14-01 15:00:06,29.432,7.732,43.898,17.210,0,1615604,881324,175828,5255176,19845.947,12056.024,0,55355.547,0,4474.617,23790,35620,1.950,1.420,0.790,3,0,29.931,0,0,11,35,0,10,0
14-01 15:00:07,38.580,9.269,38.079,12.276,0,1531212,963764,175916,5256996,13994.175,4470.320,0,35558.131,0,3424.139,19529,26701,1.950,1.420,0.790,2,0,110.230,0,0,11,36,0,11,0
14-01 15:00:08,32.971,7.244,43.211,13.238,0,1575204,916176,176008,5260396,13487.959,3971.455,0,64042.827,0,5299.269,26558,37244,1.950,1.420,0.790,4,1,59.946,0,0,11,37,0,11,0
14-01 15:00:09,32.010,8.503,47.014,11.754,0,1570864,917372,176216,5263244,21680.597,11247.422,0,57121.380,0,4757.448,25718,37578,1.950,1.420,0.790,2,0,57.017,0,0,11,37,0,11,0
14-01 15:00:10,31.513,8.253,45.519,12.005,0,1522932,961788,176308,5266588,16453.898,9109.819,0,53954.618,0,4604.930,24211,37377,1.950,1.420,0.790,2,1,129.054,0,0,11,36,0,11,0
14-01 15:00:11,37.261,9.253,37.261,13.254,0,1558316,924828,176352,5268064,9151.706,1620.479,0,52383.491,0,4942.462,19120,35093,2.040,1.440,0.800,2,0,48.014,0,0,11,36,0,11,0
14-01 15:00:12,32.501,8.000,45.001,12.500,0,1578176,909524,176420,5263440,17043.557,9251.303,0,58661.919,0,5218.171,22179,37916,2.040,1.440,0.800,5,0,21.001,0,0,11,37,0,11,0
14-01 15:00:13,32.503,8.251,53.005,4.750,0,1443536,1043956,176432,5263636,16224.390,12105.037,0,14437.237,0,1241.106,11163,15525,2.040,1.440,0.800,2,0,143.012,0,0,11,33,0,13,0
14-01 15:00:14,19.706,9.479,69.096,0.998,0,1394956,1092516,176440,5263648,11460.442,3480.239,0,9458.906,0,535.805,4762,5229,2.040,1.440,0.800,1,0,142.682,0,0,11,32,0,14,0
14-01 15:00:15,18.742,2.249,78.467,0.500,0,1425856,1061612,176440,5263652,15898.256,6658.176,0,899.618,0,49.979,2177,1898,2.040,1.440,0.800,1,0,0,0,0,11,33,0,14,0
14-01 15:00:16,18.260,5.253,75.041,0,0,1353524,1133956,176440,5263668,13628.472,5373.946,0,528.290,0,31.017,3414,3636,1.950,1.430,0.800,1,0,35.019,0,0,11,32,0,15,0
14-01 15:00:17,19.500,2.250,77.501,0.250,0,1408456,1079020,176440,5263672,9816.080,4069.033,0,428.004,0,27.000,1930,1577,1.950,1.430,0.800,1,0,0,0,0,11,33,0,15,0
14-01 15:00:18,16.275,5.508,76.367,0.250,0,1397148,1090320,176444,5263676,18671.567,5995.172,0,2251.445,0,139.213,3290,3178,1.950,1.430,0.800,1,0,60.092,0,0,11,32,0,16,0
14-01 15:00:19,20.960,4.491,73.361,0,0,1440432,1047036,176444,5263676,8730.460,1616.937,0,291.448,0,5.989,1841,1226,1.950,1.430,0.800,1,0,0,0,0,11,32,0,16,0
14-01 15:00:20,14.994,2.249,81.720,0,0,1440088,1047016,176444,5264040,18339.245,11267.850,0,0,0,0,2952,3426,1.950,1.430,0.800,0,0,0,0,0,11,33,0,16,0
14-01 15:00:21,20.548,5.513,73.924,0.251,0,1464524,1022564,176444,5264056,7526.718,2463.800,0,200.472,0,15.035,2677,2384,1.880,1.430,0.800,2,0,43.101,0,0,11,32,0,17,0
14-01 15:00:22,17.960,1.746,78.576,0,0,1484356,1002600,176444,5264188,13786.432,6587.394,0,155.655,0,11.973,1995,1743,1.880,1.430,0.800,2,0,0,0,0,11,33,0,17,0
14-01 15:00:23,14.769,5.257,78.600,0,0,1462400,1024532,176448,5264208,16750.306,7316.306,0,268.341,0,24.031,4334,4749,1.880,1.430,0.800,2,0,78.099,0,0,11,32,0,18,0
14-01 15:00:24,12.013,25.277,62.317,0,0,1445140,1041628,176448,5264372,10625.414,1621.742,0,844.908,0,61.066,7051,5769,1.880,1.430,0.800,4,0,678.729,0,0,11,32,0,20,0
14-01 15:00:25,64.854,9.977,23.946,0.249,0,1522592,963800,176468,5264728,7620.813,1616.355,0,738.335,0,45.896,4502,2602,1.880,1.430,0.800,3,0,44.899,0,0,11,32,0,24,0
14-01 15:00:26,67.759,7.751,24.003,0.500,0,1680228,802940,176560,5267664,5350.722,1620.219,0,3312.447,0,97.013,4075,1742,1.970,1.450,0.820,4,0,0,0,0,11,32,0,24,0
14-01 15:00:27,61.398,7.267,28.068,2.757,0,1776292,700084,176644,5273780,9241.242,1623.908,0,24166.163,0,1620.901,10327,11316,1.970,1.450,0.820,2,0,69.166,0,0,11,38,0,24,0
14-01 15:00:28,32.250,9.250,42.250,14.000,0,1770168,692272,176752,5287176,7692.062,1620.013,0,102468.831,0,7431.060,33500,51641,1.970,1.450,0.820,2,1,249.002,0,0,11,38,0,24,0
14-01 15:00:29,18.734,7.743,39.966,30.724,0,1769072,687008,176788,5293264,36822.680,1618.623,0,76702.760,0,5356.444,24050,35886,1.970,1.450,0.820,1,2,140.880,0,0,11,38,0,24,0
14-01 15:00:30,39.032,11.009,35.529,13.261,0,1689720,757344,176808,5301964,15444.685,1621.332,0,78472.451,0,5987.918,28908,42693,1.970,1.450,0.820,1,1,240.197,0,0,11,36,0,24,0
14-01 15:00:31,48.986,10.747,26.492,11.997,0,1692384,744996,176840,5311284,44907.032,1565.548,0,82744.105,0,5942.284,28686,40056,2.370,1.550,0.850,9,0,126.963,0,0,11,36,0,24,0
14-01 15:00:32,41.755,9.001,34.004,12.752,0,1744500,678496,176872,5325084,8720.106,1512.192,0,100540.757,0,6451.819,29622,42326,2.370,1.550,0.850,2,2,6.001,0,0,11,36,0,24,0
14-01 15:00:33,43.219,9.743,32.977,11.492,0,1696780,722848,176912,5328296,7852.417,1618.849,0,78240.374,0,5909.798,26146,42887,2.370,1.550,0.850,1,2,121.913,0,0,11,36,0,24,0
14-01 15:00:34,34.520,9.756,48.528,4.753,0,1425516,992648,176916,5329708,6143.574,1620.943,0,32602.969,0,2399.396,13323,17753,2.370,1.550,0.850,3,0,238.139,0,0,11,32,0,24,0
14-01 15:00:35,26.196,8.482,63.868,1.247,0,1460528,957624,176916,5332588,8994.385,1616.654,0,14462.070,0,809.325,5443,9166,2.370,1.550,0.850,5,0,129.732,0,0,11,32,0,24,0
14-01 15:00:36,24.295,3.507,70.882,0.501,0,1525292,892860,176916,5329720,10320.172,1623.015,0,4524.405,0,247.460,2622,5784,2.260,1.540,0.850,1,0,2.004,0,0,11,32,0,24,0
14-01 15:00:37,22.980,2.997,73.185,0,0,1478376,939764,176916,5329732,10034.088,1618.562,0,159.858,0,11.989,2551,2049,2.260,1.540,0.850,1,0,26.976,0,0,11,32,0,24,0
14-01 15:00:38,22.223,3.246,73.660,0.250,0,1480392,937748,176916,5329732,7555.750,1618.019,0,247.697,0,51.936,1764,1175,2.260,1.540,0.850,2,0,0.999,0,0,11,32,0,24,0
14-01 15:00:39,23.501,2.500,73.503,0.250,0,1526940,891200,176916,5329732,10607.385,1620.059,0,580.021,0,43.002,2126,1681,2.260,1.540,0.850,1,0,2.000,0,0,11,34,0,24,0
14-01 15:00:40,16.290,24.310,58.144,0,0,1422108,995892,176916,5329872,7400.335,1624.024,0,196.487,0,18.045,5889,5143,2.260,1.540,0.850,3,0,694.721,0,0,11,32,0,24,0
14-01 15:00:41,10.992,29.728,58.207,0,0,1401992,1015936,176916,5329944,5499.974,1456.933,0,243.822,0,26.980,7138,6040,2.240,1.540,0.860,1,0,828.394,0,0,11,32,0,24,0
14-01 15:00:42,8.004,21.011,69.785,0.250,0,1405440,1012404,176916,5330020,5613.811,1620.812,0,112.056,0,8.004,5999,4476,2.240,1.540,0.860,1,0,434.217,0,0,11,32,0,24,0
14-01 15:00:43,9.502,20.505,69.266,0,0,1363644,1054152,176916,5330052,9294.093,1620.365,0,28.006,0,7.002,5841,4200,2.240,1.540,0.860,1,0,366.082,0,0,11,32,0,24,0
14-01 15:00:44,15.961,17.956,64.842,0,0,1377180,1040536,176916,5330432,8510.239,1616.058,0,19.951,0,4.988,7162,8261,2.240,1.540,0.860,1,0,299.270,0,0,11,32,0,24,0
14-01 15:00:45,40.016,10.754,48.520,0,0,1454680,963028,176916,5330556,10661.310,1620.655,0,0,0,0,3944,2670,2.240,1.540,0.860,2,0,131.053,0,0,11,33,0,24,0
14-01 15:00:46,44.480,5.997,48.728,0,0,1565968,851644,176916,5330652,6788.877,1619.255,0,0,0,0,2714,1241,2.220,1.550,0.860,3,0,0,0,0,11,33,0,24,0
14-01 15:00:47,45.748,5.750,47.747,0.250,0,1608216,808300,176956,5331644,9385.499,1619.914,0,1675.911,0,138.993,3981,3088,2.220,1.550,0.860,3,0,18.999,0,0,11,49,0,24,0
14-01 15:00:48,26.823,14.038,58.158,0,0,1632248,780796,176968,5334684,8609.338,1666.518,0,4524.264,0,309.840,6698,8867,2.220,1.550,0.860,2,0,264.718,0,0,11,48,0,24,0
14-01 15:00:49,18.199,13.711,66.563,0.249,0,1655704,757280,176968,5334708,5987.171,1615.459,0,494.610,0,38.891,6394,8062,2.220,1.550,0.860,0,0,237.333,0,0,11,48,0,24,0
14-01 15:00:50,0.500,0.500,97.453,0,0,1655704,757280,176968,5334708,9338.474,1457.294,0,75.963,0,5.997,845,1095,2.220,1.550,0.860,0,0,2.999,0,0,11,48,0,24,0
14-01 15:00:51,0.500,0.750,98.518,0,0,1655704,757280,176968,5334708,7297.342,1620.298,0,36.007,0,4.001,747,973,2.040,1.530,0.860,0,0,1.000,0,0,11,48,0,24,0
14-01 15:00:52,0.500,0,97.970,0,0,1655704,757280,176968,5334708,6235.112,1619.510,0,0,0,0,778,956,2.040,1.530,0.860,0,0,2.999,0,0,11,48,0,24,0
14-01 15:00:53,0.500,0.750,98.302,0,0,1655724,757280,176968,5334704,9379.955,1620.856,0,4.002,0,1.001,772,981,2.040,1.530,0.860,0,0,1.001,0,0,11,48,0,24,0
14-01 15:00:54,15.295,15.546,67.449,1.254,0,1658156,754560,176972,5335416,8345.628,1624.795,124.367,0,4.012,0,5740,7294,2.040,1.530,0.860,1,1,283.838,0,0,11,48,0,24,0
14-01 15:00:55,16.994,15.245,57.730,8.747,0,1667568,737528,177028,5342452,9758.630,1839.365,7153.530,1599.448,123.957,112.961,5561,5495,2.040,1.530,0.860,1,0,285.901,0,0,12,48,1,24,0
14-01 15:00:56,18.950,16.208,63.833,0,0,1653012,751948,177028,5342940,8976.519,1926.959,0,0,0,0,7217,8819,1.960,1.520,0.860,1,0,304.204,0,0,12,48,1,18,0
14-01 15:00:57,10.747,9.247,77.977,0.250,0,1648712,756216,177028,5342504,7711.716,1693.498,0,539.840,0,42.987,3672,4058,1.960,1.520,0.860,0,0,194.942,0,0,12,64,1,18,0
14-01 15:00:58,11.504,12.004,75.525,0,0,1659732,745048,177028,5343096,10053.303,1532.503,0,0,0,0,4871,5225,1.960,1.520,0.860,2,0,206.068,0,0,14,64,1,18,0
14-01 15:00:59,16.026,14.023,68.613,0.250,0,1657372,747344,177028,5342680,30499.278,1696.797,0,592.978,0,45.074,5553,6088,1.960,1.520,0.860,3,0,255.421,0,0,14,66,1,18,0
14-01 15:01:00,8.750,20.500,69.499,0,0,1647340,757316,177032,5342724,20554.750,1693.979,0,2191.973,0,25.000,5906,4396,1.960,1.520,0.860,1,0,378.995,0,0,14,66,1,15,0
14-01 15:01:01,16.515,18.017,64.560,0,0,1650644,753984,177032,5343172,44886.433,1621.497,0,220.203,0,9.008,7072,8366,2.120,1.560,0.880,1,0,299.276,0,0,14,66,1,15,0
14-01 15:01:02,27.008,19.506,52.265,0,0,1726932,677648,177032,5342776,8705.486,1694.484,0,116.033,0,5.001,5712,4583,2.120,1.560,0.880,2,0,418.119,0,0,14,66,1,15,0
14-01 15:01:03,30.246,22.747,45.994,0,0,1782812,621680,177036,5342824,9362.683,1619.772,0,295.958,0,5.999,6796,5431,2.120,1.560,0.880,2,0,560.921,0,0,14,66,1,15,0
14-01 15:01:04,30.914,26.675,41.384,0,0.249,1910256,492636,177048,5344628,7506.032,1615.487,0,43.877,0,10.969,7067,9278,2.120,1.560,0.880,4,0,482.652,0,0,14,70,1,17,0
14-01 15:01:05,50.435,18.476,30.461,0,0,2015644,387204,177048,5344648,5950.359,1659.869,0,35.954,0,4.994,5145,5529,2.120,1.560,0.880,6,0,266.658,0,0,14,70,1,17,0
14-01 15:01:06,69.794,23.097,7.030,0,0,2146864,255688,177052,5344992,8955.710,1791.544,0,1771.459,0,13.055,5536,4858,2.350,1.620,0.900,4,0,549.313,0,0,14,70,1,17,0
14-01 15:01:07,63.896,19.393,15.663,0,0,2212508,189004,177064,5345960,6778.489,1449.976,0,298.349,0,18.895,5784,7503,2.350,1.620,0.900,4,0,251.608,0,0,14,70,1,17,0
14-01 15:01:08,59.489,25.495,6.499,9.748,0,2306972,215588,170860,5233344,8777.422,1619.709,447.919,7950.571,52.990,477.914,6508,5415,2.350,1.620,0.900,4,0,475.914,0,0,14,74,1,17,0
14-01 15:01:09,77.667,17.092,3.268,1.005,0,2485984,129788,165008,5148904,7489.190,1628.740,184.993,8988.234,35.189,771.138,9913,14482,2.350,1.620,0.900,3,1,147.793,0,0,14,74,1,16,0
14-01 15:01:10,66.026,25.663,3.986,3.488,0,2536796,141800,165012,5087676,7504.523,1614.519,1183.981,30384.848,78.733,2347.032,17770,26253,2.350,1.620,0.900,4,1,393.664,0,0,14,76,1,16,0
14-01 15:01:11,71.259,23.253,4.751,0.500,0,2632800,169580,164580,4967348,9599.205,1662.209,44.006,6316.793,6.001,418.052,11076,19654,2.720,1.710,0.930,7,0,357.045,0,0,14,87,1,22,0
14-01 15:01:12,57.957,22.079,18.566,1.254,0,2710076,165580,164524,4895504,7586.086,1625.805,726.594,1124.013,49.176,66.237,7497,9038,2.720,1.710,0.930,3,0,408.458,0,0,14,93,1,25,0
14-01 15:01:13,50.487,25.494,22.744,0,0,2822220,124144,164524,4826640,6368.422,1619.599,67.983,2467.389,2.999,168.958,8503,10337,2.720,1.710,0.930,5,0,527.869,0,0,14,93,1,25,0
14-01 15:01:14,43.601,14.700,39.615,0.997,0,2893160,120408,164532,4761032,8989.365,1614.498,1977.262,5724.491,21.925,293.998,7109,9276,2.720,1.710,0.930,4,0,188.358,0,0,14,95,1,25,0
14-01 15:01:15,60.554,11.510,26.273,0.751,0.250,3026524,189804,164536,4562424,7009.248,1695.511,100.089,188.168,7.006,6.005,5005,7145,2.720,1.710,0.930,2,0,112.100,0,0,14,98,1,28,0
14-01 15:01:16,21.048,16.287,61.140,0.752,0,3074416,141112,164548,4563168,8165.640,1551.542,0,7577.297,0,420.961,6559,6337,2.670,1.710,0.940,2,0,262.599,0,0,14,101,1,29,0
14-01 15:01:17,8.722,19.687,70.274,0,0,3082248,133248,164548,4563200,7295.529,1708.503,0,127.590,0,12.958,6017,4552,2.670,1.710,0.940,1,0,382.769,0,0,14,101,1,25,0
14-01 15:01:18,10.003,17.756,70.773,0.250,0.250,3088940,126520,164548,4563236,8268.743,1620.538,0,9551.169,0,473.157,6201,4139,2.670,1.710,0.940,2,0,345.115,0,0,14,101,1,25,0
14-01 15:01:19,20.492,3.249,75.220,0.250,0,3136504,146408,164548,4497212,9264.286,3588.562,23.990,0,1.999,0,1825,1209,2.670,1.710,0.940,0,0,0,0,0,14,102,1,25,0
14-01 15:01:20,18.762,2.752,77.799,0.500,0,3137464,145404,164548,4497256,27870.435,22031.782,32.020,440.275,2.001,29.018,2785,2834,2.670,1.710,0.940,1,0,0,0,0,14,103,1,25,1
14-01 15:01:21,20.008,6.753,72.529,0,0,3164628,118220,164548,4497280,7660.100,1686.683,4.002,92.037,1.000,7.003,2614,2025,2.530,1.700,0.940,1,0,64.026,0,0,14,105,1,24,0
14-01 15:01:22,16.993,2.499,78.969,0.500,0,3172220,176396,164548,4433044,14552.365,7840.964,7.997,491.810,1.999,49.981,2453,2379,2.530,1.700,0.940,2,0,2.999,0,0,14,112,1,24,0
14-01 15:01:23,22.564,4.513,70.450,0.752,0,3173768,174364,164556,4433488,8427.906,1833.200,176.501,1407.994,11.031,164.467,4573,5702,2.530,1.700,0.940,1,0,3.009,0,0,14,117,1,24,0
14-01 15:01:24,22.495,6.498,68.984,1.250,0,3132636,214184,164560,4434796,9704.681,2654.366,1043.751,1839.560,22.995,183.956,6339,8353,2.530,1.700,0.940,1,0,56.986,0,0,14,118,1,26,0
14-01 15:01:25,27.684,8.480,63.100,0,0,3229048,183456,164560,4370644,7571.962,1616.150,0,454.916,0,27.933,3410,2596,2.530,1.700,0.940,2,0,59.857,0,0,14,122,1,19,0
14-01 15:01:26,22.433,3.240,73.032,0.249,0,3239432,173104,164572,4370656,15406.978,8092.826,43.869,1367.914,4.985,93.720,3169,3218,2.410,1.690,0.940,1,0,1.994,0,0,14,125,1,19,0
14-01 15:01:27,20.608,2.764,75.395,0.503,0,3246200,166300,164572,4370692,10871.000,3624.002,20.105,1302.831,2.011,128.675,3547,4322,2.410,1.690,0.940,1,0,2.011,0,0,14,127,1,19,0
14-01 15:01:28,37.737,9.747,50.982,0.500,0,3294432,181136,164456,4309404,6724.643,2813.014,0,759.734,0,68.976,4458,4365,2.410,1.690,0.940,2,0,94.967,0,0,14,126,1,20,0
14-01 15:01:29,39.160,5.986,54.126,0.249,0,3365932,172964,164456,4247632,22644.141,7327.220,179.589,3396.222,0.998,33.922,3007,1834,2.410,1.690,0.940,2,0,3.991,0,0,14,127,1,20,0
14-01 15:01:30,18.737,6.246,74.200,0,0,3329848,209032,164456,4247648,50058.571,18251.811,0,307.794,0,14.990,2729,1985,2.410,1.690,0.940,1,0,54.963,0,0,14,126,1,21,0
14-01 15:01:31,18.258,2.001,79.035,0,0,3368344,170520,164456,4247664,48099.049,7421.248,0,256.112,0,15.007,1802,1308,2.300,1.680,0.940,1,0,0,0,0,14,127,1,21,0
14-01 15:01:32,19.275,5.257,74.597,0.250,0,3349028,189816,164456,4247684,25111.783,18059.577,0,276.361,0,16.021,2475,1830,2.300,1.680,0.940,1,0,51.067,0,0,14,126,1,22,0
14-01 15:01:33,18.719,1.997,78.618,0,0,3368072,170760,164456,4247696,12857.458,7270.818,3.993,255.572,0.998,16.972,1831,1450,2.300,1.680,0.940,1,0,0,0,0,14,127,1,22,0
14-01 15:01:34,17.562,6.272,75.015,0.502,0,3347748,190920,164456,4247860,10831.277,3601.728,8.028,943.334,2.007,104.369,3762,3957,2.300,1.680,0.940,1,0,59.209,0,0,14,126,1,23,0
14-01 15:01:35,26.661,6.229,65.531,0.249,0,3370188,168412,164456,4247928,7697.230,1614.594,3.987,522.252,0.997,34.883,5946,9578,2.300,1.680,0.940,1,0,54.816,0,0,14,134,1,27,0
14-01 15:01:36,21.075,5.269,72.507,0,0,3353164,185396,164456,4247968,29899.146,24007.229,24.086,293.040,2.007,15.053,3291,11852,2.190,1.660,0.940,1,0,54.192,0,0,14,134,1,29,0
14-01 15:01:37,20.425,5.978,72.981,0.249,0,3403108,135436,164456,4247984,8090.205,1614.056,0,278.973,0,16.938,2208,1624,2.190,1.660,0.940,1,0,36.864,0,0,14,134,1,28,0
14-01 15:01:38,15.300,2.759,80.261,0.251,0,3406696,131800,164460,4248028,14015.608,8377.260,0,2736.906,0,232.757,3213,3836,2.190,1.660,0.940,5,1,0,0,0,14,135,1,28,0
14-01 15:01:39,26.421,4.487,65.055,2.493,0,3406828,131408,164464,4248284,7251.313,2851.472,0,10723.927,0,886.349,8645,11913,2.190,1.660,0.940,1,0,0.997,0,0,14,137,1,30,0
14-01 15:01:40,20.016,6.505,73.308,0,0,3367484,170752,164464,4248284,8887.011,1621.279,0,292.231,0,14.011,2389,1721,2.190,1.660,0.940,1,0,53.042,0,0,14,137,1,30,0
14-01 15:01:41,15.483,1.748,80.664,0.499,0,3381572,156652,164464,4248296,14627.350,10550.712,0,1518.375,0,92.901,2351,2280,2.100,1.650,0.940,1,0,0.999,0,0,14,138,1,30,0
14-01 15:01:42,20.010,5.503,72.536,0.500,0,3387072,151108,164468,4248336,10959.484,2563.283,16.008,1164.583,1.001,125.063,5877,8443,2.100,1.650,0.940,1,0,1.001,0,0,14,138,1,30,0
14-01 15:01:43,25.720,8.990,63.427,0.749,0,3333840,204236,164472,4248436,9410.103,2482.126,0,1122.700,0,111.870,8846,13502,2.100,1.650,0.940,1,0,68.920,0,0,14,139,1,31,0
14-01 15:01:44,19.758,3.251,75.280,0.500,0,3388116,149972,164472,4248440,7295.909,3657.458,0,3161.260,0,289.115,2397,1388,2.100,1.650,0.940,0,0,2.001,0,0,14,140,1,31,0
14-01 15:01:45,18.059,2.007,77.752,1.003,0,3389968,148068,164480,4248484,18047.519,9381.419,16.052,3944.791,1.003,298.969,3841,5011,2.100,1.650,0.940,1,0,0,0,0,14,141,1,32,0
14-01 15:01:46,17.701,9.973,71.055,0.997,0,3435236,165784,164480,4187100,8628.281,1615.559,39.890,139.616,3.989,13.962,3364,2696,2.010,1.640,0.940,1,0,146.597,0,0,14,141,1,32,0
14-01 15:01:47,16.750,2.000,80.498,0,0,3454660,146356,164480,4187104,15660.699,8025.846,0,0,0,0,1787,1371,2.010,1.640,0.940,1,0,0,0,0,14,143,1,32,0
14-01 15:01:48,18.986,4.247,74.195,0.999,0,3448980,151860,164480,4187280,13940.722,6712.051,7.994,899.337,1.999,106.921,6650,10206,2.010,1.640,0.940,1,0,5.996,0,0,14,142,1,32,0
14-01 15:01:49,23.231,4.746,70.192,0.500,0,3443908,156904,164480,4187308,7973.387,1660.623,0,2150.217,0,297.753,5653,7163,2.010,1.640,0.940,1,0,0,0,0,14,142,1,32,0
14-01 15:01:50,44.459,12.559,41.194,0.754,0,3390040,210576,164480,4187488,10581.722,3062.390,32.151,1732.139,2.009,159.751,13082,20407,2.010,1.640,0.940,3,0,188.888,0,0,14,143,1,33,0
14-01 15:01:51,31.217,7.492,59.437,0.749,0,3433744,166804,164480,4187524,7823.646,2031.831,0,5326.313,0,308.670,4698,5402,2.010,1.650,0.950,1,0,100.892,0,0,14,143,1,33,0
14-01 15:01:52,17.964,2.246,79.341,0,0,3446056,154484,164480,4187532,12879.270,9113.792,0,243.514,0,12.974,2129,1732,2.010,1.650,0.950,1,0,0,0,0,14,143,1,34,0
14-01 15:01:53,9.278,18.807,70.464,0,0,3405204,195308,164480,4187560,10444.748,1715.214,0,361.098,0,26.079,5777,4445,2.010,1.650,0.950,1,0,349.061,0,0,14,143,1,34,0
14-01 15:01:54,12.735,19.727,66.171,0,0,3367940,232396,164480,4188172,7980.527,1618.079,0,835.009,0,32.961,6553,6228,2.010,1.650,0.950,1,0,355.578,0,0,14,143,1,34,0
14-01 15:01:55,26.027,16.267,56.558,0,0,3404440,195732,164484,4187860,9107.320,1733.774,128.131,16.016,1.001,4.004,6590,6988,2.010,1.650,0.950,2,0,299.306,0,0,14,143,0,34,2
14-01 15:01:56,30.414,23.434,44.624,0.249,0,3437864,162236,164484,4187936,7312.381,1615.445,15.955,450.729,0.997,33.904,6538,5523,2.010,1.650,0.950,2,0,476.656,0,0,14,143,0,34,2
14-01 15:01:57,32.069,15.283,51.610,0.501,0,3485720,175988,164488,4128112,8935.109,1623.472,48.103,553.183,5.011,36.077,6605,8435,2.010,1.650,0.950,3,0,219.469,0,0,16,149,0,34,2
14-01 15:01:58,58.779,26.763,14.007,0,0,3639980,141496,164488,4011504,8845.416,1458.728,108.054,584.292,8.004,35.017,8105,12217,2.010,1.650,0.950,3,0,594.297,0,0,16,155,0,34,2
14-01 15:01:59,57.082,23.680,18.197,0,0,3739272,132604,164252,3922732,9884.969,1615.256,19.941,1671.092,1.994,26.921,6790,8708,2.010,1.650,0.950,5,0,362.934,0,0,16,167,0,34,2
14-01 15:02:00,42.869,21.185,35.891,0,0.249,3792860,173660,164252,3828452,38241.464,1615.078,0,681.922,0,29.909,7752,10069,2.010,1.650,0.950,5,0,393.800,0,0,16,171,0,34,2
14-01 15:02:01,33.972,23.151,41.773,0.252,0,3848096,162776,164256,3784904,45900.071,1721.253,0,346.264,0,16.105,7598,5642,2.090,1.680,0.960,2,0,550.600,0,0,16,171,0,34,2
14-01 15:02:02,19.180,15.693,64.016,0,0,3865368,145420,164256,3785428,7972.836,1614.096,3.985,402.528,0.996,22.916,6320,7988,2.090,1.680,0.960,1,0,273.001,0,0,17,171,0,34,2
14-01 15:02:03,27.853,22.584,48.931,0.502,0,3905452,158108,164004,3733312,8565.713,1696.280,8.030,409.516,2.007,26.097,6463,5603,2.090,1.680,0.960,2,0,436.616,0,0,17,171,0,34,2
14-01 15:02:04,37.475,20.986,39.973,0.250,0,3979480,138268,164004,3680756,8345.377,1618.909,11.992,3397.711,1.999,307.793,7278,9292,2.090,1.680,0.960,2,1,360.757,0,0,17,173,0,34,0
14-01 15:02:05,39.001,22.751,37.501,0.250,0,4061880,168052,164004,3570836,9894.277,1620.045,172.005,2124.060,6.000,237.007,7748,10395,2.090,1.680,0.960,3,0,457.013,0,0,17,187,0,34,0
14-01 15:02:06,30.011,25.259,44.016,0.250,0,4135996,130260,164004,3535404,6948.491,1620.581,28.010,404.145,4.001,36.013,7366,6696,2.080,1.680,0.970,3,0,658.236,0,0,17,187,0,32,0
14-01 15:02:07,18.747,22.496,56.490,0.500,0,4185660,129872,164004,3487264,8204.566,1457.745,11.998,911.841,2.999,67.988,8192,10105,2.080,1.680,0.970,1,0,447.922,0,0,17,201,0,32,0
14-01 15:02:08,23.502,14.251,60.505,0,0,4214944,139912,164004,3448860,5675.429,1620.122,8.001,572.043,2.000,24.002,6560,8403,2.080,1.680,0.970,2,0,239.018,0,0,17,201,0,32,0
14-01 15:02:09,44.622,7.478,45.619,0.499,0,4329088,156012,164004,3320896,9796.798,1615.350,454.691,199.426,7.977,15.954,3603,2254,2.080,1.680,0.970,2,0,24.928,0,0,17,205,0,32,0
14-01 15:02:10,45.193,7.990,44.444,2.247,0,4432760,138108,164008,3236612,7311.729,1617.948,195.752,10195.072,10.986,666.155,4953,2771,2.080,1.680,0.970,2,0,7.990,0,0,17,217,0,32,0
14-01 15:02:11,29.886,12.808,55.754,1.005,0,4358516,252520,164012,3197060,9202.884,1717.818,56.256,425.939,6.027,29.133,4649,4337,2.070,1.690,0.980,2,0,229.042,0,0,17,221,0,32,0
14-01 15:02:12,34.925,24.198,38.916,0.998,0,4413172,195780,164012,3199112,7881.065,1616.526,918.027,494.936,8.981,41.910,8039,9889,2.070,1.690,0.980,3,0,505.913,0,0,17,221,0,32,0
14-01 15:02:13,39.523,22.513,35.771,1.501,0,4465768,141216,164016,3201420,19782.448,10324.975,1152.667,500.290,22.013,32.019,8376,10327,2.070,1.690,0.980,4,0,400.232,0,0,17,229,0,33,0
14-01 15:02:14,66.598,15.773,15.273,1.753,0,4517144,141788,164020,3150804,8266.221,1622.399,484.717,1073.587,14.021,23.034,5176,4903,2.070,1.690,0.980,4,0,156.231,0,0,17,232,0,24,0
14-01 15:02:15,57.207,12.990,21.234,8.244,0,4637168,133476,164024,3041032,13260.086,9582.835,1478.894,1610.796,44.966,154.884,5252,4214,2.070,1.690,0.980,3,0,28.978,0,0,17,243,0,24,0
14-01 15:02:16,53.723,11.244,20.739,12.993,0,4601976,200372,164064,3010452,12222.745,4403.746,6092.882,2234.856,456.766,145.925,6663,7067,2.390,1.760,1,4,0,28.985,0,0,17,244,0,25,0
14-01 15:02:17,47.057,18.272,33.040,0.751,0,4684248,150836,164064,2979172,10775.966,3758.523,268.323,432.520,8.010,21.025,7067,8090,2.390,1.760,1,1,0,370.446,0,0,17,248,0,30,0
14-01 15:02:18,34.240,20.744,43.738,0.250,0,4678112,155328,164068,2981264,17211.160,10559.031,91.974,9185.417,5.998,71.980,8464,11508,2.390,1.760,1,3,0,372.895,0,0,17,247,0,27,0
14-01 15:02:19,53.847,23.184,22.686,0,0,4709304,158404,164068,2947316,9144.047,1615.415,3.989,295.162,0.997,12.963,5734,5743,2.390,1.760,1,3,0,397.871,0,0,17,247,0,27,0
14-01 15:02:20,52.667,22.822,23.073,0.502,0,4762236,186288,164072,2868700,16212.480,9846.265,196.624,886.816,16.051,63.201,6686,7818,2.390,1.760,1,3,0,384.220,0,0,17,252,0,27,0
14-01 15:02:21,59.167,22.468,16.726,0.499,0,4817632,127488,164088,2872180,15397.300,4420.770,966.638,1074.486,39.944,59.916,8820,13519,2.680,1.830,1.030,5,0,372.475,0,0,17,255,0,30,0
14-01 15:02:22,55.248,25.135,19.162,0.249,0,4877388,132236,164096,2809860,16218.905,7310.602,83.618,680.889,4.977,41.809,7528,8773,2.680,1.830,1.030,4,0,446.958,0,0,17,258,0,29,0
14-01 15:02:23,50.925,20.571,26.842,1.003,0,4889244,159452,164104,2771176,13724.227,6735.177,549.892,875.011,36.124,61.211,8731,14250,2.680,1.830,1.030,6,0,273.943,0,0,17,263,0,32,0
14-01 15:02:24,68.080,13.266,18.021,0.250,0,5045168,128596,164108,2647628,11028.912,3873.535,672.788,528.619,6.007,16.019,4766,5488,2.680,1.830,1.030,3,0,18.021,0,0,17,264,0,32,0
14-01 15:02:25,54.798,11.010,30.527,2.752,0,5070812,158772,163660,2593696,25734.395,16903.710,1213.056,5777.027,88.077,121.105,9667,20266,2.680,1.830,1.030,3,0,9.008,0,0,17,268,0,38,0
14-01 15:02:26,60.549,9.967,27.907,0.997,0,5102204,126840,163688,2594208,11862.626,3965.837,1108.321,673.764,27.907,59.802,5050,3969,2.700,1.850,1.040,4,0,18.937,0,0,17,273,0,37,0
14-01 15:02:27,42.604,26.314,27.568,3.509,0,5052596,172304,163964,2597972,18151.447,12528.679,4426.840,3728.129,75.184,217.533,8720,9326,2.700,1.850,1.040,3,0,541.326,0,0,17,273,0,38,0
14-01 15:02:28,54.818,25.281,18.773,0.250,0,5067972,156552,163964,2598792,9315.601,1622.020,1113.387,364.454,14.017,28.035,7548,10060,2.700,1.850,1.040,2,0,343.428,0,0,17,273,0,38,0
14-01 15:02:29,63.083,17.703,17.204,1.745,0,5130820,125896,163968,2567156,25890.434,11456.659,738.045,742.035,23.937,23.937,6063,5952,2.700,1.850,1.040,4,0,240.363,0,0,18,277,0,38,0
14-01 15:02:30,69.424,11.487,5.744,12.237,0,5183656,142324,163972,2499712,35355.324,2659.091,1873.950,5945.496,101.889,551.397,6594,4351,2.700,1.850,1.040,5,1,15.983,0,0,18,280,0,39,0
14-01 15:02:31,79.516,12.291,6.522,2.258,0,5259636,156340,163988,2412000,46445.608,7206.143,3102.394,2167.261,157.528,249.837,7593,8172,2.810,1.890,1.060,2,2,11.037,0,0,18,283,0,37,0
14-01 15:02:32,63.511,14.753,17.503,3.751,0,5265320,180684,164012,2382836,14585.521,7054.219,1048.181,1548.268,37.006,116.020,7464,8483,2.810,1.890,1.060,2,0,226.039,0,0,18,286,1,39,0
14-01 15:02:33,36.089,7.716,54.258,0.249,0,5310808,167060,164024,2351880,13836.197,8473.153,772.549,386.275,7.964,24.889,3575,2579,2.810,1.890,1.060,1,0,8.960,0,0,18,290,0,39,0
14-01 15:02:34,35.067,7.765,55.606,0.250,0,5272636,205088,164024,2352024,45944.729,11439.844,817.561,2188.178,9.017,133.254,4749,5015,2.810,1.890,1.060,2,0,13.025,0,0,18,292,0,40,1
14-01 15:02:35,44.060,12.767,41.306,1.502,0,5315784,145628,164024,2368304,16564708.102,103431.192,793.083,348.476,8.011,31.042,9862,4911,2.810,1.890,1.060,3,1,95.130,0,0,18,293,0,38,0
14-01 15:02:36,39.521,14.007,40.021,6.003,0,5334104,144584,164024,2352036,15507.189,7798.118,2273.200,13419.086,37.020,795.420,7167,13152,2.660,1.870,1.060,4,0,207.109,0,0,18,298,0,39,0
14-01 15:02:37,32.886,5.232,60.042,0.249,0,5331204,176292,164024,2324404,19769.617,12109.115,0,482.332,0,50.824,3888,3620,2.660,1.870,1.060,2,0,4.983,0,0,18,298,0,40,0
14-01 15:02:38,35.723,4.497,58.206,0.749,0,5372308,134540,164028,2325052,14448.193,111367.700,463.653,10711.988,27.979,71.946,4622,6155,2.660,1.870,1.060,1,0,0.999,0,0,18,302,0,43,0
14-01 15:02:39,16.823,3.515,77.837,0,0,5317708,189116,164028,2325076,301012.059,12142528.118,0,498.156,0,46.200,4398,3104,2.660,1.870,1.060,2,0,5.022,0,0,18,301,0,39,0
14-01 15:02:40,2.243,2.243,93.710,0.249,0,5299136,207692,164028,2325080,126469.482,4231332.834,3.988,6232.705,0.997,191.407,2204,2056,2.660,1.870,1.060,0,0,31.901,0,0,18,301,0,39,0
14-01 15:02:41,2.249,0.750,94.698,0.500,0,5299136,207692,164028,2325080,7176.070,1619.113,0,1163.363,0,79.956,1770,2487,2.450,1.840,1.050,0,0,0.999,0,0,18,301,0,39,0
14-01 15:02:42,11.258,2.252,84.057,0.250,0,5308928,197864,164028,2325116,8209535.452,28719.347,0,412.278,0,47.032,5374,5429,2.450,1.840,1.050,1,0,3.002,0,0,18,309,0,39,0
14-01 15:02:43,18.066,9.535,70.255,0.753,0,5218108,272568,164032,2341196,8344267.464,72136.898,80.292,670.434,5.018,54.197,8846,8332,2.450,1.840,1.050,1,0,168.612,0,0,18,307,0,40,0
14-01 15:02:44,16.185,11.952,70.467,0.249,0,5266540,224020,164032,2341296,10562.598,1613.523,11.952,16338.412,0.996,61.752,4592,4270,2.450,1.840,1.050,1,0,298.801,0,0,18,309,0,40,0
14-01 15:02:45,18.522,9.011,71.085,0.250,0,5253452,237092,164036,2341308,8704.400,1692.022,4.005,13704.375,1.001,80.096,4026,3407,2.450,1.840,1.050,1,0,158.189,0,0,18,309,0,40,0
14-01 15:02:46,8.490,19.977,69.421,0.999,0,5259444,231020,164040,2341384,5554.658,1660.105,19.977,195.776,1.998,18.978,6534,5608,2.330,1.830,1.050,3,0,449.487,0,0,18,309,0,40,0
14-01 15:02:47,2.249,3.748,93.461,0,0,5255748,234688,164040,2341412,9000.223,1619.320,15.993,47.980,1.000,4.998,1903,2100,2.330,1.830,1.050,0,0,60.974,0,0,18,309,0,38,0
14-01 15:02:48,19.749,4.750,74.247,0,0,5309968,180452,164040,2341412,8223.678,1457.943,0,0,0,0,2334,2000,2.330,1.830,1.050,1,0,14.999,0,0,18,309,0,38,0
14-01 15:02:49,18.006,2.501,78.526,0,0,5325008,165208,164040,2341616,14749.920,10613.540,64.021,180.060,4.001,24.008,2576,2660,2.330,1.830,1.050,1,0,3.001,0,0,18,313,0,39,0
14-01 15:02:50,13.255,14.756,70.529,0.500,0,5311340,178776,164044,2341712,9755.959,1620.658,16.006,4.002,4.002,1.000,5275,4105,2.330,1.830,1.050,1,0,221.090,0,0,18,313,0,39,0
14-01 15:02:51,12.279,16.790,69.416,0,0,5281332,208416,164044,2342052,7191.201,1623.884,0,120.288,0,9.022,5665,4375,2.230,1.810,1.050,2,0,212.508,0,0,18,313,0,38,0
14-01 15:02:52,15.764,12.261,70.314,1.001,0,5310080,179556,164044,2342132,8780.998,1621.477,4.004,360.328,1.001,32.029,4717,3888,2.230,1.810,1.050,1,0,165.150,0,0,18,313,0,38,0
14-01 15:02:53,23.912,2.989,70.988,0,0,5371056,118536,164044,2342176,5888.257,1614.040,31.882,338.749,0.996,36.864,2665,2528,2.230,1.810,1.050,3,0,1.993,0,0,18,315,0,38,0
14-01 15:02:54,23.750,3.000,71.000,1.250,0,5396108,125412,164044,2311724,7827.982,1619.996,395.999,311.999,13.000,34.000,2740,2656,2.230,1.810,1.050,2,0,5.000,0,0,18,319,0,38,0
14-01 15:02:55,23.493,3.249,71.979,0,0,5316312,205052,164044,2311880,9372.223,1619.520,19.994,187.944,3.999,9.997,2341,2129,2.230,1.810,1.050,2,0,4.999,0,0,18,315,0,37,0
14-01 15:02:56,22.754,4.251,71.264,0.250,0,5378876,142476,164044,2311892,9512.852,1458.284,0,508.099,0,40.008,2433,2446,2.130,1.800,1.050,2,0,4.001,0,0,18,315,0,37,0
14-01 15:02:57,9.995,1.499,86.955,0.250,0,5379428,141876,164044,2311940,24835.109,20422.399,31.983,207.892,1.999,19.990,2613,3069,2.130,1.800,1.050,2,0,0.999,0,0,18,318,0,38,0
14-01 15:02:58,23.260,4.502,71.280,0,0,5339724,181572,164044,2311948,8893.723,1818.761,0,140.059,0,8.003,2552,2030,2.130,1.800,1.050,1,0,16.007,0,0,18,315,0,39,0
14-01 15:02:59,25.249,2.750,71.746,0.250,0,5377132,144156,164044,2311956,8958.553,1619.919,0,171.991,0,21.999,2283,1895,2.130,1.800,1.050,1,0,0,0,0,18,315,0,39,0
14-01 15:03:00,13.046,14.301,71.503,0,0,5344048,177076,164048,2312116,42616.708,1625.749,393.391,313.107,5.018,7.025,5065,4057,2.130,1.800,1.050,3,0,254.901,0,0,18,315,0,39,0
14-01 15:03:01,12.962,15.206,69.298,0.499,0,5339808,181160,164052,2312268,43119.483,1615.298,47.861,3430.016,6.980,454.676,6303,4474,2.040,1.780,1.050,1,0,328.045,0,0,18,315,0,39,0
14-01 15:03:02,22.482,3.747,71.944,0.749,0,5363768,157044,164208,2312268,7171.409,2111.354,123.903,471.632,4.996,24.981,2680,2393,2.040,1.780,1.050,1,0,32.974,0,0,18,316,0,39,0
14-01 15:03:03,20.501,2.000,76.003,0.250,0,5359796,154608,164660,2318112,15609.620,3472.138,80.003,1052.042,3.000,30.001,2305,2200,2.040,1.780,1.050,1,0,1.000,0,0,18,315,0,39,0
14-01 15:03:04,19.758,3.501,75.779,0,0,5355012,158556,164704,2318888,11674.447,2797.066,0,392.149,0,13.005,2473,2218,2.040,1.780,1.050,0,0,21.008,0,0,18,316,0,39,0
14-01 15:03:05,21.743,2.499,73.726,0.750,0,5337260,169672,165292,2324792,11398.300,3451.879,0,3830.756,0,139.955,2878,3113,2.040,1.780,1.050,2,0,5.998,0,0,18,315,0,39,0
14-01 15:03:06,18.249,4.500,75.247,0,0,5293692,212708,165312,2325304,12558.510,3720.855,4.000,435.983,1.000,11.000,9470,17635,1.870,1.750,1.040,0,0,8.000,0,0,18,316,0,39,0
14-01 15:03:07,21.764,6.254,69.295,0.250,0,5321208,184768,165368,2325672,11319.345,2517.634,72.047,544.353,7.005,25.016,10301,18699,1.870,1.750,1.040,1,0,13.008,0,0,18,316,0,39,0
14-01 15:03:08,22.738,4.498,72.213,0.250,0,5307820,209628,165488,2314064,8321.771,1793.089,0,751.618,0,24.987,2527,2156,1.870,1.750,1.040,1,0,7.996,0,0,18,315,0,39,0
14-01 15:03:09,15.258,14.008,69.788,0,0,5299532,217832,165488,2314132,5855.154,1620.873,0,0,0,0,4660,4018,1.870,1.750,1.040,1,0,264.142,0,0,18,315,0,39,0
14-01 15:03:10,22.210,1.996,74.616,0,0,5336968,180212,165488,2314316,8040.600,3583.582,0,0,0,0,2208,1756,1.870,1.750,1.040,1,0,0,0,0,18,316,0,39,0
14-01 15:03:11,15.797,6.519,75.723,0.251,0.251,5313980,203000,165488,2314500,18678.128,9972.433,48.142,1263.730,3.009,100.296,3786,3384,1.800,1.740,1.040,2,0,87.258,0,0,18,315,0,42,0
14-01 15:03:12,23.203,4.990,70.358,0.249,0,5376616,140344,165488,2314520,7184.492,1455.062,0,359.274,0,49.899,2987,2909,1.800,1.740,1.040,1,0,26.946,0,0,18,317,0,42,0
14-01 15:03:13,16.803,5.267,76.741,0.251,0,5361784,155068,165488,2314628,19538.370,10304.366,80.252,321.008,4.013,26.082,3304,3215,1.800,1.740,1.040,1,0,71.224,0,0,18,319,0,43,0
14-01 15:03:14,21.943,4.987,72.062,0,0,5341952,205976,165492,2284420,7318.889,1615.781,0,203.469,0,11.969,2366,2003,1.800,1.740,1.040,1,0,0.997,0,0,18,319,0,43,0
14-01 15:03:15,17.552,3.510,77.979,0,0,5283568,264348,165492,2284432,22843.107,14765.377,0,345.014,0,20.059,3005,2784,1.800,1.740,1.040,3,0,40.118,0,0,18,319,0,44,0
14-01 15:03:16,24.464,5.742,68.899,0,0.250,5345944,201852,165492,2284552,7582.838,1617.619,0,675.006,0,9.985,3523,4998,1.740,1.730,1.040,1,0,16.975,0,0,18,319,0,43,0
14-01 15:03:17,19.703,1.995,76.818,0,0,5304972,242800,165492,2284576,16427.069,11932.720,0,0,0,0,2715,2570,1.740,1.730,1.040,3,0,1.995,0,0,18,319,0,46,0
14-01 15:03:18,22.258,5.752,70.277,0.250,0,5364620,183136,165492,2284592,9329.549,1620.616,0,304.116,0,21.008,3021,2706,1.740,1.730,1.040,1,0,30.011,0,0,18,319,0,46,0
14-01 15:03:19,15.253,2.251,82.019,0.250,0,5371100,176644,165492,2284604,15554.538,10618.415,0,204.046,0,21.005,2312,2343,1.740,1.730,1.040,0,0,0,0,0,18,320,0,46,0
14-01 15:03:20,17.569,5.522,75.797,0,0,5386644,161100,165492,2284604,8543.474,3389.280,0,224.881,0,23.090,3023,2889,1.740,1.730,1.040,1,0,47.185,0,0,18,319,0,40,0
14-01 15:03:21,19.475,2.247,76.903,0.250,0,5410004,137728,165492,2284616,14821.221,7334.707,0,275.651,0,12.984,2319,2021,1.680,1.720,1.040,1,0,0,0,0,18,320,0,40,0
14-01 15:03:22,20.689,4.985,73.034,0,0,5339132,208456,165492,2284760,11541.914,6124.912,0,279.176,0,27.918,3120,2833,1.680,1.720,1.040,1,0,31.906,0,0,18,319,0,43,0
14-01 15:03:23,19.255,2.751,76.521,0.250,0,5365764,181808,165492,2284776,15000.183,7346.048,0,296.083,0,24.007,2517,2426,1.680,1.720,1.040,1,0,0,0,0,18,322,0,43,0
14-01 15:03:24,12.803,6.527,79.326,0,0,5328832,218720,165492,2284796,14141.187,6840.145,0,361.487,0,34.140,3481,3570,1.680,1.720,1.040,1,0,89.368,0,0,18,321,0,38,0
14-01 15:03:25,22.153,3.236,73.428,0,0,5383260,164288,165492,2284800,7280.083,3574.330,0,139.389,0,8.961,2384,1995,1.680,1.720,1.040,0,0,0,0,0,18,322,0,38,0
14-01 15:03:26,18.514,4.253,76.560,0.250,0,5310420,237108,165492,2284820,29687.202,21915.128,0,712.557,0,46.036,3036,2888,1.620,1.700,1.040,2,0,48.038,0,0,18,321,0,40,0
14-01 15:03:27,21.994,4.249,72.232,0.250,0,5367332,180192,165492,2284824,9142.678,2199.441,0,227.942,0,25.993,2564,2462,1.620,1.700,1.040,1,0,1.000,0,0,18,322,0,40,0
14-01 15:03:28,17.739,2.998,77.701,0.250,0,5308224,238840,165492,2285284,16609.506,9792.813,447.717,211.866,26.983,12.992,2727,2579,1.620,1.700,1.040,1,0,13.991,0,0,18,321,0,34,0
14-01 15:03:29,21.761,4.002,72.535,0,0,5348340,198724,165492,2285284,9284.536,1862.910,0,108.053,0,13.006,2259,1926,1.620,1.700,1.040,0,0,0,0,0,18,321,1,34,0
14-01 15:03:30,17.797,3.259,76.951,1.253,0,5344968,200424,165492,2286956,50184.131,7960.802,1668.359,2622.854,58.152,209.548,4882,6185,1.620,1.700,1.040,3,0,2.005,0,0,18,324,0,34,0
14-01 15:03:31,23.689,5.237,70.320,0.249,0,5322732,222324,165492,2287292,44754.678,2852.713,255.348,734.125,14.962,78.799,3646,4001,1.620,1.700,1.040,1,0,4.987,0,0,18,323,0,35,0
14-01 15:03:32,18.819,2.258,77.534,0.502,0,5341816,203144,165496,2287384,15878.069,8094.604,4.015,529.938,1.004,40.147,2570,2586,1.570,1.690,1.040,2,0,0,0,0,18,324,0,33,0
14-01 15:03:33,19.753,5.001,73.510,0.750,0,5299888,244704,165496,2287752,11467.607,6080.852,176.025,3752.526,8.001,500.070,5744,6845,1.570,1.690,1.040,1,0,26.004,0,0,18,323,0,34,0
14-01 15:03:34,8.997,22.743,66.981,0.250,0,5309016,235540,165496,2287788,8699.493,1457.580,0,827.762,0,58.983,7351,6479,1.570,1.690,1.040,2,0,637.816,0,0,18,323,0,34,0
14-01 15:03:35,9.256,22.265,66.544,0,0,5304544,239980,165496,2287820,8961.987,1621.083,0,2257.508,0,142.095,7593,7053,1.570,1.690,1.040,1,0,674.451,0,0,18,323,0,34,0
14-01 15:03:36,13.501,25.501,61.252,0,0,5316328,228164,165496,2287852,11439.431,1620.061,0,248.009,0,31.001,8234,15043,1.570,1.690,1.040,2,0,710.027,0,0,18,323,0,33,0
14-01 15:03:37,8.000,22.250,67.750,0,0,5310456,234004,165496,2287884,6955.046,1620.011,0,120.001,0,16.000,7185,6318,1.450,1.660,1.030,1,0,610.004,0,0,18,323,0,33,0
14-01 15:03:38,8.726,22.190,67.068,0.499,0,5310968,233452,165496,2287924,10271.093,1615.610,0,993.301,0,185.496,7591,6545,1.450,1.660,1.030,1,0,592.390,0,0,18,323,0,33,0
14-01 15:03:39,10.275,19.798,69.169,0.501,0,5319288,224988,165496,2288068,8272.264,1623.978,104.255,116.285,9.022,11.027,6426,5470,1.450,1.660,1.030,1,0,476.166,0,0,18,323,0,33,0
14-01 15:03:40,15.691,8.468,71.480,2.989,0,5322744,328512,165568,2192788,5810.070,1683.645,1032.104,2490.599,128.515,10.959,2953,2797,1.450,1.660,1.030,1,0,41.842,0,0,18,323,0,26,0
14-01 15:03:41,23.976,3.247,70.929,0.250,0,5329256,317956,165572,2196828,6234.779,1618.385,15.984,1266.736,2.997,28.971,2871,2692,1.450,1.660,1.030,1,0,17.982,0,0,18,323,0,26,0
14-01 15:03:42,13.503,1.750,81.521,1.750,0,5344336,302080,165572,2197660,20139.164,7206.848,496.127,6061.554,20.005,197.051,2748,2715,1.410,1.650,1.030,1,0,1.000,0,0,18,324,0,26,0
14-01 15:03:43,10.995,1.499,83.962,1.999,0,5338404,307216,165596,2198432,22994.465,11592.689,499.771,1419.350,48.978,75.965,2225,2380,1.410,1.650,1.030,2,0,0,0,0,18,324,0,26,0
14-01 15:03:44,13.505,1.501,82.281,1.000,0,5360888,283396,165684,2199676,22863.527,10197.803,928.346,1196.446,48.018,45.017,2084,1955,1.410,1.650,1.030,3,0,1.000,0,0,18,324,0,23,0
14-01 15:03:45,16.006,1.501,79.782,1.501,0,5365508,277972,165764,2200400,21540.519,9504.759,548.217,3985.576,42.017,178.070,2615,2754,1.410,1.650,1.030,1,0,0,0,0,18,324,0,23,0
14-01 15:03:46,15.259,1.001,80.797,2.001,0,5369760,272684,165844,2201352,20356.841,8603.004,760.442,908.528,38.022,34.020,2097,1906,1.410,1.650,1.030,1,0,0,0,0,18,324,0,23,0
14-01 15:03:47,12.496,1.250,83.722,1.250,0,5368472,273116,165940,2202108,21822.590,10847.317,487.834,1055.642,42.985,35.988,1986,1941,1.380,1.640,1.030,1,0,0,0,0,18,324,0,23,0
14-01 15:03:48,18.245,4.499,70.729,5.498,0,5382524,220488,166288,2240320,6252.145,1565.536,15183.496,1455.568,149.956,47.986,2788,2348,1.380,1.640,1.030,1,0,6.998,0,0,18,324,0,23,0
14-01 15:03:49,24.016,2.752,72.048,0,0,5380012,206508,166868,2256216,5532.661,1621.073,0,1569.038,0,37.025,2445,2141,1.380,1.640,1.030,1,0,0,0,0,18,324,0,23,0
14-01 15:03:50,23.744,3.249,71.733,0.250,0,5403972,169948,166980,2268652,9326.814,1619.620,0,679.841,0,19.995,2513,2154,1.380,1.640,1.030,1,0,0,0,0,18,324,0,23,0
14-01 15:03:51,22.748,3.000,71.493,1.250,0,5387756,163196,167512,2290724,7542.270,1619.843,0,2823.727,0,123.988,3043,2803,1.380,1.640,1.030,1,0,0,0,0,18,324,0,23,0
14-01 15:03:52,23.503,3.000,71.008,1.250,0,5380568,143432,168212,2316616,8713.005,1620.187,8.001,3492.403,2.000,130.015,3184,3080,1.350,1.630,1.030,1,0,0,0,0,18,324,0,23,0
14-01 15:03:53,24.491,2.999,70.974,0.750,0,5401792,130108,168412,2308376,9251.662,1793.353,15.994,2882.960,1.000,214.922,3216,2917,1.350,1.630,1.030,1,0,0,0,0,18,323,0,22,0
14-01 15:03:54,23.308,4.010,71.930,0,0,5383960,147960,168412,2308244,8886.203,1624.058,0,485.212,0,10.025,2659,2079,1.350,1.630,1.030,1,0,36.090,0,0,18,323,0,22,0
14-01 15:03:55,17.950,2.493,77.785,0,0.249,5379052,146452,168552,2314500,13358.155,3954.094,0,1507.841,0,24.931,2198,1980,1.350,1.630,1.030,1,0,0.997,0,0,18,323,0,22,0
14-01 15:03:56,18.551,3.259,77.965,0.251,0,5387556,137660,168556,2314764,12314.932,4268.762,0,513.415,0,23.064,2432,2407,1.350,1.630,1.030,1,0,19.052,0,0,18,324,0,22,0
14-01 15:03:57,23.204,5.489,68.613,0.250,0,5363504,154492,168960,2321012,9800.444,1856.296,0,1385.236,0,32.934,10424,19079,1.320,1.620,1.030,1,0,14.970,0,0,18,323,0,22,0
14-01 15:03:58,23.505,5.501,69.016,0,0,5383016,134612,169016,2321276,8928.043,1620.371,0,84.019,0,1.000,10304,18738,1.320,1.620,1.030,1,0,13.003,0,0,18,323,0,22,0
14-01 15:03:59,24.484,6.995,67.206,0.250,0,5335900,195100,169056,2308344,5804.202,1618.941,0,2542.336,0,30.980,2771,2205,1.320,1.620,1.030,2,0,9.993,0,0,18,323,0,22,0
14-01 15:04:00,43.092,10.523,45.848,0,0,5367500,163468,169056,2308376,43547.378,1623.481,769.650,4.009,6.013,1.002,12264,19383,1.320,1.620,1.030,3,0,64.138,0,0,18,323,0,22,0
14-01 15:04:01,28.430,5.237,64.592,0,0,5362948,168004,169056,2308392,41728.929,2107.844,255.375,15.961,1.995,1.995,3080,2166,1.320,1.620,1.030,1,0,35.912,0,0,18,324,0,20,0
14-01 15:04:02,19.763,2.502,76.302,0,0,5356288,168008,169300,2314804,15561.569,3474.360,0,1729.174,0,40.027,2422,2343,1.290,1.610,1.030,1,0,2.001,0,0,18,323,0,20,0
14-01 15:04:03,18.249,3.250,77.494,0.250,0,5356376,167784,169300,2314940,14811.885,4388.670,15.999,555.958,1.000,34.997,2627,2691,1.290,1.610,1.030,1,0,16.999,0,0,18,324,0,20,0
14-01 15:04:04,23.246,5.749,68.489,0.250,0,5351556,165628,169520,2321164,5973.043,1793.713,0,1987.682,0,183.971,10955,19092,1.290,1.610,1.030,1,0,16.997,0,0,18,323,0,20,0
14-01 15:04:05,22.975,6.743,68.426,0.250,0,5338304,178544,169588,2321400,9738.452,1618.247,0,719.221,0,25.972,10536,19070,1.290,1.610,1.030,1,0,13.985,0,0,18,323,0,20,0
14-01 15:04:06,20.522,6.006,72.077,0,0,5316428,213772,169616,2308420,9141.767,1621.733,0,941.005,0,20.021,2632,2191,1.290,1.610,1.030,1,0,12.013,0,0,18,323,0,20,0
14-01 15:04:07,22.513,4.753,71.292,0,0,5317632,212620,169616,2308432,5624.310,1620.954,0,168.099,0,8.005,2887,2375,1.270,1.600,1.030,2,0,70.041,0,0,18,323,0,20,0
14-01 15:04:08,23.003,4.250,72.258,0,0,5317988,204556,169628,2316128,8449.958,1620.184,0,16.002,0,4.000,2952,2727,1.270,1.600,1.030,1,0,43.005,0,0,18,323,0,20,0
14-01 15:04:09,21.743,2.499,74.726,0,0,5323064,196492,169676,2319068,11993.076,2957.032,0,0,0,0,2316,1932,1.270,1.600,1.030,0,0,15.995,0,0,18,324,0,20,0
14-01 15:04:10,13.246,1.749,83.475,0.500,0,5335328,184052,169748,2319180,21157.596,9811.030,0,2139.352,0,53.984,2193,2287,1.270,1.600,1.030,2,0,0,0,0,18,324,0,20,0
14-01 15:04:11,9.492,1.499,87.423,0.500,0,5333320,185496,169852,2319624,23183.522,11298.021,0,1258.888,0,50.955,2031,2357,1.270,1.600,1.030,0,0,0.999,0,0,18,324,0,20,0
14-01 15:04:12,7.263,2.254,88.907,0.501,0,5333892,184664,169948,2319788,146812.374,9206.265,0,12397.903,0,150.265,2396,2853,1.170,1.570,1.030,2,0,1.002,0,0,18,325,0,20,0
14-01 15:04:13,9.988,1.248,84.897,2.247,0,5336736,181712,170028,2319972,26368.860,8914.135,31.961,7682.636,0.999,381.535,2634,2552,1.170,1.570,1.030,0,0,0,0,0,18,325,0,17,0
14-01 15:04:14,20.090,2.009,76.342,0.251,0,5354444,163696,170092,2320200,20934.892,7925.546,0,912.091,0,34.153,3378,4347,1.170,1.570,1.030,1,0,1.005,0,0,18,325,0,17,0
14-01 15:04:15,13.692,1.743,82.400,0.747,0.249,5369276,148468,170180,2320476,23745.044,10034.337,0,2226.534,0,200.149,2717,2764,1.170,1.570,1.030,4,0,0.996,0,0,18,325,0,17,0
14-01 15:04:16,13.253,2.000,83.017,0.750,0,5369648,147352,170400,2320920,324496.671,19307.907,0,2120.429,0,91.018,2832,2946,1.170,1.570,1.030,0,0,0,0,0,18,325,0,17,0
14-01 15:04:17,8.249,1.500,87.992,1.000,0,5368576,147804,170616,2321196,87084.784,15109.574,35.997,1943.817,5.999,80.992,2028,2247,1.230,1.580,1.030,0,0,0,0,0,18,325,0,15,0
14-01 15:04:18,14.731,1.498,81.646,0.499,0,5367748,139516,170692,2330140,113009.411,11740.083,99.873,1146.543,4.994,42.945,2092,1969,1.230,1.580,1.030,0,0,0.999,0,0,18,325,0,15,0
14-01 15:04:19,9.261,3.003,84.848,0.501,0,5362200,134288,170772,2341628,15922575.398,91117.703,0,6459.494,0,44.051,6434,3643,1.230,1.580,1.030,1,0,3.003,0,0,18,325,0,15,0
14-01 15:04:20,15.531,2.505,79.907,1.252,0,5367072,126612,170940,2344200,1804926.078,11850.354,164.324,13362.334,4.008,90.178,2859,2422,1.230,1.580,1.030,1,0,2.004,0,0,18,325,0,15,0
14-01 15:04:21,20.957,4.990,71.353,0.748,0,5360824,139584,172936,2333444,9242.943,1616.667,0,4790.124,0,100.792,2855,2592,1.230,1.580,1.030,1,0,0,0,0,18,325,0,11,0
14-01 15:04:22,24.514,3.002,70.790,0.250,0,5375548,134644,173444,2322860,5627.204,1620.923,0,2201.253,0,60.034,2811,2719,1.300,1.590,1.040,2,0,0,0,0,18,325,0,11,0
14-01 15:04:23,25.485,5.247,68.210,0.500,0,5398772,133392,173648,2301232,10387.945,1619.056,3.998,87968.721,0.999,299.825,3699,3103,1.300,1.590,1.040,1,1,0,0,0,18,325,0,11,0
14-01 15:04:24,22.495,3.499,71.735,1.000,0,5381456,146448,174580,2303708,8155.268,1565.668,0,2467.476,0,95.980,2882,2505,1.300,1.590,1.040,1,0,1.000,0,0,18,325,0,11,0
14-01 15:04:25,23.264,3.752,71.044,0.750,0,5378716,144516,175076,2306808,10812.731,1512.942,0,3390.110,0,246.153,3159,2479,1.300,1.590,1.040,1,0,0,0,0,18,325,0,7,0
14-01 15:04:26,24.480,2.998,70.692,0.500,0,5385604,142504,176248,2299764,8815.786,1618.675,0,2449.995,0,57.953,2769,2571,1.300,1.590,1.040,1,0,0.999,0,0,18,325,0,7,0
14-01 15:04:27,24.246,3.249,71.238,0.750,0,5383272,149004,177004,2294764,7150.766,1619.720,0,2227.616,0,77.987,2968,2867,1.350,1.590,1.040,1,0,1.000,0,0,18,325,0,7,0
14-01 15:04:28,20.006,3.001,75.274,0.750,0,5382432,134380,177792,2308148,9686.115,2958.952,4.001,8006.575,1.000,88.028,2603,2395,1.350,1.590,1.040,0,0,0,0,0,18,326,0,7,0
14-01 15:04:29,22.264,2.502,74.297,0,0,5320632,231476,177792,2272860,10896.917,2939.866,0,840.534,0,23.015,2322,1923,1.350,1.590,1.040,1,0,2.001,0,0,18,323,0,3,0
14-01 15:04:30,18.740,2.998,76.707,0,0,5359640,191420,177792,2273912,47825.395,3788.892,0,195.891,0,3.998,2569,2192,1.350,1.590,1.040,1,0,32.982,0,0,18,324,0,3,0
14-01 15:04:31,23.757,3.751,72.271,0.250,0,5363212,181988,177868,2279388,45526.022,1794.513,0,1120.320,0,8.002,2516,1986,1.350,1.590,1.040,1,0,3.001,0,0,18,323,0,3,0
14-01 15:04:32,17.498,2.500,77.993,0.250,0,5362836,174864,178384,2285304,15429.537,4628.561,0,1643.844,0,43.996,2442,2375,1.560,1.630,1.060,3,0,17.998,0,0,18,323,0,3,0
14-01 15:04:33,22.998,6.499,68.245,0,0,5363212,173896,178412,2285784,9158.280,1619.873,0,1295.898,0,14.999,10542,19225,1.560,1.630,1.060,1,0,11.999,0,0,18,323,0,1,0
14-01 15:04:34,24.008,6.252,68.772,0.250,0,5359216,177680,178456,2285916,8816.759,1620.507,16.005,1696.531,1.000,23.007,11593,20385,1.560,1.630,1.060,2,0,14.004,0,0,18,323,0,1,0
14-01 15:04:35,21.755,5.751,71.518,0,0,5352012,184824,178484,2285912,6244.548,1620.402,0,576.143,0,23.006,2530,2168,1.560,1.630,1.060,2,0,7.002,0,0,18,323,0,1,0
14-01 15:04:36,25.327,6.520,66.451,1.003,0,5339620,210308,178488,2276764,10008.289,1624.918,232.704,1472.456,4.012,119.361,3100,6812,1.560,1.630,1.060,4,0,40.121,0,0,18,323,0,1,0
14-01 15:04:37,26.497,5.749,65.243,1.000,0,5328612,219212,178488,2276256,7235.260,1619.834,483.951,5663.421,14.998,244.975,5962,12268,1.760,1.670,1.070,3,0,4.000,0,0,18,324,0,5,0
14-01 15:04:38,23.770,7.506,65.555,1.751,0,5263216,283392,178488,2277480,5936.977,1621.359,944.792,7358.169,51.043,392.329,8131,11402,1.760,1.670,1.070,2,0,67.056,0,0,18,325,0,5,0
14-01 15:04:39,11.726,16.216,69.606,0.998,0,5252156,293532,178488,2278400,9180.971,1616.649,858.221,1393.113,8.981,71.851,5960,5180,1.760,1.670,1.070,0,1,372.229,0,0,18,325,0,7,0
14-01 15:04:40,10.723,4.738,69.324,13.216,0,5261464,242152,178548,2320392,7343.385,1615.904,41961.628,2022.872,3447.261,49.874,6506,9132,1.760,1.670,1.070,1,0,9.975,0,0,18,325,0,7,0
14-01 15:04:41,5.002,2.501,87.283,4.252,0,5276812,225772,178960,2321012,13186.989,3148.191,996.377,2729.033,249.094,322.122,2966,3073,1.760,1.670,1.070,0,0,7.003,0,0,18,326,0,7,0
14-01 15:04:42,3.251,1.000,93.782,0.500,0,5276744,225772,178960,2321080,46666.837,4612.565,64.022,204.069,1.000,29.010,1808,2593,1.860,1.700,1.080,0,0,1.000,0,0,18,326,0,7,0
14-01 15:04:43,4.746,2.998,88.183,3.248,0,5247572,254500,179020,2321388,49111.795,129913.583,483.634,22510.947,19.985,610.537,3119,2277,1.860,1.700,1.080,0,0,11.991,0,0,18,325,0,7,0
14-01 15:04:44,1.500,0.750,96.016,0.250,0,5248108,254276,179020,2321392,8799.510,1620.278,0,852.146,0,30.005,1304,1777,1.860,1.700,1.080,0,0,1.000,0,0,18,325,0,7,0
14-01 15:04:45,2.251,1.000,95.780,0,0,5238332,264052,179020,2321392,9040.843,1620.510,0,56.018,0,6.002,1363,1835,1.860,1.700,1.080,0,0,0,0,0,18,327,0,7,0
14-01 15:04:46,1.250,0.500,96.736,0,0,5238572,263812,179020,2321392,9442.668,1619.772,0,0,0,0,1112,1612,1.860,1.700,1.080,1,0,0,0,0,18,327,0,7,0
14-01 15:04:47,1.250,0.750,96.754,0,0,5238572,263812,179020,2321392,7628.336,1620.071,0,0,0,0,1129,1656,1.870,1.700,1.090,0,0,0,0,0,18,327,0,7,0
14-01 15:04:48,2.500,2.000,94.009,0.250,0,5239060,263316,179020,2321400,8394.770,1620.149,0,524.048,0,53.005,1848,2360,1.870,1.700,1.090,0,0,6.001,0,0,18,327,0,7,0
14-01 15:04:49,1.749,0.749,96.681,0,0,5239012,263364,179020,2321400,7378.714,1456.956,0,31.977,0,3.997,1138,1634,1.870,1.700,1.090,0,0,0,0,0,18,327,0,7,0
14-01 15:04:50,1.501,0.751,96.327,0,0,5238844,263532,179020,2321400,7721.158,1621.293,0,4.003,0,1.001,1192,1612,1.870,1.700,1.090,0,0,0,0,0,18,327,0,7,0
14-01 15:04:51,1.750,0.250,96.526,0.250,0,5237480,264896,179020,2321400,8435.283,1620.439,0,68.018,0,9.002,1261,1717,1.870,1.700,1.090,0,0,0,0,0,18,327,0,7,0
14-01 15:04:52,2.749,2.499,93.477,0.500,0,5235884,266488,179020,2321404,9136.760,1619.603,0,359.912,0,36.991,1614,2109,1.880,1.710,1.100,0,0,0,0,0,18,327,0,7,0
14-01 15:04:53,2.008,3.513,93.857,0.251,0,5225204,277168,179020,2321404,10514.037,1626.192,0,41104.524,0,149.570,1869,1985,1.880,1.710,1.100,0,0,0,0,0,18,327,0,7,0
14-01 15:04:54,1.245,0.996,96.131,0,0,5225640,276728,179020,2321404,11044.574,1613.801,0,294.867,0,1.992,1221,1655,1.880,1.710,1.100,0,0,0.996,0,0,18,327,0,7,0
14-01 15:04:55,1.500,0.500,96.505,0,0,5225640,276728,179020,2321404,11072.627,1620.092,0,0,0,0,1275,1707,1.880,1.710,1.100,0,0,0,0,0,18,327,0,7,0
14-01 15:04:56,2.250,0.750,95.982,0,0,5225636,276728,179020,2321408,10150.115,1457.729,0,259.952,0,23.996,1434,2026,1.880,1.710,1.100,1,0,1.000,0,0,18,327,0,7,0
14-01 15:04:57,1.500,0.750,95.761,0,0,5225860,276504,179020,2321408,8901.011,1620.184,0,828.094,0,159.018,1650,2074,2.050,1.750,1.110,0,0,1.000,0,0,18,327,0,7,0
14-01 15:04:58,1.750,1.000,95.996,0.250,0,5225852,276504,179020,2321416,343152.449,1619.931,0,199.992,0,19.999,2152,2019,2.050,1.750,1.110,1,0,0,0,0,18,327,0,7,0
14-01 15:04:59,5.499,4.999,88.485,0.250,0,5239340,262972,179040,2321436,5763.051,1619.733,15.997,123971.590,3.999,606.900,3228,2518,2.050,1.750,1.110,2,0,2.000,0,0,18,327,0,7,0
14-01 15:05:00,20.767,6.005,72.059,0,0,5255556,246744,179040,2321448,75974.453,1707.404,768.632,2053.688,6.005,26.021,3296,2349,2.050,1.750,1.110,2,0,8.007,0,0,18,327,0,7,0
14-01 15:05:01,9.244,1.999,87.196,0,0,5254268,248032,179040,2321448,57196.311,1618.990,255.840,0,1.999,0,2068,1890,2.050,1.750,1.110,0,0,1.999,0,0,18,327,0,7,0
14-01 15:05:02,2.250,1.750,95.239,0.500,0,5254268,248032,179040,2321448,11506.636,1619.808,0,319.962,0,30.996,1668,2191,1.970,1.730,1.110,0,0,3.000,0,0,18,327,0,7,0
14-01 15:05:03,1.250,0.500,96.734,0,0,5253052,249248,179040,2321448,8861.562,1619.737,0,3.999,0,1.000,1189,1680,1.970,1.730,1.110,0,1,0,0,0,18,327,0,7,0
14-01 15:05:04,1.499,1.000,96.216,0,0,5251560,250740,179040,2321448,11092.127,1543.461,0,115.960,0,4.998,1343,1756,1.970,1.730,1.110,0,0,2.999,0,0,18,327,0,7,0
14-01 15:05:05,2.251,0.750,96.053,0,0,5248420,253876,179040,2321452,9815.382,1706.936,0,0,0,0,1252,1642,1.970,1.730,1.110,0,0,0,0,0,18,327,0,7,0
14-01 15:05:06,1.500,0.500,96.755,0,0,5247592,254700,179040,2321456,6267.306,1620.079,0,92.004,0,6.000,1114,1677,1.970,1.730,1.110,0,0,0,0,0,18,327,0,7,0
14-01 15:05:07,1.500,0.500,96.502,0,0,5247592,254700,179040,2321456,14485.335,1620.037,0,48.001,0,6.000,1298,1704,1.890,1.720,1.110,0,0,0,0,0,18,327,0,7,0
14-01 15:05:08,2.250,1.250,95.243,0.500,0,5247564,254700,179040,2321484,10570.208,1619.879,15.999,1287.903,1.000,199.985,1875,2344,1.890,1.720,1.110,0,0,0,0,0,18,327,0,7,0
14-01 15:05:09,1.999,0.999,95.687,0,0,5239064,263164,179040,2321520,7003.382,1618.932,0,2562.310,0,8.994,1339,1759,1.890,1.720,1.110,0,0,0,0,0,18,327,0,7,0
14-01 15:05:10,2.002,0.751,96.074,0,0,5239064,263164,179040,2321520,15725.069,1621.244,0,336.258,0,3.002,1405,1744,1.890,1.720,1.110,0,0,0,0,0,18,327,0,7,0
14-01 15:05:11,1.998,0.749,95.141,0.250,0,5239064,263164,179040,2321520,9511.102,1618.146,0,275.684,0,26.969,1527,2188,1.890,1.720,1.110,0,0,0.999,0,0,18,327,0,7,0
14-01 15:05:12,2.753,1.251,93.845,0.751,0,5239060,263164,179040,2321524,12185.387,1501.526,0,1373.396,0,112.114,1998,2804,1.740,1.690,1.100,0,1,1.001,0,0,18,327,0,7,0
14-01 15:05:13,1.500,1.000,96.021,0.250,0,5239280,262940,179044,2321524,10602.268,972.208,0,1996.427,0,110.024,1462,2177,1.740,1.690,1.100,0,0,0,0,0,18,327,0,7,0
14-01 15:05:14,13.300,3.764,81.308,0.502,0,5262428,239760,179080,2321520,423846.705,13310.488,4.015,1196.539,1.004,34.129,2937,2900,1.740,1.690,1.100,1,0,26.099,0,0,18,327,0,7,0
14-01 15:05:15,15.195,5.978,77.469,0.249,0,5230060,271204,179088,2322436,301626.913,13198.170,139.494,31.884,6.975,4.982,3404,2949,1.740,1.690,1.100,1,0,39.856,0,0,18,327,0,7,0
