"pcp-dstat 6.2.0 CSV Output"
"Author:","PCP team <pcp@groups.io> and Dag Wieers <dag@wieers.com>",,,,"URL:","https://pcp.io/ and http://dag.wieers.com/home-made/dstat/"
"Host:","ubuntu",,,,"User:","ubuntu"
"Cmdline:","dstat -tcmndrylpg --tcp --output /tmp/devstack_logs/dstat-csv.log",,,,"Date:","16 Jan 2026 11:38:28 UTC"
"system","total usage",,,,,"memory usage",,,,"net/total",,"dsk/total",,"io/total",,"system",,"load avg",,,"procs",,,"paging",,"tcp sockets",,,,
"time","total usage:usr","total usage:sys","total usage:idl","total usage:wai","total usage:stl","used","free","buf","cach","net/total:recv","net/total:send","dsk/total:read","dsk/total:writ","read","writ","int","csw","1m","5m","15m","run","blk","new","in","out","lis","act","syn","tim","clo"
16-01 11:38:28,,998416,1707096,161588,4954460,,,,,,,1.120,0.940,0.540,2,0,,,,10,6,0,17,0
16-01 11:38:29,22.731,20.233,55.204,0.500,0,1016280,1688728,161620,4954856,22127.596,9170.373,0,2318.072,0,90.924,6828,5829,1.120,0.940,0.540,3,0,525.563,0,0,10,6,0,17,0
16-01 11:38:30,26.502,18.001,54.754,0.250,0,979460,1724980,161644,4955240,50647.627,12336.884,0,2484.178,0,60.004,6112,5550,1.190,0.960,0.550,2,0,345.025,0,0,10,5,0,17,1
16-01 11:38:31,34.546,16.403,47.221,0.497,0,1016872,1687160,161736,4955552,23036.934,10181.861,0,1248.625,0,35.789,6151,17895,1.190,0.960,0.550,3,0,283.327,0,0,10,4,0,18,2
16-01 11:38:32,17.286,7.766,73.401,0.251,0,1133636,1554620,161888,5095508,157866.749,14206.314,16.033,1711.532,1.002,48.099,3548,3556,1.190,0.960,0.550,2,0,90.186,0,0,11,6,0,17,2
16-01 11:38:33,37.842,12.530,48.368,0.752,0,1157112,1512036,162820,5110592,74613.294,2173.281,0,2044.969,0,76.185,4817,2988,1.190,0.960,0.550,3,0,176.429,0,0,11,8,0,17,2
16-01 11:38:34,43.005,7.001,48.755,1.000,0,1218568,1431772,163336,5126728,9998.093,1620.177,32.003,3208.351,2.000,64.007,3599,2267,1.190,0.960,0.550,5,0,35.004,0,0,11,6,0,19,2
16-01 11:38:35,46.143,4.490,47.889,0.249,0,1263540,1366736,163752,5144648,8776.674,1508.506,0,5263.810,0,42.901,3145,1801,1.260,0.980,0.560,3,0,0,0,0,11,6,0,19,2
16-01 11:38:36,35.637,6.776,46.177,9.537,0,1288376,1319036,165728,5163128,26761.610,1712.566,0,37379.320,0,2690.315,16058,22206,1.260,0.980,0.560,3,1,52.200,0,0,11,8,0,19,2
16-01 11:38:37,36.784,9.008,41.288,10.760,0,1265120,1311128,167020,5190300,8641.034,1609.496,0,56264.314,0,3945.669,18365,23578,1.260,0.980,0.560,3,0,92.086,0,0,11,6,0,19,2
16-01 11:38:38,40.935,6.240,52.167,0.998,0,1325432,1238932,167728,5199720,11684.439,2953.309,0,2671.756,0,171.727,3395,2196,1.260,0.980,0.560,2,0,12.979,0,0,11,7,0,19,2
16-01 11:38:39,43.723,3.748,51.718,0,0,1305888,1276448,167728,5181948,21846.669,3068.128,0,1043.363,0,65.960,3017,1521,1.260,0.980,0.560,4,0,2.998,0,0,11,4,0,19,0
16-01 11:38:40,38.138,5.982,53.593,0.748,0,1332732,1249516,167808,5181956,13683.849,3714.102,0,6552.773,0,390.853,4039,3297,1.320,1,0.570,3,0,42.874,0,0,11,5,0,19,0
16-01 11:38:41,44.771,5.753,48.773,0.500,0,1324116,1250836,167920,5188476,14403.738,1794.840,0,1704.798,0,81.038,3187,1605,1.320,1,0.570,3,0,3.001,0,0,11,4,0,19,0
16-01 11:38:42,29.368,16.818,52.210,0.502,0,1286456,1280800,168404,5194416,16564.562,4810.329,0,1747.020,0,75.303,5770,4430,1.320,1,0.570,3,0,379.525,0,0,11,4,0,19,0
16-01 11:38:43,35.530,22.769,41.034,0,0,1266288,1300048,168492,5195516,6873.759,1513.268,0,120.101,0,10.008,13603,21801,1.320,1,0.570,3,0,433.363,0,0,11,4,0,19,0
16-01 11:38:44,53.165,18.384,26.831,0,0,1282572,1283428,168544,5195732,50771.775,1695.307,0,83.474,0,0.994,12704,21702,1.320,1,0.570,4,0,211.665,0,0,11,5,0,19,0
16-01 11:38:45,67.149,8.268,24.554,0.251,0,1297324,1283172,168564,5182844,7736.117,1569.473,0,3086.830,0,154.341,4034,1642,1.450,1.030,0.580,4,0,10.022,0,0,11,5,0,19,0
16-01 11:38:46,62.349,9.976,27.433,0,0,1283000,1297040,168584,5183280,40873.719,1616.075,0,12936.577,0,80.804,4008,1988,1.450,1.030,0.580,4,0,65.840,0,0,11,5,0,19,0
16-01 11:38:47,34.322,9.019,53.862,0.752,0,1306228,1271452,168608,5185604,17676.865,1623.386,0,3767.858,0,299.625,4854,4965,1.450,1.030,0.580,1,0,118.247,0,0,11,4,0,20,0
16-01 11:38:48,12.244,3.498,83.708,0.250,0,1345340,1232332,168616,5185604,7308.293,1619.179,0,603.694,0,24.987,1646,1469,1.450,1.030,0.580,2,0,21.989,0,0,11,4,0,20,0
16-01 11:38:49,22.491,3.249,73.472,0,0,1396060,1181612,168616,5185608,8733.635,1619.376,0,0,0,0,1850,1257,1.450,1.030,0.580,2,0,1.000,0,0,11,4,0,18,0
16-01 11:38:50,23.324,2.257,72.982,0.752,0.251,1417072,1160364,168624,5185840,18513.877,1625.168,0,1255.994,0,164.523,3167,3168,1.420,1.030,0.580,2,0,1.003,0,0,11,10,0,18,0
16-01 11:38:51,21.487,5.497,71.708,0.999,0,1335732,1241772,168672,5185852,8524.962,1619.043,0,21775.131,0,496.706,3908,3523,1.420,1.030,0.580,2,0,41.975,0,0,11,4,0,20,0
16-01 11:38:52,19.453,2.245,76.068,1.247,0,1367288,1209580,168948,5186140,11888.530,3473.681,371.111,885.879,19.952,9.976,1919,1388,1.420,1.030,0.580,1,0,0,0,0,11,5,0,20,0
16-01 11:38:53,16.742,1.999,74.963,4.998,0,1377508,1199024,168996,5186372,18232.973,3799.119,267.867,3382.325,65.967,133.934,2691,2455,1.420,1.030,0.580,2,0,1.000,0,0,11,17,0,16,0
16-01 11:38:54,19.275,5.006,75.097,0,0,1376212,1200176,168996,5186512,10188.196,5626.287,0,0,0,0,2456,1942,1.420,1.030,0.580,2,0,45.058,0,0,11,28,0,17,0
16-01 11:38:55,18.491,2.499,77.960,0,0,1417900,1158480,168996,5186516,12577.612,5768.070,0,0,0,0,1769,1291,1.380,1.030,0.580,2,0,0,0,0,11,29,0,17,0
16-01 11:38:56,23.359,11.554,64.048,0.502,0,1425340,1150996,168996,5186544,12238.955,4616.483,0,21508.089,0,84.393,3915,2929,1.380,1.030,0.580,3,0,156.729,0,0,11,28,0,18,0
16-01 11:38:57,38.042,4.476,56.939,0,0,1448572,1127756,168996,5186552,12802.164,7715.910,0,2955.876,0,20.886,3015,1883,1.380,1.030,0.580,2,0,0,0,0,11,30,0,18,0
16-01 11:38:58,37.593,4.762,56.891,0,0,1417284,1158832,169004,5186756,25235.643,14208.270,0,172.428,0,20.050,5783,7477,1.380,1.030,0.580,3,0,13.032,0,0,11,28,0,19,0
16-01 11:38:59,63.911,28.572,6.015,0,0,1504908,1071152,169012,5186800,10322.975,1690.253,0,216.545,0,20.050,5881,4892,1.380,1.030,0.580,7,0,567.428,0,0,11,28,0,19,0
16-01 11:39:00,83.403,12.985,0.499,0,0.250,1688828,887216,169012,5186812,18932.957,11472.643,0,0,0,0,5380,3272,1.670,1.100,0.610,5,0,0,0,0,11,31,0,19,0
16-01 11:39:01,79.074,9.229,11.973,0,0,1739804,836156,169024,5186884,35434.194,30301.609,0,854.100,0,44.900,7634,10413,1.670,1.100,0.610,9,0,0,0,0,11,31,0,21,0
16-01 11:39:02,40.628,13.958,44.117,0,0,1567496,1008232,169048,5187088,16199.206,8251.146,0,466.595,0,39.880,5688,6576,1.670,1.100,0.610,2,0,309.069,0,0,11,28,0,24,0
16-01 11:39:03,18.270,2.002,77.586,0,0,1543516,1032200,169056,5187092,12737.186,5475.098,0,184.205,0,10.011,1969,1680,1.670,1.100,0.610,2,0,0,0,0,11,29,0,24,0
16-01 11:39:04,17.010,5.754,76.547,0.250,0,1491152,1084544,169064,5187104,11822.210,4663.844,0,236.144,0,21.013,3119,3056,1.670,1.100,0.610,3,0,68.041,0,0,11,28,0,25,0
16-01 11:39:05,21.000,3.750,74.501,0,0,1497468,1078220,169068,5187108,9717.122,3083.039,0,148.002,0,9.000,1844,1317,1.620,1.090,0.610,2,0,0,0,0,11,29,0,24,0
16-01 11:39:06,16.239,3.748,78.698,0.250,0,1471676,1103976,169076,5187120,14870.199,7126.303,0,57526.086,0,193.872,3266,3416,1.620,1.090,0.610,2,0,0,0,0,11,28,0,25,0
16-01 11:39:07,9.807,23.637,65.631,0.251,0,1423688,1151944,169080,5187136,10339.986,1629.453,0,237.377,0,16.093,6574,5273,1.620,1.090,0.610,4,0,657.816,0,0,11,28,0,25,0
16-01 11:39:08,71.339,26.440,2.494,0,0.249,1530940,1044636,169080,5187172,7331.418,1616.344,0,1947.595,0,98.777,5612,3806,1.620,1.090,0.610,7,0,383.133,0,0,11,28,0,25,0
16-01 11:39:09,81.603,7.760,10.013,0,0,1663664,911856,169108,5187200,26732.842,22824.895,0,969.227,0,58.074,5729,5150,1.620,1.090,0.610,4,0,1.001,0,0,11,33,0,25,0
16-01 11:39:10,74.143,11.733,12.732,0,0,1633552,941644,169136,5187480,39792.577,29676.175,0,631.089,0,69.899,9621,14863,1.730,1.120,0.620,5,0,89.870,0,0,11,28,0,26,0
16-01 11:39:11,78.586,21.023,0.250,0,0,1579676,995476,169148,5187496,9307.208,1513.660,0,36868.436,0,116.127,5573,3787,1.730,1.120,0.620,7,0,220.242,0,0,11,28,0,26,0
16-01 11:39:12,89.834,9.259,1.001,0,0,1739520,835524,169156,5187588,27297.572,23613.121,0,836.784,0,11.010,5807,5306,1.730,1.120,0.620,4,0,0,0,0,11,33,0,26,0
16-01 11:39:13,76.421,9.990,13.236,0,0,1730200,844320,169168,5188100,51036.968,41734.634,0,275.714,0,21.977,9204,15878,1.730,1.120,0.620,3,0,99.896,0,0,11,30,0,30,0
16-01 11:39:14,44.872,13.711,40.634,0.249,0,1560208,1014272,169192,5188116,46026.081,2408.150,0,2102.021,0,123.648,4705,3813,1.730,1.120,0.620,3,0,197.438,0,0,11,28,0,31,0
16-01 11:39:15,36.778,3.503,59.295,0,0,1545368,1029096,169200,5188124,17942.535,10781.133,0,172.130,0,11.008,3166,2536,1.590,1.110,0.620,5,0,0,0,0,11,30,0,31,0
16-01 11:39:16,35.357,19.172,44.320,0.249,0,1459768,1114608,169216,5188196,53676.172,10872.876,0,1083.603,0,74.697,6556,7588,1.590,1.110,0.620,5,0,376.472,0,0,11,28,0,33,0
16-01 11:39:17,58.660,8.022,33.592,0,0,1560224,1014144,169216,5188204,13074.724,7936.686,0,0,0,0,3733,1792,1.590,1.110,0.620,3,0,0,0,0,11,31,0,32,0
16-01 11:39:18,49.707,6.778,41.924,0.251,0,1529140,1045020,169232,5188396,32586.387,23748.669,0,381.585,0,34.142,7423,9935,1.590,1.110,0.620,4,0,59.246,0,0,11,29,0,33,0
16-01 11:39:19,78.526,20.507,1.250,0,0,1551516,1022584,169272,5188416,16183.364,1752.581,0,3041.008,0,177.059,5857,3861,1.590,1.110,0.620,7,0,200.066,0,0,11,28,0,33,0
16-01 11:39:20,64.232,6.748,28.242,0.250,0,1601784,972264,169272,5188464,31765.951,24918.901,0,711.797,0,20.994,5787,6180,1.620,1.120,0.630,3,0,0,0,0,11,32,0,33,0
16-01 11:39:21,63.639,18.218,17.719,0,0,1504288,1069548,169280,5188668,25781.836,18770.119,0,1565.258,0,89.843,8102,10520,1.620,1.120,0.630,4,0,323.433,0,0,11,28,0,36,0
16-01 11:39:22,54.876,6.236,37.665,0,0,1550660,1023164,169280,5188680,33140.911,11712.462,0,4581.619,0,288.347,4723,2488,1.620,1.120,0.630,5,0,0,0,0,11,31,0,32,0
16-01 11:39:23,53.485,12.053,33.648,0.251,0,1504524,1069252,169292,5188752,27431.549,20601.534,0,1096.820,0,31.137,7161,9556,1.620,1.120,0.630,5,0,225.993,0,0,11,28,0,34,0
16-01 11:39:24,66.635,11.979,21.463,0,0,1541536,1032228,169296,5188760,5543.441,1617.211,0,187.676,0,8.985,4039,2103,1.620,1.120,0.630,5,0,79.862,0,0,11,28,0,34,0
16-01 11:39:25,47.496,4.500,46.746,0.250,0,1566468,1006992,169300,5189060,36921.166,23891.166,0,211.984,0,19.998,6109,7118,1.730,1.150,0.640,3,0,0,0,0,11,30,0,35,0
16-01 11:39:26,61.507,19.002,19.252,0,0,1533960,1039328,169308,5189224,17175.963,7344.839,0,172.020,0,10.001,5583,5223,1.730,1.150,0.640,4,0,287.033,0,0,11,28,0,34,0
16-01 11:39:27,53.273,5.752,40.267,0,0,1556880,1016264,169308,5189368,21639.283,14995.433,0,440.189,0,11.005,4048,3028,1.730,1.150,0.640,2,0,0,0,0,11,31,0,34,0
16-01 11:39:28,50.548,12.762,35.033,0.250,0,1533896,1039156,169332,5189436,32362.806,13929.259,0,724.690,0,54.051,6992,8154,1.730,1.150,0.640,4,0,112.107,0,0,11,28,0,36,0
16-01 11:39:29,56.394,6.737,36.931,0,0,1583432,989604,169336,5189448,16198.694,10094.115,0,127.761,0,7.985,3807,2232,1.730,1.150,0.640,3,0,0.998,0,0,11,31,0,36,0
16-01 11:39:30,54.796,12.260,32.277,0.250,0,1512048,1060908,169340,5189524,27449.046,18769.759,0,2566.155,0,144.121,7587,9353,1.680,1.150,0.640,7,0,232.195,0,0,11,28,0,38,0
16-01 11:39:31,73.757,26.002,0,0,0,1530408,1042500,169344,5189568,16289.447,1620.144,0,228.020,0,19.002,6304,9644,1.680,1.150,0.640,8,0,480.043,0,0,11,28,0,39,0
16-01 11:39:32,82.102,18.273,0,0,0,1689992,882764,169344,5189720,15833.588,11774.567,0,292.362,0,11.014,5750,4678,1.680,1.150,0.640,8,0,352.436,0,0,11,31,0,39,0
16-01 11:39:33,79.074,18.708,1.996,0,0,1715208,857424,169364,5189824,43319.799,37229.324,0,977.829,0,68.847,8369,10097,1.680,1.150,0.640,6,0,433.038,0,0,11,32,0,39,0
16-01 11:39:34,78.143,20.788,1.002,0,0,1686632,885764,169380,5190044,30044.999,19560.807,0,512.939,0,46.084,7420,8135,1.680,1.150,0.640,6,0,362.664,0,0,11,28,0,37,0
16-01 11:39:35,83.775,11.003,4.501,0,0,1668764,903620,169380,5190056,15072.501,9398.807,0,120.036,0,6.002,4944,2868,1.940,1.210,0.670,6,0,30.009,0,0,11,30,0,37,0
16-01 11:39:36,73.209,8.715,17.929,0,0,1690424,881736,169380,5190280,47015.088,39234.023,0,0,0,0,8205,12624,1.940,1.210,0.670,5,0,0,0,0,11,31,0,39,0
16-01 11:39:37,37.633,24.336,37.382,0,0,1458144,1113960,169380,5190336,21307.442,12723.048,0,20.071,0,5.018,7675,8997,1.940,1.210,0.670,2,0,727.576,0,0,11,28,0,42,0
16-01 11:39:38,52.028,33.018,14.508,0,0,1505276,1066776,169380,5190388,8967.874,1620.881,0,48.026,0,12.007,6324,5741,1.940,1.210,0.670,5,0,877.477,0,0,11,28,0,42,0
16-01 11:39:39,73.904,9.737,16.229,0,0,1592296,979732,169380,5190412,21396.062,15118.260,0,7.990,0,1.997,5139,3914,1.940,1.210,0.670,5,0,0.999,0,0,11,31,0,42,0
16-01 11:39:40,60.589,12.769,26.038,0.250,0,1545596,1026200,169404,5190620,29302.978,20049.406,0,1137.669,0,88.129,7365,9987,2.030,1.240,0.680,5,0,164.241,0,0,11,29,0,45,0
16-01 11:39:41,79.983,13.747,5.749,0,0,1581584,990180,169408,5190648,11378.608,6979.533,0,363.924,0,31.993,5061,3191,2.030,1.240,0.680,4,0,103.978,0,0,11,30,0,46,0
16-01 11:39:42,63.613,7.983,27.940,0,0,1629712,941852,169408,5190848,38027.240,30795.788,0,203.562,0,13.970,7701,10556,2.030,1.240,0.680,3,0,0,0,0,11,32,0,46,0
16-01 11:39:43,53.869,8.519,36.832,0.251,0,1614820,956472,169420,5191108,45773.531,36102.079,0,396.880,0,32.071,11456,18390,2.030,1.240,0.680,4,0,30.067,0,0,11,30,0,46,0
16-01 11:39:44,77.990,16.498,4.749,0.250,0,1531788,1039468,169424,5191140,49957.348,6855.087,0,439.941,0,41.994,6391,5833,2.030,1.240,0.680,5,0,89.988,0,0,11,28,0,46,0
16-01 11:39:45,68.002,6.500,25.001,0,0,1591164,980048,169424,5191184,32929.993,23343.704,0,2784.084,0,121.004,5623,6145,2.110,1.270,0.690,3,0,0,0,0,11,32,0,46,0
16-01 11:39:46,56.449,6.494,35.218,0,0,1590772,980048,169428,5191572,84659.541,38744.009,0,183.834,0,9.991,11140,17804,2.110,1.270,0.690,4,0,0,0,0,11,31,0,47,0
16-01 11:39:47,67.074,18.771,14.516,0,0,1448528,1122220,169428,5191648,26435.328,19338.454,0,156.173,0,10.011,8274,10042,2.110,1.270,0.690,5,0,260.289,0,0,11,28,0,50,0
16-01 11:39:48,77.462,10.995,10.245,0,0,1577412,993320,169428,5191664,12573.881,10297.989,0,159.922,0,7.996,4825,3153,2.110,1.270,0.690,3,0,0,0,0,11,30,0,50,0
16-01 11:39:49,58.917,6.712,33.809,0,0,1600352,970148,169428,5191896,46160.208,35439.775,0,1217.124,0,12.927,8019,14018,2.110,1.270,0.690,5,0,0.994,0,0,11,30,0,52,0
16-01 11:39:50,75.981,16.550,6.771,0,0,1562016,1008284,169452,5192072,19711.912,11088.703,0,373.134,0,34.104,6269,6553,2.260,1.320,0.710,5,0,128.390,0,0,11,28,0,51,0
16-01 11:39:51,71.517,7.252,20.755,0,0,1639316,930972,169452,5192084,19450.498,16526.822,0,116.027,0,9.002,4579,2731,2.260,1.320,0.710,2,0,0,0,0,11,32,0,51,0
16-01 11:39:52,67.416,13.784,18.546,0,0,1571444,998744,169468,5192164,33339.232,22105.524,0,409.009,0,40.099,7286,11211,2.260,1.320,0.710,4,0,122.302,0,0,11,30,0,53,0
16-01 11:39:53,69.201,12.241,18.237,0,0,1574312,995676,169480,5192320,31621.765,24173.003,0,267.812,0,20.985,6300,8185,2.260,1.320,0.710,6,0,141.900,0,0,11,32,0,55,0
16-01 11:39:54,76.480,10.997,12.247,0,0,1550428,1019496,169484,5192380,33996.955,16866.512,0,195.948,0,15.996,6045,7190,2.260,1.320,0.710,5,0,85.977,0,0,11,33,0,54,0
16-01 11:39:55,76.251,11.500,11.750,0,0,1555476,1014280,169488,5192544,25928.475,15198.279,0,2836.052,0,161.003,5251,5866,2.400,1.360,0.730,4,0,27.000,0,0,11,33,0,55,0
16-01 11:39:56,71.435,11.201,16.925,0,0,1583584,986116,169492,5192596,23572.112,18887.757,0,123.456,0,7.965,5418,6287,2.400,1.360,0.730,4,0,43.807,0,0,11,34,0,56,0
16-01 11:39:57,57.330,10.309,31.934,0,0,1575876,993640,169504,5192772,39245.227,17829.779,0,619.571,0,81.470,5569,5961,2.400,1.360,0.730,3,0,138.800,0,0,11,33,0,59,0
16-01 11:39:58,56.132,12.915,30.550,0,0,1536504,1033004,169504,5192780,15938.610,5128.411,0,290.100,0,24.837,4571,3634,2.400,1.360,0.730,3,0,119.219,0,0,11,33,0,58,0
16-01 11:39:59,52.896,6.769,39.609,0,0,1529224,1040220,169508,5192840,24902.747,18057.851,0,661.827,0,18.050,5061,5250,2.400,1.360,0.730,6,0,33.091,0,0,11,34,0,59,0
16-01 11:40:00,55.380,12.028,32.827,0.251,0,1477396,1091864,169508,5193024,33299.939,14124.057,0,188.441,0,10.023,5177,6839,2.360,1.370,0.740,4,0,147.345,0,0,11,32,0,61,0
16-01 11:40:01,56.897,7.486,33.939,0,0,1519192,1049884,169512,5193204,15654.713,10180.604,0,195.646,0,12.977,3977,2797,2.360,1.370,0.740,1,0,2.995,0,0,11,34,0,61,0
16-01 11:40:02,41.786,7.462,50.740,0,0,1513704,1055312,169516,5193260,28957.596,19762.719,0,374.083,0,17.908,6273,7918,2.360,1.370,0.740,3,0,85.562,0,0,11,34,0,56,0
16-01 11:40:03,33.563,10.770,53.852,0.250,0,1465388,1103608,169520,5193276,22234.973,6891.008,0,416.787,0,34.064,4976,4713,2.360,1.370,0.740,3,0,135.255,0,0,11,32,0,58,0
16-01 11:40:04,38.276,4.253,56.789,0,0,1490304,1078660,169520,5193292,16121.962,8767.962,0,180.122,0,13.009,2776,1841,2.360,1.370,0.740,4,0,2.001,0,0,11,34,0,58,0
16-01 11:40:05,36.863,6.771,55.670,0.251,0,1420108,1148656,169528,5193484,20044.375,12059.927,0,726.224,0,49.150,4581,5993,2.340,1.380,0.740,3,0,42.129,0,0,11,32,0,60,0
16-01 11:40:06,38.390,8.476,52.849,0,0,1511480,1057268,169528,5193500,19106.353,6388.727,0,7.977,0,1.994,3393,2388,2.340,1.380,0.740,3,0,95.726,0,0,11,33,0,60,0
16-01 11:40:07,33.802,7.261,58.340,0.250,0,1497768,1070940,169540,5193528,19071.300,11068.004,0,328.505,0,33.051,4128,4283,2.340,1.380,0.740,2,0,60.092,0,0,11,33,0,59,0
16-01 11:40:08,37.183,5.989,55.650,0.250,0,1468448,1100236,169548,5193544,13605.516,6405.473,0,503.095,0,58.894,3328,2757,2.340,1.380,0.740,2,0,4.991,0,0,11,33,0,60,0
16-01 11:40:09,37.925,4.270,56.762,0.251,0,1502032,1066600,169568,5193576,24617.482,15722.478,0,2262.429,0,120.556,4692,5308,2.340,1.380,0.740,3,0,0,0,0,11,33,0,61,0
16-01 11:40:10,36.612,8.468,54.046,0,0,1436796,1131768,169576,5193636,13533.922,7141.049,0,203.233,0,16.936,4028,4239,2.390,1.410,0.750,3,0,48.816,0,0,11,32,0,62,0
16-01 11:40:11,37.639,5.269,56.459,0.502,0,1458960,1109464,169576,5193776,14324.904,10329.147,0,2493.208,0,130.482,3317,2491,2.390,1.410,0.750,2,0,0,0,0,11,34,0,61,0
16-01 11:40:12,28.734,9.245,60.967,0,0,1428168,1140212,169576,5193820,21841.012,15152.683,0,339.813,0,38.979,5892,7359,2.390,1.410,0.750,3,0,155.914,0,0,11,32,0,63,0
16-01 11:40:13,23.415,7.224,68.999,0,0,1410764,1157556,169576,5193880,9108.924,1614.139,0,286.958,0,12.953,2705,2164,2.390,1.410,0.750,2,0,125.544,0,0,11,32,0,63,0
16-01 11:40:14,17.553,2.006,79.239,0.251,0,1420444,1147864,169580,5193888,48989.589,8402.313,0,140.423,0,9.027,2761,2852,2.390,1.410,0.750,2,0,0,0,0,11,33,0,63,0
16-01 11:40:15,12.452,11.456,74.711,0,0,1404528,1163744,169588,5193916,15498.090,5371.237,0,717.227,0,57.777,5038,4759,2.280,1.400,0.760,2,0,283.903,0,0,11,32,0,59,0
16-01 11:40:16,22.276,3.504,73.836,0,0,1456188,1112084,169588,5193916,42122.125,1621.892,0,0,0,0,1850,1176,2.280,1.400,0.760,2,0,0,0,0,11,32,0,59,0
16-01 11:40:17,16.542,1.504,80.707,0,0,1453868,1114384,169588,5193936,18741.983,11398.182,0,140.359,0,6.015,3197,3930,2.280,1.400,0.760,1,0,0,0,0,11,33,0,59,0
16-01 11:40:18,19.722,5.991,73.395,0,0,1451088,1117160,169588,5193940,10114.505,2436.508,0,3.994,0,0.999,2198,1534,2.280,1.400,0.760,2,0,45.934,0,0,11,32,0,60,0
16-01 11:40:19,18.219,1.997,79.116,0,0,1454384,1113728,169588,5194076,12246.182,8312.868,0,91.844,0,6.988,2443,2543,2.280,1.400,0.760,1,0,0,0,0,11,33,0,57,0
16-01 11:40:20,17.085,4.522,77.133,0.251,0,1412392,1155680,169596,5194108,15541.235,9009.776,0,241.199,0,26.130,4679,5889,2.170,1.400,0.760,2,0,73.365,0,0,11,32,0,57,0
16-01 11:40:21,15.493,22.240,60.973,0,0,1395940,1171948,169628,5194260,10002.519,1619.275,0,435.805,0,26.988,6362,5155,2.170,1.400,0.760,3,0,553.752,0,0,11,32,0,59,0
16-01 11:40:22,44.783,6.255,49.036,0.250,0,1521136,1045932,169728,5194908,7411.432,1621.188,0,296.217,0,8.006,2944,1590,2.170,1.400,0.760,3,0,0,0,0,11,32,0,59,0
16-01 11:40:23,40.211,7.743,43.958,7.493,0,1450664,1109132,170640,5200772,10322.098,1618.447,0,21591.288,0,2062.022,14260,19390,2.170,1.400,0.760,2,1,118.886,0,0,11,36,0,56,0
16-01 11:40:24,38.271,8.449,41.005,9.692,0,1500108,1056816,171596,5202548,6837.089,1610.364,0,48986.875,0,4253.548,18987,32865,2.170,1.400,0.760,9,0,57.655,0,0,11,36,0,56,0
16-01 11:40:25,45.725,6.247,45.725,1.499,0,1526316,1030504,171640,5202608,10978.904,1619.101,0,15899.172,0,980.456,6240,6477,2.320,1.440,0.770,5,0,6.996,0,0,11,32,0,56,0
16-01 11:40:26,41.461,7.287,45.733,4.523,0,1522816,1033536,171840,5202876,9149.659,1519.750,0,8865.208,0,1508.694,9882,16176,2.320,1.440,0.770,3,0,2.010,0,0,11,34,0,56,0
16-01 11:40:27,36.459,8.740,50.693,4.245,0,1488628,1067084,172228,5203116,5864.420,1564.245,0,14859.327,0,1671.125,9676,14563,2.320,1.440,0.770,1,0,99.888,0,0,11,32,0,51,0
16-01 11:40:28,21.307,4.261,72.945,0.251,0,1510264,1045428,172244,5203120,8593.977,1624.343,0,3645.747,0,296.794,2471,1891,2.320,1.440,0.770,2,0,1.003,0,0,11,32,0,51,0
16-01 11:40:29,21.987,3.498,73.458,0,0,1496552,1059120,172256,5203144,7482.715,1661.049,0,1351.226,0,70.959,2084,1482,2.320,1.440,0.770,2,0,2.998,0,0,11,32,0,51,0
16-01 11:40:30,22.164,4.732,72.467,0.498,0,1534248,1021384,172296,5203144,6541.488,1613.706,0,5697.778,0,291.862,2827,2666,2.220,1.430,0.780,3,0,0.996,0,0,11,32,0,51,0
16-01 11:40:31,28.757,4.501,66.267,0,0,1503996,1051640,172296,5203156,16581.194,1620.410,0,0,0,0,3175,15662,2.220,1.430,0.780,2,0,39.010,0,0,11,32,0,48,0
16-01 11:40:32,21.483,4.247,73.690,0,0,1536760,1018844,172296,5203156,7561.878,1618.689,0,0,0,0,1823,1337,2.220,1.430,0.780,2,0,0,0,0,11,32,0,48,0
16-01 11:40:33,22.631,2.766,73.927,0,0,1517588,1037928,172304,5203228,9383.249,1629.420,0,12.070,0,3.017,1872,1235,2.220,1.430,0.780,2,0,3.017,0,0,11,32,0,48,0
16-01 11:40:34,21.974,3.496,73.913,0,0,1552232,1003284,172304,5203228,16447.610,1510.220,0,0,0,0,1849,1172,2.220,1.430,0.780,2,0,1.998,0,0,11,32,0,48,0
16-01 11:40:35,22.862,2.734,73.556,0,0,1535340,1020088,172304,5203316,5504.782,1610.283,0,0,0,0,1733,1088,2.120,1.430,0.780,3,0,0.994,0,0,11,32,0,46,0
16-01 11:40:36,21.998,3.750,72.992,0.250,0,1505216,1050156,172320,5203348,9125.020,1619.826,0,335.964,0,10.999,2056,1737,2.120,1.430,0.780,3,0,1.000,0,0,11,32,0,46,0
16-01 11:40:37,21.746,3.499,73.488,0,0,1516600,1038772,172320,5203348,17378.101,1565.739,0,327.945,0,21.996,1996,1339,2.120,1.430,0.780,2,0,0,0,0,11,32,0,46,0
16-01 11:40:38,23.011,3.001,74.035,0,0,1491888,1063464,172320,5203368,20875.855,1748.826,0,0,0,0,2011,1138,2.120,1.430,0.780,2,0,3.001,0,0,11,32,0,46,0
16-01 11:40:39,21.750,4.000,73.501,0,0,1541836,1013504,172324,5203376,6990.133,1620.031,0,4.000,0,1.000,1744,1219,2.120,1.430,0.780,2,0,0,0,0,11,32,0,41,0
16-01 11:40:40,21.983,3.497,73.445,0,0,1518984,1036336,172324,5203396,9073.162,1618.780,0,0,0,0,1849,1334,2.030,1.420,0.780,3,0,1.998,0,0,11,32,0,41,0
16-01 11:40:41,22.996,2.749,73.986,0,0,1542988,1012320,172324,5203408,14117.290,1619.689,0,0,0,0,1739,1037,2.030,1.420,0.780,2,0,2.000,0,0,11,32,0,41,0
16-01 11:40:42,9.564,19.632,69.971,0,0,1469448,1085700,172332,5203548,5621.867,1522.253,0,777.235,0,58.393,5764,4239,2.030,1.420,0.780,2,0,425.868,0,0,11,32,0,41,0
16-01 11:40:43,8.990,20.977,69.176,0,0,1435536,1119552,172336,5203600,5370.220,1704.166,0,1042.878,0,15.983,6082,4627,2.030,1.420,0.780,2,0,453.512,0,0,11,32,0,37,0
16-01 11:40:44,8.523,20.304,69.434,0,0,1423664,1131392,172336,5203632,44740.801,1624.313,0,88.234,0,1.003,6349,4796,2.030,1.420,0.780,2,0,467.241,0,0,11,32,0,37,0
16-01 11:40:45,20.723,4.994,73.656,0,0,1424072,1130996,172336,5203616,8534.062,1617.926,0,3.995,0,0.999,2143,1504,1.950,1.410,0.780,3,0,29.962,0,0,11,32,0,37,0
16-01 11:40:46,22.033,3.255,73.611,0.250,0,1431848,1123204,172336,5203632,43557.855,1568.371,0,200.303,0,11.017,2056,1477,1.950,1.410,0.780,2,0,3.005,0,0,11,32,0,37,0
16-01 11:40:47,22.339,3.723,72.975,0.248,0,1484696,1070360,172352,5203612,8549.451,1608.421,0,440.826,0,30.778,1924,1397,1.950,1.410,0.780,2,0,0,0,0,11,32,0,37,0
16-01 11:40:48,22.762,3.002,74.041,0,0,1488016,1067020,172352,5203632,9111.996,1620.889,0,476.261,0,85.047,2013,1153,1.950,1.410,0.780,3,0,3.002,0,0,11,32,0,33,0
16-01 11:40:49,21.761,3.752,73.786,0,0,1538372,1016676,172352,5203620,8375.138,1620.801,0,12.006,0,2.001,1845,1288,1.950,1.410,0.780,2,0,0,0,0,11,32,0,33,0
16-01 11:40:50,23.007,3.001,73.522,0,0,1526484,1028548,172352,5203632,10785.196,1512.448,0,12.004,0,1.000,1949,1227,1.870,1.400,0.780,4,0,4.001,0,0,11,32,0,33,0
16-01 11:40:51,22.021,3.754,73.570,0,0,1505036,1050016,172352,5203612,6468.185,1621.551,0,4.004,0,1.001,1773,1184,1.870,1.400,0.780,3,0,1.001,0,0,11,32,0,33,0
16-01 11:40:52,22.259,3.001,74.031,0,0,1429500,1125544,172352,5203620,9388.880,1620.670,0,20.008,0,1.000,1832,1108,1.870,1.400,0.780,2,0,2.001,0,0,11,32,0,31,0
16-01 11:40:53,21.999,3.500,73.245,0,0,1485944,1069096,172356,5203620,8786.421,1619.893,0,175.988,0,28.998,1964,1335,1.870,1.400,0.780,2,0,2.000,0,0,11,32,0,31,0
16-01 11:40:54,22.731,3.497,73.438,0,0,1469196,1085868,172356,5203612,9809.710,1618.632,0,2078.244,0,8.992,1848,1113,1.870,1.400,0.780,3,0,0.999,0,0,11,32,0,31,0
16-01 11:40:55,21.825,3.763,74.006,0,0,1523248,1031816,172356,5203612,6624.902,1625.620,0,0,0,0,1804,1237,1.800,1.400,0.780,2,0,2.007,0,0,11,32,0,31,0
16-01 11:40:56,23.013,2.751,73.290,0.250,0.250,1510244,1044876,172356,5203556,9666.252,1566.851,0,212.115,0,12.007,2001,1557,1.800,1.400,0.780,2,0,1.001,0,0,11,32,0,23,0
16-01 11:40:57,22.682,3.240,73.279,0,0,1512868,1042252,172356,5203556,7083.608,1507.448,0,331.000,0,23.928,1915,1375,1.800,1.400,0.780,2,0,1.994,0,0,11,32,0,23,0
16-01 11:40:58,21.753,3.500,74.009,0,0,1505780,1049264,172356,5203632,6206.731,1714.202,0,88.010,0,1.000,1744,1117,1.800,1.400,0.780,2,0,1.000,0,0,11,32,0,23,0
16-01 11:40:59,22.750,3.500,73.501,0,0,1479652,1075400,172356,5203624,9061.150,1620.027,0,132.002,0,28.000,1907,1343,1.800,1.400,0.780,2,0,1.000,0,0,11,32,0,23,0
16-01 11:41:00,22.231,3.247,73.439,0,0,1479468,1075580,172356,5203628,7281.914,1618.647,0,11.990,0,0.999,1921,1379,1.730,1.390,0.790,2,0,2.997,0,0,11,32,0,18,0
16-01 11:41:01,23.500,3.250,74.000,0,0,1472272,1082776,172356,5203628,5441.032,1620.009,0,20.000,0,1.000,1765,1188,1.730,1.390,0.790,2,0,1.000,0,0,11,32,0,18,0
16-01 11:41:02,22.322,3.010,73.487,0,0,1469400,1085628,172356,5203648,9335.106,1625.241,0,20.065,0,1.003,1822,1202,1.730,1.390,0.790,3,0,1.003,0,0,11,32,0,18,0
16-01 11:41:03,22.437,3.490,73.543,0,0,1475436,1079604,172356,5203636,8006.503,1615.461,0,75.787,0,2.992,1827,1256,1.730,1.390,0.790,2,0,0,0,0,11,32,0,18,0
16-01 11:41:04,20.845,5.023,73.332,0,0.251,1464256,1090744,172356,5203672,10663.345,1627.378,0,582.642,0,89.405,2568,1542,1.730,1.390,0.790,3,0,63.287,0,0,11,32,0,13,0
16-01 11:41:05,11.445,18.163,69.668,0,0,1448424,1106548,172356,5203700,9072.751,1451.083,0,203.032,0,8.957,5203,4030,1.600,1.370,0.780,2,0,397.107,0,0,11,32,0,13,0
16-01 11:41:06,22.991,2.749,72.971,0,0,1448832,1106116,172360,5203724,6284.521,1619.361,0,131.948,0,10.996,2034,1603,1.600,1.370,0.780,2,0,0,0,0,11,32,0,13,0
16-01 11:41:07,23.505,2.501,73.517,0.250,0,1459004,1095696,172368,5203956,18241.239,1620.377,0,460.107,0,25.006,2080,1270,1.600,1.370,0.780,2,0,9.002,0,0,11,32,0,13,0
16-01 11:41:08,23.443,2.494,73.821,0,0,1511892,1042808,172368,5203956,8577.152,1616.072,0,0,0,0,1673,1008,1.600,1.370,0.780,2,0,0,0,0,11,32,0,9,0
16-01 11:41:09,10.799,19.087,68.310,0.251,0,1455700,1098836,172368,5204100,9105.309,1627.383,40.182,144.656,2.009,7.032,5767,4521,1.600,1.370,0.780,2,0,483.192,0,0,11,32,0,9,0
16-01 11:41:10,8.490,22.723,67.920,0,0,1438800,1115660,172368,5204168,17593.150,1618.082,0,363.569,0,30.963,6602,5063,1.470,1.340,0.780,3,0,519.384,0,0,11,32,0,9,0
16-01 11:41:11,9.286,21.835,68.267,0,0,1433488,1120932,172368,5204196,8222.109,1626.351,0,445.741,0,6.024,6326,4782,1.470,1.340,0.780,2,0,506.980,0,0,11,32,0,9,0
16-01 11:41:12,8.497,21.992,67.726,0,0,1406072,1148300,172368,5204236,11241.031,1619.428,0,1471.481,0,19.993,6557,5186,1.470,1.340,0.780,2,0,534.811,0,0,11,32,0,6,0
16-01 11:41:13,8.501,22.753,67.758,0.500,0,1392804,1161528,172380,5204264,16540.903,1620.186,0,4832.556,0,165.019,7067,5695,1.470,1.340,0.780,2,0,556.064,0,0,11,32,0,6,0
16-01 11:41:14,8.230,19.951,70.079,0,0,1389820,1164476,172380,5204300,42027.260,1508.313,0,630.459,0,10.973,6083,4559,1.470,1.340,0.780,3,0,440.922,0,0,11,32,0,6,0
16-01 11:41:15,8.767,21.292,69.638,0,0,1373968,1180300,172380,5204328,8684.221,1569.111,0,500.993,0,35.070,6010,4389,1.430,1.340,0.780,2,0,427.848,0,0,11,32,0,6,0
16-01 11:41:16,8.255,22.515,67.794,0.250,0,1357640,1196588,172380,5204360,52465.345,1707.118,0,280.183,0,23.015,6672,5090,1.430,1.340,0.780,2,0,487.319,0,0,11,32,0,4,0
16-01 11:41:17,10.243,19.736,69.449,0,0,1324216,1229928,172396,5204392,10173.566,1618.817,0,347.746,0,22.983,6053,4624,1.430,1.340,0.780,3,0,435.682,0,0,11,32,0,4,0
16-01 11:41:18,35.358,29.631,33.615,0,0,1391192,1162864,172444,5204432,9558.665,1613.529,0,1175.287,0,69.720,7416,6817,1.430,1.340,0.780,4,0,757.960,0,0,11,32,0,11,0
16-01 11:41:19,66.254,8.751,24.252,0,0,1605284,947428,172560,5205460,16264.027,1620.102,0,212.013,0,8.001,3724,1609,1.430,1.340,0.780,4,0,2.000,0,0,11,32,0,11,0
16-01 11:41:20,51.684,8.781,30.107,8.530,0,1551060,989396,173652,5215564,7391.243,1625.773,373.326,41635.833,3.011,3183.303,16770,26413,1.560,1.370,0.790,5,0,118.420,0,0,11,36,0,11,0
16-01 11:41:21,40.558,13.019,30.294,14.020,0,1604800,923776,174392,5226292,6259.015,1622.337,0,94916.716,0,6697.647,29084,44689,1.560,1.370,0.790,4,1,138.199,0,0,11,36,0,11,0
16-01 11:41:22,42.178,8.985,32.445,12.728,0,1624016,894292,174840,5235724,13244.434,7236.670,0,85027.127,0,6456.998,27661,42741,1.560,1.370,0.790,7,0,59.898,0,0,11,37,0,11,0
16-01 11:41:23,43.547,17.769,27.780,10.011,0,1559392,950896,175500,5242772,13902.009,5235.653,0,60281.083,0,4437.791,21681,32792,1.560,1.370,0.790,4,1,285.308,0,0,11,34,0,12,0
16-01 11:41:24,47.687,18.476,20.972,11.735,0,1580684,923240,175844,5248944,7997.494,3078.955,371.512,50453.720,5.992,3738.089,20926,32084,1.560,1.370,0.790,2,0,214.718,0,0,11,35,0,10,0
16-01 11:41:25,40.563,17.026,29.796,10.767,0,1595420,906368,176028,5250348,19217.800,9639.948,1802.796,47919.307,35.054,3584.558,20267,31539,1.990,1.460,0.820,2,1,226.351,0,0,11,35,0,10,0
16-01 11:41:26,31.143,7.474,47.089,11.212,0,1589212,909904,176144,5252816,19968.682,11533.541,0,59321.047,0,4832.467,24501,37433,1.990,1.460,0.820,3,0,47.836,0,0,11,34,0,10,0
16-01 11:41:27,37.875,8.779,40.383,10.786,0,1567144,931080,176508,5253340,8592.326,1691.577,0,49398.853,0,4143.660,16824,30537,1.990,1.460,0.820,5,1,60.198,0,0,11,34,0,10,0
16-01 11:41:28,33.704,7.739,45.438,11.484,0,1578792,918336,176780,5254124,19803.821,8524.301,0,64531.437,0,5213.844,20764,36706,1.990,1.460,0.820,4,1,35.951,0,0,11,35,0,10,0
16-01 11:41:29,36.242,6.499,46.240,9.498,0,1573776,920876,176908,5256416,17864.185,13660.083,0,39071.656,0,3737.202,20744,32703,1.990,1.460,0.820,3,0,41.991,0,0,11,35,0,10,0
16-01 11:41:30,35.304,11.017,40.562,10.516,0,1578820,912880,176960,5259248,8088.321,2952.498,0,47360.146,0,4126.286,18744,31458,2.230,1.520,0.850,4,0,129.197,0,0,11,36,0,11,0
16-01 11:41:31,35.984,7.996,41.481,11.995,0,1608324,878664,177056,5266336,14326.439,6591.981,0,62627.321,0,4933.741,20090,38455,2.230,1.520,0.850,4,1,87.960,0,0,11,37,0,11,0
16-01 11:41:32,33.531,9.759,43.790,10.760,0,1579744,903956,177220,5266752,17030.497,10097.188,0,57888.677,0,4873.435,25502,46171,2.230,1.520,0.850,3,1,89.081,0,0,11,37,0,12,0
16-01 11:41:33,30.978,9.243,45.718,12.491,0,1567404,914160,177272,5268776,15931.740,7504.696,0,58142.905,0,4626.730,21148,34956,2.230,1.520,0.850,3,0,89.936,0,0,11,36,0,11,0
16-01 11:41:34,37.987,6.998,42.486,10.496,0,1611800,872760,177328,5265680,8380.203,2233.255,0,43541.467,0,4196.599,15762,30916,2.230,1.520,0.850,1,1,20.993,0,0,11,37,0,11,0
16-01 11:41:35,32.034,7.508,47.301,11.262,0,1603540,881776,177412,5264848,18511.808,10463.196,0,55799.708,0,4626.951,24180,35583,2.450,1.580,0.870,3,0,39.042,0,0,11,35,0,12,0
16-01 11:41:36,28.834,9.943,58.414,1.243,0,1466824,1018404,177424,5264924,18204.278,12248.539,0,11545.583,0,658.214,8265,10396,2.450,1.580,0.870,2,0,210.787,0,0,11,32,0,13,0
16-01 11:41:37,19.259,7.003,72.785,0.250,0,1443060,1042164,177424,5264928,7513.602,1566.751,0,1316.631,0,66.032,2704,2076,2.450,1.580,0.870,2,0,55.026,0,0,11,32,0,13,0
16-01 11:41:38,18.030,2.254,79.134,0.250,0,1438284,1046964,177424,5264932,17229.131,8607.554,0,1041.761,0,45.076,2647,2641,2.450,1.580,0.870,2,0,2.003,0,0,11,33,0,13,0
16-01 11:41:39,19.563,5.016,73.739,0,0,1422620,1062616,177424,5264944,18800.005,3450.196,0,874.839,0,44.143,2856,2566,2.450,1.580,0.870,2,0,34.111,0,0,11,32,0,14,0
16-01 11:41:40,18.901,1.990,78.090,0.249,0,1426588,1058640,177424,5264952,11285.783,6626.232,0,947.031,0,60.682,2045,1692,2.340,1.570,0.870,2,0,0.995,0,0,11,33,0,14,0
16-01 11:41:41,16.519,7.008,75.334,0.250,0,1392056,1093168,177424,5264956,12925.494,3303.705,0,2662.986,0,147.165,3342,3143,2.340,1.570,0.870,2,0,60.067,0,0,11,32,0,15,0
16-01 11:41:42,18.724,2.497,77.643,0,0,1433280,1051600,177424,5265300,20168.216,6754.695,0,31.956,0,3.994,2012,1608,2.340,1.570,0.870,2,0,0,0,0,11,33,0,15,0
16-01 11:41:43,19.100,3.770,76.399,0,0,1415848,1069008,177424,5265324,15276.716,7068.886,0,0,0,0,3539,3786,2.340,1.570,0.870,2,0,34.178,0,0,11,32,0,16,0
16-01 11:41:44,21.508,4.502,73.528,0.250,0,1475216,1009636,177424,5265336,43689.851,1620.625,0,216.083,0,18.007,2165,1649,2.340,1.570,0.870,2,0,9.003,0,0,11,32,0,16,0
16-01 11:41:45,16.159,1.740,80.298,0.497,0,1460908,1023804,177424,5265476,23831.964,9916.229,0,1654.694,0,189.932,3023,3028,2.230,1.560,0.870,2,0,0,0,0,11,33,0,16,0
16-01 11:41:46,12.569,12.569,73.655,0.251,0,1373068,1111528,177428,5265588,47157.064,4067.345,0,249.370,0,23.127,4759,4227,2.230,1.560,0.870,2,0,252.387,0,0,11,32,0,17,0
16-01 11:41:47,22.002,23.753,53.756,0,0,1374456,1109864,177448,5265844,10396.146,1512.167,0,732.081,0,56.006,6739,5580,2.230,1.560,0.870,4,0,546.060,0,0,11,32,0,23,0
16-01 11:41:48,67.241,7.999,24.497,0,0,1544344,939316,177468,5266484,15680.979,1705.780,0,339.956,0,16.998,3899,1721,2.230,1.560,0.870,4,0,3.000,0,0,11,32,0,23,0
16-01 11:41:49,66.690,8.243,23.978,0,0,1691656,788868,177584,5269172,9332.591,1618.542,0,4200.216,0,142.871,4175,1884,2.230,1.560,0.870,5,0,0,0,0,11,32,0,23,0
16-01 11:41:50,59.483,7.748,28.492,3.999,0,1777652,694356,177756,5277004,8093.727,1619.545,0,28915.880,0,1797.495,11491,14561,2.370,1.600,0.890,3,0,96.973,0,0,11,38,0,23,0
16-01 11:41:51,31.412,9.972,42.631,12.964,0,1773132,685316,177884,5289956,18081.631,1615.500,0,91150.089,0,7014.460,30764,49477,2.370,1.600,0.890,3,0,266.258,0,0,11,38,0,23,0
16-01 11:41:52,31.308,10.770,40.575,15.028,0,1772312,677772,177940,5297996,8315.401,1623.006,0,113402.028,0,8232.247,36091,56007,2.370,1.600,0.890,3,1,162.301,0,0,11,38,0,23,0
16-01 11:41:53,43.701,9.489,29.967,13.984,0,1708452,731428,178056,5307720,9945.952,1704.107,0,74884.817,0,5373.032,26083,38686,2.370,1.600,0.890,4,3,233.740,0,0,11,36,0,23,0
16-01 11:41:54,46.304,11.263,29.034,12.014,0,1756164,673724,178112,5317312,10701.438,1567.822,0,83917.533,0,5803.745,23977,39107,2.370,1.600,0.890,5,0,67.078,0,0,11,36,0,23,0
16-01 11:41:55,41.268,10.755,30.513,14.256,0.250,1794576,624468,178144,5327732,9011.874,1620.697,0,104408.885,0,7153.075,31649,46261,2.500,1.640,0.900,3,2,41.018,0,0,11,38,0,23,0
16-01 11:41:56,42.331,8.266,38.323,9.518,0.250,1733992,681756,178164,5330888,9085.365,1514.895,0,51534.498,0,4329.275,22141,32434,2.500,1.640,0.900,3,0,168.322,0,0,11,36,0,23,0
16-01 11:41:57,26.380,12.443,58.733,1.742,0,1487808,927912,178168,5330912,8563.097,1612.674,0,22095.618,0,1322.990,7552,8841,2.500,1.640,0.900,2,0,247.874,0,0,11,32,0,23,0
16-01 11:41:58,21.997,3.749,73.489,0.250,0,1501272,914448,178168,5330912,8534.687,1713.736,0,1063.836,0,58.991,2003,1460,2.500,1.640,0.900,2,0,1.000,0,0,11,32,0,23,0
16-01 11:41:59,23.500,3.000,72.001,0.500,0,1546068,869640,178168,5330920,8107.083,1620.017,0,4780.049,0,278.003,2939,2846,2.500,1.640,0.900,3,0,2.000,0,0,11,38,0,23,0
16-01 11:42:00,22.001,3.500,73.004,0.500,0,1472156,943548,178168,5330924,9540.573,1620.097,0,484.029,0,91.005,2376,1456,2.380,1.630,0.910,2,0,28.002,0,0,11,32,0,23,0
16-01 11:42:01,22.000,3.250,73.750,0,0,1491052,924652,178168,5330924,6366.980,1619.995,0,44.000,0,4.000,1859,1306,2.380,1.630,0.910,2,0,1.000,0,0,11,32,0,23,0
16-01 11:42:02,22.083,4.768,72.775,0,0,1455140,960420,178172,5331064,9275.054,1571.941,0,124.470,0,19.072,2707,2112,2.380,1.630,0.910,2,0,61.231,0,0,11,32,0,23,0
16-01 11:42:03,13.764,38.290,46.549,0.250,0,1455912,959580,178172,5331128,7679.088,1621.708,0,692.730,0,55.058,8547,8054,2.380,1.630,0.910,2,0,1214.279,0,0,11,32,0,23,0
16-01 11:42:04,8.243,21.482,68.694,0.250,0,1436552,978872,178172,5331196,10403.461,1510.760,0,271.777,0,18.984,6378,4878,2.380,1.630,0.910,2,0,544.553,0,0,11,32,0,23,0
16-01 11:42:05,8.498,20.496,69.735,0,0,1426228,989128,178172,5331244,7752.302,1619.645,0,23.995,0,5.999,6190,4823,2.350,1.630,0.910,4,0,452.901,0,0,11,32,0,23,0
16-01 11:42:06,16.768,18.020,64.571,0.250,0,1415500,999712,178172,5331816,10450.433,1621.774,0,945.034,0,143.157,7024,7473,2.350,1.630,0.910,2,0,351.384,0,0,11,32,0,23,0
16-01 11:42:07,37.489,10.676,50.647,0,0,1440236,974844,178180,5331964,7497.786,1608.796,0,99.308,0,0.993,3748,2483,2.350,1.630,0.910,3,0,130.094,0,0,11,33,0,23,0
16-01 11:42:08,44.433,6.990,48.677,0,0,1543632,871440,178184,5331968,7657.517,1617.574,0,15.976,0,0.999,2711,1258,2.350,1.630,0.910,3,0,0,0,0,11,33,0,23,0
16-01 11:42:09,46.322,4.507,47.824,0,0,1592496,822048,178220,5332408,8253.801,1622.516,0,628.976,0,40.062,3825,3093,2.350,1.630,0.910,4,0,19.030,0,0,11,49,0,23,0
16-01 11:42:10,30.444,12.832,55.100,0.252,0,1629212,781264,178260,5336028,8831.157,1576.022,0,2274.463,0,203.293,7317,9263,2.320,1.640,0.920,2,0,187.190,0,0,11,48,0,24,0
16-01 11:42:11,18.250,16.000,64.250,0.750,0,1633696,776720,178260,5336044,7817.976,1619.995,0,7619.976,0,388.999,7356,9443,2.320,1.640,0.920,3,0,285.999,0,0,11,48,0,24,0
16-01 11:42:12,1.243,1.243,95.478,0.497,0,1633288,777112,178260,5336060,8733.251,1503.778,0,5772.439,0,250.630,2030,2606,2.320,1.640,0.920,1,0,23.869,0,0,11,48,0,24,0
16-01 11:42:13,0.751,1.501,97.816,0,0,1633508,776888,178260,5336064,7026.722,1621.089,0,484.325,0,29.020,863,1091,2.320,1.640,0.920,1,0,3.002,0,0,11,48,0,24,0
16-01 11:42:14,0,0,98.444,0,0,1633520,776888,178260,5336064,44174.886,1623.193,0,0,0,0,891,1007,2.320,1.640,0.920,1,0,3.006,0,0,11,48,0,24,0
16-01 11:42:15,0.499,0.499,98.019,0,0,1633520,776888,178260,5336064,15623.209,1616.194,0,3.991,0,0.998,799,924,2.140,1.610,0.910,1,0,0.998,0,0,11,48,0,24,0
16-01 11:42:16,12.003,9.752,77.518,0,0,1607728,802652,178260,5336064,42299.571,1620.367,0,0,0,0,4472,5155,2.140,1.610,0.910,2,0,200.045,0,0,11,48,0,24,0
16-01 11:42:17,15.277,14.275,69.872,0,0,1634384,775992,178260,5336076,8314.485,1622.827,0,4.007,0,1.002,5028,5573,2.140,1.610,0.910,3,0,248.433,0,0,11,48,0,24,0
16-01 11:42:18,15.982,18.230,64.678,0,0,1644292,765980,178260,5336224,16860.147,1871.907,0,3.996,0,0.999,6159,5962,2.140,1.610,0.910,0,0,350.608,0,0,12,48,0,24,0
16-01 11:42:19,15.485,13.487,69.434,0.500,0,1632904,777360,178260,5336132,5938.326,1618.454,0,579.446,0,42.959,5333,6393,2.140,1.610,0.910,1,0,257.754,0,0,12,64,0,24,0
16-01 11:42:20,6.023,10.289,82.564,0,0,1642780,767332,178260,5336628,19124.773,1517.775,0,0,0,0,3850,3715,2.050,1.600,0.910,4,0,179.684,0,0,14,64,0,24,0
16-01 11:42:21,16.995,12.996,68.731,0,0,1635084,775016,178260,5336296,20966.245,1619.555,0,7589.917,0,370.898,5534,5144,2.050,1.600,0.910,3,0,207.943,0,0,14,66,0,24,0
16-01 11:42:22,8.757,20.267,69.558,0.250,0,1624740,785264,178264,5336344,16377.670,1621.353,0,308.257,0,13.011,6205,4826,2.050,1.600,0.910,3,0,411.343,0,0,14,66,0,16,0
16-01 11:42:23,16.236,18.235,64.695,0,0,1636812,773144,178264,5336716,10977.708,1660.594,0,443.625,0,32.972,6777,7378,2.050,1.600,0.910,5,0,313.734,0,0,14,66,0,16,0
16-01 11:42:24,26.560,19.544,52.618,0,0,1680504,729408,178272,5336416,22000.290,1709.831,0,120.269,0,5.011,5806,4664,2.050,1.600,0.910,4,0,393.882,0,0,14,66,0,16,0
16-01 11:42:25,30.214,23.972,45.696,0,0,1758392,651384,178296,5336528,11753.074,1618.083,0,291.654,0,4.994,6916,5421,2.040,1.610,0.920,3,0,569.325,0,0,14,66,0,16,0
16-01 11:42:26,31.235,24.488,43.479,0,0,1880956,527296,178352,5338260,12208.976,1619.201,0,47.976,0,11.994,7077,8413,2.040,1.610,0.920,5,0,495.755,0,0,14,70,0,17,0
16-01 11:42:27,46.150,18.959,34.176,0,0.249,1978608,429568,178352,5338392,14391.763,1562.608,0,39.913,0,5.987,6205,7376,2.040,1.610,0.920,6,0,217.528,0,0,14,70,0,17,0
16-01 11:42:28,67.408,25.560,6.515,0,0,2098588,309144,178364,5338760,9110.287,1714.005,0,990.314,0,11.026,5578,5023,2.040,1.610,0.920,4,0,577.349,0,0,14,70,0,17,0
16-01 11:42:29,61.511,18.926,17.930,0,0,2173880,232928,178396,5339580,7268.729,1613.724,0,772.993,0,5.977,6159,7723,2.040,1.610,0.920,6,0,246.043,0,0,14,70,0,17,0
16-01 11:42:30,61.972,26.595,5.520,5.269,0,2263520,158776,175792,5326496,9433.844,1571.638,104.374,8257.624,16.058,573.056,6557,5847,2.440,1.700,0.950,3,2,522.876,0,0,14,70,0,16,0
16-01 11:42:31,66.440,18.234,4.995,9.242,0,2370520,169572,171820,5215160,9140.736,1606.548,1206.909,3.996,89.919,0.999,7422,8042,2.440,1.700,0.950,4,1,203.816,0,0,14,74,0,16,0
16-01 11:42:32,61.295,28.021,5.004,5.504,0,2525116,149408,171640,5084680,6071.464,1621.192,2417.778,22156.289,150.110,1384.018,13215,28630,2.440,1.700,0.950,8,0,475.349,0,0,14,76,0,17,0
16-01 11:42:33,67.788,20.934,7.726,2.991,0,2581552,163388,171416,5016852,10087.389,1614.939,3.988,22326.037,0.997,2138.299,16939,27119,2.440,1.700,0.950,4,0,230.278,0,0,14,76,0,17,0
16-01 11:42:34,74.627,20.785,4.007,0.250,0,2661872,208540,170412,4894252,8312.156,1622.764,148.252,1783.037,13.022,75.128,7404,9085,2.440,1.700,0.950,7,1,345.589,0,0,14,80,0,19,0
16-01 11:42:35,63.403,22.466,12.980,0.250,0,2800316,141676,169904,4825068,5966.901,1563.616,615.062,1166.222,41.936,65.900,8464,11611,2.480,1.720,0.960,5,0,487.257,0,0,14,93,0,25,0
16-01 11:42:36,50.667,18.969,29.452,0.250,0,2868940,141844,169652,4758156,12732.067,1617.341,39.934,2096.553,2.995,51.915,8043,12710,2.480,1.720,0.960,3,0,282.535,0,0,14,95,0,25,0
16-01 11:42:37,59.235,15.311,13.303,11.797,0,3010224,197476,169864,4565272,8145.380,1668.633,5646.446,742.953,249.994,39.156,6341,8272,2.480,1.720,0.960,3,1,162.647,0,0,14,98,0,28,0
16-01 11:42:38,38.434,9.484,50.663,0.749,0,3083504,190512,169880,4500380,10126.534,1930.670,15.972,4412.390,3.993,256.557,4789,4372,2.480,1.720,0.960,3,0,81.859,0,0,14,101,1,26,0
16-01 11:42:39,9.020,19.544,70.658,0,0,3094864,179108,169880,4500408,7163.976,1589.545,0,276.617,0,18.040,5769,4207,2.480,1.720,0.960,3,0,354.791,0,0,14,101,1,26,0
16-01 11:42:40,7.736,19.465,70.622,0,0,3097044,176896,169880,4500440,6901.494,1690.936,0,235.573,0,12.976,5721,4162,2.290,1.690,0.960,3,0,348.369,0,0,14,101,1,26,0
16-01 11:42:41,14.973,11.479,71.868,0.250,0,3143380,130536,169880,4500464,8277.827,1690.901,3.993,650.807,0.998,42.921,4147,3363,2.290,1.690,0.960,2,0,206.621,0,0,14,101,1,26,0
16-01 11:42:42,18.482,2.498,77.926,0.999,0,3168840,171340,169872,4435728,15584.186,7476.893,15.985,243.768,2.997,12.988,2017,1678,2.290,1.690,0.960,2,0,0,0,0,14,102,1,24,0
16-01 11:42:43,18.109,7.042,73.944,0,0,3141316,198828,169876,4435760,26614.891,18394.506,12.073,217.305,3.018,14.085,3144,2838,2.290,1.690,0.960,2,0,63.381,0,0,14,103,1,25,0
16-01 11:42:44,20.380,2.237,76.302,0.249,0,3193580,146560,169876,4435764,44058.232,3844.420,0,198.832,0,14.912,1951,1303,2.290,1.690,0.960,1,0,0.994,0,0,14,106,1,25,0
16-01 11:42:45,19.501,3.250,76.006,0.250,0,3192336,147720,169888,4435840,14022.041,5933.440,0,392.029,0,40.003,2862,2977,2.100,1.660,0.950,2,0,1.000,0,0,14,110,1,25,0
16-01 11:42:46,24.412,5.033,68.453,1.258,0,3196956,142588,169888,4436336,44058.675,1630.796,72.480,1803.942,6.040,233.546,5619,7745,2.100,1.660,0.950,1,0,3.020,0,0,14,113,1,23,0
16-01 11:42:47,24.106,8.698,65.608,0.249,0,3148976,190500,169888,4436404,6798.432,2746.610,0,1125.285,0,95.431,4369,3966,2.100,1.660,0.950,4,0,115.312,0,0,14,118,1,25,0
16-01 11:42:48,29.142,5.778,65.066,0.251,0,3266408,139388,169892,4371660,11866.674,7335.652,8.039,602.930,2.010,47.230,3135,2786,2.100,1.660,0.950,2,0,2.010,0,0,14,123,1,25,0
16-01 11:42:49,20.267,2.502,75.562,0.250,0,3270172,135608,169892,4371676,12041.866,4457.652,0,772.633,0,72.059,2367,2336,2.100,1.660,0.950,2,0,1.001,0,0,14,123,1,25,0
16-01 11:42:50,28.744,8.248,60.237,1.000,0,3235904,234072,169780,4309392,8636.187,2813.409,3.999,4083.143,1.000,312.934,6052,7539,2.090,1.670,0.960,3,0,47.990,0,0,14,126,1,20,0
16-01 11:42:51,42.718,8.941,46.940,0.497,0,3348212,185624,169772,4246944,10286.023,1609.364,0,12743.780,0,599.041,4537,2183,2.090,1.670,0.960,3,0,54.639,0,0,14,126,1,20,0
16-01 11:42:52,26.888,4.272,68.099,0.251,0,3312908,220724,169772,4247148,31685.247,23990.847,180.926,385.976,1.005,14.072,2573,1774,2.090,1.670,0.960,3,0,23.118,0,0,14,126,1,21,0
16-01 11:42:53,20.159,5.724,73.419,0.249,0,3379932,153692,169772,4247156,8371.206,1612.719,7.964,1600.773,1.991,97.560,2436,2007,2.090,1.670,0.960,2,0,31.856,0,0,14,126,1,21,0
16-01 11:42:54,17.349,3.017,78.700,0,0,3369548,163924,169772,4247308,42651.920,24059.593,0,72.414,0,7.040,2225,1594,2.090,1.670,0.960,2,0,19.109,0,0,14,126,1,22,0
16-01 11:42:55,20.616,5.713,72.776,0,0,3410020,186788,169760,4185628,5634.278,1609.510,0,0,0,0,2198,1571,2.010,1.660,0.960,2,0,31.793,0,0,14,126,1,22,0
16-01 11:42:56,16.094,3.018,80.468,0.503,0,3422028,174732,169760,4185676,16478.927,8097.135,4.023,434.529,1.006,54.316,2590,2842,2.010,1.660,0.960,3,0,0,0,0,14,127,1,22,0
16-01 11:42:57,20.406,8.212,69.183,0.249,0,3404024,192704,169760,4185708,16559.070,2829.028,0,1381.665,0,94.566,4462,4595,2.010,1.660,0.960,4,0,92.576,0,0,14,132,1,23,0
16-01 11:42:58,22.449,2.744,73.584,0,0,3432424,164268,169760,4185744,13397.769,8028.884,0,371.163,0,30.930,4342,6571,2.010,1.660,0.960,3,0,16.962,0,0,14,136,1,24,0
16-01 11:42:59,19.540,6.012,73.149,0,0,3429612,167060,169760,4185764,25243.540,17637.010,0,180.368,0,12.025,2575,1899,2.010,1.660,0.960,2,0,55.113,0,0,14,134,1,25,0
16-01 11:43:00,18.238,1.749,79.450,0.250,0,3448880,147784,169760,4185772,27687.466,7912.989,3.997,231.853,0.999,18.988,1948,1456,1.930,1.650,0.960,1,0,0.999,0,0,14,135,1,25,0
16-01 11:43:01,25.495,4.749,66.237,1.750,0,3444132,152364,169760,4185940,11147.761,3237.350,0,2651.467,0,349.930,7980,12209,1.930,1.650,0.960,2,0,1.000,0,0,14,135,1,27,0
16-01 11:43:02,19.712,6.238,72.361,0.250,0,3454196,142300,169760,4185940,8662.316,1616.886,0,1101.878,0,66.871,2716,2165,1.930,1.650,0.960,2,0,52.898,0,0,14,135,1,27,0
16-01 11:43:03,18.273,2.253,79.102,0,0,3460108,136376,169760,4185952,23592.333,9931.769,0,580.747,0,33.042,2091,1647,1.930,1.650,0.960,2,0,0,0,0,14,136,1,27,0
16-01 11:43:04,21.518,5.255,71.061,1.251,0,3456276,140132,169760,4186012,19814.025,3522.026,16.014,3979.419,1.001,301.259,5309,7404,1.930,1.650,0.960,2,0,1.001,0,0,14,136,1,27,0
16-01 11:43:05,31.556,8.014,59.355,0.250,0,3392168,204188,169760,4186064,11295.979,2501.424,0,1105.956,0,105.186,6146,8109,2.010,1.670,0.970,3,0,70.124,0,0,14,137,1,28,0
16-01 11:43:06,19.955,2.494,76.579,0.249,0,3444216,152104,169760,4186100,7625.931,3581.982,0,3160.925,0,276.381,2266,1407,2.010,1.670,0.970,1,0,0,0,0,14,138,1,28,0
16-01 11:43:07,17.844,3.519,76.655,0.754,0,3426460,169784,169760,4186192,17892.460,9334.279,0,961.074,0,118.626,3614,4151,2.010,1.670,0.970,2,0,18.096,0,0,14,137,1,29,0
16-01 11:43:08,19.957,8.482,70.100,0.748,0.249,3419080,239536,169764,4125284,8167.471,1648.462,0,7172.606,0,383.178,4229,4214,2.010,1.670,0.970,2,0,129.722,0,0,14,139,1,29,0
16-01 11:43:09,16.207,2.244,80.787,0,0,3432708,225888,169768,4125300,19934.523,12738.467,0,99.737,0,8.976,2191,1865,2.010,1.670,0.970,1,0,0,0,0,14,140,1,29,0
16-01 11:43:10,24.984,5.247,67.206,0.750,0,3432380,226012,169768,4125532,10197.326,1981.703,15.990,943.383,3.997,131.914,6213,9004,1.930,1.660,0.970,2,0,1.999,0,0,14,142,1,29,0
16-01 11:43:11,32.952,10.565,54.837,0.503,0,3393296,264664,169768,4125932,7772.715,3229.827,32.198,1006.177,2.012,109.673,9470,14242,1.930,1.660,0.970,5,0,85.525,0,0,14,141,1,29,0
16-01 11:43:12,29.489,10.996,57.979,0.500,0,3444548,213324,169772,4126000,9618.510,2123.230,0,1099.601,0,102.963,5942,7281,1.930,1.660,0.970,2,0,203.926,0,0,14,141,1,29,0
16-01 11:43:13,18.428,1.992,78.197,0,0,3459776,198088,169772,4126008,17416.415,8919.388,0,450.253,0,26.896,2378,2261,1.930,1.660,0.970,1,0,0,0,0,14,142,1,29,0
16-01 11:43:14,11.303,17.080,71.334,0.251,0,3378932,278904,169772,4126036,44916.128,1892.855,0,454.124,0,29.136,5316,3864,1.930,1.660,0.970,2,0,308.443,0,0,14,141,1,30,0
16-01 11:43:15,11.003,21.506,65.767,0,0,3362588,295200,169776,4126516,5913.567,1620.429,4.001,552.146,1.000,43.011,6712,6463,1.860,1.650,0.970,2,0,395.105,0,0,14,141,1,30,0
16-01 11:43:16,23.465,13.730,61.408,0.499,0,3394048,263716,169776,4126092,44628.378,1617.585,0,1737.406,0,99.851,5967,6478,1.860,1.650,0.970,3,0,227.660,0,0,14,141,1,30,0
16-01 11:43:17,30.695,23.707,44.669,0,0,3444824,212764,169780,4126264,5947.255,1686.952,15.971,303.452,0.998,14.973,6385,5125,1.860,1.650,0.970,5,0,476.140,0,0,14,141,1,30,0
16-01 11:43:18,29.353,16.558,53.437,0,0,3480088,177172,169792,4126584,15576.427,1517.302,12.042,280.982,2.007,16.056,6777,9192,1.860,1.650,0.970,5,0,258.905,0,0,14,147,1,30,0
16-01 11:43:19,56.587,25.676,17.200,0,0,3624092,152564,169784,4010680,11501.804,1615.338,111.678,538.446,8.974,38.888,7805,11886,1.860,1.650,0.970,4,0,540.440,0,0,16,153,1,30,0
16-01 11:43:20,55.223,24.238,19.490,0.250,0,3730640,138140,169500,3920444,13423.377,1619.201,23.988,515.746,2.999,40.980,6731,7077,1.950,1.670,0.980,7,0,405.800,0,0,16,153,1,30,0
16-01 11:43:21,47.765,21.757,29.759,0,0,3803076,159672,169500,3826696,10897.409,1566.490,8.003,464.145,2.001,27.008,8899,11969,1.950,1.670,0.980,4,0,400.125,0,0,16,169,1,30,0
16-01 11:43:22,37.027,22.767,39.279,0,0,3846412,163344,169500,3780584,12101.940,1711.264,0,12709.389,0,846.625,8628,5386,1.950,1.670,0.980,3,0,505.373,0,0,16,169,1,30,0
16-01 11:43:23,18.266,19.267,61.803,0,0,3882096,127524,169504,3780996,8647.436,1621.394,4.003,540.465,1.001,24.021,6368,6942,1.950,1.670,0.980,3,0,331.285,0,0,17,169,1,30,0
16-01 11:43:24,28.000,19.500,52.000,0.250,0,3918884,141680,169260,3730772,9731.957,1619.993,12.000,503.998,3.000,35.000,6589,6441,1.950,1.670,0.980,4,0,372.998,0,0,17,169,1,30,0
16-01 11:43:25,33.749,21.589,43.178,0,0,3977316,136712,169260,3679036,18230.200,1677.504,0,277.930,0,21.837,6938,7180,2.030,1.690,0.990,5,0,368.257,0,0,17,169,1,30,0
16-01 11:43:26,41.557,21.408,36.268,0.252,0,4063948,129424,169272,3601212,6360.046,1577.670,185.371,495.666,8.060,30.224,7786,10256,2.030,1.690,0.990,3,0,322.385,0,0,17,181,1,30,0
16-01 11:43:27,29.177,25.935,43.392,0.499,0,4117376,155780,169272,3523116,6614.497,1562.103,23.940,470.825,2.993,31.920,7404,6643,2.030,1.690,0.990,6,0,667.335,0,0,17,181,1,28,0
16-01 11:43:28,26.572,23.062,49.634,0,0,4175240,146836,169272,3475360,18281.210,1624.373,12.032,557.501,3.008,39.105,8379,10114,2.030,1.690,0.990,2,0,495.333,0,0,17,193,1,28,0
16-01 11:43:29,16.984,17.983,63.191,0.500,0,4168896,195548,169272,3434460,7724.744,1564.530,11.989,899.155,2.997,50.952,7265,8998,2.030,1.690,0.990,2,0,296.721,0,0,17,195,1,28,0
16-01 11:43:30,35.503,11.421,51.145,0.248,0,4270896,167208,169272,3361500,11446.502,1608.826,139.034,297.931,3.972,22.841,4294,3357,2.030,1.700,1,3,0,117.186,0,0,17,195,1,28,0
16-01 11:43:31,46.276,7.254,44.525,1.001,0.500,4378160,151120,169272,3272356,22180.317,1662.923,420.233,424.236,9.005,50.028,3974,2798,2.030,1.700,1,5,0,10.006,0,0,17,211,1,28,0
16-01 11:43:32,43.006,8.251,47.006,1.750,0,4474068,178116,169276,3151508,9228.221,1710.226,300.040,776.103,19.003,16.002,4281,10843,2.030,1.700,1,7,0,42.006,0,0,17,216,1,29,0
16-01 11:43:33,32.754,24.187,40.312,1.260,0,4399072,251136,169280,3153444,8230.706,1632.637,951.364,233.810,12.094,22.172,7583,9940,2.030,1.700,1,3,0,546.228,0,0,17,215,1,29,0
16-01 11:43:34,33.240,25.054,39.194,0.992,0,4430232,219604,169288,3154268,20658.588,7860.583,95.256,508.031,4.961,36.713,7262,8005,2.030,1.700,1,5,1,499.100,0,0,17,222,1,29,0
16-01 11:43:35,53.813,18.357,23.889,2.766,0,4465456,181356,169304,3157168,12912.029,4235.612,1259.318,1287.481,25.146,48.281,6814,8180,2.110,1.720,1.010,4,0,237.379,0,0,17,224,1,20,0
16-01 11:43:36,67.016,13.204,13.951,5.979,0,4597532,141356,169308,3067048,8388.678,3995.036,1235.681,2407.585,28.899,129.547,5288,4819,2.110,1.720,1.010,5,0,22.920,0,0,17,231,1,20,0
16-01 11:43:37,51.262,8.752,25.006,13.753,0,4641392,166076,169340,2999960,22083.159,9262.164,4184.978,1960.458,237.055,163.038,5656,5011,2.110,1.720,1.010,5,0,25.006,0,0,17,237,1,20,0
16-01 11:43:38,58.232,16.566,20.582,4.267,0,4641588,158952,169404,3006784,9373.356,2496.951,2618.435,1955.794,243.972,146.584,7885,8882,2.110,1.720,1.010,4,0,180.720,0,0,17,237,1,26,2
16-01 11:43:39,33.790,25.280,39.297,0.501,0,4688464,147052,169412,2973700,14742.506,9518.303,208.247,8950.629,4.005,48.057,7529,7771,2.110,1.720,1.010,3,0,497.591,0,0,17,238,1,26,2
16-01 11:43:40,42.281,18.514,38.528,0.500,0,4660248,174248,169412,2974316,13801.103,4866.562,72.053,708.519,5.004,50.037,7325,9570,2.100,1.730,1.020,5,0,251.184,0,0,17,237,1,24,2
16-01 11:43:41,56.265,25.643,16.929,0.249,0,4727796,261204,169416,2823972,14772.411,7387.201,3.983,685.143,0.996,45.809,7375,7533,2.100,1.730,1.020,5,0,505.891,0,0,17,242,1,24,2
16-01 11:43:42,56.772,18.840,21.604,2.261,0,4734992,250232,169792,2827344,11445.856,7005.575,1555.455,964.623,74.356,53.255,7160,11699,2.100,1.730,1.020,7,0,238.141,0,0,17,243,1,28,2
16-01 11:43:43,56.926,28.339,13.672,0.249,0,4831328,170932,169800,2810456,9635.138,1684.409,7.955,13797.439,0.994,1044.055,8091,7868,2.100,1.730,1.020,7,0,528.988,0,0,17,245,1,28,2
16-01 11:43:44,51.604,20.193,26.924,1.246,0,4867952,172336,169808,2773528,54389.163,11705.890,674.093,993.191,41.882,58.834,9050,15636,2.100,1.730,1.020,3,0,250.292,0,0,17,254,1,28,2
16-01 11:43:45,65.976,22.327,11.790,0.251,0,4938088,147564,169812,2728948,6945.819,2561.785,449.542,590.023,8.028,38.131,9000,15560,2.330,1.780,1.040,6,0,193.664,0,0,17,253,1,29,2
16-01 11:43:46,60.650,7.737,29.452,0.250,0,5036928,141344,169704,2637780,59662.875,14970.379,599.015,694.857,9.984,23.961,5730,6114,2.330,1.780,1.040,3,0,1.997,0,0,17,257,1,30,2
16-01 11:43:47,52.328,10.466,31.895,4.734,0,5068212,133668,169696,2614480,16686.042,7132.508,1921.671,1989.447,105.652,143.527,7003,8741,2.330,1.780,1.040,5,0,20.931,0,0,17,264,1,34,0
16-01 11:43:48,53.114,19.131,26.935,0.252,0,5044192,185628,169448,2587092,15852.727,8137.814,604.144,632.337,15.104,44.304,6553,5580,2.330,1.780,1.040,4,0,338.320,0,0,17,266,1,33,0
16-01 11:43:49,44.922,29.200,20.215,3.993,0,5035320,190252,169716,2591384,13509.658,6836.189,4667.935,1676.104,76.867,86.850,9060,12393,2.330,1.780,1.040,15,0,541.065,0,0,17,265,1,34,0
16-01 11:43:50,61.805,18.442,19.439,0.997,0,5085352,169264,169724,2562616,11350.258,7320.946,630.016,877.238,15.950,31.900,5856,6882,2.380,1.800,1.050,5,0,203.360,0,0,18,266,1,34,0
16-01 11:43:51,75.744,13.570,7.895,2.221,0,5128460,229744,169724,2461700,14346.428,6715.790,1567.182,971.100,86.846,53.292,6002,4997,2.380,1.800,1.050,6,0,61.187,0,0,18,272,1,36,0
16-01 11:43:52,78.002,12.958,2.795,5.336,0,5241316,139780,169736,2439436,9423.281,1646.432,3309.124,1918.804,166.676,183.953,6930,7010,2.380,1.800,1.050,4,0,9.147,0,0,18,272,1,35,0
16-01 11:43:53,67.481,14.048,16.557,1.756,0,5304392,140328,169760,2377452,16568.636,11532.421,935.197,1388.747,31.106,111.381,7938,8750,2.380,1.800,1.050,4,0,164.563,0,0,18,277,1,36,0
16-01 11:43:54,41.185,11.413,45.899,0,0,5283584,161028,169764,2377556,11605.276,3736.434,829.657,670.871,10.917,45.651,4604,3744,2.380,1.800,1.050,5,0,72.446,0,0,18,281,1,37,0
16-01 11:43:55,38.190,7.488,53.167,0.499,0,5312876,162924,169772,2346992,34172.526,11942.312,774.788,375.413,7.988,20.967,3640,2373,2.270,1.790,1.050,3,0,6.989,0,0,18,283,1,37,1
16-01 11:43:56,39.417,9.289,49.710,0.251,0,5261952,208824,169772,2352136,5355817.766,44187.912,562.379,542.294,7.030,45.191,6862,5301,2.270,1.790,1.050,5,0,13.055,0,0,18,284,1,36,0
16-01 11:43:57,41.431,13.810,42.184,1.507,0,5327444,159088,169776,2337256,11311053.016,68502.707,2800.210,622.715,30.131,48.210,8442,5085,2.270,1.790,1.050,4,0,194.850,0,0,18,290,1,36,0
16-01 11:43:58,36.083,9.207,52.755,0.498,0,5311160,200920,169776,2312760,11702.749,6873.138,15.926,660.936,0.995,62.709,4590,4113,2.270,1.790,1.050,3,0,76.645,0,0,18,293,1,37,0
16-01 11:43:59,37.032,4.254,58.051,0.250,0,5379240,132684,169776,2312920,28635.940,12685.048,0,464.404,0,34.030,3816,3315,2.270,1.790,1.050,3,0,0,0,0,18,300,1,38,0
16-01 11:44:00,27.048,4.007,65.868,0.501,0.250,5292680,248492,169776,2284920,309974.941,12615281.849,496.890,757.356,29.052,81.145,6163,5890,2.090,1.760,1.040,2,0,8.014,0,0,18,297,1,37,0
16-01 11:44:01,2.492,1.993,94.191,0.249,0,5288372,252772,169776,2284948,120239.971,3795546.332,3.987,3532.395,0.997,199.345,2929,2796,2.090,1.760,1.040,1,0,30.898,0,0,18,297,1,37,0
16-01 11:44:02,1.999,0.750,95.697,0.250,0,5286764,254376,169776,2284952,18792.558,1619.100,0,347.807,0,25.986,1533,1860,2.090,1.760,1.040,2,0,0,0,0,18,297,1,37,0
16-01 11:44:03,14.340,2.767,80.506,1.006,0,5291872,249204,169784,2285008,7969949.174,30185.649,16.101,14515.195,1.006,1233.751,7489,6793,2.090,1.760,1.040,2,0,2.013,0,0,18,305,1,37,0
16-01 11:44:04,16.725,12.232,68.896,0.499,0,5233752,291156,169784,2301112,8590109.912,79081.844,63.904,3255.095,3.994,74.887,9195,8016,2.090,1.760,1.040,3,0,203.693,0,0,18,301,1,38,0
16-01 11:44:05,16.168,11.442,70.394,0.497,0,5287868,236984,169788,2301164,13927.488,1643.678,11.940,10614.263,0.995,44.773,4586,4392,2,1.740,1.040,3,0,261.675,0,0,18,301,1,38,0
16-01 11:44:06,18.253,9.252,71.264,0.250,0,5277676,247156,169788,2301184,7605.457,1566.300,0,272.052,0,19.004,3894,3057,2,1.740,1.040,2,0,132.025,0,0,18,301,1,38,0
16-01 11:44:07,9.276,19.554,69.443,0.251,0,5278992,245800,169788,2301224,9744.034,1570.357,16.045,276.768,1.003,23.064,6292,5174,2,1.740,1.040,3,0,377.046,0,0,18,305,1,38,0
16-01 11:44:08,3.992,7.735,87.336,0.250,0,5276728,248040,169788,2301264,14931.878,1616.955,3.992,1868.481,0.998,196.630,3646,3280,2,1.740,1.040,1,0,162.694,0,0,18,305,1,36,0
16-01 11:44:09,14.329,3.771,80.697,0.251,0,5314164,210596,169788,2301272,8960.617,1629.020,0,16161.489,0,54.301,2169,2046,2,1.740,1.040,3,0,9.050,0,0,18,305,1,36,0
16-01 11:44:10,20.590,2.729,75.662,0,0,5314556,210148,169788,2301328,13548.648,7888.659,0,182.580,0,23.815,2493,2173,1.840,1.720,1.040,2,0,0.992,0,0,18,306,1,36,0
16-01 11:44:11,14.583,12.320,70.906,0.503,0,5254588,269968,169792,2301456,13968.927,4419.286,76.437,0,7.040,0,5035,4132,1.840,1.720,1.040,3,0,182.042,0,0,18,309,1,37,0
16-01 11:44:12,12.742,15.990,70.208,0,0,5256276,267964,169792,2301756,7564.440,1619.024,3.998,47.971,0.999,2.998,5568,4247,1.840,1.720,1.040,2,0,216.869,0,0,18,309,1,36,0
16-01 11:44:13,12.498,16.247,69.237,0.750,0,5275948,247936,169792,2302096,6244.850,1693.688,131.976,2711.501,6.999,364.933,5895,4852,1.840,1.720,1.040,2,0,203.962,0,0,18,311,1,36,0
16-01 11:44:14,24.280,3.504,70.837,0.501,0,5327692,196184,169792,2302104,44337.403,1567.924,0,588.722,0,50.061,2613,2298,1.840,1.720,1.040,3,0,2.002,0,0,18,313,1,36,0
16-01 11:44:15,22.531,3.255,72.350,1.001,0,5378896,144584,169792,2302500,9138.674,1568.175,396.550,140.194,13.018,16.022,2401,2074,1.780,1.700,1.040,2,0,4.006,0,0,18,317,1,36,0
16-01 11:44:16,24.079,2.731,71.741,0.248,0,5353896,169556,169792,2302528,45202.266,1554.967,0,417.041,0,32.767,2838,2497,1.780,1.700,1.040,1,1,4.965,0,0,18,313,1,35,0
16-01 11:44:17,23.308,3.759,71.678,0.251,0,5388924,165572,169792,2272848,30349.389,1624.034,20.050,148.369,4.010,10.025,2607,1892,1.780,1.700,1.040,2,0,0,0,0,18,313,1,35,0
16-01 11:44:18,14.767,2.753,80.845,0,0,5402504,151732,169792,2273108,17888.066,11009.966,16.019,128.151,1.001,9.011,2561,2415,1.780,1.700,1.040,2,0,3.004,0,0,18,316,1,36,0
16-01 11:44:19,19.420,4.481,74.940,0,0,5311252,242968,169792,2273124,18383.076,11207.711,0,91.622,0,12.947,2856,2739,1.780,1.700,1.040,4,0,16.930,0,0,18,313,1,37,0
16-01 11:44:20,24.026,3.254,71.578,0.250,0,5346820,207396,169792,2273128,9176.993,1621.766,0,248.270,0,21.023,2531,2081,1.710,1.690,1.030,2,0,2.002,0,0,18,313,1,37,0
16-01 11:44:21,18.040,9.270,70.906,0.501,0,5310600,243464,169804,2273268,9783.463,1623.562,396.871,376.827,6.013,25.055,3749,3031,1.710,1.690,1.030,3,0,138.303,0,0,18,313,1,37,0
16-01 11:44:22,11.775,17.037,69.650,0.501,0,5302540,251388,169804,2273452,9505.422,1623.488,52.112,304.655,5.011,11.024,6357,5430,1.710,1.690,1.030,2,0,445.958,0,0,18,313,1,37,0
16-01 11:44:23,24.227,4.496,69.685,0,0,5330928,222660,170084,2273512,7878.631,1510.587,295.723,383.641,10.990,34.967,3197,2883,1.710,1.690,1.030,2,0,38.964,0,0,18,315,1,37,0
16-01 11:44:24,19.714,1.996,77.108,0.499,0,5325124,222296,170692,2278960,11800.226,3903.797,255.528,1325.554,11.978,48.910,2326,2213,1.710,1.690,1.030,2,0,0.998,0,0,18,315,1,37,0
16-01 11:44:25,22.485,3.747,71.951,0,0.250,5330596,215520,170748,2280176,9929.220,2111.558,3.997,507.653,0.999,12.991,2573,2222,1.660,1.680,1.030,3,0,17.988,0,0,18,316,1,37,0
16-01 11:44:26,18.997,2.000,77.486,0.500,0,5329572,209892,171336,2286092,14206.410,4297.216,0,1035.811,0,18.997,2188,1922,1.660,1.680,1.030,2,0,3.999,0,0,18,315,1,37,0
16-01 11:44:27,22.637,6.037,69.924,0,0,5323320,215584,171392,2286580,18333.260,2125.902,4.024,84.513,1.006,1.006,10728,18972,1.660,1.680,1.030,2,0,12.073,0,0,18,316,1,37,0
16-01 11:44:28,18.739,4.248,74.956,0,0,5315744,222892,171416,2286824,13851.914,4121.594,47.972,16350.456,6.996,34.980,10514,19077,1.660,1.680,1.030,2,0,11.993,0,0,18,316,1,37,0
16-01 11:44:29,22.862,4.722,71.568,0.249,0,5287456,250704,171472,2287244,7333.754,1610.285,7.952,1924.390,1.988,263.411,2870,2199,1.660,1.680,1.030,2,0,8.946,0,0,18,316,1,37,0
16-01 11:44:30,12.056,15.572,69.825,0,0,5259320,290740,171540,2275340,16615.228,1802.378,0,1072.987,0,29.135,5126,4157,1.600,1.670,1.030,2,0,266.237,0,0,18,315,1,37,0
16-01 11:44:31,23.858,3.231,72.320,0,0,5299968,249920,171540,2275512,7698.234,1652.178,0,0,0,0,2267,1759,1.600,1.670,1.030,4,0,0,0,0,18,315,1,37,0
16-01 11:44:32,24.241,4.498,69.973,0,0,5307176,242532,171656,2275576,29376.613,11746.447,147.943,0,5.998,0,3822,10562,1.600,1.670,1.030,2,0,35.986,0,0,18,315,1,41,0
16-01 11:44:33,22.764,9.006,66.541,0.500,0,5291736,257772,171656,2275776,7608.676,1687.037,64.039,268.165,4.002,25.015,4798,6434,1.600,1.670,1.030,2,0,113.069,0,0,18,315,1,40,0
16-01 11:44:34,21.542,3.507,73.644,0.250,0,5307192,242248,171656,2275844,15700.736,10003.583,48.094,549.075,3.006,43.084,3308,3394,1.600,1.670,1.030,1,0,1.002,0,0,18,316,1,40,0
16-01 11:44:35,21.470,6.741,70.401,0,0,5323848,225584,171656,2275852,28695.557,1967.227,0,359.493,0,22.968,3668,3123,1.550,1.660,1.030,2,0,70.900,0,0,18,315,1,41,0
16-01 11:44:36,18.500,3.000,76.999,0.250,0,5348380,201044,171656,2275860,13362.794,9487.854,0,183.997,0,14.000,2513,2333,1.550,1.660,1.030,3,0,1.000,0,0,18,318,1,41,0
16-01 11:44:37,20.514,6.004,72.048,0,0,5374540,174864,171656,2275880,11740.832,6882.591,0,128.085,0,9.006,3049,2646,1.550,1.660,1.030,3,0,56.037,0,0,18,317,1,41,0
16-01 11:44:38,19.266,2.252,77.814,0,0,5385740,163660,171656,2275884,29057.918,10277.459,0,1621.335,0,97.080,2561,1829,1.550,1.660,1.030,2,0,0,0,0,18,318,1,42,0
16-01 11:44:39,20.713,5.740,72.621,0.250,0,5378624,170772,171656,2275904,9456.213,3360.035,11.979,375.334,0.998,20.963,2928,2566,1.550,1.660,1.030,3,0,31.943,0,0,18,317,1,44,0
16-01 11:44:40,18.510,2.501,77.543,0,0,5381812,167452,171656,2276036,19511.905,9578.353,0,0,0,0,2211,1889,1.430,1.630,1.030,3,0,1.001,0,0,18,318,1,44,0
16-01 11:44:41,15.496,5.249,77.481,0.250,0,5353260,195968,171656,2276072,19120.223,4717.821,15.996,219.945,1.000,24.994,3194,3224,1.430,1.630,1.030,4,0,46.988,0,0,18,317,1,38,0
16-01 11:44:42,20.238,2.249,76.704,0.250,0,5376052,173172,171656,2276076,14429.274,7413.517,0,119.927,0,8.995,2182,1877,1.430,1.630,1.030,3,0,0,0,0,18,318,1,38,0
16-01 11:44:43,20.397,5.036,73.027,0.252,0,5353240,195944,171656,2276116,12471.060,6262.223,16.116,326.357,1.007,33.240,3235,3106,1.430,1.630,1.030,2,0,32.233,0,0,18,317,1,41,0
16-01 11:44:44,19.497,2.250,76.737,0.250,0,5360776,188400,171656,2276124,55569.368,7342.727,0,2071.641,0,342.941,3114,2379,1.430,1.630,1.030,2,0,0,0,0,18,318,1,41,0
16-01 11:44:45,15.745,4.249,78.725,0.500,0,5280340,268768,171656,2276192,14228.416,6949.761,47.985,479.845,1.999,45.985,3095,3186,1.320,1.600,1.020,2,0,50.984,0,0,18,317,1,36,0
16-01 11:44:46,21.871,5.219,71.331,0,0,5310340,238756,171656,2276204,43795.589,1610.534,0,210.761,0,11.930,2712,2200,1.320,1.600,1.020,3,0,36.784,0,0,18,317,1,36,0
16-01 11:44:47,18.886,2.770,77.809,0,0,5300004,249068,171656,2276228,37680.552,24227.960,0,136.984,0,10.072,2709,2390,1.320,1.600,1.020,3,0,22.159,0,0,18,317,1,38,0
16-01 11:44:48,21.614,4.969,72.045,0.248,0,5364620,184452,171656,2276228,9617.307,1609.841,0,723.435,0,45.712,2614,2382,1.320,1.600,1.020,4,0,24.843,0,0,18,317,1,38,0
16-01 11:44:49,19.254,2.000,77.518,0,0,5363040,185652,171656,2276608,16275.731,10629.437,368.084,196.045,23.005,21.005,2767,2789,1.320,1.600,1.020,3,0,1.000,0,0,18,317,1,33,0
16-01 11:44:50,22.507,5.252,71.021,0.500,0,5407824,140860,171656,2276616,15630.630,1566.464,0,2340.693,0,121.036,3111,2971,1.290,1.590,1.020,2,0,16.005,0,0,18,317,1,33,0
16-01 11:44:51,17.543,3.007,77.439,0.501,0,5397888,149192,171656,2278220,13076.892,8093.739,1668.068,749.829,55.134,93.227,3751,4729,1.290,1.590,1.020,3,0,1.002,0,0,18,320,1,33,0
16-01 11:44:52,23.869,4.724,68.624,0.497,0,5366960,179456,171656,2278884,8119.527,2844.420,385.886,946.814,21.880,115.368,4168,5082,1.290,1.590,1.020,3,0,4.973,0,0,18,319,1,34,0
16-01 11:44:53,20.229,3.247,75.670,0.499,0,5382124,164280,171656,2278896,21562.279,8122.441,0,543.427,0,38.959,2771,2505,1.290,1.590,1.020,2,0,0,0,0,18,321,1,31,0
16-01 11:44:54,19.370,4.276,73.958,0.503,0,5335524,210720,171660,2279052,15086.349,6117.855,84.523,1368.468,5.031,143.890,5119,6878,1.290,1.590,1.020,3,0,5.031,0,0,18,319,1,32,0
16-01 11:44:55,8.774,23.565,66.182,0.752,0,5301240,244972,171660,2279084,9211.396,1624.479,0,2731.531,0,360.995,7832,6532,1.270,1.580,1.020,2,0,633.747,0,0,18,319,1,32,0
16-01 11:44:56,9.011,22.777,66.829,0.250,0,5303464,242716,171660,2279116,10149.965,1621.912,0,616.727,0,42.050,7368,6525,1.270,1.580,1.020,3,0,615.726,0,0,18,321,1,32,0
16-01 11:44:57,8.731,22.699,66.352,0.249,0,5297256,248892,171660,2279148,8574.897,1690.234,0,3125.038,0,197.560,7911,7373,1.270,1.580,1.020,3,0,653.544,0,0,18,321,1,30,0
16-01 11:44:58,9.257,22.766,67.548,0,0,5290540,255576,171660,2279180,12068.513,1567.105,0,240.169,0,22.016,7077,6105,1.270,1.580,1.020,4,0,595.420,0,0,18,321,1,30,0
16-01 11:44:59,9.465,22.168,67.499,0,0,5296020,250060,171660,2279216,8374.912,1707.661,0,123.541,0,13.948,6973,6012,1.270,1.580,1.020,3,0,548.962,0,0,18,321,1,30,0
16-01 11:45:00,9.289,22.094,68.039,0,0,5285028,261024,171660,2279244,7144.348,1626.911,0,40.171,0,10.043,6860,5946,1.250,1.570,1.020,3,0,560.380,0,0,18,321,1,30,0
16-01 11:45:01,13.695,11.205,71.214,2.739,0,5279392,374024,171664,2184008,21824.229,1505.944,282.862,2115.492,28.884,7.968,3833,3194,1.250,1.570,1.020,2,1,120.515,0,0,18,321,1,26,0
16-01 11:45:02,20.217,3.994,71.384,2.746,0,5306656,331132,171664,2199624,8080.864,1617.371,7048.542,567.078,539.124,5.990,3519,3120,1.250,1.570,1.020,2,0,5.990,0,0,18,321,1,26,0
16-01 11:45:03,19.241,1.999,77.212,0.250,0,5309132,326604,171664,2201676,18314.058,4417.843,19.990,907.557,3.998,23.988,2586,2396,1.250,1.570,1.020,1,0,15.992,0,0,18,322,1,26,0
16-01 11:45:04,13.573,1.759,79.428,3.519,0,5312844,322068,171664,2202492,21738.161,8825.567,695.750,3390.272,45.244,100.542,2741,3030,1.250,1.570,1.020,3,0,1.005,0,0,18,322,1,26,0
16-01 11:45:05,8.188,1.241,81.628,7.195,0,5314328,319800,171668,2203276,17635.558,9320.943,452.550,1405.287,42.675,51.607,2051,2350,1.140,1.540,1.010,2,0,0.992,0,0,18,322,1,26,0
16-01 11:45:06,14.027,1.503,81.157,2.254,0,5345280,287796,171672,2204324,30949.840,8613.654,821.589,1130.185,40.077,41.079,2258,1955,1.140,1.540,1.010,2,0,0,0,0,18,322,1,23,0
16-01 11:45:07,14.310,1.004,81.845,1.757,0,5339208,293192,171672,2205000,16606.942,8734.787,550.318,927.908,45.190,32.135,2044,2016,1.140,1.540,1.010,1,0,0,0,0,18,322,1,23,0
16-01 11:45:08,14.680,1.244,81.862,0.995,0,5346416,285048,171736,2205860,21761.874,9249.170,792.246,1445.152,43.792,55.736,2082,2012,1.140,1.540,1.010,2,0,0,0,0,18,322,1,23,0
16-01 11:45:09,12.510,1.501,84.314,1.501,0,5349468,281016,171832,2206792,30106.010,10879.315,508.389,5356.094,46.035,237.181,2346,1955,1.140,1.540,1.010,1,0,0,0,0,18,322,1,23,0
16-01 11:45:10,16.513,3.503,72.305,6.755,0,5368864,226080,172016,2242148,14669.120,1687.279,15199.522,1537.165,150.114,182.138,2784,2237,1.130,1.540,1.010,2,0,2.002,0,0,18,322,1,23,0
16-01 11:45:11,24.259,2.501,71.527,0,0,5370240,209964,173140,2255620,8641.245,1512.568,0,1620.609,0,34.013,2621,2332,1.130,1.540,1.010,2,0,0,0,0,18,322,1,23,0
16-01 11:45:12,23.998,2.250,71.993,0.500,0,5365304,198384,173532,2271444,14283.578,1619.839,0,1543.846,0,37.996,2666,2350,1.130,1.540,1.010,2,0,0,0,0,18,322,1,23,0
16-01 11:45:13,23.242,3.249,70.477,1.000,0,5374824,166168,174224,2293188,8837.110,1693.446,0,2543.168,0,116.962,3040,3049,1.130,1.540,1.010,3,0,0,0,0,18,322,1,23,0
16-01 11:45:14,22.736,3.748,71.454,0.999,0.250,5375628,149560,175056,2307912,44360.728,1720.903,15.990,2638.319,0.999,111.929,3209,3215,1.130,1.540,1.010,2,0,0,0,0,18,322,1,22,0
16-01 11:45:15,23.742,3.249,71.727,1.000,0,5370700,160780,176024,2301128,6359.979,1619.485,0,2419.231,0,92.970,2834,2587,1.120,1.530,1.010,4,0,0,0,0,18,322,1,22,0
16-01 11:45:16,23.752,3.000,71.507,0,0,5307256,241468,176072,2283776,41150.263,1794.186,8.001,364.038,2.000,15.002,2613,2082,1.120,1.530,1.010,2,0,19.002,0,0,18,321,1,22,0
16-01 11:45:17,18.702,2.992,77.550,0.249,0,5328616,214504,176176,2289212,14959.458,3954.811,3.990,1591.899,0.997,27.928,2316,2044,1.120,1.530,1.010,2,0,15.959,0,0,18,321,1,22,0
16-01 11:45:18,22.791,3.757,72.881,0,0,5339020,202956,176196,2290304,10106.143,2700.849,0,8.014,0,2.004,2550,2054,1.120,1.530,1.010,3,0,19.034,0,0,18,322,1,22,0
16-01 11:45:19,18.549,3.509,75.449,0.251,0,5342124,192740,176656,2296240,15298.319,3658.642,0,1379.636,0,29.077,6254,10486,1.120,1.530,1.010,3,0,7.018,0,0,18,321,1,22,0
16-01 11:45:20,23.479,5.495,68.938,0.250,0,5348788,185460,176704,2296712,7627.088,1618.533,0,1518.624,0,24.977,10036,18090,1.110,1.520,1.010,3,0,14.986,0,0,18,321,1,22,0
16-01 11:45:21,22.555,6.766,69.919,0,0,5350364,183724,176740,2296804,11765.442,1515.664,0,1479.577,0,115.279,7043,11084,1.110,1.520,1.010,3,0,16.039,0,0,18,321,1,22,0
16-01 11:45:22,22.440,4.737,71.059,0.249,0,5328036,219684,176748,2283896,10809.888,1615.649,0,1025.239,0,22.938,3277,3069,1.110,1.520,1.010,2,0,50.863,0,0,18,321,1,20,0
16-01 11:45:23,24.904,5.786,67.667,0,0,5339764,207940,176748,2283912,5889.308,1630.049,0,297.836,0,15.093,10442,18759,1.110,1.520,1.010,2,0,30.186,0,0,18,321,1,20,0
16-01 11:45:24,18.443,2.741,77.758,0.249,0,5367552,174704,176748,2289360,15032.232,3725.410,15.950,1252.104,0.997,42.867,2567,2539,1.110,1.520,1.010,2,0,15.950,0,0,18,321,1,20,1
16-01 11:45:25,23.454,3.493,72.109,0.250,0,5359600,181552,176748,2290448,9154.108,2216.667,0,131.743,0,7.984,2614,2267,1.100,1.510,1.010,3,0,18.963,0,0,18,322,1,20,0
16-01 11:45:26,17.847,2.765,78.428,0.251,0,5377556,156956,176816,2296388,13076.429,4255.244,0,1842.062,0,122.670,3233,3847,1.100,1.510,1.010,2,0,8.044,0,0,18,321,1,20,0
16-01 11:45:27,23.469,6.492,66.414,0.250,0,5377580,156356,176816,2296852,10424.450,1617.897,0,735.045,0,23.969,17050,33264,1.100,1.510,1.010,3,0,12.983,0,0,18,321,1,20,0
16-01 11:45:28,19.901,6.965,71.891,0.249,0,5340104,207128,176824,2284092,8769.236,1611.955,0,457.716,0,10.945,3034,3010,1.100,1.510,1.010,2,0,14.926,0,0,18,321,1,20,0
16-01 11:45:29,24.224,2.997,71.673,0,0,5339584,207848,176824,2283940,8900.476,1618.268,0,511.453,0,7.991,2631,2190,1.100,1.510,1.010,2,0,21.976,0,0,18,321,1,20,0
16-01 11:45:30,21.738,5.747,71.211,0.250,0,5314324,226908,176848,2290148,9364.908,1619.120,0,151.917,0,8.995,3435,2948,1.090,1.500,1.010,2,0,96.947,0,0,18,321,1,20,0
16-01 11:45:31,24.134,3.268,71.900,0,0,5343148,193812,176896,2294300,5661.525,1562.702,0,852.748,0,15.084,2683,2491,1.090,1.500,1.010,2,0,17.095,0,0,18,321,1,20,0
16-01 11:45:32,16.728,2.996,79.394,0.250,0,5361840,174804,176900,2296440,20192.103,7357.200,3.995,1182.425,0.999,32.956,2355,4307,1.090,1.500,1.010,8,0,33.955,0,0,18,322,1,20,0
16-01 11:45:33,17.301,2.758,78.231,0.501,0,5366652,169540,176968,2294996,24114.338,12416.733,0,1488.403,0,68.202,3339,9509,1.090,1.500,1.010,1,0,2.006,0,0,18,322,1,21,0
16-01 11:45:34,6.189,1.733,89.128,0.743,0,5364764,171216,176992,2295184,54094.695,7487.734,15.845,4044.426,0.990,191.130,2542,3356,1.090,1.500,1.010,1,0,0.990,0,0,18,323,1,17,0
16-01 11:45:35,12.613,3.027,82.236,1.009,0,5363428,172200,177012,2295496,125376.923,8885.511,0,12402.987,0,121.084,4342,6081,1.010,1.470,1.010,1,0,2.018,0,0,18,323,1,17,0
16-01 11:45:36,18.217,1.747,78.608,0.250,0,5380280,155068,177080,2295672,20422.035,8683.283,0,958.265,0,30.944,2376,2075,1.010,1.470,1.010,2,0,0,0,0,18,324,1,19,0
16-01 11:45:37,13.963,1.496,80.787,1.995,0,5378784,155712,177184,2296352,41171.415,11614.369,478.737,2246.076,36.903,202.466,3023,2695,1.010,1.470,1.010,3,0,0,0,0,18,323,1,19,0
16-01 11:45:38,13.741,1.999,82.196,0.750,0,5392708,141100,177332,2296828,306941.215,15469.830,27.982,1646.917,1.999,61.959,2303,2179,1.010,1.470,1.010,3,0,0,0,0,18,323,1,17,0
16-01 11:45:39,8.001,1.500,88.262,1.250,0,5389092,143984,177616,2297104,99319.960,15624.196,28.004,2484.349,4.001,114.016,2204,2491,1.010,1.470,1.010,2,0,0,0,0,18,323,1,17,0
16-01 11:45:40,19.498,2.750,76.490,0.750,0,5396740,160900,177704,2273404,31864.035,11123.616,103.987,8438.950,5.999,273.966,2935,2145,1.090,1.480,1.010,4,0,3.000,0,0,18,323,1,17,0
16-01 11:45:41,26.500,7.250,64.501,0.250,0,5390944,146816,177784,2293140,5691506.471,42743.649,768.012,6764.103,6.000,72.001,5251,3647,1.090,1.480,1.010,3,0,12.000,0,0,18,323,1,17,0
16-01 11:45:42,14.488,3.747,78.685,0.999,0,5379420,154960,177920,2297128,12113374.790,50481.258,419.653,13005.246,5.995,70.941,5421,3309,1.090,1.480,1.010,3,0,2.998,0,0,18,323,1,13,0
16-01 11:45:43,23.032,3.755,71.350,1.001,0,5381780,135492,181000,2309116,15230.329,1782.496,0,4918.889,0,108.151,3005,2749,1.090,1.480,1.010,2,0,1.001,0,0,18,323,1,13,0
16-01 11:45:44,24.696,2.744,70.845,0.249,0,5378660,152652,181744,2294124,44346.685,1562.571,0,1452.812,0,42.906,2847,2681,1.090,1.480,1.010,3,0,0,0,0,18,323,1,13,0
16-01 11:45:45,24.543,5.259,69.120,0.501,0,5385608,158872,182108,2280116,8443.643,1696.943,0,87091.031,0,285.495,3381,2622,1.160,1.490,1.020,2,0,0,0,0,18,323,1,13,0
16-01 11:45:46,23.723,3.246,71.418,0.749,0,5405860,145284,182852,2272592,49234.568,1618.145,0,3859.576,0,89.897,2954,2503,1.160,1.490,1.020,4,0,0,0,0,18,323,1,13,0
16-01 11:45:47,22.286,4.257,71.614,0.501,0,5388932,148972,183580,2284040,5658.028,1622.589,0,2343.740,0,85.136,2691,2508,1.160,1.490,1.020,2,1,0,0,0,18,323,1,9,0
16-01 11:45:48,22.495,3.749,71.485,1.000,0,5390648,148700,185164,2279700,11381.646,1619.665,0,2619.458,0,267.945,2855,2413,1.160,1.490,1.020,3,0,0,0,0,18,323,1,9,0
16-01 11:45:49,24.481,1.998,71.445,0.500,0,5392976,160492,185532,2264920,8719.257,1638.733,0,2154.334,0,38.970,2737,2639,1.160,1.490,1.020,3,0,0.999,0,0,18,323,1,9,0
16-01 11:45:50,23.470,4.494,70.411,0.999,0,5396308,160448,186696,2260632,8446.304,1617.951,0,8880.754,0,136.827,3307,3170,1.150,1.480,1.020,3,0,1.997,0,0,18,323,1,9,0
16-01 11:45:51,18.385,1.763,78.325,0.504,0,5312488,277132,186856,2227352,16067.910,4307.610,0,737.411,0,25.185,2149,1907,1.150,1.480,1.020,2,0,1.007,0,0,18,321,1,5,0
16-01 11:45:52,22.599,3.725,73.013,0,0,5340504,249068,186884,2227368,10568.539,2678.145,0,3.974,0,0.993,2707,2132,1.150,1.480,1.020,1,0,33.775,0,0,18,322,1,5,0
16-01 11:45:53,19.616,2.766,76.704,0.251,0,5342560,239984,186980,2233892,12451.651,2797.547,0,1887.163,0,33.196,2373,2292,1.150,1.480,1.020,2,0,2.012,0,0,18,321,1,5,0
16-01 11:45:54,18.657,2.488,77.861,0.249,0,5365472,217004,186980,2233924,11187.127,4462.711,31.841,704.482,0.995,25.871,2416,2390,1.150,1.480,1.020,1,0,16.916,0,0,18,322,1,5,0
16-01 11:45:55,23.104,5.023,69.062,0,0,5370628,204264,187308,2240136,10645.122,1868.446,0,1052.759,0,26.118,9820,18098,1.130,1.480,1.020,2,0,11.050,0,0,18,321,1,3,0
16-01 11:45:56,21.792,5.010,72.389,0,0,5366020,208548,187368,2240328,9080.485,1623.125,0,84.162,0,1.002,2689,2620,1.130,1.480,1.020,2,0,8.015,0,0,18,321,1,3,0
16-01 11:45:57,22.503,7.501,68.010,0.250,0,5365156,209188,187376,2240508,6854.999,1640.239,16.002,2820.411,1.000,44.006,10785,18718,1.130,1.480,1.020,3,0,15.002,0,0,18,321,1,3,0
16-01 11:45:58,21.998,5.000,71.495,0.250,0,5310892,277744,187376,2227500,9429.289,1619.878,0,555.958,0,30.998,2581,2236,1.130,1.480,1.020,2,0,1.000,0,0,18,321,1,3,0
16-01 11:45:59,21.843,4.468,71.239,0.993,0,5326128,259556,187380,2230440,7706.755,1701.801,611.616,873.737,11.915,15.886,2593,2294,1.130,1.480,1.020,2,0,6.950,0,0,18,321,1,3,0
16-01 11:46:00,24.884,4.776,69.122,1.005,0,5328960,255860,187380,2231304,8990.402,1628.769,563.031,2835.264,33.179,170.920,6422,8945,1.200,1.480,1.020,11,0,1.005,0,0,18,324,1,8,0
16-01 11:46:01,17.998,12.999,66.244,1.250,0.250,5282340,301716,187380,2232064,9333.102,1619.844,495.952,5319.488,22.998,396.962,8060,9469,1.200,1.480,1.020,4,0,265.974,0,0,18,323,1,8,0
16-01 11:46:02,13.485,12.486,69.174,3.496,0,5243420,338204,187380,2234496,5955.438,1510.336,2401.354,1258.613,242.733,68.924,5161,4404,1.200,1.480,1.020,1,1,183.797,0,0,18,323,1,10,0
16-01 11:46:03,8.972,4.486,73.020,11.962,0,5231112,309528,187528,2275304,9759.241,2166.173,40819.344,3688.375,3306.578,319.991,9262,8981,1.200,1.480,1.020,1,1,5.981,0,0,18,324,1,10,0
16-01 11:46:04,3.249,1.500,83.725,9.997,0.250,5246964,293028,187784,2275692,14303.731,2755.178,647.807,4414.683,161.952,218.935,2542,3491,1.200,1.480,1.020,1,0,1.000,0,0,18,324,1,10,0
16-01 11:46:05,2.998,1.249,93.202,0.500,0,5245576,294180,187784,2275928,44155.468,4422.743,235.880,10766.506,6.996,52.973,1712,2145,1.110,1.460,1.020,1,0,0.999,0,0,18,324,1,10,0
16-01 11:46:06,4.277,2.013,90.313,2.767,0,5237244,301736,187832,2276624,119539.446,2729.018,269.682,487.037,10.063,6.038,1859,1922,1.110,1.460,1.020,2,0,12.075,0,0,18,323,1,10,1
16-01 11:46:07,2.232,1.240,93.496,0.496,0,5217756,321720,187840,2276104,11989.290,128455.827,11.904,686.463,2.976,12.896,1552,1892,1.110,1.460,1.020,1,0,0,0,0,18,323,1,10,0
16-01 11:46:08,1.500,0.750,96.766,0,0,5217956,321520,187840,2276104,8800.423,1620.262,0,0,0,0,1162,1635,1.110,1.460,1.020,2,0,0,0,0,18,323,1,10,0
16-01 11:46:09,2.504,0.751,95.666,0.501,0,5217692,321776,187840,2276112,15066.079,1622.809,0,356.617,0,30.052,1588,2170,1.110,1.460,1.020,2,0,0,0,0,18,323,1,10,0
16-01 11:46:10,1.748,1.249,95.164,0.250,0,5215424,324000,187840,2276156,5676.892,1564.592,0,299.730,0,29.973,1484,2044,1.020,1.440,1.010,1,0,0.999,0,0,18,323,1,10,0
16-01 11:46:11,2.505,1.252,94.933,0.751,0,5216988,322780,187840,2276156,10321.887,1623.127,0,14351.651,0,297.573,2175,2486,1.020,1.440,1.010,1,0,0,0,0,18,323,1,10,0
16-01 11:46:12,1.752,0.250,96.876,0.250,0,5216988,322780,187840,2276156,17889.202,1568.034,0,344.447,0,24.031,1335,1674,1.020,1.440,1.010,3,0,0,0,0,18,323,1,10,0
16-01 11:46:13,3.489,1.744,93.693,0,0,5235308,304452,187840,2276164,7811.396,1614.707,0,127.582,0,14.951,1544,2095,1.020,1.440,1.010,2,0,0.997,0,0,18,325,1,10,0
16-01 11:46:14,1.249,0.749,96.185,0,0,5231772,307988,187840,2276164,43467.776,1638.898,0,211.858,0,15.989,1365,1835,1.020,1.440,1.010,1,0,0,0,0,18,325,1,10,0
16-01 11:46:15,2.011,0.503,96.298,0.251,0,5231996,307764,187840,2276164,15414.684,1715.760,0,68.389,0,9.051,1367,1744,1.020,1.430,1.010,1,0,0,0,0,18,325,1,10,0
16-01 11:46:16,1.988,2.982,93.947,0,0,5221560,318192,187840,2276164,44484.152,1610.520,0,39722.183,0,246.549,2067,2192,1.020,1.430,1.010,1,0,0,0,0,18,325,1,10,0
16-01 11:46:17,1.501,0.750,96.036,0,0,5221588,318164,187840,2276164,7005.613,1620.604,0,0,0,0,1197,1670,1.020,1.430,1.010,2,0,0,0,0,18,325,1,10,0
16-01 11:46:18,2.003,0.250,96.881,0,0,5221588,318164,187840,2276164,12902.450,1568.121,0,4.005,0,1.001,1200,1608,1.020,1.430,1.010,1,0,0,0,0,18,325,1,10,0
16-01 11:46:19,2.000,1.250,95.256,0.250,0,5221836,317912,187840,2276168,10755.623,1620.094,0,976.057,0,184.011,1765,2250,1.020,1.430,1.010,1,0,1.000,0,0,18,325,1,10,0
16-01 11:46:20,2.252,1.001,95.581,0,0,5222084,317664,187840,2276168,10304.695,1707.441,0,256.216,0,23.019,1562,2106,1.100,1.440,1.010,1,0,2.002,0,0,18,325,1,10,0
16-01 11:46:21,2.501,3.501,92.773,0.500,0,5221284,318408,187840,2276184,9058.286,1512.382,0,126371.894,0,557.141,3267,2981,1.100,1.440,1.010,1,0,0,0,0,18,325,1,10,0
16-01 11:46:22,1.499,0.750,95.944,0,0,5221524,318164,187840,2276188,8655.924,1619.051,0,811.524,0,8.995,1315,1800,1.100,1.440,1.010,1,0,0,0,0,18,325,1,10,0
16-01 11:46:23,2.750,1.500,94.007,0.250,0,5222024,317660,187840,2276192,8815.618,1620.114,0,116.008,0,15.001,1640,2087,1.100,1.440,1.010,1,0,7.000,0,0,18,327,1,10,0
16-01 11:46:24,1.748,0.749,96.636,0,0,5222024,317660,187840,2276192,8642.806,1618.091,0,463.453,0,32.961,1244,1802,1.100,1.440,1.010,1,0,0,0,0,18,327,1,10,0
16-01 11:46:25,1.500,0.500,96.483,0.250,0.250,5222024,317660,187840,2276192,5914.934,1565.718,0,31.994,0,2.999,1183,1710,1.010,1.410,1.010,1,0,0,0,0,18,327,1,10,0
16-01 11:46:26,1.749,0.500,95.689,0,0,5222020,317660,187840,2276196,5542.456,1618.965,0,83.946,0,1.999,1305,1776,1.010,1.410,1.010,3,0,1.999,0,0,18,327,1,10,0
16-01 11:46:27,1.500,0.750,97.031,0,0,5222020,317660,187840,2276196,12926.177,1620.524,0,0,0,0,1257,1644,1.010,1.410,1.010,1,0,0,0,0,18,327,1,10,0
16-01 11:46:28,1.748,0.749,95.907,0,0,5222020,317660,187840,2276196,9892.452,1618.438,0,0,0,0,1184,1597,1.010,1.410,1.010,1,0,0,0,0,18,327,1,10,0
16-01 11:46:29,1.752,0.500,96.596,0.250,0,5222244,317436,187840,2276196,8970.873,1513.497,0,80.079,0,6.006,1284,1810,1.010,1.410,1.010,2,0,0,0,0,18,327,1,10,0
16-01 11:46:30,1.500,1.250,95.754,0,0,5222244,317436,187840,2276196,7572.305,1620.065,0,616.025,0,119.005,1408,1804,0.930,1.390,1,1,0,1.000,0,0,18,327,1,10,0
16-01 11:46:31,1.750,0.750,95.753,0.250,0,5221848,317832,187840,2276204,9030.297,1620.053,0,2676.088,0,22.001,1502,2117,0.930,1.390,1,2,0,0,0,0,18,327,1,10,0
16-01 11:46:32,1.752,1.251,95.859,0.250,0,5221916,317760,187840,2276208,10522.017,1663.900,0,652.745,0,31.035,1431,1995,0.930,1.390,1,1,0,0,0,0,18,327,1,10,0
16-01 11:46:33,8.254,3.251,87.287,0.250,0,5239296,300248,187840,2276340,7942.381,1566.667,0,152.065,0,18.008,2716,9788,0.930,1.390,1,1,0,36.015,0,0,18,327,1,11,0
16-01 11:46:34,1.749,0.750,95.712,0,0,5231960,307584,187840,2276340,8876.448,1619.352,0,255.898,0,22.991,1460,2103,0.930,1.390,1,2,0,1.000,0,0,18,327,1,11,0
16-01 11:46:35,1.996,1.248,95.311,0,0,5236956,302584,187840,2276344,9418.294,1616.789,0,99.802,0,11.976,1480,2101,0.850,1.370,1,2,0,0.998,0,0,18,327,1,11,0
16-01 11:46:36,2.004,0.752,95.965,0.251,0,5230772,308764,187844,2276344,6778.154,1623.630,0,208.466,0,9.020,1387,1906,0.850,1.370,1,1,0,0,0,0,18,327,1,10,0
16-01 11:46:37,5.999,1.250,91.239,0,0,5248100,291436,187844,2276344,141586.426,3905.515,0,0,0,0,1861,2081,0.850,1.370,1,3,0,4.000,0,0,18,327,1,10,0
16-01 11:46:38,15.265,7.007,75.322,0.500,0,5272284,266984,187868,2276584,449612.772,16842.099,124.119,348.333,6.006,16.015,5231,6196,0.850,1.370,1,3,0,36.034,0,0,18,327,1,10,0
16-01 11:46:39,19.480,6.244,73.676,0.250,0,5272248,263056,187876,2280540,154539.056,5844.103,15.984,139.859,0.999,4.995,3388,2891,0.850,1.370,1,2,0,31.968,0,0,18,327,1,12,0
