"pcp-dstat 6.2.0 CSV Output"
"Author:","PCP team <pcp@groups.io> and Dag Wieers <dag@wieers.com>",,,,"URL:","https://pcp.io/ and http://dag.wieers.com/home-made/dstat/"
"Host:","ubuntu",,,,"User:","ubuntu"
"Cmdline:","dstat -tcmndrylpg --tcp --output /tmp/devstack_logs/dstat-csv.log",,,,"Date:","19 Jan 2026 10:37:49 UTC"
"system","total usage",,,,,"memory usage",,,,"net/total",,"dsk/total",,"io/total",,"system",,"load avg",,,"procs",,,"paging",,"tcp sockets",,,,
"time","total usage:usr","total usage:sys","total usage:idl","total usage:wai","total usage:stl","used","free","buf","cach","net/total:recv","net/total:send","dsk/total:read","dsk/total:writ","read","writ","int","csw","1m","5m","15m","run","blk","new","in","out","lis","act","syn","tim","clo"
19-01 10:37:49,,1012692,1692508,163400,4953092,,,,,,,1.410,0.940,0.510,1,0,,,,10,5,0,17,1
19-01 10:37:50,17.982,20.479,59.690,0.749,0,1018468,1686268,163420,4953400,40481.124,11868.016,0,2581.393,0,96.902,6900,6059,1.410,0.940,0.510,1,0,517.477,0,0,10,5,0,17,1
19-01 10:37:51,24.984,17.989,55.215,0.500,0,1021176,1683044,163456,4953836,22915.649,10217.601,0,1451.091,0,49.969,6106,6069,1.410,0.940,0.510,1,0,345.783,0,0,10,4,0,17,2
19-01 10:37:52,34.047,16.523,48.316,0.751,0,1029248,1652812,163520,4974884,192844.713,10174.967,0,2355.233,0,77.106,6465,6634,1.410,0.940,0.510,3,1,254.349,0,0,10,4,0,17,2
19-01 10:37:53,35.124,12.455,51.317,0.498,0,1154356,1510264,164456,5112792,6915.283,1614.230,15.943,1195.726,0.996,37.865,4725,4316,1.410,0.940,0.510,2,0,110.605,0,0,11,6,0,17,2
19-01 10:37:54,39.795,11.763,47.804,0.501,0,1152516,1493908,164876,5128664,8133.248,1621.844,0,5750.538,0,69.079,4837,3412,1.450,0.950,0.520,2,0,190.216,0,0,11,6,0,19,2
19-01 10:37:55,42.624,5.982,48.357,1.496,0,1223744,1396308,165792,5151456,40693.915,1615.234,31.906,4123.831,1.994,117.653,3543,2112,1.450,0.950,0.520,2,0,0,0,0,11,6,0,19,2
19-01 10:37:56,43.469,5.277,48.494,2.010,0,1261408,1336876,166956,5169452,44033.577,1465.374,0,6975.099,0,368.856,4998,4485,1.450,0.950,0.520,2,0,7.035,0,0,11,8,0,19,2
19-01 10:37:57,32.902,6.481,45.614,11.715,0,1263224,1302868,168904,5197196,8410.999,1615.199,0,47793.935,0,3431.799,19226,27559,1.450,0.950,0.520,2,1,59.822,0,0,11,8,0,19,2
19-01 10:37:58,37.344,8.020,49.625,4.010,0,1204516,1377372,169236,5181036,12363.171,4352.975,0,34270.405,0,2258.695,10835,13910,1.450,0.950,0.520,2,0,91.230,0,0,11,4,0,19,0
19-01 10:37:59,41.666,6.237,51.396,0.249,0,1322664,1259184,169256,5181056,13320.059,2886.163,0,1301.368,0,68.861,3103,1727,1.500,0.970,0.530,1,0,33.931,0,0,11,5,0,19,0
19-01 10:38:00,43.264,5.002,50.267,1.250,0,1302980,1271620,169412,5187508,10433.488,2627.878,0,9327.118,0,506.169,4438,3594,1.500,0.970,0.530,2,0,12.004,0,0,11,4,0,19,0
19-01 10:38:01,39.737,4.498,54.482,0.250,0,1311972,1260480,169432,5189296,15603.722,4549.461,0,663.775,0,44.985,2901,1631,1.500,0.970,0.530,2,0,17.994,0,0,11,5,0,19,0
19-01 10:38:02,41.854,11.529,45.113,0.251,0,1293432,1272484,169972,5193984,6604.471,1892.720,0,1138.840,0,54.135,11744,18757,1.500,0.970,0.530,2,0,137.343,0,0,11,4,0,19,0
19-01 10:38:03,30.474,24.978,42.463,0,0,1271752,1293716,170052,5194224,9081.155,1618.602,0,123.893,0,10.991,14305,21633,1.500,0.970,0.530,2,0,533.539,0,0,11,4,0,19,0
19-01 10:38:04,39.008,18.004,42.259,0.250,0,1159336,1420764,170064,5181724,8848.859,1620.340,0,2584.543,0,87.018,6273,6836,1.780,1.040,0.560,4,0,229.048,0,0,11,4,0,19,0
19-01 10:38:05,63.661,11.734,24.216,0,0,1236300,1343776,170068,5181860,8584.000,1455.965,0,111.844,0,2.996,4049,2315,1.780,1.040,0.560,2,0,183.743,0,0,11,5,0,19,0
19-01 10:38:06,47.000,3.500,49.250,0,0,1267316,1312312,170080,5182296,5399.967,1619.990,0,375.998,0,26.000,2633,1116,1.780,1.040,0.560,2,0,0,0,0,11,5,0,19,0
19-01 10:38:07,42.080,9.017,47.590,0,0,1282976,1294152,170124,5184700,9372.782,1623.079,0,1230.334,0,107.203,3391,3923,1.780,1.040,0.560,2,0,17.032,0,0,11,4,0,20,0
19-01 10:38:08,16.469,8.484,73.860,0.499,0,1311700,1265400,170128,5184712,7382.026,1616.939,0,2666.951,0,88.832,3398,3016,1.780,1.040,0.560,1,0,123.766,0,0,11,4,0,20,0
19-01 10:38:09,23.247,2.500,73.990,0,0,1354540,1222560,170128,5184716,9958.651,1619.781,0,0,0,0,1782,1196,1.720,1.040,0.560,1,0,0,0,0,11,4,0,20,0
19-01 10:38:10,22.296,3.507,71.399,1.002,0,1350892,1225912,170180,5184964,10325.519,1623.383,0,26747.744,0,386.806,4075,4465,1.720,1.040,0.560,1,0,1.002,0,0,11,10,0,20,0
19-01 10:38:11,21.478,4.745,71.925,1.249,0,1340688,1235936,170216,5185100,9403.259,1618.324,99.897,2761.140,9.990,175.818,2750,2333,1.720,1.040,0.560,1,0,41.957,0,0,11,4,0,16,0
19-01 10:38:12,18.976,1.748,77.901,0.499,0,1350812,1225292,170480,5185296,11760.034,4069.821,271.654,1054.658,9.987,43.944,1957,1484,1.720,1.040,0.560,1,0,0,0,0,11,11,0,16,0
19-01 10:38:13,18.242,2.499,73.970,4.498,0,1370840,1204904,170524,5185528,10019.869,4066.323,267.890,1123.537,65.973,82.966,2712,2646,1.720,1.040,0.560,1,0,2.999,0,0,11,27,0,16,0
19-01 10:38:14,19.511,5.753,74.043,0,0,1342776,1232824,170524,5185672,12157.052,4761.762,0,2573.493,0,108.063,2623,1813,1.660,1.040,0.560,1,0,44.026,0,0,11,28,0,17,0
19-01 10:38:15,18.500,3.250,77.500,0,0,1346044,1229552,170528,5185680,12127.049,6352.026,0,28080.113,0,357.001,2524,1506,1.660,1.040,0.560,2,0,0,0,0,11,29,0,17,0
19-01 10:38:16,27.795,11.268,59.596,0.501,0,1398208,1177492,170528,5185696,9202.773,3822.135,0,1891.036,0,34.055,3740,2732,1.660,1.040,0.560,2,0,156.251,0,0,11,28,0,18,0
19-01 10:38:17,36.936,4.492,58.149,0,0,1476432,1099252,170528,5185712,16501.199,9433.535,0,127.777,0,4.991,3000,2126,1.660,1.040,0.560,3,0,0,0,0,11,30,0,18,0
19-01 10:38:18,34.848,7.521,57.161,0,0,1452532,1122944,170536,5185912,18829.094,12355.841,0,2462.945,0,32.090,5428,7315,1.660,1.040,0.560,3,0,105.297,0,0,11,28,0,19,0
19-01 10:38:19,70.254,26.752,2.250,0,0,1550736,1024704,170536,5185948,8814.558,1620.102,0,40.003,0,10.001,5542,4442,2.010,1.120,0.590,6,0,473.030,0,0,11,28,0,19,0
19-01 10:38:20,88.974,10.747,0.250,0,0,1722108,853312,170536,5185964,25421.591,16275.257,0,219.936,0,1.999,5587,3746,2.010,1.120,0.590,6,0,0,0,0,11,32,0,19,0
19-01 10:38:21,78.515,11.502,10.002,0,0,1715808,859324,170560,5186216,36903.836,32068.941,0,880.163,0,82.015,8350,13428,2.010,1.120,0.590,2,0,150.028,0,0,11,29,0,24,0
19-01 10:38:22,26.426,8.726,63.573,0,0,1547240,1027864,170568,5186236,10180.601,1812.943,0,247.310,0,12.964,3316,2723,2.010,1.120,0.590,1,0,159.555,0,0,11,28,0,25,0
19-01 10:38:23,18.249,2.000,78.744,0.250,0,1536632,1038460,170572,5186244,15524.807,6670.487,0,343.974,0,9.999,2182,2196,2.010,1.120,0.590,1,0,1.000,0,0,11,29,0,25,0
19-01 10:38:24,21.551,8.269,68.662,0.501,0,1444208,1130860,170584,5186256,7893.571,3304.775,0,962.264,0,70.165,3983,12383,1.930,1.120,0.590,1,0,104.245,0,0,11,28,0,25,0
19-01 10:38:25,18.707,4.240,76.326,0,0,1466660,1108404,170584,5186260,48614.363,5522.432,0,49814.631,0,158.639,2456,1885,1.930,1.120,0.590,2,0,0,0,0,11,29,0,25,0
19-01 10:38:26,15.285,8.770,75.421,0,0,1442572,1132428,170592,5186280,46324.912,4689.621,0,1074.433,0,18.041,4187,4086,1.930,1.120,0.590,2,0,194.440,0,0,11,28,0,26,0
19-01 10:38:27,22.514,31.770,45.028,0.250,0,1415172,1159824,170592,5186284,9041.657,1663.041,0,236.148,0,20.013,6452,5632,1.930,1.120,0.590,5,0,806.505,0,0,11,28,0,26,0
19-01 10:38:28,83.741,15.748,0,0,0,1596620,978332,170592,5186328,9901.986,3589.632,0,183.981,0,7.999,4937,2397,1.930,1.120,0.590,5,0,43.995,0,0,11,29,0,25,0
19-01 10:38:29,74.083,7.733,17.211,0,0,1658100,916644,170604,5186524,38364.539,34592.041,0,534.795,0,34.921,6750,9484,2.170,1.180,0.620,3,0,0,0,0,11,33,0,25,0
19-01 10:38:30,71.917,18.543,9.021,0.251,0,1581272,993260,170644,5186696,27161.152,16164.584,0,43833.918,0,199.464,9406,12224,2.170,1.180,0.620,6,0,280.653,0,0,11,28,0,26,0
19-01 10:38:31,85.501,14.500,0,0,0,1644164,930320,170648,5186736,12571.182,7505.108,0,840.012,0,14.000,5347,3431,2.170,1.180,0.620,5,0,30.000,0,0,11,30,0,26,0
19-01 10:38:32,82.875,9.735,6.490,0,0,1735176,839068,170688,5186932,37602.099,30181.329,0,3862.156,0,210.681,7436,9193,2.170,1.180,0.620,6,0,0,0,0,11,33,0,26,1
19-01 10:38:33,70.810,12.761,15.263,0,0,1557540,1016500,170696,5187132,37774.002,29849.288,0,496.421,0,36.031,8940,13584,2.170,1.180,0.620,4,0,214.181,0,0,11,28,0,31,0
19-01 10:38:34,41.886,9.474,48.368,0,0,1504416,1069592,170700,5187160,7571.320,1615.587,0,486.671,0,11.967,3411,2084,2.160,1.200,0.620,3,0,84.768,0,0,11,28,0,31,0
19-01 10:38:35,30.838,3.761,64.183,0,0,1511892,1062072,170708,5187196,26344.126,15818.109,0,433.235,0,24.069,4283,4969,2.160,1.200,0.620,3,0,0,0,0,11,29,0,31,1
19-01 10:38:36,50.220,19.738,28.983,0,0,1499132,1074664,170716,5187356,12209.657,5847.483,0,311.812,0,20.987,5186,4872,2.160,1.200,0.620,4,0,377.773,0,0,11,28,0,33,0
19-01 10:38:37,54.631,5.488,39.165,0,0,1561808,1011964,170716,5187380,19384.747,13443.697,0,215.530,0,8.980,4046,2652,2.160,1.200,0.620,3,0,0,0,0,11,31,0,33,0
19-01 10:38:38,50.412,14.797,34.109,0.502,0,1453428,1120252,170744,5187444,28868.631,18180.335,0,1472.726,0,110.354,7894,10577,2.160,1.200,0.620,4,0,258.831,0,0,11,28,0,34,0
19-01 10:38:39,84.506,13.501,2.000,0,0,1596668,976952,170748,5187468,14676.035,3590.253,0,2660.188,0,70.005,4911,1851,2.310,1.240,0.640,4,0,0,0,0,11,29,0,34,0
19-01 10:38:40,54.983,5.998,37.488,0,0,1603852,969680,170764,5187540,43673.514,32787.875,0,459.858,0,27.991,7694,10607,2.310,1.240,0.640,4,0,0,0,0,11,31,0,30,0
19-01 10:38:41,65.017,18.505,16.254,0,0,1505244,1068248,170768,5187576,16449.269,8777.278,0,896.233,0,28.007,5410,5722,2.310,1.240,0.640,3,0,324.084,0,0,11,28,0,32,0
19-01 10:38:42,54.719,5.247,39.228,0,0,1584780,988692,170768,5187596,21486.830,13423.397,0,183.896,0,8.995,3794,2481,2.310,1.240,0.640,3,0,0,0,0,11,31,0,32,0
19-01 10:38:43,49.243,16.498,33.245,0.250,0,1528500,1044688,170788,5187860,25488.171,18882.164,0,999.850,0,76.988,7821,10467,2.310,1.240,0.640,3,0,299.955,0,0,11,28,0,34,0
19-01 10:38:44,62.936,7.992,28.970,0,0,1562776,1010256,170796,5188008,11271.489,7522.318,0,155.841,0,7.992,3680,1383,2.360,1.270,0.650,0,0,0,0,0,11,31,0,34,0
19-01 10:38:45,44.767,4.752,48.518,0.250,0,1552536,1020168,170816,5188316,30760.615,21591.153,0,1668.630,0,141.053,6828,8822,2.360,1.270,0.650,5,0,6.002,0,0,11,30,0,35,0
19-01 10:38:46,61.414,19.473,19.473,0,0,1517644,1055024,170828,5188340,13191.445,3606.927,0,451.365,0,14.979,4633,3343,2.360,1.270,0.650,3,0,280.605,0,0,11,28,0,37,0
19-01 10:38:47,51.106,5.010,43.340,0,0,1561784,1010736,170828,5188488,41995.737,16997.105,0,140.290,0,6.012,4356,3811,2.360,1.270,0.650,2,0,0,0,0,11,31,0,37,0
19-01 10:38:48,52.536,12.759,33.273,0.250,0,1487632,1084804,170860,5188540,21373.478,11985.118,0,1180.800,0,87.059,6382,7283,2.360,1.270,0.650,4,0,112.076,0,0,11,28,0,36,0
19-01 10:38:49,54.670,5.492,39.193,0,0,1554492,1017916,170860,5188568,18972.378,13279.666,0,0,0,0,3926,2601,2.250,1.270,0.660,4,0,0,0,0,11,31,0,36,0
19-01 10:38:50,54.312,12.514,32.287,0.250,0,1460068,1112276,170872,5188620,52919.390,15443.624,0,388.443,0,49.056,8039,9242,2.250,1.270,0.660,6,0,254.290,0,0,11,28,0,38,0
19-01 10:38:51,75.027,24.759,0,0,0,1545200,1027212,170876,5188660,9355.361,1662.597,0,3557.278,0,259.093,5867,4880,2.250,1.270,0.660,7,0,471.169,0,0,11,28,0,38,0
19-01 10:38:52,82.862,16.223,0.749,0,0.250,1719492,852884,170880,5188692,17650.622,13707.185,0,167.721,0,7.987,5723,4650,2.250,1.270,0.660,6,0,401.332,0,0,11,32,0,38,0
19-01 10:38:53,77.837,18.521,3.003,0,0,1690644,881356,170908,5189040,59528.462,41978.868,0,868.970,0,64.072,8820,10928,2.250,1.270,0.660,7,0,436.487,0,0,11,31,0,38,0
19-01 10:38:54,80.549,18.953,0.748,0,0,1594892,976988,170924,5189144,23218.995,12968.602,0,299.252,0,30.923,6550,6210,2.550,1.350,0.690,7,0,280.300,0,0,11,28,0,39,0
19-01 10:38:55,87.926,10.271,1.754,0,0,1677756,894096,170928,5189168,55462.948,14195.396,0,160.321,0,8.016,6088,4272,2.550,1.350,0.690,3,0,11.022,0,0,11,31,0,39,0
19-01 10:38:56,64.811,12.512,21.770,0,0,1652580,919032,170928,5189408,97051.279,39018.698,0,8.008,0,2.002,9176,14171,2.550,1.350,0.690,5,0,211.199,0,0,11,31,0,39,0
19-01 10:38:57,28.504,24.003,46.256,0,0,1427700,1143864,170928,5189456,16347.066,8744.105,0,24.003,0,6.001,7477,7557,2.550,1.350,0.690,2,0,648.082,0,0,11,28,0,42,0
19-01 10:38:58,57.950,33.471,8.243,0,0,1504360,1067176,170928,5189484,9369.925,1618.605,0,35.969,0,8.992,5988,5098,2.550,1.350,0.690,4,0,742.360,0,0,11,28,0,42,0
19-01 10:38:59,68.151,7.988,23.466,0,0,1602264,969112,170928,5189656,31547.379,19643.593,0,315.544,0,16.975,4746,4465,2.430,1.340,0.690,1,0,0,0,0,11,32,0,42,0
19-01 10:39:00,64.897,15.535,19.544,0.501,0,1513892,1057368,170964,5189736,22972.908,16433.131,0,681.540,0,74.168,7136,9797,2.430,1.340,0.690,5,0,201.455,0,0,11,28,0,46,0
19-01 10:39:01,77.488,12.248,9.998,0,0,1576708,994528,170968,5189756,17791.138,8502.632,0,199.968,0,9.998,4896,2935,2.430,1.340,0.690,3,0,66.989,0,0,11,31,0,46,0
19-01 10:39:02,56.700,6.494,35.468,0,0,1584524,986492,170968,5189976,48651.784,33792.983,0,195.826,0,8.992,8549,13234,2.430,1.340,0.690,3,0,0,0,0,11,32,0,46,0
19-01 10:39:03,58.518,9.253,32.010,0,0,1580164,990568,170988,5190240,43690.620,35636.109,0,464.145,0,51.016,11560,18509,2.430,1.340,0.690,5,0,36.011,0,0,11,29,0,46,0
19-01 10:39:04,79.896,14.731,5.243,0,0,1549188,1021532,170996,5190244,13517.351,4500.124,0,259.661,0,23.969,5165,3236,2.470,1.370,0.700,5,0,84.889,0,0,11,29,0,46,0
19-01 10:39:05,65.112,6.261,27.297,0,0,1592068,978452,171000,5190440,34145.970,28629.443,0,172.298,0,9.016,6662,9171,2.470,1.370,0.700,3,0,0,0,0,11,32,0,46,0
19-01 10:39:06,51.182,7.490,39.697,0.250,0,1553476,1016788,171004,5190692,48695.017,37964.337,0,159.787,0,11.984,11217,18091,2.470,1.370,0.700,4,0,39.947,0,0,11,31,0,47,0
19-01 10:39:07,74.292,18.260,7.254,0,0,1507456,1062756,171004,5190744,20160.507,12958.397,0,168.096,0,9.005,6156,6270,2.470,1.370,0.700,4,0,220.126,0,0,11,28,0,50,0
19-01 10:39:08,69.734,7.998,21.745,0,0,1609044,961128,171004,5190784,25631.946,20495.159,0,151.964,0,8.998,5404,4624,2.470,1.370,0.700,4,0,0,0,0,11,32,0,50,0
19-01 10:39:09,63.237,8.998,26.745,0,0,1540932,1029028,171004,5190996,37096.419,28114.254,0,111.977,0,7.998,8894,13619,2.520,1.390,0.710,6,0,67.986,0,0,11,30,0,51,0
19-01 10:39:10,78.868,13.771,7.511,0.250,0,1562820,1006964,171004,5191172,16361.406,10309.378,0,3829.713,0,175.261,6145,5639,2.520,1.390,0.710,3,0,60.090,0,0,11,29,0,51,0
19-01 10:39:11,64.799,8.972,25.670,0,0,1563916,1005776,171016,5191248,29637.154,19346.046,0,406.740,0,34.892,5332,5183,2.520,1.390,0.710,4,0,78.756,0,0,11,30,0,53,0
19-01 10:39:12,72.859,11.768,14.772,0,0,1590924,978692,171020,5191320,27777.578,20487.666,0,188.282,0,11.016,5928,9160,2.520,1.390,0.710,5,0,41.061,0,0,11,30,0,53,0
19-01 10:39:13,62.100,12.270,24.540,0,0,1594424,974992,171024,5191516,36361.733,28786.497,0,228.369,0,22.036,7428,10842,2.520,1.390,0.710,3,0,143.231,0,0,11,32,0,53,0
19-01 10:39:14,75.486,14.497,9.748,0,0,1531060,1038304,171028,5191532,18229.613,11576.849,0,199.963,0,15.997,5488,5198,2.640,1.440,0.730,3,0,88.983,0,0,11,33,1,55,0
19-01 10:39:15,69.006,8.251,22.002,0,0,1594620,974576,171028,5191696,31478.775,21376.885,0,168.015,0,10.001,5637,6171,2.640,1.440,0.730,5,0,34.003,0,0,11,34,0,57,0
19-01 10:39:16,73.432,10.740,15.985,0,0,1564864,1004268,171040,5191748,20822.620,16125.992,0,1970.166,0,46.956,5619,7965,2.640,1.440,0.730,3,0,46.956,0,0,11,33,0,59,0
19-01 10:39:17,52.041,10.008,36.279,0,0,1610256,958796,171076,5191792,21414.914,13200.426,0,376.297,0,35.028,4952,4839,2.640,1.440,0.730,4,0,125.099,0,0,11,32,0,59,0
19-01 10:39:18,55.144,13.225,32.188,0.250,0,1583372,985504,171080,5191964,15505.156,7728.125,0,195.623,0,13.973,4775,4181,2.640,1.440,0.730,3,0,119.769,0,0,11,33,0,59,0
19-01 10:39:19,49.092,10.520,38.572,0,0,1542136,1026704,171088,5191992,25898.367,18446.450,0,184.344,0,15.028,5499,5868,2.580,1.450,0.740,3,0,96.180,0,0,11,34,0,60,0
19-01 10:39:20,54.259,10.252,35.256,0,0,1482620,1086044,171088,5192168,22353.776,14515.452,0,0,0,0,4935,5558,2.580,1.450,0.740,3,0,86.015,0,0,11,33,0,62,0
19-01 10:39:21,52.913,8.486,38.437,0,0,1498116,1070344,171092,5192368,21609.311,12723.985,0,351.420,0,39.934,5227,5132,2.580,1.450,0.740,2,0,85.858,0,0,11,34,0,62,0
19-01 10:39:22,32.513,3.501,62.024,0.250,0,1494860,1073544,171100,5192420,25488.915,17644.864,0,404.157,0,32.012,6091,7885,2.580,1.450,0.740,1,0,0,0,0,11,33,0,63,0
19-01 10:39:23,38.921,11.976,48.402,0,0,1506232,1062168,171104,5192420,8968.831,1814.325,0,211.571,0,12.974,3883,2606,2.580,1.450,0.740,3,0,135.725,0,0,11,32,0,64,0
19-01 10:39:24,38.519,5.753,54.778,0,0,1516544,1051824,171112,5192444,18190.138,14633.351,0,300.151,0,37.019,4575,13546,2.540,1.460,0.740,0,0,36.018,0,0,11,34,0,65,0
19-01 10:39:25,35.602,11.784,51.146,0,0,1405612,1162560,171116,5192636,51192.544,6110.492,0,870.492,0,61.175,5260,5494,2.540,1.460,0.740,2,0,138.396,0,0,11,32,0,59,0
19-01 10:39:26,37.642,5.235,56.588,0.249,0,1462496,1105648,171120,5192648,51329.738,8597.335,0,143.588,0,12.963,3252,2260,2.540,1.460,0.740,1,0,5.983,0,0,11,34,0,59,0
19-01 10:39:27,33.580,7.267,56.886,0.501,0,1477640,1090444,171144,5192684,20508.052,11413.299,0,1976.728,0,134.321,5374,6245,2.540,1.460,0.740,2,0,60.144,0,0,11,32,0,61,0
19-01 10:39:28,40.398,6.234,53.614,0,0,1491136,1076944,171144,5192688,12090.364,6486.563,0,0,0,0,2875,1941,2.540,1.460,0.740,2,0,4.987,0,0,11,33,0,61,0
19-01 10:39:29,34.299,5.007,59.835,0,0,1499580,1068464,171144,5192724,23296.235,15880.656,0,0,0,0,5152,6132,2.490,1.470,0.750,1,0,43.061,0,0,11,33,0,61,0
19-01 10:39:30,38.784,7.507,52.796,0,0,1468152,1099860,171148,5192748,12347.788,4141.619,0,272.238,0,28.024,3515,2960,2.490,1.470,0.750,2,0,5.004,0,0,11,32,0,62,0
19-01 10:39:31,33.159,3.989,61.581,0,0,1489172,1078688,171148,5192900,20663.423,15745.888,0,115.683,0,7.978,3700,3951,2.490,1.470,0.750,1,0,0,0,0,11,34,0,62,0
19-01 10:39:32,29.512,11.755,58.024,0,0,1428012,1139740,171164,5192984,18501.608,9666.975,0,464.191,0,36.015,6519,7139,2.490,1.470,0.750,3,0,282.116,0,0,11,32,0,64,0
19-01 10:39:33,20.997,3.000,74.488,0.250,0,1493288,1074456,171164,5192992,8333.671,3082.508,0,179.971,0,8.999,1855,1268,2.490,1.470,0.750,1,0,1.000,0,0,11,33,0,59,0
19-01 10:39:34,15.041,1.755,82.472,0.251,0,1480296,1087428,171168,5193008,16756.140,9796.391,0,108.292,0,7.019,3025,3605,2.290,1.440,0.750,1,0,0,0,0,11,33,0,59,0
19-01 10:39:35,15.712,12.220,71.077,0,0,1445552,1122148,171172,5193024,12259.123,2529.835,0,279.319,0,26.934,4475,3733,2.290,1.440,0.750,1,0,283.310,0,0,11,32,0,60,0
19-01 10:39:36,18.504,2.250,78.516,0,0,1487364,1080332,171172,5193028,12502.581,6704.384,0,156.032,0,9.002,1887,1578,2.290,1.440,0.750,1,0,0,0,0,11,33,0,60,0
19-01 10:39:37,18.506,4.001,76.026,0,0,1449628,1118032,171188,5193048,16358.542,7378.500,0,424.144,0,29.010,3718,4091,2.290,1.440,0.750,1,0,40.014,0,0,11,32,0,58,0
19-01 10:39:38,21.767,4.003,73.809,0,0,1445184,1122476,171188,5193048,7292.824,1459.165,0,4.003,0,1.001,1766,1188,2.290,1.440,0.750,1,0,6.005,0,0,11,32,0,58,0
19-01 10:39:39,15.477,2.247,81.379,0,0,1442296,1125216,171188,5193196,16496.501,10988.681,0,0,0,0,3032,3663,2.190,1.430,0.750,1,0,0,0,0,11,33,0,58,0
19-01 10:39:40,15.291,9.776,73.448,0,0.251,1400064,1167300,171192,5193336,16621.801,6303.991,0,352.951,0,34.092,5046,5436,2.190,1.430,0.750,1,0,174.470,0,0,11,32,0,58,0
19-01 10:39:41,20.451,20.202,57.613,0.748,0,1379296,1187996,171212,5193384,10796.258,1616.147,0,3555.522,0,175.581,6092,4773,2.190,1.430,0.750,2,0,450.925,0,0,11,32,0,56,0
19-01 10:39:42,43.661,6.487,48.901,0,0,1483456,1082408,171252,5194556,5808.223,1616.722,0,355.280,0,8.982,2894,1443,2.190,1.430,0.750,2,0,1.996,0,0,11,34,0,56,0
19-01 10:39:43,37.733,6.997,45.479,9.496,0,1409788,1148964,172108,5200360,9017.903,1619.264,0,28147.211,0,2709.769,17005,23855,2.190,1.430,0.750,5,1,124.943,0,0,11,36,0,56,0
19-01 10:39:44,39.953,8.292,40.707,9.549,0,1472948,1083812,172848,5201540,8770.661,1628.291,0,48663.799,0,4016.452,19651,29177,2.170,1.440,0.760,2,0,47.241,0,0,11,36,0,56,0
19-01 10:39:45,45.419,5.740,45.668,1.996,0,1474688,1081952,172948,5201560,9679.694,1617.109,0,15715.901,0,958.287,5256,6000,2.170,1.440,0.760,2,0,7.986,0,0,11,32,0,56,0
19-01 10:39:46,38.807,8.012,45.067,6.259,0,1548560,1007480,173152,5201952,7862.607,1622.395,0,11040.298,0,1865.754,13960,21554,2.170,1.440,0.760,3,0,1.001,0,0,11,34,0,52,0
19-01 10:39:47,32.410,8.726,54.100,2.992,0,1469920,1085800,173356,5202064,6277.582,1453.966,0,11986.741,0,1119.893,8451,11052,2.170,1.440,0.760,2,0,100.721,0,0,11,32,0,52,0
19-01 10:39:48,22.502,3.500,73.007,0,0,1461840,1093852,173368,5202076,8897.911,1620.166,0,720.074,0,41.004,2068,1597,2.170,1.440,0.760,1,0,0,0,0,11,32,0,52,0
19-01 10:39:49,23.000,3.250,72.250,1.000,0,1446276,1109224,173532,5202100,8310.053,1620.010,0,7252.046,0,371.002,2834,2871,2.080,1.440,0.760,1,0,3.000,0,0,11,32,0,52,0
19-01 10:39:50,22.003,3.750,73.259,0,0,1465428,1090072,173532,5202100,9156.180,1620.209,0,112.014,0,12.002,2010,1401,2.080,1.440,0.760,1,0,2.000,0,0,11,32,0,49,0
19-01 10:39:51,23.025,3.254,74.082,0,0,1451772,1103716,173532,5202112,8874.778,1621.787,0,0,0,0,1817,1194,2.080,1.440,0.760,2,0,1.001,0,0,11,32,0,49,0
19-01 10:39:52,22.730,3.247,73.187,0.250,0.250,1520264,1035224,173532,5202112,10154.244,1660.568,0,1818.432,0,209.819,2165,1273,2.080,1.440,0.760,1,0,1.998,0,0,11,32,0,49,0
19-01 10:39:53,22.997,2.750,73.492,0,0,1489080,1066328,173532,5202184,9567.902,1619.814,0,0,0,0,1807,1164,2.080,1.440,0.760,1,0,2.000,0,0,11,32,0,49,0
19-01 10:39:54,22.501,3.500,73.752,0,0,1499776,1055632,173532,5202184,6180.155,1620.041,0,8.000,0,2.000,1796,1206,1.990,1.430,0.760,1,0,2.000,0,0,11,32,0,46,0
19-01 10:39:55,22.503,2.500,73.759,0.250,0,1467124,1088180,173536,5202276,42758.956,1620.188,0,204.024,0,2.000,1791,1164,1.990,1.430,0.760,2,0,1.000,0,0,11,32,0,46,0
19-01 10:39:56,22.993,3.499,73.228,0,0,1462756,1092492,173540,5202300,44818.737,1457.569,0,135.960,0,10.997,2065,1670,1.990,1.430,0.760,2,0,1.000,0,0,11,32,0,46,0
19-01 10:39:57,21.754,3.251,73.512,0,0,1466284,1088928,173544,5202300,6798.137,1620.271,0,328.055,0,22.004,1853,1299,1.990,1.430,0.760,2,0,2.000,0,0,11,32,0,46,0
19-01 10:39:58,22.752,2.750,73.755,0,0,1450532,1104660,173544,5202320,11104.802,1620.117,0,0,0,0,1747,1089,1.990,1.430,0.760,2,0,1.000,0,0,11,32,0,41,0
19-01 10:39:59,23.502,2.750,73.506,0,0,1467984,1087176,173544,5202348,9871.739,1620.121,0,0,0,0,1745,1265,1.910,1.420,0.760,1,0,1.000,0,0,11,32,0,41,0
19-01 10:40:00,22.493,3.249,73.728,0,0,1465904,1089256,173544,5202348,13881.857,1619.517,0,3.999,0,1.000,1863,1247,1.910,1.420,0.760,1,0,0,0,0,11,32,0,41,0
19-01 10:40:01,21.521,4.755,73.572,0,0,1468336,1086732,173544,5202436,8846.691,1621.593,0,0,0,0,2115,1338,1.910,1.420,0.760,1,0,34.033,0,0,11,32,0,41,0
19-01 10:40:02,8.514,21.537,68.617,0.250,0.250,1462596,1092400,173544,5202504,7719.141,1716.923,0,1081.842,0,64.109,6357,4883,1.910,1.420,0.760,1,0,494.842,0,0,11,32,0,37,0
19-01 10:40:03,8.499,21.496,69.488,0,0,1446124,1108816,173544,5202552,6151.967,1619.728,0,683.885,0,10.998,6178,4793,1.910,1.420,0.760,1,0,463.922,0,0,11,32,0,37,0
19-01 10:40:04,10.726,18.458,69.094,0,0,1432856,1122024,173544,5202584,8720.288,1616.346,0,283.359,0,36.917,5700,4176,1.840,1.410,0.760,1,0,385.129,0,0,11,32,0,37,0
19-01 10:40:05,21.002,4.501,73.758,0,0,1456180,1098716,173544,5202568,7369.846,1458.167,0,0,0,0,1871,1378,1.840,1.410,0.760,1,0,2.000,0,0,11,32,0,37,0
19-01 10:40:06,23.050,3.257,73.658,0,0,1467448,1087416,173552,5202592,9054.460,1623.489,0,156.336,0,14.030,1955,1488,1.840,1.410,0.760,1,0,1.002,0,0,11,32,0,37,0
19-01 10:40:07,21.748,3.500,73.493,0.250,0,1513164,1041716,173556,5202572,8220.222,1619.847,0,803.924,0,102.990,2080,1317,1.840,1.410,0.760,1,0,2.000,0,0,11,32,0,37,0
19-01 10:40:08,22.439,3.241,73.551,0,0,1446236,1108624,173556,5202592,10833.757,1615.639,0,19.946,0,0.997,1857,1225,1.840,1.410,0.760,1,0,0.997,0,0,11,32,0,37,0
19-01 10:40:09,22.012,3.502,73.791,0,0,1508316,1046556,173556,5202580,8451.670,1620.896,0,0,0,0,1917,1383,1.770,1.410,0.760,1,0,2.001,0,0,11,32,0,37,0
19-01 10:40:10,22.748,2.750,73.745,0,0,1483464,1071392,173556,5202596,7382.502,1619.891,0,11.999,0,1.000,1819,1175,1.770,1.410,0.760,1,0,1.000,0,0,11,32,0,31,0
19-01 10:40:11,22.229,3.497,73.182,0,0,1511364,1043480,173556,5202608,8853.740,1618.490,0,0,0,0,1887,1245,1.770,1.410,0.760,3,0,1.998,0,0,11,32,0,31,0
19-01 10:40:12,22.774,3.253,73.577,0,0,1484884,1069940,173556,5202628,7285.670,1621.707,0,92.097,0,5.005,1844,1252,1.770,1.410,0.760,1,0,1.001,0,0,11,32,0,31,0
19-01 10:40:13,22.249,3.000,73.998,0,0,1519664,1035164,173556,5202616,5973.805,1457.952,0,1503.951,0,7.000,1826,1219,1.770,1.410,0.760,1,0,4.000,0,0,11,32,0,31,0
19-01 10:40:14,22.251,3.500,74.004,0,0,1485704,1069112,173556,5202628,8870.518,1620.095,0,12.001,0,1.000,1802,1231,1.710,1.400,0.760,2,0,1.000,0,0,11,32,0,25,0
19-01 10:40:15,22.747,3.000,73.741,0,0,1531256,1023580,173556,5202608,7955.998,1619.796,0,0,0,0,1810,1159,1.710,1.400,0.760,2,0,2.000,0,0,11,32,0,25,0
19-01 10:40:16,22.750,3.000,73.251,0,0,1496312,1058488,173560,5202640,9071.176,1620.031,0,224.004,0,11.000,1971,1514,1.710,1.400,0.760,1,0,1.000,0,0,11,32,0,25,0
19-01 10:40:17,22.178,2.990,73.014,0.249,0,1518464,1036420,173564,5202552,6841.861,1614.775,0,434.594,0,31.897,1880,1266,1.710,1.400,0.760,1,0,1.994,0,0,11,32,0,25,0
19-01 10:40:18,22.829,3.512,74.007,0,0,1470468,1084320,173564,5202640,7028.371,1625.637,0,858.979,0,36.125,1847,1237,1.710,1.400,0.760,2,0,1.003,0,0,11,32,0,19,0
19-01 10:40:19,22.248,3.500,73.493,0,0,1468856,1085932,173564,5202640,8377.235,1619.852,0,11.999,0,1.000,1803,1268,1.650,1.390,0.770,1,0,1.000,0,0,11,32,0,19,0
19-01 10:40:20,21.482,3.997,73.939,0,0,1515840,1038968,173564,5202620,11304.702,1618.669,0,19.984,0,0.999,1858,1223,1.650,1.390,0.770,2,0,1.998,0,0,11,32,0,19,0
19-01 10:40:21,21.769,3.503,73.814,0,0,1484408,1070380,173564,5202640,9574.363,1621.416,0,0,0,0,1817,1273,1.650,1.390,0.770,1,0,1.001,0,0,11,32,0,19,0
19-01 10:40:22,22.498,3.250,73.743,0,0,1472052,1082736,173564,5202640,10565.939,1457.854,0,19.998,0,1.000,1766,1171,1.650,1.390,0.770,1,0,1.000,0,0,11,32,0,14,0
19-01 10:40:23,22.248,3.500,73.493,0,0,1494528,1060272,173564,5202628,6120.376,1619.835,0,283.971,0,28.997,1877,1316,1.650,1.390,0.770,1,0,3.000,0,0,11,32,0,14,0
19-01 10:40:24,18.550,14.539,66.178,0,0,1469164,1085584,173564,5205444,9915.698,1624.374,0,192.518,0,10.027,4682,8791,1.920,1.450,0.790,6,0,351.948,0,0,11,32,0,14,0
19-01 10:40:25,20.497,8.249,70.990,0,0,1489912,1064820,173564,5202692,42302.802,1619.763,0,47.993,0,2.000,3428,7216,1.920,1.450,0.790,2,0,144.979,0,0,11,32,0,15,0
19-01 10:40:26,24.217,2.746,72.402,0,0,1485964,1068540,173568,5202888,40454.447,1617.818,0,151.795,0,10.985,2031,1332,1.920,1.450,0.790,1,0,5.992,0,0,11,32,0,11,0
19-01 10:40:27,21.976,3.996,73.670,0,0,1452188,1102248,173568,5202952,9132.064,1618.239,0,391.574,0,21.976,2019,1423,1.920,1.450,0.790,2,0,8.990,0,0,11,32,0,11,0
19-01 10:40:28,18.776,10.014,70.096,0.501,0,1452368,1101940,173568,5203076,11505.796,1622.227,40.055,484.665,2.003,76.104,3463,2298,1.920,1.450,0.790,1,0,199.274,0,0,11,32,0,11,0
19-01 10:40:29,8.759,21.521,68.568,0,0,1434792,1119480,173568,5203104,8575.539,1621.615,0,376.375,0,38.038,6466,5021,1.770,1.430,0.780,2,0,496.494,0,0,11,32,0,11,0
19-01 10:40:30,7.751,22.504,68.011,0.500,0,1426036,1128176,173588,5203140,7562.179,1566.244,0,3492.544,0,148.023,6899,5623,1.770,1.430,0.780,1,0,538.084,0,0,11,32,0,11,0
19-01 10:40:31,7.982,22.450,68.097,0,0,1407964,1146212,173588,5203172,10155.158,1658.270,0,985.783,0,10.975,6293,4750,1.770,1.430,0.780,1,0,496.882,0,0,11,32,0,7,0
19-01 10:40:32,8.248,22.244,68.231,0,0,1398560,1155584,173588,5203200,8893.478,1553.559,0,1287.635,0,13.996,6282,4662,1.770,1.430,0.780,1,0,501.858,0,0,11,32,0,7,0
19-01 10:40:33,8.252,21.755,68.765,0,0,1391632,1162484,173588,5203228,5313.143,1620.349,0,1160.250,0,15.003,6259,4807,1.770,1.430,0.780,1,0,500.108,0,0,11,32,0,7,0
19-01 10:40:34,8.513,21.032,69.856,0,0,1373672,1180408,173588,5203264,6018.097,1622.452,0,292.442,0,31.047,5934,4301,1.710,1.420,0.790,1,0,418.633,0,0,11,32,0,7,0
19-01 10:40:35,8.499,21.498,68.993,0,0,1369060,1184976,173592,5203300,9678.008,1619.834,0,411.958,0,10.999,6176,4750,1.710,1.420,0.790,1,0,476.951,0,0,11,32,0,4,0
19-01 10:40:36,8.744,22.485,68.205,0,0,1355544,1198448,173596,5203336,7971.783,1618.940,0,255.833,0,26.982,6641,5333,1.710,1.420,0.790,2,0,540.646,0,0,11,32,0,4,0
19-01 10:40:37,15.268,23.777,59.569,0,0,1347500,1206452,173620,5203368,9498.979,1621.875,0,848.981,0,45.052,6783,5807,1.710,1.420,0.790,2,0,572.662,0,0,11,32,0,6,0
19-01 10:40:38,55.994,20.248,22.748,0,0,1483600,1070296,173660,5203384,9283.019,1619.829,0,739.922,0,51.995,5614,4379,1.710,1.420,0.790,3,0,407.957,0,0,11,32,0,10,0
19-01 10:40:39,58.277,9.254,24.511,7.253,0,1612292,935144,174028,5208936,8717.967,1636.745,372.169,13338.069,3.001,1135.517,9208,10661,1.810,1.450,0.800,4,0,49.022,0,0,11,34,0,9,0
19-01 10:40:40,45.252,12.500,30.751,10.750,0,1579900,956120,174828,5218700,9529.374,1620.064,0,55162.165,0,4122.162,21280,32248,1.810,1.450,0.800,1,1,142.006,0,0,11,36,0,11,0
19-01 10:40:41,40.743,10.498,31.245,14.748,0,1626468,898424,175332,5228916,9005.481,3589.394,0,98771.337,0,6845.845,31712,45596,1.810,1.450,0.800,4,0,89.985,0,0,11,37,0,11,0
19-01 10:40:42,43.998,8.750,32.998,11.749,0,1623496,891928,175796,5237576,16493.097,7988.563,0,83955.404,0,6355.652,25972,41720,1.810,1.450,0.800,4,1,41.998,0,0,11,37,0,11,0
19-01 10:40:43,38.256,19.253,26.754,13.752,0,1562008,946900,176232,5243396,23782.742,2520.397,256.040,50795.991,2.000,3582.564,18060,27817,1.810,1.450,0.800,3,1,300.047,0,0,11,34,0,10,0
19-01 10:40:44,45.214,17.736,25.480,10.242,0,1591720,910896,176532,5249096,11335.964,6655.694,115.908,56331.096,3.997,4260.604,21584,35433,1.990,1.490,0.820,3,0,190.848,0,0,11,35,0,10,0
19-01 10:40:45,40.527,14.760,30.520,11.508,0,1607900,890484,176692,5253044,30022.722,8713.724,1765.160,43093.308,27.018,3409.240,19854,31319,1.990,1.490,0.820,3,0,227.149,0,0,11,35,0,10,0
19-01 10:40:46,32.004,8.001,45.506,12.002,0,1557736,938616,176908,5254736,24823.153,9053.150,0,49194.248,0,4458.566,24591,35967,1.990,1.490,0.820,3,1,75.010,0,0,11,34,0,10,0
19-01 10:40:47,37.240,7.748,39.989,12.996,0,1603816,891644,177164,5255364,9917.224,1565.562,0,40448.676,0,3947.895,18995,26802,1.990,1.490,0.820,1,1,29.992,0,0,11,34,0,10,0
19-01 10:40:48,31.514,6.753,46.521,12.756,0,1611060,883256,177412,5256220,17194.615,9199.074,0,51274.707,0,4519.001,23024,33164,1.990,1.490,0.820,1,1,33.015,0,0,11,35,0,10,0
19-01 10:40:49,34.498,6.250,46.747,9.499,0,1604116,887936,177492,5258364,28431.155,12945.160,0,41689.295,0,3765.756,21819,32944,2.230,1.550,0.840,1,1,41.997,0,0,11,35,0,10,0
19-01 10:40:50,35.251,11.000,40.251,11.750,0,1585504,903664,177556,5261116,11684.225,2874.055,0,49108.946,0,4324.083,21647,33509,2.230,1.550,0.840,4,0,128.002,0,0,11,36,0,11,0
19-01 10:40:51,32.746,7.999,42.745,13.498,0,1610152,874968,177740,5264848,13698.272,6692.156,0,70599.092,0,5494.307,25031,38706,2.230,1.550,0.840,1,1,65.992,0,0,11,37,0,11,0
19-01 10:40:52,32.004,7.001,46.506,11.252,0,1601768,880024,177844,5267988,18022.476,9393.291,0,49714.831,0,4446.611,23170,36567,2.230,1.550,0.840,1,1,93.013,0,0,11,37,0,11,0
19-01 10:40:53,31.739,8.497,45.735,11.746,0,1571632,907744,177900,5270280,18770.688,8215.237,0,50495.019,0,4404.519,23211,35217,2.230,1.550,0.840,4,0,84.971,0,0,11,36,0,11,0
19-01 10:40:54,38.266,8.754,38.516,12.755,0,1584780,900096,177916,5264768,8923.655,1620.664,0,54030.133,0,4698.925,24808,36103,2.210,1.560,0.840,9,0,12.005,0,0,11,36,0,11,0
19-01 10:40:55,35.446,5.492,48.176,8.237,0,1588920,894824,177952,5265856,59412.731,10336.122,0,43253.555,0,3483.648,17575,27388,2.210,1.560,0.840,1,0,35.945,0,0,11,35,0,12,0
19-01 10:40:56,20.974,9.738,67.415,0.250,0,1491500,992308,177952,5265788,55101.738,12962.706,0,1094.624,0,56.928,6121,7425,2.210,1.560,0.840,1,0,211.734,0,0,11,32,0,13,0
19-01 10:40:57,20.005,6.752,72.767,0,0,1443560,1040148,177952,5265916,5410.276,1620.382,0,476.112,0,26.006,2556,1791,2.210,1.560,0.840,1,0,56.013,0,0,11,32,0,13,0
19-01 10:40:58,18.498,2.250,77.993,0.500,0,1463288,1020412,177952,5265924,19363.252,7379.334,0,2819.745,0,228.979,2467,1918,2.210,1.560,0.840,1,0,0,0,0,11,33,0,13,0
19-01 10:40:59,18.754,5.001,74.765,0,0,1452132,1031552,177952,5265940,15765.202,4738.963,0,252.051,0,3.001,3270,3371,2.110,1.550,0.850,1,0,34.007,0,0,11,32,0,14,0
19-01 10:41:00,19.255,2.001,78.272,0,0,1489340,994340,177952,5265944,17980.040,6746.891,0,64.018,0,5.001,2024,1615,2.110,1.550,0.850,1,0,0,0,0,11,33,0,14,0
19-01 10:41:01,16.470,6.488,75.860,0.250,0,1398380,1085296,177952,5265948,14760.742,3240.017,0,1074.017,0,66.877,3066,2704,2.110,1.550,0.850,1,0,59.889,0,0,11,32,0,15,0
19-01 10:41:02,19.527,2.253,77.608,0,0,1432604,1051068,177952,5265952,11021.300,4008.565,0,544.756,0,29.040,1771,1180,2.110,1.550,0.850,0,0,0,0,0,11,33,0,15,0
19-01 10:41:03,18.973,2.996,76.393,0.499,0,1430028,1053284,177952,5266312,17224.768,9753.279,0,2688.218,0,153.784,4105,4853,2.110,1.550,0.850,1,0,0.999,0,0,11,32,0,16,0
19-01 10:41:04,21.028,5.257,72.847,0.250,0,1394268,1089040,177952,5266320,9757.963,1568.083,0,580.772,0,59.078,2549,1890,2.020,1.540,0.850,1,0,43.057,0,0,11,32,0,16,0
19-01 10:41:05,17.753,2.500,79.263,0,0,1416040,1067128,177952,5266460,12930.133,8589.417,0,140.023,0,9.001,2614,2657,2.020,1.540,0.850,1,0,0,0,0,11,33,0,16,0
19-01 10:41:06,12.531,10.275,75.935,0,0,1383960,1099156,177952,5266512,13061.886,5496.418,0,340.832,0,25.061,4476,4292,2.020,1.540,0.850,1,0,195.477,0,0,11,32,0,17,0
19-01 10:41:07,16.250,24.250,57.749,0.500,0,1379356,1103448,177964,5266812,12812.759,1619.970,0,623.988,0,41.999,6903,5492,2.020,1.540,0.850,3,0,591.989,0,0,11,34,0,21,0
19-01 10:41:08,66.511,8.501,25.004,0.250,0,1523916,958340,178004,5267320,8521.425,1620.271,0,536.090,0,30.005,4093,2041,2.020,1.540,0.850,3,0,13.002,0,0,11,32,0,23,0
19-01 10:41:09,66.408,8.738,23.717,0.250,0.250,1673420,805876,178108,5270080,8830.826,1617.770,0,4457.854,0,99.862,4166,1738,2.180,1.580,0.860,3,0,0,0,0,11,32,0,23,0
19-01 10:41:10,58.265,7.252,27.257,3.251,0,1766512,705608,178272,5276400,9227.434,1566.413,0,21373.637,0,1393.367,9790,11779,2.180,1.580,0.860,5,0,72.019,0,0,11,38,0,23,0
19-01 10:41:11,33.779,10.259,40.034,12.761,0,1766132,693260,178404,5288596,7707.566,1621.381,0,94724.699,0,7028.988,33290,52778,2.180,1.580,0.860,4,0,228.194,0,0,11,38,0,23,0
19-01 10:41:12,29.251,9.000,43.252,15.501,0,1766664,682480,178476,5298380,7153.253,1512.053,0,96279.400,0,7292.257,34740,52923,2.180,1.580,0.860,2,1,207.007,0,0,11,38,0,23,0
19-01 10:41:13,42.977,11.744,30.234,12.743,0,1696160,743972,178580,5306988,6008.840,1619.149,0,82392.677,0,6012.838,27502,43213,2.180,1.580,0.860,3,0,249.869,0,0,11,36,0,23,0
19-01 10:41:14,45.723,9.744,28.983,12.243,0,1748332,680800,178632,5317544,8862.752,1619.041,0,84441.994,0,5783.575,22911,38887,2.490,1.650,0.890,3,3,69.959,0,0,11,36,0,23,0
19-01 10:41:15,39.985,10.246,32.737,13.995,0.250,1798296,619816,178656,5328116,7455.147,1619.380,0,89653.692,0,6024.695,28093,41470,2.490,1.650,0.890,2,1,31.988,0,0,11,38,0,23,0
19-01 10:41:16,35.722,9.493,38.720,13.240,0,1743180,671148,178680,5331772,9137.898,1618.742,0,70409.280,0,5512.716,25752,38887,2.490,1.650,0.890,3,1,170.867,0,0,11,36,0,23,0
19-01 10:41:17,32.570,12.777,52.112,2.505,0,1475112,939096,178684,5331876,7484.025,1623.476,0,24925.372,0,1579.382,8140,10959,2.490,1.650,0.890,1,0,255.547,0,0,11,32,0,23,0
19-01 10:41:18,22.445,2.993,73.570,0,0,1477448,936764,178684,5331872,10238.937,1616.044,0,786.076,0,43.893,1947,1373,2.490,1.650,0.890,1,0,0.998,0,0,11,32,0,23,0
19-01 10:41:19,23.759,2.751,72.277,0.750,0,1525044,889164,178684,5331872,25058.301,1620.602,0,6742.503,0,360.134,2677,2768,2.370,1.640,0.890,1,0,2.001,0,0,11,36,0,23,0
19-01 10:41:20,22.744,3.749,72.980,0,0,1396796,1017404,178684,5331880,6193.288,1619.552,0,175.951,0,11.997,2416,1885,2.370,1.640,0.890,1,0,26.993,0,0,11,32,0,23,0
19-01 10:41:21,22.244,3.499,73.481,0,0,1469876,944324,178684,5331880,10596.193,1457.614,0,39.989,0,3.999,1846,1199,2.370,1.640,0.890,1,0,1.000,0,0,11,32,0,23,0
19-01 10:41:22,23.250,2.250,73.501,0,0,1502248,911816,178684,5332016,37059.426,1706.020,0,124.001,0,16.000,2488,1728,2.370,1.640,0.890,1,0,2.000,0,0,11,34,0,23,0
19-01 10:41:23,14.541,35.601,48.889,0,0,1446896,967136,178688,5332040,7107.184,1624.614,0,617.754,0,44.125,7859,7225,2.370,1.640,0.890,2,0,1071.042,0,0,11,32,0,23,0
19-01 10:41:24,8.992,24.479,65.694,0,0,1445388,968532,178688,5332148,9184.134,1618.614,0,203.825,0,19.983,6578,5189,2.260,1.630,0.890,1,0,618.470,0,0,11,32,0,23,0
19-01 10:41:25,14.509,21.764,62.791,0,0,1444852,968996,178688,5332196,51646.349,1707.102,0,200.129,0,15.010,7013,17025,2.260,1.630,0.890,2,0,483.312,0,0,11,32,0,24,0
19-01 10:41:26,9.224,20.692,68.060,0,0.249,1429972,983848,178688,5332564,43722.907,1615.489,0,39.889,0,9.972,5936,4300,2.260,1.630,0.890,5,0,374.953,0,0,11,32,0,24,0
19-01 10:41:27,26.829,15.045,57.921,0,0,1420860,992912,178692,5332584,7728.878,1624.810,0,108.321,0,3.009,6009,7829,2.260,1.630,0.890,4,0,210.623,0,0,11,32,0,24,0
19-01 10:41:28,43.893,8.230,45.638,0.998,0,1530284,883364,178700,5332808,21339.847,1616.050,0,7130.573,0,341.166,4337,3036,2.260,1.630,0.890,2,0,38.905,0,0,11,33,0,23,0
19-01 10:41:29,45.118,5.765,48.126,0.501,0,1612764,800840,178712,5332840,9619.188,1461.828,0,5001.095,0,376.987,4455,3479,2.240,1.640,0.900,2,0,17.045,0,0,11,49,0,23,0
19-01 10:41:30,46.491,6.499,45.741,0.250,0,1655112,754528,178772,5336332,8504.288,1661.665,0,1939.609,0,140.972,5812,7891,2.240,1.640,0.900,2,0,14.997,0,0,11,48,0,23,0
19-01 10:41:31,14.962,18.703,65.086,0.499,0,1665064,744008,178776,5337196,14906.379,1657.816,0,303.235,0,7.980,7226,8141,2.240,1.640,0.900,1,0,391.013,0,0,11,48,0,23,0
19-01 10:41:32,11.247,7.498,80.731,0,0,1667880,741144,178776,5336860,7478.278,1619.627,0,199.954,0,19.995,3478,4219,2.240,1.640,0.900,0,0,90.979,0,0,11,48,0,23,0
19-01 10:41:33,0.750,0.750,97.483,0,0,1667140,741884,178776,5336860,8798.456,1619.716,0,279.951,0,18.997,854,1103,2.240,1.640,0.900,0,0,3.999,0,0,11,48,0,23,0
19-01 10:41:34,0.250,0.500,98.174,0,0,1664388,744636,178776,5336860,12737.200,1618.755,0,35.972,0,3.997,881,1002,2.060,1.610,0.890,1,0,2.998,0,0,11,48,0,23,0
19-01 10:41:35,0.500,0.500,98.325,0,0,1662676,746348,178776,5336860,6159.712,1621.240,0,616.472,0,72.055,811,937,2.060,1.610,0.890,0,0,1.001,0,0,11,48,0,23,0
19-01 10:41:36,2.251,3.251,93.522,0,0,1644640,764400,178776,5336848,5258.223,1620.377,0,4.001,0,1.000,1581,1680,2.060,1.610,0.890,1,0,50.012,0,0,11,48,0,23,0
19-01 10:41:37,19.747,14.498,64.741,0,0,1631360,777656,178776,5336868,9786.709,1619.786,0,0,0,0,5777,7376,2.060,1.610,0.890,0,0,265.965,0,0,11,48,0,23,0
19-01 10:41:38,10.772,18.037,69.643,0.251,0,1648260,760664,178776,5336900,8256.913,1891.875,0,4.008,0,1.002,5652,4818,2.060,1.610,0.890,1,0,361.741,0,0,12,48,0,23,0
19-01 10:41:39,19.463,13.973,65.625,0.250,0,1643096,765660,178776,5337056,10527.998,1616.928,0,315.401,0,32.937,6637,8883,1.890,1.580,0.890,0,0,232.558,0,0,12,64,0,23,0
19-01 10:41:40,6.006,6.757,86.588,0,0,1643748,765008,178776,5337052,7150.239,1621.642,0,2502.534,0,19.019,2653,2548,1.890,1.580,0.890,3,0,157.159,0,0,12,64,0,15,0
19-01 10:41:41,17.220,15.224,65.388,0,0,1653004,755720,178776,5337436,9684.340,1617.218,0,15.973,0,2.995,6403,7921,1.890,1.580,0.890,1,0,242.583,0,0,14,64,0,15,0
19-01 10:41:42,10.249,19.498,68.992,0,0,1657180,751456,178776,5337132,9658.855,1619.808,0,239.972,0,17.998,6259,5144,1.890,1.580,0.890,2,0,420.950,0,0,14,66,0,15,0
19-01 10:41:43,12.261,21.519,65.809,0,0,1635916,772684,178780,5337516,5926.303,1621.451,0,576.516,0,39.035,6594,5811,1.890,1.580,0.890,1,0,379.339,0,0,14,66,0,15,0
19-01 10:41:44,24.067,16.295,58.162,0,0,1671248,737348,178788,5337168,5354.914,1666.642,0,48.134,0,2.006,5723,6217,1.900,1.590,0.900,2,0,285.796,0,0,14,66,0,14,0
19-01 10:41:45,30.500,24.000,44.999,0.250,0,1727920,680600,178812,5337216,9517.890,1619.981,0,5959.931,0,355.996,7207,5503,1.900,1.590,0.900,2,0,579.993,0,0,14,66,0,14,0
19-01 10:41:46,28.979,24.482,44.218,0,0,1854308,552548,178864,5338692,8421.969,1456.957,0,39.971,0,9.993,7427,8859,1.900,1.590,0.900,2,0,512.633,0,0,14,70,0,16,0
19-01 10:41:47,38.001,19.501,41.751,0,0,1948472,458324,178864,5338712,9358.253,1620.044,0,32.001,0,5.000,5965,7129,1.900,1.590,0.900,2,0,222.006,0,0,14,70,0,16,0
19-01 10:41:48,68.013,25.255,5.251,0,0.250,2101960,304632,178880,5339344,8277.569,1710.324,0,600.114,0,8.002,5209,4688,1.900,1.590,0.900,3,0,568.108,0,0,14,70,0,16,0
19-01 10:41:49,59.113,20.453,19.205,0,0,2161948,243624,178908,5340632,9284.452,1616.249,0,203.528,0,10.975,5826,8904,1.990,1.610,0.910,4,0,303.296,0,0,14,70,0,16,0
19-01 10:41:50,69.915,25.469,4.245,0.250,0,2257664,148848,177772,5340276,7344.104,1618.040,0,6735.841,0,402.512,6174,5351,1.990,1.610,0.910,9,1,476.423,0,0,14,70,0,16,0
19-01 10:41:51,60.857,18.533,11.771,8.515,0,2330712,165144,165916,5264516,6661.746,1622.861,653.152,2376.190,71.125,137.242,7342,7727,1.990,1.610,0.910,3,0,247.436,0,0,14,74,0,16,0
19-01 10:41:52,62.553,23.520,5.505,7.256,0,2477492,142628,164740,5144728,9069.620,1621.362,2293.927,20164.943,150.126,1140.959,12118,15332,1.990,1.610,0.910,10,0,377.317,0,0,14,76,0,16,0
19-01 10:41:53,66.585,22.779,7.259,3.755,0,2572748,118280,164488,5075640,7975.134,1622.061,8.010,25396.271,2.003,2379.023,17441,27354,1.990,1.610,0.910,7,0,293.373,0,0,14,76,0,15,0
19-01 10:41:54,73.028,18.693,6.480,0.249,0,2665392,150888,164256,4953140,6082.523,1615.094,538.365,1826.452,44.864,84.743,7849,11211,2.390,1.700,0.940,8,0,289.122,0,0,14,80,0,19,0
19-01 10:41:55,65.198,23.321,11.786,0.502,0,2761844,127196,164264,4882216,45582.772,1462.452,84.257,1303.970,12.037,75.229,8191,12523,2.390,1.700,0.940,4,0,457.392,0,0,14,95,0,25,0
19-01 10:41:56,41.594,22.167,34.371,0.249,0,2831272,128008,164264,4814160,42060.748,1613.928,486.171,729.256,40.846,40.846,7293,11866,2.390,1.700,0.940,3,0,369.609,0,0,14,97,0,25,0
19-01 10:41:57,58.886,15.285,24.557,1.754,0,2964380,132156,164268,4679752,8973.708,1623.747,2048.728,593.369,28.065,28.065,6282,9866,2.390,1.700,0.940,3,0,196.453,0,0,14,100,0,26,0
19-01 10:41:58,43.218,8.244,46.215,0.250,0,3061148,168348,164292,4549208,7766.203,1618.792,67.949,3021.744,4.996,172.871,4163,3811,2.390,1.700,0.940,1,0,40.969,0,0,14,103,0,27,0
19-01 10:41:59,8.260,19.775,70.838,0,0,3073008,156636,164292,4549204,8393.415,1712.124,0,945.173,0,62.077,6006,4542,2.280,1.690,0.940,1,0,358.445,0,0,14,103,0,27,0
19-01 10:42:00,8.754,19.009,70.784,0.250,0,3083984,145628,164292,4549236,8810.251,1704.822,4.002,64.031,1.000,7.003,5747,4241,2.280,1.690,0.940,1,0,338.163,0,0,14,103,0,27,0
19-01 10:42:01,11.252,16.003,71.262,0.250,0,3108344,121248,164292,4549256,8316.392,1620.271,0,120.020,0,10.002,4679,3381,2.280,1.690,0.940,1,0,255.043,0,0,14,103,0,26,0
19-01 10:42:02,18.701,2.493,77.547,0.249,0.249,3143528,153516,164292,4483232,8016.039,4092.299,23.937,3.990,1.995,0.997,1689,1147,2.280,1.690,0.940,1,0,0,0,0,14,104,0,26,0
19-01 10:42:03,20.251,4.750,74.252,0,0.250,3117516,179476,164300,4483276,28855.728,21731.548,16.000,180.005,4.000,14.000,3275,3068,2.280,1.690,0.940,2,0,39.001,0,0,14,105,0,27,0
19-01 10:42:04,22.247,4.999,72.990,0,0,3143680,153312,164300,4483276,5647.237,1457.803,0,199.973,0,14.998,2095,1509,2.180,1.680,0.940,1,0,25.996,0,0,14,107,0,27,0
19-01 10:42:05,16.018,2.253,79.338,0.501,0,3152568,144404,164300,4483300,16287.103,8115.020,4.004,404.450,1.001,48.053,2531,2708,2.180,1.680,0.940,1,0,4.004,0,0,14,118,0,25,0
19-01 10:42:06,24.477,4.496,69.435,0.999,0,3156256,140412,164312,4483544,8317.225,1618.487,0,1370.719,0,178.833,4527,6097,2.180,1.680,0.940,1,0,1.998,0,0,14,119,0,25,0
19-01 10:42:07,23.762,7.754,67.033,0.250,0,3083064,213260,164312,4483892,6699.334,2764.376,32.016,1428.711,2.001,122.061,5003,5674,2.180,1.680,0.940,2,0,94.047,0,0,14,120,0,27,0
19-01 10:42:08,33.218,7.992,57.944,0.500,0,3228712,133364,164312,4419656,9438.957,1618.449,7.992,703.326,1.998,52.949,3412,2948,2.180,1.680,0.940,1,0,22.978,0,0,14,126,0,27,0
19-01 10:42:09,18.491,2.749,77.711,0.250,0,3235752,126308,164312,4419672,13711.109,8112.922,0,1023.486,0,73.963,2513,2537,2.080,1.670,0.940,1,0,0.999,0,0,14,127,0,20,0
19-01 10:42:10,20.265,3.503,74.053,0.751,0,3242756,119252,164312,4419724,11037.948,3607.598,36.026,3806.741,3.002,280.202,4485,6148,2.080,1.670,0.940,1,0,2.001,0,0,14,129,0,20,0
19-01 10:42:11,39.760,11.753,46.761,0.500,0,3292844,135176,164316,4355308,10328.478,2814.675,20.005,14715.530,5.001,670.161,5463,4212,2.080,1.670,0.940,3,0,101.024,0,0,14,130,0,21,0
19-01 10:42:12,39.241,5.499,54.488,0,0,3354880,135856,164196,4294180,15727.474,7180.390,179.960,355.920,1.000,19.996,2818,1563,2.080,1.670,0.940,1,0,0,0,0,14,131,0,21,0
19-01 10:42:13,19.243,6.248,73.972,0.250,0,3316024,174688,164196,4294204,25843.333,18191.195,7.997,1407.474,1.999,82.969,2834,2449,2.080,1.670,0.940,2,0,55.979,0,0,14,130,0,22,0
19-01 10:42:14,18.256,2.751,78.276,0,0,3354628,136076,164196,4294212,11761.930,7346.455,0,96.032,0,11.004,1744,1289,2,1.660,0.940,2,0,0,0,0,14,131,0,22,0
19-01 10:42:15,19.747,5.249,73.987,0,0,3369364,121208,164196,4294344,22777.118,18194.899,0,0,0,0,2419,1825,2,1.660,0.940,2,0,50.991,0,0,14,130,0,23,0
19-01 10:42:16,18.754,2.751,77.515,0,0,3389888,164348,164196,4232412,14422.738,7284.383,0,0,0,0,1723,1186,2,1.660,0.940,2,0,0,0,0,14,131,0,23,0
19-01 10:42:17,18.251,7.250,73.003,0.750,0,3372724,181448,164196,4232480,10239.393,3589.138,12.000,1956.075,3.000,159.006,4109,4405,2,1.660,0.940,1,0,83.003,0,0,14,130,0,24,2
19-01 10:42:18,26.747,4.749,67.492,0,0,3401048,153068,164196,4232536,10822.702,3589.569,0,363.956,0,32.996,6081,10112,2,1.660,0.940,1,0,29.996,0,0,14,139,0,27,2
19-01 10:42:19,17.001,5.250,77.255,0,0,3377360,176736,164196,4232556,28909.766,21953.341,0,176.011,0,10.001,2480,1960,1.920,1.650,0.940,1,0,55.003,0,0,14,138,0,28,2
19-01 10:42:20,19.740,2.999,76.212,0.250,0,3414576,139520,164196,4232556,11320.346,3588.208,0,179.910,0,11.994,1752,1206,1.920,1.650,0.940,0,0,0,0,0,14,139,0,28,2
19-01 10:42:21,19.512,3.752,73.795,1.001,0,3413744,140100,164196,4232808,12212.373,6155.717,0,1977.194,0,235.142,5204,7499,1.920,1.650,0.940,1,0,1.001,0,0,14,142,0,28,2
19-01 10:42:22,22.783,7.010,68.598,1.001,0,3392376,161424,164196,4232852,7904.289,2864.090,0,1538.197,0,144.206,5569,7380,1.920,1.650,0.940,1,0,53.076,0,0,14,141,0,30,2
19-01 10:42:23,19.963,2.745,77.108,0.250,0,3441904,174924,164196,4171416,7733.753,3860.888,0,570.948,0,29.945,1849,1376,1.920,1.650,0.940,1,0,0.998,0,0,14,142,0,30,2
19-01 10:42:24,17.243,3.748,76.968,0,0,3438108,178692,164196,4171444,17677.692,9414.108,7.997,919.620,1.999,77.968,3453,4082,1.840,1.640,0.940,1,0,1.000,0,0,14,142,0,30,2
19-01 10:42:25,34.105,8.526,56.173,1.003,0,3432448,184264,164196,4171532,44940.131,1624.995,24.074,1757.402,2.006,169.521,9705,22163,1.840,1.640,0.940,3,0,37.114,0,0,14,142,0,30,2
19-01 10:42:26,27.677,7.231,62.585,0.499,0,3403228,213292,164200,4171720,47667.542,2478.477,0,3502.781,0,316.168,5620,6286,1.840,1.640,0.940,2,0,68.819,0,0,14,141,0,31,2
19-01 10:42:27,19.250,3.250,71.250,5.750,0,3431316,185176,164200,4171756,16419.110,7889.053,32.000,540.004,2.000,29.000,1979,1465,1.840,1.640,0.940,0,0,6.000,0,0,14,144,0,31,2
19-01 10:42:28,17.002,8.501,72.257,1.250,0,3403568,212856,164200,4171840,15838.547,4986.487,32.003,4896.478,2.000,370.036,5548,6288,1.840,1.640,0.940,1,0,147.014,0,0,14,145,0,32,2
19-01 10:42:29,20.494,3.499,75.479,0.250,0,3421496,194928,164200,4171840,8523.642,3427.052,0,855.763,0,45.987,1916,1414,1.690,1.610,0.940,0,0,0,0,0,14,146,0,32,2
19-01 10:42:30,15.262,1.751,81.316,0,0,3420036,196364,164208,4171856,17634.389,11270.196,4.003,456.372,1.001,27.022,2278,2333,1.690,1.610,0.940,2,0,0,0,0,14,146,0,32,2
19-01 10:42:31,26.987,6.997,63.718,0.500,0,3419952,196388,164208,4171916,8483.769,1661.171,0,1515.244,0,154.923,9607,14531,1.690,1.610,0.940,1,0,0,0,0,14,146,0,32,2
19-01 10:42:32,40.852,12.531,44.862,0.501,0,3348364,267648,164208,4172212,9331.330,3284.211,32.080,1427.569,2.005,142.356,12077,18039,1.690,1.610,0.940,2,0,188.471,0,0,14,147,0,33,2
19-01 10:42:33,28.415,8.225,62.064,0.499,0,3404828,210924,164208,4172408,8341.010,2223.339,15.952,997.013,0.997,61.815,4353,4798,1.690,1.610,0.940,1,0,102.692,0,0,14,147,0,33,2
19-01 10:42:34,19.257,1.751,78.028,0,0,3418920,196824,164208,4172416,17337.289,8971.254,0,544.197,0,32.012,2026,1703,1.640,1.600,0.940,1,0,0,0,0,14,147,0,34,2
19-01 10:42:35,8.736,20.467,69.139,0.499,0,3388268,227436,164208,4172456,7891.353,1867.008,3.994,2943.283,0.998,173.722,6412,5247,1.640,1.600,0.940,2,0,384.384,0,0,14,147,0,34,2
19-01 10:42:36,14.021,17.776,66.598,0,0,3350464,265220,164208,4172928,10570.585,1622.392,0,236.348,0,19.028,6217,5981,1.640,1.600,0.940,2,0,316.467,0,0,14,147,0,34,2
19-01 10:42:37,26.322,16.546,56.656,0,0,3397088,218548,164212,4172504,10129.870,1570.320,0,240.662,0,6.017,6454,6778,1.640,1.600,0.940,2,0,308.850,0,0,14,147,0,34,2
19-01 10:42:38,31.763,22.509,44.518,0,0,3442508,173068,164216,4172564,5434.192,1512.610,16.006,48.019,1.000,12.005,6445,5236,1.640,1.600,0.940,2,0,470.190,0,0,14,147,0,34,2
19-01 10:42:39,31.710,16.229,51.435,0.499,0,3494688,120360,164232,4173384,8966.627,1687.859,47.939,667.154,4.994,43.944,6737,8489,1.750,1.620,0.950,3,0,234.702,0,0,16,153,0,34,2
19-01 10:42:40,60.730,25.242,13.246,0,0,3631744,164176,164240,3996980,9286.947,1619.468,115.962,659.783,9.997,45.985,8407,12285,1.750,1.620,0.950,4,0,569.813,0,0,16,159,0,34,2
19-01 10:42:41,57.417,22.468,18.973,0,0,3722076,164476,164004,3908208,7735.835,1617.665,15.977,291.579,0.999,18.973,6719,8504,1.750,1.620,0.950,3,0,357.484,0,0,16,167,0,34,2
19-01 10:42:42,45.622,20.442,33.655,0.249,0,3797568,128672,164004,3868228,10513.425,1615.456,7.978,13023.365,1.994,856.590,9317,11444,1.750,1.620,0.950,5,0,415.830,0,0,16,175,0,34,2
19-01 10:42:43,32.391,24.356,42.434,0,0,3856444,124600,164008,3814020,5191.539,1717.456,0,377.640,0,16.070,7279,5669,1.750,1.620,0.950,3,0,532.311,0,0,16,175,0,34,2
19-01 10:42:44,18.532,16.028,64.613,0.250,0,3846908,178740,164008,3770572,28956.428,1622.826,12.021,328.572,3.005,26.045,6641,7934,1.690,1.610,0.950,1,0,273.476,0,0,17,175,0,34,2
19-01 10:42:45,28.104,20.642,48.746,0,0,3906156,119420,164008,3770284,8925.508,1611.605,11.938,342.217,2.984,26.860,6509,5910,1.690,1.610,0.950,3,0,404.891,0,0,17,175,0,34,2
19-01 10:42:46,37.481,19.990,42.228,0.250,0,3953592,140320,163780,3703756,13109.213,1619.162,11.994,247.872,1.999,16.991,7468,8749,1.690,1.610,0.950,9,0,372.807,0,0,17,177,0,34,2
19-01 10:42:47,37.962,23.129,37.710,0.503,0,4050432,148316,163788,3600976,39114.270,1623.057,168.943,543.030,5.028,32.180,8282,10244,1.690,1.610,0.950,4,0,408.278,0,0,17,187,0,34,2
19-01 10:42:48,29.431,25.440,44.146,0,0,4120544,123272,163792,3557052,8451.059,1616.187,27.934,319.247,3.991,25.939,7320,6313,1.690,1.610,0.950,2,0,632.508,0,0,17,187,0,34,2
19-01 10:42:49,20.292,23.298,55.363,0.501,0,4161388,168036,163792,3473448,9434.312,1623.323,96.197,837.715,9.018,63.129,8394,10079,1.550,1.580,0.950,1,0,464.952,0,0,17,199,0,34,2
19-01 10:42:50,19.743,14.745,64.228,0,0,4171144,158260,163796,3473464,18291.594,1705.403,3.999,527.815,1.000,33.988,6637,8729,1.550,1.580,0.950,2,0,214.925,0,0,17,199,0,32,2
19-01 10:42:51,39.689,11.732,47.177,0.499,0,4295232,149240,163796,3360396,9458.463,1617.514,67.896,375.423,2.995,21.966,4090,2893,1.550,1.580,0.950,2,0,111.828,0,0,17,201,0,32,2
19-01 10:42:52,45.695,7.741,44.447,0.999,0,4394824,139576,163800,3272536,17856.554,1703.953,139.832,643.227,7.990,45.945,3979,2899,1.550,1.580,0.950,3,0,9.988,0,0,17,215,0,32,2
19-01 10:42:53,32.354,10.785,55.178,0.502,0,4328744,256624,163808,3222096,20650.654,1715.537,52.168,228.738,5.016,12.039,4313,3408,1.550,1.580,0.950,4,0,166.538,0,0,17,218,0,32,2
19-01 10:42:54,36.999,23.000,37.249,1.750,0,4388228,195052,163816,3224128,6502.892,1619.973,1171.981,495.992,14.000,42.999,8787,10196,1.590,1.590,0.950,3,0,502.992,0,0,17,219,0,30,2
19-01 10:42:55,34.999,23.000,40.999,0.750,0,4428248,154212,163828,3225272,52272.938,10318.790,311.994,603.988,8.000,39.999,7905,8602,1.590,1.590,0.950,4,1,431.991,0,0,17,227,0,31,2
19-01 10:42:56,61.631,18.215,17.716,1.747,0,4492200,128500,163840,3187584,49325.786,1521.064,1173.734,1034.004,22.956,22.956,6153,6112,1.590,1.590,0.950,4,0,184.644,0,0,17,228,0,31,2
19-01 10:42:57,62.300,14.762,16.513,5.755,0,4581564,143820,163844,3085376,15812.688,9506.628,1717.378,1289.034,37.030,131.105,5243,4426,1.590,1.590,0.950,2,0,23.018,0,0,17,239,0,31,2
19-01 10:42:58,49.050,10.511,20.771,18.519,0,4575412,203752,163892,3032612,12890.013,4729.775,5185.235,5913.971,319.322,224.226,6060,5922,1.590,1.590,0.950,2,2,29.029,0,0,17,240,0,21,2
19-01 10:42:59,55.249,17.000,24.749,2.250,0,4680828,133696,163940,2998208,16529.643,3631.922,935.980,1739.962,129.997,121.997,7539,8678,1.540,1.580,0.950,2,0,228.995,0,0,17,244,0,26,0
19-01 10:43:00,31.490,24.742,42.986,0.500,0,4672932,139124,163948,3001080,17728.130,10600.490,75.975,9152.969,5.998,74.975,8433,10210,1.540,1.580,0.950,2,0,480.841,0,0,17,243,0,27,0
19-01 10:43:01,49.936,21.117,27.577,0,0,4680608,129812,163948,3002256,6473.317,1609.882,3.975,361.727,0.994,16.894,6717,7698,1.540,1.580,0.950,5,0,307.070,0,0,17,243,0,27,0
19-01 10:43:02,52.806,26.403,20.368,0.251,0,4761228,160212,163952,2894788,14364.121,9966.674,213.234,744.307,5.029,50.291,7492,8363,1.540,1.580,0.950,1,1,495.869,0,0,17,250,0,26,0
19-01 10:43:03,60.893,19.635,16.653,1.988,0,4775032,183812,164412,2857896,11872.491,4470.825,1638.408,10673.511,76.552,1017.046,9796,12238,1.540,1.580,0.950,6,0,235.621,0,0,17,253,0,29,0
19-01 10:43:04,55.249,25.616,18.082,0.251,0,4870120,120660,164416,2826776,12860.058,7377.306,44.200,932.209,5.023,54.245,7206,7583,1.900,1.650,0.980,5,0,531.399,0,0,17,254,0,29,0
19-01 10:43:05,54.764,20.255,22.006,1.750,0,4859232,175264,164428,2784396,14231.723,6809.781,660.173,1012.265,39.010,71.019,8586,14606,1.900,1.650,0.980,4,0,258.068,0,0,17,261,0,31,0
19-01 10:43:06,66.107,18.780,15.525,0.250,0,4988568,164368,164432,2667252,9718.726,3787.128,588.953,384.622,13.021,18.029,7839,14208,1.900,1.650,0.980,4,0,106.172,0,0,17,262,0,30,0
19-01 10:43:07,51.744,7.249,36.996,3.000,0,4982960,201188,164440,2636732,24568.013,16439.001,839.898,863.895,58.993,44.995,4739,3820,1.900,1.650,0.980,2,1,11.999,0,0,17,264,0,32,0
19-01 10:43:08,58.241,11.248,26.996,3.000,0,5111724,127800,164072,2582644,10391.349,3614.426,1631.741,731.884,56.991,75.988,6372,7241,1.900,1.650,0.980,4,0,10.998,0,0,17,270,0,36,0
19-01 10:43:09,49.175,19.969,27.708,1.747,0,5013948,257432,164332,2551392,18465.715,13215.756,4237.509,1604.542,71.890,80.876,8517,10215,2.070,1.690,1,4,0,367.437,0,0,17,273,0,38,0
19-01 10:43:10,50.872,29.070,18.795,0.752,0,5073448,197636,164332,2552112,10747.781,1623.895,966.318,773.856,11.026,55.132,7498,8297,2.070,1.690,1,4,0,513.231,0,0,17,273,0,36,0
19-01 10:43:11,55.046,18.930,24.659,0.498,0,5102236,168412,164336,2552272,17228.235,11510.398,884.725,1231.442,17.934,34.871,6439,6607,2.070,1.690,1,5,0,217.196,0,0,18,274,0,36,0
19-01 10:43:12,83.801,14.050,1.255,1.004,0,5154932,150064,164340,2518984,7837.154,2671.597,1485.336,778.798,96.346,58.209,6692,6041,2.070,1.690,1,4,0,45.162,0,0,18,280,0,37,0
19-01 10:43:13,79.432,11.990,2.997,5.495,0,5271592,125780,164352,2429064,14976.247,7647.488,3369.131,13084.857,160.863,1184.991,7885,6792,2.070,1.690,1,3,0,10.991,0,0,18,283,0,37,0
19-01 10:43:14,64.006,15.251,13.251,7.001,0,5273680,154676,164376,2398804,12551.169,6501.605,988.092,1636.152,36.003,116.011,7172,9122,2.060,1.700,1,4,0,179.017,0,0,18,286,0,38,0
19-01 10:43:15,38.734,9.746,50.230,0.250,0,5318508,173328,164380,2336924,16186.457,8215.679,775.686,9100.321,7.997,51.979,3973,2929,2.060,1.700,1,2,0,57.977,0,0,18,290,0,38,0
19-01 10:43:16,36.623,8.222,52.070,1.993,0,5286592,205244,164388,2337052,26051.774,9509.067,566.040,625.833,8.969,50.824,4524,4120,2.060,1.700,1,3,0,10.962,0,0,18,293,0,39,1
19-01 10:43:17,44.278,8.505,46.280,0.250,0,5342188,140768,164388,2345916,9196781.234,69148.114,768.490,496.317,6.004,37.024,6949,3743,2.060,1.700,1,3,0,7.004,0,0,18,293,0,39,0
19-01 10:43:18,22.246,11.748,63.239,1.500,0,5332072,141296,164392,2355468,7391311.901,52074.164,2295.610,731.876,27.995,54.991,7662,5858,2.060,1.700,1,2,0,258.956,0,0,18,295,0,41,0
19-01 10:43:19,45.499,7.500,45.749,0,0,5361488,136860,164392,2331424,9575.720,1619.953,0,3555.896,0,51.998,3830,2666,2.060,1.700,1.010,2,0,6.000,0,0,18,297,0,36,0
19-01 10:43:20,29.347,3.261,66.470,0.502,0,5372904,125388,164392,2331484,24556.313,20717.602,0,497.648,0,45.150,4242,4800,2.060,1.700,1.010,2,0,0,0,0,18,304,0,37,0
19-01 10:43:21,13.704,3.737,78.984,0.249,0,5312816,184668,164396,2332288,417085.727,16336221.241,498.323,2340.127,27.906,71.759,5005,4518,2.060,1.700,1.010,1,0,37.873,0,0,18,301,0,39,0
19-01 10:43:22,2.000,0.750,95.734,0.250,0,5312704,184680,164396,2332388,8173.615,1619.726,79.986,331.944,4.999,19.997,1362,1823,2.060,1.700,1.010,0,0,1.000,0,0,18,303,0,39,0
19-01 10:43:23,2.000,1.250,94.488,0.500,0,5309992,187372,164400,2332404,12450.455,1619.799,4.000,2043.746,1.000,117.985,1964,2650,2.060,1.700,1.010,1,0,1.000,0,0,18,303,0,36,0
19-01 10:43:24,18.257,3.001,75.528,0.500,0,5310240,187040,164412,2332476,7897454.662,33756.599,16.006,3237.208,1.000,202.075,7183,8279,1.970,1.690,1.010,1,0,3.001,0,0,18,310,0,36,0
19-01 10:43:25,19.542,15.784,61.382,2.505,0,5248680,232164,164536,2348788,8677058.315,66606.747,388.839,1022.206,19.041,82.177,9408,18784,1.970,1.690,1.010,1,0,349.755,0,0,18,307,0,40,0
19-01 10:43:26,18.955,8.480,71.080,0,0,5283324,197504,164536,2348804,44504.267,1616.124,0,195.531,0,10.974,3412,2915,1.970,1.690,1.010,1,0,153.632,0,0,18,309,0,40,0
19-01 10:43:27,15.543,13.789,69.193,0.251,0,5283180,197616,164540,2348832,7887.028,1624.537,0,16730.727,0,76.213,4822,3913,1.970,1.690,1.010,1,0,201.563,0,0,18,309,0,38,0
19-01 10:43:28,7.984,20.209,69.359,0,0,5284948,195780,164540,2348908,8760.184,1616.712,15.968,1716.509,0.998,187.618,6881,5415,1.970,1.690,1.010,0,1,445.095,0,0,18,309,0,38,0
19-01 10:43:29,1.749,1.749,94.927,0.250,0,5279648,201064,164540,2348924,8865.147,1618.749,15.988,0,0.999,0,1467,1778,1.810,1.660,1,0,0,27.978,0,0,18,309,0,38,0
19-01 10:43:30,20.582,4.769,73.795,0,0,5333256,147456,164540,2348924,9189.745,1668.672,0,92.369,0,13.052,2344,1996,1.810,1.660,1,1,0,9.036,0,0,18,309,0,38,0
19-01 10:43:31,18.673,2.490,78.178,0,0,5340016,140612,164540,2349008,19469.725,10566.434,79.672,87.639,4.979,11.951,2542,2442,1.810,1.660,1,2,0,2.988,0,0,18,313,0,38,0
19-01 10:43:32,10.789,16.810,70.754,0.753,0,5253552,226924,164544,2349124,6646.890,1625.844,16.058,104.375,4.014,8.029,5308,4162,1.810,1.660,1,1,0,225.812,0,0,18,313,0,38,0
19-01 10:43:33,11.747,16.246,70.233,0,0,5248860,231224,164544,2349500,5218.720,1619.603,0,219.946,0,1.000,5535,4394,1.810,1.660,1,1,0,233.943,0,0,18,313,0,38,0
19-01 10:43:34,18.445,9.721,70.541,0.499,0,5274796,205204,164544,2349568,8917.518,1523.476,51.846,993.051,2.991,137.591,4554,3877,1.750,1.650,1,2,0,139.585,0,0,18,313,0,38,0
19-01 10:43:35,24.255,4.001,71.263,0.250,0,5343788,136156,164544,2349624,7861.468,1620.303,0,280.052,0,30.006,2565,2211,1.750,1.650,1,1,0,2.000,0,0,18,315,0,36,0
19-01 10:43:36,23.747,3.000,71.242,1.000,0,5376584,134704,164544,2319560,8622.081,1619.827,395.958,199.979,12.999,24.997,2714,2545,1.750,1.650,1,1,0,4.000,0,0,18,319,0,36,0
19-01 10:43:37,23.746,2.999,71.986,0.250,0,5316096,195164,164544,2319588,9123.277,1619.694,19.996,163.969,3.999,7.998,2349,1816,1.750,1.650,1,4,0,4.999,0,0,18,315,0,36,0
19-01 10:43:38,23.248,4.000,71.994,0,0,5370768,140480,164544,2319600,10091.228,1619.876,0,151.988,0,10.999,2342,1888,1.750,1.650,1,1,0,3.000,0,0,18,315,0,36,0
19-01 10:43:39,11.753,2.001,84.772,0.250,0,5369932,141156,164544,2319760,27146.036,20438.297,16.004,608.158,1.000,43.011,2740,3063,1.690,1.640,1,4,0,2.001,0,0,18,322,0,37,0
19-01 10:43:40,23.503,4.251,71.509,0.250,0,5342924,168148,164544,2319776,6071.769,1752.222,0,204.026,0,20.003,2666,2391,1.690,1.640,1,1,0,16.002,0,0,18,315,0,38,0
19-01 10:43:41,23.997,2.500,72.492,0,0,5373776,137296,164544,2319776,7719.196,1619.831,0,203.979,0,16.998,2196,1749,1.690,1.640,1,2,0,0,0,0,18,315,0,38,0
19-01 10:43:42,12.799,14.807,72.027,0.251,0,5338840,172076,164552,2319940,9363.058,1626.263,397.531,413.593,6.023,16.062,5252,4490,1.690,1.640,1,1,0,297.144,0,0,18,315,0,38,0
19-01 10:43:43,15.467,12.723,70.349,0,0.249,5365240,145528,164552,2320088,22530.598,1454.875,43.906,219.528,3.991,12.972,5018,4095,1.690,1.640,1,1,0,287.383,0,0,18,315,0,38,0
19-01 10:43:44,19.446,2.742,75.790,0.997,0,5356580,153808,164828,2320192,14763.058,3714.698,327.093,6190.831,13.961,731.970,3911,2695,1.550,1.610,0.990,0,0,32.909,0,0,18,316,0,38,0
19-01 10:43:45,22.778,3.004,72.589,0.751,0,5334052,168992,165524,2326712,10095.438,1862.294,128.158,845.041,4.005,19.023,2292,1879,1.550,1.610,0.990,2,0,2.002,0,0,18,315,0,38,0
19-01 10:43:46,17.927,2.241,78.181,0,0,5342080,160956,165524,2326720,44891.594,4683.864,0,466.096,0,13.943,2567,1963,1.550,1.610,0.990,2,0,18.923,0,0,18,316,0,38,0
19-01 10:43:47,24.684,4.282,70.526,0.252,0.252,5348492,147900,166096,2332648,8562.828,1807.473,0,1164.682,0,28.210,7430,12475,1.550,1.610,0.990,1,0,6.045,0,0,18,315,0,38,0
19-01 10:43:48,18.185,3.986,75.728,0,0,5342804,153036,166120,2333172,12652.548,4534.710,27.900,16281.512,4.982,48.825,5338,8314,1.550,1.610,0.990,0,0,7.971,0,0,18,316,0,38,0
19-01 10:43:49,22.254,6.751,69.262,0.250,0,5334812,160384,166216,2333700,22488.833,1772.302,192.033,612.104,8.001,25.004,11208,19399,1.510,1.600,1,1,0,20.003,0,0,18,316,0,38,0
19-01 10:43:50,21.287,5.510,71.624,0.250,0,5275892,231036,166296,2322028,9104.820,1797.122,0,925.608,0,30.052,2825,2337,1.510,1.600,1,1,0,41.071,0,0,18,315,0,38,0
19-01 10:43:51,14.465,12.968,71.077,0,0,5290168,216736,166296,2322052,6209.910,1647.995,0,0,0,0,4307,3557,1.510,1.600,1,2,0,223.457,0,0,18,315,0,38,0
19-01 10:43:52,22.004,2.250,74.513,0,0,5322732,183988,166296,2322236,25295.514,3482.621,0,0,0,0,2427,1759,1.510,1.600,1,0,0,0,0,0,18,316,0,38,0
19-01 10:43:53,17.563,6.774,74.516,0.251,0,5249520,257148,166296,2322288,16292.186,9978.637,36.129,325.161,3.011,2.007,3628,3198,1.510,1.600,1,2,0,103.369,0,0,18,315,0,41,0
19-01 10:43:54,25.402,4.981,68.238,0.249,0,5319960,186628,166296,2322380,8776.302,1613.803,79.694,988.206,3.985,62.759,3549,3498,1.550,1.610,1,1,0,10.958,0,0,18,319,0,41,0
19-01 10:43:55,21.311,6.519,71.453,0.251,0,5259532,246924,166296,2322512,57112.498,10235.121,0,220.628,0,22.063,5173,6417,1.550,1.610,1,1,0,72.205,0,0,18,319,0,42,0
19-01 10:43:56,25.946,4.241,68.608,0,0,5327232,179164,166296,2322572,39677.994,1616.659,47.901,303.373,2.994,27.942,3055,2749,1.550,1.610,1,1,0,0.998,0,0,18,321,0,42,0
19-01 10:43:57,16.772,4.256,77.351,0,0,5322152,184232,166296,2322584,24283.825,14699.264,0,152.199,0,11.014,3214,2881,1.550,1.610,1,1,0,56.073,0,0,18,321,0,43,0
19-01 10:43:58,23.256,5.001,72.018,0,0,5381700,156508,166172,2292252,14634.618,1662.411,0,1092.270,0,98.024,2693,1988,1.550,1.610,1,1,0,0,0,0,18,321,0,43,0
19-01 10:43:59,17.012,3.002,78.556,0.500,0,5304688,233508,166172,2292264,16595.757,11875.413,12.009,232.164,1.001,10.007,2652,2317,1.500,1.600,1,2,0,26.018,0,0,18,321,0,39,0
19-01 10:44:00,22.179,4.236,71.770,0.249,0,5362220,175964,166172,2292280,10564.093,1602.855,0,159.488,0,11.962,2449,2040,1.500,1.600,1,1,0,5.981,0,0,18,321,0,39,0
19-01 10:44:01,13.210,1.745,83.249,0.249,0,5358936,179208,166172,2292320,19541.981,11597.973,31.904,99.699,1.994,12.961,2295,2401,1.500,1.600,1,1,0,0,0,0,18,322,0,39,0
19-01 10:44:02,21.335,5.773,72.038,0,0,5293456,244676,166172,2292332,10392.548,2517.063,0,240.963,0,21.084,3100,2649,1.500,1.600,1,1,0,47.189,0,0,18,321,0,40,0
19-01 10:44:03,18.997,2.500,77.736,0,0,5312896,225232,166172,2292336,18235.673,10333.115,0,143.974,0,9.998,2385,2037,1.500,1.600,1,2,0,1.000,0,0,18,325,0,41,0
19-01 10:44:04,22.329,5.520,71.253,0.251,0,5352732,185336,166172,2292396,7366.140,3163.225,32.114,694.464,2.007,45.160,3297,3328,1.460,1.590,1,1,0,32.114,0,0,18,321,0,39,0
19-01 10:44:05,18.181,2.490,78.201,0.249,0,5368772,169288,166172,2292404,16276.834,9397.110,0,2127.873,0,351.657,2699,2193,1.460,1.590,1,2,0,0,0,0,18,322,0,39,0
19-01 10:44:06,16.754,6.252,75.520,0,0,5353652,184388,166172,2292424,12243.275,4724.264,0,392.105,0,45.012,3553,3662,1.460,1.590,1,1,0,89.024,0,0,18,323,0,40,0
19-01 10:44:07,19.247,2.750,76.490,0.250,0,5356564,181472,166172,2292428,14979.996,7343.017,0,139.981,0,7.999,2230,1922,1.460,1.590,1,1,0,0,0,0,18,324,0,40,0
19-01 10:44:08,20.507,5.502,72.273,0,0,5335672,202348,166172,2292444,25584.162,18095.773,0,384.123,0,23.007,3087,2845,1.460,1.590,1,1,0,47.015,0,0,18,323,0,35,0
19-01 10:44:09,20.492,2.249,76.719,0.250,0,5367000,171000,166172,2292464,16066.603,7287.098,0,223.911,0,20.992,2491,2340,1.430,1.580,1,1,0,1.000,0,0,18,324,0,35,0
19-01 10:44:10,20.765,4.253,73.802,0.250,0,5341920,195708,166172,2292836,11313.921,4766.337,368.258,348.244,23.016,22.015,2989,2873,1.430,1.580,1,1,0,15.011,0,0,18,323,0,37,0
19-01 10:44:11,20.487,2.998,75.702,0,0,5353480,184100,166172,2292884,12216.310,7339.380,0,135.914,0,7.995,2337,1998,1.430,1.580,1,1,0,0,0,0,18,324,0,37,0
19-01 10:44:12,22.692,4.488,69.821,1.247,0,5334072,201616,166172,2294776,8326.628,3688.533,1611.863,1982.911,54.859,211.457,5631,7475,1.430,1.580,1,6,0,5.985,0,0,18,323,0,34,0
19-01 10:44:13,23.849,3.515,71.547,0.502,0,5386300,149388,166172,2294776,10097.899,1869.758,0,2703.216,0,162.675,2862,2806,1.430,1.580,1,0,0,1.004,0,0,18,323,1,34,0
19-01 10:44:14,15.994,2.749,79.719,0.250,0,5380112,155528,166172,2294808,17322.298,10986.750,0,871.663,0,84.967,3424,4030,1.390,1.570,1,1,0,0,0,0,18,324,0,34,0
19-01 10:44:15,17.276,12.268,67.601,0.501,0,5349436,185984,166180,2295020,10367.457,2850.249,48.072,929.386,2.003,92.137,6223,7011,1.390,1.570,1,2,0,240.358,0,0,18,323,0,35,0
19-01 10:44:16,8.760,23.526,66.824,0.250,0,5329280,206096,166180,2295064,6976.715,1513.674,0,704.779,0,55.061,7448,6819,1.390,1.570,1,1,0,650.720,0,0,18,323,0,32,0
19-01 10:44:17,8.753,24.007,66.020,0,0,5326260,209068,166184,2295092,10064.028,1566.471,0,440.132,0,33.010,7067,6129,1.390,1.570,1,2,0,586.176,0,0,18,323,0,32,0
19-01 10:44:18,28.723,25.976,43.710,0.250,0,5349716,185568,166184,2295136,9548.177,1618.504,767.291,2150.013,5.994,138.872,8189,7693,1.390,1.570,1,2,0,754.303,0,0,18,323,0,32,0
19-01 10:44:19,17.005,24.007,58.267,0,0,5350840,184388,166184,2295176,6822.008,1620.477,256.075,212.062,2.001,22.006,7406,6644,1.360,1.560,1,2,0,669.197,0,0,18,323,0,32,0
19-01 10:44:20,8.754,22.759,67.028,0,0,5340196,195000,166184,2295208,9127.775,1620.670,0,44.018,0,11.005,7171,6254,1.360,1.560,1,1,0,601.249,0,0,18,323,0,29,0
19-01 10:44:21,12.208,13.454,71.005,1.744,0,5303328,300148,166192,2231860,7578.861,1614.432,275.051,119.588,23.918,5.979,4497,3895,1.360,1.560,1,1,0,237.182,0,0,18,323,0,29,0
19-01 10:44:22,18.746,6.249,71.734,2.000,0,5310640,325688,166232,2206228,6135.625,1619.637,843.811,2959.337,101.977,21.995,2799,2681,1.360,1.560,1,1,0,3.999,0,0,18,323,0,29,0
19-01 10:44:23,20.251,2.500,76.755,0.250,0,5319304,314768,166232,2208476,15866.118,3688.260,16.001,1124.079,3.000,26.002,2431,2285,1.360,1.560,1,1,0,17.001,0,0,18,324,0,29,0
19-01 10:44:24,13.745,1.749,79.472,3.249,0,5329320,303924,166232,2209300,19069.182,10221.345,699.750,3330.809,46.983,74.973,2536,2838,1.330,1.550,1,0,0,1.000,0,0,18,324,0,26,0
19-01 10:44:25,17.756,4.502,75.027,1.501,0,5327460,304804,166232,2210276,60362.411,10863.854,548.194,1540.546,54.019,58.021,3841,11354,1.330,1.550,1,1,0,37.013,0,0,18,324,0,27,0
19-01 10:44:26,16.000,1.750,80.501,1.000,0,5342524,288452,166232,2211560,54125.673,9302.116,1132.014,1128.014,53.001,42.001,2136,1987,1.330,1.550,1,1,0,0,0,0,18,324,0,27,0
19-01 10:44:27,13.204,1.993,82.212,1.744,0,5342836,287448,166232,2212244,20495.082,11538.511,454.405,1522.657,50.822,55.804,2146,2104,1.330,1.550,1,1,0,5.979,0,0,18,324,0,27,0
19-01 10:44:28,14.719,1.247,80.081,2.744,0,5355788,273336,166300,2213328,19579.692,8691.663,830.248,854.198,45.903,26.943,2141,1998,1.330,1.550,1,0,0,0,0,0,18,324,0,23,0
19-01 10:44:29,9.560,2.264,76.229,11.070,0,5356468,247128,166352,2238804,13049.935,5658.527,12800.368,4677.367,147.929,189.188,2275,2031,1.380,1.560,1.010,0,1,0,0,0,18,324,0,23,0
19-01 10:44:30,21.477,2.997,72.423,1.498,0,5361240,221676,167416,2258352,7701.826,1660.238,2701.133,1634.265,31.966,59.936,2567,2209,1.380,1.560,1.010,1,0,0.999,0,0,18,324,0,23,0
19-01 10:44:31,24.004,3.251,72.013,0.250,0,5367640,198768,167916,2274056,9935.801,1500.272,0,1364.247,0,31.006,2502,2138,1.380,1.560,1.010,1,0,0,0,0,18,324,0,23,0
19-01 10:44:32,24.743,2.499,71.481,0.500,0,5384028,164748,168196,2291308,7755.918,1619.565,0,903.757,0,35.990,2735,2593,1.380,1.560,1.010,1,0,0,0,0,18,324,0,22,0
19-01 10:44:33,22.009,4.002,71.778,1.000,0,5385572,148632,169140,2304644,9623.724,1620.627,0,2989.157,0,140.054,2997,2918,1.380,1.560,1.010,1,0,1.000,0,0,18,324,0,22,0
19-01 10:44:34,23.501,3.000,71.004,1.000,0,5379468,127236,170048,2330868,8256.470,1620.092,0,2724.155,0,118.007,3010,2994,1.350,1.550,1,1,0,0,0,0,18,324,0,22,0
19-01 10:44:35,24.251,2.750,71.003,0.750,0.250,5276256,240776,170564,2319760,6343.240,1794.068,0,1812.069,0,73.003,2764,2501,1.350,1.550,1,1,0,1.000,0,0,18,323,0,22,0
19-01 10:44:36,22.495,3.999,72.735,0,0,5337884,179128,170564,2319776,11185.641,2695.431,0,2223.531,0,342.928,3182,2055,1.350,1.550,1,0,0,33.993,0,0,18,324,0,22,0
19-01 10:44:37,19.826,3.012,76.292,0.251,0,5332884,177544,170660,2326220,14157.122,2900.087,0,1252.789,0,10.038,2256,2019,1.350,1.550,1,1,0,2.008,0,0,18,323,0,22,0
19-01 10:44:38,17.184,2.241,79.197,0,0,5347016,163212,170664,2326308,17042.757,4438.010,0,434.337,0,6.973,2252,2056,1.350,1.550,1,1,0,16.935,0,0,18,324,0,22,0
19-01 10:44:39,23.511,5.252,69.032,0,0,5337724,164960,171160,2332412,8331.821,1794.823,0,1120.514,0,36.017,10300,18630,1.320,1.540,1,1,0,15.007,0,0,18,323,0,22,0
19-01 10:44:40,23.240,6.247,68.470,0.250,0,5343684,158464,171212,2332800,10768.311,1689.264,0,1747.239,0,22.990,11224,19851,1.320,1.540,1,1,0,13.994,0,0,18,323,0,20,0
19-01 10:44:41,21.327,5.771,72.008,0.251,0,5310764,205124,171260,2319892,10933.244,1625.836,0,698.507,0,24.086,2516,2124,1.320,1.540,1,1,0,8.029,0,0,18,323,0,20,0
19-01 10:44:42,23.337,5.462,68.769,0,0,5306136,209840,171260,2319900,6151.000,1608.754,0,917.585,0,21.847,10223,17344,1.320,1.540,1,1,0,53.625,0,0,18,323,0,20,0
19-01 10:44:43,22.834,5.019,71.514,0.502,0,5337224,178736,171260,2319916,6329.341,2054.577,0,405.495,0,21.078,4323,5584,1.320,1.540,1,2,0,37.137,0,0,18,324,0,20,0
19-01 10:44:44,19.504,2.751,76.517,0,0,5339000,170480,171260,2326384,16142.562,3472.766,0,1036.229,0,32.007,2449,2310,1.300,1.530,1,1,0,2.000,0,0,18,323,0,20,0
19-01 10:44:45,18.993,2.749,76.473,0.500,0,5358780,150572,171260,2326448,13955.163,4441.461,0,1159.598,0,110.962,2773,2532,1.300,1.530,1,2,0,18.993,0,0,18,324,0,20,0
19-01 10:44:46,23.494,5.499,68.982,0,0,5351020,150964,171444,2332672,9597.445,1739.537,0,1075.714,0,23.994,10294,18552,1.300,1.530,1,1,0,15.996,0,0,18,323,0,20,0
19-01 10:44:47,23.254,5.751,68.762,0,0,5350948,150740,171452,2332928,9229.581,1620.277,0,496.085,0,7.001,10950,19382,1.300,1.530,1,2,0,14.002,0,0,18,323,0,20,0
19-01 10:44:48,21.256,5.752,72.519,0.250,0,5306120,209500,171452,2319924,9153.401,1620.425,0,344.090,0,12.003,2539,2127,1.300,1.530,1,1,0,12.003,0,0,18,323,0,20,0
19-01 10:44:49,23.753,3.750,71.758,0.250,0,5303488,212112,171452,2319944,8059.914,1620.184,0,532.060,0,7.001,2614,2138,1.270,1.520,1,1,0,32.004,0,0,18,323,0,20,0
19-01 10:44:50,22.826,4.766,70.985,0,0,5312212,196036,171452,2327296,6978.141,1625.390,0,445.477,0,14.047,3419,3133,1.270,1.520,1,1,0,81.270,0,0,18,323,0,20,0
19-01 10:44:51,23.664,2.491,72.487,0,0,5327572,177164,171492,2330544,6827.185,2105.348,0,11.957,0,0.996,2384,1967,1.270,1.520,1,1,0,15.942,0,0,18,324,0,20,0
19-01 10:44:52,12.246,1.499,84.721,0.750,0,5340732,163808,171520,2330648,22670.164,9349.768,0,1819.371,0,60.979,2295,2613,1.270,1.520,1,0,0,0,0,0,18,324,0,20,0
19-01 10:44:53,11.750,1.500,85.001,0.250,0,5340480,163556,171608,2331056,22585.348,11434.176,0,1360.021,0,47.001,2059,2191,1.270,1.520,1,0,0,1.000,0,0,18,324,0,20,0
19-01 10:44:54,10.252,2.000,85.513,1.750,0,5339816,163740,171692,2331344,163645.711,13783.081,0,4076.616,0,238.036,3051,3616,1.170,1.500,1,1,0,1.000,0,0,18,325,0,20,0
19-01 10:44:55,17.745,1.749,77.977,0.250,0,5348824,154500,171736,2331496,54337.198,7835.721,0,11892.542,0,92.973,2698,2524,1.170,1.500,1,1,0,1.000,0,0,18,325,0,20,0
19-01 10:44:56,14.001,1.250,82.753,0.750,0,5348804,154260,171788,2331668,60064.526,9371.394,0,1188.050,0,41.002,2256,2101,1.170,1.500,1,1,0,0,0,0,18,325,0,20,0
19-01 10:44:57,17.754,3.001,76.768,0.250,0,5366608,135652,171832,2332344,285044.272,13724.239,0,2336.551,0,215.051,4249,5322,1.170,1.500,1,1,0,1.000,0,0,18,325,0,16,0
19-01 10:44:58,10.001,2.500,85.258,1.250,0,5366396,135400,172028,2332472,90441.887,16548.626,28.003,2204.217,4.000,109.011,2947,3210,1.170,1.500,1,1,0,0,0,0,18,325,0,18,0
19-01 10:44:59,11.501,1.250,85.004,1.000,0,5368312,132908,172200,2332768,61202.969,12711.617,104.005,1652.080,6.000,74.004,2032,2185,1.080,1.470,0.990,1,0,0,0,0,18,325,0,18,0
19-01 10:45:00,12.224,1.996,83.824,0.748,0,5356496,163696,172276,2314436,1801577.125,25703.130,0,11248.425,0,304.362,3169,2576,1.080,1.470,0.990,0,0,1.996,0,0,18,325,0,18,0
19-01 10:45:01,10.270,3.757,83.414,1.002,0,5358904,148660,172392,2327760,15648807.132,76748.532,164.322,16604.568,4.008,68.134,6105,4054,1.080,1.470,0.990,0,0,6.012,0,0,18,325,0,14,0
19-01 10:45:02,20.250,3.000,74.750,0.750,0.250,5370644,126520,173068,2336896,387194.990,8070.958,16.000,2719.986,1.000,101.999,3030,2869,1.080,1.470,0.990,1,0,1.000,0,0,18,325,0,14,0
19-01 10:45:03,23.252,3.750,71.006,0.750,0,5365444,141464,176236,2322324,9508.742,1714.134,0,4024.314,0,88.007,2926,2653,1.080,1.470,0.990,1,0,1.000,0,0,18,325,0,14,0
19-01 10:45:04,25.253,3.000,71.007,0.250,0,5374312,145224,176612,2309124,10934.096,1620.162,0,1744.175,0,57.006,2965,2780,1.070,1.460,0.990,1,0,0,0,0,18,325,0,14,0
19-01 10:45:05,23.249,6.500,68.497,1.000,0,5385756,142884,177148,2299876,11966.460,1619.927,0,93527.777,0,323.985,3695,2920,1.070,1.460,0.990,1,0,0,0,0,18,325,0,10,0
19-01 10:45:06,22.750,3.750,71.750,0.750,0,5383364,129980,178080,2312520,6077.962,1619.990,0,2227.986,0,78.000,2628,2320,1.070,1.460,0.990,1,0,0,0,0,18,325,0,10,0
19-01 10:45:07,24.003,2.750,71.509,0.500,0,5383840,146248,178688,2294932,10359.339,1620.209,0,1792.232,0,73.009,2766,2474,1.070,1.460,0.990,1,1,0,0,0,18,325,0,10,0
19-01 10:45:08,24.506,2.501,71.517,0.500,0,5383324,122712,180000,2315904,7975.848,1458.338,0,2564.594,0,179.041,2850,2221,1.070,1.460,0.990,1,0,0,0,0,18,325,0,10,0
19-01 10:45:09,23.243,3.999,70.979,0.750,0,5384288,120304,181104,2315668,6400.149,1619.532,0,2903.161,0,116.966,3063,3037,1.070,1.450,0.990,1,0,1.000,0,0,18,325,0,7,0
19-01 10:45:10,19.498,2.250,76.243,0.500,0,5410980,155064,181404,2254420,15517.643,4209.632,0,1131.901,0,49.996,2488,2408,1.070,1.450,0.990,1,0,1.000,0,0,18,323,0,7,0
19-01 10:45:11,22.755,4.751,71.517,0,0,5366212,199836,181432,2254428,8172.909,1862.435,0,28.007,0,2.000,2679,2105,1.070,1.450,0.990,0,0,35.008,0,0,18,323,1,7,0
19-01 10:45:12,19.498,2.500,76.991,0.250,0,5361720,197668,181512,2260916,14542.386,3656.594,31.996,2027.775,1.000,37.996,2372,2293,1.070,1.450,0.990,3,0,1.000,0,0,18,323,0,7,0
19-01 10:45:13,17.500,2.500,77.501,0.250,0,5369752,189408,181512,2261008,12673.193,4551.069,0,708.011,0,25.000,2372,2274,1.070,1.450,0.990,1,0,20.000,0,0,18,324,0,4,0
19-01 10:45:14,25.792,5.258,68.110,0,0,5364900,186792,181836,2267092,6473.427,1796.894,0,1045.684,0,28.045,9248,16917,1.060,1.450,0.990,2,0,11.018,0,0,18,323,0,4,0
19-01 10:45:15,21.685,5.234,71.285,0,0,5357976,193300,181888,2267372,9746.587,1615.126,0,103.687,0,1.994,4510,6456,1.060,1.450,0.990,3,0,7.976,0,0,18,323,0,4,0
19-01 10:45:16,22.988,6.247,69.465,0.250,0,5355316,195688,181924,2267568,7637.171,1457.269,0,2682.655,0,32.983,7575,13463,1.060,1.450,0.990,2,0,14.992,0,0,18,323,0,4,0
19-01 10:45:17,22.863,6.532,70.347,0.251,0,5332500,232548,181928,2254592,9814.393,1628.028,0,1105.451,0,35.173,2642,2311,1.060,1.450,0.990,2,0,3.015,0,0,18,323,0,3,0
19-01 10:45:18,40.570,8.711,48.535,1.244,0,5385060,177192,181928,2257508,7146.358,1612.859,1123.028,39.824,15.929,3.982,3693,2567,1.060,1.450,0.990,4,0,12.943,0,0,18,323,0,3,0
19-01 10:45:19,32.149,7.786,56.763,1.507,0,5378240,182996,181928,2258524,9739.076,1627.533,1093.059,3367.586,39.181,218.009,7073,9568,1.140,1.460,1,3,0,4.019,0,0,18,326,0,8,0
19-01 10:45:20,18.011,13.509,66.542,1.751,0,5305192,255436,181932,2259140,7345.642,1621.024,496.314,9894.252,23.015,305.193,7847,9317,1.140,1.460,1,1,0,301.190,0,0,18,325,0,8,0
19-01 10:45:21,12.702,10.710,69.988,4.234,0,5293648,260808,181992,2265248,6709.885,1613.959,6268.537,458.285,143.463,12.952,4426,3553,1.140,1.460,1,0,1,148.444,0,0,18,325,0,10,0
19-01 10:45:22,7.996,3.748,75.716,11.245,0,5280364,249248,182404,2289668,6035.275,2633.811,24656.866,4126.137,2335.945,181.918,7223,7560,1.140,1.460,1,0,0,5.997,0,0,18,326,0,10,0
19-01 10:45:23,2.000,1.500,95.506,0.250,0,5280040,249572,182404,2289668,31386.917,3385.207,0,2140.131,0,336.021,2079,1966,1.140,1.460,1,0,0,1.000,0,0,18,326,0,10,0
19-01 10:45:24,3.750,1.000,92.990,0.250,0,5279480,250068,182404,2289732,31039.758,4844.494,63.993,507.947,1.000,44.995,1751,2433,1.040,1.430,0.990,0,0,1.000,0,0,18,326,0,10,0
19-01 10:45:25,6.776,4.015,84.573,3.513,0,5250928,277976,182428,2291636,124262.985,130759.819,726.778,2722.406,44.169,121.464,3093,4947,1.040,1.430,0.990,2,0,47.180,0,0,18,325,0,10,0
19-01 10:45:26,4.982,1.744,90.929,0,0,5228484,300416,182428,2290360,43805.399,1614.303,0,4328.723,0,30.891,2154,5120,1.040,1.430,0.990,0,0,1.993,0,0,18,325,0,10,0
19-01 10:45:27,2.498,1.999,94.191,0.500,0,5225980,302916,182428,2290364,9143.256,1618.983,0,1862.830,0,91.942,1762,2263,1.040,1.430,0.990,1,0,5.996,0,0,18,327,0,10,0
19-01 10:45:28,1.751,1.000,96.291,0,0,5224040,304856,182428,2290364,9101.914,1620.697,0,36.015,0,4.002,1207,1707,1.040,1.430,0.990,1,0,0,0,0,18,327,0,10,0
19-01 10:45:29,1.750,0.250,96.254,0,0,5222556,306336,182428,2290368,9736.442,1620.074,0,64.003,0,9.000,1125,1677,1.040,1.420,0.990,0,0,0,0,0,18,327,0,10,0
19-01 10:45:30,2.248,0.749,95.184,0.250,0,5221048,307840,182428,2290372,6112.763,1618.878,0,455.684,0,42.970,1548,2282,1.040,1.420,0.990,0,0,0,0,0,18,327,0,10,0
19-01 10:45:31,1.998,0.999,96.421,0.250,0,5220332,308904,182428,2290372,9838.917,1456.803,0,13576.846,0,250.794,1629,1691,1.040,1.420,0.990,1,0,0,0,0,18,327,0,10,0
19-01 10:45:32,1.502,0.751,96.369,0,0,5219180,310056,182428,2290372,7883.721,1622.000,0,8.010,0,2.002,1224,1672,1.040,1.420,0.990,0,0,0,0,0,18,327,0,10,0
19-01 10:45:33,1.750,0.500,96.509,0,0,5218940,310296,182428,2290372,8877.814,1620.148,0,0,0,0,1240,1685,1.040,1.420,0.990,1,0,1.000,0,0,18,327,0,10,0
19-01 10:45:34,2.250,1.000,95.499,0.250,0,5218944,310296,182428,2290376,7554.944,1619.988,0,363.997,0,38.000,1509,2130,0.960,1.400,0.990,0,0,0,0,0,18,327,0,10,0
19-01 10:45:35,2.251,0.750,96.024,0,0,5218944,310296,182428,2290376,10279.544,1620.401,0,116.029,0,14.003,1395,1846,0.960,1.400,0.990,0,0,0,0,0,18,327,0,10,0
19-01 10:45:36,2.000,2.500,94.485,0,0,5212668,316564,182432,2290384,9146.505,1619.735,0,58986.362,0,188.969,1781,1848,0.960,1.400,0.990,0,0,0,0,0,18,327,0,10,0
19-01 10:45:37,1.750,0.750,95.999,0,0,5212664,316564,182432,2290388,7268.941,1619.987,0,1339.989,0,5.000,1252,1714,0.960,1.400,0.990,0,0,0,0,0,18,327,0,10,0
19-01 10:45:38,1.750,0.750,96.728,0.250,0,5212664,316564,182432,2290388,7187.340,1457.663,0,731.831,0,150.965,1367,1783,0.960,1.400,0.990,0,0,0,0,0,18,327,0,10,0
19-01 10:45:39,1.750,0.500,95.990,0,0,5212664,316564,182432,2290388,9703.943,1619.824,0,259.972,0,22.997,1413,1971,0.880,1.380,0.980,0,0,1.000,0,0,18,327,0,10,0
19-01 10:45:40,2.001,1.001,95.804,0.250,0.250,5212656,316564,182432,2290396,23495.215,1620.912,0,272.153,0,37.021,1861,2339,0.880,1.380,0.980,0,0,1.001,0,0,18,327,0,10,0
19-01 10:45:41,1.250,3.000,94.500,0.250,0.250,5212832,316328,182436,2290404,9667.010,1620.002,0,106500.110,0,496.001,2667,2443,0.880,1.380,0.980,0,0,0,0,0,18,327,0,10,0
19-01 10:45:42,1.750,0.750,95.979,0,0,5212832,316328,182436,2290404,7532.344,1619.644,0,675.851,0,23.995,1319,1806,0.880,1.380,0.980,0,0,0,0,0,18,327,0,10,0
19-01 10:45:43,2.000,1.000,96.233,0,0,5212828,316328,182436,2290408,38573.041,1705.692,0,0,0,0,1693,1811,0.880,1.380,0.980,0,0,1.000,0,0,18,327,0,10,0
19-01 10:45:44,2.000,0.750,95.737,0.250,0,5212816,316328,182436,2290420,9350.692,1619.773,0,295.959,0,29.996,1447,2036,0.810,1.350,0.980,0,0,0,0,0,18,327,0,10,0
19-01 10:45:45,2.501,0.750,96.547,0,0,5212816,316328,182436,2290420,7252.522,1620.787,0,32.016,0,4.002,1231,1690,0.810,1.350,0.980,0,0,0,0,0,18,327,0,10,0
19-01 10:45:46,1.501,0.500,96.538,0,0,5212816,316328,182436,2290420,19867.858,1544.611,0,0,0,0,1345,1704,0.810,1.350,0.980,1,0,2.001,0,0,18,327,0,10,0
19-01 10:45:47,1.250,0.750,96.488,0,0,5213064,316076,182436,2290424,8281.987,1619.802,0,11.999,0,1.000,1175,1670,0.810,1.350,0.980,0,0,0,0,0,18,327,0,10,0
19-01 10:45:48,1.499,0.749,96.655,0,0,5213064,316076,182436,2290424,14300.995,1704.331,0,0,0,0,1170,1620,0.810,1.350,0.980,0,0,0,0,0,18,327,0,10,0
19-01 10:45:49,1.251,0.750,96.554,0.250,0,5213064,316076,182436,2290424,24467.754,1620.911,0,636.358,0,123.069,1631,1729,0.810,1.350,0.980,0,0,0,0,0,18,327,0,10,0
19-01 10:45:50,2.498,3.497,91.671,0.999,0,5211204,317928,182436,2290432,8902.366,1618.612,0,391.664,0,34.970,1859,2318,0.740,1.330,0.970,0,0,0,0,0,18,327,0,10,0
19-01 10:45:51,1.751,0.751,96.075,0,0,5203320,325796,182436,2290432,10440.173,1621.269,0,2570.012,0,8.006,1270,1637,0.740,1.330,0.970,0,0,0,0,0,18,327,0,10,0
19-01 10:45:52,1.500,0.750,96.512,0,0,5203328,325796,182436,2290436,14369.802,1620.203,0,324.041,0,10.001,1327,1705,0.740,1.330,0.970,0,0,0,0,0,18,327,0,10,0
19-01 10:45:53,1.999,0.750,96.469,0,0,5204080,325044,182436,2290436,6819.821,1619.483,0,7.997,0,1.000,1304,1830,0.740,1.330,0.970,0,0,1.000,0,0,18,327,0,10,0
19-01 10:45:54,2.500,0.750,95.007,0.250,0,5204332,324792,182436,2290436,10667.741,1458.101,0,484.034,0,46.003,1677,2417,0.740,1.330,0.970,0,0,1.000,0,0,18,327,0,10,0
19-01 10:45:55,1.750,1.000,95.260,0.250,0,5203900,325216,182436,2290444,51492.468,1620.172,0,184.020,0,21.002,1765,2198,0.680,1.310,0.970,0,0,1.000,0,0,18,327,0,10,0
19-01 10:45:56,10.253,2.501,85.523,0.250,0,5226028,303072,182440,2290456,316257.389,6999.890,16.004,396.107,2.001,7.002,2427,2388,0.680,1.310,0.970,1,0,7.002,0,0,18,327,0,10,0
19-01 10:45:57,12.241,4.497,80.692,1.249,0,5222004,306976,182452,2290564,295842.867,15432.934,123.911,435.688,5.996,18.986,3410,2809,0.680,1.310,0.970,0,0,36.973,0,0,18,327,0,10,0
