"pcp-dstat 6.2.0 CSV Output"
"Author:","PCP team <pcp@groups.io> and Dag Wieers <dag@wieers.com>",,,,"URL:","https://pcp.io/ and http://dag.wieers.com/home-made/dstat/"
"Host:","ubuntu",,,,"User:","ubuntu"
"Cmdline:","dstat -tcmndrylpg --tcp --output /tmp/devstack_logs/dstat-csv.log",,,,"Date:","16 Jan 2026 22:21:27 UTC"
"system","total usage",,,,,"memory usage",,,,"net/total",,"dsk/total",,"io/total",,"system",,"load avg",,,"procs",,,"paging",,"tcp sockets",,,,
"time","total usage:usr","total usage:sys","total usage:idl","total usage:wai","total usage:stl","used","free","buf","cach","net/total:recv","net/total:send","dsk/total:read","dsk/total:writ","read","writ","int","csw","1m","5m","15m","run","blk","new","in","out","lis","act","syn","tim","clo"
16-01 22:21:27,,996756,1709808,162108,4952648,,,,,,,1.410,0.990,0.530,1,0,,,,10,5,1,17,1
16-01 22:21:28,20.479,20.479,57.192,0.499,0,1027880,1678316,162164,4952908,22566.955,10231.552,0,2229.723,0,85.912,6862,5711,1.620,1.040,0.550,1,0,518.471,0,0,10,4,1,17,2
16-01 22:21:29,25.518,18.513,55.538,0.500,0,1028920,1659588,162204,4969916,198268.797,12601.695,0,2197.516,0,71.049,6423,6476,1.620,1.040,0.550,3,0,354.244,0,0,10,4,1,17,2
16-01 22:21:30,39.223,16.488,42.470,0.500,0,1045844,1624760,163108,4983732,6404.522,1618.868,0,5336.269,0,73.948,6836,7353,1.620,1.040,0.550,2,0,254.822,0,0,10,4,1,17,2
16-01 22:21:31,35.283,9.259,54.301,0.500,0,1164912,1487380,163596,5124416,8187.659,1621.517,16.015,1553.453,1.001,35.033,4416,3753,1.620,1.040,0.550,2,0,104.097,0,0,11,6,1,17,2
16-01 22:21:32,38.999,11.500,48.249,0.250,0,1213068,1418720,163984,5142968,7997.814,1619.962,0,1855.957,0,62.999,4787,3338,1.620,1.040,0.550,2,0,189.996,0,0,11,6,1,19,2
16-01 22:21:33,43.240,6.249,48.989,2.000,0,1265380,1348620,165128,5156720,7570.248,1619.625,31.993,4890.868,2.000,126.971,3434,2105,1.650,1.060,0.560,2,0,0,0,0,11,6,1,19,2
16-01 22:21:34,43.980,5.248,48.229,1.499,0,1298632,1285296,166184,5182940,8728.118,1619.280,0,6429.140,0,386.828,4690,4740,1.650,1.060,0.560,2,0,9.996,0,0,11,8,1,19,2
16-01 22:21:35,27.993,6.998,49.237,14.496,0,1298596,1267556,167752,5197856,12717.640,3599.049,0,59360.316,0,4362.847,17795,28036,1.650,1.060,0.560,3,0,47.987,0,0,11,9,1,19,2
16-01 22:21:36,42.022,9.755,41.522,6.003,0,1269548,1313928,168096,5180588,9895.248,2349.246,0,30648.255,0,2189.161,12280,15481,1.650,1.060,0.560,2,0,118.063,0,0,11,4,1,19,0
16-01 22:21:37,37.670,5.987,54.884,0.249,0,1275700,1301608,168192,5186012,14355.591,3856.830,0,2550.597,0,41.911,2836,1590,1.650,1.060,0.560,2,0,15.966,0,0,11,4,1,19,1
16-01 22:21:38,45.991,5.249,48.241,0.500,0,1222688,1353244,168268,5187116,9680.187,2877.461,0,7782.543,0,395.926,3601,3082,1.840,1.110,0.580,2,0,28.995,0,0,11,5,1,19,0
16-01 22:21:39,39.334,5.762,53.113,0.501,0,1246204,1321928,168788,5193052,16800.752,3797.080,0,1350.875,0,41.087,6049,8764,1.840,1.110,0.580,2,0,6.013,0,0,11,4,1,19,0
16-01 22:21:40,44.528,8.505,45.528,0,0,1236704,1330708,168848,5193528,8411.232,1695.054,0,1633.016,0,11.007,11482,18940,1.840,1.110,0.580,2,0,65.040,0,0,11,4,1,19,0
16-01 22:21:41,28.499,26.499,43.749,0.250,0,1224164,1357072,168904,5180832,5900.812,1619.948,0,1143.964,0,18.999,10660,14146,1.840,1.110,0.580,2,0,506.984,0,0,11,4,1,19,0
16-01 22:21:42,38.917,17.712,42.160,0,0,1181876,1399808,168908,5181256,9689.350,1690.397,0,35.923,0,6.985,6726,7308,1.840,1.110,0.580,2,0,327.302,0,0,11,4,1,19,0
16-01 22:21:43,47.970,12.742,37.976,0,0,1226400,1355252,168912,5181388,6913.657,1457.085,0,7.995,0,1.999,3756,2554,1.850,1.120,0.590,3,0,180.886,0,0,11,5,1,19,0
16-01 22:21:44,47.823,3.756,48.824,0,0,1274844,1306368,168936,5181804,9533.489,1622.466,0,436.664,0,43.065,2818,1135,1.850,1.120,0.590,2,0,0,0,0,11,5,1,19,0
16-01 22:21:45,44.422,8.235,47.916,0,0.250,1276080,1303308,168960,5183600,5548.216,1617.148,0,15105.362,0,123.782,3125,3046,1.850,1.120,0.590,2,0,0,0,0,11,5,1,19,0
16-01 22:21:46,11.282,8.524,79.223,0,0,1282508,1296200,169000,5184252,6137.283,1698.784,0,2944.291,0,57.161,3328,3673,1.850,1.120,0.590,1,0,140.395,0,0,11,4,1,19,0
16-01 22:21:47,21.948,3.242,73.574,0,0,1358324,1220384,169000,5184256,8563.560,1616.143,0,115.724,0,3.990,1918,1313,1.850,1.120,0.590,1,0,0,0,0,11,4,1,19,0
16-01 22:21:48,24.248,1.500,73.743,0,0,1378492,1200036,169000,5184436,7492.314,1619.852,0,0,0,0,1710,1020,1.780,1.120,0.590,2,0,0,0,0,11,4,1,19,0
16-01 22:21:49,21.500,4.750,71.250,1.250,0,1278904,1299476,169080,5184504,8959.986,1619.998,0,3275.995,0,280.000,4540,5177,1.780,1.120,0.590,1,0,43.000,0,0,11,4,1,15,0
16-01 22:21:50,21.998,3.250,73.745,0.500,0,1321724,1256384,169352,5184504,7779.461,1619.888,371.974,0,19.999,0,1901,1297,1.780,1.120,0.590,1,0,1.000,0,0,11,4,1,15,0
16-01 22:21:51,22.553,6.265,69.662,1.253,0,1371496,1206252,169352,5187664,13275.912,5555.937,0,33714.503,0,232.541,3516,6920,1.780,1.120,0.590,2,0,37.086,0,0,11,17,1,15,0
16-01 22:21:52,16.483,4.246,73.174,4.246,0,1342944,1234280,169392,5185164,12119.342,5667.081,267.720,2313.584,65.931,80.915,3021,7471,1.780,1.120,0.590,2,0,44.953,0,0,11,28,1,17,0
16-01 22:21:53,21.724,4.245,73.910,0,0,1377312,1199912,169392,5185164,6073.606,1659.979,0,0,0,0,1793,1200,1.720,1.120,0.590,1,0,0,0,0,11,28,1,16,0
16-01 22:21:54,15.278,4.007,79.644,0,0,1371268,1205932,169392,5185184,16467.814,8571.518,0,72.131,0,7.013,2642,2296,1.720,1.120,0.590,1,0,48.087,0,0,11,28,1,17,0
16-01 22:21:55,38.926,11.229,49.656,0,0,1439772,1137416,169392,5185196,21659.903,1616.932,0,11.977,0,2.994,3357,2064,1.720,1.120,0.590,2,0,107.795,0,0,11,28,1,17,0
16-01 22:21:56,31.541,3.004,64.082,0,0,1452788,1124340,169392,5185256,45829.966,14282.376,0,5366.905,0,25.032,4331,4907,1.720,1.120,0.590,1,0,0,0,0,11,30,1,17,0
16-01 22:21:57,45.066,21.031,33.049,0.250,0,1430152,1146816,169400,5185408,52258.945,7560.131,0,364.537,0,35.052,6885,7656,1.720,1.120,0.590,5,0,460.678,0,0,11,28,1,17,0
16-01 22:21:58,83.490,16.248,0,0,0,1629152,947740,169400,5185452,10001.861,1861.788,0,407.954,0,4.000,5114,3102,2.060,1.200,0.620,5,0,123.986,0,0,11,28,2,17,0
16-01 22:21:59,85.248,10.000,5.000,0,0,1757708,819048,169408,5185524,36731.233,29348.388,0,447.991,0,21.000,6935,6904,2.060,1.200,0.620,2,0,0,0,0,11,34,1,17,0
16-01 22:22:00,60.130,12.974,25.449,0.250,0,1512520,1063988,169444,5185736,29917.133,18816.347,0,750.498,0,74.850,8408,12111,2.060,1.200,0.620,1,0,259.481,0,0,11,28,1,23,0
16-01 22:22:01,20.986,5.996,71.952,0,0,1502184,1074300,169444,5185740,5738.153,1618.915,0,16632.848,0,65.956,2503,1848,2.060,1.200,0.620,1,0,50.966,0,0,11,28,1,22,0
16-01 22:22:02,14.784,2.506,82.437,0.251,0,1501612,1074852,169452,5185752,12687.842,7646.382,0,144.328,0,10.023,2473,2784,2.060,1.200,0.620,1,0,0,0,0,11,29,1,22,0
16-01 22:22:03,18.959,6.486,73.093,0,0,1460000,1116452,169460,5185756,9844.852,2495.639,0,395.151,0,23.949,2763,2155,1.980,1.200,0.620,2,0,67.854,0,0,11,28,1,23,0
16-01 22:22:04,18.252,2.000,79.009,0,0,1472032,1104412,169460,5185764,12109.397,6165.711,0,144.017,0,9.001,2132,1936,1.980,1.200,0.620,1,0,0,0,0,11,29,1,23,0
16-01 22:22:05,11.261,13.514,73.825,0.501,0,1435488,1140936,169468,5185776,11384.502,4053.095,0,1321.335,0,86.087,5113,4859,1.980,1.200,0.620,1,0,311.315,0,0,11,28,1,24,0
16-01 22:22:06,33.301,33.301,31.549,1.002,0,1444444,1131948,169472,5185808,7428.470,1622.505,0,84125.894,0,722.115,7113,5833,1.980,1.200,0.620,5,0,728.124,0,0,11,28,1,24,0
16-01 22:22:07,86.032,11.720,1.496,0,0,1666464,909980,169472,5185824,14694.779,8010.709,0,1192.978,0,8.977,5238,2608,1.980,1.200,0.620,3,0,0,0,0,11,31,1,24,0
16-01 22:22:08,72.652,8.017,19.040,0,0,1690284,885800,169480,5186176,44529.071,37503.386,0,312.653,0,39.082,8749,13060,2.060,1.230,0.640,5,0,0,0,0,11,31,1,24,0
16-01 22:22:09,76.031,22.259,1.501,0,0,1581552,994492,169496,5186200,14319.848,8574.502,0,708.289,0,43.018,6700,7299,2.060,1.230,0.640,6,0,310.127,0,0,11,28,1,25,0
16-01 22:22:10,88.673,10.990,0.749,0,0,1721316,854696,169496,5186232,15671.381,8496.616,0,191.833,0,9.991,5109,2803,2.060,1.230,0.640,6,0,0.999,0,0,11,31,1,25,0
16-01 22:22:11,74.200,7.995,16.988,0,0,1761408,814368,169500,5186456,47916.524,39026.550,0,143.902,0,9.993,9097,12471,2.060,1.230,0.640,3,0,0,0,0,11,33,1,26,0
16-01 22:22:12,69.608,15.468,14.221,0,0,1570780,1004792,169508,5186652,25784.390,19074.081,0,2127.659,0,135.723,7707,9983,2.060,1.230,0.640,4,0,247.495,0,0,11,29,1,29,0
16-01 22:22:13,41.766,5.752,51.770,0.250,0,1524988,1050560,169516,5186668,16378.335,9081.513,0,232.090,0,16.006,3317,2397,1.970,1.220,0.640,4,0,50.019,0,0,11,30,1,30,0
16-01 22:22:14,38.354,16.044,44.872,0,0,1501652,1073844,169524,5186712,19483.908,13705.216,0,268.730,0,26.071,6535,7665,1.970,1.220,0.640,4,0,328.893,0,0,11,28,1,32,0
16-01 22:22:15,60.341,10.472,27.927,0,0,1536444,1038896,169528,5186864,12237.811,5948.354,0,398.951,0,13.963,3745,1862,1.970,1.220,0.640,1,0,49.869,0,0,11,31,1,32,0
16-01 22:22:16,45.635,5.266,48.644,0.501,0,1537336,1037916,169540,5186940,34179.447,24970.113,0,332.988,0,32.095,6759,9398,1.970,1.220,0.640,3,0,0,0,0,11,29,1,33,0
16-01 22:22:17,73.766,20.755,5.001,0,0,1541804,1033408,169544,5186960,6734.503,2151.480,0,360.080,0,25.006,5391,3772,1.970,1.220,0.640,4,0,258.058,0,0,11,28,1,28,0
16-01 22:22:18,67.948,5.995,25.730,0,0,1629692,945484,169552,5186988,28970.803,21687.383,0,223.829,0,16.987,5369,4767,2.060,1.250,0.650,3,0,0,0,0,11,32,1,28,0
16-01 22:22:19,58.542,17.512,22.766,0,0,1543304,1031768,169580,5187064,32047.873,22016.714,0,1493.066,0,100.071,8657,12327,2.060,1.250,0.650,3,0,324.231,0,0,11,28,1,31,0
16-01 22:22:20,56.469,6.746,35.980,0.250,0,1591524,983508,169592,5187092,16456.856,8229.427,0,2546.585,0,135.924,3957,2149,2.060,1.250,0.650,1,0,0.999,0,0,11,31,1,31,0
16-01 22:22:21,48.989,8.248,41.740,0,0,1560272,1014508,169596,5187340,31641.648,23878.452,0,443.897,0,38.991,7364,10001,2.060,1.250,0.650,6,0,95.978,0,0,11,28,1,32,1
16-01 22:22:22,65.022,17.006,18.506,0,0,1555828,1018928,169600,5187360,9976.408,1632.558,0,564.193,0,10.003,4262,2560,2.060,1.250,0.650,3,0,203.069,0,0,11,28,1,33,0
16-01 22:22:23,46.143,4.739,47.639,0,0,1590480,983980,169604,5187652,29556.223,20721.781,0,147.656,0,7.981,4848,5039,2.050,1.270,0.660,2,0,0,0,0,11,31,1,33,0
16-01 22:22:24,57.404,18.550,24.566,0.251,0,1516588,1057688,169616,5187824,17624.322,10429.002,0,296.797,0,25.067,5991,6725,2.050,1.270,0.660,3,0,287.773,0,0,11,28,1,36,0
16-01 22:22:25,54.562,5.232,38.368,0,0,1577304,996820,169620,5187972,23936.573,13253.361,0,179.382,0,7.973,4218,2837,2.050,1.270,0.660,3,0,0,0,0,11,31,1,33,0
16-01 22:22:26,52.848,9.518,37.069,0.250,0.250,1462024,1112028,169636,5188036,56815.169,15578.838,0,753.395,0,63.117,7404,8835,2.050,1.270,0.660,3,0,112.208,0,0,11,28,1,35,0
16-01 22:22:27,63.174,8.989,27.217,0,0,1564404,1009640,169636,5188044,44353.494,3679.561,0,2385.123,0,106.871,3867,1460,2.050,1.270,0.660,2,0,0,0,0,11,29,1,35,0
16-01 22:22:28,46.015,4.251,49.516,0,0,1576308,997660,169648,5188108,31867.470,24614.087,0,104.034,0,13.004,5862,7711,2.050,1.280,0.670,3,0,0,0,0,11,29,1,37,0
16-01 22:22:29,63.163,26.318,9.775,0.251,0,1525292,1048636,169660,5188136,8744.588,2296.933,0,368.953,0,41.106,6053,5850,2.050,1.280,0.670,7,0,584.510,0,0,11,28,1,37,0
16-01 22:22:30,81.953,17.990,0.500,0,0,1683352,890504,169660,5188176,16019.902,9477.617,0,191.891,0,9.994,5641,4880,2.050,1.280,0.670,5,0,406.769,0,0,11,31,1,37,0
16-01 22:22:31,79.284,17.758,2.501,0,0,1764800,808832,169676,5188384,41705.987,34693.963,0,956.412,0,61.026,7690,9008,2.050,1.280,0.670,7,0,420.181,0,0,11,32,1,37,0
16-01 22:22:32,78.758,19.752,1.000,0,0,1658980,914424,169688,5188596,30254.169,24321.548,0,764.080,0,47.005,8087,9246,2.050,1.280,0.670,5,0,412.043,0,0,11,28,1,38,0
16-01 22:22:33,84.708,14.243,1.249,0,0,1684220,889124,169688,5188656,11854.061,8127.928,0,119.940,0,8.995,5344,3323,2.200,1.320,0.680,4,0,32.983,0,0,11,30,1,38,0
16-01 22:22:34,71.516,11.503,16.754,0,0,1666928,906148,169692,5188912,42796.406,34749.637,0,120.026,0,9.002,7340,11107,2.200,1.320,0.680,4,0,133.029,0,0,11,32,1,37,0
16-01 22:22:35,39.743,20.247,39.493,0,0,1521400,1051608,169692,5188980,26623.413,18540.806,0,15.997,0,3.999,8391,10475,2.200,1.320,0.680,2,0,544.906,0,0,11,28,1,41,0
16-01 22:22:36,44.520,34.765,20.509,0,0,1520916,1052064,169692,5189008,8474.758,1694.752,0,48.021,0,12.005,6392,5759,2.200,1.320,0.680,5,0,893.396,0,0,11,28,1,41,0
16-01 22:22:37,73.183,10.241,16.235,0,0,1613676,959264,169692,5189048,18435.094,12497.539,0,1154.941,0,38.964,4961,3477,2.200,1.320,0.680,5,0,30.972,0,0,11,31,1,41,0
16-01 22:22:38,59.474,10.995,27.988,0,0,1526528,1046256,169720,5189240,29846.725,22498.993,0,1091.515,0,80.964,6782,9655,2.350,1.370,0.700,3,0,134.940,0,0,11,29,1,44,0
16-01 22:22:39,75.989,14.998,9.499,0,0,1576456,996292,169720,5189276,12300.194,5422.204,0,367.946,0,26.996,5358,3700,2.350,1.370,0.700,3,0,132.980,0,0,11,29,2,45,0
16-01 22:22:40,63.579,6.508,29.286,0,0,1615736,956820,169720,5189468,34513.005,28485.494,0,152.190,0,10.012,6863,8840,2.350,1.370,0.700,3,0,1.001,0,0,11,32,1,45,0
16-01 22:22:41,53.506,7.251,37.754,0,0,1592676,979736,169724,5189608,47087.474,36749.272,0,244.028,0,19.002,12209,18358,2.350,1.370,0.700,3,0,30.003,0,0,11,31,1,45,0
16-01 22:22:42,75.008,15.752,8.501,0.250,0,1532104,1040140,169732,5189768,20330.243,10944.207,0,412.045,0,44.005,6952,7879,2.350,1.370,0.700,4,0,90.010,0,0,11,28,1,45,0
16-01 22:22:43,69.539,7.976,21.934,0,0,1614444,957764,169732,5189804,26571.559,20448.096,0,155.529,0,8.973,4928,4628,2.320,1.380,0.710,3,0,0,0,0,11,32,1,45,0
16-01 22:22:44,54.629,6.265,38.842,0,0,1615820,956000,169732,5190192,46319.654,38716.655,0,144.342,0,9.021,11308,17780,2.320,1.380,0.710,2,0,0,0,0,11,32,1,45,0
16-01 22:22:45,66.380,16.470,15.971,0,0,1487020,1084716,169736,5190272,34818.029,22527.258,0,119.783,0,7.986,7977,11011,2.320,1.380,0.710,4,0,234.576,0,0,11,28,1,49,0
16-01 22:22:46,76.806,10.758,13.009,0,0,1606956,964760,169744,5190284,18661.553,10405.557,0,1368.994,0,11.008,4702,2637,2.320,1.380,0.710,2,0,25.018,0,0,11,31,1,49,0
16-01 22:22:47,59.028,6.253,33.015,0,0,1620596,950900,169744,5190504,40214.823,32980.437,0,140.066,0,9.004,9374,13600,2.320,1.380,0.710,3,0,0,0,0,11,31,1,50,0
16-01 22:22:48,74.842,14.268,10.263,0.250,0,1552896,1018396,169756,5190696,18901.249,13803.979,0,412.507,0,46.057,6887,8560,2.460,1.420,0.730,6,0,128.158,0,0,11,28,1,51,0
16-01 22:22:49,69.054,8.975,22.187,0,0,1622184,949072,169760,5190728,22816.239,15884.913,0,255.275,0,20.941,4703,3791,2.460,1.420,0.730,4,0,0,0,0,11,30,1,52,0
16-01 22:22:50,69.444,12.535,17.298,0,0,1573776,997416,169768,5190780,27646.417,19671.084,0,252.708,0,22.062,6060,8808,2.460,1.420,0.730,5,0,121.340,0,0,11,30,1,51,0
16-01 22:22:51,64.195,10.241,25.228,0.250,0,1595308,975668,169768,5190952,36052.991,29252.840,0,251.783,0,21.981,6697,10594,2.460,1.420,0.730,4,0,61.947,0,0,11,32,1,53,0
16-01 22:22:52,75.062,15.763,9.007,0,0,1560064,1010860,169768,5191000,23201.237,15047.476,0,192.159,0,14.012,6383,16173,2.460,1.420,0.730,3,0,205.170,0,0,11,33,1,56,0
16-01 22:22:53,74.978,9.747,14.996,0,0,1570288,1000472,169768,5191164,19759.295,14305.869,0,3818.897,0,144.958,4885,4136,2.500,1.450,0.740,4,0,1.000,0,0,11,34,1,57,0
16-01 22:22:54,66.769,10.753,22.006,0,0,1596252,974444,169768,5191224,28609.998,20376.696,0,120.034,0,8.002,5853,7950,2.500,1.450,0.740,2,0,67.019,0,0,11,34,1,56,0
16-01 22:22:55,58.600,10.972,29.674,0,0,1632092,938544,169780,5191268,28296.576,16589.540,0,518.672,0,51.867,5173,6137,2.500,1.450,0.740,4,0,137.648,0,0,11,34,1,58,0
16-01 22:22:56,54.640,12.783,33.085,0.251,0,1567200,1003416,169788,5191280,43388.428,8189.031,0,268.690,0,25.064,4823,3725,2.500,1.450,0.740,3,0,120.309,0,0,11,33,1,60,0
16-01 22:22:57,54.253,8.001,37.252,0,0,1564100,1006328,169792,5191464,55365.492,13061.824,0,224.014,0,17.001,4901,4587,2.500,1.450,0.740,2,0,94.006,0,0,11,34,1,61,0
16-01 22:22:58,54.000,8.250,36.500,0,0,1541724,1028520,169800,5191636,24580.911,16038.942,0,207.999,0,11.000,6577,7544,2.620,1.490,0.760,6,0,46.000,0,0,11,33,1,60,0
16-01 22:22:59,54.751,11.000,33.500,0,0,1572612,997412,169808,5191832,17435.198,10088.114,0,408.005,0,46.001,4740,4183,2.620,1.490,0.760,2,0,50.001,0,0,11,33,1,61,0
16-01 22:23:00,40.632,6.980,51.850,0,0,1576632,993344,169812,5191872,26149.100,17009.628,0,207.398,0,11.965,5141,5463,2.620,1.490,0.760,1,0,86.748,0,0,11,34,1,62,0
16-01 22:23:01,30.836,9.777,58.664,0.251,0,1469656,1100264,169828,5191908,19357.057,10491.298,0,336.941,0,34.095,6017,6849,2.620,1.490,0.760,2,0,129.361,0,0,11,32,1,64,0
16-01 22:23:02,39.649,5.486,53.614,0.249,0,1554932,1014984,169828,5191912,12576.121,6229.209,0,151.616,0,9.975,3063,2080,2.620,1.490,0.760,2,0,5.985,0,0,11,33,1,58,0
16-01 22:23:03,33.058,5.510,60.606,0,0,1531752,1037972,169832,5192100,17224.185,12260.487,0,380.667,0,22.039,4192,4811,2.570,1.500,0.770,2,0,34.060,0,0,11,33,1,59,0
16-01 22:23:04,39.665,9.979,50.642,0,0,1515596,1054104,169832,5192124,8942.867,4437.506,0,127.727,0,9.979,3782,3064,2.570,1.500,0.770,1,0,103.778,0,0,11,33,1,60,0
16-01 22:23:05,32.347,5.516,60.430,0.251,0,1521272,1048408,169832,5192144,20332.678,12310.739,0,349.042,0,28.084,3672,3577,2.570,1.500,0.770,3,0,54.162,0,0,11,33,1,61,0
16-01 22:23:06,37.694,6.740,55.168,0,0,1555712,1013924,169844,5192172,15201.273,7155.302,0,247.630,0,22.966,3916,4023,2.570,1.500,0.770,2,0,10.984,0,0,11,32,1,60,0
16-01 22:23:07,36.514,4.752,58.022,0.250,0,1548760,1020852,169848,5192192,19038.183,11514.344,0,148.056,0,9.003,4013,3833,2.570,1.500,0.770,1,0,0,0,0,11,34,1,60,0
16-01 22:23:08,33.512,6.002,59.771,0,0,1467464,1102104,169860,5192224,19237.852,13337.750,0,536.191,0,59.021,4447,5465,2.440,1.490,0.770,1,0,43.015,0,0,11,33,1,61,0
16-01 22:23:09,39.660,5.737,53.878,0.249,0,1528600,1040820,169868,5192364,14311.585,6524.223,0,167.620,0,12.971,2779,2016,2.440,1.490,0.770,2,0,4.989,0,0,11,33,1,62,0
16-01 22:23:10,33.047,3.505,62.838,0,0,1521828,1047536,169880,5192404,21816.709,15206.404,0,228.321,0,20.028,4556,5639,2.440,1.490,0.770,2,0,1.001,0,0,11,33,1,62,0
16-01 22:23:11,21.720,13.981,63.163,0,0,1412576,1156704,169888,5192476,11412.276,5450.490,0,311.571,0,22.968,4668,4605,2.440,1.490,0.770,1,0,281.612,0,0,11,32,1,63,0
16-01 22:23:12,19.040,2.004,78.667,0,0,1455552,1113720,169892,5192480,14038.778,6741.299,0,180.383,0,10.021,1886,1520,2.440,1.490,0.770,2,0,0,0,0,11,33,1,63,0
16-01 22:23:13,16.003,3.751,79.014,0.250,0,1403808,1165428,169904,5192504,13416.440,7109.293,0,732.133,0,56.010,3700,4398,2.330,1.480,0.770,2,0,40.007,0,0,11,32,1,64,0
16-01 22:23:14,15.465,12.222,71.089,0,0,1415484,1153740,169908,5192512,5995.439,1616.344,0,2753.771,0,144.673,3878,2761,2.330,1.480,0.770,1,0,243.449,0,0,11,32,1,64,0
16-01 22:23:15,17.751,2.000,79.253,0,0,1435208,1134012,169908,5192516,15386.533,7357.255,0,4.000,0,1.000,1861,1538,2.330,1.480,0.770,1,0,0,0,0,11,33,1,57,0
16-01 22:23:16,17.003,6.001,76.013,0.250,0,1423084,1146116,169908,5192536,14333.436,6747.147,0,180.031,0,9.002,3632,3930,2.330,1.480,0.770,1,0,46.008,0,0,11,32,1,58,0
16-01 22:23:17,18.746,2.250,77.983,0.250,0,1439468,1129728,169912,5192536,13139.169,3812.179,0,1031.778,0,9.998,1767,1304,2.330,1.480,0.770,2,0,0,0,0,11,33,1,58,0
16-01 22:23:18,18.275,2.253,78.109,0,0,1438248,1130776,169916,5192700,16254.653,10599.772,0,72.100,0,6.008,3629,4804,2.380,1.510,0.780,2,0,0,0,0,11,33,1,58,0
16-01 22:23:19,13.517,15.019,71.088,0.250,0,1389848,1179020,169924,5192844,9189.329,4357.372,0,216.267,0,24.030,5634,5258,2.380,1.510,0.780,1,0,340.420,0,0,11,32,1,57,0
16-01 22:23:20,30.994,15.997,51.990,0.250,0,1417748,1151056,169956,5192872,11124.923,1619.698,0,2119.604,0,127.976,5054,4155,2.380,1.510,0.780,2,0,286.946,0,0,11,32,1,59,0
16-01 22:23:21,42.663,5.988,47.403,2.245,0,1523608,1041780,170220,5195768,8967.669,1658.610,0,7616.431,0,618.735,5376,6816,2.380,1.510,0.780,3,0,34.929,0,0,11,36,1,59,0
16-01 22:23:22,37.820,8.766,41.577,11.521,0,1530492,1028452,171180,5200832,8234.200,1622.996,0,54436.486,0,4492.292,18487,32826,2.380,1.510,0.780,1,1,115.213,0,0,11,36,1,59,0
16-01 22:23:23,41.405,7.483,43.400,5.986,0,1511136,1047424,171404,5200968,8292.901,1616.278,0,26151.771,0,2477.295,13491,18850,2.350,1.520,0.790,2,0,27.936,0,0,11,32,1,54,0
16-01 22:23:24,44.711,5.245,48.207,0.500,0,1529436,1029056,171412,5201024,6494.269,1456.714,0,2449.838,0,290.743,4070,3045,2.350,1.520,0.790,4,1,1.998,0,0,11,34,1,54,0
16-01 22:23:25,38.905,8.032,43.423,8.785,0,1592108,965312,171996,5201488,10002.834,1626.477,0,26557.761,0,3055.167,19482,27737,2.350,1.520,0.790,2,0,2.008,0,0,11,32,1,54,0
16-01 22:23:26,25.676,7.229,65.560,0.499,0,1541712,1015628,172052,5201508,42533.617,1657.193,0,2500.746,0,126.633,3355,2518,2.350,1.520,0.790,1,0,98.714,0,0,11,32,1,54,0
16-01 22:23:27,21.750,4.000,73.002,0,0.250,1568664,988664,172056,5201512,41739.858,1714.035,0,884.018,0,50.001,2169,1717,2.350,1.520,0.790,2,0,2.000,0,0,11,32,1,49,0
16-01 22:23:28,22.749,3.250,72.496,0.750,0,1534844,1022432,172088,5201532,9430.468,1619.909,0,6235.648,0,303.983,2841,2639,2.240,1.510,0.790,2,0,1.000,0,0,11,32,1,49,0
16-01 22:23:29,23.250,3.250,73.249,0,0,1544932,1012340,172092,5201532,7424.902,1619.979,0,131.998,0,16.000,1959,1280,2.240,1.510,0.790,2,0,2.000,0,0,11,32,1,49,0
16-01 22:23:30,22.009,3.501,73.780,0,0,1510788,1046472,172092,5201544,12050.965,1620.668,0,0,0,0,1862,1296,2.240,1.510,0.790,3,0,2.001,0,0,11,32,1,49,0
16-01 22:23:31,22.492,3.249,73.472,0,0,1530296,1026964,172092,5201544,5399.976,1457.454,0,0,0,0,1828,1312,2.240,1.510,0.790,2,0,1.999,0,0,11,32,1,47,0
16-01 22:23:32,22.542,3.256,73.637,0,0,1500112,1057068,172092,5201616,8530.897,1623.024,0,0,0,0,1834,1209,2.240,1.510,0.790,1,0,1.002,0,0,11,32,1,47,0
16-01 22:23:33,21.709,3.493,73.859,0,0,1541712,1015468,172092,5201616,9037.767,1616.917,0,7.985,0,1.996,1788,1140,2.140,1.500,0.790,1,0,1.996,0,0,11,32,1,47,0
16-01 22:23:34,22.751,3.500,73.255,0,0,1491492,1065568,172092,5201736,7641.496,1620.105,0,208.014,0,46.003,1934,1215,2.140,1.500,0.790,1,0,1.000,0,0,11,32,1,47,0
16-01 22:23:35,22.749,3.750,72.747,0.250,0,1473464,1083512,172104,5201756,5596.769,1619.933,0,607.975,0,33.999,2179,1870,2.140,1.500,0.790,1,0,3.000,0,0,11,32,0,42,0
16-01 22:23:36,21.997,3.250,73.489,0,0,1499320,1057652,172108,5201756,9097.684,1619.766,0,59.991,0,3.999,1827,1198,2.140,1.500,0.790,1,0,2.000,0,0,11,32,0,42,0
16-01 22:23:37,21.503,4.251,73.759,0,0,1471048,1085904,172108,5201776,5630.706,1620.203,0,0,0,0,1811,1235,2.140,1.500,0.790,1,0,1.000,0,0,11,32,0,42,0
16-01 22:23:38,22.498,3.000,73.745,0,0,1446732,1110192,172108,5201804,8737.413,1457.902,0,0,0,0,1816,1233,2.050,1.490,0.790,1,0,1.000,0,0,11,32,0,42,0
16-01 22:23:39,22.732,3.497,73.690,0.250,0,1508560,1048356,172108,5201808,8508.116,1618.690,0,1870.487,0,250.797,2195,1285,2.050,1.490,0.790,1,0,1.998,0,0,11,32,0,37,0
16-01 22:23:40,13.274,14.526,70.877,0,0,1442796,1113968,172108,5201952,9240.623,1622.919,0,629.132,0,58.105,4695,3491,2.050,1.490,0.790,1,0,312.562,0,0,11,32,0,37,0
16-01 22:23:41,9.515,20.783,69.108,0,0,1426888,1129816,172112,5201996,6568.287,1622.541,0,885.387,0,13.020,6162,4742,2.050,1.490,0.790,1,0,467.733,0,0,11,32,0,37,0
16-01 22:23:42,8.248,20.496,69.987,0,0.250,1430880,1125788,172112,5202032,6725.730,1619.694,0,175.967,0,2.000,6033,4482,2.050,1.490,0.790,1,0,428.919,0,0,11,32,0,37,0
16-01 22:23:43,16.717,9.981,71.860,0,0.250,1463580,1093080,172112,5202040,5218.845,1616.854,0,0,0,0,3444,2583,1.970,1.480,0.790,1,0,166.676,0,0,11,32,0,37,0
16-01 22:23:44,22.498,3.250,73.493,0,0,1504560,1052116,172112,5202024,10954.911,1619.839,0,339.966,0,3.000,1848,1177,1.970,1.480,0.790,1,0,2.000,0,0,11,32,0,37,0
16-01 22:23:45,22.496,3.749,73.239,0,0,1476600,1080056,172124,5202040,8801.626,1619.747,0,511.920,0,37.994,2104,1820,1.970,1.480,0.790,2,0,1.000,0,0,11,32,0,37,0
16-01 22:23:46,23.003,2.750,73.759,0,0,1489128,1067548,172124,5202020,9489.167,1458.179,0,20.002,0,1.000,1836,1139,1.970,1.480,0.790,2,0,2.000,0,0,11,32,0,37,0
16-01 22:23:47,22.000,3.000,73.750,0,0,1497184,1059484,172124,5202028,6721.982,1619.996,0,0,0,0,1839,1281,1.970,1.480,0.790,2,0,1.000,0,0,11,32,0,33,0
16-01 22:23:48,22.499,3.500,73.496,0,0,1498592,1058064,172124,5202040,9224.461,1619.905,0,59.996,0,2.000,1773,1078,1.890,1.470,0.790,2,0,3.000,0,0,11,32,0,33,0
16-01 22:23:49,22.245,3.749,73.483,0,0,1497432,1059244,172124,5202020,8818.001,1619.633,0,0,0,0,1789,1232,1.890,1.470,0.790,2,0,0,0,0,11,32,0,33,0
16-01 22:23:50,22.752,3.000,73.757,0.250,0,1507908,1048748,172124,5202040,6515.584,1620.145,0,520.047,0,88.008,2002,1195,1.890,1.470,0.790,1,0,4.000,0,0,11,32,0,33,0
16-01 22:23:51,21.757,4.001,73.523,0.250,0,1513576,1043088,172128,5202028,5564.763,1620.513,0,56.018,0,3.001,1850,1338,1.890,1.470,0.790,1,0,2.001,0,0,11,32,0,28,0
16-01 22:23:52,28.734,5.247,65.714,0,0,1472872,1083792,172128,5202028,9348.816,1619.102,0,11.993,0,0.999,3330,12284,1.890,1.470,0.790,2,0,36.979,0,0,11,32,0,29,0
16-01 22:23:53,22.003,4.001,73.761,0,0,1509608,1047064,172128,5202020,6661.961,1458.210,0,8.001,0,1.000,1786,1224,1.820,1.470,0.800,1,0,2.000,0,0,11,32,0,29,0
16-01 22:23:54,23.007,2.751,73.273,0,0,1470852,1085792,172128,5202044,9172.841,1662.515,0,2092.648,0,9.003,1802,1125,1.820,1.470,0.800,1,0,1.000,0,0,11,32,0,29,0
16-01 22:23:55,21.494,3.999,73.231,0,0,1509984,1046736,172132,5201964,15147.969,1661.558,0,515.863,0,33.991,2037,1754,1.820,1.470,0.800,1,0,1.999,0,0,11,32,0,21,0
16-01 22:23:56,22.756,3.001,73.518,0,0,1479148,1077480,172132,5202056,37052.321,1620.408,0,88.022,0,1.000,1864,1177,1.820,1.470,0.800,2,0,1.000,0,0,11,32,0,21,0
16-01 22:23:57,22.999,3.000,73.746,0,0,1467208,1089432,172132,5202044,44238.579,1619.911,0,19.999,0,3.000,1919,1288,1.820,1.470,0.800,1,0,1.000,0,0,11,32,0,21,0
16-01 22:23:58,21.995,3.749,73.484,0,0,1497044,1059604,172132,5202036,6470.615,1619.653,0,0,0,0,1777,1165,1.750,1.460,0.800,1,0,2.000,0,0,11,32,0,21,0
16-01 22:23:59,22.502,4.500,72.507,0,0,1465596,1091020,172132,5202056,10299.969,1620.152,0,20.002,0,1.000,1924,1245,1.750,1.460,0.800,2,0,7.001,0,0,11,32,0,21,0
16-01 22:24:00,22.749,2.750,73.498,0,0,1478872,1077744,172132,5202056,10203.684,1619.950,0,19.999,0,1.000,1863,1296,1.750,1.460,0.800,2,0,2.000,0,0,11,32,0,16,0
16-01 22:24:01,22.250,4.000,73.501,0,0,1491444,1065184,172132,5202044,5289.082,1458.023,0,196.003,0,33.001,1798,1240,1.750,1.460,0.800,1,0,0,0,0,11,32,0,16,0
16-01 22:24:02,19.792,6.263,73.155,0,0,1465308,1091292,172132,5202072,9171.441,1623.441,0,32.068,0,2.004,2601,1627,1.750,1.460,0.800,1,0,82.174,0,0,11,32,0,16,0
16-01 22:24:03,11.727,17.217,69.616,0,0,1449052,1107512,172132,5202108,7039.421,1616.881,0,207.600,0,9.981,5100,3857,1.690,1.450,0.800,1,0,379.268,0,0,11,32,0,16,0
16-01 22:24:04,23.251,3.000,73.753,0,0,1466176,1090376,172132,5202120,9020.327,1620.059,0,48.002,0,1.000,1731,1115,1.690,1.450,0.800,1,0,0,0,0,11,32,0,12,0
16-01 22:24:05,23.002,2.750,73.006,0.250,0,1439132,1117164,172144,5202364,8606.690,1620.130,0,592.047,0,34.003,2094,1622,1.690,1.450,0.800,1,0,9.001,0,0,11,32,0,12,0
16-01 22:24:06,22.024,3.504,73.580,0,0,1449404,1106888,172144,5202368,5886.366,1621.754,0,0,0,0,1780,1069,1.690,1.450,0.800,2,0,16.017,0,0,11,32,0,12,0
16-01 22:24:07,9.758,22.019,67.308,0.751,0,1448720,1107420,172144,5202516,8505.354,1459.262,40.035,296.256,2.002,35.030,6631,5271,1.690,1.450,0.800,1,0,569.492,0,0,11,32,0,12,0
16-01 22:24:08,8.251,22.751,68.254,0,0,1422736,1133368,172144,5202548,7158.454,1620.103,0,204.013,0,4.000,6709,5355,1.640,1.440,0.800,1,0,582.037,0,0,11,32,0,9,0
16-01 22:24:09,8.739,21.973,68.414,0,0,1408488,1147576,172144,5202588,7594.497,1617.975,0,1194.505,0,14.981,6772,5550,1.640,1.440,0.800,1,0,624.219,0,0,11,32,0,9,0
16-01 22:24:10,9.259,21.772,68.069,0,0,1404476,1151556,172144,5202616,8992.175,1621.655,0,1401.430,0,16.016,6521,5064,1.640,1.440,0.800,1,0,541.553,0,0,11,32,0,9,0
16-01 22:24:11,8.004,21.761,69.285,0,0,1403648,1152356,172144,5202644,7734.934,1620.824,0,852.434,0,10.005,6209,4739,1.640,1.440,0.800,1,0,481.245,0,0,11,32,0,9,0
16-01 22:24:12,8.250,20.749,69.998,0,0,1392584,1163380,172144,5202684,9284.760,1619.958,0,211.995,0,8.000,6261,4773,1.640,1.440,0.800,1,0,480.988,0,0,11,32,0,5,0
16-01 22:24:13,8.743,21.982,68.444,0,0,1382664,1173252,172144,5202728,6808.409,1618.671,0,275.774,0,12.989,6484,5116,1.590,1.440,0.800,3,0,538.558,0,0,11,32,0,5,0
16-01 22:24:14,8.504,21.261,69.287,0,0,1348976,1206908,172144,5202748,5688.001,1458.770,0,336.177,0,57.030,6497,5045,1.590,1.440,0.800,1,0,501.264,0,0,11,32,0,5,0
16-01 22:24:15,32.266,29.014,36.518,0.500,0,1417128,1138632,172160,5202800,9343.575,1620.794,0,1480.725,0,100.049,7842,7582,1.590,1.440,0.800,5,0,813.398,0,0,11,32,0,11,0
16-01 22:24:16,64.973,10.246,24.490,0,0,1618332,936656,172164,5203532,9417.054,1619.321,0,207.913,0,7.997,3727,1683,1.590,1.440,0.800,3,0,1.999,0,0,11,32,0,10,0
16-01 22:24:17,54.424,9.237,25.964,9.736,0,1672784,870408,172796,5213488,8761.737,1617.736,371.480,41677.669,2.996,3061.715,18036,25194,1.590,1.440,0.800,3,1,92.870,0,0,11,36,0,11,0
16-01 22:24:18,39.828,15.029,32.313,12.524,0,1697092,834848,173392,5223784,8834.247,1623.169,0,100476.162,0,6770.218,30171,44945,2.100,1.540,0.840,5,1,159.311,0,0,11,36,0,11,0
16-01 22:24:19,42.500,8.500,35.250,11.750,0,1711320,811584,173684,5232164,14229.026,6661.012,0,71956.132,0,5542.010,26739,38592,2.100,1.540,0.840,4,0,54.000,0,0,11,37,0,11,0
16-01 22:24:20,41.132,16.203,30.163,10.719,0,1623268,891244,174200,5239720,12055.312,6016.688,0,55129.371,0,4170.001,21170,31342,2.100,1.540,0.840,3,2,299.139,0,0,11,34,0,9,0
16-01 22:24:21,44.876,19.054,22.062,12.285,0,1652524,854328,174644,5246964,6342.817,1666.682,373.048,58223.546,6.017,4014.276,20750,33013,2.100,1.540,0.840,6,0,185.521,0,0,11,34,0,9,0
16-01 22:24:22,43.248,13.000,24.999,16.999,0,1652152,851244,174952,5249624,14764.439,8307.685,1027.961,46707.226,13.000,3645.862,18619,29468,2.100,1.540,0.840,2,2,144.994,0,0,11,35,0,9,0
16-01 22:24:23,29.500,10.750,44.000,12.500,0,1635016,863892,174996,5253972,21599.944,12149.968,579.998,57239.851,6.000,4627.988,24454,37053,2.170,1.570,0.850,3,0,140.000,0,0,11,35,0,9,0
16-01 22:24:24,37.405,9.476,40.896,11.969,0,1580092,919168,175320,5253288,10984.003,3747.448,0,49122.793,0,4224.233,21595,32164,2.170,1.570,0.850,2,0,47.878,0,0,11,34,0,9,0
16-01 22:24:25,34.001,6.500,43.501,12.250,0,1606892,891148,175596,5254184,14310.433,6661.201,0,52357.583,0,4623.140,23395,33952,2.170,1.570,0.850,2,1,42.001,0,0,11,35,0,9,0
16-01 22:24:26,34.524,6.505,46.533,10.257,0,1601344,894252,175748,5256444,50197.432,10039.086,0,43474.687,0,3890.746,19132,31487,2.170,1.570,0.850,2,0,36.025,0,0,11,35,0,9,0
16-01 22:24:27,35.815,8.515,44.581,9.768,0,1523208,969596,175784,5259108,53128.500,8431.314,0,38990.821,0,3636.605,21446,31586,2.170,1.570,0.850,1,1,122.222,0,0,11,36,0,10,0
16-01 22:24:28,35.498,9.000,41.498,11.249,0,1574108,915140,175944,5262412,16440.125,1619.914,0,61424.730,0,4685.751,23142,33915,2.400,1.630,0.870,3,0,53.997,0,0,11,36,0,10,0
16-01 22:24:29,30.997,7.749,47.996,11.499,0,1580872,905164,176112,5265368,14992.760,9880.183,0,53951.537,0,4747.607,22934,36393,2.400,1.630,0.870,2,0,65.995,0,0,11,37,0,10,0
16-01 22:24:30,30.500,8.000,46.500,12.000,0,1576368,905584,176192,5269256,17480.850,12292.894,0,67871.416,0,5368.954,26358,41994,2.400,1.630,0.870,1,1,99.999,0,0,11,37,0,10,0
16-01 22:24:31,36.256,9.502,41.007,11.502,0,1553944,929252,176216,5267916,9870.677,1923.327,0,46383.880,0,4242.721,19369,32581,2.400,1.630,0.870,1,1,54.009,0,0,11,36,0,10,0
16-01 22:24:32,33.985,7.497,42.731,12.744,0,1585680,899732,176288,5265648,12783.333,6658.048,0,70508.743,0,5513.556,24215,39374,2.400,1.630,0.870,2,0,38.983,0,0,11,35,0,12,0
16-01 22:24:33,28.935,9.728,59.616,0.249,0,1491772,993436,176292,5265848,20861.190,11313.613,0,3795.483,0,198.554,7006,8587,2.210,1.600,0.870,1,0,211.525,0,0,11,33,0,12,0
16-01 22:24:34,17.502,5.751,75.007,0.250,0,1430800,1054348,176292,5265904,13388.328,7071.701,0,1844.183,0,105.010,3932,4029,2.210,1.600,0.870,1,0,55.005,0,0,11,32,0,13,0
16-01 22:24:35,19.003,3.001,77.763,0,0,1489476,995660,176296,5265908,11835.989,3975.668,0,1468.247,0,39.007,1988,1578,2.210,1.600,0.870,1,0,0,0,0,11,33,0,13,0
16-01 22:24:36,19.245,3.999,75.730,0.250,0,1460460,1024692,176296,5265920,15271.941,8054.859,0,455.879,0,24.993,3306,3510,2.210,1.600,0.870,1,0,34.991,0,0,11,32,0,14,0
16-01 22:24:37,21.250,4.000,73.749,0,0,1473732,1011416,176296,5265924,7554.923,2233.977,0,971.990,0,49.999,1985,1510,2.210,1.600,0.870,0,0,0,0,0,11,33,0,14,0
16-01 22:24:38,15.508,2.001,81.294,0.250,0,1389680,1095460,176296,5265932,14948.180,7569.142,0,96.053,0,13.007,2515,2586,2.110,1.590,0.870,1,0,10.005,0,0,11,32,0,15,0
16-01 22:24:39,20.741,5.748,72.719,0.250,0,1444536,1040600,176300,5265932,7943.602,1619.307,0,3590.464,0,206.911,2797,2365,2.110,1.590,0.870,1,0,49.979,0,0,11,32,0,15,0
16-01 22:24:40,16.245,2.749,80.476,0,0,1456956,1027828,176300,5266284,14485.737,10023.050,0,3.999,0,1.000,2762,2970,2.110,1.590,0.870,1,0,1.000,0,0,11,33,0,15,0
16-01 22:24:41,18.756,5.752,73.772,0.250,0,1463548,1021220,176300,5266300,12896.905,3705.122,0,124.038,0,12.004,2930,3011,2.110,1.590,0.870,1,0,43.013,0,0,11,32,0,16,0
16-01 22:24:42,18.750,2.750,78.499,0,0,1501716,982908,176300,5266444,13680.861,6763.931,0,187.998,0,15.000,1927,1668,2.110,1.590,0.870,2,0,0,0,0,11,33,0,16,0
16-01 22:24:43,16.004,3.501,78.768,0,0,1483376,1001224,176304,5266464,16310.830,7308.716,0,244.057,0,23.005,3419,3943,2.020,1.580,0.870,1,0,27.006,0,0,11,32,0,17,0
16-01 22:24:44,8.020,24.309,67.164,0,0,1447596,1036848,176304,5266620,7450.177,1623.962,0,204.499,0,14.034,6523,5167,2.020,1.580,0.870,2,0,596.455,0,0,11,34,0,17,0
16-01 22:24:45,60.864,12.722,25.942,0.249,0,1513428,970816,176304,5266820,6063.470,1616.393,0,989.791,0,108.757,5218,3431,2.020,1.580,0.870,3,0,177.604,0,0,11,32,0,23,0
16-01 22:24:46,67.493,7.999,23.998,0.250,0,1686836,794444,176320,5269560,8923.085,1457.850,0,2943.698,0,94.990,4027,1816,2.020,1.580,0.870,3,0,0,0,0,11,32,0,23,0
16-01 22:24:47,62.875,7.515,26.553,2.254,0,1808276,666956,176384,5274996,9608.161,1623.237,0,14516.951,0,967.930,7815,7290,2.020,1.580,0.870,2,0,48.096,0,0,11,38,0,23,0
16-01 22:24:48,36.755,10.001,38.755,12.252,0,1810016,651584,176468,5288100,8550.159,1620.220,0,97425.206,0,7060.957,33608,53095,2.180,1.620,0.890,6,0,237.032,0,0,11,38,0,23,0
16-01 22:24:49,34.747,9.749,39.747,13.999,0,1807884,643828,176544,5297556,9380.218,1619.865,0,92952.249,0,7136.405,33988,54376,2.180,1.620,0.890,1,1,209.982,0,0,11,38,0,23,0
16-01 22:24:50,43.464,11.990,31.224,11.490,0,1731588,710560,176640,5306684,9056.480,1618.656,0,90696.694,0,6242.817,29138,44296,2.180,1.620,0.890,3,1,249.793,0,0,11,36,0,23,0
16-01 22:24:51,47.763,10.003,29.258,11.253,0,1795680,637216,176700,5315568,8071.267,1662.467,0,84723.793,0,5825.636,25924,40510,2.180,1.620,0.890,4,0,82.023,0,0,11,36,0,23,0
16-01 22:24:52,45.262,12.253,28.757,11.503,0,1836988,582276,176748,5328648,6348.639,1620.418,0,89091.001,0,5913.527,26405,47458,2.180,1.620,0.890,1,1,56.014,0,0,11,38,0,24,0
16-01 22:24:53,35.261,10.253,38.512,13.754,0,1785712,629968,176784,5332076,6230.877,1662.501,0,85577.778,0,6333.908,29387,44853,2.240,1.640,0.900,0,2,168.051,0,0,11,36,0,23,0
16-01 22:24:54,34.098,11.947,48.285,4.231,0,1558800,856332,176784,5332592,10428.463,1451.523,0,30567.592,0,2162.351,12279,15302,2.240,1.640,0.900,1,0,268.800,0,0,11,32,0,23,0
16-01 22:24:55,22.292,3.757,73.387,0,0,1592040,823092,176784,5332592,10214.097,1623.035,0,961.798,0,55.103,2022,1437,2.240,1.640,0.900,2,0,1.002,0,0,11,32,0,23,0
16-01 22:24:56,22.753,3.500,72.259,1.000,0,1626244,788888,176784,5332592,44221.247,1620.192,0,6864.815,0,387.046,3198,3042,2.240,1.640,0.900,2,0,2.000,0,0,11,36,0,23,0
16-01 22:24:57,22.747,3.250,72.739,0,0,1495188,919932,176784,5332604,45569.113,1619.755,0,155.976,0,12.998,2431,1727,2.240,1.640,0.900,1,0,26.996,0,0,11,32,0,23,0
16-01 22:24:58,22.501,2.750,74.255,0,0,1548268,866852,176784,5332604,9980.662,1620.107,0,56.004,0,5.000,1792,1138,2.140,1.630,0.900,1,0,1.000,0,0,11,32,0,23,0
16-01 22:24:59,24.235,2.498,72.455,0.250,0,1576492,838608,176784,5332612,7753.167,1618.991,0,115.928,0,12.992,2052,1469,2.140,1.630,0.900,1,0,7.995,0,0,11,34,0,23,0
16-01 22:25:00,15.052,32.111,52.181,0,0,1429144,985792,176784,5332776,5985.706,1625.623,0,654.263,0,44.153,7262,6573,2.140,1.630,0.900,2,0,939.249,0,0,11,32,0,23,0
16-01 22:25:01,8.981,26.693,63.115,0,0,1412768,1002076,176784,5332868,9607.490,1616.549,0,179.617,0,19.957,6824,5517,2.140,1.630,0.900,1,0,697.511,0,0,11,32,0,23,0
16-01 22:25:02,7.243,21.229,69.931,0,0,1412748,1002056,176784,5332908,10942.230,1456.566,0,179.823,0,11.988,6078,4526,2.140,1.630,0.900,1,0,420.586,0,0,11,32,0,23,0
16-01 22:25:03,9.523,21.050,68.413,0,0,1385712,1029056,176784,5332940,7833.721,1623.881,0,1010.415,0,182.436,6199,4592,2.050,1.620,0.900,1,0,409.980,0,0,11,32,0,23,0
16-01 22:25:04,25.494,22.995,51.738,0,0,1407216,1007424,176788,5333340,10494.496,1619.614,0,39.990,0,5.999,7597,9333,2.050,1.620,0.900,3,0,540.871,0,0,11,32,0,23,0
16-01 22:25:05,45.688,8.239,45.189,0,0,1513808,900832,176788,5333444,7226.239,1617.815,0,0,0,0,3448,1964,2.050,1.620,0.900,2,0,82.888,0,0,11,33,0,23,0
16-01 22:25:06,44.350,6.014,48.861,0,0,1600348,814172,176788,5333556,10267.257,1623.678,0,268.608,0,9.020,3402,2325,2.050,1.620,0.900,2,0,8.018,0,0,11,43,0,23,0
16-01 22:25:07,47.447,4.495,47.697,0.250,0,1651776,760844,176832,5335208,7876.209,1618.194,0,363.594,0,16.981,3665,3202,2.050,1.620,0.900,2,0,10.988,0,0,11,49,0,23,0
16-01 22:25:08,17.271,20.775,59.822,0,0,1667360,742700,176832,5338004,5558.646,1621.939,0,272.326,0,7.008,8083,12143,2.050,1.630,0.910,2,0,404.484,0,0,11,48,0,24,0
16-01 22:25:09,15.699,7.974,75.752,0.249,0,1661596,748400,176832,5337576,6485.787,1614.719,0,1076.479,0,25.915,3984,5002,2.050,1.630,0.910,0,0,90.703,0,0,11,48,0,24,0
16-01 22:25:10,0.250,0.500,97.761,0.250,0,1661836,748176,176832,5337576,10182.198,1458.172,0,1904.224,0,24.003,921,1109,2.050,1.630,0.910,0,0,4.000,0,0,11,48,0,24,0
16-01 22:25:11,2.750,3.250,93.248,0,0,1661820,748176,176836,5337576,6340.840,1619.959,0,43.999,0,6.000,1572,1672,2.050,1.630,0.910,0,0,87.998,0,0,11,48,0,24,0
16-01 22:25:12,0.500,0.250,98.254,0,0,1661820,748176,176836,5337576,8801.343,1620.063,0,0,0,0,702,879,2.050,1.630,0.910,0,0,2.000,0,0,11,48,0,24,0
16-01 22:25:13,1.000,2.000,95.753,0.500,0,1655024,754980,176836,5337568,10856.287,1620.043,0,4288.113,0,327.009,1784,1431,1.880,1.600,0.900,0,0,27.001,0,0,11,48,0,24,0
16-01 22:25:14,19.259,13.756,66.530,0,0,1684748,725252,176836,5337588,9164.132,1620.731,0,0,0,0,6080,7657,1.880,1.600,0.900,0,0,255.115,0,0,11,48,0,24,0
16-01 22:25:15,10.762,16.019,71.333,0,0,1685244,724736,176836,5337612,9478.982,1663.928,0,8.009,0,2.002,5306,4992,1.880,1.600,0.900,2,0,336.390,0,0,12,48,0,24,0
16-01 22:25:16,20.228,15.483,62.933,0,0,1694304,715484,176836,5337772,7446.020,1856.011,0,2357.474,0,89.904,7263,9515,1.880,1.600,0.900,7,0,256.725,0,0,12,56,0,24,0
16-01 22:25:17,5.747,7.745,84.449,0.500,0,1700856,708952,176836,5337768,10884.447,1457.123,0,343.793,0,22.986,3230,3387,1.880,1.600,0.900,0,0,189.886,0,0,12,64,0,17,0
16-01 22:25:18,15.048,16.301,67.714,0,0.251,1704032,705728,176836,5338140,7276.973,1625.130,0,16.051,0,3.010,6482,8086,1.970,1.620,0.920,4,0,267.846,0,0,14,64,0,17,0
16-01 22:25:19,11.491,15.487,71.941,0,0,1683716,725964,176836,5337836,6373.796,1618.678,0,159.869,0,15.987,5016,4255,1.970,1.620,0.920,2,0,303.752,0,0,14,66,0,17,0
16-01 22:25:20,10.006,20.513,69.044,0,0,1661304,748320,176836,5337872,9571.031,1621.022,0,428.270,0,33.021,6011,4555,1.970,1.620,0.920,1,0,397.250,0,0,14,66,0,17,0
16-01 22:25:21,21.750,14.000,63.001,0,0,1681608,728000,176836,5337884,10705.105,1662.016,0,1140.011,0,5.000,6563,8539,1.970,1.620,0.920,2,0,220.002,0,0,14,66,0,17,0
16-01 22:25:22,30.238,23.741,45.233,0,0,1752780,656776,176836,5337940,10125.086,1661.358,0,411.841,0,9.996,6903,5486,1.970,1.620,0.920,2,0,571.779,0,0,14,66,0,16,0
16-01 22:25:23,30.448,24.458,43.925,0,0,1862096,546000,176872,5339264,8494.517,1617.243,0,23.959,0,5.990,7731,8334,1.980,1.630,0.920,3,0,527.101,0,0,14,68,0,17,0
16-01 22:25:24,35.993,21.246,41.492,0,0,1968256,439600,176884,5339872,9058.250,1619.687,0,55.989,0,9.998,7682,9027,1.980,1.630,0.920,11,0,363.930,0,0,14,70,0,18,0
16-01 22:25:25,59.917,20.472,18.974,0,0.250,2031816,375872,176896,5339944,10060.138,1455.994,0,619.147,0,2.996,4884,4008,1.980,1.630,0.920,6,0,420.421,0,0,14,70,0,18,0
16-01 22:25:26,59.811,22.773,17.268,0,0,2155976,251136,176908,5340984,42062.705,1711.738,0,32.033,0,8.008,6237,6498,1.980,1.630,0.920,4,0,403.410,0,0,14,70,0,18,0
16-01 22:25:27,68.189,20.557,10.780,0,0,2223652,182192,176996,5341644,44716.656,1718.753,0,1736.803,0,73.202,5517,6246,1.980,1.630,0.920,4,0,363.004,0,0,14,70,0,18,0
16-01 22:25:28,69.261,19.503,3.501,7.501,0,2359768,153176,170688,5243052,7276.113,1620.248,528.081,8233.260,62.009,553.085,6623,5791,2.620,1.770,0.970,23,0,354.054,0,0,14,74,0,18,0
16-01 22:25:29,58.999,20.823,8.924,9.420,0,2418424,206524,169040,5135372,9039.305,1606.371,1491.347,24289.910,129.898,1639.093,14649,20891,2.620,1.770,0.970,7,1,183.444,0,0,14,74,0,18,0
16-01 22:25:30,58.232,24.200,8.571,8.067,0,2508712,187336,168960,5066000,9866.689,1633.524,1093.050,18017.169,75.626,1603.274,14743,19898,2.620,1.770,0.970,4,0,429.556,0,0,14,76,0,17,0
16-01 22:25:31,70.565,21.195,7.979,0.249,0,2626016,136436,168732,5001228,5914.520,1615.771,83.781,1675.614,8.977,67.822,9996,18755,2.620,1.770,0.970,6,0,226.407,0,0,14,87,0,23,0
16-01 22:25:32,56.393,25.565,16.792,1.003,0,2706548,187828,167936,4873080,6700.941,1624.106,673.703,1279.234,47.119,78.198,7365,7492,2.620,1.770,0.970,5,0,556.407,0,0,14,93,0,26,0
16-01 22:25:33,57.757,23.753,16.502,0.250,0,2814508,150372,167936,4804828,9257.081,1620.189,120.014,1160.135,6.001,66.008,8144,12753,3.050,1.870,1.010,7,0,454.053,0,0,14,93,0,26,0
16-01 22:25:34,52.995,14.999,30.247,2.000,0,2913304,118852,167940,4738688,7194.348,1457.868,2119.808,1019.907,34.997,49.995,5754,7390,3.050,1.870,1.010,3,0,198.982,0,0,14,96,0,24,0
16-01 22:25:35,52.105,8.476,38.144,0.249,0,3041780,123012,168008,4608744,8441.444,1615.492,103.711,4962.153,9.972,256.285,5319,7283,3.050,1.870,1.010,2,0,8.975,0,0,14,98,0,27,0
16-01 22:25:36,9.775,19.550,68.675,0.251,0,3064960,167316,168008,4542676,9087.113,1714.360,8.020,1592.049,2.005,101.258,6645,5717,3.050,1.870,1.010,2,0,403.025,0,0,14,101,0,27,0
16-01 22:25:37,8.994,18.488,71.203,0.250,0,3068996,163240,168008,4542716,9827.520,1618.933,7.995,63.958,1.999,6.995,5850,4359,3.050,1.870,1.010,1,0,350.769,0,0,14,101,0,27,0
16-01 22:25:38,12.474,14.969,71.604,0,0,3097728,134488,168008,4542736,8691.220,1616.693,0,111.771,0,9.980,4357,3197,2.890,1.860,1.010,2,0,237.514,0,0,14,101,0,25,0
16-01 22:25:39,18.000,2.750,78.001,0.250,0,3138832,160328,168008,4477208,11683.191,7410.121,8.000,0,1.000,0,1950,1637,2.890,1.860,1.010,2,0,0,0,0,14,102,0,25,0
16-01 22:25:40,19.997,5.749,73.490,0.250,0,3109912,189204,168012,4477248,22525.894,18261.482,11.998,379.948,3.000,25.996,3326,2931,2.890,1.860,1.010,1,0,64.991,0,0,14,105,0,26,0
16-01 22:25:41,20.490,4.248,74.214,0.250,0,3136824,162280,168016,4477256,9642.347,2372.855,3.998,87.958,1.000,9.995,1832,1254,2.890,1.860,1.010,1,0,0,0,0,14,106,0,26,0
16-01 22:25:42,17.239,2.748,78.950,0.250,0,3138820,160264,168020,4477276,14497.855,7185.468,0,371.766,0,41.974,2600,2678,2.890,1.860,1.010,1,0,2.998,0,0,14,114,0,24,0
16-01 22:25:43,23.779,5.507,68.333,1.001,0,3147812,150460,168032,4478056,8030.771,1621.973,396.482,1561.900,15.018,206.251,5516,7454,2.730,1.840,1.010,1,1,3.004,0,0,14,117,0,24,0
16-01 22:25:44,22.778,8.260,68.084,0.250,0,3141900,156156,168032,4478272,8277.244,2766.424,76.094,2310.860,5.006,101.125,4347,4789,2.730,1.840,1.010,1,0,112.139,0,0,14,118,0,26,0
16-01 22:25:45,30.701,4.243,63.150,0.499,0,3233020,131052,168032,4413804,10500.405,3935.780,3.994,2919.386,0.998,183.710,3269,2999,2.730,1.840,1.010,2,0,2.995,0,0,14,121,0,26,0
16-01 22:25:46,20.999,3.250,75.496,0.250,0,3237408,126676,168032,4413816,14585.306,7440.646,4.000,1567.925,1.000,106.995,2674,2868,2.730,1.840,1.010,0,0,3.000,0,0,14,125,0,19,0
16-01 22:25:47,26.838,6.521,63.960,1.003,0.251,3186140,243444,168036,4349860,9123.886,3162.359,16.053,1685.521,4.013,167.549,5232,6585,2.730,1.840,1.010,2,0,23.076,0,0,14,128,0,20,0
16-01 22:25:48,40.836,10.956,46.812,0.996,0,3315848,175996,167928,4289064,8565.687,1613.536,7.968,398.404,1.992,22.908,3424,2179,2.760,1.860,1.020,2,0,78.685,0,0,14,128,0,20,0
16-01 22:25:49,28.844,4.013,65.715,0.251,0,3317552,174088,167928,4289268,29637.955,24000.514,180.591,10694.987,1.003,549.799,3635,1901,2.760,1.860,1.020,2,0,25.082,0,0,14,128,0,21,0
16-01 22:25:50,21.257,5.252,73.275,0,0,3347608,207844,167928,4227316,5650.891,1458.488,0,272.091,0,14.005,2181,1625,2.760,1.860,1.020,1,0,31.010,0,0,14,128,0,21,0
16-01 22:25:51,17.485,2.498,79.183,0,0,3297108,258320,167928,4227340,31967.132,23943.876,0,267.775,0,16.986,2124,1667,2.760,1.860,1.020,1,0,20.982,0,0,14,128,0,22,0
16-01 22:25:52,25.462,7.239,65.652,0.250,0,3341520,213896,167928,4227368,9402.919,1617.578,23.964,239.641,1.997,13.979,3600,8983,2.760,1.860,1.020,1,0,65.901,0,0,14,128,0,23,0
16-01 22:25:53,16.294,3.008,79.465,0.251,0,3345816,209424,167928,4227544,15720.466,8125.951,8.022,681.842,2.005,79.214,2668,2868,2.610,1.850,1.020,2,0,0,0,0,14,129,0,23,0
16-01 22:25:54,19.245,6.998,73.229,0.250,0,3359860,195364,167928,4227560,15621.619,2809.212,0,515.855,0,44.987,3181,2798,2.610,1.850,1.020,1,0,81.977,0,0,14,128,0,23,0
16-01 22:25:55,24.928,3.490,70.298,0.249,0,3390848,164316,167928,4227620,11264.649,7322.969,0,450.706,0,31.908,5675,9444,2.610,1.850,1.020,1,0,28.917,0,0,14,137,0,26,0
16-01 22:25:56,19.240,5.497,73.462,0,0,3373228,181920,167928,4227636,60751.359,18188.527,0,255.867,0,13.993,2703,2012,2.610,1.850,1.020,1,0,54.971,0,0,14,136,0,27,0
16-01 22:25:57,19.509,2.251,78.286,0.250,0,3384420,170724,167928,4227640,48181.927,7347.344,0,272.124,0,14.006,1860,1384,2.610,1.850,1.020,1,0,0,0,0,14,137,0,27,0
16-01 22:25:58,22.289,5.009,69.623,1.503,0,3387312,167584,167928,4227888,9814.358,2402.249,120.213,3734.605,9.016,395.700,6310,9654,2.490,1.830,1.020,8,0,1.002,0,0,14,140,0,28,0
16-01 22:25:59,21.461,6.987,68.376,1.747,0,3346788,208076,167928,4227932,11898.396,2920.697,0,7095.117,0,398.277,4662,4734,2.490,1.830,1.020,2,0,58.893,0,0,14,139,0,29,0
16-01 22:26:00,19.001,2.500,78.002,0,0,3385476,169388,167928,4227932,12450.393,7342.232,0,424.013,0,27.001,1806,1376,2.490,1.830,1.020,1,0,1.000,0,0,14,140,0,29,0
16-01 22:26:01,19.562,4.514,73.485,1.003,0,3384876,169924,167932,4227992,14808.291,5963.043,4.013,3194.201,1.003,240.769,5169,6989,2.490,1.830,1.020,1,0,1.003,0,0,14,140,0,29,0
16-01 22:26:02,30.003,5.751,62.006,0.500,0,3387552,167192,167932,4228048,8038.744,1620.150,0,868.080,0,101.009,8323,12840,2.490,1.830,1.020,3,0,1.000,0,0,14,140,0,29,0
16-01 22:26:03,24.420,5.980,67.778,0.249,0,3412932,141764,167932,4228096,7127.628,2476.878,0,514.314,0,38.873,3586,3671,2.370,1.820,1.020,1,0,68.774,0,0,14,139,0,30,0
16-01 22:26:04,18.503,3.000,78.013,0,0,3418812,198532,167932,4166996,15704.613,8030.336,4.001,400.067,1.000,26.004,2053,1682,2.370,1.820,1.020,2,0,0,0,0,14,141,0,30,0
16-01 22:26:05,17.494,8.747,71.224,1.000,0,3361560,255668,167932,4167112,10855.008,4844.218,79.971,6149.738,5.998,405.851,5810,6531,2.370,1.820,1.020,1,0,146.946,0,0,14,141,0,31,0
16-01 22:26:06,20.000,2.500,76.251,0,0,3416664,200564,167932,4167112,10222.098,3428.033,0,596.006,0,26.000,1871,1305,2.370,1.820,1.020,0,0,0,0,0,14,142,0,31,0
16-01 22:26:07,19.559,2.006,76.981,0.251,0,3414924,202148,167932,4167268,17305.875,11186.532,0,633.900,0,53.159,3346,3884,2.370,1.820,1.020,2,0,0,0,0,14,142,0,31,0
16-01 22:26:08,23.744,6.498,67.233,1.000,0,3413748,203284,167932,4167308,8958.754,1619.594,0,1011.746,0,116.971,7490,11432,2.260,1.810,1.020,1,0,0,0,0,14,142,0,31,0
16-01 22:26:09,40.262,13.004,45.013,0.250,0,3389908,226796,167932,4167620,10491.022,3276.944,32.009,1400.403,2.001,144.041,10890,16639,2.260,1.810,1.020,2,0,200.058,0,0,14,143,0,32,0
16-01 22:26:10,29.913,7.728,61.073,0.499,0,3436788,179824,167932,4167664,6415.449,2117.876,0,933.301,0,58.830,4434,5203,2.260,1.810,1.020,1,0,90.738,0,0,14,143,0,32,0
16-01 22:26:11,18.000,2.000,78.502,0,0,3428716,187888,167932,4167672,12780.309,9198.222,0,500.012,0,26.001,2049,1697,2.260,1.810,1.020,1,0,0,0,0,14,143,0,32,0
16-01 22:26:12,10.029,20.057,68.446,0.501,0,3397760,218820,167932,4167720,9530.240,1624.644,4.011,2980.519,1.003,178.510,6783,5653,2.260,1.810,1.020,3,0,424.213,0,0,14,143,0,32,0
16-01 22:26:13,14.508,17.259,66.536,0,0,3353468,262952,167932,4168208,8501.575,1620.872,0,196.106,0,16.009,6308,6835,2.320,1.830,1.030,5,0,285.153,0,0,14,143,0,32,0
16-01 22:26:14,26.928,18.700,52.859,0.249,0,3404568,211812,167936,4167904,8830.498,1615.700,0,3394.964,0,374.005,7139,6165,2.320,1.830,1.030,3,0,401.930,0,0,14,143,0,32,0
16-01 22:26:15,33.821,22.798,42.840,0,0,3442760,173264,167948,4168576,7186.026,1573.290,28.059,44.092,3.006,11.023,6687,6965,2.320,1.830,1.030,3,0,474.993,0,0,14,146,0,32,0
16-01 22:26:16,34.253,16.001,48.504,0.250,0,3492028,185192,167952,4108744,9182.848,1620.150,4.000,680.063,1.000,42.004,6364,7561,2.320,1.830,1.030,3,0,250.023,0,0,16,149,0,32,0
16-01 22:26:17,57.892,27.948,13.475,0.499,0,3648724,146764,167960,3993676,8601.949,1616.983,119.776,606.868,10.980,46.912,8166,10892,2.320,1.830,1.030,4,0,567.940,0,0,16,155,0,32,0
16-01 22:26:18,61.833,19.276,17.774,0.250,0,3724360,154208,167724,3911672,6032.127,1622.185,24.032,400.540,3.004,31.042,7535,13975,2.930,1.960,1.080,2,0,266.359,0,0,16,171,0,32,0
16-01 22:26:19,37.268,22.261,40.019,0,0,3793372,186184,167724,3811664,5772.741,1620.770,4.002,496.236,1.000,15.007,7429,5593,2.930,1.960,1.080,2,0,559.266,0,0,16,171,0,32,0
16-01 22:26:20,25.260,22.259,50.771,0,0,3833520,145796,167724,3811904,10619.409,1710.710,0,384.159,0,18.007,6469,5489,2.930,1.960,1.080,1,0,488.203,0,0,17,171,0,32,0
16-01 22:26:21,22.750,15.500,60.751,0,0,3851308,171528,167724,3769088,10180.167,1620.027,12.000,464.008,3.000,29.000,6674,8749,2.930,1.960,1.080,2,0,224.004,0,0,17,171,0,32,0
16-01 22:26:22,30.726,23.482,44.965,0.250,0,3906208,168688,167480,3718196,9385.712,1688.689,7.994,299.767,1.998,27.978,6764,5531,2.930,1.960,1.080,3,0,479.628,0,0,17,171,0,32,0
16-01 22:26:23,42.401,19.205,36.665,0,0,4006016,174336,167496,3615384,7197.232,1454.611,151.647,423.014,5.986,24.942,7976,10296,3.100,2.010,1.100,4,0,245.428,0,0,17,183,0,32,2
16-01 22:26:24,31.801,24.539,42.568,0.501,0,4073928,131452,167496,3590924,10297.560,1622.609,48.077,2820.536,3.005,27.043,7735,7874,3.100,2.010,1.100,3,0,632.016,0,0,17,183,0,32,2
16-01 22:26:25,32.745,25.246,40.994,0,0,4150372,175964,167496,3472708,10552.475,1619.766,23.997,619.910,5.999,43.994,8669,10792,3.100,2.010,1.100,3,0,621.910,0,0,17,189,0,32,2
16-01 22:26:26,13.267,20.526,65.334,0.250,0,4169764,156192,167500,3473500,41627.418,1622.082,4.005,660.848,1.001,48.062,6669,6884,3.100,2.010,1.100,1,0,361.464,0,0,17,195,0,32,2
16-01 22:26:27,28.149,13.950,56.299,0.249,0,4204024,153044,167500,3442616,44229.864,1707.894,31.886,478.290,0.996,23.914,5210,6221,3.100,2.010,1.100,3,0,192.312,0,0,17,197,0,30,0
16-01 22:26:28,43.749,6.250,43.999,5.500,0,4323884,129248,167500,3348140,7758.791,1619.956,143.996,539.985,5.000,47.999,3635,2719,3.010,2.010,1.100,7,0,9.000,0,0,17,213,0,30,0
16-01 22:26:29,43.398,7.776,45.906,1.254,0,4438780,134520,167504,3230116,7073.049,1625.527,188.641,224.764,11.038,21.072,3646,2684,3.010,2.010,1.100,2,0,6.020,0,0,17,216,0,30,0
16-01 22:26:30,29.015,14.508,55.279,1.251,0,4341448,231816,167504,3230152,9017.757,1710.903,96.051,13283.007,4.002,1021.539,6571,4821,3.010,2.010,1.100,1,1,354.187,0,0,17,217,0,30,0
16-01 22:26:31,33.240,23.493,39.489,1.999,0,4391668,179360,167512,3232364,8785.484,3588.972,1119.679,479.863,12.996,37.989,8150,9951,3.010,2.010,1.100,3,0,517.852,0,0,17,220,0,24,0
16-01 22:26:32,42.848,20.428,32.884,1.993,0,4335216,275536,167520,3193560,16837.371,8158.108,1247.582,4504.049,25.908,233.174,7772,10937,3.010,2.010,1.100,2,0,263.068,0,0,17,225,0,25,0
16-01 22:26:33,67.572,18.770,12.013,2.503,0,4521112,139608,167532,3144572,9103.725,1621.732,592.633,600.642,19.020,27.029,5934,5800,3.250,2.080,1.130,4,0,159.170,0,0,17,234,0,25,0
16-01 22:26:34,57.607,13.024,21.790,7.013,0.250,4607400,164108,167560,3036244,15582.869,11583.460,1819.371,1110.057,70.130,47.087,5232,4857,3.250,2.080,1.130,1,2,20.037,0,0,17,239,0,25,0
16-01 22:26:35,60.434,11.488,15.983,11.488,0,4621032,141408,167624,3045216,10733.356,2725.044,5701.814,1985.846,420.544,131.857,6799,7339,3.250,2.080,1.130,5,0,33.963,0,0,17,242,0,26,0
16-01 22:26:36,37.065,23.541,39.069,0,0,4688136,148892,167632,2973124,12539.100,7427.090,0,288.508,0,15.026,7269,7582,3.250,2.080,1.130,3,0,475.839,0,0,17,242,0,26,0
16-01 22:26:37,35.490,19.745,43.488,0,0,4598428,236932,167636,2975168,14470.969,6806.104,87.975,9197.438,4.999,72.980,7594,10167,3.250,2.080,1.130,2,0,302.916,0,0,17,241,0,27,0
16-01 22:26:38,55.233,25.242,17.744,0.500,0,4729292,139808,167636,2941916,9918.865,3588.866,207.934,375.881,3.999,23.992,6835,6700,3.470,2.140,1.150,4,0,488.846,0,0,17,242,0,27,0
16-01 22:26:39,52.505,20.002,25.252,1.500,0,4753880,153968,168104,2904056,18492.662,10562.949,1464.132,1008.091,66.006,57.005,8171,10412,3.470,2.140,1.150,3,0,327.029,0,0,17,247,0,28,0
16-01 22:26:40,61.897,24.210,13.478,0,0,4793324,152852,168108,2866420,8423.038,1545.438,143.762,778.709,11.980,49.917,7749,10331,3.470,2.140,1.150,5,0,420.303,0,0,17,249,0,31,0
16-01 22:26:41,54.276,23.761,21.260,0.750,0,4869736,125980,168120,2818588,14755.944,9819.621,276.130,740.348,16.008,44.021,9594,15083,3.470,2.140,1.150,9,0,362.170,0,0,17,254,0,33,1
16-01 22:26:42,53.577,20.434,16.447,8.223,0,4880656,141596,168124,2792480,9040.851,4323.062,406.689,625.982,28.907,51.833,6602,8144,3.470,2.140,1.150,4,0,237.235,0,0,17,257,0,34,0
16-01 22:26:43,68.037,15.008,16.259,0.250,0,5012164,127784,168128,2676528,17898.655,9738.253,756.408,704.380,10.005,19.010,10788,19824,3.350,2.140,1.160,3,0,9.005,0,0,17,259,0,33,0
16-01 22:26:44,54.389,9.524,30.578,3.760,0,5000412,194896,167844,2622396,17029.536,11726.980,1195.055,1331.404,92.236,110.282,6997,8393,3.350,2.140,1.160,2,0,19.049,0,0,17,264,0,39,0
16-01 22:26:45,55.587,14.523,27.293,2.754,0,5023812,202444,167872,2592020,14556.773,5285.268,1037.623,14614.864,25.039,609.954,6701,4952,3.350,2.140,1.160,3,1,173.271,0,0,17,268,0,40,0
16-01 22:26:46,40.735,25.491,27.740,4.998,0,4975324,246996,168128,2595664,20162.531,10590.077,4094.483,4353.387,68.974,487.819,9144,10177,3.350,2.140,1.160,4,0,454.832,0,0,17,267,0,41,0
16-01 22:26:47,55.923,22.866,19.387,0.497,0,5037420,184452,168128,2596432,11592.272,3196.326,1133.378,588.561,16.901,43.744,7532,9366,3.350,2.140,1.160,3,0,337.031,0,0,17,268,0,41,0
16-01 22:26:48,68.550,15.317,14.564,1.758,0,5136372,152060,168136,2531408,16777.448,10819.365,1253.488,1064.661,49.215,47.207,6129,5138,3.480,2.190,1.180,4,0,166.730,0,0,18,272,0,39,0
16-01 22:26:49,78.527,13.960,1.745,5.983,0,5189992,130912,168136,2499808,7558.541,1615.414,3167.009,737.905,180.488,48.861,6500,5743,3.480,2.190,1.180,5,0,17.949,0,0,18,276,0,40,0
16-01 22:26:50,80.126,10.298,8.038,0.754,0,5286992,126736,168172,2409560,13056.302,9543.810,1744.189,2154.114,68.321,195.920,6588,7442,3.480,2.190,1.180,6,0,17.080,0,0,18,283,0,41,0
16-01 22:26:51,40.859,15.198,42.603,0.498,0,5255644,157516,168176,2410128,15070.948,5231.930,578.004,801.233,8.969,60.790,5871,6221,3.480,2.190,1.180,2,0,220.239,0,0,18,283,0,43,0
16-01 22:26:52,38.791,8.259,51.054,0.751,0,5301920,142800,168184,2379248,16531.440,8606.079,940.993,472.498,15.016,28.030,3810,2572,3.480,2.190,1.180,3,0,19.020,0,0,18,286,0,41,0
16-01 22:26:53,39.704,10.737,48.443,0.250,0,5250296,191780,168304,2381776,2496285.522,31027.812,687.199,807.059,12.985,50.941,5903,14501,3.530,2.220,1.200,2,0,37.956,0,0,18,288,0,43,0
16-01 22:26:54,41.641,11.288,44.401,1.003,0,5299364,126728,168304,2397728,14132796.195,76094.407,2797.500,730.481,30.102,50.170,8296,4876,3.530,2.220,1.200,1,0,158.538,0,0,18,292,0,43,0
16-01 22:26:55,32.377,8.219,58.029,0.498,0,5323744,129460,168304,2371416,22230.362,10524.928,15.939,573.815,0.996,47.818,4403,4074,3.530,2.220,1.200,2,0,105.598,0,0,18,293,0,44,0
16-01 22:26:56,37.999,6.500,53.998,0.500,0,5332136,149844,168304,2343536,52133.205,10211.648,0,411.986,0,33.999,3557,2611,3.530,2.220,1.200,3,0,5.000,0,0,18,294,0,40,0
16-01 22:26:57,29.566,4.510,64.894,0.251,0,5348936,132396,168304,2344188,88909.069,1652730.311,465.031,9316.651,28.062,76.169,5327,6693,3.530,2.220,1.200,2,0,1.002,0,0,18,298,0,41,0
16-01 22:26:58,8.978,3.242,85.044,0.249,0,5282856,198440,168304,2344224,379194.754,14716921.987,3.990,602.541,0.998,52.872,4594,2999,3.240,2.180,1.190,0,0,36.911,0,0,18,297,0,42,0
16-01 22:26:59,2.750,1.750,94.013,0,0,5277588,203644,168304,2344288,9379.269,1620.219,64.009,356.048,1.000,15.002,1529,1973,3.240,2.180,1.190,0,0,6.001,0,0,18,297,0,42,0
16-01 22:27:00,4.266,1.506,92.597,1.004,0,5278804,202380,168304,2344352,617543.782,9328.984,52.196,3906.650,3.011,327.227,2908,3270,3.240,2.180,1.190,3,0,2.008,0,0,18,304,0,39,0
16-01 22:27:01,23.225,3.496,70.175,0.499,0,5203360,261680,168312,2360456,15889949.232,76809.251,63.932,4363.356,3.996,341.636,9888,10188,3.240,2.180,1.190,1,0,9.989,0,0,18,301,0,42,0
16-01 22:27:02,10.474,18.704,67.834,1.247,0,5228224,236708,168312,2360564,8636.804,1616.034,43.892,2210.575,2.993,44.890,6299,5871,3.240,2.180,1.190,1,0,456.879,0,0,18,301,0,42,0
16-01 22:27:03,24.497,3.250,70.990,0.250,0,5281708,183220,168312,2360568,9191.712,1689.763,0,16409.701,0,70.990,2596,2242,3.060,2.160,1.190,1,0,4.999,0,0,18,303,0,42,0
16-01 22:27:04,9.522,19.043,70.661,0,0,5275428,189456,168312,2360620,7354.756,1623.699,0,252.575,0,22.050,6181,5005,3.060,2.160,1.190,1,0,372.849,0,0,18,303,0,41,0
16-01 22:27:05,5.984,14.711,77.046,0,0,5274468,190368,168312,2360668,6397.026,1454.141,15.958,0,0.997,0,4820,4021,3.060,2.160,1.190,0,0,292.225,0,0,18,303,0,41,0
16-01 22:27:06,6.503,3.001,89.790,0,0,5268924,195912,168312,2360668,8510.754,1620.715,0,0,0,0,1629,1860,3.060,2.160,1.190,1,0,9.004,0,0,18,303,0,41,0
16-01 22:27:07,19.746,2.500,76.736,0,0,5295384,169448,168312,2360672,10066.191,4008.280,0,0,0,0,2161,1829,3.060,2.160,1.190,1,0,0,0,0,18,304,0,41,0
16-01 22:27:08,17.749,8.249,72.995,0,0,5276576,188036,168312,2360892,12322.166,8244.442,63.996,223.985,4.000,23.998,3982,3507,2.900,2.140,1.190,1,0,107.993,0,0,18,307,0,41,0
16-01 22:27:09,11.792,16.309,70.754,0.502,0,5275748,188472,168316,2361264,9022.399,1625.838,16.058,0,4.014,0,5264,3992,2.900,2.140,1.190,2,0,191.688,0,0,18,307,0,41,0
16-01 22:27:10,11.752,17.753,69.013,0.250,0,5251604,212504,168316,2361360,7109.290,1620.294,0,196.036,0,24.004,5989,4926,2.900,2.140,1.190,1,0,233.042,0,0,18,309,0,41,0
16-01 22:27:11,21.999,6.750,69.748,1.250,0,5259748,204276,168316,2361444,9573.780,1661.962,51.999,7939.817,3.000,865.980,4935,3420,2.900,2.140,1.190,1,0,72.998,0,0,18,311,0,41,0
16-01 22:27:12,23.408,2.988,71.220,0.747,0,5323144,140772,168316,2361552,8312.291,1613.650,103.592,47.812,0.996,5.976,2361,1997,2.900,2.140,1.190,2,0,0,0,0,18,311,0,39,0
16-01 22:27:13,23.505,3.251,71.764,0.750,0,5232200,231436,168316,2361832,6790.335,1458.287,276.054,636.125,11.002,54.011,2909,2802,2.750,2.120,1.180,1,0,9.002,0,0,18,311,0,39,0
16-01 22:27:14,23.748,3.250,71.494,0.250,0,5298916,164684,168316,2361868,8872.228,1619.859,19.998,195.983,4.000,15.999,2475,2188,2.750,2.120,1.180,1,0,0,0,0,18,311,0,39,0
16-01 22:27:15,19.249,3.500,76.245,0,0,5334188,129404,168316,2361876,13015.190,4041.748,0,107.993,0,10.999,2420,2173,2.750,2.120,1.180,1,0,3.000,0,0,18,314,0,39,0
16-01 22:27:16,15.993,1.999,81.217,0,0,5341740,121844,168316,2361884,27005.875,18177.512,0,279.885,0,24.990,2731,2758,2.750,2.120,1.180,1,0,1.999,0,0,18,311,0,41,0
16-01 22:27:17,22.509,5.002,71.527,0.250,0,5284412,179152,168316,2361904,7931.040,1620.621,0,228.087,0,23.009,2631,2454,2.750,2.120,1.180,1,0,16.006,0,0,18,311,0,41,0
16-01 22:27:18,21.811,5.766,71.450,0,0,5282868,180692,168316,2361908,9234.896,1624.556,0,196.551,0,21.059,3059,2359,2.680,2.120,1.190,1,0,76.214,0,0,18,311,0,41,0
16-01 22:27:19,8.751,19.251,70.505,0.250,0,5283892,179380,168324,2362188,7374.515,1620.113,420.029,232.016,8.001,3.000,5925,4805,2.680,2.120,1.190,1,0,388.027,0,0,18,311,0,41,0
16-01 22:27:20,19.945,7.729,70.305,0.249,0,5315448,147636,168576,2362124,7991.860,1615.524,243.326,251.304,8.975,20.942,3862,3279,2.680,2.120,1.190,1,0,135.624,0,0,18,313,0,41,0
16-01 22:27:21,19.009,2.501,78.036,0.250,0,5342044,119796,168612,2363332,11542.354,3630.684,96.045,704.327,4.002,47.022,2381,2368,2.680,2.120,1.190,1,0,17.008,0,0,18,314,0,41,0
16-01 22:27:22,23.748,3.500,71.493,0,0,5310344,171884,169220,2343412,10034.000,1793.821,135.986,943.906,5.999,11.999,2478,1953,2.680,2.120,1.190,1,0,3.000,0,0,18,313,0,41,0
16-01 22:27:23,18.501,1.750,78.254,0,0,5319220,161672,169224,2344712,14884.668,4551.204,0,288.013,0,6.000,2178,1933,2.550,2.100,1.190,1,0,18.001,0,0,18,314,0,41,0
16-01 22:27:24,23.488,5.747,69.216,0.250,0,5314164,161344,169440,2349736,13984.103,1793.116,3.998,827.592,1.000,12.994,10671,18877,2.550,2.100,1.190,5,0,13.993,0,0,18,313,0,41,0
16-01 22:27:25,17.758,3.001,78.037,0.250,0,5307560,167492,169448,2350184,14233.701,4619.175,84.040,504.237,8.004,7.003,3351,4384,2.550,2.100,1.190,2,0,5.002,0,0,18,314,0,41,0
16-01 22:27:26,22.999,6.750,68.748,0.250,0,5303332,171544,169456,2350352,48510.625,1619.954,0,16459.534,0,44.999,9435,16570,2.550,2.100,1.190,2,0,15.000,0,0,18,314,0,41,0
16-01 22:27:27,17.303,9.780,71.467,0.251,0,5239520,247120,169500,2338684,44986.881,1893.762,0,649.978,0,27.082,4052,3349,2.550,2.100,1.190,1,0,143.436,0,0,18,313,0,41,0
16-01 22:27:28,20.191,8.725,70.296,0,0,5285796,200756,169504,2338768,5506.989,1615.304,79.768,514.504,4.986,3.988,3430,3136,2.430,2.080,1.190,1,0,121.646,0,0,18,313,0,41,0
16-01 22:27:29,20.947,1.995,76.058,0,0,5304480,181868,169504,2338972,11865.032,7163.906,0,131.667,0,9.975,2292,2007,2.430,2.080,1.190,1,0,0,0,0,18,314,0,41,0
16-01 22:27:30,19.364,8.802,70.162,0.503,0,5262936,223124,169504,2339280,14363.343,6225.557,48.284,140.827,3.018,13.077,4954,6168,2.430,2.080,1.190,2,0,114.673,0,0,18,313,0,44,0
16-01 22:27:31,21.711,2.745,73.867,0,0.250,5297340,188600,169504,2339400,13637.375,7330.763,95.827,1217.801,4.991,127.769,3244,3056,2.430,2.080,1.190,1,0,0.998,0,0,18,314,0,44,0
16-01 22:27:32,22.209,5.989,70.369,0.499,0,5273960,211964,169504,2339416,11941.788,4473.679,0,2171.960,0,368.315,4159,3239,2.430,2.080,1.190,1,0,70.868,0,0,18,313,0,45,0
16-01 22:27:33,20.499,2.250,76.246,0,0,5328252,157668,169504,2339420,12728.325,4008.787,0,155.992,0,9.000,2295,1958,2.310,2.070,1.180,1,0,1.000,0,0,18,316,0,44,0
16-01 22:27:34,20.259,6.253,72.781,0.250,0,5274984,210828,169504,2339496,19630.323,12296.213,16.007,456.193,1.000,30.013,3404,3018,2.310,2.070,1.180,1,0,56.024,0,0,18,315,0,45,0
16-01 22:27:35,21.740,3.249,73.966,0,0,5333928,151876,169504,2339504,8822.931,3588.345,0,59.972,0,3.998,2193,1780,2.310,2.070,1.180,0,0,0,0,0,18,316,0,45,0
16-01 22:27:36,17.562,4.516,77.022,0.251,0,5325436,160344,169504,2339528,16684.821,9932.014,12.042,594.094,1.004,5.018,2754,2457,2.310,2.070,1.180,1,0,32.113,0,0,18,315,0,49,0
16-01 22:27:37,21.426,4.734,72.749,0,0,5363084,153688,169380,2309956,7234.002,3042.486,0,0,0,0,2307,1982,2.310,2.070,1.180,1,0,0,0,0,18,316,0,42,0
16-01 22:27:38,13.737,1.499,82.169,0,0,5355228,161500,169380,2310000,20341.038,10928.275,31.969,283.722,1.998,29.971,2670,2926,2.210,2.050,1.180,1,0,0,0,0,18,315,0,43,0
16-01 22:27:39,21.279,6.008,72.099,0.250,0,5291052,225668,169380,2310008,7094.727,1622.224,0,144.198,0,8.011,2698,2237,2.210,2.050,1.180,1,0,47.065,0,0,18,315,0,43,0
16-01 22:27:40,17.983,2.747,77.676,0,0,5298124,218428,169380,2310176,21470.620,11855.746,15.985,263.750,0.999,22.978,2711,2574,2.210,2.050,1.180,1,0,0.999,0,0,18,315,0,46,0
16-01 22:27:41,22.006,6.002,70.769,0.250,0,5287012,229512,169380,2310204,9851.670,1620.439,16.004,736.200,1.000,59.016,3109,2910,2.210,2.050,1.180,1,0,32.009,0,0,18,315,0,41,0
16-01 22:27:42,16.261,2.252,80.304,0,0,5295280,221236,169380,2310212,18165.125,9823.557,0,240.160,0,14.009,2388,2334,2.210,2.050,1.180,1,0,0,0,0,18,317,0,41,0
16-01 22:27:43,17.006,6.753,74.028,0.500,0,5270756,245744,169380,2310228,12102.536,4340.627,0,360.135,0,36.013,3621,3587,2.190,2.050,1.190,1,0,88.033,0,0,18,317,0,42,0
16-01 22:27:44,25.526,4.254,70.323,0,0,5334120,182372,169380,2310236,12156.585,7351.611,0,100.104,0,6.006,2608,2102,2.190,2.050,1.190,2,0,3.003,0,0,18,318,0,42,0
16-01 22:27:45,40.055,9.012,49.318,0.250,0,5375812,140656,169380,2310244,25545.006,18060.750,769.054,264.362,6.008,14.019,3947,2719,2.190,2.050,1.190,2,0,55.075,0,0,18,317,0,35,0
16-01 22:27:46,22.927,3.240,72.518,0.249,0,5384784,131660,169380,2310268,15452.653,7320.622,255.185,199.363,1.994,21.930,2698,2347,2.190,2.050,1.190,2,0,1.994,0,0,18,318,0,35,0
16-01 22:27:47,20.585,4.519,73.301,0.251,0,5321980,194132,169380,2310600,9422.728,4782.657,321.321,2381.789,19.078,346.424,3590,2942,2.190,2.050,1.190,2,0,15.062,0,0,18,317,0,37,0
16-01 22:27:48,19.670,2.739,76.688,0.249,0,5319348,196760,169380,2310604,14603.633,7314.266,0,107.563,0,7.968,2189,1940,2.090,2.030,1.190,2,0,0,0,0,18,318,0,37,0
16-01 22:27:49,22.589,3.765,71.031,0.753,0,5300876,213372,169384,2312460,8997.626,3712.701,1766.996,2662.542,64.254,257.018,6408,9253,2.090,2.030,1.190,2,0,7.028,0,0,18,319,0,35,0
16-01 22:27:50,23.904,3.984,70.217,0.249,0,5354912,159332,169384,2312464,15261.545,1854.532,0,2856.497,0,182.266,2988,3059,2.090,2.030,1.190,0,0,0.996,0,0,18,319,1,35,0
16-01 22:27:51,15.060,2.761,81.071,0.753,0,5349632,164576,169384,2312500,16787.507,11076.883,0,759.007,0,75.298,3253,3826,2.090,2.030,1.190,1,0,0,0,0,18,320,0,35,0
16-01 22:27:52,17.503,12.752,68.510,0.500,0,5341440,172532,169384,2312736,7549.136,2750.414,64.010,1328.200,3.000,104.016,6404,7259,2.090,2.030,1.190,1,0,250.038,0,0,18,319,0,36,0
16-01 22:27:53,13.968,24.194,59.862,0,0.249,5327324,186588,169384,2312780,8890.493,1616.272,0,758.251,0,60.860,7932,17102,1.930,2,1.180,1,0,671.451,0,0,18,319,0,32,0
16-01 22:27:54,8.753,22.757,67.269,0,0,5306208,207668,169388,2312812,7838.263,1620.468,0,468.135,0,40.012,7153,6206,1.930,2,1.180,2,0,605.175,0,0,18,319,0,32,0
16-01 22:27:55,8.764,22.536,66.856,0.501,0,5294228,219616,169388,2312844,9125.473,1622.573,0,2119.361,0,130.207,7608,7015,1.930,2,1.180,1,0,648.028,0,0,18,319,0,32,0
16-01 22:27:56,9.240,22.726,67.178,0,0,5276716,237096,169388,2312876,42740.054,1618.260,0,207.777,0,20.977,7060,6022,1.930,2,1.180,1,0,569.388,0,0,18,319,0,32,0
16-01 22:27:57,8.757,22.267,67.801,0,0,5274596,239184,169388,2312908,41546.340,1621.223,0,44.033,0,11.008,7187,6306,1.930,2,1.180,2,0,594.448,0,0,18,319,0,29,0
16-01 22:27:58,11.710,16.444,69.511,1.495,0,5299660,213808,169392,2313216,9843.217,1614.459,271.070,39.863,22.921,7.973,5652,4746,1.850,1.980,1.180,2,0,385.676,0,0,18,319,0,29,0
16-01 22:27:59,15.311,9.036,70.030,4.016,0,5305260,312036,169412,2221088,6372.464,1626.499,3899.582,4538.134,306.224,295.180,3811,3505,1.850,1.980,1.180,2,0,49.197,0,0,18,319,0,29,0
16-01 22:28:00,24.732,2.998,71.199,0,0,5310444,302936,169412,2225000,6072.621,1618.833,11.991,915.340,1.999,18.986,2776,2450,1.850,1.980,1.180,1,0,16.988,0,0,18,319,0,29,0
16-01 22:28:01,13.710,1.496,80.514,2.493,0.249,5315888,296672,169412,2225820,20194.771,8248.807,530.444,1001.064,27.918,56.833,2471,2626,1.850,1.980,1.180,0,0,0.997,0,0,18,320,0,26,0
16-01 22:28:02,12.001,1.750,82.507,2.500,0,5313188,298428,169412,2226808,26531.114,11670.930,624.050,6416.511,59.005,228.018,2755,2672,1.850,1.980,1.180,1,0,1.000,0,0,18,320,0,26,0
16-01 22:28:03,14.749,1.750,80.744,2.000,0,5322588,287948,169412,2227888,20660.339,9387.245,835.933,1015.918,43.996,37.997,2130,1915,1.780,1.960,1.180,1,0,0,0,0,18,320,0,26,0
16-01 22:28:04,12.739,1.249,77.934,6.245,0,5320768,289132,169412,2228524,16195.299,7949.275,515.564,1079.087,39.966,51.956,2088,2129,1.780,1.960,1.180,0,0,0,0,0,18,320,0,26,0
16-01 22:28:05,14.511,1.251,82.060,1.501,0,5333000,275940,169412,2229484,23246.086,10174.478,816.600,1092.803,46.034,36.026,2145,2006,1.780,1.960,1.180,2,0,0,0,0,18,320,0,24,0
16-01 22:28:06,14.246,1.000,81.974,1.749,0,5334948,273140,169412,2230336,20945.401,10181.792,511.839,987.689,46.985,32.990,2058,1936,1.780,1.960,1.180,1,0,0,0,0,18,320,0,24,0
16-01 22:28:07,15.059,2.761,73.036,8.031,0.251,5349112,224756,169412,2264556,6416.094,2427.494,15255.668,867.393,152.597,29.114,2293,2171,1.780,1.960,1.180,1,0,1.004,0,0,18,320,0,24,0
16-01 22:28:08,23.138,2.737,72.400,0.498,0,5359720,199556,169988,2278564,6316.465,1450.986,3.981,1154.419,0.995,35.827,2548,2265,1.720,1.950,1.180,1,0,0,0,0,18,320,0,24,0
16-01 22:28:09,24.495,2.499,71.984,0.250,0,5360160,183452,170080,2293936,10389.734,1619.647,0,1403.694,0,30.993,2621,2264,1.720,1.950,1.180,1,0,0,0,0,18,320,0,23,0
16-01 22:28:10,23.032,3.254,71.599,1.001,0,5370228,151460,170188,2315476,10810.929,1622.240,0,2671.689,0,115.159,3211,2971,1.720,1.950,1.180,2,0,1.001,0,0,18,320,0,23,0
16-01 22:28:11,23.718,2.996,70.905,0.749,0,5358828,147188,170188,2330932,8767.201,1659.766,0,2752.296,0,117.841,3105,3041,1.720,1.950,1.180,1,0,0,0,0,18,320,0,23,0
16-01 22:28:12,24.039,3.005,71.365,1.252,0,5361216,121704,170188,2353604,8486.630,1622.606,16.026,2976.781,1.002,117.188,3070,3188,1.720,1.950,1.180,2,0,0,0,0,18,320,0,23,0
16-01 22:28:13,23.329,4.014,72.243,0.251,0,5282324,217696,170188,2336496,8731.385,1800.058,0,778.620,0,118.398,2630,2055,1.660,1.930,1.180,1,0,19.064,0,0,18,319,0,23,0
16-01 22:28:14,18.446,2.742,76.524,0,0,5312356,182204,170188,2341924,15184.215,3953.340,0,1794.707,0,31.906,2449,2197,1.660,1.930,1.180,1,0,15.953,0,0,18,319,0,23,0
16-01 22:28:15,22.492,3.749,72.973,0,0,5304472,188856,170188,2343012,5992.791,2736.991,0,0,0,0,2492,2040,1.660,1.930,1.180,0,0,18.993,0,0,18,320,0,23,0
16-01 22:28:16,18.995,4.249,75.231,0.250,0,5301816,184668,170188,2348952,14101.470,3552.111,0,1475.631,0,39.990,6270,10652,1.660,1.930,1.180,1,0,6.998,0,0,18,319,0,23,0
16-01 22:28:17,24.335,5.519,68.239,0.502,0,5324156,161736,170188,2349432,9092.902,1625.704,0,1689.929,0,23.081,11129,20566,1.660,1.930,1.180,3,0,14.049,0,0,18,319,0,23,0
16-01 22:28:18,20.435,7.227,70.773,0,0,5318340,181068,170188,2336620,8209.704,1614.828,0,1072.565,0,19.936,5046,7295,1.610,1.910,1.170,1,0,14.952,0,0,18,319,0,21,0
16-01 22:28:19,22.744,4.749,71.730,0,0,5269076,230592,170188,2336616,8789.570,1619.552,0,655.819,0,8.998,3253,3060,1.610,1.910,1.170,2,0,50.986,0,0,18,319,0,21,0
16-01 22:28:20,23.746,6.749,67.488,0,0,5306516,193140,170188,2336632,9836.204,1619.704,0,399.927,0,13.997,10615,18804,1.610,1.910,1.170,1,0,24.995,0,0,18,319,0,21,0
16-01 22:28:21,18.547,2.506,77.946,0.251,0,5298560,195664,170188,2342064,14604.689,3908.820,0,1070.690,0,25.063,2230,1982,1.610,1.910,1.170,2,0,17.043,0,0,18,319,0,21,0
16-01 22:28:22,20.946,3.242,74.060,0.249,0,5305960,187136,170188,2343176,12002.281,2950.448,15.959,785.988,0.997,30.921,2785,2819,1.610,1.910,1.170,0,0,17.954,0,0,18,320,0,21,0
16-01 22:28:23,20.827,4.266,72.519,0.251,0,5306460,179688,170188,2349212,8879.970,3465.868,0,1136.219,0,27.101,10392,18970,1.720,1.930,1.180,2,0,8.030,0,0,18,319,0,21,0
16-01 22:28:24,21.999,6.750,68.997,0,0,5302772,182740,170188,2349768,10177.605,1457.943,0,691.973,0,12.000,11070,19574,1.720,1.930,1.180,1,0,20.999,0,0,18,319,0,21,0
16-01 22:28:25,21.649,5.475,72.165,0.249,0,5264312,234976,170192,2336868,8009.763,1612.504,0,856.020,0,32.847,2466,2038,1.720,1.930,1.180,1,0,7.963,0,0,18,319,0,21,0
16-01 22:28:26,24.273,3.253,71.317,0,0,5284664,214868,170192,2336784,40803.477,1621.529,0,616.581,0,8.008,2671,2161,1.720,1.930,1.180,1,0,21.020,0,0,18,319,0,21,0
16-01 22:28:27,20.327,7.027,71.773,0,0,5306000,187096,170192,2343220,42779.929,1720.553,0,112.428,0,10.038,3497,3041,1.720,1.930,1.180,1,0,97.371,0,0,18,319,0,21,0
16-01 22:28:28,24.253,2.500,71.510,0,0,5305132,183676,170192,2347124,9484.341,1620.229,0,1020.144,0,14.002,2486,2091,1.660,1.920,1.180,2,0,16.002,0,0,18,319,0,21,0
16-01 22:28:29,13.950,1.246,83.948,0.498,0,5302404,185992,170192,2347472,21554.523,8943.852,3.986,896.777,0.996,34.875,2094,2308,1.660,1.920,1.180,0,0,0,0,0,18,320,0,21,0
16-01 22:28:30,11.494,1.999,84.957,0.750,0,5302148,185768,170192,2347888,26050.934,12265.848,0,1407.294,0,60.969,2205,2319,1.660,1.920,1.180,1,0,0.999,0,0,18,320,0,18,0
16-01 22:28:31,4.264,1.003,92.810,0.502,0,5302020,185768,170192,2347984,41899.889,5933.811,0,983.283,0,53.178,1811,2419,1.660,1.920,1.180,0,0,1.003,0,0,18,321,0,18,0
16-01 22:28:32,11.259,2.252,83.318,1.251,0,5308060,179508,170192,2348200,127673.137,9346.624,0,16717.636,0,414.338,3611,3750,1.660,1.920,1.180,1,1,1.001,0,0,18,321,0,18,0
16-01 22:28:33,19.416,2.987,72.188,3.983,0,5317692,169692,170192,2348472,17076.081,7933.657,0,6033.880,0,252.905,4393,5313,1.610,1.900,1.180,1,0,0.996,0,0,18,321,0,18,0
16-01 22:28:34,15.792,1.755,80.466,0.752,0,5317616,169440,170196,2348716,21321.291,11610.197,0,2370.369,0,239.644,3040,2889,1.610,1.900,1.180,1,0,0,0,0,18,321,0,19,0
16-01 22:28:35,13.968,1.497,82.559,0.499,0,5330436,156084,170196,2349156,308982.883,14863.599,0,1460.620,0,55.871,2434,2244,1.610,1.900,1.180,1,0,0,0,0,18,321,0,19,0
16-01 22:28:36,6.001,1.750,88.762,1.750,0,5330264,155860,170200,2349428,97544.695,16388.301,28.004,2268.318,4.001,110.015,2101,2326,1.610,1.900,1.180,0,0,0,0,0,18,321,0,19,0
16-01 22:28:37,14.001,1.250,82.753,1.000,0,5339412,146284,170200,2349776,24791.046,10385.438,104.004,1376.058,6.000,61.003,2001,1969,1.610,1.900,1.180,0,0,0,0,0,18,321,0,19,0
16-01 22:28:38,8.500,2.750,85.252,0.750,0,5335288,130692,170200,2369372,5663282.942,43035.231,0,20604.589,0,86.002,3818,2749,1.640,1.900,1.190,2,0,3.000,0,0,18,321,0,14,0
16-01 22:28:39,10.249,2.750,85.245,1.250,0,5329748,136648,170208,2369816,11935566.049,45684.283,163.990,12739.242,4.000,72.996,4400,2948,1.640,1.900,1.190,0,0,2.000,0,0,18,321,0,14,0
16-01 22:28:40,20.793,3.257,74.152,0.752,0,5341816,138492,170492,2355396,204641.848,3203.573,0,2272.663,0,84.173,2731,2566,1.640,1.900,1.190,1,0,2.004,0,0,18,321,0,14,0
16-01 22:28:41,21.749,4.000,72.247,0.750,0,5337512,124300,172940,2368776,8766.689,1619.943,4.000,3671.870,1.000,69.998,2591,2413,1.640,1.900,1.190,1,0,0,0,0,18,321,0,14,0
16-01 22:28:42,23.938,2.743,71.065,0.249,0,5346552,129720,173304,2354332,9293.818,1615.796,3.990,1711.547,0.997,52.862,2924,2816,1.640,1.900,1.190,1,0,0,0,0,18,321,0,10,0
16-01 22:28:43,22.517,5.754,69.302,0.751,0,5346852,140172,173832,2343116,7180.439,1621.228,4.003,81097.430,1.001,317.240,3493,2790,1.670,1.900,1.190,1,0,0,0,0,18,321,0,10,0
16-01 22:28:44,23.005,4.001,71.517,0.750,0,5347404,123648,174760,2356672,8920.132,1620.387,0,2544.608,0,91.022,2885,2665,1.670,1.900,1.190,1,0,0,0,0,18,321,0,10,0
16-01 22:28:45,23.737,2.749,71.712,0.750,0,5345572,141568,175356,2340016,7930.781,1619.139,0,2218.820,0,183.902,2980,2493,1.670,1.900,1.190,1,0,0,0,0,18,321,0,10,0
16-01 22:28:46,24.257,3.251,71.270,0.500,0,5355528,139264,176692,2330536,6133.707,1620.451,0,2328.648,0,49.014,2723,2556,1.670,1.900,1.190,1,0,1.000,0,0,18,321,0,7,0
16-01 22:28:47,23.490,2.999,70.970,1.249,0,5359064,133656,177800,2330616,5424.688,1457.379,0,2698.850,0,103.956,3002,2852,1.670,1.900,1.190,1,0,1.000,0,0,18,321,0,7,0
16-01 22:28:48,19.257,2.001,77.526,0.250,0,5393520,129428,178100,2299468,15405.206,4277.445,0,1020.345,0,36.012,2189,1953,1.620,1.890,1.190,1,0,0,0,0,18,319,0,7,0
16-01 22:28:49,23.336,3.764,72.267,0,0,5335296,187704,178100,2299460,8222.416,2120.845,4.015,879.252,1.004,18.067,2858,2420,1.620,1.890,1.190,1,0,35.130,0,0,18,320,0,7,0
16-01 22:28:50,20.181,2.492,75.991,0.249,0,5330616,185548,178176,2305896,13918.651,3394.453,0,1722.142,0,25.912,2436,2211,1.620,1.890,1.190,1,0,2.990,0,0,18,319,0,4,0
16-01 22:28:51,18.492,2.499,77.465,0,0,5338212,177736,178176,2305988,15811.819,4548.934,0,455.793,0,17.992,2290,2153,1.620,1.890,1.190,1,0,16.992,0,0,18,320,0,4,0
16-01 22:28:52,23.250,5.500,68.501,0.250,0,5332684,175372,178716,2312244,8922.161,1794.032,32.001,1200.022,1.000,31.001,10805,19617,1.620,1.890,1.190,1,0,14.000,0,0,18,319,0,4,0
16-01 22:28:53,29.108,8.281,61.981,0,0,5355744,152020,178768,2312416,9493.328,1626.051,0,2633.801,0,26.097,11292,30428,1.650,1.890,1.190,1,0,43.161,0,0,18,319,0,5,0
16-01 22:28:54,20.929,5.980,71.755,0,0,5353608,154048,178812,2312476,5500.238,1614.493,0,558.096,0,20.929,2660,2353,1.650,1.890,1.190,1,0,13.952,0,0,18,319,0,3,0
16-01 22:28:55,21.992,5.498,71.724,0,0,5308640,213128,178812,2299604,5561.955,1457.464,0,603.778,0,27.990,2508,2110,1.650,1.890,1.190,1,0,5.998,0,0,18,319,0,3,0
16-01 22:28:56,21.767,4.503,71.054,1.751,0,5311128,207612,178812,2302664,43347.046,1621.236,620.473,1849.410,13.010,135.103,3015,2569,1.650,1.890,1.190,2,0,2.002,0,0,18,319,0,3,1
16-01 22:28:57,25.835,4.264,65.716,2.257,0,5307428,210032,178812,2303956,41360.889,1625.340,947.112,3563.708,57.188,293.966,8402,12206,1.650,1.890,1.190,7,0,1.003,0,0,18,322,0,9,0
16-01 22:28:58,12.739,16.985,69.190,0.250,0,5252116,265100,178812,2304200,9506.704,1618.588,147.871,2186.092,2.997,162.858,6945,6873,1.590,1.880,1.190,1,0,401.650,0,0,18,321,0,9,0
16-01 22:28:59,12.509,6.504,68.297,11.258,0,5213980,291448,178812,2315980,8917.124,1621.113,11900.173,11303.763,1205.828,63.043,5553,5014,1.590,1.880,1.190,1,0,53.036,0,0,18,321,0,11,0
16-01 22:29:00,9.216,3.985,77.463,7.970,0,5209264,264460,178996,2347480,9269.691,2164.987,31439.634,4674.698,2370.227,189.299,7643,7889,1.590,1.880,1.190,0,1,6.974,0,0,18,322,0,11,0
16-01 22:29:01,2.499,1.250,91.976,1.750,0,5207320,265848,179216,2347816,14280.299,3648.055,555.856,5618.544,138.964,492.872,3047,3397,1.590,1.880,1.190,0,0,1.000,0,0,18,322,0,11,0
16-01 22:29:02,2.749,0.999,93.702,0.750,0,5209824,263108,179220,2348048,65858.596,4045.948,327.834,183.907,7.996,20.989,1591,2126,1.590,1.880,1.190,0,0,2.998,0,0,18,322,0,11,0
16-01 22:29:03,5.501,3.251,89.774,1.250,0.250,5198372,273904,179220,2348612,146281.300,130577.081,384.103,676.182,12.003,10.003,2140,2088,1.550,1.860,1.190,0,0,25.007,0,0,18,321,0,11,0
16-01 22:29:04,2.498,0.749,93.923,1.499,0,5195972,276664,179220,2348612,65331.517,1618.675,0,15391.400,0,573.530,2673,1874,1.550,1.860,1.190,0,0,0,0,0,18,321,0,11,0
16-01 22:29:05,2.253,0.751,95.622,0,0,5191700,280932,179220,2348616,10143.897,1622.062,0,184.234,0,16.020,1397,2020,1.550,1.860,1.190,0,0,0,0,0,18,321,0,11,0
16-01 22:29:06,1.500,0.500,96.473,0,0,5191696,280932,179220,2348620,24908.019,1705.522,0,175.951,0,10.997,1416,1661,1.550,1.860,1.190,1,0,0,0,0,18,321,0,11,0
16-01 22:29:07,1.750,1.000,96.019,0.250,0,5191696,280932,179220,2348620,23770.744,1620.323,0,104.021,0,16.003,1473,1767,1.550,1.860,1.190,0,0,0,0,0,18,321,0,11,0
16-01 22:29:08,2.000,0.500,96.002,0.500,0,5191688,280932,179220,2348628,11122.251,1620.037,0,444.010,0,40.001,1554,2188,1.420,1.830,1.180,0,0,0,0,0,18,321,0,11,0
16-01 22:29:09,1.499,1.000,95.965,0,0,5191416,281204,179220,2348628,24776.071,1705.385,0,51.981,0,5.998,1360,1642,1.420,1.830,1.180,0,0,0,0,0,18,321,0,11,0
16-01 22:29:10,1.751,0.500,96.289,0,0,5191416,281204,179220,2348628,5932.377,1620.649,0,84.034,0,10.004,1387,1894,1.420,1.830,1.180,2,0,1.000,0,0,18,321,0,11,0
16-01 22:29:11,1.750,0.750,96.232,0,0,5191408,281204,179220,2348636,9132.268,1543.707,0,263.950,0,17.997,1307,1877,1.420,1.830,1.180,0,0,0,0,0,18,321,0,11,0
16-01 22:29:12,2.000,0.750,96.014,0.250,0,5191408,281204,179220,2348636,32828.855,1620.240,0,96.014,0,13.002,1616,1891,1.420,1.830,1.180,0,0,0,0,0,18,321,0,11,0
16-01 22:29:13,1.500,0.750,96.755,0,0,5191408,281204,179220,2348636,6917.332,1620.078,0,0,0,0,1188,1698,1.310,1.800,1.180,0,0,0,0,0,18,321,0,11,0
16-01 22:29:14,2.000,3.751,90.766,2.500,0,5189336,283268,179220,2348644,8798.514,1620.279,0,80413.836,0,367.063,2553,2366,1.310,1.800,1.180,0,0,0,0,0,18,321,0,11,0
16-01 22:29:15,2.000,1.000,96.258,0,0,5189600,283016,179220,2348644,14055.140,1620.131,0,1664.135,0,13.001,1387,1763,1.310,1.800,1.180,0,0,0,0,0,18,321,0,11,0
16-01 22:29:16,1.749,0.749,95.686,0,0,5189596,283016,179220,2348648,8912.055,1618.920,0,247.835,0,22.985,1394,2010,1.310,1.800,1.180,0,0,0.999,0,0,18,321,0,11,0
16-01 22:29:17,1.750,0.750,95.765,0.250,0,5189592,283016,179220,2348652,7488.144,1620.248,0,912.139,0,166.025,1824,2183,1.310,1.800,1.180,0,0,1.000,0,0,18,321,0,11,0
16-01 22:29:18,2.000,0.500,95.732,0.250,0,5189584,283016,179220,2348660,11460.832,1457.724,0,191.964,0,18.996,1535,2091,1.200,1.770,1.170,0,0,0,0,0,18,321,0,11,0
16-01 22:29:19,1.750,1.000,96.272,0.250,0,5189584,283016,179220,2348660,12231.857,1620.378,0,108.025,0,8.002,1357,1821,1.200,1.770,1.170,0,0,0,0,0,18,321,0,11,0
16-01 22:29:20,2.499,3.498,89.202,3.248,0,5189312,283236,179220,2348684,7729.860,1619.133,0,85390.264,0,438.765,2875,2670,1.200,1.770,1.170,0,0,0.999,0,0,18,321,0,11,0
16-01 22:29:21,1.500,1.000,96.522,0.250,0,5189308,283236,179220,2348688,8730.996,1620.370,0,348.080,0,16.004,1299,1879,1.200,1.770,1.170,0,0,0,0,0,18,321,0,11,0
16-01 22:29:22,1.751,0.250,96.286,0,0,5189308,283236,179220,2348688,8378.115,1620.603,0,32.012,0,4.001,1184,1688,1.200,1.770,1.170,0,0,0,0,0,18,321,0,11,0
16-01 22:29:23,1.749,1.250,96.465,0,0,5189784,282760,179220,2348688,8658.894,1619.419,0,0,0,0,1271,1702,1.110,1.740,1.160,0,0,1.999,0,0,18,321,0,11,0
16-01 22:29:24,1.750,0.250,96.771,0,0,5189784,282760,179220,2348688,8553.858,1620.352,0,0,0,0,1144,1587,1.110,1.740,1.160,0,0,0,0,0,18,321,0,11,0
16-01 22:29:25,2.000,1.000,96.503,0,0,5189784,282760,179220,2348688,6070.182,1458.044,0,64.002,0,1.000,1167,1641,1.110,1.740,1.160,0,0,0,0,0,18,321,0,11,0
16-01 22:29:26,1.500,0.250,96.254,0,0,5189780,282760,179220,2348692,40378.688,1620.068,0,68.003,0,6.000,1216,1632,1.110,1.740,1.160,0,0,0,0,0,18,321,0,11,0
16-01 22:29:27,2.251,1.000,96.290,0.250,0,5189780,282760,179220,2348692,44157.338,1620.673,0,548.228,0,106.044,1554,1828,1.110,1.740,1.160,0,0,0,0,0,18,321,0,11,0
16-01 22:29:28,1.999,0.750,95.462,0,0,5189772,282760,179220,2348700,6726.335,1619.358,0,423.832,0,30.988,1517,2158,1.020,1.710,1.160,0,0,0,0,0,18,321,0,11,0
16-01 22:29:29,1.750,0.500,96.227,0.250,0,5189772,282760,179220,2348700,9538.683,1619.607,0,31.992,0,3.999,1275,1761,1.020,1.710,1.160,2,0,0,0,0,18,321,0,11,0
16-01 22:29:30,2.750,1.500,95.247,0.250,0,5189512,283012,179220,2348700,6963.753,1619.943,0,2919.897,0,24.999,1523,1952,1.020,1.710,1.160,0,0,1.000,0,0,18,321,0,11,0
16-01 22:29:31,3.251,1.250,93.770,0,0,5204940,267572,179220,2348712,9205.992,1620.351,0,376.081,0,32.007,1840,2499,1.020,1.710,1.160,0,0,2.000,0,0,18,323,0,11,0
16-01 22:29:32,2.750,0.500,95.506,0,0,5205164,267348,179220,2348712,7948.485,1620.099,0,84.005,0,12.001,1479,2155,1.020,1.710,1.160,0,0,1.000,0,0,18,323,0,11,0
16-01 22:29:33,1.500,1.000,96.760,0,0,5202720,269792,179220,2348712,5403.573,972.103,0,12.001,0,2.000,1220,1733,0.940,1.680,1.150,0,0,0,0,0,18,323,0,11,0
16-01 22:29:34,11.504,4.502,82.029,0,0,5234356,238120,179240,2348728,423076.641,12604.458,0,44.016,0,3.001,2843,2723,0.940,1.680,1.150,1,0,25.009,0,0,18,323,0,11,0
16-01 22:29:35,18.298,6.016,73.691,1.504,0,5239368,232724,179248,2349104,303674.976,12763.160,124.323,4335.263,6.016,118.307,4711,5605,0.940,1.680,1.150,0,1,29.076,0,0,18,323,0,9,0
