"pcp-dstat 6.2.0 CSV Output"
"Author:","PCP team <pcp@groups.io> and Dag Wieers <dag@wieers.com>",,,,"URL:","https://pcp.io/ and http://dag.wieers.com/home-made/dstat/"
"Host:","ubuntu",,,,"User:","ubuntu"
"Cmdline:","dstat -tcmndrylpg --tcp --output /tmp/devstack_logs/dstat-csv.log",,,,"Date:","19 Jan 2026 15:57:18 UTC"
"system","total usage",,,,,"memory usage",,,,"net/total",,"dsk/total",,"io/total",,"system",,"load avg",,,"procs",,,"paging",,"tcp sockets",,,,
"time","total usage:usr","total usage:sys","total usage:idl","total usage:wai","total usage:stl","used","free","buf","cach","net/total:recv","net/total:send","dsk/total:read","dsk/total:writ","read","writ","int","csw","1m","5m","15m","run","blk","new","in","out","lis","act","syn","tim","clo"
19-01 15:57:18,,1007584,1696824,163288,4953584,,,,,,,1.600,1,0.530,3,0,,,,10,5,1,17,1
19-01 15:57:19,17.244,20.243,60.729,0.500,0,1009120,1694932,163328,4953828,40392.052,8881.933,0,2163.253,0,88.969,6792,5564,1.600,1,0.530,1,0,491.830,0,0,10,5,1,17,1
19-01 15:57:20,28.925,18.452,51.367,0.249,0,1029744,1673848,163356,4954600,106160.656,8783.302,0,1332.556,0,46.879,6459,5273,1.600,1,0.530,2,0,314.188,0,0,10,4,1,17,2
19-01 15:57:21,28.995,18.247,51.490,0.750,0,1030660,1655524,163396,4971364,194496.001,12963.601,0,1663.692,0,48.991,6846,7939,1.600,1,0.530,2,0,294.945,0,0,10,4,1,17,2
19-01 15:57:22,36.360,11.284,50.654,0.752,0,1164668,1501392,164356,5111404,9720.476,1462.435,16.049,14640.395,1.003,474.439,5458,4563,1.600,1,0.530,2,0,107.325,0,0,11,6,1,17,2
19-01 15:57:23,38.409,11.972,48.385,0.499,0,1173732,1475308,164780,5126436,19727.314,1701.972,0,2079.080,0,53.873,4869,3337,1.720,1.030,0.540,3,0,194.540,0,0,11,6,1,19,2
19-01 15:57:24,43.999,5.500,48.749,1.000,0,1244704,1381716,165296,5146540,11034.750,1693.962,31.999,5083.885,2.000,233.995,3568,1801,1.720,1.030,0.540,2,0,0,0,0,11,6,1,19,2
19-01 15:57:25,44.330,5.009,48.838,1.002,0,1276248,1332532,166328,5160460,12806.141,1709.088,0,4367.893,0,159.288,3905,2676,1.720,1.030,0.540,3,1,1.002,0,0,11,8,1,19,2
19-01 15:57:26,33.181,7.734,43.909,13.222,0,1283964,1286568,168552,5193804,24514.930,1616.632,3.992,49425.036,0.998,3610.479,19599,28597,1.720,1.030,0.540,2,0,59.875,0,0,11,8,1,19,2
19-01 15:57:27,36.990,8.748,48.986,4.749,0,1264168,1316856,169340,5181616,18371.810,4382.762,0,34690.199,0,2011.432,9923,14326,1.720,1.030,0.540,2,0,95.973,0,0,11,4,1,19,0
19-01 15:57:28,44.765,6.002,48.016,0,0,1219412,1361732,169344,5181556,7049.416,1714.588,0,788.270,0,37.013,3071,1575,1.740,1.050,0.550,2,0,19.007,0,0,11,4,1,19,0
19-01 15:57:29,40.852,4.010,54.637,0,0,1232972,1341600,169444,5187336,37208.026,3908.773,0,2205.514,0,39.098,3035,1478,1.740,1.050,0.550,2,0,27.068,0,0,11,4,1,19,0
19-01 15:57:30,40.633,5.733,52.100,0.748,0,1234388,1339132,169592,5188092,44153.898,3707.328,0,6022.663,0,302.130,4083,3210,1.740,1.050,0.550,1,0,17.948,0,0,11,5,1,19,0
19-01 15:57:31,45.779,6.004,46.029,0.750,0,1242632,1322808,170172,5194184,32023.049,2640.653,0,8913.581,0,364.228,12028,19857,1.740,1.050,0.550,3,0,9.006,0,0,11,4,1,19,0
19-01 15:57:32,32.572,23.051,42.093,0.501,0,1201048,1363744,170224,5194652,14636.321,1515.346,0,4698.375,0,196.434,15226,22666,1.740,1.050,0.550,2,0,532.175,0,0,11,4,1,19,0
19-01 15:57:33,34.883,21.926,42.358,0,0,1129096,1450180,170284,5182216,7655.337,1688.340,0,1407.282,0,103.653,6669,7725,1.760,1.070,0.560,2,0,339.861,0,0,11,4,1,19,0
19-01 15:57:34,62.380,13.528,24.802,0,0,1202648,1376564,170304,5182360,9032.765,1623.372,0,4.008,0,1.002,4293,2566,1.760,1.070,0.560,3,0,156.325,0,0,11,5,1,19,0
19-01 15:57:35,50.422,5.492,43.183,0,0,1264764,1313836,170316,5182936,7231.862,1617.509,0,207.680,0,5.991,3159,1396,1.760,1.070,0.560,2,0,49.923,0,0,11,5,1,19,0
19-01 15:57:36,43.409,7.734,47.401,0,0,1279860,1296756,170356,5184868,5899.679,1616.624,0,938.041,0,70.852,3000,2548,1.760,1.070,0.560,3,0,0,0,0,11,5,1,19,0
19-01 15:57:37,10.021,6.263,83.678,0.251,0,1298540,1277628,170372,5185256,8681.506,1623.461,0,2405.127,0,142.303,3005,3510,1.760,1.070,0.560,1,0,118.252,0,0,11,4,1,20,0
19-01 15:57:38,17.792,5.012,75.928,0.251,0,1344668,1231496,170376,5185260,8218.225,1623.799,0,23980.098,0,78.183,2155,1665,1.700,1.070,0.560,3,0,22.052,0,0,11,4,1,20,0
19-01 15:57:39,22.948,2.494,73.584,0,0,1376256,1199904,170376,5185264,6826.596,1616.353,0,0,0,0,1731,1131,1.700,1.070,0.560,1,0,0,0,0,11,4,1,18,0
19-01 15:57:40,23.504,1.500,72.262,1.250,0,1397080,1178756,170456,5185508,9665.643,1620.275,0,5388.916,0,426.072,3964,4653,1.700,1.070,0.560,1,0,1.000,0,0,11,10,1,18,0
19-01 15:57:41,20.553,5.013,72.937,0.501,0,1335884,1239600,170740,5185588,8822.651,1461.753,372.958,3124.020,20.051,181.466,2651,2344,1.700,1.070,0.560,2,0,42.108,0,0,11,4,1,20,0
19-01 15:57:42,19.449,1.745,77.795,0.249,0,1359740,1215460,170744,5185804,12531.989,4064.294,0,618.371,0,23.937,1942,1492,1.700,1.070,0.560,1,0,0.997,0,0,11,11,1,20,0
19-01 15:57:43,11.495,2.999,73.216,11.495,0,1358024,1216808,170804,5186032,10042.367,4186.069,267.876,21250.197,65.970,133.938,2256,2443,1.640,1.060,0.560,1,0,1.000,0,0,11,25,1,16,0
19-01 15:57:44,19.003,5.751,74.510,0,0.250,1353656,1221040,170804,5186176,9326.282,4867.669,0,0,0,0,2462,1928,1.640,1.060,0.560,1,0,45.006,0,0,11,28,1,17,0
19-01 15:57:45,18.253,2.751,78.015,0,0,1397336,1177356,170804,5186180,13400.565,5772.105,0,0,0,0,1725,1226,1.640,1.060,0.560,1,0,0,0,0,11,29,1,17,0
19-01 15:57:46,24.010,10.755,64.528,0,0,1430400,1144264,170804,5186208,9789.202,4464.916,0,20.009,0,4.002,3596,2748,1.640,1.060,0.560,2,0,156.067,0,0,11,28,1,18,0
19-01 15:57:47,37.072,5.010,57.863,0,0,1522248,1052408,170804,5186216,11076.579,6408.485,0,2268.419,0,14.027,2899,2025,1.640,1.060,0.560,2,0,0,0,0,11,30,1,18,0
19-01 15:57:48,35.238,4.748,57.980,0.250,0,1424232,1150216,170816,5186412,23076.141,15567.698,0,4422.494,0,79.973,5299,6669,1.510,1.050,0.560,2,0,15.995,0,0,11,28,1,19,0
19-01 15:57:49,65.285,28.515,6.003,0,0,1520804,1053596,170816,5186460,7719.137,1598.857,0,800.429,0,25.013,5924,4938,1.510,1.050,0.560,6,0,562.301,0,0,11,28,1,19,0
19-01 15:57:50,86.511,11.251,2.500,0,0,1714764,859620,170816,5186472,22167.755,15589.937,0,0,0,0,5432,3661,1.510,1.050,0.560,6,0,0,0,0,11,32,1,19,0
19-01 15:57:51,75.748,8.750,15.000,0.250,0,1725132,848992,170832,5186704,38067.997,29882.213,0,719.981,0,68.998,8484,12614,1.510,1.050,0.560,7,0,46.999,0,0,11,29,1,23,1
19-01 15:57:52,29.433,11.474,56.871,0,0,1491052,1083024,170844,5186744,8792.009,4745.210,0,367.165,0,34.921,4340,4582,1.510,1.050,0.560,1,0,263.401,0,0,11,28,1,23,0
19-01 15:57:53,24.981,6.245,67.948,0.500,0,1481388,1092684,170844,5186744,11234.428,3587.263,0,34365.780,0,495.622,3828,16492,1.470,1.040,0.560,0,0,35.973,0,0,11,29,1,24,0
19-01 15:57:54,16.762,3.002,78.807,0.250,0,1443420,1130740,170844,5186760,16405.905,6544.749,0,908.659,0,20.015,3041,3385,1.470,1.040,0.560,1,0,22.016,0,0,11,28,1,25,0
19-01 15:57:55,20.537,6.011,73.634,0,0,1460140,1114012,170852,5186760,10115.389,1622.950,0,152.277,0,9.016,2356,1636,1.470,1.040,0.560,1,0,46.084,0,0,11,28,1,25,0
19-01 15:57:56,15.210,1.745,82.037,0.249,0,1448896,1125244,170856,5186768,15312.195,7781.771,0,1767.406,0,86.774,2483,2530,1.470,1.040,0.560,1,0,0,0,0,11,29,1,24,0
19-01 15:57:57,11.524,18.037,68.891,0.501,0,1367320,1206772,170888,5186784,7493.305,2525.158,0,1222.497,0,80.164,5846,5068,1.470,1.040,0.560,1,0,442.905,0,0,11,28,1,25,0
19-01 15:57:58,53.299,31.029,15.765,0,0,1486608,1087428,170896,5186832,10316.506,1621.494,0,64595.520,0,209.193,6489,5245,1.750,1.110,0.590,5,0,596.550,0,0,11,28,1,25,0
19-01 15:57:59,83.918,9.491,6.244,0,0,1667472,906544,170900,5186848,29090.482,14536.749,0,1146.876,0,12.987,5362,3290,1.750,1.110,0.590,4,0,0,0,0,11,32,1,25,0
19-01 15:58:00,71.077,10.511,17.019,0.250,0,1669324,904440,170932,5187064,83416.858,37024.327,0,376.410,0,49.053,9514,15816,1.750,1.110,0.590,6,0,60.065,0,0,11,30,1,25,0
19-01 15:58:01,80.841,18.963,0.250,0,0,1584956,988760,170936,5187108,34898.456,2618.856,0,1441.169,0,155.694,6076,4703,1.750,1.110,0.590,6,0,249.510,0,0,11,28,1,26,0
19-01 15:58:02,88.906,10.268,0.751,0,0,1732220,841408,170940,5187188,35272.762,14912.111,0,184.323,0,10.018,5466,3445,1.750,1.110,0.590,3,0,1.002,0,0,11,32,1,26,0
19-01 15:58:03,77.227,9.997,11.497,0,0,1744200,829056,170948,5187548,51802.598,41354.704,0,775.769,0,41.988,8581,14247,2.010,1.180,0.610,4,0,63.981,0,0,11,32,1,28,0
19-01 15:58:04,48.940,13.983,36.456,0.250,0,1554040,1019032,170956,5187724,20452.110,11451.064,0,323.606,0,26.967,5880,7177,2.010,1.180,0.610,2,0,233.716,0,0,11,28,1,31,0
19-01 15:58:05,36.463,4.995,58.190,0,0,1547276,1025776,170964,5187736,66259.171,8531.267,0,119.877,0,9.990,3282,1868,2.010,1.180,0.610,1,0,0,0,0,11,30,1,31,0
19-01 15:58:06,41.866,17.298,40.613,0,0,1515376,1057552,170980,5187804,20776.565,13206.591,0,244.678,0,27.075,6608,7658,2.010,1.180,0.610,4,0,334.928,0,0,11,28,1,33,0
19-01 15:58:07,60.310,8.722,29.906,0,0,1571216,1001688,170992,5187816,14335.719,8873.971,0,187.408,0,10.965,3786,2099,2.010,1.180,0.610,1,0,49.843,0,0,11,31,1,33,0
19-01 15:58:08,49.839,5.259,43.828,0.250,0,1567796,1004904,171004,5188008,39408.179,22245.616,0,392.699,0,38.068,7219,9357,2.010,1.190,0.620,3,0,0,0,0,11,29,1,32,0
19-01 15:58:09,74.847,21.528,4.256,0.250,0,1541096,1031592,171008,5188028,10345.464,1991.592,0,296.386,0,21.027,5455,3410,2.010,1.190,0.620,4,0,258.336,0,0,11,28,1,32,0
19-01 15:58:10,68.453,6.496,23.984,0,0,1616124,956520,171012,5188068,42708.893,23608.910,0,211.856,0,16.988,5833,5811,2.010,1.190,0.620,2,0,0,0,0,11,32,1,32,0
19-01 15:58:11,57.029,18.009,24.262,0,0.250,1521288,1051120,171040,5188276,28649.718,20218.386,0,1104.567,0,90.046,8299,11136,2.010,1.190,0.620,4,0,324.167,0,0,11,28,1,35,0
19-01 15:58:12,60.392,7.237,31.444,0,0,1582572,989816,171048,5188288,14224.548,7526.533,0,179.678,0,9.982,3805,1777,2.010,1.190,0.620,3,0,0.998,0,0,11,31,1,32,0
19-01 15:58:13,49.335,5.259,44.827,0,0,1567292,1005032,171052,5188348,40450.300,24426.848,0,993.702,0,20.034,6897,9046,2.010,1.200,0.630,3,0,1.002,0,0,11,29,1,34,0
19-01 15:58:14,56.760,19.254,24.004,0,0,1542912,1029376,171064,5188372,6746.234,2159.395,0,712.130,0,25.005,4963,3577,2.010,1.200,0.630,3,0,298.055,0,0,11,28,1,34,0
19-01 15:58:15,51.510,5.001,43.258,0,0,1571452,1000684,171064,5188524,20572.874,17039.209,0,120.023,0,7.001,4340,4134,2.010,1.200,0.630,1,0,0,0,0,11,31,1,34,0
19-01 15:58:16,53.995,16.748,28.747,0.250,0.250,1474768,1097016,171072,5188836,27003.578,14281.719,0,567.949,0,45.996,6519,7540,2.010,1.200,0.630,4,0,286.974,0,0,11,28,1,34,0
19-01 15:58:17,53.249,6.000,39.249,0,0,1548664,1022980,171072,5188976,18215.540,11746.703,0,2455.938,0,96.998,4035,2765,2.010,1.200,0.630,5,0,0,0,0,11,31,1,34,0
19-01 15:58:18,53.244,8.999,37.496,0,0,1450060,1121520,171076,5189036,24449.378,17350.140,0,255.973,0,32.996,6761,8148,2.010,1.220,0.630,3,0,111.988,0,0,11,28,1,36,0
19-01 15:58:19,65.082,10.224,24.188,0,0,1562156,1009412,171076,5189048,16599.191,1508.111,0,343.115,0,11.969,3927,1511,2.010,1.220,0.630,4,0,0,0,0,11,28,1,36,0
19-01 15:58:20,42.531,5.754,51.037,0,0,1586740,984764,171080,5189108,32278.274,26070.798,0,316.228,0,25.018,6077,7814,2.010,1.220,0.630,7,0,0,0,0,11,30,1,37,0
19-01 15:58:21,65.550,27.521,6.755,0.500,0,1516556,1054884,171092,5189160,11613.852,2891.204,0,1240.946,0,96.073,6442,6256,2.010,1.220,0.630,12,0,578.441,0,0,11,28,1,38,0
19-01 15:58:22,82.093,17.270,0.250,0,0,1666400,905008,171092,5189192,11763.391,3836.367,0,0,0,0,5507,4491,2.010,1.220,0.630,5,0,372.424,0,0,11,29,2,38,0
19-01 15:58:23,79.007,18.252,2.500,0,0,1764220,806980,171092,5189400,38581.496,33916.073,0,220.020,0,11.001,7664,8934,2.250,1.280,0.660,6,0,417.038,0,0,11,33,1,38,0
19-01 15:58:24,75.246,22.499,2.250,0,0,1672012,898932,171124,5189648,38521.195,30021.594,0,4083.809,0,184.991,7917,9152,2.250,1.280,0.660,4,0,427.980,0,0,11,29,1,37,0
19-01 15:58:25,83.525,13.464,2.743,0,0,1660720,910192,171136,5189668,12743.683,7078.937,0,191.484,0,18.949,5133,2802,2.250,1.280,0.660,2,0,59.839,0,0,11,31,1,37,0
19-01 15:58:26,75.955,8.022,15.291,0,0,1680428,890284,171136,5189868,43648.748,35329.305,0,116.314,0,8.022,6814,10961,2.250,1.280,0.660,4,0,0,0,0,11,32,1,38,0
19-01 15:58:27,49.002,19.751,30.751,0,0,1477084,1093544,171136,5189952,28402.173,19585.809,0,144.006,0,12.000,7845,10212,2.250,1.280,0.660,2,0,537.022,0,0,11,28,1,42,0
19-01 15:58:28,25.746,31.995,41.994,0,0,1477120,1093472,171136,5189988,7603.852,1551.766,0,47.993,0,11.998,6618,5720,2.070,1.260,0.650,5,0,826.875,0,0,11,28,1,42,0
19-01 15:58:29,74.742,17.248,7.749,0,0,1593052,977516,171136,5190012,19737.818,7570.163,0,27.997,0,4.000,4967,3265,2.070,1.260,0.650,3,0,237.974,0,0,11,30,1,42,0
19-01 15:58:30,61.008,7.251,30.504,0,0,1589812,980556,171152,5190196,72191.387,23860.103,0,560.073,0,47.006,6752,8989,2.070,1.260,0.650,3,0,56.007,0,0,11,30,1,44,0
19-01 15:58:31,72.757,20.252,6.751,0.250,0,1549644,1020652,171168,5190252,37245.333,6422.575,0,444.040,0,43.004,6172,5517,2.070,1.260,0.650,4,0,212.019,0,0,11,28,1,46,0
19-01 15:58:32,69.921,6.992,22.974,0,0,1613332,956932,171168,5190284,27913.631,20092.420,0,227.744,0,11.987,5381,4978,2.070,1.260,0.650,3,0,0.999,0,0,11,32,1,46,0
19-01 15:58:33,52.797,6.506,39.285,0,0,1613068,956932,171168,5190548,48647.260,40680.176,0,180.160,0,10.009,10943,17989,2.220,1.300,0.670,3,0,0,0,0,11,32,1,46,0
19-01 15:58:34,68.447,14.738,15.738,0,0,1493648,1076140,171176,5190752,27792.291,17624.233,0,615.519,0,63.950,8867,11518,2.220,1.300,0.670,4,0,119.906,0,0,11,28,1,46,0
19-01 15:58:35,75.992,9.499,14.748,0,0,1609408,960328,171176,5190804,17758.182,12365.734,0,223.977,0,15.998,5084,3348,2.220,1.300,0.670,4,0,0,0,0,11,31,1,46,0
19-01 15:58:36,55.812,6.007,37.041,0.250,0,1618700,950780,171188,5191048,45931.266,36255.466,0,176.197,0,9.010,8590,13984,2.220,1.300,0.670,4,0,0,0,0,11,32,1,46,0
19-01 15:58:37,60.249,11.250,27.750,0,0,1526532,1042712,171192,5191280,41639.430,32922.549,0,171.998,0,11.000,9525,14475,2.220,1.300,0.670,4,0,136.998,0,0,11,28,1,49,0
19-01 15:58:38,79.501,14.750,5.500,0,0,1578324,990892,171196,5191304,10769.165,5373.082,0,156.002,0,6.000,4765,2607,2.370,1.350,0.690,4,0,123.002,0,0,11,29,1,49,0
19-01 15:58:39,62.708,6.745,29.730,0,0,1619396,949616,171200,5191504,34422.875,29436.225,0,215.855,0,11.992,6602,9351,2.370,1.350,0.690,2,0,0,0,0,11,32,1,49,0
19-01 15:58:40,68.022,13.004,18.256,0.250,0,1567932,1000880,171208,5191696,29494.441,19894.368,0,352.113,0,26.008,7689,10909,2.370,1.350,0.690,4,0,98.031,0,0,11,29,1,51,0
19-01 15:58:41,77.004,9.750,13.001,0,0,1613880,954892,171212,5191732,19291.982,13581.691,0,224.011,0,22.001,5238,3814,2.370,1.350,0.690,3,0,30.002,0,0,11,31,1,49,0
19-01 15:58:42,66.483,12.997,20.245,0.250,0,1631680,937040,171220,5191776,25430.561,17105.669,0,315.920,0,34.991,6160,6973,2.370,1.350,0.690,4,0,120.969,0,0,11,30,1,51,0
19-01 15:58:43,67.722,7.497,23.990,0,0,1644128,924372,171232,5191948,35013.381,27061.701,0,1551.352,0,24.990,6706,10877,2.420,1.380,0.700,5,0,2.999,0,0,11,33,1,52,0
19-01 15:58:44,70.810,12.761,15.763,0,0,1572404,995896,171232,5192148,31446.503,22068.599,0,220.186,0,15.013,6892,9495,2.420,1.380,0.700,4,0,142.120,0,0,11,32,1,55,0
19-01 15:58:45,75.481,13.247,11.747,0,0.250,1572780,995504,171236,5192164,17495.484,10573.271,0,163.958,0,9.997,5071,3941,2.420,1.380,0.700,5,0,85.978,0,0,11,34,1,54,0
19-01 15:58:46,69.720,10.745,18.742,0,0,1627420,940788,171244,5192232,27105.179,22093.365,0,111.951,0,7.997,6097,7318,2.420,1.380,0.700,5,0,67.970,0,0,11,34,1,56,0
19-01 15:58:47,63.319,12.714,23.433,0,0,1582996,985020,171256,5192412,20449.438,15133.661,0,374.926,0,42.877,5187,6030,2.420,1.380,0.700,1,0,137.606,0,0,11,34,1,58,0
19-01 15:58:48,50.115,10.023,38.087,0,0,1511144,1056852,171264,5192424,33470.813,11159.610,0,4297.863,0,179.412,4813,4235,2.620,1.440,0.730,3,0,90.207,0,0,11,33,1,60,0
19-01 15:58:49,55.258,9.251,35.255,0,0,1556364,1011568,171268,5192484,21482.293,12875.974,0,220.034,0,18.003,4879,4796,2.620,1.440,0.730,3,0,47.007,0,0,11,33,1,59,0
19-01 15:58:50,51.958,10.492,36.471,0.250,0,1542420,1025340,171268,5192656,23817.974,15826.358,0,195.844,0,10.991,5771,6562,2.620,1.440,0.730,2,0,121.903,0,0,11,33,1,60,0
19-01 15:58:51,54.801,10.260,34.532,0,0,1540720,1026976,171268,5192720,70636.974,11954.165,0,196.183,0,12.011,5790,5227,2.620,1.440,0.730,3,0,43.040,0,0,11,33,1,61,0
19-01 15:58:52,42.522,7.004,49.525,0.250,0,1522968,1044680,171272,5192764,26338.333,17485.851,0,176.089,0,14.007,4679,5652,2.620,1.440,0.730,1,0,87.044,0,0,11,34,1,62,0
19-01 15:58:53,36.266,8.004,54.524,0,0,1505940,1061532,171276,5195544,20043.964,11087.959,0,404.181,0,35.016,5279,9672,2.570,1.450,0.730,3,0,101.045,0,0,11,32,1,58,0
19-01 15:58:54,39.393,8.726,50.862,0,0,1488548,1078916,171276,5192944,21166.374,6475.371,0,307.164,0,38.894,3961,7875,2.570,1.450,0.730,3,0,69.810,0,0,11,33,1,59,0
19-01 15:58:55,36.496,5.749,57.243,0,0,1488212,1079232,171280,5192960,18376.908,10745.777,0,559.936,0,47.995,3836,3836,2.570,1.450,0.730,2,0,33.996,0,0,11,33,1,60,0
19-01 15:58:56,35.475,8.744,54.211,0,0,1468316,1099056,171288,5193024,14617.566,7053.965,0,179.872,0,15.989,4117,4231,2.570,1.450,0.730,3,0,103.926,0,0,11,33,1,61,0
19-01 15:58:57,36.777,6.505,56.292,0.250,0,1510636,1056712,171300,5193036,28010.784,8279.143,0,304.226,0,29.022,3853,3173,2.570,1.450,0.730,2,0,60.045,0,0,11,33,1,59,0
19-01 15:58:58,37.946,4.244,56.669,0,0,1533472,1033848,171304,5193060,19996.586,10240.449,0,211.699,0,15.977,3276,3730,2.530,1.460,0.740,3,0,0,0,0,11,32,2,60,0
19-01 15:58:59,37.375,6.522,56.439,0,0,1516148,1051148,171308,5193080,19615.798,10766.113,0,216.727,0,15.050,4761,4959,2.530,1.460,0.740,2,0,5.017,0,0,11,33,1,60,0
19-01 15:59:00,35.229,7.246,55.967,0,0,1528844,1038416,171316,5193104,79195.841,11618.082,0,231.862,0,10.993,4435,4025,2.530,1.460,0.740,1,0,42.974,0,0,11,33,1,61,0
19-01 15:59:01,36.449,5.742,57.171,0,0,1528084,1039076,171328,5193192,29668.861,8934.611,0,283.607,0,25.964,3472,3336,2.530,1.460,0.740,2,0,4.993,0,0,11,33,1,61,0
19-01 15:59:02,33.820,5.261,60.124,0.251,0,1518964,1048036,171332,5193348,19020.180,13655.129,0,236.487,0,21.043,4367,5309,2.530,1.460,0.740,2,0,27.056,0,0,11,33,1,62,0
19-01 15:59:03,19.965,11.230,67.383,0.250,0,1462536,1104380,171336,5193428,20106.030,7087.672,0,319.444,0,21.962,4961,5332,2.410,1.450,0.740,1,0,255.556,0,0,11,32,1,63,0
19-01 15:59:04,21.237,2.998,75.454,0,0,1474880,1092028,171340,5193432,9191.447,3587.832,0,143.913,0,9.994,1780,1213,2.410,1.450,0.740,0,0,0,0,0,11,33,1,63,0
19-01 15:59:05,15.278,2.004,81.397,0.501,0,1461132,1105624,171348,5193576,17001.760,9117.496,0,2552.618,0,145.263,3174,3696,2.410,1.450,0.740,1,0,2.004,0,0,11,33,1,58,0
19-01 15:59:06,14.486,14.486,69.932,0.250,0,1388388,1178344,171352,5193592,8501.699,2533.526,0,271.735,0,28.972,4533,3753,2.410,1.450,0.740,1,0,289.717,0,0,11,32,1,59,0
19-01 15:59:07,18.741,2.499,77.964,0,0,1429176,1137548,171356,5193596,11107.814,3973.145,0,187.912,0,8.996,1867,1425,2.410,1.450,0.740,1,0,0,0,0,11,33,1,59,0
19-01 15:59:08,19.005,2.751,76.771,0,0,1391092,1175600,171368,5193616,17714.847,10064.754,0,520.142,0,36.010,3539,4092,2.210,1.420,0.740,1,0,2.001,0,0,11,32,1,60,0
19-01 15:59:09,19.744,6.498,72.977,0,0,1436464,1130228,171368,5193616,6591.959,1661.485,0,3.999,0,1.000,2092,1448,2.210,1.420,0.740,1,0,43.986,0,0,11,32,1,57,0
19-01 15:59:10,16.506,2.001,80.777,0,0,1441444,1125232,171368,5193632,14837.986,9889.323,0,40.013,0,1.000,2466,2750,2.210,1.420,0.740,1,0,0,0,0,11,33,1,57,0
19-01 15:59:11,17.042,7.017,75.185,0,0,1419536,1147020,171376,5193736,17201.439,7490.480,0,332.821,0,30.074,4998,5836,2.210,1.420,0.740,1,0,140.346,0,0,11,32,1,57,0
19-01 15:59:12,18.489,21.237,58.715,0.250,0,1436056,1130404,171384,5193824,7296.615,1619.027,0,399.760,0,24.985,6121,4905,2.210,1.420,0.740,2,0,486.708,0,0,11,32,1,59,0
19-01 15:59:13,43.658,6.237,48.896,0,0,1546512,1018600,171416,5194992,8549.895,1690.420,0,263.442,0,6.985,2915,1497,2.200,1.430,0.750,2,0,1.996,0,0,11,32,1,59,0
19-01 15:59:14,39.301,7.009,43.557,9.763,0,1524228,1033592,172324,5200872,6889.946,1642.132,0,26514.427,0,2875.734,18562,25574,2.200,1.430,0.750,4,0,127.165,0,0,11,36,1,54,0
19-01 15:59:15,39.047,8.010,41.299,9.511,0,1573428,982324,172972,5202188,8719.399,1587.894,0,51697.659,0,4298.126,20956,30619,2.200,1.430,0.750,3,0,42.050,0,0,11,32,1,54,0
19-01 15:59:16,45.131,6.732,46.129,1.247,0,1481380,1074320,173004,5202208,7379.584,1689.555,0,13739.850,0,760.000,5191,4892,2.200,1.430,0.750,2,0,7.979,0,0,11,32,1,54,0
19-01 15:59:17,39.859,6.518,44.121,7.771,0,1537840,1016988,173448,5202632,6057.634,1698.665,0,12694.860,0,2115.810,16004,22673,2.200,1.430,0.750,5,0,2.006,0,0,11,34,1,54,0
19-01 15:59:18,30.920,8.977,56.854,2.244,0,1455968,1098556,173652,5202728,5894.823,1689.650,0,9742.916,0,864.774,6977,7975,2.180,1.440,0.750,2,0,100.741,0,0,11,32,1,51,0
19-01 15:59:19,22.748,3.500,71.994,0.750,0,1516084,1038348,173740,5202728,10629.155,1619.871,0,12283.023,0,721.943,3746,4074,2.180,1.440,0.750,1,0,0,0,0,11,32,1,51,0
19-01 15:59:20,23.500,3.250,73.251,0.500,0,1494800,1059592,173756,5202748,23745.199,1694.014,0,2196.018,0,104.001,2316,1539,2.180,1.440,0.750,1,0,3.000,0,0,11,32,1,51,0
19-01 15:59:21,22.499,3.500,73.246,0,0,1514364,1040024,173760,5202748,9135.446,1619.902,0,111.993,0,11.999,1851,1325,2.180,1.440,0.750,2,0,0,0,0,11,32,1,51,0
19-01 15:59:22,22.729,3.247,73.183,0,0,1485524,1068852,173760,5202760,7690.976,1456.670,0,0,0,0,1779,1135,2.180,1.440,0.750,3,0,3.996,0,0,11,32,1,47,0
19-01 15:59:23,21.524,3.754,73.581,0,0,1500904,1053468,173760,5202764,37407.083,1707.876,0,8.009,0,2.002,2125,1222,2.080,1.440,0.750,2,0,0,0,0,11,32,1,47,0
19-01 15:59:24,22.483,3.247,73.943,0,0,1472760,1081532,173760,5202836,9079.977,1692.691,0,0,0,0,1761,1117,2.080,1.440,0.750,3,0,2.998,0,0,11,32,1,47,0
19-01 15:59:25,22.261,3.752,73.537,0.250,0,1496904,1057388,173760,5202836,7087.527,1620.806,0,1748.870,0,203.101,2124,1296,2.080,1.440,0.750,2,0,2.001,0,0,11,32,1,47,0
19-01 15:59:26,23.003,2.250,73.509,0,0,1467516,1086684,173760,5202924,32537.777,1748.203,0,204.024,0,2.000,1967,1050,2.080,1.440,0.750,4,0,1.000,0,0,11,32,1,46,0
19-01 15:59:27,22.504,3.751,73.763,0,0,1455700,1098476,173768,5202956,7660.304,1620.276,0,140.024,0,10.002,1997,1661,2.080,1.440,0.750,2,0,1.000,0,0,11,32,1,46,0
19-01 15:59:28,22.499,3.500,73.495,0.250,0,1476340,1077800,173772,5202956,6023.621,1713.892,0,323.980,0,21.999,1826,1267,2,1.430,0.750,3,0,0,0,0,11,32,1,46,0
19-01 15:59:29,22.000,3.250,73.749,0,0,1451572,1102548,173772,5202976,24798.713,1619.981,0,4.000,0,1.000,2031,1159,2,1.430,0.750,1,0,3.000,0,0,11,32,1,46,0
19-01 15:59:30,22.741,3.499,73.720,0,0,1481808,1072300,173776,5202984,49802.441,1619.332,0,7.997,0,1.999,1856,1345,2,1.430,0.750,1,0,1.000,0,0,11,32,1,41,0
19-01 15:59:31,22.506,2.751,73.771,0,0,1457836,1096248,173776,5203004,37232.557,1458.414,0,0,0,0,1861,1302,2,1.430,0.750,1,0,1.000,0,0,11,32,1,41,0
19-01 15:59:32,23.254,2.500,73.514,0,0,1450560,1103512,173776,5203016,14662.734,1694.316,0,0,0,0,1879,1144,2,1.430,0.750,1,0,8.001,0,0,11,32,1,41,0
19-01 15:59:33,8.766,21.790,68.876,0,0,1441040,1112856,173780,5203156,6468.857,1622.975,0,741.359,0,9.017,6189,4654,2,1.440,0.760,2,0,472.867,0,0,11,32,1,41,0
19-01 15:59:34,8.743,19.984,69.695,0,0,1427084,1126632,173780,5203332,8716.149,1618.728,0,539.576,0,8.993,5980,4499,2,1.440,0.760,1,0,416.672,0,0,11,32,1,37,0
19-01 15:59:35,8.257,21.520,69.313,0,0,1421660,1131952,173780,5203396,13195.974,1621.471,0,92.084,0,2.002,6319,4733,2,1.440,0.760,1,0,471.428,0,0,11,32,1,37,0
19-01 15:59:36,22.207,3.743,73.856,0,0,1458048,1095580,173780,5203380,5697.864,1616.840,0,339.337,0,3.992,1901,1318,2,1.440,0.760,1,0,7.984,0,0,11,32,1,37,0
19-01 15:59:37,23.001,2.750,73.252,0,0,1452700,1100912,173780,5203396,8718.220,1620.041,0,208.005,0,11.000,2084,1564,2,1.440,0.760,1,0,3.000,0,0,11,32,1,37,0
19-01 15:59:38,22.752,3.250,73.256,0,0,1517172,1036460,173780,5203376,8416.720,1620.139,0,348.030,0,23.002,1982,1447,1.920,1.430,0.760,1,0,0,0,0,11,32,1,33,0
19-01 15:59:39,21.999,3.500,73.496,0,0,1511960,1041652,173780,5203396,9779.446,1619.908,0,19.999,0,1.000,1853,1129,1.920,1.430,0.760,1,0,3.000,0,0,11,32,1,33,0
19-01 15:59:40,22.484,3.497,73.696,0,0,1496412,1057204,173784,5203388,7143.763,1456.932,0,35.974,0,0.999,1817,1218,1.920,1.430,0.760,1,0,1.999,0,0,11,32,1,33,0
19-01 15:59:41,22.016,3.252,73.802,0,0,1485304,1068300,173784,5203400,9414.634,1621.142,0,24.017,0,3.002,1793,1183,1.920,1.430,0.760,1,0,1.001,0,0,11,32,1,33,0
19-01 15:59:42,22.250,3.250,73.250,0,0,1522512,1031112,173784,5203380,9436.014,1620.002,0,0,0,0,1921,1391,1.920,1.430,0.760,1,0,3.000,0,0,11,32,1,29,0
19-01 15:59:43,22.500,3.500,74.002,0,0,1505068,1048536,173784,5203400,7664.167,1620.035,0,84.002,0,3.000,1834,1175,1.840,1.420,0.760,1,0,1.000,0,0,11,32,1,29,0
19-01 15:59:44,22.252,3.250,73.255,0,0,1512100,1041512,173784,5203392,10469.708,1620.110,0,0,0,0,1831,1229,1.840,1.420,0.760,1,0,2.000,0,0,11,32,1,29,0
19-01 15:59:45,22.748,3.500,73.994,0,0,1490352,1063272,173784,5203380,7657.393,1619.872,0,31.997,0,3.000,1850,1258,1.840,1.420,0.760,1,0,1.000,0,0,11,32,1,29,0
19-01 15:59:46,21.969,3.745,73.146,0,0,1521092,1032532,173784,5203380,8536.884,1617.704,0,2065.069,0,7.989,1913,1207,1.840,1.420,0.760,1,0,1.997,0,0,11,32,1,23,0
19-01 15:59:47,22.751,3.500,73.003,0.250,0,1491744,1061928,173792,5203324,9389.414,1620.071,0,268.012,0,15.001,2070,1640,1.840,1.420,0.760,1,0,1.000,0,0,11,32,1,23,0
19-01 15:59:48,22.282,3.255,73.355,0,0,1533508,1020160,173796,5203324,5615.041,1568.246,0,300.430,0,22.032,1842,1196,1.780,1.420,0.770,1,0,2.003,0,0,11,32,1,23,0
19-01 15:59:49,22.998,2.750,73.993,0,0,1500648,1052940,173796,5203400,5734.460,1693.840,0,87.992,0,1.000,1734,1154,1.780,1.420,0.770,1,0,1.000,0,0,11,32,1,23,0
19-01 15:59:50,22.245,3.749,73.483,0,0,1480284,1073312,173796,5203392,9159.893,1511.652,0,635.854,0,112.974,1995,1341,1.780,1.420,0.770,1,0,1.000,0,0,11,32,1,17,0
19-01 15:59:51,22.759,2.751,73.529,0,0,1498364,1055232,173796,5203392,9293.609,1620.629,0,0,0,0,1848,1241,1.780,1.420,0.770,1,0,2.001,0,0,11,32,1,17,0
19-01 15:59:52,22.500,3.500,73.498,0,0,1469868,1083728,173796,5203392,9879.782,1619.964,0,20.000,0,1.000,1862,1280,1.780,1.420,0.770,1,0,2.000,0,0,11,32,1,17,0
19-01 15:59:53,22.499,3.000,73.747,0,0,1488768,1064808,173796,5203412,9083.609,1619.930,0,79.997,0,4.000,1803,1238,1.710,1.410,0.770,2,0,1.000,0,0,11,32,1,17,0
19-01 15:59:54,27.997,5.249,66.494,0,0,1510120,1043468,173796,5203400,11801.854,1661.839,0,0,0,0,3005,11037,1.710,1.410,0.770,1,0,37.996,0,0,11,32,1,13,0
19-01 15:59:55,17.548,9.777,71.946,0,0,1486252,1067280,173796,5203440,11010.924,1570.267,0,92.251,0,5.014,3434,2470,1.710,1.410,0.770,1,0,191.520,0,0,11,32,1,13,0
19-01 15:59:56,15.218,13.222,70.850,0,0,1500496,1053012,173796,5203464,7540.028,1616.576,0,191.594,0,6.985,4162,3199,1.710,1.410,0.770,2,0,268.431,0,0,11,32,1,13,0
19-01 15:59:57,23.735,2.249,73.455,0,0,1535196,1018112,173796,5203664,9709.017,1619.002,0,163.899,0,8.994,1932,1483,1.710,1.410,0.770,2,0,0,0,0,11,32,1,13,0
19-01 15:59:58,22.256,3.751,73.518,0.250,0,1519372,1033872,173796,5203724,11313.812,1662.413,0,372.092,0,22.005,1916,1343,1.660,1.400,0.770,3,0,9.002,0,0,11,32,1,13,0
19-01 15:59:59,21.307,5.013,72.945,0,0,1519504,1033736,173796,5203728,11642.194,1516.062,0,4.011,0,1.003,2126,1543,1.660,1.400,0.770,1,0,58.156,0,0,11,32,1,9,0
19-01 16:00:00,8.751,23.253,66.758,0.250,0,1506952,1046112,173796,5203876,38180.708,1620.200,40.005,388.048,2.000,41.005,6674,5236,1.660,1.400,0.770,3,0,554.068,0,0,11,32,1,9,0
19-01 16:00:01,7.245,22.734,67.951,0,0,1483220,1069812,173796,5203908,41974.869,1618.838,0,651.532,0,71.948,6632,5131,1.660,1.400,0.770,1,0,527.621,0,0,11,32,1,9,0
19-01 16:00:02,8.503,22.508,68.523,0,0,1457948,1095036,173796,5203944,9873.294,1620.541,0,804.268,0,9.003,6436,4911,1.660,1.400,0.770,1,0,523.175,0,0,11,32,1,9,0
19-01 16:00:03,8.751,23.003,67.758,0,0,1451060,1101900,173796,5203968,10709.226,1566.179,0,1288.148,0,14.002,6436,4979,1.600,1.400,0.770,1,0,532.061,0,0,11,32,1,6,0
19-01 16:00:04,8.236,22.213,68.636,0,0,1436560,1116372,173796,5203992,6018.996,1617.312,0,1194.015,0,12.978,6109,4519,1.600,1.400,0.770,2,0,469.220,0,0,11,32,1,6,0
19-01 16:00:05,8.008,21.022,69.822,0,0,1429932,1122964,173796,5204028,9227.519,1621.673,0,424.438,0,41.042,6062,4430,1.600,1.400,0.770,2,0,423.437,0,0,11,32,1,6,0
19-01 16:00:06,8.251,22.004,68.762,0,0,1419300,1133540,173796,5204064,9309.675,1620.291,0,496.089,0,38.007,6098,4634,1.600,1.400,0.770,1,0,450.081,0,0,11,32,1,6,0
19-01 16:00:07,8.983,21.710,68.124,0,0,1408024,1144780,173796,5204100,5893.073,1617.002,0,255.526,0,22.957,6666,5450,1.600,1.400,0.770,1,0,539.999,0,0,11,32,1,4,0
19-01 16:00:08,11.509,22.018,64.552,0.500,0,1355440,1197316,173816,5204136,8911.227,1621.315,0,664.539,0,39.032,6358,5148,1.560,1.390,0.770,5,0,509.413,0,0,11,32,1,6,0
19-01 16:00:09,48.578,23.538,27.044,0,0,1469028,1083580,173840,5204256,7504.100,1556.510,0,689.111,0,46.074,6294,5407,1.560,1.390,0.770,3,0,570.921,0,0,11,32,1,10,0
19-01 16:00:10,63.747,9.500,24.749,2.000,0,1646228,903176,173960,5207024,12866.436,1619.929,0,4803.789,0,381.983,5706,4704,1.560,1.390,0.770,2,1,18.999,0,0,11,34,1,10,0
19-01 16:00:11,47.219,10.743,27.482,11.742,0,1608320,929244,174864,5216964,8234.656,1564.984,371.759,56367.421,2.998,4218.263,22402,32702,1.560,1.390,0.770,2,0,153.900,0,0,11,36,1,10,0
19-01 16:00:12,42.465,12.490,30.475,13.239,0,1657508,868008,175376,5228064,5765.222,1618.659,0,95133.165,0,6780.381,24639,46320,1.560,1.390,0.770,2,1,105.912,0,0,11,36,1,10,0
19-01 16:00:13,44.009,9.252,31.256,12.753,0,1659652,855660,175780,5237516,16842.420,9899.010,0,90114.301,0,6764.374,28472,44205,1.990,1.480,0.810,5,0,41.008,0,0,11,37,0,10,0
19-01 16:00:14,40.553,17.022,30.790,11.014,0,1606824,901484,176176,5243816,9488.428,2891.788,256.336,37457.063,2.003,2933.843,18753,25116,1.990,1.480,0.810,2,1,304.399,0,0,11,34,0,11,0
19-01 16:00:15,46.132,17.954,23.689,10.722,0,1608064,892456,176532,5251084,7731.160,3898.994,115.703,68595.964,3.990,4772.752,24169,38028,1.990,1.480,0.810,2,0,190.511,0,0,11,35,0,9,0
19-01 16:00:16,38.332,14.030,33.572,12.276,0,1627740,869924,176656,5253604,20215.492,10279.115,773.664,50016.606,11.024,3780.133,18997,31504,1.990,1.480,0.810,3,0,141.304,0,0,11,35,0,9,0
19-01 16:00:17,31.006,9.752,42.509,15.003,0.250,1622224,872800,176800,5255992,17177.478,10171.060,1248.253,38671.831,18.004,3439.697,19877,29489,1.990,1.480,0.810,3,1,131.027,0,0,11,34,0,9,0
19-01 16:00:18,37.972,9.743,39.471,11.242,0,1618180,876464,177168,5255996,9549.896,1618.796,0,52664.822,0,4324.783,21146,30478,2.150,1.520,0.820,5,0,53.960,0,0,11,34,0,9,0
19-01 16:00:19,34.025,8.006,44.032,12.259,0,1632464,860924,177388,5256992,12695.315,6731.940,0,64863.595,0,5276.872,23618,36261,2.150,1.520,0.820,2,1,39.029,0,0,11,35,0,9,0
19-01 16:00:20,34.004,5.501,48.005,9.751,0,1620712,870492,177468,5259048,17984.966,12593.377,0,40544.432,0,3735.408,20925,32452,2.150,1.520,0.820,3,0,42.005,0,0,11,35,0,9,0
19-01 16:00:21,34.918,11.473,41.153,10.475,0,1531244,957640,177524,5261248,28271.319,5718.512,0,54982.318,0,4564.235,22626,35093,2.150,1.520,0.820,4,0,124.706,0,0,11,36,0,10,0
19-01 16:00:22,34.763,8.253,44.016,11.504,0,1570952,914408,177664,5264540,18947.878,3591.304,0,42627.473,0,3860.401,17513,30627,2.150,1.520,0.820,3,1,49.018,0,0,11,37,0,10,0
19-01 16:00:23,30.295,8.012,45.568,12.268,0,1565228,916748,177804,5267716,17591.171,9109.553,0,67620.601,0,5520.213,26780,40273,2.300,1.570,0.840,3,0,86.128,0,0,11,37,0,10,0
19-01 16:00:24,33.735,7.497,47.729,10.495,0,1560492,918848,177860,5270216,46627.601,11653.902,0,42877.242,0,4119.198,23324,35158,2.300,1.570,0.840,3,0,74.967,0,0,11,36,0,10,0
19-01 16:00:25,35.522,10.757,39.024,12.007,0,1534816,948624,177900,5266028,6487.051,1621.012,0,49835.118,0,4639.897,24965,34519,2.300,1.570,0.840,5,0,51.032,0,0,11,36,0,10,0
19-01 16:00:26,36.005,6.501,45.757,9.751,0,1554576,928752,177960,5266076,16240.371,8325.216,0,54391.942,0,4142.605,21590,30406,2.300,1.570,0.840,1,0,39.006,0,0,11,35,0,12,0
19-01 16:00:27,25.451,9.731,61.132,2.246,0,1422140,1060976,177968,5266280,29568.832,12324.173,0,19378.534,0,1061.947,9439,11928,2.300,1.570,0.840,1,0,211.591,0,0,11,33,0,12,0
19-01 16:00:28,19.238,5.996,74.206,0,0,1374368,1108732,177968,5266296,9417.362,4498.307,0,539.677,0,21.987,3071,2862,2.200,1.560,0.840,1,0,54.967,0,0,11,32,0,13,0
19-01 16:00:29,18.753,2.500,78.011,0,0,1415676,1067416,177968,5266300,14699.035,6747.934,0,404.056,0,28.004,2194,1905,2.200,1.560,0.840,1,0,0,0,0,11,33,0,13,0
19-01 16:00:30,18.257,4.752,74.528,0.250,0,1402608,1080468,177968,5266316,64659.534,5331.023,0,2016.765,0,105.040,3807,3720,2.200,1.560,0.840,1,0,34.013,0,0,11,32,0,14,0
19-01 16:00:31,19.236,2.248,77.695,0,0,1446040,1037032,177968,5266320,45415.834,3832.286,0,0,0,0,1762,1167,2.200,1.560,0.840,0,0,0,0,0,11,33,0,14,0
19-01 16:00:32,17.044,5.264,76.698,0.501,0,1421828,1061228,177968,5266336,14946.495,6141.818,0,384.992,0,15.039,3247,3071,2.200,1.560,0.840,1,0,61.158,0,0,11,32,0,15,0
19-01 16:00:33,21.941,3.989,73.551,0,0,1445436,1037612,177972,5266340,15075.271,1615.635,0,151.590,0,9.973,1827,1346,2.100,1.550,0.840,1,0,0,0,0,11,32,0,15,0
19-01 16:00:34,15.003,2.000,81.517,0,0,1446964,1035728,177972,5266696,18793.832,11274.299,0,36.007,0,1.000,3146,3640,2.100,1.550,0.840,1,0,0,0,0,11,33,0,15,0
19-01 16:00:35,21.049,6.014,72.669,0,0,1398936,1083696,177972,5266744,15543.057,2596.022,0,116.270,0,11.026,3001,2590,2.100,1.550,0.840,1,0,43.100,0,0,11,32,0,16,0
19-01 16:00:36,18.453,2.244,77.801,0,0,1436776,1045724,177972,5266876,11196.323,6692.858,0,147.622,0,12.967,1921,1563,2.100,1.550,0.840,1,0,0,0,0,11,33,0,16,0
19-01 16:00:37,15.011,5.754,78.307,0.250,0,1379272,1103216,177972,5266892,16232.897,7312.359,0,484.355,0,62.045,4309,4653,2.100,1.550,0.840,1,0,78.057,0,0,11,32,0,17,0
19-01 16:00:38,9.265,23.788,65.606,0,0,1381772,1100548,177972,5267060,7262.724,1568.532,0,284.459,0,16.026,6479,5067,2.090,1.550,0.850,4,0,569.920,0,0,11,32,0,18,0
19-01 16:00:39,60.410,12.981,25.712,0.250,0,1469640,1012480,177984,5267248,8471.345,1617.584,0,651.027,0,50.924,5060,3361,2.090,1.550,0.850,3,0,152.772,0,0,11,32,0,23,0
19-01 16:00:40,67.742,7.749,23.997,0.250,0,1646376,833092,178016,5269704,7471.135,1565.819,0,2211.744,0,60.993,3950,1617,2.090,1.550,0.850,4,0,0,0,0,11,32,0,23,0
19-01 16:00:41,63.641,7.517,25.056,0.501,0.501,1758948,715728,178160,5273820,9420.889,1623.600,0,9897.947,0,471.044,5226,3075,2.090,1.550,0.850,2,1,6.013,0,0,11,38,0,23,0
19-01 16:00:42,34.252,10.251,41.502,12.501,0,1759300,701420,178268,5287248,12277.718,1620.095,0,95641.591,0,6815.398,32258,48451,2.090,1.550,0.850,4,0,265.015,0,0,11,38,0,23,0
19-01 16:00:43,29.242,9.997,44.238,14.996,0,1759040,690836,178328,5297668,7659.982,1619.573,0,100245.588,0,7610.995,34511,51197,2.400,1.630,0.880,1,1,221.942,0,0,11,38,0,23,0
19-01 16:00:44,46.984,11.246,28.240,10.746,0,1684332,756580,178440,5306196,10047.598,1565.470,0,81280.477,0,6243.886,32380,49003,2.400,1.630,0.880,3,0,257.913,0,0,11,36,0,23,0
19-01 16:00:45,46.653,9.730,29.688,10.977,0,1736748,695848,178496,5314192,7220.997,1616.641,0,77219.563,0,5405.769,23584,37289,2.400,1.630,0.880,1,1,75.842,0,0,11,36,0,23,0
19-01 16:00:46,41.318,11.018,33.555,12.270,0.250,1782864,635900,178532,5327428,6278.259,1568.563,0,95295.715,0,6237.192,25527,41524,2.400,1.630,0.880,6,1,9.015,0,0,11,36,0,23,0
19-01 16:00:47,40.046,12.014,35.040,12.014,0,1753312,662336,178568,5330424,8622.953,1621.872,0,74293.753,0,5704.584,26007,40102,2.400,1.630,0.880,2,0,155.179,0,0,11,36,0,23,0
19-01 16:00:48,35.505,10.251,44.256,7.751,0,1477628,936292,178572,5332104,9194.304,1620.230,0,38453.454,0,2915.413,16146,21479,2.450,1.650,0.890,2,0,246.035,0,0,11,32,0,23,0
19-01 16:00:49,21.936,4.487,73.038,0.249,0,1496348,917560,178572,5332112,9638.038,1615.314,0,1471.730,0,74.783,2451,1825,2.450,1.650,0.890,1,0,48.858,0,0,11,32,0,23,0
19-01 16:00:50,22.499,3.500,72.247,0.500,0,1552840,861068,178572,5332112,9050.621,1619.932,0,6043.747,0,360.985,2933,2827,2.450,1.650,0.890,2,0,2.000,0,0,11,32,0,23,0
19-01 16:00:51,22.002,4.000,73.257,0,0,1478164,935728,178576,5332120,7890.789,1566.157,0,152.015,0,12.001,2586,2013,2.450,1.650,0.890,3,0,27.003,0,0,11,32,0,23,0
19-01 16:00:52,22.752,3.250,73.006,0,0,1482384,931508,178576,5332120,10186.782,1620.124,0,264.020,0,53.004,1986,1268,2.450,1.650,0.890,2,0,2.000,0,0,11,32,0,23,0
19-01 16:00:53,23.500,3.000,73.999,0.250,0,1523040,890844,178576,5332128,7023.875,1565.972,0,135.998,0,19.000,1975,1464,2.420,1.660,0.890,2,0,2.000,0,0,11,34,0,23,0
19-01 16:00:54,20.056,30.335,47.885,0.251,0,1442068,971632,178584,5332300,6084.115,1624.570,0,722.031,0,45.127,7601,13017,2.420,1.660,0.890,4,0,897.525,0,0,11,32,0,24,0
19-01 16:00:55,9.748,27.494,61.987,0.250,0,1435684,977952,178584,5332344,9271.996,1565.662,0,307.933,0,26.994,6994,5706,2.420,1.660,0.890,2,0,725.843,0,0,11,32,0,24,0
19-01 16:00:56,7.980,20.199,69.824,0,0,1425784,987772,178584,5332424,7642.754,1615.931,0,115.709,0,5.985,6054,4428,2.420,1.660,0.890,1,0,420.940,0,0,11,32,0,23,0
19-01 16:00:57,9.517,21.288,68.121,0,0,1416660,996844,178584,5332460,10033.813,1664.956,0,1258.234,0,135.240,6123,4271,2.420,1.660,0.890,2,0,375.667,0,0,11,32,0,23,0
19-01 16:00:58,17.475,15.728,65.656,0,0,1404500,1008964,178584,5332912,8146.381,1617.693,0,11.983,0,2.996,6402,7544,2.620,1.710,0.920,1,0,237.661,0,0,11,32,0,23,0
19-01 16:00:59,41.451,11.986,45.446,0,0,1470072,943280,178592,5333044,6147.745,1618.091,0,47.943,0,2.996,4036,2796,2.620,1.710,0.920,2,0,130.846,0,0,11,33,0,23,0
19-01 16:01:00,43.534,6.755,49.039,0,0,1564800,848528,178592,5333068,44923.581,1621.284,0,16.013,0,1.001,2846,1220,2.620,1.710,0.920,3,0,0,0,0,11,33,0,23,0
19-01 16:01:01,45.498,5.750,47.998,0.250,0,1624996,786788,178664,5334400,38843.309,1511.934,0,1771.923,0,144.994,4083,3218,2.620,1.710,0.920,3,0,18.999,0,0,11,49,0,23,0
19-01 16:01:02,26.551,15.279,56.859,0,0,1636424,772356,178672,5337076,9029.337,1623.117,0,364.700,0,14.027,7055,10667,2.620,1.710,0.920,2,0,263.506,0,0,11,48,0,23,0
19-01 16:01:03,18.707,13.968,66.848,0,0,1653876,754836,178672,5337092,7307.366,1562.443,0,167.618,0,12.970,6447,8475,2.490,1.700,0.920,0,0,232.471,0,0,11,48,0,23,0
19-01 16:01:04,0.750,0.500,97.489,0.500,0,1654100,754612,178672,5337092,9178.996,1619.823,0,295.968,0,17.998,868,1067,2.490,1.700,0.920,0,0,3.000,0,0,11,48,0,23,0
19-01 16:01:05,0.500,1.000,97.995,0,0,1654096,754612,178672,5337096,7777.591,1619.915,0,891.953,0,8.000,748,960,2.490,1.700,0.920,0,0,1.000,0,0,11,48,0,23,0
19-01 16:01:06,0.750,1.000,97.501,0,0,1654092,754612,178672,5337096,6944.100,1620.023,0,0,0,0,937,995,2.490,1.700,0.920,0,0,9.000,0,0,11,48,0,23,0
19-01 16:01:07,0.750,0.500,97.995,0,0,1646028,762676,178672,5337092,5952.687,1619.915,0,0,0,0,703,940,2.490,1.700,0.920,0,0,1.000,0,0,11,48,0,23,0
19-01 16:01:08,14.487,13.988,68.190,0.749,0,1660636,748056,178672,5337536,9198.880,1618.571,0,4811.753,0,409.638,6963,8695,2.290,1.670,0.910,5,0,273.758,0,0,11,48,0,23,0
19-01 16:01:09,14.030,14.030,71.654,0,0,1632092,776592,178672,5337112,7826.799,1623.484,0,4.009,0,1.002,4550,4306,2.290,1.670,0.910,1,0,276.594,0,0,12,48,0,23,0
19-01 16:01:10,16.528,17.279,64.858,0,0,1653140,755484,178672,5337500,9798.352,1794.996,0,116.194,0,4.007,6953,8075,2.290,1.670,0.910,5,0,259.433,0,0,12,48,0,23,0
19-01 16:01:11,14.458,12.464,72.289,0,0,1641136,767336,178672,5337288,7532.974,1561.434,0,494.554,0,41.878,4251,4676,2.290,1.670,0.910,2,0,249.271,0,0,12,64,0,23,0
19-01 16:01:12,8.271,11.278,79.450,0,0,1652556,755896,178672,5337664,9446.748,1624.083,0,0,0,0,4340,5122,2.290,1.670,0.910,1,0,205.517,0,0,14,64,0,16,0
19-01 16:01:13,16.486,12.989,69.940,0,0,1644704,763708,178672,5337348,9851.586,1618.618,0,2653.733,0,29.974,5374,6240,2.190,1.660,0.910,2,0,213.817,0,0,14,66,0,16,0
19-01 16:01:14,7.261,21.283,69.609,0.250,0,1632220,776152,178672,5337384,6281.847,1622.543,0,404.634,0,26.041,6230,4820,2.190,1.660,0.910,1,0,451.708,0,0,14,66,0,16,0
19-01 16:01:15,18.240,15.991,64.964,0,0,1646048,762276,178672,5337764,6360.488,1619.106,0,99.945,0,10.994,7007,8803,2.190,1.660,0.910,1,0,260.856,0,0,14,66,0,16,0
19-01 16:01:16,27.743,22.244,48.987,0,0,1723364,684928,178680,5337448,9145.649,1619.584,0,227.941,0,7.998,6464,5221,2.190,1.660,0.910,3,0,477.877,0,0,14,66,0,15,0
19-01 16:01:17,31.022,22.766,45.782,0,0,1766344,641440,178740,5337880,7351.174,1621.141,0,200.141,0,6.004,6768,5487,2.190,1.660,0.910,7,0,547.385,0,0,14,66,0,15,0
19-01 16:01:18,30.673,24.439,41.895,0,0.249,1885460,521220,178760,5339264,10739.201,1562.102,0,67.831,0,12.968,7055,9380,2.250,1.680,0.920,2,0,433.917,0,0,14,70,0,17,0
19-01 16:01:19,48.321,20.673,28.395,0,0,1974932,431716,178760,5339300,8807.375,1614.021,0,0,0,0,5748,5977,2.250,1.680,0.920,5,0,299.889,0,0,14,70,0,17,0
19-01 16:01:20,67.924,23.648,5.283,0,0.503,2107488,298696,178772,5339736,10136.331,1612.072,0,587.672,0,11.069,5385,4598,2.250,1.680,0.920,3,0,528.301,0,0,14,70,0,17,0
19-01 16:01:21,63.153,17.972,16.475,0,0,2179928,225272,178804,5340552,7540.368,1617.505,0,311.519,0,16.974,5502,7979,2.250,1.680,0.920,5,0,224.653,0,0,14,70,0,17,0
19-01 16:01:22,68.608,26.792,1.753,0.751,0.250,2308992,177360,167348,5272384,6522.226,1622.544,448.703,2239.511,52.082,90.141,5690,5820,2.250,1.680,0.920,4,0,487.765,0,0,14,74,0,17,0
19-01 16:01:23,70.206,19.738,4.747,4.497,0,2411312,150104,164548,5201912,9836.779,1618.976,131.917,9422.042,25.984,920.418,11515,14719,2.390,1.720,0.940,3,2,190.879,0,0,14,74,0,17,0
19-01 16:01:24,58.735,25.244,8.498,7.498,0,2480844,209504,164664,5075700,9026.727,1619.592,2083.475,30276.375,123.969,2140.461,17436,25033,2.390,1.720,0.940,6,0,436.890,0,0,14,76,0,17,0
19-01 16:01:25,73.300,22.015,3.753,0.500,0,2605760,157680,164744,5004936,6201.235,1621.107,108.074,3342.282,10.007,227.155,9963,17752,2.390,1.720,0.940,3,0,259.177,0,0,14,87,0,22,0
19-01 16:01:26,60.233,22.994,15.496,1.750,0,2688136,124632,164484,4956276,9027.524,1565.571,803.780,1263.653,49.986,74.979,7381,8661,2.390,1.720,0.940,3,0,409.888,0,0,14,91,0,25,0
19-01 16:01:27,54.004,24.002,20.752,0.500,0,2788660,170824,164484,4813096,9423.708,1620.122,36.003,1040.078,5.000,64.005,7539,8441,2.390,1.720,0.940,6,0,506.038,0,0,14,93,0,25,0
19-01 16:01:28,43.602,14.949,36.875,2.990,0,2864488,161724,164488,4747732,10262.248,1506.897,1973.318,12023.285,20.929,577.046,7361,10284,2.360,1.730,0.950,2,0,184.376,0,0,14,95,0,25,0
19-01 16:01:29,58.040,13.009,26.769,1.751,0,3000944,159500,164500,4616668,8503.933,1715.197,156.109,9154.387,14.010,309.216,6456,8642,2.360,1.730,0.950,3,0,128.089,0,0,14,98,0,25,0
19-01 16:01:30,27.569,13.033,58.397,0.251,0,3056628,170464,164516,4551348,44055.997,1714.319,4.010,1696.274,1.003,98.248,5179,4358,2.360,1.730,0.950,2,0,188.475,0,0,14,101,0,25,0
19-01 16:01:31,8.498,19.246,70.734,0,0,3052880,174176,164520,4551380,41757.314,1619.624,3.999,0,1.000,0,5813,4232,2.360,1.730,0.950,1,0,361.916,0,0,14,101,0,25,0
19-01 16:01:32,8.746,18.491,71.217,0.250,0,3068460,158564,164520,4551412,9600.585,1619.255,0,127.941,0,12.994,5884,4304,2.360,1.730,0.950,1,0,345.841,0,0,14,101,0,25,0
19-01 16:01:33,17.206,9.227,72.316,0.499,0,3120520,173932,164520,4485400,6172.315,1615.894,27.929,43.888,2.992,4.987,2655,2007,2.250,1.720,0.950,1,0,95.757,0,0,14,101,0,23,0
19-01 16:01:34,18.523,2.002,78.347,0,0,3137312,157128,164524,4485408,15931.713,7962.853,4.005,284.352,1.001,11.014,2391,2195,2.250,1.720,0.950,2,0,0,0,0,14,105,0,23,0
19-01 16:01:35,19.490,6.997,72.714,0,0,3122828,171420,164524,4485604,25071.525,17592.246,11.994,635.684,2.999,17.991,2890,2412,2.250,1.720,0.950,1,0,63.968,0,0,14,105,0,24,0
19-01 16:01:36,19.749,2.250,76.744,0.250,0,3157036,137200,164524,4485616,15381.862,7240.464,0,303.978,0,38.997,2370,2198,2.250,1.720,0.950,1,0,3.000,0,0,14,112,0,24,0
19-01 16:01:37,20.549,3.508,75.680,0,0,3152756,141196,164536,4485860,10579.153,2448.822,8.019,433.030,1.002,34.081,2542,2375,2.250,1.720,0.950,2,0,1.002,0,0,14,116,0,23,0
19-01 16:01:38,28.179,4.738,63.092,2.494,0,3155764,137708,164536,4486340,7003.437,1615.948,327.180,7301.689,20.947,559.597,7539,10311,2.230,1.720,0.950,1,0,2.992,0,0,14,119,0,24,0
19-01 16:01:39,26.332,12.037,60.940,0,0,3187192,172012,164536,4422120,10748.467,2771.630,16.050,838.611,1.003,64.200,5211,5199,2.230,1.720,0.950,2,0,115.359,0,0,14,122,0,25,0
19-01 16:01:40,22.432,2.991,72.532,0.249,0,3229448,129744,164540,4422152,13044.710,7409.682,11.964,518.438,2.991,43.868,2652,2550,2.230,1.720,0.950,1,0,1.994,0,0,14,125,0,25,0
19-01 16:01:41,20.798,2.506,76.177,0.251,0,3233684,125460,164540,4422200,11838.553,4300.008,112.261,729.698,6.014,79.184,2836,3079,2.230,1.720,0.950,1,0,2.005,0,0,14,127,0,18,0
19-01 16:01:42,30.416,9.224,58.089,0.748,0,3214368,210624,164552,4357972,9948.388,2752.361,11.967,977.288,2.992,104.709,5329,5932,2.230,1.720,0.950,2,0,95.734,0,0,14,128,0,19,0
19-01 16:01:43,42.778,8.506,48.532,0.250,0,3343060,144828,164508,4296588,10936.199,2201.449,0,484.319,0,32.021,3051,1765,2.450,1.770,0.970,1,0,5.003,0,0,14,129,0,19,0
19-01 16:01:44,24.068,5.516,68.946,0.251,0,3356776,194564,164508,4234916,30310.186,23300.254,180.513,4031.463,1.003,363.032,3577,2474,2.450,1.770,0.970,3,0,55.157,0,0,14,128,0,20,0
19-01 16:01:45,20.672,3.736,74.218,0,0,3410956,140372,164508,4234928,8300.489,3071.340,7.970,1837.026,1.992,16.936,1891,1424,2.450,1.770,0.970,1,0,0,0,0,14,129,0,20,0
19-01 16:01:46,17.008,4.752,77.538,0,0,3378444,172856,164508,4234956,28171.822,22536.057,0,0,0,0,2463,1841,2.450,1.770,0.970,1,0,51.025,0,0,14,128,0,21,0
19-01 16:01:47,22.247,3.250,74.492,0,0,3403416,147884,164508,4234956,26243.034,2233.748,0,7.999,0,2.000,1993,1224,2.450,1.770,0.970,0,0,0,0,0,14,129,0,21,0
19-01 16:01:48,16.501,2.750,78.752,0.750,0,3402492,148724,164508,4235040,19975.616,8638.266,36.001,644.020,3.000,88.003,3135,3480,2.340,1.760,0.970,1,0,0,0,0,14,128,0,22,0
19-01 16:01:49,25.255,8.752,64.262,0.500,0,3413916,137032,164508,4235308,9107.644,1620.292,72.013,5384.972,5.001,513.093,7755,10627,2.340,1.760,0.970,1,0,111.020,0,0,14,136,0,24,0
19-01 16:01:50,18.940,2.243,78.501,0,0,3417656,196044,164508,4174132,60065.852,23878.409,0,630.006,0,17.943,2352,1513,2.340,1.760,0.970,1,0,0,0,0,14,136,0,25,0
19-01 16:01:51,20.561,6.269,72.717,0.251,0,3357480,256200,164508,4174152,11250.581,1516.527,0,276.826,0,15.045,2572,1931,2.340,1.760,0.970,1,0,55.165,0,0,14,136,0,25,0
19-01 16:01:52,15.758,1.751,80.791,0.250,0,3372548,241116,164508,4174168,14489.410,8288.239,12.006,372.190,3.002,32.016,2100,1989,2.340,1.760,0.970,1,0,1.001,0,0,14,137,0,25,0
19-01 16:01:53,27.284,5.507,63.579,2.253,0,3378228,235232,164512,4174368,16550.478,2821.491,40.050,7469.242,3.004,643.797,8988,13071,2.230,1.750,0.980,2,0,1.001,0,0,14,138,0,26,0
19-01 16:01:54,25.528,8.760,64.821,0,0.250,3384056,229380,164512,4174392,7747.428,1886.052,24.026,456.497,2.002,26.028,3804,15078,2.230,1.750,0.980,1,0,90.098,0,0,14,137,0,28,0
19-01 16:01:55,17.946,2.492,78.512,0,0,3383900,229380,164512,4174548,17233.818,9757.456,15.952,514.442,0.997,33.897,2319,2072,2.230,1.750,0.980,0,0,0.997,0,0,14,138,0,28,0
19-01 16:01:56,19.734,5.496,72.442,0.749,0,3385568,227616,164512,4174644,27780.893,3582.149,47.962,1362.915,3.997,146.883,4978,6568,2.230,1.750,0.980,1,0,0.999,0,0,14,138,0,28,0
19-01 16:01:57,32.356,6.772,59.947,0.502,0,3343600,269496,164512,4174716,13492.357,2493.197,0,967.180,0,101.333,5830,7156,2.230,1.750,0.980,1,0,69.228,0,0,14,139,0,28,0
19-01 16:01:58,20.441,2.991,74.783,0,0,3395000,218088,164512,4174724,9300.953,3418.061,0,414.794,0,25.925,1825,1369,2.130,1.740,0.980,0,0,0,0,0,14,140,0,28,0
19-01 16:01:59,17.549,2.507,78.721,0.752,0,3396916,216048,164512,4174848,23846.798,9311.081,80.225,1211.393,4.011,117.329,3436,4014,2.130,1.740,0.980,2,0,0,0,0,14,141,0,29,0
19-01 16:02:00,17.185,10.212,71.233,0.249,0,3406832,206088,164512,4174892,42194.607,1613.941,31.880,533.995,1.993,30.884,3486,2610,2.130,1.740,0.980,1,0,146.450,0,0,14,141,0,29,0
19-01 16:02:01,18.530,2.504,78.127,0.501,0,3425984,186920,164520,4174900,47667.472,8039.066,4.007,512.833,1.002,31.050,2078,1563,2.130,1.740,0.980,1,0,0,0,0,14,142,0,29,0
19-01 16:02:02,19.251,4.250,75.254,0.500,0.250,3423152,189708,164524,4174940,19398.115,6717.386,0,1072.062,0,117.007,5464,7298,2.130,1.740,0.980,2,0,1.000,0,0,14,142,0,29,0
19-01 16:02:03,29.594,8.276,59.440,0.752,0,3421948,190588,164528,4175228,7784.832,1625.184,64.205,1464.672,4.013,115.368,7196,9997,2.040,1.720,0.980,2,0,4.013,0,0,14,144,0,29,0
19-01 16:02:04,36.116,14.695,46.079,0.498,0,3382976,229400,164528,4175340,10876.536,3610.568,0,2052.365,0,200.255,11329,16671,2.040,1.720,0.980,1,0,284.940,0,0,14,143,0,30,0
19-01 16:02:05,18.993,2.499,77.723,0.250,0,3421344,191032,164528,4175340,13272.452,3911.660,0,555.810,0,34.988,1898,1389,2.040,1.720,0.980,1,0,0,0,0,14,144,0,30,0
19-01 16:02:06,17.807,9.280,71.980,0,0,3398372,213984,164528,4175360,13341.633,6897.039,0,658.103,0,33.106,3970,3026,2.040,1.720,0.980,1,0,158.507,0,0,14,143,0,31,0
19-01 16:02:07,10.732,19.468,68.387,0,0,3344740,267588,164528,4175404,10754.197,1617.323,0,531.121,0,31.947,6025,4664,2.040,1.720,0.980,1,0,388.357,0,0,14,143,0,31,0
19-01 16:02:08,19.549,15.539,64.661,0.251,0,3331656,280540,164528,4175536,7856.594,1624.050,0,493.230,0,29.073,6334,8274,1.960,1.710,0.980,3,0,233.583,0,0,14,143,0,31,0
19-01 16:02:09,29.992,21.744,46.488,0.250,0,3393260,218880,164532,4175592,6427.274,1689.546,0,1951.476,0,114.969,6880,5726,1.960,1.710,0.980,2,0,479.871,0,0,14,143,0,31,0
19-01 16:02:10,33.248,19.999,45.747,0,0,3445176,166576,164544,4175920,9544.392,1619.897,23.998,5419.655,2.000,284.982,7688,8928,1.960,1.710,0.980,1,0,344.978,0,0,14,149,0,31,0
19-01 16:02:11,40.869,20.185,38.128,0.249,0,3522948,150020,164544,4116636,8603.375,1614.815,39.872,486.438,0.997,33.891,7737,10101,1.960,1.710,0.980,7,0,406.694,0,0,16,149,0,31,0
19-01 16:02:12,54.940,28.850,15.805,0,0,3658856,134152,164548,4000100,6071.022,1625.629,8.028,517.793,2.007,31.108,8540,10999,1.960,1.710,0.980,8,0,496.720,0,0,16,155,0,31,0
19-01 16:02:13,60.212,18.239,17.989,2.249,0,3741016,137920,164452,3914800,9081.331,1457.090,2758.278,411.743,67.958,25.984,7618,13647,2.120,1.750,0.990,3,0,281.824,0,0,16,171,0,31,0
19-01 16:02:14,42.238,24.743,29.241,3.999,0,3811904,158088,164656,3824280,8850.419,1929.437,5006.540,11944.517,88.974,963.719,9303,6478,2.120,1.750,0.990,2,0,583.830,0,0,16,171,1,31,0
19-01 16:02:15,23.739,22.740,52.227,0,0,3866728,147684,164664,3781076,8961.019,1693.248,0,2370.947,0,21.990,7325,7556,2.120,1.750,0.990,1,0,441.804,0,0,17,171,1,31,2
19-01 16:02:16,24.757,14.254,59.517,0,0,3883384,131008,164664,3780640,6963.003,1694.487,4.001,228.066,1.000,13.004,5287,5421,2.120,1.750,0.990,2,0,237.068,0,0,17,171,1,31,2
19-01 16:02:17,30.270,24.766,44.529,0,0,3929784,137104,164444,3729208,6150.999,1765.148,8.005,364.237,2.001,30.020,6814,5584,2.120,1.750,0.990,2,0,477.310,0,0,17,171,1,31,2
19-01 16:02:18,46.018,18.007,35.514,0.500,0,4042196,131404,164460,3625072,10386.142,1736.693,152.061,612.244,6.002,36.014,8062,12518,2.110,1.750,1,2,0,246.098,0,0,17,183,1,30,2
19-01 16:02:19,28.751,26.001,43.752,0.250,0,4094888,138000,164460,3567092,7803.404,1694.088,48.002,468.024,3.000,20.001,7222,6217,2.110,1.750,1,3,0,643.033,0,0,17,183,1,30,2
19-01 16:02:20,29.459,25.215,43.939,0.499,0,4165784,152780,164468,3483448,9333.015,1617.749,23.967,726.989,5.992,56.921,8370,10427,2.110,1.750,1,2,0,553.230,0,0,17,195,1,30,2
19-01 16:02:21,14.453,17.942,65.786,0,0,4183552,134816,164468,3484064,7548.403,1688.498,0,590.077,0,29.903,6624,6558,2.110,1.750,1,2,0,338.896,0,0,17,195,1,30,2
19-01 16:02:22,30.108,15.305,54.445,0,0,4225252,132448,164468,3445252,9019.315,1463.243,4.014,369.323,1.004,21.076,6167,7038,2.110,1.750,1,4,0,194.698,0,0,17,195,1,29,2
19-01 16:02:23,46.145,7.732,43.900,0.998,0,4353512,134640,164468,3317400,7357.268,1616.324,215.510,407.074,5.986,52.880,3838,3078,2.100,1.760,1.010,3,0,9.977,0,0,17,211,1,29,2
19-01 16:02:24,41.891,6.982,48.873,0.997,0,4448568,160924,164468,3197768,5963.548,1615.813,211.452,299.225,9.974,16.956,3561,2494,2.100,1.760,1.010,1,0,5.984,0,0,17,216,1,29,2
19-01 16:02:25,27.159,20.621,51.552,1.006,0.251,4359680,248924,164472,3198636,11342.340,1794.496,957.601,667.907,14.082,50.294,6364,6072,2.100,1.760,1.010,2,0,434.542,0,0,17,215,1,29,2
19-01 16:02:26,33.948,24.712,39.190,0.250,0,4401056,206240,164480,3200296,14891.070,7332.709,199.693,423.348,3.994,35.945,7769,10395,2.100,1.760,1.010,7,0,531.182,0,0,17,218,1,20,2
19-01 16:02:27,45.878,19.199,33.162,1.247,0,4373788,231380,164488,3202432,13965.760,4582.780,1121.011,1152.926,19.947,29.920,6451,9297,2.100,1.760,1.010,4,0,202.460,0,0,17,223,1,22,2
19-01 16:02:28,65.733,14.552,13.297,5.770,0,4522784,136160,164504,3150048,11453.639,3602.783,553.966,329.168,14.050,20.071,5185,4677,2.170,1.780,1.020,2,0,129.459,0,0,17,231,1,22,2
19-01 16:02:29,58.534,11.257,21.513,7.755,0,4611668,153788,164532,3045476,17368.117,9874.752,1945.133,852.497,71.041,42.024,5188,4707,2.170,1.780,1.020,2,2,20.012,0,0,17,237,1,22,2
19-01 16:02:30,62.098,12.470,15.712,8.729,0,4606440,149744,164596,3054700,44802.664,2407.126,5638.240,2537.807,417.980,142.652,6680,7116,2.170,1.780,1.020,5,0,33.917,0,0,17,238,1,25,2
19-01 16:02:31,36.083,23.303,40.092,0,0,4650008,181460,164604,2982204,50905.703,9292.303,0,1944.458,0,20.046,7424,8290,2.170,1.780,1.020,2,0,481.103,0,0,17,238,1,25,2
19-01 16:02:32,36.388,19.938,41.871,0.249,0,4641776,188464,164608,2983732,10260.281,4774.241,143.556,9199.560,8.972,65.797,7835,9590,2.170,1.780,1.020,3,0,303.063,0,0,17,239,1,26,0
19-01 16:02:33,55.054,24.524,19.769,0.500,0,4735468,128512,164608,2950244,11703.502,7351.225,212.209,676.665,5.005,40.039,6703,6994,2.240,1.800,1.030,7,0,476.468,0,0,17,244,1,26,0
19-01 16:02:34,55.521,22.759,19.507,1.501,0,4727108,173828,165076,2913896,14483.449,6884.590,1460.549,1004.378,65.024,66.025,7666,11034,2.240,1.800,1.030,6,0,357.134,0,0,17,245,1,27,0
19-01 16:02:35,60.841,23.786,14.772,0.501,0,4804792,135012,165080,2876100,8278.418,2327.491,176.264,12118.178,13.020,1067.601,10474,11534,2.240,1.800,1.030,3,0,413.620,0,0,17,250,1,29,0
19-01 16:02:36,52.015,23.006,23.757,0.500,0,4861696,147228,165092,2809156,19415.464,11987.373,372.105,936.263,23.006,68.019,8931,14034,2.240,1.800,1.030,17,0,393.111,0,0,17,253,1,31,0
19-01 16:02:37,59.793,18.934,19.931,0,0,4900872,178852,165096,2739284,8101.964,1614.413,358.759,430.510,22.921,22.921,6075,6499,2.240,1.800,1.030,4,0,206.286,0,0,17,257,1,31,0
19-01 16:02:38,63.246,11.249,24.748,0.500,0,5022284,147812,165100,2650412,19817.713,11850.231,1043.932,603.961,21.999,14.999,6041,13997,2.220,1.800,1.030,2,0,8.999,0,0,17,260,1,29,0
19-01 16:02:39,57.188,11.287,28.092,2.508,0,5043492,156244,165024,2621352,14117.315,8936.318,931.055,798.620,76.250,67.221,6724,7919,2.220,1.800,1.030,5,0,19.063,0,0,17,262,1,34,0
19-01 16:02:40,53.286,11.205,31.374,3.237,0,5035608,191772,164624,2594696,14963.949,9502.865,1378.468,940.227,33.864,80.676,5606,5104,2.220,1.800,1.030,3,0,92.628,0,0,17,268,1,35,0
19-01 16:02:41,47.151,27.338,22.322,2.006,0,5012624,210624,164884,2598532,14465.415,6795.805,4687.039,1547.967,76.245,71.229,9061,11004,2.220,1.800,1.030,6,0,537.725,0,0,17,267,1,36,0
19-01 16:02:42,53.705,22.231,23.480,0.250,0,5073308,149512,164884,2599284,16124.346,7337.786,627.469,3089.384,6.994,167.858,7351,9294,2.220,1.800,1.030,5,0,343.709,0,0,17,270,1,34,0
19-01 16:02:43,67.361,16.778,13.272,2.254,0,5081988,172200,164888,2568320,11438.800,6816.202,1049.725,889.462,32.053,46.076,5813,5072,2.360,1.840,1.050,2,2,170.280,0,0,18,272,1,35,0
19-01 16:02:44,74.526,12.504,3.001,9.503,0,5183512,137084,164888,2503628,11357.941,3591.246,3473.205,672.233,203.070,47.016,6356,5403,2.360,1.840,1.050,3,0,12.004,0,0,18,277,1,35,0
19-01 16:02:45,73.616,11.729,8.734,5.740,0,5261844,150096,164912,2414692,17887.329,10545.738,1776.755,4859.125,70.871,373.318,7247,6107,2.360,1.840,1.050,4,1,11.978,0,0,18,278,1,37,0
19-01 16:02:46,61.830,15.019,16.021,6.508,0,5283668,159116,164932,2384616,11519.823,2108.713,716.922,8779.296,19.024,775.998,8239,8423,2.360,1.840,1.050,3,0,225.290,0,0,18,283,1,39,0
19-01 16:02:47,31.886,7.473,58.292,0,0,5309836,164536,164940,2353976,20662.225,12702.645,821.068,11837.733,10.961,66.762,4176,4184,2.360,1.840,1.050,1,0,9.964,0,0,18,289,1,37,0
19-01 16:02:48,41.258,8.502,49.509,0.250,0,5308524,165840,164940,2353984,23338.317,6716.242,768.142,468.087,6.001,31.006,3874,2813,2.330,1.840,1.050,3,0,12.002,0,0,18,289,1,38,0
19-01 16:02:49,31.489,5.248,61.229,0.500,0,5327424,134320,164940,2366572,13055493.647,88278.711,255.912,495.830,1.999,38.987,7193,3820,2.330,1.840,1.050,0,0,3.999,0,0,18,291,1,38,0
19-01 16:02:50,25.014,13.007,46.775,14.008,0,5276700,179276,164940,2372340,3521512.428,23792.908,2293.244,2493.353,27.015,265.144,6877,5560,2.330,1.840,1.050,3,0,264.143,0,0,18,293,1,39,0
19-01 16:02:51,41.134,6.772,51.166,0.251,0,5349976,136248,164944,2343160,11943.860,7983.976,0,429.397,0,39.127,3687,2647,2.330,1.840,1.050,2,0,0,0,0,18,295,1,35,0
19-01 16:02:52,25.502,4.250,68.756,0.250,0,5289596,196404,164944,2343388,23003.896,15288.260,8.001,2196.181,2.000,57.005,4835,5645,2.330,1.840,1.050,1,0,38.003,0,0,18,299,1,37,0
19-01 16:02:53,8.466,2.490,85.406,0.747,0,5286976,198320,164944,2344092,411510.712,16324897.983,557.755,557.755,32.868,48.804,4454,4154,2.150,1.810,1.050,0,0,0.996,0,0,18,297,1,38,0
19-01 16:02:54,6.751,4.251,86.266,1.000,0,5298856,186148,165064,2344264,9844.794,1620.295,292.053,292.053,12.002,16.003,2582,9064,2.150,1.810,1.050,1,0,36.007,0,0,18,297,1,39,0
19-01 16:02:55,2.499,1.000,94.474,0.500,0,5299340,185644,165064,2344284,8808.565,1619.552,0,1571.566,0,115.968,1994,2913,2.150,1.810,1.050,0,0,1.000,0,0,18,297,1,36,0
19-01 16:02:56,18.015,3.002,77.314,0,0,5289312,195560,165072,2344388,8125796.584,27865.060,32.027,576.477,1.001,55.046,6857,7632,2.150,1.810,1.050,1,0,3.002,0,0,18,304,1,36,0
19-01 16:02:57,14.799,14.046,69.478,1.003,0,5243636,225116,165072,2360492,8430403.647,71274.823,76.250,485.593,5.016,34.112,8701,6980,2.150,1.810,1.050,1,0,300.987,0,0,18,303,1,39,0
19-01 16:02:58,19.918,7.469,70.959,0,0,5281584,187136,165076,2360520,10670.271,1559.608,0,16221.520,0,60.751,3496,3167,2.060,1.800,1.050,2,0,166.318,0,0,18,303,1,39,0
19-01 16:02:59,15.257,13.506,70.783,0.250,0.250,5284976,183712,165076,2360552,10986.078,1620.749,0,824.381,0,59.027,4686,3950,2.060,1.800,1.050,3,0,221.102,0,0,18,307,1,38,0
19-01 16:03:00,8.525,19.307,69.707,0.251,0,5285564,183044,165076,2360616,42687.511,1624.815,20.059,152.452,2.006,13.039,6300,5149,2.060,1.800,1.050,2,0,384.138,0,0,18,307,1,38,0
19-01 16:03:01,2.490,3.735,91.626,0.249,0,5276104,192484,165076,2360636,42798.452,1683.136,15.935,482.034,0.996,5.976,2122,2170,2.060,1.800,1.050,0,0,66.728,0,0,18,307,1,38,0
19-01 16:03:02,18.584,5.274,75.843,0.251,0,5317884,150700,165076,2360640,9195.551,1627.353,0,184.835,0,27.123,2484,2288,2.060,1.800,1.050,1,0,10.045,0,0,18,307,1,38,0
19-01 16:03:03,18.749,1.750,78.248,0,0,5335756,132820,165076,2360648,15074.534,9567.704,0,0,0,0,2237,2024,1.890,1.770,1.040,1,0,0,0,0,18,309,1,37,0
19-01 16:03:04,13.723,13.723,71.361,0.250,0,5298252,170200,165080,2360768,6702.932,2561.007,71.860,0,5.988,0,5069,4100,1.890,1.770,1.040,2,0,197.615,0,0,18,311,1,38,0
19-01 16:03:05,12.506,17.009,69.036,0,0,5281268,186728,165080,2361160,9209.780,1566.813,4.002,284.147,1.001,28.015,5934,4945,1.890,1.770,1.040,2,0,232.120,0,0,18,313,1,38,0
19-01 16:03:06,15.711,11.721,68.578,2.494,0,5296340,171548,165080,2361252,7909.175,1615.949,3.990,6348.088,0.997,818.947,5995,4154,1.890,1.770,1.040,5,0,177.555,0,0,18,313,1,38,0
19-01 16:03:07,24.496,3.749,70.240,0.250,0,5360832,132320,165080,2336936,10878.381,1607.761,0,307.954,0,26.996,2610,2315,1.890,1.770,1.040,1,0,3.000,0,0,18,317,1,36,0
19-01 16:03:08,23.264,3.752,71.293,1.001,0,5391920,132072,165080,2307504,7575.520,1620.967,388.232,320.191,12.007,34.020,2696,2615,1.820,1.750,1.040,2,0,4.002,0,0,18,321,1,36,0
19-01 16:03:09,22.995,3.499,71.485,0.750,0,5316908,207032,165080,2307556,9140.142,1619.671,35.993,211.957,4.999,11.998,2520,2026,1.820,1.750,1.040,3,0,4.999,0,0,18,317,1,36,0
19-01 16:03:10,23.739,3.748,70.968,0,0,5370340,153516,165080,2307640,9522.684,1619.266,79.964,291.868,4.998,24.989,2665,2460,1.820,1.750,1.040,2,0,3.998,0,0,18,317,1,36,0
19-01 16:03:11,11.769,2.003,85.139,0.250,0,5371556,152280,165080,2307660,24253.457,20466.296,0,252.411,0,24.039,2688,2935,1.820,1.750,1.040,2,0,2.003,0,0,18,324,1,37,0
19-01 16:03:12,22.710,4.242,71.373,0,0,5278872,244928,165080,2307696,8420.040,1641.084,23.957,171.695,1.996,8.984,2549,2078,1.820,1.750,1.040,1,0,15.972,0,0,18,317,1,38,0
19-01 16:03:13,24.518,2.502,72.303,0,0,5314436,209364,165080,2307696,9528.927,1621.178,0,104.076,0,7.005,2145,1620,1.750,1.740,1.040,2,0,0,0,0,18,317,1,38,0
19-01 16:03:14,12.521,13.774,71.122,1.252,0,5301564,221944,165088,2307980,6180.590,1622.781,520.893,440.755,6.010,25.043,4961,4279,1.750,1.740,1.040,1,0,245.421,0,0,18,317,0,38,0
19-01 16:03:15,13.276,15.279,69.885,0.250,0,5311576,211824,165092,2308116,8963.291,1569.027,28.054,228.441,5.010,17.033,5609,4817,1.750,1.740,1.040,1,0,339.655,0,0,18,317,0,38,0
19-01 16:03:16,21.668,3.736,73.222,0.498,0,5326636,196456,165368,2308148,9173.115,2685.786,259.015,398.485,9.962,27.894,2748,2476,1.750,1.740,1.040,0,0,32.875,0,0,18,318,0,38,0
19-01 16:03:17,20.756,2.251,75.770,0.500,0,5326980,189428,166028,2314060,13584.643,2889.775,128.034,1192.320,4.001,21.006,2171,1857,1.750,1.740,1.040,1,0,1.000,0,0,18,317,0,38,0
19-01 16:03:18,18.735,2.998,76.687,0,0,5326532,189204,166064,2314664,11917.270,3756.932,0,391.680,0,8.993,2342,2073,1.690,1.730,1.040,0,0,19.984,0,0,18,318,0,38,0
19-01 16:03:19,23.263,3.502,72.039,0.250,0,5322164,186940,166624,2320604,8825.816,2694.470,0,1220.666,0,30.016,5006,7586,1.690,1.730,1.040,1,0,6.003,0,0,18,317,0,38,0
19-01 16:03:20,18.497,4.749,74.986,0,0,5320520,188040,166660,2321104,15038.174,3612.321,23.995,547.897,3.999,19.996,7846,13475,1.690,1.730,1.040,1,0,7.998,0,0,18,318,0,38,0
19-01 16:03:21,22.557,6.266,69.174,0,0,5324076,184020,166756,2321472,8748.952,2456.163,4.010,18261.821,1.003,146.367,10502,18901,1.690,1.730,1.040,2,0,18.045,0,0,18,318,0,38,0
19-01 16:03:22,22.007,5.752,71.022,0.750,0,5274640,245188,166836,2309792,6415.991,1794.557,0,3301.024,0,149.046,3105,3035,1.690,1.730,1.040,1,0,34.011,0,0,18,317,0,38,0
19-01 16:03:23,16.461,12.471,69.836,0,0,5291724,228080,166836,2309816,9490.668,1616.197,0,538.732,0,10.974,4662,4005,1.640,1.720,1.040,1,0,233.451,0,0,18,319,0,38,0
19-01 16:03:24,21.249,2.250,75.246,0,0,5317688,201912,166836,2310020,10948.408,4008.783,15.999,83.995,1.000,4.000,2392,1958,1.640,1.720,1.040,1,0,0,0,0,18,320,0,38,0
19-01 16:03:25,20.565,8.527,69.220,0.502,0,5309440,209860,166836,2310320,17865.852,9500.231,160.511,453.443,10.032,35.112,5042,6734,1.640,1.720,1.040,1,0,114.364,0,0,18,319,0,41,0
19-01 16:03:26,24.166,4.733,70.006,0.249,0,5321720,197512,166836,2310388,9169.003,3072.279,47.833,298.957,1.993,31.889,3141,3011,1.640,1.720,1.040,0,0,0.997,0,0,18,320,0,41,0
19-01 16:03:27,18.244,5.748,73.475,0.250,0,5291332,227876,166840,2310408,14070.148,8739.986,0,247.915,0,23.992,3456,3225,1.640,1.720,1.040,1,0,69.976,0,0,18,319,0,40,0
19-01 16:03:28,22.268,3.753,73.059,0,0,5349300,169908,166840,2310408,10592.563,3538.861,0,336.272,0,16.013,2496,2168,1.590,1.700,1.040,0,0,1.001,0,0,18,322,0,40,0
19-01 16:03:29,19.240,4.748,75.462,0.250,0,5273552,245624,166840,2310440,20156.792,12743.546,15.992,399.798,0.999,26.986,3162,2795,1.590,1.700,1.040,1,0,55.972,0,0,18,321,0,41,0
19-01 16:03:30,22.673,3.737,72.255,0,0,5335076,184092,166840,2310448,43833.313,1614.523,0,7.973,0,0.997,2293,1828,1.590,1.700,1.040,1,0,0,0,0,18,321,1,41,0
19-01 16:03:31,17.313,3.262,78.036,0.251,0,5309796,209268,166840,2310552,53426.614,11976.852,92.338,60.220,6.022,4.015,2838,2367,1.590,1.700,1.040,1,0,32.118,0,0,18,321,0,44,0
19-01 16:03:32,22.493,4.499,71.729,0.250,0,5370392,148672,166840,2310552,10784.785,1619.517,0,2279.321,0,373.889,2970,1821,1.590,1.700,1.040,3,0,1.000,0,0,18,321,1,38,0
19-01 16:03:33,12.750,2.000,83.750,0,0,5365320,153700,166840,2310596,19903.999,12533.999,32.000,224.000,2.000,24.000,2515,2736,1.540,1.690,1.040,2,0,0,0,0,18,321,0,39,0
19-01 16:03:34,21.257,6.252,71.272,0.250,0,5352136,166876,166840,2310604,6105.895,1620.503,0,200.062,0,9.003,2865,2369,1.540,1.690,1.040,1,0,47.015,0,0,18,321,0,39,0
19-01 16:03:35,19.246,2.749,76.484,0.250,0,5354192,164744,166840,2310664,16323.585,11810.529,0,255.946,0,26.994,2813,2739,1.540,1.690,1.040,2,0,0,0,0,18,321,0,42,0
19-01 16:03:36,22.586,5.521,71.521,0,0,5333324,185516,166840,2310760,9001.081,1571.952,80.304,309.171,4.015,33.125,3009,2747,1.540,1.690,1.040,1,0,32.122,0,0,18,321,0,38,0
19-01 16:03:37,16.724,2.496,79.628,0.250,0,5343440,175388,166840,2310772,15885.668,10895.312,0,690.942,0,19.969,2517,2469,1.540,1.690,1.040,0,0,0,0,0,18,322,0,38,0
19-01 16:03:38,17.194,7.226,73.510,0,0,5328248,190564,166840,2310788,11769.561,3376.971,0,354.841,0,30.899,3471,3250,1.490,1.680,1.040,1,0,87.714,0,0,18,323,0,39,0
19-01 16:03:39,20.505,1.750,76.268,0,0,5333868,184940,166840,2310792,14108.279,7345.707,0,168.039,0,11.003,2343,2014,1.490,1.680,1.040,1,0,0,0,0,18,324,0,39,0
19-01 16:03:40,21.278,4.756,72.846,0.501,0,5328100,190684,166844,2310812,27668.516,18288.136,0,913.205,0,58.077,3142,2912,1.490,1.680,1.040,1,0,48.063,0,0,18,323,0,34,0
19-01 16:03:41,19.999,2.750,76.746,0,0,5359032,159748,166844,2310816,15245.208,7343.618,0,191.990,0,20.999,2474,2349,1.490,1.680,1.040,1,0,1.000,0,0,18,324,0,34,0
19-01 16:03:42,20.725,4.245,73.662,0.250,0,5342880,175688,166844,2311028,9033.258,4757.343,207.753,159.810,11.986,9.988,2779,2479,1.490,1.680,1.040,2,0,14.982,0,0,18,323,0,36,0
19-01 16:03:43,19.764,2.502,76.554,0,0,5369788,148772,166844,2311036,14136.954,7349.174,0,120.085,0,13.009,2318,2099,1.450,1.670,1.040,1,0,0,0,0,18,324,0,36,0
19-01 16:03:44,22.480,4.496,70.188,1.249,0,5331364,184804,166844,2313428,12213.132,3586.808,2110.122,3380.992,85.924,296.736,6621,9142,1.450,1.670,1.040,1,0,6.994,0,0,18,325,0,34,0
19-01 16:03:45,23.528,4.505,71.335,0.250,0,5382172,133992,166844,2313432,9565.394,1864.221,0,412.491,0,31.037,2548,2365,1.450,1.670,1.040,0,0,0,0,0,18,326,0,34,0
19-01 16:03:46,15.252,2.500,80.010,0.250,0,5377944,137912,166844,2313740,18596.392,10992.414,176.023,656.084,9.001,72.009,3253,3899,1.450,1.670,1.040,1,0,0,0,0,18,326,0,34,0
19-01 16:03:47,16.792,14.035,67.669,0.752,0,5326492,189112,166844,2313992,8651.570,2798.978,80.200,1082.699,4.010,97.242,6657,7350,1.450,1.670,1.040,2,0,346.865,0,0,18,325,0,35,0
19-01 16:03:48,8.759,22.773,66.819,0.250,0,5324336,191232,166844,2314028,8902.147,1621.666,0,540.555,0,50.051,7199,6330,1.500,1.680,1.040,1,0,616.634,0,0,18,325,0,30,0
19-01 16:03:49,9.244,22.734,66.954,0.250,0,5314168,201368,166848,2314056,10717.691,1618.896,0,1774.790,0,112.923,6926,6028,1.500,1.680,1.040,1,0,544.629,0,0,18,325,0,30,0
19-01 16:03:50,8.250,23.249,67.497,0,0,5309720,205784,166848,2314088,5630.764,1619.932,0,247.990,0,27.999,7079,6246,1.500,1.680,1.040,1,0,600.975,0,0,18,325,0,30,0
19-01 16:03:51,8.501,22.253,67.509,0,0,5300172,215304,166848,2314116,8601.122,1620.211,0,156.020,0,16.002,7034,6024,1.500,1.680,1.040,1,0,590.077,0,0,18,325,0,30,0
19-01 16:03:52,8.753,23.257,67.521,0,0,5295244,220200,166848,2314148,7638.320,1566.476,0,840.255,0,70.021,7334,6459,1.500,1.680,1.040,1,0,617.187,0,0,18,325,0,28,0
19-01 16:03:53,10.213,16.690,69.999,1.495,0,5287512,227620,166848,2314460,5802.188,1614.210,267.042,35.871,21.921,6.975,5564,4693,1.540,1.680,1.050,0,1,372.663,0,0,18,325,0,28,0
19-01 16:03:54,15.746,10.247,68.733,3.999,0,5315064,307180,166936,2219748,8798.786,1619.593,1339.663,2139.462,163.959,8.998,3327,4261,1.540,1.680,1.050,16,0,76.981,0,0,18,325,0,28,0
19-01 16:03:55,28.126,4.520,66.297,0,0,5313896,304156,167040,2223312,8044.987,1573.036,12.054,1675.495,2.009,40.180,3822,9901,1.540,1.680,1.050,1,0,19.085,0,0,18,325,0,29,0
19-01 16:03:56,14.183,1.742,81.115,2.239,0.249,5316576,300628,167092,2224116,20555.528,7660.674,577.263,1142.582,27.868,59.717,2576,2930,1.540,1.680,1.050,2,0,0.995,0,0,18,326,0,26,0
19-01 16:03:57,11.255,1.501,81.283,4.252,0,5314244,302160,167168,2224848,21242.552,10076.056,456.184,4361.756,48.019,130.052,2203,2415,1.540,1.680,1.050,2,0,0,0,0,18,326,0,26,0
19-01 16:03:58,11.251,1.250,83.011,2.750,0,5316380,299168,167240,2225632,20563.609,10801.371,384.049,3540.449,37.005,387.049,2251,1992,1.500,1.670,1.050,0,0,0,0,0,18,326,0,26,0
19-01 16:03:59,16.748,1.500,78.992,2.000,0,5337044,277352,167280,2226744,17633.164,7083.262,1011.895,2099.781,37.996,85.991,2287,2098,1.500,1.670,1.050,0,0,0,0,0,18,326,0,26,0
19-01 16:04:00,13.253,1.250,82.771,1.500,0,5339176,274552,167372,2227312,56578.584,10255.644,548.141,1244.321,42.011,40.010,1989,1938,1.500,1.670,1.050,1,0,0,0,0,18,326,0,23,0
19-01 16:04:01,13.237,1.249,81.922,1.748,0,5347264,265264,167436,2228444,54526.897,9500.921,699.332,991.053,41.960,30.970,1942,1910,1.500,1.670,1.050,1,0,0,0,0,18,326,0,23,0
19-01 16:04:02,15.730,2.747,75.656,3.995,0,5362948,215396,167460,2262600,12805.012,4751.068,15324.866,898.878,166.792,35.955,2378,2255,1.500,1.670,1.050,2,0,1.998,0,0,18,326,0,23,0
19-01 16:04:03,23.302,3.508,71.660,0.501,0,5368652,194996,168100,2276556,7037.729,1623.629,0,1166.607,0,36.081,2582,2318,1.460,1.660,1.050,1,0,0,0,0,18,326,0,23,0
19-01 16:04:04,24.003,2.750,72.009,0.250,0,5363972,183668,168476,2291880,9592.182,1690.208,0,1368.169,0,31.004,2619,2241,1.460,1.660,1.050,2,0,0,0,0,18,326,0,22,0
19-01 16:04:05,24.752,2.750,70.756,1.000,0,5379192,146132,169112,2313340,9355.844,1566.141,0,3120.281,0,207.019,3547,3277,1.460,1.660,1.050,2,0,2.000,0,0,18,326,0,22,0
19-01 16:04:06,23.490,3.748,69.471,1.749,0,5374680,133456,169896,2329384,5886.546,1661.307,159.933,2634.901,8.996,118.950,3192,3141,1.460,1.660,1.050,1,0,5.997,0,0,18,326,0,22,0
19-01 16:04:07,23.240,2.249,71.720,0.500,0.250,5365272,150200,170924,2321564,11136.366,1565.349,0,2391.005,0,88.963,2912,2675,1.460,1.660,1.050,1,0,0,0,0,18,326,0,22,0
19-01 16:04:08,23.764,3.752,71.792,0.250,0,5294928,236416,171056,2305456,9295.437,1741.018,4.002,724.424,1.001,22.013,2576,2098,1.420,1.650,1.050,1,0,18.011,0,0,18,325,0,22,0
19-01 16:04:09,19.237,2.998,77.198,0.250,0,5332512,194864,171056,2309424,16205.067,3788.444,3.997,471.682,0.999,13.991,2347,1986,1.420,1.650,1.050,1,0,16.989,0,0,18,326,0,22,0
19-01 16:04:10,23.789,4.007,71.118,0.250,0,5324560,200216,171056,2311984,9526.802,1796.981,0,1590.638,0,34.056,2916,2601,1.420,1.650,1.050,1,0,20.033,0,0,18,325,0,22,0
19-01 16:04:11,27.818,5.514,65.160,0,0,5352468,165664,171216,2317760,15731.542,4802.767,256.629,1379.379,2.005,40.098,3023,2444,1.420,1.650,1.050,3,0,9.022,0,0,18,325,0,22,0
19-01 16:04:12,41.150,10.973,46.388,0,0,5368412,148984,171216,2318400,7900.885,1616.090,766.146,1667.965,5.986,10.973,11385,18660,1.420,1.650,1.050,1,0,21.947,0,0,18,325,0,22,0
19-01 16:04:13,21.194,7.480,69.068,0,0,5370960,146240,171216,2318564,6532.827,1615.753,0,654.280,0,9.974,10293,18730,1.390,1.640,1.050,2,0,16.955,0,0,18,325,0,20,0
19-01 16:04:14,22.042,4.509,72.137,0,0,5316016,214824,171232,2305588,6005.439,1623.092,0,244.466,0,11.021,3225,3079,1.390,1.640,1.050,1,0,50.095,0,0,18,325,0,20,0
19-01 16:04:15,23.744,5.749,67.982,0.250,0,5323060,207764,171232,2305608,9552.514,1565.593,0,887.769,0,15.996,10726,19333,1.390,1.640,1.050,1,0,24.993,0,0,18,325,0,20,0
19-01 16:04:16,18.254,3.001,76.767,0.500,0,5352200,173180,171232,2311052,14324.228,3803.857,0,1248.281,0,35.008,2503,2448,1.390,1.640,1.050,1,0,16.004,0,0,18,325,0,20,1
19-01 16:04:17,23.319,3.510,71.964,0,0,5349960,174332,171232,2312140,9197.367,1678.996,0,645.922,0,21.063,2817,2672,1.390,1.640,1.050,1,0,18.054,0,0,18,325,0,20,0
19-01 16:04:18,17.504,2.751,78.518,0.500,0,5331496,186424,171232,2317928,15510.459,4768.063,0,1260.281,0,26.006,2558,2517,1.350,1.630,1.050,1,0,9.002,0,0,18,325,0,20,0
19-01 16:04:19,25.001,6.250,66.254,0.500,0,5334952,182252,171232,2318544,13856.799,1620.093,0,1660.096,0,204.012,17253,32185,1.350,1.630,1.050,2,0,13.001,0,0,18,325,0,20,0
19-01 16:04:20,20.425,7.224,71.240,0,0,5322152,208392,171248,2305716,7547.451,1614.108,0,629.701,0,20.924,4162,5511,1.350,1.630,1.050,1,0,14.945,0,0,18,325,0,20,0
19-01 16:04:21,23.753,2.750,71.759,0,0,5299932,230812,171248,2305628,7541.990,1620.213,0,632.083,0,9.001,2517,1962,1.350,1.630,1.050,1,0,22.003,0,0,18,325,0,20,0
19-01 16:04:22,22.503,5.001,71.009,0,0,5320812,203852,171664,2311292,6298.816,1620.210,0,8.001,0,2.000,3426,3099,1.350,1.630,1.050,2,0,97.013,0,0,18,325,0,20,0
19-01 16:04:23,24.742,3.249,71.477,0,0,5320280,199316,171960,2315988,9073.126,1619.487,0,979.690,0,15.995,2779,2536,1.330,1.610,1.050,2,0,16.995,0,0,18,325,0,20,0
19-01 16:04:24,14.757,1.251,82.287,0.250,0,5328020,191232,171984,2316308,18462.222,7448.317,4.002,816.364,1.000,26.012,2061,1999,1.330,1.610,1.050,1,0,0,0,0,18,326,0,20,0
19-01 16:04:25,13.492,1.749,82.949,0.999,0,5324772,194096,171984,2316692,25442.258,12024.560,15.990,1750.917,1.999,79.951,2539,2772,1.330,1.610,1.050,1,0,0.999,0,0,18,326,0,20,0
19-01 16:04:26,8.751,1.750,84.510,3.250,0,5324552,193796,171984,2317132,151419.323,13946.596,104.012,1644.188,14.002,79.009,2466,2805,1.330,1.610,1.050,0,0,1.000,0,0,18,327,0,20,0
19-01 16:04:27,17.494,1.500,78.974,0.500,0,5351264,166852,171988,2317296,28323.666,8873.076,0,1231.594,0,52.983,2439,2250,1.330,1.610,1.050,1,0,0,0,0,18,327,0,20,0
19-01 16:04:28,16.753,3.501,77.763,0.750,0,5352772,165156,171988,2317616,21814.620,11036.832,0,21067.496,0,309.051,3911,5252,1.300,1.600,1.040,1,0,1.000,0,0,18,327,0,20,0
19-01 16:04:29,18.496,1.750,78.234,0.750,0,5353008,164400,171988,2318072,291146.049,14527.959,0,1551.675,0,56.988,2974,2804,1.300,1.600,1.040,0,0,0,0,0,18,327,0,18,0
19-01 16:04:30,7.243,1.499,88.168,0.999,0,5352760,164176,171992,2318364,139491.185,17308.892,31.970,2605.575,4.995,117.890,2318,2519,1.300,1.600,1.040,0,0,0,0,0,18,327,0,18,0
19-01 16:04:31,14.275,1.503,82.397,1.002,0,5352356,164176,171992,2318704,71950.294,11063.728,104.186,1534.737,6.011,59.105,2159,2041,1.300,1.600,1.040,1,0,0,0,0,18,327,0,18,0
19-01 16:04:32,9.749,1.750,85.492,0.750,0,5356020,140668,171996,2338384,5680863.440,40622.263,4.000,6999.356,1.000,67.994,3424,2531,1.300,1.600,1.040,1,0,4.000,0,0,18,327,0,18,0
19-01 16:04:33,10.035,3.763,81.789,2.258,0,5346552,142648,171996,2346596,12153580.557,63410.075,168.596,27011.451,5.018,137.486,5399,2868,1.190,1.580,1.040,1,0,2.007,0,0,18,327,0,14,0
19-01 16:04:34,21.910,4.482,71.707,0.747,0,5334780,170076,175076,2326652,7525.259,1452.068,0,4549.416,0,94.614,2773,2401,1.190,1.580,1.040,1,0,0.996,0,0,18,327,0,14,0
19-01 16:04:35,24.257,3.251,71.019,0.750,0,5348920,141092,175864,2339164,8913.401,1620.436,0,2440.657,0,205.055,3083,2656,1.190,1.580,1.040,2,0,0,0,0,18,327,0,14,0
19-01 16:04:36,24.255,2.250,71.514,0.500,0,5348172,125396,176216,2353960,8647.700,1620.318,16.003,1320.259,1.000,48.009,2702,2582,1.190,1.580,1.040,4,0,0,0,0,18,327,0,14,0
19-01 16:04:37,23.329,3.512,70.989,0.753,0,5374100,126112,176956,2327384,5951.048,1625.476,4.014,1818.125,1.003,89.301,2978,2996,1.190,1.580,1.040,1,0,0,0,0,18,327,0,10,0
19-01 16:04:38,22.428,5.482,70.524,0.498,0,5368156,118640,177760,2338616,8779.921,1614.836,0,81455.499,0,293.063,3395,2721,1.180,1.570,1.040,3,0,0,0,0,18,327,0,10,0
19-01 16:04:39,23.792,3.506,70.876,0.751,0,5368624,120828,179300,2333416,8513.189,1622.896,0,1586.831,0,71.127,2797,2500,1.180,1.570,1.040,1,0,0,0,0,18,327,0,10,0
19-01 16:04:40,25.282,2.503,71.089,0.501,0,5370584,136156,179776,2315700,20803.970,1622.025,0,2459.070,0,62.077,2967,2784,1.180,1.570,1.040,1,0,1.001,0,0,18,327,0,10,0
19-01 16:04:41,23.163,3.487,70.982,0.747,0,5353832,155576,180820,2311728,50455.529,1613.907,0,2765.560,0,104.605,3325,2988,1.180,1.570,1.040,1,0,0.996,0,0,18,327,0,7,0
19-01 16:04:42,19.514,1.751,78.056,0.500,0.250,5245040,297804,180936,2277812,13425.619,4158.980,4.003,536.384,1.001,19.014,2184,1910,1.180,1.570,1.040,2,0,2.001,0,0,18,325,0,7,0
19-01 16:04:43,21.244,3.999,73.231,0,0.250,5306860,235964,180936,2277828,38755.791,2673.296,0,683.820,0,12.997,2925,2122,1.160,1.560,1.040,0,0,33.991,0,0,18,326,0,7,0
19-01 16:04:44,20.828,2.760,75.283,0.251,0,5310512,225492,180936,2284220,15221.135,2833.636,0,1280.808,0,14.053,2397,2159,1.160,1.560,1.040,1,0,2.008,0,0,18,325,0,7,0
19-01 16:04:45,17.684,2.242,77.961,0.249,0,5336756,199060,180936,2284356,14023.002,4599.943,0,585.828,0,22.915,2367,2359,1.160,1.560,1.040,1,0,16.937,0,0,18,326,0,4,0
19-01 16:04:46,24.003,5.501,69.259,0.250,0,5328660,199732,181056,2290584,19132.535,1880.249,36.005,1880.249,2.000,145.019,10504,18462,1.160,1.560,1.040,1,0,14.002,0,0,18,325,0,4,0
19-01 16:04:47,23.000,5.750,68.500,0,0,5325100,203036,181064,2290792,7494.952,1619.990,0,2327.985,0,18.000,10168,18542,1.160,1.560,1.040,2,0,6.000,0,0,18,325,0,4,0
19-01 16:04:48,20.987,7.246,70.457,0.500,0,5317556,210380,181064,2290956,9149.386,1704.954,0,2806.278,0,170.895,3152,2987,1.150,1.550,1.040,1,0,13.991,0,0,18,325,0,4,0
19-01 16:04:49,21.746,5.749,71.487,0.250,0,5298208,244084,181080,2277972,23266.763,1619.705,3.999,1071.805,1.000,24.995,2859,2395,1.150,1.550,1.040,1,0,5.999,0,0,18,325,0,3,0
19-01 16:04:50,21.255,3.501,72.267,2.251,0,5316452,221580,181080,2282200,12601.948,1566.366,1844.431,1212.284,171.040,8.002,2767,2374,1.150,1.550,1.040,3,0,2.000,0,0,18,326,0,3,0
19-01 16:04:51,25.841,5.269,65.230,1.505,0,5312860,224104,181080,2283268,8109.564,1517.344,674.375,4857.108,42.148,369.301,8292,12232,1.150,1.550,1.040,0,1,1.004,0,0,18,328,0,9,0
19-01 16:04:52,12.472,16.463,68.344,0.998,0,5259760,276796,181080,2283676,8860.823,1616.319,307.300,1444.710,12.970,131.700,6809,6765,1.150,1.550,1.040,2,0,362.175,0,0,18,327,0,9,0
19-01 16:04:53,15.045,8.776,70.459,5.516,0,5237100,268636,181136,2314432,11743.871,1624.825,31060.226,11052.819,1271.776,58.173,6238,5374,1.140,1.540,1.040,1,0,87.259,0,0,18,327,0,11,0
19-01 16:04:54,6.725,3.238,79.205,9.216,0,5238428,259232,181540,2322092,11121.548,2625.215,7862.695,3526.855,1674.758,125.532,5536,5886,1.140,1.540,1.040,1,0,5.978,0,0,18,328,0,11,0
19-01 16:04:55,8.250,3.750,85.250,0.250,0,5247132,250468,181540,2322152,51322.213,3793.016,0,412.002,0,46.000,3031,7900,1.140,1.540,1.040,0,1,37.000,0,0,18,328,0,12,0
19-01 16:04:56,1.999,0.999,94.930,0.250,0,5247728,249740,181540,2322284,37827.039,5067.254,183.864,179.867,4.996,20.984,1636,2227,1.140,1.540,1.040,0,0,2.998,0,0,18,328,0,12,0
19-01 16:04:57,5.752,2.251,87.025,3.501,0,5232164,265140,181544,2322444,185177.554,131005.887,244.071,2860.827,15.004,307.089,2855,2619,1.140,1.540,1.040,0,0,13.004,0,0,18,327,0,12,0
19-01 16:04:58,1.499,1.249,96.208,0.500,0,5221632,275696,181548,2322384,10309.550,1565.324,0,419.819,0,29.987,1342,1878,1.050,1.510,1.030,0,0,0,0,0,18,327,0,11,0
19-01 16:04:59,2.000,0.750,95.229,0.500,0,5210960,286732,181548,2322384,8069.232,1619.645,0,14844.748,0,334.927,1986,2108,1.050,1.510,1.030,0,0,0,0,0,18,327,0,11,0
19-01 16:05:00,2.252,0.751,96.065,0,0,5209888,287804,181548,2322384,41820.099,1513.017,0,0,0,0,1281,1718,1.050,1.510,1.030,0,0,0,0,0,18,327,0,11,0
19-01 16:05:01,2.251,1.250,95.774,0,0,5209732,287960,181548,2322384,39677.081,1620.412,0,112.028,0,12.003,1406,1806,1.050,1.510,1.030,0,0,3.001,0,0,18,327,0,11,0
19-01 16:05:02,2.000,0.750,95.509,0.250,0,5200928,296732,181548,2322416,10854.993,1620.148,16.001,456.042,1.000,42.004,1623,2285,1.050,1.510,1.030,0,0,1.000,0,0,18,327,0,11,0
19-01 16:05:03,1.499,0.500,96.449,0,0,5201152,296508,181548,2322416,5797.953,1619.149,0,35.981,0,4.997,1247,1690,0.960,1.490,1.030,1,0,0,0,0,18,327,0,11,0
19-01 16:05:04,1.751,0.750,96.531,0,0,5201152,296508,181548,2322416,8683.769,1620.517,0,16.005,0,2.001,1215,1640,0.960,1.490,1.030,0,0,0,0,0,18,327,0,11,0
19-01 16:05:05,2.251,1.000,96.032,0.250,0,5201152,296508,181548,2322416,7414.469,1566.522,0,144.048,0,20.007,1462,2083,0.960,1.490,1.030,1,0,0,0,0,18,327,0,11,0
19-01 16:05:06,2.749,1.249,95.212,0,0,5201648,296008,181548,2322420,9627.136,1619.350,0,223.910,0,19.992,1424,1843,0.960,1.490,1.030,0,0,5.998,0,0,18,327,0,11,0
19-01 16:05:07,2.000,0.500,95.489,0.250,0,5201648,296008,181548,2322420,9386.882,1619.807,0,91.989,0,12.998,1457,1956,0.960,1.490,1.030,0,0,0,0,0,18,327,0,11,0
19-01 16:05:08,1.750,1.000,96.488,0,0,5201648,296008,181548,2322420,7616.015,1511.804,0,0,0,0,1150,1644,0.890,1.460,1.020,0,0,0,0,0,18,327,0,11,0
19-01 16:05:09,1.250,3.750,93.262,0,0,5187680,309952,181552,2322432,8965.124,1620.203,0,107257.449,0,484.061,2874,2642,0.890,1.460,1.020,0,0,0,0,0,18,327,0,11,0
19-01 16:05:10,2.250,1.000,95.501,0.250,0,5188408,309224,181552,2322432,8699.084,1620.016,0,2228.022,0,34.000,1509,2176,0.890,1.460,1.020,1,0,1.000,0,0,18,327,0,11,0
19-01 16:05:11,13.008,3.502,82.548,0.250,0,5222384,275240,181552,2322440,5757.358,1620.945,256.149,112.065,2.001,13.008,2171,2260,0.890,1.460,1.020,1,0,6.004,0,0,18,327,0,11,0
19-01 16:05:12,19.497,5.749,73.240,0,0,5236356,261256,181552,2322452,9500.727,1565.790,767.897,199.973,5.999,19.997,2904,2632,0.890,1.460,1.020,0,0,7.999,0,0,18,327,0,11,0
19-01 16:05:13,1.499,0.500,96.428,0.250,0,5230288,267324,181552,2322452,7012.782,1618.796,0,1223.090,0,221.835,1613,1730,0.810,1.440,1.010,0,0,0,0,0,18,327,0,11,0
19-01 16:05:14,2.252,2.502,94.073,0,0,5216580,280996,181556,2322460,9503.401,1621.263,0,58013.182,0,199.155,1946,2082,0.810,1.440,1.010,0,0,0,0,0,18,327,0,11,0
19-01 16:05:15,2.000,1.750,94.227,0.500,0,5220996,276468,181556,2322572,6921.337,1619.611,111.973,151.963,2.000,22.994,1476,2124,0.810,1.440,1.010,1,0,0,0,0,18,327,0,11,0
19-01 16:05:16,1.500,0.500,96.476,0.250,0,5217288,280172,181556,2322576,6016.527,1619.604,0,187.954,0,10.997,1132,1672,0.810,1.440,1.010,0,0,0,0,0,18,327,0,11,0
19-01 16:05:17,1.500,0.500,96.758,0,0,5217288,280172,181556,2322576,8798.689,1512.118,0,36.003,0,5.000,1242,1717,0.810,1.440,1.010,0,0,0,0,0,18,327,0,11,0
19-01 16:05:18,1.750,1.000,96.506,0,0,5217288,280172,181556,2322576,9759.571,1620.095,0,0,0,0,1206,1696,0.750,1.410,1.010,0,0,2.000,0,0,18,327,0,11,0
19-01 16:05:19,1.500,0.500,96.738,0,0,5217288,280172,181556,2322576,5842.263,1619.796,0,63.992,0,1.000,1129,1621,0.750,1.410,1.010,0,0,0,0,0,18,327,0,11,0
19-01 16:05:20,1.749,0.500,96.183,0,0,5217284,280172,181556,2322580,9342.484,1618.871,0,63.955,0,5.996,1217,1700,0.750,1.410,1.010,0,0,0,0,0,18,327,0,11,0
19-01 16:05:21,1.501,0.750,96.287,0,0,5217280,280172,181556,2322584,7071.693,1566.597,0,72.027,0,7.003,1189,1686,0.750,1.410,1.010,1,0,0,0,0,18,327,0,11,0
19-01 16:05:22,3.001,1.251,94.543,1.000,0,5217256,280172,181556,2322608,9498.291,1620.732,16.007,3709.676,1.000,185.084,2052,3053,0.750,1.410,1.010,1,0,1.000,0,0,18,327,0,11,0
19-01 16:05:23,1.499,0.250,96.458,0,0,5217256,280172,181556,2322608,7592.700,1619.296,0,51.977,0,5.997,1195,1684,0.690,1.390,1,0,0,0,0,0,18,327,0,11,0
19-01 16:05:24,2.001,1.251,95.798,0,0,5218168,279248,181560,2322608,6083.078,1620.820,0,2605.318,0,13.007,1305,1780,0.690,1.390,1,0,0,0,0,0,18,327,0,11,0
19-01 16:05:25,2.001,1.000,95.025,0.500,0,5218668,278744,181560,2322612,8897.340,1620.426,0,696.183,0,40.011,1622,2488,0.690,1.390,1,0,0,1.000,0,0,18,327,0,11,0
19-01 16:05:26,1.749,1.000,95.718,0,0,5211768,285632,181560,2322624,7478.533,1511.501,0,183.939,0,19.993,1356,2026,0.690,1.390,1,1,0,1.000,0,0,18,327,0,11,0
19-01 16:05:27,2.250,0.500,96.504,0,0,5211768,285632,181560,2322624,8374.358,1566.067,0,4.000,0,1.000,1290,1716,0.690,1.390,1,0,0,0,0,0,18,327,0,11,0
19-01 16:05:28,6.518,1.755,90.505,0.251,0,5214200,283196,181564,2322624,284413.593,6554.473,4.011,373.051,1.003,17.048,2105,2345,0.630,1.370,1,1,0,7.020,0,0,18,327,0,11,0
19-01 16:05:29,15.260,3.502,78.304,0.751,0,5224092,273176,181568,2322748,296416.957,13507.248,124.085,3930.691,6.004,202.138,3470,2713,0.630,1.370,1,1,0,32.022,0,0,18,327,0,11,0
19-01 16:05:30,19.505,7.752,70.769,0.250,0,5217596,275064,181568,2327388,189313.806,5501.506,20.005,148.041,2.001,4.001,4501,5656,0.630,1.370,1,2,0,41.011,0,0,18,327,0,9,0
