"pcp-dstat 6.2.0 CSV Output"
"Author:","PCP team <pcp@groups.io> and Dag Wieers <dag@wieers.com>",,,,"URL:","https://pcp.io/ and http://dag.wieers.com/home-made/dstat/"
"Host:","ubuntu",,,,"User:","ubuntu"
"Cmdline:","dstat -tcmndrylpg --tcp --output /tmp/devstack_logs/dstat-csv.log",,,,"Date:","13 Jan 2026 16:32:22 UTC"
"system","total usage",,,,,"memory usage",,,,"net/total",,"dsk/total",,"io/total",,"system",,"load avg",,,"procs",,,"paging",,"tcp sockets",,,,
"time","total usage:usr","total usage:sys","total usage:idl","total usage:wai","total usage:stl","used","free","buf","cach","net/total:recv","net/total:send","dsk/total:read","dsk/total:writ","read","writ","int","csw","1m","5m","15m","run","blk","new","in","out","lis","act","syn","tim","clo"
13-01 16:32:22,,1035056,1669788,162412,4954420,,,,,,,1.300,0.890,0.500,1,0,,,,10,5,0,17,1
13-01 16:32:23,21.745,20.495,56.488,0.500,0,1040936,1663396,162456,4954768,24298.643,10976.580,0,2391.473,0,89.980,6739,5689,1.300,0.890,0.500,0,0,530.883,0,0,10,4,0,17,2
13-01 16:32:24,27.757,18.755,52.764,0.500,0,1046940,1638548,162488,4972920,193230.775,11702.075,0,2188.575,0,73.019,6267,6247,1.300,0.890,0.500,2,0,354.093,0,0,10,4,0,17,2
13-01 16:32:25,40.499,16.249,41.999,0.500,0,1048124,1618208,163556,4987516,8599.714,1619.946,0,1619.946,0,50.998,6361,8297,1.300,0.890,0.500,2,0,234.992,0,0,10,4,0,17,2
13-01 16:32:26,30.431,9.229,59.365,0.499,0,1175944,1472800,163932,5127624,7790.282,1508.569,15.964,5140.309,0.998,48.889,4007,3360,1.270,0.890,0.500,2,0,87.800,0,0,11,6,0,17,2
13-01 16:32:27,38.076,12.776,48.096,0.501,0.251,1199364,1427148,164488,5147496,6288.597,1623.252,0,2364.737,0,90.181,4897,3430,1.270,0.890,0.500,1,1,200.401,0,0,11,6,0,19,2
13-01 16:32:28,43.231,6.997,47.979,1.249,0,1260248,1348692,165448,5161392,9002.063,1619.292,35.984,4166.178,2.999,119.948,3233,2251,1.270,0.890,0.500,2,0,5.997,0,0,11,6,0,19,2
13-01 16:32:29,44.752,4.500,48.752,0.750,0,1289460,1289236,166592,5187688,8522.310,1620.059,0,5556.202,0,270.010,3575,2179,1.270,0.890,0.500,4,0,1.000,0,0,11,8,0,19,2
13-01 16:32:30,29.632,6.972,50.549,11.454,0,1308152,1275504,168116,5180520,14650.786,4336.768,0,44674.488,0,3714.242,16595,27387,1.270,0.890,0.500,4,0,54.782,0,0,11,6,0,19,0
13-01 16:32:31,41.914,9.537,43.671,4.267,0,1199604,1383064,168444,5181176,7211.289,1626.380,0,31158.229,0,2219.708,10870,14808,1.490,0.940,0.520,2,0,137.540,0,0,11,4,0,19,0
13-01 16:32:32,43.917,8.235,47.411,0.250,0,1277496,1297976,168548,5187628,12316.862,3891.689,0,2139.980,0,62.882,3711,15585,1.490,0.940,0.520,2,0,36.931,0,0,11,4,0,19,0
13-01 16:32:33,39.530,4.754,54.542,1.001,0,1260288,1314888,168568,5187716,15359.835,4554.509,0,7974.144,0,417.322,4041,3133,1.490,0.940,0.520,2,0,28.022,0,0,11,5,0,19,0
13-01 16:32:34,45.053,8.009,45.553,0.250,0,1301144,1265876,169076,5193940,7727.026,1687.972,0,1165.361,0,45.053,11728,19373,1.490,0.940,0.520,3,0,14.016,0,0,11,4,0,19,0
13-01 16:32:35,45.220,7.745,45.720,0,0,1301720,1264868,169140,5194216,8973.091,1618.934,0,2038.658,0,52.965,11240,18194,1.490,0.940,0.520,3,0,16.989,0,0,11,4,0,19,0
13-01 16:32:36,27.768,25.266,45.529,0.250,0,1228732,1352396,169188,5181320,6720.239,1621.022,0,704.444,0,32.020,6671,5437,1.530,0.960,0.530,2,0,523.330,0,0,11,4,0,19,0
13-01 16:32:37,38.965,19.982,40.714,0,0,1196144,1384852,169192,5181852,43740.824,1618.550,0,31.971,0,6.994,6670,8477,1.530,0.960,0.530,2,0,348.688,0,0,11,4,0,19,0
13-01 16:32:38,43.052,12.265,44.054,0,0,1235432,1345540,169192,5181980,42808.134,1621.975,0,4.005,0,1.001,4517,3331,1.530,0.960,0.530,2,0,181.221,0,0,11,5,0,19,0
13-01 16:32:39,46.915,3.743,48.912,0,0,1251680,1328836,169216,5182412,5636.816,1563.176,0,179.675,0,0.998,2732,1125,1.530,0.960,0.530,2,0,0,0,0,11,5,0,19,0
13-01 16:32:40,44.270,7.753,47.271,0,0,1261600,1317316,169236,5183992,6200.741,1620.716,0,4.002,0,1.000,3387,4053,1.530,0.960,0.530,3,0,1.000,0,0,11,5,0,19,0
13-01 16:32:41,12.996,7.998,77.476,0,0,1274908,1303056,169288,5184840,8838.296,1511.538,0,21737.351,0,144.956,3387,3485,1.490,0.960,0.530,1,0,117.964,0,0,11,4,0,20,0
13-01 16:32:42,12.492,3.748,82.700,0.250,0,1310616,1267360,169304,5184844,8786.657,1660.990,0,727.558,0,27.983,1677,1508,1.490,0.960,0.530,1,0,21.987,0,0,11,4,0,20,0
13-01 16:32:43,23.010,2.501,73.781,0,0,1359752,1218220,169304,5184848,10792.540,1620.682,0,0,0,0,1824,1263,1.490,0.960,0.530,1,0,0,0,0,11,4,0,20,0
13-01 16:32:44,23.301,2.505,72.659,0.752,0,1387676,1190024,169344,5185080,7643.741,1623.556,0,3984.727,0,320.702,3766,4176,1.490,0.960,0.530,1,0,1.002,0,0,11,10,0,20,0
13-01 16:32:45,20.709,4.741,72.605,1.497,0.250,1334100,1243448,169380,5185184,9906.281,1658.698,99.801,2750.525,9.980,191.619,2840,2543,1.490,0.960,0.530,1,0,41.917,0,0,11,4,0,16,0
13-01 16:32:46,19.501,2.000,77.754,0.250,0,1369756,1207264,169644,5185376,10197.468,4009.184,272.012,572.026,10.000,27.001,1740,1325,1.450,0.960,0.540,1,0,0,0,0,11,9,0,16,0
13-01 16:32:47,12.500,3.250,67.500,15.750,0,1359632,1217484,169652,5185420,8526.956,3327.983,36.000,34675.820,9.000,430.998,2679,2573,1.450,0.960,0.540,0,1,1.000,0,0,11,17,0,16,0
13-01 16:32:48,15.777,4.758,74.628,3.756,0,1355224,1221420,169688,5185756,12936.106,5640.639,232.397,1626.780,57.098,3.005,2487,1906,1.450,0.960,0.540,1,0,45.077,0,0,11,28,0,17,0
13-01 16:32:49,19.714,3.244,76.611,0,0,1411964,1164680,169688,5185756,8922.835,3583.508,0,0,0,0,1676,1117,1.450,0.960,0.540,0,0,0,0,0,11,29,0,17,0
13-01 16:32:50,17.031,8.515,73.133,0,0,1394584,1182040,169688,5185776,11566.048,6656.113,0,12.022,0,3.005,3371,2754,1.450,0.960,0.540,2,0,156.284,0,0,11,28,0,18,0
13-01 16:32:51,42.916,7.984,48.905,0,0,1460392,1116228,169688,5185780,9074.337,1616.853,0,2295.532,0,14.971,2862,1368,1.490,0.980,0.540,3,0,0.998,0,0,11,28,0,18,0
13-01 16:32:52,30.000,3.500,65.249,0,0,1471628,1104924,169688,5185848,22311.779,16843.834,0,3259.968,0,15.000,4495,5532,1.490,0.980,0.540,3,0,0,0,0,11,30,0,18,0
13-01 16:32:53,48.860,24.806,25.557,0,0,1434980,1141380,169700,5186024,14807.189,5136.513,0,248.557,0,33.074,6369,6771,1.490,0.980,0.540,6,0,551.236,0,0,11,28,0,19,0
13-01 16:32:54,86.259,13.751,0.250,0,0,1667780,908564,169700,5186040,11678.172,5945.596,0,0,0,0,5004,2619,1.490,0.980,0.540,6,0,28.003,0,0,11,30,0,19,0
13-01 16:32:55,79.946,7.995,11.492,0,0,1748500,827740,169704,5186128,34003.219,29639.143,0,383.743,0,31.979,7131,9001,1.490,0.980,0.540,6,0,0,0,0,11,33,0,20,0
13-01 16:32:56,53.154,14.474,31.443,0,0,1560136,1015904,169716,5186316,24795.393,14698.557,0,606.908,0,57.896,7539,9609,1.780,1.040,0.570,1,0,309.443,0,0,11,28,0,25,0
13-01 16:32:57,19.746,4.499,75.237,0.250,0,1540852,1035164,169728,5186324,10485.120,3589.356,0,49879.055,0,160.971,2191,1394,1.780,1.040,0.570,0,0,0,0,0,11,29,0,23,0
13-01 16:32:58,16.765,2.752,79.069,0,0,1489396,1086596,169740,5186336,12179.665,6639.814,0,1165.020,0,25.022,2992,3291,1.780,1.040,0.570,1,0,23.020,0,0,11,28,0,24,0
13-01 16:32:59,20.478,6.243,73.172,0,0,1488492,1087496,169740,5186340,9202.143,1618.267,0,151.837,0,8.990,2292,1655,1.780,1.040,0.570,1,0,44.952,0,0,11,28,0,24,0
13-01 16:33:00,15.031,2.505,81.420,0.251,0,1474336,1101644,169740,5186348,13962.179,7752.201,0,1823.811,0,90.188,2699,2787,1.780,1.040,0.570,1,0,1.002,0,0,11,29,0,24,0
13-01 16:33:01,11.258,18.263,69.049,0.500,0,1430464,1145488,169748,5186368,11964.426,2611.839,0,1372.967,0,89.063,6182,5315,1.710,1.040,0.570,1,0,522.368,0,0,11,28,0,25,0
13-01 16:33:02,62.748,29.249,8.500,0,0,1503824,1072084,169748,5186412,7768.698,1619.937,0,43406.313,0,133.995,6233,4800,1.710,1.040,0.570,5,0,515.980,0,0,11,28,0,25,0
13-01 16:33:03,82.712,8.496,8.746,0,0,1680276,895600,169752,5186436,23603.128,19552.994,0,875.597,0,10.995,5667,4383,1.710,1.040,0.570,4,0,0,0,0,11,33,0,25,0
13-01 16:33:04,76.033,9.754,13.006,0,0,1655604,919908,169760,5186792,43133.589,32991.218,0,500.216,0,64.028,8741,15094,1.710,1.040,0.570,5,0,90.039,0,0,11,28,0,26,0
13-01 16:33:05,80.247,19.749,0,0,0,1602228,973244,169764,5186824,9267.708,3655.885,0,1367.957,0,134.996,5563,3726,1.710,1.040,0.570,5,0,219.993,0,0,11,29,0,26,0
13-01 16:33:06,85.576,9.453,5.224,0,0,1745288,830144,169764,5186860,29396.414,23757.341,0,159.212,0,8.956,5894,5266,2.060,1.130,0.600,4,0,0,0,0,11,34,0,26,0
13-01 16:33:07,74.323,9.541,14.814,0,0,1751156,824040,169768,5187092,83240.492,35867.764,0,305.326,0,23.100,9677,15016,2.060,1.130,0.600,5,0,100.436,0,0,11,30,0,30,0
13-01 16:33:08,48.434,14.231,37.449,0,0,1530712,1044444,169780,5187120,48659.434,6152.583,0,503.311,0,27.962,4891,4612,2.060,1.130,0.600,2,0,197.730,0,0,11,28,0,31,0
13-01 16:33:09,33.495,3.749,61.991,0.250,0,1557628,1017388,169780,5187260,20291.108,11517.358,0,147.979,0,7.999,3319,2754,2.060,1.130,0.600,2,0,0,0,0,11,30,0,30,0
13-01 16:33:10,48.088,21.289,29.554,0.501,0,1450772,1123992,169796,5187488,18802.459,10057.432,0,1081.983,0,76.140,6639,7530,2.060,1.130,0.600,3,0,379.696,0,0,11,28,0,32,0
13-01 16:33:11,54.001,6.250,39.000,0,0,1557060,1017688,169796,5187504,16787.167,13233.131,0,0,0,0,3909,2641,2.130,1.160,0.610,2,0,0,0,0,11,31,0,32,0
13-01 16:33:12,51.261,11.002,37.258,0,0,1472972,1101716,169796,5187564,29095.167,18323.884,0,372.079,0,40.008,7494,9692,2.130,1.160,0.610,7,0,214.045,0,0,11,28,0,33,0
13-01 16:33:13,84.760,14.252,0.500,0,0,1573332,1001328,169796,5187588,9282.082,2146.250,0,216.025,0,11.001,4966,2189,2.130,1.160,0.610,3,0,44.005,0,0,11,29,0,29,0
13-01 16:33:14,57.217,5.747,35.729,0,0,1603444,971128,169808,5187664,41687.760,33722.391,0,319.814,0,37.978,7132,10217,2.130,1.160,0.610,3,0,0,0,0,11,31,0,29,1
13-01 16:33:15,63.883,18.716,16.969,0,0,1550132,1024360,169840,5187712,16134.502,9060.435,0,4000.686,0,236.567,6706,7447,2.130,1.160,0.610,3,0,323.409,0,0,11,28,0,32,0
13-01 16:33:16,55.058,5.255,39.041,0,0.250,1580476,993992,169848,5187728,20767.715,13378.989,0,172.180,0,8.008,3880,2484,2.200,1.190,0.630,3,0,0,0,0,11,31,0,32,0
13-01 16:33:17,50.812,13.266,34.793,0.250,0,1457992,1116200,169872,5187980,25805.548,18908.116,0,472.578,0,48.059,7672,10101,2.200,1.190,0.630,3,0,299.366,0,0,11,28,0,34,0
13-01 16:33:18,63.947,10.741,24.730,0,0,1587400,986840,169876,5187988,7186.080,3087.456,0,4032.678,0,274.774,4316,1572,2.200,1.190,0.630,0,0,0,0,0,11,30,1,34,0
13-01 16:33:19,43.947,4.495,51.188,0.250,0,1592348,981452,169880,5188428,31608.631,25282.310,0,203.753,0,18.977,6118,8118,2.200,1.190,0.630,3,0,0,0,0,11,30,0,35,0
13-01 16:33:20,60.349,19.282,19.783,0,0,1537736,1036032,169880,5188460,12043.820,4395.233,0,196.323,0,12.020,4805,3726,2.200,1.190,0.630,4,0,288.475,0,0,11,28,0,37,0
13-01 16:33:21,51.664,5.491,42.679,0.250,0,1565992,1007620,169880,5188612,23607.652,17751.413,0,2400.000,0,95.840,4837,4034,2.270,1.220,0.640,2,0,0,0,0,11,31,0,34,0
13-01 16:33:22,52.762,13.253,32.758,0,0,1473188,1100340,169908,5188668,19657.579,10908.541,0,2096.488,0,92.021,6936,7775,2.270,1.220,0.640,3,0,112.026,0,0,11,28,0,36,0
13-01 16:33:23,54.488,6.499,38.992,0,0,1527040,1046476,169908,5188680,19335.810,13428.090,0,7.998,0,1.000,3854,2503,2.270,1.220,0.640,3,0,0,0,0,11,31,0,36,0
13-01 16:33:24,53.366,16.035,30.316,0,0,1475480,1097956,169924,5188744,23697.468,15668.029,0,368.801,0,37.081,7309,9305,2.270,1.220,0.640,4,0,341.742,0,0,11,28,0,38,0
13-01 16:33:25,76.752,23.001,0,0,0,1574800,998532,169928,5188808,7982.179,1620.036,0,188.004,0,16.000,5568,4660,2.270,1.220,0.640,7,0,423.009,0,0,11,28,0,38,0
13-01 16:33:26,82.871,15.975,0.250,0,0,1726792,846380,169928,5188964,20416.207,17189.232,0,155.757,0,5.991,6042,5067,2.650,1.310,0.670,5,0,383.403,0,0,11,32,0,38,0
13-01 16:33:27,76.089,21.275,3.254,0,0,1693932,879092,169956,5189084,45479.207,37085.387,0,969.134,0,76.089,9255,11354,2.650,1.310,0.670,7,0,482.565,0,0,11,30,0,38,1
13-01 16:33:28,81.027,18.256,0.500,0,0,1637172,935644,169964,5189284,22132.344,14455.797,0,476.158,0,37.012,6541,5999,2.650,1.310,0.670,5,0,230.076,0,0,11,28,0,39,0
13-01 16:33:29,83.941,9.493,6.495,0,0,1717604,855152,169968,5189316,28606.999,21984.629,0,171.880,0,5.996,6217,5373,2.650,1.310,0.670,2,0,0,0,0,11,33,0,39,0
13-01 16:33:30,60.045,14.261,23.768,0,0,1558540,1013980,169968,5189552,43238.440,34087.575,0,12.009,0,3.002,9590,14419,2.650,1.310,0.670,7,0,293.220,0,0,11,30,0,40,0
13-01 16:33:31,22.737,29.234,47.224,0,0,1461008,1111488,169968,5189576,11424.698,5450.993,0,31.982,0,7.996,7336,7093,2.510,1.310,0.680,3,0,800.558,0,0,11,28,0,42,0
13-01 16:33:32,71.035,27.764,1.751,0,0,1555716,1016732,169968,5189624,9744.856,1620.808,0,24.012,0,6.003,5848,12460,2.510,1.310,0.680,4,0,545.272,0,0,11,28,0,43,0
13-01 16:33:33,64.611,7.484,27.441,0,0,1624544,947736,169972,5189788,29633.360,23010.583,0,375.194,0,11.974,4838,5376,2.510,1.310,0.680,2,0,0,0,0,11,32,0,43,0
13-01 16:33:34,65.645,16.787,16.536,0.501,0,1531352,1040840,169980,5189868,22840.376,13265.257,0,725.600,0,76.168,7153,9305,2.510,1.310,0.680,5,0,245.542,0,0,11,28,0,46,0
13-01 16:33:35,77.289,10.471,12.217,0,0,1608908,963276,169980,5189876,18267.154,11388.923,0,179.510,0,8.976,4619,2499,2.510,1.310,0.680,4,0,22.937,0,0,11,31,0,46,0
13-01 16:33:36,57.864,6.763,34.067,0,0,1623024,948924,169984,5190108,42646.212,32875.919,0,2549.033,0,101.200,9808,13926,2.630,1.350,0.690,4,0,0,0,0,11,32,0,46,0
13-01 16:33:37,56.750,8.500,33.750,0.250,0,1524088,1047592,170012,5190348,76561.658,32063.275,0,448.004,0,46.000,10686,16450,2.630,1.350,0.690,5,0,49.000,0,0,11,29,0,46,0
13-01 16:33:38,81.760,14.252,4.250,0.250,0,1560296,1011356,170016,5190372,49160.765,5631.660,0,300.035,0,27.003,5424,3755,2.630,1.350,0.690,4,0,71.008,0,0,11,29,0,46,0
13-01 16:33:39,65.213,6.746,26.985,0,0,1615412,956204,170016,5190408,29206.487,21035.107,0,187.894,0,9.994,6101,6193,2.630,1.350,0.690,3,0,0,0,0,11,32,0,46,0
13-01 16:33:40,51.989,5.999,40.242,0,0,1615020,956204,170016,5190800,51531.277,40096.656,0,151.968,0,10.998,10908,18235,2.630,1.350,0.690,6,0,1.000,0,0,11,31,0,47,0
13-01 16:33:41,68.079,18.522,13.015,0,0,1539404,1031736,170016,5190876,27134.595,18536.583,0,160.187,0,9.010,7536,9148,2.740,1.400,0.710,4,0,260.303,0,0,11,28,0,50,0
13-01 16:33:42,75.051,8.976,15.708,0,0,1599688,971436,170016,5190892,16506.201,10842.230,0,147.608,0,8.976,4710,2518,2.740,1.400,0.710,3,0,0,0,0,11,31,0,49,0
13-01 16:33:43,63.407,8.020,28.571,0,0,1578476,992428,170016,5191120,43519.775,35126.990,0,124.308,0,9.022,9132,14013,2.740,1.400,0.710,3,0,34.084,0,0,11,30,0,51,0
13-01 16:33:44,75.777,15.506,8.503,0,0,1538704,1032008,170028,5191300,20312.252,11307.037,0,332.119,0,33.012,6399,6897,2.740,1.400,0.710,4,0,94.034,0,0,11,28,0,51,0
13-01 16:33:45,69.251,8.750,21.750,0,0,1587968,982716,170032,5191324,20365.394,16692.323,0,256.005,0,25.000,4774,3775,2.740,1.400,0.710,2,0,13.000,0,0,11,31,0,52,0
13-01 16:33:46,68.226,14.245,16.994,0,0,1622180,948436,170032,5191352,29676.710,20174.005,0,295.897,0,22.992,6519,8938,2.840,1.440,0.730,3,0,108.962,0,0,11,30,0,51,0
13-01 16:33:47,65.773,9.253,24.759,0,0,1603096,967316,170040,5191544,36355.605,28765.973,0,248.086,0,22.008,7139,10259,2.840,1.440,0.730,3,0,60.021,0,0,11,32,0,53,0
13-01 16:33:48,72.477,16.245,9.997,0,0,1532908,1037432,170048,5191608,21814.024,12452.018,0,3146.994,0,168.946,6640,6839,2.840,1.440,0.730,3,0,170.945,0,0,11,33,0,55,0
13-01 16:33:49,72.253,8.250,19.001,0,0,1603676,966500,170052,5191768,22859.874,16549.633,0,376.014,0,38.001,4929,4626,2.840,1.440,0.730,3,0,0,0,0,11,35,0,56,0
13-01 16:33:50,66.515,12.503,21.005,0,0,1594156,975952,170056,5191824,28362.398,22464.067,0,244.055,0,22.005,6507,8663,2.840,1.440,0.730,5,0,69.016,0,0,11,33,0,56,1
13-01 16:33:51,60.160,11.732,27.459,0,0.250,1566424,1003636,170064,5191864,19621.540,12556.148,0,279.580,0,25.961,5132,4223,3.020,1.500,0.750,2,0,137.793,0,0,11,34,0,58,0
13-01 16:33:52,53.581,11.768,34.552,0,0,1492936,1077100,170072,5191880,17603.544,9427.215,0,372.562,0,34.051,4973,4198,3.020,1.500,0.750,2,0,120.181,0,0,11,33,0,60,0
13-01 16:33:53,52.427,9.986,36.699,0,0,1547480,1022368,170076,5192064,16959.545,12158.186,0,1613.768,0,19.972,4813,4560,3.020,1.500,0.750,3,0,95.867,0,0,11,34,0,61,0
13-01 16:33:54,53.500,7.750,38.000,0.250,0,1584868,984788,170080,5192248,27861.865,19239.907,0,207.999,0,11.000,5040,6955,3.020,1.500,0.750,2,0,43.000,0,0,11,33,0,61,0
13-01 16:33:55,57.832,10.014,31.545,0,0,1600120,969476,170080,5192308,15745.329,8287.753,0,184.261,0,14.020,5020,4648,3.020,1.500,0.750,3,0,43.061,0,0,11,32,0,62,0
13-01 16:33:56,35.646,7.229,56.586,0.249,0,1553268,1016288,170080,5192344,23932.434,17126.218,0,199.420,0,9.971,4914,5023,2.850,1.490,0.750,0,0,85.751,0,0,11,34,0,62,0
13-01 16:33:57,31.341,10.531,57.166,0,0,1486956,1082552,170096,5192372,19795.509,9430.397,0,336.979,0,36.105,5482,6231,2.850,1.490,0.750,3,0,135.393,0,0,11,32,0,64,0
13-01 16:33:58,38.647,4.987,55.352,0,0,1510216,1059280,170096,5192384,13880.930,8448.438,0,183.510,0,11.968,2791,1793,2.850,1.490,0.750,1,0,0,0,0,11,34,0,58,0
13-01 16:33:59,33.033,6.506,60.060,0.250,0,1468952,1100404,170104,5192516,22286.237,12354.327,0,312.312,0,19.019,4839,6094,2.850,1.490,0.750,2,0,34.034,0,0,11,32,0,60,0
13-01 16:34:00,39.979,9.245,49.724,0.250,0,1498880,1070444,170116,5192532,9690.912,3588.116,0,231.878,0,17.991,3660,2251,2.850,1.490,0.750,1,0,104.945,0,0,11,33,0,60,0
13-01 16:34:01,32.523,5.254,61.294,0,0,1496364,1072812,170124,5192672,19868.111,11491.162,0,252.179,0,23.016,3661,3555,2.790,1.500,0.760,3,0,56.040,0,0,11,33,0,61,0
13-01 16:34:02,38.506,7.251,53.759,0.250,0,1469416,1099596,170128,5192828,15160.502,6580.086,0,2572.425,0,136.022,3769,3845,2.790,1.500,0.760,2,0,9.001,0,0,11,32,0,60,0
13-01 16:34:03,33.533,5.005,61.059,0,0,1516760,1052232,170128,5192848,19786.257,11744.431,0,144.140,0,8.008,3324,3316,2.790,1.500,0.760,2,0,0,0,0,11,34,0,60,0
13-01 16:34:04,35.434,5.989,56.895,0.250,0,1486348,1082600,170136,5192884,20938.214,13121.693,0,387.283,0,26.950,4680,5353,2.790,1.500,0.760,3,0,42.920,0,0,11,32,0,62,0
13-01 16:34:05,39.018,6.753,53.775,0,0,1542368,1026564,170140,5192896,10567.953,6572.080,0,140.066,0,8.004,2959,2029,2.790,1.500,0.760,2,0,5.002,0,0,11,33,0,62,0
13-01 16:34:06,32.778,4.254,62.554,0,0,1492076,1076812,170144,5192936,21708.712,16587.297,0,244.210,0,22.019,4643,6134,2.640,1.490,0.760,3,0,7.006,0,0,11,33,0,62,0
13-01 16:34:07,22.715,13.229,63.152,0.250,0,1440436,1128360,170156,5193008,46473.651,3989.789,0,287.552,0,20.967,4543,3956,2.640,1.490,0.760,1,0,274.573,0,0,11,32,0,63,0
13-01 16:34:08,17.997,3.000,78.237,0.250,0,1460868,1107796,170156,5193140,49286.800,6659.892,0,175.971,0,9.998,2082,1599,2.640,1.490,0.760,2,0,0,0,0,11,33,0,63,0
13-01 16:34:09,14.515,6.256,77.579,0,0,1425248,1143372,170168,5193168,14797.048,7181.303,0,800.814,0,57.058,4589,5118,2.640,1.490,0.760,1,0,110.112,0,0,11,32,0,64,0
13-01 16:34:10,17.765,10.009,71.812,0.250,0,1454972,1113612,170168,5193204,9253.947,1621.392,0,176.151,0,14.012,3309,2478,2.640,1.490,0.760,1,0,176.151,0,0,11,32,0,64,0
13-01 16:34:11,18.225,2.497,77.892,0,0,1469604,1098976,170168,5193208,37922.547,6979.346,0,0,0,0,2211,1503,2.510,1.480,0.760,0,0,0,0,0,11,33,0,57,0
13-01 16:34:12,18.005,5.251,76.019,0,0,1430600,1137956,170172,5193228,17278.422,6821.746,0,220.056,0,12.003,3842,4144,2.510,1.480,0.760,1,0,46.012,0,0,11,32,0,58,0
13-01 16:34:13,19.749,2.750,76.997,0.250,0,1461856,1106684,170188,5193228,21636.167,3920.849,0,1435.945,0,77.997,2097,1500,2.510,1.480,0.760,0,0,0,0,0,11,33,0,58,0
13-01 16:34:14,17.760,2.251,78.295,0,0,1460724,1107784,170188,5193260,32523.521,10262.844,0,124.071,0,14.008,3939,4868,2.510,1.480,0.760,2,0,0,0,0,11,33,0,58,0
13-01 16:34:15,14.267,13.265,71.583,0.250,0,1398720,1169616,170192,5193420,13839.077,4891.683,0,220.256,0,21.024,5357,5110,2.510,1.480,0.760,3,0,312.363,0,0,11,32,0,55,0
13-01 16:34:16,30.255,15.752,53.258,0,0,1427468,1140780,170228,5193472,19454.900,1706.254,0,396.059,0,32.005,5065,3924,2.630,1.530,0.780,3,0,314.047,0,0,11,32,0,57,0
13-01 16:34:17,44.486,5.748,48.234,1.000,0,1509468,1056448,170368,5195388,11089.426,1619.478,0,4242.633,0,266.914,4274,3739,2.630,1.530,0.780,2,0,16.995,0,0,11,36,0,57,0
13-01 16:34:18,37.185,7.237,43.923,10.731,0,1491456,1067564,171416,5200852,7967.976,1617.154,0,37533.937,0,3384.044,18038,28246,2.630,1.530,0.780,2,1,120.787,0,0,11,36,0,57,0
13-01 16:34:19,39.058,7.761,41.561,8.763,0,1508720,1048912,171980,5201640,25406.551,1708.525,0,44962.454,0,3808.629,16242,26993,2.630,1.530,0.780,3,0,35.052,0,0,11,36,0,54,0
13-01 16:34:20,45.027,6.004,47.529,0.750,0,1489688,1067892,172008,5201660,7316.459,1458.889,0,8160.974,0,450.274,3737,3675,2.630,1.530,0.780,3,0,7.004,0,0,11,32,0,54,0
13-01 16:34:21,39.472,7.745,44.719,6.495,0,1556344,1000620,172248,5202036,5668.023,1660.835,0,12371.321,0,2013.587,15845,21833,2.580,1.530,0.790,1,1,2.998,0,0,11,34,0,54,0
13-01 16:34:22,32.940,7.736,55.898,2.745,0,1517752,1038844,172468,5202176,16422.903,1617.037,0,20330.741,0,1615.040,9621,11771,2.580,1.530,0.790,1,0,98.819,0,0,11,32,0,54,0
13-01 16:34:23,22.266,4.003,73.051,0,0,1516208,1040384,172472,5202176,8684.052,1621.130,0,852.594,0,46.032,2123,1563,2.580,1.530,0.790,3,0,2.001,0,0,11,32,0,49,0
13-01 16:34:24,23.247,3.000,73.240,0.500,0,1486008,1070524,172512,5202196,6529.124,1619.783,0,4227.433,0,186.975,2385,1894,2.580,1.530,0.790,1,0,1.000,0,0,11,32,0,49,0
13-01 16:34:25,21.754,4.251,72.764,0,0,1516040,1040488,172516,5202196,14494.691,1690.314,0,132.025,0,12.002,2103,1320,2.580,1.530,0.790,1,0,2.000,0,0,11,32,0,49,0
13-01 16:34:26,22.260,4.002,74.034,0,0,1485124,1071392,172516,5202208,8786.056,1620.748,0,0,0,0,1804,1191,2.450,1.520,0.790,1,0,1.000,0,0,11,32,0,49,0
13-01 16:34:27,22.738,2.998,73.462,0,0,1519640,1036876,172516,5202208,10442.635,1457.251,0,0,0,0,1862,1209,2.450,1.520,0.790,3,0,1.999,0,0,11,32,0,47,0
13-01 16:34:28,23.499,3.250,72.747,0,0,1477416,1079000,172516,5202276,9025.647,1619.937,0,4.000,0,1.000,1929,1217,2.450,1.520,0.790,1,0,7.000,0,0,11,32,0,47,0
13-01 16:34:29,22.757,3.501,73.774,0,0,1511320,1045096,172516,5202276,6380.101,1620.534,0,144.047,0,2.001,1805,1244,2.450,1.520,0.790,1,0,2.001,0,0,11,32,0,47,0
13-01 16:34:30,22.729,3.747,73.182,0,0,1479220,1077068,172516,5202364,9336.341,1618.499,0,199.815,0,1.998,1907,1281,2.450,1.520,0.790,2,0,1.998,0,0,11,32,0,47,0
13-01 16:34:31,21.501,3.750,73.504,0.250,0.250,1447448,1108808,172516,5202396,7867.476,1620.098,0,120.007,0,9.001,2003,1580,2.340,1.520,0.790,2,0,1.000,0,0,11,32,0,41,0
13-01 16:34:32,27.005,6.501,65.763,0,0,1472164,1084088,172520,5202396,6548.298,1620.321,0,328.065,0,23.005,3243,14152,2.340,1.520,0.790,2,0,38.008,0,0,11,32,0,42,0
13-01 16:34:33,22.757,3.251,74.022,0,0,1433304,1122924,172520,5202420,8843.570,1620.471,0,0,0,0,1880,1268,2.340,1.520,0.790,2,0,1.000,0,0,11,32,0,42,0
13-01 16:34:34,22.750,3.750,73.500,0,0,1445116,1111080,172520,5202448,7292.971,1619.994,0,4.000,0,1.000,1820,1194,2.340,1.520,0.790,1,0,1.000,0,0,11,32,0,42,0
13-01 16:34:35,22.001,3.500,73.752,0,0,1477612,1078584,172520,5202448,8454.233,1458.040,0,36.001,0,5.000,1877,1149,2.340,1.520,0.790,2,0,2.000,0,0,11,32,0,37,0
13-01 16:34:36,15.769,11.263,72.085,0,0,1456364,1099680,172520,5202596,9892.628,1621.906,0,176.207,0,2.002,3950,2785,2.230,1.510,0.790,1,0,226.266,0,0,11,32,0,37,0
13-01 16:34:37,8.751,21.502,68.758,0,0,1446152,1109720,172520,5202760,40482.628,1620.185,0,804.092,0,12.001,6240,4653,2.230,1.510,0.790,1,0,472.054,0,0,11,32,0,37,0
13-01 16:34:38,9.247,20.743,68.977,0,0,1445136,1110700,172520,5202796,43202.565,1619.459,0,423.858,0,4.998,6336,4699,2.230,1.510,0.790,1,0,467.844,0,0,11,32,0,37,0
13-01 16:34:39,14.988,12.241,71.944,0,0,1428160,1127672,172520,5202796,7473.222,1660.716,0,0,0,0,3834,2841,2.230,1.510,0.790,1,0,206.840,0,0,11,32,0,37,0
13-01 16:34:40,22.750,3.250,74.000,0,0,1480724,1075104,172520,5202796,9346.981,1619.997,0,4.000,0,1.000,1885,1217,2.230,1.510,0.790,4,0,2.000,0,0,11,32,0,37,0
13-01 16:34:41,22.761,3.252,73.285,0,0,1451340,1104492,172520,5202792,8151.885,1620.772,0,204.097,0,17.008,2030,1600,2.130,1.500,0.790,2,0,2.001,0,0,11,32,0,37,0
13-01 16:34:42,22.259,3.501,73.528,0.250,0,1470580,1085244,172528,5202792,8869.410,1620.623,0,356.137,0,24.009,1915,1257,2.130,1.500,0.790,2,0,2.001,0,0,11,32,0,37,0
13-01 16:34:43,22.256,3.501,73.769,0,0,1476180,1079636,172528,5202800,7304.895,1458.378,0,0,0,0,1813,1231,2.130,1.500,0.790,2,0,1.000,0,0,11,32,0,32,0
13-01 16:34:44,22.753,2.750,73.509,0,0,1518052,1037764,172528,5202800,6426.778,1620.196,0,12.001,0,1.000,1725,1095,2.130,1.500,0.790,3,0,2.000,0,0,11,32,0,32,0
13-01 16:34:45,22.247,3.499,73.989,0,0,1477380,1078444,172528,5202792,6030.084,1619.754,0,0,0,0,1808,1182,2.130,1.500,0.790,3,0,1.000,0,0,11,32,0,32,0
13-01 16:34:46,23.504,2.500,73.513,0,0,1505056,1050768,172528,5202792,9118.581,1620.281,0,24.004,0,2.000,1788,1085,2.040,1.490,0.800,2,0,2.000,0,0,11,32,0,32,0
13-01 16:34:47,21.971,3.745,73.403,0,0,1463476,1092340,172528,5202800,9580.308,1617.857,0,47.936,0,2.996,1868,1287,2.040,1.490,0.800,2,0,0.999,0,0,11,32,0,27,0
13-01 16:34:48,22.736,3.248,74.205,0,0,1458728,1097072,172528,5202816,9826.055,1619.020,0,11.993,0,0.999,1831,1120,2.040,1.490,0.800,3,0,2.998,0,0,11,32,0,27,0
13-01 16:34:49,22.261,3.252,73.537,0,0.250,1459948,1095872,172528,5202796,7752.879,1620.811,0,0,0,0,1805,1162,2.040,1.490,0.800,2,0,2.001,0,0,11,32,0,27,0
13-01 16:34:50,22.741,3.749,73.471,0.250,0,1438400,1117396,172528,5202820,13406.780,1619.370,0,2531.015,0,88.965,2053,1120,2.040,1.490,0.800,1,0,1.000,0,0,11,32,0,27,0
13-01 16:34:51,22.530,4.256,73.349,0,0,1482516,1073360,172528,5202740,12032.267,1459.974,0,204.276,0,13.018,2108,1679,1.960,1.480,0.800,2,0,3.004,0,0,11,32,0,27,0
13-01 16:34:52,23.504,2.500,73.512,0.250,0,1461720,1094064,172532,5202828,7280.201,1620.267,0,496.082,0,32.005,1835,1197,1.960,1.480,0.800,2,0,1.000,0,0,11,32,0,21,0
13-01 16:34:53,22.252,3.250,73.757,0,0,1444940,1110844,172532,5202828,8058.777,1620.156,0,20.002,0,2.000,1881,1264,1.960,1.480,0.800,2,0,1.000,0,0,11,32,0,21,0
13-01 16:34:54,22.260,3.752,74.034,0,0,1453388,1102412,172532,5202808,9912.556,1620.745,0,620.285,0,113.052,1981,1299,1.960,1.480,0.800,2,0,2.001,0,0,11,32,0,21,0
13-01 16:34:55,22.735,2.748,73.453,0,0,1436848,1118932,172532,5202828,8379.585,1660.927,0,19.987,0,0.999,1796,1141,1.960,1.480,0.800,2,0,0.999,0,0,11,32,0,21,0
13-01 16:34:56,22.986,2.748,73.955,0,0,1443280,1112520,172532,5202808,8726.739,1619.024,0,19.988,0,0.999,1765,1186,1.880,1.470,0.800,2,0,0,0,0,11,32,0,15,0
13-01 16:34:57,21.993,3.749,73.975,0,0,1457356,1098436,172532,5202816,7166.597,1619.457,0,67.977,0,1.999,1811,1257,1.880,1.470,0.800,2,0,1.000,0,0,11,32,0,15,0
13-01 16:34:58,21.773,4.505,73.577,0,0,1449436,1106324,172532,5202848,9495.906,1715.790,0,16.017,0,2.002,1974,1151,1.880,1.470,0.800,1,0,19.020,0,0,11,32,0,15,0
13-01 16:34:59,11.234,18.473,69.149,0,0,1438096,1117632,172532,5202876,7522.046,1509.801,0,203.703,0,10.984,5574,4291,1.880,1.470,0.800,1,0,442.356,0,0,11,32,0,15,0
13-01 16:35:00,22.508,4.001,73.527,0,0,1494160,1061556,172532,5202888,5849.165,1566.580,0,120.044,0,2.001,1806,1302,1.880,1.470,0.800,1,0,0,0,0,11,32,0,11,0
13-01 16:35:01,23.234,2.998,72.701,0,0,1490168,1065292,172532,5203136,9164.792,1618.903,0,247.832,0,11.992,2202,1620,1.810,1.460,0.800,1,0,12.991,0,0,11,32,0,11,0
13-01 16:35:02,22.762,3.252,73.539,0,0,1525820,1029636,172536,5203136,7834.108,1620.850,0,324.170,0,22.012,1864,1212,1.810,1.460,0.800,2,0,0,0,0,11,32,0,11,0
13-01 16:35:03,12.269,18.028,68.106,0.501,0,1473780,1081532,172536,5203280,6028.422,1622.536,40.063,72.113,2.003,3.005,5250,3859,1.810,1.460,0.800,2,0,388.607,0,0,11,32,0,11,0
13-01 16:35:04,8.754,21.761,68.534,0,0,1468128,1087148,172536,5203308,8480.242,1620.811,0,360.180,0,38.019,6380,4838,1.810,1.460,0.800,2,0,488.244,0,0,11,32,0,8,0
13-01 16:35:05,8.251,22.752,68.255,0,0,1457456,1097780,172536,5203340,9006.619,1620.111,0,296.020,0,7.000,6473,4983,1.810,1.460,0.800,3,0,511.035,0,0,11,32,0,8,0
13-01 16:35:06,9.247,21.743,68.729,0,0,1444516,1110680,172536,5203372,9056.285,1619.515,0,1431.571,0,49.985,6385,4773,1.740,1.460,0.800,1,0,504.849,0,0,11,32,0,8,0
13-01 16:35:07,8.002,22.255,67.764,0,0.250,1436200,1118972,172536,5203396,43698.176,1620.340,0,1220.256,0,14.003,6353,4752,1.740,1.460,0.800,2,0,502.105,0,0,11,32,0,8,0
13-01 16:35:08,7.997,21.742,69.225,0,0,1433556,1121588,172536,5203424,40381.452,1457.475,0,783.718,0,9.996,6150,4622,1.740,1.460,0.800,1,0,461.834,0,0,11,32,0,5,0
13-01 16:35:09,8.250,20.499,69.996,0,0,1409476,1145632,172536,5203460,9822.442,1619.908,0,167.990,0,7.000,6129,4507,1.740,1.460,0.800,1,0,437.975,0,0,11,32,0,5,0
13-01 16:35:10,8.000,22.501,68.252,0,0,1398000,1157040,172536,5203524,9794.247,1620.041,0,444.011,0,15.000,6189,4628,1.740,1.460,0.800,1,0,462.012,0,0,11,32,0,5,0
13-01 16:35:11,9.245,20.739,68.713,0.250,0,1402960,1152044,172540,5203556,6964.215,1619.120,0,263.857,0,21.988,6311,5023,1.760,1.470,0.810,0,0,459.750,0,0,11,32,0,5,0
13-01 16:35:12,21.022,26.528,51.554,0.250,0,1363880,1191076,172552,5203580,9376.873,1621.708,0,868.915,0,51.054,7178,6383,1.760,1.470,0.810,3,0,715.754,0,0,11,34,0,6,0
13-01 16:35:13,63.167,14.731,21.222,0,0,1528416,1026064,172564,5203976,7147.655,1617.885,0,599.217,0,40.946,4619,3185,1.760,1.470,0.810,3,0,219.713,0,0,11,32,0,10,0
13-01 16:35:14,56.975,9.746,24.489,7.497,0,1623976,920532,173172,5212324,10658.239,1619.277,371.834,25220.734,2.999,1962.124,13421,17610,1.760,1.470,0.810,1,1,66.970,0,0,11,38,0,10,0
13-01 16:35:15,43.561,14.020,29.041,12.518,0,1602868,930196,174060,5222316,7253.155,1622.271,0,94932.914,0,6736.432,29703,44838,1.760,1.470,0.810,4,1,166.233,0,0,11,36,0,11,0
13-01 16:35:16,42.957,8.991,31.469,13.487,0,1620544,901240,174432,5232884,10980.030,6492.513,0,78577.492,0,6226.779,28792,41410,2.020,1.530,0.830,2,2,68.931,0,0,11,37,0,8,0
13-01 16:35:17,43.799,13.765,30.033,10.762,0,1530124,983812,175044,5239808,14390.953,5932.576,0,76520.826,0,5553.156,25934,38379,2.020,1.530,0.830,3,0,186.206,0,0,11,34,0,9,0
13-01 16:35:18,42.247,18.749,23.998,14.499,0,1594288,912616,175400,5246272,6959.475,1619.878,371.972,54779.870,6.000,3910.705,21966,30533,2.020,1.530,0.830,4,0,247.981,0,0,11,34,0,9,0
13-01 16:35:19,43.744,15.498,24.747,14.498,0,1610472,893056,175704,5249100,14697.047,6660.115,875.884,45974.891,20.997,3526.531,20002,29203,2.020,1.530,0.830,6,0,184.975,0,0,11,35,0,9,0
13-01 16:35:20,32.005,11.752,42.757,11.252,0,1613644,886756,175728,5252132,19030.977,11350.776,924.145,52552.221,14.002,4248.665,24286,35877,2.020,1.530,0.830,2,1,151.024,0,0,11,35,0,9,0
13-01 16:35:21,34.988,9.247,42.985,11.246,0,1537664,963016,176060,5251500,14510.821,6388.720,0,52333.322,0,4540.379,20831,33622,2.100,1.550,0.840,1,1,54.980,0,0,11,34,0,9,0
13-01 16:35:22,35.762,6.752,43.264,12.504,0,1574208,925284,176340,5252348,10842.497,3591.158,0,53065.115,0,4425.427,21150,31941,2.100,1.550,0.840,0,1,45.015,0,0,11,35,0,9,0
13-01 16:35:23,34.985,6.497,44.731,11.495,0,1575076,921948,176428,5254704,17002.895,10505.610,0,54525.214,0,4586.084,22493,35041,2.100,1.550,0.840,3,0,35.985,0,0,11,35,0,9,0
13-01 16:35:24,35.992,5.999,44.741,10.748,0,1571664,923000,176480,5256948,18039.230,10882.726,0,51709.194,0,4366.088,22298,35155,2.100,1.550,0.840,4,0,50.989,0,0,11,34,0,10,0
13-01 16:35:25,34.190,11.230,41.677,11.230,0,1568224,922896,176652,5260216,9278.659,1617.152,0,49564.708,0,4121.741,21458,32012,2.100,1.550,0.840,4,0,127.775,0,0,11,36,0,10,0
13-01 16:35:26,31.568,7.767,46.100,12.277,0,1586068,900604,176796,5264388,14999.453,7368.944,0,56486.215,0,4877.553,23383,35836,2.090,1.560,0.850,2,1,72.156,0,0,11,37,0,10,0
13-01 16:35:27,30.512,7.503,48.519,12.005,0,1579780,903560,176912,5267504,19931.951,12056.810,0,58371.285,0,4877.946,26292,39610,2.090,1.560,0.850,4,0,90.036,0,0,11,37,0,10,0
13-01 16:35:28,35.497,10.999,40.497,11.249,0,1572260,912708,176956,5265780,10967.212,4985.642,0,62147.536,0,5198.627,21474,37152,2.090,1.560,0.850,2,0,59.996,0,0,11,36,0,10,0
13-01 16:35:29,34.252,7.000,46.502,10.751,0,1602072,884780,177020,5263832,14393.692,6661.320,0,48698.342,0,4273.206,18010,32277,2.090,1.560,0.850,2,0,39.002,0,0,11,35,0,11,0
13-01 16:35:30,30.932,9.978,56.126,1.497,0,1473520,1013288,177020,5263880,15083.667,10065.756,0,15030.784,0,868.082,8522,10131,2.090,1.560,0.850,1,0,211.533,0,0,11,33,0,11,0
13-01 16:35:31,17.751,5.500,76.006,0,0,1394580,1092200,177020,5263908,13007.042,8298.665,0,2352.188,0,92.007,4337,4883,2.010,1.550,0.850,1,0,56.004,0,0,11,32,0,12,0
13-01 16:35:32,23.048,4.509,70.897,0.251,0,1455976,1030804,177020,5265448,8649.918,3597.452,0,873.810,0,45.093,2348,2972,2.010,1.550,0.850,3,0,34.071,0,0,11,33,0,11,0
13-01 16:35:33,21.706,3.493,73.602,0.499,0,1459296,1027492,177028,5263928,16810.194,8329.250,0,3089.786,0,166.665,4507,6078,2.010,1.550,0.850,2,0,2.994,0,0,11,32,0,13,0
13-01 16:35:34,20.500,5.750,73.499,0,0,1453188,1033600,177028,5263928,8318.884,1685.977,0,4.000,0,1.000,2045,1399,2.010,1.550,0.850,2,0,34.000,0,0,11,32,0,13,0
13-01 16:35:35,15.766,2.002,81.834,0,0,1463688,1023092,177028,5263936,17466.954,8349.582,0,84.086,0,10.010,2187,2248,2.010,1.550,0.850,1,0,0,0,0,11,32,0,14,0
13-01 16:35:36,19.506,7.002,73.273,0.250,0,1457080,1029700,177028,5263936,8526.687,1620.511,0,172.054,0,11.003,2550,1799,2.010,1.560,0.860,2,0,60.019,0,0,11,32,0,14,0
13-01 16:35:37,18.004,2.000,78.517,0,0,1450904,1035524,177028,5264288,52014.578,7398.647,0,36.008,0,4.001,2381,2041,2.010,1.560,0.860,2,0,0,0,0,11,33,0,14,0
13-01 16:35:38,17.966,5.989,75.609,0,0,1438124,1048276,177028,5264316,47073.104,6321.197,0,231.568,0,20.961,3715,3867,2.010,1.560,0.860,1,0,42.920,0,0,11,32,0,15,0
13-01 16:35:39,19.264,1.501,78.307,0.250,0,1470220,1016048,177028,5264448,8377.084,4019.920,0,140.102,0,9.007,1930,1575,2.010,1.560,0.860,1,0,0,0,0,11,33,0,15,0
13-01 16:35:40,17.024,2.253,79.863,0,0,1469304,1016944,177028,5264468,17662.059,10110.345,0,188.267,0,21.030,3166,3858,2.010,1.560,0.860,1,0,0,0,0,11,32,0,16,0
13-01 16:35:41,9.494,20.486,69.454,0,0,1382072,1104024,177028,5264620,7092.315,1457.038,0,291.807,0,10.993,5706,4189,2,1.560,0.860,1,0,432.714,0,0,11,32,0,16,0
13-01 16:35:42,44.291,17.767,36.784,0,0,1444772,1041104,177048,5264820,5678.281,1621.508,0,756.704,0,58.054,6041,4670,2,1.560,0.860,3,0,365.340,0,0,11,32,0,22,0
13-01 16:35:43,66.101,9.229,24.445,0,0,1623704,860700,177116,5266164,8601.653,1616.364,0,275.381,0,5.987,3723,1378,2,1.560,0.860,3,0,2.993,0,0,11,32,0,22,0
13-01 16:35:44,67.628,7.765,23.545,0.250,0,1769976,710000,177268,5269980,7424.104,1623.083,0,8255.684,0,372.708,4577,1818,2,1.560,0.860,3,0,6.011,0,0,11,32,0,22,0
13-01 16:35:45,40.760,9.002,38.760,10.753,0,1782644,684868,177396,5281784,8475.109,1620.403,0,80916.136,0,5854.457,26649,40551,2,1.560,0.860,4,1,201.050,0,0,11,38,0,22,0
13-01 16:35:46,29.245,8.998,46.492,13.498,0,1785048,671064,177472,5292716,8953.411,1619.713,0,95763.008,0,6906.775,30867,47772,2.160,1.600,0.880,3,0,245.956,0,0,11,38,0,22,0
13-01 16:35:47,38.477,8.495,37.727,12.992,0,1641940,806656,177556,5299900,6040.357,1619.024,0,79068.317,0,6072.338,27244,43881,2.160,1.600,0.880,2,1,177.893,0,0,11,36,0,22,0
13-01 16:35:48,40.239,11.997,33.241,12.746,0,1691580,746180,177640,5310316,10233.101,1619.541,0,75082.726,0,5505.440,27927,39923,2.160,1.600,0.880,1,1,188.946,0,0,11,36,0,22,0
13-01 16:35:49,45.004,9.501,33.253,11.001,0,1748968,677664,177680,5320964,7450.730,1458.143,0,71523.009,0,4925.483,23943,34468,2.160,1.600,0.880,4,1,6.001,0,0,11,36,0,22,0
13-01 16:35:50,44.490,8.998,30.993,14.247,0,1775472,643140,177728,5328592,6998.471,1619.646,0,90280.280,0,6345.614,30642,43462,2.160,1.600,0.880,6,0,70.984,0,0,11,38,0,22,0
13-01 16:35:51,39.541,9.260,41.293,8.509,0,1578756,837580,177752,5330768,8801.228,1621.700,0,69552.922,0,4837.071,21809,31776,2.150,1.610,0.890,2,0,151.158,0,0,11,32,0,22,0
13-01 16:35:52,16.504,12.253,70.518,0,0,1474264,942048,177752,5330792,7282.894,1620.422,0,1096.285,0,54.014,4050,2987,2.150,1.610,0.890,1,0,237.062,0,0,11,32,0,22,0
13-01 16:35:53,22.733,2.998,72.696,0.500,0,1500196,916116,177752,5330792,9089.191,1618.787,0,3213.593,0,166.875,2418,2003,2.150,1.610,0.890,2,1,0.999,0,0,11,32,0,22,0
13-01 16:35:54,23.731,2.748,72.941,0,0,1538852,877452,177752,5330800,8388.245,1618.696,0,2805.741,0,173.860,2563,2394,2.150,1.610,0.890,1,0,1.998,0,0,11,38,0,22,0
13-01 16:35:55,20.998,4.749,73.492,0,0.250,1466028,950276,177752,5330800,7090.214,1619.820,0,0,0,0,2123,1360,2.150,1.610,0.890,1,0,27.997,0,0,11,32,0,22,0
13-01 16:35:56,23.226,2.248,73.674,0,0,1523524,892780,177752,5330800,9262.415,1618.325,0,39.959,0,3.996,1790,1184,2.060,1.600,0.890,1,0,0,0,0,11,32,0,22,0
13-01 16:35:57,20.556,8.523,70.190,0,0,1408104,1008064,177756,5330928,8440.836,1624.395,0,958.593,0,80.217,3478,2766,2.060,1.600,0.890,2,0,177.480,0,0,11,32,0,22,0
13-01 16:35:58,13.245,37.486,47.982,0,0,1398364,1017720,177756,5331012,9218.453,1551.403,0,343.868,0,30.988,8460,7931,2.060,1.600,0.890,1,0,1165.552,0,0,11,32,0,22,0
13-01 16:35:59,7.752,22.005,69.017,0.250,0,1410780,1005236,177756,5331080,8785.160,1620.398,0,136.033,0,12.003,6150,4536,2.060,1.600,0.890,1,0,486.120,0,0,11,32,0,22,0
13-01 16:36:00,8.999,19.498,70.244,0,0,1410420,1005540,177756,5331120,9663.185,1619.863,0,563.952,0,90.992,5922,4172,2.060,1.600,0.890,2,0,365.969,0,0,11,32,0,22,0
13-01 16:36:01,11.247,21.245,66.484,0,0,1389416,1026480,177756,5331504,7500.203,1619.612,0,31.992,0,7.998,6480,5827,1.890,1.570,0.880,2,0,365.912,0,0,11,32,0,22,0
13-01 16:36:02,30.474,13.489,54.953,0,0,1432552,983200,177760,5331760,6215.722,1618.626,0,227.807,0,0.999,4746,4691,1.890,1.570,0.880,3,0,192.836,0,0,11,33,0,22,0
13-01 16:36:03,42.237,8.247,48.735,0,0,1535980,879628,177768,5331860,6456.961,1619.489,0,0,0,0,2819,1581,1.890,1.570,0.880,2,0,0,0,0,11,33,0,22,0
13-01 16:36:04,46.998,4.000,47.998,0.250,0,1608112,807304,177780,5332024,9175.571,1619.924,0,635.970,0,29.999,3665,2654,1.890,1.570,0.880,2,0,16.999,0,0,11,49,0,22,0
13-01 16:36:05,38.998,9.000,50.998,0,0,1652776,758348,177840,5335872,9999.545,1619.926,0,671.969,0,76.996,4933,7324,1.890,1.570,0.880,1,0,74.997,0,0,11,48,0,22,0
13-01 16:36:06,14.271,16.525,68.352,0.250,0,1663160,747848,177844,5335900,9094.582,1514.261,0,348.520,0,13.019,6035,6175,1.820,1.560,0.880,4,0,331.495,0,0,11,48,0,22,0
13-01 16:36:07,18.206,9.477,70.831,0.499,0,1688516,722428,177848,5335952,44913.622,1785.731,31.924,450.922,2.993,27.933,4330,5564,1.820,1.560,0.880,0,0,116.721,0,0,11,48,1,22,0
13-01 16:36:08,0.500,1.000,97.970,0,0,1688516,722428,177848,5335952,44296.449,1693.482,0,31.990,0,3.999,866,966,1.820,1.560,0.880,0,0,2.999,0,0,11,48,1,22,0
13-01 16:36:09,0.500,0,98.253,0,0,1688516,722428,177848,5335952,7810.243,1694.053,0,0,0,0,746,889,1.820,1.560,0.880,0,0,3.000,0,0,11,48,1,22,0
13-01 16:36:10,1.000,1.250,98.005,0,0,1688484,722428,177848,5335984,6480.313,1694.082,0,4.000,0,1.000,754,954,1.820,1.560,0.880,0,0,1.000,0,0,11,48,1,22,0
13-01 16:36:11,3.008,3.509,92.243,0,0,1680448,730492,177848,5335972,6456.014,1698.476,0,0,0,0,1864,1927,1.680,1.540,0.880,1,0,60.159,0,0,11,48,1,22,0
13-01 16:36:12,20.714,15.473,62.891,0,0,1688184,722692,177848,5335992,10176.342,1691.066,0,147.744,0,2.995,6184,8151,1.680,1.540,0.880,0,0,282.510,0,0,11,48,1,22,0
13-01 16:36:13,10.518,18.032,70.374,0,0,1693628,717184,177848,5336028,7335.891,1795.155,0,100.176,0,4.007,5556,5025,1.680,1.540,0.880,2,0,380.669,0,0,12,48,1,16,0
13-01 16:36:14,20.749,13.499,63.747,0,0,1707244,703472,177848,5336052,10602.527,1619.928,0,271.988,0,27.999,6612,8775,1.680,1.540,0.880,1,0,233.990,0,0,12,64,1,16,0
13-01 16:36:15,5.501,7.501,86.261,0.750,0,1700180,710556,177848,5336052,6760.868,1640.211,0,5456.700,0,400.051,3111,2547,1.680,1.540,0.880,1,0,158.020,0,0,12,64,1,16,0
13-01 16:36:16,20.153,13.435,64.439,0,0,1700272,710280,177848,5336220,10890.386,1612.211,0,3.981,0,0.995,5808,7658,2.180,1.650,0.920,11,0,225.909,0,0,14,66,1,16,0
13-01 16:36:17,8.539,18.837,71.579,0,0,1696136,714348,177848,5336256,7409.035,1627.476,0,2897.310,0,52.240,5982,5023,2.180,1.650,0.920,2,0,390.795,0,0,14,66,1,17,0
13-01 16:36:18,9.250,21.251,68.752,0,0,1649912,760524,177848,5336288,6163.174,1620.046,0,116.003,0,15.000,5637,4108,2.180,1.650,0.920,2,0,351.010,0,0,14,66,1,15,0
13-01 16:36:19,22.505,13.753,62.265,0,0,1670568,739840,177848,5336300,8732.069,1694.401,0,0,0,0,5952,7702,2.180,1.650,0.920,2,0,178.042,0,0,14,66,1,15,0
13-01 16:36:20,30.001,24.251,45.251,0,0,1745144,665192,177856,5336360,9621.261,1620.044,0,412.011,0,10.000,7027,5683,2.180,1.650,0.920,3,0,604.016,0,0,14,66,1,15,0
13-01 16:36:21,29.227,24.980,44.215,0,0,1840584,568148,177924,5337792,8083.637,1618.726,0,23.981,0,5.995,7016,8135,2.250,1.670,0.930,2,0,526.585,0,0,14,68,1,16,0
13-01 16:36:22,34.519,23.263,41.273,0,0,1951796,456840,177932,5338192,11391.300,1566.867,0,44.024,0,11.006,6510,7554,2.250,1.670,0.930,3,0,349.193,0,0,14,70,1,17,0
13-01 16:36:23,62.974,21.741,14.994,0,0,2037700,370684,177948,5338504,9773.986,1565.357,0,511.790,0,4.998,4901,3958,2.250,1.670,0.930,4,0,461.810,0,0,14,70,1,17,0
13-01 16:36:24,60.721,22.489,15.492,0,0,2153072,254684,177956,5339444,11265.542,1655.198,0,55.973,0,8.996,5936,7250,2.250,1.670,0.930,3,0,360.825,0,0,14,70,1,17,0
13-01 16:36:25,68.465,23.238,7.996,0,0,2235584,170748,178032,5340340,9500.183,1619.179,0,1823.076,0,72.963,5674,6405,2.250,1.670,0.930,4,0,431.781,0,0,14,70,1,17,0
13-01 16:36:26,56.071,21.277,10.764,11.765,0,2346264,141092,172564,5266688,6068.706,1622.060,1025.302,9019.454,77.098,522.664,7818,8144,2.390,1.710,0.940,6,0,329.418,0,0,14,74,1,16,0
13-01 16:36:27,69.177,23.725,2.747,2.997,0.250,2486880,187836,170720,5085124,9206.272,1692.212,1498.417,9989.444,149.842,765.191,10498,12613,2.390,1.710,0.940,4,1,343.637,0,0,14,76,1,16,0
13-01 16:36:28,61.017,24.257,8.252,6.002,0,2547348,191052,170464,5023876,9391.640,1620.455,964.271,28443.995,45.013,2224.625,17417,26464,2.390,1.710,0.940,3,1,353.099,0,0,14,76,1,16,0
13-01 16:36:29,69.130,19.716,8.735,1.497,0,2650356,169732,169764,4943816,6898.979,1617.182,171.701,6943.901,14.974,535.068,9765,14195,2.390,1.710,0.940,6,1,251.562,0,0,14,80,1,19,0
13-01 16:36:30,69.874,23.291,6.011,0.250,0,2745788,187956,169312,4833536,9035.048,1568.787,657.167,1867.317,42.075,110.196,9225,13269,2.390,1.710,0.940,6,0,450.801,0,0,14,93,1,24,0
13-01 16:36:31,54.996,24.248,19.999,1.000,0,2848408,153572,169056,4767608,8712.369,1703.877,135.990,9755.294,9.999,498.964,9789,15180,2.440,1.730,0.960,4,0,414.970,0,0,14,93,1,24,0
13-01 16:36:32,52.145,16.217,28.942,2.245,0,2963416,172176,169004,4636552,9574.652,1616.733,2063.830,1896.168,29.940,87.823,5895,8107,2.440,1.730,0.960,4,1,197.601,0,0,14,94,1,25,0
13-01 16:36:33,54.660,10.782,33.849,0.501,0,3092132,177076,169084,4505624,7443.827,1516.447,136.400,1468.305,10.029,81.238,4720,19993,2.440,1.730,0.960,2,0,46.135,0,0,14,102,1,28,0
13-01 16:36:34,8.492,19.731,69.432,0.250,0,3109384,159640,169084,4505812,6509.596,1708.319,7.992,1710.317,1.998,103.898,6399,5368,2.440,1.730,0.960,2,0,361.644,0,0,14,101,1,25,0
13-01 16:36:35,8.506,19.514,70.550,0.250,0,3103772,165208,169084,4505856,9200.496,1621.145,4.003,132.093,1.001,13.009,5999,4563,2.440,1.730,0.960,1,0,371.262,0,0,14,101,1,25,0
13-01 16:36:36,12.230,14.975,71.880,0,0,3131384,137576,169084,4505876,8096.536,1617.310,0,39.934,0,3.993,4497,3354,2.320,1.720,0.960,1,0,256.573,0,0,14,101,1,25,0
13-01 16:36:37,18.752,3.250,77.507,0.250,0,3171336,163916,169084,4441120,46043.959,7212.620,8.001,104.009,1.000,1.000,2087,1673,2.320,1.720,0.960,0,0,0,0,0,14,102,1,25,0
13-01 16:36:38,20.511,4.252,74.539,0,0,3139736,195472,169088,4441160,64074.922,18513.801,12.006,384.203,3.002,23.012,3271,2861,2.320,1.720,0.960,1,0,63.033,0,0,14,103,1,24,0
13-01 16:36:39,20.992,4.498,73.721,0,0,3202224,132988,169088,4441160,9413.247,1807.280,0,71.971,0,5.998,1832,1206,2.320,1.720,0.960,0,0,0,0,0,14,103,2,24,0
13-01 16:36:40,16.750,2.750,79.751,0.250,0,3199684,135508,169088,4441184,14577.267,7864.144,0,372.007,0,39.001,2585,2715,2.320,1.720,0.960,1,0,2.000,0,0,14,110,1,24,0
13-01 16:36:41,24.502,5.500,67.755,1.500,0,3198592,136084,169104,4441668,6111.445,1620.118,16.001,1996.145,1.000,238.017,5297,7125,2.220,1.700,0.960,1,0,4.000,0,0,14,113,1,24,0
13-01 16:36:42,23.535,8.262,66.850,0.501,0,3129656,204928,169104,4441760,8389.585,2658.989,0,1165.749,0,111.167,5774,6846,2.220,1.700,0.960,1,0,114.171,0,0,14,118,1,19,0
13-01 16:36:43,33.496,6.499,59.742,0,0,3260280,140636,169108,4377004,9307.759,2307.692,15.998,451.940,2.000,29.996,3166,2353,2.220,1.700,0.960,0,0,3.000,0,0,14,121,1,19,0
13-01 16:36:44,19.454,2.494,76.820,0.249,0,3263496,137388,169108,4377036,13469.396,7485.437,3.991,702.352,0.998,48.885,2527,2560,2.220,1.700,0.960,2,1,1.995,0,0,14,123,1,19,0
13-01 16:36:45,22.212,4.742,71.130,0.749,0.250,3289048,130536,169112,4358676,11859.954,4725.014,3.993,1533.408,0.998,175.703,5213,6824,2.220,1.700,0.960,4,0,5.990,0,0,14,126,1,19,1
13-01 16:36:46,41.077,11.021,46.838,0.751,0,3341676,123528,168988,4314768,7721.554,1635.082,0,11830.298,0,638.203,4897,2660,2.200,1.710,0.960,2,0,96.181,0,0,14,126,1,20,0
13-01 16:36:47,32.811,4.258,61.363,0,0,3386284,141732,168988,4253256,31380.890,23900.089,180.333,905.671,1.002,46.085,2709,1780,2.200,1.710,0.960,1,1,0,0,0,14,127,1,20,0
13-01 16:36:48,19.977,6.742,72.668,0.499,0,3392456,135536,168988,4253280,8373.519,1750.018,7.991,811.082,1.998,58.933,2629,1997,2.200,1.710,0.960,1,0,54.938,0,0,14,126,1,21,0
13-01 16:36:49,17.512,2.502,79.053,0,0,3408144,182740,168992,4191984,29640.976,23806.043,4.003,36.024,1.001,4.003,1900,1450,2.200,1.710,0.960,1,0,0,0,0,14,127,1,21,0
13-01 16:36:50,20.762,5.503,73.291,0,0,3394112,196752,168992,4192004,6905.885,1644.925,0,8.005,0,2.001,2391,1638,2.200,1.710,0.960,1,0,51.029,0,0,14,126,1,22,0
13-01 16:36:51,15.978,2.497,81.388,0,0,3408536,182320,168992,4192012,15388.783,8092.842,0,2955.925,0,7.989,1872,1410,2.100,1.700,0.960,1,0,0.999,0,0,14,128,1,22,0
13-01 16:36:52,19.030,8.013,71.364,0.250,0,3403104,187696,168992,4192068,8683.837,2772.418,12.019,993.583,3.005,108.172,4051,4153,2.100,1.700,0.960,1,0,82.131,0,0,14,126,1,23,0
13-01 16:36:53,24.710,4.243,69.637,0,0,3442028,148720,168992,4192120,14086.148,7397.998,0,427.307,0,28.953,5720,9225,2.100,1.700,0.960,1,0,29.951,0,0,14,135,1,26,0
13-01 16:36:54,20.043,6.263,74.157,0.251,0,3397192,193544,168992,4192144,24244.426,18248.708,0,244.519,0,12.026,2630,1910,2.100,1.700,0.960,1,0,55.117,0,0,14,134,1,27,0
13-01 16:36:55,18.451,1.995,78.293,0,0,3438216,152520,168992,4192144,14703.160,7324.651,0,227.399,0,13.963,1860,1437,2.100,1.700,0.960,2,0,0,0,0,14,135,1,27,0
13-01 16:36:56,21.800,4.761,70.663,1.503,0,3436936,153656,168992,4192288,8728.128,2565.917,0,4297.911,0,515.188,6363,8482,1.930,1.670,0.960,5,0,1.002,0,0,14,136,1,27,0
13-01 16:36:57,21.971,7.490,68.910,1.248,0,3415460,175084,169000,4192328,7355.381,2856.265,3.995,6351.693,0.999,412.461,5807,7855,1.930,1.670,0.960,1,1,52.931,0,0,14,135,1,29,0
13-01 16:36:58,18.474,2.996,77.639,0,0,3450832,139708,169004,4192328,15530.811,7425.391,0,327.532,0,14.979,1870,1317,1.930,1.670,0.960,1,0,0,0,0,14,136,1,29,0
13-01 16:36:59,19.278,3.004,76.613,0.250,0,3450500,140000,169004,4192368,12054.794,5844.627,12.018,1025.514,1.001,84.124,3378,4071,1.930,1.670,0.960,7,0,1.001,0,0,14,136,1,29,0
13-01 16:37:00,29.528,5.756,62.810,1.001,0,3449984,140308,169008,4192572,7392.114,2487.394,0,1389.337,0,156.150,6706,9755,1.930,1.670,0.960,2,0,1.001,0,0,14,137,1,30,0
13-01 16:37:01,26.218,5.993,66.669,0.250,0,3439152,150988,169008,4192724,9373.657,1618.042,0,547.338,0,40.950,3380,3341,1.860,1.660,0.960,2,1,69.915,0,0,14,137,1,30,0
13-01 16:37:02,15.724,2.496,80.618,0.250,0,3450064,140064,169012,4192732,16589.885,9623.272,0,3322.570,0,281.540,2437,1721,1.860,1.660,0.960,2,0,0,0,0,14,138,1,30,0
13-01 16:37:03,18.510,9.505,70.537,0.750,0,3439584,150504,169012,4192784,11527.009,3183.660,0,1100.574,0,123.064,4640,5091,1.860,1.660,0.960,2,1,147.077,0,0,14,139,1,31,0
13-01 16:37:04,19.992,2.249,76.970,0,0,3458260,193732,169012,4132372,14972.102,7339.109,0,775.694,0,47.981,1962,1579,1.860,1.660,0.960,2,0,0,0,0,14,140,1,31,0
13-01 16:37:05,17.786,3.257,77.657,0.501,0,3454580,197388,169012,4132396,12232.685,7415.965,12.024,709.432,3.006,61.123,3622,4325,1.860,1.660,0.960,1,1,0,0,0,14,140,1,31,0
13-01 16:37:06,28.485,7.746,62.467,0,0,3456716,195152,169012,4132496,10162.576,1619.136,31.983,1291.311,1.999,130.930,6318,8557,1.790,1.650,0.960,8,1,0.999,0,0,14,142,1,31,0
13-01 16:37:07,37.539,15.766,44.796,1.251,0,3397656,253860,169012,4132784,45263.712,3507.620,16.017,2338.413,1.001,207.214,11283,16372,1.790,1.650,0.960,1,1,288.298,0,0,14,141,1,32,0
13-01 16:37:08,21.228,3.746,73.674,0.499,0,3454280,197096,169012,4132924,42593.193,3836.055,0,6377.441,0,374.615,3159,2986,1.790,1.650,0.960,1,0,0,0,0,14,142,1,32,0
13-01 16:37:09,16.501,8.000,75.253,0,0,3441060,210300,169012,4132940,15116.631,7236.302,0,436.018,0,17.001,3457,2747,1.790,1.650,0.960,1,1,119.005,0,0,14,141,1,33,0
13-01 16:37:10,9.004,20.509,69.030,0.500,0,3385828,265452,169012,4133020,7822.394,1640.712,12.005,292.127,3.001,25.011,6165,4813,1.790,1.650,0.960,2,0,386.168,0,0,14,141,1,33,0
13-01 16:37:11,18.253,15.753,64.512,0,0,3391712,259552,169012,4133480,9742.812,1694.315,0,164.031,0,12.002,6810,8428,1.730,1.640,0.960,1,0,268.050,0,0,14,141,1,33,0
13-01 16:37:12,29.278,21.771,47.295,0.250,0,3457416,193796,169012,4133092,9051.640,1695.618,0,2890.759,0,338.323,7029,5258,1.730,1.640,0.960,2,0,441.421,0,0,14,141,1,33,0
13-01 16:37:13,35.451,19.473,44.938,0,0,3503916,146972,169024,4133512,7599.551,1687.680,27.962,439.396,2.996,24.966,6924,7597,1.730,1.640,0.960,0,1,381.476,0,0,14,147,1,33,0
13-01 16:37:14,38.770,18.009,42.522,0,0,3550712,160820,169028,4074576,9138.705,1694.873,56.029,332.171,3.002,25.013,6255,8098,1.730,1.640,0.960,6,0,363.187,0,0,16,147,1,33,0
13-01 16:37:15,54.979,29.239,15.994,0,0,3685656,140228,168916,3962992,9835.220,1619.378,55.978,583.776,5.998,48.981,8517,10785,1.730,1.640,0.960,4,1,536.794,0,0,16,153,1,33,0
13-01 16:37:16,58.310,17.518,23.274,0,0,3764872,138176,168796,3886452,9061.350,1513.562,20.021,400.413,2.002,30.031,7494,12886,1.830,1.660,0.970,4,0,245.253,0,0,16,169,1,33,0
13-01 16:37:17,36.246,23.247,39.496,0,0,3817804,184512,168796,3788500,8051.091,1709.807,0,627.929,0,14.998,7661,5556,1.830,1.660,0.970,4,0,557.937,0,0,16,169,1,33,0
13-01 16:37:18,23.484,22.235,52.965,0,0,3860896,141376,168796,3789080,9248.821,1564.955,0,295.802,0,18.987,7466,7255,1.830,1.660,0.970,14,1,495.669,0,0,17,169,1,33,0
13-01 16:37:19,23.760,15.506,59.774,0.250,0,3877324,175564,168552,3738988,12962.257,1694.687,8.003,440.179,2.001,33.013,5726,5926,1.830,1.660,0.970,2,1,214.087,0,0,17,169,1,32,0
13-01 16:37:20,30.957,23.966,44.438,0.250,0,3932128,173864,168552,3687096,7398.639,1617.735,3.994,315.558,0.999,27.961,6884,6000,1.830,1.660,0.970,3,1,509.287,0,0,17,169,1,32,0
13-01 16:37:21,47.317,17.525,34.298,0.250,0,4030604,127336,168572,3636396,8180.522,1622.285,144.203,392.553,4.006,23.032,7607,12302,1.840,1.660,0.980,4,1,221.312,0,0,17,181,1,32,0
13-01 16:37:22,30.153,24.172,43.610,0,0,4095080,135912,168572,3565112,10673.624,1684.575,47.846,2802.973,2.990,26.913,7266,6326,1.840,1.660,0.980,3,1,637.945,0,0,17,181,1,32,0
13-01 16:37:23,30.827,24.812,43.609,0.501,0,4163604,153048,168576,3481460,9699.269,1624.064,20.050,693.736,5.013,51.128,8626,10732,1.840,1.660,0.980,4,0,559.400,0,0,17,193,1,30,0
13-01 16:37:24,15.007,17.508,66.029,0,0,4167796,148552,168576,3482236,9241.058,1620.712,0,380.167,0,35.015,6980,7734,1.840,1.660,0.980,2,0,356.156,0,0,17,195,1,30,0
13-01 16:37:25,29.879,13.944,54.530,0.249,0,4230688,127584,168576,3440688,11872.104,1505.925,0,601.573,0,26.892,6073,6431,1.840,1.660,0.980,3,0,192.224,0,0,17,195,1,30,0
13-01 16:37:26,46.543,8.258,44.041,1.001,0,4352600,169756,168576,3280144,9572.824,1567.445,416.384,700.646,11.010,78.072,4012,2935,1.860,1.670,0.980,4,1,9.008,0,0,17,211,1,30,0
13-01 16:37:27,41.601,7.268,50.122,0.752,0,4442172,131256,168580,3229600,7594.424,1698.120,124.302,661.605,9.022,11.027,3519,2416,1.860,1.670,0.980,1,1,8.019,0,0,17,216,1,30,2
13-01 16:37:28,25.274,18.017,51.299,4.755,0,4375712,196664,168580,3230652,5986.699,1711.629,1020.972,12331.738,14.013,906.863,7306,5381,1.860,1.670,0.980,3,1,418.398,0,0,17,215,1,30,2
13-01 16:37:29,34.416,26.435,38.156,0.499,0,4414800,156384,168596,3231776,11697.303,7326.027,35.912,387.050,3.990,31.922,8088,10533,1.860,1.670,0.980,5,1,561.622,0,0,17,218,1,30,2
13-01 16:37:30,47.363,18.544,31.325,1.504,0,4416936,223536,168608,3164304,12547.947,4605.993,1254.995,1250.986,26.062,46.110,6916,8616,1.860,1.670,0.980,6,0,219.524,0,0,17,223,1,31,2
13-01 16:37:31,69.781,14.953,12.710,1.994,0,4553664,157368,168616,3095212,8440.520,3115.227,637.998,626.036,17.944,23.925,5035,4402,2.110,1.730,1,3,1,108.659,0,0,17,231,1,22,2
13-01 16:37:32,53.264,12.253,21.256,12.503,0,4639564,163068,168644,3005748,20031.282,10284.712,3140.828,924.244,119.031,38.010,5380,4809,2.110,1.730,1,2,2,21.006,0,0,17,237,1,22,2
13-01 16:37:33,58.917,13.288,13.789,13.037,0,4626180,168516,168708,3013624,10199.878,2419.851,4773.515,1913.417,390.104,153.434,7172,15281,2.110,1.730,1,6,0,62.176,0,0,17,242,1,24,2
13-01 16:37:34,39.717,22.232,37.469,0,0,4663988,165668,168712,2980456,17589.514,9425.238,55.954,8720.818,2.998,32.973,7999,8678,2.110,1.730,1,2,0,448.631,0,0,17,238,1,31,2
13-01 16:37:35,37.437,21.963,39.932,0.250,0,4621988,205888,168716,2982548,11230.012,4549.308,71.878,702.812,4.992,46.921,7781,10143,2.110,1.730,1,2,0,337.429,0,0,17,237,1,28,2
13-01 16:37:36,52.123,23.054,23.806,0.251,0,4709848,151392,168724,2949224,12432.332,7361.368,212.501,569.343,5.012,32.076,6706,7005,2.180,1.750,1.020,3,0,437.031,0,0,17,242,1,28,2
13-01 16:37:37,54.779,22.262,20.261,2.001,0,4710180,230084,168964,2872528,53067.854,6881.612,1044.548,2561.344,44.023,221.116,8017,9929,2.180,1.750,1.020,5,1,359.189,0,0,17,243,1,29,2
13-01 16:37:38,61.741,22.747,13.498,1.500,0,4802764,174556,169196,2835716,59244.576,1709.757,559.920,795.887,31.995,49.993,7826,11357,2.180,1.750,1.020,3,0,362.948,0,0,17,249,1,31,0
13-01 16:37:39,49.753,21.751,26.502,0.500,0,4874952,134120,169204,2804936,17195.049,12532.765,172.010,888.054,9.001,54.003,7424,9347,2.180,1.750,1.020,3,0,405.025,0,0,17,251,1,32,1
13-01 16:37:40,60.039,23.418,15.446,1.246,0,4908892,174140,169208,2732296,8892.821,1721.963,518.183,713.498,33.881,46.836,8118,11233,2.180,1.750,1.020,7,0,280.018,0,0,17,257,1,33,0
13-01 16:37:41,66.964,12.791,19.563,0.251,0,5034004,140304,169092,2642560,15292.935,10219.701,774.478,694.221,11.035,20.064,7572,16967,2.570,1.840,1.050,2,0,2.006,0,0,17,259,1,33,0
13-01 16:37:42,52.727,9.948,32.332,4.228,0,5043908,128272,169100,2644684,21453.738,10450.801,1058.510,819.749,81.577,70.634,6472,8463,2.570,1.840,1.050,4,0,18.902,0,0,17,262,1,39,0
13-01 16:37:43,57.896,8.521,32.081,1.003,0,5107224,153820,168872,2557076,15617.367,9801.707,1303.285,661.668,42.106,75.190,5117,4163,2.570,1.840,1.050,3,0,8.020,0,0,17,268,1,40,0
13-01 16:37:44,45.898,28.592,22.824,2.257,0,5016272,240640,169132,2560896,11105.911,6633.449,4466.442,3979.869,77.250,217.704,9238,11351,2.570,1.840,1.050,4,0,535.732,0,0,17,267,1,39,0
13-01 16:37:45,51.394,22.454,24.699,0,0,5084736,171740,169132,2561760,11998.285,4000.759,1041.854,686.586,9.979,50.895,7343,8195,2.570,1.840,1.050,5,0,350.278,0,0,17,268,1,39,0
13-01 16:37:46,66.872,18.784,14.026,0.501,0,5142332,146356,169140,2530168,16325.711,10158.488,713.298,1001.823,21.038,44.080,6294,6806,2.680,1.870,1.060,5,0,240.438,0,0,18,270,1,41,0
13-01 16:37:47,78.257,14.751,1.750,4.750,0,5209588,146404,169140,2464728,9797.828,1620.137,3732.315,620.052,213.018,54.005,6391,5655,2.680,1.870,1.060,4,0,18.002,0,0,18,274,1,42,0
13-01 16:37:48,70.238,10.248,8.499,10.498,0,5310784,135392,169160,2376720,17111.164,11491.096,1439.761,20552.594,61.990,1310.783,8145,7087,2.680,1.870,1.060,5,2,9.998,0,0,18,280,1,41,0
13-01 16:37:49,58.991,16.997,19.997,3.250,0,5327384,149452,169184,2346980,11472.240,3147.517,979.850,943.855,22.996,72.989,6815,7229,2.680,1.870,1.060,2,0,227.965,0,0,18,283,1,44,0
13-01 16:37:50,37.972,6.995,53.711,0.500,0,5333828,142888,169196,2347088,18781.342,10480.379,519.622,9145.350,5.996,52.961,3609,2559,2.680,1.870,1.060,1,0,7.994,0,0,18,286,1,44,0
13-01 16:37:51,36.016,10.005,52.524,0.250,0,5293516,213652,169196,2317500,887219.420,20412.351,816.374,616.282,9.004,55.025,5109,4583,2.630,1.870,1.070,2,0,14.006,0,0,18,288,1,45,0
13-01 16:37:52,40.758,12.253,44.259,1.000,0,5338696,150948,169200,2334956,15774804.093,109414.584,2792.576,552.114,31.006,37.008,11040,5851,2.630,1.870,1.070,3,0,194.040,0,0,18,290,1,44,0
13-01 16:37:53,36.429,8.983,53.895,0.499,0,5330292,185044,169200,2310548,14762.268,6797.770,15.969,702.632,0.998,64.874,4575,4256,2.630,1.870,1.070,3,0,74.854,0,0,18,293,1,45,0
13-01 16:37:54,34.779,4.003,60.049,0,0,5383764,131556,169200,2310568,18614.310,13029.716,0,400.329,0,33.027,3311,2702,2.630,1.870,1.070,2,0,0,0,0,18,300,1,46,0
13-01 16:37:55,27.035,4.256,65.585,0.501,0,5329280,185468,169200,2311140,240744.290,9393998.722,500.647,2475.201,28.036,76.098,5721,6375,2.630,1.870,1.070,1,0,21.027,0,0,18,297,1,48,0
13-01 16:37:56,2.745,1.248,94.835,0,0.250,5319088,195656,169200,2311144,195452.107,7007482.054,0,407.290,0,26.953,2237,1894,2.420,1.840,1.060,1,0,16.970,0,0,18,297,1,43,0
13-01 16:37:57,2.000,0.750,95.989,0,0,5320096,194648,169200,2311144,9044.920,1619.807,0,363.957,0,16.998,1347,1813,2.420,1.840,1.060,0,0,0,0,0,18,297,1,43,0
13-01 16:37:58,10.768,2.254,84.389,1.252,0,5335952,178684,169204,2311248,7589152.466,29712.977,4.007,6699.042,1.002,671.106,6131,5124,2.420,1.840,1.060,1,0,2.003,0,0,18,304,1,44,0
13-01 16:37:59,19.756,9.253,68.770,0.500,0,5256420,241964,169212,2327460,8952619.321,89391.054,64.019,720.210,4.001,74.022,8911,9258,2.420,1.840,1.060,4,0,133.039,0,0,18,301,1,48,0
13-01 16:38:00,14.746,13.996,69.732,0.500,0,5303788,194476,169212,2327548,6337.343,1457.619,27.993,351.908,1.999,27.993,5271,4948,2.420,1.840,1.060,1,0,334.912,0,0,18,301,1,46,0
13-01 16:38:01,20.004,7.752,71.014,0,0.250,5289332,208912,169212,2327568,11010.171,1620.320,0,16343.223,0,64.013,3380,2608,2.300,1.830,1.060,1,0,79.016,0,0,18,303,1,46,0
13-01 16:38:02,9.245,18.240,70.962,0.250,0,5295764,202444,169212,2327604,10743.252,1619.134,0,355.810,0,20.989,6198,4942,2.300,1.830,1.060,1,0,354.810,0,0,18,303,1,46,0
13-01 16:38:03,4.987,11.222,81.045,0.249,0,5284944,213208,169212,2327660,9317.379,1615.903,15.960,5805.283,0.997,196.502,4465,3911,2.300,1.830,1.060,0,0,236.401,0,0,18,303,1,46,0
13-01 16:38:04,10.993,3.248,84.944,0,0,5313744,184360,169212,2327708,7826.858,1618.936,47.968,119.921,1.999,10.993,1909,2045,2.300,1.830,1.060,1,0,8.994,0,0,18,303,1,44,0
13-01 16:38:05,20.025,2.253,76.347,0.501,0.250,5350208,147888,169212,2327716,16911.430,7353.318,0,156.198,0,24.030,2358,2170,2.300,1.830,1.060,1,0,0,0,0,18,304,1,44,0
13-01 16:38:06,16.038,9.773,73.172,0.251,0,5270392,227420,169216,2327964,12186.706,4855.437,76.179,0,7.017,0,4590,4050,2.200,1.810,1.060,2,0,170.401,0,0,18,307,1,45,0
13-01 16:38:07,11.492,16.239,70.202,0,0,5253152,244264,169216,2328328,42383.274,1692.853,3.997,163.889,0.999,0.999,5629,4376,2.200,1.810,1.060,3,0,227.846,0,0,18,307,1,45,0
13-01 16:38:08,13.996,15.246,69.230,0.250,0,5266896,230424,169216,2328424,43912.415,1531.561,3.999,12084.537,1.000,28.992,5306,4353,2.200,1.810,1.060,1,0,203.942,0,0,18,309,1,44,0
13-01 16:38:09,25.001,3.500,71.003,0.500,0,5324976,172324,169216,2328444,7605.289,1764.067,16.001,448.017,1.000,46.002,2647,2401,2.200,1.810,1.060,1,0,3.000,0,0,18,313,1,44,0
13-01 16:38:10,24.009,3.251,70.277,1.000,0,5377780,148468,169216,2300496,6343.422,1694.647,384.147,276.105,13.005,27.010,2771,2511,2.200,1.810,1.060,3,0,4.002,0,0,18,317,1,44,0
13-01 16:38:11,24.752,2.500,71.505,0.500,0,5356756,169540,169216,2300512,10319.730,1694.120,20.001,260.018,4.000,25.002,2602,2383,2.100,1.800,1.060,4,0,6.000,0,0,18,313,1,44,0
13-01 16:38:12,23.764,4.002,71.793,0,0,5409152,148336,169216,2270560,7721.597,1695.009,0,232.138,0,13.008,2347,2017,2.100,1.800,1.060,3,0,0,0,0,18,313,1,43,0
13-01 16:38:13,14.223,2.994,81.344,0,0,5426920,130560,169216,2270568,18964.622,14236.691,0,179.655,0,7.985,2472,2506,2.100,1.800,1.060,0,0,2.994,0,0,18,316,1,44,0
13-01 16:38:14,18.982,4.746,74.680,0,0,5319768,237696,169216,2270584,18619.648,7913.625,0,339.683,0,33.968,3015,2920,2.100,1.800,1.060,2,0,16.984,0,0,18,313,1,45,0
13-01 16:38:15,24.522,2.753,71.315,0.500,0,5372024,185436,169216,2270588,7514.833,1695.542,0,224.204,0,22.020,2533,2364,2.100,1.800,1.060,1,0,1.001,0,0,18,313,1,45,0
13-01 16:38:16,17.771,9.261,71.834,0.250,0,5300484,256720,169220,2270840,9416.021,1459.709,392.459,448.525,5.006,22.026,3946,3114,2.010,1.790,1.060,2,0,158.185,0,0,18,313,1,45,0
13-01 16:38:17,11.508,18.262,68.795,0.250,0,5296684,260272,169220,2271088,7709.089,1621.070,136.090,268.177,9.006,15.010,6193,5323,2.010,1.790,1.060,2,0,424.280,0,0,18,313,1,45,0
13-01 16:38:18,23.676,3.988,70.530,0.498,0,5336696,219952,169492,2271124,6256.488,1614.963,267.167,3213.976,10.966,131.590,2952,2786,2.010,1.790,1.060,1,0,17.944,0,0,18,313,1,45,0
13-01 16:38:19,19.266,2.252,77.313,0.500,0,5350524,200084,170112,2276432,14540.768,3976.218,160.130,1132.917,5.004,58.047,2442,2273,2.010,1.790,1.060,1,0,17.014,0,0,18,313,1,45,0
13-01 16:38:20,22.758,3.001,72.776,0,0,5379144,170112,170184,2277696,11752.226,2696.970,0,312.112,0,18.006,2490,2128,2.010,1.790,1.060,1,0,18.006,0,0,18,314,1,45,0
13-01 16:38:21,19.776,2.754,77.101,0.501,0,5371052,171444,170764,2283736,18176.912,3653.807,0,1349.776,0,28.037,2356,2090,2.010,1.790,1.070,2,0,5.007,0,0,18,313,1,45,0
13-01 16:38:22,20.974,5.244,71.912,0,0.250,5372772,169176,170820,2284224,12543.716,2888.480,3.995,83.898,0.999,0.999,10332,19076,2.010,1.790,1.070,0,0,11.985,0,0,18,314,1,45,0
13-01 16:38:23,20.767,5.504,72.808,0.250,0,5399364,142048,170844,2284732,8581.873,3281.628,212.170,656.526,11.009,12.010,10907,19429,2.010,1.790,1.070,2,0,13.010,0,0,18,314,1,45,0
13-01 16:38:24,23.006,4.251,71.270,0.250,0,5366792,173036,170952,2286208,10890.010,1458.403,0,3284.908,0,387.107,3150,1996,2.010,1.790,1.070,1,0,8.002,0,0,18,314,1,45,0
13-01 16:38:25,14.758,13.007,70.788,0.250,0,5336980,216028,170968,2273152,9266.933,1794.955,4.002,956.509,1.001,24.013,4772,4282,2.010,1.790,1.070,1,0,264.141,0,0,18,313,1,45,0
13-01 16:38:26,23.732,2.248,72.944,0,0,5374104,178720,170968,2273336,9307.833,2232.281,0,7.994,0,1.998,2238,1875,1.930,1.780,1.070,0,0,0,0,0,18,314,1,45,0
13-01 16:38:27,16.017,5.005,77.834,0.250,0,5343700,209052,170968,2273408,18729.114,11385.227,48.052,128.138,3.003,6.006,3258,2964,1.930,1.780,1.070,1,0,91.098,0,0,18,313,1,48,0
13-01 16:38:28,23.210,5.491,69.631,0.250,0,5357504,195244,170968,2273412,9453.852,1617.238,0,199.659,0,29.949,3053,2819,1.930,1.780,1.070,1,0,26.954,0,0,18,317,1,48,0
13-01 16:38:29,17.778,5.008,76.119,0.250,0,5345808,206848,170968,2273504,18491.937,10221.996,64.100,316.495,3.005,33.052,3393,3388,1.930,1.780,1.070,1,0,71.111,0,0,18,317,1,49,0
13-01 16:38:30,22.674,5.233,71.014,0,0,5405940,146712,170968,2273508,7128.263,1614.623,0,247.177,0,21.927,2645,2372,1.930,1.780,1.070,2,0,0.997,0,0,18,317,1,49,0
13-01 16:38:31,17.809,3.763,77.758,0,0,5331076,221528,170968,2273556,19326.246,14771.103,32.107,184.614,2.007,13.043,2974,2899,1.860,1.760,1.070,1,0,52.173,0,0,18,319,1,50,0
13-01 16:38:32,22.949,4.241,72.089,0,0,5386060,166536,170968,2273564,10303.964,1454.748,0,119.732,0,9.978,2537,2118,1.860,1.760,1.070,1,0,5.987,0,0,18,319,1,50,0
13-01 16:38:33,21.286,6.010,71.119,0,0,5344776,207804,170968,2273424,20829.996,11886.971,12.020,124.209,1.002,8.013,3711,11375,1.860,1.760,1.070,2,0,68.114,0,0,18,319,1,52,0
13-01 16:38:34,22.696,3.741,72.077,0.249,0,5365680,186888,170968,2273592,9691.737,1616.121,0,1612.130,0,110.734,2535,1966,1.860,1.760,1.070,1,0,0,0,0,18,319,1,52,0
13-01 16:38:35,12.506,2.251,84.042,0,0,5366608,185916,170968,2273636,18333.252,12474.295,32.016,168.085,2.001,22.011,2430,2652,1.860,1.760,1.070,1,0,0,0,0,18,319,1,52,1
13-01 16:38:36,21.044,6.514,71.649,0.251,0,5389068,163448,170968,2273644,10127.116,1731.611,0,392.819,0,23.048,2903,2425,1.790,1.750,1.060,1,0,47.098,0,0,18,319,1,53,0
13-01 16:38:37,20.225,1.998,76.904,0,0,5388200,164308,170968,2273652,53931.805,10322.139,0,131.836,0,12.984,2584,2233,1.790,1.750,1.060,0,0,0,0,0,18,320,1,45,0
13-01 16:38:38,24.505,7.251,67.264,0.250,0,5348276,204104,170968,2273780,45353.297,3218.660,0,200.041,0,20.004,4657,6036,1.790,1.750,1.060,1,0,33.007,0,0,18,319,1,47,0
13-01 16:38:39,20.780,2.253,75.358,0,0,5359792,192568,170968,2273800,14902.384,9446.555,0,256.368,0,26.037,2897,2763,1.790,1.750,1.060,0,0,0,0,0,18,320,1,47,0
13-01 16:38:40,16.002,7.251,75.008,0.250,0,5334140,218064,170968,2273956,13365.397,4561.477,0,540.056,0,52.005,4102,4236,1.790,1.750,1.060,1,0,88.009,0,0,18,319,1,48,0
13-01 16:38:41,20.414,3.236,75.183,0,0,5377376,174824,170968,2273960,10078.566,3992.192,0,207.128,0,12.945,2361,2106,1.720,1.740,1.060,3,0,1.992,0,0,18,322,1,42,0
13-01 16:38:42,20.803,5.514,73.187,0,0,5351252,200932,170968,2273980,28984.966,21588.090,0,164.420,0,11.028,3149,2785,1.720,1.740,1.060,3,0,47.120,0,0,18,321,1,44,0
13-01 16:38:43,20.482,2.748,75.935,0.250,0,5347360,204820,170968,2273984,11730.921,4013.552,0,171.852,0,7.993,2226,1802,1.720,1.740,1.060,0,0,0,0,0,18,322,1,44,0
13-01 16:38:44,20.493,4.249,73.476,0.250,0,5305776,246072,170968,2274316,18072.010,8161.295,319.894,287.905,18.994,24.992,3055,2899,1.720,1.740,1.060,1,0,14.995,0,0,18,321,1,46,0
13-01 16:38:45,20.279,2.754,76.109,0.250,0,5338004,213844,170968,2274316,10024.368,4014.754,0,2771.973,0,388.557,3142,2549,1.720,1.740,1.060,4,0,1.001,0,0,18,322,1,38,0
13-01 16:38:46,22.758,3.751,71.526,1.000,0,5339808,210064,170968,2276292,12141.480,7035.596,1872.691,1232.455,71.026,160.059,6036,8730,1.670,1.730,1.060,1,0,2.001,0,0,18,323,1,39,0
13-01 16:38:47,23.261,4.252,71.785,0,0,5382560,167308,170968,2276296,9225.551,1458.720,0,572.282,0,36.018,2497,2192,1.670,1.730,1.060,1,0,5.002,0,0,18,323,1,39,0
13-01 16:38:48,15.999,2.250,80.247,0.750,0,5387036,162816,170968,2276312,18475.279,11232.562,0,1527.940,0,221.991,3126,2952,1.670,1.730,1.060,2,0,2.000,0,0,18,324,1,39,0
13-01 16:38:49,18.762,10.006,67.542,1.251,0,5366712,182808,170968,2276644,7719.780,2847.763,144.089,3434.127,8.005,260.161,6553,8149,1.670,1.730,1.060,1,0,197.122,0,0,18,323,1,33,0
13-01 16:38:50,9.997,22.244,66.732,0,0,5361704,187780,170968,2276680,9388.402,1619.552,0,939.740,0,61.983,7526,6771,1.670,1.730,1.060,1,0,657.818,0,0,18,323,1,33,0
13-01 16:38:51,8.742,23.229,67.189,0,0,5362324,187132,170968,2276708,7126.512,1618.526,0,415.622,0,31.971,7277,6510,1.610,1.710,1.060,3,0,631.425,0,0,18,323,1,33,0
13-01 16:38:52,8.010,23.029,66.584,0.250,0,5352352,197064,170972,2276744,9882.438,1622.041,0,1477.860,0,97.122,7451,6836,1.610,1.710,1.060,2,0,640.807,0,0,18,323,1,33,0
13-01 16:38:53,9.248,22.245,67.486,0,0,5342444,206936,170972,2276780,8906.150,1619.664,0,155.968,0,16.996,7069,6103,1.610,1.710,1.060,2,0,587.878,0,0,18,323,1,31,0
13-01 16:38:54,9.001,22.003,67.511,0,0,5328252,221100,170972,2276808,6069.961,1620.256,0,116.018,0,15.002,6878,5883,1.610,1.710,1.060,1,0,573.091,0,0,18,323,1,31,0
13-01 16:38:55,11.249,16.249,69.995,1.500,0,5339912,209132,170976,2277112,9091.404,1457.904,267.982,99.993,21.999,8.999,5833,5057,1.610,1.710,1.060,1,0,400.974,0,0,18,323,1,31,0
13-01 16:38:56,16.492,8.746,71.717,1.999,0,5333180,300080,171016,2204784,7561.474,1619.245,1199.441,2143.001,141.934,9.995,3050,2804,1.640,1.720,1.070,1,0,42.980,0,0,18,323,1,31,0
13-01 16:38:57,24.753,2.500,72.008,0,0,5344972,284760,171024,2208296,5818.639,1620.178,12.001,0,2.000,0,2520,2173,1.640,1.720,1.070,1,0,16.002,0,0,18,323,1,28,0
13-01 16:38:58,13.255,1.501,82.032,2.251,0,5354568,274388,171036,2209060,21312.384,9271.647,564.222,1756.691,32.013,53.021,2327,2445,1.640,1.720,1.070,0,0,0,0,0,18,324,1,28,0
13-01 16:38:59,6.000,1.250,90.497,1.250,0,5352108,276636,171036,2209272,15124.533,4834.851,167.995,2831.913,18.999,75.998,2057,2641,1.640,1.720,1.070,1,0,1.000,0,0,18,324,1,28,0
13-01 16:39:00,12.727,1.747,82.602,1.747,0,5357020,270704,171088,2210232,26284.986,11574.298,515.079,3270.151,49.911,157.718,2671,2884,1.640,1.720,1.070,0,0,0.998,0,0,18,324,1,28,0
13-01 16:39:01,14.988,1.499,79.937,1.998,0,5373360,253252,171104,2211324,17952.901,8626.226,919.278,1107.131,47.962,40.968,2230,2057,1.510,1.690,1.060,0,0,0.999,0,0,18,324,1,23,0
13-01 16:39:02,13.496,1.500,82.475,1.500,0,5370928,254900,171104,2212104,20960.664,10238.905,607.816,1379.583,48.985,49.985,2201,2161,1.510,1.690,1.060,2,0,0,0,0,18,324,1,23,0
13-01 16:39:03,14.758,1.501,81.297,1.251,0,5382712,242224,171104,2212992,21129.092,9279.311,824.472,2305.319,49.028,93.053,2341,2180,1.510,1.690,1.060,1,0,0,0,0,18,324,1,23,0
13-01 16:39:04,12.531,2.005,78.693,6.767,0,5383276,209392,171152,2245208,15611.384,6315.528,15510.135,4635.397,182.449,203.500,2570,2016,1.510,1.690,1.060,1,0,0,0,0,18,324,1,23,0
13-01 16:39:05,23.237,2.998,72.210,0.750,0,5386792,190960,171828,2259460,9529.675,1619.095,0,1679.062,0,59.966,2665,2315,1.510,1.690,1.060,1,0,0.999,0,0,18,324,1,23,0
13-01 16:39:06,23.998,2.750,72.244,0.500,0,5391572,170160,172252,2274768,7402.397,1619.868,0,2515.795,0,264.978,2925,2323,1.470,1.680,1.060,1,0,0,0,0,18,324,1,23,0
13-01 16:39:07,23.480,2.498,72.439,0.500,0,5408676,134136,172612,2293164,43200.919,1692.586,0,1270.939,0,47.960,2659,2350,1.470,1.680,1.060,1,0,0,0,0,18,324,1,23,0
13-01 16:39:08,22.964,3.744,71.388,0.998,0,5380480,179300,173520,2275812,44360.339,1691.344,0,2615.892,0,120.810,3217,3070,1.470,1.680,1.060,1,0,0,0,0,18,324,1,23,0
13-01 16:39:09,23.511,2.251,72.035,0.750,0,5379576,153608,174376,2301216,6600.214,1694.825,16.008,2449.193,1.000,99.048,2791,2863,1.470,1.680,1.060,1,0,0,0,0,18,324,1,23,0
13-01 16:39:10,29.568,4.009,64.648,0.501,0,5314792,229104,174880,2289788,7851.956,1872.282,0,2008.593,0,65.149,3088,2584,1.470,1.680,1.060,2,0,3.007,0,0,18,323,1,22,0
13-01 16:39:11,38.946,8.738,51.678,0,0,5410992,132868,174880,2289808,15612.373,2961.897,766.938,167.768,5.992,8.988,3803,2560,1.510,1.680,1.070,1,0,43.939,0,0,18,324,1,22,0
13-01 16:39:12,25.269,4.754,69.051,0.250,0,5365704,186132,174880,2282488,10608.874,2540.886,256.190,1609.194,2.001,24.018,2796,2210,1.510,1.680,1.070,1,0,3.002,0,0,18,323,1,22,0
13-01 16:39:13,18.266,4.003,77.317,0.250,0,5401648,147004,174896,2285636,16012.804,4488.870,0,384.331,0,7.006,2314,1963,1.510,1.680,1.070,1,0,18.016,0,0,18,324,1,22,0
13-01 16:39:14,23.236,6.246,68.458,0,0,5390384,154784,174896,2288956,9009.485,1936.815,3.998,1331.185,0.999,27.983,10538,19237,1.510,1.680,1.070,2,0,13.991,0,0,18,323,1,21,0
13-01 16:39:15,22.970,6.741,68.660,0.250,0,5374652,170348,174896,2289124,9288.817,1617.878,0,1821.611,0,25.966,10861,19359,1.510,1.680,1.070,1,0,18.975,0,0,18,323,1,21,0
13-01 16:39:16,21.995,4.999,71.734,0.250,0,5293456,264644,174908,2276140,7479.366,1619.646,0,499.891,0,19.996,2622,2194,1.470,1.670,1.070,1,0,11.997,0,0,18,323,1,21,0
13-01 16:39:17,23.741,5.248,68.974,0,0,5322672,235412,174912,2276152,7965.982,1619.386,3.998,959.636,1.000,12.995,11187,19758,1.470,1.670,1.070,1,0,47.982,0,0,18,323,1,21,0
13-01 16:39:18,19.496,3.999,75.983,0,0,5363984,194088,174912,2276164,12089.354,3658.199,0,259.943,0,16.996,2636,2486,1.470,1.670,1.070,0,0,32.993,0,0,18,324,1,20,0
13-01 16:39:19,23.261,3.251,72.283,0.500,0,5374892,176640,174912,2282692,10948.978,1934.880,16.007,1052.479,1.000,29.013,2674,2504,1.470,1.670,1.070,1,0,3.001,0,0,18,323,1,20,0
13-01 16:39:20,18.011,2.752,77.549,0.250,0,5396248,148576,174912,2289304,16102.091,4553.854,4.003,1420.890,1.001,37.023,2465,2307,1.470,1.670,1.070,1,0,17.011,0,0,18,324,1,20,0
13-01 16:39:21,23.015,6.004,68.546,0,0,5383524,161468,174912,2289104,10606.050,1633.086,0,380.253,0,16.011,10951,19410,1.510,1.680,1.070,1,0,17.011,0,0,18,323,1,20,0
13-01 16:39:22,22.761,6.503,69.284,0,0,5381740,163056,174912,2289268,11367.615,1620.801,0,492.243,0,9.004,11200,19840,1.510,1.680,1.070,1,0,19.009,0,0,18,323,1,20,0
13-01 16:39:23,22.240,4.748,71.966,0.250,0,5328424,229596,174924,2276188,9403.579,1619.239,0,1239.417,0,27.987,2552,2130,1.510,1.680,1.070,1,0,8.996,0,0,18,323,1,20,0
13-01 16:39:24,22.765,4.503,71.296,0,0,5312596,245408,174924,2276204,9558.180,1621.048,0,148.096,0,8.005,3294,2826,1.510,1.680,1.070,1,0,100.065,0,0,18,323,1,20,0
13-01 16:39:25,23.211,4.243,71.878,0,0,5320532,227516,175564,2285456,5993.814,1617.252,0,714.785,0,8.985,2577,2273,1.510,1.680,1.070,1,0,9.983,0,0,18,323,1,20,0
13-01 16:39:26,17.992,1.749,79.215,0,0,5325792,220712,175660,2286840,14468.534,5824.397,3.998,907.594,1.000,19.991,2248,2117,1.470,1.670,1.070,0,0,15.993,0,0,18,324,1,20,0
13-01 16:39:27,14.478,1.498,82.128,0.749,0,5337404,208868,175660,2287056,25234.513,11524.879,0,1489.787,0,52.921,2179,2257,1.470,1.670,1.070,0,0,0,0,0,18,324,1,20,0
13-01 16:39:28,7.770,1.003,89.228,0.251,0,5338332,207608,175660,2287388,46828.596,9064.149,0,1098.806,0,46.118,1947,2318,1.470,1.670,1.070,2,0,1.003,0,0,18,325,1,20,0
13-01 16:39:29,14.255,2.751,81.030,1.000,0,5361140,184424,175660,2287744,136088.988,14046.159,32.012,2088.767,1.000,98.036,2783,3039,1.470,1.670,1.070,1,0,6.002,0,0,18,325,1,20,0
13-01 16:39:30,19.199,1.496,77.044,0.499,0,5367560,177868,175664,2287872,16961.693,8609.004,0,11900.213,0,97.739,2606,2481,1.470,1.670,1.070,0,0,0.997,0,0,18,325,1,16,0
13-01 16:39:31,19.025,3.254,77.100,0.751,0,5378112,166556,175664,2288628,287264.581,15195.762,0,1710.224,0,53.069,4368,5570,1.350,1.640,1.070,1,0,2.003,0,0,18,325,1,16,0
13-01 16:39:32,11.488,1.998,82.914,1.249,0.250,5378736,165800,175664,2288732,85413.793,15499.993,27.971,2129.801,3.996,98.898,2867,2857,1.350,1.640,1.070,1,0,0,0,0,18,325,1,16,0
13-01 16:39:33,14.549,3.261,80.270,1.254,0,5399572,144632,175664,2290316,64421.587,13741.198,104.351,2143.206,6.020,96.324,2973,4590,1.350,1.640,1.070,4,0,34.115,0,0,18,325,1,16,0
13-01 16:39:34,14.994,2.749,79.717,0.250,0,5391788,137524,175664,2303896,3440790.804,33104.317,0,2363.023,0,35.985,3734,10981,1.350,1.640,1.070,2,0,3.998,0,0,18,325,1,12,0
13-01 16:39:35,10.226,3.492,80.059,4.489,0,5383616,143912,175668,2306644,13723580.898,62778.500,167.601,35455.567,4.988,425.986,6546,3631,1.350,1.640,1.070,1,0,2.993,0,0,18,325,1,12,0
13-01 16:39:36,18.014,3.002,77.312,0.751,0,5389636,160476,175960,2284604,612619.771,7358.907,0,2562.057,0,96.077,2707,2385,1.250,1.610,1.060,1,0,1.001,0,0,18,325,1,12,0
13-01 16:39:37,22.763,4.002,71.540,0.750,0,5384396,144820,179368,2299144,44887.930,1566.870,0,5270.927,0,295.164,3313,2486,1.250,1.610,1.060,2,0,0,0,0,18,325,1,12,0
13-01 16:39:38,25.745,2.749,70.737,0.250,0,5385752,151404,179800,2290512,40859.516,1619.703,0,1691.690,0,44.992,2922,2673,1.250,1.610,1.060,2,0,0,0,0,18,325,1,8,0
13-01 16:39:39,23.728,3.247,71.434,0.749,0,5414088,129376,180244,2283808,12040.798,1618.494,0,2118.030,0,88.917,2962,2836,1.250,1.610,1.060,1,0,0,0,0,18,325,1,8,0
13-01 16:39:40,22.997,6.499,68.990,1.000,0,5399448,129868,181096,2295708,6292.053,1619.756,0,82015.661,0,294.956,3421,2688,1.250,1.610,1.060,1,0,0,0,0,18,325,1,8,0
13-01 16:39:41,23.714,3.744,71.141,0.749,0,5380356,164492,181788,2278608,6537.958,1617.516,0,3370.822,0,78.879,2908,2624,1.220,1.600,1.060,2,0,0.998,0,0,18,325,1,8,0
13-01 16:39:42,24.096,3.012,71.786,0.251,0,5384824,136904,183108,2298888,9254.907,1626.486,0,2530.090,0,82.328,2821,2502,1.220,1.600,1.060,1,0,0,0,0,18,325,1,5,0
13-01 16:39:43,23.233,3.747,70.948,0.749,0,5383300,178516,183984,2260240,7513.480,1692.756,0,2054.490,0,74.945,2913,2676,1.220,1.600,1.060,2,0,0,0,0,18,325,1,5,0
13-01 16:39:44,18.501,3.250,76.756,0.750,0.250,5411796,172884,184604,2235928,13565.981,4210.304,0,1760.127,0,74.005,2582,2646,1.220,1.600,1.060,1,0,1.000,0,0,18,323,1,5,0
13-01 16:39:45,24.265,4.002,70.543,0.250,0,5318100,266608,184608,2235916,9065.550,1458.893,0,848.519,0,31.019,2955,2596,1.220,1.600,1.060,1,0,20.012,0,0,18,323,1,5,0
13-01 16:39:46,18.250,2.500,77.500,0.250,0,5337800,241216,184608,2241348,14507.976,3964.993,0,1347.998,0,11.000,2291,1986,1.210,1.590,1.060,1,0,17.000,0,0,18,323,1,3,0
13-01 16:39:47,22.987,3.498,73.459,0,0,5364104,213708,184608,2242432,10185.295,2694.491,0,0,0,0,2525,2179,1.210,1.590,1.060,0,0,17.990,0,0,18,324,1,3,0
13-01 16:39:48,20.250,4.000,73.748,0.500,0,5369824,201020,184608,2248368,15604.677,3648.925,0,1787.963,0,57.999,7902,13864,1.210,1.590,1.060,1,0,6.000,0,0,18,323,1,3,0
13-01 16:39:49,21.228,5.494,70.677,0,0,5358964,211244,184608,2248880,8929.776,1618.328,31.967,607.373,0.999,27.971,5195,7914,1.210,1.590,1.060,1,0,8.991,0,0,18,323,1,3,0
13-01 16:39:50,22.992,6.498,69.227,0.250,0,5358872,211244,184608,2248972,10162.638,1619.464,0,2279.246,0,13.995,9826,18061,1.210,1.590,1.060,1,0,13.995,0,0,18,323,1,3,0
13-01 16:39:51,21.747,5.749,70.741,0.250,0,5308380,275916,184620,2236052,10787.673,1619.801,15.998,675.917,1.000,25.997,2777,2428,1.270,1.600,1.060,1,0,6.999,0,0,18,323,1,1,0
13-01 16:39:52,21.739,4.997,70.964,1.749,0,5308760,271632,184624,2239956,9622.091,1619.174,1911.025,3921.999,281.856,126.935,3515,3377,1.270,1.600,1.060,3,0,4.997,0,0,18,323,1,1,0
13-01 16:39:53,21.299,4.009,69.661,3.258,0,5317364,261080,184624,2241896,7230.665,1461.368,1202.772,2830.524,79.182,257.594,5803,7399,1.270,1.600,1.060,1,0,2.005,0,0,18,326,1,4,0
13-01 16:39:54,20.760,10.255,66.782,1.251,0,5259816,317816,184624,2242704,9223.488,1620.789,668.325,1728.841,34.017,223.109,7969,10451,1.270,1.600,1.060,1,0,191.093,0,0,18,325,1,5,0
13-01 16:39:55,14.237,12.988,68.937,2.997,0,5285760,290208,184624,2244364,9220.592,1618.524,1602.539,1938.233,81.925,111.898,5427,4789,1.270,1.600,1.060,0,1,258.764,0,0,18,325,1,7,0
13-01 16:39:56,9.236,4.743,72.638,11.982,0,5267048,267612,184628,2285644,6339.246,2169.662,41228.563,11158.830,3379.800,58.909,9141,8876,1.250,1.590,1.060,0,1,5.991,0,0,18,326,1,7,0
13-01 16:39:57,3.754,1.502,87.855,6.257,0,5268048,265624,185028,2286232,9409.244,2759.297,981.172,1513.809,245.293,18.022,2028,2539,1.250,1.590,1.060,2,0,0,0,0,18,326,1,7,0
13-01 16:39:58,2.999,1.250,92.980,1.000,0,5255560,278048,185028,2286296,47354.721,4715.976,63.986,2675.419,1.000,170.963,2212,2957,1.250,1.590,1.060,0,0,0,0,0,18,326,1,7,0
13-01 16:39:59,4.502,2.751,90.291,1.501,0,5234160,298796,185148,2286732,53857.200,130062.442,552.248,1192.536,20.009,31.014,2107,2418,1.250,1.590,1.060,3,0,13.006,0,0,18,325,1,7,0
13-01 16:40:00,2.748,0.999,94.443,0.750,0,5234092,298796,185152,2286796,11172.218,1457.116,63.961,107.934,7.995,10.993,1674,2207,1.250,1.590,1.060,0,0,2.998,0,0,18,325,1,7,0
13-01 16:40:01,1.749,1.000,95.972,0.250,0,5234564,298320,185152,2286800,8754.455,1619.529,0,635.815,0,14.996,1349,1807,1.150,1.560,1.060,0,0,1.000,0,0,18,325,1,7,0
13-01 16:40:02,1.999,0.999,95.687,0,0,5234784,298096,185152,2286804,10594.077,1618.942,0,71.953,0,7.995,1362,1864,1.150,1.560,1.060,0,0,0,0,0,18,325,1,7,0
13-01 16:40:03,1.750,0.750,96.738,0,0,5234784,298096,185152,2286804,8795.920,1619.801,0,199.975,0,14.998,1211,1671,1.150,1.560,1.060,0,0,0,0,0,18,325,1,7,0
13-01 16:40:04,1.999,0.750,95.202,0.250,0,5233808,299044,185152,2286832,6721.614,1619.184,15.992,247.875,0.999,35.982,1525,2187,1.150,1.560,1.060,0,0,0,0,0,18,325,1,7,0
13-01 16:40:05,1.500,0.750,96.506,0.250,0,5232504,300348,185152,2286832,10211.646,1620.103,0,424.027,0,32.002,1340,1799,1.150,1.560,1.060,2,0,0,0,0,18,325,1,7,0
13-01 16:40:06,1.751,1.251,95.792,0,0,5231608,301240,185152,2286836,7411.269,1620.715,0,14158.245,0,271.120,1672,1686,1.060,1.530,1.050,0,0,0,0,0,18,325,1,7,0
13-01 16:40:07,1.998,0.250,96.409,0,0,5231460,301388,185152,2286836,42506.888,1692.403,0,0,0,0,1283,1664,1.060,1.530,1.050,0,0,0,0,0,18,325,1,7,0
13-01 16:40:08,2.005,1.253,95.746,0.501,0,5231868,301324,185152,2286836,43103.948,1535.954,0,2093.388,0,338.872,1739,1992,1.060,1.530,1.050,0,0,0,0,0,18,325,1,7,0
13-01 16:40:09,2.249,0.999,96.190,0.250,0,5231788,301420,185152,2286840,8193.869,1692.940,0,335.790,0,23.985,1300,1766,1.060,1.530,1.050,0,0,0,0,0,18,325,1,7,0
13-01 16:40:10,7.999,2.500,88.238,0,0.250,5252152,281020,185152,2286876,9183.795,1693.778,0,103.986,0,12.998,1787,1916,1.060,1.530,1.050,1,0,2.000,0,0,18,325,1,7,0
13-01 16:40:11,20.226,8.989,69.167,0,0,5256660,276480,185152,2286880,9717.357,1691.973,767.081,101234.708,5.993,518.379,4469,3172,1.050,1.530,1.050,1,0,9.988,0,0,18,325,1,7,0
13-01 16:40:12,7.502,2.000,89.769,0,0,5257072,276064,185152,2286884,8482.757,1694.351,256.053,0,2.000,0,1748,1878,1.050,1.530,1.050,0,0,1.000,0,0,18,325,1,7,0
13-01 16:40:13,1.250,1.000,96.219,0,0,5255696,277440,185152,2286884,8487.279,1619.481,0,3.999,0,1.000,1201,1649,1.050,1.530,1.050,0,0,0,0,0,18,325,1,7,0
13-01 16:40:14,2.751,0.500,95.771,0.250,0,5243816,289320,185152,2286892,9426.023,1620.348,0,1960.421,0,26.006,1728,2422,1.050,1.530,1.050,1,0,1.000,0,0,18,325,1,7,0
13-01 16:40:15,1.750,0.750,95.522,0.500,0,5243212,289920,185152,2286896,5837.324,1694.384,0,496.113,0,40.009,1532,2168,1.050,1.530,1.050,0,0,1.000,0,0,18,325,1,7,0
13-01 16:40:16,1.500,2.250,95.004,0,0,5232576,300520,185152,2286904,9076.348,1458.056,0,63614.440,0,208.008,1903,1971,0.970,1.500,1.050,0,0,0,0,0,18,325,1,7,0
13-01 16:40:17,1.999,0.750,95.724,0,0,5232764,300268,185152,2286968,7505.974,1619.563,63.983,0,1.000,0,1336,1850,0.970,1.500,1.050,0,0,0,0,0,18,325,1,7,0
13-01 16:40:18,2.500,1.250,94.998,0,0,5232760,300268,185152,2286972,9784.770,1619.962,0,367.991,0,38.999,1678,2265,0.970,1.500,1.050,0,0,0,0,0,18,325,1,7,0
13-01 16:40:19,1.750,0.750,96.270,0.500,0,5232760,300268,185152,2286972,8737.838,1694.356,0,172.036,0,11.002,1279,1709,0.970,1.500,1.050,0,0,0,0,0,18,325,1,7,0
13-01 16:40:20,1.747,0.499,96.811,0,0,5232760,300268,185152,2286972,6438.428,1616.843,0,35.930,0,4.990,1187,1658,0.970,1.500,1.050,1,0,0,0,0,18,325,1,7,0
13-01 16:40:21,1.755,0.752,96.517,0,0,5233256,299768,185152,2286976,9236.548,1624.493,0,0,0,0,1327,1772,0.890,1.470,1.040,0,0,3.008,0,0,18,325,1,7,0
13-01 16:40:22,2.246,0.749,96.336,0,0,5233256,299768,185152,2286976,8155.097,1617.243,0,139.762,0,0.998,1226,1704,0.890,1.470,1.040,1,0,0,0,0,18,325,1,7,0
13-01 16:40:23,2.005,1.003,96.258,0,0,5233256,299768,185152,2286976,9448.283,1461.912,0,52.140,0,3.008,1289,1784,0.890,1.470,1.040,1,0,0,0,0,18,325,1,7,0
13-01 16:40:24,1.746,1.247,94.520,0.748,0,5240292,292724,185152,2286984,8204.052,1616.071,0,4102.026,0,322.217,2212,2692,0.890,1.470,1.040,0,0,0,0,0,18,325,1,7,0
13-01 16:40:25,1.751,0.750,95.813,0.250,0,5232128,300888,185152,2286984,11408.482,1621.063,0,528.347,0,35.023,1370,1874,0.890,1.470,1.040,0,0,0,0,0,18,325,1,7,0
13-01 16:40:26,1.749,0.999,95.942,0,0,5219748,313264,185152,2286988,9520.196,1619.013,0,2670.372,0,14.991,1303,1711,0.820,1.450,1.030,0,0,0,0,0,18,325,1,7,0
13-01 16:40:27,2.251,1.000,96.278,0,0,5219988,313012,185152,2286992,6039.737,1736.500,0,0,0,0,1293,1738,0.820,1.450,1.030,0,0,0,0,0,18,325,1,7,0
13-01 16:40:28,2.000,0.500,95.992,0,0,5219988,313012,185152,2286992,6308.487,1619.868,0,395.968,0,11.999,1375,1946,0.820,1.450,1.030,0,0,0,0,0,18,325,1,7,0
13-01 16:40:29,2.000,1.750,94.741,0.250,0,5216848,316152,185152,2286992,7833.227,809.920,0,275.973,0,26.997,1659,2265,0.820,1.450,1.030,0,0,6.999,0,0,18,325,1,7,0
13-01 16:40:30,15.285,3.759,79.181,0,0,5232652,300348,185152,2286992,425634.111,12893.448,0,176.403,0,12.027,3164,3115,0.820,1.450,1.030,1,0,26.060,0,0,18,325,1,7,0
13-01 16:40:31,14.251,6.750,77.754,1.000,0,5235780,296364,185156,2287844,302754.882,12916.720,140.008,652.036,7.000,7.000,3397,2910,0.830,1.440,1.030,1,0,39.002,0,0,18,325,1,7,0
