"pcp-dstat 6.2.0 CSV Output"
"Author:","PCP team <pcp@groups.io> and Dag Wieers <dag@wieers.com>",,,,"URL:","https://pcp.io/ and http://dag.wieers.com/home-made/dstat/"
"Host:","ubuntu",,,,"User:","ubuntu"
"Cmdline:","dstat -tcmndrylpg --tcp --output /tmp/devstack_logs/dstat-csv.log",,,,"Date:","16 Jan 2026 12:47:18 UTC"
"system","total usage",,,,,"memory usage",,,,"net/total",,"dsk/total",,"io/total",,"system",,"load avg",,,"procs",,,"paging",,"tcp sockets",,,,
"time","total usage:usr","total usage:sys","total usage:idl","total usage:wai","total usage:stl","used","free","buf","cach","net/total:recv","net/total:send","dsk/total:read","dsk/total:writ","read","writ","int","csw","1m","5m","15m","run","blk","new","in","out","lis","act","syn","tim","clo"
16-01 12:47:18,,1025432,1683856,160512,4951764,,,,,,,1.470,1.020,0.550,2,0,,,,10,5,0,17,1
16-01 12:47:19,20.746,21.746,55.989,1.000,0,1038080,1670628,160632,4952152,24964.101,10971.847,0,1563.693,0,53.989,6657,5524,1.470,1.020,0.550,1,0,507.900,0,0,10,4,0,17,2
16-01 12:47:20,28.449,18.467,51.658,0.250,0,1052932,1635496,160844,4971384,194711.969,9894.416,0,2255.991,0,79.858,6712,5987,1.470,1.020,0.550,2,0,343.390,0,0,10,4,0,17,2
16-01 12:47:21,39.571,17.031,41.826,0.250,0,1042536,1627412,161900,4985408,5734.357,1622.931,0,1486.685,0,40.072,6585,7357,1.670,1.070,0.560,4,0,226.409,0,0,10,4,0,17,2
16-01 12:47:22,25.227,6.494,66.939,0.250,0,1173420,1478320,162288,5126072,11090.845,1456.666,0,1478.646,0,30.972,3508,3513,1.670,1.070,0.560,2,0,73.932,0,0,11,6,0,17,2
16-01 12:47:23,39.035,11.510,48.044,1.251,0,1187112,1440052,163004,5147764,10155.218,1621.472,16.015,6842.211,1.001,131.119,4326,2784,1.670,1.070,0.560,1,1,119.108,0,0,11,6,0,17,2
16-01 12:47:24,40.382,8.724,48.608,1.496,0,1224876,1382836,163980,5163628,8107.266,1615.271,31.907,3776.943,1.994,106.688,4224,2929,1.670,1.070,0.560,2,0,98.711,0,0,11,6,0,19,2
16-01 12:47:25,44.763,6.002,48.014,0.750,0,1267844,1312496,164632,5187240,11427.351,1620.475,0,3949.158,0,98.029,3512,2110,1.670,1.070,0.560,4,0,0,0,0,11,6,0,19,2
16-01 12:47:26,32.331,6.516,52.131,8.020,0,1254500,1335652,165660,5176496,15647.264,4352.923,0,25720.542,0,2262.678,13738,18844,1.620,1.070,0.570,2,1,48.121,0,0,11,6,0,19,0
16-01 12:47:27,36.470,9.242,44.464,7.993,0,1259356,1326832,166332,5179712,9513.217,2693.796,0,48712.145,0,3561.086,17005,23893,1.620,1.070,0.570,1,0,122.899,0,0,11,5,0,19,0
16-01 12:47:28,40.188,6.490,51.919,0.499,0,1318932,1259828,166444,5186116,12394.724,2926.449,0,4105.615,0,306.523,3599,1973,1.620,1.070,0.570,2,0,22.964,0,0,11,4,0,19,0
16-01 12:47:29,40.999,3.750,54.499,0.250,0,1344640,1232688,166456,5187460,12780.801,4550.929,0,1419.978,0,53.999,2879,1534,1.620,1.070,0.570,2,0,17.000,0,0,11,5,0,19,0
16-01 12:47:30,44.254,10.251,44.004,1.000,0,1290232,1280308,166796,5192480,9443.774,1632.134,0,7908.649,0,413.034,11577,18963,1.620,1.070,0.570,2,0,24.002,0,0,11,4,0,19,0
16-01 12:47:31,45.736,7.498,44.986,0.250,0,1305680,1264464,166868,5192740,7472.741,1619.510,0,2103.364,0,36.989,10260,17278,1.650,1.090,0.580,3,0,13.996,0,0,11,4,0,19,0
16-01 12:47:32,31.080,21.806,46.118,0,0,1213500,1371320,166916,5179884,9315.851,1624.158,0,589.509,0,22.056,6388,4926,1.650,1.090,0.580,2,0,451.155,0,0,11,4,0,19,0
16-01 12:47:33,35.336,20.157,43.299,0,0,1173576,1411052,166916,5180036,6965.729,1612.529,0,27.871,0,6.968,5893,5762,1.650,1.090,0.580,5,0,375.261,0,0,11,4,0,19,0
16-01 12:47:34,35.552,14.771,48.570,1.001,0,1178452,1406164,166916,5180520,8939.951,1622.350,0,7763.246,0,457.663,6102,5211,1.650,1.090,0.580,3,0,230.334,0,0,11,5,0,19,0
16-01 12:47:35,46.540,4.003,48.792,0,0,1238712,1345460,166916,5180964,7516.436,1621.388,0,416.357,0,40.034,2745,1261,1.650,1.090,0.580,2,0,0,0,0,11,5,0,19,0
16-01 12:47:36,42.996,7.249,48.995,0,0.250,1270380,1313356,166936,5181380,5665.420,1661.830,0,591.939,0,48.995,2857,1482,1.680,1.100,0.580,2,0,0,0,0,11,5,0,19,0
16-01 12:47:37,23.799,10.021,65.384,0.251,0,1296612,1285304,166988,5183252,5992.301,1623.332,0,2160.435,0,76.156,4011,4568,1.680,1.100,0.580,1,0,141.290,0,0,11,4,0,19,0
16-01 12:47:38,22.201,3.492,73.089,0.249,0,1367400,1214504,167000,5183256,8925.341,1616.440,0,447.015,0,24.945,1905,1510,1.680,1.100,0.580,1,0,0,0,0,11,4,0,19,0
16-01 12:47:39,23.253,3.750,72.759,0,0,1381068,1200828,167000,5183264,7242.851,1458.171,0,23518.762,0,81.010,1987,1271,1.680,1.100,0.580,1,0,0,0,0,11,4,0,19,0
16-01 12:47:40,22.540,3.757,72.127,0.751,0,1362404,1219240,167016,5183508,9152.112,1622.857,0,2243.950,0,189.333,4196,4855,1.680,1.100,0.580,1,0,38.067,0,0,11,4,0,21,0
16-01 12:47:41,20.962,4.242,72.620,0.998,0,1361968,1219240,167304,5183608,7342.828,1617.099,371.334,2583.366,19.964,151.728,2346,1904,1.620,1.100,0.590,1,0,5.989,0,0,11,4,0,15,0
16-01 12:47:42,18.751,2.500,77.254,0.250,0,1363188,1217796,167312,5183796,14602.714,5771.282,0,1740.085,0,27.001,2453,2448,1.620,1.100,0.590,1,0,1.000,0,0,11,17,0,15,0
16-01 12:47:43,22.993,4.998,67.229,5.498,0,1364908,1215584,167352,5184100,13050.007,5737.245,267.918,3406.958,65.980,120.963,3248,10340,1.620,1.100,0.590,1,0,37.988,0,0,11,28,0,17,0
16-01 12:47:44,19.761,7.004,71.790,0,0,1391844,1188656,167352,5184104,7873.440,1620.914,0,21932.367,0,79.045,2456,1590,1.620,1.100,0.590,2,0,43.024,0,0,11,28,0,17,0
16-01 12:47:45,17.238,1.749,80.196,0,0,1402632,1177856,167352,5184116,47450.851,8608.168,0,891.396,0,5.996,2050,1687,1.620,1.100,0.590,1,0,0,0,0,11,28,0,17,0
16-01 12:47:46,34.061,13.274,52.594,0,0.250,1457404,1123068,167352,5184132,9239.428,1689.003,0,12.021,0,3.005,3728,2418,1.650,1.110,0.590,2,0,156.278,0,0,11,28,0,17,0
16-01 12:47:47,33.690,4.242,60.392,0,0,1487072,1093256,167352,5184276,52020.941,11737.004,0,2259.957,0,12.977,3328,2806,1.650,1.110,0.590,1,0,0,0,0,11,30,0,17,0
16-01 12:47:48,40.123,19.811,39.872,0,0,1401000,1179076,167364,5184484,19616.253,10079.962,0,413.269,0,36.111,6738,8080,1.650,1.110,0.590,5,0,408.254,0,0,11,28,0,18,0
16-01 12:47:49,81.246,18.749,0,0,0,1611324,968712,167364,5184516,8056.637,1619.927,0,231.990,0,5.000,5178,3338,1.650,1.110,0.590,6,0,170.992,0,0,11,28,0,18,0
16-01 12:47:50,81.235,9.998,7.749,0,0,1751560,828428,167364,5184556,32609.963,25089.355,0,251.953,0,2.999,5847,5348,1.650,1.110,0.590,2,0,0,0,0,11,34,0,17,0
16-01 12:47:51,70.049,11.467,16.702,0.249,0,1628976,950732,167400,5184800,34258.518,23605.143,0,1459.804,0,103.702,7938,12393,1.920,1.180,0.620,2,0,206.407,0,0,11,28,0,23,0
16-01 12:47:52,19.505,7.502,71.518,0,0,1551688,1028016,167400,5184804,5787.423,1620.398,0,152.037,0,9.002,2611,2019,1.920,1.180,0.620,1,0,104.026,0,0,11,28,0,23,0
16-01 12:47:53,15.997,2.000,81.737,0,0,1537560,1042128,167404,5184816,14589.635,7627.763,0,323.947,0,7.999,2075,2084,1.920,1.180,0.620,0,0,0,0,0,11,29,0,23,0
16-01 12:47:54,19.505,8.502,70.517,0.500,0,1487260,1092292,167416,5184952,9681.358,2459.599,0,63659.502,0,277.067,3804,3238,1.920,1.180,0.620,1,0,68.017,0,0,11,28,0,23,0
16-01 12:47:55,18.793,2.756,78.178,0,0,1506272,1073276,167416,5184956,10368.629,5547.643,0,0,0,0,1980,1584,1.920,1.180,0.620,1,0,0,0,0,11,29,0,23,0
16-01 12:47:56,13.727,10.233,74.875,0.250,0,1464796,1114732,167416,5184976,12830.628,4617.309,0,1533.446,0,17.970,4400,4109,1.850,1.180,0.620,2,0,230.616,0,0,11,28,0,24,0
16-01 12:47:57,26.806,32.318,39.834,0.251,0,1458624,1120836,167424,5185004,7286.338,1623.417,0,240.506,0,20.042,6460,5585,1.850,1.180,0.620,6,0,803.692,0,0,11,28,0,24,0
16-01 12:47:58,85.469,11.996,2.749,0,0,1639372,940064,167432,5185020,12988.323,5942.860,0,147.947,0,6.997,4877,2122,1.850,1.180,0.620,4,0,4.998,0,0,11,30,0,24,0
16-01 12:47:59,72.770,8.002,18.255,0,0,1689580,889700,167432,5185164,43867.952,36349.904,0,32900.964,0,235.064,8204,11297,1.850,1.180,0.620,3,0,0,0,0,11,33,0,24,0
16-01 12:48:00,75.904,20.225,3.496,0,0,1541940,1037112,167460,5185364,17973.378,12152.704,0,643.190,0,70.911,7650,9766,1.850,1.180,0.620,6,0,309.610,0,0,11,28,0,25,0
16-01 12:48:01,86.856,12.766,0.250,0,0,1698416,880596,167496,5185364,14746.978,7514.161,0,3656.458,0,197.240,5442,3733,2.180,1.260,0.650,6,0,1.001,0,0,11,30,0,25,0
16-01 12:48:02,82.762,8.751,7.751,0,0,1760672,818124,167500,5185572,42765.959,36033.021,0,140.020,0,7.001,6918,9982,2.180,1.260,0.650,7,0,0,0,0,11,33,0,26,0
16-01 12:48:03,61.192,15.735,22.479,0.250,0,1540656,1037916,167508,5185792,31906.507,24251.822,0,467.553,0,36.965,8225,11978,2.180,1.260,0.650,2,0,297.715,0,0,11,28,0,30,0
16-01 12:48:04,39.915,5.488,53.386,0,0,1561644,1016912,167516,5185800,11983.367,5548.132,0,1987.748,0,97.791,3003,1467,2.180,1.260,0.650,0,0,0,0,0,11,30,0,30,0
16-01 12:48:05,32.596,5.015,60.929,0,0,1517972,1060404,167532,5185964,22445.112,14799.592,0,292.863,0,22.065,5349,6664,2.180,1.260,0.650,2,0,13.038,0,0,11,29,0,31,0
16-01 12:48:06,54.502,21.251,24.251,0,0,1508988,1069352,167532,5186000,11176.470,2808.118,0,236.010,0,16.001,4936,3316,2.330,1.300,0.670,3,0,365.015,0,0,11,28,0,31,0
16-01 12:48:07,52.250,5.500,42.000,0,0,1559264,1019052,167532,5186024,24057.201,18409.154,0,216.002,0,8.000,4340,4366,2.330,1.300,0.670,3,0,0,0,0,11,31,0,31,0
16-01 12:48:08,57.252,18.501,23.001,0.250,0,1481016,1097208,167556,5186092,18129.677,13210.494,0,1176.044,0,85.003,6907,8311,2.330,1.300,0.670,4,0,258.010,0,0,11,28,0,32,0
16-01 12:48:09,72.263,8.223,17.941,0,0,1621068,957148,167556,5186100,20401.069,12624.582,0,147.516,0,7.974,4722,2411,2.330,1.300,0.670,6,0,0,0,0,11,32,0,32,0
16-01 12:48:10,65.970,8.027,24.833,0.753,0,1600172,978052,167572,5186192,38460.346,31010.485,0,6489.657,0,431.440,8777,12452,2.330,1.300,0.670,4,0,52.174,0,0,11,28,0,31,0
16-01 12:48:11,61.989,18.247,19.247,0,0,1544040,1034156,167576,5186216,9163.433,1619.723,0,247.958,0,12.998,4242,2657,2.380,1.330,0.680,3,0,272.953,0,0,11,28,0,31,0
16-01 12:48:12,51.462,5.246,43.718,0,0,1574972,1003124,167580,5186312,25940.976,20411.031,0,179.868,0,7.994,4815,4934,2.380,1.330,0.680,3,0,0,0,0,11,31,0,31,0
16-01 12:48:13,53.168,19.220,26.958,0,0,1513576,1064328,167584,5186500,20404.385,11643.958,0,950.527,0,72.887,6871,7748,2.380,1.330,0.680,3,0,298.537,0,0,11,28,0,33,0
16-01 12:48:14,55.866,5.511,37.829,0,0,1608164,969600,167584,5186640,18545.523,11763.435,0,152.316,0,8.017,4061,2609,2.380,1.330,0.680,4,0,0,0,0,11,31,0,30,0
16-01 12:48:15,54.269,8.503,36.513,0,0,1536080,1041368,167588,5186952,58766.905,19372.892,0,424.151,0,23.008,6858,8499,2.380,1.330,0.680,5,0,136.048,0,0,11,28,0,33,0
16-01 12:48:16,60.435,16.233,22.476,0,0,1562224,1015184,167596,5186964,6674.809,2371.445,0,159.828,0,8.990,3966,2135,2.430,1.360,0.690,3,0,156.831,0,0,11,29,0,33,0
16-01 12:48:17,46.234,4.998,48.483,0,0,1582988,994236,167596,5187148,65629.013,23940.614,0,295.896,0,32.988,5690,7608,2.430,1.360,0.690,3,0,0,0,0,11,30,0,33,0
16-01 12:48:18,60.671,13.732,24.968,0,0,1490456,1086740,167600,5187172,11337.248,4098.667,0,203.735,0,12.983,4812,3200,2.430,1.360,0.690,3,0,111.854,0,0,11,28,0,35,0
16-01 12:48:19,52.597,5.510,40.825,0,0,1538768,1038396,167604,5187200,25488.838,17248.696,0,152.280,0,6.011,4525,4009,2.430,1.360,0.690,3,0,0,0,0,11,31,0,35,0
16-01 12:48:20,52.777,20.260,26.513,0.250,0,1499616,1077460,167620,5187272,18619.467,11655.926,0,3233.644,0,177.090,7457,8584,2.430,1.360,0.690,6,0,438.223,0,0,11,28,0,37,0
16-01 12:48:21,79.778,19.757,0,0,0,1623280,953728,167620,5187308,8990.177,1458.515,0,188.066,0,13.005,5542,4542,2.800,1.450,0.730,7,0,395.140,0,0,11,28,0,37,0
16-01 12:48:22,79.756,19.251,1.000,0,0,1744536,832300,167620,5187480,31383.166,23138.597,0,160.011,0,8.001,6328,6020,2.800,1.450,0.730,7,0,434.030,0,0,11,32,0,37,0
16-01 12:48:23,76.941,19.235,3.497,0.250,0,1626552,950004,167648,5187732,40662.993,34077.015,0,1942.519,0,86.934,8024,10234,2.800,1.450,0.730,5,0,436.667,0,0,11,30,0,38,0
16-01 12:48:24,82.256,17.251,0.500,0,0,1623200,953304,167648,5187784,18132.348,13561.008,0,352.026,0,33.002,6057,5129,2.800,1.450,0.730,6,0,151.011,0,0,11,29,0,38,0
16-01 12:48:25,76.196,8.744,14.740,0,0,1685736,890568,167656,5187976,36624.204,28186.147,0,247.825,0,6.995,6833,8296,2.800,1.450,0.730,4,0,0,0,0,11,32,0,39,0
16-01 12:48:26,61.066,15.767,23.025,0,0,1617052,959168,167656,5188060,36753.862,29194.664,0,12.013,0,3.003,7800,12019,2.810,1.480,0.740,3,0,399.433,0,0,11,28,0,41,0
16-01 12:48:27,24.482,32.976,41.720,0,0,1503380,1072772,167656,5188136,9214.410,1618.842,0,43.969,0,10.992,7031,6338,2.810,1.480,0.740,5,0,885.367,0,0,11,28,0,41,0
16-01 12:48:28,74.622,18.718,6.489,0,0,1587892,988232,167656,5188164,13472.970,7468.234,0,11.980,0,2.995,5072,3562,2.810,1.480,0.740,3,0,316.459,0,0,11,30,0,41,0
16-01 12:48:29,61.609,8.765,28.550,0,0,1585764,990144,167676,5188360,31032.684,23334.118,0,516.911,0,37.065,6816,8462,2.810,1.480,0.740,3,0,67.118,0,0,11,30,0,43,0
16-01 12:48:30,72.814,18.766,8.007,0,0,1541140,1034712,167688,5188404,14504.657,6962.075,0,576.503,0,43.038,6029,5832,2.810,1.480,0.740,4,0,201.176,0,0,11,28,0,45,0
16-01 12:48:31,69.227,7.997,22.742,0,0,1601180,974640,167696,5188428,24714.835,20437.249,0,183.939,0,7.997,5335,5026,2.990,1.540,0.760,4,0,1.000,0,0,11,32,0,45,0
16-01 12:48:32,53.475,5.747,38.982,0,0,1603420,972120,167704,5188700,48101.372,38914.693,0,299.859,0,19.991,10877,18151,2.990,1.540,0.760,2,0,0,0,0,11,32,0,45,0
16-01 12:48:33,69.808,14.262,15.013,0.500,0,1503492,1071832,167736,5188884,28574.863,19093.945,0,476.398,0,49.041,8955,11929,2.990,1.540,0.760,4,0,120.100,0,0,11,28,0,45,0
16-01 12:48:34,75.622,9.983,14.475,0,0,1599392,975892,167736,5188920,18605.430,13272.479,0,139.763,0,7.986,4834,3193,2.990,1.540,0.760,3,0,0,0,0,11,31,0,45,0
16-01 12:48:35,58.527,6.503,34.266,0,0,1607956,967084,167740,5189160,46013.562,37362.508,0,2825.324,0,115.054,9591,15468,2.990,1.540,0.760,3,0,0,0,0,11,32,0,45,0
16-01 12:48:36,61.572,12.515,24.028,0,0.250,1537388,1037424,167740,5189388,39100.932,30811.194,0,156.183,0,8.009,9477,14265,2.990,1.560,0.770,5,0,193.227,0,0,11,28,0,48,1
16-01 12:48:37,80.755,14.751,5.250,0,0,1584576,990208,167740,5189416,13528.846,5601.350,0,120.008,0,8.001,4812,2507,2.990,1.560,0.770,4,0,67.004,0,0,11,29,0,49,0
16-01 12:48:38,61.731,6.998,30.740,0,0,1629144,945420,167744,5189632,38242.114,32301.961,0,119.963,0,7.998,6578,11361,2.990,1.560,0.770,3,0,0,0,0,11,31,0,50,0
16-01 12:48:39,72.769,13.754,12.753,0.250,0,1600296,974048,167764,5189828,25545.572,18969.880,0,1188.306,0,33.008,7254,10293,2.990,1.560,0.770,4,0,98.025,0,0,11,28,0,51,0
16-01 12:48:40,72.134,10.483,16.973,0,0,1593728,980580,167776,5189852,19690.460,12706.647,0,423.322,0,53.914,4897,3460,2.990,1.560,0.770,5,0,29.952,0,0,11,31,0,51,0
16-01 12:48:41,66.577,13.265,20.023,0,0,1619376,954888,167788,5189896,29447.166,22224.786,0,400.465,0,42.049,6569,9507,3.230,1.640,0.800,3,0,121.141,0,0,11,30,0,53,0
16-01 12:48:42,66.273,9.003,23.258,0,0,1640176,933872,167796,5190096,31671.831,27703.474,0,248.085,0,20.007,6952,10302,3.230,1.640,0.800,3,0,60.021,0,0,11,32,0,55,0
16-01 12:48:43,74.245,15.499,9.749,0,0,1556540,1017424,167800,5190136,24396.452,14900.055,0,211.987,0,12.999,6563,17453,3.230,1.640,0.800,4,0,163.990,0,0,11,32,0,55,0
16-01 12:48:44,75.011,12.502,12.002,0,0,1583672,990136,167800,5190292,18541.611,13772.939,0,152.021,0,10.001,5288,4357,3.230,1.640,0.800,4,0,43.006,0,0,11,33,0,56,0
16-01 12:48:45,70.539,12.463,16.700,0,0,1638248,935508,167804,5190340,60492.964,18341.111,0,287.141,0,35.893,6363,6911,3.230,1.640,0.800,3,0,67.797,0,0,11,34,0,57,0
16-01 12:48:46,61.340,11.016,27.039,0,0,1584892,988672,167808,5190528,27738.496,20471.887,0,388.567,0,37.054,5502,7113,3.210,1.660,0.810,3,0,138.202,0,0,11,34,0,59,0
16-01 12:48:47,55.771,12.004,32.262,0.500,0,1511764,1061776,167816,5190540,45738.828,6537.405,0,320.118,0,29.011,4612,3872,3.210,1.660,0.810,3,0,120.044,0,0,11,33,0,59,0
16-01 12:48:48,54.286,6.504,38.275,0,0,1546288,1027184,167820,5190600,22044.598,14779.788,0,228.151,0,17.011,4721,4586,3.210,1.660,0.810,2,0,10.007,0,0,11,34,0,60,0
16-01 12:48:49,54.019,12.004,33.512,0,0,1496680,1076608,167824,5190784,24773.837,17521.250,0,608.217,0,12.004,6064,7961,3.210,1.660,0.810,3,0,129.046,0,0,11,32,0,62,0
16-01 12:48:50,57.161,9.485,32.699,0,0,1571516,1001760,167824,5190796,14518.475,7799.899,0,163.746,0,8.986,4099,2611,3.210,1.660,0.810,2,0,42.933,0,0,11,34,0,62,0
16-01 12:48:51,41.779,7.005,50.035,0,0,1574724,998320,167828,5191020,29884.943,22286.618,0,3218.255,0,159.112,6447,8402,3.110,1.660,0.820,0,0,87.061,0,0,11,34,0,59,0
16-01 12:48:52,34.762,9.253,54.769,0,0,1516060,1056952,167840,5191036,15643.490,7000.457,0,384.135,0,33.012,5061,5179,3.110,1.660,0.820,2,0,135.047,0,0,11,32,0,61,0
16-01 12:48:53,39.196,5.243,54.425,0,0,1524772,1048228,167840,5191048,14371.181,7859.162,0,167.769,0,10.985,2836,1733,3.110,1.660,0.820,2,0,0,0,0,11,34,0,61,0
16-01 12:48:54,33.810,6.512,58.855,0.250,0,1493196,1079724,167844,5191116,20252.039,12763.713,0,216.385,0,16.029,4259,5420,3.110,1.660,0.820,2,0,34.061,0,0,11,32,0,63,0
16-01 12:48:55,37.897,8.228,53.105,0.249,0,1493760,1079144,167848,5191128,13985.849,6335.717,0,131.641,0,9.973,3505,2383,3.110,1.660,0.820,2,0,103.717,0,0,11,33,0,59,0
16-01 12:48:56,35.342,7.269,56.397,0,0,1499300,1073560,167868,5191148,16965.283,8851.103,0,380.994,0,32.084,4118,3833,2.950,1.650,0.820,2,0,60.157,0,0,11,33,0,60,0
16-01 12:48:57,36.263,5.252,57.270,0,0,1492820,1079872,167884,5191300,14376.006,8797.064,0,248.086,0,21.007,3774,3671,2.950,1.650,0.820,2,0,5.002,0,0,11,33,0,61,0
16-01 12:48:58,37.499,4.750,57.249,0,0,1531384,1041276,167884,5191332,22024.602,15525.719,0,151.997,0,10.000,5092,5816,2.950,1.650,0.820,2,0,0,0,0,11,33,0,61,1
16-01 12:48:59,38.002,7.250,54.253,0.250,0,1505064,1067560,167892,5191360,18794.868,7300.337,0,580.027,0,25.001,4839,4702,2.950,1.650,0.820,3,0,43.002,0,0,11,32,0,62,0
16-01 12:49:00,39.125,6.230,53.329,0,0,1490740,1081744,167892,5191500,14692.899,7581.695,0,167.463,0,12.958,3444,2736,2.950,1.650,0.820,1,0,4.984,0,0,11,33,0,62,0
16-01 12:49:01,28.816,8.520,59.637,0.501,0,1410844,1161572,167920,5191540,24982.304,16538.937,0,2076.764,0,132.303,6042,7686,2.870,1.660,0.830,2,0,182.418,0,0,11,33,0,63,0
16-01 12:49:02,19.958,7.235,72.845,0.249,0,1409468,1162872,167932,5191604,7512.026,2785.078,0,247.474,0,20.955,2939,2694,2.870,1.660,0.830,1,0,100.786,0,0,11,32,0,64,0
16-01 12:49:03,18.744,2.249,78.225,0,0,1433956,1138380,167932,5191608,10256.755,7171.731,0,107.966,0,6.998,1838,1453,2.870,1.660,0.830,1,0,0,0,0,11,33,0,58,0
16-01 12:49:04,14.541,7.772,76.714,0,0,1411032,1161248,167952,5191640,15467.240,6691.707,0,340.953,0,27.076,4555,4887,2.870,1.660,0.830,1,0,136.381,0,0,11,32,0,59,0
16-01 12:49:05,17.943,8.722,72.768,0.249,0,1428136,1144136,167952,5191648,6871.122,1614.858,0,183.416,0,12.959,2990,2281,2.870,1.660,0.830,1,0,147.530,0,0,11,32,0,59,0
16-01 12:49:06,17.509,2.251,79.291,0,0,1442376,1129884,167952,5191660,16198.310,8480.351,0,0,0,0,2376,2310,2.640,1.630,0.820,1,0,0,0,0,11,33,0,59,0
16-01 12:49:07,19.003,5.001,74.763,0,0,1429252,1142988,167952,5191672,10696.813,5495.932,0,228.039,0,11.002,3314,3388,2.640,1.630,0.820,1,0,46.008,0,0,11,32,0,58,0
16-01 12:49:08,19.002,2.250,77.760,0,0,1463260,1108976,167952,5191676,14442.879,6661.867,0,100.013,0,7.001,2129,1819,2.640,1.630,0.820,1,0,0,0,0,11,33,0,58,0
16-01 12:49:09,18.496,2.499,78.234,0,0,1447540,1124536,167956,5191832,15723.732,10121.896,0,99.979,0,8.998,4483,5821,2.640,1.630,0.820,2,0,0,0,0,11,33,0,58,0
16-01 12:49:10,12.033,17.800,69.192,0.251,0,1365460,1206448,167972,5191984,7086.712,2223.184,0,248.692,0,22.061,5437,4448,2.640,1.630,0.820,1,0,385.071,0,0,11,32,0,58,0
16-01 12:49:11,33.925,14.218,51.137,0,0,1424520,1147264,167996,5192080,9045.933,1616.414,0,2889.590,0,186.586,4823,3476,2.590,1.640,0.830,2,0,242.462,0,0,11,32,0,57,0
16-01 12:49:12,42.601,5.764,47.613,2.757,0,1518332,1050032,168284,5194892,9013.358,1569.720,0,7986.926,0,656.556,6532,7073,2.590,1.640,0.830,3,0,40.095,0,0,11,36,0,56,0
16-01 12:49:13,36.741,6.748,44.490,10.747,0,1515472,1046888,169208,5199616,6136.564,1619.621,0,32128.481,0,3044.288,16378,26349,2.590,1.640,0.830,3,1,105.975,0,0,11,36,0,56,0
16-01 12:49:14,40.149,7.980,43.390,6.733,0,1512980,1048296,169736,5200088,9846.119,1615.917,0,37740.631,0,3055.279,13499,23484,2.590,1.640,0.830,3,0,34.912,0,0,11,32,0,56,0
16-01 12:49:15,45.999,5.500,46.999,1.000,0,1519032,1042180,169780,5200108,40553.331,1619.973,0,10939.819,0,612.990,4018,4019,2.590,1.640,0.830,4,0,1.000,0,0,11,32,0,56,0
16-01 12:49:16,38.347,8.772,44.112,7.268,0.251,1570140,990132,170220,5200592,9163.202,1624.112,0,16116.808,0,2507.349,15500,26215,2.540,1.640,0.840,8,0,6.015,0,0,11,34,0,51,0
16-01 12:49:17,29.724,6.994,60.946,0.999,0,1455372,1104812,170256,5200620,43882.220,1510.665,0,6382.360,0,438.612,4746,4881,2.540,1.640,0.840,1,0,101.910,0,0,11,32,0,51,0
16-01 12:49:18,22.704,3.493,73.602,0,0,1490144,1070036,170256,5200624,6135.671,1616.751,0,103.791,0,6.986,1827,1414,2.540,1.640,0.840,1,0,1.996,0,0,11,32,0,51,0
16-01 12:49:19,22.254,3.751,72.262,0.750,0,1471692,1088432,170284,5200644,9489.594,1620.272,0,7317.229,0,380.064,2874,2787,2.540,1.640,0.840,1,0,1.000,0,0,11,32,0,51,0
16-01 12:49:20,21.806,4.261,73.691,0,0,1517296,1042820,170292,5200644,6404.567,1570.061,0,842.179,0,47.122,1969,1456,2.540,1.640,0.840,1,0,2.005,0,0,11,32,0,49,0
16-01 12:49:21,22.191,3.241,73.306,0,0.249,1439780,1120324,170292,5200656,43376.377,1615.730,0,95.747,0,0.997,2181,1311,2.420,1.630,0.840,1,0,1.995,0,0,11,32,0,49,0
16-01 12:49:22,23.536,3.255,73.612,0,0,1459936,1100168,170292,5200656,10520.062,1622.477,0,4.006,0,1.002,1884,1260,2.420,1.630,0.840,1,0,2.003,0,0,11,32,0,49,0
16-01 12:49:23,22.972,2.497,73.410,0,0,1432132,1127888,170296,5200728,7533.730,1618.009,0,7.990,0,1.998,1762,1153,2.420,1.630,0.840,1,0,0.999,0,0,11,32,0,49,0
16-01 12:49:24,22.503,4.001,73.260,0,0,1468060,1091948,170296,5200736,70163.222,1706.224,0,188.025,0,3.000,2437,1309,2.420,1.630,0.840,1,0,2.000,0,0,11,32,0,46,0
16-01 12:49:25,22.295,3.257,72.397,0.752,0,1455504,1104400,170300,5200828,9156.530,1623.285,0,7010.186,0,332.673,2607,2476,2.420,1.630,0.840,1,0,1.002,0,0,11,32,0,46,0
16-01 12:49:26,22.461,3.244,73.372,0.250,0,1411612,1148268,170300,5200852,6047.432,1509.362,0,1225.858,0,59.895,2015,1804,2.300,1.620,0.840,2,0,0.998,0,0,11,32,0,46,0
16-01 12:49:27,23.238,3.248,72.964,0,0,1436444,1123396,170304,5200884,23915.109,1747.131,0,591.706,0,72.964,2149,1327,2.300,1.620,0.840,1,0,1.999,0,0,11,32,0,46,0
16-01 12:49:28,22.252,3.500,73.508,0,0,1436676,1123144,170304,5200904,7240.767,1620.172,0,8.001,0,1.000,1794,1169,2.300,1.620,0.840,1,0,1.000,0,0,11,32,0,41,0
16-01 12:49:29,22.503,3.250,73.260,0,0,1456044,1103748,170304,5200932,9568.318,1652.228,0,4.001,0,1.000,1893,1246,2.300,1.620,0.840,1,0,1.000,0,0,11,32,0,41,0
16-01 12:49:30,22.245,3.499,73.982,0,0,1461232,1098528,170304,5200932,22255.544,1619.603,0,0,0,0,2012,1236,2.300,1.620,0.840,1,0,2.000,0,0,11,32,0,41,0
16-01 12:49:31,17.800,9.025,72.452,0,0,1446452,1113172,170304,5201068,8796.581,1624.540,0,8.022,0,2.006,3218,2198,2.200,1.610,0.840,1,0,133.373,0,0,11,32,0,41,0
16-01 12:49:32,9.245,21.239,68.715,0,0,1431548,1128032,170304,5201108,7080.359,1619.167,0,1139.414,0,13.993,6288,4971,2.200,1.610,0.840,1,0,519.733,0,0,11,32,0,37,0
16-01 12:49:33,8.253,21.257,69.023,0,0,1421568,1137980,170304,5201148,13402.435,1620.536,0,704.233,0,86.028,6368,4917,2.200,1.610,0.840,1,0,487.161,0,0,11,32,0,37,0
16-01 12:49:34,15.214,11.972,72.080,0,0,1448948,1110600,170304,5201148,6215.312,1508.435,0,11.972,0,1.995,4003,3052,2.200,1.610,0.840,1,0,233.448,0,0,11,32,0,37,0
16-01 12:49:35,22.309,3.509,73.695,0,0,1516132,1043416,170304,5201148,9037.877,1624.291,0,4.011,0,1.003,1924,1277,2.200,1.610,0.840,1,0,2.005,0,0,11,32,0,37,0
16-01 12:49:36,22.448,3.492,73.579,0,0,1498652,1060892,170304,5201152,15349.375,1658.152,0,235.454,0,9.977,2163,1623,2.100,1.600,0.840,1,0,0.998,0,0,11,32,0,36,0
16-01 12:49:37,21.740,3.498,73.465,0,0,1509680,1049864,170304,5201152,8490.909,1565.246,0,371.821,0,24.988,1891,1272,2.100,1.600,0.840,1,0,1.999,0,0,11,32,0,36,0
16-01 12:49:38,22.749,3.500,73.496,0,0,1485956,1073580,170304,5201160,7392.601,1619.913,0,235.987,0,46.997,1907,1250,2.100,1.600,0.840,1,0,1.000,0,0,11,32,0,36,0
16-01 12:49:39,22.497,3.000,73.740,0,0,1531644,1027892,170304,5201160,9140.740,1619.777,0,19.997,0,3.000,1840,1170,2.100,1.600,0.840,5,0,2.000,0,0,11,32,0,36,0
16-01 12:49:40,22.008,3.251,73.528,0,0,1485676,1073868,170304,5201152,7761.985,1620.623,0,0,0,0,1890,1288,2.100,1.600,0.840,2,0,1.000,0,0,11,32,0,31,0
16-01 12:49:41,22.498,3.500,73.494,0,0,1502528,1056996,170304,5201172,6591.506,1619.879,0,23.998,0,2.000,1874,1228,2.010,1.590,0.840,3,0,3.000,0,0,11,32,0,31,0
16-01 12:49:42,23.002,3.250,73.506,0,0,1495680,1063852,170304,5201164,8325.697,1620.136,0,2044.171,0,240.020,2233,1298,2.010,1.590,0.840,2,0,1.000,0,0,11,32,0,31,0
16-01 12:49:43,27.500,5.750,65.750,0,0,1475580,1083948,170304,5201180,9070.947,1511.991,0,84.000,0,4.000,3277,9842,2.010,1.590,0.840,1,0,39.000,0,0,11,32,0,32,0
16-01 12:49:44,21.997,3.750,73.741,0,0,1471652,1087900,170304,5201156,7371.066,1619.795,0,119.985,0,25.997,1797,1217,2.010,1.590,0.840,1,0,0,0,0,11,32,0,25,0
16-01 12:49:45,22.509,3.251,73.529,0,0,1452008,1107520,170304,5201180,43776.447,1566.624,0,32.013,0,2.001,1870,1083,2.010,1.590,0.840,1,0,3.001,0,0,11,32,0,25,0
16-01 12:49:46,22.242,3.499,73.225,0.250,0,1491336,1068308,170304,5201092,9807.624,1619.443,0,103.964,0,9.997,1945,1497,1.930,1.580,0.840,1,0,0,0,0,11,32,0,25,0
16-01 12:49:47,22.749,3.000,73.248,0,0,1456912,1102636,170308,5201180,45637.942,1619.962,0,2239.948,0,32.999,1963,1171,1.930,1.580,0.840,1,0,3.000,0,0,11,32,0,25,0
16-01 12:49:48,22.745,2.749,73.482,0,0,1447772,1111788,170308,5201168,8852.884,1619.613,0,11.997,0,1.000,1799,1243,1.930,1.580,0.840,2,0,1.000,0,0,11,32,0,18,0
16-01 12:49:49,22.503,3.501,73.761,0,0,1469548,1090020,170308,5201160,6470.934,1620.234,0,116.017,0,25.004,1837,1318,1.930,1.580,0.840,1,0,0,0,0,11,32,0,18,0
16-01 12:49:50,22.763,3.002,73.542,0,0,1448424,1111124,170308,5201180,8504.871,1620.928,0,20.011,0,1.001,1847,1142,1.930,1.580,0.840,1,0,3.002,0,0,11,32,0,18,0
16-01 12:49:51,21.991,3.998,73.470,0,0,1506256,1053312,170308,5201160,7939.810,1713.312,0,23.990,0,1.999,1870,1397,1.860,1.570,0.840,2,0,1.000,0,0,11,32,0,18,0
16-01 12:49:52,22.252,3.250,73.506,0,0,1486764,1072796,170308,5201168,6755.518,1512.116,0,140.011,0,2.000,1844,1306,1.860,1.570,0.840,2,0,1.000,0,0,11,32,0,13,0
16-01 12:49:53,23.002,2.500,73.758,0,0,1513980,1045580,170308,5201168,9865.032,1620.169,0,16.002,0,2.000,1814,1165,1.860,1.570,0.840,2,0,2.000,0,0,11,32,0,13,0
16-01 12:49:54,10.254,20.509,68.780,0,0,1463916,1095576,170308,5201232,7836.433,1566.686,0,224.098,0,10.004,5867,4532,1.860,1.570,0.840,1,0,460.202,0,0,11,32,0,13,0
16-01 12:49:55,21.736,3.498,73.704,0,0,1509024,1050456,170308,5201244,13490.502,1618.980,0,115.927,0,25.984,1912,1217,1.860,1.570,0.840,1,0,0,0,0,11,32,0,13,0
16-01 12:49:56,23.534,2.754,73.356,0,0,1485904,1073316,170312,5201496,7466.771,1622.340,0,180.260,0,12.017,2102,1544,1.790,1.560,0.840,1,0,9.013,0,0,11,32,0,13,0
16-01 12:49:57,21.966,3.245,73.387,0.499,0,1518128,1041092,170312,5201496,6061.698,1617.518,0,511.216,0,25.960,1803,1302,1.790,1.560,0.840,1,0,0,0,0,11,32,0,10,0
16-01 12:49:58,13.778,16.534,68.391,0.251,0,1494012,1065072,170312,5201632,9177.953,1623.352,40.083,72.149,2.004,3.006,4992,3704,1.790,1.560,0.840,1,0,368.762,0,0,11,32,0,10,0
16-01 12:49:59,7.985,21.958,69.366,0,0,1472464,1086580,170312,5201668,8144.282,1616.880,0,123.761,0,5.988,6243,4729,1.790,1.560,0.840,1,0,476.081,0,0,11,32,0,10,0
16-01 12:50:00,8.271,21.805,67.921,0,0,1446968,1112036,170312,5201704,7327.447,1624.089,0,268.676,0,4.010,6273,4784,1.790,1.560,0.840,1,0,496.249,0,0,11,32,0,10,0
16-01 12:50:01,9.749,21.748,68.242,0,0,1429888,1129088,170312,5201728,10224.830,1619.815,0,1175.865,0,12.999,6237,4591,1.650,1.530,0.840,2,0,489.944,0,0,11,32,0,7,0
16-01 12:50:02,7.988,22.217,68.647,0,0,1413628,1145316,170312,5201752,10236.638,1509.734,0,1369.944,0,16.975,6233,4756,1.650,1.530,0.840,1,0,495.257,0,0,11,32,0,7,0
16-01 12:50:03,7.762,21.785,68.609,0,0,1398012,1160904,170312,5201780,9573.214,1622.579,0,953.515,0,12.019,6130,4535,1.650,1.530,0.840,2,0,457.727,0,0,11,32,0,7,0
16-01 12:50:04,7.495,21.237,70.206,0,0,1386700,1172180,170312,5201816,7025.598,1565.020,0,183.885,0,6.996,6113,4605,1.650,1.530,0.840,3,0,455.714,0,0,11,32,0,7,0
16-01 12:50:05,8.507,21.768,68.807,0,0,1376556,1182272,170312,5201852,6351.304,1621.354,0,292.244,0,11.009,6089,4551,1.650,1.530,0.840,3,0,455.380,0,0,11,32,0,4,0
16-01 12:50:06,8.994,21.984,68.201,0,0,1370504,1188284,170312,5201892,8670.795,1618.842,0,519.628,0,85.939,6727,5312,1.590,1.530,0.840,1,0,513.632,0,0,11,32,0,4,0
16-01 12:50:07,18.735,25.229,54.955,0.250,0,1377840,1180900,170324,5201924,8384.090,1618.666,0,879.275,0,50.958,7000,6097,1.590,1.530,0.840,3,0,614.494,0,0,11,32,0,6,0
16-01 12:50:08,60.851,17.529,20.784,0.250,0,1539592,1018924,170344,5202096,11047.257,1622.682,0,596.987,0,42.070,5148,3815,1.590,1.530,0.840,3,0,330.546,0,0,11,32,0,10,0
16-01 12:50:09,59.984,9.248,24.244,4.999,0,1644396,906624,170660,5208536,7866.930,1619.574,371.902,15299.974,2.999,1198.685,9975,12297,1.590,1.530,0.840,4,1,51.986,0,0,11,38,0,9,0
16-01 12:50:10,42.246,12.249,31.997,11.749,0,1646892,891728,171484,5219344,9225.149,1619.851,0,70021.541,0,5236.517,26288,39145,1.590,1.530,0.840,4,1,165.985,0,0,11,36,0,11,0
16-01 12:50:11,40.749,11.250,31.249,14.750,0,1680752,847056,171980,5229272,8990.797,3535.920,0,99609.754,0,7215.837,32932,46187,1.870,1.580,0.860,5,0,63.999,0,0,11,37,0,11,0
16-01 12:50:12,44.009,9.002,33.757,10.252,0,1677712,840408,172480,5238128,13893.781,8998.801,0,77399.493,0,5814.164,25820,40199,1.870,1.580,0.860,3,2,42.008,0,0,11,36,0,12,0
16-01 12:50:13,33.973,18.985,31.975,13.989,0,1577372,934104,172972,5244044,5797.410,1510.804,271.785,53489.647,2.998,3690.078,19391,28320,1.870,1.580,0.860,2,2,301.761,0,0,11,34,0,10,0
16-01 12:50:14,45.269,16.757,26.511,9.004,0,1604180,901752,173268,5249476,14145.994,6663.824,100.042,58580.821,3.001,4324.832,21262,35342,1.870,1.580,0.860,3,0,198.084,0,0,11,35,0,10,0
16-01 12:50:15,38.502,15.751,33.252,11.251,0,1623056,879988,173384,5251692,53102.662,10296.516,1800.090,35706.790,35.002,2931.147,17943,28994,1.870,1.580,0.860,4,0,192.010,0,0,11,35,0,10,0
16-01 12:50:16,32.740,10.997,42.987,11.246,0,1559184,942648,173556,5252636,14892.353,7573.637,0,51351.976,0,4280.664,22496,34465,1.880,1.590,0.870,1,1,104.967,0,0,11,34,0,10,0
16-01 12:50:17,39.017,7.753,38.517,11.505,0,1601636,897716,173840,5254784,43487.942,3150.372,0,47880.855,0,4122.796,21297,29521,1.880,1.590,0.870,1,0,45.020,0,0,11,35,0,10,0
16-01 12:50:18,30.738,7.997,47.481,11.495,0,1596668,901492,174028,5255756,18877.580,10946.697,0,62927.264,0,5056.013,24262,37733,1.880,1.590,0.870,2,1,32.987,0,0,11,35,0,10,0
16-01 12:50:19,38.519,5.253,45.022,8.754,0,1534140,962112,174108,5257540,18804.309,11052.471,0,30683.189,0,3011.491,18342,27756,1.880,1.590,0.870,4,0,50.025,0,0,11,34,0,11,0
16-01 12:50:20,35.004,13.001,40.005,10.501,0,1561176,931992,174144,5260492,6641.759,1566.179,0,52930.050,0,4329.495,19677,33929,1.880,1.590,0.870,3,1,115.013,0,0,11,36,0,11,0
16-01 12:50:21,33.248,7.500,45.497,11.999,0,1558004,931264,174328,5264084,11706.299,6660.601,0,57876.534,0,5087.695,24599,35825,2.130,1.650,0.890,4,0,66.996,0,0,11,37,0,11,0
16-01 12:50:22,31.927,7.483,45.895,11.224,0,1554904,930508,174432,5267736,20164.065,11247.378,0,58626.445,0,4947.729,25891,40155,2.130,1.650,0.890,6,0,98.775,0,0,11,37,0,11,0
16-01 12:50:23,34.566,10.019,42.832,10.771,0,1503816,979428,174512,5269748,14083.838,6337.076,0,61841.845,0,4990.510,23732,36714,2.130,1.650,0.890,1,1,78.149,0,0,11,36,0,11,0
16-01 12:50:24,34.006,8.001,43.007,12.252,0,1551936,936596,174532,5264480,12009.067,3590.618,0,59134.178,0,5074.873,20868,37621,2.130,1.650,0.890,0,1,24.004,0,0,11,37,0,11,0
16-01 12:50:25,36.481,8.745,48.224,5.247,0,1418804,1069144,174580,5265020,19616.579,11630.821,0,37651.998,0,2639.598,14869,21356,2.130,1.650,0.890,1,0,112.940,0,0,11,33,0,13,0
16-01 12:50:26,17.984,8.992,71.435,0.500,0,1396884,1090984,174584,5265092,19678.041,9769.084,0,1370.749,0,75.931,5258,6087,1.960,1.620,0.890,1,0,174.840,0,0,11,32,0,14,0
16-01 12:50:27,21.733,4.247,73.193,0,0,1463368,1024464,174584,5265124,9662.492,1618.742,0,931.276,0,53.958,1974,1399,1.960,1.620,0.890,1,0,0,0,0,11,32,0,14,0
16-01 12:50:28,15.995,2.499,79.723,0.250,0,1461784,1026020,174588,5265148,18188.950,10408.538,0,1075.642,0,42.986,3099,3650,1.960,1.620,0.890,1,0,0,0,0,11,32,0,15,0
16-01 12:50:29,20.747,5.249,72.741,0,0,1404960,1082844,174588,5265148,9165.866,1631.798,0,451.944,0,27.997,2318,1619,1.960,1.620,0.890,1,0,33.996,0,0,11,32,0,15,0
16-01 12:50:30,16.472,2.246,80.115,0.250,0.250,1418344,1069488,174588,5265148,13578.109,7499.357,0,447.246,0,30.948,2118,1920,1.960,1.620,0.890,1,0,0.998,0,0,11,33,0,15,0
16-01 12:50:31,19.817,7.024,72.745,0.502,0,1430864,1056960,174592,5265152,7385.909,2348.922,0,2612.812,0,158.535,3287,2982,1.880,1.610,0.890,1,0,61.206,0,0,11,32,0,16,0
16-01 12:50:32,18.233,1.748,79.178,0,0,1447028,1040444,174592,5265504,14239.988,6757.825,0,67.938,0,4.995,1974,1658,1.880,1.610,0.890,1,0,0,0,0,11,33,0,16,0
16-01 12:50:33,17.250,5.000,76.250,0,0,1384296,1103156,174592,5265524,13135.992,6965.996,0,84.000,0,2.000,3650,3990,1.880,1.610,0.890,1,0,43.000,0,0,11,32,0,17,0
16-01 12:50:34,20.739,2.998,74.962,0.250,0,1408444,1079004,174592,5265528,11122.313,3588.165,0,259.867,0,19.990,2041,1601,1.880,1.610,0.890,0,0,0,0,0,11,33,0,17,0
16-01 12:50:35,15.499,2.250,80.997,0,0,1416364,1070940,174592,5265672,17756.373,9606.661,0,167.994,0,12.000,3390,4095,1.880,1.610,0.890,1,0,0,0,0,11,33,0,17,0
16-01 12:50:36,12.279,17.791,69.662,0,0,1364796,1122348,174592,5265832,6180.397,2541.921,0,304.710,0,23.054,5458,4182,1.810,1.600,0.890,2,0,377.880,0,0,11,32,0,18,0
16-01 12:50:37,35.426,20.457,42.911,0.249,0,1423996,1062920,174612,5266040,9743.729,1616.637,0,730.480,0,59.875,6273,4998,1.810,1.600,0.890,3,0,419.128,0,0,11,32,0,24,0
16-01 12:50:38,67.488,7.999,24.246,0,0,1600988,884532,174644,5267404,9588.308,1457.743,0,539.905,0,17.997,3923,1592,1.810,1.600,0.890,3,0,2.999,0,0,11,32,0,24,0
16-01 12:50:39,64.041,7.476,23.673,1.246,0,1759320,723724,174724,5269424,6120.021,1614.729,0,3743.778,0,110.639,4029,1738,1.810,1.600,0.890,3,0,0,0,0,11,32,0,24,0
16-01 12:50:40,49.241,7.286,33.665,6.532,0,1777328,694520,174916,5279872,9299.488,1627.963,0,43275.683,0,3227.789,17845,23719,1.810,1.600,0.890,1,2,142.698,0,0,11,38,0,24,0
16-01 12:50:41,33.026,9.507,41.783,13.511,0,1777412,682172,175028,5291644,8952.987,1621.265,0,87696.442,0,6689.221,34149,51170,1.910,1.620,0.900,1,0,265.207,0,0,11,38,0,24,0
16-01 12:50:42,30.981,9.744,40.975,15.491,0,1777104,674136,175076,5299608,8982.567,1619.021,0,109261.911,0,7939.198,35280,51465,1.910,1.620,0.900,1,1,155.906,0,0,11,38,0,24,0
16-01 12:50:43,46.439,14.481,24.718,12.234,0,1704968,735856,175168,5309564,7264.468,1617.877,0,85855.350,0,5920.232,28715,50826,1.910,1.620,0.900,4,1,254.666,0,0,11,36,0,25,0
16-01 12:50:44,46.323,8.764,30.548,11.769,0,1761896,669328,175212,5318808,6177.727,1622.555,0,79284.834,0,5292.333,21711,37116,1.910,1.620,0.900,4,0,46.073,0,0,11,36,0,25,0
16-01 12:50:45,39.754,10.501,33.503,14.001,0,1803852,617976,175260,5327788,43232.445,1620.167,0,92225.482,0,6406.659,25987,42929,1.910,1.620,0.900,6,0,44.005,0,0,11,38,0,25,0
16-01 12:50:46,35.650,10.720,40.636,11.717,0,1689752,728900,175284,5330844,9602.978,1615.454,0,72831.057,0,5587.278,28066,40075,2.390,1.730,0.940,3,0,164.537,0,0,11,36,0,24,0
16-01 12:50:47,28.272,11.259,58.546,0.500,0,1464664,953964,175284,5330864,43681.510,1459.153,0,4507.561,0,282.223,4978,4368,2.390,1.730,0.940,3,0,249.197,0,0,11,32,0,24,0
16-01 12:50:48,22.230,3.747,72.934,0.250,0,1515904,902720,175284,5330864,8263.529,1618.537,0,1538.609,0,110.900,2158,1543,2.390,1.730,0.940,2,0,0.999,0,0,11,32,0,24,0
16-01 12:50:49,23.581,2.258,73.001,0.502,0,1560936,857680,175284,5330872,8965.882,1625.599,0,4154.309,0,234.809,2890,2658,2.390,1.730,0.940,2,0,2.007,0,0,11,38,0,24,0
16-01 12:50:50,22.002,3.750,74.007,0.250,0,1495868,922748,175284,5330872,8280.807,1620.158,0,80.008,0,6.001,2201,1526,2.390,1.730,0.940,1,0,27.003,0,0,11,32,0,24,0
16-01 12:50:51,22.500,3.000,73.750,0,0,1545228,873388,175284,5330872,6341.018,1620.005,0,32.000,0,4.000,1818,1261,2.280,1.720,0.940,2,0,2.000,0,0,11,32,0,24,0
16-01 12:50:52,22.433,2.742,73.282,0,0,1459764,958844,175288,5330876,6079.927,1708.920,0,614.174,0,45.864,2265,1766,2.280,1.720,0.940,2,0,14.956,0,0,11,32,0,24,0
16-01 12:50:53,14.041,40.369,45.383,0,0,1443276,975120,175292,5331080,10807.762,1624.775,0,72.212,0,18.053,8265,7603,2.280,1.720,0.940,2,0,1157.401,0,0,11,32,0,24,0
16-01 12:50:54,8.498,22.495,67.735,0.250,0,1431280,987052,175292,5331144,7281.370,1619.637,0,323.927,0,26.994,6423,4951,2.280,1.720,0.940,1,0,559.875,0,0,11,32,0,24,0
16-01 12:50:55,8.741,20.228,70.175,0,0,1403888,1014376,175292,5331188,9828.444,1456.436,0,91.901,0,6.992,6089,4731,2.280,1.720,0.940,1,0,443.524,0,0,11,32,0,24,0
16-01 12:50:56,11.983,19.722,66.906,0.250,0,1404528,1013704,175292,5331576,8786.607,1617.718,0,942.670,0,149.789,6991,6474,2.180,1.700,0.940,1,0,386.455,0,0,11,32,0,24,0
16-01 12:50:57,31.728,13.990,53.713,0,0.250,1432868,985316,175300,5331704,8505.148,1618.886,0,0,0,0,5451,5731,2.180,1.700,0.940,2,0,192.867,0,0,11,33,0,24,0
16-01 12:50:58,42.898,7.275,49.170,0,0,1534564,883508,175300,5331804,7733.700,1625.612,0,0,0,0,2694,1335,2.180,1.700,0.940,3,0,0,0,0,11,33,0,24,0
16-01 12:50:59,47.368,4.238,48.366,0,0,1604844,813004,175316,5331968,5901.590,1615.508,0,949.360,0,38.892,3713,2947,2.180,1.700,0.940,2,0,18.947,0,0,11,49,0,24,0
16-01 12:51:00,37.055,10.516,52.078,0,0,1636248,777288,175372,5335824,6118.150,1622.426,0,1085.624,0,127.190,4974,7391,2.180,1.700,0.940,2,0,94.141,0,0,11,48,0,24,0
16-01 12:51:01,13.763,16.766,67.314,0,0,1636352,777104,175376,5336016,8804.399,1621.547,0,368.351,0,13.012,6413,6530,2.160,1.710,0.950,1,0,318.304,0,0,11,48,0,24,0
16-01 12:51:02,9.472,5.733,83.997,0.249,0,1642400,771048,175376,5335852,7469.535,1615.142,0,386.837,0,33.898,2994,4824,2.160,1.710,0.950,0,0,83.748,0,0,11,48,0,24,0
16-01 12:51:03,0.250,1.000,97.785,0,0,1642400,771048,175376,5335852,8853.157,1620.578,0,0,0,0,748,968,2.160,1.710,0.950,0,0,3.001,0,0,11,48,0,24,0
16-01 12:51:04,1.000,0.500,98.240,0.250,0,1642400,771048,175376,5335852,7576.229,1457.852,0,35.996,0,4.000,827,1006,2.160,1.710,0.950,0,0,3.000,0,0,11,48,0,24,0
16-01 12:51:05,0.500,0.250,98.252,0,0,1642396,771048,175380,5335852,8946.155,1620.028,0,796.014,0,4.000,723,942,2.160,1.710,0.950,0,0,1.000,0,0,11,48,0,24,0
16-01 12:51:06,3.250,5.499,90.242,0,0,1630780,782672,175380,5335844,8298.228,1619.849,0,4.000,0,1.000,2226,2080,1.990,1.680,0.940,5,0,87.992,0,0,11,48,0,24,0
16-01 12:51:07,19.501,14.751,64.753,0,0,1623576,789840,175380,5335860,7192.321,1620.072,0,0,0,0,5861,7574,1.990,1.680,0.940,1,0,257.011,0,0,11,48,0,24,0
16-01 12:51:08,11.270,19.033,68.870,0,0,1660940,752384,175380,5335892,10650.617,1861.253,0,4.007,0,1.002,5795,4959,1.990,1.680,0.940,1,0,394.690,0,0,12,48,0,24,0
16-01 12:51:09,19.722,14.230,64.159,0,0,1649940,763336,175380,5335916,8726.656,1617.712,0,2340.689,0,44.936,6463,8427,1.990,1.680,0.940,1,0,210.702,0,0,12,64,0,24,0
16-01 12:51:10,5.513,7.518,86.454,0,0,1652628,760624,175380,5335924,7406.457,1623.827,0,232.548,0,10.024,2695,2632,1.990,1.680,0.940,1,0,170.402,0,0,12,64,0,16,0
16-01 12:51:11,19.753,14.002,63.259,0.750,0,1643584,769492,175380,5336080,14291.013,1620.228,0,10801.522,0,593.084,7794,9509,1.990,1.690,0.950,1,0,215.030,0,0,14,64,0,16,0
16-01 12:51:12,9.972,19.696,68.561,0.499,0,1648508,764500,175384,5336140,8945.281,1453.982,0,2704.526,0,146.595,6732,5734,1.990,1.690,0.950,1,0,443.774,0,0,14,66,0,16,0
16-01 12:51:13,11.753,20.755,66.268,0,0,1645200,767796,175384,5336524,9234.442,1662.440,0,116.031,0,16.004,6426,6488,1.990,1.690,0.950,1,0,352.093,0,0,14,66,0,16,0
16-01 12:51:14,24.289,15.775,58.094,0,0,1681292,731688,175396,5336172,11547.618,1622.616,0,496.801,0,3.005,5772,5672,1.990,1.690,0.950,2,0,279.451,0,0,14,66,0,15,0
16-01 12:51:15,30.509,24.257,45.514,0,0,1749500,663412,175408,5336228,39966.032,1620.488,0,364.110,0,8.002,6856,5441,1.990,1.690,0.950,3,0,572.172,0,0,14,66,0,15,0
16-01 12:51:16,29.753,24.752,43.754,0,0,1845128,566164,175472,5337692,9427.866,1620.149,0,32.003,0,8.001,6890,7798,2.070,1.710,0.960,2,0,467.043,0,0,14,70,0,17,0
16-01 12:51:17,38.175,19.961,41.418,0,0,1928164,483024,175472,5338160,41614.831,1616.808,0,51.898,0,8.982,5894,7200,2.070,1.710,0.960,2,0,279.448,0,0,14,70,0,17,0
16-01 12:51:18,65.021,23.169,10.463,0,0,2035424,375512,175488,5338400,8202.160,1614.324,0,566.010,0,3.986,4970,4331,2.070,1.710,0.960,5,0,488.283,0,0,14,70,0,17,0
16-01 12:51:19,58.844,21.785,19.030,0,0,2136752,273488,175512,5339352,8613.796,1712.743,0,957.534,0,106.170,6851,8033,2.070,1.710,0.960,4,0,363.582,0,0,14,70,0,17,0
16-01 12:51:20,68.436,22.729,7.992,0,0,2242024,166280,175600,5340672,8846.668,1618.476,0,1946.167,0,70.933,5322,5559,2.070,1.710,0.960,4,0,405.618,0,0,14,70,0,17,0
16-01 12:51:21,72.666,23.473,2.497,1.249,0,2406072,140360,163960,5216856,9730.721,1618.124,495.426,2481.124,55.935,31.963,6733,8282,2.230,1.750,0.970,17,1,341.604,0,0,14,74,0,17,0
16-01 12:51:22,62.775,21.344,8.789,5.775,0,2480992,142324,163964,5142380,9000.463,1506.606,1325.813,32394.034,83.366,2400.525,17592,25647,2.230,1.750,0.970,7,0,252.105,0,0,14,76,0,17,0
16-01 12:51:23,69.158,25.374,4.478,1.493,0,2570712,162120,164064,5035320,5698.794,1612.021,31.842,14138.023,2.985,1202.050,13786,21561,2.230,1.750,0.970,22,0,411.961,0,0,14,76,0,18,0
16-01 12:51:24,68.378,19.608,10.558,0.251,0,2659164,161716,163800,4949216,9270.196,1628.996,571.154,1110.131,32.178,64.355,8801,14084,2.230,1.750,0.970,3,0,247.366,0,0,14,91,0,25,0
16-01 12:51:25,54.168,23.964,20.968,0.250,0,2772784,121156,163776,4877988,9222.005,1617.545,39.939,750.861,6.989,42.935,7829,8913,2.230,1.750,0.970,4,0,546.171,0,0,14,93,0,25,0
16-01 12:51:26,41.379,20.815,36.865,0,0,2852124,183380,163776,4739880,8930.746,1625.049,44.137,517.608,4.012,31.097,7370,11777,2.210,1.750,0.980,3,0,368.144,0,0,14,95,0,25,0
16-01 12:51:27,59.324,14.208,24.178,1.745,0,2988612,178176,163784,4611252,7683.160,1615.198,2033.954,5340.125,26.920,294.126,6551,9229,2.210,1.750,0.980,2,1,159.526,0,0,14,98,0,25,0
16-01 12:51:28,38.533,9.258,50.794,1.501,0,3066908,166828,163804,4545692,8992.783,1663.440,56.049,3759.254,5.004,75.065,4143,4061,2.210,1.750,0.980,3,0,79.068,0,0,14,101,0,25,0
16-01 12:51:29,8.264,19.534,70.873,0.250,0,3091756,141940,163808,4545728,9001.574,1712.964,0,1226.121,0,58.101,6106,4697,2.210,1.750,0.980,1,0,391.678,0,0,14,101,0,25,0
16-01 12:51:30,7.993,19.483,70.687,0,0,3095672,137996,163808,4545756,5427.190,1618.565,0,131.883,0,13.988,5750,4355,2.210,1.750,0.980,1,0,351.688,0,0,14,101,0,25,0
16-01 12:51:31,15.265,12.512,72.071,0,0,3128908,171608,163808,4480236,5214.115,1459.432,0,40.039,0,4.004,3582,2687,2.030,1.720,0.970,1,0,170.167,0,0,14,101,0,23,0
16-01 12:51:32,18.199,1.745,77.782,0.748,0,3157860,142628,163808,4480264,15236.254,7389.269,23.933,47.866,1.994,2.992,1986,1635,2.030,1.720,0.970,1,0,0,0,0,14,102,0,23,0
16-01 12:51:33,19.245,5.999,73.483,0.250,0,3104016,196436,163808,4480304,24867.105,18259.672,7.998,395.906,2.000,26.994,3347,2955,2.030,1.720,0.970,1,0,63.985,0,0,14,105,0,24,0
16-01 12:51:34,20.745,3.749,74.731,0,0,3152128,148316,163808,4480312,12982.683,3589.083,3.999,103.973,1.000,12.997,1994,1381,2.030,1.720,0.970,0,0,1.000,0,0,14,108,0,24,0
16-01 12:51:35,17.976,3.745,77.149,0.499,0,3160212,140040,163824,4480488,11640.738,6127.966,0,579.241,0,54.928,2781,3149,2.030,1.720,0.970,1,0,2.996,0,0,14,116,0,23,0
16-01 12:51:36,24.584,4.516,68.736,1.003,0.251,3166468,133528,163824,4480692,9985.288,1625.582,4.014,1902.533,1.003,228.786,5506,7726,2.030,1.730,0.980,1,0,2.007,0,0,14,117,0,23,0
16-01 12:51:37,21.196,8.728,68.076,0.249,0,3137712,162076,163824,4480884,8299.728,2755.937,0,825.883,0,79.795,4961,5687,2.030,1.730,0.980,1,0,112.711,0,0,14,120,0,25,0
16-01 12:51:38,31.529,6.756,61.057,0.500,0,3248880,182164,163824,4352704,11494.718,7348.852,48.045,868.810,6.006,68.063,3806,3498,2.030,1.730,0.980,2,0,6.006,0,0,14,127,0,25,0
16-01 12:51:39,19.308,3.511,75.479,0.251,0,3250460,180432,163828,4352864,11477.774,4297.019,4.012,3482.551,1.003,125.380,3211,3789,2.030,1.730,0.980,2,0,1.003,0,0,14,127,0,18,0
16-01 12:51:40,30.186,8.482,58.875,0.998,0,3245332,185508,163832,4352912,10250.239,2808.039,3.992,3436.704,0.998,243.483,5607,6250,2.030,1.730,0.980,2,0,94.799,0,0,14,128,0,19,0
16-01 12:51:41,43.208,8.242,47.704,0.250,0,3346360,146740,163712,4292108,6305.853,1618.422,0,459.552,0,28.972,2987,1768,2.030,1.730,0.990,3,0,5.994,0,0,14,128,0,19,0
16-01 12:51:42,24.502,6.001,68.757,0.750,0,3298224,194688,163712,4292296,33382.319,23924.378,180.018,12933.286,1.000,482.048,3767,2372,2.030,1.730,0.990,1,0,55.005,0,0,14,128,0,20,0
16-01 12:51:43,21.513,3.752,73.794,0,0,3358924,133964,163712,4292320,9063.408,2309.378,24.014,384.229,3.002,15.009,2049,1598,2.030,1.730,0.990,4,0,10.006,0,0,14,129,0,20,0
16-01 12:51:44,21.983,7.244,69.695,0.250,0,3364536,192168,163712,4230412,32645.341,23215.753,7.994,3.997,0.999,0.999,3418,7577,2.030,1.730,0.990,2,0,76.940,0,0,14,128,0,22,0
16-01 12:51:45,20.992,2.999,75.220,0,0,3422856,133716,163712,4230544,46714.329,3588.566,0,0,0,0,1919,1285,2.030,1.730,0.990,1,0,0,0,0,14,129,0,22,0
16-01 12:51:46,18.043,3.007,77.183,0.501,0,3424580,131928,163716,4230604,14796.151,7299.341,12.029,1796.267,3.007,160.381,3279,3875,2.020,1.740,0.990,1,0,0,0,0,14,128,0,23,0
16-01 12:51:47,19.952,6.734,72.325,0,0,3438212,118288,163716,4230612,44643.168,1681.937,0,211.489,0,12.969,2778,2020,2.020,1.740,0.990,1,0,81.802,0,0,14,128,0,22,0
16-01 12:51:48,24.510,3.751,71.028,0.250,0,3417880,201556,163716,4169244,30021.884,23835.435,8.003,432.171,2.001,38.015,5827,9297,2.020,1.740,0.990,2,0,29.011,0,0,14,136,0,25,0
16-01 12:51:49,19.496,6.749,72.485,0,0,3417592,201788,163760,4169256,5627.848,1619.668,39.992,211.957,4.999,12.997,2458,1782,2.020,1.740,0.990,1,0,54.989,0,0,14,136,0,25,0
16-01 12:51:50,16.977,1.997,79.893,0.499,0,3425848,193508,163760,4169280,15892.796,8272.962,7.989,503.328,1.997,62.916,2491,2652,2.020,1.740,0.990,1,0,0,0,0,14,137,0,25,0
16-01 12:51:51,27.337,5.016,64.455,1.254,0.251,3409928,209148,163760,4169560,8641.524,2869.138,0,3350.672,0,358.141,8027,11801,1.940,1.720,0.990,2,0,11.035,0,0,14,137,0,27,0
16-01 12:51:52,20.212,5.490,72.863,0.250,0,3467816,151252,163760,4169568,9639.895,1710.787,0,527.010,0,32.938,2381,1722,1.940,1.720,0.990,1,0,43.918,0,0,14,137,0,27,0
16-01 12:51:53,15.291,2.256,82.221,0.251,0,3463708,155352,163760,4169576,18805.620,11697.487,0,741.997,0,39.105,2254,2070,1.940,1.720,0.990,1,1,1.003,0,0,14,138,0,27,0
16-01 12:51:54,25.753,6.751,64.258,0.500,0,3460988,158012,163764,4169632,6633.876,1620.214,0,1808.239,0,188.025,8839,13406,1.940,1.720,0.990,2,0,1.000,0,0,14,140,0,27,0
16-01 12:51:55,29.418,6.731,62.575,0.997,0,3436420,182388,163768,4169836,11414.990,2478.051,0,2828.069,0,327.083,5907,6868,1.940,1.720,0.990,1,0,68.807,0,0,14,139,0,28,0
16-01 12:51:56,18.773,2.753,78.096,0,0,3455888,162912,163768,4169844,15890.560,8038.895,0,436.537,0,22.027,1879,1436,1.870,1.710,0.990,1,0,0,0,0,14,141,0,28,0
16-01 12:51:57,15.488,9.492,72.192,1.249,0,3419984,198740,163768,4169920,13465.144,4680.227,27.977,5591.492,2.998,427.655,5569,6250,1.870,1.710,0.990,1,0,146.882,0,0,14,139,0,29,0
16-01 12:51:58,20.991,3.498,74.717,0,0,3457536,161184,163768,4169924,8683.111,3588.393,0,467.790,0,28.987,1995,1506,1.870,1.710,0.990,0,0,0,0,0,14,142,0,29,0
16-01 12:51:59,16.504,2.251,80.271,0.500,0,3451612,167096,163768,4169936,19836.071,11155.852,0,972.249,0,50.013,2686,2751,1.870,1.710,0.990,2,0,0,0,0,14,142,0,29,0
16-01 12:52:00,27.497,5.749,64.244,0.500,0,3449448,169188,163768,4170008,7851.279,1619.851,0,1579.855,0,159.985,8394,13435,1.870,1.710,0.990,1,0,1.000,0,0,14,144,0,29,0
16-01 12:52:01,34.494,8.249,54.991,0.250,0,3446448,172024,163772,4170136,8229.637,3209.468,31.995,895.852,2.000,82.986,11109,18213,1.800,1.700,0.990,2,0,3.999,0,0,14,143,0,30,0
16-01 12:52:02,37.004,14.001,48.255,0.250,0,3389640,228592,163772,4170352,5833.622,1948.208,0,1168.125,0,104.011,7169,9494,1.800,1.700,0.990,1,0,286.030,0,0,14,143,0,30,0
16-01 12:52:03,19.500,2.250,77.502,0.250,0,3427900,190328,163772,4170356,14935.378,7520.190,0,604.015,0,22.001,1905,1430,1.800,1.700,0.990,1,0,0,0,0,14,144,0,30,0
16-01 12:52:04,14.510,13.760,70.799,0.250,0,3402944,215240,163772,4170384,7544.260,3410.378,0,712.497,0,33.023,4776,3815,1.800,1.700,0.990,1,0,254.177,0,0,14,143,0,31,0
16-01 12:52:05,9.519,20.792,68.637,0,0,3378680,239468,163776,4170416,9014.040,1623.249,0,464.930,0,36.072,5998,4572,1.800,1.700,0.990,1,0,378.758,0,0,14,143,0,31,0
16-01 12:52:06,23.503,15.002,60.007,0.250,0,3380360,237780,163780,4170436,6944.786,1458.165,0,2088.236,0,126.014,6894,8791,1.730,1.690,0.990,3,0,228.026,0,0,14,143,0,31,0
16-01 12:52:07,31.931,21.703,45.402,0,0,3448988,169104,163780,4170484,8732.193,1616.518,0,251.458,0,21.953,6634,5358,1.730,1.690,0.990,4,0,498.925,0,0,14,143,0,31,0
16-01 12:52:08,31.985,16.992,49.227,0.500,0,3488740,128920,163792,4171360,10701.894,1689.194,0,4106.041,0,396.811,8454,10109,1.730,1.690,0.990,2,0,301.856,0,0,14,149,0,31,0
16-01 12:52:09,50.959,22.732,25.230,0.250,0,3584036,154136,163800,4053844,7879.629,1618.691,11.990,7198.180,2.998,781.368,9213,11218,1.730,1.690,0.990,6,0,473.617,0,0,16,151,0,31,0
16-01 12:52:10,55.712,25.597,18.822,0,0,3710812,138336,163596,3945648,6281.870,1626.179,4.015,357.358,1.004,27.103,7139,8206,1.730,1.690,0.990,4,0,432.644,0,0,16,155,0,31,0
16-01 12:52:11,48.966,21.235,28.480,0,0,3785568,142148,163568,3867108,9468.370,1618.866,7.994,375.737,1.999,22.984,8886,13099,1.910,1.720,1.010,2,0,382.732,0,0,16,171,0,31,0
16-01 12:52:12,37.266,22.510,39.768,0,0,3835904,147048,163568,3812644,7984.530,1710.756,0,316.140,0,13.006,7246,5510,1.910,1.720,1.010,2,0,534.236,0,0,16,171,0,31,0
16-01 12:52:13,21.254,18.003,60.010,0.250,0,3858084,168632,163572,3769580,9694.623,1620.271,4.001,356.060,1.000,27.005,6444,6946,1.910,1.720,1.010,1,0,316.053,0,0,17,171,0,31,2
16-01 12:52:14,26.752,18.501,53.504,0,0,3889300,189460,163340,3718660,6859.464,1620.110,8.001,168.011,2.000,13.001,6776,6837,1.910,1.720,1.010,3,0,400.027,0,0,17,171,0,31,2
16-01 12:52:15,35.749,21.499,41.748,0,0,3959084,173476,163340,3666532,44751.248,1619.937,8.000,415.984,2.000,32.999,7167,6941,1.910,1.720,1.010,3,0,381.985,0,0,17,171,0,31,2
16-01 12:52:16,42.756,20.753,35.255,0.250,0,4058164,127172,163356,3614668,6864.007,1458.214,168.025,532.078,5.001,31.005,8313,11343,1.920,1.730,1.020,3,0,344.050,0,0,17,183,0,31,2
16-01 12:52:17,31.000,26.250,41.751,0.250,0,4134708,146000,163356,3521360,42150.674,1690.027,16.000,220.004,1.000,17.000,7135,6064,1.920,1.730,1.020,3,0,637.010,0,0,17,185,0,31,0
16-01 12:52:18,23.748,24.248,50.995,0,0,4185804,143692,163356,3473752,8865.088,1619.833,15.998,731.925,4.000,58.994,8222,10407,1.920,1.730,1.020,3,0,507.948,0,0,17,197,0,31,0
16-01 12:52:19,17.429,17.429,63.490,0.498,0,4203360,126120,163356,3474240,7893.687,1613.396,0,505.929,0,25.894,7068,8327,1.920,1.730,1.020,2,0,293.797,0,0,17,197,0,31,0
16-01 12:52:20,34.743,10.998,52.489,1.000,0,4278792,123620,163356,3402240,7264.432,1619.650,135.971,2603.438,2.999,38.992,4106,3398,1.920,1.730,1.020,2,0,116.975,0,0,17,197,0,29,0
16-01 12:52:21,46.282,7.505,44.030,0.751,0,4393636,133792,163356,3279872,10777.353,1663.135,416.284,432.295,8.005,57.039,3784,2944,2.090,1.770,1.030,2,0,10.007,0,0,17,213,0,29,0
16-01 12:52:22,37.992,6.249,54.739,0.750,0,4454168,164392,163356,3189824,10751.812,1709.652,123.975,271.945,8.998,11.998,3304,2263,2.090,1.770,1.030,2,0,6.999,0,0,17,218,0,29,0
16-01 12:52:23,32.579,24.810,39.596,1.504,0,4404452,212356,163364,3191568,8923.648,1623.940,950.305,561.362,13.032,48.117,8192,9725,2.090,1.770,1.030,5,0,547.328,0,0,17,219,0,29,0
16-01 12:52:24,33.174,24.693,40.656,0,0,4444724,171504,163364,3192620,17573.499,9230.726,87.798,434.997,2.993,32.924,7630,8048,2.090,1.770,1.030,1,0,496.855,0,0,17,222,0,23,0
16-01 12:52:25,55.884,17.713,23.202,2.245,0,4490196,123264,163380,3195288,8830.613,2519.754,1189.523,1125.656,22.952,30.936,7217,7887,2.090,1.770,1.030,3,0,229.522,0,0,17,228,0,24,0
16-01 12:52:26,68.711,13.992,13.992,3.498,0,4622696,157384,163388,3032064,14626.718,7339.844,1243.296,2226.739,30.982,119.932,5346,4693,2.160,1.790,1.040,5,0,28.984,0,0,17,235,0,24,0
16-01 12:52:27,50.310,9.056,21.885,17.357,0,4616476,198564,163416,2998180,14400.743,6856.251,4069.075,2547.700,238.470,112.694,5757,5685,2.160,1.790,1.040,3,0,18.112,0,0,17,240,0,25,0
16-01 12:52:28,57.700,14.737,18.234,8.742,0,4668696,139104,163484,3005304,5855.880,1660.548,2685.652,1558.637,247.783,114.900,6982,8752,2.160,1.790,1.040,2,0,131.885,0,0,17,241,0,23,0
16-01 12:52:29,28.490,24.991,45.484,0,0,4673548,168060,163488,2973184,19543.957,11734.771,43.984,8984.762,3.999,51.981,7807,8503,2.160,1.790,1.040,2,0,515.814,0,0,17,242,0,23,0
16-01 12:52:30,44.500,19.000,35.000,0.750,0,4662952,177700,163488,2974092,9451.095,2413.024,32.000,13552.137,1.000,982.010,8350,8250,2.160,1.790,1.040,5,0,242.002,0,0,17,241,0,24,0
16-01 12:52:31,52.819,26.284,19.776,0.250,0,4762412,152600,163488,2901128,16568.583,9687.620,212.277,480.626,5.007,39.051,7195,7490,2.070,1.780,1.040,2,0,528.689,0,0,17,246,0,24,0
16-01 12:52:32,59.271,19.923,19.176,0.996,0,4763568,189880,163508,2864060,11322.234,4525.507,1091.780,932.396,50.804,52.796,9290,14578,2.070,1.780,1.040,9,0,234.095,0,0,17,247,0,27,0
16-01 12:52:33,56.555,25.775,18.268,0,0,4863888,121132,163512,2833280,11557.250,7511.311,64.062,780.760,6.006,44.043,7182,8030,2.070,1.780,1.040,4,1,516.503,0,0,17,252,0,27,0
16-01 12:52:34,54.644,23.061,19.301,1.755,0,4847932,194916,163520,2777372,14052.150,6663.617,685.813,1070.831,38.101,81.215,9289,14956,2.070,1.780,1.040,2,0,294.779,0,0,17,259,0,29,0
16-01 12:52:35,61.060,19.190,18.443,0.498,0,4969128,146216,163528,2705164,9015.924,3578.855,442.622,386.796,6.978,18.941,6215,10304,2.070,1.780,1.040,4,0,187.416,0,0,17,260,0,29,0
16-01 12:52:36,57.856,8.766,32.059,0.751,0,4974568,201860,163532,2644952,24210.336,16382.000,544.998,3454.326,15.028,54.099,5654,9563,2.140,1.800,1.050,4,0,6.011,0,0,17,262,0,31,0
16-01 12:52:37,55.234,11.497,25.243,6.498,0,5099352,144668,163532,2579180,9749.211,4055.840,1751.499,703.799,94.973,58.983,6339,7456,2.140,1.800,1.050,3,0,15.995,0,0,17,270,0,35,0
16-01 12:52:38,53.341,15.777,30.051,0.250,0,4996816,247068,163560,2579288,19919.029,13258.651,621.061,801.369,13.022,61.104,6659,5908,2.140,1.800,1.050,6,0,300.513,0,0,17,271,0,37,0
16-01 12:52:39,45.936,29.959,19.972,3.495,0,5079384,160152,163828,2583316,7344.843,1617.763,4665.548,1664.698,75.895,88.877,8870,11025,2.140,1.800,1.050,4,0,497.312,0,0,17,271,0,37,0
16-01 12:52:40,49.315,17.023,30.791,1.252,0,5099776,139612,163844,2583828,15057.910,11611.353,524.694,2907.845,7.009,211.279,6806,8986,2.140,1.800,1.050,3,2,185.245,0,0,18,272,0,34,0
16-01 12:52:41,80.378,17.170,0.995,1.244,0,5135164,129892,163844,2558648,7205.634,2541.233,1341.787,740.571,59.723,47.779,6218,5105,2.450,1.870,1.080,6,0,156.276,0,0,18,278,0,35,0
16-01 12:52:42,76.062,12.268,5.398,5.643,0.245,5268012,151360,163572,2408524,14673.537,7207.709,3513.562,2104.211,206.103,185.493,7382,7464,2.450,1.870,1.080,5,0,9.814,0,0,18,279,0,38,0
16-01 12:52:43,71.870,14.579,13.044,0.767,0,5280260,168856,163596,2379608,12574.445,6802.334,1231.766,1735.112,34.784,129.929,7396,8483,2.450,1.870,1.080,3,0,132.998,0,0,18,282,0,41,0
16-01 12:52:44,46.307,12.946,39.834,0.498,0.249,5343304,136864,163600,2349508,10835.879,4885.656,744.898,521.827,16.930,29.876,5284,14686,2.450,1.870,1.080,1,0,141.411,0,0,18,288,0,39,0
16-01 12:52:45,33.789,7.759,55.814,0.751,0,5307324,172612,163608,2349732,68049.909,13594.564,824.944,604.692,11.013,50.057,4567,4448,2.450,1.870,1.080,2,0,14.016,0,0,18,291,0,40,1
16-01 12:52:46,46.882,9.276,42.370,0,0,5344236,126684,163608,2358748,9501330.560,65871.959,513.449,421.189,4.011,26.074,6710,3652,2.500,1.880,1.090,4,0,7.020,0,0,18,290,0,40,0
16-01 12:52:47,32.128,13.947,51.803,1.245,0,5337672,149712,163612,2343312,7116757.266,46272.883,2797.353,657.498,31.879,54.791,7389,5708,2.500,1.880,1.090,1,0,261.007,0,0,18,294,0,40,0
16-01 12:52:48,42.952,8.540,47.975,0,0,5346200,169372,163612,2316192,9170.096,2984.024,0,542.550,0,46.217,3861,3086,2.500,1.880,1.090,4,0,6.028,0,0,18,295,1,41,0
16-01 12:52:49,32.871,3.984,61.509,0.249,0,5367284,148244,163612,2316240,22296.476,18203.543,7.969,458.201,1.992,42.832,4055,4548,2.500,1.880,1.090,1,0,0,0,0,18,302,0,38,0
16-01 12:52:50,14.240,4.747,77.697,0.500,0,5326432,188508,163612,2316828,318208.175,12782389.994,551.622,9461.523,31.978,102.930,5426,4974,2.500,1.880,1.090,0,0,37.974,0,0,18,299,0,40,0
16-01 12:52:51,1.750,0.750,94.734,1.000,0,5319280,195660,163612,2316828,111936.910,3622066.282,0,14529.522,0,1159.802,2837,1952,2.300,1.850,1.080,1,0,1.000,0,0,18,299,0,40,0
16-01 12:52:52,2.009,0.753,95.413,0.753,0,5316864,198064,163616,2316832,8471.673,1612.982,0,2603.269,0,102.443,1658,2198,2.300,1.850,1.080,0,0,0,0,0,18,299,0,40,0
16-01 12:52:53,15.225,2.246,80.617,0.250,0,5318492,196408,163624,2316852,7902662.920,30593.603,3.993,742.776,0.998,82.863,5771,6373,2.300,1.850,1.080,1,0,3.993,0,0,18,309,0,38,0
16-01 12:52:54,17.005,11.003,69.271,1.250,0,5270332,228264,163628,2333120,8609017.970,71566.273,64.019,2064.614,4.001,143.043,8097,8264,2.300,1.850,1.080,3,0,180.054,0,0,18,305,0,41,0
16-01 12:52:55,16.528,12.271,70.871,0.501,0,5286928,211628,163628,2333160,10205.411,1622.768,12.021,1995.404,1.002,23.039,4578,4280,2.300,1.850,1.080,2,0,286.489,0,0,18,305,0,41,0
16-01 12:52:56,17.684,8.967,71.235,0,0,5277712,220820,163628,2333184,5779.468,1613.987,0,16331.157,0,59.777,3708,3023,2.190,1.840,1.080,2,0,139.480,0,0,18,305,0,41,0
16-01 12:52:57,9.025,19.555,69.446,1.755,0,5269820,228648,163628,2333248,8142.975,1624.584,16.045,1395.939,1.003,88.249,6527,5704,2.190,1.840,1.080,2,0,424.197,0,0,18,309,0,40,0
16-01 12:52:58,2.990,5.482,89.451,0.249,0,5272564,225880,163628,2333272,7442.127,1614.604,15.947,143.520,0.997,13.953,2590,2690,2.190,1.840,1.080,0,0,107.640,0,0,18,309,0,40,0
16-01 12:52:59,16.516,4.004,78.326,0,0,5301544,196900,163628,2333272,5458.263,1567.511,0,52.050,0,4.004,2090,1952,2.190,1.840,1.080,2,0,9.009,0,0,18,309,0,40,0
16-01 12:53:00,18.811,2.508,77.754,0,0,5312336,186092,163628,2333288,17028.519,9599.297,0,200.654,0,27.088,2514,2325,2.190,1.840,1.080,2,0,0,0,0,18,310,0,40,0
16-01 12:53:01,14.203,14.203,70.267,0.498,0,5295128,203164,163632,2333424,7339.711,2503.715,75.749,199.340,6.977,0.997,5088,4120,2.100,1.820,1.080,1,0,192.363,0,0,18,313,0,40,0
16-01 12:53:02,11.998,16.248,70.490,0,0,5277396,220560,163632,2333712,9029.761,1619.778,3.999,0,1.000,0,5522,4144,2.100,1.820,1.080,3,0,206.972,0,0,18,313,0,40,0
16-01 12:53:03,14.466,14.466,69.089,0.249,0,5293228,204444,163636,2333976,8727.700,1616.241,51.879,546.728,2.993,43.898,5467,4755,2.100,1.820,1.080,3,0,202.529,0,0,18,315,0,40,0
16-01 12:53:04,23.550,4.259,70.900,0.251,0,5353048,144620,163636,2333980,5949.548,1623.424,0,312.659,0,34.072,2574,2342,2.100,1.820,1.080,1,0,2.004,0,0,18,317,0,40,0
16-01 12:53:05,23.487,2.998,71.710,0.750,0,5397352,131012,163636,2304700,8784.150,1689.067,399.779,303.832,13.992,30.983,2746,2565,2.100,1.820,1.080,1,0,3.998,0,0,18,321,0,38,0
16-01 12:53:06,23.008,3.251,71.523,0.750,0,5344948,183380,163636,2304736,8940.922,1620.530,20.007,500.163,4.001,29.009,2504,2134,2.090,1.830,1.090,2,0,5.002,0,0,18,317,0,38,0
16-01 12:53:07,24.001,3.500,71.503,0,0,5379440,148884,163636,2304740,9786.428,1566.069,4.000,116.005,1.000,13.001,2477,2175,2.090,1.830,1.090,1,0,0,0,0,18,317,0,38,0
16-01 12:53:08,14.798,3.261,81.515,0,0,5404880,123432,163636,2304752,16171.614,11099.111,0,112.366,0,13.042,2383,2307,2.090,1.830,1.090,2,0,4.013,0,0,18,320,0,39,0
16-01 12:53:09,19.500,4.750,74.500,0,0,5305288,222996,163636,2304780,18394.929,11187.957,16.000,287.999,1.000,25.000,2978,2971,2.090,1.830,1.090,1,0,17.000,0,0,18,317,0,40,0
16-01 12:53:10,24.171,2.492,72.264,0,0,5349384,178892,163636,2304788,7413.813,1507.083,0,143.532,0,9.967,2315,1877,2.090,1.830,1.090,1,0,0,0,0,18,317,0,40,0
16-01 12:53:11,17.545,9.274,71.933,0.251,0,5328452,199664,163644,2304940,5793.759,1624.137,397.011,1467.739,6.015,107.273,4020,3119,2,1.810,1.090,1,0,152.388,0,0,18,317,0,40,0
16-01 12:53:12,11.009,17.264,69.308,1.001,0,5319516,208444,163644,2305096,9410.818,1621.347,52.043,92.076,5.004,4.003,5670,4580,2,1.810,1.090,1,0,345.287,0,0,18,317,0,40,0
16-01 12:53:13,20.433,7.725,70.270,0.997,0,5338752,188984,163788,2305180,8353.611,1614.706,175.425,498.366,7.974,35.882,3673,3321,2,1.810,1.090,1,0,103.660,0,0,18,317,0,40,0
16-01 12:53:14,19.497,1.750,77.239,0,0,5338008,188508,163812,2306376,13988.964,3790.448,3.999,271.960,1.000,11.998,2197,1938,2,1.810,1.090,1,0,15.998,0,0,18,318,0,40,0
16-01 12:53:15,23.495,3.499,71.984,0.250,0,5316280,204212,164368,2311700,43359.246,1793.597,0,1003.774,0,16.996,2469,2016,2,1.810,1.090,1,0,2.999,0,0,18,317,0,40,0
16-01 12:53:16,18.186,2.491,77.727,0,0,5320588,195672,164468,2315816,14522.068,4547.052,3.986,16219.116,0.997,38.864,2339,2027,1.840,1.780,1.080,1,0,18.934,0,0,18,318,0,40,0
16-01 12:53:17,24.944,7.055,67.273,0.504,0,5328228,185468,164668,2318036,43706.781,1808.056,84.658,4277.252,6.047,450.502,11726,19030,1.840,1.780,1.080,1,0,19.149,0,0,18,317,0,40,0
16-01 12:53:18,18.465,3.743,75.356,0.499,0,5302212,211024,164740,2318424,14779.735,4434.519,23.954,519.007,3.992,12.975,10310,18712,1.840,1.780,1.080,3,0,4.990,0,0,18,318,0,40,0
16-01 12:53:19,21.217,5.991,71.637,0,0,5310848,202248,164788,2318516,5440.448,1617.457,3.994,495.222,0.998,22.964,3008,2986,1.840,1.780,1.080,3,0,14.976,0,0,18,318,0,40,0
16-01 12:53:20,14.299,13.547,70.493,0.251,0,5275640,249028,164928,2306948,7155.658,1800.204,12.041,557.923,3.010,24.083,4913,4097,1.840,1.780,1.080,1,0,265.916,0,0,18,317,0,40,0
16-01 12:53:21,22.918,3.488,72.242,0,0,5330164,194504,164928,2306948,9889.690,1614.236,0,7.972,0,1.993,2316,1761,1.770,1.770,1.080,1,0,0.996,0,0,18,317,0,40,0
16-01 12:53:22,18.249,2.750,77.994,0,0,5343280,181160,164928,2307176,19972.421,11954.055,31.997,0,2.000,0,2443,2176,1.770,1.770,1.080,1,0,0,0,0,18,317,0,43,0
16-01 12:53:23,19.962,9.232,69.617,0.250,0,5366676,157736,164928,2307204,8296.121,1616.905,111.786,1034.021,3.992,51.901,4054,3857,1.770,1.770,1.080,3,0,112.784,0,0,18,319,0,43,0
16-01 12:53:24,21.535,2.754,74.371,0.250,0,5387716,136368,164928,2307532,13495.873,7817.670,104.169,292.474,5.008,31.050,2944,2908,1.770,1.770,1.080,0,0,1.002,0,0,18,320,0,43,0
16-01 12:53:25,22.249,7.750,68.247,0,0,5370480,153464,164928,2307672,13472.411,3966.827,0,155.993,0,10.000,4332,5801,1.770,1.770,1.080,1,0,70.997,0,0,18,319,0,43,0
16-01 12:53:26,22.062,2.507,74.710,0,0,5390788,133116,164928,2307712,15226.727,9472.581,32.090,184.518,2.006,14.039,2961,2778,1.710,1.760,1.080,1,0,1.003,0,0,18,323,0,43,0
16-01 12:53:27,22.429,6.230,69.530,0.249,0,5389632,134164,164928,2307788,10880.542,6724.703,0,334.939,0,29.905,3551,3352,1.710,1.760,1.080,1,0,55.823,0,0,18,321,0,44,0
16-01 12:53:28,19.252,2.750,77.260,0,0,5370988,182920,164928,2278608,17867.236,10312.290,0,200.025,0,9.001,2214,1907,1.710,1.760,1.080,0,0,0,0,0,18,322,0,45,0
16-01 12:53:29,20.510,6.253,72.285,0,0,5336524,217376,164928,2278616,9178.489,3219.574,0,124.061,0,8.004,2820,2543,1.710,1.760,1.080,1,0,32.016,0,0,18,321,0,47,0
16-01 12:53:30,18.744,1.999,78.225,0,0,5351812,202068,164928,2278636,14339.471,9430.021,0,111.965,0,7.997,2267,2002,1.710,1.760,1.080,1,0,0,0,0,18,322,0,41,0
16-01 12:53:31,16.750,5.000,76.248,0.250,0,5330880,222952,164928,2278684,11935.756,4786.902,31.999,331.993,2.000,33.999,3203,3451,1.650,1.740,1.080,1,0,47.999,0,0,18,321,0,42,0
16-01 12:53:32,20.245,2.000,76.732,0,0,5362416,191412,164928,2278688,12927.920,7342.251,0,191.954,0,8.998,2234,2070,1.650,1.740,1.080,1,0,0,0,0,18,322,0,42,0
16-01 12:53:33,21.085,5.773,72.541,0.251,0,5364788,188968,164928,2278760,13347.577,6113.540,48.193,570.289,3.012,42.169,3292,3200,1.650,1.740,1.080,1,0,32.129,0,0,18,321,0,46,0
16-01 12:53:34,19.931,3.239,75.489,0,0,5395388,158360,164928,2278768,15127.676,7211.058,0,195.324,0,19.931,2588,2462,1.650,1.740,1.080,1,0,0,0,0,18,322,0,43,0
16-01 12:53:35,14.784,6.014,78.433,0.251,0,5349628,204096,164928,2278792,10734.027,6827.920,0,332.776,0,35.082,3353,3346,1.650,1.740,1.080,1,0,88.206,0,0,18,321,0,44,0
16-01 12:53:36,22.940,3.989,71.312,0,0,5379884,173840,164928,2278792,8945.449,1615.746,0,243.359,0,18.950,2430,2045,1.680,1.750,1.090,1,0,0,0,0,18,323,0,44,0
16-01 12:53:37,18.000,4.000,76.750,0.250,0,5351148,202424,164928,2278944,31480.129,23922.098,0,352.001,0,17.000,2998,2670,1.680,1.750,1.090,2,0,47.000,0,0,18,323,0,46,0
16-01 12:53:38,23.168,4.484,70.750,0.747,0,5394684,158884,164928,2278948,7901.073,1614.294,3.986,2283.927,0.996,360.725,3016,2175,1.680,1.750,1.090,1,1,0.996,0,0,18,323,0,37,0
16-01 12:53:39,18.294,3.508,77.436,0,0,5361404,191944,164928,2279168,18511.422,10512.226,208.500,441.058,13.031,38.091,3224,3217,1.680,1.750,1.090,1,0,15.036,0,0,18,323,0,39,0
16-01 12:53:40,23.275,4.004,72.577,0.250,0,5376568,176764,164928,2279168,7264.703,2236.371,0,116.123,0,8.008,2291,1959,1.680,1.750,1.090,0,0,0,0,0,18,324,0,39,0
16-01 12:53:41,18.004,3.751,74.768,1.000,0,5371312,180448,164928,2280740,15561.765,7515.819,1504.364,1232.298,49.012,148.036,4857,6423,1.630,1.740,1.090,5,0,3.001,0,0,18,326,0,39,0
16-01 12:53:42,23.996,4.499,70.239,0.500,0,5341060,210652,164932,2280800,8881.596,2859.548,35.994,5023.206,2.000,333.947,3892,4466,1.630,1.740,1.090,1,0,4.999,0,0,18,325,0,35,0
16-01 12:53:43,19.253,3.001,76.763,0.250,0,5356428,195272,164932,2280812,12943.157,9104.518,0,364.061,0,29.005,2655,2584,1.630,1.740,1.090,1,0,0,0,0,18,326,0,35,0
16-01 12:53:44,23.340,9.035,65.250,0.502,0,5304776,246820,164940,2280908,14484.576,4886.750,48.185,1292.961,2.008,118.454,6257,15381,1.630,1.740,1.090,3,0,120.462,0,0,18,325,0,37,0
16-01 12:53:45,8.752,23.504,66.762,0.250,0,5310128,241432,164940,2280944,41939.840,1620.303,0,716.134,0,56.010,7294,6423,1.630,1.740,1.090,1,0,606.113,0,0,18,325,0,37,0
16-01 12:53:46,8.242,23.228,66.938,0.500,0,5301804,249720,164944,2280976,10676.087,1618.497,0,2014.130,0,123.885,7335,6555,1.580,1.720,1.090,1,0,603.440,0,0,18,325,0,31,0
16-01 12:53:47,9.500,22.500,66.749,0,0,5295328,256160,164944,2281012,41880.254,1619.971,0,295.995,0,29.999,7420,6744,1.580,1.720,1.090,2,0,657.988,0,0,18,325,0,31,0
16-01 12:53:48,8.993,22.481,67.694,0,0,5293484,257968,164944,2281048,8832.705,1618.663,0,119.901,0,15.987,7155,6255,1.580,1.720,1.090,1,0,629.480,0,0,18,325,0,31,0
16-01 12:53:49,8.762,22.530,68.089,0,0,5295692,255732,164944,2281076,7528.895,1622.132,0,44.058,0,11.014,6919,6030,1.580,1.720,1.090,1,0,558.734,0,0,18,325,0,31,0
16-01 12:53:50,7.004,22.263,68.291,0,0,5289620,261744,164944,2281136,5964.589,1566.943,16.010,44.026,1.001,9.005,6752,5728,1.580,1.720,1.090,1,0,531.320,0,0,18,325,0,27,0
16-01 12:53:51,16.433,8.715,71.460,2.490,0,5285488,379196,165000,2179748,6287.458,1559.664,1067.663,2191.099,124.494,7.968,3224,2875,1.530,1.710,1.090,1,0,59.757,0,0,18,325,0,27,0
16-01 12:53:52,23.328,4.013,71.488,0.753,0,5295956,358120,165236,2190128,9558.845,1665.549,48.160,3455.512,8.027,44.147,2852,2618,1.530,1.710,1.090,1,0,16.053,0,0,18,325,0,27,0
16-01 12:53:53,14.455,1.495,80.247,2.243,0,5298300,355124,165304,2190708,20209.387,7672.848,207.347,1112.498,20.934,47.849,2344,2339,1.530,1.710,1.090,3,0,1.994,0,0,18,326,0,27,0
16-01 12:53:54,13.489,1.998,79.184,3.497,0,5308656,343784,165392,2191600,22194.600,10183.558,755.374,2881.611,50.958,355.705,2951,2702,1.530,1.710,1.090,1,0,0.999,0,0,18,326,0,24,0
16-01 12:53:55,13.256,1.000,82.787,2.001,0,5317204,334236,165496,2192488,21709.579,11605.121,468.207,1412.623,48.021,48.021,2151,2102,1.530,1.710,1.090,0,0,0,0,0,18,326,0,24,0
16-01 12:53:56,17.243,1.749,78.718,1.499,0,5340136,310072,165560,2193652,19557.066,7886.801,1059.570,911.630,43.982,34.986,2206,1889,1.490,1.700,1.080,2,0,0,0,0,18,326,0,24,0
16-01 12:53:57,12.258,1.001,84.304,0.500,0,5339416,310072,165640,2194288,18291.650,8574.461,480.306,976.622,32.020,40.025,2025,2081,1.490,1.700,1.080,2,0,0,0,0,18,326,0,24,0
16-01 12:53:58,23.581,4.516,70.241,1.254,0.251,5396276,251876,165736,2195520,20134.123,11691.137,1143.927,1151.955,52.179,40.138,2836,2283,1.490,1.700,1.080,1,0,5.017,0,0,18,326,0,24,0
16-01 12:53:59,34.580,6.717,50.502,7.712,0,5411552,202072,165780,2230004,7832.606,2352.469,15655.261,688.624,157.229,29.854,3589,2439,1.490,1.700,1.080,2,0,6.966,0,0,18,326,0,24,0
16-01 12:54:00,25.026,3.754,70.072,0.250,0,5413440,185964,165780,2244200,8973.254,1513.561,256.264,1161.198,2.002,36.037,2739,2196,1.490,1.700,1.080,1,0,1.001,0,0,18,326,0,24,0
16-01 12:54:01,25.262,2.001,71.784,0.250,0,5405504,177692,165832,2260176,7435.508,1620.765,0,1772.837,0,37.017,2670,2345,1.450,1.690,1.080,1,0,1.000,0,0,18,326,0,24,0
16-01 12:54:02,23.238,3.248,71.212,0.750,0,5411128,149672,165928,2282256,9123.123,1619.134,31.983,2862.470,0.999,144.923,2981,3113,1.450,1.690,1.080,1,0,0,0,0,18,326,0,23,0
16-01 12:54:03,23.507,3.001,71.521,0.750,0,5405164,129400,165932,2308172,8782.558,1620.472,0,2896.844,0,124.036,3039,3013,1.450,1.690,1.080,1,0,0,0,0,18,326,0,23,0
16-01 12:54:04,24.243,2.999,70.979,0.750,0,5404580,136124,165932,2301736,9462.151,1793.460,3.999,2679.193,1.000,97.971,2951,2803,1.450,1.690,1.080,2,0,0,0,0,18,325,0,23,0
16-01 12:54:05,23.759,3.501,72.276,0,0,5335152,205492,165932,2301712,7277.642,1620.588,0,452.164,0,6.002,2561,2090,1.450,1.690,1.080,1,0,19.007,0,0,18,325,0,23,0
16-01 12:54:06,18.744,2.999,77.225,0,0,5334724,200100,165964,2307500,13594.579,3897.733,0,1275.585,0,9.997,2227,1985,1.330,1.660,1.080,1,0,16.994,0,0,18,325,0,23,0
16-01 12:54:07,18.750,2.750,77.248,0,0.250,5342220,191872,165964,2308232,14357.652,3717.910,0,375.991,0,3.000,2338,2058,1.330,1.660,1.080,1,0,18.000,0,0,18,326,0,23,0
16-01 12:54:08,24.091,4.015,70.013,0.251,0,5342116,184984,165972,2314332,8280.132,2540.552,0,931.502,0,16.060,10552,19124,1.330,1.660,1.080,2,0,12.045,0,0,18,325,0,23,0
16-01 12:54:09,24.501,5.750,67.503,0,0,5341780,184732,165996,2314816,8082.356,1620.071,0,2216.098,0,41.002,10212,18730,1.330,1.660,1.080,1,0,14.001,0,0,18,325,0,23,0
16-01 12:54:10,21.672,5.231,72.241,0.249,0,5315632,224368,166012,2301968,10893.960,1614.215,3.986,1510.587,0.996,208.254,2811,2237,1.330,1.660,1.080,2,0,10.961,0,0,18,325,0,23,0
16-01 12:54:11,23.259,5.252,69.527,0,0,5312664,227440,166012,2301960,8767.459,1690.667,0,804.317,0,10.004,7111,11427,1.310,1.650,1.080,3,0,55.022,0,0,18,325,0,21,0
16-01 12:54:12,23.745,4.499,70.234,0,0,5365940,174140,166012,2301984,9732.755,1619.626,0,651.850,0,30.993,6221,10151,1.310,1.650,1.080,2,0,19.995,0,0,18,325,0,21,0
16-01 12:54:13,18.739,3.498,76.207,0.250,0,5357680,176260,166012,2308292,14977.535,3962.760,0,7923.522,0,426.759,3390,2759,1.310,1.650,1.080,2,0,18.989,0,0,18,325,0,21,0
16-01 12:54:14,16.754,3.001,78.767,0.250,0,5357608,176104,166012,2308520,15655.436,4618.013,0,680.149,0,17.004,2310,2168,1.310,1.650,1.080,1,0,18.004,0,0,18,326,0,21,0
16-01 12:54:15,25.065,5.013,68.177,0.501,0,5354968,171676,166012,2314744,44624.171,1798.683,0,1319.435,0,41.107,10698,19223,1.310,1.650,1.080,1,0,14.037,0,0,18,325,0,21,0
16-01 12:54:16,22.699,6.486,68.348,0,0,5354004,172316,166012,2315004,6655.168,1454.758,0,407.093,0,4.989,9658,17866,1.280,1.640,1.080,2,0,14.967,0,0,18,325,0,21,0
16-01 12:54:17,21.281,6.509,71.604,0,0,5335352,204728,166048,2301992,42654.698,1622.347,0,472.684,0,13.019,2641,2079,1.280,1.640,1.080,1,0,18.026,0,0,18,325,0,21,0
16-01 12:54:18,23.525,4.254,71.325,0,0,5322224,217836,166048,2302008,9123.601,1621.707,0,220.232,0,3.003,2822,2285,1.280,1.640,1.080,2,0,42.044,0,0,18,325,0,21,0
16-01 12:54:19,21.447,5.486,71.324,0,0,5316860,215896,166048,2309324,7856.606,1616.011,0,1552.168,0,20.948,3157,2856,1.280,1.640,1.080,1,0,71.823,0,0,18,325,0,21,0
16-01 12:54:20,23.254,2.500,72.262,0,0,5318176,211192,166048,2312616,9705.654,2113.360,4.001,0,1.000,0,2430,1997,1.280,1.640,1.080,2,0,16.003,0,0,18,326,0,21,0
16-01 12:54:21,13.497,1.500,83.982,0.500,0,5322572,206660,166048,2312720,23340.995,10085.837,0,1599.657,0,51.989,2127,2357,1.260,1.630,1.080,1,0,1.000,0,0,18,326,0,21,0
16-01 12:54:22,11.497,1.500,84.975,0.750,0,5323032,205600,166048,2313204,51452.898,13416.062,0,1599.531,0,63.981,2390,2740,1.260,1.630,1.080,1,0,0,0,0,18,327,0,21,0
16-01 12:54:23,11.527,2.005,83.946,1.002,0,5328424,199900,166076,2313436,135197.581,12837.967,0,14922.833,0,267.625,2886,3163,1.260,1.630,1.080,3,0,1.002,0,0,18,327,0,18,0
16-01 12:54:24,17.463,1.497,78.833,0.499,0,5344576,183576,166084,2313600,18593.687,8619.775,0,1109.654,0,54.884,2559,2682,1.260,1.630,1.080,0,0,0.998,0,0,18,327,0,18,0
16-01 12:54:25,14.494,1.499,82.468,0.500,0,5346236,181572,166168,2313856,23954.848,11476.615,15.994,1351.484,1.000,56.978,2288,2302,1.260,1.630,1.080,0,0,0,0,0,18,327,0,18,0
16-01 12:54:26,16.064,2.761,80.067,0.753,0,5358384,168572,166348,2314424,312490.282,17001.261,24.095,2622.375,2.008,218.866,4200,5357,1.320,1.630,1.080,1,0,1.004,0,0,18,327,0,18,0
16-01 12:54:27,9.716,1.495,84.704,1.246,0,5366432,159836,166600,2314728,98754.395,15759.009,27.903,2228.225,3.986,100.649,2651,2860,1.320,1.630,1.080,0,0,0,0,0,18,327,0,18,0
16-01 12:54:28,16.506,2.001,80.280,0.750,0.250,5376236,149532,166688,2315072,20013.413,9558.541,104.039,1300.482,6.002,56.021,2474,2512,1.320,1.630,1.080,1,0,0,0,0,18,327,0,18,0
16-01 12:54:29,7.246,1.999,88.203,0.500,0,5368952,136860,166760,2334808,5744074.036,43689.528,0,6340.594,0,47.974,3681,2979,1.320,1.630,1.080,2,0,2.998,0,0,18,327,0,18,0
16-01 12:54:30,9.777,2.507,84.235,1.504,0,5362156,141524,166856,2337616,11881630.504,48930.329,1664.638,12763.562,17.047,64.179,4615,2933,1.320,1.630,1.080,0,0,2.006,0,0,18,327,0,18,0
16-01 12:54:31,20.998,3.750,73.493,1.000,0,5379072,142720,168492,2317676,200779.419,3262.682,0,3595.649,0,102.990,2797,2522,1.290,1.620,1.080,1,0,2.000,0,0,18,327,0,14,0
16-01 12:54:32,23.223,3.995,71.666,0.250,0,5386352,149388,170692,2300264,7852.847,1618.114,11.986,3388.051,2.997,72.915,2852,2734,1.290,1.620,1.080,1,0,0,0,0,18,327,0,14,0
16-01 12:54:33,24.479,4.246,69.440,0.500,0,5371744,147496,171076,2315468,50132.349,1618.591,11.990,64503.835,2.997,260.773,3683,2887,1.290,1.620,1.080,1,0,0,0,0,18,327,0,14,0
16-01 12:54:34,22.741,3.998,71.472,1.000,0,5392224,135760,171284,2306460,9588.206,1457.423,0,2379.059,0,98.961,2951,2681,1.290,1.620,1.080,1,0,0,0,0,18,327,0,14,0
16-01 12:54:35,22.500,4.750,71.500,0.750,0,5389144,124696,171744,2318688,9391.005,1690.001,0,2076.001,0,65.000,2670,2238,1.290,1.620,1.080,1,0,0,0,0,18,327,0,10,0
16-01 12:54:36,25.088,2.760,71.500,0.502,0,5389408,141244,172212,2301452,45477.303,1711.997,0,2412.451,0,207.728,3401,2398,1.350,1.630,1.090,2,0,0,0,0,18,327,0,10,0
16-01 12:54:37,23.669,2.990,71.258,0.249,0,5388804,148960,173508,2292348,6355.380,1614.508,0,1889.572,0,26.908,2550,2221,1.350,1.630,1.090,1,0,0,0,0,18,327,0,10,0
16-01 12:54:38,21.973,3.496,66.669,6.492,0,5381788,126092,174412,2319724,8464.771,1618.045,3.995,29568.268,0.999,283.657,2842,2461,1.350,1.630,1.090,1,0,0,0,0,18,327,0,10,0
16-01 12:54:39,19.280,2.754,76.619,0.751,0,5384620,180680,174956,2261832,34937.164,4302.671,0,2399.720,0,102.158,3026,2998,1.350,1.630,1.090,1,0,2.003,0,0,18,325,0,6,0
16-01 12:54:40,23.481,3.497,71.691,0,0,5325992,239280,174956,2261860,7282.042,1618.676,0,27.977,0,1.998,2514,2057,1.350,1.630,1.090,2,0,18.984,0,0,18,325,0,6,0
16-01 12:54:41,18.494,2.999,77.224,0,0,5343364,216392,175008,2267296,14899.069,4049.660,3.999,1475.512,1.000,10.996,2362,2084,1.240,1.600,1.080,1,0,17.994,0,0,18,325,0,6,0
16-01 12:54:42,22.012,2.751,74.040,0.250,0,5342872,215704,175028,2268396,26117.150,2893.568,16.009,792.429,1.001,21.011,2975,2721,1.240,1.600,1.080,0,0,18.010,0,0,18,326,0,6,0
16-01 12:54:43,22.329,8.530,65.482,2.760,0,5333632,217416,175568,2274340,13191.724,3302.698,8.028,160363.996,2.007,939.327,11119,16935,1.240,1.600,1.080,2,1,6.021,0,0,18,325,0,4,0
16-01 12:54:44,27.166,8.972,57.822,5.732,0,5338680,211740,175632,2274812,13028.802,1615.017,0,18159.971,0,233.280,5185,13881,1.240,1.600,1.080,1,0,44.862,0,0,18,325,0,5,0
16-01 12:54:45,22.489,6.247,68.466,0,0,5332940,217344,175640,2274904,46545.612,1619.186,0,459.769,0,17.991,10008,17490,1.240,1.600,1.080,1,0,11.994,0,0,18,325,0,5,0
16-01 12:54:46,21.312,6.017,71.959,0.251,0,5281648,282504,175680,2261968,8577.884,1624.713,0,806.339,0,36.105,2685,2348,1.220,1.590,1.080,1,0,8.023,0,0,18,325,0,5,0
16-01 12:54:47,21.687,3.988,71.044,1.496,0,5308960,253428,175680,2263736,44077.450,1615.326,227.342,1962.322,2.991,131.619,2878,2529,1.220,1.590,1.080,1,0,4.986,0,0,18,325,0,3,0
16-01 12:54:48,23.013,5.003,69.040,1.001,0,5319520,241084,175680,2265520,11867.850,1620.936,744.430,2409.391,31.018,120.069,5427,7334,1.220,1.590,1.080,1,0,2.001,0,0,18,328,0,7,0
16-01 12:54:49,20.808,11.532,65.934,1.755,0,5292972,266580,175680,2266572,9864.471,1624.524,770.145,3220.970,36.101,326.910,8101,10519,1.220,1.590,1.080,1,0,164.458,0,0,18,327,0,10,0
16-01 12:54:50,12.456,12.955,69.755,2.740,0,5282476,275668,175680,2268012,7000.452,1614.339,1399.094,386.644,53.811,20.927,5118,4314,1.220,1.590,1.080,0,1,275.036,0,0,18,327,0,12,0
16-01 12:54:51,10.505,5.252,71.281,11.505,0,5254748,261728,175808,2309556,9554.186,2173.953,41686.266,4313.890,3448.511,166.073,9758,9682,1.200,1.580,1.080,0,1,17.007,0,0,18,328,0,12,0
16-01 12:54:52,2.999,1.000,91.459,2.999,0,5260364,255428,176084,2309964,13974.663,3741.303,683.690,175.920,170.922,12.994,1878,2604,1.200,1.580,1.080,1,0,0,0,0,18,328,0,12,0
16-01 12:54:53,3.501,1.250,92.514,1.250,0,5260160,255428,176092,2310160,68242.583,3688.572,156.024,5172.802,2.000,433.067,2563,2844,1.200,1.580,1.080,0,0,2.000,0,0,18,328,0,12,0
16-01 12:54:54,4.749,2.749,89.472,1.250,0,5230240,284944,176160,2310500,95993.879,130337.102,343.892,1215.619,14.995,36.988,2394,2891,1.200,1.580,1.080,2,0,11.996,0,0,18,327,0,12,0
16-01 12:54:55,1.500,1.000,96.990,0,0,5229976,285204,176160,2310504,12266.688,1619.827,0,0,0,0,1248,1679,1.200,1.580,1.080,1,0,0,0,0,18,327,0,12,0
16-01 12:54:56,2.000,0.250,95.995,0,0,5223208,291964,176160,2310512,8994.542,1619.918,0,51.997,0,6.000,1272,1723,1.110,1.550,1.070,0,0,0,0,0,18,327,0,12,0
16-01 12:54:57,2.000,1.000,96.002,0.250,0,5221836,293336,176160,2310512,7493.169,1620.037,0,276.006,0,23.001,1250,1841,1.110,1.550,1.070,0,0,0,0,0,18,327,0,12,0
16-01 12:54:58,10.745,3.998,84.209,0.250,0,5255608,259556,176160,2310520,8743.694,1619.203,255.874,31.984,1.999,3.998,1903,1968,1.110,1.550,1.070,1,0,4.998,0,0,18,327,0,12,0
16-01 12:54:59,20.513,5.503,71.795,0,0,5294344,220808,176160,2310532,8767.461,1621.010,768.479,556.347,6.004,54.034,3073,2893,1.110,1.550,1.070,1,0,7.004,0,0,18,327,0,12,0
16-01 12:55:00,2.501,0.750,96.023,0,0,5290560,224588,176160,2310536,6815.666,1620.396,0,0,0,0,1242,1693,1.110,1.550,1.070,0,0,0,0,0,18,327,0,12,0
16-01 12:55:01,2.000,1.500,95.247,0,0.250,5276248,238900,176160,2310536,9248.734,1457.958,0,0,0,0,1374,1787,1.020,1.530,1.070,0,0,4.000,0,0,18,327,0,12,0
16-01 12:55:02,1.250,0.750,97.000,0,0,5270580,244568,176160,2310536,8935.002,1620.000,0,48.000,0,4.000,1160,1661,1.020,1.530,1.070,0,0,0,0,0,18,327,0,12,0
16-01 12:55:03,2.000,0.500,94.985,0.250,0,5265616,249528,176160,2310540,7829.741,1619.739,0,271.956,0,28.995,1455,2079,1.020,1.530,1.070,0,0,0,0,0,18,327,0,12,0
16-01 12:55:04,2.000,0.750,95.741,0.250,0,5259368,255772,176160,2310544,8657.143,1619.840,0,167.983,0,21.998,1428,1938,1.020,1.530,1.070,0,0,0,0,0,18,327,0,12,0
16-01 12:55:05,2.000,0.500,96.489,0,0,5255776,259364,176160,2310544,7052.171,1619.810,0,0,0,0,1132,1584,1.020,1.530,1.070,0,0,0,0,0,18,327,0,12,0
16-01 12:55:06,1.500,0.750,96.764,0,0,5252376,262764,176160,2310544,8931.310,1620.238,0,0,0,0,1170,1664,0.940,1.500,1.060,0,0,0,0,0,18,327,0,12,0
16-01 12:55:07,2.000,0.250,96.245,0,0,5249840,265300,176160,2310544,7721.584,1619.913,0,0,0,0,1242,1758,0.940,1.500,1.060,0,0,0,0,0,18,327,0,12,0
16-01 12:55:08,1.750,1.250,96.527,0,0,5247424,267716,176160,2310544,5865.641,1620.453,0,0,0,0,1181,1635,0.940,1.500,1.060,0,0,0,0,0,18,327,0,12,0
16-01 12:55:09,2.008,1.757,94.368,0.753,0,5234616,280496,176160,2310564,6703.148,1626.344,16.063,16183.127,1.004,354.382,2452,3158,0.940,1.500,1.060,1,0,2.008,0,0,18,327,0,12,0
16-01 12:55:10,1.993,0.249,96.396,0,0,5234120,280992,176160,2310564,9957.397,1452.660,0,2040.499,0,2.989,1278,1788,0.940,1.500,1.060,1,0,0,0,0,18,327,0,12,0
16-01 12:55:11,1.248,0.999,96.124,0,0,5235124,279988,176160,2310564,10391.377,1617.879,0,75.900,0,2.996,1278,1748,0.860,1.480,1.060,0,0,0.999,0,0,18,327,0,12,0
16-01 12:55:12,2.002,0.751,95.857,0,0,5235120,279988,176160,2310568,9088.187,1621.818,0,180.202,0,11.012,1352,1866,0.860,1.480,1.060,1,0,0,0,0,18,327,0,12,0
16-01 12:55:13,2.000,1.000,96.003,0.250,0,5235120,279988,176160,2310568,7326.240,1620.053,0,284.009,0,30.001,1486,2126,0.860,1.480,1.060,0,0,0,0,0,18,327,0,12,0
16-01 12:55:14,1.503,0.501,96.426,0,0,5235120,279988,176160,2310568,10420.022,1622.963,0,32.059,0,4.007,1198,1702,0.860,1.480,1.060,0,0,0,0,0,18,327,0,12,0
16-01 12:55:15,1.747,0.499,95.580,1.248,0,5234868,280240,176160,2310568,46268.587,1617.120,0,6081.168,0,166.703,1582,1709,0.860,1.480,1.060,0,0,0,0,0,18,327,0,12,0
16-01 12:55:16,1.500,0.500,96.254,0,0,5234868,280240,176160,2310568,7104.317,1620.072,0,0,0,0,1204,1675,0.790,1.450,1.050,0,0,2.000,0,0,18,327,0,12,0
16-01 12:55:17,8.001,15.503,72.513,2.250,0,5241168,273660,176180,2310748,43212.522,1662.289,184.032,16.003,15.003,4.001,5170,4882,0.790,1.450,1.050,0,0,424.074,0,0,18,327,0,12,0
16-01 12:55:18,1.997,0.499,95.851,0,0,5241168,273660,176180,2310748,7839.810,1617.485,0,0,0,0,1217,1746,0.790,1.450,1.050,2,0,0,0,0,18,327,0,12,0
16-01 12:55:19,2.253,1.251,95.360,0.250,0,5241228,273912,176180,2310756,7444.593,1459.685,0,368.425,0,33.038,1619,2334,0.790,1.450,1.050,0,0,0,0,0,18,327,0,12,0
16-01 12:55:20,1.750,1.000,95.742,1.000,0,5232252,282888,176180,2310756,9188.202,1619.859,0,3827.668,0,162.986,1394,1731,0.790,1.450,1.050,0,0,0,0,0,18,327,0,12,0
16-01 12:55:21,1.998,0.749,96.141,0,0,5233004,282136,176180,2310756,6956.144,1618.172,0,175.801,0,11.986,1234,1722,0.730,1.430,1.050,0,0,0.999,0,0,18,327,0,12,0
16-01 12:55:22,1.501,1.001,96.551,0,0,5233000,282136,176180,2310760,9820.156,1620.851,0,36.019,0,5.003,1281,1737,0.730,1.430,1.050,0,0,0,0,0,18,327,0,12,0
16-01 12:55:23,2.251,0.500,95.800,0,0,5233208,281912,176180,2310776,7611.974,1620.846,0,296.155,0,26.014,1520,2111,0.730,1.430,1.050,0,0,0,0,0,18,327,0,12,0
16-01 12:55:24,2.251,1.250,95.275,0.250,0,5233208,281912,176180,2310776,5199.383,972.259,0,212.056,0,26.007,1627,2430,0.730,1.430,1.050,0,0,2.001,0,0,18,327,0,12,0
16-01 12:55:25,12.755,4.252,81.531,0,0,5235564,279548,176200,2310764,425981.383,13132.975,4.002,508.193,1.000,5.002,3133,2715,0.730,1.430,1.050,1,0,25.009,0,0,18,327,0,12,0
16-01 12:55:26,13.998,5.999,77.491,0.500,0,5247004,267436,176204,2311432,302174.054,12782.564,127.986,175.980,6.999,4.000,3505,2861,0.750,1.420,1.040,1,0,34.996,0,0,18,327,0,12,0
