"pcp-dstat 6.2.0 CSV Output"
"Author:","PCP team <pcp@groups.io> and Dag Wieers <dag@wieers.com>",,,,"URL:","https://pcp.io/ and http://dag.wieers.com/home-made/dstat/"
"Host:","ubuntu",,,,"User:","ubuntu"
"Cmdline:","dstat -tcmndrylpg --tcp --output /tmp/devstack_logs/dstat-csv.log",,,,"Date:","16 Jan 2026 15:01:05 UTC"
"system","total usage",,,,,"memory usage",,,,"net/total",,"dsk/total",,"io/total",,"system",,"load avg",,,"procs",,,"paging",,"tcp sockets",,,,
"time","total usage:usr","total usage:sys","total usage:idl","total usage:wai","total usage:stl","used","free","buf","cach","net/total:recv","net/total:send","dsk/total:read","dsk/total:writ","read","writ","int","csw","1m","5m","15m","run","blk","new","in","out","lis","act","syn","tim","clo"
16-01 15:01:05,,1020224,1687544,162744,4951208,,,,,,,1.340,1.030,0.580,2,0,,,,10,5,0,17,1
16-01 15:01:06,23.246,20.746,54.741,0.250,0,1047004,1660324,162764,4951596,21788.317,9188.447,0,2963.499,0,92.984,7018,6018,1.340,1.030,0.580,3,0,528.911,0,0,10,5,0,17,1
16-01 15:01:07,25.460,17.722,54.915,0.499,0,1016784,1689960,162820,4951984,40252.480,11933.465,0,1777.240,0,61.904,6278,5775,1.470,1.070,0.590,2,0,343.467,0,0,10,5,0,17,1
16-01 15:01:08,31.763,15.506,52.522,0.250,0,1021536,1684844,162888,4952228,21468.839,11601.777,0,1508.621,0,41.017,6155,6482,1.470,1.070,0.590,1,1,237.098,0,0,10,4,0,17,2
16-01 15:01:09,16.768,5.005,76.581,0.751,0,1130196,1558404,162940,5094116,196372.848,12793.541,0,1457.543,0,46.049,3336,3234,1.470,1.070,0.590,3,0,77.082,0,0,11,6,0,17,2
16-01 15:01:10,39.658,9.229,48.138,2.245,0.249,1135768,1533744,163836,5109020,8748.699,1616.250,15.963,1903.583,0.998,69.838,3895,2220,1.470,1.070,0.590,3,0,80.812,0,0,11,6,0,17,2
16-01 15:01:11,36.506,9.252,48.008,6.001,0,1181256,1470404,164292,5124536,11226.960,1662.290,16.003,13950.436,1.000,469.082,4838,3094,1.470,1.070,0.590,1,1,135.024,0,0,11,6,0,19,2
16-01 15:01:12,41.252,5.500,48.753,3.000,0,1249468,1378828,164920,5145256,9151.551,1620.098,20.001,3720.224,2.000,75.005,3193,2002,1.600,1.100,0.600,3,0,0,0,0,11,6,0,19,2
16-01 15:01:13,42.035,5.254,48.290,3.503,0,1273640,1334656,166172,5161332,9869.275,1621.359,0,14011.748,0,798.670,6708,7217,1.600,1.100,0.600,1,1,10.008,0,0,11,8,0,19,2
16-01 15:01:14,32.789,6.508,44.803,13.766,0,1271428,1300844,168160,5192536,5852.966,1621.930,0,44893.428,0,3227.841,18784,27192,1.600,1.100,0.600,7,0,69.082,0,0,11,8,0,19,2
16-01 15:01:15,37.904,8.229,50.622,2.244,0,1272020,1311872,168756,5179696,13254.389,4331.017,0,27981.044,0,1528.125,8520,10977,1.600,1.100,0.600,2,0,77.803,0,0,11,4,0,19,0
16-01 15:01:16,44.262,6.252,48.763,0.250,0,1293128,1290712,168772,5179712,12149.268,1566.421,0,988.266,0,33.009,3068,1673,1.600,1.100,0.600,2,0,19.005,0,0,11,4,0,19,0
16-01 15:01:17,41.491,4.499,52.238,0.750,0,1262564,1313996,168924,5186088,16538.269,3790.145,0,8953.980,0,433.902,3755,3436,1.630,1.110,0.610,2,0,27.994,0,0,11,4,0,19,0
16-01 15:01:18,39.653,4.738,54.616,0.249,0,1268388,1307828,168932,5186260,46019.214,4539.874,0,1444.460,0,132.675,3050,1521,1.630,1.110,0.610,2,0,17.956,0,0,11,5,0,19,0
16-01 15:01:19,42.470,11.057,44.480,0,0,1240368,1327636,169456,5192504,47829.666,1845.556,0,836.331,0,13.068,11698,18869,1.630,1.110,0.610,3,0,165.859,0,0,11,4,0,19,0
16-01 15:01:20,31.899,24.423,42.865,0,0,1192240,1375160,169528,5192940,5554.451,1614.898,0,123.609,0,10.965,14369,21070,1.630,1.110,0.610,2,0,524.343,0,0,11,4,0,19,0
16-01 15:01:21,41.818,19.031,39.064,0,0,1131472,1450576,169588,5180388,9147.900,1622.643,0,2339.811,0,23.038,6110,6495,1.630,1.110,0.610,5,0,249.406,0,0,11,4,0,19,0
16-01 15:01:22,68.077,10.262,21.274,0,0,1221716,1360288,169592,5180536,7915.921,1621.828,0,12.014,0,3.003,4168,2111,1.740,1.140,0.620,4,0,144.162,0,0,11,5,0,19,0
16-01 15:01:23,44.652,5.737,49.142,0,0,1259956,1321552,169596,5181060,6356.088,1616.462,0,411.100,0,29.934,2709,1305,1.740,1.140,0.620,2,0,0,0,0,11,5,0,19,0
16-01 15:01:24,39.571,9.768,50.340,0,0,1290112,1289080,169648,5183244,9615.231,1568.811,0,2452.395,0,92.165,3729,4096,1.740,1.140,0.620,1,0,70.126,0,0,11,4,0,19,0
16-01 15:01:25,17.707,6.235,74.071,0.249,0,1351120,1228056,169664,5183252,7822.090,1616.093,0,502.785,0,29.928,2674,2330,1.740,1.140,0.620,1,0,75.817,0,0,11,4,0,19,0
16-01 15:01:26,23.764,3.502,73.043,0,0,1376800,1202372,169664,5183256,6972.109,1512.892,0,23729.986,0,75.044,1960,1255,1.740,1.140,0.620,1,0,0,0,0,11,4,0,19,0
16-01 15:01:27,23.996,1.750,71.987,1.000,0,1389956,1188920,169724,5183492,9280.376,1619.717,0,3007.474,0,312.945,3810,4471,1.680,1.140,0.630,1,0,2.000,0,0,11,10,0,19,0
16-01 15:01:28,24.000,9.000,65.251,1.250,0,1327168,1251256,170020,5183600,7221.062,1620.014,372.003,2600.022,20.000,165.001,3723,12676,1.680,1.140,0.630,1,0,78.001,0,0,11,4,0,22,0
16-01 15:01:29,20.003,2.000,77.260,0,0,1347848,1230352,170020,5183788,12004.562,4009.522,0,1300.169,0,69.009,1988,1465,1.680,1.140,0.630,2,0,1.000,0,0,11,11,0,15,0
16-01 15:01:30,12.998,2.500,73.988,9.498,0,1349448,1228364,170064,5184020,9642.396,4121.315,267.955,1527.746,65.989,94.984,2180,2380,1.680,1.140,0.630,1,0,1.000,0,0,11,27,0,15,0
16-01 15:01:31,20.035,6.010,73.126,0,0,1338420,1239304,170064,5184100,9022.592,4875.425,0,22254.458,0,80.138,2605,1895,1.680,1.140,0.630,1,0,44.076,0,0,11,28,0,16,0
16-01 15:01:32,19.212,2.495,77.846,0.250,0,1342772,1234948,170064,5184104,13225.810,5705.701,0,1716.601,0,95.810,1926,1305,1.620,1.140,0.630,1,0,0,0,0,11,29,0,16,0
16-01 15:01:33,24.757,11.253,63.518,0,0,1388180,1189516,170064,5184128,10026.860,4440.267,0,2612.745,0,107.031,3849,2833,1.620,1.140,0.630,2,0,156.045,0,0,11,28,0,17,0
16-01 15:01:34,37.284,4.754,57.302,0,0,1479012,1098548,170064,5184264,18468.762,9284.426,0,2266.057,0,12.011,3147,2319,1.620,1.140,0.630,3,0,0,0,0,11,30,0,17,0
16-01 15:01:35,36.557,7.011,55.337,0.250,0,1436592,1140752,170068,5184472,18703.279,12538.629,0,360.564,0,43.067,6340,7903,1.620,1.140,0.630,4,0,102.160,0,0,11,28,0,18,0
16-01 15:01:36,68.521,28.759,2.001,0,0,1525580,1051680,170076,5184512,8903.684,1620.489,0,200.060,0,17.005,5705,4678,1.620,1.140,0.630,6,0,476.144,0,0,11,28,0,18,0
16-01 15:01:37,86.748,9.500,4.000,0,0,1716788,860448,170076,5184532,27292.504,19704.642,0,627.989,0,3.000,5526,3881,1.970,1.220,0.660,5,0,1.000,0,0,11,33,0,17,0
16-01 15:01:38,76.925,10.989,10.740,0.250,0,1693552,883416,170104,5184772,33723.129,28544.177,0,1058.968,0,107.895,8591,13682,1.970,1.220,0.660,3,0,99.903,0,0,11,29,0,22,0
16-01 15:01:39,33.682,9.980,56.137,0,0,1533740,1043188,170116,5184800,7067.825,1880.229,0,275.448,0,16.966,3377,2791,1.970,1.220,0.660,1,0,209.580,0,0,11,28,0,23,0
16-01 15:01:40,16.997,2.000,80.234,0.250,0,1514228,1062680,170124,5184808,14221.117,7270.526,0,407.917,0,14.997,2159,2131,1.970,1.220,0.660,0,0,0,0,0,11,29,0,23,0
16-01 15:01:41,18.004,6.501,73.765,0.250,0,1483688,1093192,170144,5184816,10590.164,2964.606,0,1080.221,0,84.017,3152,2923,1.970,1.220,0.660,1,0,68.014,0,0,11,28,0,23,0
16-01 15:01:42,19.254,3.501,73.516,3.001,0,1482524,1094348,170144,5184824,13847.988,5428.171,0,39552.535,0,513.111,3002,1728,1.900,1.220,0.660,1,0,0,0,0,11,29,0,23,0
16-01 15:01:43,12.269,12.269,74.618,0,0,1433448,1143412,170144,5184964,10331.329,4686.407,0,965.526,0,20.032,4691,4440,1.900,1.220,0.660,1,0,265.419,0,0,11,28,0,24,0
16-01 15:01:44,31.288,30.287,37.545,0.250,0.250,1430636,1146184,170144,5185004,8877.737,1621.962,0,248.300,0,20.024,6415,5506,1.900,1.220,0.660,5,0,770.932,0,0,11,28,0,24,0
16-01 15:01:45,84.183,12.240,3.747,0,0,1617944,958856,170148,5185016,11774.648,6259.029,0,223.822,0,9.992,4897,2350,1.900,1.220,0.660,4,0,2.998,0,0,11,30,0,24,0
16-01 15:01:46,76.431,7.243,14.986,0.250,0,1664912,911784,170160,5185104,45622.646,38292.291,0,683.381,0,56.948,7430,12695,1.900,1.220,0.660,5,0,0,0,0,11,31,0,24,0
16-01 15:01:47,76.375,20.784,3.756,0,0,1571900,1004532,170176,5185356,25279.293,9613.704,0,60078.137,0,221.362,7070,8218,2.220,1.300,0.690,6,0,311.509,0,0,11,28,0,25,0
16-01 15:01:48,82.824,13.222,3.243,0,0,1683340,892948,170180,5185496,42809.019,10115.502,0,1093.676,0,10.977,5326,3454,2.220,1.300,0.690,9,0,0,0,0,11,31,0,25,0
16-01 15:01:49,78.606,8.762,12.016,0,0,1755312,820900,170180,5185568,73792.854,34272.376,0,2166.932,0,78.106,7609,10027,2.220,1.300,0.690,5,0,0,0,0,11,34,0,25,0
16-01 15:01:50,66.526,15.006,17.757,0,0,1544568,1031420,170188,5185784,32536.900,23202.199,0,692.274,0,41.016,8256,12013,2.220,1.300,0.690,2,0,298.118,0,0,11,28,0,30,0
16-01 15:01:51,39.491,5.499,54.487,0.250,0,1541836,1034144,170188,5185788,11080.426,5775.658,0,191.955,0,7.998,2948,1991,2.220,1.300,0.690,1,0,0,0,0,11,29,1,30,0
16-01 15:01:52,31.485,10.495,57.473,0,0,1470208,1105584,170192,5185972,22482.625,14520.299,0,411.810,0,32.985,5200,6540,2.130,1.290,0.690,3,0,207.904,0,0,11,29,0,31,0
16-01 15:01:53,66.061,16.766,16.515,0,0,1526712,1049052,170200,5185992,9364.678,2876.666,0,236.219,0,9.008,4613,3034,2.130,1.290,0.690,3,0,170.158,0,0,11,28,0,31,0
16-01 15:01:54,45.467,4.497,49.215,0,0,1556628,1019092,170200,5186036,29423.801,23652.958,0,179.870,0,7.994,5106,6676,2.130,1.290,0.690,2,0,0,0,0,11,31,0,31,0
16-01 15:01:55,67.807,19.517,12.260,0.250,0,1525460,1050176,170236,5186084,15522.161,7823.634,0,492.418,0,50.042,6850,6872,2.130,1.290,0.690,4,0,258.219,0,0,11,28,0,32,0
16-01 15:01:56,73.219,7.747,18.742,0,0,1603228,972384,170244,5186100,24114.699,17724.429,0,215.908,0,16.993,4983,3435,2.130,1.290,0.690,3,0,0,0,0,11,32,0,32,0
16-01 15:01:57,62.278,15.257,21.260,0,0,1497572,1077920,170260,5186204,33166.856,25744.531,0,496.222,0,44.020,9379,13559,2.280,1.340,0.710,4,0,287.129,0,0,11,28,0,35,0
16-01 15:01:58,61.805,7.975,29.906,0,0,1572712,1002764,170264,5186212,14022.864,5729.965,0,450.582,0,12.959,3631,1565,2.280,1.340,0.710,0,0,37.881,0,0,11,30,1,31,0
16-01 15:01:59,47.867,6.766,44.358,0,0,1505200,1070020,170264,5186468,32435.948,23727.753,0,2417.885,0,132.322,7262,9462,2.280,1.340,0.710,4,0,58.142,0,0,11,29,0,32,0
16-01 15:02:00,64.288,18.261,17.010,0,0,1519260,1055880,170324,5186488,11907.101,4334.585,0,3842.291,0,221.132,5332,4442,2.280,1.340,0.710,3,0,241.144,0,0,11,28,0,33,0
16-01 15:02:01,47.616,5.235,46.370,0,0,1574332,1000524,170324,5186772,27849.859,19208.106,0,0,0,0,4696,4670,2.280,1.340,0.710,4,0,0.997,0,0,11,31,0,33,0
16-01 15:02:02,58.363,17.283,23.796,0,0,1525356,1049288,170352,5186956,21076.712,11865.920,0,853.649,0,50.097,6406,7196,2.340,1.360,0.720,3,0,287.555,0,0,11,28,0,33,0
16-01 15:02:03,55.294,6.255,38.530,0,0,1562892,1011608,170352,5187100,20079.859,13309.512,0,184.145,0,2.002,3776,2509,2.340,1.360,0.720,3,0,0,0,0,11,31,0,33,0
16-01 15:02:04,51.472,10.994,36.730,0.250,0,1470492,1103936,170364,5187160,22620.490,15433.464,0,323.821,0,32.982,7042,8762,2.340,1.360,0.720,3,0,111.938,0,0,11,28,0,35,0
16-01 15:02:05,58.414,7.239,33.201,0,0,1583560,990848,170372,5187172,10774.119,7641.736,0,143.788,0,9.985,3691,1679,2.340,1.360,0.720,3,0,0,0,0,11,31,0,35,0
16-01 15:02:06,50.239,9.748,39.241,0,0,1531412,1042920,170392,5187228,30918.269,21089.409,0,327.929,0,37.992,6594,9141,2.340,1.360,0.720,5,0,137.970,0,0,11,28,0,37,0
16-01 15:02:07,73.923,25.560,0.251,0,0,1535548,1038552,170396,5187424,7143.676,1623.790,0,244.571,0,23.054,5520,4795,2.630,1.440,0.750,9,0,516.205,0,0,11,28,0,37,0
16-01 15:02:08,81.239,17.998,1.250,0,0,1700204,873868,170396,5187452,22249.081,14598.085,0,415.945,0,12.998,5875,5020,2.630,1.440,0.750,6,0,416.945,0,0,11,32,0,37,0
16-01 15:02:09,77.947,18.737,2.748,0,0,1667060,906868,170424,5187568,46298.775,38027.354,0,1183.202,0,78.947,8163,10820,2.630,1.440,0.750,8,0,446.699,0,0,11,31,0,37,0
16-01 15:02:10,79.390,19.723,0.499,0,0.250,1626196,947496,170448,5187780,21612.078,16099.710,0,511.292,0,38.946,6591,6556,2.630,1.440,0.750,5,0,307.574,0,0,11,28,0,38,0
16-01 15:02:11,84.424,11.273,4.259,0,0,1678588,895092,170452,5187788,20831.939,13458.741,0,120.248,0,8.017,5401,3485,2.630,1.440,0.750,5,0,30.062,0,0,11,31,0,38,0
16-01 15:02:12,73.980,8.498,17.245,0,0,1680668,892780,170452,5188016,42095.346,35690.120,0,3.999,0,1.000,8731,13297,2.580,1.450,0.760,6,0,72.980,0,0,11,30,0,41,0
16-01 15:02:13,27.494,23.745,47.241,0,0,1495180,1078216,170452,5188068,21371.705,12498.488,0,1779.642,0,24.995,7394,8365,2.580,1.450,0.760,2,0,664.866,0,0,11,28,0,43,0
16-01 15:02:14,52.277,33.768,14.007,0,0,1519020,1054328,170452,5188116,7964.174,1620.849,0,2457.288,0,126.066,6572,5744,2.580,1.450,0.760,4,0,864.453,0,0,11,28,0,41,0
16-01 15:02:15,73.494,8.999,17.249,0,0,1590812,982464,170452,5188176,25105.903,16479.623,0,0,0,0,4967,4014,2.580,1.450,0.760,3,0,0,0,0,11,31,0,41,0
16-01 15:02:16,60.141,14.723,24.456,0.250,0,1556052,1017016,170476,5188400,27326.426,19461.694,0,1277.682,0,101.815,6976,9592,2.580,1.450,0.760,3,0,200.636,0,0,11,29,0,44,0
16-01 15:02:17,78.684,12.739,8.243,0,0,1584616,988440,170476,5188412,36192.816,7696.581,0,179.850,0,9.992,4899,2669,2.690,1.490,0.770,3,0,67.943,0,0,11,30,0,45,0
16-01 15:02:18,62.287,7.474,29.150,0,0,1621928,950920,170476,5188620,48073.646,31454.463,0,163.441,0,9.966,8207,11822,2.690,1.490,0.770,3,0,0,0,0,11,32,0,45,0
16-01 15:02:19,57.551,9.801,32.419,0,0,1556404,1016176,170484,5188880,80599.250,35653.341,0,325.702,0,30.158,11279,17956,2.690,1.490,0.770,3,0,60.315,0,0,11,30,0,45,0
16-01 15:02:20,78.142,14.730,6.241,0.250,0,1546088,1026456,170500,5188900,15350.688,7302.861,0,331.540,0,31.956,5623,4396,2.690,1.490,0.770,4,0,59.917,0,0,11,29,0,45,0
16-01 15:02:21,65.916,7.990,26.216,0,0,1607480,965008,170512,5188944,33538.090,26265.395,0,215.724,0,11.985,5989,7727,2.690,1.490,0.770,3,0,0,0,0,11,32,0,45,0
16-01 15:02:22,56.103,6.762,36.316,0,0,1594556,977540,170512,5189336,49512.550,40028.205,0,1290.360,0,14.026,11606,19321,2.720,1.520,0.790,3,0,20.037,0,0,11,30,0,47,0
16-01 15:02:23,72.738,19.497,8.249,0,0,1545336,1026688,170512,5189408,23540.167,12960.890,0,127.979,0,7.999,6528,7301,2.720,1.520,0.790,5,0,239.961,0,0,11,28,0,49,0
16-01 15:02:24,71.690,8.493,18.984,0,0,1594420,977576,170512,5189432,27625.932,19164.997,0,123.897,0,6.994,5340,4719,2.720,1.520,0.790,3,0,5.995,0,0,11,32,0,49,0
16-01 15:02:25,61.618,9.769,27.553,0,0,1596100,975652,170516,5189672,42844.881,34185.332,0,204.391,0,20.038,10778,16729,2.720,1.520,0.790,4,0,34.065,0,0,11,29,0,51,0
16-01 15:02:26,82.321,15.263,2.752,0.250,0,1564480,1007092,170532,5189836,10756.248,4476.849,0,324.279,0,37.032,5570,4001,2.720,1.520,0.790,3,0,94.081,0,0,11,29,0,51,0
16-01 15:02:27,63.729,8.497,26.991,0.250,0,1561420,1010108,170548,5189864,30543.818,22113.628,0,359.880,0,39.987,5593,5772,2.740,1.540,0.800,4,0,60.980,0,0,11,30,0,53,0
16-01 15:02:28,70.174,12.736,16.482,0,0,1592836,978472,170548,5190256,32970.344,24650.342,0,167.819,0,11.987,6801,11293,2.740,1.540,0.800,4,0,73.920,0,0,11,30,0,53,0
16-01 15:02:29,70.812,15.013,14.763,0,0,1592568,978700,170548,5190124,30078.407,20999.436,0,152.134,0,9.008,6277,15220,2.740,1.540,0.800,4,0,163.143,0,0,11,30,0,56,0
16-01 15:02:30,75.030,12.505,11.255,0,0,1563652,1007540,170560,5190152,23612.522,15073.078,0,240.097,0,21.008,5818,5723,2.740,1.540,0.800,3,0,89.036,0,0,11,32,0,55,0
16-01 15:02:31,72.453,9.494,18.238,0,0,1565416,1005600,170564,5190324,25740.289,17599.574,0,167.891,0,13.991,5252,5836,2.740,1.540,0.800,3,0,34.977,0,0,11,34,0,57,0
16-01 15:02:32,70.875,9.733,18.967,0,0,1642440,928524,170568,5190372,25357.451,18323.808,0,239.579,0,24.956,5820,7525,2.760,1.570,0.810,4,0,33.940,0,0,11,34,0,58,0
16-01 15:02:33,55.636,13.533,29.823,0,0,1565408,1005504,170592,5190400,17852.575,12922.542,0,605.478,0,50.122,5675,5489,2.760,1.570,0.810,3,0,198.484,0,0,11,32,0,61,0
16-01 15:02:34,56.581,10.220,32.902,0,0,1554696,1016204,170596,5190408,15026.172,7753.868,0,151.548,0,9.970,3877,2286,2.760,1.570,0.810,3,0,59.822,0,0,11,34,0,59,0
16-01 15:02:35,48.753,9.251,41.252,0,0.250,1557204,1013344,170604,5190752,27704.576,21297.212,0,216.012,0,18.001,5038,7979,2.760,1.570,0.810,3,0,96.005,0,0,11,34,0,60,0
16-01 15:02:36,56.148,10.778,32.586,0,0,1482940,1087572,170604,5190784,15145.803,11787.979,0,200.527,0,9.024,5198,4981,2.760,1.570,0.810,2,0,86.227,0,0,11,33,0,62,0
16-01 15:02:37,55.743,4.999,38.745,0.250,0,1551956,1018492,170608,5190844,24919.001,13447.381,0,179.978,0,13.998,4936,4762,2.700,1.580,0.820,3,0,1.000,0,0,11,34,0,63,0
16-01 15:02:38,32.926,9.479,56.373,0,0,1493084,1077292,170608,5190912,26795.739,16961.855,0,391.120,0,32.926,6139,8498,2.700,1.580,0.820,3,0,152.657,0,0,11,33,0,64,0
16-01 15:02:39,41.233,8.996,48.480,0,0,1484420,1085956,170608,5190912,11528.205,1993.171,0,387.839,0,16.993,3579,2208,2.700,1.580,0.820,2,0,67.972,0,0,11,33,0,59,0
16-01 15:02:40,35.506,3.501,60.260,0,0,1508936,1061408,170612,5190940,21595.512,15066.450,0,172.028,0,12.002,3948,3828,2.700,1.580,0.820,3,0,0,0,0,11,33,0,60,0
16-01 15:02:41,36.271,11.507,51.529,0,0,1432172,1138048,170612,5191064,10760.126,5348.045,0,224.128,0,18.010,4388,4224,2.700,1.580,0.820,2,0,138.079,0,0,11,32,0,61,0
16-01 15:02:42,34.722,4.247,60.701,0.500,0,1446152,1123924,170620,5191200,17147.224,10359.677,0,319.743,0,28.977,3173,2750,2.720,1.600,0.830,1,0,0,0,0,11,33,0,62,0
16-01 15:02:43,36.501,8.000,54.501,0,0,1473476,1096436,170628,5191356,16365.229,9694.136,0,244.003,0,19.000,3959,4170,2.720,1.600,0.830,3,0,60.001,0,0,11,32,0,61,0
16-01 15:02:44,37.221,6.745,55.207,0,0,1469500,1100396,170628,5191372,13937.236,9532.638,0,187.855,0,10.992,3111,2696,2.720,1.600,0.830,3,0,4.996,0,0,11,33,0,61,0
16-01 15:02:45,36.550,6.258,56.577,0,0,1484932,1084924,170636,5191404,20405.644,13669.519,0,4337.877,0,191.259,4527,4994,2.720,1.600,0.830,2,0,43.058,0,0,11,33,0,62,0
16-01 15:02:46,36.240,6.498,56.234,0.250,0,1468968,1100860,170640,5191424,14443.972,8350.671,0,279.922,0,25.993,3215,2752,2.720,1.600,0.830,4,0,4.999,0,0,11,33,0,63,0
16-01 15:02:47,35.522,4.002,59.536,0,0,1437116,1132676,170648,5191452,46337.198,13543.241,0,244.149,0,22.013,4260,4934,2.590,1.590,0.830,3,0,7.004,0,0,11,33,0,63,0
16-01 15:02:48,18.985,11.241,67.695,0.250,0,1412712,1156988,170652,5191536,23105.302,6932.390,0,335.728,0,20.983,4839,5463,2.590,1.590,0.830,3,0,275.777,0,0,11,32,0,64,0
16-01 15:02:49,19.991,2.499,77.465,0,0,1425508,1144188,170656,5191536,42613.756,3833.269,0,423.809,0,55.975,1771,1151,2.590,1.590,0.830,0,0,0,0,0,11,33,0,64,0
16-01 15:02:50,17.254,2.000,78.770,0,0,1424028,1145508,170660,5191692,17966.458,9936.466,0,260.065,0,20.005,3320,4156,2.590,1.590,0.830,2,0,0,0,0,11,32,0,65,0
16-01 15:02:51,13.503,15.004,70.767,0.250,0,1395440,1174084,170664,5191700,10607.506,1620.383,0,216.051,0,17.004,4295,3186,2.590,1.590,0.830,1,0,284.067,0,0,11,32,0,59,0
16-01 15:02:52,18.501,3.000,78.003,0,0,1420640,1148876,170668,5191704,13829.499,6661.240,0,1228.044,0,12.000,1921,1502,2.460,1.580,0.830,1,0,0,0,0,11,33,0,59,0
16-01 15:02:53,18.502,4.501,75.760,0,0,1390952,1178544,170668,5191724,14206.801,7310.927,0,508.064,0,36.005,3756,4131,2.460,1.580,0.830,1,0,46.006,0,0,11,32,0,60,0
16-01 15:02:54,20.996,4.249,74.484,0,0,1446956,1122540,170668,5191724,9341.045,2233.533,0,0,0,0,1802,1264,2.460,1.580,0.830,0,0,0,0,0,11,33,0,60,0
16-01 15:02:55,16.461,1.995,79.811,0,0,1440484,1128988,170668,5191748,18220.801,11252.322,0,0,0,0,3182,3909,2.460,1.580,0.830,2,0,0,0,0,11,33,0,57,0
16-01 15:02:56,14.581,12.570,72.400,0.503,0,1400980,1168312,170708,5191884,10230.569,5495.386,0,1709.452,0,174.967,5579,5478,2.460,1.580,0.830,1,0,296.640,0,0,11,32,0,57,0
16-01 15:02:57,29.159,16.199,52.585,0.498,0,1404628,1164504,170768,5191976,7554.337,1453.447,0,2085.468,0,128.597,5319,4378,2.340,1.570,0.830,2,0,332.957,0,0,11,32,0,59,0
16-01 15:02:58,43.857,6.265,48.368,2.005,0,1500712,1065424,171000,5194428,9095.138,1623.953,0,6010.630,0,521.269,5562,5790,2.340,1.570,0.830,1,1,32.078,0,0,11,36,0,59,0
16-01 15:02:59,38.523,7.755,41.524,11.757,0,1478456,1080460,172180,5200076,7647.478,1620.949,0,42745.028,0,3999.342,19590,30379,2.340,1.570,0.830,4,1,118.069,0,0,11,36,0,56,0
16-01 15:03:00,41.503,8.251,42.253,6.751,0,1523356,1034884,172600,5200300,8655.695,1620.130,0,36962.969,0,2943.236,12751,21545,2.340,1.570,0.830,3,0,28.002,0,0,11,32,0,56,0
16-01 15:03:01,45.619,5.235,47.115,0.748,0,1570984,987200,172636,5200320,9012.135,1615.364,0,7977.105,0,432.758,4033,3637,2.340,1.570,0.830,3,0,1.994,0,0,11,34,0,56,0
16-01 15:03:02,38.842,8.019,43.603,8.019,0,1574040,983212,173064,5200812,8506.072,1623.832,0,18371.352,0,2709.393,19003,27472,2.230,1.560,0.830,3,0,2.005,0,0,11,32,0,56,0
16-01 15:03:03,24.196,6.236,68.597,0.748,0,1531756,1025452,173096,5200824,9522.743,1658.298,0,4470.022,0,243.457,3482,3071,2.230,1.560,0.830,1,0,98.780,0,0,11,32,0,51,0
16-01 15:03:04,22.301,3.759,73.166,0.251,0.251,1571844,985344,173112,5200828,5909.415,1623.686,0,1547.513,0,82.187,2185,1825,2.230,1.560,0.830,1,0,2.005,0,0,11,32,0,51,0
16-01 15:03:05,22.445,3.242,72.075,0.499,0,1554792,1002284,173200,5200852,6268.759,1616.071,0,6815.430,0,369.103,2921,2787,2.230,1.560,0.830,1,0,0.998,0,0,11,32,0,51,0
16-01 15:03:06,22.498,4.000,73.494,0.250,0,1558636,998432,173204,5200852,8342.325,1457.882,0,115.991,0,11.999,1923,1359,2.230,1.560,0.830,1,0,2.000,0,0,11,32,0,51,0
16-01 15:03:07,22.276,3.504,73.334,0,0,1529072,1027984,173204,5200864,7491.623,1621.867,0,0,0,0,1858,1282,2.130,1.550,0.830,1,0,2.002,0,0,11,32,0,47,0
16-01 15:03:08,22.228,3.247,73.678,0,0,1546504,1010552,173204,5200864,8543.626,1618.414,0,71.930,0,1.998,1836,1233,2.130,1.550,0.830,1,0,1.998,0,0,11,32,0,47,0
16-01 15:03:09,22.003,4.001,73.510,0,0,1504936,1052040,173212,5200936,9219.232,1620.216,0,4.001,0,1.000,1849,1261,2.130,1.550,0.830,1,0,1.000,0,0,11,32,0,47,0
16-01 15:03:10,21.997,3.999,73.490,0,0,1527092,1029880,173212,5200936,8497.823,1619.776,0,7.999,0,2.000,1805,1203,2.130,1.550,0.830,1,0,2.000,0,0,11,32,0,47,0
16-01 15:03:11,22.503,2.750,73.759,0,0,1497244,1059632,173220,5201016,8045.027,1620.207,0,616.079,0,85.011,1987,1294,2.130,1.550,0.830,1,0,1.000,0,0,11,32,0,46,0
16-01 15:03:12,22.497,4.249,71.490,0.500,0,1483772,1072960,173312,5201064,6241.084,1619.762,0,7330.924,0,381.944,3198,3372,2.040,1.540,0.840,1,0,1.000,0,0,11,32,0,46,0
16-01 15:03:13,22.751,3.000,73.254,0.250,0,1491056,1065668,173320,5201064,9931.604,1662.101,0,440.027,0,24.001,1962,1264,2.040,1.540,0.840,1,0,2.000,0,0,11,32,0,46,0
16-01 15:03:14,22.456,3.493,73.605,0,0,1464344,1092360,173320,5201084,9107.058,1455.133,0,3.992,0,0.998,1828,1284,2.040,1.540,0.840,1,0,0.998,0,0,11,32,0,46,0
16-01 15:03:15,22.543,3.757,73.141,0,0,1435984,1120628,173320,5201144,6551.604,1623.122,0,0,0,0,1855,1261,2.040,1.540,0.840,1,0,1.002,0,0,11,32,0,41,0
16-01 15:03:16,22.250,3.250,73.749,0,0,1452044,1104568,173320,5201144,8675.889,1619.979,0,4.000,0,1.000,1885,1314,2.040,1.540,0.840,1,0,2.000,0,0,11,32,0,41,0
16-01 15:03:17,16.960,9.977,72.331,0,0,1420776,1135716,173320,5201260,29444.203,1616.224,0,0,0,0,3441,2295,1.960,1.530,0.840,1,0,144.662,0,0,11,32,0,41,0
16-01 15:03:18,8.524,21.813,68.697,0,0,1410628,1145648,173320,5201456,23462.366,1624.665,0,970.787,0,11.032,6222,4835,1.960,1.530,0.840,1,0,511.469,0,0,11,32,0,41,0
16-01 15:03:19,8.519,21.297,68.402,0,0,1384148,1172084,173320,5201492,42883.489,1623.615,0,2541.660,0,216.482,6393,4638,1.960,1.530,0.840,1,0,456.015,0,0,11,32,0,37,0
16-01 15:03:20,14.238,12.989,71.940,0,0,1411608,1144616,173324,5201492,6003.996,1618.651,0,51.957,0,2.998,4314,3297,1.960,1.530,0.840,1,0,263.780,0,0,11,32,0,37,0
16-01 15:03:21,22.961,2.745,74.126,0,0,1470812,1085408,173324,5201496,9451.138,1617.286,0,459.229,0,85.856,2013,1246,1.960,1.530,0.840,1,0,1.997,0,0,11,32,0,37,0
16-01 15:03:22,22.749,3.500,72.748,0.250,0,1432252,1123988,173328,5201492,7989.766,1619.952,0,547.984,0,34.999,2067,1685,1.880,1.520,0.840,1,0,1.000,0,0,11,32,0,37,0
16-01 15:03:23,21.998,3.250,73.743,0,0,1462244,1093996,173328,5201492,8800.158,1457.861,0,0,0,0,1827,1184,1.880,1.520,0.840,1,0,2.000,0,0,11,32,0,37,0
16-01 15:03:24,23.504,3.501,72.762,0,0,1449104,1107100,173328,5201500,8315.427,1620.278,0,20.003,0,1.000,1967,1298,1.880,1.520,0.840,1,0,7.001,0,0,11,32,0,33,0
16-01 15:03:25,21.991,3.499,73.471,0,0,1505984,1050220,173328,5201500,8512.612,1619.356,0,31.987,0,4.998,1883,1249,1.880,1.520,0.840,1,0,1.999,0,0,11,32,0,33,0
16-01 15:03:26,22.256,3.251,73.520,0,0,1482484,1073728,173328,5201492,10397.892,1662.462,0,0,0,0,1896,1266,1.880,1.520,0.840,1,0,1.000,0,0,11,32,0,33,0
16-01 15:03:27,22.499,3.250,73.746,0.250,0.250,1507112,1049100,173328,5201492,9682.473,1619.912,0,71.996,0,3.000,1807,1133,1.810,1.510,0.840,1,0,3.000,0,0,11,32,0,33,0
16-01 15:03:28,22.253,3.501,73.261,0,0,1467452,1088752,173328,5201500,6049.931,1620.249,0,4.001,0,1.000,1783,1271,1.810,1.510,0.840,2,0,1.000,0,0,11,32,0,29,0
16-01 15:03:29,27.246,6.249,66.240,0,0,1450644,1105548,173328,5201512,10483.415,1619.755,0,11.998,0,1.000,2925,12606,1.810,1.510,0.840,2,0,38.994,0,0,11,32,0,30,0
16-01 15:03:30,22.998,3.250,73.244,0,0,1442584,1113648,173328,5201492,6813.465,1619.873,0,2067.838,0,7.999,1849,1262,1.810,1.510,0.840,1,0,0,0,0,11,32,0,30,0
16-01 15:03:31,22.236,2.998,73.703,0,0,1453836,1102372,173328,5201516,10268.513,1618.977,0,27.982,0,1.999,1815,1090,1.810,1.510,0.840,1,0,2.998,0,0,11,32,0,30,0
16-01 15:03:32,22.257,3.501,73.272,0,0,1447408,1108872,173336,5201436,8306.473,1458.434,0,632.188,0,62.018,2036,1637,1.750,1.500,0.840,1,0,0,0,0,11,32,0,23,0
16-01 15:03:33,23.515,2.752,73.796,0,0,1440004,1116188,173336,5201524,9280.817,1621.016,0,88.055,0,1.001,1735,1018,1.750,1.500,0.840,1,0,3.002,0,0,11,32,0,23,0
16-01 15:03:34,21.748,3.500,73.242,0,0,1435488,1120716,173336,5201512,7643.136,1619.817,0,19.998,0,3.000,1824,1223,1.750,1.500,0.840,1,0,0,0,0,11,32,0,23,0
16-01 15:03:35,22.503,3.750,73.759,0,0,1460916,1095292,173336,5201508,6426.779,1620.196,0,0,0,0,1854,1336,1.750,1.500,0.840,1,0,1.000,0,0,11,32,0,23,0
16-01 15:03:36,22.748,2.750,74.245,0,0,1452520,1103668,173336,5201528,5897.602,1619.891,0,19.999,0,1.000,1826,1139,1.750,1.500,0.840,1,0,3.000,0,0,11,32,0,17,0
16-01 15:03:37,22.496,3.249,72.987,0,0,1457704,1098504,173336,5201508,10802.138,1619.721,0,27.995,0,2.000,1938,1457,1.690,1.500,0.840,1,0,1.000,0,0,11,32,0,17,0
16-01 15:03:38,22.000,4.000,73.999,0,0,1441012,1115188,173336,5201516,7274.855,1619.968,0,63.999,0,2.000,1862,1330,1.690,1.500,0.840,1,0,1.000,0,0,11,32,0,17,0
16-01 15:03:39,22.996,2.500,73.236,0,0,1472884,1083316,173336,5201516,9047.254,1619.687,0,11.998,0,1.000,1830,1120,1.690,1.500,0.840,1,0,2.000,0,0,11,32,0,17,0
16-01 15:03:40,12.028,18.042,69.913,0,0,1447668,1108468,173336,5201580,6394.947,1461.416,0,276.647,0,12.028,5530,4430,1.690,1.500,0.840,1,0,461.078,0,0,11,32,0,13,0
16-01 15:03:41,22.209,2.745,73.863,0,0,1448480,1107644,173336,5201592,9210.977,1710.838,0,0,0,0,1844,1252,1.690,1.500,0.840,1,0,0,0,0,11,32,0,13,0
16-01 15:03:42,23.498,2.750,72.995,0.250,0,1451124,1104720,173340,5201836,7526.441,1619.880,0,651.952,0,65.995,2125,1544,1.630,1.490,0.840,2,0,8.999,0,0,11,32,0,13,0
16-01 15:03:43,22.750,2.500,73.751,0,0,1504748,1051096,173340,5201836,7203.120,1620.027,0,4.000,0,1.000,1676,1024,1.630,1.490,0.840,2,0,0,0,0,11,32,0,13,0
16-01 15:03:44,12.781,18.294,68.915,0.251,0,1476280,1079420,173340,5201976,8872.238,1623.887,40.096,96.230,2.005,4.010,5334,4073,1.630,1.490,0.840,1,0,414.993,0,0,11,32,0,9,0
16-01 15:03:45,8.253,22.258,68.275,0,0,1454100,1101568,173340,5202008,7358.707,1620.596,0,292.107,0,7.003,6361,4925,1.630,1.490,0.840,2,0,521.192,0,0,11,32,0,9,0
16-01 15:03:46,8.740,21.225,68.420,0,0,1450556,1105068,173340,5202044,5923.036,1618.097,0,359.577,0,5.993,6500,5085,1.630,1.490,0.840,1,0,539.366,0,0,11,32,0,9,0
16-01 15:03:47,8.504,23.010,68.030,0,0,1432452,1123136,173340,5202076,9547.230,1620.718,0,1392.617,0,16.007,6424,5068,1.580,1.480,0.840,1,0,539.239,0,0,11,32,0,9,0
16-01 15:03:48,8.994,21.987,68.208,0,0,1437000,1118548,173340,5202096,43248.487,1619.007,0,1407.137,0,40.975,6302,4687,1.580,1.480,0.840,1,0,492.698,0,0,11,32,0,5,0
16-01 15:03:49,8.258,21.021,69.319,0,0,1427360,1128156,173340,5202128,43472.500,1459.460,0,468.469,0,9.009,6271,4691,1.580,1.480,0.840,1,0,473.474,0,0,11,32,0,5,0
16-01 15:03:50,7.745,21.235,69.701,0,0,1420852,1134632,173340,5202160,8841.771,1618.860,0,531.625,0,10.992,5944,4368,1.580,1.480,0.840,2,0,427.699,0,0,11,32,0,5,0
16-01 15:03:51,8.500,21.750,67.999,0,0,1395636,1159808,173340,5202200,5560.949,1619.985,0,227.998,0,13.000,6221,4721,1.580,1.480,0.840,1,0,508.995,0,0,11,32,0,5,0
16-01 15:03:52,9.508,20.518,69.312,0,0,1321700,1233660,173376,5202232,9304.286,1621.444,0,712.635,0,41.037,6410,5253,1.610,1.490,0.850,2,0,464.414,0,0,11,32,0,4,0
16-01 15:03:53,34.500,29.750,34.750,0.500,0,1395180,1160084,173388,5202288,7226.952,1619.989,0,1307.991,0,132.999,7516,6722,1.610,1.490,0.850,3,0,767.995,0,0,11,32,0,10,0
16-01 15:03:54,65.510,9.501,24.754,0,0,1595388,958724,173388,5203296,6127.957,1620.253,0,204.032,0,6.001,3826,1627,1.610,1.490,0.850,4,0,2.000,0,0,11,32,0,10,0
16-01 15:03:55,51.490,8.748,27.245,10.248,0,1612080,930020,174320,5213312,8628.332,1619.687,371.928,44839.330,2.999,3427.337,19941,27303,1.610,1.490,0.850,8,0,98.981,0,0,11,36,0,12,0
16-01 15:03:56,37.980,12.993,33.732,13.243,0,1648984,882548,174888,5222904,8579.544,1619.159,0,81093.878,0,5820.976,27627,41678,1.610,1.490,0.850,5,3,149.922,0,0,11,36,0,11,0
16-01 15:03:57,41.771,10.005,33.017,12.757,0,1667304,854336,175232,5232108,15074.723,7294.737,0,87124.635,0,6372.265,29770,44077,1.720,1.510,0.860,9,0,55.028,0,0,11,37,0,11,0
16-01 15:03:58,41.751,16.250,29.751,10.000,0,1603708,908940,175884,5240128,11413.263,5176.119,0,55977.290,0,4100.095,22094,31876,1.720,1.510,0.860,3,1,263.006,0,0,11,34,0,12,0
16-01 15:03:59,41.209,15.485,26.224,15.485,0,1602132,902608,176276,5247352,8556.504,2197.818,371.631,55844.552,5.994,3905.123,20148,30068,1.720,1.510,0.860,2,0,160.840,0,0,11,35,0,12,0
16-01 15:04:00,42.500,18.000,28.000,9.500,0,1603728,896680,176532,5251236,19749.938,10387.967,771.998,53896.831,11.000,3966.988,23297,36127,1.720,1.510,0.860,2,2,191.999,0,0,11,35,0,10,0
16-01 15:04:01,32.886,10.713,38.118,16.443,0,1587480,909724,176680,5254172,18085.343,11598.816,1243.691,41037.824,17.938,3423.141,20128,30937,1.720,1.510,0.860,2,1,148.486,0,0,11,34,0,10,0
16-01 15:04:02,36.856,10.280,37.859,12.787,0,1579504,918284,176928,5253336,10590.484,1690.867,0,60971.501,0,5065.581,24618,33969,1.830,1.540,0.870,3,1,51.147,0,0,11,34,0,10,0
16-01 15:04:03,36.020,6.504,45.275,11.006,0,1593152,903124,177184,5254548,20723.548,7335.087,0,37228.745,0,3707.066,19476,28375,1.830,1.540,0.870,2,1,42.023,0,0,11,35,0,10,0
16-01 15:04:04,32.525,8.256,46.035,11.008,0,1584816,909612,177364,5256180,20272.426,12135.234,0,63404.248,0,5150.920,24948,39742,1.830,1.540,0.870,2,2,36.027,0,0,11,35,0,10,0
16-01 15:04:05,36.757,8.752,42.258,9.502,0,1558128,934156,177428,5258204,11367.139,5799.091,0,26036.899,0,2920.550,18090,25391,1.830,1.540,0.870,2,0,117.022,0,0,11,36,0,11,0
16-01 15:04:06,33.499,7.250,43.999,12.500,0,1571396,917724,177508,5261204,8364.859,3974.933,0,72086.782,0,5511.907,26728,37312,1.830,1.540,0.870,3,1,53.999,0,0,11,37,0,11,0
16-01 15:04:07,30.750,8.750,46.000,13.000,0,1565340,920384,177680,5264344,15845.839,11263.885,0,65499.333,0,5216.947,24089,39286,2.080,1.600,0.890,2,0,60.999,0,0,11,37,0,11,0
16-01 15:04:08,34.755,7.501,44.757,10.752,0,1506128,976104,177776,5267644,16915.638,8925.392,0,43446.775,0,4208.656,22071,36055,2.080,1.600,0.890,4,0,131.020,0,0,11,36,0,11,0
16-01 15:04:09,36.734,9.246,41.732,10.246,0,1549076,932784,177832,5267896,7048.931,1619.295,0,48754.776,0,4280.137,17834,32388,2.080,1.600,0.890,2,1,39.983,0,0,11,36,0,11,0
16-01 15:04:10,33.260,8.252,44.763,11.503,0,1563972,921348,177876,5264456,16258.816,8466.508,0,69340.539,0,5550.644,23996,40032,2.080,1.600,0.890,1,2,31.009,0,0,11,37,0,11,0
16-01 15:04:11,32.756,11.502,51.760,2.500,0,1478320,1006864,177896,5264572,20298.897,12082.320,0,18691.589,0,1296.249,11778,15848,2.080,1.600,0.890,1,0,221.042,0,0,11,33,0,13,0
16-01 15:04:12,18.695,5.982,74.030,0,0,1397568,1087600,177896,5264588,12154.937,4447.804,0,570.308,0,30.908,2903,2420,2,1.580,0.900,1,0,54.837,0,0,11,32,0,14,0
16-01 15:04:13,18.752,2.000,77.506,0.250,0,1410156,1075008,177896,5264592,12737.053,7196.595,0,1188.098,0,75.006,2226,1990,2,1.580,0.900,0,0,0,0,0,11,33,0,14,0
16-01 15:04:14,19.297,5.764,73.932,0.501,0,1411636,1073504,177900,5264612,12313.251,4890.014,0,4342.669,0,252.621,4073,4555,2,1.580,0.900,1,0,34.084,0,0,11,32,0,15,0
16-01 15:04:15,19.200,2.493,77.297,0,0,1401384,1083720,177900,5264648,11199.587,6643.553,0,39.895,0,3.990,1933,1573,2,1.580,0.900,1,0,0,0,0,11,33,0,15,0
16-01 15:04:16,16.258,6.503,75.786,0.250,0,1376040,1109060,177900,5264652,11366.421,3247.549,0,464.221,0,24.011,2879,2549,2,1.580,0.900,1,0,60.029,0,0,11,32,0,16,0
16-01 15:04:17,19.503,2.500,77.513,0,0,1431376,1053380,177900,5264996,21314.700,3867.671,0,96.017,0,10.002,1860,1448,1.910,1.580,0.900,1,0,1.000,0,0,11,33,0,16,0
16-01 15:04:18,20.019,2.502,76.571,0,0,1398380,1086352,177900,5265020,40423.612,9764.085,0,0,0,0,3534,3765,1.910,1.580,0.900,1,0,18.017,0,0,11,32,0,17,0
16-01 15:04:19,21.218,4.743,73.141,0,0,1419232,1065500,177900,5265020,44601.639,1617.593,0,87.869,0,8.987,2230,1670,1.910,1.580,0.900,1,0,24.963,0,0,11,32,0,17,0
16-01 15:04:20,17.043,2.506,79.702,0.251,0,1427972,1056612,177900,5265168,17700.845,10580.806,0,1712.338,0,158.401,3227,3548,1.910,1.580,0.900,0,0,0,0,0,11,33,0,17,0
16-01 15:04:21,10.751,13.751,74.257,0.250,0,1387208,1097264,177900,5265280,10045.001,3517.351,0,612.061,0,62.006,4611,3821,1.910,1.580,0.900,1,0,250.025,0,0,11,32,0,18,0
16-01 15:04:22,21.008,23.509,53.271,0.500,0,1397216,1087140,177924,5265372,6662.659,1620.647,0,872.348,0,66.026,6711,5632,1.840,1.570,0.900,3,0,547.218,0,0,11,32,0,24,0
16-01 15:04:23,67.482,8.498,24.244,0,0,1537620,945732,177956,5266336,8390.760,1619.568,0,355.905,0,18.995,3793,1775,1.840,1.570,0.900,3,0,2.999,0,0,11,32,0,24,0
16-01 15:04:24,68.346,7.483,23.198,0.249,0,1687504,792824,178072,5268912,9872.753,1616.358,0,8413.042,0,369.168,4608,2834,1.840,1.570,0.900,3,0,5.987,0,0,11,32,0,24,0
16-01 15:04:25,55.115,7.516,31.566,6.013,0,1757380,711988,178248,5279060,8271.218,1461.041,0,31850.304,0,2328.848,14710,19094,1.840,1.570,0.900,3,0,129.269,0,0,11,38,0,24,0
16-01 15:04:26,31.497,10.249,43.246,13.249,0,1765908,691344,178348,5290708,9109.162,1661.847,0,116165.318,0,8061.259,35665,53976,1.840,1.570,0.900,2,0,269.975,0,0,11,38,0,24,0
16-01 15:04:27,38.226,9.494,37.726,12.742,0,1765780,682272,178412,5299516,7326.430,1618.990,0,90267.695,0,6882.707,32784,51289,2.010,1.610,0.910,4,0,171.893,0,0,11,38,0,24,0
16-01 15:04:28,41.755,11.751,32.254,13.002,0,1728128,709100,178504,5309868,8879.092,1620.199,0,76605.424,0,5662.697,27275,40396,2.010,1.610,0.910,5,0,225.028,0,0,11,36,0,24,0
16-01 15:04:29,50.038,12.259,25.269,10.008,0,1786812,639548,178544,5320276,7227.542,1621.243,0,79000.577,0,5497.215,27475,43640,2.010,1.610,0.910,2,0,67.051,0,0,11,36,0,24,0
16-01 15:04:30,41.737,8.747,34.239,12.746,0,1823352,595448,178556,5327548,5645.206,1619.485,0,88207.968,0,6341.985,29149,42570,2.010,1.610,0.910,3,0,64.979,0,0,11,38,0,24,0
16-01 15:04:31,42.891,8.229,38.901,8.229,0,1758036,657668,178588,5330480,10559.226,1615.903,0,63000.255,0,4714.047,22203,31953,2.010,1.610,0.910,2,0,143.636,0,0,11,34,0,24,0
16-01 15:04:32,22.502,12.001,62.757,2.000,0,1506200,909480,178588,5330504,7613.816,1620.174,0,19910.134,0,1105.118,7470,7943,2.010,1.610,0.920,1,0,249.027,0,0,11,32,0,24,0
16-01 15:04:33,22.501,3.250,73.252,0.250,0,1558764,856916,178588,5330504,5442.179,1620.053,0,1336.044,0,69.002,1922,1356,2.010,1.610,0.920,1,0,1.000,0,0,11,32,0,24,0
16-01 15:04:34,23.750,2.500,72.251,0.750,0,1588200,827464,178592,5330516,9317.186,1458.029,0,5084.102,0,279.006,2874,2863,2.010,1.610,0.920,2,0,2.000,0,0,11,38,0,24,0
16-01 15:04:35,21.499,4.500,73.496,0,0,1513076,902588,178592,5330516,7151.651,1619.921,0,79.996,0,6.000,2148,1405,2.010,1.610,0.920,1,0,27.999,0,0,11,32,0,24,0
16-01 15:04:36,23.253,2.500,73.509,0.250,0,1523400,892264,178592,5330516,9613.117,1620.188,0,440.051,0,85.010,1926,1152,2.010,1.610,0.920,2,0,0,0,0,11,32,0,24,0
16-01 15:04:37,21.046,7.517,70.906,0.251,0,1474772,940744,178596,5330660,6616.596,1623.582,0,565.247,0,48.106,3169,2530,1.930,1.600,0.920,2,0,121.268,0,0,11,32,0,24,0
16-01 15:04:38,13.248,38.744,47.242,0,0,1468124,947308,178596,5330728,5880.031,1619.733,0,227.962,0,23.996,8435,7919,1.930,1.600,0.920,1,0,1170.807,0,0,11,32,0,24,0
16-01 15:04:39,8.250,21.751,68.504,0,0,1456248,959120,178596,5330792,9113.508,1620.090,0,264.015,0,19.001,6167,4599,1.930,1.600,0.920,1,0,485.027,0,0,11,32,0,24,0
16-01 15:04:40,8.244,20.236,70.201,0,0,1406936,1008384,178596,5330832,9235.524,1618.865,0,19.986,0,4.996,6193,4662,1.930,1.600,0.920,1,0,437.693,0,0,11,32,0,24,0
16-01 15:04:41,14.011,17.514,67.554,0,0,1403812,1011436,178596,5330952,9559.572,1715.359,0,812.644,0,139.110,6350,5719,1.930,1.600,0.920,0,0,347.275,0,0,11,32,0,24,0
16-01 15:04:42,35.688,12.229,50.663,0,0,1426768,988464,178608,5331340,10432.000,1455.489,0,0,0,0,4868,4676,1.780,1.580,0.920,2,0,192.668,0,0,11,33,0,24,0
16-01 15:04:43,43.229,7.746,48.726,0,0,1541752,873376,178608,5331440,11021.532,1619.197,0,0,0,0,2847,1530,1.780,1.580,0.920,2,0,0,0,0,11,33,0,24,0
16-01 15:04:44,46.779,4.753,48.279,0,0,1605500,809432,178628,5331608,8741.330,1620.988,0,308.188,0,12.007,3647,2723,1.780,1.580,0.920,2,0,19.012,0,0,11,49,0,24,0
16-01 15:04:45,35.511,11.253,51.766,0,0,1636068,774576,178684,5335464,6358.946,1620.496,0,828.253,0,50.015,7476,10974,1.780,1.580,0.920,1,0,185.057,0,0,11,48,0,24,0
16-01 15:04:46,18.483,14.486,66.188,0,0,1639844,770716,178684,5335476,5810.520,1618.474,0,7.992,0,1.998,6375,7353,1.780,1.580,0.920,1,0,281.734,0,0,11,48,0,24,0
16-01 15:04:47,1.750,2.000,94.482,0,0,1646640,763896,178684,5335488,10491.021,1619.694,0,735.861,0,88.983,1706,2069,1.630,1.550,0.910,0,0,29.994,0,0,11,48,0,24,0
16-01 15:04:48,0.750,1.000,97.976,0.250,0,1646640,763896,178684,5335488,41104.884,1619.601,0,107.973,0,12.997,940,1157,1.630,1.550,0.910,0,0,2.999,0,0,11,48,0,24,0
16-01 15:04:49,0.500,0.750,98.031,0.250,0,1646640,763896,178684,5335488,45855.681,1620.519,0,92.029,0,10.003,901,1023,1.630,1.550,0.910,0,0,3.001,0,0,11,48,0,24,0
16-01 15:04:50,0.250,0.500,98.504,0,0,1646640,763896,178684,5335488,9280.353,1458.055,0,0,0,0,693,907,1.630,1.550,0.910,0,0,1.000,0,0,11,48,0,24,0
16-01 15:04:51,13.522,12.270,73.120,0,0,1640032,770376,178684,5335956,10666.552,1622.670,0,0,0,0,5023,5666,1.630,1.550,0.910,3,0,224.369,0,0,11,48,0,24,0
16-01 15:04:52,13.761,14.511,70.304,0,0,1684436,725820,178684,5335760,9993.630,1621.238,0,444.339,0,4.003,5183,5518,1.580,1.540,0.910,1,0,312.238,0,0,12,48,0,24,0
16-01 15:04:53,15.753,17.003,66.512,0,0,1694528,715624,178684,5335800,8115.476,1858.338,0,0,0,0,6294,6319,1.580,1.540,0.910,1,0,266.048,0,0,12,48,0,24,0
16-01 15:04:54,14.710,12.466,71.304,0.249,0,1654636,755396,178684,5335936,6986.779,1615.556,0,578.409,0,38.893,4976,6148,1.580,1.540,0.910,0,0,251.309,0,0,12,64,0,18,0
16-01 15:04:55,7.757,11.511,79.823,0,0,1657524,752480,178684,5336396,11003.068,1621.484,0,0,0,0,4489,4677,1.580,1.540,0.910,2,0,204.187,0,0,14,64,0,18,0
16-01 15:04:56,15.779,12.773,69.628,0,0,1646608,763368,178684,5335988,8632.852,1622.980,0,3823.020,0,239.440,5245,5159,1.580,1.540,0.910,1,0,222.408,0,0,14,66,0,18,0
16-01 15:04:57,9.001,20.252,69.256,0.250,0,1643228,766700,178688,5336024,8784.754,1620.139,0,3464.297,0,103.009,6424,4899,1.540,1.530,0.910,1,0,401.034,0,0,14,66,0,18,0
16-01 15:04:58,14.995,19.243,64.977,0,0,1649760,760136,178688,5336396,6697.679,1607.443,0,227.921,0,18.993,6551,6838,1.540,1.530,0.910,1,0,303.895,0,0,14,66,0,16,0
16-01 15:04:59,26.466,19.725,53.182,0,0,1700776,709072,178700,5336088,9209.182,1617.924,0,119.846,0,4.994,5797,4745,1.540,1.530,0.910,2,0,402.483,0,0,14,66,0,16,0
16-01 15:05:00,31.229,21.985,45.719,0,0,1771816,637852,178740,5336188,6593.504,1510.970,0,295.798,0,5.996,6611,5135,1.540,1.530,0.910,3,0,544.629,0,0,14,66,0,16,0
16-01 15:05:01,31.017,26.014,42.273,0,0,1896236,511880,178776,5337936,6285.472,1620.895,0,76.042,0,15.008,8025,9900,1.540,1.530,0.910,3,0,490.271,0,0,14,70,0,18,0
16-01 15:05:02,51.581,17.778,30.047,0.250,0,2002984,405072,178776,5338076,8614.445,1622.532,32.050,0,3.005,0,5611,4996,1.570,1.540,0.920,5,0,221.345,0,0,14,70,0,17,0
16-01 15:05:03,68.251,24.500,7.500,0,0,2102088,305528,178788,5338472,9929.186,1976.037,0,1788.034,0,14.000,5916,4941,1.570,1.540,0.920,4,0,579.011,0,0,14,70,1,17,0
16-01 15:05:04,62.896,18.220,17.721,0,0,2185684,220900,178816,5339300,5689.559,1691.194,0,986.363,0,18.969,5898,8271,1.570,1.540,0.920,4,0,258.571,0,0,14,70,1,17,0
16-01 15:05:05,69.308,26.022,2.252,1.501,0,2305672,181428,173136,5265576,11142.310,1695.417,632.528,1449.211,61.051,93.078,5928,5700,1.570,1.540,0.920,5,0,536.448,0,0,14,74,1,17,0
16-01 15:05:06,68.947,20.234,5.995,4.996,0,2440968,183916,170876,5133636,7326.362,1692.697,347.732,8049.805,31.975,751.422,10683,14522,1.570,1.540,0.920,7,1,181.860,0,0,14,74,1,16,0
16-01 15:05:07,63.567,25.026,5.756,5.756,0,2519628,166920,170664,5073732,12282.878,1641.721,2230.338,33555.180,129.135,2323.436,17540,25445,2.410,1.710,0.980,5,1,425.446,0,0,14,76,1,16,0
16-01 15:05:08,73.456,22.237,2.998,0.500,0,2630288,127164,170276,5005416,8718.753,1692.981,2230.658,5456.716,51.969,250.849,10177,18440,2.410,1.710,0.980,5,0,284.829,0,0,14,87,1,22,0
16-01 15:05:09,62.058,23.272,11.511,2.502,0,2714680,161776,169728,4889152,7630.162,1733.627,6486.088,1773.665,172.162,105.099,7712,9633,2.410,1.710,0.980,5,0,437.411,0,0,14,93,2,25,0
16-01 15:05:10,53.932,25.718,19.725,0.999,0,2822080,125660,169728,4819708,9179.494,1765.787,11.985,1218.473,2.996,62.921,8287,10812,2.410,1.710,0.980,3,0,519.349,0,0,14,93,2,25,0
16-01 15:05:11,43.967,15.489,37.472,1.749,0,2885804,130120,169740,4753168,8101.990,1692.744,2258.325,679.496,36.973,32.976,6040,6688,2.410,1.710,0.980,4,0,204.848,0,0,14,95,2,25,0
16-01 15:05:12,63.657,11.779,20.049,3.759,0.251,3040544,175824,169752,4556768,5784.262,1740.291,1070.640,8537.049,53.131,392.969,6218,7912,2.780,1.800,1.010,2,0,83.205,0,0,14,98,2,28,0
16-01 15:05:13,21.953,14.968,60.620,1.247,0,3076320,206452,169764,4491700,9713.241,1780.195,3.991,8022.854,0.998,426.089,6439,6159,2.780,1.800,1.010,2,0,267.428,0,0,14,101,2,28,0
16-01 15:05:14,7.756,20.265,70.801,0,0.250,3098152,184576,169764,4491744,7391.315,1769.272,8.006,372.268,2.001,19.014,6022,4604,2.780,1.800,1.010,1,0,388.279,0,0,14,101,2,24,0
16-01 15:05:15,9.237,17.725,70.648,0,0,3116544,166088,169768,4491836,9180.796,1563.751,19.971,119.828,4.993,10.984,5341,3980,2.780,1.800,1.010,1,0,334.519,0,0,14,101,2,24,0
16-01 15:05:16,19.994,4.499,74.728,0,0,3168136,180316,169768,4427588,7438.858,3662.945,7.998,3.999,1.000,1.000,1864,1228,2.780,1.800,1.010,0,0,0,0,0,14,102,2,24,0
16-01 15:05:17,19.505,2.751,76.519,0.500,0.250,3104428,243968,169772,4427644,29197.163,22023.403,44.011,7657.879,5.001,466.114,3532,2771,2.630,1.790,1.010,1,0,5.001,0,0,14,103,2,25,0
16-01 15:05:18,20.495,6.748,72.483,0,0,3157232,191148,169772,4427660,44232.901,1511.655,0,199.954,0,12.997,2729,2003,2.630,1.790,1.010,1,0,59.986,0,0,14,105,2,24,0
16-01 15:05:19,16.249,2.500,79.243,0.250,0,3168976,179384,169772,4427684,49521.432,8105.252,0,263.976,0,34.997,2461,2590,2.630,1.790,1.010,4,0,3.000,0,0,14,114,2,24,0
16-01 15:05:20,23.772,5.255,69.563,1.251,0,3173664,173124,169792,4429184,8488.738,1695.546,1205.099,1553.416,33.030,184.168,4650,6110,2.630,1.790,1.010,1,0,3.003,0,0,14,117,2,24,0
16-01 15:05:21,23.483,7.495,67.202,0.749,0,3153836,192728,169792,4429408,9355.384,2761.047,0,1335.056,0,125.911,4960,5572,2.630,1.790,1.010,1,0,79.943,0,0,14,116,2,26,0
16-01 15:05:22,25.263,5.503,68.036,0,0,3197448,149108,169796,4429412,8854.704,1694.900,0,1196.636,0,48.026,2757,2129,2.740,1.820,1.020,2,0,35.019,0,0,14,120,2,22,0
16-01 15:05:23,26.732,4.497,67.453,0.500,0,3263072,149472,169800,4365012,14039.308,8033.454,39.972,1478.979,3.997,106.926,3405,3626,2.740,1.820,1.020,1,0,2.998,0,0,14,125,2,22,0
16-01 15:05:24,19.755,4.501,73.770,0.500,0,3275872,136648,169800,4365036,7865.123,3695.998,4.001,4117.111,1.000,113.031,4173,5364,2.740,1.820,1.020,1,0,8.002,0,0,14,127,2,22,0
16-01 15:05:25,39.480,12.744,47.476,0.500,0,3324212,151164,169684,4303744,9504.261,2854.577,0,1015.494,0,91.954,4673,3966,2.740,1.820,1.020,2,0,99.950,0,0,14,128,2,23,0
16-01 15:05:26,38.250,4.750,55.750,0,0.250,3376768,162132,169684,4241980,15733.046,7236.021,180.001,424.001,1.000,25.000,2791,1607,2.740,1.820,1.020,1,0,0,0,0,14,129,2,19,0
16-01 15:05:27,20.013,5.003,73.299,0.250,0,3338908,199964,169684,4242008,26262.458,18276.149,8.005,4378.911,2.001,397.264,3515,2690,2.840,1.860,1.040,1,0,56.037,0,0,14,128,2,20,0
16-01 15:05:28,19.223,1.997,77.890,0,0,3372940,165944,169684,4242012,15039.754,7333.640,0,95.865,0,11.983,1760,1263,2.840,1.860,1.040,2,0,0,0,0,14,129,2,20,0
16-01 15:05:29,25.315,8.271,66.672,0.251,0,3381208,157488,169684,4242184,25965.960,18319.241,24.062,1515.909,2.005,4.010,3888,12231,2.840,1.860,1.040,1,0,87.225,0,0,14,128,2,22,0
16-01 15:05:30,18.768,2.502,77.825,0,0,3407556,131112,169684,4242196,14815.239,7235.955,4.004,180.173,1.001,3.003,1830,1244,2.840,1.860,1.040,1,0,0,0,0,14,129,2,22,0
16-01 15:05:31,16.711,6.984,74.078,0.499,0,3345024,193544,169688,4242292,9979.818,3580.682,51.879,1779.866,3.991,148.655,4039,4405,2.840,1.860,1.040,1,0,81.810,0,0,14,128,2,22,0
16-01 15:05:32,26.053,5.511,68.140,0.501,0,3403140,135392,169688,4242328,6652.652,2238.594,0,264.543,0,20.041,4538,6749,2.700,1.850,1.040,3,0,30.062,0,0,14,143,2,22,2
16-01 15:05:33,18.460,4.241,75.834,0,0,3393264,145224,169688,4242372,28824.886,23257.077,0,231.493,0,13.969,3660,4420,2.700,1.850,1.040,1,0,55.878,0,0,14,136,2,27,0
16-01 15:05:34,21.222,4.494,74.154,0,0,3450312,151168,169688,4180932,9932.127,3079.009,0,179.767,0,11.984,2041,1487,2.700,1.850,1.040,2,0,0,0,0,14,137,2,27,0
16-01 15:05:35,17.261,3.502,76.048,1.001,0,3445428,155800,169692,4181180,14782.390,6717.267,24.015,1641.042,5.003,242.154,4658,6189,2.700,1.850,1.040,2,1,1.001,0,0,14,138,2,27,0
16-01 15:05:36,24.020,7.757,65.556,1.001,0,3397324,203808,169696,4181256,13302.275,2862.426,0,6745.718,0,465.394,6659,9629,2.700,1.850,1.040,1,0,53.045,0,0,14,137,2,29,0
16-01 15:05:37,21.488,2.998,74.959,0,0,3412512,188620,169696,4181256,7860.688,3588.032,0,343.811,0,13.992,1828,1275,2.560,1.830,1.040,0,0,0.999,0,0,14,138,2,29,0
16-01 15:05:38,16.045,2.256,80.223,0.501,0,3414556,186516,169696,4181316,18606.634,9668.831,48.134,3040.437,3.008,311.865,2848,2357,2.560,1.830,1.040,1,0,1.003,0,0,14,138,2,29,0
16-01 15:05:39,23.687,4.737,68.069,0.748,0,3415020,186012,169696,4181356,7899.958,1755.325,0,1244.685,0,132.647,5524,7791,2.560,1.830,1.040,2,0,0.997,0,0,14,138,2,29,0
16-01 15:05:40,31.765,7.504,60.028,0,0,3401320,199664,169696,4181440,6507.049,2486.165,0,1100.516,0,113.053,5889,7638,2.560,1.830,1.040,1,0,69.032,0,0,14,139,2,30,0
16-01 15:05:41,19.242,2.499,77.968,0,0,3439116,161864,169696,4181444,15088.717,7434.904,0,411.829,0,25.989,1843,1389,2.560,1.830,1.040,1,0,0,0,0,14,140,2,30,0
16-01 15:05:42,16.750,7.750,73.750,0.750,0,3423172,177640,169696,4181612,12241.961,5530.982,0,1431.995,0,141.000,4631,5160,2.520,1.830,1.050,1,0,147.000,0,0,14,139,2,31,0
16-01 15:05:43,20.743,3.249,75.223,0.250,0,3473008,127800,169696,4181616,7761.213,3588.711,0,547.803,0,37.986,1977,1446,2.520,1.830,1.050,1,0,0,0,0,14,142,2,31,0
16-01 15:05:44,16.253,2.250,79.765,0.250,0,3456776,144004,169704,4181636,18614.490,11047.071,4.001,888.167,1.000,41.008,2701,2787,2.520,1.830,1.050,2,0,0,0,0,14,142,2,31,0
16-01 15:05:45,26.505,6.501,64.762,1.000,0,3455492,145224,169704,4181700,7410.397,1694.319,0,1288.243,0,144.027,7645,11160,2.520,1.830,1.050,1,0,0,0,0,14,144,2,31,0
16-01 15:05:46,37.785,17.016,43.291,0.751,0,3384900,215540,169708,4181908,11037.353,3485.269,48.045,2170.035,3.003,202.190,11839,17149,2.520,1.830,1.050,2,0,289.271,0,0,14,143,2,32,0
16-01 15:05:47,25.723,4.995,67.429,0.999,0,3450916,149512,169708,4181920,7673.963,1794.121,0,6429.267,0,426.553,4138,4659,2.470,1.840,1.050,2,0,0.999,0,0,14,143,2,32,0
16-01 15:05:48,15.030,6.262,76.902,0,0,3438984,161304,169708,4182060,47785.281,9125.004,0,196.387,0,11.022,3035,2415,2.470,1.840,1.050,1,0,87.172,0,0,14,143,2,33,0
16-01 15:05:49,9.258,20.017,69.810,0,0,3367068,233184,169708,4182096,43379.497,1711.479,0,192.166,0,8.007,5971,4458,2.470,1.840,1.050,1,0,371.321,0,0,14,143,2,33,0
16-01 15:05:50,14.744,18.242,66.221,0,0,3374684,225544,169708,4182460,8559.235,1619.288,0,27.988,0,6.997,6238,6404,2.470,1.840,1.050,2,0,275.879,0,0,14,143,2,33,0
16-01 15:05:51,28.178,18.951,52.116,0,0,3441160,159024,169708,4182164,7013.000,1615.853,0,398.976,0,20.946,6041,5562,2.470,1.840,1.050,4,0,387.007,0,0,14,145,2,33,0
16-01 15:05:52,32.587,23.814,42.113,0,0,3493928,168116,169720,4122240,10393.787,1640.385,0,160.429,0,17.046,7032,7782,2.520,1.860,1.060,1,1,476.273,0,0,14,148,2,33,0
16-01 15:05:53,33.759,15.754,49.763,0.250,0,3536664,186204,169720,4062768,8125.169,1566.418,40.011,624.167,4.001,37.010,6202,6952,2.520,1.860,1.060,3,0,251.067,0,0,16,151,2,33,0
16-01 15:05:54,58.871,26.692,13.969,0,0,3682384,151188,169544,3954632,9408.429,1616.466,19.956,626.630,4.989,51.887,7900,13094,2.520,1.860,1.060,3,0,557.780,0,0,16,157,2,33,0
16-01 15:05:55,60.604,20.285,17.781,0,0,3760292,151332,169512,3877164,7414.734,1568.694,8.014,412.709,2.003,30.052,7925,12390,2.520,1.860,1.060,4,0,276.475,0,0,16,173,2,33,0
16-01 15:05:56,39.268,23.010,37.267,0,0,3837740,127828,169512,3823608,7492.360,1620.727,0,492.221,0,13.006,7656,7058,2.520,1.860,1.060,2,0,531.238,0,0,16,173,2,33,0
16-01 15:05:57,26.000,22.750,51.250,0,0,3863588,146424,169516,3779968,8713.011,1710.002,0,368.000,0,18.000,6566,5319,2.470,1.860,1.070,2,0,496.001,0,0,17,173,2,33,0
16-01 15:05:58,20.509,15.757,62.276,0.250,0,3884688,125284,169516,3779996,7848.297,1620.681,12.005,1368.575,3.001,115.048,6104,7100,2.470,1.860,1.070,2,0,236.099,0,0,17,173,2,33,0
16-01 15:05:59,29.995,23.996,43.992,0.250,0,3936048,125896,169280,3729096,8677.433,1619.707,11.998,5051.088,2.999,697.874,8055,5784,2.470,1.860,1.070,2,0,485.912,0,0,17,173,2,33,0
16-01 15:06:00,42.888,18.950,37.901,0,0,4030432,138572,169296,3624736,10455.579,1631.721,7.979,506.671,1.995,30.919,7302,11515,2.470,1.860,1.070,5,0,258.323,0,0,17,185,2,33,0
16-01 15:06:01,31.825,23.806,42.600,0.752,0.251,4100924,126712,169296,3567260,9935.372,1623.820,180.424,449.056,5.012,24.057,7644,7670,2.470,1.860,1.070,3,0,578.361,0,0,17,189,2,33,0
16-01 15:06:02,32.736,25.739,40.483,0.250,0,4186828,126092,169296,3484032,7919.638,1565.336,15.993,551.766,3.998,37.984,8714,10363,2.520,1.880,1.080,5,0,611.740,0,0,17,195,2,33,0
16-01 15:06:03,11.260,22.270,64.059,0.250,0,4187888,163432,169296,3446892,6310.805,1683.549,0,688.633,0,53.049,7359,7267,2.520,1.880,1.080,1,0,438.403,0,0,17,201,2,31,0
16-01 15:06:04,25.670,13.209,59.065,0.249,0,4230836,120552,169296,3446456,6094.960,1688.725,11.963,9027.799,2.991,539.315,6612,6478,2.520,1.880,1.080,3,0,193.396,0,0,17,201,2,31,0
16-01 15:06:05,46.723,7.496,44.224,1.249,0,4349140,166324,169300,3285724,10973.556,1693.006,463.728,3282.073,9.994,66.961,3773,2706,2.520,1.880,1.080,3,0,8.995,0,0,17,217,2,31,0
16-01 15:06:06,44.505,7.501,46.255,1.500,0,4463272,140072,169300,3198824,10760.210,1694.190,216.024,232.026,11.001,22.002,3566,2274,2.520,1.880,1.080,3,0,5.001,0,0,17,217,2,31,0
16-01 15:06:07,28.833,14.542,54.907,0.251,0,4379320,223520,169300,3199332,10469.986,1789.124,24.069,469.344,3.009,29.083,5211,4881,2.400,1.860,1.080,4,0,310.890,0,0,17,221,2,31,0
16-01 15:06:08,33.675,23.199,41.658,0.748,0,4421720,179284,169308,3201160,10046.774,4008.133,945.907,435.038,10.976,31.929,8398,10137,2.400,1.860,1.080,4,0,510.870,0,0,17,224,2,31,0
16-01 15:06:09,42.475,22.487,32.231,1.249,0,4378128,257500,169320,3167392,16002.526,7937.301,1235.269,1179.302,19.988,51.969,8264,9738,2.400,1.860,1.080,2,0,321.809,0,0,17,229,1,33,0
16-01 15:06:10,70.665,14.982,11.236,2.747,0,4551820,126244,169312,3126584,8198.083,1691.953,483.415,479.420,12.984,22.972,5255,4638,2.400,1.860,1.080,4,0,158.808,0,0,17,236,1,33,0
16-01 15:06:11,56.457,12.295,23.084,7.778,0,4660744,139364,169344,3006780,16232.399,11788.136,1517.553,959.511,48.176,44.162,5018,4673,2.400,1.860,1.080,3,2,20.073,0,0,17,243,1,33,0
16-01 15:06:12,47.730,10.496,20.991,20.741,0,4655608,174388,169388,2978720,7192.949,2304.023,5565.640,1599.322,387.836,89.962,5559,4765,2.520,1.900,1.090,4,0,29.987,0,0,17,244,1,25,0
16-01 15:06:13,48.261,18.254,31.757,0.250,0,4680536,181144,169408,2947508,15913.505,7345.618,620.137,704.155,62.014,56.012,7774,9429,2.520,1.900,1.090,3,0,315.069,0,0,17,244,1,29,0
16-01 15:06:14,33.452,21.558,43.611,0.496,0,4623220,236816,169408,2949120,14634.442,6862.775,67.399,8575.496,3.965,77.310,7629,8982,2.520,1.900,1.090,4,0,389.525,0,0,17,243,1,30,0
16-01 15:06:15,49.370,20.907,28.967,0.252,0,4716376,141700,169412,2951032,14938.956,7399.453,4.030,330.477,1.008,17.128,7139,8305,2.520,1.900,1.090,4,0,394.960,0,0,17,244,1,30,0
16-01 15:06:16,53.189,25.970,19.228,0.749,0,4694644,243444,169412,2873712,15588.103,6870.112,51.940,926.936,5.993,59.931,7507,9346,2.520,1.900,1.090,4,0,436.499,0,0,17,247,1,28,0
16-01 15:06:17,63.387,19.793,12.276,4.009,0,4795532,139088,169888,2876144,9767.041,1659.575,1567.377,745.606,74.160,36.078,7681,11465,2.720,1.950,1.110,6,0,267.576,0,0,17,250,1,30,0
16-01 15:06:18,48.460,26.228,25.479,0,0,4857556,145516,169888,2809532,54111.447,12521.690,15.987,919.243,3.997,59.951,7593,8718,2.720,1.950,1.110,3,0,469.613,0,0,17,251,1,31,0
16-01 15:06:19,59.137,20.297,18.042,1.253,0,4878616,135580,169892,2798708,41185.683,1623.772,633.472,777.807,36.084,45.105,8646,14180,2.720,1.950,1.110,6,0,258.601,0,0,17,259,1,32,0
16-01 15:06:20,62.750,17.000,19.500,0,0,5006732,126120,169900,2681504,19377.968,11489.981,527.999,743.999,11.000,20.000,8597,15808,2.720,1.950,1.110,3,0,108.000,0,0,17,260,1,31,0
16-01 15:06:21,58.579,7.977,31.907,0.748,0,5030832,135548,169904,2648964,15927.637,9175.292,705.945,506.526,45.866,33.901,4805,4197,2.720,1.950,1.110,3,0,11.965,0,0,17,265,1,33,0
16-01 15:06:22,58.077,9.472,28.914,2.243,0,5113784,141024,169628,2562324,16543.592,10088.869,1830.533,793.630,74.777,85.744,6216,8273,2.910,2,1.140,2,0,11.964,0,0,17,270,1,38,0
16-01 15:06:23,48.686,27.104,21.582,1.757,0,5021652,230648,169776,2564564,16072.424,6414.514,2726.420,1540.889,46.176,67.257,8517,10348,2.910,2,1.140,5,0,504.930,0,0,17,269,1,39,0
16-01 15:06:24,51.447,24.475,22.726,0.749,0,5089456,160652,169888,2566864,13515.960,7336.379,2481.422,5857.915,37.961,598.378,7962,8229,2.910,2,1.140,3,0,384.600,0,0,17,270,1,37,0
16-01 15:06:25,61.825,19.524,17.271,0.501,0,5077128,172732,169896,2567136,16623.032,6813.210,632.763,1233.486,16.019,51.062,6790,7909,2.910,2,1.140,6,0,242.292,0,0,18,269,1,38,0
16-01 15:06:26,77.130,15.025,3.255,4.508,0,5197940,143244,169896,2478048,10594.863,3541.972,3213.418,3217.425,169.285,196.331,6656,6180,2.910,2,1.140,3,0,23.039,0,0,18,277,1,38,0
16-01 15:06:27,71.924,10.169,11.161,6.448,0,5283808,153440,169908,2384188,16849.959,10481.002,1948.385,1916.639,101.189,119.046,6651,6152,3.070,2.050,1.160,6,0,10.913,0,0,18,278,1,39,0
16-01 15:06:28,67.228,16.305,15.051,0.502,0,5302800,132992,169928,2385756,10388.156,2113.151,1103.735,1208.089,32.109,87.295,7417,8075,3.070,2.050,1.160,2,0,227.771,0,0,18,283,1,38,0
16-01 15:06:29,35.626,9.785,52.185,1.756,0,5354284,144620,170056,2327228,21063.717,12594.676,1071.802,15980.687,19.068,1016.606,5492,5849,3.070,2.050,1.160,5,0,42.150,0,0,18,286,1,38,0
16-01 15:06:30,42.550,10.012,46.055,0.250,0,5322752,176088,170056,2324700,27458.559,6871.148,564.670,452.537,8.009,33.039,4899,10524,3.070,2.050,1.160,3,0,15.018,0,0,18,289,1,40,0
16-01 15:06:31,41.342,7.471,49.062,0,0,5348432,137676,170056,2337416,13223908.548,110519.752,765.070,3785.503,5.977,25.901,9112,4092,3.070,2.050,1.160,0,0,6.973,0,0,18,289,1,40,0
16-01 15:06:32,32.329,15.287,49.872,1.754,0,5321552,158948,170060,2343004,3383533.999,28858.399,2301.615,842.054,28.068,73.179,6877,5748,2.910,2.030,1.160,2,0,265.648,0,0,18,293,1,38,0
16-01 15:06:33,38.802,4.005,55.325,0.250,0,5391568,142692,170060,2291820,20463.562,13085.625,0,376.507,0,34.046,3612,2718,2.910,2.030,1.160,3,0,0,0,0,18,295,1,38,0
16-01 15:06:34,29.094,4.725,64.156,0.746,0,5341876,191724,170060,2292484,19365.043,84384.003,465.501,11546.018,27.850,94.493,5552,7042,2.910,2.030,1.160,1,0,37.797,0,0,18,297,1,41,0
16-01 15:06:35,2.753,1.251,93.611,0,0,5344452,189144,170060,2292488,411063.255,16332808.127,0,372.441,0,23.027,2898,1940,2.910,2.030,1.160,0,0,0,0,0,18,297,1,41,0
16-01 15:06:36,1.250,0.500,96.727,0,0,5344452,189144,170060,2292488,10270.543,1619.613,0,283.932,0,13.997,1200,1663,2.910,2.030,1.160,0,0,0,0,0,18,297,1,34,0
16-01 15:06:37,3.262,1.004,93.587,0.502,0,5340712,192880,170060,2292492,144933.369,3091.120,0,1629.863,0,119.430,2154,2902,2.670,2,1.150,1,0,2.007,0,0,18,304,1,34,0
16-01 15:06:38,23.669,3.488,70.009,0.498,0,5303692,213756,170072,2308592,16325623.673,104581.444,47.836,1148.053,2.990,99.657,11127,10387,2.670,2,1.150,2,0,1.993,0,0,18,301,1,37,0
16-01 15:06:39,10.501,19.502,67.758,0.750,0,5267400,249896,170072,2308712,9403.166,1586.197,60.007,292.036,4.000,21.003,6457,5718,2.670,2,1.150,1,0,466.058,0,0,18,301,1,37,0
16-01 15:06:40,23.335,3.513,72.265,0.251,0,5319552,197744,170072,2308712,9307.096,1625.957,0,244.897,0,17.063,2269,1953,2.670,2,1.150,1,0,0,0,0,18,301,1,36,0
16-01 15:06:41,9.240,18.980,70.176,0,0,5290816,226440,170072,2308752,8061.467,1712.188,0,16314.731,0,53.943,6006,4688,2.670,2,1.150,1,0,333.647,0,0,18,301,1,36,0
16-01 15:06:42,7.728,16.454,74.042,0.249,0,5281236,235960,170072,2308812,8124.221,1615.471,15.955,490.624,0.997,37.894,5562,4785,2.700,2.020,1.160,0,0,336.058,0,0,18,305,1,36,0
16-01 15:06:43,4.267,2.510,91.612,0,0,5288724,228468,170072,2308816,7151.287,1572.219,0,96.381,0,10.040,1498,1848,2.700,2.020,1.160,1,0,9.036,0,0,18,305,1,36,0
16-01 15:06:44,22.413,2.988,73.962,0.249,0,5338736,178452,170072,2308820,12093.886,3576.069,0,4733.560,0,93.635,2478,1998,2.700,2.020,1.160,1,0,0,0,0,18,306,1,35,0
16-01 15:06:45,16.509,6.754,76.040,0,0,5314192,202780,170072,2309036,14954.877,8668.566,64.034,0,4.002,0,3530,3208,2.700,2.020,1.160,2,0,89.047,0,0,18,309,1,36,0
16-01 15:06:46,12.495,16.744,68.975,0,0,5306764,209792,170076,2309416,9850.431,1689.388,15.994,7.997,3.999,1.999,5592,4385,2.700,2.020,1.160,1,0,217.921,0,0,18,309,1,36,0
16-01 15:06:47,12.036,17.052,70.714,0,0,5301444,214992,170076,2309508,9152.741,1516.597,0,168.511,0,13.040,5583,4394,2.560,2,1.160,1,0,204.620,0,0,18,309,1,36,0
16-01 15:06:48,19.683,8.222,69.263,0.997,0,5303964,212420,170076,2309560,44423.982,1614.475,19.932,629.845,1.993,59.795,3981,3615,2.560,2,1.160,1,0,93.679,0,0,18,313,1,34,0
16-01 15:06:49,23.759,4.001,71.777,0.250,0,5370104,146280,170076,2309560,42851.045,1620.607,104.039,11940.471,1.000,28.010,2416,1981,2.560,2,1.160,2,0,0,0,0,18,313,1,34,0
16-01 15:06:50,23.741,2.999,70.972,0.750,0,5273128,242880,170076,2309936,6423.478,1619.364,259.898,3950.449,9.996,512.799,3618,2716,2.560,2,1.160,1,0,8.996,0,0,18,313,1,34,0
16-01 15:06:51,23.502,3.000,71.757,0.500,0,5338016,177956,170076,2309972,10378.957,1620.149,20.002,152.014,4.000,9.001,2310,1978,2.560,2,1.160,1,0,0,0,0,18,313,1,34,0
16-01 15:06:52,20.501,4.250,74.504,0,0,5372096,143876,170076,2309972,9101.516,3576.203,0,160.009,0,16.001,2488,2295,2.520,2,1.160,0,0,3.000,0,0,18,316,1,34,0
16-01 15:06:53,15.536,1.503,82.188,0,0,5375360,140588,170076,2309996,23412.571,18681.746,0,180.413,0,18.041,2703,2721,2.520,2,1.160,1,0,2.005,0,0,18,319,1,36,0
16-01 15:06:54,22.447,5.238,70.834,0,0,5341932,174032,170076,2309996,9581.538,1616.211,0,211.504,0,19.953,2722,2510,2.520,2,1.160,1,0,15.963,0,0,18,313,1,36,0
16-01 15:06:55,23.579,4.264,71.742,0.251,0,5339208,176620,170076,2310132,7678.857,1625.474,0,192.649,0,17.057,2593,2057,2.520,2,1.160,1,0,38.128,0,0,18,313,1,36,0
16-01 15:06:56,7.995,19.988,69.960,0,0,5315776,199896,170084,2310280,10851.725,1511.126,419.757,383.778,7.995,10.994,6077,5051,2.520,2,1.160,3,0,396.771,0,0,18,313,1,36,0
16-01 15:06:57,18.200,8.975,70.557,0.499,0,5320652,194856,170332,2310196,8726.088,1615.573,259.289,259.289,11.967,18.948,4088,3427,2.480,2,1.170,2,0,164.549,0,0,18,313,1,36,0
16-01 15:06:58,19.508,2.751,76.532,0.250,0,5347252,166792,170368,2311624,13370.609,3792.591,96.040,744.312,4.002,52.022,2571,2617,2.480,2,1.170,1,0,17.007,0,0,18,314,1,36,0
16-01 15:06:59,24.252,2.750,72.256,0.250,0,5344896,163040,171028,2316944,10239.807,1794.141,128.010,864.068,4.000,11.001,2364,1926,2.480,2,1.170,1,0,3.000,0,0,18,313,1,36,0
16-01 15:07:00,18.493,1.999,78.221,0,0,5356100,150612,171052,2318144,14194.819,4549.340,0,367.866,0,6.997,2170,1924,2.480,2,1.170,2,0,15.994,0,0,18,314,1,36,0
16-01 15:07:01,23.746,5.999,68.489,0.250,0,5335272,165640,171648,2323184,9834.406,1739.718,0,847.863,0,12.998,9888,18080,2.480,2,1.170,1,0,15.997,0,0,18,313,1,36,0
16-01 15:07:02,17.756,3.251,77.524,0.250,0,5337120,163332,171688,2323604,16829.226,4552.414,52.016,712.221,8.002,9.003,3982,5917,2.280,1.970,1.160,2,0,5.002,0,0,18,314,1,36,0
16-01 15:07:03,22.754,6.751,69.511,0.250,0,5333196,167108,171732,2323692,8457.312,1694.263,0,640.099,0,20.003,7957,14021,2.280,1.970,1.160,1,0,15.002,0,0,18,314,1,36,0
16-01 15:07:04,16.538,10.775,70.913,0,0,5289112,222772,171812,2312108,8837.295,1764.051,0,1210.781,0,31.071,4512,3894,2.280,1.970,1.160,4,0,196.451,0,0,18,313,1,36,0
16-01 15:07:05,22.180,6.230,70.030,0.498,0,5338592,173292,171812,2312108,9388.477,1688.690,0,2492.163,0,116.633,3257,3016,2.280,1.970,1.160,2,0,68.784,0,0,18,313,1,36,0
16-01 15:07:06,18.514,1.751,77.809,0,0,5353856,157704,171812,2312432,14236.801,10392.885,0,0,0,0,2224,1902,2.280,1.970,1.160,1,0,0,0,0,18,317,1,37,0
16-01 15:07:07,22.248,10.249,66.244,0.250,0,5303716,207660,171812,2312616,11488.917,3295.689,47.995,219.979,3.000,17.998,5357,6583,2.180,1.950,1.160,1,0,113.989,0,0,18,315,1,39,0
16-01 15:07:08,22.743,3.249,72.478,0.250,0,5337132,174144,171812,2312716,13495.983,7415.793,79.976,355.894,3.999,35.989,3348,3376,2.180,1.950,1.160,1,0,1.000,0,0,18,316,1,39,0
16-01 15:07:09,22.504,6.751,70.263,0,0,5353032,158232,171812,2312728,11535.132,4482.829,0,340.063,0,34.006,3770,3620,2.180,1.950,1.160,1,0,71.013,0,0,18,315,1,40,0
16-01 15:07:10,20.554,2.757,75.949,0,0,5379828,131428,171812,2312736,13668.792,7383.333,0,156.410,0,12.032,2371,2050,2.180,1.950,1.160,1,0,1.003,0,0,18,318,1,40,0
16-01 15:07:11,19.748,5.749,72.993,0.250,0,5364772,146464,171812,2312756,17100.326,8955.123,0,2095.795,0,338.967,3677,2961,2.180,1.950,1.160,2,0,55.995,0,0,18,317,1,41,0
16-01 15:07:12,19.950,1.746,77.059,0.249,0,5360324,150908,171812,2312760,13800.755,7218.089,0,279.307,0,10.973,2197,1857,2.080,1.930,1.160,1,0,0,0,0,18,318,1,41,0
16-01 15:07:13,19.738,5.247,72.705,0.500,0,5340372,170840,171812,2312780,11495.845,6181.153,11.993,231.856,0.999,14.991,2873,2434,2.080,1.930,1.160,1,0,31.980,0,0,18,317,1,37,0
16-01 15:07:14,20.012,2.752,76.796,0,0,5346252,164956,171812,2312784,11641.908,7422.404,0,0,0,0,2216,1831,2.080,1.930,1.160,1,0,0,0,0,18,318,1,37,0
16-01 15:07:15,15.005,5.502,77.523,0.250,0.250,5326336,184712,171812,2312944,15763.777,6812.064,0,476.144,0,43.013,3181,3323,2.080,1.930,1.160,1,0,47.014,0,0,18,317,1,38,0
16-01 15:07:16,21.236,2.748,74.702,0,0,5376928,134116,171812,2312948,8860.333,3587.705,0,111.928,0,8.994,2214,1892,2.080,1.930,1.160,1,0,0,0,0,18,318,1,38,0
16-01 15:07:17,19.256,6.002,74.274,0.250,0,5353612,157276,171812,2313104,19225.195,9966.211,0,200.064,0,15.005,3102,2791,1.910,1.900,1.150,3,0,33.011,0,0,18,317,1,39,0
16-01 15:07:18,22.488,2.749,73.462,0.250,0,5367448,143408,171812,2313136,45642.362,3534.170,31.983,327.830,1.999,36.981,2733,2751,1.910,1.900,1.150,0,0,0,0,0,18,318,1,39,0
16-01 15:07:19,15.505,1.250,80.774,0.250,0.250,5363368,147464,171812,2313160,54240.247,10569.166,0,368.110,0,40.012,2833,3020,1.910,1.900,1.150,1,0,0,0,0,18,317,1,40,0
16-01 15:07:20,20.564,7.774,70.719,0,0,5390276,120544,171812,2313172,8948.707,1516.696,0,1596.944,0,111.345,3276,2728,1.910,1.900,1.150,1,0,88.273,0,0,18,319,1,40,0
16-01 15:07:21,19.444,2.244,77.527,0,0,5334200,207700,171812,2282972,28517.152,23853.537,0,115.668,0,8.974,2387,2143,1.910,1.900,1.150,1,0,0,0,0,18,319,1,37,0
16-01 15:07:22,20.503,6.251,71.509,0.250,0,5311840,230036,171812,2282996,8780.094,1694.211,8.001,432.054,2.000,30.004,3037,2750,1.840,1.890,1.150,1,0,47.006,0,0,18,319,1,37,0
16-01 15:07:23,18.748,2.500,77.242,0.250,0,5326424,215076,171812,2283372,21379.732,10419.895,367.961,171.982,20.998,18.998,2718,2667,1.840,1.890,1.150,2,0,1.000,0,0,18,319,1,38,1
16-01 15:07:24,22.332,5.520,71.011,0.251,0,5352980,188516,171812,2283376,9043.254,1692.223,0,273.004,0,24.089,2847,2564,1.840,1.890,1.150,2,0,18.066,0,0,18,319,1,39,0
16-01 15:07:25,17.194,2.243,78.496,0,0,5365004,176352,171812,2283516,20696.992,8155.595,127.587,159.484,7.974,11.961,2546,2373,1.840,1.890,1.150,2,0,2.990,0,0,18,320,1,31,0
16-01 15:07:26,24.579,5.769,67.970,0.752,0,5318768,220892,171812,2285212,9656.230,2923.455,1621.243,1585.127,56.182,193.626,6477,8996,1.840,1.890,1.150,1,0,7.023,0,0,18,321,1,32,0
16-01 15:07:27,20.440,2.493,75.529,0.499,0,5358344,181312,171812,2285216,17754.163,7322.620,0,2385.036,0,348.981,3166,2412,1.850,1.890,1.160,1,0,0.997,0,0,18,322,1,32,0
16-01 15:07:28,19.284,4.508,73.630,1.252,0,5356764,182352,171812,2285756,11125.664,5584.871,352.623,2804.958,17.030,214.379,4624,6334,1.850,1.890,1.160,3,0,0,0,0,18,322,1,32,0
16-01 15:07:29,11.253,19.505,68.016,0.250,0,5337212,201868,171812,2285792,8763.122,2738.663,4.001,864.209,1.000,79.019,6693,6238,1.850,1.890,1.160,1,0,513.124,0,0,18,321,1,31,0
16-01 15:07:30,13.205,24.418,60.795,0,0,5336364,202688,171812,2285820,8734.493,1656.404,0,518.249,0,35.879,7983,16031,1.850,1.890,1.160,1,0,704.620,0,0,18,321,1,32,0
16-01 15:07:31,8.286,24.103,67.037,0.251,0,5330068,208952,171812,2285852,9758.820,1626.972,0,1614.921,0,106.456,7448,6793,1.850,1.890,1.160,1,0,621.664,0,0,18,321,1,32,0
16-01 15:07:32,8.496,22.739,67.466,0.250,0,5316892,222088,171812,2285892,6185.905,1619.190,0,227.886,0,22.988,7030,6134,1.790,1.870,1.160,1,0,595.702,0,0,18,321,1,32,0
16-01 15:07:33,9.755,21.511,67.534,0,0,5307588,231360,171812,2285924,9857.976,1620.818,0,260.131,0,14.007,7057,6086,1.790,1.870,1.160,1,0,584.295,0,0,18,321,1,29,0
16-01 15:07:34,9.003,22.008,67.775,0,0,5305264,233652,171812,2285956,9209.329,1620.586,0,36.013,0,9.003,7040,6050,1.790,1.870,1.160,1,0,563.204,0,0,18,321,1,29,0
16-01 15:07:35,13.192,11.450,70.941,2.987,0.249,5296836,317872,171812,2215608,9643.937,1612.965,836.352,1676.687,83.635,12.944,4239,3693,1.790,1.870,1.160,3,0,180.214,0,0,18,321,1,29,0
16-01 15:07:36,18.017,5.255,71.818,3.754,0,5300972,331984,171812,2204016,7447.065,1567.487,7066.705,2134.025,540.513,9.009,3490,3171,1.790,1.870,1.160,1,0,4.004,0,0,18,321,1,29,0
16-01 15:07:37,20.248,3.000,74.741,0,0,5315032,315356,171812,2206584,10579.718,2957.642,15.998,979.881,3.000,21.997,2665,2493,1.800,1.880,1.160,0,0,16.998,0,0,18,322,1,29,0
16-01 15:07:38,14.496,1.999,80.729,2.249,0,5329524,299984,171812,2207464,23045.925,10808.151,739.805,1559.589,51.986,82.978,2597,2878,1.800,1.880,1.160,1,0,1.000,0,0,18,322,1,26,0
16-01 15:07:39,8.744,1.749,85.691,2.498,0,5329304,299284,171812,2208380,20684.677,10189.944,519.640,1391.037,49.965,66.954,2174,2518,1.800,1.880,1.160,0,0,0.999,0,0,18,322,1,26,0
16-01 15:07:40,17.008,0.750,79.285,1.751,0,5360116,267532,171812,2209316,19650.722,7845.482,772.343,900.400,36.016,33.015,2155,1941,1.800,1.880,1.160,0,0,0,0,0,18,322,1,26,0
16-01 15:07:41,14.804,1.004,81.048,1.756,0,5360008,266776,171824,2210156,24582.414,10434.378,754.776,1493.493,58.214,46.170,2273,2122,1.800,1.880,1.160,1,0,0,0,0,18,322,1,26,0
16-01 15:07:42,13.946,1.743,79.440,3.486,0,5362680,262996,171912,2211168,20790.877,9939.218,693.295,2330.905,47.813,259.986,2330,2043,1.660,1.850,1.150,0,0,0,0,0,18,322,1,23,0
16-01 15:07:43,12.543,1.505,79.523,5.519,0,5372352,235276,171988,2229136,18900.965,8054.685,9047.096,883.035,105.362,27.093,2110,1998,1.660,1.850,1.150,1,1,0,0,0,18,322,1,23,0
16-01 15:07:44,15.205,2.493,72.037,9.223,0,5376992,211084,172292,2248384,5740.064,1561.393,6580.584,654.070,77.771,29.912,2177,2056,1.660,1.850,1.150,1,0,0.997,0,0,18,322,1,23,0
16-01 15:07:45,23.792,3.005,71.876,0.250,0,5385512,187760,173320,2261992,5917.374,1622.845,0,1979.470,0,44.077,2519,2318,1.660,1.850,1.150,1,0,0,0,0,18,322,1,23,0
16-01 15:07:46,23.710,3.245,72.129,0.499,0,5385372,172592,173672,2276664,9145.715,1509.477,0,818.632,0,27.953,2517,2159,1.660,1.850,1.150,1,0,0,0,0,18,322,1,22,0
16-01 15:07:47,23.800,3.257,70.647,1.253,0,5388708,146396,174380,2298548,7699.060,1623.386,0,2557.334,0,123.257,3227,3121,1.610,1.830,1.150,1,0,1.002,0,0,18,322,1,22,0
16-01 15:07:48,23.700,3.992,69.352,0.998,0,5385156,153364,175372,2294796,44020.363,1616.561,0,5671.935,0,251.465,3702,3695,1.610,1.830,1.150,1,0,1.996,0,0,18,324,1,22,0
16-01 15:07:49,24.238,1.999,71.714,0.750,0.250,5391432,134884,176180,2305924,43360.065,1619.181,0,2274.849,0,96.951,2924,2656,1.610,1.830,1.150,1,0,0,0,0,18,324,1,22,0
16-01 15:07:50,23.453,3.493,71.606,0.249,0,5366784,176860,176220,2288468,12559.822,1860.271,0,239.520,0,7.984,2493,1943,1.610,1.830,1.150,1,0,18.962,0,0,18,323,1,22,0
16-01 15:07:51,18.773,2.753,77.596,0,0,5379868,158272,176304,2293896,17200.276,3903.829,0,8834.928,0,229.284,2497,1941,1.610,1.830,1.150,2,0,17.021,0,0,18,323,1,22,0
16-01 15:07:52,22.272,3.754,73.072,0,0,5387024,149996,176328,2294988,5999.912,2698.659,0,344.339,0,6.006,2552,2207,1.560,1.820,1.150,0,0,18.018,0,0,18,324,1,22,0
16-01 15:07:53,20.758,4.252,73.279,0.500,0,5387656,142604,176800,2300924,15897.213,3584.401,0,1720.672,0,136.053,8938,16056,1.560,1.820,1.150,2,0,7.003,0,0,18,323,1,22,0
16-01 15:07:54,23.736,6.246,67.959,0.250,0,5386152,143536,176840,2301396,8788.754,1565.066,0,1910.859,0,25.984,11298,20282,1.560,1.820,1.150,2,0,13.992,0,0,18,323,1,20,0
16-01 15:07:55,21.585,5.522,72.034,0.251,0,5339036,203572,176892,2288576,6022.786,1517.995,0,465.840,0,11.044,3573,4216,1.560,1.820,1.150,1,0,15.059,0,0,18,323,1,20,0
16-01 15:07:56,22.513,4.503,72.290,0.250,0,5352600,190172,176892,2288580,9401.223,1620.901,0,1080.600,0,60.033,3292,3046,1.560,1.820,1.150,1,0,53.029,0,0,18,323,1,20,0
16-01 15:07:57,24.650,5.229,67.476,0,0,5355636,187112,176892,2288604,8561.211,1613.444,0,633.426,0,33.862,10626,19333,1.510,1.800,1.150,2,0,24.899,0,0,18,323,1,20,0
16-01 15:07:58,19.490,2.499,76.210,0.500,0,5355260,181676,176892,2294416,15445.952,3962.935,15.992,1243.352,0.999,38.980,2748,2726,1.510,1.800,1.150,3,0,17.991,0,0,18,325,1,20,0
16-01 15:07:59,19.500,2.750,76.498,0.250,0,5361348,174860,176892,2295144,13063.726,3717.922,0,379.992,0,20.000,2521,2428,1.510,1.800,1.150,2,0,18.000,0,0,18,326,1,20,0
16-01 15:08:00,23.258,4.502,70.025,0,0,5361952,167732,177052,2301252,6655.413,2693.977,0,1120.406,0,27.010,9936,18508,1.510,1.800,1.150,1,0,7.003,0,0,18,325,1,20,0
16-01 15:08:01,21.501,7.250,69.004,0,0,5356864,172352,177052,2301640,10767.698,1620.105,0,472.031,0,9.001,10287,18665,1.510,1.800,1.150,2,0,22.001,0,0,18,325,1,20,0
16-01 15:08:02,37.494,10.498,50.741,0.250,0,5357000,185364,177060,2288740,7414.742,1619.725,623.894,927.843,4.999,34.994,3674,2397,1.630,1.820,1.160,2,0,15.997,0,0,18,325,1,20,0
16-01 15:08:03,35.960,6.243,56.936,0,0,5380248,162080,177060,2288776,5863.459,1692.112,511.429,559.376,3.996,8.990,3328,2318,1.630,1.820,1.160,1,0,24.972,0,0,18,325,1,20,0
16-01 15:08:04,21.866,6.032,71.378,0,0,5350368,184788,177060,2295948,8521.153,1582.385,0,201.065,0,11.059,3543,3212,1.630,1.820,1.160,1,0,97.517,0,0,18,325,1,20,0
16-01 15:08:05,23.068,2.977,72.430,0,0,5350660,180984,177104,2299368,6325.191,2169.913,0,0,0,0,2400,2038,1.630,1.820,1.160,2,0,15.875,0,0,18,326,1,20,0
16-01 15:08:06,13.051,1.757,83.827,0.753,0,5345980,185508,177152,2299476,23933.447,9331.434,0,8673.867,0,79.310,2218,2359,1.630,1.820,1.160,2,0,0,0,0,18,326,1,20,0
16-01 15:08:07,10.996,1.499,84.970,0.500,0,5346392,184504,177272,2299932,24030.622,12977.476,0,1463.490,0,54.981,2176,2323,1.580,1.810,1.160,0,0,1.000,0,0,18,326,1,20,0
16-01 15:08:08,4.999,1.000,91.984,0.250,0,5347052,183748,177340,2299960,96467.314,7394.721,15.997,995.828,1.000,58.990,2084,2736,1.580,1.810,1.160,0,0,1.000,0,0,18,327,1,20,0
16-01 15:08:09,12.004,1.751,85.027,1.000,0,5353396,176984,177436,2300284,74267.279,9864.092,0,2344.735,0,263.082,2664,2654,1.580,1.810,1.160,0,0,1.000,0,0,18,327,1,20,0
16-01 15:08:10,20.254,2.751,75.516,0.250,0,5379756,150312,177500,2300516,17903.780,8026.694,0,992.209,0,35.007,3808,4962,1.580,1.810,1.160,1,0,1.000,0,0,18,327,1,16,0
16-01 15:08:11,16.309,1.756,80.290,0.502,0,5382424,147288,177596,2300772,24837.774,11011.801,0,5648.416,0,69.250,2672,2565,1.580,1.810,1.160,2,0,0,0,0,18,327,1,18,0
16-01 15:08:12,12.491,1.499,83.687,0.749,0,5390084,139000,177800,2301196,314205.997,16116.894,0,1914.562,0,80.939,2577,2540,1.690,1.830,1.170,0,0,0,0,0,18,327,1,18,0
16-01 15:08:13,8.468,1.494,86.917,1.743,0,5389612,139000,178028,2301440,91144.779,14363.964,27.893,2004.320,3.985,91.649,2025,2242,1.690,1.830,1.170,1,0,0,0,0,18,327,1,18,0
16-01 15:08:14,16.011,2.001,81.306,0.751,0,5400360,119120,178112,2310424,19918.753,9536.585,104.072,1236.854,6.004,49.034,2083,1894,1.690,1.830,1.170,1,0,0,0,0,18,327,1,14,0
16-01 15:08:15,9.531,2.257,84.773,0.502,0,5372492,141256,178176,2316772,14348942.171,75680.004,0,6296.300,0,47.152,5832,3011,1.690,1.830,1.170,2,0,4.013,0,0,18,327,1,14,0
16-01 15:08:16,15.992,3.998,77.713,1.000,0,5370520,149784,178384,2310592,3490428.361,24487.244,163.921,46953.459,3.998,193.907,3563,3184,1.690,1.830,1.170,1,0,1.999,0,0,18,327,1,14,0
16-01 15:08:17,21.763,4.753,72.043,0.750,0,5370368,127204,181932,2326764,9109.426,1620.966,0,5115.047,0,103.061,2870,2655,1.640,1.820,1.170,1,0,1.001,0,0,18,327,1,14,0
16-01 15:08:18,24.672,2.991,70.777,0.498,0,5381432,121308,182416,2320848,42162.453,1614.923,31.900,1674.735,0.997,62.803,2959,2889,1.640,1.820,1.170,1,0,0,0,0,18,327,1,10,0
16-01 15:08:19,24.499,2.750,70.998,0.250,0,5395824,119032,182692,2308684,42874.835,1619.956,0,911.975,0,29.999,2784,2429,1.640,1.820,1.170,2,0,0,0,0,18,327,1,10,0
16-01 15:08:20,22.227,3.996,71.676,0.999,0,5382984,131684,183576,2307204,8165.590,1618.333,0,2893.020,0,253.739,3035,2481,1.640,1.820,1.170,2,0,0,0,0,18,327,1,10,0
16-01 15:08:21,23.277,3.254,71.333,0.751,0,5382056,132432,184416,2305664,8655.024,1459.691,0,2282.644,0,82.095,2847,2578,1.640,1.820,1.170,2,0,0,0,0,18,327,1,10,0
16-01 15:08:22,23.743,4.499,69.980,1.000,0,5388816,132588,185708,2297076,5843.345,1693.520,0,71663.698,0,483.863,3127,2488,1.750,1.840,1.180,2,0,0,0,0,18,327,1,10,0
16-01 15:08:23,23.714,2.995,71.141,0.499,0,5383556,132680,186460,2301000,6305.369,1617.529,0,2176.675,0,77.881,2908,2821,1.750,1.840,1.180,3,0,0.998,0,0,18,327,1,7,0
16-01 15:08:24,19.282,2.755,76.126,0.751,0,5382448,118496,187256,2314128,10191.857,2896.791,4.007,2247.718,1.002,90.149,2799,2850,1.750,1.840,1.180,1,0,1.002,0,0,18,328,1,7,0
16-01 15:08:25,23.285,3.756,71.357,0,0,5353764,212168,187256,2250180,11687.506,2942.407,0,172.258,0,8.012,2541,1977,1.750,1.840,1.180,1,0,19.029,0,0,18,325,1,7,0
16-01 15:08:26,19.467,2.745,77.367,0,0,5352656,211692,187284,2251736,13146.454,3718.623,0,527.096,0,3.993,2328,1976,1.750,1.840,1.180,1,0,21.962,0,0,18,326,1,7,0
16-01 15:08:27,24.778,3.254,70.830,0.501,0,5335968,223300,187356,2256704,11603.026,1880.111,0,1765.983,0,36.040,2773,2433,1.770,1.840,1.190,1,0,5.006,0,0,18,325,1,4,0
16-01 15:08:28,17.236,2.998,78.435,0.250,0,5337340,214876,187664,2262488,14646.847,4787.028,0,1362.869,0,43.964,2586,2648,1.770,1.840,1.190,1,0,16.986,0,0,18,325,1,4,0
16-01 15:08:29,23.751,5.750,68.502,0.250,0,5339012,212396,187700,2263112,8802.254,1458.042,0,2384.069,0,17.000,10569,19109,1.770,1.840,1.190,1,0,12.000,0,0,18,325,1,4,0
16-01 15:08:30,27.749,8.000,62.498,0,0,5343164,208104,187744,2263204,7595.739,1619.944,0,0,0,0,10728,27670,1.770,1.840,1.190,1,0,48.998,0,0,18,325,1,5,0
16-01 15:08:31,22.507,5.502,71.273,0.250,0,5332000,219212,187776,2263196,6850.186,1620.517,0,1152.368,0,52.017,2711,2406,1.770,1.840,1.190,1,0,7.002,0,0,18,325,1,3,0
16-01 15:08:32,21.996,4.999,71.487,0.500,0,5332804,230916,187776,2251696,10860.051,1619.709,227.959,603.892,2.999,14.997,2670,2417,1.710,1.820,1.180,1,0,5.999,0,0,18,325,1,3,0
16-01 15:08:33,23.764,4.253,68.792,1.001,0,5344224,217416,187776,2253772,5419.293,1620.985,576.350,2581.569,18.011,78.047,4924,6346,1.710,1.820,1.180,1,0,2.001,0,0,18,326,1,6,0
16-01 15:08:34,22.286,9.265,64.104,2.504,0,5312660,247800,187776,2254952,6564.668,1622.637,1025.667,7956.931,55.090,648.053,8969,12686,1.710,1.820,1.180,2,0,103.168,0,0,18,327,1,7,0
16-01 15:08:35,11.973,16.213,68.842,1.247,0,5300920,258600,187776,2255892,8720.999,1616.293,877.986,2055.286,11.973,301.309,6014,4668,1.710,1.820,1.180,1,0,336.229,0,0,18,327,1,9,0
16-01 15:08:36,11.252,4.751,72.510,10.251,0,5294036,223124,187776,2298220,8342.130,1620.220,42013.692,0,3454.468,0,5754,8759,1.710,1.820,1.180,1,0,10.001,0,0,18,327,1,9,0
16-01 15:08:37,3.997,3.247,87.677,3.747,0,5295628,220896,188184,2298448,13681.564,3240.292,943.212,15135.349,235.803,211.823,2624,3603,1.730,1.830,1.190,1,0,6.994,0,0,18,328,1,9,0
16-01 15:08:38,3.737,0.498,93.187,0.747,0,5293380,222948,188184,2298644,45071.653,5924.107,183.384,330.889,4.983,30.896,1646,2363,1.730,1.830,1.190,0,0,0.997,0,0,18,328,1,9,0
16-01 15:08:39,4.016,3.012,91.122,1.757,0,5256192,259916,188268,2298812,94018.440,130701.044,397.622,634.588,17.070,17.070,2156,2454,1.730,1.830,1.190,0,0,13.053,0,0,18,327,1,9,1
16-01 15:08:40,1.750,0.500,96.227,0,0,5248072,268036,188268,2298812,8471.978,1793.572,0,111.973,0,1.000,1192,1653,1.730,1.830,1.190,1,0,0,0,0,18,327,1,9,0
16-01 15:08:41,1.998,0.999,96.145,0,0,5241448,274656,188268,2298816,8908.251,1618.229,0,259.716,0,6.992,1318,1812,1.730,1.830,1.190,0,0,0,0,0,18,327,1,9,0
16-01 15:08:42,1.751,0.500,96.074,0,0,5240308,275796,188268,2298816,5556.286,1621.250,0,324.250,0,27.021,1265,1794,1.750,1.830,1.190,0,0,0,0,0,18,327,1,9,0
16-01 15:08:43,2.000,0.500,96.510,0,0,5239356,276748,188268,2298816,8681.913,1620.170,0,0,0,0,1179,1614,1.750,1.830,1.190,0,0,0,0,0,18,327,1,9,0
16-01 15:08:44,1.750,1.000,95.520,0.250,0,5235904,280196,188268,2298820,6920.451,1620.340,0,244.051,0,35.007,1532,2222,1.750,1.830,1.190,0,0,0,0,0,18,327,1,9,0
16-01 15:08:45,2.000,0.250,96.249,0.250,0,5236376,279720,188268,2298824,7982.904,1457.982,0,319.996,0,25.000,1227,1717,1.750,1.830,1.190,0,0,0,0,0,18,327,1,9,0
16-01 15:08:46,1.500,0.750,96.506,0,0.250,5236124,279972,188268,2298824,8865.515,1620.094,0,40.002,0,1.000,1204,1591,1.750,1.830,1.190,0,0,0,0,0,18,327,1,9,0
16-01 15:08:47,2.254,1.753,95.182,0,0,5224112,291964,188268,2298832,16834.219,1623.107,0,11325.676,0,55.105,1599,1999,1.610,1.800,1.190,0,0,1.002,0,0,18,327,1,9,0
16-01 15:08:48,1.497,0.499,95.789,0.249,0,5224332,291740,188268,2298836,43878.259,1616.436,0,247.454,0,19.956,1375,1877,1.610,1.800,1.190,0,0,0,0,0,18,327,1,9,0
16-01 15:08:49,2.250,1.000,96.250,0.250,0,5224324,291740,188272,2298840,41370.998,1620.000,0,88.000,0,13.000,1468,1885,1.610,1.800,1.190,0,0,0,0,0,18,327,1,9,0
16-01 15:08:50,1.500,0.500,96.486,0,0,5224324,291740,188272,2298840,8987.663,1619.759,0,0,0,0,1171,1619,1.610,1.800,1.190,1,0,0,0,0,18,327,1,9,0
16-01 15:08:51,2.000,1.000,96.272,0.250,0,5224576,291488,188272,2298840,7127.623,1620.369,0,668.152,0,135.031,1402,1655,1.610,1.800,1.190,0,0,0,0,0,18,327,1,9,0
16-01 15:08:52,1.250,3.250,93.009,0.250,0,5225044,291004,188272,2298840,8987.878,1620.158,0,122451.958,0,739.072,2664,2696,1.480,1.770,1.180,0,0,0,0,0,18,327,1,9,0
16-01 15:08:53,2.501,1.250,95.535,0.250,0.250,5225400,290752,188272,2298840,7960.955,1458.541,0,1700.631,0,20.007,1540,2174,1.480,1.770,1.180,1,0,1.000,0,0,18,327,1,9,0
16-01 15:08:54,1.999,0.999,95.702,0,0,5225392,290752,188272,2298848,6243.875,1619.190,0,315.842,0,31.984,1689,2494,1.480,1.770,1.180,0,0,0.999,0,0,18,327,1,9,0
16-01 15:08:55,1.500,0.500,96.510,0.250,0,5225392,290752,188272,2298852,6018.603,1620.162,0,108.011,0,8.001,1199,1703,1.480,1.770,1.180,0,0,0,0,0,18,327,1,9,0
16-01 15:08:56,2.499,0.250,95.471,0,0,5225392,290752,188272,2298852,9010.282,1619.511,0,107.967,0,7.998,1369,1806,1.480,1.770,1.180,0,0,0,0,0,18,327,1,9,0
16-01 15:08:57,2.251,2.001,93.776,0.250,0,5224716,291420,188272,2298860,7208.018,1620.454,0,39182.970,0,138.039,1830,2226,1.520,1.770,1.180,1,0,1.000,0,0,18,327,1,9,0
16-01 15:08:58,1.500,0.750,96.484,0,0,5224968,291168,188272,2298860,8824.506,1619.726,0,35.994,0,3.999,1282,1835,1.520,1.770,1.180,0,0,0,0,0,18,327,1,9,0
16-01 15:08:59,2.000,0.250,96.513,0,0,5224968,291168,188272,2298860,7563.982,1620.210,0,0,0,0,1167,1629,1.520,1.770,1.180,0,0,0,0,0,18,327,1,9,0
16-01 15:09:00,1.750,0.750,96.990,0.250,0,5224964,291168,188272,2298864,10227.924,1619.830,0,203.979,0,14.998,1234,1698,1.520,1.770,1.180,0,0,0,0,0,18,327,1,9,0
16-01 15:09:01,1.500,0.500,96.275,0,0,5224964,291168,188272,2298864,11722.093,1458.385,0,0,0,0,1188,1679,1.520,1.770,1.180,0,0,2.001,0,0,18,327,1,9,0
16-01 15:09:02,18.314,5.770,75.012,0.251,0.251,5249260,266868,188272,2298868,7396.877,1667.835,513.797,726.542,4.014,146.513,2820,2185,1.480,1.760,1.180,1,0,8.028,0,0,18,327,1,9,0
16-01 15:09:03,13.949,3.736,80.706,0,0,5241920,274200,188272,2298876,6124.680,1687.849,510.141,1661.943,3.985,14.946,2328,2098,1.480,1.760,1.180,0,0,3.985,0,0,18,327,1,9,0
16-01 15:09:04,2.000,1.000,95.000,0.250,0,5242132,273976,188272,2298888,9052.990,1693.998,0,184.000,0,20.000,1683,2353,1.480,1.760,1.180,0,0,0,0,0,18,327,1,9,0
16-01 15:09:05,2.250,1.000,96.248,0,0,5242132,273976,188272,2298888,8384.790,1693.958,0,455.989,0,31.999,1287,1775,1.480,1.760,1.180,0,0,0,0,0,18,327,1,9,0
16-01 15:09:06,1.750,0.750,96.267,0,0,5242132,273976,188272,2298888,9829.757,1694.303,0,56.010,0,6.001,1237,1639,1.480,1.760,1.180,0,0,0,0,0,18,327,1,9,0
16-01 15:09:07,2.751,1.751,94.028,0.500,0,5240752,275356,188272,2298888,8420.475,1694.498,0,72.021,0,9.003,1576,2041,1.360,1.730,1.180,0,0,1.000,0,0,18,327,1,9,0
16-01 15:09:08,2.249,1.499,95.214,0,0,5234736,281360,188276,2298896,8298.897,1531.427,0,1655.381,0,35.987,1682,2360,1.360,1.730,1.180,1,0,1.000,0,0,18,327,1,9,0
16-01 15:09:09,2.500,0.750,95.752,0.500,0,5234732,281360,188276,2298900,8453.208,1620.040,0,120.003,0,18.000,1527,2191,1.360,1.730,1.180,1,0,1.000,0,0,18,327,1,9,0
16-01 15:09:10,6.755,2.002,89.072,0.500,0,5230980,285092,188284,2298912,282255.198,7173.800,12.010,2778.246,1.001,163.132,2413,2843,1.360,1.730,1.180,1,0,7.006,0,0,18,327,1,9,0
16-01 15:09:11,14.993,5.497,76.964,0.500,0,5234744,281184,188300,2299040,297005.782,15374.845,123.942,323.849,5.997,12.994,3639,3115,1.360,1.730,1.180,1,0,36.983,0,0,18,327,1,9,0
16-01 15:09:12,16.513,6.505,73.806,2.002,0,5233332,277328,188300,2304292,151600.700,3928.999,288.220,1252.956,50.038,56.043,3463,3069,1.490,1.750,1.190,3,0,37.028,0,0,18,327,1,7,0
