"pcp-dstat 6.2.0 CSV Output"
"Author:","PCP team <pcp@groups.io> and Dag Wieers <dag@wieers.com>",,,,"URL:","https://pcp.io/ and http://dag.wieers.com/home-made/dstat/"
"Host:","ubuntu",,,,"User:","ubuntu"
"Cmdline:","dstat -tcmndrylpg --tcp --output /tmp/devstack_logs/dstat-csv.log",,,,"Date:","16 Jan 2026 04:24:25 UTC"
"system","total usage",,,,,"memory usage",,,,"net/total",,"dsk/total",,"io/total",,"system",,"load avg",,,"procs",,,"paging",,"tcp sockets",,,,
"time","total usage:usr","total usage:sys","total usage:idl","total usage:wai","total usage:stl","used","free","buf","cach","net/total:recv","net/total:send","dsk/total:read","dsk/total:writ","read","writ","int","csw","1m","5m","15m","run","blk","new","in","out","lis","act","syn","tim","clo"
16-01 04:24:25,,996592,1708784,163704,4952612,,,,,,,1.440,0.970,0.530,4,0,,,,10,5,0,18,1
16-01 04:24:26,21.744,20.495,56.486,0.500,0.250,999568,1705292,163764,4952944,39636.912,12080.925,0,3187.189,0,100.974,6744,5692,1.440,0.970,0.530,2,0,511.870,0,0,10,5,0,18,1
16-01 04:24:27,24.248,18.748,54.745,0.500,0,1005208,1684292,163776,4967684,150734.080,14744.638,0,2163.800,0,67.994,5991,5707,1.440,0.970,0.530,1,0,341.968,0,0,10,4,0,18,2
16-01 04:24:28,37.196,18.223,43.936,0.749,0,1018816,1651652,164480,4983292,58691.543,2816.898,0,2300.650,0,75.890,6355,7482,1.440,0.970,0.530,3,0,260.621,0,0,10,4,0,18,2
16-01 04:24:29,28.118,9.207,60.964,0.249,0,1146944,1504824,165000,5123824,9099.263,1612.427,15.925,1421.324,0.995,30.855,4008,3954,1.440,0.970,0.530,3,0,89.579,0,0,11,6,0,18,2
16-01 04:24:30,38.857,12.033,47.631,0.251,0,1174576,1458340,165284,5140956,7650.042,1666.584,0,914.515,0,33.091,4418,2781,1.490,0.990,0.540,3,0,175.483,0,0,11,8,0,18,2
16-01 04:24:31,42.160,8.232,47.897,1.996,0,1225168,1390840,166288,5154488,5979.176,1616.533,31.932,4673.975,1.996,147.683,3967,2806,1.490,0.990,0.540,3,0,41.910,0,0,11,6,0,20,2
16-01 04:24:32,45.036,5.504,48.538,0.751,0,1241128,1344180,167352,5180976,8658.829,1621.279,0,6849.402,0,99.078,3443,2067,1.490,0.990,0.540,3,0,0,0,0,11,6,0,20,2
16-01 04:24:33,30.361,6.524,50.936,10.538,0,1258292,1309560,169048,5194956,12880.963,3701.495,0,39941.625,0,3115.358,14106,23898,1.490,0.990,0.540,3,0,52.190,0,0,11,9,0,20,2
16-01 04:24:34,40.523,9.255,43.024,7.254,0,1236352,1346860,169420,5179600,8958.999,2275.270,0,42859.916,0,3060.708,12721,20165,1.490,0.990,0.540,5,0,119.066,0,0,11,4,0,20,0
16-01 04:24:35,39.508,5.001,54.511,0,0,1338516,1240716,169420,5183568,15399.982,3563.690,0,1112.215,0,32.006,2787,1618,1.530,1,0.550,3,0,21.004,0,0,11,5,0,20,0
16-01 04:24:36,45.984,4.498,48.483,0.250,0,1316288,1259480,169524,5186124,6943.540,1793.365,0,1787.367,0,46.983,3101,1648,1.530,1,0.550,2,0,18.993,0,0,11,4,0,20,0
16-01 04:24:37,38.272,7.004,53.531,1.001,0,1292052,1275944,170068,5192028,52186.483,4727.762,0,9009.262,0,552.323,4194,3092,1.530,1,0.550,2,0,16.009,0,0,11,4,0,20,0
16-01 04:24:38,45.249,7.000,45.249,0.250,0,1309280,1257992,170120,5192540,42775.122,1619.967,0,1327.973,0,47.999,10785,18151,1.530,1,0.550,2,0,12.000,0,0,11,4,0,20,0
16-01 04:24:39,32.269,22.764,43.026,0,0,1279316,1287572,170164,5192784,9167.510,1620.974,0,188.113,0,7.004,13816,21371,1.530,1,0.550,2,0,472.284,0,0,11,4,0,20,0
16-01 04:24:40,35.412,20.200,42.893,0.249,0,1182464,1399020,170184,5180356,9145.148,1615.962,0,1528.181,0,80.798,7405,8131,1.570,1.020,0.560,5,0,385.038,0,0,11,4,0,20,0
16-01 04:24:41,49.159,13.226,37.181,0,0,1199372,1382080,170188,5180440,7629.870,1658.928,0,11.978,0,2.994,4037,3241,1.570,1.020,0.560,3,0,208.614,0,0,11,5,0,20,0
16-01 04:24:42,46.434,4.267,48.693,0,0,1238972,1342012,170200,5180888,8963.556,1626.452,0,9790.838,0,60.239,2871,1242,1.570,1.020,0.560,2,0,0,0,0,11,5,0,20,0
16-01 04:24:43,43.346,8.470,48.079,0,0,1244364,1335712,170208,5181784,7109.745,1614.266,0,434.457,0,31.887,2867,1786,1.570,1.020,0.560,3,0,0,0,0,11,5,0,20,0
16-01 04:24:44,17.754,6.001,75.016,0,0,1252604,1325904,170256,5183300,9957.145,1458.314,0,3140.676,0,146.031,3616,4111,1.570,1.020,0.560,1,0,118.025,0,0,11,4,0,20,0
16-01 04:24:45,13.514,3.754,81.837,0,0,1305256,1273252,170256,5183300,10401.042,1621.722,0,0,0,0,1693,1417,1.440,1,0.550,2,0,22.023,0,0,11,4,0,20,0
16-01 04:24:46,23.252,2.500,73.755,0,0,1348092,1230412,170256,5183304,7292.534,1620.119,0,0,0,0,1792,1196,1.440,1,0.550,2,0,0,0,0,11,4,0,20,0
16-01 04:24:47,23.027,3.003,71.333,1.752,0,1362052,1216344,170340,5183540,5715.656,1621.889,0,24716.784,0,522.609,4372,4602,1.440,1,0.550,2,0,1.001,0,0,11,10,0,20,0
16-01 04:24:48,21.178,4.485,72.752,0.747,0,1303956,1274256,170412,5183640,9014.220,1614.487,99.660,2615.071,9.966,147.496,2752,2236,1.440,1,0.550,2,0,41.857,0,0,11,4,0,16,0
16-01 04:24:49,19.519,1.752,77.826,0.250,0,1335012,1242668,170680,5183836,11575.300,4012.918,272.266,508.496,10.010,9.009,1844,1387,1.440,1,0.550,3,0,0,0,0,11,11,0,16,0
16-01 04:24:50,18.277,2.754,73.607,4.256,0.250,1337724,1239592,170724,5184072,11293.417,4128.001,268.390,1085.578,66.096,33.048,2623,2556,1.410,1,0.550,2,0,3.004,0,0,11,29,0,16,0
16-01 04:24:51,19.246,5.499,74.483,0,0,1321080,1256100,170724,5184208,11462.330,4865.867,0,0,0,0,2390,1791,1.410,1,0.550,2,0,43.990,0,0,11,28,0,17,0
16-01 04:24:52,24.246,5.999,69.240,0.250,0,1351888,1225280,170724,5184216,13303.013,6049.096,0,25824.142,0,176.974,3172,8208,1.410,1,0.550,1,0,35.995,0,0,11,29,0,18,0
16-01 04:24:53,26.513,11.505,60.779,0,0,1362920,1214224,170724,5184240,12648.994,3891.844,0,12.006,0,3.001,3725,2776,1.410,1,0.550,4,0,156.074,0,0,11,28,0,18,0
16-01 04:24:54,37.184,4.242,57.897,0,0,1424600,1152536,170724,5184248,17117.488,9475.110,0,2255.979,0,13.975,2963,2153,1.410,1,0.550,3,0,0,0,0,11,30,0,18,0
16-01 04:24:55,35.894,10.040,53.966,0,0,1373964,1202956,170732,5184456,23255.182,12370.568,0,891.572,0,23.093,6123,7735,1.370,1,0.560,3,0,192.772,0,0,11,28,0,19,0
16-01 04:24:56,71.751,26.750,0.750,0,0,1526496,1050380,170736,5184496,10310.111,1620.017,0,204.002,0,17.000,5421,4113,1.370,1,0.560,6,0,386.004,0,0,11,28,0,19,0
16-01 04:24:57,85.239,12.248,0,0,0,1711440,865424,170736,5184504,16207.862,11586.471,0,3.999,0,1.000,4888,2675,1.370,1,0.560,4,0,0,0,0,11,31,0,18,0
16-01 04:24:58,81.674,8.992,8.492,0.250,0,1725144,851464,170748,5184744,43484.423,34719.602,0,587.452,0,57.946,8375,12807,1.370,1,0.560,7,0,42.960,0,0,11,30,0,22,0
16-01 04:24:59,30.869,13.194,55.265,0.249,0,1573744,1002828,170752,5184776,10417.697,3804.819,0,362.459,0,24.894,4343,4565,1.370,1,0.560,2,0,265.869,0,0,11,28,0,24,0
16-01 04:25:00,18.997,2.500,77.989,0,0,1551040,1025520,170760,5184780,12697.273,5372.269,0,179.976,0,7.999,1710,1417,1.340,1,0.560,2,0,0,0,0,11,29,0,24,0
16-01 04:25:01,15.815,6.527,76.313,0,0,1498800,1077740,170768,5184792,11929.885,4613.906,0,622.551,0,47.193,3532,3571,1.340,1,0.560,2,0,72.296,0,0,11,28,0,24,0
16-01 04:25:02,20.774,8.259,70.581,0,0,1485860,1090616,170768,5184816,8609.898,3979.575,0,83728.253,0,241.277,3430,2644,1.340,1,0.560,2,0,114.131,0,0,11,29,0,24,0
16-01 04:25:03,17.736,12.990,68.196,0.250,0,1465216,1111212,170776,5184824,14151.699,6234.022,0,1718.628,0,25.979,5257,5320,1.340,1,0.560,2,0,322.742,0,0,11,28,0,25,0
16-01 04:25:04,15.003,29.006,54.761,0.250,0,1440004,1136416,170776,5184832,9166.861,1620.329,0,260.053,0,17.003,6669,5571,1.340,1,0.560,4,0,778.158,0,0,11,28,0,25,0
16-01 04:25:05,81.817,18.265,0.250,0,0,1588664,987720,170776,5184868,6410.274,1621.334,0,492.405,0,15.012,5026,2872,1.640,1.070,0.580,5,0,155.128,0,0,11,28,0,25,0
16-01 04:25:06,78.450,8.495,12.742,0,0,1680656,895536,170784,5185052,38583.605,31637.996,0,775.510,0,48.969,6552,7838,1.640,1.070,0.580,3,0,0,0,0,11,33,0,25,0
16-01 04:25:07,70.460,17.240,10.994,0,0,1590432,985680,170792,5185124,64330.287,21190.906,0,12169.055,0,220.874,9537,13072,1.640,1.070,0.580,6,0,279.840,0,0,11,28,0,26,0
16-01 04:25:08,84.836,15.266,0,0,0,1621312,954768,170792,5185152,44013.696,1809.838,0,448.455,0,12.012,5128,2895,1.640,1.070,0.580,6,0,30.030,0,0,11,28,1,26,0
16-01 04:25:09,84.145,9.988,5.493,0,0,1751292,824552,170792,5185388,35229.935,29766.768,0,139.825,0,6.991,7223,7094,1.640,1.070,0.580,4,0,0,0,0,11,34,0,26,0
16-01 04:25:10,74.603,13.473,11.727,0.250,0,1612300,963312,170796,5185616,43764.795,35807.469,0,459.096,0,32.935,8753,15706,1.900,1.130,0.610,4,0,197.611,0,0,11,28,0,31,0
16-01 04:25:11,46.627,9.275,43.619,0,0,1506548,1069040,170796,5185640,11000.980,3599.810,0,481.312,0,12.033,3541,2058,1.900,1.130,0.610,2,0,101.276,0,0,11,29,0,31,0
16-01 04:25:12,30.767,5.503,62.035,0.250,0,1485280,1090268,170796,5185680,22615.706,15268.578,0,236.133,0,21.012,5092,6229,1.900,1.130,0.610,3,0,59.033,0,0,11,29,0,32,0
16-01 04:25:13,59.463,19.904,20.153,0,0,1503912,1071600,170800,5185712,11945.389,4307.227,0,378.176,0,20.899,4866,3690,1.900,1.130,0.610,4,0,317.469,0,0,11,28,0,32,0
16-01 04:25:14,41.132,4.765,53.923,0,0,1554560,1020924,170800,5185740,21783.005,14520.666,0,184.593,0,9.029,4208,4363,1.900,1.130,0.610,3,0,0,0,0,11,30,1,32,0
16-01 04:25:15,51.085,15.526,32.054,0.250,0,1539816,1035500,170824,5185852,19962.401,12387.727,0,372.623,0,42.070,5965,6124,1.990,1.160,0.620,6,0,228.382,0,0,11,29,0,33,0
16-01 04:25:16,69.917,11.986,17.729,0,0,1576876,998220,170832,5186016,24316.040,16451.407,0,291.653,0,19.976,5748,6028,1.990,1.160,0.620,6,0,115.862,0,0,11,31,0,33,0
16-01 04:25:17,69.948,9.493,18.986,0,0,1545028,1029968,170868,5186084,28888.713,22838.171,0,1123.172,0,63.953,7576,9883,1.990,1.160,0.620,6,0,114.915,0,0,11,29,0,31,0
16-01 04:25:18,78.150,17.283,5.010,0.250,0,1584876,990132,170908,5186128,16070.746,10619.316,0,8115.526,0,484.928,6635,6434,1.990,1.160,0.620,5,0,159.305,0,0,11,28,0,32,0
16-01 04:25:19,47.994,6.999,43.744,0,0,1572560,1002352,170908,5186224,28590.386,20659.389,0,167.979,0,9.999,4772,5260,1.990,1.160,0.620,2,0,49.994,0,0,11,31,0,32,0
16-01 04:25:20,56.506,18.252,25.252,0.250,0,1501396,1073312,170924,5186412,18830.843,11547.130,0,408.040,0,36.004,6451,7345,1.910,1.160,0.620,3,0,299.029,0,0,11,28,0,34,0
16-01 04:25:21,53.371,5.986,38.656,0,0,1552612,1021944,170932,5186556,21869.070,13332.731,0,183.556,0,7.981,4242,2823,1.910,1.160,0.620,4,0,0.998,0,0,11,31,0,30,0
16-01 04:25:22,54.883,13.533,31.075,0,0,1412032,1162212,170944,5186856,24145.615,17783.169,0,449.090,0,30.073,7374,9402,1.910,1.160,0.620,5,0,287.698,0,0,11,28,0,33,0
16-01 04:25:23,62.124,10.978,26.696,0.249,0,1568140,1006080,170948,5186876,12098.464,5355.140,0,2854.212,0,137.721,3906,1465,1.910,1.160,0.620,3,0,0,0,0,11,31,0,33,0
16-01 04:25:24,45.053,5.006,48.807,0,0.250,1571432,1002576,170968,5187064,33275.039,23546.625,0,320.376,0,33.039,6355,8462,1.910,1.160,0.620,4,0,0,0,0,11,28,1,35,0
16-01 04:25:25,61.530,14.448,23.416,0,0,1567548,1006432,170972,5187088,6599.386,1614.224,0,227.187,0,12.954,4452,2493,2.080,1.210,0.640,4,0,111.601,0,0,11,28,0,35,0
16-01 04:25:26,49.182,5.019,45.167,0,0,1604752,969188,170980,5187120,24173.477,19211.109,0,156.580,0,9.033,4523,4361,2.080,1.210,0.640,4,0,0,0,0,11,31,0,35,0
16-01 04:25:27,59.166,24.715,15.478,0.250,0,1505968,1067832,171020,5187188,18818.266,9713.201,0,1641.668,0,116.834,6938,8565,2.080,1.210,0.640,8,0,491.302,0,0,11,28,0,37,0
16-01 04:25:28,81.904,18.535,0,0,0,1640148,933616,171020,5187228,6529.265,2378.468,0,196.369,0,6.011,5468,4397,2.080,1.210,0.640,8,0,388.730,0,0,11,29,0,37,0
16-01 04:25:29,82.753,15.751,0.500,0,0,1748820,824768,171020,5187404,35048.341,27929.069,0,1532.059,0,148.006,7184,7129,2.080,1.210,0.640,5,0,354.014,0,0,11,32,0,37,0
16-01 04:25:30,75.666,21.476,2.747,0,0,1706844,866480,171028,5187660,44550.327,36072.779,0,491.452,0,40.954,8560,11059,2.310,1.270,0.660,7,0,498.444,0,0,11,29,0,38,0
16-01 04:25:31,81.843,18.021,0.250,0,0,1638956,934312,171036,5187708,15231.387,7573.646,0,268.306,0,21.024,5798,4177,2.310,1.270,0.660,5,0,128.146,0,0,11,29,0,38,0
16-01 04:25:32,73.210,7.996,17.990,0,0,1666100,907112,171036,5187764,32793.293,26747.557,0,115.937,0,7.996,5848,7156,2.310,1.270,0.660,4,0,0,0,0,11,32,0,39,0
16-01 04:25:33,57.169,17.475,24.216,0,0,1521472,1051516,171036,5187988,35554.365,29149.486,0,235.664,0,4.993,8737,13442,2.310,1.270,0.660,3,0,445.366,0,0,11,28,0,43,0
16-01 04:25:34,27.058,34.323,38.081,0,0,1444472,1128492,171036,5188016,6219.297,1623.471,0,52.111,0,13.028,6828,6223,2.310,1.270,0.660,5,0,924.978,0,0,11,28,0,41,0
16-01 04:25:35,75.941,16.487,7.994,0,0,1569252,1003676,171036,5188052,15813.674,7499.155,0,0,0,0,5026,3194,2.530,1.330,0.690,4,0,232.819,0,0,11,30,0,41,0
16-01 04:25:36,61.435,8.991,28.470,0,0,1574520,998200,171064,5188232,32019.323,24064.689,0,547.424,0,44.953,6928,9451,2.530,1.330,0.690,4,0,66.930,0,0,11,30,0,43,0
16-01 04:25:37,75.135,18.533,6.512,0.250,0,1552400,1020264,171080,5188288,49274.814,6749.165,0,396.715,0,40.072,6049,5145,2.530,1.330,0.690,3,0,201.363,0,0,11,29,0,45,0
16-01 04:25:38,66.738,6.499,25.745,0,0,1623884,948736,171084,5188328,61320.113,22650.978,0,171.969,0,10.998,5794,6003,2.530,1.330,0.690,2,0,0,0,0,11,32,0,45,0
16-01 04:25:39,55.237,7.748,36.491,0,0,1623660,948512,171108,5188752,51866.733,37054.236,0,267.937,0,18.996,10930,17393,2.530,1.330,0.690,4,0,0,0,0,11,31,0,45,0
16-01 04:25:40,71.449,14.490,12.741,0.250,0,1495064,1077044,171112,5188812,26539.947,17726.274,0,427.693,0,45.967,8306,10629,2.490,1.350,0.700,5,0,119.914,0,0,11,28,0,45,0
16-01 04:25:41,74.160,9.738,15.981,0,0,1595480,976600,171116,5188836,19838.837,14942.800,0,207.747,0,9.988,4934,3556,2.490,1.350,0.700,4,0,0.999,0,0,11,31,0,45,0
16-01 04:25:42,55.360,7.014,36.322,0,0,1599520,972316,171116,5189080,47667.684,38136.752,0,140.279,0,8.016,10342,16528,2.490,1.350,0.700,3,0,0,0,0,11,32,0,45,0
16-01 04:25:43,64.002,12.500,22.251,0.250,0,1545080,1026532,171120,5189300,36901.406,28418.082,0,136.005,0,10.000,9073,13038,2.490,1.350,0.700,6,0,195.007,0,0,11,28,0,49,0
16-01 04:25:44,79.529,14.755,5.752,0,0,1580108,991476,171120,5189328,11644.305,7000.588,0,3065.133,0,128.047,5012,2474,2.490,1.350,0.700,3,0,65.024,0,0,11,30,0,49,0
16-01 04:25:45,59.187,6.743,33.714,0,0,1606312,965036,171124,5189552,42628.678,34289.544,0,115.877,0,7.992,7451,12000,2.450,1.360,0.700,3,0,0,0,0,11,32,0,49,0
16-01 04:25:46,73.000,15.250,11.250,0,0,1513616,1057532,171128,5189744,23633.990,15781.993,0,324.000,0,32.000,7092,9329,2.450,1.360,0.700,4,0,128.000,0,0,11,28,0,51,0
16-01 04:25:47,74.570,8.758,16.515,0,0,1623852,947276,171128,5189764,20963.539,14094.136,0,220.205,0,19.018,4703,3302,2.450,1.360,0.700,5,0,0,0,0,11,31,0,51,0
16-01 04:25:48,66.681,12.237,20.229,0,0,1546456,1024624,171140,5189800,31401.627,19864.521,0,635.345,0,72.925,6523,9407,2.450,1.360,0.700,6,0,119.876,0,0,11,30,0,53,0
16-01 04:25:49,68.074,9.010,22.024,0,0,1594664,976184,171152,5190032,35007.179,28787.396,0,184.201,0,12.013,7208,10341,2.450,1.360,0.700,5,0,59.064,0,0,11,30,0,55,0
16-01 04:25:50,72.918,16.482,10.488,0,0,1539272,1031508,171164,5190084,23793.341,14752.471,0,247.722,0,20.976,6090,7859,2.490,1.380,0.720,5,0,168.811,0,0,11,30,0,55,0
16-01 04:25:51,74.779,9.754,15.506,0,0,1599052,971552,171164,5190220,23640.302,16714.577,0,172.068,0,13.005,5034,4791,2.490,1.380,0.720,3,0,4.002,0,0,11,34,0,56,0
16-01 04:25:52,67.457,13.193,17.922,0,0,1609880,960536,171164,5191184,26310.828,20710.131,0,119.482,0,7.965,6754,9843,2.490,1.380,0.720,6,0,101.559,0,0,11,34,0,57,0
16-01 04:25:53,64.548,13.510,22.016,0,0,1559044,1011328,171172,5190440,23912.910,14980.220,0,392.294,0,39.029,5999,13192,2.490,1.380,0.720,4,0,140.105,0,0,11,34,0,60,0
16-01 04:25:54,55.021,12.005,31.762,0.250,0.250,1523176,1047152,171200,5190456,14978.673,8825.343,0,364.138,0,32.012,4906,3949,2.490,1.380,0.720,5,0,120.045,0,0,11,33,0,59,0
16-01 04:25:55,56.973,7.529,35.389,0,0,1513872,1056392,171204,5190512,20566.492,12971.768,0,216.849,0,17.067,5385,4804,2.530,1.410,0.730,1,0,32.126,0,0,11,34,0,60,0
16-01 04:25:56,52.770,11.699,34.599,0,0,1481868,1088212,171204,5190696,26014.426,17008.743,0,346.487,0,36.839,6144,8035,2.530,1.410,0.730,5,0,106.535,0,0,11,32,0,62,0
16-01 04:25:57,56.202,9.534,33.872,0,0,1525504,1044392,171208,5190872,13482.481,10073.222,0,196.707,0,12.043,4199,3187,2.530,1.410,0.730,1,0,43.155,0,0,11,34,0,62,0
16-01 04:25:58,40.948,7.740,49.437,0.499,0,1529016,1040808,171220,5190928,28287.039,18951.907,0,175.777,0,12.983,5424,6690,2.530,1.410,0.730,3,0,85.891,0,0,11,34,0,62,0
16-01 04:25:59,34.706,11.735,52.933,0,0,1436428,1133352,171228,5190956,15844.081,7604.440,0,651.181,0,39.950,5464,5651,2.530,1.410,0.730,4,0,134.830,0,0,11,32,0,64,0
16-01 04:26:00,38.995,4.749,55.493,0,0,1488356,1081416,171228,5190964,15374.986,8375.903,0,2967.611,0,143.981,3266,1918,2.490,1.420,0.730,2,0,0,0,0,11,34,0,64,0
16-01 04:26:01,34.740,6.998,56.984,0.250,0,1475272,1094296,171232,5191164,18772.791,12338.577,0,243.932,0,16.995,5354,6207,2.490,1.420,0.730,3,0,34.990,0,0,11,32,0,66,0
16-01 04:26:02,37.538,9.760,52.304,0,0,1462100,1107460,171232,5191172,15640.017,6413.568,0,164.168,0,10.010,3676,2428,2.490,1.420,0.730,4,0,104.107,0,0,11,33,0,59,0
16-01 04:26:03,34.494,7.499,57.490,0,0,1451740,1117796,171236,5191192,15701.193,9889.232,0,1687.698,0,34.994,4224,4048,2.490,1.420,0.730,4,0,59.989,0,0,11,33,0,60,0
16-01 04:26:04,36.985,5.248,56.228,0.250,0,1468648,1100852,171244,5191220,11903.251,7351.067,0,271.892,0,21.991,3450,3309,2.490,1.420,0.730,2,0,4.998,0,0,11,33,0,61,0
16-01 04:26:05,36.531,4.254,58.799,0,0,1494488,1074976,171244,5191252,21331.946,15886.365,0,148.125,0,9.008,4176,5031,2.450,1.430,0.740,3,0,0,0,0,11,33,0,62,0
16-01 04:26:06,37.250,7.750,53.999,0,0,1427056,1142384,171248,5191268,15228.844,7195.927,0,299.997,0,28.000,5008,4842,2.450,1.430,0.740,4,0,48.000,0,0,11,32,0,62,0
16-01 04:26:07,39.261,5.251,54.766,0,0.250,1462864,1106424,171248,5191420,50074.190,8323.359,0,144.041,0,9.003,3333,2800,2.450,1.430,0.740,2,0,0,0,0,11,33,0,62,0
16-01 04:26:08,26.273,9.758,62.554,0,0,1441972,1127264,171256,5191464,59091.230,16167.016,0,232.201,0,20.017,5568,6571,2.450,1.430,0.740,3,0,169.147,0,0,11,33,0,63,0
16-01 04:26:09,22.464,7.987,69.140,0.749,0,1421868,1147292,171264,5191524,8875.928,2527.992,0,491.221,0,24.960,3048,2769,2.450,1.430,0.740,2,0,112.821,0,0,11,32,0,64,0
16-01 04:26:10,17.963,2.245,79.087,0,0,1433252,1135900,171264,5191532,15508.077,8293.927,0,147.696,0,9.979,2056,2031,2.330,1.420,0.740,1,0,0,0,0,11,33,0,59,0
16-01 04:26:11,12.562,10.301,75.371,0,0,1386800,1182316,171280,5191552,12372.934,5485.012,0,759.742,0,54.267,4852,4868,2.330,1.420,0.740,1,0,214.054,0,0,11,32,0,60,0
16-01 04:26:12,19.165,6.969,72.925,0,0,1421032,1148076,171280,5191560,6133.655,1612.810,0,11.947,0,2.987,2420,1776,2.330,1.420,0.740,2,0,71.680,0,0,11,32,0,60,0
16-01 04:26:13,18.043,2.255,79.689,0,0,1438900,1130196,171280,5191572,13101.036,9230.868,0,0,0,0,2672,2869,2.330,1.420,0.740,1,0,1.002,0,0,11,33,0,60,0
16-01 04:26:14,17.994,6.248,73.725,0,0,1404224,1164852,171288,5191584,14597.087,4598.452,0,2171.269,0,168.943,3491,3106,2.330,1.420,0.740,2,0,47.984,0,0,11,32,0,58,0
16-01 04:26:15,19.200,2.244,77.796,0,0,1421400,1147672,171288,5191588,13101.640,6709.404,0,63.833,0,2.992,1924,1530,2.230,1.420,0.740,2,0,0,0,0,11,33,0,58,0
16-01 04:26:16,18.046,2.757,78.449,0.251,0,1415344,1153564,171296,5191744,18658.445,10191.916,0,160.408,0,16.041,3948,5242,2.230,1.420,0.740,2,0,0,0,0,11,33,0,58,0
16-01 04:26:17,13.018,16.773,68.846,0.250,0,1381088,1187652,171308,5191896,7798.830,2087.899,0,212.295,0,20.028,5733,4867,2.230,1.420,0.740,1,0,402.559,0,0,11,32,0,58,0
16-01 04:26:18,35.601,13.693,50.041,0,0,1462868,1105768,171348,5191956,9275.204,1613.252,0,2190.836,0,132.446,4819,3793,2.230,1.420,0.740,3,0,223.067,0,0,11,32,0,60,0
16-01 04:26:19,41.463,6.534,47.243,4.272,0,1531804,1032756,171604,5195436,7306.617,1628.384,0,11326.313,0,1069.506,8086,9469,2.230,1.420,0.740,2,0,59.305,0,0,11,36,0,56,0
16-01 04:26:20,37.004,9.001,40.254,11.751,0,1461012,1097268,172816,5200136,6603.683,1620.168,0,53993.586,0,4537.469,21363,34113,2.450,1.480,0.770,1,1,100.010,0,0,11,36,0,56,0
16-01 04:26:21,41.480,6.997,45.478,4.498,0,1484656,1073472,173060,5200020,9435.486,1619.225,0,21669.633,0,1802.138,10220,14956,2.450,1.480,0.770,4,0,19.990,0,0,11,32,0,56,0
16-01 04:26:22,43.765,6.002,47.516,1.751,0,1462820,1095132,173124,5200128,9594.236,1620.547,0,3361.134,0,476.161,5782,6348,2.450,1.480,0.770,2,1,2.001,0,0,11,34,0,56,0
16-01 04:26:23,37.500,9.500,45.000,6.500,0,1436432,1120860,173364,5200540,5652.996,1511.999,0,17139.989,0,2406.999,12770,23044,2.450,1.480,0.770,2,0,50.000,0,0,11,32,0,51,0
16-01 04:26:24,23.670,5.731,68.270,1.744,0,1425436,1131684,173512,5200556,9781.025,1560.738,0,14068.570,0,801.299,4216,5408,2.450,1.480,0.770,2,0,50.829,0,0,11,32,0,51,0
16-01 04:26:25,22.741,3.249,73.720,0,0,1493872,1063248,173512,5200556,7097.116,1619.342,0,75.969,0,6.997,1926,1396,2.330,1.470,0.770,2,0,1.999,0,0,11,32,0,51,0
16-01 04:26:26,22.247,3.499,72.239,0.500,0,1464024,1093040,173544,5200580,9560.593,1619.762,0,4743.302,0,234.965,2382,2229,2.330,1.470,0.770,4,0,1.000,0,0,11,32,0,51,0
16-01 04:26:27,22.720,3.246,73.652,0,0,1465968,1091096,173544,5200580,7110.553,1617.851,0,43.942,0,5.992,1838,1253,2.330,1.470,0.770,2,0,1.997,0,0,11,32,0,48,0
16-01 04:26:28,22.250,3.000,73.749,0,0,1407896,1149156,173544,5200592,6033.915,1619.977,0,0,0,0,1747,1206,2.330,1.470,0.770,2,0,1.000,0,0,11,32,0,48,0
16-01 04:26:29,21.737,3.748,73.706,0,0,1457396,1099656,173548,5200588,10381.757,1619.026,0,7.995,0,1.999,1845,1260,2.330,1.470,0.770,3,0,1.999,0,0,11,32,0,48,0
16-01 04:26:30,23.248,2.500,73.744,0,0,1467148,1089824,173548,5200660,9601.162,1661.855,0,7.999,0,2.000,1753,1146,2.230,1.460,0.770,2,0,1.000,0,0,11,32,0,48,0
16-01 04:26:31,22.755,4.501,72.516,0,0,1515712,1041228,173548,5200660,6354.372,1620.350,0,684.148,0,111.024,2107,1190,2.230,1.460,0.770,3,0,9.002,0,0,11,32,0,46,0
16-01 04:26:32,21.786,4.257,73.121,0,0,1474124,1082692,173552,5200768,8718.405,1514.502,0,324.536,0,13.022,1949,1581,2.230,1.460,0.770,2,0,1.002,0,0,11,32,0,46,0
16-01 04:26:33,22.767,3.002,73.806,0.250,0,1459128,1097672,173556,5200780,6773.134,1567.188,0,336.255,0,22.017,1854,1406,2.230,1.460,0.770,2,0,1.001,0,0,11,32,0,46,0
16-01 04:26:34,23.234,2.248,73.700,0,0,1485268,1071532,173556,5200780,9904.344,1618.912,0,0,0,0,1806,1065,2.230,1.460,0.770,2,0,1.999,0,0,11,32,0,46,0
16-01 04:26:35,21.342,4.268,74.068,0,0,1469560,1087204,173560,5200812,6662.643,1626.995,0,8.035,0,1.004,1779,1264,2.130,1.450,0.770,2,0,1.004,0,0,11,32,0,41,0
16-01 04:26:36,22.395,2.986,73.654,0,0,1465912,1090832,173560,5200832,5852.477,1612.417,0,3.981,0,0.995,1707,1172,2.130,1.450,0.770,2,0,0.995,0,0,11,32,0,41,0
16-01 04:26:37,22.265,3.502,73.799,0,0,1493380,1063364,173560,5200832,43311.676,1621.073,0,0,0,0,1839,1192,2.130,1.450,0.770,2,0,2.001,0,0,11,32,0,41,0
16-01 04:26:38,13.030,15.285,70.664,0,0,1450300,1106268,173560,5200980,34043.868,1623.762,0,441.022,0,5.012,4878,3574,2.130,1.450,0.770,2,0,331.769,0,0,11,32,0,41,0
16-01 04:26:39,8.759,20.771,69.319,0,0,1438740,1117752,173560,5201052,18921.950,1513.516,0,756.758,0,12.012,6031,4487,2.130,1.450,0.770,1,0,421.422,0,0,11,32,0,37,0
16-01 04:26:40,8.979,21.201,69.341,0,0,1431564,1124892,173560,5201088,10475.018,1658.204,0,470.922,0,5.986,6186,4654,2.040,1.440,0.770,1,0,447.974,0,0,11,32,0,37,0
16-01 04:26:41,16.253,10.752,72.015,0,0,1471220,1085244,173560,5201080,10231.199,1620.348,0,0,0,0,3537,2594,2.040,1.440,0.770,2,0,173.037,0,0,11,32,0,37,0
16-01 04:26:42,22.496,3.249,72.988,0,0,1517888,1038568,173560,5201088,7571.767,1565.745,0,703.885,0,98.984,2091,1476,2.040,1.440,0.770,2,0,2.000,0,0,11,32,0,37,0
16-01 04:26:43,22.014,3.752,73.296,0.250,0,1511852,1044604,173564,5201084,6104.812,1621.012,0,348.217,0,23.014,1963,1474,2.040,1.440,0.770,2,0,1.001,0,0,11,32,0,35,0
16-01 04:26:44,22.489,3.248,73.465,0,0,1504040,1052416,173564,5201084,6862.746,1619.232,0,19.991,0,1.000,1809,1126,2.040,1.440,0.770,3,0,1.999,0,0,11,32,0,35,0
16-01 04:26:45,21.766,3.503,73.553,0,0,1492356,1064092,173564,5201092,11759.505,1621.173,0,12.009,0,2.001,1909,1295,1.950,1.440,0.770,3,0,1.001,0,0,11,32,0,35,0
16-01 04:26:46,22.989,2.999,73.963,0,0,1538452,1017996,173564,5201092,8717.664,1619.195,0,19.990,0,2.999,1845,1146,1.950,1.440,0.770,2,0,1.999,0,0,11,32,0,35,0
16-01 04:26:47,21.742,3.749,73.473,0,0,1511016,1045440,173564,5201084,8716.832,1511.451,0,0,0,0,1872,1285,1.950,1.440,0.770,4,0,1.000,0,0,11,32,0,31,0
16-01 04:26:48,22.746,3.000,73.488,0,0.250,1503132,1053324,173564,5201084,10093.409,1619.745,0,23.996,0,2.000,1815,1142,1.950,1.440,0.770,3,0,3.000,0,0,11,32,0,31,0
16-01 04:26:49,22.006,3.251,73.522,0,0,1496800,1059648,173564,5201092,8650.547,1620.477,0,52.015,0,2.001,1877,1321,1.950,1.440,0.770,2,0,0,0,0,11,32,0,31,0
16-01 04:26:50,22.507,3.501,73.523,0.250,0,1477120,1079316,173564,5201104,7707.457,1620.517,0,3193.018,0,173.055,2005,1127,1.880,1.430,0.780,2,0,3.001,0,0,11,32,0,31,0
16-01 04:26:51,21.993,3.999,73.226,0,0,1504080,1052376,173564,5201084,5722.147,1565.493,0,0,0,0,1863,1285,1.880,1.430,0.780,2,0,2.999,0,0,11,32,0,25,0
16-01 04:26:52,22.498,3.500,73.492,0,0,1480268,1076156,173564,5201112,5785.364,1619.822,0,387.957,0,41.995,1961,1358,1.880,1.430,0.780,2,0,1.000,0,0,11,32,0,25,0
16-01 04:26:53,27.453,6.739,65.139,0,0,1479192,1077320,173564,5201024,9988.004,1617.248,0,411.300,0,31.946,3348,9767,1.880,1.430,0.780,2,0,37.935,0,0,11,32,0,26,0
16-01 04:26:54,23.288,2.754,73.620,0,0,1460648,1095776,173564,5201112,9062.762,1556.535,0,96.157,0,3.005,1718,1011,1.880,1.430,0.780,2,0,1.002,0,0,11,32,0,26,0
16-01 04:26:55,21.518,4.003,73.811,0,0,1457036,1099384,173564,5201112,9816.108,1621.339,0,12.010,0,1.001,1847,1385,1.810,1.420,0.780,2,0,1.001,0,0,11,32,0,18,0
16-01 04:26:56,21.985,3.498,73.700,0,0,1474044,1082396,173564,5201092,7431.913,1618.892,0,0,0,0,1786,1281,1.810,1.420,0.780,2,0,0,0,0,11,32,0,18,0
16-01 04:26:57,22.247,3.250,73.240,0,0,1450840,1105580,173564,5201112,8994.718,1619.769,0,23.997,0,2.000,1862,1235,1.810,1.420,0.780,3,0,3.000,0,0,11,32,0,18,0
16-01 04:26:58,22.250,3.250,73.751,0,0,1477644,1078796,173564,5201092,7406.103,1620.022,0,20.000,0,1.000,1791,1324,1.810,1.420,0.780,2,0,0,0,0,11,32,0,18,0
16-01 04:26:59,22.251,3.500,73.753,0.250,0,1461408,1095024,173564,5201100,7266.305,1620.068,0,72.003,0,2.000,1865,1306,1.810,1.420,0.780,3,0,1.000,0,0,11,32,0,18,0
16-01 04:27:00,22.507,2.751,73.524,0,0,1511052,1045380,173564,5201100,10784.482,1566.506,0,60.019,0,3.001,1823,1085,1.740,1.410,0.780,2,0,2.001,0,0,11,32,0,13,0
16-01 04:27:01,10.476,20.702,68.841,0,0,1477092,1079280,173564,5201160,8940.396,1616.275,0,199.540,0,9.977,5941,4515,1.740,1.410,0.780,2,0,459.940,0,0,11,32,0,13,0
16-01 04:27:02,21.998,3.750,73.743,0,0,1535108,1021240,173568,5201180,5764.427,1511.850,0,143.986,0,8.999,1895,1504,1.740,1.410,0.780,3,0,0,0,0,11,32,0,13,0
16-01 04:27:03,23.274,2.503,72.824,0,0,1509584,1046484,173572,5201424,10530.670,1621.643,0,564.572,0,59.060,2121,1439,1.740,1.410,0.780,2,0,9.009,0,0,11,32,0,13,0
16-01 04:27:04,23.033,2.754,73.606,0,0,1499080,1056988,173572,5201424,10381.972,1622.340,0,0,0,0,1802,1185,1.740,1.410,0.780,2,0,0,0,0,11,32,0,10,0
16-01 04:27:05,13.263,16.766,69.067,0.250,0,1452756,1103172,173572,5201564,8764.481,1621.569,40.039,116.112,2.002,5.005,5160,4003,1.680,1.410,0.780,1,0,413.400,0,0,11,32,0,10,0
16-01 04:27:06,9.013,21.531,68.347,0,0,1436564,1119328,173572,5201596,10946.614,1716.448,0,188.269,0,6.009,6282,4723,1.680,1.410,0.780,1,0,490.700,0,0,11,32,0,10,0
16-01 04:27:07,7.749,22.246,68.738,0,0,1415580,1140280,173572,5201628,42431.875,1619.728,0,355.940,0,4.999,6290,4684,1.680,1.410,0.780,2,0,491.917,0,0,11,32,0,10,0
16-01 04:27:08,8.738,21.471,68.656,0,0,1402856,1152968,173572,5201656,40432.797,1617.791,0,1290.238,0,14.980,6391,4851,1.680,1.410,0.780,2,0,511.302,0,0,11,32,0,7,0
16-01 04:27:09,8.013,22.788,67.613,0,0,1398036,1157760,173572,5201684,10567.714,1460.448,0,1338.243,0,42.071,6412,4885,1.680,1.410,0.780,1,0,520.873,0,0,11,32,0,7,0
16-01 04:27:10,7.987,21.715,69.639,0,0,1391428,1164332,173576,5201716,7305.326,1617.415,0,1050.322,0,13.978,6094,4583,1.630,1.400,0.780,4,0,455.272,0,0,11,32,0,7,0
16-01 04:27:11,7.509,21.276,69.585,0,0,1388060,1167672,173576,5201744,8969.966,1621.983,0,168.206,0,7.009,6086,4592,1.630,1.400,0.780,2,0,443.542,0,0,11,32,0,7,0
16-01 04:27:12,7.998,22.493,68.479,0,0,1380008,1175680,173580,5201780,7467.682,1619.497,0,423.868,0,18.994,6266,4771,1.630,1.400,0.780,3,0,473.853,0,0,11,32,0,4,0
16-01 04:27:13,9.738,20.475,68.415,0,0,1372448,1183196,173588,5201808,10209.293,1617.986,0,647.194,0,39.950,6154,4756,1.630,1.400,0.780,2,0,437.456,0,0,11,32,0,4,0
16-01 04:27:14,23.297,28.057,47.847,0.251,0,1376748,1178844,173592,5201852,7257.664,1623.280,0,925.871,0,107.217,7391,6505,1.630,1.400,0.780,5,0,742.500,0,0,11,34,0,7,0
16-01 04:27:15,63.580,13.963,21.443,0,0,1545812,1009220,173620,5202384,7565.764,1615.679,0,742.015,0,41.888,4434,2999,1.740,1.430,0.790,4,0,169.547,0,0,11,32,0,10,0
16-01 04:27:16,55.884,10.275,27.065,6.766,0,1643124,901964,174284,5210588,9688.306,1623.906,372.897,24466.856,3.007,1943.676,13721,17564,1.740,1.430,0.790,4,0,67.162,0,0,11,38,0,9,0
16-01 04:27:17,41.461,13.987,30.971,12.488,0,1661648,873384,175036,5219452,9076.540,1456.642,0,91079.104,0,6204.217,27568,43209,1.740,1.430,0.790,1,2,156.854,0,0,11,36,0,10,0
16-01 04:27:18,40.515,10.254,32.262,14.255,0,1690592,833348,175448,5229672,15858.714,6663.401,0,85530.816,0,6465.329,29661,43739,1.740,1.430,0.790,2,2,66.024,0,0,11,37,0,10,0
16-01 04:27:19,46.017,10.004,30.261,11.254,0,1588044,927112,175996,5237644,12763.683,5862.151,0,67300.694,0,5084.866,22691,36051,1.740,1.430,0.790,2,1,91.033,0,0,11,34,0,11,0
16-01 04:27:20,41.735,20.493,22.742,13.245,0,1574008,934012,176352,5244116,8897.877,1619.432,371.869,50250.366,5.998,3728.691,20267,30010,1.840,1.450,0.810,6,0,339.881,0,0,11,34,0,9,0
16-01 04:27:21,43.434,15.476,28.207,11.982,0,1581496,920972,176620,5249124,13531.415,7277.928,527.198,54360.304,6.989,4029.870,21149,34031,1.840,1.450,0.810,2,2,142.783,0,0,11,35,0,9,0
16-01 04:27:22,33.570,15.031,37.327,12.777,0,1598832,899556,176724,5252988,18215.797,12085.076,1274.645,52827.614,28.058,4085.477,22913,34699,1.840,1.450,0.810,2,1,204.424,0,0,11,35,0,9,0
16-01 04:27:23,34.227,10.243,41.972,11.992,0,1542500,955908,176984,5252664,10887.660,4982.641,0,50961.646,0,4429.014,23295,33302,1.840,1.450,0.810,2,1,56.962,0,0,11,34,0,9,0
16-01 04:27:24,35.283,7.507,43.540,12.261,0,1581912,914608,177276,5254228,17604.239,6667.150,0,50294.394,0,4316.982,18373,31539,1.840,1.450,0.810,2,0,42.039,0,0,11,35,0,9,0
16-01 04:27:25,32.174,7.732,44.894,11.722,0,1580652,914132,177464,5255752,19954.962,10074.253,0,57005.626,0,4827.620,24938,36625,1.850,1.460,0.810,2,1,38.908,0,0,11,35,0,9,0
16-01 04:27:26,37.045,9.261,42.803,9.512,0,1502464,990120,177516,5257848,15634.182,8158.009,0,35691.792,0,3439.220,20418,29681,1.850,1.460,0.810,4,0,119.146,0,0,11,34,0,10,0
16-01 04:27:27,36.013,9.253,40.514,12.004,0,1553632,934960,177640,5261596,7120.483,1620.565,0,63029.981,0,4973.735,18799,35298,1.850,1.460,0.810,1,1,60.021,0,0,11,36,0,10,0
16-01 04:27:28,29.521,9.006,46.282,13.009,0,1559432,925888,177828,5264564,17330.069,10305.177,0,67418.952,0,5408.767,26024,39861,1.850,1.460,0.810,0,1,66.046,0,0,11,37,0,10,0
16-01 04:27:29,31.231,7.745,47.221,11.743,0,1557528,924404,177900,5267772,19427.007,11814.707,0,69133.323,0,5429.648,28572,42947,1.850,1.460,0.810,3,1,98.939,0,0,11,37,0,10,0
16-01 04:27:30,35.254,10.001,40.755,11.251,0,1588176,894520,177920,5266936,7924.898,2085.236,0,51917.882,0,4516.512,23442,33704,1.860,1.470,0.820,3,1,54.006,0,0,11,36,0,10,0
16-01 04:27:31,33.521,7.755,44.778,12.007,0,1608324,876668,177952,5264596,11949.356,6665.103,0,52396.256,0,4495.768,22493,34125,1.860,1.470,0.820,5,0,43.026,0,0,11,37,0,10,0
16-01 04:27:32,28.730,11.242,57.460,1.499,0,1476460,1008624,177960,5264488,21459.181,11265.221,0,11248.233,0,722.501,7817,10454,1.860,1.470,0.820,2,0,214.852,0,0,11,33,0,11,0
16-01 04:27:33,17.477,4.744,75.901,0,0,1401428,1083632,177960,5264512,13064.938,7061.778,0,1218.409,0,68.910,3609,4069,1.860,1.470,0.820,2,0,54.928,0,0,11,32,0,12,0
16-01 04:27:34,19.993,2.249,77.223,0.500,0,1452552,1032504,177960,5264516,12936.442,3973.600,0,1063.625,0,72.974,2152,1888,1.860,1.470,0.820,3,0,0,0,0,11,33,0,12,0
16-01 04:27:35,19.481,3.996,74.428,0.749,0,1431840,1053248,177964,5264532,14601.796,8073.147,0,5238.904,0,387.623,4073,4573,1.800,1.460,0.820,2,0,34.966,0,0,11,32,0,13,0
16-01 04:27:36,21.985,3.248,73.949,0,0,1428116,1056972,177964,5264532,10410.789,2232.454,0,255.823,0,3.997,1801,1156,1.800,1.460,0.820,1,0,0,0,0,11,33,0,13,0
16-01 04:27:37,15.791,2.757,80.962,0,0.251,1411704,1073368,177964,5264548,48719.456,7759.299,0,144.378,0,12.031,2577,2590,1.800,1.460,0.820,3,0,17.045,0,0,11,32,0,14,0
16-01 04:27:38,20.218,5.741,73.383,0,0,1449444,1035628,177964,5264548,37732.017,1617.429,0,115.816,0,7.987,2227,1558,1.800,1.460,0.820,2,0,42.932,0,0,11,32,0,14,0
16-01 04:27:39,17.262,2.502,78.804,0,0,1457664,1027016,177964,5264940,17340.971,10032.926,0,76.053,0,6.004,2750,3062,1.800,1.460,0.820,2,0,0,0,0,11,33,0,14,0
16-01 04:27:40,19.981,5.495,73.931,0.250,0,1430408,1054256,177964,5264956,12121.745,3700.564,0,355.670,0,19.981,2967,2863,1.730,1.460,0.820,2,0,42.960,0,0,11,32,0,15,0
16-01 04:27:41,18.758,2.501,77.535,0.250,0,1441096,1043436,177964,5265088,13441.048,6851.083,0,396.178,0,16.007,2026,1693,1.730,1.460,0.820,4,0,1.000,0,0,11,33,0,15,0
16-01 04:27:42,14.776,6.011,78.140,0.250,0,1401268,1083252,177964,5265108,14926.731,7278.034,0,364.653,0,32.057,4084,4532,1.730,1.460,0.820,4,0,70.126,0,0,11,32,0,16,0
16-01 04:27:43,10.511,23.524,65.316,0,0,1415580,1068776,177964,5265272,7279.340,1621.635,0,112.113,0,6.006,6520,5200,1.730,1.460,0.820,3,0,598.604,0,0,11,34,0,17,0
16-01 04:27:44,62.251,12.250,25.000,0.250,0.250,1539916,944236,177976,5265464,9533.164,1620.028,0,856.015,0,60.001,4811,3087,1.730,1.460,0.820,4,0,132.002,0,0,11,32,0,22,0
16-01 04:27:45,65.970,8.496,24.239,0,0,1699500,781928,177984,5268080,9086.838,1619.258,0,2414.894,0,71.967,3860,1701,1.830,1.480,0.830,3,0,0,0,0,11,32,0,22,0
16-01 04:27:46,62.757,7.501,26.003,1.750,0,1795932,679844,178080,5273092,5608.581,1566.162,4.000,14677.522,1.000,690.072,6681,6086,1.830,1.480,0.830,3,0,30.003,0,0,11,38,0,22,0
16-01 04:27:47,34.752,10.251,40.253,12.501,0,1795316,667244,178148,5285804,8412.571,1620.110,0,113627.718,0,7952.540,34921,54479,1.830,1.480,0.830,3,0,246.017,0,0,11,38,0,22,0
16-01 04:27:48,33.994,9.248,39.992,13.997,0,1793812,657924,178200,5296208,9497.210,1619.695,0,83688.229,0,6645.748,33319,52242,1.830,1.480,0.830,1,1,212.960,0,0,11,38,0,22,0
16-01 04:27:49,39.735,11.246,34.237,12.995,0,1707652,735796,178320,5304092,5801.866,1619.404,0,91162.462,0,6523.600,30239,45393,1.830,1.480,0.830,9,0,245.910,0,0,11,36,0,22,0
16-01 04:27:50,45.982,8.247,31.488,11.995,0,1701828,731048,178372,5314220,9158.418,1619.367,0,64702.696,0,4639.186,24825,33540,2.090,1.540,0.860,4,1,90.964,0,0,11,36,0,22,0
16-01 04:27:51,41.275,11.257,32.019,14.509,0,1749016,670120,178408,5327412,7340.423,1512.912,0,105507.571,0,6751.068,30664,43312,2.090,1.540,0.860,2,2,16.010,0,0,11,36,0,22,0
16-01 04:27:52,41.006,10.502,32.255,13.252,0,1686200,729916,178448,5330272,8938.283,1620.233,0,76967.049,0,5654.812,27678,39740,2.090,1.540,0.860,1,1,152.022,0,0,11,36,0,22,0
16-01 04:27:53,39.416,11.226,43.657,4.740,0,1456628,958224,178456,5331476,8835.172,1616.555,0,30562.871,0,2336.022,13583,31883,2.090,1.540,0.860,2,0,191.592,0,0,11,32,0,23,0
16-01 04:27:54,18.243,8.996,72.222,0.250,0,1467024,947808,178456,5331496,6836.320,1619.365,0,2578.989,0,141.944,3410,2753,2.090,1.540,0.860,2,0,135.947,0,0,11,32,0,23,0
16-01 04:27:55,22.981,2.998,72.689,0.250,0,1521764,893060,178456,5331504,10176.518,1618.651,0,1606.661,0,89.925,2197,1747,2,1.530,0.860,2,0,0,0,0,11,32,0,23,0
16-01 04:27:56,24.564,2.507,72.188,0.501,0,1470768,944048,178456,5331512,8519.137,1570.080,0,7796.258,0,449.167,3456,3374,2,1.530,0.860,2,0,2.005,0,0,11,32,0,23,0
16-01 04:27:57,21.477,4.995,72.172,0.749,0,1491496,923320,178456,5331512,9146.078,1618.245,0,7092.306,0,346.624,3263,2781,2,1.530,0.860,3,0,27.970,0,0,11,32,0,22,0
16-01 04:27:58,22.997,2.750,73.490,0.250,0,1551560,863256,178456,5331512,8995.782,1619.781,0,775.895,0,50.993,1997,1385,2,1.530,0.860,2,0,2.000,0,0,11,32,0,22,0
16-01 04:27:59,18.789,15.532,64.385,0,0,1485500,929156,178464,5331660,8465.686,1569.278,0,148.310,0,23.048,4559,3874,2,1.530,0.860,4,0,393.823,0,0,11,32,0,22,0
16-01 04:28:00,12.501,34.003,52.004,0.250,0,1481260,933332,178464,5331724,7798.630,1620.131,0,428.035,0,31.003,7820,6944,2.080,1.560,0.870,1,0,1018.082,0,0,11,32,0,22,0
16-01 04:28:01,8.733,21.459,68.870,0.250,0,1474832,939684,178464,5331800,5168.229,1563.045,0,375.290,0,22.957,6214,4707,2.080,1.560,0.870,4,0,473.106,0,0,11,32,0,22,0
16-01 04:28:02,8.996,19.992,68.973,0,0,1449776,964700,178464,5331840,6106.570,1619.356,0,251.900,0,17.993,5849,4412,2.080,1.560,0.870,3,0,364.855,0,0,11,32,0,22,0
16-01 04:28:03,14.285,18.295,67.164,0.251,0,1428720,985712,178464,5332296,8917.797,1623.969,0,208.510,0,17.042,6148,5824,2.080,1.560,0.870,2,0,309.757,0,0,11,32,0,22,0
16-01 04:28:04,35.089,13.687,50.519,0,0,1446668,967716,178472,5332336,8992.841,1612.619,0,0,0,0,5540,5810,2.080,1.560,0.870,3,0,193.116,0,0,11,33,0,22,0
16-01 04:28:05,42.037,7.757,48.793,0,0,1544536,869744,178472,5332440,8769.786,1567.392,0,0,0,0,2848,1597,2.070,1.560,0.880,3,0,0,0,0,11,33,0,22,0
16-01 04:28:06,47.711,4.496,48.211,0,0,1613116,800976,178492,5332604,7823.633,1712.606,0,311.746,0,14.988,3654,2681,2.070,1.560,0.880,4,0,17.985,0,0,11,49,0,22,0
16-01 04:28:07,37.823,9.769,50.849,0,0,1650388,759432,178544,5336456,43608.617,1569.045,0,677.314,0,36.070,5454,8223,2.070,1.560,0.880,3,0,134.261,0,0,11,48,0,23,0
16-01 04:28:08,15.040,18.048,65.422,0,0,1666964,742788,178548,5336820,44038.926,1624.276,0,276.728,0,7.018,7287,8827,2.070,1.560,0.880,13,0,329.868,0,0,11,48,0,23,0
16-01 04:28:09,7.223,3.985,87.674,0,0,1667932,741808,178548,5336484,6130.187,1560.194,0,163.392,0,14.944,1890,2345,2.070,1.560,0.880,1,0,32.878,0,0,11,48,0,23,0
16-01 04:28:10,0.750,0.500,97.785,0.500,0,1666608,743132,178548,5336484,5831.062,1620.573,0,420.149,0,29.010,817,1068,1.910,1.540,0.870,1,0,3.001,0,0,11,48,0,23,0
16-01 04:28:11,0.750,1.001,97.552,0.500,0,1665208,744404,178548,5336612,9836.255,1620.866,0,5070.709,0,327.175,1217,1067,1.910,1.540,0.870,1,0,4.002,0,0,11,48,0,23,0
16-01 04:28:12,0.500,0,98.246,0,0,1663984,745628,178548,5336612,7573.658,1619.927,0,8.000,0,2.000,698,926,1.910,1.540,0.870,1,0,1.000,0,0,11,48,0,23,0
16-01 04:28:13,6.247,7.246,86.203,0,0,1643976,765624,178548,5336952,8547.339,1619.117,0,0,0,0,3024,3724,1.910,1.540,0.870,7,0,147.919,0,0,11,48,0,23,0
16-01 04:28:14,18.008,13.006,67.779,0,0,1596248,813304,178548,5336612,7843.362,1512.648,0,1224.525,0,4.002,5091,6580,1.910,1.540,0.870,1,0,215.092,0,0,11,48,0,23,0
16-01 04:28:15,13.284,19.801,65.668,0,0,1658256,751080,178548,5337144,10085.777,1862.761,0,176.451,0,4.010,6944,7247,1.830,1.530,0.870,2,0,421.076,0,0,12,48,0,23,0
16-01 04:28:16,18.940,12.461,67.289,0,0,1657388,751960,178548,5336780,9223.022,1614.926,0,263.173,0,26.915,5155,6054,1.830,1.530,0.870,3,0,177.442,0,0,12,64,0,23,0
16-01 04:28:17,5.016,8.778,85.024,0.251,0,1661156,748184,178548,5336812,5495.712,1571.063,0,3130.088,0,25.081,2895,2717,1.830,1.530,0.870,1,0,189.611,0,0,12,64,0,16,0
16-01 04:28:18,19.245,14.246,65.483,0,0,1668112,741052,178548,5336964,9377.576,1619.581,0,35.991,0,7.998,6734,8491,1.830,1.530,0.870,2,0,204.947,0,0,14,64,0,16,0
16-01 04:28:19,7.995,18.739,71.708,0,0,1668872,740204,178548,5337008,7713.448,1619.044,0,295.825,0,11.993,5782,4673,1.830,1.530,0.870,2,0,385.772,0,0,14,66,0,16,0
16-01 04:28:20,11.994,20.989,66.465,0,0,1662212,746792,178552,5337480,6277.738,1661.137,0,475.753,0,33.982,6969,7080,1.850,1.540,0.880,1,0,391.796,0,0,14,66,0,16,0
16-01 04:28:21,22.770,15.013,61.054,0,0,1676596,732408,178552,5337048,9238.163,1621.433,0,44.039,0,2.002,5771,6549,1.850,1.540,0.880,3,0,262.232,0,0,14,66,0,15,0
16-01 04:28:22,29.773,24.519,44.784,0,0,1757844,651084,178560,5337120,8788.752,1621.246,0,364.280,0,8.006,6870,5587,1.850,1.540,0.880,2,0,599.461,0,0,14,66,0,15,0
16-01 04:28:23,27.994,25.994,43.490,0,0,1867940,539360,178644,5338572,8502.033,1565.638,0,35.992,0,8.998,6965,8301,1.850,1.540,0.880,2,0,501.884,0,0,14,70,0,17,0
16-01 04:28:24,38.011,19.255,41.762,0,0,1944316,462944,178644,5338600,9638.669,1566.434,0,48.013,0,8.002,6478,7909,1.850,1.540,0.880,2,0,235.065,0,0,14,70,0,17,0
16-01 04:28:25,69.326,25.750,4.952,0,0,2086544,320424,178656,5339276,5713.429,1640.048,0,554.606,0,5.942,5226,4732,2.100,1.590,0.900,5,0,571.442,0,0,14,70,0,17,0
16-01 04:28:26,61.851,19.186,16.914,0,0,2184496,221428,178684,5340584,9363.954,1678.302,0,20.196,0,5.049,6171,9071,2.100,1.590,0.900,4,0,300.923,0,0,14,70,0,17,0
16-01 04:28:27,68.395,26.210,4.992,0.250,0,2260952,160580,173768,5329320,9089.992,1617.507,3.994,2592.006,0.998,153.763,5966,5308,2.100,1.590,0.900,4,1,455.298,0,0,14,70,0,17,0
16-01 04:28:28,70.967,19.603,1.985,6.203,0,2439236,193968,166372,5130512,6335.399,1607.919,345.405,11541.284,53.597,761.280,8995,9930,2.100,1.590,0.900,8,0,209.426,0,0,14,74,0,17,0
16-01 04:28:29,65.712,23.415,6.546,5.035,0,2496068,121368,166400,5145964,8967.101,1631.481,1099.739,30377.767,70.496,2318.314,18022,26235,2.100,1.590,0.900,9,1,329.317,0,0,14,76,0,17,0
16-01 04:28:30,68.709,25.235,2.998,1.999,0,2585512,175448,166444,5005664,7651.472,1619.042,39.976,9438.414,4.997,798.527,12483,19961,2.570,1.700,0.940,7,0,402.762,0,0,14,78,0,20,0
16-01 04:28:31,64.417,19.801,13.786,1.003,0,2661132,154576,166172,4951904,9697.116,1570.067,1110.877,1195.095,91.236,63.164,8883,13243,2.570,1.700,0.940,4,0,291.756,0,0,14,91,0,25,0
16-01 04:28:32,53.623,24.692,20.202,0.748,0,2785252,177020,166180,4809044,7833.452,1616.173,43.896,993.647,7.981,54.870,7749,9125,2.570,1.700,0.940,6,0,535.732,0,0,14,93,0,25,0
16-01 04:28:33,40.801,20.525,37.547,0,0,2848164,182624,166180,4742300,5327.600,1513.875,44.055,981.216,4.005,54.067,7062,10599,2.570,1.700,0.940,2,0,350.434,0,0,14,95,0,25,0
16-01 04:28:34,60.765,13.253,24.506,1.250,0,2984372,178152,166192,4613156,11159.822,1620.410,2084.527,940.238,28.007,48.012,5710,8352,2.570,1.700,0.940,3,0,137.035,0,0,14,98,0,26,0
16-01 04:28:35,36.205,9.738,51.935,0.999,0,3058940,169548,166208,4548596,8421.427,1617.969,11.985,5844.662,2.996,331.584,4906,4717,2.530,1.710,0.940,3,0,83.895,0,0,14,101,0,27,0
16-01 04:28:36,8.501,19.752,70.509,0.250,0,3074080,154220,166208,4548784,8910.075,1710.206,0,1012.122,0,58.007,6021,4646,2.530,1.710,0.940,2,0,380.046,0,0,14,101,0,27,0
16-01 04:28:37,8.767,19.288,70.889,0,0,3086748,141516,166208,4548820,43230.001,1623.192,0,64.126,0,7.014,6206,4871,2.530,1.710,0.940,2,0,425.837,0,0,14,101,0,27,0
16-01 04:28:38,17.699,7.728,72.540,1.246,0,3133884,161600,166208,4483052,44045.517,1615.325,11.965,2959.434,1.994,17.948,2838,2095,2.530,1.710,0.940,2,0,101.706,0,0,14,101,0,25,0
16-01 04:28:39,18.797,2.506,78.195,0,0,3149356,146064,166212,4483116,14984.399,7972.899,24.060,132.330,6.015,14.035,2355,2201,2.530,1.710,0.940,3,0,0,0,0,14,105,0,25,0
16-01 04:28:40,19.201,6.483,73.312,0.249,0,3102668,192728,166212,4483140,36556.087,17555.899,0,291.252,0,16.956,3052,2345,2.400,1.690,0.950,2,0,63.836,0,0,14,105,0,26,0
16-01 04:28:41,19.499,2.750,76.748,0.250,0,3151048,144344,166212,4483144,8880.762,4048.891,0,171.995,0,21.999,2155,1807,2.400,1.690,0.950,3,0,2.000,0,0,14,108,0,26,0
16-01 04:28:42,20.495,3.749,75.230,0,0,3160292,134796,166224,4483404,13040.576,5609.527,15.996,463.878,1.000,41.989,2795,2819,2.400,1.690,0.950,3,0,2.999,0,0,14,116,0,25,0
16-01 04:28:43,25.054,4.760,66.893,2.004,0,3168452,126280,166228,4483740,9209.723,1623.477,64.137,1659.554,3.006,232.498,6376,8706,2.400,1.690,0.950,2,0,3.006,0,0,14,119,0,26,0
16-01 04:28:44,18.955,8.979,70.833,0.499,0,3140876,153836,166228,4483780,10128.190,2822.365,0,1209.157,0,94.777,4172,4143,2.400,1.690,0.950,4,0,112.735,0,0,14,120,0,27,0
16-01 04:28:45,31.741,5.748,61.483,0.500,0,3247604,178380,166232,4355616,13633.213,7339.961,39.989,4634.713,3.999,208.942,4158,3948,2.290,1.680,0.950,2,0,3.999,0,0,14,125,0,27,0
16-01 04:28:46,18.964,3.992,74.858,0.250,0,3250084,175860,166232,4355656,11830.634,4358.760,15.970,994.121,0.998,90.828,3498,4020,2.290,1.680,0.950,3,0,1.996,0,0,14,127,0,20,0
16-01 04:28:47,32.303,8.013,58.346,0.751,0,3236400,189472,166236,4355724,8329.662,2818.623,44.072,1478.425,4.007,117.192,4751,4883,2.290,1.680,0.950,3,0,94.154,0,0,14,126,0,21,0
16-01 04:28:48,42.844,8.519,48.105,0.251,0,3324792,163580,166116,4294672,6967.210,2238.888,0,10755.480,0,598.306,4103,1621,2.290,1.680,0.950,2,0,5.011,0,0,14,127,0,21,0
16-01 04:28:49,22.960,4.492,70.128,0,0,3291820,196364,166116,4294860,27606.111,23267.637,179.688,335.418,0.998,15.972,2778,1968,2.290,1.680,0.950,2,0,54.905,0,0,14,126,0,22,0
16-01 04:28:50,20.251,4.500,75.003,0.250,0,3351480,136652,166116,4294912,10858.448,3552.147,8.000,1200.050,2.000,76.003,2112,1681,2.190,1.670,0.950,2,0,0,0,0,14,127,0,22,0
16-01 04:28:51,16.997,4.999,76.986,0,0.500,3294996,193116,166116,4294932,27809.017,21948.067,0,71.987,0,5.999,2478,1896,2.190,1.670,0.950,2,0,51.991,0,0,14,126,0,23,0
16-01 04:28:52,20.001,3.500,75.505,0.250,0.250,3355000,133152,166116,4294932,12908.862,3590.240,0,56.004,0,6.000,1851,1355,2.190,1.670,0.950,1,0,0,0,0,14,127,0,23,0
16-01 04:28:53,23.467,5.492,69.901,0.499,0,3311136,241136,166116,4232684,13207.295,7337.608,39.943,659.067,5.992,90.871,4041,11426,2.190,1.670,0.950,2,0,36.948,0,0,14,126,0,25,0
16-01 04:28:54,19.181,7.473,72.490,0,0,3352352,199896,166116,4232692,9624.481,1560.404,0,302.914,0,17.936,2711,2032,2.190,1.670,0.950,3,0,81.707,0,0,14,126,0,24,0
16-01 04:28:55,25.560,2.756,71.168,0.501,0,3374648,177536,166116,4232756,30002.688,23978.494,0,469.105,0,36.085,5688,8965,2.010,1.640,0.940,2,0,28.066,0,0,14,134,0,27,0
16-01 04:28:56,19.254,7.502,72.515,0,0,3395496,156676,166116,4232768,6334.317,1620.337,0,264.055,0,14.003,2461,1874,2.010,1.640,0.940,2,0,55.011,0,0,14,134,0,27,0
16-01 04:28:57,16.299,2.006,80.490,0,0,3407688,144472,166116,4232780,16867.304,8200.456,0,320.957,0,24.072,1932,1732,2.010,1.640,0.940,4,0,0,0,0,14,135,0,27,0
16-01 04:28:58,27.078,6.017,64.435,1.755,0,3407192,144812,166116,4232936,7480.483,1624.666,8.023,4865.975,1.003,443.273,7970,11957,2.010,1.640,0.940,1,0,1.003,0,0,14,138,0,28,0
16-01 04:28:59,19.417,6.721,72.690,0.498,0,3394796,157196,166116,4232948,7728.990,2847.837,0,1222.778,0,87.626,2864,2442,2.010,1.640,0.940,2,0,52.775,0,0,14,137,0,29,0
16-01 04:29:00,18.263,2.252,78.054,0,0,3411156,140816,166116,4232968,17594.112,9773.728,0,552.380,0,40.028,2269,2020,1.930,1.630,0.940,2,0,1.001,0,0,14,138,0,29,0
16-01 04:29:01,20.230,6.494,70.431,1.249,0,3415260,136640,166116,4233040,10703.547,3461.620,39.961,2985.085,2.997,238.767,6346,8939,1.930,1.630,0.940,2,0,1.998,0,0,14,138,0,29,0
16-01 04:29:02,32.280,8.758,58.305,0.250,0,3361056,190752,166116,4233132,12250.463,2487.327,0,700.656,0,68.064,7656,10524,1.930,1.630,0.940,3,0,69.065,0,0,14,139,0,30,0
16-01 04:29:03,18.475,2.746,77.397,0.749,0,3406984,144812,166124,4233136,14766.386,7334.258,3.995,2272.981,0.999,263.650,2136,1397,1.930,1.630,0.940,2,0,0,0,0,14,140,0,30,0
16-01 04:29:04,17.836,6.029,74.109,0.502,0,3384664,167028,166124,4233256,10679.732,5449.396,16.078,1410.834,1.005,126.613,4143,4599,1.930,1.630,0.940,1,0,92.448,0,0,14,139,0,31,0
16-01 04:29:05,20.719,6.490,70.893,0.499,0,3430620,184080,166124,4171824,9429.749,1617.555,0,4840.685,0,274.585,3208,2989,1.940,1.640,0.950,2,0,55.915,0,0,14,141,0,31,0
16-01 04:29:06,17.269,2.503,80.338,0,0,3433768,180784,166124,4171972,19196.137,13091.415,0,392.432,0,21.023,2348,2166,1.940,1.640,0.950,6,0,0,0,0,14,142,0,31,0
16-01 04:29:07,26.920,4.736,64.809,1.246,0,3431752,182540,166128,4172228,43135.606,1754.817,63.812,3214.507,5.982,242.284,8485,12934,1.940,1.640,0.950,2,0,0,0,0,14,142,0,31,0
16-01 04:29:08,28.339,8.025,62.446,0.251,0,3436016,178104,166128,4172368,33298.743,1625.112,32.101,786.474,2.006,59.186,7857,11654,1.940,1.640,0.950,2,0,4.013,0,0,14,144,0,31,0
16-01 04:29:09,44.248,14.915,38.282,0.994,0,3393304,220656,166128,4172480,21234.001,3529.886,39.773,1467.637,2.983,151.139,11659,17764,1.940,1.640,0.950,2,0,284.380,0,0,14,143,0,32,0
16-01 04:29:10,19.817,2.258,77.513,0,0,3445256,168704,166132,4172508,13615.166,4199.239,4.014,537.824,1.003,32.109,1905,1422,1.860,1.630,0.950,2,0,0,0,0,14,144,0,32,0
16-01 04:29:11,16.771,10.013,71.842,0,0,3437604,176332,166136,4172528,15264.541,6661.528,0,436.559,0,26.033,3821,2980,1.860,1.630,0.950,2,0,159.204,0,0,14,143,0,32,0
16-01 04:29:12,9.740,19.729,69.676,0,0,3369360,244536,166136,4172568,6083.500,1708.175,0,383.590,0,27.970,5960,4602,1.860,1.630,0.950,2,0,389.584,0,0,14,143,0,32,0
16-01 04:29:13,19.760,15.258,63.782,0,0,3349972,263788,166136,4172820,8946.510,1512.763,0,380.192,0,19.010,6189,8007,1.860,1.630,0.950,3,0,229.115,0,0,14,143,0,32,0
16-01 04:29:14,30.560,22.545,45.590,0.501,0,3409168,204528,166140,4172768,7801.414,1623.207,4.008,5053.986,1.002,470.930,7557,5649,1.860,1.630,0.950,3,0,484.958,0,0,14,143,0,32,0
16-01 04:29:15,33.705,18.975,45.939,0.250,0,3461700,151664,166152,4173432,9353.613,1617.857,27.963,778.968,2.996,43.942,7420,8044,1.870,1.630,0.950,6,0,337.553,0,0,14,149,0,32,0
16-01 04:29:16,41.735,19.743,37.236,0,0,3536384,138328,166152,4113676,8927.715,1689.378,99.963,475.825,6.997,32.988,6544,8857,1.870,1.630,0.950,4,0,412.848,0,0,16,149,0,32,0
16-01 04:29:17,55.818,27.161,16.695,0.249,0,3684188,161604,165956,3946796,6604.439,1560.904,19.935,418.633,3.987,34.886,7512,10860,1.870,1.630,0.950,4,0,487.409,0,0,16,155,0,32,0
16-01 04:29:18,53.840,17.529,27.546,0.250,0,3757520,122872,165924,3912136,10446.476,1622.715,24.040,440.737,3.005,25.042,7641,13784,1.870,1.630,0.950,3,0,255.427,0,0,16,171,0,32,0
16-01 04:29:19,37.871,22.572,39.627,0.251,0,3808832,170212,165928,3814400,7955.434,1715.484,0,8760.006,0,695.223,8601,5708,1.870,1.630,0.950,2,0,575.841,0,0,16,171,0,32,0
16-01 04:29:20,23.973,21.725,52.191,0,0,3833660,189484,165932,3771332,6242.939,1618.170,0,2113.609,0,23.973,7153,7226,1.880,1.640,0.960,1,0,458.481,0,0,17,171,0,32,0
16-01 04:29:21,23.524,14.265,60.813,0.501,0,3869776,153528,165932,3770912,9600.959,1621.682,12.012,408.424,3.003,24.025,5334,6246,1.880,1.640,0.960,3,0,242.251,0,0,17,171,0,32,0
16-01 04:29:22,30.593,24.375,44.273,0.249,0,3921280,154004,165688,3720004,7772.088,1611.723,0,270.610,0,26.862,6732,5465,1.880,1.640,0.960,5,0,464.614,0,0,17,171,0,32,0
16-01 04:29:23,46.700,18.077,34.397,0,0,4019712,162332,165700,3615808,8698.284,1518.509,152.654,614.635,6.026,33.142,7516,13064,1.880,1.640,0.960,3,0,255.093,0,0,17,183,0,32,0
16-01 04:29:24,30.278,24.523,43.541,0.500,0,4065932,175488,165700,3557732,9980.290,1691.575,48.045,248.231,3.003,17.016,7382,6517,1.880,1.640,0.960,3,0,677.631,0,0,17,183,0,32,0
16-01 04:29:25,31.963,24.721,43.699,0.250,0,4143700,132484,165700,3523816,10100.274,1564.184,11.986,779.096,2.997,59.930,8725,10785,1.890,1.650,0.970,2,0,570.338,0,0,17,195,0,32,0
16-01 04:29:26,14.767,17.520,65.824,0,0,4146228,180764,165700,3474176,9586.823,1663.878,0,696.787,0,38.043,6093,6240,1.890,1.650,0.970,1,0,287.324,0,0,17,195,0,32,0
16-01 04:29:27,32.400,13.459,53.086,0,0,4230832,132904,165700,3438316,5963.619,1615.022,3.988,147.545,0.997,8.972,5348,6089,1.890,1.650,0.970,3,0,184.432,0,0,17,195,0,30,2
16-01 04:29:28,47.694,6.992,43.199,0.999,0,4354964,144164,165704,3305016,6053.915,1618.106,179.790,535.373,6.992,60.929,4069,3080,1.890,1.650,0.970,4,0,8.989,0,0,17,211,0,30,2
16-01 04:29:29,39.504,7.751,50.505,0.750,0,4446376,175524,165708,3184356,10925.019,1620.151,92.009,768.072,8.001,16.001,3567,2521,1.890,1.650,0.970,3,0,7.001,0,0,17,216,0,30,2
16-01 04:29:30,28.846,22.826,46.153,2.258,0,4372008,248904,165708,3185348,7069.502,1715.704,1087.616,577.921,16.053,46.153,6980,7715,1.900,1.650,0.970,4,0,490.631,0,0,17,215,0,30,2
16-01 04:29:31,34.526,27.271,35.777,0.751,0,4408680,210720,165712,3187156,17145.009,7295.536,260.197,3054.317,5.004,172.131,8902,11509,1.900,1.650,0.970,4,0,562.427,0,0,17,218,0,23,2
16-01 04:29:32,54.305,19.181,24.163,1.744,0,4439284,177324,165724,3189872,10429.485,4578.531,1239.541,1271.427,23.914,36.867,6276,8359,1.900,1.650,0.970,5,0,213.233,0,0,17,225,0,24,0
16-01 04:29:33,66.716,13.544,16.303,2.508,0,4591964,149344,165732,3068120,15992.806,7325.731,770.496,497.612,20.065,24.078,4875,3896,1.900,1.650,0.970,2,2,46.149,0,0,17,233,0,24,0
16-01 04:29:34,48.387,10.174,23.077,17.122,0,4628688,149264,165760,3032132,14471.562,6632.303,3529.553,2433.763,149.877,200.498,5698,4980,1.900,1.650,0.970,5,0,18.859,0,0,17,239,0,25,0
16-01 04:29:35,59.844,12.824,16.595,10.309,0,4648272,162768,165828,2999992,6580.777,1762.116,3898.379,3097.783,335.928,125.722,6578,7920,2.150,1.710,0.990,5,0,67.387,0,0,17,239,0,26,0
16-01 04:29:36,30.807,24.044,44.332,0,0,4661624,183800,165832,2967260,14109.007,9833.125,0,8183.084,0,38.070,7428,7536,2.150,1.710,0.990,4,0,496.916,0,0,17,241,0,26,0
16-01 04:29:37,42.036,19.153,37.310,0,0,4663556,180060,165832,2969148,46801.859,4315.044,119.392,744.213,5.970,49.747,7829,10092,2.150,1.710,0.990,5,0,247.739,0,0,17,241,0,27,0
16-01 04:29:38,54.317,25.782,19.023,0.250,0,4731572,145988,165832,2935672,37435.134,7353.062,212.262,620.765,5.006,38.047,7299,7646,2.150,1.710,0.990,5,0,518.639,0,0,17,246,0,27,0
16-01 04:29:39,55.119,22.197,19.703,1.746,0,4710316,205816,165848,2898336,24532.526,6857.655,1009.594,742.231,44.893,41.900,7042,10035,2.150,1.710,0.990,5,0,303.277,0,0,17,247,0,27,0
16-01 04:29:40,58.862,25.406,15.344,0.252,0,4824368,130064,165852,2861016,11009.671,3929.150,193.187,12504.861,14.087,1107.809,9715,11828,2.540,1.800,1.030,3,0,438.696,0,0,17,250,0,29,0
16-01 04:29:41,54.023,21.161,22.904,0.747,0,4802904,229756,165864,2785212,18825.873,10243.944,314.677,1039.630,15.933,63.732,9076,13150,2.540,1.800,1.030,16,0,383.389,0,0,17,251,0,32,0
16-01 04:29:42,61.554,20.518,16.264,1.251,0,4907668,135244,165876,2774796,7799.884,1621.431,452.399,512.452,30.026,30.026,6359,7267,2.540,1.800,1.030,4,0,196.173,0,0,17,259,0,32,0
16-01 04:29:43,56.914,11.784,29.585,0.501,0,5013112,194920,165876,2612168,18480.325,14102.693,766.211,834.408,12.035,33.095,8000,19195,2.540,1.800,1.030,3,0,1.003,0,0,17,261,0,31,0
16-01 04:29:44,62.483,10.247,24.743,2.999,0,5059696,146184,165876,2614408,16203.573,7987.818,1207.670,771.789,89.975,69.981,6199,7034,2.540,1.800,1.030,2,0,18.995,0,0,17,266,0,38,0
16-01 04:29:45,52.020,14.506,31.762,1.250,0,5035924,194236,165608,2590688,20392.951,13568.290,1248.487,896.349,20.008,63.025,6128,5609,2.580,1.820,1.040,3,0,191.075,0,0,17,269,0,40,0
16-01 04:29:46,47.747,28.998,19.999,1.750,0,5031980,193744,165872,2594760,5912.660,1661.904,4675.731,1602.908,76.996,88.995,8904,10738,2.580,1.820,1.040,6,0,531.969,0,0,17,269,0,40,0
16-01 04:29:47,53.635,19.458,26.693,0,0,5072924,152572,165872,2595032,18477.250,9412.750,770.343,814.248,6.985,22.951,6772,8382,2.580,1.820,1.040,3,0,244.474,0,0,17,270,0,37,0
16-01 04:29:48,76.207,17.297,5.014,1.504,0,5096320,162248,165876,2563040,13174.731,4674.678,1119.035,701.904,58.158,44.120,6068,5049,2.580,1.820,1.040,6,0,172.468,0,0,18,272,0,38,0
16-01 04:29:49,78.716,12.455,4.982,2.740,0,5264600,124372,165884,2435940,14831.476,7209.980,3610.969,2040.636,205.259,208.248,7297,7345,2.580,1.820,1.040,6,0,11.957,0,0,18,278,0,40,0
16-01 04:29:50,75.197,13.536,10.277,1.253,0,5234708,185272,165916,2405836,12848.730,6895.101,1191.127,1764.632,33.087,141.371,7895,10199,2.610,1.840,1.050,4,0,97.255,0,0,18,280,0,42,0
16-01 04:29:51,42.134,12.216,44.877,0.249,0,5289028,130632,165920,2406152,8551.511,4614.325,833.710,3406.643,10.970,35.901,4637,3695,2.610,1.840,1.050,2,0,139.617,0,0,18,284,0,42,0
16-01 04:29:52,35.106,8.216,53.282,1.245,0,5280152,171136,165928,2375472,27979.485,12550.632,565.685,9317.864,8.963,75.690,4759,4747,2.610,1.840,1.050,3,0,12.947,0,0,18,289,0,41,0
16-01 04:29:53,50.329,12.331,36.740,0.503,0,5321860,143068,165936,2364952,16689471.036,114586.620,942.155,430.815,15.099,27.178,9685,9177,2.610,1.840,1.050,6,0,73.480,0,0,18,287,0,41,0
16-01 04:29:54,36.742,13.497,47.490,1.500,0,5340060,122504,165936,2364944,18859.917,12466.301,2551.448,803.826,29.994,74.984,5950,11060,2.610,1.840,1.050,3,0,231.950,0,0,18,291,0,42,1
16-01 04:29:55,41.740,6.998,50.487,0.250,0,5328676,161180,165936,2338884,16787.800,7408.146,0,2167.458,0,139.965,3976,3319,2.560,1.840,1.050,3,0,5.998,0,0,18,294,0,43,0
16-01 04:29:56,32.380,4.733,60.526,0.996,0,5348980,140272,165936,2339492,50273.261,1416384.037,541.998,12992.000,29.890,1172.667,6243,6348,2.560,1.840,1.050,2,0,0.996,0,0,18,298,0,41,0
16-01 04:29:57,10.252,3.751,82.766,0.750,0,5327608,161600,165936,2339532,386754.889,14988684.334,20.004,4876.944,2.000,175.034,4949,3814,2.560,1.840,1.050,1,0,37.007,0,0,18,297,0,42,0
16-01 04:29:58,1.249,0.500,96.420,0,0,5313132,176076,165936,2339532,7618.659,1618.653,0,619.484,0,17.985,1217,1691,2.560,1.840,1.050,1,0,0,0,0,18,297,0,42,0
16-01 04:29:59,5.023,1.507,92.920,0,0,5294948,194252,165936,2339540,4911845.722,33989.794,0,337.527,0,21.095,3200,2925,2.560,1.840,1.050,1,1,0,0,0,18,302,0,42,0
16-01 04:30:00,24.437,3.242,69.072,0.748,0,5235784,237172,165944,2355760,11608846.826,82683.979,63.836,1787.395,3.990,112.710,10032,10071,2.440,1.830,1.050,1,0,10.972,0,0,18,299,0,43,0
16-01 04:30:01,10.000,18.250,69.000,2.250,0,5262812,209992,165944,2355900,7634.998,1619.999,60.000,376.000,4.000,27.000,6121,5719,2.440,1.830,1.050,2,0,458.000,0,0,18,299,0,43,0
16-01 04:30:02,24.253,3.250,71.757,0,0,5306192,166604,165944,2355908,9097.939,1620.167,0,324.033,0,24.002,2508,2178,2.440,1.830,1.050,2,0,6.001,0,0,18,301,0,43,0
16-01 04:30:03,8.277,19.314,70.484,0,0,5303840,168916,165944,2355948,7209.909,1625.390,0,280.932,0,19.063,6006,4793,2.440,1.830,1.050,2,0,354.175,0,0,18,301,0,43,0
16-01 04:30:04,7.220,15.684,75.930,0.498,0,5283724,188940,165944,2356024,9050.901,1559.436,35.849,756.814,2.987,55.765,5333,4735,2.440,1.830,1.050,1,0,309.696,0,0,18,301,0,42,0
16-01 04:30:05,5.746,2.748,89.442,0.250,0,5285544,187108,165948,2356032,7185.376,1511.028,0,17536.714,0,222.857,1924,1855,2.240,1.790,1.050,3,0,8.994,0,0,18,301,0,42,0
16-01 04:30:06,20.700,2.494,76.065,0,0,5299000,173652,165948,2356032,7897.843,4027.231,0,0,0,0,2008,1761,2.240,1.790,1.050,1,0,0,0,0,18,302,0,42,0
16-01 04:30:07,18.394,7.811,72.820,0.756,0,5286744,185824,165952,2356116,49087.094,8310.024,116.915,197.546,9.071,24.189,4111,3642,2.240,1.790,1.050,2,1,109.860,0,0,18,305,0,43,0
16-01 04:30:08,11.489,16.734,69.185,0.999,0,5277192,195040,165956,2356396,28931.010,1618.490,27.974,251.765,6.993,1.998,5598,4330,2.240,1.790,1.050,2,0,202.811,0,0,18,305,0,42,0
16-01 04:30:09,12.504,15.755,70.274,0,0,5275036,196936,165956,2356656,27635.518,1620.558,48.017,0,2.001,0,5447,4106,2.240,1.790,1.050,2,0,192.066,0,0,18,305,0,42,0
16-01 04:30:10,19.757,8.503,69.526,0.500,0,5313412,158476,165956,2356724,9521.526,1620.600,36.013,396.147,3.001,44.016,4100,3758,2.220,1.800,1.050,6,0,102.038,0,0,18,309,0,42,0
16-01 04:30:11,23.659,3.985,71.225,0.249,0,5330468,170704,165952,2328512,7286.912,1613.780,107.585,490.111,1.992,32.873,2428,2072,2.220,1.800,1.050,2,0,0.996,0,0,18,309,0,42,0
16-01 04:30:12,24.225,2.997,70.926,0.749,0,5255240,245340,165952,2329104,9134.457,1564.366,355.628,535.441,15.983,42.955,3295,3404,2.220,1.800,1.050,2,0,8.991,0,0,18,309,0,40,0
16-01 04:30:13,24.219,2.996,71.658,0.499,0,5321840,178700,165952,2329144,8904.589,1687.837,19.974,479.386,3.995,29.962,2448,2089,2.220,1.800,1.050,2,0,0,0,0,18,309,0,40,0
16-01 04:30:14,21.736,4.497,72.453,0,0,5369748,130772,165952,2329164,6394.843,2191.575,15.990,43.971,0.999,2.998,2492,2133,2.220,1.800,1.050,1,0,2.998,0,0,18,312,0,40,0
16-01 04:30:15,13.502,1.000,83.764,0.250,0,5372776,127724,165952,2329184,26360.306,19887.248,0,120.020,0,15.002,2624,2887,2.040,1.770,1.050,2,0,2.000,0,0,18,315,0,42,0
16-01 04:30:16,22.784,5.759,70.354,0,0,5297724,202812,165952,2329192,10282.221,1622.402,0,256.380,0,23.034,2946,2696,2.040,1.770,1.050,2,0,16.024,0,0,18,309,0,42,0
16-01 04:30:17,24.091,2.510,71.772,0,0,5297564,202844,165952,2329320,7514.486,1626.165,0,252.959,0,21.080,2403,1923,2.040,1.770,1.050,3,0,15.057,0,0,18,309,0,42,0
16-01 04:30:18,8.760,19.522,70.080,0.501,0,5298904,201392,165960,2329488,8862.140,1621.856,436.499,400.458,10.011,13.015,6106,4951,2.040,1.770,1.050,2,0,394.451,0,0,18,309,0,42,0
16-01 04:30:19,17.257,9.504,71.027,1.250,0,5323532,176712,166092,2329392,6981.686,1620.624,160.062,72.028,8.003,3.001,4143,3374,2.040,1.770,1.050,2,0,190.073,0,0,18,309,0,42,0
16-01 04:30:20,19.754,2.751,76.016,0.250,0,5352456,147580,166116,2329576,14559.066,3671.773,16.003,392.083,1.000,27.006,2652,2702,1.960,1.750,1.050,6,0,17.004,0,0,18,310,0,42,0
16-01 04:30:21,24.143,2.987,71.184,0.498,0,5338684,154228,166684,2336012,6216.376,1786.063,0,4360.623,0,480.863,3303,2204,1.960,1.750,1.050,2,0,2.987,0,0,18,309,0,42,0
16-01 04:30:22,18.740,2.748,77.708,0,0,5341292,150308,166684,2337304,12347.254,4548.515,0,531.709,0,16.991,2300,2052,1.960,1.750,1.050,3,0,16.991,0,0,18,310,0,42,0
16-01 04:30:23,23.753,4.251,69.009,0.250,0,5348084,137880,167280,2342184,11090.430,1686.217,0,840.108,0,13.002,10323,18472,1.960,1.750,1.050,1,0,13.002,0,0,18,309,0,42,0
16-01 04:30:24,17.243,3.499,78.218,0,0.250,5344068,141332,167324,2342704,14791.901,4549.124,15.993,487.799,2.999,6.997,2155,1925,1.960,1.750,1.050,2,0,3.998,0,0,18,310,0,42,0
16-01 04:30:25,22.250,7.250,68.249,0,0,5343244,141940,167372,2342872,6271.940,1619.985,0,16595.841,0,53.999,11308,19817,1.880,1.740,1.040,2,0,19.000,0,0,18,310,0,42,0
16-01 04:30:26,18.562,9.030,71.740,0.502,0,5273664,223204,167456,2331208,9569.007,1842.162,4.013,1047.504,1.003,27.091,3672,2943,1.880,1.740,1.040,2,0,123.413,0,0,18,309,0,42,0
16-01 04:30:27,18.537,9.268,71.141,0,0,5331040,165808,167456,2331228,6796.451,1623.212,0,0,0,0,3581,3084,1.880,1.740,1.040,2,0,142.282,0,0,18,309,0,42,0
16-01 04:30:28,20.653,1.493,76.391,0,0,5330852,165808,167456,2331416,15100.007,7255.886,0,7.963,0,1.991,2157,1780,1.880,1.740,1.040,2,0,0,0,0,18,310,0,42,0
16-01 04:30:29,17.954,8.478,73.062,0.249,0,5267964,228652,167456,2331460,11637.018,6173.095,31.918,0,1.995,0,3537,3028,1.880,1.740,1.040,3,0,111.712,0,0,18,309,0,45,0
16-01 04:30:30,21.826,2.760,74.009,0.502,0,5315392,181064,167456,2331620,12072.176,7369.747,144.505,1023.576,7.025,57.200,3096,3211,1.810,1.730,1.040,3,0,1.004,0,0,18,314,0,45,0
16-01 04:30:31,20.736,7.245,70.204,0,0,5292044,204404,167456,2331628,11995.082,4371.115,0,263.826,0,20.986,3553,3164,1.810,1.730,1.040,2,0,77.949,0,0,18,313,0,46,0
16-01 04:30:32,20.989,2.749,75.212,0,0,5313996,182444,167456,2331636,13373.193,7340.264,0,139.929,0,8.995,2559,2186,1.810,1.730,1.040,2,0,0,0,0,18,314,0,46,0
16-01 04:30:33,22.756,7.752,68.520,0,0,5323604,172556,167456,2331916,16027.576,8958.558,16.005,172.049,1.000,13.004,4853,5858,1.810,1.730,1.040,2,0,58.017,0,0,18,315,0,46,0
16-01 04:30:34,22.732,2.748,72.942,0,0.250,5360412,135740,167456,2331924,56428.433,7338.204,0,143.886,0,8.993,3156,2451,1.810,1.730,1.040,4,0,0,0,0,18,316,0,46,0
16-01 04:30:35,22.013,5.253,72.041,0.250,0,5365868,130268,167456,2331940,15564.951,6146.535,0,244.140,0,21.012,3225,2904,1.910,1.750,1.060,1,0,32.018,0,0,18,315,0,49,0
16-01 04:30:36,20.471,2.996,75.892,0,0,5354040,173148,167456,2301992,26929.674,7431.424,0,1082.459,0,91.869,2617,1911,1.910,1.750,1.060,3,0,0,0,0,18,316,0,49,0
16-01 04:30:37,15.258,4.252,78.043,0.250,0,5338180,188988,167456,2302012,73249.552,6813.772,0,284.157,0,32.018,3410,3157,1.910,1.750,1.060,3,0,47.026,0,0,18,315,0,43,0
16-01 04:30:38,22.237,3.748,74.207,0,0,5352808,174360,167456,2302012,39851.023,3587.931,0,155.910,0,9.994,2269,1814,1.910,1.750,1.060,1,0,0,0,0,18,316,0,43,0
16-01 04:30:39,18.762,4.753,75.297,0,0,5291344,235748,167456,2302072,29829.585,9935.190,0,108.067,0,6.004,3045,2489,1.910,1.750,1.060,2,0,32.020,0,0,18,315,0,46,0
16-01 04:30:40,22.768,4.003,72.057,0.500,0,5347256,179760,167456,2302148,9126.275,3031.417,64.051,328.262,3.002,37.030,2860,2837,1.830,1.740,1.050,1,0,0,0,0,18,316,0,46,0
16-01 04:30:41,13.762,2.252,82.071,0,0,5344112,182892,167456,2302160,19427.707,11190.623,0,380.327,0,36.031,2760,2989,1.830,1.740,1.050,3,0,1.001,0,0,18,315,0,43,0
16-01 04:30:42,20.497,6.999,70.739,0.250,0,5312420,214568,167456,2302176,23914.222,1705.731,0,2239.646,0,347.945,3726,2782,1.830,1.740,1.050,2,0,87.986,0,0,18,315,0,43,0
16-01 04:30:43,19.495,2.249,76.980,0.250,0,5331508,195472,167456,2302184,30937.876,23915.720,0,203.946,0,12.997,2563,2261,1.830,1.740,1.050,2,0,1.000,0,0,18,317,0,45,0
16-01 04:30:44,21.236,6.746,70.954,0,0,5324684,202280,167456,2302200,8322.629,1564.990,0,579.626,0,35.977,3125,2848,1.830,1.740,1.050,2,0,46.970,0,0,18,317,0,45,0
16-01 04:30:45,18.002,2.500,78.007,0.500,0,5328364,198348,167456,2302452,22726.160,10355.984,384.037,180.017,23.002,18.002,2822,2701,1.770,1.720,1.050,2,0,1.000,0,0,18,318,0,36,0
16-01 04:30:46,22.718,4.494,71.401,0,0,5355100,171460,167460,2302600,7708.297,1857.421,0,303.578,0,25.964,2797,2559,1.770,1.720,1.050,1,0,14.979,0,0,18,317,0,37,0
16-01 04:30:47,17.351,2.515,79.715,0.251,0,5363684,162724,167460,2302752,15733.849,8175.727,16.094,185.080,1.006,14.082,2357,2307,1.770,1.720,1.050,1,0,0,0,0,18,318,0,37,0
16-01 04:30:48,24.530,4.956,66.405,1.239,0,5364488,159672,167460,2305000,16823.361,2834.618,2140.831,3845.566,85.237,297.338,6066,7865,1.770,1.720,1.050,4,0,6.938,0,0,18,319,0,38,0
16-01 04:30:49,19.817,3.010,76.510,0,0,5394160,129992,167460,2305008,14389.994,7314.905,0,481.640,0,26.089,2398,2142,1.770,1.720,1.050,2,0,0,0,0,18,320,0,34,0
16-01 04:30:50,17.793,4.010,75.682,0.501,0,5384212,139832,167460,2305116,13577.683,5522.293,88.212,781.882,5.012,87.210,4097,5246,1.700,1.710,1.050,2,0,0,0,0,18,320,0,34,0
16-01 04:30:51,13.539,18.052,67.695,0.251,0,5302236,221752,167460,2305172,9797.202,2800.060,0,1215.499,0,103.297,6792,6668,1.700,1.710,1.050,2,0,468.348,0,0,18,319,0,35,0
16-01 04:30:52,8.756,23.016,66.797,0,0,5299736,224220,167460,2305204,7548.284,1621.135,0,540.378,0,40.028,7336,6560,1.700,1.710,1.050,3,0,646.452,0,0,18,319,0,35,0
16-01 04:30:53,8.996,23.241,66.473,0.500,0,5294768,229160,167460,2305232,8592.532,1619.346,0,2858.846,0,176.929,7903,7429,1.700,1.710,1.050,2,0,682.724,0,0,18,319,0,31,0
16-01 04:30:54,13.744,24.989,59.974,0,0,5272400,251488,167460,2305272,8934.142,1565.324,0,223.903,0,23.990,7757,12451,1.700,1.710,1.050,2,0,655.717,0,0,18,319,0,32,0
16-01 04:30:55,21.014,24.266,53.535,0,0,5290208,233652,167460,2305300,8843.741,1621.052,256.166,48.031,2.001,12.008,7214,6300,1.650,1.700,1.050,2,0,629.409,0,0,18,319,0,32,0
16-01 04:30:56,24.982,26.481,47.466,0.250,0.250,5303204,220572,167460,2305384,8989.653,1564.895,783.447,1670.820,6.995,17.987,7340,6430,1.650,1.700,1.050,4,0,650.541,0,0,18,319,0,32,0
16-01 04:30:57,16.500,7.500,71.751,3.250,0.250,5301492,334844,167512,2205004,8879.131,1620.024,1040.015,0,117.002,0,3025,2881,1.650,1.700,1.050,4,0,47.001,0,0,18,319,0,26,0
16-01 04:30:58,22.992,3.999,71.476,0.500,0,5316660,309276,167628,2215288,7419.514,1619.457,79.973,3062.974,8.997,22.992,2803,2687,1.650,1.700,1.050,2,0,16.994,0,0,18,319,0,26,0
16-01 04:30:59,14.440,1.494,81.409,1.992,0,5327348,297684,167692,2216124,20121.698,7348.214,529.780,1545.525,27.883,51.783,2168,2122,1.650,1.700,1.050,2,0,0,0,0,18,320,0,26,0
16-01 04:31:00,13.729,1.997,80.629,1.997,0,5330692,293652,167708,2216788,22076.006,11045.492,451.325,1429.863,46.930,69.896,2494,2559,1.520,1.670,1.050,2,1,0.999,0,0,18,320,0,26,0
16-01 04:31:01,13.022,1.503,81.388,3.005,0,5338384,285108,167708,2217644,18753.741,10946.527,440.746,2051.472,45.076,69.117,2330,2473,1.520,1.670,1.050,1,0,2.003,0,0,18,320,0,23,0
16-01 04:31:02,16.523,1.252,79.112,1.502,0,5356128,266208,167708,2218800,18629.381,7979.299,1037.469,897.271,41.058,32.045,2151,1885,1.520,1.670,1.050,1,0,0,0,0,18,320,0,23,0
16-01 04:31:03,14.738,1.749,81.182,1.499,0,5355176,266208,167708,2219756,22986.700,10158.471,811.319,1330.883,44.962,36.969,2084,1890,1.520,1.670,1.050,2,0,0,0,0,18,320,0,23,0
16-01 04:31:04,14.005,1.000,81.532,2.501,0,5352760,266208,167708,2222168,23555.173,10999.283,1096.427,1352.527,54.021,50.019,2253,2230,1.520,1.670,1.050,1,1,0,0,0,18,320,0,23,0
16-01 04:31:05,17.995,3.999,72.481,4.249,0,5363196,218328,168196,2259108,6764.191,1619.567,14592.097,1539.588,140.962,53.986,2695,2399,1.470,1.660,1.050,2,0,1.000,0,0,18,320,0,23,0
16-01 04:31:06,23.487,2.249,72.708,0.250,0,5371172,193908,169036,2274552,9018.833,1713.019,0,6060.528,0,216.876,2747,2281,1.470,1.660,1.050,3,0,0,0,0,18,320,0,23,0
16-01 04:31:07,24.743,2.249,72.480,0,0,5367884,185856,169320,2285416,42139.482,1565.572,0,515.859,0,11.997,2559,2185,1.470,1.660,1.050,2,0,0,0,0,18,320,0,23,0
16-01 04:31:08,22.008,3.001,72.528,1.501,0,5386836,145816,169928,2305688,30849.857,1620.623,32.012,4265.640,1.000,454.175,3656,2937,1.470,1.660,1.050,2,0,0,0,0,18,320,0,23,0
16-01 04:31:09,22.740,2.499,72.718,0.750,0,5372880,145576,170636,2318928,16640.730,1619.293,0,2330.982,0,100.956,2801,2582,1.470,1.660,1.050,2,0,0,0,0,18,320,0,22,0
16-01 04:31:10,23.036,3.255,71.863,1.002,0,5366956,158476,171656,2311472,9230.576,1568.477,0,2556.036,0,108.171,3073,2940,1.440,1.650,1.050,2,0,0,0,0,18,320,0,22,0
16-01 04:31:11,23.993,2.749,72.228,0.500,0,5342172,198484,171852,2296020,9093.247,1793.457,0,1027.689,0,36.989,2466,2178,1.440,1.650,1.050,2,0,2.999,0,0,18,319,0,22,0
16-01 04:31:12,19.042,3.257,77.421,0,0,5379568,160044,171852,2297064,13985.891,3745.272,0,360.797,0,7.015,2382,2192,1.440,1.650,1.050,2,0,33.073,0,0,18,320,0,22,0
16-01 04:31:13,23.450,2.994,72.346,0.249,0,5366160,167796,171948,2302540,8968.961,1790.200,0,898.094,0,6.985,2427,2102,1.440,1.650,1.050,2,0,2.994,0,0,18,319,0,22,0
16-01 04:31:14,17.743,2.749,77.471,0,0,5349924,177144,172436,2308456,15952.932,4669.224,0,1259.521,0,18.993,2335,2061,1.440,1.650,1.050,2,0,17.993,0,0,18,319,0,22,0
16-01 04:31:15,24.229,6.244,68.440,0.250,0,5337772,188628,172488,2308956,7625.279,1618.573,0,1898.327,0,41.963,11025,19710,1.480,1.660,1.050,2,0,15.986,0,0,18,319,0,22,0
16-01 04:31:16,21.996,6.749,68.738,0.500,0,5338000,188152,172536,2309124,6333.891,1619.716,0,683.880,0,27.995,11110,19728,1.480,1.660,1.050,2,0,19.996,0,0,18,319,0,22,0
16-01 04:31:17,22.255,4.501,72.015,0,0,5305144,234480,172540,2296144,7406.587,1620.347,0,328.070,0,19.004,3086,2923,1.480,1.660,1.050,2,0,49.010,0,0,18,319,0,22,0
16-01 04:31:18,24.318,5.515,68.190,0,0,5316704,222892,172540,2296176,9619.793,1570.374,16.045,906.525,1.003,21.059,10734,19235,1.480,1.660,1.050,4,0,25.070,0,0,18,319,0,20,0
16-01 04:31:19,19.468,2.746,77.374,0.250,0,5333304,202152,172540,2300316,13259.418,3784.840,0,311.493,0,13.977,2315,2112,1.480,1.660,1.050,3,0,16.972,0,0,18,320,0,20,0
16-01 04:31:20,23.514,3.502,70.793,0,0,5325552,207520,172540,2302700,9104.540,1795.092,0,1144.697,0,27.016,2857,2556,1.440,1.640,1.050,2,0,19.012,0,0,18,319,0,20,0
16-01 04:31:21,17.996,3.249,77.233,0.500,0,5318376,208196,172712,2308636,14603.786,4735.958,0,1315.710,0,40.991,3222,4082,1.440,1.640,1.050,2,0,6.998,0,0,18,319,0,20,0
16-01 04:31:22,23.089,7.780,66.004,0,0,5320760,205284,172712,2309100,9156.242,1642.321,0,405.561,0,14.054,16313,31213,1.440,1.640,1.050,1,0,13.050,0,0,18,319,0,20,0
16-01 04:31:23,19.910,7.466,71.675,0.249,0,5298068,241208,172720,2296196,8731.402,1612.686,0,804.352,0,22.896,3531,4098,1.440,1.640,1.050,2,0,16.923,0,0,18,319,0,20,0
16-01 04:31:24,23.749,3.500,71.997,0,0,5288752,250628,172720,2296188,7825.621,1619.922,0,507.975,0,6.000,2566,2066,1.440,1.640,1.050,2,0,21.999,0,0,18,319,0,20,0
16-01 04:31:25,21.468,6.241,70.893,0,0,5308864,227564,172720,2299156,5999.917,1617.551,0,155.764,0,6.989,3458,3056,1.410,1.630,1.050,2,0,95.855,0,0,18,319,0,20,0
16-01 04:31:26,24.034,3.004,71.851,0.250,0,5321080,207900,172720,2306556,9237.976,1664.338,0,769.080,0,10.014,2572,2200,1.410,1.630,1.050,2,0,17.024,0,0,18,319,0,20,0
16-01 04:31:27,15.496,1.750,81.227,0.250,0,5332872,195772,172744,2306868,18990.714,7310.965,0,931.741,0,18.995,2013,1921,1.410,1.630,1.050,3,0,0,0,0,18,320,0,20,0
16-01 04:31:28,13.004,1.751,83.274,0.750,0,5331440,196712,172824,2307256,28427.252,12880.739,0,1640.476,0,73.021,2432,2693,1.410,1.630,1.050,2,0,0,0,0,18,320,0,20,0
16-01 04:31:29,4.493,1.248,92.366,0.250,0,5328640,199328,172852,2307408,49353.338,6868.028,0,986.567,0,48.929,1633,1976,1.410,1.630,1.050,1,0,0,0,0,18,321,0,20,0
16-01 04:31:30,11.256,1.251,85.545,1.001,0,5332504,195156,172876,2307672,124318.328,9770.134,0,1428.751,0,79.042,2411,2674,1.370,1.620,1.050,3,0,1.001,0,0,18,321,0,17,0
16-01 04:31:31,19.024,2.253,76.598,0.501,0,5348872,178592,172944,2307796,16788.443,7850.027,0,1209.545,0,64.082,2547,2562,1.370,1.620,1.050,2,0,8.010,0,0,18,321,0,17,0
16-01 04:31:32,14.010,2.252,81.307,1.251,0,5351812,175344,172972,2308068,23765.684,12251.601,0,15430.833,0,280.197,3034,3208,1.370,1.620,1.050,2,0,0,0,0,18,321,0,17,0
16-01 04:31:33,14.286,3.509,80.455,1.003,0,5360216,166100,173172,2308624,328632.184,17765.311,0,2161.513,0,94.240,4085,5602,1.370,1.620,1.050,2,0,1.003,0,0,18,321,0,17,0
16-01 04:31:34,13.186,1.493,82.102,1.244,0,5361344,164324,173376,2308900,82764.695,14317.578,123.402,3085.041,7.961,237.847,2901,2823,1.370,1.620,1.050,3,0,0,0,0,18,321,0,15,0
16-01 04:31:35,14.759,1.751,81.049,0.750,0,5368240,144368,173464,2321772,1465148.506,22934.783,8.005,2721.636,2.001,93.056,2989,2691,1.340,1.610,1.050,3,0,1.001,0,0,18,321,0,15,0
16-01 04:31:36,9.754,3.001,84.037,1.251,0,5364068,141692,173560,2329216,15736834.907,80935.168,164.071,16243.058,4.002,65.028,6836,4771,1.340,1.610,1.050,2,0,4.002,0,0,18,321,0,15,0
16-01 04:31:37,18.494,3.749,76.474,0.750,0,5361712,133516,173848,2339456,650557.363,9089.903,0,39582.515,0,391.866,3100,2418,1.340,1.610,1.050,2,0,1.000,0,0,18,321,0,15,0
16-01 04:31:38,21.585,5.020,71.280,0.753,0,5365852,135308,177348,2327772,20759.513,1626.386,0,5280.735,0,113.445,2970,2869,1.340,1.610,1.050,2,0,0,0,0,18,321,0,11,0
16-01 04:31:39,24.381,3.234,71.401,0.498,0,5367940,147716,177780,2313028,33799.954,1612.128,0,1632.031,0,52.742,2676,2324,1.340,1.610,1.050,2,0,0,0,0,18,321,0,11,0
16-01 04:31:40,23.973,2.747,70.671,0.499,0,5391972,133136,178228,2303208,7692.350,1618.180,0,1961.794,0,126.857,2964,2814,1.320,1.600,1.050,2,0,0,0,0,18,321,0,11,0
16-01 04:31:41,23.039,4.508,70.871,0.751,0,5392464,147328,179088,2287036,10572.057,1664.844,0,1835.134,0,77.132,2726,2476,1.320,1.600,1.050,4,0,1.002,0,0,18,321,0,11,0
16-01 04:31:42,24.013,4.502,70.288,0.500,0,5372120,152524,179776,2300452,10130.542,1620.887,0,64739.414,0,255.140,3156,2675,1.320,1.600,1.050,2,0,0,0,0,18,321,0,7,0
16-01 04:31:43,24.719,3.496,70.162,0.499,0,5389800,139496,181128,2293640,9137.558,1617.974,0,1957.549,0,31.960,2664,2207,1.320,1.600,1.050,2,0,1.997,0,0,18,323,0,7,0
16-01 04:31:44,23.493,2.749,71.478,0.750,0,5388200,142568,181984,2291172,7006.872,1565.525,0,2159.344,0,78.976,2792,2592,1.320,1.600,1.050,2,0,0,0,0,18,323,0,7,0
16-01 04:31:45,19.217,2.995,75.869,0.998,0,5421952,131844,182588,2266392,13792.237,4202.759,0,2148.299,0,74.871,2610,2623,1.290,1.590,1.050,6,0,0.998,0,0,18,321,0,7,0
16-01 04:31:46,23.976,3.996,71.428,0.250,0,5323424,230396,182588,2266388,9532.374,1552.432,7.992,487.508,1.998,25.974,2696,2494,1.290,1.590,1.050,2,0,19.980,0,0,18,321,0,3,0
16-01 04:31:47,19.078,2.510,76.815,0,0,5332276,215588,182660,2271988,13332.743,3981.347,0,1245.112,0,11.045,2290,1958,1.290,1.590,1.050,3,0,17.070,0,0,18,321,0,3,0
16-01 04:31:48,19.034,3.757,76.385,0,0,5333396,213360,182676,2272928,9957.543,3724.562,16.028,368.649,1.002,9.016,2533,2460,1.290,1.590,1.050,4,0,18.032,0,0,18,322,0,3,0
16-01 04:31:49,23.986,4.247,69.709,0.250,0,5338044,201224,183032,2279028,12640.493,2691.402,0,1579.062,0,47.972,10858,19330,1.290,1.590,1.050,4,0,9.994,0,0,18,321,0,3,0
16-01 04:31:50,21.581,6.023,71.518,0.251,0,5356260,182576,183068,2279340,8818.026,1626.090,0,2991.203,0,157.590,3364,3491,1.270,1.580,1.050,2,0,9.034,0,0,18,321,0,2,0
16-01 04:31:51,20.182,7.973,69.266,0,0,5358612,179972,183108,2279504,9313.524,1614.543,0,306.963,0,11.960,10065,17454,1.270,1.580,1.050,2,0,15.946,0,0,18,321,0,2,0
16-01 04:31:52,21.709,5.490,72.114,0,0,5348312,204608,183116,2266516,7337.149,1563.049,0,894.312,0,16.968,2409,1953,1.270,1.580,1.050,2,0,4.991,0,0,18,321,0,2,0
16-01 04:31:53,22.243,4.998,71.227,1.500,0,5343280,206312,183116,2269828,9011.148,1619.488,1007.681,707.776,72.977,15.995,2873,2744,1.270,1.580,1.050,4,0,3.999,0,0,18,323,0,2,0
16-01 04:31:54,29.383,6.781,60.524,1.507,0,5375736,172796,183120,2270880,8932.380,1518.866,735.324,3158.277,41.186,237.072,8156,18964,1.270,1.580,1.050,2,1,37.168,0,0,18,326,0,7,0
16-01 04:31:55,25.774,17.266,53.300,1.001,0,5327732,220088,183120,2271592,5857.513,1621.526,724.682,2382.242,25.024,198.187,7503,8126,1.250,1.570,1.050,3,0,394.371,0,0,18,325,0,7,0
16-01 04:31:56,28.432,11.722,51.128,8.480,0,5296180,233672,183180,2289492,7525.974,1616.129,18695.222,347.168,1963.298,17.957,7800,6655,1.250,1.570,1.050,3,0,66.840,0,0,18,325,0,10,0
16-01 04:31:57,3.489,1.994,88.481,4.237,0,5274224,254640,183588,2290108,12772.126,3233.159,988.990,1367.837,247.247,18.942,2154,2543,1.250,1.570,1.050,1,0,5.982,0,0,18,326,0,10,0
16-01 04:31:58,2.753,1.752,93.098,0.501,0,5232984,295812,183588,2290176,44475.029,4213.455,64.068,14086.896,1.001,229.242,2017,2788,1.250,1.570,1.050,1,0,0,0,0,18,326,0,10,0
16-01 04:31:59,2.999,1.250,94.967,0,0,5233888,294812,183588,2290272,246213.461,3862.674,0,123.957,0,10.996,1582,2047,1.250,1.570,1.050,1,0,1.999,0,0,18,326,0,10,0
16-01 04:32:00,5.495,2.248,89.415,1.499,0,5209976,318492,183612,2290476,53819.900,129594.954,339.677,1238.824,13.987,37.964,2242,2632,1.230,1.560,1.050,1,0,13.987,0,0,18,325,0,10,0
16-01 04:32:01,2.501,1.000,95.284,0.250,0,5210676,317792,183612,2290476,8976.180,1566.555,0,2120.751,0,334.118,1988,2117,1.230,1.560,1.050,1,0,2.001,0,0,18,325,0,10,0
16-01 04:32:02,1.500,0.500,96.510,0.250,0,5210540,317924,183612,2290480,7287.767,1620.171,0,104.011,0,7.001,1197,1688,1.230,1.560,1.050,1,0,0,0,0,18,325,0,10,0
16-01 04:32:03,2.001,0.500,96.562,0,0,5209400,319060,183612,2290484,7775.990,1512.971,0,64.041,0,6.004,1170,1693,1.230,1.560,1.050,1,0,0,0,0,18,325,0,10,0
16-01 04:32:04,1.751,1.001,95.318,0.250,0,5209288,319172,183612,2290484,8572.144,1621.162,0,448.321,0,41.029,1462,2042,1.230,1.560,1.050,1,0,0,0,0,18,325,0,10,0
16-01 04:32:05,2.249,1.250,94.973,0.500,0,5209256,319172,183612,2290516,8920.454,1619.538,15.995,247.929,1.000,33.990,1669,2378,1.130,1.540,1.040,1,0,0,0,0,18,325,0,10,0
16-01 04:32:06,1.500,0.250,95.981,0.250,0,5209252,319172,183612,2290520,6957.636,1619.683,0,3603.294,0,177.965,1547,2321,1.130,1.540,1.040,2,0,0,0,0,18,325,0,10,0
16-01 04:32:07,1.748,0.999,96.391,0,0,5209252,319172,183612,2290520,43794.512,1618.171,0,0,0,0,1262,1622,1.130,1.540,1.040,1,0,0,0,0,18,325,0,10,0
16-01 04:32:08,1.999,1.250,95.718,0.250,0,5206592,321832,183612,2290520,11305.170,1619.451,0,20784.959,0,236.920,1818,1762,1.130,1.540,1.040,3,0,0,0,0,18,325,0,10,0
16-01 04:32:09,1.250,0.250,96.770,0,0,5206592,321832,183612,2290520,39898.212,1566.322,0,0,0,0,1210,1589,1.130,1.540,1.040,2,0,0,0,0,18,325,0,10,0
16-01 04:32:10,2.500,1.250,94.737,0.500,0,5206852,321832,183612,2290520,7702.910,1619.771,0,631.911,0,31.995,1590,2156,1.040,1.510,1.040,1,0,0,0,0,18,325,0,10,0
16-01 04:32:11,2.251,0.750,96.274,0,0,5207352,321332,183612,2290520,5830.442,1512.374,0,232.057,0,20.005,1233,1741,1.040,1.510,1.040,1,0,1.000,0,0,18,325,0,10,0
16-01 04:32:12,1.752,0.501,96.125,0,0,5207352,321332,183612,2290520,10551.684,1622.104,0,36.047,0,4.005,1245,1651,1.040,1.510,1.040,1,0,0,0,0,18,325,0,10,0
16-01 04:32:13,1.501,3.751,93.534,0.250,0,5206588,322076,183616,2290528,6860.468,1620.583,0,117054.108,0,537.193,2784,2484,1.040,1.510,1.040,1,0,0,0,0,18,325,0,10,0
16-01 04:32:14,1.749,0.999,96.188,0,0,5206588,322076,183616,2290528,7428.226,1618.960,0,0,0,0,1184,1649,1.040,1.510,1.040,2,0,0,0,0,18,325,0,10,0
16-01 04:32:15,2.501,1.250,95.026,0.250,0,5206576,322076,183616,2290544,9800.711,1620.448,0,1908.528,0,26.007,1767,2493,0.950,1.480,1.030,1,0,1.000,0,0,18,325,0,10,0
16-01 04:32:16,1.755,0.501,95.751,0.501,0,5206792,321852,183616,2290552,8970.505,1624.256,0,1267.321,0,194.510,1772,2220,0.950,1.480,1.030,2,0,1.003,0,0,18,325,0,10,0
16-01 04:32:17,0.995,0.498,96.271,0,0,5206792,321852,183616,2290552,12811.223,1611.975,0,0,0,0,1235,1671,0.950,1.480,1.030,1,0,0,0,0,18,325,0,10,0
16-01 04:32:18,1.752,1.752,95.583,0,0.250,5206536,322084,183624,2290568,10319.942,1567.358,0,39354.100,0,106.092,1610,1817,0.950,1.480,1.030,2,0,0,0,0,18,325,0,10,0
16-01 04:32:19,1.751,2.251,93.794,0.250,0,5197176,331444,183624,2290568,9258.327,1620.757,0,780.365,0,16.007,1456,1869,0.950,1.480,1.030,2,0,0,0,0,18,325,0,10,0
16-01 04:32:20,2.500,1.000,95.748,0.250,0,5197176,331444,183624,2290568,8700.801,1553.964,0,119.997,0,19.000,1520,2042,0.880,1.460,1.020,1,0,0,0,0,18,325,0,10,0
16-01 04:32:21,1.749,0.750,96.216,0,0,5197172,331444,183624,2290572,10022.417,1619.421,0,171.939,0,10.996,1304,1735,0.880,1.460,1.020,1,0,1.000,0,0,18,325,0,10,0
16-01 04:32:22,1.994,0.748,95.973,0,0,5197172,331444,183624,2290572,11167.739,1615.334,0,35.896,0,4.986,1246,1658,0.880,1.460,1.020,1,0,0,0,0,18,325,0,10,0
16-01 04:32:23,2.008,1.255,95.875,0,0,5197396,331220,183624,2290572,11836.254,1626.356,0,1337.226,0,5.020,1356,1709,0.880,1.460,1.020,1,0,2.008,0,0,18,325,0,10,0
16-01 04:32:24,1.500,1.000,96.776,0,0,5197396,331220,183624,2290572,8826.331,1620.428,0,0,0,0,1196,1663,0.880,1.460,1.020,1,0,0,0,0,18,325,0,10,0
16-01 04:32:25,1.751,0.750,95.789,0,0.250,5197612,330968,183624,2290608,13075.263,1620.652,32.013,276.111,1.000,18.007,1628,2173,0.810,1.430,1.020,1,0,0,0,0,18,325,0,10,0
16-01 04:32:26,1.999,0.500,96.183,0.500,0,5197612,330968,183624,2290608,9048.661,1618.866,0,395.723,0,30.978,1348,1826,0.810,1.430,1.020,1,0,0,0,0,18,325,0,10,0
16-01 04:32:27,1.497,0.749,96.087,0,0,5197612,330968,183624,2290608,5371.902,1509.444,0,0,0,0,1264,1791,0.810,1.430,1.020,1,0,0,0,0,18,325,0,10,0
16-01 04:32:28,1.502,0.751,96.144,0,0,5197140,331440,183624,2290608,9647.435,1622.428,0,1257.882,0,7.010,1227,1650,0.810,1.430,1.020,1,0,0,0,0,18,325,0,10,0
16-01 04:32:29,2.000,0.500,96.499,0,0,5197380,331200,183624,2290608,8147.876,1565.976,0,0,0,0,1246,1769,0.810,1.430,1.020,1,0,0,0,0,18,325,0,10,0
16-01 04:32:30,1.998,1.249,95.176,0.250,0,5197372,331200,183624,2290616,7792.928,809.369,0,295.770,0,21.983,1609,2171,0.820,1.430,1.020,1,0,0.999,0,0,18,325,0,10,0
16-01 04:32:31,16.504,5.501,76.017,0.500,0,5240256,288256,183648,2290652,430547.371,16589.790,112.026,508.116,6.001,33.008,4034,3484,0.820,1.430,1.020,3,0,39.009,0,0,18,325,0,10,0
16-01 04:32:32,15.751,6.001,76.757,0.500,0,5245644,280672,183656,2292840,298479.668,9710.835,32.003,880.076,2.000,179.015,3797,2834,0.820,1.430,1.020,2,0,36.003,0,0,18,325,0,10,0
