"pcp-dstat 6.2.0 CSV Output"
"Author:","PCP team <pcp@groups.io> and Dag Wieers <dag@wieers.com>",,,,"URL:","https://pcp.io/ and http://dag.wieers.com/home-made/dstat/"
"Host:","ubuntu",,,,"User:","ubuntu"
"Cmdline:","dstat -tcmndrylpg --tcp --output /tmp/devstack_logs/dstat-csv.log",,,,"Date:","19 Jan 2026 13:14:43 UTC"
"system","total usage",,,,,"memory usage",,,,"net/total",,"dsk/total",,"io/total",,"system",,"load avg",,,"procs",,,"paging",,"tcp sockets",,,,
"time","total usage:usr","total usage:sys","total usage:idl","total usage:wai","total usage:stl","used","free","buf","cach","net/total:recv","net/total:send","dsk/total:read","dsk/total:writ","read","writ","int","csw","1m","5m","15m","run","blk","new","in","out","lis","act","syn","tim","clo"
19-01 13:14:43,,1021000,1681144,163408,4956084,,,,,,,1.260,0.900,0.500,3,0,,,,10,5,0,18,1
19-01 13:14:44,21.466,20.967,56.161,0.250,0,1034964,1666640,163500,4956384,23441.644,11644.444,0,2420.143,0,90.855,6935,6096,1.260,0.900,0.500,2,0,546.130,0,0,10,4,0,18,2
19-01 13:14:45,27.530,19.021,52.558,0.501,0,1034056,1649860,163608,4973368,200043.411,12343.539,0,2642.899,0,67.074,6271,6236,1.260,0.900,0.500,2,0,349.383,0,0,10,4,0,18,2
19-01 13:14:46,39.578,16.677,41.569,0.498,0,1117936,1546628,164436,5062036,8642.418,1612.986,0,1768.310,0,61.732,7190,8343,1.260,0.900,0.500,7,0,225.021,0,0,11,4,0,18,2
19-01 13:14:47,24.116,5.024,70.086,0.251,0,1175492,1470912,164848,5129012,9546.767,1627.804,0,1410.763,0,31.149,2639,2103,1.240,0.900,0.500,2,0,51.246,0,0,11,6,0,18,2
19-01 13:14:48,39.703,10.487,48.692,0.999,0,1204980,1419408,165364,5148736,8102.332,1618.069,15.981,1929.697,0.999,72.913,4034,2368,1.240,0.900,0.500,3,0,84.899,0,0,11,6,0,18,2
19-01 13:14:49,39.705,10.238,48.195,1.249,0,1227592,1379548,166324,5162416,6531.575,1618.160,31.964,4003.449,1.998,129.852,4548,3395,1.240,0.900,0.500,2,0,149.830,0,0,11,6,0,20,2
19-01 13:14:50,43.963,5.995,47.960,0.999,0,1264228,1311816,167504,5189284,6965.184,1618.648,0,7413.810,0,109.908,3427,2115,1.240,0.900,0.500,2,0,0,0,0,11,6,0,20,2
19-01 13:14:51,35.596,4.261,53.644,5.013,0,1298176,1287440,168304,5178500,17440.842,4353.693,0,16027.045,0,1288.461,8456,11434,1.240,0.900,0.500,3,0,13.035,0,0,11,6,0,20,0
19-01 13:14:52,35.931,7.486,44.914,10.729,0,1278576,1300300,169400,5183988,6622.318,1616.904,0,37140.872,0,3496.304,17112,24626,1.300,0.920,0.510,3,0,87.832,0,0,11,6,0,20,0
19-01 13:14:53,37.748,9.000,49.248,2.500,0,1251988,1319840,169692,5189928,14782.333,3802.828,0,25974.829,0,1492.933,7903,8602,1.300,0.920,0.510,3,0,91.996,0,0,11,4,0,20,0
19-01 13:14:54,40.484,6.248,52.729,0.250,0,1265124,1305928,169712,5190512,12953.959,3716.554,0,923.641,0,42.983,2987,1657,1.300,0.920,0.510,3,0,24.990,0,0,11,5,0,20,0
19-01 13:14:55,45.219,7.245,45.469,1.499,0,1271028,1292024,170240,5196624,12523.340,2691.139,0,16196.800,0,729.496,12830,20106,1.300,0.920,0.510,3,0,16.988,0,0,11,4,0,20,0
19-01 13:14:56,44.852,7.768,45.854,0,0,1280032,1282528,170292,5196924,9105.708,1623.693,0,2176.951,0,17.039,11948,19533,1.300,0.920,0.510,3,0,17.039,0,0,11,4,0,20,0
19-01 13:14:57,35.794,16.020,47.559,0,0,1184172,1393044,170344,5184128,43431.462,1621.997,0,520.641,0,14.017,5178,3695,1.360,0.940,0.510,2,0,287.354,0,0,11,4,0,20,0
19-01 13:14:58,31.987,22.491,44.483,0,0,1158644,1418388,170344,5184656,45569.086,1619.363,0,47.981,0,11.995,6516,5208,1.360,0.940,0.510,4,0,472.814,0,0,11,4,0,20,0
19-01 13:14:59,33.001,17.001,49.752,0,0,1150584,1426444,170348,5184788,9189.358,1620.063,0,4.000,0,1.000,5672,7149,1.360,0.940,0.510,3,0,284.011,0,0,11,4,0,20,0
19-01 13:15:00,44.890,6.235,47.633,0,0,1220740,1356280,170352,5184792,6129.992,1657.941,0,14356.850,0,50.875,2832,1386,1.360,0.940,0.510,2,0,15.961,0,0,11,5,0,20,0
19-01 13:15:01,44.746,6.749,48.745,0,0,1240344,1336128,170352,5185332,8819.185,1457.865,0,427.960,0,41.996,2802,1374,1.360,0.940,0.510,2,0,3.000,0,0,11,5,0,20,0
19-01 13:15:02,37.319,9.768,52.096,0.250,0,1268932,1305084,170416,5187668,7224.339,1622.997,0,3109.742,0,118.218,4221,4262,1.410,0.960,0.520,1,0,117.216,0,0,11,4,0,20,0
19-01 13:15:03,16.226,3.744,78.133,0.749,0,1323560,1250376,170472,5187672,9013.494,1617.576,0,7157.275,0,320.520,2981,3015,1.410,0.960,0.520,1,0,22.966,0,0,11,4,0,20,0
19-01 13:15:04,23.255,3.001,73.266,0,0,1337660,1236264,170480,5187676,9165.958,1662.355,0,1372.293,0,65.014,1962,1544,1.410,0.960,0.520,1,0,1.000,0,0,11,4,0,20,0
19-01 13:15:05,28.556,4.008,64.377,1.503,0,1394584,1179060,170524,5187912,6072.969,1623.199,0,2697.316,0,250.494,4786,14366,1.410,0.960,0.520,4,0,37.073,0,0,11,10,0,21,0
19-01 13:15:06,20.491,5.997,72.219,0.750,0,1401680,1171836,170544,5188012,10303.537,1619.299,99.957,14405.761,9.996,182.921,3018,2423,1.410,0.960,0.520,1,0,41.982,0,0,11,4,0,23,0
19-01 13:15:07,19.457,1.746,78.328,0.249,0,1401384,1171612,170808,5188208,10595.791,4000.238,271.406,510.881,9.978,8.980,1823,1383,1.370,0.960,0.530,1,0,0,0,0,11,11,0,16,0
19-01 13:15:08,19.490,2.249,73.712,3.998,0,1401208,1171388,170856,5188440,8369.708,4119.887,267.863,3498.206,65.966,149.923,2633,2473,1.370,0.960,0.530,3,0,1.999,0,0,11,27,0,16,0
19-01 13:15:09,19.499,5.500,73.996,0,0,1390268,1182188,170856,5188580,12832.360,4932.754,0,0,0,0,2473,1857,1.370,0.960,0.530,1,0,43.998,0,0,11,28,0,17,0
19-01 13:15:10,19.059,1.755,78.995,0,0,1410392,1162052,170856,5188588,11946.003,6743.889,0,0,0,0,1842,1412,1.370,0.960,0.530,1,0,0,0,0,11,29,0,17,0
19-01 13:15:11,28.000,12.250,58.000,0.250,0,1411488,1160892,170860,5188612,14350.926,3282.983,0,22191.886,0,80.000,3982,2697,1.370,0.960,0.530,2,0,155.999,0,0,11,28,0,18,0
19-01 13:15:12,36.910,3.990,58.357,0,0,1417260,1155108,170864,5188620,16588.485,9426.976,0,2334.299,0,16.959,2965,2080,1.420,0.980,0.530,2,0,0,0,0,11,30,0,18,0
19-01 13:15:13,33.591,9.776,55.400,0,0,1365976,1206188,170868,5188820,17008.905,12486.700,0,176.476,0,24.065,6151,7901,1.420,0.980,0.530,4,0,171.463,0,0,11,28,0,19,0
19-01 13:15:14,72.741,25.747,1.500,0,0,1535160,1036920,170876,5188864,9157.844,1619.795,0,199.975,0,16.998,5491,4294,1.420,0.980,0.530,6,0,407.948,0,0,11,28,0,19,0
19-01 13:15:15,85.024,10.003,4.751,0,0,1730076,841968,170876,5188888,22989.481,19376.463,0,0,0,0,5176,3486,1.420,0.980,0.530,4,0,0,0,0,11,33,0,18,0
19-01 13:15:16,78.998,8.000,12.250,0,0,1730012,841772,170904,5189120,39601.961,28905.242,0,3503.908,0,74.998,9675,13461,1.420,0.980,0.530,5,0,24.999,0,0,11,29,0,22,1
19-01 13:15:17,31.161,13.212,54.844,0,0,1544748,1027008,170908,5189144,8331.268,1944.461,0,251.284,0,17.949,3531,3192,1.390,0.980,0.540,2,0,284.190,0,0,11,28,0,24,0
19-01 13:15:18,16.998,2.000,80.492,0,0,1529096,1042644,170912,5189156,14902.610,7163.332,0,179.983,0,9.999,2222,2213,1.390,0.980,0.540,0,0,0,0,0,11,29,0,24,0
19-01 13:15:19,17.049,7.522,74.215,0.251,0,1490252,1081468,170924,5189164,9776.304,2812.142,0,698.021,0,52.151,3161,2904,1.390,0.980,0.540,1,0,68.197,0,0,11,28,0,24,0
19-01 13:15:20,18.697,1.994,78.277,0,0,1476328,1095388,170924,5189168,9849.959,5519.288,0,0,0,0,1920,1555,1.390,0.980,0.540,2,0,0,0,0,11,29,0,24,0
19-01 13:15:21,14.028,12.525,71.394,1.002,0,1403576,1168108,170928,5189188,10133.487,4688.479,0,92046.086,0,318.644,5443,4963,1.390,0.980,0.540,4,0,251.508,0,0,11,28,0,25,0
19-01 13:15:22,27.777,31.780,40.038,0,0,1419036,1152612,170928,5189224,11013.550,1621.553,0,716.687,0,21.020,6485,5520,1.360,0.980,0.540,5,0,777.745,0,0,11,28,0,25,0
19-01 13:15:23,84.634,12.483,2.497,0,0,1632352,939268,170936,5189240,11825.782,6030.730,0,1857.453,0,88.878,5043,2332,1.360,0.980,0.540,5,0,9.986,0,0,11,30,0,25,0
19-01 13:15:24,73.823,9.259,16.516,0,0.250,1675952,895432,170960,5189452,44657.297,35628.341,0,660.655,0,47.047,7793,11107,1.360,0.980,0.540,5,0,1.001,0,0,11,32,0,25,0
19-01 13:15:25,76.274,18.006,5.252,0.250,0,1555104,1016220,170972,5189500,21027.655,12655.005,0,692.219,0,63.020,7220,9113,1.360,0.980,0.540,7,0,281.089,0,0,11,28,0,26,0
19-01 13:15:26,87.210,12.244,0.750,0,0,1685276,885960,170972,5189584,17068.080,9855.427,0,247.885,0,9.995,5307,3059,1.360,0.980,0.540,6,0,28.987,0,0,11,31,0,26,0
19-01 13:15:27,82.036,9.254,8.504,0,0,1745612,825492,170976,5189920,78513.259,34850.207,0,5890.570,0,388.169,8997,11412,1.810,1.080,0.580,6,0,0,0,0,11,33,0,27,0
19-01 13:15:28,60.597,14.214,23.940,0.249,0,1571812,999068,170992,5190128,62644.018,22737.658,0,538.642,0,39.899,7967,11581,1.810,1.080,0.580,2,0,267.326,0,0,11,28,0,31,0
19-01 13:15:29,40.735,7.247,51.731,0,0,1551436,1019428,170996,5190140,7455.295,3588.698,0,143.948,0,9.996,3031,1624,1.810,1.080,0.580,1,0,29.989,0,0,11,29,0,31,0
19-01 13:15:30,31.834,5.765,61.162,0,0,1529664,1041172,170996,5190168,22477.579,13905.859,0,236.627,0,20.053,4713,5470,1.810,1.080,0.580,3,0,56.149,0,0,11,29,0,32,0
19-01 13:15:31,61.211,20.487,18.238,0,0.250,1531296,1039496,170996,5190212,12923.661,5781.270,0,231.850,0,14.990,5368,4389,1.810,1.080,0.580,3,0,321.792,0,0,11,28,0,32,0
19-01 13:15:32,50.219,5.247,44.223,0,0,1568664,1002096,170996,5190244,27192.301,20423.458,0,291.821,0,8.994,4508,4812,1.750,1.080,0.580,2,0,0,0,0,11,31,0,32,0
19-01 13:15:33,59.085,18.527,21.531,0.250,0,1481568,1088940,171028,5190432,20113.835,11066.865,0,2207.164,0,98.141,7214,8461,1.750,1.080,0.580,4,0,258.370,0,0,11,28,0,33,0
19-01 13:15:34,73.235,7.748,18.246,0,0,1606748,963752,171028,5190440,22678.492,15518.915,0,2023.598,0,84.983,5234,3049,1.750,1.080,0.580,3,0,1.000,0,0,11,32,0,33,0
19-01 13:15:35,64.423,9.489,25.220,0.499,0,1562252,1008000,171040,5190660,39595.760,28083.494,0,439.476,0,50.939,8923,12801,1.750,1.080,0.580,6,0,104.875,0,0,11,28,0,32,0
19-01 13:15:36,63.592,16.774,19.278,0,0,1553576,1016652,171040,5190684,6875.925,1460.108,0,232.335,0,11.016,4137,2476,1.750,1.080,0.580,3,0,219.317,0,0,11,28,0,32,0
19-01 13:15:37,49.612,4.986,44.626,0,0,1564596,1005600,171040,5190716,26621.127,19062.103,0,374.959,0,11.967,4480,4829,1.610,1.060,0.570,4,0,0,0,0,11,31,0,32,0
19-01 13:15:38,49.366,17.541,32.326,0,0,1507108,1063020,171048,5190776,20510.011,13099.664,0,890.084,0,65.153,6980,8031,1.610,1.060,0.570,4,0,299.702,0,0,11,28,0,34,0
19-01 13:15:39,55.948,5.968,36.553,0.249,0,1566740,1003252,171048,5190912,13493.166,10058.705,0,186.991,0,7.957,3562,1723,1.610,1.060,0.570,1,0,0,0,0,11,31,0,30,0
19-01 13:15:40,53.558,7.795,38.723,0,0,1518416,1051252,171056,5191228,34167.744,21179.958,0,217.251,0,22.127,6279,8831,1.610,1.060,0.570,5,0,100.579,0,0,11,28,0,33,0
19-01 13:15:41,60.004,17.001,22.501,0,0,1538580,1031072,171060,5191240,11460.715,1686.105,0,196.012,0,8.000,4120,2211,1.610,1.060,0.570,3,0,187.012,0,0,11,28,0,33,0
19-01 13:15:42,45.214,5.246,48.711,0,0,1571596,997888,171060,5191408,30536.753,22887.827,0,383.695,0,11.990,5556,6384,1.640,1.070,0.580,2,0,0,0,0,11,31,0,33,0
19-01 13:15:43,59.400,12.729,26.206,0.250,0,1497460,1071912,171068,5191492,14058.343,5956.976,0,1333.756,0,98.834,5740,5219,1.640,1.070,0.580,4,0,111.812,0,0,11,28,0,35,0
19-01 13:15:44,54.739,5.499,39.992,0,0,1559912,1009424,171068,5191512,21614.720,14476.133,0,0,0,0,3865,2449,1.640,1.070,0.580,1,0,1.000,0,0,11,31,0,35,0
19-01 13:15:45,48.885,19.303,30.835,0,0,1454088,1115148,171080,5191600,24992.105,14331.628,0,365.009,0,47.130,7303,9131,1.640,1.070,0.580,7,0,404.117,0,0,11,28,0,37,0
19-01 13:15:46,78.722,20.993,0,0,0,1591716,977452,171080,5191636,9206.714,1619.422,0,215.923,0,13.995,5592,4645,1.640,1.070,0.580,8,0,406.855,0,0,11,28,0,37,0
19-01 13:15:47,83.202,16.241,0.750,0,0,1729600,839392,171080,5191808,29695.796,23064.638,0,275.840,0,8.995,6782,6203,1.990,1.160,0.610,7,0,377.781,0,0,11,32,0,37,0
19-01 13:15:48,76.569,19.768,3.253,0,0,1720220,848480,171112,5192068,46811.223,37289.635,0,2626.369,0,161.145,8992,11196,1.990,1.160,0.610,6,0,460.415,0,0,11,29,0,38,0
19-01 13:15:49,80.490,19.498,0.250,0,0,1619964,948680,171124,5192112,15452.024,10343.677,0,435.944,0,28.996,5868,4681,1.990,1.160,0.610,4,0,205.974,0,0,11,29,0,38,0
19-01 13:15:50,80.187,7.744,11.741,0,0,1687156,881448,171124,5192152,48215.259,22543.354,0,0,0,0,6175,5405,1.990,1.160,0.610,4,0,0,0,0,11,33,0,38,0
19-01 13:15:51,63.057,16.015,20.018,0,0,1577104,991268,171124,5192380,44479.393,33892.779,0,12.011,0,3.003,8468,14395,1.990,1.160,0.610,2,0,355.323,0,0,11,29,0,42,0
19-01 13:15:52,16.992,26.487,55.223,0,0,1507056,1061284,171124,5192412,10884.635,2949.546,0,39.980,0,8.996,6874,6009,1.910,1.150,0.610,4,0,686.662,0,0,11,28,0,41,0
19-01 13:15:53,70.601,27.193,2.245,0,0,1561220,1007076,171124,5192456,38814.169,1943.902,0,23.950,0,5.987,5761,4156,1.910,1.150,0.610,3,0,558.822,0,0,11,28,1,41,0
19-01 13:15:54,63.653,7.518,28.318,0.251,0,1600044,968068,171124,5192624,32453.106,23541.659,0,340.820,0,23.055,5149,6050,1.910,1.150,0.610,3,0,7.017,0,0,11,32,0,41,0
19-01 13:15:55,66.500,18.250,14.750,0.500,0,1512056,1055972,171144,5192688,22453.160,12209.087,0,500.004,0,52.000,6860,8001,1.910,1.150,0.610,4,0,268.002,0,0,11,28,0,45,0
19-01 13:15:56,75.210,8.218,15.938,0,0,1590872,977140,171144,5192704,28524.883,10916.857,0,143.446,0,6.973,4794,2555,1.910,1.150,0.610,3,0,0,0,0,11,31,0,45,0
19-01 13:15:57,57.013,7.002,34.508,0,0,1600464,967312,171144,5192940,89654.958,36340.090,0,324.072,0,39.009,9523,14941,2,1.180,0.630,2,0,0,0,0,11,32,0,45,0
19-01 13:15:58,60.153,10.276,29.325,0,0,1494316,1073196,171176,5193172,68162.874,30751.442,0,413.054,0,42.107,10409,15926,2,1.180,0.630,5,0,73.187,0,0,11,29,0,45,0
19-01 13:15:59,79.079,14.765,6.256,0,0,1552440,1015052,171184,5193184,27302.384,6048.066,0,236.237,0,22.022,5165,2946,2,1.180,0.630,5,0,47.047,0,0,11,29,0,45,0
19-01 13:16:00,61.709,6.496,31.229,0,0,1586736,980552,171184,5193388,35190.845,30269.083,0,143.905,0,8.994,6770,9970,2,1.180,0.630,2,0,0,0,0,11,32,0,45,0
19-01 13:16:01,53.743,9.499,36.245,0,0,1555140,1011876,171184,5193660,50991.956,40243.441,0,115.984,0,7.999,12079,19047,2,1.180,0.630,3,0,70.990,0,0,11,30,0,47,0
19-01 13:16:02,76.070,17.266,5.755,0,0,1520764,1046220,171184,5193692,22051.200,8790.052,0,128.117,0,9.008,5523,3932,2.240,1.250,0.650,3,0,189.173,0,0,11,29,0,49,0
19-01 13:16:03,69.996,7.000,22.999,0,0,1596632,970184,171184,5193860,28814.556,21610.917,0,1351.932,0,11.999,5491,5350,2.240,1.250,0.650,3,0,0,0,0,11,32,0,49,0
19-01 13:16:04,61.984,11.997,24.994,0,0,1535684,1031028,171188,5193960,36649.507,28452.630,0,251.935,0,20.995,9304,14120,2.240,1.250,0.650,4,0,96.975,0,0,11,29,0,51,0
19-01 13:16:05,80.775,14.505,5.252,0,0,1597472,969060,171200,5194144,23715.449,10742.374,0,4049.272,0,159.050,6026,14689,2.240,1.250,0.650,3,0,68.021,0,0,11,30,0,52,0
19-01 13:16:06,65.484,10.498,22.995,0.500,0,1566888,999604,171208,5194160,25007.070,17019.964,0,387.908,0,37.991,5729,6172,2.240,1.250,0.650,5,0,99.976,0,0,11,30,0,54,0
19-01 13:16:07,70.757,9.751,19.002,0,0,1629612,936676,171208,5194364,29026.750,24203.293,0,232.022,0,14.001,7477,9855,2.300,1.280,0.660,2,0,20.002,0,0,11,31,0,54,0
19-01 13:16:08,64.320,12.964,22.687,0,0,1540048,1026164,171220,5194408,30991.381,24638.138,0,255.286,0,19.944,6902,9774,2.300,1.280,0.660,5,0,143.599,0,0,11,32,0,53,0
19-01 13:16:09,78.057,13.510,7.506,0,0,1559216,1006968,171220,5194436,18037.227,10230.502,0,200.147,0,16.012,5365,4650,2.300,1.280,0.660,6,0,87.064,0,0,11,33,0,55,0
19-01 13:16:10,68.868,8.765,22.288,0,0,1601548,964464,171220,5194608,27770.647,20218.690,0,116.199,0,7.012,5489,6037,2.300,1.280,0.660,4,0,34.058,0,0,11,34,0,57,0
19-01 13:16:11,68.280,11.505,20.009,0,0,1571904,994024,171236,5194672,28341.432,18869.277,0,352.154,0,35.015,6329,7975,2.300,1.280,0.660,5,0,106.047,0,0,11,34,0,58,0
19-01 13:16:12,60.072,9.971,29.413,0.249,0,1554200,1011704,171240,5194692,16646.812,10750.235,0,350.963,0,26.920,5042,4185,2.270,1.290,0.670,2,0,125.629,0,0,11,33,0,58,0
19-01 13:16:13,55.360,9.268,34.569,0,0,1541456,1024376,171260,5194740,20147.997,10023.899,0,488.971,0,54.107,4817,4827,2.270,1.290,0.670,4,0,60.119,0,0,11,33,0,59,0
19-01 13:16:14,51.646,9.231,38.423,0,0,1522776,1043012,171264,5194780,24515.651,17045.688,0,143.711,0,10.978,5200,5588,2.270,1.290,0.670,4,0,96.805,0,0,11,34,0,60,0
19-01 13:16:15,56.173,8.526,35.108,0,0,1520696,1044848,171276,5195012,21038.792,14993.174,0,184.568,0,9.028,5504,6019,2.270,1.290,0.670,4,0,47.145,0,0,11,33,0,62,0
19-01 13:16:16,53.332,10.467,35.140,0,0,1526812,1038528,171284,5195204,17799.089,10357.465,0,223.299,0,18.941,4836,5444,2.270,1.290,0.670,3,0,124.609,0,0,11,33,0,61,0
19-01 13:16:17,31.995,3.749,62.990,0.250,0,1491864,1073420,171292,5195248,23344.436,16275.515,0,295.955,0,21.997,4291,5876,2.250,1.300,0.680,2,0,1.000,0,0,11,33,0,62,0
19-01 13:16:18,34.759,11.253,52.514,0,0,1420268,1145000,171296,5195260,9776.598,5414.439,0,2976.791,0,148.039,4810,4292,2.250,1.300,0.680,2,0,136.036,0,0,11,32,0,63,0
19-01 13:16:19,35.336,4.260,60.146,0,0,1478972,1086272,171296,5195284,19387.221,11687.467,0,172.420,0,12.029,3568,3340,2.250,1.300,0.680,2,0,0,0,0,11,34,0,63,0
19-01 13:16:20,37.997,6.749,54.996,0.250,0,1418944,1146108,171304,5195468,16264.671,9005.264,0,183.985,0,12.999,4274,4781,2.250,1.300,0.680,4,0,41.997,0,0,11,32,0,59,0
19-01 13:16:21,37.737,8.497,53.231,0,0,1468364,1096656,171316,5195488,15816.404,6887.563,0,259.908,0,18.993,3931,3024,2.250,1.300,0.680,1,0,95.966,0,0,11,33,0,59,0
19-01 13:16:22,34.427,7.484,57.627,0,0,1430120,1134864,171332,5195508,16298.293,9334.123,0,211.550,0,17.962,4025,4140,2.150,1.290,0.680,3,0,59.873,0,0,11,33,0,60,0
19-01 13:16:23,35.769,5.503,57.531,0.250,0,1450884,1113928,171352,5195656,15130.229,10366.639,0,356.194,0,23.013,3987,3599,2.150,1.290,0.680,4,0,5.003,0,0,11,33,0,61,0
19-01 13:16:24,35.820,6.012,57.112,0,0,1432296,1132488,171352,5195684,20963.230,13081.729,0,140.276,0,8.016,5154,5206,2.150,1.290,0.680,2,0,44.087,0,0,11,33,0,61,0
19-01 13:16:25,38.158,5.736,54.868,0.249,0,1455920,1108824,171356,5195716,13703.130,7085.005,0,295.292,0,28.931,4061,4185,2.150,1.290,0.680,2,0,4.988,0,0,11,32,0,62,0
19-01 13:16:26,37.356,5.265,56.911,0,0,1464200,1100520,171360,5195736,16056.462,10949.001,0,136.386,0,9.026,3989,3756,2.150,1.290,0.680,4,0,0,0,0,11,33,0,62,0
19-01 13:16:27,25.675,10.719,62.069,0.249,0,1444084,1120532,171372,5195824,69806.675,13254.394,0,231.326,0,20.939,5585,6443,2.140,1.310,0.690,0,0,276.196,0,0,11,33,0,63,0
19-01 13:16:28,20.750,4.000,75.001,0,0,1423336,1141272,171376,5195828,31460.526,2965.050,0,448.007,0,57.001,2499,2176,2.140,1.310,0.690,1,0,5.000,0,0,11,32,0,58,0
19-01 13:16:29,18.247,1.750,78.738,0,0,1438964,1125516,171376,5195964,14551.735,7180.883,0,139.978,0,9.998,1980,1606,2.140,1.310,0.690,2,0,0,0,0,11,33,0,58,0
19-01 13:16:30,14.287,7.770,76.700,0.501,0,1409192,1155248,171392,5195988,12890.695,6495.980,0,802.097,0,60.157,4558,5082,2.140,1.310,0.690,2,0,154.404,0,0,11,32,0,59,0
19-01 13:16:31,18.198,8.725,72.044,0.249,0,1428920,1135512,171396,5195992,6111.500,1615.375,0,1946.427,0,155.555,3136,2163,2.140,1.310,0.690,1,0,129.629,0,0,11,32,0,59,0
19-01 13:16:32,17.507,1.751,79.534,0,0,1437840,1126576,171396,5196004,16237.917,8479.612,0,0,0,0,2326,2244,1.970,1.280,0.680,2,0,0,0,0,11,33,0,59,0
19-01 13:16:33,17.997,5.499,74.987,0,0,1405388,1159012,171400,5196016,13266.616,5506.011,0,183.967,0,8.998,3358,3367,1.970,1.280,0.680,3,0,45.992,0,0,11,32,0,58,0
19-01 13:16:34,19.259,2.751,77.787,0,0,1417492,1146900,171404,5196020,14352.752,6664.135,0,996.469,0,10.005,2172,1920,1.970,1.280,0.680,1,0,1.000,0,0,11,33,0,58,0
19-01 13:16:35,17.983,2.248,78.178,0,0,1410448,1153908,171408,5196052,17114.167,10222.543,0,99.908,0,10.990,4413,5649,1.970,1.280,0.680,1,0,0.999,0,0,11,33,0,58,0
19-01 13:16:36,13.018,18.025,69.094,0.250,0,1373668,1190520,171412,5196212,11267.318,2153.928,0,204.278,0,22.030,5588,4809,1.970,1.280,0.680,2,0,403.549,0,0,11,32,0,58,0
19-01 13:16:37,35.575,13.528,50.105,0,0,1430328,1133696,171464,5196316,9009.877,1623.401,0,388.815,0,27.057,4516,3359,1.970,1.300,0.690,2,0,223.468,0,0,11,32,0,56,0
19-01 13:16:38,41.734,6.498,47.232,2.999,0,1508460,1051640,171988,5199412,5809.826,1619.394,0,8484.825,0,721.730,6967,7914,1.970,1.300,0.690,5,1,40.985,0,0,11,36,0,56,0
19-01 13:16:39,38.764,8.003,40.014,12.004,0,1472824,1081104,173056,5204100,5684.995,1512.531,0,53470.768,0,4298.509,19854,32129,1.970,1.300,0.690,2,0,112.039,0,0,11,36,0,56,0
19-01 13:16:40,41.659,7.484,44.902,4.989,0.249,1470488,1082808,173392,5204364,8949.548,1616.487,0,29428.037,0,2290.023,10783,17736,1.970,1.300,0.690,2,0,24.946,0,0,11,32,0,56,0
19-01 13:16:41,45.351,5.512,48.107,0.752,0,1503276,1049932,173420,5204420,7743.303,1569.507,0,4297.603,0,313.701,4350,3858,1.970,1.300,0.690,4,1,2.004,0,0,11,34,0,51,0
19-01 13:16:42,39.201,7.740,44.195,7.241,0,1492616,1059772,173752,5204884,11286.946,1617.985,0,17518.187,0,2610.749,17238,25247,2.050,1.330,0.700,2,0,7.990,0,0,11,32,0,51,0
19-01 13:16:43,23.711,6.739,68.137,0.749,0,1473320,1078988,173780,5204936,10196.086,1617.317,0,5175.415,0,293.513,3438,3148,2.050,1.330,0.700,2,0,92.846,0,0,11,32,0,51,0
19-01 13:16:44,22.746,3.499,72.986,0.250,0,1483932,1068376,173780,5204936,9234.208,1619.686,0,1531.703,0,73.986,2219,1771,2.050,1.330,0.700,1,0,2.999,0,0,11,32,0,51,0
19-01 13:16:45,23.010,3.502,72.531,0.500,0,1495240,1057012,173812,5204956,8861.827,1620.700,0,6134.649,0,330.143,2643,2560,2.050,1.330,0.700,1,0,1.000,0,0,11,32,0,49,0
19-01 13:16:46,22.496,3.249,73.736,0,0,1544884,1007368,173812,5204956,5988.857,1619.691,0,43.992,0,5.999,1744,1289,2.050,1.330,0.700,2,0,2.000,0,0,11,32,0,49,0
19-01 13:16:47,22.504,3.001,73.514,0,0,1502924,1049316,173812,5204968,5925.128,1620.308,0,868.165,0,132.025,2085,1265,1.970,1.320,0.710,1,0,1.000,0,0,11,32,0,49,0
19-01 13:16:48,22.993,3.249,73.729,0,0,1536564,1015676,173820,5204960,10356.032,1619.536,0,3.999,0,1.000,1815,1143,1.970,1.320,0.710,2,0,1.999,0,0,11,32,0,49,0
19-01 13:16:49,22.749,2.250,73.497,0,0,1497812,1054336,173820,5205044,6333.699,1457.931,0,4.000,0,1.000,1825,1211,1.970,1.320,0.710,4,0,1.000,0,0,11,32,0,46,0
19-01 13:16:50,22.470,3.745,73.652,0,0,1532400,1019748,173820,5205044,9113.904,1617.853,0,0,0,0,1854,1093,1.970,1.320,0.710,1,0,1.997,0,0,11,32,0,46,0
19-01 13:16:51,22.036,3.255,73.872,0,0,1479096,1072936,173832,5205144,10919.083,1622.687,0,180.299,0,2.003,1887,1269,1.970,1.320,0.710,4,0,1.002,0,0,11,32,0,46,0
19-01 13:16:52,22.741,3.499,72.971,0.250,0,1465708,1086304,173840,5205156,10016.955,1619.346,0,451.818,0,30.987,2121,1737,1.890,1.310,0.710,2,0,1.000,0,0,11,32,0,46,0
19-01 13:16:53,23.264,2.752,73.794,0,0,1495096,1056912,173840,5205156,7683.618,1620.974,0,0,0,0,1854,1176,1.890,1.310,0.710,1,0,2.001,0,0,11,32,0,41,0
19-01 13:16:54,21.744,4.999,72.228,0,0,1465732,1086212,173844,5205184,5937.230,1619.517,0,15.995,0,1.999,2072,1481,1.890,1.310,0.710,3,0,7.998,0,0,11,32,0,41,0
19-01 13:16:55,22.251,3.500,73.753,0,0,1462688,1089236,173844,5205204,10814.491,1620.074,0,4.000,0,1.000,1817,1195,1.890,1.310,0.710,1,0,1.000,0,0,11,32,0,41,0
19-01 13:16:56,22.251,3.250,73.754,0,0,1503608,1048316,173844,5205204,10332.510,1620.080,0,0,0,0,1861,1164,1.890,1.310,0.710,2,0,2.000,0,0,11,32,0,41,0
19-01 13:16:57,13.528,14.780,71.396,0,0,1447212,1104556,173852,5205348,40943.696,1460.986,0,264.541,0,3.006,4545,3250,1.820,1.310,0.710,1,0,286.586,0,0,11,32,0,37,0
19-01 13:16:58,8.986,19.970,68.646,0,0,1433928,1117756,173856,5205392,37674.780,1617.543,0,838.726,0,12.980,6110,4484,1.820,1.310,0.710,2,0,427.351,0,0,11,32,0,37,0
19-01 13:16:59,7.764,22.039,69.123,0,0.250,1409876,1141776,173856,5205424,7129.672,1622.884,0,556.990,0,7.012,6168,4649,1.820,1.310,0.710,4,0,458.815,0,0,11,32,0,37,0
19-01 13:17:00,15.751,11.001,72.254,0,0,1433592,1118064,173856,5205420,9067.556,1620.099,0,0,0,0,3764,2832,1.820,1.310,0.710,1,0,201.012,0,0,11,32,0,37,0
19-01 13:17:01,22.701,3.492,73.091,0.249,0,1465564,1086088,173860,5205420,10359.419,1658.385,3.991,143.687,0.998,3.991,2017,1321,1.820,1.310,0.710,2,0,4.989,0,0,11,32,0,36,0
19-01 13:17:02,23.287,3.756,71.863,0.501,0,1460796,1090788,173924,5205424,5417.515,1622.550,0,7367.580,0,390.614,2925,3298,1.750,1.300,0.710,1,0,1.002,0,0,11,32,0,36,0
19-01 13:17:03,21.963,3.244,73.375,0,0.250,1494456,1057128,173924,5205424,12056.432,1617.241,0,471.196,0,28.951,1917,1239,1.750,1.300,0.710,3,0,1.997,0,0,11,32,0,36,0
19-01 13:17:04,22.799,3.006,73.658,0,0,1478336,1073240,173924,5205432,7079.197,1665.575,0,1900.079,0,185.398,2106,1395,1.750,1.300,0.710,1,0,2.004,0,0,11,32,0,36,0
19-01 13:17:05,24.496,4.249,70.739,0,0,1516964,1034608,173924,5206464,7988.779,1619.752,0,63.990,0,2.000,2157,4231,1.750,1.300,0.710,5,0,35.994,0,0,11,32,0,31,0
19-01 13:17:06,25.182,4.986,69.561,0,0,1522268,1029336,173924,5205428,7957.379,1454.049,0,167.545,0,37.897,2564,6957,1.750,1.300,0.710,5,0,2.992,0,0,11,32,0,32,0
19-01 13:17:07,22.517,3.002,73.555,0,0,1550312,1001272,173924,5205448,7920.967,1621.221,0,24.018,0,2.002,1767,1132,1.770,1.310,0.720,1,0,2.002,0,0,11,32,0,32,0
19-01 13:17:08,21.995,3.499,73.735,0,0,1508364,1043232,173924,5205436,8494.218,1619.660,0,0,0,0,1854,1279,1.770,1.310,0.720,1,0,1.000,0,0,11,32,0,32,0
19-01 13:17:09,22.753,3.501,73.511,0,0,1490380,1061236,173924,5205452,7750.146,1620.240,0,2136.316,0,13.002,1859,1074,1.770,1.310,0.720,3,0,3.000,0,0,11,32,0,25,0
19-01 13:17:10,22.254,3.251,73.513,0,0,1500920,1050720,173924,5205428,5349.966,1620.292,0,8.001,0,1.000,1791,1275,1.770,1.310,0.720,3,0,0,0,0,11,32,0,25,0
19-01 13:17:11,22.997,2.750,73.990,0,0,1486180,1065436,173924,5205452,9188.767,1619.783,0,23.997,0,1.000,1798,1127,1.770,1.310,0.720,1,0,3.000,0,0,11,32,0,25,0
19-01 13:17:12,21.494,4.249,73.230,0.250,0.250,1483808,1067888,173924,5205372,9031.580,1619.566,0,571.847,0,41.989,2122,1782,1.710,1.310,0.720,2,0,1.999,0,0,11,32,0,25,0
19-01 13:17:13,22.506,2.751,74.019,0,0,1459392,1092216,173924,5205460,8422.194,1620.422,0,96.025,0,3.001,1757,1060,1.710,1.310,0.720,4,0,1.000,0,0,11,32,0,25,0
19-01 13:17:14,21.748,4.000,73.242,0,0,1469064,1082544,173924,5205460,9255.028,1619.830,0,47.995,0,2.000,1910,1308,1.710,1.310,0.720,4,0,2.000,0,0,11,32,0,19,0
19-01 13:17:15,22.503,3.250,74.011,0,0,1476256,1075372,173924,5205440,8368.287,1458.224,0,0,0,0,1745,1182,1.710,1.310,0.720,1,0,1.000,0,0,11,32,0,19,0
19-01 13:17:16,22.993,2.499,73.976,0,0,1463264,1088344,173924,5205460,7095.697,1619.474,0,19.994,0,1.000,1710,1039,1.710,1.310,0.720,1,0,1.999,0,0,11,32,0,19,0
19-01 13:17:17,22.502,3.500,73.758,0,0,1486876,1064752,173924,5205440,6081.673,1620.179,0,20.002,0,1.000,1748,1281,1.650,1.300,0.720,1,0,0,0,0,11,32,0,19,0
19-01 13:17:18,21.750,4.000,73.001,0.250,0,1462328,1089288,173924,5205448,6324.048,1620.012,0,672.005,0,102.001,1963,1357,1.650,1.300,0.720,3,0,1.000,0,0,11,32,0,14,0
19-01 13:17:19,23.249,2.500,74.245,0,0,1497560,1054044,173924,5205460,9216.429,1619.900,0,63.996,0,3.000,1794,1068,1.650,1.300,0.720,3,0,2.000,0,0,11,32,0,14,0
19-01 13:17:20,9.526,20.808,68.942,0,0,1442560,1108992,173924,5205512,9068.204,1624.515,0,224.624,0,10.028,5793,4494,1.650,1.300,0.720,1,0,461.282,0,0,11,32,0,14,0
19-01 13:17:21,21.949,3.492,73.578,0,0,1505420,1046120,173924,5205524,9282.319,1616.225,0,0,0,0,1829,1211,1.650,1.300,0.720,1,0,0,0,0,11,32,0,14,0
19-01 13:17:22,22.792,2.755,73.386,0.250,0,1487052,1064188,173936,5205780,7986.770,1568.901,0,496.919,0,34.063,2152,1626,1.600,1.300,0.720,1,0,9.017,0,0,11,32,0,11,0
19-01 13:17:23,22.249,3.000,74.247,0,0,1510636,1040604,173936,5205780,9248.679,1511.948,0,0,0,0,1762,1131,1.600,1.300,0.720,3,0,0,0,0,11,32,0,11,0
19-01 13:17:24,13.760,17.513,68.301,0.500,0,1479376,1071724,173936,5205920,10182.637,1715.286,40.030,92.069,2.002,4.003,5168,3867,1.600,1.300,0.720,1,0,371.278,0,0,11,32,0,11,0
19-01 13:17:25,7.996,21.739,69.214,0,0,1471984,1079088,173936,5205948,8140.808,1619.166,0,211.891,0,6.996,6313,4750,1.600,1.300,0.720,2,0,484.750,0,0,11,32,0,11,0
19-01 13:17:26,8.253,22.257,67.772,0,0,1452388,1098640,173936,5205984,7073.266,1620.519,0,268.086,0,4.001,6531,5033,1.600,1.300,0.720,3,0,525.168,0,0,11,32,0,7,0
19-01 13:17:27,9.252,21.755,68.515,0,0,1434624,1116340,173936,5206008,49114.064,1620.365,0,1344.303,0,15.003,6412,4827,1.550,1.290,0.730,2,0,504.114,0,0,11,32,0,7,0
19-01 13:17:28,8.745,21.487,67.958,0,0,1422240,1128700,173936,5206032,39501.472,1618.995,0,1103.315,0,11.993,6211,4613,1.550,1.290,0.730,2,0,469.708,0,0,11,32,0,7,0
19-01 13:17:29,7.741,21.723,69.415,0,0,1407388,1143520,173936,5206060,8953.027,1618.017,0,1174.560,0,13.983,6209,4689,1.550,1.290,0.730,1,0,474.419,0,0,11,32,0,7,0
19-01 13:17:30,7.507,22.022,69.568,0,0,1399320,1151548,173936,5206100,7679.510,1621.586,0,212.208,0,8.008,6105,4559,1.550,1.290,0.730,1,0,449.440,0,0,11,32,0,5,0
19-01 13:17:31,8.749,21.499,68.745,0,0,1388528,1162304,173936,5206132,9936.342,1619.893,0,267.982,0,10.999,6180,4641,1.550,1.290,0.730,1,0,467.969,0,0,11,32,0,5,0
19-01 13:17:32,8.998,20.996,68.488,0,0,1381268,1169528,173940,5206164,6271.917,1619.720,0,719.876,0,46.992,6370,5157,1.590,1.310,0.730,2,0,471.919,0,0,11,32,0,5,0
19-01 13:17:33,20.774,25.780,52.811,0,0,1356684,1193908,173968,5206332,6370.330,1459.680,0,472.544,0,23.026,7136,6211,1.590,1.310,0.730,3,0,685.789,0,0,11,32,0,7,0
19-01 13:17:34,62.618,14.968,21.954,0.499,0,1522048,1028088,174056,5206668,9626.704,1616.592,0,758.401,0,46.901,4935,3475,1.590,1.310,0.730,3,0,244.485,0,0,11,32,0,9,0
19-01 13:17:35,58.113,9.018,25.299,6.012,0,1627892,913004,174716,5214284,7399.436,1623.167,372.727,19433.915,3.006,1495.918,11462,14542,1.590,1.310,0.730,5,0,61.119,0,0,11,38,0,9,0
19-01 13:17:36,39.943,12.232,31.455,13.730,0,1635280,892620,175724,5225688,6309.954,1617.681,0,74605.048,0,5692.839,27478,40991,1.590,1.310,0.730,5,1,183.737,0,0,11,36,0,11,0
19-01 13:17:37,45.258,10.002,29.005,13.503,0,1679876,837576,176192,5235264,11254.099,3083.575,0,90472.876,0,6739.257,29543,43199,1.700,1.330,0.750,2,2,57.011,0,0,11,37,0,11,0
19-01 13:17:38,42.307,12.517,31.542,11.015,0,1575356,933252,176564,5243416,16818.546,8681.638,0,64390.320,0,4809.447,23283,34166,1.700,1.330,0.750,3,1,164.220,0,0,11,35,0,9,0
19-01 13:17:39,40.447,19.974,24.468,13.732,0,1562388,939444,177012,5249832,10716.902,2516.689,371.511,53541.569,5.992,4003.733,21166,32267,1.700,1.330,0.750,3,1,261.656,0,0,11,34,0,10,0
19-01 13:17:40,45.030,17.762,20.764,14.760,0,1606508,890360,177296,5253960,14433.708,6665.483,876.590,51147.402,21.014,3928.642,19932,32004,1.700,1.330,0.750,5,1,199.134,0,0,11,35,0,10,0
19-01 13:17:41,29.518,10.006,41.275,16.510,0,1597200,896752,177488,5256584,15298.365,10170.226,924.566,46108.226,14.009,3732.285,21186,32347,1.700,1.330,0.750,3,0,141.086,0,0,11,35,0,10,0
19-01 13:17:42,33.974,9.243,43.966,10.992,0,1553552,939580,177612,5257188,15059.430,7408.308,0,52839.403,0,4447.583,22905,35077,1.810,1.360,0.760,7,0,56.956,0,0,11,34,0,10,0
19-01 13:17:43,39.764,7.253,40.515,11.004,0,1595824,895860,177936,5258264,9034.267,3084.115,0,53007.168,0,4496.626,21095,31424,1.810,1.360,0.760,1,0,45.016,0,0,11,35,0,10,0
19-01 13:17:44,34.011,6.752,45.264,11.504,0,1597512,891876,178128,5260324,15428.782,10306.194,0,58942.269,0,4860.506,23563,36019,1.810,1.360,0.760,3,1,40.012,0,0,11,35,0,10,0
19-01 13:17:45,36.000,6.250,45.500,9.750,0,1590604,896428,178232,5262524,21265.040,11629.022,0,40560.076,0,3726.007,21343,32022,1.810,1.360,0.760,2,0,48.000,0,0,11,34,0,11,0
19-01 13:17:46,32.741,12.496,40.489,12.746,0,1551400,931992,178288,5266008,10803.970,1619.546,0,59091.430,0,5022.592,23551,35325,1.810,1.360,0.760,3,0,130.963,0,0,11,36,0,11,0
19-01 13:17:47,31.760,8.252,44.513,14.754,0,1572192,908280,178408,5268700,15652.685,6662.995,0,63110.892,0,5094.525,23424,35908,1.900,1.390,0.770,5,1,54.016,0,0,11,37,0,11,0
19-01 13:17:48,30.251,7.750,47.252,12.001,0,1566872,910224,178524,5271844,19232.858,12744.569,0,63034.813,0,5099.228,26857,40701,1.900,1.390,0.770,2,0,96.004,0,0,11,37,0,11,0
19-01 13:17:49,35.241,9.248,42.988,11.247,0,1556408,921152,178588,5271276,9635.409,4918.677,0,44951.911,0,4247.858,21965,32830,1.900,1.390,0.770,4,0,65.982,0,0,11,36,0,11,0
19-01 13:17:50,33.744,7.749,43.492,11.998,0,1553900,926164,178612,5268756,12561.766,6527.839,0,63020.792,0,5199.075,24078,37836,1.900,1.390,0.770,2,0,38.993,0,0,11,37,0,11,0
19-01 13:17:51,32.003,10.001,55.505,1.250,0,1455488,1024616,178620,5268708,19292.633,10080.853,0,10700.906,0,681.058,8076,10102,1.900,1.390,0.770,0,0,212.018,0,0,11,33,0,13,0
19-01 13:17:52,17.211,4.989,76.078,0.249,0,1385360,1094716,178620,5268732,16629.314,8281.233,0,1157.377,0,68.844,4602,5268,1.830,1.380,0.770,1,0,55.873,0,0,11,32,0,14,0
19-01 13:17:53,21.501,4.000,74.002,0,0,1452724,1027384,178620,5268732,6426.156,2234.054,0,568.014,0,36.001,1935,1552,1.830,1.380,0.770,0,0,0,0,0,11,33,0,14,0
19-01 13:17:54,16.994,2.999,77.723,0.750,0,1448004,1032072,178620,5268756,18743.601,9794.656,0,3082.947,0,181.938,3653,4362,1.830,1.380,0.770,1,0,6.998,0,0,11,32,0,15,0
19-01 13:17:55,20.246,5.999,73.236,0,0,1428488,1051588,178620,5268756,8132.491,1685.687,0,255.953,0,3.999,2207,1512,1.830,1.380,0.770,2,0,33.994,0,0,11,32,0,15,0
19-01 13:17:56,16.005,1.501,81.527,0,0,1428876,1051192,178620,5268764,14763.930,8343.786,0,124.041,0,12.004,2316,2431,1.830,1.380,0.770,1,0,0,0,0,11,32,0,16,0
19-01 13:17:57,19.510,7.004,72.788,0,0,1448488,1031580,178620,5268764,56407.522,1620.848,0,180.094,0,13.007,2601,1837,1.760,1.380,0.770,1,0,60.031,0,0,11,32,0,16,0
19-01 13:17:58,17.746,2.000,79.234,0,0,1466500,1013216,178620,5269116,34105.263,7395.539,0,35.993,0,3.999,2255,2049,1.760,1.380,0.770,1,0,0,0,0,11,33,0,16,0
19-01 13:17:59,17.789,5.512,75.664,0,0,1399756,1079940,178620,5269136,12585.311,6412.916,0,88.191,0,12.026,3436,3765,1.760,1.380,0.770,1,0,43.094,0,0,11,32,0,17,0
19-01 13:18:00,19.441,1.994,77.765,0.249,0,1403868,1075696,178620,5269268,11563.060,6450.509,0,1643.035,0,191.422,2274,1638,1.760,1.380,0.770,3,0,0,0,0,11,33,0,17,0
19-01 13:18:01,17.510,2.501,79.296,0.250,0,1407872,1071664,178620,5269296,17493.134,7509.350,0,288.167,0,24.014,3335,3996,1.760,1.380,0.770,1,0,0,0,0,11,32,0,18,0
19-01 13:18:02,9.276,21.560,68.442,0,0,1369576,1109816,178620,5269448,9226.835,1624.549,0,200.562,0,11.031,5926,4395,1.700,1.370,0.770,2,0,452.266,0,0,11,32,0,18,0
19-01 13:18:03,47.250,17.000,34.500,0,0,1463796,1015372,178640,5269652,8873.994,1619.999,0,775.999,0,59.000,5743,4352,1.700,1.370,0.770,4,0,347.000,0,0,11,32,0,24,0
19-01 13:18:04,66.579,8.478,24.687,0,0,1651356,826228,178696,5271072,6558.192,1657.751,0,279.284,0,5.985,3712,1452,1.700,1.370,0.770,4,0,2.992,0,0,11,32,0,24,0
19-01 13:18:05,68.752,6.750,23.751,0.250,0,1763452,709872,178852,5274796,5572.158,1620.046,0,10560.299,0,217.006,4280,1874,1.700,1.370,0.770,4,0,6.000,0,0,11,32,0,24,0
19-01 13:18:06,40.847,10.776,34.832,11.527,0,1797612,663012,179016,5286828,9858.346,1623.846,0,74745.008,0,5587.231,28633,50303,1.700,1.370,0.770,5,0,249.591,0,0,11,38,0,25,0
19-01 13:18:07,27.251,8.000,45.752,16.501,0,1795264,654724,179104,5296984,10247.426,1620.067,0,91671.809,0,6637.276,31032,46648,1.890,1.410,0.790,0,1,216.009,0,0,11,38,0,24,0
19-01 13:18:08,40.949,7.990,34.957,13.234,0,1794032,648172,179156,5304484,9731.942,1617.995,0,82989.174,0,6571.857,32447,48829,1.890,1.410,0.790,5,1,161.800,0,0,11,38,0,24,0
19-01 13:18:09,39.783,13.261,31.526,13.011,0,1757964,672948,179256,5315268,7784.488,1621.351,0,79101.931,0,5825.856,26396,41504,1.890,1.410,0.790,6,0,229.191,0,0,11,36,0,24,0
19-01 13:18:10,45.515,10.503,29.260,12.504,0,1796796,623076,179276,5325864,8836.871,1500.487,0,87772.515,0,5756.870,24048,38031,1.890,1.410,0.790,2,1,0,0,0,11,36,0,24,0
19-01 13:18:11,39.972,9.743,34.726,13.241,0,1712684,700656,179296,5332104,10467.643,1618.862,0,89333.216,0,6436.476,27718,43844,1.890,1.410,0.790,4,0,71.949,0,0,11,36,0,24,0
19-01 13:18:12,40.967,7.244,41.966,8.243,0,1553148,857632,179304,5334588,6079.064,1618.686,0,50223.224,0,3879.850,18082,27147,1.970,1.440,0.800,3,0,141.885,0,0,11,32,0,24,0
19-01 13:18:13,19.775,10.514,69.089,0.250,0,1455308,955444,179304,5334612,8921.484,1622.088,0,997.284,0,48.062,3692,2943,1.970,1.440,0.800,1,0,245.316,0,0,11,32,0,24,0
19-01 13:18:14,22.946,3.991,72.079,0.499,0,1515412,895340,179304,5334612,9577.288,1616.167,0,6476.641,0,373.115,3069,2972,1.970,1.440,0.800,2,0,0.998,0,0,11,32,0,24,0
19-01 13:18:15,23.995,1.250,73.484,0,0,1537216,873528,179304,5334620,6220.607,1619.637,0,151.966,0,12.997,2093,1611,1.970,1.440,0.800,1,0,2.000,0,0,11,34,0,24,0
19-01 13:18:16,21.501,4.750,73.753,0,0.250,1499488,911256,179304,5334620,10592.397,1620.061,0,0,0,0,2154,1345,1.970,1.440,0.800,3,0,28.001,0,0,11,32,0,24,0
19-01 13:18:17,22.751,3.000,73.502,0,0,1552380,858364,179304,5334620,7103.227,1620.052,0,52.002,0,4.000,1774,1173,1.900,1.430,0.810,2,0,2.000,0,0,11,32,0,24,0
19-01 13:18:18,20.062,13.291,65.954,0.251,0,1495828,914756,179304,5334772,9162.314,1625.022,0,686.120,0,51.158,4274,3700,1.900,1.430,0.810,3,0,346.069,0,0,11,32,0,24,0
19-01 13:18:19,11.998,34.744,51.491,0,0,1475636,934884,179304,5334832,8716.490,1457.748,0,315.945,0,29.995,8024,7234,1.900,1.430,0.810,1,0,1032.821,0,0,11,32,0,24,0
19-01 13:18:20,8.235,21.712,69.128,0,0,1460724,949676,179304,5334904,10438.597,1617.149,0,119.789,0,10.981,6054,4387,1.900,1.430,0.810,4,0,464.182,0,0,11,32,0,24,0
19-01 13:18:21,9.257,20.014,69.550,0,0,1422968,987392,179304,5334936,12303.905,1621.173,0,16.012,0,4.003,5791,4158,1.900,1.430,0.810,1,0,363.263,0,0,11,32,0,24,0
19-01 13:18:22,13.224,18.215,67.120,0.250,0,1422676,987596,179304,5335404,10527.613,1616.869,0,794.462,0,148.712,6410,6342,1.820,1.430,0.810,2,0,351.320,0,0,11,32,0,24,0
19-01 13:18:23,34.502,12.751,52.003,0,0,1455220,955036,179304,5335456,5919.303,1620.083,0,0,0,0,5189,4958,1.820,1.430,0.810,2,0,193.010,0,0,11,33,0,24,0
19-01 13:18:24,42.761,7.752,48.513,0,0,1555948,854212,179304,5335552,10160.697,1714.455,0,0,0,0,2964,1544,1.820,1.430,0.810,2,0,1.000,0,0,11,33,0,24,0
19-01 13:18:25,46.625,4.763,48.129,0.251,0,1622508,787460,179324,5335712,7110.111,1624.366,0,605.628,0,31.084,3778,3000,1.820,1.430,0.810,2,0,19.051,0,0,11,49,0,24,0
19-01 13:18:26,34.408,10.971,53.606,0,0,1659240,746420,179380,5339572,10254.502,1615.668,0,231.380,0,16.955,5405,8391,1.820,1.430,0.810,1,0,152.591,0,0,11,48,0,24,0
19-01 13:18:27,16.477,17.725,64.659,0,0,1666932,738660,179384,5339952,42780.761,1617.722,0,351.505,0,12.982,7025,8361,1.760,1.420,0.810,2,0,313.558,0,0,11,48,0,24,0
19-01 13:18:28,5.006,2.753,90.607,0,0,1659364,746232,179384,5339596,39571.634,1459.720,0,380.448,0,29.034,1769,2135,1.760,1.420,0.810,1,0,28.033,0,0,11,48,0,24,0
19-01 13:18:29,0.750,0.750,97.734,0.250,0,1659588,746008,179384,5339596,10127.315,1619.731,0,35.994,0,3.999,803,969,1.760,1.420,0.810,0,0,3.000,0,0,11,48,0,24,0
19-01 13:18:30,0.500,0.500,98.223,0,0,1657952,747648,179384,5339596,7141.018,1619.550,0,0,0,0,783,980,1.760,1.420,0.810,0,0,2.999,0,0,11,48,0,24,0
19-01 13:18:31,1.000,0.250,98.523,0,0,1656452,749148,179384,5339596,9406.224,1620.383,0,8.002,0,2.000,780,972,1.760,1.420,0.810,0,0,1.000,0,0,11,48,0,24,0
19-01 13:18:32,7.525,9.782,81.769,0,0,1650028,755444,179384,5340072,8656.527,1625.356,0,4137.635,0,309.018,4204,4682,1.860,1.440,0.820,1,0,202.668,0,0,11,48,0,24,0
19-01 13:18:33,16.197,11.712,70.768,0,0,1653708,751760,179384,5339724,9310.468,1614.705,0,3.987,0,0.997,4399,5378,1.860,1.440,0.820,3,0,151.503,0,0,11,48,0,24,0
19-01 13:18:34,14.289,21.057,64.174,0,0,1697480,707744,179384,5340348,7859.360,1863.063,0,88.240,0,3.008,6937,7001,1.860,1.440,0.820,1,0,446.213,0,0,12,48,0,24,0
19-01 13:18:35,17.951,10.970,69.560,0,0,1707920,697340,179384,5339860,5904.859,1615.584,0,291.204,0,27.924,5267,6516,1.860,1.440,0.820,0,0,165.547,0,0,12,64,0,18,0
19-01 13:18:36,4.763,9.526,84.732,0.501,0,1700348,704864,179384,5339924,6638.213,1570.308,0,2952.099,0,23.063,2861,2678,1.860,1.440,0.820,1,0,182.501,0,0,13,64,0,18,0
19-01 13:18:37,18.700,13.464,66.321,0,0,1688824,716228,179384,5340076,9700.836,1507.933,0,35.903,0,7.978,6235,8092,1.790,1.440,0.820,0,0,207.441,0,0,14,64,0,18,0
19-01 13:18:38,9.264,19.278,70.103,0.250,0,1693296,711704,179384,5340124,10177.980,1622.388,0,592.873,0,29.043,6106,4866,1.790,1.440,0.820,2,0,398.587,0,0,14,66,0,18,0
19-01 13:18:39,11.009,21.518,66.555,0,0,1651120,753844,179388,5340496,9315.646,1621.331,0,1485.219,0,18.015,7008,6820,1.790,1.440,0.820,12,0,372.306,0,0,14,66,0,18,0
19-01 13:18:40,23.510,15.507,60.526,0,0,1683924,721024,179388,5340172,7549.208,1620.689,0,24.010,0,1.000,5397,6090,1.790,1.440,0.820,3,0,245.104,0,0,14,66,0,15,0
19-01 13:18:41,29.974,23.729,44.961,0,0,1747364,657520,179396,5340224,8754.360,1618.587,0,1043.090,0,66.942,6897,5444,1.790,1.440,0.820,3,0,584.490,0,0,14,66,0,15,0
19-01 13:18:42,30.290,24.282,44.058,0,0,1861304,541980,179476,5341672,7416.712,1622.124,0,1185.552,0,13.017,7377,8871,1.890,1.460,0.830,2,0,525.688,0,0,14,70,0,17,0
19-01 13:18:43,38.737,18.994,40.737,0,0,1952844,450296,179476,5341744,8258.270,1619.465,0,55.981,0,9.997,6439,8097,1.890,1.460,0.830,2,0,241.920,0,0,14,70,0,17,0
19-01 13:18:44,68.168,24.970,4.994,0,0,2067680,335128,179488,5342440,5488.433,1546.150,0,571.316,0,6.992,4919,4749,1.890,1.460,0.830,4,0,558.332,0,0,14,70,0,17,0
19-01 13:18:45,59.129,21.206,18.213,0,0.499,2174784,226984,179520,5343836,10038.375,1616.678,0,163.664,0,5.988,6507,8197,1.890,1.460,0.830,3,0,317.348,0,0,14,70,0,17,0
19-01 13:18:46,68.784,23.262,6.503,0,0.250,2270220,145280,176652,5332416,7453.692,1620.803,172.085,2109.045,8.004,86.043,5543,4936,1.890,1.460,0.830,5,0,441.219,0,0,14,70,0,17,0
19-01 13:18:47,72.789,23.012,2.501,2.001,0,2402136,268344,171404,5088704,8856.794,1620.877,652.353,2609.412,64.035,144.078,7879,10295,2.220,1.540,0.860,6,0,283.153,0,0,14,74,0,17,0
19-01 13:18:48,58.391,23.557,8.019,8.019,0,2489912,164280,171568,5104368,6876.572,1623.913,1411.401,34960.250,127.307,2427.851,16426,26222,2.220,1.540,0.860,5,1,345.833,0,0,14,76,0,16,0
19-01 13:18:49,68.816,23.936,4.488,1.995,0,2601736,181128,170800,4979572,9185.478,1615.687,893.614,10559.809,34.907,944.479,12305,20479,2.220,1.540,0.860,6,0,324.135,0,0,14,76,0,20,0
19-01 13:18:50,63.624,21.542,13.025,1.503,0,2661104,191124,170540,4911624,10788.043,1665.248,717.399,781.524,57.111,50.098,8805,13006,2.220,1.540,0.860,5,0,350.684,0,0,14,91,0,25,0
19-01 13:18:51,53.370,25.188,20.699,0.748,0,2785052,140284,170548,4840280,5915.543,1616.051,654.401,570.606,28.929,35.912,6793,6432,2.220,1.540,0.860,4,0,537.686,0,0,14,93,0,25,0
19-01 13:18:52,47.876,18.549,32.836,0.251,0,2854816,209968,170548,4703884,8744.924,1461.832,280.736,6180.201,12.032,421.104,8190,12255,2.360,1.580,0.880,2,0,284.746,0,0,14,95,0,23,0
19-01 13:18:53,61.820,12.962,21.438,2.243,0,3002292,124404,170560,4643416,7717.577,1615.307,2285.360,2484.780,29.913,119.652,5825,7877,2.360,1.580,0.880,2,0,136.603,0,0,14,98,0,26,0
19-01 13:18:54,31.596,11.786,55.167,1.003,0,3067856,125480,170576,4578104,6145.588,1624.915,24.073,1821.509,6.018,116.352,4850,4359,2.360,1.580,0.880,1,0,149.452,0,0,14,101,0,26,0
19-01 13:18:55,8.001,19.503,70.509,0,0,3066324,194816,170576,4511836,10910.419,1710.222,0,8.001,0,2.000,5772,4114,2.360,1.580,0.880,1,0,351.046,0,0,14,101,0,26,0
19-01 13:18:56,8.740,19.728,70.671,0,0,3082924,178176,170576,4511876,8606.345,1618.185,7.991,127.857,1.998,12.985,6072,4698,2.360,1.580,0.880,1,0,401.550,0,0,14,101,0,24,0
19-01 13:18:57,18.723,7.240,72.396,0.250,0,3135612,125476,170576,4511888,44014.920,1617.682,11.983,7385.416,1.997,344.506,3499,2062,2.250,1.570,0.880,2,0,95.863,0,0,14,101,0,24,0
19-01 13:18:58,17.791,3.508,78.182,0.251,0,3134804,192192,170580,4447444,50158.658,8091.820,44.103,3456.038,5.012,34.079,2729,2713,2.250,1.570,0.880,1,0,1.002,0,0,14,104,0,24,0
19-01 13:18:59,19.949,6.234,73.314,0,0,3112804,214164,170580,4447472,22041.121,17556.491,0,155.606,0,8.977,2591,1844,2.250,1.570,0.880,1,0,63.838,0,0,14,105,0,25,0
19-01 13:19:00,18.749,2.500,77.248,0.250,0,3152168,174792,170580,4447480,14260.560,7120.780,4.000,315.990,1.000,33.999,2296,2078,2.250,1.570,0.880,1,0,1.000,0,0,14,108,0,23,0
19-01 13:19:01,20.739,3.498,74.712,0.500,0,3155000,171680,170592,4447716,10334.738,2441.757,0,403.794,0,34.982,2529,2389,2.250,1.570,0.880,1,0,2.998,0,0,14,116,0,23,0
19-01 13:19:02,26.837,5.016,65.211,1.003,0,3162180,164160,170592,4448056,5148.627,1625.249,36.117,2239.231,3.010,287.930,6764,9851,2.150,1.560,0.880,3,0,3.010,0,0,14,119,0,24,0
19-01 13:19:03,20.449,8.479,69.076,0.997,0,3144724,181564,170592,4448092,10983.353,2821.897,0,3247.825,0,206.480,4259,4424,2.150,1.560,0.880,4,0,114.711,0,0,14,122,0,25,0
19-01 13:19:04,29.536,6.258,63.578,0.501,0,3250096,142200,170644,4383652,16195.958,7393.110,104.128,1778.191,11.014,108.133,3792,3686,2.150,1.560,0.880,1,0,3.004,0,0,14,125,0,18,0
19-01 13:19:05,19.465,3.993,75.116,0.749,0,3252488,139784,170644,4383688,12347.056,4438.112,19.965,2523.515,1.996,88.842,3446,4109,2.150,1.560,0.880,1,0,1.996,0,0,14,127,0,18,0
19-01 13:19:06,35.872,11.037,51.424,0.251,0,3260752,195892,170564,4321392,9444.028,2823.576,36.123,915.103,5.017,91.310,5614,18737,2.150,1.560,0.880,2,0,131.446,0,0,14,128,0,20,0
19-01 13:19:07,41.618,7.227,49.593,0,0,3331576,187948,170564,4259704,8196.989,3578.644,0,873.229,0,20.934,3049,1682,2.140,1.570,0.890,2,0,4.984,0,0,14,129,0,20,0
19-01 13:19:08,24.463,5.991,68.895,0,0,3300600,218724,170564,4259904,29366.079,21756.719,179.725,1274.051,0.998,71.890,2874,2304,2.140,1.570,0.890,3,0,54.916,0,0,14,128,0,20,0
19-01 13:19:09,19.272,2.753,77.339,0.250,0,3356020,163296,170564,4259912,9240.635,3873.458,8.009,120.138,2.002,14.016,1802,1414,2.140,1.570,0.890,3,0,0,0,0,14,129,0,20,0
19-01 13:19:10,19.527,5.508,74.855,0,0,3376748,142416,170564,4260064,30045.134,21811.587,0,0,0,0,2556,1912,2.140,1.570,0.890,1,0,51.072,0,0,14,128,0,21,0
19-01 13:19:11,18.770,2.252,78.082,0,0,3422348,160272,170564,4198156,10299.770,4077.263,4.004,48.050,1.001,4.004,1838,1407,2.140,1.570,0.890,1,0,0,0,0,14,129,0,21,0
19-01 13:19:12,19.500,4.750,74.500,0.500,0,3344792,237844,170572,4198176,14100.016,6935.008,8.000,2100.002,2.000,181.000,3707,4141,1.970,1.540,0.880,1,0,43.000,0,0,14,128,0,22,0
19-01 13:19:13,21.751,5.500,71.502,0,0,3356996,225632,170572,4198184,7779.221,1620.046,0,8.000,0,2.000,3113,3392,1.970,1.540,0.880,3,0,52.001,0,0,14,134,0,22,0
19-01 13:19:14,22.247,3.999,72.740,0,0,3344756,237796,170572,4198260,28028.181,23918.741,0,467.936,0,41.994,5402,8307,1.970,1.540,0.880,2,0,46.994,0,0,14,136,0,26,0
19-01 13:19:15,21.206,4.740,73.598,0,0,3412732,169820,170572,4198260,5696.198,1616.650,0,7.983,0,0.998,1995,1598,1.970,1.540,0.880,4,0,25.946,0,0,14,136,0,26,0
19-01 13:19:16,16.769,3.003,78.337,1.251,0,3412708,169792,170572,4198312,15215.840,8425.325,0,3119.452,0,285.316,4082,5158,1.970,1.540,0.880,2,0,0,0,0,14,137,0,26,0
19-01 13:19:17,25.999,5.000,66.997,1.000,0,3399164,183100,170576,4198560,10389.566,2697.887,0,4171.826,0,500.979,6840,8737,1.890,1.530,0.880,2,0,18.999,0,0,14,139,0,28,0
19-01 13:19:18,20.972,5.243,72.404,0.250,0,3425512,156752,170576,4198560,10384.202,1617.850,0,3267.658,0,334.555,2938,1979,1.890,1.530,0.880,1,0,34.954,0,0,14,139,0,28,0
19-01 13:19:19,15.260,2.251,81.051,0.750,0,3426304,155952,170576,4198568,18836.901,11673.375,0,2557.616,0,147.093,2669,2710,1.890,1.530,0.880,1,0,1.001,0,0,14,140,0,28,0
19-01 13:19:20,27.776,7.007,62.559,1.251,0,3428196,153972,170576,4198656,9112.621,1621.534,16.015,5537.238,1.001,421.399,9593,14612,1.890,1.530,0.880,6,0,1.001,0,0,14,140,0,28,0
19-01 13:19:21,28.046,8.013,63.104,0.250,0,3361020,220956,170576,4198848,10176.788,2489.106,0,661.091,0,55.091,5425,6750,1.890,1.530,0.880,1,0,69.114,0,0,14,139,0,29,0
19-01 13:19:22,18.193,1.994,78.253,0,0,3395792,186180,170576,4198852,11958.311,7320.927,0,283.108,0,13.956,1803,1408,1.820,1.520,0.880,2,0,0,0,0,14,140,0,29,0
19-01 13:19:23,16.768,7.508,74.081,0.751,0,3387400,194524,170576,4198900,9981.973,5537.087,0,1125.237,0,117.129,4661,5068,1.820,1.520,0.880,1,0,147.162,0,0,14,139,0,30,0
19-01 13:19:24,21.251,3.750,74.502,0.250,0,3442572,139348,170576,4198904,11240.296,3309.087,0,484.013,0,29.001,2012,1505,1.820,1.520,0.880,1,0,1.000,0,0,14,142,0,30,0
19-01 13:19:25,14.474,1.747,82.105,0,0,3437416,144492,170576,4198916,18813.673,11345.902,0,439.222,0,28.949,2313,2274,1.820,1.520,0.880,2,0,0,0,0,14,142,0,30,0
19-01 13:19:26,29.056,5.260,63.623,1.002,0,3435120,146712,170576,4198992,8954.343,1623.144,16.031,1839.563,1.002,203.394,7546,11014,1.820,1.520,0.880,2,0,1.002,0,0,14,146,0,30,0
19-01 13:19:27,33.785,8.259,56.058,0.250,0,3439640,141888,170576,4199280,47468.870,3081.172,32.033,1021.051,2.002,98.101,13909,23374,1.750,1.510,0.890,7,0,3.003,0,0,14,146,0,30,0
19-01 13:19:28,41.906,13.719,43.403,0.499,0,3393324,188084,170580,4199364,38654.693,2141.219,0,1604.418,0,141.684,9198,11511,1.750,1.510,0.890,1,0,285.363,0,0,14,145,0,31,0
19-01 13:19:29,18.747,2.000,77.988,0.250,0,3435524,145880,170580,4199368,13689.809,7518.797,0,627.900,0,21.996,1909,1548,1.750,1.510,0.890,2,0,0,0,0,14,146,0,31,0
19-01 13:19:30,16.542,11.279,70.930,0.501,0,3436972,144436,170580,4199396,7731.583,3326.425,0,2939.445,0,170.432,4641,4048,1.750,1.510,0.890,2,0,211.536,0,0,14,145,0,32,0
19-01 13:19:31,9.995,19.740,69.216,0,0,3365244,216112,170580,4199432,6143.944,1709.150,0,255.873,0,22.989,6015,4654,1.750,1.510,0.890,1,0,380.811,0,0,14,145,0,32,0
19-01 13:19:32,20.522,14.265,63.818,0,0,3356512,224840,170584,4199440,10758.433,1621.723,0,96.102,0,10.011,6268,7800,1.690,1.500,0.890,3,0,216.230,0,0,14,145,0,32,0
19-01 13:19:33,30.723,22.980,45.210,0,0,3427672,153608,170588,4199496,9294.783,1618.569,0,27.975,0,6.994,6639,5216,1.690,1.500,0.890,4,0,497.560,0,0,14,145,0,32,0
19-01 13:19:34,33.267,20.011,45.524,0,0,3475336,168132,170604,4139240,9515.997,1690.888,68.036,3701.944,7.004,379.199,8601,10616,1.690,1.500,0.890,1,0,357.188,0,0,14,151,0,32,0
19-01 13:19:35,46.018,20.508,32.263,0,0,3573004,129732,170612,4081488,10783.307,1458.583,100.040,320.128,7.003,23.009,6786,9069,1.690,1.500,0.890,7,0,405.162,0,0,16,151,0,32,0
19-01 13:19:36,54.950,26.476,18.983,0.250,0,3708884,149704,170396,3929140,9403.428,1618.525,35.967,479.563,4.995,40.963,7249,8360,1.690,1.500,0.890,4,0,496.547,0,0,16,157,0,32,0
19-01 13:19:37,51.449,18.731,28.722,0,0,3771692,126700,170396,3889240,7584.491,1618.398,7.992,411.593,1.998,27.972,7505,12022,1.800,1.530,0.900,2,0,284.718,0,0,16,173,0,32,0
19-01 13:19:38,37.548,23.280,39.050,0,0,3810428,187420,170396,3790892,7045.937,1712.172,0,540.686,0,11.014,7056,5102,1.800,1.530,0.900,2,0,483.613,0,0,16,173,0,32,0
19-01 13:19:39,20.762,20.762,56.782,0.250,0.250,3839768,158132,170400,3791272,9451.302,1620.909,4.002,456.256,1.001,31.017,6484,5341,1.800,1.530,0.900,3,0,395.222,0,0,17,173,0,32,0
19-01 13:19:40,23.738,15.492,60.220,0,0,3870860,127000,170400,3790956,8845.542,1619.184,7.996,227.885,1.999,13.993,6185,7625,1.800,1.530,0.900,4,0,266.865,0,0,17,173,0,32,0
19-01 13:19:41,30.962,24.470,43.446,0.250,0,3918880,183372,170232,3688568,6073.502,1618.003,3.995,4162.861,0.999,212.737,7274,6412,1.800,1.530,0.900,2,0,507.374,0,0,17,173,0,32,0
19-01 13:19:42,45.977,17.741,35.483,0,0,4021820,132224,170244,3638028,9515.334,1689.172,147.927,663.675,4.998,46.977,7693,12386,1.810,1.540,0.900,2,0,229.887,0,0,17,185,0,32,0
19-01 13:19:43,29.820,25.059,43.853,0.501,0,4082656,149304,170244,3561940,7398.392,1623.817,48.113,629.480,3.007,18.042,7208,6189,1.810,1.540,0.900,3,0,626.473,0,0,17,185,0,32,0
19-01 13:19:44,30.006,25.005,44.508,0.250,0,4161480,156272,170244,3478124,9193.724,1458.274,24.005,944.177,6.001,73.014,8778,10887,1.810,1.540,0.900,2,0,586.110,0,0,17,197,0,32,0
19-01 13:19:45,14.242,17.990,66.213,0,0,4165500,152220,170244,3478604,9847.546,1619.103,0,155.914,0,18.989,6385,6560,1.810,1.540,0.900,2,0,336.813,0,0,17,197,0,30,0
19-01 13:19:46,29.637,13.947,54.541,0.249,0,4216132,140648,170244,3439996,8137.868,1613.826,3.985,721.241,0.996,31.878,6259,6973,1.810,1.540,0.900,2,0,190.272,0,0,17,197,0,30,0
19-01 13:19:47,46.508,7.751,44.258,0.500,0,4341008,145816,170244,3312012,8514.468,1620.279,160.028,436.075,9.002,56.010,3943,3062,1.910,1.560,0.920,4,0,9.002,0,0,17,213,0,30,0
19-01 13:19:48,40.517,7.503,50.272,1.000,0,4439452,170712,170248,3190916,7792.358,1620.698,92.040,820.353,8.003,101.044,3634,2486,1.910,1.560,0.920,2,0,7.003,0,0,17,218,0,30,0
19-01 13:19:49,27.841,19.815,49.914,1.756,0,4346720,262208,170248,3192152,8473.834,1715.635,1019.348,5177.005,13.043,173.570,6628,6375,1.910,1.560,0.920,5,0,459.509,0,0,17,217,0,30,0
19-01 13:19:50,33.080,26.364,38.551,0.995,0,4403480,204172,170256,3193864,14902.235,7306.363,278.565,3557.674,5.969,40.790,8266,11143,1.910,1.560,0.920,6,1,556.135,0,0,17,220,0,30,0
19-01 13:19:51,51.510,17.840,28.645,1.759,0,4419284,185656,170272,3196452,9146.158,4618.307,1145.782,1194.026,21.107,37.188,6954,8822,1.910,1.560,0.920,9,0,191.969,0,0,17,225,0,31,0
19-01 13:19:52,68.717,15.243,12.494,2.749,0,4587376,123808,170280,3092468,9437.483,2306.896,679.675,355.830,21.989,17.991,4924,3840,2,1.590,0.930,5,0,94.955,0,0,17,233,0,31,2
19-01 13:19:53,53.963,10.743,22.734,12.491,0,4616784,185552,170312,3003292,15767.107,10887.478,4273.048,1091.246,196.864,40.972,5608,5537,2,1.590,0.930,3,2,17.988,0,0,17,239,0,21,2
19-01 13:19:54,61.541,14.760,17.011,6.004,0,4640948,153960,170376,3010648,7093.710,2414.603,3250.158,12160.074,289.192,1133.753,8129,8091,2,1.590,0.930,4,0,141.094,0,0,17,239,0,26,2
19-01 13:19:55,31.022,25.518,42.279,0.250,0,4665748,164256,170376,2977140,19100.287,9439.567,0,8806.126,0,35.024,7275,7673,2,1.590,0.930,3,0,516.359,0,0,17,240,0,26,2
19-01 13:19:56,42.979,18.991,36.982,0,0,4683424,144904,170376,2978792,13280.544,4716.707,127.938,767.627,7.996,58.971,7057,10562,2,1.590,0.930,4,0,269.869,0,0,17,239,0,27,2
19-01 13:19:57,54.483,26.492,17.994,0.250,0,4734440,168596,170380,2905636,52047.345,7411.628,207.933,507.837,3.999,44.986,6865,7120,2.080,1.610,0.940,5,0,527.831,0,0,17,244,0,25,2
19-01 13:19:58,57.531,16.687,22.664,1.992,0,4711196,188572,170848,2908472,47492.424,6782.213,1566.046,832.833,71.727,48.814,7679,10940,2.080,1.610,0.940,6,0,224.148,0,0,17,245,0,29,2
19-01 13:19:59,57.963,28.232,13.241,0.250,0,4814832,163412,170856,2832484,9128.112,1708.898,63.959,767.505,5.996,50.967,7096,9243,2.080,1.610,0.940,5,0,522.663,0,0,17,247,0,29,2
19-01 13:20:00,51.168,18.561,27.842,1.505,0,4845208,161036,170872,2805112,21397.354,11843.943,650.138,1003.299,42.139,58.191,8283,14704,2.080,1.610,0.940,7,0,256.845,0,0,17,256,0,30,2
19-01 13:20:01,66.876,19.036,14.277,0.250,0,4946824,131536,170876,2734444,23005.316,2417.552,12.023,460.868,2.004,35.066,5754,5075,2.080,1.610,0.940,4,0,200.377,0,0,17,255,0,30,2
19-01 13:20:02,64.736,10.248,23.245,0.250,0,5010528,153964,170876,2649136,21468.376,14991.771,1019.780,707.848,19.996,21.995,7066,15826,2.470,1.700,0.970,1,1,2.999,0,0,17,261,0,31,2
19-01 13:20:03,52.447,11.488,31.718,4.246,0,5045684,149796,170876,2618800,17195.638,7280.649,1718.265,911.080,94.904,85.913,6780,8091,2.470,1.700,0.970,6,0,20.979,0,0,17,266,0,36,2
19-01 13:20:04,53.450,18.483,26.475,0.749,0,5040272,191368,171044,2583512,52994.126,8202.281,855.195,863.188,25.976,64.939,7413,5984,2.470,1.700,0.970,5,0,304.713,0,0,17,268,0,37,2
19-01 13:20:05,46.308,29.537,21.277,1.752,0,5052196,175420,171164,2587628,15409.404,6782.541,4453.608,1544.945,66.083,76.096,8670,10933,2.470,1.700,0.970,11,0,499.629,0,0,17,267,0,38,2
19-01 13:20:06,61.694,21.892,15.672,0.746,0,5073444,180476,170768,2562308,13959.838,7307.795,1007.011,983.129,20.896,36.818,7447,19788,2.470,1.700,0.970,5,0,253.743,0,0,18,270,0,37,0
19-01 13:20:07,76.698,14.082,7.293,1.257,0,5108092,214708,170764,2494988,26021.146,6931.529,1106.470,889.199,59.347,46.271,5997,4546,2.510,1.720,0.980,4,0,118.694,0,0,18,272,0,38,0
19-01 13:20:08,79.600,13.974,0.749,4.991,0,5238864,140720,170776,2440004,8525.904,1616.947,3557.284,850.395,187.646,50.904,6381,5693,2.510,1.720,0.980,4,0,12.976,0,0,18,276,0,38,0
19-01 13:20:09,67.387,16.033,16.534,0.501,0,5307192,135220,170804,2378652,17452.570,12646.775,1515.088,2657.416,52.106,259.529,8197,11590,2.510,1.720,0.980,3,0,204.417,0,0,18,280,0,39,1
19-01 13:20:10,41.334,10.707,45.816,0.498,0,5327324,146480,170804,2348180,23525.718,2753.963,657.366,3892.401,10.956,243.026,4959,4181,2.510,1.720,0.980,3,0,31.872,0,0,18,285,0,37,0
19-01 13:20:11,36.488,6.998,54.232,0.750,0,5319308,179364,170812,2323916,28890.349,12719.751,599.800,11860.038,10.996,38.987,3938,3678,2.510,1.720,0.980,3,0,5.998,0,0,18,290,0,37,1
19-01 13:20:12,40.883,9.782,48.658,0,0,5291120,195472,170812,2335980,12529675.475,99700.672,834.718,413.346,10.033,34.111,8875,5120,2.470,1.730,0.990,2,0,14.046,0,0,18,288,0,38,0
19-01 13:20:13,36.895,14.459,46.119,2.493,0,5325800,154400,170816,2342352,4097746.185,32966.526,2544.784,905.433,29.915,40.884,6978,5290,2.470,1.730,0.990,5,0,259.265,0,0,18,292,0,38,0
19-01 13:20:14,34.751,6.250,57.752,0.250,0,5305160,198976,170816,2319584,20780.715,12601.433,4.000,536.018,1.000,59.002,4108,3955,2.470,1.730,0.990,6,0,7.000,0,0,18,294,0,34,0
19-01 13:20:15,40.176,4.242,53.651,0.749,0,5353096,150248,170816,2320380,14485.320,7003.101,515.051,5338.168,30.943,666.772,6147,5890,2.470,1.730,0.990,3,0,0,0,0,18,300,0,35,0
19-01 13:20:16,17.522,3.004,76.848,0.250,0,5362216,141068,170816,2320440,432227.331,16417007.807,0,2150.753,0,53.068,6672,3437,2.470,1.730,0.990,2,0,2.003,0,0,18,299,0,37,0
19-01 13:20:17,2.757,2.506,93.983,0.251,0,5300684,202588,170816,2320452,6110.165,1690.195,4.010,665.652,1.002,19.047,1708,2074,2.270,1.700,0.980,0,0,37.092,0,0,18,299,0,37,0
19-01 13:20:18,1.745,0.997,95.984,0.249,0,5286476,216796,170816,2320452,8842.536,1615.530,0,1057.075,0,55.845,1406,1912,2.270,1.700,0.980,0,0,0,0,0,18,299,0,34,0
19-01 13:20:19,23.497,3.750,69.992,0.500,0,5267984,219140,170824,2336568,16508320.938,70436.680,79.991,1295.847,4.999,120.986,10199,9521,2.270,1.700,0.980,0,0,2.000,0,0,18,301,1,35,0
19-01 13:20:20,11.025,15.536,69.660,2.506,0,5246340,240664,170824,2336688,8279.961,3969.089,44.101,10488.017,3.007,606.389,7021,5694,2.270,1.700,0.980,1,0,409.939,0,0,18,301,0,37,0
19-01 13:20:21,21.468,5.242,72.141,0,0,5298632,188356,170824,2336704,9267.056,1455.810,0,99.850,0,5.991,2578,2327,2.270,1.700,0.980,1,0,56.914,0,0,18,301,0,37,0
19-01 13:20:22,13.548,13.799,71.502,0,0,5290288,196672,170824,2336732,5970.062,1625.735,0,461.629,0,30.106,4936,3904,2.250,1.700,0.990,1,0,243.860,0,0,18,301,0,36,0
19-01 13:20:23,9.005,20.261,68.287,0.250,0,5283080,203808,170824,2336804,9015.827,1620.868,20.011,2013.078,2.001,233.125,6856,5440,2.250,1.700,0.990,2,0,400.214,0,0,18,305,0,36,0
19-01 13:20:24,1.991,1.244,95.321,0.249,0,5279500,207400,170824,2336804,7612.732,1706.319,0,7191.627,0,25.883,1492,1873,2.250,1.700,0.990,0,0,28.870,0,0,18,305,0,36,0
19-01 13:20:25,21.757,4.251,73.522,0,0,5337628,149272,170824,2336804,7091.136,1620.488,0,8814.655,0,21.006,2241,1911,2.250,1.700,0.990,1,0,9.003,0,0,18,305,0,36,0
19-01 13:20:26,18.059,3.010,77.754,0,0,5299032,187784,170824,2336888,39620.183,10602.570,64.209,124.406,4.013,12.039,3060,2712,2.250,1.700,0.990,3,0,21.069,0,0,18,309,0,36,0
19-01 13:20:27,11.466,16.451,69.793,0.249,0,5300668,186016,170828,2336984,42498.000,1615.211,15.953,0,3.988,0,5390,4177,2.150,1.690,0.990,1,0,218.353,0,0,18,309,0,36,0
19-01 13:20:28,11.518,17.027,70.109,0,0,5296260,189836,170828,2337540,41353.486,1622.530,80.125,132.206,5.008,9.014,5580,4442,2.150,1.690,0.990,1,0,212.331,0,0,18,309,0,36,0
19-01 13:20:29,18.223,11.483,68.398,0.999,0,5290868,195112,170828,2337640,9166.345,1687.486,19.970,818.780,1.997,77.884,5122,4560,2.150,1.690,0.990,2,0,150.775,0,0,18,313,0,36,0
19-01 13:20:30,25.252,2.500,71.004,0,0,5345596,140320,170828,2337704,8447.503,1458.087,64.004,92.005,1.000,12.001,2513,2135,2.150,1.690,0.990,4,0,2.000,0,0,18,315,0,34,0
19-01 13:20:31,24.231,2.998,71.194,1.249,0,5353216,163428,170828,2308164,10701.579,1618.726,403.682,815.358,12.990,52.958,2869,2646,2.150,1.690,0.990,4,0,3.997,0,0,18,317,0,34,0
19-01 13:20:32,23.605,3.264,72.320,0.251,0,5338856,177752,170828,2308200,8900.407,1627.204,20.089,0,4.018,0,2365,1947,2.060,1.680,0.990,1,0,5.022,0,0,18,315,0,34,0
19-01 13:20:33,22.140,4.478,71.893,0,0,5340368,176240,170828,2308200,5859.903,1611.996,0,171.150,0,13.931,2429,2092,2.060,1.680,0.990,3,0,2.985,0,0,18,315,0,34,0
19-01 13:20:34,11.508,2.001,85.056,0,0,5345588,171004,170828,2308216,27999.400,20446.437,0,280.184,0,23.015,2693,2944,2.060,1.680,0.990,1,0,3.002,0,0,18,322,0,35,0
19-01 13:20:35,23.845,4.769,71.033,0.251,0,5300088,216492,170828,2308228,10711.706,1759.013,0,244.977,0,21.084,2623,2318,2.060,1.680,0.990,1,0,16.064,0,0,18,315,0,36,0
19-01 13:20:36,24.154,2.490,71.716,0,0,5322684,193896,170828,2308228,9652.709,1613.599,0,175.305,0,23.905,2213,1744,2.060,1.680,0.990,1,0,0,0,0,18,315,0,36,0
19-01 13:20:37,12.780,15.286,71.667,0.251,0,5321520,194892,170836,2308388,8059.735,1623.774,392.913,320.746,5.012,10.023,4971,4025,2.050,1.680,1,1,0,261.608,0,0,18,315,0,36,0
19-01 13:20:38,14.470,14.719,69.106,0.249,0,5313288,202960,170836,2308552,11190.719,1616.637,51.892,111.767,5.988,5.988,5391,4535,2.050,1.680,1,1,0,321.332,0,0,18,315,0,36,0
19-01 13:20:39,23.746,3.999,71.238,0.500,0,5345696,170236,171116,2308588,7417.755,1950.673,263.956,467.921,9.998,39.993,3129,3043,2.050,1.680,1,2,0,32.994,0,0,18,316,0,36,0
19-01 13:20:40,20.247,2.500,76.239,0.500,0,5340696,169080,171736,2314012,10618.407,3405.489,127.981,3511.473,3.999,391.941,2831,1901,2.050,1.680,1,1,0,1.000,0,0,18,315,0,36,0
19-01 13:20:41,20.252,3.250,75.508,0,0,5334004,174584,171800,2315104,10384.049,2892.292,0,444.045,0,11.001,2382,2091,2.050,1.680,1,0,0,18.002,0,0,18,316,0,36,0
19-01 13:20:42,21.248,2.500,75.244,0.250,0,5346084,155988,172380,2320888,11628.091,3452.730,0,1015.921,0,23.998,2404,2079,1.970,1.670,1,1,0,4.000,0,0,18,315,0,36,0
19-01 13:20:43,19.750,6.000,72.250,0,0.250,5348012,153120,172436,2321756,13606.044,2958.009,212.001,88.000,14.000,2.000,9581,17426,1.970,1.670,1,1,0,12.000,0,0,18,316,0,36,0
19-01 13:20:44,21.767,6.255,70.306,0,0,5357748,143052,172460,2322060,11970.476,3281.598,8.006,16721.236,1.001,45.036,10908,19385,1.970,1.670,1,1,0,14.011,0,0,18,316,0,36,0
19-01 13:20:45,21.986,4.247,71.956,0.500,0,5317156,195016,172576,2310572,9045.434,1792.897,0,835.486,0,28.982,2585,2238,1.970,1.670,1,2,0,7.995,0,0,18,315,0,36,0
19-01 13:20:46,14.251,15.001,70.256,0,0,5296588,215712,172576,2310480,9764.802,1620.133,0,0,0,0,4776,4016,1.970,1.670,1,2,0,264.022,0,0,18,315,0,36,0
19-01 13:20:47,24.734,2.249,72.454,0,0,5338180,173936,172576,2310664,8911.342,1860.818,0,0,0,0,2216,1692,1.890,1.660,1,0,0,0,0,0,18,316,0,36,0
19-01 13:20:48,17.323,4.519,77.327,0,0,5317448,194612,172576,2310720,15723.502,11557.884,32.136,8.034,2.008,1.004,3151,2988,1.890,1.660,1,2,0,60.255,0,0,18,315,0,39,0
19-01 13:20:49,24.922,7.975,65.046,0.249,0,5365356,146512,172580,2310920,8658.882,1614.942,79.750,1606.967,2.991,64.797,4331,6179,1.890,1.660,1,2,0,53.831,0,0,18,317,0,39,0
19-01 13:20:50,20.072,5.269,74.267,0.251,0,5343164,168664,172580,2310960,16381.863,10309.042,0,232.837,0,20.072,3572,3406,1.890,1.660,1,5,0,69.249,0,0,18,317,0,40,0
19-01 13:20:51,23.150,4.481,70.943,0.249,0,5354208,188420,172580,2281272,6268.883,1613.023,0,250.915,0,21.905,2648,2421,1.890,1.660,1,4,0,1.991,0,0,18,317,0,40,0
19-01 13:20:52,17.565,3.764,77.788,0,0,5326816,215672,172580,2281412,22519.383,14734.558,0,188.699,0,13.048,2909,2778,1.820,1.650,1,1,0,36.134,0,0,18,319,0,41,0
19-01 13:20:53,22.928,4.486,71.774,0,0,5370300,172176,172580,2281424,7128.542,1614.912,0,231.271,0,13.956,2645,2315,1.820,1.650,1,1,0,20.934,0,0,18,319,0,41,0
19-01 13:20:54,18.237,3.747,76.194,0.250,0,5293748,248708,172580,2281440,19037.037,11858.302,0,1195.123,0,102.925,2925,2508,1.820,1.650,1,0,1,25.981,0,0,18,319,0,44,0
19-01 13:20:55,22.793,4.759,71.385,0.250,0,5317480,224964,172580,2281452,7408.963,1623.059,12.023,2035.837,1.002,121.228,2838,2697,1.820,1.650,1,1,0,13.025,0,0,18,319,0,38,0
19-01 13:20:56,13.232,1.997,82.387,0.499,0,5324948,217484,172580,2281464,15891.166,11476.232,0,2057.173,0,327.550,2828,2465,1.820,1.650,1,1,0,0,0,0,18,320,0,38,0
19-01 13:20:57,19.817,6.020,73.248,0.251,0,5284924,257492,172580,2281480,45692.692,2574.717,0,212.720,0,20.068,3126,2735,1.750,1.640,1,1,0,47.160,0,0,18,319,0,39,0
19-01 13:20:58,19.929,1.993,76.726,0,0,5316128,226284,172580,2281484,47432.742,7317.887,0,151.460,0,6.975,2179,1857,1.750,1.640,1,1,0,0,0,0,18,320,0,39,0
19-01 13:20:59,20.742,5.998,72.222,0.250,0.250,5304424,237876,172580,2281596,11295.673,6140.648,95.963,319.877,4.998,35.986,3389,3332,1.750,1.640,1,3,0,31.988,0,0,18,319,0,37,0
19-01 13:21:00,20.508,2.751,75.778,0.250,0,5320540,221748,172580,2281608,15164.613,7346.719,0,232.086,0,20.007,2517,2305,1.750,1.640,1,2,0,0,0,0,18,320,0,37,0
19-01 13:21:01,14.053,6.524,78.293,0.251,0,5304360,237908,172580,2281628,13778.650,6837.631,0,361.355,0,35.132,3575,3557,1.750,1.640,1,1,0,88.331,0,0,18,319,0,38,0
19-01 13:21:02,21.419,3.238,73.722,0,0,5320224,222044,172580,2281628,12061.534,3576.518,0,159.399,0,11.955,2265,1910,1.690,1.630,1,1,0,0,0,0,18,322,0,38,0
19-01 13:21:03,19.510,4.752,74.788,0.250,0,5296844,245404,172580,2281648,30040.295,21963.183,0,452.230,0,23.012,2934,2675,1.690,1.630,1,1,0,47.024,0,0,18,321,0,32,0
19-01 13:21:04,22.990,2.999,73.218,0,0,5353308,188808,172580,2281780,7829.580,3630.414,0,247.892,0,27.988,2648,2558,1.690,1.630,1,0,0,1.999,0,0,18,322,0,32,0
19-01 13:21:05,18.262,4.003,76.300,0.500,0,5322452,219620,172580,2281824,16463.688,8522.533,32.021,204.133,2.001,21.014,2918,2900,1.690,1.630,1,3,0,15.010,0,0,18,321,0,34,0
19-01 13:21:06,25.072,5.265,68.446,0,0,5388464,153608,172580,2284536,12030.504,3600.326,0,108.311,0,8.023,3152,9190,1.690,1.630,1,1,0,36.104,0,0,18,322,0,34,0
19-01 13:21:07,20.766,4.503,72.055,1.001,0,5363096,177168,172580,2283632,15935.073,6120.637,1729.310,1280.971,61.046,151.114,5338,10881,1.640,1.620,1,2,0,2.002,0,0,18,324,0,32,0
19-01 13:21:08,22.669,4.982,71.743,0.249,0,5335692,204460,172580,2283744,8938.038,2849.809,95.658,446.404,1.993,33.879,2747,2700,1.640,1.620,1,1,0,4.982,0,0,18,323,0,33,0
19-01 13:21:09,17.987,2.498,77.693,0,0.250,5348616,191524,172580,2283756,18309.656,10851.092,0,523.618,0,39.971,2786,2737,1.640,1.620,1,0,0,0,0,0,18,324,0,33,0
19-01 13:21:10,18.328,8.034,71.807,0.753,0,5281432,258496,172580,2283968,10410.560,3342.306,160.688,1426.104,6.026,124.533,5755,7043,1.640,1.620,1,1,0,105.451,0,0,18,323,0,34,0
19-01 13:21:11,9.000,22.250,66.749,0.500,0,5283304,256588,172580,2284004,6395.947,1619.987,0,791.993,0,61.999,7448,6800,1.640,1.620,1,2,0,670.994,0,0,18,323,0,31,0
19-01 13:21:12,8.996,23.240,66.971,0.500,0,5283440,256420,172580,2284036,5577.560,1619.292,0,4881.865,0,504.779,8238,6928,1.590,1.610,1,1,0,629.725,0,0,18,323,0,31,0
19-01 13:21:13,8.502,22.506,67.018,0,0,5279040,260784,172584,2284068,9075.480,1620.443,0,328.090,0,34.009,7381,6605,1.590,1.610,1,1,0,654.179,0,0,18,323,0,31,0
19-01 13:21:14,8.500,23.001,67.753,0,0,5281148,258648,172584,2284096,7017.323,1620.075,0,160.007,0,17.001,7043,6110,1.590,1.610,1,1,0,588.027,0,0,18,323,0,31,0
19-01 13:21:15,8.994,22.485,66.456,0,0,5272952,266804,172584,2284136,10506.095,1618.936,0,43.971,0,10.993,7339,6579,1.590,1.610,1,4,0,617.594,0,0,18,323,0,28,0
19-01 13:21:16,10.466,18.191,69.776,0.748,0,5277320,262132,172584,2284440,8093.961,1453.325,263.153,127.590,20.933,9.968,6128,5103,1.590,1.610,1,1,0,421.644,0,0,18,323,0,28,0
19-01 13:21:17,13.224,7.236,70.860,7.735,0,5266280,387408,172612,2182392,9441.332,1616.803,794.429,2163.722,95.811,6.986,2702,2595,1.540,1.600,1,0,1,39.921,0,0,18,323,0,28,0
19-01 13:21:18,36.362,7.774,54.919,0.752,0,5324588,318340,173100,2192676,7049.691,1625.000,585.802,818.518,20.062,32.099,3413,2398,1.540,1.600,1,3,0,11.034,0,0,18,323,0,28,0
19-01 13:21:19,30.194,6.488,59.889,1.996,0,5378744,263372,173172,2193416,17937.889,7616.940,698.710,1784.706,26.950,79.853,3865,3339,1.540,1.600,1,2,1,22.958,0,0,18,324,0,26,0
19-01 13:21:20,13.509,1.751,79.551,3.752,0,5384180,256928,173264,2194332,19021.256,10264.614,800.516,3318.138,47.030,78.050,2605,2967,1.540,1.600,1,2,0,1.001,0,0,18,324,0,26,0
19-01 13:21:21,12.995,1.000,82.216,2.499,0,5370152,269448,173368,2195728,24951.620,11463.231,975.594,1355.436,56.976,41.983,2179,2067,1.540,1.600,1,3,0,0,0,0,18,324,0,26,0
19-01 13:21:22,16.543,1.253,77.453,3.259,0,5393292,245596,173432,2196380,16077.220,7976.948,533.401,1211.181,33.087,55.145,2191,1992,1.500,1.590,1,2,0,0,0,0,18,324,0,26,0
19-01 13:21:23,13.221,1.746,81.818,1.996,0,5385120,252808,173520,2197248,23991.568,10078.554,806.204,1205.316,41.907,39.911,2127,2094,1.500,1.590,1,2,0,0,0,0,18,324,0,23,0
19-01 13:21:24,14.248,1.250,80.487,2.750,0,5389392,247548,173608,2198140,23031.287,10289.341,467.925,999.839,39.994,29.995,2095,1977,1.500,1.590,1,0,0,1.000,0,0,18,324,0,23,0
19-01 13:21:25,17.006,2.501,72.776,7.002,0,5396316,205628,173756,2232988,11441.058,2310.820,15225.401,5281.874,154.055,211.075,2777,2140,1.500,1.590,1,1,0,1.000,0,0,18,324,0,23,0
19-01 13:21:26,23.495,3.249,71.735,0.250,0,5392520,194788,174492,2246760,7601.420,1619.663,0,999.792,0,29.994,2510,2177,1.500,1.590,1,3,0,0,0,0,18,324,0,23,0
19-01 13:21:27,24.503,2.250,71.759,0.250,0,5384120,187592,174728,2261836,56545.067,1620.202,0,1372.171,0,31.004,2823,2339,1.460,1.580,1,2,0,0,0,0,18,324,0,22,0
19-01 13:21:28,23.004,3.251,71.512,1.500,0,5392352,157328,175104,2283256,42369.187,1620.275,0,3340.567,0,293.050,3224,2682,1.460,1.580,1,2,0,0,0,0,18,324,0,22,0
19-01 13:21:29,25.026,2.503,71.324,0.751,0,5391448,141904,175848,2298604,9838.260,1621.691,0,2462.568,0,126.132,3188,3120,1.460,1.580,1,1,0,0,0,0,18,324,0,22,0
19-01 13:21:30,23.965,2.996,71.396,0.999,0,5383740,156144,176836,2291624,46033.212,1703.528,0,2556.291,0,103.849,3558,3158,1.460,1.580,1,1,0,0,0,0,18,324,0,22,0
19-01 13:21:31,23.845,3.263,72.287,0,0,5341360,213728,177024,2276140,9791.876,1801.151,0,1032.098,0,30.120,2522,2041,1.460,1.580,1,1,0,2.008,0,0,18,323,0,22,0
19-01 13:21:32,18.180,3.486,77.201,0,0,5354144,199896,177024,2277184,14512.778,3792.309,3.985,458.225,0.996,18.927,2508,2237,1.420,1.570,1,1,0,32.873,0,0,18,324,0,22,0
19-01 13:21:33,23.752,3.250,72.007,0.250,0,5346936,201464,177120,2282668,21192.088,1880.185,0,1168.115,0,11.001,2566,2004,1.420,1.570,1,1,0,3.000,0,0,18,323,0,22,0
19-01 13:21:34,18.246,2.999,77.731,0.500,0,5341556,200012,177600,2288584,14436.551,4681.881,0,1427.659,0,42.990,2557,2425,1.420,1.570,1,2,0,19.995,0,0,18,323,0,22,0
19-01 13:21:35,23.835,5.269,68.746,0,0,5340212,200640,177672,2289084,15433.123,1712.115,0,1778.352,0,23.082,9949,18236,1.420,1.570,1,2,0,14.050,0,0,18,323,0,22,0
19-01 13:21:36,22.165,6.973,68.486,0,0,5338976,201636,177712,2289248,24445.747,1613.778,0,374.556,0,8.965,9985,17897,1.420,1.570,1,6,0,18.927,0,0,18,323,0,20,0
19-01 13:21:37,21.826,4.767,72.253,0.251,0,5293960,260052,177716,2276268,8494.752,1625.694,0,810.840,0,19.067,2983,2734,1.470,1.570,1.010,1,0,37.130,0,0,18,323,0,20,0
19-01 13:21:38,23.425,5.233,68.779,0,0,5312156,241848,177716,2276276,5483.361,1614.806,0,0,0,0,9988,18447,1.470,1.570,1.010,1,0,20.933,0,0,18,323,0,20,0
19-01 13:21:39,19.517,3.753,75.565,0.500,0,5331908,221048,177716,2277324,21268.423,3728.229,0,3374.923,0,157.136,3155,3033,1.470,1.570,1.010,1,0,33.029,0,0,18,324,0,20,0
19-01 13:21:40,24.184,2.743,71.056,0,0,5325836,221616,177716,2282828,7583.315,1789.120,15.956,1408.159,0.997,43.880,2740,2594,1.470,1.570,1.010,1,0,2.992,0,0,18,323,0,20,0
19-01 13:21:41,18.036,2.755,78.155,0.250,0,5321552,219460,177896,2288744,15747.292,4680.300,0,1278.541,0,42.084,2547,2473,1.470,1.570,1.010,1,0,18.036,0,0,18,323,0,20,0
19-01 13:21:42,22.754,6.751,68.513,0.250,0,5325776,214460,177944,2289360,12622.306,1566.286,0,480.088,0,10.002,10549,18851,1.430,1.560,1,1,0,18.003,0,0,18,323,0,20,0
19-01 13:21:43,22.498,7.249,68.243,0,0,5328276,211688,177980,2289564,5901.368,1565.832,0,183.980,0,4.000,10217,18577,1.430,1.560,1,1,0,15.998,0,0,18,323,0,20,0
19-01 13:21:44,21.752,5.000,71.757,0.250,0.250,5315692,237700,178004,2276484,9330.919,1620.160,0,1532.151,0,166.016,3014,2220,1.430,1.560,1,3,0,23.002,0,0,18,323,0,20,0
19-01 13:21:45,23.003,5.251,70.758,0,0,5302752,250688,178004,2276500,8797.994,1620.183,12.001,132.015,3.000,8.001,3396,3017,1.430,1.560,1,1,0,94.011,0,0,18,323,0,20,0
19-01 13:21:46,23.489,2.999,72.717,0,0,5320868,222464,178004,2286584,8725.047,1619.266,3.998,7.996,1.000,1.999,2461,2113,1.430,1.560,1,1,0,2.999,0,0,18,323,0,20,0
19-01 13:21:47,15.495,2.249,80.475,0.500,0,5326504,216164,178032,2287184,20056.744,7496.662,3.999,1595.502,1.000,37.988,2374,2330,1.390,1.560,1,2,0,15.995,0,0,18,324,0,20,0
19-01 13:21:48,14.254,1.500,82.525,0.750,0,5335916,206336,178092,2287516,24349.268,11337.384,60.018,1316.393,5.001,48.014,2196,2262,1.390,1.560,1,3,0,0,0,0,18,324,0,20,0
19-01 13:21:49,10.001,2.000,85.759,1.250,0,5339044,202584,178172,2288056,152082.645,14038.537,120.013,1824.200,16.002,94.010,2522,2787,1.390,1.560,1,2,0,1.000,0,0,18,325,0,20,0
19-01 13:21:50,16.504,1.250,79.271,1.250,0,5362172,178508,178204,2288968,26466.957,8824.320,748.197,1304.343,31.008,65.017,2508,2688,1.390,1.560,1,2,0,1.000,0,0,18,325,0,20,0
19-01 13:21:51,15.501,2.000,80.508,0.500,0,5335416,204952,178276,2289184,19926.912,11770.130,0,12073.159,0,89.009,2427,2271,1.390,1.560,1,1,0,0,0,0,18,325,0,20,0
19-01 13:21:52,17.495,2.749,77.730,0.500,0,5352584,187124,178360,2289752,297244.339,14616.181,0,1727.549,0,61.984,4090,5324,1.360,1.550,1,1,0,1.000,0,0,18,325,0,16,0
19-01 13:21:53,10.268,1.753,84.394,2.504,0,5352016,187124,178536,2290032,100963.743,16315.916,28.048,2400.106,4.007,117.201,2940,3093,1.360,1.550,1,0,0,0,0,0,18,325,0,18,0
19-01 13:21:54,14.967,2.245,80.072,0.998,0,5356844,181732,178668,2290372,39577.034,11151.215,103.769,1325.055,5.987,50.887,2281,2050,1.360,1.550,1,1,0,6.984,0,0,18,325,0,18,0
19-01 13:21:55,8.754,2.001,87.036,0.750,0,5361804,156860,178768,2310016,5692619.118,47179.676,0,7391.082,0,206.086,4240,3243,1.360,1.550,1,0,1,3.001,0,0,18,325,0,18,0
19-01 13:21:56,8.498,3.249,82.235,3.999,0,5354508,134444,178892,2339580,12111314.901,68453.102,163.969,26682.972,3.999,352.933,6240,3966,1.360,1.550,1,2,0,2.000,0,0,18,325,0,14,0
19-01 13:21:57,23.258,3.751,70.776,0.750,0,5357920,145204,181816,2321260,44032.012,1566.570,0,4349.582,0,105.038,2932,2512,1.330,1.540,1,1,0,1.000,0,0,18,325,0,14,0
19-01 13:21:58,23.998,3.250,71.493,0.250,0,5376720,143076,182728,2303068,42637.906,1565.850,0,811.922,0,19.998,2566,2078,1.330,1.540,1,1,0,0,0,0,18,325,0,14,0
19-01 13:21:59,25.218,2.247,70.910,0.749,0,5368940,134128,183096,2318440,8546.136,1617.943,0,2113.314,0,59.924,3001,2771,1.330,1.540,1,1,0,0,0,0,18,325,0,14,0
19-01 13:22:00,23.273,4.755,70.069,1.001,0,5375140,165516,183836,2281224,8208.120,1621.604,32.032,2458.432,1.001,110.109,3225,3047,1.330,1.540,1,3,0,0,0,0,18,325,0,10,0
19-01 13:22:01,22.509,5.502,70.280,0.750,0,5366772,130264,184568,2321800,6601.779,1566.659,0,88773.365,0,324.136,3409,2607,1.330,1.540,1,1,0,0,0,0,18,325,0,10,0
19-01 13:22:02,22.494,3.999,71.231,0.750,0,5369476,128548,186128,2318012,10497.274,1619.579,0,2543.339,0,79.979,2729,2527,1.310,1.530,1,1,0,0,0,0,18,325,0,10,0
19-01 13:22:03,24.758,2.251,71.773,0.500,0,5369372,144096,186516,2302444,5561.807,1620.526,0,1504.489,0,34.011,2666,2436,1.310,1.530,1,1,0,0,0,0,18,325,0,10,0
19-01 13:22:04,23.495,3.749,70.736,0.750,0,5370808,144068,187684,2299328,9059.171,1661.665,0,2803.434,0,114.977,2945,2929,1.310,1.530,1,2,0,2.000,0,0,18,325,0,7,0
19-01 13:22:05,20.072,2.509,77.025,0.502,0,5297104,250264,187848,2266184,13554.390,4225.084,0,1766.306,0,179.641,2547,2351,1.310,1.530,1,1,0,2.007,0,0,18,323,0,7,0
19-01 13:22:06,20.178,2.989,74.734,0,0,5327552,219796,187848,2266200,11814.988,2839.902,0,51.816,0,2.989,2546,2150,1.310,1.530,1,0,0,33.880,0,0,18,324,0,7,0
19-01 13:22:07,26.486,5.747,66.216,0.250,0,5337084,203292,187920,2272720,10376.627,2625.640,0,1907.012,0,25.987,3959,14602,1.280,1.520,1,1,0,37.980,0,0,18,323,0,8,0
19-01 13:22:08,18.253,2.250,77.762,0,0,5344188,194976,187924,2273928,15794.336,4551.673,0,256.038,0,10.001,2278,2049,1.280,1.520,1,3,0,17.003,0,0,18,324,0,4,0
19-01 13:22:09,24.010,5.502,68.028,0.500,0,5345592,187064,188296,2278952,5999.457,1794.735,0,1264.518,0,36.015,9732,17926,1.280,1.520,1,2,0,14.006,0,0,18,323,0,4,0
19-01 13:22:10,23.555,6.264,68.659,0,0,5339776,192620,188336,2279120,9619.264,1569.633,0,2521.837,0,23.053,10741,19024,1.280,1.520,1,1,0,10.023,0,0,18,323,0,4,0
19-01 13:22:11,20.453,6.485,72.336,0,0,5338824,193340,188368,2279288,5551.377,1658.229,0,103.764,0,1.995,2312,1781,1.280,1.520,1,3,0,9.977,0,0,18,323,0,4,0
19-01 13:22:12,23.005,4.501,71.016,0,0.250,5312520,233908,188372,2266320,9333.107,1620.366,16.004,1568.354,1.000,44.010,2828,2517,1.260,1.510,1,2,0,6.001,0,0,18,323,0,4,0
19-01 13:22:13,22.236,4.497,70.956,1.499,0,5332396,210920,188384,2269412,8461.791,1511.070,659.594,987.392,15.990,15.990,2977,3020,1.260,1.510,1,1,1,1.999,0,0,18,324,0,3,0
19-01 13:22:14,25.592,5.771,64.983,2.509,0.251,5329988,212068,188384,2270688,6092.864,1625.834,947.400,8028.812,57.205,603.164,9556,13839,1.260,1.510,1,5,0,2.007,0,0,18,326,0,8,0
19-01 13:22:15,11.465,17.197,69.039,0.249,0,5268236,273548,188384,2270960,8232.808,1615.058,163.500,1451.558,3.988,87.732,6551,5959,1.260,1.510,1,1,0,388.810,0,0,18,325,0,8,0
19-01 13:22:16,12.265,6.758,69.833,10.262,0,5250632,274368,188384,2287732,8919.545,1621.918,16679.720,10876.860,1336.580,333.394,6232,5258,1.260,1.510,1,2,0,59.070,0,0,18,325,0,10,0
19-01 13:22:17,9.006,3.502,74.800,11.758,0,5242048,255688,188780,2314576,6227.128,2636.748,27358.138,1741.154,2386.582,31.021,6644,6990,1.240,1.500,1,0,0,6.004,0,0,18,326,0,10,0
19-01 13:22:18,14.520,4.756,79.357,0,0,5298488,199248,188780,2314576,28187.056,3467.682,512.692,128.173,4.005,13.018,2378,2306,1.240,1.500,1,1,0,6.008,0,0,18,326,0,10,0
19-01 13:22:19,19.189,5.732,71.272,2.741,0,5290348,207136,188780,2314828,29885.329,4806.613,745.613,606.060,10.965,49.840,3123,2937,1.240,1.500,1,1,0,6.978,0,0,18,326,0,10,0
19-01 13:22:20,4.767,2.509,90.829,0.753,0,5274720,221404,188856,2315932,175473.424,3330.059,281.018,345.250,10.036,15.055,1955,2403,1.240,1.500,1,6,0,13.047,0,0,18,325,0,10,1
19-01 13:22:21,2.494,1.496,93.510,0.748,0,5262028,234248,188976,2315648,11350.925,128921.766,215.448,2916.529,10.972,9.974,1631,1856,1.240,1.500,1,0,0,14.962,0,0,18,325,0,10,0
19-01 13:22:22,1.996,0.250,96.326,0.250,0,5248488,247788,188976,2315648,6067.038,1617.078,0,774.601,0,17.968,1249,1748,1.140,1.480,1,0,0,0,0,0,18,325,0,10,0
19-01 13:22:23,3.251,1.000,94.529,0.250,0,5231144,265124,188976,2315656,9226.832,1620.497,0,340.104,0,33.010,1732,2380,1.140,1.480,1,0,0,0,0,0,18,325,0,10,0
19-01 13:22:24,2.000,1.000,95.984,0,0,5227996,268268,188976,2315660,9615.378,1619.727,0,103.982,0,13.998,1358,1830,1.140,1.480,1,2,0,1.000,0,0,18,325,0,10,0
19-01 13:22:25,1.750,1.000,95.490,0.250,0,5224792,271436,188976,2315696,10827.840,1619.827,31.997,495.947,1.000,43.995,1519,2120,1.140,1.480,1,2,0,0,0,0,18,325,0,10,0
19-01 13:22:26,1.750,0.500,96.232,0.250,0,5220504,275724,188976,2315696,8892.334,1619.697,0,14229.334,0,249.953,1641,1676,1.140,1.480,1,0,0,0,0,0,18,325,0,10,0
19-01 13:22:27,1.501,0.500,96.818,0,0,5219592,276620,188976,2315696,46150.526,1567.104,0,0,0,0,1300,1658,1.050,1.450,0.990,0,0,0,0,0,18,325,0,10,0
19-01 13:22:28,1.750,0.750,96.482,0,0,5219184,277028,188976,2315696,43299.127,1511.725,0,3.999,0,1.000,1262,1669,1.050,1.450,0.990,0,0,0,0,0,18,325,0,10,0
19-01 13:22:29,2.001,0.750,95.774,0.250,0,5217276,279304,188976,2315696,6374.607,1620.408,0,276.070,0,29.007,1500,2148,1.050,1.450,0.990,0,0,0,0,0,18,325,0,10,0
19-01 13:22:30,1.750,1.500,95.748,0,0,5217272,279304,188976,2315700,5777.869,1619.963,0,95.998,0,13.000,1362,1978,1.050,1.450,0.990,0,0,0,0,0,18,325,0,10,0
19-01 13:22:31,1.756,1.506,95.603,0,0,5216444,280132,188976,2315700,9478.991,1626.002,0,13497.827,0,48.178,1439,1793,1.050,1.450,0.990,1,0,0,0,0,18,325,0,10,0
19-01 13:22:32,1.743,2.241,94.356,0.249,0,5205268,291300,188976,2315700,7630.160,1613.268,0,86598.633,0,739.912,2808,3093,0.960,1.430,0.980,0,0,0,0,0,18,325,0,10,0
19-01 13:22:33,1.751,1.000,95.781,0.250,0,5205520,291048,188976,2315704,9042.921,1620.523,0,1808.584,0,12.004,1362,1852,0.960,1.430,0.980,1,0,0,0,0,18,325,0,10,0
19-01 13:22:34,2.500,1.000,95.732,0.250,0,5205768,290800,188976,2315704,7710.534,1619.692,0,207.960,0,20.996,1518,2147,0.960,1.430,0.980,1,0,2.000,0,0,18,325,0,10,0
19-01 13:22:35,1.746,0.748,95.303,0.249,0,5205756,290800,188976,2315716,9935.435,1454.988,0,259.463,0,32.932,1617,2450,0.960,1.430,0.980,1,0,0.998,0,0,18,325,0,10,0
19-01 13:22:36,1.754,0.501,96.697,0,0,5205756,290800,188976,2315716,8805.973,1623.313,0,128.262,0,9.018,1154,1624,0.960,1.430,0.980,0,0,0,0,0,18,325,0,10,0
19-01 13:22:37,1.750,2.500,94.759,0,0,5205696,290828,188980,2315728,5321.520,1620.158,0,65870.440,0,238.023,1737,2096,1.050,1.440,0.990,1,0,0,0,0,18,325,0,10,0
19-01 13:22:38,2.000,1.750,94.762,0,0,5214120,282400,188980,2315732,5229.664,1620.206,0,36.005,0,4.001,1328,1816,1.050,1.440,0.990,1,0,0,0,0,18,325,0,10,0
19-01 13:22:39,2.000,0.500,95.764,0,0,5214160,282352,188980,2315740,10558.571,1620.241,0,276.041,0,29.004,1492,2013,1.050,1.440,0.990,0,0,0,0,0,18,325,0,10,0
19-01 13:22:40,1.500,0.500,96.977,0,0,5214160,282352,188980,2315740,8551.991,1619.620,0,0,0,0,1148,1648,1.050,1.440,0.990,1,0,0,0,0,18,325,0,10,0
19-01 13:22:41,1.751,0.500,96.530,0,0,5214160,282352,188980,2315740,10215.187,1620.506,0,32.010,0,4.001,1256,1677,1.050,1.440,0.990,0,0,0,0,0,18,325,0,10,0
19-01 13:22:42,2.499,0.500,96.468,0,0,5214156,282352,188980,2315744,8239.278,1619.465,0,3.999,0,1.000,1304,1717,0.960,1.410,0.990,0,0,1.999,0,0,18,325,0,10,0
19-01 13:22:43,1.999,0.750,96.203,0.250,0,5214120,282352,188980,2315780,10673.737,1565.228,0,515.746,0,103.949,1403,1684,0.960,1.410,0.990,2,0,0,0,0,18,325,0,10,0
19-01 13:22:44,1.750,1.000,95.513,0.250,0,5214120,282352,188980,2315780,8292.092,1512.199,0,84.011,0,9.001,1359,1826,0.960,1.410,0.990,1,0,1.000,0,0,18,325,0,10,0
19-01 13:22:45,1.750,1.000,95.775,0.250,0,5214100,282352,188980,2315800,8736.274,1620.422,16.004,416.108,1.000,35.009,1453,2150,0.960,1.410,0.990,0,0,0,0,0,18,325,0,10,0
19-01 13:22:46,1.750,1.000,96.765,0,0,5214100,282352,188980,2315800,8883.390,1620.253,0,36.006,0,4.001,1247,1744,0.960,1.410,0.990,1,0,0,0,0,18,325,0,10,0
19-01 13:22:47,1.250,1.250,96.492,0,0,5202644,293796,188980,2315800,7982.376,1619.873,0,2671.791,0,13.999,1188,1694,0.880,1.390,0.980,0,0,0,0,0,18,325,0,10,0
19-01 13:22:48,1.500,0.750,96.274,0,0,5202892,293544,188980,2315804,6111.555,1620.412,0,0,0,0,1199,1703,0.880,1.390,0.980,0,0,0,0,0,18,325,0,10,0
19-01 13:22:49,2.500,0.750,94.994,0.250,0,5202892,293544,188980,2315804,10428.299,1619.891,0,707.952,0,44.997,1755,2431,0.880,1.390,0.980,0,0,1.000,0,0,18,325,0,10,0
19-01 13:22:50,2.250,1.250,95.745,0,0,5202888,293544,188980,2315808,7150.632,1619.917,0,87.995,0,12.999,1475,2062,0.880,1.390,0.980,1,0,1.000,0,0,18,325,0,10,0
19-01 13:22:51,5.501,1.500,91.515,0,0,5211964,284464,188984,2315808,141098.502,3840.612,0,0,0,0,1604,1905,0.880,1.390,0.980,0,0,4.001,0,0,18,325,0,10,0
19-01 13:22:52,14.804,5.018,77.782,0.753,0,5228092,268200,188996,2315932,439918.896,16614.234,124.451,1240.497,6.022,16.058,3617,3082,0.890,1.380,0.980,2,0,35.127,0,0,18,325,0,10,0
19-01 13:22:53,16.186,6.723,74.455,1.245,0,5221500,269712,188996,2320944,151179.793,5807.022,247.023,127.496,39.842,6.972,3314,2766,0.890,1.380,0.980,0,1,40.838,0,0,18,325,0,8,0
