"pcp-dstat 6.2.0 CSV Output"
"Author:","PCP team <pcp@groups.io> and Dag Wieers <dag@wieers.com>",,,,"URL:","https://pcp.io/ and http://dag.wieers.com/home-made/dstat/"
"Host:","ubuntu",,,,"User:","ubuntu"
"Cmdline:","dstat -tcmndrylpg --tcp --output /tmp/devstack_logs/dstat-csv.log",,,,"Date:","16 Jan 2026 13:49:39 UTC"
"system","total usage",,,,,"memory usage",,,,"net/total",,"dsk/total",,"io/total",,"system",,"load avg",,,"procs",,,"paging",,"tcp sockets",,,,
"time","total usage:usr","total usage:sys","total usage:idl","total usage:wai","total usage:stl","used","free","buf","cach","net/total:recv","net/total:send","dsk/total:read","dsk/total:writ","read","writ","int","csw","1m","5m","15m","run","blk","new","in","out","lis","act","syn","tim","clo"
16-01 13:49:39,,1001720,1706260,162508,4951284,,,,,,,1.360,0.980,0.530,1,0,,,,10,6,0,17,0
16-01 13:49:40,18.993,20.992,58.729,0.500,0,1015324,1692048,162540,4951804,26942.147,12808.316,0,2691.016,0,99.963,6933,6175,1.360,0.980,0.530,1,0,529.806,0,0,10,6,0,17,0
16-01 13:49:41,29.745,17.497,51.491,0.250,0,1007432,1699500,162572,4952092,18918.557,8894.381,0,1207.780,0,44.992,6105,5271,1.330,0.980,0.530,1,0,348.937,0,0,10,5,0,17,1
16-01 13:49:42,29.759,16.005,52.767,0.250,0,1030468,1676076,162624,4952340,39584.483,10645.357,0,2072.654,0,58.018,6106,6915,1.330,0.980,0.530,2,0,260.082,0,0,10,4,0,17,2
16-01 13:49:43,12.464,2.742,83.260,0.748,0,1125728,1572832,162696,5084736,28733.112,12322.453,0,1336.146,0,44.871,2223,2449,1.330,0.980,0.530,0,0,8.974,0,0,11,4,0,17,2
16-01 13:49:44,35.023,12.008,52.034,0.750,0,1140608,1532960,163312,5106136,183626.972,5780.777,16.010,2645.729,1.001,87.057,4244,2727,1.330,0.980,0.530,2,0,111.073,0,0,11,6,0,17,2
16-01 13:49:45,39.248,11.249,47.748,0.750,0,1177032,1477432,163960,5122232,9057.528,1619.916,31.998,2387.875,2.000,47.997,4571,3100,1.330,0.980,0.530,2,0,174.991,0,0,11,6,0,19,2
16-01 13:49:46,44.734,5.498,48.733,0,0,1256296,1387604,164316,5130960,42350.231,1619.435,3.999,2299.198,1.000,29.990,3065,1512,1.380,1,0.540,3,0,0,0,0,11,6,0,19,2
16-01 13:49:47,40.343,5.513,47.359,6.014,0,1257952,1356560,165560,5156760,9462.710,1623.725,0,32490.542,0,1675.845,8997,10985,1.380,1,0.540,2,0,10.023,0,0,11,8,0,19,2
16-01 13:49:48,34.255,8.501,43.507,13.002,0,1269116,1310880,167592,5186524,42687.696,1620.254,0,61925.714,0,4160.653,21597,30339,1.380,1,0.540,4,0,72.011,0,0,11,8,0,19,2
16-01 13:49:49,42.253,7.500,48.503,1.000,0,1247844,1318160,168408,5197576,7513.483,2059.132,0,8156.525,0,355.023,4566,3937,1.380,1,0.540,2,0,75.005,0,0,11,7,0,19,2
16-01 13:49:50,41.481,4.498,53.475,0,0,1284688,1299496,168416,5179796,12368.233,3739.257,0,1011.528,0,45.979,2875,1593,1.380,1,0.540,2,0,1.999,0,0,11,4,0,19,0
16-01 13:49:51,40.175,5.240,52.403,0.749,0,1271332,1311740,168480,5180840,16312.672,3718.087,0,7913.288,0,414.230,4148,3346,1.430,1.020,0.550,2,0,42.920,0,0,11,5,0,19,0
16-01 13:49:52,44.494,5.999,48.743,0,0,1317404,1259256,168612,5186328,8230.898,1887.747,0,1555.792,0,30.996,3037,1579,1.430,1.020,0.550,2,0,3.999,0,0,11,4,0,19,0
16-01 13:49:53,34.089,11.280,53.891,0.501,0,1278768,1290252,169088,5192144,15900.726,4737.432,0,1307.431,0,21.055,4492,3150,1.430,1.020,0.550,3,0,256.674,0,0,11,4,0,19,0
16-01 13:49:54,32.752,24.252,41.253,0,0,1282476,1285448,169180,5193288,7766.523,1620.109,0,132.009,0,13.001,14236,21439,1.430,1.020,0.550,3,0,526.035,0,0,11,4,0,19,0
16-01 13:49:55,47.964,20.235,30.227,0,0,1294564,1272880,169232,5193708,9978.485,1618.781,0,171.871,0,2.998,13958,23076,1.430,1.020,0.550,5,0,241.818,0,0,11,5,0,19,0
16-01 13:49:56,65.504,9.751,24.752,0,0,1294140,1287988,169264,5180728,9226.617,1620.108,0,2008.134,0,14.001,3826,1600,1.560,1.050,0.560,3,0,26.002,0,0,11,5,0,19,0
16-01 13:49:57,55.857,8.478,34.661,0,0,1319584,1262092,169268,5181172,6848.441,1561.995,0,319.182,0,22.941,3451,1606,1.560,1.050,0.560,2,0,49.872,0,0,11,5,0,19,0
16-01 13:49:58,36.023,10.006,53.283,0.250,0,1347096,1232256,169328,5183372,9392.902,1621.019,0,16966.661,0,158.099,4329,5080,1.560,1.050,0.560,0,0,118.074,0,0,11,4,0,19,0
16-01 13:49:59,7.750,2.750,88.502,0,0,1380104,1199244,169332,5183372,50663.097,1512.033,0,388.008,0,25.001,1962,1448,1.560,1.050,0.560,1,0,23.000,0,0,11,4,0,19,0
16-01 13:50:00,22.487,3.498,73.459,0,0,1442304,1137040,169332,5183376,6737.232,1619.094,0,35.980,0,0.999,1826,1278,1.560,1.050,0.560,1,0,0,0,0,11,4,0,19,0
16-01 13:50:01,23.762,1.751,73.788,0,0,1452056,1127088,169332,5183576,11243.769,1620.832,0,0,0,0,1798,1092,1.510,1.050,0.560,1,0,0,0,0,11,6,0,19,0
16-01 13:50:02,20.758,5.252,71.276,1.250,0,1393200,1185828,169400,5183624,62018.012,1706.633,0,4009.488,0,336.125,5265,5711,1.510,1.050,0.560,1,0,44.016,0,0,11,4,0,21,0
16-01 13:50:03,22.763,3.002,72.791,0.750,0,1361112,1217308,169672,5183904,11273.294,1620.905,372.208,11702.534,20.011,33.018,1951,1214,1.510,1.050,0.560,1,0,0,0,0,11,4,0,21,0
16-01 13:50:04,17.479,2.747,76.409,2.747,0,1377532,1200716,169676,5184004,13233.311,5764.166,91.891,4534.624,22.973,143.829,2883,2832,1.510,1.050,0.560,1,0,2.996,0,0,11,17,0,15,0
16-01 13:50:05,17.002,5.501,73.759,2.000,0,1343004,1234948,169712,5184224,21701.638,5759.700,176.021,1040.126,43.005,19.002,2652,2022,1.510,1.050,0.560,1,0,45.005,0,0,11,28,0,16,0
16-01 13:50:06,18.758,2.751,77.782,0,0,1359204,1218740,169712,5184228,11984.004,3956.652,0,0,0,0,1828,1356,1.470,1.050,0.570,1,0,0,0,0,11,29,0,16,0
16-01 13:50:07,22.242,8.497,68.726,0,0,1362900,1215020,169712,5184252,12032.829,6068.896,0,11.996,0,2.999,3436,2669,1.470,1.050,0.570,2,0,155.946,0,0,11,28,0,17,0
16-01 13:50:08,40.542,6.757,52.054,0,0,1423724,1154184,169712,5184256,24450.561,5631.888,0,22911.952,0,89.093,3258,1557,1.470,1.050,0.570,0,0,0,0,0,11,30,0,17,0
16-01 13:50:09,33.220,4.246,61.196,0,0,1439980,1137592,169712,5184592,24483.254,15929.851,0,651.421,0,18.983,5923,7947,1.470,1.050,0.570,2,0,0,0,0,11,29,0,18,0
16-01 13:50:10,59.896,26.314,13.784,0.251,0,1493140,1084376,169720,5184636,7584.541,2222.433,0,252.618,0,25.061,5872,5041,1.470,1.050,0.570,6,0,579.416,0,0,11,28,0,18,0
16-01 13:50:11,86.997,12.999,0.250,0,0,1699224,878268,169720,5184652,26837.922,12033.517,0,483.981,0,5.000,5350,3093,1.830,1.130,0.600,4,0,0,0,0,11,32,0,18,0
16-01 13:50:12,84.247,7.500,7.000,0,0,1739208,838032,169728,5184892,39499.527,32738.779,0,523.980,0,42.998,8846,12808,1.830,1.130,0.600,4,0,1.000,0,0,11,31,0,20,0
16-01 13:50:13,36.888,15.204,48.353,0,0,1509124,1068076,169744,5185088,10903.819,5436.456,0,430.689,0,35.891,4988,5202,1.830,1.130,0.600,2,0,323.017,0,0,11,28,0,23,0
16-01 13:50:14,23.489,3.498,71.716,0,0,1499496,1077692,169748,5184924,18607.175,5478.402,0,183.913,0,9.995,2897,10378,1.830,1.130,0.600,2,0,21.990,0,0,11,29,0,24,0
16-01 13:50:15,15.505,6.252,76.524,0.500,0,1472924,1104116,169756,5185064,11218.586,4488.435,0,604.193,0,44.014,3340,3430,1.830,1.130,0.600,2,0,68.022,0,0,11,28,0,25,0
16-01 13:50:16,19.755,2.751,76.768,0,0,1464676,1112364,169756,5185064,43876.275,3590.841,0,0,0,0,1769,1172,1.770,1.130,0.600,0,0,0,0,0,11,29,0,23,0
16-01 13:50:17,17.536,3.758,77.911,0,0,1415816,1161184,169768,5185092,14514.988,6745.937,0,172.356,0,21.043,3341,3691,1.770,1.130,0.600,2,0,35.072,0,0,11,28,0,24,0
16-01 13:50:18,10.009,27.026,59.056,3.003,0,1404148,1172836,169772,5185108,43340.049,1621.536,0,76160.133,0,622.590,7784,5413,1.770,1.130,0.600,3,0,650.616,0,0,11,28,0,24,0
16-01 13:50:19,73.006,24.002,2.750,0,0,1542768,1034208,169772,5185136,8367.654,1620.127,0,3492.273,0,134.010,5610,3691,1.770,1.130,0.600,5,0,353.028,0,0,11,28,0,24,0
16-01 13:50:20,77.951,8.744,12.742,0,0,1668260,908760,169772,5185160,26293.340,23065.385,0,771.511,0,47.970,5179,4810,1.770,1.130,0.600,4,0,0,0,0,11,33,0,24,0
16-01 13:50:21,71.821,10.474,16.958,0.249,0,1561312,1015376,169792,5185472,36872.185,29481.588,0,502.748,0,67.831,9957,15464,1.700,1.130,0.600,6,0,146.635,0,0,11,28,0,25,0
16-01 13:50:22,79.232,20.059,0.251,0,0,1603452,973216,169800,5185484,8563.047,1570.594,0,236.692,0,13.038,5195,3484,1.700,1.130,0.600,6,0,164.481,0,0,11,28,0,25,0
16-01 13:50:23,87.255,8.750,4.250,0,0,1742800,833700,169800,5185648,30620.695,24275.344,0,140.008,0,9.000,5727,4878,1.700,1.130,0.600,6,0,0,0,0,11,34,0,25,0
16-01 13:50:24,79.505,13.501,6.250,0.250,0,1662092,914148,169812,5185896,49530.358,41047.783,0,24201.641,0,114.008,8824,16055,1.700,1.130,0.600,3,0,168.011,0,0,11,29,0,30,0
16-01 13:50:25,49.365,10.471,39.891,0,0,1534052,1042172,169812,5185912,14762.662,4183.569,0,303.172,0,21.940,3954,2925,1.700,1.130,0.600,1,0,129.646,0,0,11,29,0,30,0
16-01 13:50:26,34.595,5.515,59.163,0,0,1499948,1076220,169824,5185936,22945.200,11279.067,0,200.552,0,18.050,3755,3703,1.650,1.120,0.600,3,0,44.122,0,0,11,29,0,31,0
16-01 13:50:27,64.322,19.446,15.457,0,0,1495752,1080368,169824,5185984,20400.650,8382.845,0,231.361,0,18.948,5994,5793,1.650,1.120,0.600,3,0,339.063,0,0,11,28,0,32,0
16-01 13:50:28,51.829,5.008,42.314,0,0,1563080,1013008,169828,5186012,26700.576,19196.172,0,156.237,0,8.012,4462,4646,1.650,1.120,0.600,2,0,0,0,0,11,31,0,31,0
16-01 13:50:29,58.072,18.773,23.029,0.250,0,1492784,1083208,169860,5186076,23096.688,12311.292,0,568.706,0,45.056,7127,8475,1.650,1.120,0.600,4,0,258.321,0,0,11,28,0,32,0
16-01 13:50:30,73.493,7.749,17.998,0,0,1605652,970324,169860,5186092,28857.070,15532.423,0,147.985,0,7.999,4879,2845,1.650,1.120,0.600,3,0,0,0,0,11,32,0,32,0
16-01 13:50:31,65.501,8.500,25.250,0.250,0,1582288,993252,169876,5186512,37552.694,27985.517,0,432.008,0,50.001,8646,12534,1.680,1.140,0.610,6,0,109.002,0,0,11,28,0,35,0
16-01 13:50:32,62.755,16.751,20.002,0,0,1536908,1038612,169876,5186532,8742.726,1620.135,0,240.020,0,13.001,4288,2454,1.680,1.140,0.610,3,0,216.018,0,0,11,28,0,31,0
16-01 13:50:33,46.472,4.497,47.721,0,0,1545600,1029884,169876,5186568,27570.356,21306.138,0,183.889,0,10.993,4888,5358,1.680,1.140,0.610,1,0,0,0,0,11,31,0,31,0
16-01 13:50:34,55.278,17.259,26.263,0.250,0.250,1493508,1081900,169900,5186620,20237.390,10828.560,0,1576.810,0,87.045,6750,7586,1.680,1.140,0.610,4,0,299.154,0,0,11,28,0,33,0
16-01 13:50:35,55.412,5.741,38.189,0,0,1570680,1004592,169900,5186756,19527.056,13277.959,0,0,0,0,3696,2459,1.680,1.140,0.610,3,0,0,0,0,11,31,0,33,0
16-01 13:50:36,54.789,12.759,32.023,0,0,1550304,1024760,169900,5186964,22495.012,17818.684,0,200.142,0,18.013,6941,8790,1.700,1.150,0.620,4,0,237.169,0,0,11,28,0,36,0
16-01 13:50:37,64.364,9.979,25.197,0,0,1535144,1039920,169900,5186964,11949.785,4576.344,0,215.545,0,11.975,3851,1912,1.700,1.150,0.620,1,0,49.895,0,0,11,30,1,33,0
16-01 13:50:38,48.276,4.502,46.024,0.250,0,1539816,1034908,169980,5187224,30672.235,24179.799,0,3241.716,0,207.110,7565,10080,1.700,1.150,0.620,3,0,0,0,0,11,28,0,35,0
16-01 13:50:39,62.903,13.032,23.557,0.251,0,1493024,1081688,169980,5187236,5883.356,1623.963,0,168.411,0,10.024,4330,2249,1.700,1.150,0.620,3,0,112.274,0,0,11,28,0,35,0
16-01 13:50:40,48.367,5.236,45.375,0,0,1524276,1050268,169980,5187404,27145.216,20369.881,0,2872.087,0,113.687,5202,5360,1.700,1.150,0.620,2,0,0,0,0,11,31,0,35,0
16-01 13:50:41,59.645,24.309,15.538,0.251,0.251,1496972,1077456,170020,5187480,13339.443,8461.579,0,1202.926,0,101.246,6892,7733,1.890,1.200,0.640,6,0,511.243,0,0,11,28,0,37,0
16-01 13:50:42,81.773,18.005,0,0,0,1642688,931708,170020,5187512,11084.054,5466.506,0,12.003,0,3.001,5841,4887,1.890,1.200,0.640,6,0,392.108,0,0,11,29,0,37,0
16-01 13:50:43,81.661,17.231,1.998,0,0,1733940,840380,170032,5187580,35567.251,27820.690,0,359.608,0,17.980,7186,7326,1.890,1.200,0.640,5,0,420.542,0,0,11,33,0,37,0
16-01 13:50:44,76.593,21.026,1.252,0,0,1718928,855092,170064,5187848,40898.919,35129.878,0,849.036,0,54.066,8750,10925,1.890,1.200,0.640,7,0,432.528,0,0,11,28,0,38,0
16-01 13:50:45,84.990,14.498,0.500,0,0,1658652,915356,170072,5187852,12866.467,5576.335,0,1663.802,0,129.985,5621,3395,1.890,1.200,0.640,6,0,99.988,0,0,11,29,0,38,0
16-01 13:50:46,78.982,8.248,12.997,0,0,1682204,891608,170076,5188044,74334.777,33311.282,0,131.969,0,7.998,7226,9681,2.220,1.280,0.670,4,0,2.999,0,0,11,32,0,39,0
16-01 13:50:47,49.015,20.757,29.009,0,0,1445036,1128564,170076,5188260,31989.045,22641.109,0,16.005,0,4.001,8144,11561,2.220,1.280,0.670,2,0,562.177,0,0,11,28,0,43,0
16-01 13:50:48,29.464,32.710,36.955,0,0,1482948,1090604,170076,5188308,41773.205,1618.033,0,51.937,0,12.984,6556,5696,2.220,1.280,0.670,6,0,837.981,0,0,11,28,0,43,0
16-01 13:50:49,75.746,14.999,8.999,0,0,1578912,994624,170076,5188324,14451.175,7889.549,0,1811.897,0,38.998,4910,3089,2.220,1.280,0.670,4,0,197.989,0,0,11,30,0,41,0
16-01 13:50:50,62.323,7.759,29.534,0,0,1582416,991096,170076,5188396,33439.953,24985.104,0,472.550,0,39.045,6535,9502,2.220,1.280,0.670,4,0,72.084,0,0,11,30,0,43,0
16-01 13:50:51,77.503,17.251,4.750,0.250,0,1539440,1034028,170088,5188428,13243.448,4764.161,0,400.014,0,42.001,5900,4851,2.360,1.330,0.680,4,0,196.007,0,0,11,28,0,45,0
16-01 13:50:52,65.935,6.743,26.224,0,0,1592128,981172,170092,5188592,32189.377,26574.892,0,159.843,0,8.991,5533,6610,2.360,1.330,0.680,3,0,0.999,0,0,11,32,0,45,0
16-01 13:50:53,53.428,6.491,39.697,0,0,1594352,978652,170104,5188876,50179.627,39726.662,0,239.678,0,18.975,11769,19192,2.360,1.330,0.680,3,0,0,0,0,11,31,0,45,0
16-01 13:50:54,73.835,16.269,9.761,0.250,0,1528440,1044364,170124,5189056,22347.694,12127.944,0,436.502,0,46.053,7640,8691,2.360,1.330,0.680,5,0,120.138,0,0,11,28,0,45,0
16-01 13:50:55,73.323,8.008,18.268,0,0,1595880,976848,170124,5189116,27031.865,17293.187,0,1241.234,0,13.013,4784,3739,2.360,1.330,0.680,4,0,0,0,0,11,32,0,45,0
16-01 13:50:56,52.481,5.998,39.486,0,0,1597380,975084,170128,5189376,49571.348,38116.427,0,167.940,0,7.997,11093,17712,2.410,1.350,0.700,3,0,0,0,0,11,32,0,45,0
16-01 13:50:57,63.226,15.494,20.492,0,0,1543152,1029088,170128,5189600,35163.451,25825.050,0,111.957,0,8.997,9051,12160,2.410,1.350,0.700,4,0,204.921,0,0,11,28,0,49,0
16-01 13:50:58,79.019,11.503,9.252,0,0,1581856,990372,170128,5189612,14482.502,9477.292,0,124.030,0,8.002,4716,2288,2.410,1.350,0.700,2,0,55.013,0,0,11,31,0,49,0
16-01 13:50:59,63.485,7.248,28.243,0,0,1584804,987332,170132,5189700,36639.072,30712.516,0,107.974,0,7.998,7972,11917,2.410,1.350,0.700,4,0,9.998,0,0,11,31,0,50,0
16-01 13:51:00,74.325,14.264,11.011,0,0,1560912,1011000,170160,5189896,22772.839,16819.869,0,476.478,0,39.039,7502,9655,2.410,1.350,0.700,4,0,118.118,0,0,11,28,0,51,0
16-01 13:51:01,74.495,8.249,17.249,0,0,1590256,981604,170188,5189920,20737.677,13863.116,0,347.978,0,35.998,4925,3668,2.540,1.400,0.710,2,0,0,0,0,11,31,0,52,0
16-01 13:51:02,66.859,12.474,18.960,0.249,0,1599972,971684,170212,5190100,28601.767,21583.547,0,267.437,0,22.952,6789,9476,2.540,1.400,0.710,4,0,120.746,0,0,11,30,0,53,0
16-01 13:51:03,67.600,9.013,24.036,0,0,1587468,984104,170216,5190180,39264.998,30354.837,0,152.225,0,11.016,6219,10901,2.540,1.400,0.710,3,0,72.107,0,0,11,30,0,55,0
16-01 13:51:04,75.538,15.258,8.504,0,0,1548500,1022868,170232,5190368,19450.779,12388.228,0,244.123,0,21.011,5781,6658,2.540,1.400,0.710,3,0,156.078,0,0,11,31,0,57,0
16-01 13:51:05,72.203,8.495,18.738,0.250,0,1604004,967188,170240,5190500,26462.882,19511.379,0,187.878,0,13.991,5385,5845,2.540,1.400,0.710,4,0,2.998,0,0,11,34,0,55,0
16-01 13:51:06,68.762,12.252,18.503,0,0,1628508,942596,170264,5190564,26735.558,19759.369,0,420.072,0,53.009,6507,8130,2.660,1.440,0.730,3,0,68.012,0,0,11,33,0,57,0
16-01 13:51:07,58.859,10.724,30.178,0,0,1585328,985732,170268,5190600,18431.765,14070.233,0,371.109,0,33.919,5031,4790,2.660,1.440,0.730,3,0,137.670,0,0,11,33,0,59,0
16-01 13:51:08,52.236,11.997,34.991,0,0,1557404,1013640,170272,5190612,13015.621,8229.864,0,231.940,0,19.995,4462,4051,2.660,1.440,0.730,3,0,119.969,0,0,11,33,0,60,0
16-01 13:51:09,53.907,8.776,36.857,0,0,1577384,993468,170272,5190800,24395.078,16091.886,0,224.655,0,18.053,4517,4864,2.660,1.440,0.730,4,0,96.281,0,0,11,34,0,60,0
16-01 13:51:10,53.615,9.227,37.157,0,0,1517420,1053364,170280,5190860,25711.381,17733.431,0,199.499,0,11.970,5788,6950,2.660,1.440,0.730,4,0,85.784,0,0,11,33,0,62,0
16-01 13:51:11,56.127,10.023,33.325,0,0,1492264,1078460,170280,5190916,15311.662,8025.167,0,244.554,0,18.041,4475,3910,2.680,1.470,0.750,2,0,86.195,0,0,11,33,0,63,0
16-01 13:51:12,32.001,3.750,63.002,0,0,1500672,1069932,170280,5191032,28590.761,20517.546,0,268.007,0,17.000,5794,7690,2.680,1.470,0.750,1,0,1.000,0,0,11,33,0,63,1
16-01 13:51:13,35.413,11.970,51.623,0.249,0,1482636,1087964,170280,5191036,14937.127,3566.197,0,259.360,0,23.941,4293,3470,2.680,1.470,0.750,2,0,134.668,0,0,11,32,0,58,0
16-01 13:51:14,41.990,6.249,50.738,0,0,1532256,1038332,170284,5191044,21140.186,11822.308,0,143.967,0,9.998,3619,14961,2.680,1.470,0.750,1,0,35.992,0,0,11,34,0,59,0
16-01 13:51:15,35.365,9.280,54.678,0.251,0,1454048,1116204,170288,5191376,14150.155,9055.537,0,814.657,0,54.177,5425,6226,2.680,1.470,0.750,2,0,125.409,0,0,11,32,0,61,0
16-01 13:51:16,39.883,6.481,53.094,0,0,1519224,1051004,170292,5191392,47934.597,6454.096,0,4259.524,0,161.527,3237,2163,2.630,1.480,0.750,2,0,12.962,0,0,11,33,0,61,0
16-01 13:51:17,32.576,7.267,59.389,0.251,0,1506548,1063656,170292,5191416,21271.768,11197.197,0,196.460,0,20.047,3937,4359,2.630,1.480,0.750,2,0,60.141,0,0,11,33,0,62,0
16-01 13:51:18,37.670,5.488,55.881,0,0,1513548,1056632,170300,5191428,45201.797,6209.784,0,243.482,0,21.953,3382,2546,2.630,1.480,0.750,2,0,4.989,0,0,11,33,0,60,0
16-01 13:51:19,37.581,3.508,57.875,0,0,1515872,1054276,170300,5191460,24163.292,15800.193,0,112.243,0,8.017,4365,5148,2.630,1.480,0.750,2,0,0,0,0,11,33,0,61,0
16-01 13:51:20,36.673,8.732,53.637,0,0,1459056,1111060,170304,5191492,13429.725,7087.079,0,546.849,0,68.855,4682,4711,2.630,1.480,0.750,2,0,47.899,0,0,11,32,0,62,0
16-01 13:51:21,36.720,3.747,58.701,0,0,1524040,1045940,170304,5191636,18881.326,11819.188,0,147.877,0,10.991,3439,2968,2.580,1.490,0.760,1,0,0,0,0,11,34,0,62,0
16-01 13:51:22,30.101,11.288,56.941,0.502,0,1489244,1080624,170320,5191732,23084.556,13668.923,0,409.375,0,35.118,6624,8020,2.580,1.490,0.760,6,0,263.887,0,0,11,32,0,63,0
16-01 13:51:23,21.434,4.735,73.274,0,0,1445024,1124840,170324,5191732,5243.850,1615.026,0,151.533,0,7.975,2023,1465,2.580,1.490,0.760,2,0,19.939,0,0,11,32,0,63,0
16-01 13:51:24,16.793,1.754,79.954,0,0,1450324,1119520,170324,5191748,17984.880,9789.974,0,136.348,0,8.020,2871,3232,2.580,1.490,0.760,1,0,0,0,0,11,33,0,63,0
16-01 13:51:25,12.721,11.972,73.830,0.249,0,1405168,1164636,170344,5191768,9796.404,3994.786,0,854.030,0,69.839,4651,4112,2.580,1.490,0.760,2,0,283.346,0,0,11,32,0,64,0
16-01 13:51:26,22.251,4.250,73.254,0,0,1425516,1144280,170344,5191768,9057.457,2146.108,0,1128.057,0,4.000,1908,1195,2.450,1.480,0.760,0,0,6.000,0,0,11,33,0,59,0
16-01 13:51:27,16.997,2.000,79.987,0,0,1427724,1142040,170348,5191792,19382.895,11661.132,0,135.978,0,6.999,3152,3826,2.450,1.480,0.760,1,0,0,0,0,11,32,0,60,0
16-01 13:51:28,19.499,5.750,73.746,0,0,1401668,1168096,170348,5191792,8533.545,1619.914,0,4.000,0,1.000,2274,1558,2.450,1.480,0.760,1,0,45.998,0,0,11,32,0,60,0
16-01 13:51:29,18.528,2.003,78.620,0,0,1406060,1163696,170348,5191800,12939.800,7341.233,0,80.123,0,4.006,2211,2093,2.450,1.480,0.760,1,0,0,0,0,11,33,0,60,0
16-01 13:51:30,18.513,3.502,76.555,0.250,0,1372340,1197240,170356,5191968,16546.796,10147.234,0,284.203,0,34.024,4650,5882,2.450,1.480,0.760,1,0,32.023,0,0,11,32,0,57,0
16-01 13:51:31,11.255,24.260,63.776,0.250,0,1377028,1192364,170376,5192132,5411.219,1620.665,0,2052.842,0,122.050,6751,5555,2.250,1.450,0.760,3,0,567.233,0,0,11,32,0,59,0
16-01 13:51:32,42.883,6.981,48.368,0,0,1476184,1092824,170408,5192480,10852.484,1615.606,0,1898.836,0,146.601,3414,1832,2.250,1.450,0.760,2,0,29.919,0,0,11,32,0,59,0
16-01 13:51:33,40.866,5.766,46.131,7.521,0,1530172,1032412,170996,5197736,8843.136,1624.618,0,17758.478,0,1708.857,11602,15766,2.250,1.450,0.760,2,1,89.254,0,0,11,36,0,59,0
16-01 13:51:34,36.490,8.998,40.739,12.497,0,1536932,1021612,171860,5200804,9245.511,1619.564,0,47691.159,0,4134.887,22189,31475,2.250,1.450,0.760,4,1,75.980,0,0,11,36,0,54,0
16-01 13:51:35,43.416,6.737,44.913,3.244,0,1542612,1016136,172100,5200340,7358.688,1455.170,0,19386.296,0,1537.011,9904,12199,2.250,1.450,0.760,2,0,12.975,0,0,11,32,0,54,0
16-01 13:51:36,43.305,5.257,46.809,3.755,0,1550800,1007596,172204,5200552,8860.179,1622.047,0,6848.641,0,1086.371,8237,12534,2.230,1.460,0.760,3,0,2.003,0,0,11,34,0,54,0
16-01 13:51:37,35.930,9.981,48.655,4.741,0,1494384,1063448,172436,5200852,5414.435,1616.845,0,15326.096,0,1813.462,11543,17905,2.230,1.460,0.760,2,0,99.805,0,0,11,32,0,54,0
16-01 13:51:38,22.061,4.763,71.698,1.003,0,1484744,1073032,172492,5200852,7286.077,1624.476,0,12883.502,0,669.846,2900,4272,2.230,1.460,0.760,1,0,1.003,0,0,11,32,0,51,0
16-01 13:51:39,22.465,2.496,73.884,0,0,1532000,1025748,172492,5200876,7896.644,1617.469,0,67.894,0,8.986,1822,1246,2.230,1.460,0.760,1,0,1.997,0,0,11,32,0,51,0
16-01 13:51:40,22.228,3.497,72.929,0.500,0,1481352,1076380,172508,5200876,11765.605,1618.433,0,1194.843,0,77.925,2091,1665,2.230,1.460,0.760,1,0,0.999,0,0,11,32,0,51,0
16-01 13:51:41,22.545,3.507,73.899,0,0,1471180,1086540,172508,5200888,10480.148,1623.276,0,0,0,0,1852,1143,2.140,1.450,0.760,2,0,3.006,0,0,11,32,0,51,0
16-01 13:51:42,22.452,2.994,73.094,0,0,1528708,1029012,172508,5200888,9219.357,1616.556,0,0,0,0,1950,1395,2.140,1.450,0.760,1,0,0.998,0,0,11,32,0,47,0
16-01 13:51:43,22.761,3.252,73.787,0,0,1509684,1047952,172508,5200960,7052.526,1458.729,0,0,0,0,1867,1204,2.140,1.450,0.760,1,0,3.002,0,0,11,32,0,47,0
16-01 13:51:44,21.995,3.499,73.482,0,0,1518272,1039364,172508,5200960,10587.354,1619.595,0,0,0,0,1810,1228,2.140,1.450,0.760,1,0,2.000,0,0,11,32,0,47,0
16-01 13:51:45,23.005,3.001,73.516,0,0,1493956,1063592,172508,5201048,7913.710,1620.350,0,4.001,0,1.000,1852,1214,2.140,1.450,0.760,1,0,1.000,0,0,11,32,0,47,0
16-01 13:51:46,21.734,3.747,73.195,0,0,1474076,1083392,172516,5201084,40070.697,1618.776,0,339.743,0,14.989,2092,1745,2.040,1.450,0.770,2,0,0.999,0,0,11,32,0,46,0
16-01 13:51:47,22.510,3.001,73.532,0.250,0,1484856,1072612,172516,5201084,9749.243,1662.724,0,568.247,0,75.033,1918,1348,2.040,1.450,0.770,1,0,0,0,0,11,32,0,46,0
16-01 13:51:48,23.012,3.002,73.538,0,0,1460408,1097040,172516,5201104,43869.504,1620.831,0,0,0,0,1869,1080,2.040,1.450,0.770,1,0,3.002,0,0,11,32,0,46,0
16-01 13:51:49,21.988,3.998,73.459,0,0,1460796,1096644,172516,5201112,5694.825,1619.097,0,0,0,0,1780,1378,2.040,1.450,0.770,1,0,0,0,0,11,32,0,46,0
16-01 13:51:50,22.017,3.753,73.556,0,0,1463260,1094160,172516,5201132,10348.946,1621.245,0,0,0,0,1832,1265,2.040,1.450,0.770,1,0,1.001,0,0,11,32,0,40,0
16-01 13:51:51,22.979,2.498,73.433,0,0,1498296,1059112,172516,5201144,8043.666,1456.672,0,1794.364,0,231.789,2038,1122,1.960,1.440,0.770,1,0,1.998,0,0,11,32,0,40,0
16-01 13:51:52,10.024,19.295,70.165,0,0,1439280,1117968,172516,5201288,9649.637,1718.030,0,665.561,0,8.019,5771,4317,1.960,1.440,0.770,1,0,421.990,0,0,11,32,0,40,0
16-01 13:51:53,8.505,21.262,69.288,0,0,1398000,1159164,172516,5201332,8005.413,1620.894,0,628.346,0,10.006,5891,4363,1.960,1.440,0.770,1,0,418.231,0,0,11,32,0,40,0
16-01 13:51:54,8.481,20.952,69.341,0,0,1402468,1154660,172516,5201364,6875.192,1616.284,0,87.798,0,0.998,6479,5113,1.960,1.440,0.770,1,0,533.773,0,0,11,32,0,37,0
16-01 13:51:55,22.276,3.754,73.836,0,0,1465812,1091296,172516,5201380,10929.797,1621.899,0,0,0,0,1949,1389,1.960,1.440,0.770,2,0,0,0,0,11,32,0,37,0
16-01 13:51:56,22.703,2.994,73.098,0,0,1414024,1143076,172520,5201396,8553.261,1616.647,0,610.733,0,15.967,2051,1591,1.880,1.430,0.770,2,0,2.994,0,0,11,32,0,37,0
16-01 13:51:57,22.014,3.502,73.548,0,0.250,1482352,1074768,172520,5201376,6654.302,1621.048,0,364.235,0,24.016,1872,1418,1.880,1.430,0.770,2,0,0,0,0,11,32,0,37,0
16-01 13:51:58,22.800,3.007,74.163,0,0,1471656,1085456,172520,5201384,12034.524,1623.578,0,20.044,0,1.002,1924,1277,1.880,1.430,0.770,1,0,3.007,0,0,11,32,0,33,0
16-01 13:51:59,21.944,3.740,73.562,0,0,1469388,1087724,172520,5201384,9769.039,1454.284,0,0,0,0,1844,1216,1.880,1.430,0.770,2,0,1.995,0,0,11,32,0,33,0
16-01 13:52:00,22.760,2.751,73.783,0,0,1438176,1118944,172520,5201376,9562.306,1620.730,0,12.005,0,1.000,1853,1214,1.880,1.430,0.770,2,0,1.000,0,0,11,32,0,33,0
16-01 13:52:01,22.501,3.250,73.753,0,0,1498112,1059004,172524,5201376,6332.300,1620.077,0,36.002,0,1.000,1837,1208,1.810,1.420,0.770,1,0,2.000,0,0,11,32,0,33,0
16-01 13:52:02,23.249,3.250,73.495,0,0,1498504,1058604,172524,5201384,6035.619,1619.898,0,27.998,0,2.000,1819,1209,1.810,1.420,0.770,2,0,2.000,0,0,11,32,0,33,0
16-01 13:52:03,22.501,2.750,73.753,0,0,1535124,1021980,172524,5201388,9064.422,1620.075,0,68.003,0,3.000,1818,1117,1.810,1.420,0.770,2,0,2.000,0,0,11,32,0,29,0
16-01 13:52:04,22.501,3.500,73.754,0,0,1481744,1075372,172524,5201376,7893.452,1620.093,0,12.001,0,1.000,1814,1190,1.810,1.420,0.770,1,0,1.000,0,0,11,32,0,29,0
16-01 13:52:05,22.251,3.000,73.752,0,0.250,1506144,1050968,172524,5201380,8811.273,1620.050,0,0,0,0,1867,1233,1.810,1.420,0.770,2,0,2.000,0,0,11,32,0,29,0
16-01 13:52:06,22.998,3.000,73.244,0.250,0,1466476,1090688,172528,5201324,7589.397,1619.871,0,2303.817,0,20.998,1983,1547,1.750,1.420,0.770,4,0,1.000,0,0,11,32,0,29,0
16-01 13:52:07,23.000,3.000,73.500,0.250,0,1490860,1066248,172528,5201380,9114.956,1619.992,0,471.998,0,30.000,1890,1276,1.750,1.420,0.770,2,0,2.000,0,0,11,32,0,22,0
16-01 13:52:08,22.746,3.000,73.738,0,0,1466732,1090356,172528,5201400,7183.831,1457.763,0,0,0,0,1846,1285,1.750,1.420,0.770,1,0,1.000,0,0,11,32,0,22,0
16-01 13:52:09,22.006,3.251,74.019,0,0,1450536,1106560,172528,5201392,6368.609,1620.409,0,20.005,0,3.001,1846,1258,1.750,1.420,0.770,2,0,1.000,0,0,11,32,0,22,0
16-01 13:52:10,22.747,3.250,73.239,0,0,1477824,1079252,172528,5201412,7472.864,1619.754,0,19.997,0,1.000,1846,1220,1.750,1.420,0.770,1,0,3.000,0,0,11,32,0,22,0
16-01 13:52:11,22.254,3.751,73.764,0,0,1479500,1077596,172528,5201392,12315.332,1620.307,0,0,0,0,1948,1379,1.690,1.410,0.770,2,0,1.000,0,0,11,32,0,16,0
16-01 13:52:12,22.248,3.750,73.744,0,0,1461316,1095760,172528,5201412,7000.392,1619.859,0,19.998,0,1.000,1883,1267,1.690,1.410,0.770,1,0,2.000,0,0,11,32,0,16,0
16-01 13:52:13,22.999,2.750,73.747,0,0,1486796,1070292,172528,5201400,10945.606,1619.942,0,67.998,0,2.000,1867,1182,1.690,1.410,0.770,3,0,2.000,0,0,11,32,0,16,0
16-01 13:52:14,19.273,16.269,63.325,0,0,1425696,1131336,172528,5201456,8655.286,1621.927,0,188.224,0,9.011,5133,11576,1.690,1.410,0.770,2,0,367.437,0,0,11,32,0,17,0
16-01 13:52:15,17.981,8.991,72.425,0,0,1437360,1119652,172528,5201476,9101.604,1618.329,0,51.946,0,2.997,3150,2294,1.690,1.410,0.770,1,0,128.867,0,0,11,32,0,12,0
16-01 13:52:16,24.237,1.999,73.461,0,0,1466060,1090696,172532,5201724,41148.272,1619.145,0,211.888,0,9.995,2025,1450,1.630,1.400,0.770,1,0,0,0,0,11,32,0,12,0
16-01 13:52:17,21.510,3.502,73.785,0.250,0,1449928,1106824,172532,5201728,8852.207,1458.693,0,388.184,0,22.010,1972,1399,1.630,1.400,0.770,1,0,9.004,0,0,11,32,0,12,0
16-01 13:52:18,19.796,9.522,70.161,0,0,1439076,1117548,172532,5201856,44309.846,1623.732,40.092,585.345,2.005,98.226,3573,2466,1.630,1.400,0.770,1,0,203.468,0,0,11,32,0,12,0
16-01 13:52:19,7.739,21.720,69.155,0,0,1423312,1133260,172532,5201888,9268.335,1659.732,0,143.803,0,5.992,6360,4853,1.630,1.400,0.770,1,0,499.318,0,0,11,32,0,9,0
16-01 13:52:20,8.512,22.531,68.595,0,0,1412836,1143696,172532,5201920,6230.656,1622.254,0,204.284,0,4.006,6260,4750,1.630,1.400,0.770,1,0,492.684,0,0,11,32,0,9,0
16-01 13:52:21,9.248,21.496,68.236,0,0,1405896,1150600,172532,5201952,9348.099,1619.671,0,1083.780,0,12.997,6460,5025,1.580,1.400,0.780,1,0,542.890,0,0,11,32,0,9,0
16-01 13:52:22,8.754,21.761,68.284,0,0,1386076,1170388,172532,5201980,7791.879,1620.807,0,1324.659,0,16.008,6371,4921,1.580,1.400,0.780,1,0,522.260,0,0,11,32,0,9,0
16-01 13:52:23,8.485,20.963,68.879,0,0,1378964,1177452,172532,5202012,12157.621,1617.156,0,1010.224,0,10.981,6134,4637,1.580,1.400,0.780,1,0,481.154,0,0,11,32,0,5,0
16-01 13:52:24,9.256,20.514,69.799,0,0,1372952,1183432,172532,5202044,10834.555,1621.130,0,180.126,0,7.005,6040,4426,1.580,1.400,0.780,1,0,432.301,0,0,11,32,0,5,0
16-01 13:52:25,8.003,21.758,69.025,0,0,1365352,1190988,172532,5202080,8520.039,1458.520,0,308.110,0,9.003,6150,4698,1.580,1.400,0.780,2,0,461.164,0,0,11,32,0,5,0
16-01 13:52:26,8.501,23.004,67.261,0,0,1363248,1193048,172536,5202104,10764.838,1620.277,0,216.037,0,24.004,6645,5257,1.530,1.390,0.780,1,0,517.088,0,0,11,32,0,5,0
16-01 13:52:27,16.007,23.511,59.528,0.250,0,1350484,1205700,172568,5202148,8493.934,1620.751,0,1288.597,0,111.051,6996,5809,1.530,1.390,0.780,3,0,584.271,0,0,11,32,0,6,0
16-01 13:52:28,56.128,19.707,23.449,0,0,1484516,1071424,172600,5202360,5608.833,1616.494,0,670.545,0,46.898,5463,4281,1.530,1.390,0.780,3,0,417.095,0,0,11,32,0,11,0
16-01 13:52:29,61.886,8.769,23.552,4.760,0,1602800,946272,172860,5208324,10761.565,1665.647,372.816,13585.749,3.007,1074.353,9362,10486,1.530,1.390,0.780,2,0,47.103,0,0,11,36,0,11,0
16-01 13:52:30,46.236,11.996,29.241,11.497,0,1620620,917096,173812,5217984,8176.587,1619.522,0,70171.291,0,5128.486,23810,38060,1.530,1.390,0.780,3,1,167.950,0,0,11,36,0,13,0
16-01 13:52:31,41.761,9.503,34.509,12.753,0,1619380,907800,174252,5227688,11208.995,3590.960,0,82025.918,0,5932.585,25826,41824,1.890,1.470,0.810,2,1,69.018,0,0,11,37,0,12,0
16-01 13:52:32,44.733,9.247,31.488,11.746,0,1623068,894696,174720,5236352,15131.383,8993.662,0,75979.797,0,5904.808,24942,40415,1.890,1.470,0.810,2,1,36.986,0,0,11,36,0,13,0
16-01 13:52:33,35.000,18.250,28.500,17.500,0,1606056,904840,175308,5242344,5949.921,1457.981,271.996,58379.228,3.000,4043.947,17572,29031,1.890,1.470,0.810,2,1,304.996,0,0,11,34,0,13,0
16-01 13:52:34,46.232,18.493,21.741,11.495,0,1630024,874832,175608,5247832,14895.125,6658.374,99.961,49012.667,2.999,3846.483,21494,32736,1.890,1.470,0.810,1,1,213.916,0,0,11,35,0,13,0
16-01 13:52:35,35.002,12.501,34.502,16.501,0,1634380,867932,175780,5250096,19300.231,11283.720,1800.115,45507.903,35.002,3385.216,19567,29570,1.890,1.470,0.810,7,1,133.008,0,0,11,35,0,11,0
16-01 13:52:36,33.525,11.509,42.282,11.258,0,1577100,922360,175912,5252688,14086.530,6527.880,0,49693.149,0,4196.137,21019,33749,1.980,1.490,0.820,2,0,144.108,0,0,11,34,0,11,0
16-01 13:52:37,36.996,6.749,44.995,10.499,0,1609880,888792,176240,5253136,10304.771,3834.543,0,51869.814,0,4357.480,15813,30441,1.980,1.490,0.820,1,0,29.996,0,0,11,35,0,11,0
16-01 13:52:38,32.502,7.250,45.003,12.501,0,1603556,893872,176504,5254076,18775.220,10736.698,0,56279.657,0,4808.312,23736,37236,1.980,1.490,0.820,2,1,36.002,0,0,11,35,0,11,0
16-01 13:52:39,35.743,8.498,43.491,9.998,0,1512204,983284,176608,5255872,18020.426,10441.929,0,47938.492,0,4071.193,21517,32075,1.980,1.490,0.820,3,0,84.983,0,0,11,34,0,12,0
16-01 13:52:40,38.464,10.490,37.215,12.488,0,1554888,938092,176676,5258248,5384.935,1618.478,0,54264.963,0,4729.552,23719,34016,1.980,1.490,0.820,2,1,78.926,0,0,11,36,0,12,0
16-01 13:52:41,31.030,7.007,47.045,12.262,0,1572112,916908,176784,5261968,12858.361,8472.144,0,48850.961,0,4394.224,22496,34314,2.060,1.520,0.830,3,0,57.055,0,0,11,37,0,12,0
16-01 13:52:42,29.729,7.745,47.966,11.992,0,1566456,918164,176916,5266148,22247.305,13766.288,0,59470.046,0,4997.474,26969,41623,2.060,1.520,0.830,4,1,90.936,0,0,11,37,0,12,0
16-01 13:52:43,37.247,9.999,39.997,10.999,0,1520932,961276,176968,5268392,7529.427,1922.854,0,54459.852,0,4723.640,24448,35116,2.060,1.520,0.830,2,0,92.993,0,0,11,36,0,12,0
16-01 13:52:44,35.514,8.754,43.518,11.255,0,1563400,922232,177008,5264876,14011.648,6663.686,0,51112.603,0,4702.896,23688,34374,2.060,1.520,0.830,6,0,18.007,0,0,11,37,0,12,0
16-01 13:52:45,33.429,6.486,47.150,10.228,0,1562828,923164,177072,5264448,16942.997,11183.236,0,54472.248,0,4344.767,23648,35684,2.060,1.520,0.830,2,0,38.917,0,0,11,35,0,13,0
16-01 13:52:46,29.584,13.288,55.658,1.003,0,1389348,1096580,177072,5264508,49761.867,7157.261,0,9498.890,0,543.539,6411,7207,2.060,1.520,0.840,2,0,267.758,0,0,11,32,0,14,0
16-01 13:52:47,19.443,1.745,77.523,0.249,0,1413500,1072428,177072,5264508,9072.457,3897.597,0,1703.018,0,71.790,1862,1493,2.060,1.520,0.840,1,0,0,0,0,11,33,0,14,0
16-01 13:52:48,19.798,4.511,74.430,0.752,0,1391676,1094228,177072,5264532,49717.171,8184.783,0,3889.401,0,227.550,3978,4643,2.060,1.520,0.840,1,0,34.082,0,0,11,32,0,15,0
16-01 13:52:49,21.690,3.989,73.296,0,0,1404980,1080972,177072,5264528,7832.187,1615.501,0,0,0,0,1880,1221,2.060,1.520,0.840,1,0,0.997,0,0,11,32,0,15,0
16-01 13:52:50,15.787,2.255,80.939,0,0,1390336,1095608,177072,5264536,15023.124,8360.547,0,112.262,0,12.028,2446,2550,2.060,1.520,0.840,1,0,14.033,0,0,11,32,0,16,0
16-01 13:52:51,20.449,5.486,73.318,0,0,1451596,1034348,177072,5264536,8235.609,1454.399,0,155.615,0,10.973,2072,1457,1.970,1.520,0.840,1,0,45.886,0,0,11,32,0,16,0
16-01 13:52:52,16.770,2.253,79.846,0,0,1457824,1027768,177072,5264888,19014.772,10660.767,0,4.005,0,1.001,3014,3535,1.970,1.520,0.840,0,0,1.001,0,0,11,33,0,16,0
16-01 13:52:53,19.246,5.749,73.984,0,0,1442260,1043324,177072,5264896,9994.799,3175.301,0,0,0,0,2647,2138,1.970,1.520,0.840,1,0,42.991,0,0,11,32,0,17,0
16-01 13:52:54,19.493,2.749,75.471,1.250,0,1459144,1026292,177076,5265040,13819.731,7394.181,0,6857.386,0,443.831,3139,3230,1.970,1.520,0.840,0,0,0,0,0,11,33,0,17,0
16-01 13:52:55,14.530,7.265,76.911,0.251,0,1425780,1059556,177076,5265140,15373.213,6754.153,0,994.083,0,54.113,4521,4920,1.970,1.520,0.840,1,0,118.248,0,0,11,32,0,18,0
16-01 13:52:56,11.006,24.263,64.033,0.250,0,1409760,1075476,177080,5265268,5582.917,1620.847,0,824.431,0,43.022,6609,5300,1.890,1.510,0.840,3,0,581.304,0,0,11,32,0,20,0
16-01 13:52:57,63.977,10.996,23.741,0.250,0,1493480,991556,177096,5265452,8956.726,1619.408,0,4002.537,0,251.908,5148,3512,1.890,1.510,0.840,3,0,100.963,0,0,11,32,0,24,0
16-01 13:52:58,67.496,7.500,24.499,0.500,0,1667684,814604,177124,5267980,10640.359,1565.906,0,3119.812,0,129.992,4007,1804,1.890,1.510,0.840,3,0,0,0,0,11,32,0,24,0
16-01 13:52:59,59.631,5.988,28.194,1.497,0.250,1762616,715848,177252,5271296,6003.055,1508.997,0,6403.258,0,228.545,4360,2327,1.890,1.510,0.840,1,0,5.988,0,0,11,36,0,24,0
16-01 13:53:00,6.507,1.502,68.821,1.251,0,1766244,710304,177296,5273068,9414.766,1621.682,0,7135.401,0,534.554,5839,5122,1.890,1.510,0.840,8,0,24.025,0,0,11,38,0,24,0
16-01 13:53:01,34.284,8.759,39.790,13.513,0,1763844,698208,177400,5287000,6968.927,1621.612,0,99494.891,0,7284.240,33591,51943,1.900,1.520,0.840,7,1,258.257,0,0,11,38,0,24,0
16-01 13:53:02,34.514,9.754,37.765,14.256,0,1764884,687428,177480,5296272,8973.579,1620.646,0,107662.939,0,7978.182,37069,59770,1.900,1.520,0.840,1,0,214.085,0,0,11,38,0,24,0
16-01 13:53:03,43.219,11.492,31.477,13.240,0,1657020,785456,177536,5305724,7615.476,1618.826,0,90666.230,0,6395.361,30112,44859,1.900,1.520,0.840,5,0,248.820,0,0,11,36,0,24,0
16-01 13:53:04,46.722,8.745,31.481,10.994,0,1706840,726040,177604,5314912,5662.660,1619.045,0,60688.208,0,4672.244,24512,33763,1.900,1.520,0.840,4,1,75.955,0,0,11,36,0,24,0
16-01 13:53:05,40.844,10.958,32.127,13.449,0.249,1760472,660268,177632,5326568,8969.661,1613.822,0,98861.519,0,6561.879,30362,42801,1.900,1.520,0.840,4,0,22.912,0,0,11,36,0,24,0
16-01 13:53:06,42.421,10.542,32.882,13.053,0,1714160,701784,177664,5331180,7100.586,1626.548,0,85271.297,0,6375.668,29780,43517,2.150,1.570,0.870,2,1,174.703,0,0,11,36,0,24,0
16-01 13:53:07,28.975,11.490,54.202,3.747,0,1456072,959472,177672,5331564,8513.524,1510.673,0,20274.196,0,1401.769,9469,10772,2.150,1.570,0.870,1,0,260.771,0,0,11,32,0,24,0
16-01 13:53:08,22.488,3.498,72.960,0.250,0,1506356,909188,177672,5331564,8219.470,1619.108,0,1491.178,0,85.953,2187,1742,2.150,1.570,0.870,1,0,0.999,0,0,11,32,0,24,0
16-01 13:53:09,23.475,2.997,72.923,0.499,0,1561584,853960,177672,5331564,8791.745,1564.353,0,5062.671,0,340.641,2770,2245,2.150,1.570,0.870,1,0,1.998,0,0,11,32,0,24,0
16-01 13:53:10,22.074,3.763,73.247,0,0,1435980,979556,177672,5331572,7684.901,1625.479,0,160.541,0,12.041,2513,1937,2.150,1.570,0.870,1,0,27.091,0,0,11,32,0,24,0
16-01 13:53:11,21.946,3.242,73.819,0,0,1457148,958388,177672,5331572,7534.508,1616.034,0,39.902,0,3.990,1799,1128,2.060,1.560,0.870,1,0,0.998,0,0,11,32,0,24,0
16-01 13:53:12,23.999,2.250,72.998,0,0,1501096,914440,177672,5331572,6045.827,1619.954,0,115.997,0,16.000,2042,1501,2.060,1.560,0.870,2,0,3.000,0,0,11,34,0,24,0
16-01 13:53:13,16.044,28.578,54.650,0,0,1454388,960960,177680,5331748,8983.621,1624.452,0,830.276,0,44.121,6691,5877,2.060,1.560,0.870,2,0,839.300,0,0,11,32,0,24,0
16-01 13:53:14,14.996,28.993,54.737,0.250,0,1444376,970844,177680,5331832,10462.461,1619.607,0,315.923,0,26.993,7851,11474,2.060,1.560,0.870,1,0,845.795,0,0,11,32,0,25,0
16-01 13:53:15,7.993,19.983,70.691,0,0,1449056,966128,177680,5331868,8099.206,1618.642,0,123.896,0,6.994,5862,4169,2.060,1.560,0.870,2,0,375.685,0,0,11,32,0,25,0
16-01 13:53:16,9.505,21.512,68.288,0,0,1399572,1015572,177680,5331900,43010.672,1512.833,0,36.020,0,9.005,5926,4215,2.050,1.570,0.870,1,0,373.205,0,0,11,32,0,24,0
16-01 13:53:17,17.209,14.964,66.091,0,0,1409496,1005612,177680,5331908,10751.180,1616.119,0,11.971,0,2.993,6021,7409,2.050,1.570,0.870,1,0,223.463,0,0,11,32,0,24,0
16-01 13:53:18,43.117,12.534,44.872,0,0,1488524,926448,177688,5332496,41072.469,1624.409,0,32.087,0,2.005,4003,2577,2.050,1.570,0.870,2,0,131.356,0,0,11,33,0,24,0
16-01 13:53:19,43.704,6.743,48.699,0,0,1574820,840136,177688,5332512,5911.781,1606.310,0,0,0,0,2731,1327,2.050,1.570,0.870,2,0,0,0,0,11,37,0,24,0
16-01 13:53:20,46.153,5.488,47.400,0.249,0,1624216,788940,177760,5333904,6147.021,1616.587,0,3221.199,0,354.252,4206,3210,2.050,1.570,0.870,2,0,18.960,0,0,11,49,0,24,0
16-01 13:53:21,21.300,16.539,61.144,0.251,0,1659828,750616,177764,5336528,10690.233,1623.833,0,348.823,0,15.035,6197,8754,1.970,1.560,0.880,1,0,269.636,0,0,11,48,0,25,0
16-01 13:53:22,16.971,13.227,68.633,0,0,1657696,752692,177764,5336548,6862.264,1617.234,0,175.700,0,12.978,5454,6798,1.970,1.560,0.880,0,0,226.612,0,0,11,48,0,25,0
16-01 13:53:23,0.500,0.500,97.245,0,0,1657696,752692,177764,5336548,8380.572,1619.917,0,1103.944,0,22.999,814,1091,1.970,1.560,0.880,0,0,3.000,0,0,11,48,0,25,0
16-01 13:53:24,0.250,0.500,98.731,0,0,1657076,753312,177764,5336548,7519.545,1565.697,0,63.988,0,3.999,739,978,1.970,1.560,0.880,0,0,1.000,0,0,11,48,0,25,0
16-01 13:53:25,0.750,0.500,98.243,0,0,1657076,753312,177764,5336548,9176.310,1619.878,0,0,0,0,777,935,1.970,1.560,0.880,0,0,3.000,0,0,11,48,0,25,0
16-01 13:53:26,0.750,1.250,97.001,0,0,1648612,761776,177764,5336544,8033.105,1566.021,0,0,0,0,933,999,1.810,1.540,0.870,0,0,7.000,0,0,11,48,0,25,0
16-01 13:53:27,15.508,14.257,69.035,0,0,1645260,765108,177764,5336988,5626.863,1620.825,0,4.002,0,1.001,5795,7072,1.810,1.540,0.870,1,0,282.144,0,0,11,48,0,25,0
16-01 13:53:28,13.031,14.284,71.672,0.251,0,1685256,725064,177764,5336580,9090.816,1569.767,0,2233.359,0,78.188,4852,4601,1.810,1.540,0.870,2,0,270.649,0,0,12,48,0,25,0
16-01 13:53:29,16.943,17.940,63.785,0,0,1672340,737912,177764,5337052,9259.843,1893.628,0,0,0,0,6837,7600,1.810,1.540,0.870,1,0,300.987,0,0,12,48,0,18,0
16-01 13:53:30,10.753,9.752,79.019,0.500,0,1671060,739212,177764,5336612,5793.373,1620.384,0,692.164,0,45.011,3696,3827,1.810,1.540,0.870,1,0,195.046,0,0,12,64,0,18,0
16-01 13:53:31,10.503,12.254,75.522,0,0,1658768,751348,177764,5336764,9169.703,1620.478,0,0,0,0,4789,5252,1.670,1.510,0.870,2,0,204.060,0,0,14,64,0,18,0
16-01 13:53:32,14.533,15.786,68.658,0,0,1662428,747656,177764,5336804,7324.872,1569.615,0,184.425,0,19.044,6194,6780,1.670,1.510,0.870,1,0,326.753,0,0,14,66,0,18,0
16-01 13:53:33,9.250,19.751,69.502,0,0,1639552,770468,177768,5336844,9229.313,1620.055,0,1288.044,0,30.001,5924,4504,1.670,1.510,0.870,1,0,388.013,0,0,14,66,0,15,0
16-01 13:53:34,19.508,15.006,64.776,0,0,1647124,762896,177768,5336852,9277.683,1662.660,0,160.064,0,11.004,6044,7502,1.670,1.510,0.870,1,0,221.088,0,0,14,66,0,15,0
16-01 13:53:35,29.986,23.239,45.728,0.250,0,1734620,675340,177776,5336908,5838.188,1619.220,0,5489.356,0,382.816,7198,5530,1.670,1.510,0.870,2,0,576.722,0,0,14,66,0,15,0
16-01 13:53:36,29.016,26.014,44.024,0,0,1855432,553092,177840,5338208,9209.024,1566.855,0,20.011,0,5.003,7662,9003,1.690,1.520,0.870,2,0,547.299,0,0,14,66,0,15,0
16-01 13:53:37,36.157,21.694,41.393,0,0,1962364,445868,177860,5338744,7334.107,1615.838,0,51.866,0,9.974,6867,7744,1.690,1.520,0.870,16,0,393.985,0,0,14,70,0,17,0
16-01 13:53:38,61.440,21.479,16.983,0,0,2076428,331740,177868,5338908,5712.437,1564.476,0,0,0,0,4662,4018,1.690,1.520,0.870,4,0,423.587,0,0,14,70,0,17,0
16-01 13:53:39,63.112,22.790,13.774,0,0,2169100,238152,177884,5340156,8482.016,1713.033,0,1001.773,0,14.025,6120,7189,1.690,1.520,0.870,3,0,393.697,0,0,14,70,0,17,0
16-01 13:53:40,67.431,22.977,9.990,0,0,2245040,160508,177972,5341132,7261.619,1564.410,0,1374.603,0,35.963,5572,5818,1.690,1.520,0.870,4,0,394.599,0,0,14,70,0,17,0
16-01 13:53:41,63.698,19.408,6.718,8.957,0,2334620,146000,174144,5271916,11586.020,1612.349,748.448,6891.298,72.655,444.889,6871,6809,1.880,1.560,0.890,4,0,325.456,0,0,14,74,0,16,0
16-01 13:53:42,56.898,22.155,8.308,11.329,0,2469364,162296,169996,5128040,7495.495,1631.426,1200.407,11883.224,90.635,1033.236,11856,15606,1.880,1.560,0.890,6,1,289.024,0,0,14,74,0,16,0
16-01 13:53:43,66.396,24.370,4.973,3.730,0,2539396,154956,169716,5067564,6185.975,1611.397,990.711,29510.454,49.734,2116.700,16934,25490,1.880,1.560,0.890,6,0,414.786,0,0,14,76,0,16,0
16-01 13:53:44,73.072,18.331,8.035,0.502,0,2617864,203024,169028,4943688,8819.843,1627.166,273.203,3045.412,16.071,179.792,7858,11674,1.880,1.560,0.890,4,1,237.044,0,0,14,80,0,19,0
16-01 13:53:45,66.964,23.487,8.495,0.999,0,2729784,162436,169040,4874348,7667.916,1619.138,1267.325,1383.263,113.939,76.959,8792,13343,1.880,1.560,0.890,4,0,493.737,0,0,14,93,0,25,0
16-01 13:53:46,55.624,22.550,21.548,0.251,0,2835356,127152,169040,4806368,44178.325,1569.493,392.874,1058.356,33.074,58.129,7053,10880,2.050,1.600,0.910,3,0,411.917,0,0,14,93,0,25,0
16-01 13:53:47,55.458,14.739,26.480,2.248,0,2963008,135136,169044,4673288,12355.540,1564.802,2250.277,5375.884,38.970,279.786,6027,6772,2.050,1.600,0.910,3,0,196.849,0,0,14,96,0,25,0
16-01 13:53:48,55.031,8.755,34.769,0.500,0,3077064,153240,169068,4543736,43788.413,1608.897,332.185,892.498,16.009,62.035,5368,7911,2.050,1.600,0.910,5,0,12.007,0,0,14,101,0,28,0
16-01 13:53:49,8.497,19.993,70.474,0,0.250,3087316,142956,169068,4543772,7796.080,1709.360,0,995.627,0,62.976,6137,4834,2.050,1.600,0.910,1,0,383.856,0,0,14,101,0,25,0
16-01 13:53:50,8.243,19.484,70.941,0.250,0,3087748,142488,169068,4543808,6353.704,1618.651,3.997,135.887,0.999,12.989,5893,4470,2.050,1.600,0.910,1,0,362.698,0,0,14,101,0,25,0
16-01 13:53:51,13.004,14.755,70.774,0,0,3106596,190820,169068,4478036,7011.357,1620.545,0,2916.980,0,12.004,4394,3245,1.880,1.570,0.900,1,0,241.081,0,0,14,101,0,25,0
16-01 13:53:52,18.711,2.495,78.338,0.249,0,3148876,148528,169068,4478048,15470.065,7422.677,7.984,0,0.998,0,2041,1593,1.880,1.570,0.900,1,0,0.998,0,0,14,102,0,25,0
16-01 13:53:53,20.511,5.253,71.538,1.001,0,3130904,166324,169072,4478220,24313.814,18273.631,12.006,5799.056,3.002,308.162,4195,4229,1.880,1.570,0.900,1,0,63.033,0,0,14,103,0,24,0
16-01 13:53:54,21.719,3.994,73.896,0,0,3187592,175448,169072,4413968,10425.312,3210.477,3.994,43.938,0.999,3.994,1923,1280,1.880,1.570,0.900,1,0,0,0,0,14,104,0,24,0
16-01 13:53:55,18.548,2.506,77.701,0.501,0,3185692,177276,169076,4414040,11981.920,6527.845,20.052,653.687,5.013,64.166,2940,3066,1.880,1.570,0.900,1,0,4.010,0,0,14,114,0,24,0
16-01 13:53:56,23.229,5.995,67.689,1.748,0,3188664,172508,169088,4415808,8758.161,1564.600,1414.734,13360.042,45.959,779.302,6616,7653,1.810,1.560,0.900,2,0,2.997,0,0,14,117,0,24,0
16-01 13:53:57,23.234,8.244,67.454,0.250,0,3123968,237148,169088,4415864,9672.357,2719.132,15.989,1726.814,0.999,131.909,5033,5756,1.810,1.560,0.900,1,0,112.922,0,0,14,120,0,19,0
16-01 13:53:58,30.983,5.747,62.216,0,0,3254748,172188,169088,4351620,7929.663,3588.038,7.996,483.735,1.999,31.983,2923,2294,1.810,1.560,0.900,2,1,4.997,0,0,14,127,0,19,0
16-01 13:53:59,19.751,3.000,75.503,0.250,0,3260972,165888,169088,4351696,15286.550,7926.285,0,672.024,0,60.002,2775,2827,1.810,1.560,0.900,0,0,2.000,0,0,14,129,0,19,0
16-01 13:54:00,27.258,4.501,66.268,1.500,0,3288020,138684,169092,4351848,10815.007,3152.877,0,1764.491,0,182.051,5428,7116,1.810,1.560,0.900,2,0,4.001,0,0,14,128,0,20,0
16-01 13:54:01,40.502,11.500,47.252,0,0,3328876,160584,168992,4290516,5860.223,1620.062,0,540.021,0,35.001,3604,2291,1.830,1.570,0.910,2,0,96.004,0,0,14,128,0,20,0
16-01 13:54:02,31.503,4.250,63.756,0.250,0,3375808,177868,168992,4228244,31692.828,23924.135,180.016,396.035,1.000,23.002,2618,1662,1.830,1.570,0.910,3,0,6.001,0,0,14,128,0,21,0
16-01 13:54:03,19.747,6.499,72.488,0,0,3421564,132096,168992,4228260,7014.854,1619.735,0,335.945,0,19.997,2377,1742,1.830,1.570,0.910,1,0,49.992,0,0,14,128,0,21,0
16-01 13:54:04,17.531,2.254,79.390,0,0.250,3349088,204552,168992,4228280,31602.706,24030.358,0,288.509,0,15.026,2145,1567,1.830,1.570,0.910,1,0,18.032,0,0,14,128,0,22,0
16-01 13:54:05,21.459,5.489,73.110,0,0,3412340,141296,168992,4228284,8495.745,1509.113,0,271.481,0,16.968,2094,1457,1.830,1.570,0.910,1,0,32.937,0,0,14,128,0,22,0
16-01 13:54:06,16.807,3.261,79.270,0.502,0,3406300,147284,168992,4228336,12090.133,8077.481,8.027,1268.315,2.007,118.403,3337,3944,1.760,1.560,0.910,2,0,0,0,0,14,129,0,22,0
16-01 13:54:07,18.989,7.246,72.459,0.250,0,3442912,173416,168992,4167164,9747.529,2832.410,0,419.764,0,30.983,2966,2351,1.760,1.560,0.910,1,0,81.954,0,0,14,128,0,23,0
16-01 13:54:08,23.261,3.752,71.034,0.250,0,3468012,148024,168992,4167456,32718.724,23801.439,40.019,652.313,4.002,32.015,5918,9480,1.760,1.560,0.910,1,0,31.015,0,0,14,137,0,27,0
16-01 13:54:09,20.241,5.997,72.967,0.250,0,3446948,169072,168992,4167472,6076.247,1751.207,0,267.879,0,15.993,2466,1720,1.760,1.560,0.910,1,0,54.975,0,0,14,136,0,28,0
16-01 13:54:10,16.456,2.244,80.534,0,0,3455372,160640,168992,4167480,15155.324,8261.826,0,263.293,0,13.963,1892,1528,1.760,1.560,0.910,1,0,0,0,0,14,137,0,28,0
16-01 13:54:11,27.070,5.264,64.166,2.005,0,3454820,160776,168992,4167896,9612.858,2801.244,68.176,7302.884,6.016,648.677,8833,13569,1.700,1.550,0.910,1,0,1.003,0,0,14,139,0,29,1
16-01 13:54:12,20.440,5.484,72.288,0,0,3415692,199900,168992,4167900,9456.308,1681.077,0,3003.206,0,274.197,3131,2194,1.700,1.550,0.910,3,0,53.842,0,0,14,139,0,30,0
16-01 13:54:13,16.753,2.000,80.515,0.250,0,3433068,182512,168992,4167912,17901.427,11409.184,0,408.078,0,25.005,2153,1736,1.700,1.550,0.910,0,0,0,0,0,14,140,0,30,0
16-01 13:54:14,27.258,7.252,63.018,1.000,0,3441440,174060,168996,4167988,6634.916,1837.531,40.012,1840.532,3.001,156.045,5790,15277,1.700,1.550,0.910,1,0,37.011,0,0,14,140,0,31,0
16-01 13:54:15,31.004,8.501,59.007,0.500,0,3384880,230536,168996,4168072,9940.224,2431.299,0,1368.168,0,117.014,6604,8857,1.700,1.550,0.910,1,0,70.009,0,0,14,139,0,32,0
16-01 13:54:16,19.991,1.749,77.217,0,0,3417760,197524,168996,4168204,46621.794,4007.263,0,451.804,0,30.987,1945,1346,1.640,1.540,0.910,1,0,0,0,0,14,140,0,32,0
16-01 13:54:17,19.283,3.756,74.876,1.252,0,3396304,218944,169000,4168248,17473.490,8880.988,16.027,7071.935,1.002,575.972,4635,5226,1.640,1.540,0.910,2,0,26.044,0,0,14,139,0,33,0
16-01 13:54:18,18.976,8.240,71.660,0,0,3455828,159404,169000,4168264,41291.945,1617.960,0,263.668,0,19.975,3012,2344,1.640,1.540,0.910,1,0,120.848,0,0,14,141,0,32,0
16-01 13:54:19,16.526,2.504,80.876,0,0,3466672,148540,169004,4168280,19642.588,12888.069,0,212.331,0,15.023,2112,1797,1.640,1.540,0.910,0,0,0,0,0,14,142,0,32,0
16-01 13:54:20,25.211,5.491,67.145,0.749,0,3462544,152616,169004,4168332,11153.594,1979.910,0,1234.074,0,135.788,5887,7761,1.640,1.540,0.910,1,0,0,0,0,14,142,0,32,0
16-01 13:54:21,35.511,7.502,55.518,0.250,0,3464868,150128,169004,4168464,7982.571,3209.033,32.010,1068.344,2.001,95.031,10803,16925,1.590,1.530,0.910,2,0,4.001,0,0,14,143,0,33,0
16-01 13:54:22,33.046,13.268,52.073,0.501,0,3454584,160056,169004,4168808,7508.455,2040.842,0,1421.980,0,113.158,7553,9662,1.590,1.530,0.910,1,0,287.400,0,0,14,143,0,32,0
16-01 13:54:23,19.186,1.993,77.989,0,0,3480848,133788,169004,4168812,15567.839,8051.025,0,410.624,0,26.910,1907,1382,1.590,1.530,0.910,0,0,0,0,0,14,144,0,32,0
16-01 13:54:24,13.040,15.297,70.966,0,0,3445180,169420,169004,4168848,10700.533,2514.645,0,465.415,0,27.082,5273,4168,1.590,1.530,0.910,3,0,288.878,0,0,14,143,0,33,0
16-01 13:54:25,10.756,20.761,66.536,0.250,0,3397688,216876,169008,4169224,8852.782,1710.924,0,416.225,0,28.015,6909,6348,1.590,1.530,0.910,17,0,413.223,0,0,14,143,0,33,0
16-01 13:54:26,24.260,15.757,59.526,0,0,3396344,218196,169012,4168904,7854.365,1620.694,0,1528.655,0,85.036,5684,5624,1.630,1.540,0.920,2,0,259.111,0,0,14,143,0,33,0
16-01 13:54:27,32.473,22.481,43.964,0.250,0,3448188,166288,169012,4168968,9097.502,1618.666,19.984,3029.503,1.998,347.713,7484,5605,1.630,1.540,0.920,5,0,489.596,0,0,14,143,0,33,0
16-01 13:54:28,31.188,14.471,52.646,0.250,0,3483852,130120,169028,4169396,8730.780,1686.673,11.976,467.079,1.996,25.949,7143,9737,1.630,1.540,0.920,2,0,223.559,0,0,16,149,0,33,0
16-01 13:54:29,57.886,26.061,15.286,0,0,3632236,161996,169040,3994112,6489.194,1665.900,124.291,669.568,12.028,51.120,8086,11727,1.630,1.540,0.920,4,0,580.359,0,0,16,155,0,33,0
16-01 13:54:30,58.035,23.014,18.761,0,0,3729256,150852,168816,3909732,8276.965,1620.972,20.012,3998.398,2.001,229.137,7435,9838,1.630,1.540,0.920,3,0,394.236,0,0,16,163,0,33,0
16-01 13:54:31,45.279,20.649,33.586,0.249,0,3790128,189604,168820,3810532,9412.065,1612.132,11.942,525.436,2.985,30.849,9355,11746,1.660,1.550,0.920,6,0,430.897,0,0,16,171,0,33,0
16-01 13:54:32,33.918,22.863,42.210,0.251,0,3848932,130680,168824,3810700,6512.324,1664.261,0,699.472,0,20.100,7148,5455,1.660,1.550,0.920,2,0,545.709,0,0,16,171,0,33,0
16-01 13:54:33,18.881,15.403,64.592,0.248,0,3861456,162160,168824,3767416,9574.526,1502.510,3.975,878.452,0.994,48.692,6132,7203,1.660,1.550,0.920,3,0,242.469,0,0,17,171,0,33,0
16-01 13:54:34,29.646,23.365,45.474,0.251,0,3911636,164288,168636,3716220,6841.672,1628.013,16.079,381.879,4.020,29.143,7037,6086,1.660,1.550,0.920,2,0,476.344,0,0,17,171,0,33,0
16-01 13:54:35,39.932,18.219,40.930,0,0,3977680,151768,168640,3664444,9814.322,1687.133,11.980,299.491,1.997,17.969,7213,8500,1.660,1.550,0.920,2,0,317.461,0,0,17,177,0,33,0
16-01 13:54:36,36.358,24.071,38.113,0.251,0,4080524,126112,168648,3588628,7004.728,1624.808,172.510,553.638,6.018,30.089,8093,10147,1.760,1.570,0.930,3,0,535.585,0,0,17,183,0,33,0
16-01 13:54:37,29.447,25.205,44.171,0,0.250,4138128,139916,168648,3518680,5657.857,1617.101,15.971,187.664,0.998,14.973,7226,6490,1.760,1.570,0.930,5,0,643.846,0,0,17,185,0,33,0
16-01 13:54:38,16.535,22.798,59.875,0.501,0,4175752,151796,168648,3470824,8127.032,1623.402,20.042,793.663,5.011,53.111,7782,9858,1.760,1.570,0.930,2,0,420.882,0,0,17,195,0,31,2
16-01 13:54:39,25.412,14.201,58.547,0.249,0,4207964,119540,168652,3470524,6021.132,1614.405,11.959,593.941,2.990,39.862,6177,7414,1.760,1.570,0.930,2,0,217.247,0,0,17,195,0,31,2
16-01 13:54:40,44.223,8.245,45.972,0.750,0,4326716,128236,168652,3345448,5414.657,1565.034,215.867,391.758,5.996,33.979,3338,2114,1.760,1.570,0.930,2,0,1.999,0,0,17,197,0,31,2
16-01 13:54:41,44.994,8.499,44.744,1.000,0,4442200,174340,168652,3186468,10371.579,1511.793,219.970,439.940,11.998,47.993,3716,2846,1.780,1.580,0.940,2,0,10.998,0,0,17,211,0,31,2
16-01 13:54:42,28.354,16.561,54.450,0.502,0,4352128,264048,168656,3186828,7271.732,1716.309,16.059,12473.855,1.004,869.195,6851,4763,1.780,1.580,0.940,2,0,337.240,0,0,17,215,0,31,2
16-01 13:54:43,33.018,23.262,38.020,4.002,0,4403892,210200,168660,3188880,9992.344,3084.650,1124.601,3441.841,14.007,43.023,8754,9912,1.780,1.580,0.940,2,0,524.280,0,0,17,218,0,31,2
16-01 13:54:44,41.239,20.245,35.991,1.250,0,4445296,166528,168668,3191096,17505.472,8919.693,1239.679,1319.659,22.994,42.989,7707,9667,1.780,1.580,0.940,2,0,279.928,0,0,17,223,0,33,2
16-01 13:54:45,71.761,17.003,9.751,1.500,0,4527572,134968,168676,3142264,5981.912,1620.247,576.088,476.073,15.002,28.004,5438,5250,1.780,1.580,0.940,3,0,154.023,0,0,17,226,0,33,2
16-01 13:54:46,57.874,12.223,19.208,9.230,0,4629140,143768,168712,3033808,49729.329,9796.592,1915.813,886.064,79.826,36.919,5367,4466,2.040,1.640,0.960,1,3,22.950,0,0,17,235,0,24,4
16-01 13:54:47,59.367,11.523,17.785,10.521,0,4612668,191504,168772,3003536,16757.916,4390.624,5390.588,3478.833,415.817,291.573,7107,8362,2.040,1.640,0.960,2,0,49.096,0,0,17,237,0,29,4
16-01 13:54:48,34.494,25.745,38.993,0,0,4690488,148604,168776,2970348,50683.046,7342.703,15.997,8654.471,1.000,32.994,7330,6959,2.040,1.640,0.960,3,0,506.910,0,0,17,240,0,29,2
16-01 13:54:49,37.193,18.222,43.433,0.250,0,4616712,220800,168776,2971868,13059.930,6743.637,71.890,706.914,3.994,49.923,7400,9474,2.040,1.640,0.960,3,0,262.596,0,0,17,239,0,30,2
16-01 13:54:50,56.996,26.998,14.999,0.250,0,4760632,151652,168780,2898328,8402.379,1581.883,207.985,359.973,4.000,19.999,6792,6597,2.040,1.640,0.960,4,0,514.962,0,0,17,239,0,30,2
16-01 13:54:51,53.638,18.711,25.447,1.746,0,4795940,155196,169256,2861136,19614.927,12571.675,1508.841,1301.275,67.858,76.839,7737,10117,2.040,1.640,0.970,3,0,296.379,0,0,17,247,0,28,2
16-01 13:54:52,59.539,27.518,12.758,0,0,4823728,157812,169260,2830908,7657.002,1805.179,136.089,540.353,10.007,34.022,7885,11542,2.040,1.640,0.970,5,0,486.318,0,0,17,249,0,31,2
16-01 13:54:53,55.831,21.030,20.029,2.003,0,4878032,147940,169268,2788276,15229.037,9829.223,680.985,865.252,41.059,48.070,8960,13992,2.040,1.640,0.970,6,0,336.487,0,0,17,257,0,32,2
16-01 13:54:54,59.315,19.439,19.938,0.498,0,4968000,119912,169280,2726600,11837.076,4323.513,19.938,745.674,3.988,53.832,6097,6275,2.040,1.640,0.970,4,0,199.378,0,0,17,257,0,33,2
16-01 13:54:55,68.821,13.814,16.577,0.754,0,5055340,151488,169284,2609416,23152.828,13195.454,851.968,739.444,14.066,22.103,9840,16473,2.040,1.640,0.970,3,0,10.047,0,0,17,261,0,32,2
16-01 13:54:56,53.204,8.992,32.971,3.497,0,5071580,132968,169288,2611696,16992.229,9236.970,1510.687,979.149,95.917,85.925,6347,9168,2.110,1.670,0.980,3,1,19.983,0,0,17,268,0,39,2
16-01 13:54:57,54.318,17.272,27.785,1.001,0.250,5071364,169080,169208,2576928,12412.470,8092.085,901.123,736.918,18.022,48.060,6377,5529,2.110,1.670,0.980,4,0,297.371,0,0,17,270,0,40,2
16-01 13:54:58,44.351,26.910,23.671,3.239,0,5057412,178784,169476,2580920,13848.616,6751.387,4588.631,1394.330,71.760,68.770,8552,10295,2.110,1.670,0.980,4,0,500.324,0,0,17,271,0,41,2
16-01 13:54:59,58.846,18.280,22.036,0.250,0,5094568,141380,169480,2581304,14383.550,7301.956,625.023,993.627,13.021,44.072,6539,7951,2.110,1.670,0.980,6,0,216.354,0,0,18,272,0,39,2
16-01 13:55:00,74.858,14.771,8.512,1.753,0,5107336,241804,169084,2471292,12871.621,6772.798,1522.202,1129.634,88.127,56.081,6055,4992,2.110,1.670,0.980,5,0,123.178,0,0,18,274,0,40,2
16-01 13:55:01,80.076,12.972,1.497,4.740,0,5258956,153460,169096,2409744,6445.992,1616.487,3017.443,1121.563,153.666,60.868,6347,5571,2.350,1.720,1,4,0,15.965,0,0,18,280,0,40,2
16-01 13:55:02,65.389,15.784,17.788,1.002,0,5318408,155640,169124,2349792,18933.276,11767.031,1595.394,6129.038,57.122,473.006,9465,12681,2.350,1.720,1,3,0,213.454,0,0,18,284,0,44,2
16-01 13:55:03,46.520,17.663,31.097,3.980,0,5338780,134744,169144,2350116,10180.761,3433.059,811.993,19678.892,26.867,1159.279,8179,6419,2.350,1.720,1,3,0,353.257,0,0,18,287,0,43,2
16-01 13:55:04,35.828,7.516,55.370,0.251,0,5340856,162500,169152,2321120,31130.540,13072.362,777.687,9023.577,8.017,35.076,3631,2498,2.350,1.720,1,1,0,8.017,0,0,18,291,0,43,3
16-01 13:55:05,41.811,9.764,47.068,0.250,0,5308616,186956,169152,2328888,8062977.072,59051.718,560.814,472.686,7.010,43.063,7131,5244,2.350,1.720,1,2,0,13.019,0,0,18,292,0,44,2
16-01 13:55:06,41.888,14.461,40.641,1.745,0,5342288,142696,169152,2339472,8510456.904,56404.550,2796.491,466.747,30.917,35.904,7958,5216,2.560,1.780,1.020,3,0,262.296,0,0,18,296,0,44,2
16-01 13:55:07,36.244,6.499,55.741,0.250,0,5342268,166692,169156,2316772,14302.576,8350.585,0,463.921,0,44.992,3637,3125,2.560,1.780,1.020,6,0,5.999,0,0,18,298,0,43,2
16-01 13:55:08,35.649,4.770,58.996,0,0,5387452,121344,169156,2316940,19287.580,14786.777,0,441.846,0,41.172,4135,4909,2.560,1.780,1.020,4,0,0,0,0,18,303,0,44,2
16-01 13:55:09,20.665,4.730,70.957,0.747,0,5305852,233568,169160,2287592,421769.169,16332558.646,482.013,3039.469,29.877,84.651,6705,5124,2.560,1.780,1.020,1,0,37.844,0,0,18,301,0,46,2
16-01 13:55:10,2.000,0.750,96.494,0,0.250,5305852,233568,169160,2287592,8297.459,1619.894,0,339.978,0,19.999,1288,1783,2.560,1.780,1.020,0,0,0,0,0,18,301,0,46,2
16-01 13:55:11,2.000,0.750,95.750,0.500,0,5303016,236404,169160,2287592,7731.966,1619.993,0,975.996,0,57.000,1465,1989,2.350,1.750,1.020,0,0,0,0,0,18,301,0,41,2
16-01 13:55:12,21.002,3.250,73.508,0.500,0,5304176,224256,169160,2298564,15071417.664,77058.501,20.002,912.101,2.000,79.009,8863,8965,2.350,1.750,1.020,1,0,3.000,0,0,18,308,0,42,2
16-01 13:55:13,13.021,14.774,69.861,0.751,0,5250316,272864,169160,2303784,1457634.699,19435.971,76.121,825.315,5.008,38.061,6084,5368,2.350,1.750,1.020,1,0,305.487,0,0,18,305,0,45,2
16-01 13:55:14,20.235,8.993,69.447,0.500,0,5314856,208304,169160,2303804,11866.029,1618.776,19.985,311.764,2.998,25.980,3868,3705,2.350,1.750,1.020,5,1,170.871,0,0,18,305,0,45,2
16-01 13:55:15,20.806,16.545,61.416,0.251,0,5330796,191956,169284,2304100,7982.587,1624.393,364.987,16673.089,14.038,69.187,6026,11518,2.350,1.750,1.020,1,0,327.887,0,0,18,305,0,42,2
16-01 13:55:16,9.742,20.233,69.193,0.250,0,5315940,206764,169284,2304148,40938.045,1456.792,0,275.771,0,24.979,6416,5266,2.250,1.730,1.020,1,0,385.680,0,0,18,309,0,42,2
16-01 13:55:17,2.243,3.739,92.229,0.249,0,5310708,211992,169284,2304152,10998.658,1615.250,0,327.038,0,20.938,1974,2100,2.250,1.730,1.020,0,0,70.792,0,0,18,309,0,42,2
16-01 13:55:18,18.824,4.016,76.299,0,0,5356540,166160,169284,2304152,44506.179,1626.365,0,1256.919,0,171.672,2495,2119,2.250,1.730,1.020,1,0,9.035,0,0,18,309,0,42,2
16-01 13:55:19,18.937,2.243,77.492,0.249,0,5368724,153956,169284,2304172,15625.983,10602.705,63.788,179.403,3.987,23.920,2653,2535,2.250,1.730,1.020,1,0,2.990,0,0,18,313,0,42,2
16-01 13:55:20,13.539,14.041,70.957,0.251,0,5314752,207736,169288,2304328,11018.135,1666.861,16.047,0,4.012,0,5120,3909,2.250,1.730,1.020,1,0,218.638,0,0,18,313,0,42,2
16-01 13:55:21,12.760,15.762,70.805,0,0,5299704,222420,169288,2304676,7759.986,1621.251,0,52.040,0,4.003,5404,4034,2.060,1.700,1.010,1,0,199.154,0,0,18,313,0,42,2
16-01 13:55:22,14.193,13.695,69.718,0.747,0,5325104,196876,169288,2304788,8999.655,1613.484,19.920,390.423,1.992,29.879,5024,4174,2.060,1.700,1.010,2,0,181.268,0,0,18,313,0,42,2
16-01 13:55:23,24.570,3.510,70.952,0,0,5387956,134020,169288,2304792,8587.409,1624.618,0,304.867,0,38.108,2647,2381,2.060,1.700,1.010,1,0,2.006,0,0,18,315,0,41,2
16-01 13:55:24,22.433,3.240,71.037,1.994,0,5404440,148056,169288,2275404,6448.621,1453.632,378.861,271.185,11.964,30.907,2524,2299,2.060,1.700,1.010,1,0,3.988,0,0,18,319,0,41,2
16-01 13:55:25,24.504,2.750,71.763,0,0,5330408,222048,169288,2275444,9017.621,1620.291,20.004,252.045,4.001,17.003,2462,2085,2.060,1.700,1.010,2,0,5.001,0,0,18,315,0,41,2
16-01 13:55:26,24.007,5.002,70.522,0,0,5370304,182152,169288,2275444,7305.255,1620.500,0,148.046,0,9.003,2558,2086,1.980,1.690,1.010,2,0,7.002,0,0,18,315,0,41,2
16-01 13:55:27,11.281,2.256,85.487,0,0,5382920,169396,169288,2275584,22163.477,15296.429,0,152.423,0,9.025,2293,2370,1.980,1.690,1.010,1,0,2.006,0,0,18,318,0,41,2
16-01 13:55:28,22.430,4.237,72.026,0.249,0,5296704,255556,169288,2275640,11672.777,6975.354,127.604,143.555,6.978,8.972,2665,2444,1.980,1.690,1.010,2,0,15.951,0,0,18,315,0,42,2
16-01 13:55:29,24.745,2.749,71.236,0.250,0,5333128,219044,169288,2275728,8738.266,1661.670,0,4015.203,0,520.897,3179,2169,1.980,1.690,1.010,2,0,1.000,0,0,18,315,0,42,2
16-01 13:55:30,16.552,11.035,71.977,0.251,0,5328780,223264,169296,2275880,6597.806,1625.125,393.240,489.544,5.016,25.079,4588,3909,1.980,1.690,1.010,1,0,222.702,0,0,18,315,0,42,2
16-01 13:55:31,12.462,15.453,69.786,0.498,0,5332144,219804,169296,2276040,6890.870,1615.048,47.853,187.425,3.988,6.979,5515,4729,1.820,1.660,1,1,0,360.893,0,0,18,315,0,42,2
16-01 13:55:32,22.000,3.250,73.001,0.250,0,5346360,205216,169564,2276144,6475.106,2534.042,332.005,624.010,14.000,45.001,2812,2580,1.820,1.660,1,1,0,34.001,0,0,18,316,0,42,2
16-01 13:55:33,21.311,2.507,75.217,0.501,0,5337120,207792,170204,2282056,14381.398,2897.340,128.370,1119.222,4.012,43.124,2532,2355,1.820,1.660,1,1,0,1.003,0,0,18,317,0,42,2
16-01 13:55:34,18.448,3.241,77.533,0,0,5334668,209556,170248,2282668,12065.297,3641.827,3.989,594.340,0.997,8.975,2179,1885,1.820,1.660,1,1,0,17.950,0,0,18,318,0,42,2
16-01 13:55:35,22.508,2.751,72.027,0.250,0,5337552,200008,170840,2288604,11364.249,2694.007,0,1072.401,0,23.009,4385,6120,1.820,1.660,1,3,0,6.002,0,0,18,317,0,42,2
16-01 13:55:36,18.751,5.250,75.253,0,0,5338512,198488,170884,2289104,14566.606,3787.158,24.001,380.016,4.000,4.000,8553,15038,1.750,1.650,1,1,0,8.000,0,0,18,318,0,42,2
16-01 13:55:37,21.027,7.009,69.588,0.250,0,5342808,193700,170944,2289532,9927.575,2453.107,72.091,436.553,6.008,10.013,10913,19142,1.750,1.650,1,1,0,22.028,0,0,18,318,0,42,2
16-01 13:55:38,21.491,5.997,71.219,0.250,0,5293880,254368,171024,2277864,8025.526,1793.224,0,1343.419,0,36.984,2845,2407,1.750,1.650,1,1,0,40.982,0,0,18,317,0,42,2
16-01 13:55:39,16.979,10.737,70.914,0,0,5341364,206864,171024,2277884,6081.627,1618.038,0,16016.582,0,29.964,4189,3596,1.750,1.650,1,1,0,223.729,0,0,18,317,0,42,2
16-01 13:55:40,21.073,2.007,76.767,0,0,5371908,176132,171024,2278072,12084.038,7207.072,0,56.195,0,6.021,2167,1871,1.750,1.650,1,1,0,0,0,0,18,318,0,42,1
16-01 13:55:41,17.480,7.991,73.168,0.250,0,5340880,207112,171024,2278120,14736.502,6224.032,35.960,3.996,2.997,0.999,3550,2948,1.690,1.640,1,1,0,111.875,0,0,18,317,0,45,1
16-01 13:55:42,23.440,4.239,70.818,0,0,5355276,192492,171024,2278344,10975.804,3859.086,95.754,331.149,4.987,25.933,3791,5266,1.690,1.640,1,0,0,1.995,0,0,18,320,0,45,1
16-01 13:55:43,23.508,6.502,68.772,0.750,0,5348384,199352,171024,2278376,16721.451,7959.595,0,2256.736,0,139.045,4271,4093,1.690,1.640,1,1,0,70.023,0,0,18,319,0,46,1
16-01 13:55:44,21.492,2.499,74.223,0,0,5390232,157492,171024,2278388,16685.027,7341.372,0,895.679,0,37.986,2877,2993,1.690,1.640,1,2,0,1.000,0,0,18,320,0,46,1
16-01 13:55:45,20.306,6.017,73.453,0.501,0,5334588,212992,171024,2278532,15867.876,9047.016,0,272.754,0,22.061,3329,3001,1.690,1.640,1,1,0,57.158,0,0,18,319,0,47,1
16-01 13:55:46,19.943,2.742,75.037,0,0,5381456,166120,171024,2278536,46821.095,7323.212,0,187.468,0,10.969,2623,2482,1.640,1.630,1,1,0,0.997,0,0,18,322,0,47,1
16-01 13:55:47,21.077,5.018,73.267,0,0,5355504,192032,171024,2278576,10849.579,6165.491,28.103,618.255,2.007,31.114,2842,2347,1.640,1.630,1,1,0,32.117,0,0,18,321,0,50,1
16-01 13:55:48,19.692,2.243,76.774,0,0,5393808,153724,171024,2278580,46013.620,7160.931,0,31.906,0,3.988,2253,1913,1.640,1.630,1,1,0,0,0,0,18,322,0,43,1
16-01 13:55:49,16.034,3.006,78.667,0.501,0,5338140,209384,171024,2278596,15047.882,6824.459,0,3339.074,0,460.977,3565,2945,1.640,1.630,1,2,0,25.053,0,0,18,321,0,44,1
16-01 13:55:50,22.692,4.488,71.566,0,0,5370256,177268,171024,2278596,7472.759,1615.839,0,91.764,0,5.985,2375,1974,1.640,1.630,1,1,0,21.943,0,0,18,321,0,44,1
16-01 13:55:51,17.253,4.501,77.265,0,0,5343400,204104,171024,2278616,19408.729,11869.281,0,8.002,0,1.000,2861,2420,1.590,1.620,1,1,0,32.006,0,0,18,321,0,47,1
16-01 13:55:52,23.005,4.001,71.517,0,0,5386404,161076,171024,2278640,10965.581,1714.403,16.004,208.049,1.000,20.005,2605,2331,1.590,1.620,1,1,0,1.000,0,0,18,321,0,42,1
16-01 13:55:53,14.490,2.748,81.945,0.500,0,5384392,163072,171024,2278656,22334.049,11867.056,0,347.767,0,40.973,2801,2975,1.590,1.620,1,1,0,0,0,0,18,322,0,42,1
16-01 13:55:54,20.252,6.751,71.257,0.250,0,5368752,178700,171024,2278668,9902.946,2413.230,0,328.031,0,29.003,3411,2972,1.590,1.620,1,2,0,88.008,0,0,18,321,0,43,1
16-01 13:55:55,20.256,3.001,75.772,0.250,0,5388856,158528,171024,2278720,13519.938,8009.333,0,240.070,0,22.006,2446,2219,1.590,1.620,1,1,0,0,0,0,18,323,0,44,1
16-01 13:55:56,21.827,5.520,71.754,0.251,0,5366584,180784,171024,2278736,24830.845,17597.255,0,192.682,0,11.039,3027,2624,1.540,1.610,1,1,0,48.170,0,0,18,323,0,36,1
16-01 13:55:57,19.943,1.994,76.780,0,0,5365012,182336,171024,2278740,13066.564,7782.702,0,111.680,0,7.977,2183,1803,1.540,1.610,1,0,0,0,0,0,18,324,0,36,1
16-01 13:55:58,20.983,4.496,73.442,0,0,5324020,223048,171024,2279020,9947.129,4136.727,271.785,131.896,15.987,6.994,2833,2563,1.540,1.610,1,1,0,13.989,0,0,18,323,0,38,1
16-01 13:55:59,19.248,2.250,77.741,0,0,5347532,199524,171028,2279028,15947.153,7904.085,0,243.972,0,21.997,2315,2159,1.540,1.610,1,1,0,1.000,0,0,18,324,0,38,1
16-01 13:56:00,23.258,6.002,67.772,1.250,0,5337716,206892,171028,2281476,8119.678,3137.034,2224.734,1624.536,94.031,185.061,6548,8909,1.540,1.610,1,1,0,8.003,0,0,18,325,0,37,1
16-01 13:56:01,20.251,3.000,75.753,0,0,5380268,164336,171028,2281480,14361.653,7344.334,0,392.018,0,24.001,2412,2162,1.580,1.620,1.010,1,0,0,0,0,18,326,0,37,1
16-01 13:56:02,19.824,4.015,74.279,0.753,0,5377248,167148,171028,2281688,11174.924,5528.742,160.603,955.585,7.026,98.369,4578,5939,1.580,1.620,1.010,3,0,1.004,0,0,18,326,0,37,1
16-01 13:56:03,12.993,17.990,67.712,0.250,0,5364080,180280,171028,2281724,6871.159,2844.410,0,1103.383,0,102.942,6882,6632,1.580,1.620,1.010,1,0,487.727,0,0,18,325,0,38,1
16-01 13:56:04,8.498,23.245,66.737,0,0,5345328,199000,171028,2281756,9155.190,1619.680,0,819.838,0,51.990,7001,6018,1.580,1.620,1.010,1,0,562.889,0,0,18,325,0,32,1
16-01 13:56:05,9.258,22.770,66.310,0.751,0,5325428,218868,171028,2281788,8576.719,1621.459,0,5028.526,0,475.428,8033,7221,1.580,1.620,1.010,1,0,661.595,0,0,18,325,0,32,1
16-01 13:56:06,8.749,22.747,67.492,0,0,5326116,218148,171028,2281820,5269.348,1457.819,0,279.965,0,27.997,7238,6466,1.610,1.620,1.010,1,0,638.921,0,0,18,325,0,32,1
16-01 13:56:07,8.493,21.732,68.195,0.250,0,5323440,220784,171028,2281860,8383.226,1618.692,0,119.903,0,14.988,6911,5947,1.610,1.620,1.010,1,0,571.538,0,0,18,325,0,32,1
16-01 13:56:08,7.745,23.235,67.705,0,0,5331712,212484,171028,2281888,5727.231,1618.935,0,35.976,0,8.994,6998,6118,1.610,1.620,1.010,2,0,591.611,0,0,18,325,0,29,1
16-01 13:56:09,12.472,13.720,71.092,1.247,0,5294640,349460,171028,2190536,8742.606,1616.414,267.407,1568.521,21.951,7.982,4279,3678,1.610,1.620,1.010,1,0,211.531,0,0,18,325,0,29,1
16-01 13:56:10,20.065,4.013,72.235,3.762,0,5325264,322208,171140,2190572,7627.853,1625.296,814.654,2789.087,101.330,13.042,2452,2137,1.610,1.620,1.010,1,0,4.013,0,0,18,325,0,29,1
16-01 13:56:11,19.933,1.744,76.743,0.249,0,5341040,304100,171140,2192904,11565.244,3675.682,15.947,657.796,2.990,8.970,2250,2000,1.560,1.610,1.010,1,0,15.947,0,0,18,326,0,29,1
16-01 13:56:12,13.249,1.250,77.746,6.000,0,5353788,290492,171140,2193760,23322.884,10254.509,715.966,1227.941,47.998,56.997,2342,2434,1.560,1.610,1.010,0,0,1.000,0,0,18,326,0,26,1
16-01 13:56:13,13.746,1.500,80.975,2.249,0,5362340,280916,171156,2194760,24223.406,11657.345,555.826,2059.354,55.982,99.969,2478,2579,1.560,1.610,1.010,1,0,0,0,0,18,326,0,26,1
16-01 13:56:14,17.755,1.250,78.771,1.500,0,5385108,256752,171232,2196076,19474.191,9437.516,1132.302,1268.338,53.014,49.013,2291,2209,1.560,1.610,1.010,0,0,1.000,0,0,18,326,0,26,1
16-01 13:56:15,18.571,3.262,74.785,1.757,0,5402400,238608,171268,2196888,22880.148,10854.343,630.401,1582.026,54.206,62.237,3222,8048,1.560,1.610,1.010,1,0,37.141,0,0,18,326,0,27,1
16-01 13:56:16,15.192,1.245,81.192,1.992,0,5405004,234912,171268,2197980,53110.407,10940.473,765.096,1251.251,50.807,41.841,2243,2082,1.520,1.600,1.010,0,0,0,0,0,18,326,0,27,1
16-01 13:56:17,17.491,3.248,73.461,4.498,0.250,5413764,189752,171448,2234192,15997.410,3151.308,15251.810,1123.397,158.915,45.975,2608,2220,1.520,1.600,1.010,1,0,0.999,0,0,18,326,0,23,1
16-01 13:56:18,23.529,3.004,72.590,0.501,0,5415776,173636,172504,2247000,40802.844,1622.021,0,2122.645,0,41.051,2596,2166,1.520,1.600,1.010,1,0,0,0,0,18,326,0,23,1
16-01 13:56:19,29.806,3.256,65.372,0.250,0,5437528,135496,172880,2262728,5496.288,1623.038,0,917.718,0,30.056,2729,2135,1.520,1.600,1.010,2,0,3.006,0,0,18,326,0,23,1
16-01 13:56:20,41.158,8.232,49.390,0.748,0,5454096,126612,173568,2255084,8963.963,1616.387,766.287,8405.212,5.987,290.351,4203,2669,1.520,1.600,1.010,2,0,7.982,0,0,18,326,0,23,1
16-01 13:56:21,28.744,4.499,64.236,0.750,0,5397672,196720,174368,2241296,9894.829,1689.629,255.944,3083.324,2.000,281.938,3517,2570,1.470,1.590,1.010,2,0,1.000,0,0,18,326,0,22,1
16-01 13:56:22,24.322,2.758,71.712,0.752,0,5396276,174556,175340,2263592,8656.562,1624.798,0,2603.689,0,93.275,2890,2816,1.470,1.590,1.010,3,0,1.003,0,0,18,326,0,22,1
16-01 13:56:23,24.167,3.986,70.507,0,0,5329736,258044,175408,2246564,8854.545,1787.851,3.986,1108.188,0.997,48.832,2920,2558,1.470,1.590,1.010,2,0,18.935,0,0,18,325,0,22,1
16-01 13:56:24,18.511,3.002,77.045,0.250,0,5364444,217804,175484,2251996,14344.434,3697.174,0,1172.690,0,20.012,2268,2003,1.470,1.590,1.010,1,0,16.009,0,0,18,325,0,22,2
16-01 13:56:25,23.332,3.512,72.506,0,0,5396308,184792,175504,2253088,8819.147,2813.938,0,321.134,0,6.021,2569,2084,1.470,1.590,1.010,1,0,19.067,0,0,18,326,0,22,1
16-01 13:56:26,19.494,3.999,74.478,0.500,0.250,5403224,171300,176008,2259024,13334.074,3647.926,0,1123.669,0,20.994,7495,13223,1.440,1.580,1.010,2,0,11.996,0,0,18,325,0,22,1
16-01 13:56:27,24.001,5.500,69.002,0,0,5398088,175860,176084,2259496,6616.210,1620.051,0,84.003,0,1.000,11778,21448,1.440,1.580,1.010,2,0,13.000,0,0,18,325,0,22,1
16-01 13:56:28,20.676,6.228,71.244,0,0,5377596,209052,176136,2246744,8534.333,1614.200,0,1789.569,0,13.950,4299,5676,1.440,1.580,1.010,2,0,14.946,0,0,18,325,0,22,1
16-01 13:56:29,23.013,4.252,71.291,0.250,0,5316948,269812,176136,2246680,8696.032,1620.938,0,3498.024,0,150.087,3672,3585,1.440,1.580,1.010,1,0,52.030,0,0,18,325,0,20,1
16-01 13:56:30,24.988,5.497,68.218,0.250,0,5352680,234060,176136,2246700,8357.083,1619.241,0,531.751,0,24.988,10476,18982,1.440,1.580,1.010,1,0,24.988,0,0,18,325,0,20,1
16-01 13:56:31,19.494,2.249,76.727,0.250,0,5362448,218440,176136,2252540,13232.017,3963.807,0,815.754,0,13.996,2274,1974,1.400,1.570,1.010,1,0,16.995,0,0,18,325,0,20,1
16-01 13:56:32,18.999,3.500,75.995,0.250,0,5364200,215960,176136,2253252,14239.007,3555.752,15.999,423.970,1.000,12.999,2570,2368,1.400,1.570,1.010,1,0,18.999,0,0,18,326,0,20,1
16-01 13:56:33,23.762,4.752,69.034,0.500,0,5356384,217424,176328,2259400,10174.003,2694.325,0,2157.061,0,182.090,10623,19002,1.400,1.570,1.010,1,0,13.006,0,0,18,325,0,20,1
16-01 13:56:34,23.246,6.249,68.739,0,0,5359320,214148,176328,2259740,6067.048,1619.746,0,591.907,0,19.997,10510,19093,1.400,1.570,1.010,1,0,15.997,0,0,18,325,0,20,1
16-01 13:56:35,21.751,5.500,72.004,0,0,5334132,252352,176336,2246732,10897.636,1620.095,0,1052.061,0,27.002,2644,2215,1.400,1.570,1.010,1,0,12.001,0,0,18,325,0,20,1
16-01 13:56:36,23.791,3.757,71.875,0,0,5338120,248336,176336,2246760,7358.818,1622.827,0,128.223,0,5.009,2708,2165,1.370,1.560,1.010,3,0,47.082,0,0,18,325,0,20,1
16-01 13:56:37,21.980,4.496,71.686,0,0.250,5348256,230716,176336,2254244,5650.968,1618.559,0,11.989,0,2.997,3096,2800,1.370,1.560,1.010,1,0,68.939,0,0,18,325,0,20,1
16-01 13:56:38,22.240,2.749,74.466,0,0,5350384,225412,176336,2257356,12655.201,2890.675,0,931.573,0,4.998,2371,1992,1.370,1.560,1.010,0,0,15.993,0,0,18,326,0,20,1
16-01 13:56:39,12.747,1.250,84.480,0.500,0,5360780,214848,176348,2257492,21508.835,11323.281,0,1247.700,0,41.990,1854,1973,1.370,1.560,1.010,0,0,0,0,0,18,326,0,20,1
16-01 13:56:40,9.244,1.749,87.443,0.750,0,5360516,214652,176376,2257924,48785.474,10215.399,0,7830.939,0,68.955,1895,2048,1.370,1.560,1.010,1,0,0,0,0,18,326,0,20,1
16-01 13:56:41,6.501,1.500,90.009,0.750,0,5360496,214400,176464,2258112,118968.466,9480.993,0,1052.110,0,54.006,2006,2457,1.260,1.540,1,0,0,0,0,0,18,327,0,17,1
16-01 13:56:42,16.048,1.003,81.244,0.502,0,5380168,194492,176544,2258264,23883.822,8143.489,16.048,1059.185,1.003,47.142,2180,2309,1.260,1.540,1,2,0,1.003,0,0,18,327,0,17,1
16-01 13:56:43,15.708,0.997,81.283,0.499,0,5379856,194492,176640,2258476,24732.952,10873.962,0,1711.430,0,80.784,2236,2351,1.260,1.540,1,2,0,0,0,0,18,327,0,17,1
16-01 13:56:44,16.498,1.750,79.489,0.500,0,5391136,182660,176736,2258928,286625.916,15041.002,0,1423.811,0,54.993,2655,2561,1.260,1.540,1,1,0,1.000,0,0,18,327,0,17,1
16-01 13:56:45,11.016,3.505,83.117,1.502,0,5391812,181160,177056,2259424,117494.762,18311.834,28.040,7190.144,4.006,156.220,4091,5889,1.260,1.540,1,1,0,2.003,0,0,18,327,0,15,1
16-01 13:56:46,17.046,1.504,79.462,0.752,0,5400896,171584,177184,2259784,59897.102,11938.912,104.279,1347.602,6.016,51.137,2619,2486,1.240,1.530,1,3,0,0,0,0,18,327,0,17,1
16-01 13:56:47,10.452,1.742,84.114,0.498,0,5397300,155196,177280,2279588,5668396.921,42680.390,0,6788.886,0,72.667,4337,3599,1.240,1.530,1,0,0,2.986,0,0,18,327,0,17,1
16-01 13:56:48,11.504,2.751,81.526,2.001,0,5396384,124476,177416,2310992,12148487.694,63261.416,164.053,13084.223,4.001,73.024,5043,2664,1.240,1.530,1,1,0,2.001,0,0,18,327,0,17,1
16-01 13:56:49,22.256,4.501,72.270,1.000,0,5393668,136244,180508,2297200,7307.002,1620.444,0,5045.382,0,109.030,2612,2406,1.240,1.530,1,1,0,1.000,0,0,18,327,0,13,1
16-01 13:56:50,23.775,4.505,70.074,0.751,0,5386992,155460,181328,2283612,5381.719,1459.551,0,64592.642,0,439.467,3282,2385,1.240,1.530,1,2,0,0,0,0,18,327,0,13,1
16-01 13:56:51,24.289,3.005,71.365,0.501,0,5426612,125272,181652,2273436,8838.197,1622.606,0,1674.690,0,174.280,2718,2151,1.220,1.520,1,1,0,0,0,0,18,327,0,13,1
16-01 13:56:52,23.679,2.991,71.287,0.748,0,5421784,136608,182404,2266344,8351.036,1708.891,31.905,2117.669,0.997,89.732,2799,2765,1.220,1.520,1,1,0,0.997,0,0,18,327,0,13,1
16-01 13:56:53,23.003,4.251,70.759,1.000,0,5405484,138000,183316,2278904,10359.374,1620.215,0,2840.377,0,126.017,3163,3085,1.220,1.520,1,4,0,0,0,0,18,327,0,10,1
16-01 13:56:54,23.814,2.757,71.945,0.251,0,5409488,136404,184752,2274196,7813.123,1624.392,0,1263.416,0,54.146,2601,2283,1.220,1.520,1,2,0,0,0,0,18,327,0,10,1
16-01 13:56:55,23.788,4.257,71.363,0.751,0,5404916,124864,185340,2288612,8742.890,1622.578,0,42106.897,0,185.294,2944,2517,1.220,1.520,1,1,0,0,0,0,18,327,0,10,1
16-01 13:56:56,23.463,2.995,71.387,1.248,0.250,5406012,126548,186324,2284244,8655.281,1617.436,0,2843.493,0,113.820,2882,2672,1.280,1.530,1.010,1,0,0,0,0,18,327,0,10,1
16-01 13:56:57,18.966,1.996,77.360,0,0,5336756,230376,186360,2249576,13456.714,4202.416,0,379.315,0,13.975,2052,1797,1.280,1.530,1.010,1,0,1.996,0,0,18,325,0,7,1
16-01 13:56:58,19.233,3.747,75.931,0,0,5375728,191360,186388,2249584,9626.279,2955.323,0,0,0,0,2279,1940,1.280,1.530,1.010,1,0,32.970,0,0,18,326,0,7,1
16-01 13:56:59,23.058,3.008,73.183,0.251,0,5375504,184500,186496,2256096,10407.012,2471.177,0,2153.382,0,35.088,2482,2248,1.280,1.530,1.010,1,0,4.010,0,0,18,325,0,7,1
16-01 13:57:00,18.958,2.744,76.830,0.249,0,5370660,184036,186588,2260784,18543.994,4606.813,0,351.223,0,19.956,2395,2304,1.280,1.530,1.010,1,0,17.960,0,0,18,326,0,7,1
16-01 13:57:01,23.493,6.498,68.980,0,0,5353080,199284,186812,2262340,9218.346,1793.484,0,867.750,0,14.996,10417,18793,1.260,1.520,1.010,1,0,12.996,0,0,18,325,0,7,1
16-01 13:57:02,23.260,6.003,68.779,0,0,5352948,199032,186876,2262604,6913.914,1620.683,0,2601.096,0,25.011,11059,19801,1.260,1.520,1.010,1,0,14.006,0,0,18,325,0,4,1
16-01 13:57:03,20.995,6.499,71.484,0.250,0,5351816,200044,186888,2262680,11321.489,1619.641,0,863.808,0,48.989,2595,2287,1.260,1.520,1.010,2,0,6.998,0,0,18,325,0,4,1
16-01 13:57:04,22.256,4.251,72.019,0.500,0,5323452,242312,186888,2250096,7192.869,1620.421,228.059,808.210,3.001,16.004,2478,2069,1.260,1.520,1.010,1,0,6.002,0,0,18,325,0,4,1
16-01 13:57:05,22.987,4.497,70.211,0.750,0,5341844,221144,186896,2252844,6296.486,1619.096,427.761,2694.496,12.993,73.959,4162,5134,1.260,1.520,1.010,1,0,1.999,0,0,18,326,0,5,1
16-01 13:57:06,25.607,6.778,65.273,2.008,0,5276152,285612,186896,2254064,5603.412,1626.797,1028.296,7776.492,56.235,647.706,9273,13205,1.240,1.510,1.010,1,0,29.122,0,0,18,327,0,8,1
16-01 13:57:07,9.960,18.176,69.220,0.747,0,5301388,259448,186896,2254992,8809.342,1452.122,860.517,2023.808,7.968,310.742,6424,5143,1.240,1.510,1.010,1,0,400.379,0,0,18,329,0,9,1
16-01 13:57:08,10.788,5.018,71.003,11.792,0,5299204,249460,187300,2266764,7917.173,2644.410,12207.440,1585.642,2026.210,41.146,6560,6925,1.240,1.510,1.010,0,0,25.089,0,0,18,328,0,10,1
16-01 13:57:09,1.245,0.747,96.597,0.249,0,5298504,250160,187300,2266764,22957.259,3305.216,0,171.286,0,8.963,1250,1729,1.240,1.510,1.010,0,0,0,0,0,18,328,0,10,1
16-01 13:57:10,4.505,2.503,89.102,2.503,0,5271224,276672,187320,2267512,45253.993,82490.774,724.833,1493.716,23.026,53.061,1935,2173,1.240,1.510,1.010,1,1,27.031,0,0,18,327,0,10,2
16-01 13:57:11,2.499,1.499,94.459,0.250,0,5243040,305232,187320,2267128,12254.697,50324.224,3.998,11219.145,1.000,56.975,1705,2070,1.140,1.480,1,0,0,0,0,0,18,327,0,10,1
16-01 13:57:12,1.999,0.750,95.715,0,0,5242732,305408,187320,2267260,8824.751,1619.404,0,39.985,0,3.999,1325,1830,1.140,1.480,1,0,0,1.000,0,0,18,327,0,10,1
16-01 13:57:13,2.251,0.750,95.784,0.500,0,5241380,306760,187320,2267260,7573.655,1620.568,0,280.098,0,28.010,1440,2059,1.140,1.480,1,0,0,0,0,0,18,327,0,10,1
16-01 13:57:14,2.250,0.750,96.012,0,0,5240196,307940,187320,2267264,8949.115,1620.202,0,88.011,0,13.002,1380,1986,1.140,1.480,1,1,0,1.000,0,0,18,327,0,10,1
16-01 13:57:15,7.748,3.249,87.474,0.250,0,5245852,302280,187320,2267268,7104.873,1619.515,0,239.928,0,25.992,3040,8350,1.140,1.480,1,0,0,36.989,0,0,18,327,0,11,1
16-01 13:57:16,2.755,0.751,94.422,0.250,0.250,5246064,302056,187320,2267280,39499.873,1460.658,0,304.554,0,42.077,1805,2458,1.050,1.460,1,0,0,0,0,0,18,327,0,11,1
16-01 13:57:17,1.747,0.499,96.569,0,0,5246064,302056,187320,2267280,10640.006,1616.962,0,407.235,0,29.944,1283,1791,1.050,1.460,1,0,0,0,0,0,18,327,0,11,1
16-01 13:57:18,1.999,0.750,96.457,0,0,5246064,302056,187320,2267280,43338.777,1619.282,0,31.986,0,3.998,1282,1730,1.050,1.460,1,0,0,0,0,0,18,327,0,10,1
16-01 13:57:19,7.505,2.252,89.311,0,0,5261060,287060,187320,2267280,9773.647,1621.103,0,0,0,0,1571,1771,1.050,1.460,1,1,0,2.001,0,0,18,327,0,10,1
16-01 13:57:20,20.503,6.001,72.512,0,0,5253844,294268,187320,2267288,8813.416,1620.260,768.123,0,6.001,0,2654,2095,1.050,1.460,1,1,0,9.001,0,0,18,327,0,10,1
16-01 13:57:21,7.499,3.499,87.733,0.500,0,5243060,305040,187320,2267300,6016.840,1619.688,255.951,43619.592,2.000,335.935,2517,2078,1.120,1.470,1,0,0,1.000,0,0,18,327,0,10,1
16-01 13:57:22,1.505,0.752,97.045,0,0,5243060,305040,187320,2267300,10323.363,1624.937,0,0,0,0,1273,1717,1.120,1.470,1,1,0,1.003,0,0,18,327,0,10,1
16-01 13:57:23,2.242,1.993,93.935,0.498,0,5252096,296192,187320,2267304,10163.904,1614.584,0,2324.203,0,232.221,2045,2201,1.120,1.470,1,0,0,0,0,0,18,327,0,10,1
16-01 13:57:24,2.000,0.500,96.259,0.250,0,5251080,297208,187320,2267304,9019.836,1458.135,0,112.010,0,16.001,1293,1770,1.120,1.470,1,0,0,0,0,0,18,327,0,10,1
16-01 13:57:25,1.756,0.251,96.560,0,0,5249924,298364,187320,2267304,10700.363,1625.219,0,64.206,0,9.029,1260,1744,1.120,1.470,1,0,0,0,0,0,18,327,0,10,1
16-01 13:57:26,2.493,4.985,91.229,0.249,0,5246768,301504,187320,2267332,8970.354,1615.202,0,127513.233,0,601.214,3547,3351,1.030,1.440,1,0,0,5.982,0,0,18,327,0,10,1
16-01 13:57:27,1.749,0.500,96.454,0,0,5246992,301280,187320,2267332,8355.989,1619.223,0,287.862,0,17.991,1137,1658,1.030,1.440,1,0,0,0,0,0,18,327,0,10,1
16-01 13:57:28,1.500,0.500,97.028,0.250,0,5242756,305516,187320,2267332,6102.732,1620.460,0,32.009,0,4.001,1153,1674,1.030,1.440,1,0,0,0,0,0,18,327,0,10,1
16-01 13:57:29,2.500,1.000,95.735,0.250,0,5242980,305292,187320,2267332,5375.167,1619.749,0,275.957,0,26.996,1376,2023,1.030,1.440,1,0,0,1.000,0,0,18,327,0,10,1
16-01 13:57:30,1.999,1.000,95.223,0,0,5242976,305292,187320,2267336,9190.423,1619.546,0,83.976,0,11.997,1575,2148,1.030,1.440,1,0,0,1.000,0,0,18,327,0,10,1
16-01 13:57:31,1.750,1.250,95.757,0,0,5241384,306884,187320,2267336,6993.487,1620.113,0,3444.240,0,11.001,1394,1872,0.950,1.420,0.990,0,0,0,0,0,18,327,0,10,1
16-01 13:57:32,1.500,0.750,96.226,0.250,0,5242388,305880,187320,2267336,8835.800,1457.637,0,315.921,0,10.997,1270,1798,0.950,1.420,0.990,0,0,1.000,0,0,18,327,0,10,1
16-01 13:57:33,2.252,1.001,95.319,0,0,5242384,305880,187320,2267340,8093.851,1621.172,0,840.608,0,145.105,1745,2164,0.950,1.420,0.990,0,0,0,0,0,18,327,0,10,1
16-01 13:57:34,0.750,0.250,96.248,0.250,0,5242384,305880,187320,2267340,8874.855,1619.974,0,35.999,0,4.000,1133,1650,0.950,1.420,0.990,0,0,0,0,0,18,327,0,10,1
16-01 13:57:35,2.250,1.000,97.000,0,0,5242384,305880,187320,2267340,8719.969,1619.994,0,4.000,0,1.000,1214,1659,0.950,1.420,0.990,0,0,0,0,0,18,327,0,10,1
16-01 13:57:36,1.750,1.000,95.495,0,0,5241440,306792,187320,2267372,5311.732,1619.918,31.998,2647.866,1.000,16.999,1451,2081,0.870,1.400,0.980,0,0,0,0,0,18,327,0,10,1
16-01 13:57:37,2.000,0.500,96.498,0.250,0,5241660,306568,187320,2267376,5657.866,1619.962,0,651.985,0,25.999,1282,1804,0.870,1.400,0.980,0,0,2.000,0,0,18,327,0,10,1
16-01 13:57:38,1.750,0.750,96.260,0,0,5241912,306316,187320,2267376,9704.967,1620.161,0,32.003,0,4.000,1270,1743,0.870,1.400,0.980,0,0,0,0,0,18,327,0,10,1
16-01 13:57:39,1.250,0.750,96.750,0,0,5241912,306316,187320,2267376,7981.981,1619.996,0,52.000,0,6.000,1146,1643,0.870,1.400,0.980,0,0,0,0,0,18,327,0,10,1
16-01 13:57:40,1.749,0.500,96.467,0,0,5241912,306316,187320,2267376,8390.095,1457.495,0,51.982,0,5.998,1194,1681,0.870,1.400,0.980,0,0,0,0,0,18,327,0,10,1
16-01 13:57:41,6.509,2.003,89.617,0,0,5242484,305744,187320,2267376,285193.830,7301.571,0,4.005,0,1.001,2190,2292,0.800,1.370,0.980,1,0,7.009,0,0,18,327,0,10,1
16-01 13:57:42,14.794,4.513,77.980,2.507,0,5251308,296684,187328,2267604,297113.634,13463.725,124.367,68.201,6.018,4.012,3247,2681,0.800,1.370,0.980,1,0,33.098,0,0,18,327,0,10,1
16-01 13:57:43,16.472,6.739,73.626,0.998,0,5251424,292024,187332,2272144,151608.547,5820.193,79.865,439.260,9.983,23.960,3676,3118,0.800,1.370,0.980,0,1,40.931,0,0,18,327,0,10,1
