"pcp-dstat 6.2.0 CSV Output"
"Author:","PCP team <pcp@groups.io> and Dag Wieers <dag@wieers.com>",,,,"URL:","https://pcp.io/ and http://dag.wieers.com/home-made/dstat/"
"Host:","ubuntu",,,,"User:","ubuntu"
"Cmdline:","dstat -tcmndrylpg --tcp --output /tmp/devstack_logs/dstat-csv.log",,,,"Date:","20 Jan 2026 16:03:44 UTC"
"system","total usage",,,,,"memory usage",,,,"net/total",,"dsk/total",,"io/total",,"system",,"load avg",,,"procs",,,"paging",,"tcp sockets",,,,
"time","total usage:usr","total usage:sys","total usage:idl","total usage:wai","total usage:stl","used","free","buf","cach","net/total:recv","net/total:send","dsk/total:read","dsk/total:writ","read","writ","int","csw","1m","5m","15m","run","blk","new","in","out","lis","act","syn","tim","clo"
20-01 16:03:44,,985616,1711616,162588,4961316,,,,,,,1.410,0.990,0.540,2,0,,,,10,5,1,17,1
20-01 16:03:45,24.247,20.747,53.243,0.500,0,1031084,1665812,162620,4961552,23715.723,9374.705,0,2243.690,0,88.988,6900,5776,1.410,0.990,0.540,3,0,540.925,0,0,10,5,1,17,1
20-01 16:03:46,26.001,19.001,54.752,0.250,0,1031856,1664484,162712,4961924,44873.633,12750.464,0,1920.070,0,65.002,5935,5424,1.410,0.990,0.540,2,0,357.013,0,0,10,5,1,17,1
20-01 16:03:47,32.752,14.501,51.753,0.500,0,1039724,1656100,162788,4962268,24228.433,11122.658,0,1340.079,0,39.002,6287,6984,1.610,1.040,0.560,2,0,229.014,0,0,10,4,1,17,2
20-01 16:03:48,31.433,11.974,54.882,0.249,0,1186792,1484160,163044,5109744,189646.213,8698.342,15.966,2630.358,0.998,75.837,4949,3997,1.610,1.040,0.560,2,0,117.747,0,0,11,6,1,17,2
20-01 16:03:49,39.284,11.009,47.541,1.752,0,1221336,1430116,163996,5125684,10417.934,1737.490,32.027,6089.222,2.002,71.061,4639,3331,1.610,1.040,0.560,3,0,178.153,0,0,11,6,1,19,2
20-01 16:03:50,45.290,5.255,48.293,0.751,0,1291140,1344868,164504,5138524,7908.063,1695.514,0,2530.260,0,36.032,3038,1588,1.610,1.040,0.560,2,0,3.003,0,0,11,6,1,19,2
20-01 16:03:51,39.978,5.997,47.474,5.247,0,1304140,1302948,165832,5163736,6036.643,1619.100,0,19297.267,0,1319.266,10027,12393,1.610,1.040,0.560,3,0,18.989,0,0,11,8,1,19,2
20-01 16:03:52,35.707,7.241,42.449,12.984,0,1314492,1269836,167460,5182672,8297.052,1691.971,0,66296.508,0,4580.508,20744,30568,1.890,1.100,0.580,3,0,63.923,0,0,11,8,1,19,2
20-01 16:03:53,41.993,6.999,48.242,1.750,0,1327828,1230692,168544,5204820,7241.842,1619.741,0,5843.066,0,441.929,4599,2862,1.890,1.100,0.580,2,0,74.988,0,0,11,6,1,19,2
20-01 16:03:54,40.324,4.508,53.849,0.250,0,1253296,1321064,168668,5188652,46915.925,4187.670,0,1434.627,0,84.154,2920,1585,1.890,1.100,0.580,2,0,1.002,0,0,11,4,1,19,0
20-01 16:03:55,43.387,6.234,49.620,0.748,0,1295016,1279260,168728,5188676,44563.499,2688.970,0,8066.911,0,456.806,4489,3543,1.890,1.100,0.580,1,0,43.885,0,0,11,5,1,19,0
20-01 16:03:56,42.054,4.756,52.318,0.250,0,1320548,1246528,168852,5195140,12593.255,2900.744,0,1473.902,0,69.089,2944,1611,1.890,1.100,0.580,2,0,2.003,0,0,11,4,1,19,0
20-01 16:03:57,33.296,12.017,53.324,0.250,0,1229476,1335384,168876,5197096,15877.996,4557.313,0,532.738,0,25.035,4804,3401,1.890,1.120,0.590,2,0,278.386,0,0,11,5,1,19,0
20-01 16:03:58,31.513,24.510,42.268,0.250,0,1196512,1361732,169404,5202120,8053.397,1794.757,0,1184.500,0,65.027,14392,22088,1.890,1.120,0.590,2,0,478.202,0,0,11,4,1,19,0
20-01 16:03:59,48.960,18.235,30.225,0,0,1204736,1353168,169496,5202304,6244.860,1618.668,0,83.931,0,0.999,12614,21547,1.890,1.120,0.590,3,0,272.775,0,0,11,5,1,19,0
20-01 16:04:00,65.868,9.980,24.202,0.499,0,1246716,1325820,169504,5189464,8855.287,1616.766,0,8794.409,0,352.295,4569,1664,1.890,1.120,0.590,5,0,9.980,0,0,11,5,1,19,0
20-01 16:04:01,61.871,10.020,27.804,0,0,1286744,1285248,169512,5190000,7412.522,1623.180,0,308.605,0,21.041,3813,1879,1.890,1.120,0.590,2,0,66.130,0,0,11,5,1,19,0
20-01 16:04:02,36.965,9.990,51.701,0,0,1315880,1253756,169552,5192320,9713.753,1456.613,0,2525.596,0,109.895,5027,5077,1.900,1.130,0.600,1,0,109.895,0,0,11,4,1,19,0
20-01 16:04:03,9.489,5.494,84.405,0,0,1319908,1249708,169560,5192324,8521.371,1618.172,0,407.539,0,27.968,2598,7752,1.900,1.130,0.600,1,0,66.924,0,0,11,4,1,19,0
20-01 16:04:04,21.758,3.501,73.776,0,0,1388708,1180908,169560,5192324,8732.049,1620.566,0,0,0,0,1837,1265,1.900,1.130,0.600,2,0,0,0,0,11,4,1,19,0
20-01 16:04:05,24.237,2.749,73.212,0,0,1395468,1173964,169560,5192504,8915.337,1693.114,0,14224.559,0,47.975,1846,1067,1.900,1.130,0.600,1,0,0,0,0,11,4,1,19,0
20-01 16:04:06,21.012,4.753,71.541,0.750,0,1410644,1158640,169640,5192572,5384.099,1620.933,0,2361.359,0,215.124,4266,4994,1.900,1.130,0.600,1,0,43.025,0,0,11,4,1,21,0
20-01 16:04:07,21.511,2.751,73.537,1.001,0,1407104,1161768,169912,5192672,8384.258,1620.823,372.189,384.195,20.010,4.002,1831,1308,1.910,1.150,0.610,1,0,0,0,0,11,4,1,15,0
20-01 16:04:08,18.240,2.748,77.457,0.250,0,1404688,1163964,169912,5192864,12723.896,5701.817,0,1011.435,0,15.991,2430,2291,1.910,1.150,0.610,2,0,0.999,0,0,11,17,1,15,0
20-01 16:04:09,16.261,4.503,73.802,4.503,0,1378440,1189728,169968,5193232,12559.859,5580.937,268.189,5936.187,66.047,242.171,3071,2575,1.910,1.150,0.610,1,0,45.032,0,0,11,28,1,16,0
20-01 16:04:10,19.997,5.499,73.988,0,0,1429068,1139092,169972,5193236,10255.315,3589.410,0,30075.058,0,108.982,2166,1493,1.910,1.150,0.610,0,0,0,0,0,11,29,1,16,0
20-01 16:04:11,17.032,6.763,75.641,0,0.250,1402024,1166116,169972,5193256,27210.565,6656.370,0,12.022,0,3.006,3271,2520,1.910,1.150,0.610,2,0,134.249,0,0,11,28,1,17,0
20-01 16:04:12,42.745,7.499,48.494,0,0,1522520,1045612,169972,5193264,9024.945,1619.811,0,0,0,0,3048,1654,1.920,1.160,0.610,2,0,22.997,0,0,11,28,1,17,0
20-01 16:04:13,30.249,3.750,64.997,0.250,0,1535288,1032772,169972,5193336,37906.522,16260.366,0,3311.871,0,21.999,4420,5332,1.920,1.160,0.610,1,0,0,0,0,11,30,1,17,0
20-01 16:04:14,48.134,21.199,30.177,0.249,0,1492444,1075444,169976,5193504,25598.105,5690.241,0,255.382,0,32.920,6624,6769,1.920,1.160,0.610,5,0,460.886,0,0,11,28,1,18,0
20-01 16:04:15,83.877,16.024,0,0,0,1636168,931696,169976,5193528,9019.606,4023.069,0,1970.973,0,7.011,5270,3283,1.920,1.160,0.610,7,0,116.175,0,0,11,29,1,18,0
20-01 16:04:16,85.150,9.461,5.229,0,0,1747740,820084,169976,5193564,48191.926,30738.661,0,278.854,0,13.943,7210,8484,1.920,1.160,0.610,6,0,0,0,0,11,33,1,18,0
20-01 16:04:17,54.041,14.579,31.419,0,0.251,1532724,1034844,169992,5193804,25604.003,15526.687,0,703.793,0,69.374,7742,9902,2.090,1.210,0.630,2,0,300.620,0,0,11,28,1,23,0
20-01 16:04:18,21.484,3.997,73.195,0.250,0,1536308,1031252,169996,5193808,10435.093,1618.773,0,151.885,0,7.994,2071,1503,2.090,1.210,0.630,1,0,10.992,0,0,11,28,1,23,0
20-01 16:04:19,14.492,1.999,82.207,0.250,0.250,1520808,1046732,170004,5193820,29269.547,8591.464,0,219.884,0,19.989,2878,3114,2.090,1.210,0.630,1,0,0,0,0,11,28,1,24,0
20-01 16:04:20,18.508,8.504,72.532,0,0,1463996,1103540,170004,5193824,8493.729,1620.711,0,32154.116,0,113.050,2837,2024,2.090,1.210,0.630,1,0,68.030,0,0,11,28,1,23,0
20-01 16:04:21,18.237,2.248,78.695,0,0,1452724,1114800,170004,5193836,12633.128,7544.701,0,955.329,0,10.992,2391,2263,2.090,1.210,0.630,0,0,0,0,0,11,29,1,23,0
20-01 16:04:22,11.260,14.763,72.316,0.500,0,1395268,1172212,170040,5193844,12969.785,2872.610,0,1377.251,0,98.089,5409,4763,2,1.200,0.640,1,0,323.294,0,0,11,28,1,24,0
20-01 16:04:23,40.413,29.187,29.936,0,0,1421456,1145980,170040,5193888,9278.069,1710.326,0,47.897,0,11.974,6262,5232,2,1.200,0.640,5,0,714.465,0,0,11,28,1,24,0
20-01 16:04:24,85.228,12.283,2.757,0,0,1630044,937372,170044,5193896,50302.604,10032.847,0,1852.958,0,94.252,5398,2861,2,1.200,0.640,3,0,0,0,0,11,31,1,24,0
20-01 16:04:25,70.849,9.480,18.960,0,0,1655016,912156,170060,5194120,82961.829,35262.694,0,61899.808,0,204.563,9047,13061,2,1.200,0.640,4,0,23.949,0,0,11,31,1,24,0
20-01 16:04:26,75.653,21.544,2.255,0,0,1537940,1029164,170068,5194180,16810.024,8700.610,0,488.990,0,51.103,6644,7501,2,1.200,0.640,7,0,286.580,0,0,11,28,1,25,0
20-01 16:04:27,89.481,10.498,0.250,0,0,1701992,865028,170076,5194256,18740.104,11736.560,0,203.958,0,9.998,5438,3560,2.320,1.280,0.660,6,0,0,0,0,11,31,1,25,0
20-01 16:04:28,81.176,10.740,8.492,0,0,1737116,829544,170080,5194612,49924.469,39905.606,0,571.479,0,11.989,9020,13154,2.320,1.280,0.660,4,0,49.954,0,0,11,32,1,27,0
20-01 16:04:29,54.522,13.506,31.513,0,0,1518164,1048296,170096,5194796,22451.254,15977.585,0,436.180,0,38.016,6364,8850,2.320,1.280,0.660,2,0,248.102,0,0,11,28,1,30,0
20-01 16:04:30,40.526,4.503,53.534,0.500,0,1559984,1006468,170096,5194804,11499.298,6152.905,0,6227.952,0,372.236,3490,1758,2.320,1.280,0.660,1,0,0,0,0,11,30,1,30,0
20-01 16:04:31,31.747,12.499,54.494,0,0,1480628,1085868,170112,5194848,22190.587,14153.461,0,375.959,0,29.997,5486,6724,2.320,1.280,0.660,3,0,292.968,0,0,11,29,1,31,0
20-01 16:04:32,69.276,13.505,17.757,0,0,1534624,1031792,170168,5194872,10804.016,3489.297,0,3673.366,0,195.073,4948,3668,2.770,1.400,0.700,2,0,86.032,0,0,11,29,1,32,0
20-01 16:04:33,44.240,4.749,49.738,0,0,1553220,1013020,170168,5195048,29310.177,24485.300,0,175.959,0,8.998,5252,6861,2.770,1.400,0.700,2,0,0,0,0,11,31,1,32,0
20-01 16:04:34,66.761,20.003,13.002,0.250,0,1501260,1064924,170180,5195092,16775.845,6221.055,0,520.088,0,53.009,6212,5826,2.770,1.400,0.700,4,0,258.044,0,0,11,28,1,33,0
20-01 16:04:35,70.506,7.751,21.252,0,0,1604116,962044,170184,5195108,25343.046,17841.440,0,300.024,0,22.002,5029,3440,2.770,1.400,0.700,3,0,0,0,0,11,32,1,33,0
20-01 16:04:36,61.496,15.499,21.999,0.250,0,1467796,1098128,170200,5195328,35972.712,25731.363,0,1871.881,0,112.993,9529,13508,2.770,1.400,0.700,4,0,299.981,0,0,11,28,1,31,0
20-01 16:04:37,63.968,11.494,23.988,0,0,1571488,994420,170200,5195344,8373.814,1619.191,0,187.906,0,11.994,3700,1532,2.790,1.420,0.720,3,0,23.988,0,0,11,28,1,31,0
20-01 16:04:38,44.708,4.995,50.203,0.250,0,1576944,988908,170208,5195392,29938.911,25074.475,0,203.809,0,18.982,5548,7005,2.790,1.420,0.720,1,0,0,0,0,11,30,1,32,0
20-01 16:04:39,58.828,19.276,21.779,0,0,1498120,1067672,170224,5195436,18001.015,7095.466,0,304.406,0,24.032,5745,5699,2.790,1.420,0.720,3,0,299.399,0,0,11,28,1,33,0
20-01 16:04:40,54.979,5.248,38.985,0,0,1558960,1006688,170224,5195580,20496.107,13986.614,0,2507.035,0,90.965,4087,2636,2.790,1.420,0.720,4,0,0,0,0,11,31,1,30,0
20-01 16:04:41,51.148,17.465,29.691,0.250,0,1454436,1110880,170232,5195904,26363.329,17078.879,0,878.245,0,49.900,7189,9402,2.790,1.420,0.720,3,0,286.428,0,0,11,28,1,33,0
20-01 16:04:42,58.499,6.750,34.749,0,0,1544904,1020396,170236,5195916,12151.707,7752.813,0,159.996,0,8.000,3586,1886,2.810,1.450,0.730,2,0,1.000,0,0,11,31,1,33,0
20-01 16:04:43,53.134,6.015,40.101,0,0,1500580,1064528,170240,5196104,30346.257,20944.632,0,308.776,0,34.086,6291,8065,2.810,1.450,0.730,3,0,31.078,0,0,11,28,1,35,0
20-01 16:04:44,61.499,13.250,24.500,0.250,0,1539424,1025672,170244,5196112,7466.938,1619.987,0,163.999,0,8.000,4175,2068,2.810,1.450,0.730,3,0,80.999,0,0,11,28,1,35,0
20-01 16:04:45,43.995,5.499,49.744,0,0,1570932,994120,170244,5196156,28890.793,23783.360,0,1487.835,0,137.985,5316,6449,2.810,1.450,0.730,2,0,0,0,0,11,31,1,35,0
20-01 16:04:46,59.257,24.503,16.252,0,0,1503040,1061944,170248,5196220,9638.174,5229.637,0,572.070,0,57.007,6702,6647,2.810,1.450,0.730,7,0,516.063,0,0,11,28,1,37,0
20-01 16:04:47,80.507,18.694,0.249,0,0,1656112,908828,170260,5196252,13290.952,5761.639,0,215.351,0,10.967,5626,4824,3.150,1.540,0.760,7,0,392.816,0,0,11,29,1,37,0
20-01 16:04:48,79.901,17.283,3.006,0,0,1745632,819032,170272,5196492,35939.816,29981.573,0,1659.131,0,69.130,7081,7810,3.150,1.540,0.760,6,0,402.760,0,0,11,33,1,37,0
20-01 16:04:49,76.077,22.273,1.251,0,0,1618080,946304,170292,5196752,42087.783,33170.719,0,464.472,0,46.047,8321,10780,3.150,1.540,0.760,5,0,512.521,0,0,11,28,1,38,0
20-01 16:04:50,84.948,14.491,0.250,0,0,1631992,932360,170296,5196776,11371.014,5539.597,0,123.924,0,8.994,5063,2765,3.150,1.540,0.760,5,0,35.978,0,0,11,29,1,38,0
20-01 16:04:51,74.659,6.991,17.479,0,0,1680868,883272,170304,5196980,43508.834,35106.102,0,107.868,0,5.993,7192,10025,3.150,1.540,0.760,3,0,0,0,0,11,32,1,39,0
20-01 16:04:52,45.054,20.525,33.540,0,0,1464712,1099348,170304,5197060,27764.429,20728.958,0,20.024,0,5.006,8815,11412,3.050,1.550,0.770,2,0,556.670,0,0,11,28,1,41,0
20-01 16:04:53,29.519,33.771,35.772,0,0,1493976,1070044,170304,5197100,6258.924,1621.016,0,104.065,0,15.009,6612,6030,3.050,1.550,0.770,5,0,890.558,0,0,11,28,1,41,0
20-01 16:04:54,76.698,13.741,9.743,0,0,1596076,967920,170304,5197124,47351.032,8498.263,0,0,0,0,4805,2931,3.050,1.550,0.770,3,0,156.894,0,0,11,31,1,41,0
20-01 16:04:55,61.206,8.494,29.229,0.250,0,1589564,974232,170316,5197312,68834.881,25221.003,0,699.501,0,64.954,7389,10038,3.050,1.550,0.770,4,0,67.952,0,0,11,29,1,44,0
20-01 16:04:56,76.358,19.528,4.256,0,0,1564128,999620,170320,5197356,12610.789,4120.813,0,316.446,0,26.037,5577,4132,3.050,1.550,0.770,4,0,200.283,0,0,11,28,1,45,0
20-01 16:04:57,64.697,7.244,27.977,0,0,1614436,949272,170320,5197396,35161.990,25655.833,0,167.862,0,7.993,5733,6959,2.970,1.560,0.780,6,0,0,0,0,11,32,1,45,0
20-01 16:04:58,51.479,5.998,41.483,0,0,1614032,949272,170324,5197796,52303.797,39650.926,0,215.912,0,18.992,11506,18580,2.970,1.560,0.780,4,1,0,0,0,11,31,2,45,0
20-01 16:04:59,73.583,15.017,10.512,0.250,0,1490884,1072368,170328,5197844,22888.834,12951.618,0,452.511,0,51.058,7694,9323,2.970,1.560,0.780,4,0,120.136,0,0,11,28,1,45,0
20-01 16:05:00,72.881,7.987,18.719,0,0,1612444,950780,170336,5197864,22893.618,17128.033,0,139.772,0,8.985,4805,3536,2.970,1.560,0.780,3,0,0,0,0,11,32,1,45,0
20-01 16:05:01,55.078,6.509,37.303,0,0,1613948,949016,170336,5198124,45230.811,38183.869,0,380.537,0,46.065,10027,17226,2.970,1.560,0.780,2,0,3.004,0,0,11,32,1,45,0
20-01 16:05:02,63.757,13.251,22.752,0,0,1508228,1054544,170336,5198344,37620.845,25837.641,0,140.014,0,8.001,8904,12157,3.050,1.600,0.790,4,0,206.021,0,0,11,28,1,49,0
20-01 16:05:03,80.760,13.502,5.001,0,0,1612900,949856,170336,5200596,15938.033,7130.909,0,124.016,0,7.001,5183,4861,3.050,1.600,0.790,6,0,89.011,0,0,11,30,1,49,0
20-01 16:05:04,59.685,7.991,31.716,0,0,1635336,927204,170340,5198572,37280.565,32410.847,0,107.883,0,7.991,8120,15631,3.050,1.600,0.790,3,0,1.998,0,0,11,31,1,51,0
20-01 16:05:05,70.838,15.770,13.267,0,0,1508956,1053368,170356,5198772,28088.038,17559.905,0,408.510,0,38.047,7804,10127,3.050,1.600,0.790,4,0,128.160,0,0,11,28,1,51,0
20-01 16:05:06,73.496,9.749,16.749,0,0,1617656,944648,170356,5198792,17671.981,12341.288,0,231.987,0,15.999,4688,2810,3.050,1.600,0.790,3,0,0,0,0,11,31,1,51,0
20-01 16:05:07,65.451,13.240,20.734,0.250,0,1645580,916652,170364,5198856,31586.219,21711.653,0,399.699,0,40.969,6988,9322,3.130,1.640,0.810,3,0,119.910,0,0,11,30,1,53,0
20-01 16:05:08,67.053,8.507,24.269,0,0,1634852,927172,170364,5199064,37746.749,28712.629,0,240.189,0,22.017,6963,10247,3.130,1.640,0.810,5,0,60.047,0,0,11,32,1,55,0
20-01 16:05:09,71.631,16.223,11.481,0,0,1545896,1016068,170368,5199120,19822.019,14744.467,0,199.668,0,13.977,6176,7387,3.130,1.640,0.810,4,0,168.719,0,0,11,32,1,55,0
20-01 16:05:10,73.868,9.766,16.276,0,0,1607348,954448,170368,5199252,23857.991,16800.753,0,160.255,0,9.014,5000,4534,3.130,1.640,0.810,2,0,2.003,0,0,11,34,1,56,0
20-01 16:05:11,66.231,11.747,21.494,0,0,1632872,928732,170372,5199440,28164.753,20556.981,0,483.858,0,51.985,6247,7674,3.130,1.640,0.810,3,0,67.980,0,0,11,34,1,57,0
20-01 16:05:12,59.219,11.244,28.235,0,0.250,1596316,965252,170380,5199468,20802.189,15264.067,0,403.790,0,37.980,5784,5749,3.280,1.690,0.830,3,0,138.928,0,0,11,34,1,59,0
20-01 16:05:13,55.047,12.511,32.778,0.250,0,1531420,1030104,170404,5199488,17968.291,8787.478,0,380.324,0,35.030,5001,4448,3.280,1.690,0.830,3,0,120.102,0,0,11,33,1,59,0
20-01 16:05:14,51.122,8.728,38.902,0.249,0,1554444,1007012,170412,5199548,20571.327,13454.205,0,207.479,0,16.957,5433,5227,3.280,1.690,0.830,3,0,95.759,0,0,11,34,1,60,0
20-01 16:05:15,56.883,9.522,33.829,0,0,1587976,973300,170412,5199728,26602.086,16530.580,0,196.459,0,11.026,5463,7271,3.280,1.690,0.830,3,0,43.101,0,0,11,32,1,62,0
20-01 16:05:16,53.246,9.249,36.747,0.250,0,1571380,989704,170416,5199916,16763.717,11263.138,0,4347.667,0,153.988,5186,4342,3.280,1.690,0.830,3,0,42.997,0,0,11,34,1,62,0
20-01 16:05:17,38.224,6.745,54.213,0,0,1513112,1047916,170420,5199968,23173.089,18793.097,0,271.813,0,12.991,5302,6485,3.260,1.720,0.850,0,0,85.941,0,0,11,34,1,57,0
20-01 16:05:18,34.008,11.503,53.013,0.250,0,1430492,1130512,170424,5199988,15626.869,6606.636,0,412.102,0,33.008,5372,5293,3.260,1.720,0.850,3,0,135.033,0,0,11,32,1,59,0
20-01 16:05:19,39.244,4.499,55.991,0,0,1515620,1045376,170424,5199996,13839.885,8375.720,0,1623.752,0,13.998,2791,1762,3.260,1.720,0.850,2,0,0,0,0,11,34,1,59,0
20-01 16:05:20,34.278,6.255,58.298,0,0,1513848,1046940,170432,5200196,21064.351,12352.174,0,228.188,0,16.013,4680,5827,3.260,1.720,0.850,3,0,34.028,0,0,11,32,1,61,0
20-01 16:05:21,37.389,8.475,52.594,0,0,1484328,1076452,170432,5200204,14377.418,6461.862,0,159.528,0,9.970,3570,2527,3.260,1.720,0.850,3,0,103.693,0,0,11,33,1,59,0
20-01 16:05:22,34.593,7.019,57.655,0.251,0,1479384,1081360,170440,5200232,18390.546,9851.541,0,296.800,0,26.070,3826,3719,3.080,1.700,0.850,1,0,61.165,0,0,11,33,1,60,0
20-01 16:05:23,34.947,6.241,58.162,0,0,1440944,1119776,170444,5200252,15237.991,7821.190,0,251.620,0,21.967,3151,3196,3.080,1.700,0.850,1,0,4.992,0,0,11,33,1,61,0
20-01 16:05:24,36.480,4.248,58.468,0,0,1482960,1077728,170444,5200284,56101.579,15641.518,0,147.920,0,8.995,4043,4815,3.080,1.700,0.850,3,0,0,0,0,11,33,1,62,0
20-01 16:05:25,37.314,7.763,53.842,0.250,0,1488388,1072260,170460,5200308,46498.656,6951.909,0,312.535,0,33.057,4777,4664,3.080,1.700,0.850,2,0,48.082,0,0,11,32,1,62,0
20-01 16:05:26,39.479,4.997,54.720,0.250,0,1504580,1055896,170488,5200452,16395.081,8316.476,0,1886.973,0,114.937,3311,3154,3.080,1.700,0.850,2,0,0,0,0,11,33,1,62,0
20-01 16:05:27,27.031,10.012,61.821,0.250,0,1437728,1122644,170496,5200548,130553.121,15870.249,0,248.286,0,14.016,6357,6748,2.830,1.680,0.840,1,0,217.250,0,0,11,33,1,63,0
20-01 16:05:28,20.693,5.485,72.299,0,0,1465720,1094632,170508,5200556,11222.872,2890.981,0,247.314,0,20.942,2758,2585,2.830,1.680,0.840,2,0,64.820,0,0,11,32,1,64,0
20-01 16:05:29,18.523,2.002,79.097,0,0,1479248,1081096,170512,5200560,30482.485,7343.030,0,108.133,0,7.009,2399,2075,2.830,1.680,0.840,2,0,0,0,0,11,33,1,58,0
20-01 16:05:30,13.268,8.512,76.604,0.250,0,1405160,1155144,170524,5200588,36659.680,6529.849,0,400.543,0,35.047,4949,4878,2.830,1.680,0.840,1,0,219.297,0,0,11,32,1,59,0
20-01 16:05:31,19.718,5.990,73.380,0,0,1419952,1140348,170524,5200592,11025.036,1617.365,0,3.993,0,0.998,2361,1670,2.830,1.680,0.840,2,0,64.894,0,0,11,32,1,59,0
20-01 16:05:32,17.242,1.999,79.714,0,0,1435192,1125096,170524,5200604,24459.865,9971.460,0,187.914,0,39.982,2878,2887,2.600,1.650,0.840,1,0,1.000,0,0,11,33,1,59,0
20-01 16:05:33,19.793,5.512,74.413,0,0,1426344,1133920,170536,5200616,9402.547,3927.583,0,324.710,0,20.044,3086,2958,2.600,1.650,0.840,1,0,46.101,0,0,11,32,1,58,0
20-01 16:05:34,18.988,1.749,78.449,0,0,1427412,1132848,170536,5200620,15294.026,6656.659,0,267.825,0,1.999,1945,1554,2.600,1.650,0.840,1,0,0,0,0,11,33,1,58,0
20-01 16:05:35,16.994,2.499,78.721,0.250,0,1420928,1139152,170552,5200784,32300.158,10713.072,0,323.881,0,31.988,4888,6387,2.600,1.650,0.840,1,0,0,0,0,11,32,1,58,0
20-01 16:05:36,10.755,21.759,66.528,0.250,0,1349544,1210384,170552,5200936,11503.875,1620.687,0,2641.119,0,156.066,6123,4823,2.600,1.650,0.840,2,0,539.229,0,0,11,32,1,58,0
20-01 16:05:37,40.919,9.731,48.405,0,0,1448764,1111036,170564,5201052,8577.111,1616.816,0,439.135,0,24.951,3731,2563,2.550,1.650,0.840,2,0,88.825,0,0,11,32,1,56,0
20-01 16:05:38,41.091,6.514,46.353,5.512,0,1533868,1020272,171068,5205848,15633.642,1623.598,0,15241.774,0,1364.022,10334,12821,2.550,1.650,0.840,3,0,68.151,0,0,11,36,1,56,0
20-01 16:05:39,36.759,8.002,39.760,13.253,0,1545364,1003776,172080,5209576,8688.183,1620.407,0,45227.365,0,4321.086,23149,32798,2.550,1.650,0.840,4,0,97.024,0,0,11,36,1,56,0
20-01 16:05:40,43.210,7.243,45.707,3.497,0,1521020,1028384,172268,5209112,6398.009,1618.484,0,22758.689,0,1730.380,9974,12692,2.550,1.650,0.840,3,0,13.987,0,0,11,32,1,56,0
20-01 16:05:41,43.000,6.000,47.250,2.750,0,1530144,1019032,172344,5209260,14501.046,1458.005,0,4740.015,0,732.002,7953,9169,2.550,1.650,0.840,2,1,2.000,0,0,11,34,1,56,0
20-01 16:05:42,38.287,10.260,44.043,6.256,0,1526608,1021860,172660,5209636,9891.624,1621.578,0,17601.124,0,2209.149,17251,22643,2.590,1.680,0.860,2,0,89.087,0,0,11,32,1,51,0
20-01 16:05:43,22.486,3.748,72.204,0.750,0,1499380,1049024,172704,5209652,6507.841,1618.965,0,3485.772,0,199.872,2532,2165,2.590,1.680,0.860,1,0,12.992,0,0,11,32,1,51,0
20-01 16:05:44,21.978,3.746,73.178,0,0,1498208,1050188,172708,5209656,9920.216,1618.404,0,71.929,0,6.993,1983,1403,2.590,1.680,0.860,1,0,1.998,0,0,11,32,1,51,0
20-01 16:05:45,23.219,3.495,72.155,0.749,0,1461392,1086892,172796,5209676,10173.539,1691.762,0,7266.385,0,395.477,3217,3014,2.590,1.680,0.860,1,0,0.999,0,0,11,32,1,51,0
20-01 16:05:46,22.295,3.507,73.397,0,0,1511796,1036488,172796,5209676,9231.511,1697.404,0,48.096,0,5.010,1862,1249,2.590,1.680,0.860,2,0,2.004,0,0,11,32,1,47,0
20-01 16:05:47,22.256,2.751,73.519,0.250,0,1489356,1058912,172796,5209688,11166.821,1694.428,0,412.104,0,60.015,1908,1210,2.460,1.660,0.860,2,0,1.000,0,0,11,32,1,47,0
20-01 16:05:48,23.485,3.248,73.453,0,0,1521520,1026716,172804,5209712,6443.858,1692.912,0,7.995,0,1.999,1844,1144,2.460,1.660,0.860,1,0,1.999,0,0,11,32,1,47,0
20-01 16:05:49,21.998,4.000,73.492,0,0,1485680,1062468,172804,5209792,10810.793,1693.811,0,0,0,0,1842,1198,2.460,1.660,0.860,1,0,1.000,0,0,11,32,1,47,0
20-01 16:05:50,23.247,3.499,72.989,0,0,1531256,1016868,172804,5209792,9641.576,1531.774,0,3.999,0,1.000,1879,1115,2.460,1.660,0.860,1,0,7.999,0,0,11,32,1,46,0
20-01 16:05:51,22.239,3.498,72.965,0,0,1487316,1060704,172804,5209892,6465.854,1619.212,0,271.868,0,10.995,1967,1691,2.460,1.660,0.860,1,0,1.000,0,0,11,32,1,46,0
20-01 16:05:52,21.739,3.998,73.711,0.250,0,1468812,1079196,172804,5209904,9376.077,1693.111,0,307.838,0,18.990,2050,1457,2.350,1.650,0.860,1,0,1.999,0,0,11,32,1,46,0
20-01 16:05:53,22.998,2.500,73.494,0,0,1492240,1055748,172804,5209924,8266.279,1619.859,0,91.992,0,5.000,1829,1105,2.350,1.650,0.860,1,0,2.000,0,0,11,32,1,46,0
20-01 16:05:54,21.280,4.757,73.855,0,0,1473684,1074296,172804,5209932,44450.262,1622.309,0,4.006,0,1.001,1947,1400,2.350,1.650,0.860,1,0,1.001,0,0,11,32,1,41,0
20-01 16:05:55,22.470,3.246,73.651,0,0,1468528,1079432,172804,5209952,43595.187,1617.817,0,0,0,0,1900,1223,2.350,1.650,0.860,1,0,0.999,0,0,11,32,1,41,0
20-01 16:05:56,22.748,2.750,73.495,0,0,1508340,1039616,172804,5209952,5962.575,1693.879,0,0,0,0,1840,1218,2.350,1.650,0.860,1,0,2.000,0,0,11,32,1,41,0
20-01 16:05:57,12.030,16.542,70.428,0,0,1458180,1089604,172808,5210104,9519.058,1461.694,0,537.358,0,8.020,5292,3915,2.240,1.640,0.860,1,0,379.960,0,0,11,32,1,41,0
20-01 16:05:58,8.246,20.991,69.720,0.250,0,1433888,1113848,172812,5210148,7828.602,1619.297,0,955.585,0,47.979,6105,4475,2.240,1.640,0.860,1,0,431.813,0,0,11,32,1,37,0
20-01 16:05:59,8.006,21.517,69.053,0,0,1431972,1115724,172812,5210184,9450.257,1621.245,0,88.068,0,1.001,6259,4764,2.240,1.640,0.860,1,0,484.372,0,0,11,32,1,37,0
20-01 16:06:00,18.957,6.735,73.334,0,0,1451836,1095868,172812,5210172,7817.255,1616.331,0,3.991,0,0.998,2600,1901,2.240,1.640,0.860,1,0,77.823,0,0,11,32,1,37,0
20-01 16:06:01,23.000,3.250,73.250,0,0,1489088,1058600,172820,5210180,12561.945,1619.993,0,175.999,0,13.000,1906,1390,2.240,1.640,0.860,1,0,2.000,0,0,11,32,1,37,0
20-01 16:06:02,22.036,3.756,73.370,0,0,1479876,1067816,172820,5210176,7729.661,1622.658,0,336.551,0,23.038,2021,1519,2.140,1.630,0.860,1,0,3.005,0,0,11,32,1,35,0
20-01 16:06:03,22.980,2.248,73.936,0,0,1525740,1021952,172820,5210176,6243.610,1618.603,0,483.582,0,85.926,1910,1116,2.140,1.630,0.860,1,0,1.998,0,0,11,32,1,35,0
20-01 16:06:04,26.776,6.757,66.064,0,0,1469248,1078432,172820,5210184,6015.836,1621.573,0,0,0,0,2839,12584,2.140,1.630,0.860,2,0,37.036,0,0,11,32,1,36,0
20-01 16:06:05,21.982,3.497,73.691,0,0,1476604,1071064,172820,5210196,8937.871,1530.779,0,11.990,0,0.999,1835,1170,2.140,1.630,0.860,2,0,2.998,0,0,11,32,1,36,0
20-01 16:06:06,22.490,3.498,73.717,0,0,1511376,1036312,172820,5210176,6262.210,1619.279,0,3.998,0,1.000,1867,1345,2.140,1.630,0.860,1,0,0,0,0,11,32,1,31,0
20-01 16:06:07,22.738,2.749,73.461,0,0,1478912,1068756,172820,5210196,8732.347,1661.115,0,91.951,0,1.999,1848,1139,2.050,1.620,0.860,2,1,2.998,0,0,11,32,1,31,0
20-01 16:06:08,21.744,3.999,73.481,0.250,0,1493676,1054004,172820,5210184,7493.082,1619.585,0,2703.308,0,215.945,2190,1329,2.050,1.620,0.860,1,0,1.999,0,0,11,32,1,31,0
20-01 16:06:09,22.750,2.750,74.001,0,0,1477304,1070364,172820,5210196,8973.107,1620.019,0,16.000,0,2.000,1775,1120,2.050,1.620,0.860,1,0,1.000,0,0,11,32,1,31,0
20-01 16:06:10,22.251,3.750,73.253,0,0,1510208,1037480,172820,5210176,8084.374,1620.075,0,0,0,0,1789,1157,2.050,1.620,0.860,1,0,2.000,0,0,11,32,1,25,0
20-01 16:06:11,22.494,2.999,73.731,0,0,1485568,1062104,172820,5210200,6790.266,1619.586,0,183.953,0,12.997,1895,1397,2.050,1.620,0.860,2,0,1.000,0,0,11,32,1,25,0
20-01 16:06:12,22.504,3.751,72.764,0.250,0,1503480,1044272,172828,5210112,5948.182,1458.290,0,320.064,0,24.005,1910,1385,1.960,1.610,0.860,2,0,3.001,0,0,11,32,1,25,0
20-01 16:06:13,23.492,2.499,73.724,0,0,1476904,1070760,172828,5210200,11111.067,1619.427,0,1407.502,0,5.998,1781,1058,1.960,1.610,0.860,1,0,1.000,0,0,11,32,1,25,0
20-01 16:06:14,22.013,3.752,73.794,0,0,1501724,1045936,172828,5210204,7427.427,1662.991,0,12.007,0,1.001,1780,1308,1.960,1.610,0.860,1,0,1.001,0,0,11,32,1,18,0
20-01 16:06:15,22.494,2.999,73.981,0,0,1497788,1049892,172828,5210184,8995.705,1619.587,0,7.998,0,1.000,1834,1329,1.960,1.610,0.860,3,0,0,0,0,11,32,1,18,0
20-01 16:06:16,23.014,2.501,73.544,0,0,1482432,1065228,172828,5210204,7878.696,1620.966,0,20.012,0,1.001,1788,1141,1.960,1.610,0.860,2,0,3.002,0,0,11,32,1,18,0
20-01 16:06:17,22.764,3.502,73.294,0,0,1476712,1070964,172832,5210184,9216.530,1620.973,0,132.079,0,1.001,1796,1269,1.890,1.600,0.860,2,0,0,0,0,11,32,1,18,0
20-01 16:06:18,21.991,3.749,73.721,0,0,1484812,1062856,172832,5210192,6603.369,1619.355,0,23.990,0,2.999,1782,1267,1.890,1.600,0.860,2,0,1.000,0,0,11,32,1,13,0
20-01 16:06:19,23.026,2.753,73.583,0,0,1513024,1034644,172832,5210192,5886.614,1621.822,0,184.207,0,39.044,1820,1157,1.890,1.600,0.860,2,0,2.002,0,0,11,32,1,13,0
20-01 16:06:20,9.734,20.216,69.134,0,0,1453504,1094068,172832,5210256,8600.569,1455.558,0,223.625,0,9.983,5868,4411,1.890,1.600,0.860,1,0,459.229,0,0,11,32,1,13,0
20-01 16:06:21,22.508,3.501,73.526,0,0,1500608,1046944,172832,5210276,7549.642,1694.593,0,140.049,0,10.004,2002,1590,1.890,1.600,0.860,1,0,0,0,0,11,32,1,13,0
20-01 16:06:22,23.033,2.504,73.105,0,0,1483768,1063496,172840,5210520,6442.276,1622.336,0,324.467,0,22.032,2002,1288,1.810,1.590,0.860,1,0,10.014,0,0,11,32,1,13,0
20-01 16:06:23,22.967,2.746,73.643,0,0,1487916,1059348,172840,5210520,9378.392,1711.517,0,59.913,0,0.999,1861,1272,1.810,1.590,0.860,1,0,0,0,0,11,32,1,10,0
20-01 16:06:24,16.258,13.006,69.533,0.500,0,1475596,1071536,172840,5210652,42224.168,1620.774,40.019,52.025,2.001,3.001,4194,3018,1.810,1.590,0.860,1,0,285.136,0,0,11,32,1,10,0
20-01 16:06:25,8.505,21.263,69.041,0,0,1455964,1091088,172840,5210680,45253.099,1620.971,0,120.072,0,5.003,6241,4545,1.810,1.590,0.860,1,0,456.273,0,0,11,32,1,10,0
20-01 16:06:26,9.007,22.018,68.057,0,0,1428444,1118572,172840,5210712,7068.876,1663.383,0,204.170,0,4.003,6410,4883,1.810,1.590,0.860,1,0,523.435,0,0,11,32,1,10,0
20-01 16:06:27,7.743,22.730,67.941,0,0,1426788,1120188,172840,5210744,6158.620,1618.586,0,1342.827,0,15.986,6338,4885,1.750,1.580,0.860,1,0,515.550,0,0,11,32,1,7,0
20-01 16:06:28,8.007,22.520,69.060,0,0,1427940,1119008,172840,5210772,8393.336,1459.275,0,1345.176,0,17.015,6357,4780,1.750,1.580,0.860,1,0,512.448,0,0,11,32,1,7,0
20-01 16:06:29,7.750,22.749,68.497,0,0,1418624,1128292,172840,5210796,7655.665,1619.929,0,919.960,0,10.000,6029,4458,1.750,1.580,0.860,1,0,446.980,0,0,11,32,1,7,0
20-01 16:06:30,7.995,21.237,69.706,0,0,1391636,1155224,172840,5210836,10155.596,1618.979,0,459.710,0,42.973,6482,5055,1.750,1.580,0.860,1,0,491.690,0,0,11,32,1,7,0
20-01 16:06:31,8.755,21.762,68.037,0.250,0,1389488,1157300,172884,5210880,9226.010,1620.880,0,4434.408,0,197.107,6882,5710,1.750,1.580,0.860,2,0,471.256,0,0,11,32,1,4,0
20-01 16:06:32,8.989,20.724,68.665,0,0,1380164,1166588,172884,5210916,8347.616,1617.987,0,395.508,0,29.963,6549,5184,1.850,1.600,0.880,1,0,521.351,0,0,11,32,1,4,0
20-01 16:06:33,22.514,27.016,49.780,0,0,1375340,1171356,172900,5210952,6451.917,1620.984,0,600.364,0,33.020,7300,6450,1.850,1.600,0.880,2,1,725.440,0,0,11,34,1,6,0
20-01 16:06:34,64.808,13.762,21.519,0.500,0,1544320,1001968,172944,5211312,7576.834,1621.463,0,804.726,0,48.043,4555,3102,1.850,1.600,0.880,3,0,200.181,0,0,11,32,1,10,0
20-01 16:06:35,54.468,9.494,26.234,8.745,0,1628720,908280,173556,5218992,6295.266,1619.040,371.779,21151.453,2.998,1642.026,10609,15482,1.850,1.600,0.880,2,1,60.964,0,0,11,38,1,9,0
20-01 16:06:36,31.726,9.992,27.729,28.228,0,1637100,894700,174088,5223396,8697.353,1618.763,0,42823.273,0,3028.685,13930,23005,1.850,1.600,0.880,1,2,105.919,0,0,11,36,1,10,0
20-01 16:06:37,25.281,5.256,34.292,34.041,0,1635072,893692,174328,5226036,12468.137,6572.980,0,26255.875,0,1838.232,9711,14397,2.020,1.640,0.890,1,2,21.026,0,0,11,37,1,10,0
20-01 16:06:38,23.969,7.990,37.701,28.463,0,1610952,913132,174604,5230272,12875.161,5852.346,0,40483.053,0,3065.990,16630,23471,2.020,1.640,0.890,5,0,120.842,0,0,11,36,1,11,0
20-01 16:06:39,32.974,8.493,34.223,22.482,0,1663232,854940,174776,5235772,7643.888,1688.650,0,42174.276,0,3303.359,16166,22414,2.020,1.640,0.890,1,1,32.974,0,0,11,36,1,9,0
20-01 16:06:40,28.549,5.760,36.562,28.298,0,1673712,840052,174900,5239932,16033.394,9210.737,0,29718.776,0,2608.457,14722,20185,2.020,1.640,0.890,2,1,30.051,0,0,11,37,1,9,0
20-01 16:06:41,42.511,14.254,29.757,10.753,0,1584364,921228,175604,5247120,18685.627,11427.830,0,63999.848,0,4758.178,22386,36944,2.020,1.640,0.890,3,1,224.055,0,0,11,35,1,9,0
20-01 16:06:42,36.756,15.253,31.005,14.252,0,1537720,958740,175992,5255920,9402.550,3715.612,372.061,53664.845,6.001,3963.653,19929,31583,2.260,1.700,0.920,2,1,157.026,0,0,11,34,1,9,0
20-01 16:06:43,43.496,14.999,27.747,11.749,0,1580144,912648,176336,5258684,12096.875,6660.381,527.951,52474.121,6.999,4076.621,20927,32304,2.260,1.700,0.920,1,2,152.986,0,0,11,35,1,9,0
20-01 16:06:44,37.747,13.749,36.497,10.249,0,1593420,895012,176356,5262856,16887.662,8641.316,1271.899,51977.883,27.998,4047.679,23797,34682,2.260,1.700,0.920,2,0,203.984,0,0,11,35,1,9,0
20-01 16:06:45,32.955,8.488,46.187,10.486,0.250,1521604,967116,176620,5262272,16687.079,9536.900,0,42661.401,0,3908.631,21579,32770,2.260,1.700,0.920,1,1,96.867,0,0,11,34,0,10,0
20-01 16:06:46,37.551,9.012,39.554,11.516,0,1571788,915712,176956,5263116,9337.702,1622.207,0,46575.358,0,4532.165,22572,32446,2.260,1.700,0.920,2,0,45.061,0,0,11,36,0,10,0
20-01 16:06:47,35.193,6.490,45.926,9.984,0,1579040,906152,177088,5265256,16955.749,9931.039,0,46740.880,0,4095.418,20212,31790,2.240,1.700,0.920,0,1,38.937,0,0,11,37,0,10,0
20-01 16:06:48,32.489,6.998,47.233,11.246,0,1573484,908996,177156,5267820,19997.963,12288.676,0,48362.981,0,4445.436,24140,36116,2.240,1.700,0.920,4,1,62.978,0,0,11,37,0,10,0
20-01 16:06:49,35.073,10.271,40.334,11.274,0,1536316,942588,177280,5271184,6634.838,2089.358,0,59884.901,0,4849.114,24322,34828,2.240,1.700,0.920,2,1,81.169,0,0,11,36,0,10,0
20-01 16:06:50,32.725,8.993,43.966,11.991,0,1557336,918092,177448,5274360,11688.905,6697.788,0,68942.356,0,5381.812,24738,37868,2.240,1.700,0.920,3,0,89.930,0,0,11,37,0,10,0
20-01 16:06:51,32.761,7.252,47.766,11.004,0,1555504,916948,177516,5277172,21644.384,12608.302,0,52545.927,0,4633.581,25457,38672,2.240,1.700,0.920,3,0,75.026,0,0,11,37,0,10,0
20-01 16:06:52,32.263,11.505,42.767,11.755,0,1512776,963724,177556,5273080,14838.852,5808.291,0,53048.921,0,4721.862,23771,36263,2.300,1.730,0.930,2,1,74.029,0,0,11,36,0,11,0
20-01 16:06:53,34.753,6.251,45.754,12.001,0,1566564,910056,177616,5272924,8364.770,3909.360,0,47652.386,0,3710.341,16940,27333,2.300,1.730,0.930,1,0,40.004,0,0,11,35,0,12,0
20-01 16:06:54,29.207,12.981,55.918,0.749,0,1419848,1056708,177624,5272980,52802.007,8111.173,0,9530.104,0,547.202,6659,7156,2.300,1.730,0.930,1,0,245.642,0,0,11,32,0,13,0
20-01 16:06:55,21.763,3.502,73.294,0.250,0,1437236,1039320,177624,5272980,42886.635,1458.872,0,1416.847,0,73.044,2006,1430,2.300,1.730,0.930,2,0,0,0,0,11,32,0,13,0
20-01 16:06:56,16.248,2.250,80.988,0.250,0.250,1445532,1031016,177624,5272988,15976.631,8339.764,0,1079.840,0,71.989,2590,2761,2.300,1.730,0.930,2,0,0,0,0,11,32,0,14,0
20-01 16:06:57,19.022,6.758,72.834,0.250,0,1471140,1005408,177624,5272988,10392.048,1621.880,0,520.604,0,30.035,2696,1860,2.200,1.710,0.930,1,0,60.070,0,0,11,32,0,14,0
20-01 16:06:58,17.455,2.244,79.294,0,0,1480240,995956,177624,5273340,13407.101,8565.703,0,1831.233,0,194.494,2515,2319,2.200,1.710,0.930,1,0,0,0,0,11,33,0,14,0
20-01 16:06:59,17.998,5.750,74.744,0,0,1418668,1057504,177628,5273360,13681.821,5207.551,0,563.951,0,26.998,3336,3374,2.200,1.710,0.930,1,0,42.996,0,0,11,32,0,15,0
20-01 16:07:00,19.259,1.751,78.037,0.250,0,1460268,1015768,177632,5273492,13937.667,6833.269,0,404.193,0,28.013,1944,1603,2.200,1.710,0.930,1,0,0,0,0,11,33,0,15,0
20-01 16:07:01,17.995,2.249,77.978,0.500,0,1455124,1020888,177636,5273512,12304.599,7304.981,0,2239.381,0,140.961,3568,4388,2.200,1.710,0.930,1,0,0,0,0,11,32,0,16,0
20-01 16:07:02,9.769,20.290,68.385,0.250,0,1422664,1053192,177636,5273668,8675.116,1623.203,0,280.554,0,20.040,6100,4622,2.100,1.700,0.930,1,0,453.896,0,0,11,32,0,16,0
20-01 16:07:03,45.764,17.505,36.511,0.250,0,1475180,1000452,177652,5273876,7154.237,1458.456,0,756.236,0,62.019,5716,4315,2.100,1.700,0.930,4,0,345.108,0,0,11,32,0,22,0
20-01 16:07:04,71.763,8.752,18.753,0,0,1644200,829904,177684,5275340,9287.638,1620.286,0,992.175,0,59.010,4219,11263,2.100,1.700,0.930,4,0,39.007,0,0,11,32,0,23,0
20-01 16:07:05,68.135,7.238,23.960,0,0,1767416,702640,177820,5278888,9441.097,1617.276,0,7375.576,0,215.637,4321,2014,2.100,1.700,0.930,4,0,5.990,0,0,11,32,0,23,0
20-01 16:07:06,41.032,9.257,37.780,10.759,0,1783876,673716,177964,5290592,7398.850,1663.315,0,77873.568,0,5608.434,26043,40090,2.100,1.700,0.930,1,2,201.159,0,0,11,38,0,23,0
20-01 16:07:07,28.763,10.005,44.020,14.757,0,1783340,662880,178036,5301544,9360.354,1620.754,0,110239.276,0,8047.743,34854,53094,2.410,1.770,0.960,4,0,234.109,0,0,11,38,0,23,0
20-01 16:07:08,43.467,10.492,32.226,11.491,0,1708588,729184,178124,5309632,10517.125,1618.788,0,75391.549,0,6182.371,30892,47926,2.410,1.770,0.960,4,1,215.838,0,0,11,36,0,22,0
20-01 16:07:09,41.435,11.732,30.702,13.479,0,1746732,680600,178212,5319600,9417.232,1617.464,0,93637.162,0,6324.083,30468,44094,2.410,1.770,0.960,1,3,168.735,0,0,11,36,0,22,0
20-01 16:07:10,44.358,9.523,32.830,11.027,0,1795376,620068,178240,5330992,7272.691,1623.950,0,77259.940,0,5053.292,24503,34230,2.410,1.770,0.960,3,0,0,0,0,11,36,0,22,0
20-01 16:07:11,43.665,8.733,33.685,11.727,0,1817076,592056,178264,5337048,9750.129,1616.871,0,76264.396,0,5699.968,28107,40004,2.410,1.770,0.960,3,0,73.857,0,0,11,38,0,22,0
20-01 16:07:12,40.002,8.251,44.003,7.000,0,1749104,658220,178284,5338776,9835.601,1620.099,0,57695.523,0,4138.253,19380,27406,2.380,1.780,0.970,2,0,136.008,0,0,11,32,0,22,0
20-01 16:07:13,19.007,11.004,68.026,1.250,0,1492536,914760,178284,5338804,6094.347,1458.562,0,6694.578,0,468.180,4687,4301,2.380,1.780,0.970,1,0,250.096,0,0,11,32,0,22,0
20-01 16:07:14,22.483,3.248,73.196,0.250,0,1543920,863376,178284,5338804,6638.126,1660.781,0,2050.494,0,137.899,2109,1725,2.380,1.780,0.970,1,0,0,0,0,11,32,0,22,0
20-01 16:07:15,24.745,2.000,71.984,0.500,0,1568808,838480,178284,5338812,10993.629,1619.651,0,5522.809,0,330.929,2722,3044,2.380,1.780,0.970,1,0,2.000,0,0,11,34,0,22,0
20-01 16:07:16,20.517,5.254,73.561,0,0,1506516,900772,178284,5338812,6208.149,1621.345,0,76.063,0,6.005,2151,1405,2.380,1.780,0.970,1,0,28.023,0,0,11,32,0,22,0
20-01 16:07:17,22.785,2.754,74.113,0,0,1557292,849868,178284,5338940,9063.874,1622.483,0,40.061,0,4.006,1751,1118,2.270,1.770,0.970,1,0,2.003,0,0,11,32,0,22,0
20-01 16:07:18,20.009,14.006,65.280,0,0,1412432,994696,178288,5338968,9009.155,1620.747,0,152.070,0,26.012,4370,3785,2.270,1.770,0.970,2,0,397.183,0,0,11,32,0,22,0
20-01 16:07:19,11.500,35.000,52.750,0.250,0,1421824,985232,178288,5339024,9149.997,1619.999,0,716.000,0,50.000,8005,7205,2.270,1.770,0.970,1,0,1021.000,0,0,11,32,0,22,0
20-01 16:07:20,7.747,22.242,69.225,0,0,1423664,983316,178288,5339100,9656.561,1619.423,0,263.906,0,14.995,6215,4648,2.270,1.770,0.970,2,0,499.822,0,0,11,32,0,22,0
20-01 16:07:21,8.494,20.486,69.702,0,0,1376084,1030836,178288,5339136,6716.350,1618.879,0,23.983,0,5.996,5686,4069,2.270,1.770,0.970,1,0,356.753,0,0,11,32,0,22,0
20-01 16:07:22,14.753,17.753,66.763,0,0,1380172,1026676,178288,5339156,7546.465,1458.283,0,24.005,0,6.001,5746,5281,2.170,1.750,0.970,5,0,286.056,0,0,11,32,0,22,0
20-01 16:07:23,34.981,12.993,50.473,0,0,1436480,970320,178300,5339636,10262.483,1619.130,0,87.953,0,3.998,5196,4861,2.170,1.750,0.970,2,0,193.896,0,0,11,33,0,22,0
20-01 16:07:24,41.777,9.256,48.782,0.250,0,1543444,863248,178300,5339740,42895.061,1715.122,0,1372.898,0,200.131,3172,1439,2.170,1.750,0.970,2,0,0,0,0,11,33,0,22,0
20-01 16:07:25,45.978,4.998,48.477,0,0,1618232,788236,178320,5339904,43709.166,1619.228,0,491.766,0,27.987,3752,2780,2.170,1.750,0.970,2,0,18.991,0,0,11,49,0,22,0
20-01 16:07:26,37.018,10.755,50.774,0.250,0,1651172,751044,178372,5343756,8483.059,1620.776,0,1340.642,0,136.065,5992,9522,2.170,1.750,0.970,1,0,156.075,0,0,11,48,0,22,0
20-01 16:07:27,17.220,16.970,65.136,0,0,1661632,740440,178376,5344216,10530.611,1617.176,0,267.533,0,6.988,7228,8573,2.070,1.740,0.970,2,0,312.454,0,0,11,48,0,22,0
20-01 16:07:28,4.999,2.500,91.486,0,0,1660904,741052,178376,5343912,12656.008,1619.745,0,187.970,0,17.997,1613,1891,2.070,1.740,0.970,0,0,27.996,0,0,11,48,0,22,0
20-01 16:07:29,0.250,0.750,97.446,0,0,1660904,741052,178376,5343912,7889.647,1619.107,0,403.777,0,28.984,752,1016,2.070,1.740,0.970,1,0,2.998,0,0,11,48,0,22,0
20-01 16:07:30,0.500,0.750,98.460,0,0,1660904,741052,178376,5343912,11573.333,1457.412,0,3.998,0,1.000,724,877,2.070,1.740,0.970,0,0,2.999,0,0,11,48,0,22,0
20-01 16:07:31,0.750,0.250,98.559,0,0.250,1660904,741052,178376,5343912,8168.896,1620.971,0,0,0,0,633,871,2.070,1.740,0.970,0,0,1.001,0,0,11,48,0,22,0
20-01 16:07:32,7.771,9.777,81.724,0,0,1646252,755716,178376,5344352,6281.215,1624.452,0,826.265,0,3.008,3730,4894,1.910,1.710,0.960,1,0,202.555,0,0,11,48,0,22,0
20-01 16:07:33,17.228,11.485,70.658,0,0,1647224,754752,178376,5343912,9329.859,1617.895,0,3.995,0,0.999,4377,5219,1.910,1.710,0.960,1,0,154.799,0,0,11,48,0,22,0
20-01 16:07:34,14.521,20.279,64.092,0,0.250,1698916,702824,178376,5344540,8248.885,1860.681,0,96.139,0,4.006,7157,7784,1.910,1.710,0.960,1,0,445.642,0,0,12,48,0,22,0
20-01 16:07:35,17.740,11.744,69.462,0.250,0,1696364,705276,178376,5344172,9169.971,1619.112,0,1910.952,0,41.977,5027,5811,1.910,1.710,0.960,1,0,166.908,0,0,12,64,0,22,0
20-01 16:07:36,5.236,8.975,84.768,0.249,0,1687256,714332,178376,5344240,11750.884,1615.584,0,243.335,0,10.970,2913,2663,1.910,1.710,0.960,3,0,193.471,0,0,14,64,0,15,0
20-01 16:07:37,19.007,12.254,67.523,0,0,1686036,715532,178376,5344260,19679.828,1620.562,0,32.011,0,7.002,5900,6999,1.830,1.700,0.960,0,0,198.069,0,0,14,64,0,15,0
20-01 16:07:38,8.752,20.755,68.766,0,0,1675400,726096,178376,5344320,9027.052,1620.368,0,176.040,0,13.003,6350,5209,1.830,1.700,0.960,1,0,462.105,0,0,14,66,0,15,0
20-01 16:07:39,13.036,19.554,67.187,0,0,1662448,739028,178376,5344784,11642.409,1462.070,0,465.295,0,34.095,6234,6052,1.830,1.700,0.960,1,0,309.863,0,0,14,66,0,15,0
20-01 16:07:40,24.996,17.997,55.242,0.250,0,1702216,699228,178384,5344356,10615.398,1619.756,0,5647.148,0,371.944,6595,6128,1.830,1.700,0.960,2,0,331.950,0,0,14,66,0,14,0
20-01 16:07:41,30.253,23.502,45.254,0,0,1782872,618504,178408,5344396,7219.600,1620.135,0,340.028,0,7.001,6838,5486,1.830,1.700,0.960,2,0,577.048,0,0,14,66,0,14,0
20-01 16:07:42,29.728,25.481,43.717,0,0,1899836,499928,178460,5345876,9203.144,1618.794,0,375.720,0,12.990,6961,8015,1.850,1.700,0.970,3,0,484.639,0,0,14,70,0,16,0
20-01 16:07:43,38.274,18.511,42.026,0,0,1995176,404520,178460,5345900,9357.801,1621.005,0,40.025,0,6.004,5934,7262,1.850,1.700,0.970,3,0,210.130,0,0,14,70,0,16,0
20-01 16:07:44,71.157,25.716,2.996,0.250,0,2130348,268840,178476,5346764,6475.497,1707.757,315.586,611.197,2.996,7.990,5273,5100,1.850,1.700,0.970,3,0,600.212,0,0,14,70,0,16,0
20-01 16:07:45,60.515,20.005,19.255,0,0,2181296,216848,178504,5348244,9056.229,1620.399,0,2120.522,0,124.031,6261,8820,1.850,1.700,0.970,5,0,276.068,0,0,14,70,0,16,0
20-01 16:07:46,69.258,25.503,4.000,1.000,0,2266800,144616,176880,5335756,9871.206,1620.198,256.031,1568.192,35.004,103.013,5668,5678,1.850,1.700,0.970,4,2,503.061,0,0,14,70,0,16,0
20-01 16:07:47,75.761,20.003,3.000,1.000,0,2428808,180744,172800,5146928,8003.191,1566.233,228.034,4460.664,18.003,361.054,8442,11043,2.020,1.740,0.990,3,1,224.033,0,0,14,74,0,16,0
20-01 16:07:48,67.683,22.977,5.495,3.746,0,2488540,183544,172560,5086148,8857.258,1510.509,1450.568,35776.689,97.903,2523.509,17765,25338,2.020,1.740,0.990,6,0,361.643,0,0,14,76,0,16,0
20-01 16:07:49,73.113,22.284,3.255,0.501,0,2608304,186748,171724,4966596,7099.937,1622.499,172.265,10900.792,13.020,807.243,11195,18188,2.020,1.740,0.990,4,1,317.489,0,0,14,82,0,20,0
20-01 16:07:50,64.263,22.755,12.253,0.750,0,2679292,188580,171704,4895560,10573.196,1662.345,568.118,2496.518,40.008,78.016,8347,12570,2.020,1.740,0.990,3,0,431.090,0,0,14,93,0,25,0
20-01 16:07:51,49.248,25.249,24.249,0.500,0,2819448,127656,171708,4818444,8971.686,1619.943,31.999,1027.964,5.000,59.998,8090,10694,2.020,1.740,0.990,3,0,510.982,0,0,14,93,0,25,0
20-01 16:07:52,40.615,16.694,42.359,0.249,0,2865004,143996,171708,4757596,5970.107,1614.620,3.987,944.852,0.997,46.844,5820,7800,2.420,1.830,1.020,4,0,227.243,0,0,14,95,0,25,0
20-01 16:07:53,59.708,12.795,25.087,1.505,0,3014756,127404,171720,4627576,5915.596,1625.660,2079.239,931.242,26.091,42.147,5570,7840,2.420,1.830,1.020,3,0,133.465,0,0,14,98,0,27,0
20-01 16:07:54,27.494,12.747,57.487,0.750,0,3051296,156292,171740,4563436,44311.167,1709.621,7.998,5326.818,2.000,287.936,5351,5047,2.420,1.830,1.020,2,0,170.962,0,0,14,101,0,28,0
20-01 16:07:55,7.997,20.243,70.474,0.250,0,3063704,143852,171740,4563468,42201.420,1619.402,0,12187.501,0,576.787,6799,4443,2.420,1.830,1.020,1,0,363.866,0,0,14,101,0,28,0
20-01 16:07:56,7.743,19.733,70.940,0,0,3068260,139264,171740,4563500,9762.715,1618.626,3.997,71.939,0.999,6.994,5825,4177,2.420,1.830,1.020,1,0,342.709,0,0,14,101,0,28,0
20-01 16:07:57,17.732,9.740,71.925,0,0,3121144,153828,171740,4497464,10507.085,1456.487,11.988,115.880,1.998,9.990,2946,2131,2.310,1.810,1.020,1,0,112.883,0,0,14,101,0,25,0
20-01 16:07:58,17.997,2.250,78.737,0,0,3140456,134492,171740,4497488,15670.462,8071.693,3.999,491.920,1.000,4.999,2032,1718,2.310,1.810,1.020,1,1,0,0,0,14,105,0,25,0
20-01 16:07:59,19.514,6.254,73.302,0.500,0,3105672,169240,171740,4497524,23548.578,17613.399,4.003,1765.243,1.001,30.021,2893,2586,2.310,1.810,1.020,1,0,64.045,0,0,14,105,0,26,0
20-01 16:08:00,19.249,2.500,77.246,0.250,0,3140528,134380,171740,4497528,11839.355,7282.603,0,323.982,0,26.999,2098,1970,2.310,1.810,1.020,1,0,1.000,0,0,14,108,0,26,0
20-01 16:08:01,21.037,3.506,74.131,0.250,0,3142136,132476,171752,4497784,9767.226,2447.316,4.007,685.208,1.002,72.127,2818,2956,2.310,1.810,1.020,3,0,3.005,0,0,14,116,0,25,0
20-01 16:08:02,26.729,5.246,65.200,1.249,0,3146320,127600,171752,4498444,10842.637,2694.921,383.704,1870.557,14.988,243.812,6373,8793,2.200,1.800,1.020,1,0,2.998,0,0,14,116,0,26,1
20-01 16:08:03,24.275,9.259,65.567,0,0,3150964,124832,171752,4496568,7216.371,1687.724,0,908.928,0,55.056,3843,3230,2.200,1.800,1.020,4,0,115.118,0,0,14,120,0,27,0
20-01 16:08:04,30.190,6.986,60.880,0.499,0,3229560,176144,171752,4369740,15441.443,7871.423,31.937,718.578,3.992,60.880,3926,11239,2.200,1.800,1.020,2,0,38.923,0,0,14,125,0,28,0
20-01 16:08:05,19.736,3.248,75.197,0.749,0,3234784,170852,171756,4369804,10152.834,3832.295,19.986,3937.221,1.999,145.897,3503,4195,2.200,1.800,1.020,1,0,0.999,0,0,14,125,0,20,0
20-01 16:08:06,34.217,9.241,54.698,0.500,0,3252632,152952,171768,4369844,11438.067,2691.427,0,1290.766,0,110.894,5184,5177,2.200,1.800,1.020,3,0,95.908,0,0,14,126,0,21,0
20-01 16:08:07,40.779,6.254,52.287,0,0,3328940,139576,171648,4308452,9971.124,4011.867,180.129,436.312,1.001,27.019,2931,1557,2.180,1.800,1.020,2,0,4.003,0,0,14,127,0,21,0
20-01 16:08:08,22.498,5.999,70.743,0,0,3300436,168060,171648,4308472,27730.128,21596.764,0,367.962,0,18.998,2709,2040,2.180,1.800,1.020,1,0,54.994,0,0,14,126,0,22,0
20-01 16:08:09,18.984,2.498,77.433,0.250,0,3343792,188664,171648,4246268,13972.874,4005.524,0,303.736,0,14.987,1818,1216,2.180,1.800,1.020,1,0,0,0,0,14,127,0,22,0
20-01 16:08:10,19.316,6.021,74.506,0,0,3294472,237836,171648,4246420,30265.083,21607.308,0,301.035,0,19.066,2645,1936,2.180,1.800,1.020,1,0,51.176,0,0,14,126,0,23,0
20-01 16:08:11,19.501,1.500,77.753,0,0,3346340,185964,171648,4246424,8860.285,4007.129,0,280.009,0,17.001,1709,1252,2.180,1.800,1.020,1,0,0,0,0,14,127,0,23,0
20-01 16:08:12,19.248,4.500,74.743,0.750,0,3313776,218476,171648,4246476,16004.432,6864.328,7.999,855.916,2.000,98.990,3485,3723,2.010,1.770,1.020,2,0,24.998,0,0,14,126,0,24,0
20-01 16:08:13,24.972,8.241,65.927,0,0,3382208,149992,171648,4246528,8531.598,1618.217,0,503.445,0,35.960,6407,9815,2.010,1.770,1.020,1,0,87.903,0,0,14,134,0,27,0
20-01 16:08:14,17.255,3.001,78.525,0.500,0,3377392,154784,171648,4246552,31817.958,24103.544,0,352.110,0,23.007,2368,1901,2.010,1.770,1.020,1,0,26.008,0,0,14,134,0,28,0
20-01 16:08:15,21.234,5.246,73.194,0,0,3428792,166420,171648,4185116,6883.756,1456.890,0,307.766,0,15.988,2112,1533,2.010,1.770,1.020,1,0,28.978,0,0,14,134,0,28,0
20-01 16:08:16,16.244,2.999,78.222,0.750,0,3426280,168720,171648,4185328,13268.255,8281.039,15.994,1643.412,3.999,203.927,3752,4800,2.010,1.770,1.020,1,0,0,0,0,14,135,0,28,0
20-01 16:08:17,26.295,6.261,64.611,1.503,0,3362848,232044,171652,4185432,10010.203,2864.923,0,8021.786,0,528.909,7930,10994,1.930,1.760,1.020,1,0,34.059,0,0,14,137,0,30,0
20-01 16:08:18,21.462,4.742,72.872,0.250,0,3412972,181920,171652,4185432,7635.630,1617.168,0,1026.203,0,66.883,2281,1775,1.930,1.760,1.020,3,0,19.965,0,0,14,137,0,30,0
20-01 16:08:19,14.508,2.001,82.047,0,0,3411416,183464,171652,4185444,19142.001,11738.746,0,332.191,0,27.016,2381,2497,1.930,1.760,1.020,1,0,1.001,0,0,14,138,0,30,0
20-01 16:08:20,23.244,6.248,68.483,1.000,0,3409568,185272,171652,4185484,7172.169,1619.586,0,1787.544,0,163.958,5319,7191,1.930,1.760,1.020,2,0,1.000,0,0,14,138,0,30,0
20-01 16:08:21,30.803,7.012,60.604,0,0,3376576,218196,171656,4185564,6700.498,2489.272,0,2808.820,0,342.588,6493,7929,1.930,1.760,1.020,1,0,69.119,0,0,14,139,0,31,0
20-01 16:08:22,18.449,2.493,78.035,0,0,3409440,185328,171656,4185568,16495.465,7269.932,0,315.130,0,18.948,1871,1414,1.850,1.750,1.020,1,0,0.997,0,0,14,140,0,31,0
20-01 16:08:23,16.785,8.017,73.655,0.501,0,3387152,207444,171656,4185740,11398.965,5500.564,0,921.938,0,110.232,4474,4897,1.850,1.750,1.020,2,0,147.310,0,0,14,141,0,32,0
20-01 16:08:24,21.483,4.496,73.940,0.250,0,3437648,156948,171656,4185740,41636.326,1954.419,0,459.628,0,25.979,1917,1302,1.850,1.750,1.020,0,0,0,0,0,14,141,1,32,0
20-01 16:08:25,13.478,1.997,83.114,0,0,3432764,161816,171656,4185756,56035.157,12859.922,0,471.228,0,28.953,2318,2156,1.850,1.750,1.020,1,0,0,0,0,14,142,0,32,0
20-01 16:08:26,27.570,6.767,63.912,1.504,0,3424456,170064,171660,4185812,7536.126,1624.122,0,5947.093,0,540.371,7721,10821,1.850,1.750,1.020,2,0,0,0,0,14,142,0,32,0
20-01 16:08:27,36.517,13.506,49.273,0.250,0,3356556,237724,171660,4185988,10865.087,3277.535,32.015,1476.691,2.001,157.074,11129,16875,2.590,1.900,1.070,3,0,168.079,0,0,14,143,0,33,0
20-01 16:08:28,26.151,7.970,63.758,0.747,0,3414128,179936,171660,4186156,9394.378,2115.977,0,5877.713,0,361.629,5269,6471,2.590,1.900,1.070,4,0,121.539,0,0,14,143,0,33,0
20-01 16:08:29,19.068,2.258,77.525,0,0,3410044,184008,171660,4186168,16333.864,9074.146,0,397.408,0,19.068,2224,1817,2.590,1.900,1.070,2,0,6.021,0,0,14,143,0,34,0
20-01 16:08:30,8.755,20.511,69.537,0.250,0,3384168,209864,171660,4186208,9247.900,1656.878,0,444.235,0,28.015,6043,4543,2.590,1.900,1.070,2,0,384.204,0,0,14,143,0,34,0
20-01 16:08:31,13.695,18.426,66.731,0,0,3390932,203084,171660,4186332,6204.977,1505.927,0,426.281,0,22.908,6209,6120,2.590,1.900,1.070,3,0,309.751,0,0,14,143,0,34,0
20-01 16:08:32,26.301,18.536,54.607,0.501,0,3419872,174108,171660,4186264,5929.604,1623.176,4.008,1478.894,1.002,83.163,6875,6883,2.460,1.890,1.070,2,0,360.706,0,0,14,143,0,34,0
20-01 16:08:33,31.770,22.514,44.278,0,0,3453240,140564,171664,4186780,10771.777,1621.020,8.005,248.156,1.001,22.014,6726,5548,2.460,1.890,1.070,6,0,461.290,0,0,14,145,0,34,0
20-01 16:08:34,33.548,16.274,49.822,0,0,3465352,189868,171672,4126712,7164.353,1692.446,0,376.544,0,25.036,7192,8881,2.460,1.890,1.070,3,0,247.357,0,0,16,149,0,34,0
20-01 16:08:35,59.614,25.941,13.220,0,0,3622888,151016,171676,4011248,9537.302,1616.323,95.782,634.556,5.986,45.896,7774,11461,2.460,1.890,1.070,3,0,549.749,0,0,16,155,0,34,0
20-01 16:08:36,59.044,22.016,18.764,0.250,0,3714540,150132,171444,3922236,7496.551,1621.200,12.009,1977.464,3.002,38.028,6707,9658,2.460,1.890,1.070,5,0,336.249,0,0,16,171,0,34,0
20-01 16:08:37,43.042,21.771,34.283,0,0,3776780,182508,171444,3827880,9938.670,1621.578,0,1121.091,0,111.108,8512,10627,2.340,1.870,1.070,3,0,434.423,0,0,16,171,0,34,2
20-01 16:08:38,27.769,23.516,48.034,0,0,3823096,136048,171456,3828080,8498.932,1657.157,0,400.279,0,19.013,6632,5657,2.340,1.870,1.070,2,0,539.376,0,0,17,171,0,34,2
20-01 16:08:39,18.717,14.973,64.636,0.250,0,3841128,162668,171456,3784680,5739.834,1617.136,3.993,359.363,0.998,20.963,6620,8299,2.340,1.870,1.070,1,0,234.585,0,0,17,171,0,34,2
20-01 16:08:40,29.990,23.242,46.235,0,0,3892272,164288,171204,3732572,10830.489,1511.510,11.996,383.876,2.999,31.990,6853,5873,2.340,1.870,1.070,2,0,430.860,0,0,17,173,0,34,0
20-01 16:08:41,37.772,19.512,41.275,0,0,3957548,153064,171208,3680264,7916.703,1620.963,8.005,372.221,1.001,22.013,7144,8387,2.340,1.870,1.070,12,0,351.209,0,0,17,173,0,34,0
20-01 16:08:42,39.012,22.507,37.511,0.500,0,4058556,128840,171216,3604948,7505.245,1620.485,172.051,436.130,6.002,31.009,7732,9781,2.710,1.960,1.100,2,0,440.132,0,0,17,185,0,34,0
20-01 16:08:43,29.760,26.009,43.765,0,0,4120020,139448,171216,3534368,10241.398,1690.561,24.008,340.113,3.001,23.008,7304,6390,2.710,1.960,1.100,2,0,641.213,0,0,17,186,0,34,0
20-01 16:08:44,18.513,22.766,56.289,0,0,4159000,149444,171216,3486576,6966.842,1621.127,12.008,800.556,3.002,65.045,8280,10156,2.710,1.960,1.100,1,0,448.312,0,0,17,197,0,34,0
20-01 16:08:45,21.251,14.251,63.254,0.500,0,4172364,136048,171216,3486592,9261.596,1620.104,0,648.042,0,35.002,7175,9700,2.710,1.960,1.100,2,0,219.014,0,0,17,197,0,34,0
20-01 16:08:46,43.250,10.000,45.000,0.500,0,4289364,134312,171216,3373492,7232.044,1566.009,68.000,2284.014,3.000,44.000,4273,3234,2.710,1.960,1.100,2,0,90.001,0,0,17,213,0,32,0
20-01 16:08:47,44.615,6.979,46.110,1.745,0,4395620,120484,171216,3283116,6110.455,1615.098,259.213,12258.795,9.970,880.328,4302,2383,2.660,1.960,1.110,3,0,2.991,0,0,17,215,0,32,0
20-01 16:08:48,32.285,12.764,53.058,0.751,0.250,4327108,237272,171220,3235300,8789.546,1711.859,52.057,436.474,5.005,25.027,4657,3750,2.660,1.960,1.110,3,0,204.222,0,0,17,218,0,32,0
20-01 16:08:49,36.818,24.546,36.568,1.252,0,4391076,171160,171224,3237424,9302.265,1514.811,1178.187,424.788,15.028,34.063,8274,9897,2.660,1.960,1.110,3,0,512.952,0,0,17,219,0,32,0
20-01 16:08:50,39.224,24.234,34.727,1.249,0,4433380,163344,171232,3203952,15075.912,10312.099,1023.315,759.492,20.986,54.963,8298,10971,2.660,1.960,1.110,3,0,424.716,0,0,17,229,0,27,0
20-01 16:08:51,62.290,17.261,16.761,3.002,0,4500840,130504,171244,3170224,10992.973,1621.028,676.429,872.553,13.008,16.010,5406,4715,2.660,1.960,1.110,5,0,152.096,0,0,17,230,0,27,0
20-01 16:08:52,62.248,13.499,19.999,4.250,0,4612152,144276,171260,3047508,18312.271,11495.543,1207.952,1743.931,31.999,154.994,5154,4362,2.600,1.960,1.110,3,0,31.999,0,0,17,241,0,27,0
20-01 16:08:53,56.077,11.714,16.948,13.708,0,4617692,171028,171344,3017124,11009.066,2653.820,6105.181,1730.665,453.602,163.496,6565,6956,2.600,1.960,1.110,4,0,30.905,0,0,17,246,0,28,0
20-01 16:08:54,43.122,20.307,34.849,0.752,0,4628784,194024,171344,2984264,49354.675,7310.689,264.749,758.146,7.020,19.054,7286,8002,2.600,1.960,1.110,3,0,392.110,0,0,17,244,0,24,0
20-01 16:08:55,34.507,22.255,43.009,0,0,4627284,193796,171348,2986340,48052.818,7073.445,24.005,10030.049,3.001,72.015,8012,11092,2.600,1.960,1.110,2,0,365.075,0,0,17,243,0,25,0
20-01 16:08:56,53.972,22.238,22.488,0,0,4685752,169032,171348,2952460,11224.178,3588.139,3.998,315.836,0.999,15.992,5609,5706,2.600,1.960,1.110,2,0,404.790,0,0,17,244,0,25,0
20-01 16:08:57,52.247,21.249,23.999,1.000,0,4744964,147592,171364,2915944,19195.872,10585.378,955.944,883.948,36.998,59.996,7003,8591,2.720,1.990,1.130,3,0,363.979,0,0,17,247,0,26,0
20-01 16:08:58,61.511,24.254,14.253,0,0,4767792,163660,171368,2877908,8739.584,1710.310,208.038,1152.209,19.003,65.012,8069,12097,2.720,1.990,1.130,4,0,393.071,0,0,17,251,0,28,0
20-01 16:08:59,53.433,22.222,23.221,0.499,0,4837640,150724,171376,2822928,16477.294,11607.413,179.774,874.901,10.986,49.937,7695,8966,2.720,1.990,1.130,2,0,418.474,0,0,17,254,0,29,0
20-01 16:09:00,56.721,21.739,20.739,0.500,0,4858612,140108,171380,2812552,9189.265,2730.593,487.749,811.582,32.983,62.968,9136,12567,2.720,1.990,1.130,5,0,271.860,0,0,17,259,0,30,0
20-01 16:09:01,69.840,13.670,15.161,0.746,0,5001956,159796,171280,2652140,16332.125,9259.643,672.055,2429.737,6.959,29.825,6804,10640,2.720,1.990,1.130,7,0,16.901,0,0,17,261,0,30,0
20-01 16:09:02,56.028,11.557,26.632,4.522,0,5005500,152124,171284,2656252,17801.339,11579.463,1278.344,2898.383,93.464,166.828,9156,16651,2.660,1.990,1.130,3,0,20.100,0,0,17,264,0,34,0
20-01 16:09:03,56.383,11.527,30.572,1.754,0,5009596,199776,171036,2605348,10078.854,6242.775,1154.733,15228.041,33.078,1151.726,7301,4107,2.660,1.990,1.130,2,0,101.240,0,0,17,270,0,35,0
20-01 16:09:04,47.003,30.252,19.501,2.000,0,5002116,202880,171304,2612432,20318.383,10249.698,4664.317,1559.106,86.006,83.006,8486,16236,2.660,1.990,1.130,8,0,579.039,0,0,18,270,0,36,0
20-01 16:09:05,57.217,23.237,18.489,0.750,0,5053424,151296,171304,2609932,10722.899,3629.935,1111.368,1135.354,13.992,48.972,7817,12504,2.660,1.990,1.130,2,0,320.817,0,0,17,270,0,37,0
20-01 16:09:06,66.250,16.438,13.947,3.238,0,5120200,150036,171308,2545732,18691.478,10561.153,956.392,793.008,44.831,47.820,5827,5157,2.660,1.990,1.130,6,0,165.376,0,0,18,272,0,35,0
20-01 16:09:07,78.410,13.277,2.505,5.511,0,5193040,144576,171308,2480324,8182.740,1515.100,3262.675,857.755,172.353,34.070,6020,4813,2.770,2.030,1.150,5,0,16.033,0,0,18,276,0,35,0
20-01 16:09:08,78.344,10.446,8.456,0.995,0,5270420,124016,171348,2424880,18146.935,9767.371,1699.192,2431.397,79.587,255.675,7699,7732,2.770,2.030,1.150,5,0,16.912,0,0,18,284,0,36,0
20-01 16:09:09,45.023,15.594,38.735,0,0.252,5254052,171852,171352,2394204,10876.878,5418.820,603.656,909.509,11.067,66.402,5951,7112,2.770,2.030,1.150,1,0,221.341,0,0,18,283,0,38,0
20-01 16:09:10,39.148,8.727,51.616,0.249,0,5292180,133392,171360,2394528,19983.087,9486.356,773.989,554.559,7.979,38.899,3679,2610,2.770,2.030,1.150,4,0,8.977,0,0,18,287,0,36,0
20-01 16:09:11,37.608,8.524,51.899,0.752,0,5234092,217200,171360,2369800,6139073.018,61062.178,818.348,637.830,9.026,48.138,7031,5385,2.770,2.030,1.150,2,0,12.035,0,0,18,288,0,37,0
20-01 16:09:12,43.945,16.230,36.455,1.998,0,5315680,123124,171360,2382272,10452741.792,70658.331,2800.525,639.207,30.962,49.938,8891,5961,2.870,2.060,1.160,1,0,264.672,0,0,18,290,0,37,0
20-01 16:09:13,36.453,4.744,57.425,0.250,0,5283848,182596,171360,2355656,17147.749,8901.450,0,631.181,0,54.929,3707,3357,2.870,2.060,1.160,2,0,6.991,0,0,18,294,0,38,0
20-01 16:09:14,40.571,6.261,51.841,0,0,5345744,120620,171360,2355740,16705.298,9364.423,32.056,564.991,2.004,48.084,4423,5457,2.870,2.060,1.160,1,0,0,0,0,18,300,0,39,0
20-01 16:09:15,16.761,3.002,77.051,1.001,0,5336784,153612,171360,2332664,425838.761,16415663.164,448.298,876.582,25.017,83.055,5438,4346,2.870,2.060,1.160,1,0,1.001,0,0,18,297,0,36,0
20-01 16:09:16,5.241,2.995,90.602,0,0,5330472,159916,171360,2332672,8526.048,1617.353,3.993,9129.061,0.998,43.928,1872,2055,2.870,2.060,1.160,1,0,36.940,0,0,18,297,0,36,0
20-01 16:09:17,3.003,0.500,94.586,0,0,5329124,161208,171364,2332724,8783.025,1567.432,48.044,2402.195,2.002,22.020,1698,2082,2.720,2.040,1.160,1,0,0,0,0,18,297,0,36,0
20-01 16:09:18,20.757,3.751,71.774,1.000,0,5290644,183492,171376,2348876,16513649.878,100428.454,48.016,7826.607,3.001,823.274,11358,10678,2.720,2.040,1.160,0,0,1.000,0,0,18,299,2,37,0
20-01 16:09:19,13.233,16.229,68.662,0.499,0,5228800,245192,171376,2348988,12215.401,4020.865,27.964,467.403,1.997,43.944,6375,6207,2.720,2.040,1.160,2,0,465.406,0,0,18,299,0,37,0
20-01 16:09:20,22.251,4.500,72.255,0.250,0,5271576,202408,171376,2348996,8871.562,1620.103,0,320.020,0,28.002,2416,2261,2.720,2.040,1.160,2,0,1.000,0,0,18,299,0,37,0
20-01 16:09:21,12.529,15.536,70.664,0.251,0,5238980,234968,171376,2349032,5905.734,1623.776,0,1078.508,0,20.047,5367,4259,2.720,2.040,1.160,2,0,278.648,0,0,18,299,0,37,0
20-01 16:09:22,8.727,19.449,69.567,0.249,0,5239184,234572,171376,2349224,9048.182,1615.747,15.958,1926.928,0.997,209.449,6563,5303,2.580,2.030,1.160,1,0,392.966,0,0,18,303,0,37,0
20-01 16:09:23,2.256,0.752,95.773,0.251,0,5241580,232168,171376,2349232,8738.871,1516.315,0,545.553,0,40.114,1472,2022,2.580,2.030,1.160,2,0,9.026,0,0,18,303,0,36,0
20-01 16:09:24,22.708,4.492,72.117,0.250,0,5285404,188320,171376,2349240,45468.368,1656.952,0,16090.404,0,52.903,2521,1942,2.580,2.030,1.160,2,0,0,0,0,18,303,0,36,0
20-01 16:09:25,18.027,2.754,77.868,0,0,5256836,216800,171376,2349328,53200.515,10584.018,64.097,116.176,4.006,12.018,2979,2760,2.580,2.030,1.160,1,0,30.045,0,0,18,307,0,37,0
20-01 16:09:26,11.509,16.514,70.558,0.500,0,5253720,219656,171380,2349568,6461.303,1621.331,16.013,0,4.003,0,5529,4249,2.580,2.030,1.160,2,0,227.186,0,0,18,307,0,37,0
20-01 16:09:27,11.754,16.506,70.027,0,0,5239348,233860,171380,2349720,9544.619,1620.614,0,44.017,0,3.001,5720,4440,2.370,1.990,1.150,1,0,222.084,0,0,18,307,0,36,0
20-01 16:09:28,18.224,9.986,70.400,0.250,0,5280560,192444,171380,2349908,7703.113,1617.714,19.972,143.797,1.997,17.975,4011,3458,2.370,1.990,1.150,1,0,122.826,0,0,18,309,0,36,0
20-01 16:09:29,24.752,3.750,70.757,0.500,0,5349856,123144,171380,2349912,5597.551,1620.160,104.010,500.049,1.000,51.005,2733,2567,2.370,1.990,1.150,2,0,3.000,0,0,18,313,0,36,0
20-01 16:09:30,24.736,2.249,70.709,0.750,0,5336468,166628,171380,2321148,10429.955,1619.062,299.826,427.752,11.993,47.972,2902,2792,2.370,1.990,1.150,2,0,3.998,0,0,18,315,0,36,0
20-01 16:09:31,22.945,3.990,71.329,0.998,0,5281712,221348,171380,2321184,8760.946,1616.116,19.952,1955.301,3.990,117.717,2823,2467,2.370,1.990,1.150,2,0,4.988,0,0,18,313,0,34,0
20-01 16:09:32,23.501,4.250,71.502,0,0,5330348,172712,171380,2321184,8763.224,1458.037,0,256.007,0,14.000,2636,2364,2.260,1.970,1.150,3,0,4.000,0,0,18,315,0,34,0
20-01 16:09:33,11.012,2.002,85.095,0.250,0,5327996,175036,171380,2321212,26379.454,20587.988,16.018,977.091,1.001,52.058,2783,3153,2.260,1.970,1.150,2,0,1.001,0,0,18,319,0,36,0
20-01 16:09:34,23.511,5.002,70.783,0,0,5320016,182868,171380,2321360,5822.742,1620.763,0,216.102,0,18.008,2667,2402,2.260,1.970,1.150,2,0,16.008,0,0,18,313,0,36,0
20-01 16:09:35,25.258,2.001,71.274,0.250,0,5339512,163244,171380,2321488,8852.968,1690.567,0,332.111,0,39.013,2564,2272,2.260,1.970,1.150,2,0,1.000,0,0,18,313,0,36,0
20-01 16:09:36,10.261,18.020,70.328,0.501,0,5262448,240192,171388,2321660,8574.554,1621.807,436.486,380.424,10.011,13.015,5838,4873,2.260,1.970,1.150,1,0,388.433,0,0,18,313,0,36,0
20-01 16:09:37,17.216,10.479,70.359,0.499,0,5271052,231448,171520,2321668,8481.028,1616.765,123.752,211.577,4.990,7.984,4448,3657,2.240,1.980,1.160,2,0,210.579,0,0,18,313,0,36,0
20-01 16:09:38,18.806,2.257,77.230,0,0,5306152,196168,171548,2321820,14816.179,3736.140,136.407,389.160,8.024,23.069,2508,2408,2.240,1.980,1.160,1,0,17.051,0,0,18,314,0,36,0
20-01 16:09:39,24.251,3.000,71.252,0.250,0,5296696,198532,172116,2328196,8780.284,1794.058,0,1484.048,0,126.004,2727,2341,2.240,1.980,1.160,1,0,2.000,0,0,18,313,0,36,0
20-01 16:09:40,18.195,2.742,78.263,0,0,5293912,201164,172116,2328348,14365.410,4537.232,3.988,574.257,0.997,14.955,2247,2019,2.240,1.980,1.160,2,0,16.949,0,0,18,314,0,36,0
20-01 16:09:41,24.320,5.014,69.200,0.501,0,5302400,185848,172700,2334432,5943.147,1636.722,0,1010.917,0,22.064,10702,19111,2.240,1.980,1.160,1,0,11.032,0,0,18,313,0,36,0
20-01 16:09:42,17.755,3.251,78.271,0,0,5277400,210248,172752,2334964,12720.439,4618.248,24.006,460.124,4.001,8.002,2248,2156,2.300,1.990,1.170,1,0,7.002,0,0,18,314,0,36,0
20-01 16:09:43,22.466,7.239,68.646,0,0,5289208,198220,172804,2335132,10404.302,1617.559,0,16590.967,0,38.941,10249,18440,2.300,1.990,1.170,4,0,18.971,0,0,18,314,0,36,0
20-01 16:09:44,19.029,7.762,72.110,0.250,0,5265856,233216,172884,2323460,8898.541,1796.734,0,1161.768,0,28.043,3378,2891,2.300,1.990,1.170,2,0,106.162,0,0,18,313,0,36,0
20-01 16:09:45,18.943,8.973,70.788,0,0,5321304,177756,172884,2323472,9045.952,1615.171,0,67.797,0,5.982,3671,3273,2.300,1.990,1.170,1,0,158.526,0,0,18,313,0,36,0
20-01 16:09:46,20.490,1.999,76.711,0,0,5334140,164728,172884,2323664,13674.099,7340.296,0,0,0,0,2159,1843,2.300,1.990,1.170,2,0,0,0,0,18,314,0,36,0
20-01 16:09:47,17.054,8.527,73.232,0.251,0,5320928,177852,172884,2323752,13627.200,6208.682,64.204,116.369,4.013,1.003,3651,3064,2.200,1.980,1.170,1,0,112.356,0,0,18,313,0,39,0
20-01 16:09:48,20.505,4.001,73.519,0.250,0,5358460,140164,172884,2323908,13490.569,7345.943,80.021,600.159,4.001,26.007,3247,3912,2.200,1.980,1.170,2,0,0,0,0,18,316,0,39,0
20-01 16:09:49,22.944,6.983,68.084,0.499,0,5338600,159908,172884,2324024,8405.517,4375.338,0,3339.861,0,445.913,4553,4999,2.200,1.980,1.170,2,0,71.825,0,0,18,315,0,40,0
20-01 16:09:50,22.762,4.502,71.537,0,0.250,5358344,140120,172884,2324068,12055.315,7347.849,32.017,332.174,2.001,34.018,3368,3192,2.200,1.980,1.170,2,0,7.004,0,0,18,316,0,40,0
20-01 16:09:51,20.481,5.994,72.683,0,0,5343388,155024,172884,2324120,17699.752,8947.786,31.971,195.820,1.998,13.987,3319,2877,2.200,1.980,1.170,3,0,56.948,0,0,18,317,0,40,0
20-01 16:09:52,20.727,1.998,75.665,0.250,0,5346564,151744,172884,2324224,13338.944,7335.720,95.892,187.788,5.993,11.986,2603,2443,2.100,1.960,1.170,1,0,0.999,0,0,18,318,0,40,0
20-01 16:09:53,20.074,5.520,73.520,0.251,0,5320508,177740,172888,2324280,12834.200,6231.919,48.177,1128.149,3.011,103.380,3013,2474,2.100,1.960,1.170,1,0,32.118,0,0,18,317,0,43,0
20-01 16:09:54,20.459,2.246,76.348,0.250,0,5329796,168476,172888,2324284,48381.701,7395.280,0,159.682,0,7.984,2371,2065,2.100,1.960,1.170,2,0,0,0,0,18,318,0,43,0
20-01 16:09:55,15.277,4.258,79.141,0.250,0,5279344,218760,172888,2324452,51008.157,6822.192,32.057,300.537,2.004,34.061,3108,3091,2.100,1.960,1.170,1,0,47.084,0,0,18,317,0,44,0
20-01 16:09:56,22.205,3.493,72.105,0,0,5324272,173820,172888,2324464,11157.513,1858.255,0,151.694,0,9.980,2272,1772,2.100,1.960,1.170,1,0,0,0,0,18,318,0,38,0
20-01 16:09:57,17.243,3.998,77.968,0,0,5300244,197828,172888,2324484,15690.562,11620.232,0,111.954,0,7.997,2705,2381,2.010,1.940,1.170,2,0,31.987,0,0,18,317,0,41,0
20-01 16:09:58,22.741,3.998,71.720,0.250,0,5357408,140640,172888,2324508,11745.158,2071.146,15.993,499.794,1.000,24.990,2607,2394,2.010,1.940,1.170,1,0,0,0,0,18,318,0,41,0
20-01 16:09:59,14.532,1.253,82.933,0.501,0,5346372,151660,172888,2324524,21614.755,11948.398,0,424.939,0,52.115,2883,3312,2.010,1.940,1.170,1,0,0,0,0,18,317,0,42,0
20-01 16:10:00,20.479,7.492,70.928,0,0,5355436,142584,172888,2324536,6342.539,1618.351,0,307.687,0,23.976,3246,2954,2.010,1.940,1.170,3,0,87.910,0,0,18,317,0,38,0
20-01 16:10:01,19.006,3.501,74.523,2.251,0,5363516,134412,172892,2324608,30813.675,23995.534,64.020,196.062,8.003,16.005,2674,2359,2.010,1.940,1.170,3,0,2.001,0,0,18,319,0,40,0
20-01 16:10:02,25.655,7.223,65.757,0.249,0,5357856,140052,172892,2324628,7167.521,1614.037,0,530.042,0,37.860,3360,2862,2.010,1.940,1.170,2,0,49.816,0,0,18,319,0,40,0
20-01 16:10:03,35.386,7.529,55.714,0.251,0,5345828,151568,172892,2325140,17903.822,10635.884,1272.893,132.509,36.139,9.035,3727,2754,2.010,1.940,1.170,2,0,9.035,0,0,18,319,0,42,0
20-01 16:10:04,29.436,5.987,63.862,0.249,0,5310964,186428,172892,2325144,9297.860,1616.498,255.447,155.663,1.996,15.965,3177,2644,2.010,1.940,1.170,1,0,15.965,0,0,18,319,0,34,0
20-01 16:10:05,21.311,5.265,71.957,0,0,5306448,189672,172892,2326416,12570.086,8205.556,1267.639,377.083,42.121,41.118,3810,9054,2.010,1.940,1.170,1,0,37.107,0,0,18,320,0,35,0
20-01 16:10:06,24.481,5.246,67.948,0.999,0,5291928,203032,172892,2327576,9944.406,2737.909,943.280,1199.084,48.963,141.892,5152,6678,2.010,1.940,1.170,2,0,6.995,0,0,18,321,0,36,0
20-01 16:10:07,19.751,2.750,76.252,0,0,5307512,187436,172892,2327588,14618.384,7344.193,0,524.014,0,37.001,2454,2285,1.930,1.930,1.170,2,0,0,0,0,18,322,0,36,0
20-01 16:10:08,20.005,4.001,73.518,1.000,0,5307160,187436,172892,2327940,11753.876,6802.665,192.047,1408.345,10.002,140.034,5106,6747,1.930,1.930,1.170,2,0,0,0,0,18,321,0,33,0
20-01 16:10:09,11.267,21.533,65.351,1.002,0,5265468,229088,172896,2327976,8677.369,1622.500,0,7263.190,0,694.069,8383,7638,1.930,1.930,1.170,3,0,616.951,0,0,18,321,0,33,0
20-01 16:10:10,8.500,23.001,67.753,0,0,5264532,229988,172896,2328012,8896.365,1620.066,0,312.013,0,28.001,7163,6354,1.930,1.930,1.170,1,0,623.026,0,0,18,321,0,33,0
20-01 16:10:11,8.995,22.986,66.961,0,0,5263444,231044,172896,2328044,9675.294,1619.045,0,351.793,0,33.980,7314,6394,1.930,1.930,1.170,1,0,653.615,0,0,18,321,0,33,0
20-01 16:10:12,8.503,23.007,67.271,0.250,0,5260468,233988,172896,2328076,7648.420,1620.513,0,1048.332,0,65.021,7320,6568,2.100,1.960,1.190,1,0,596.189,0,0,18,321,0,30,0
20-01 16:10:13,8.998,22.496,67.737,0,0,5263916,230508,172896,2328108,7346.609,1457.724,0,263.950,0,22.996,7135,6287,2.100,1.960,1.190,1,0,606.885,0,0,18,321,0,30,0
20-01 16:10:14,8.731,21.703,67.853,0.249,0,5253068,241308,172896,2328156,9464.489,1616.497,15.965,31.931,0.998,7.983,6720,5786,2.100,1.960,1.190,2,0,534.841,0,0,18,321,0,30,0
20-01 16:10:15,14.021,10.015,72.109,3.005,0,5249772,352816,172896,2231948,7409.176,1622.447,548.828,12.018,70.106,1.002,3334,3053,2.100,1.960,1.190,0,1,97.147,0,0,18,321,0,30,0
20-01 16:10:16,19.732,3.747,71.934,3.247,0,5261060,325628,172896,2247856,9211.518,1618.510,6781.756,2110.057,496.543,8.992,3474,3136,2.100,1.960,1.190,1,0,2.997,0,0,18,321,0,26,0
20-01 16:10:17,16.495,2.249,78.476,1.000,0,5266064,319080,172900,2249396,17208.630,5287.350,43.986,1091.659,6.998,9.997,2277,2041,2.010,1.950,1.180,2,0,15.995,0,0,18,322,0,26,0
20-01 16:10:18,14.254,1.500,80.272,2.501,0,5276644,307488,172924,2250384,21967.949,10993.977,796.216,1576.427,53.014,77.021,2575,2656,2.010,1.950,1.180,1,0,0,0,0,18,322,0,26,0
20-01 16:10:19,13.498,2.000,79.489,4.249,0,5276724,306588,172940,2251188,23211.679,10185.543,407.942,3751.463,36.995,86.988,2693,2820,2.010,1.950,1.180,1,0,1.000,0,0,18,322,0,26,0
20-01 16:10:20,17.023,1.252,78.355,1.502,0,5307720,274332,172964,2252424,24811.223,7912.595,1093.464,1097.470,44.059,47.063,2395,2358,2.010,1.950,1.180,1,0,1.001,0,0,18,322,0,23,0
20-01 16:10:21,12.962,1.246,83.257,1.994,0,5313896,267528,172972,2253040,29114.870,11449.522,562.356,1415.860,42.875,47.860,2035,2031,2.010,1.950,1.180,2,0,0,0,0,18,322,0,23,0
20-01 16:10:22,14.023,1.502,79.132,3.506,0,5322728,257640,172980,2254084,22893.053,8856.722,641.066,901.498,33.055,32.053,2133,2067,1.930,1.930,1.180,1,0,1.002,0,0,18,322,0,23,0
20-01 16:10:23,13.750,2.750,76.499,6.250,0,5324416,223980,173032,2286000,18647.798,5556.940,15383.833,859.991,170.998,32.000,2317,2080,1.930,1.930,1.180,3,0,0,0,0,18,322,0,23,0
20-01 16:10:24,22.489,3.498,72.216,1.000,0,5327284,205836,173232,2301148,47970.176,1713.185,0,5701.287,0,268.872,2861,2351,1.930,1.930,1.180,2,0,1.000,0,0,18,322,0,23,0
20-01 16:10:25,24.005,2.501,72.516,0.250,0,5333780,183672,173232,2316592,43927.904,1620.365,0,1404.317,0,31.007,2509,2161,1.930,1.930,1.180,2,0,0,0,0,18,322,0,23,0
20-01 16:10:26,23.743,2.999,71.978,0.500,0.250,5353288,144624,173232,2335880,11730.458,1619.511,0,1539.535,0,53.984,2637,2349,1.930,1.930,1.180,1,0,0,0,0,18,322,0,23,0
20-01 16:10:27,23.741,1.999,71.473,1.250,0,5346804,137832,173272,2348900,14761.519,1619.399,0,2623.026,0,113.958,2940,2712,1.850,1.910,1.180,2,0,0,0,0,18,322,0,23,0
20-01 16:10:28,22.500,4.250,71.249,0.750,0,5345088,142896,173484,2345684,10337.878,1619.981,0,2547.970,0,93.999,2871,2926,1.850,1.910,1.180,2,0,0,0,0,18,322,0,22,0
20-01 16:10:29,24.489,2.749,70.968,0.500,0,5259192,243056,173652,2331244,11774.740,1631.271,3.998,1523.320,1.000,66.970,2699,2534,1.850,1.910,1.180,3,0,1.999,0,0,18,321,0,22,0
20-01 16:10:30,19.014,3.503,77.056,0.250,0,5307800,194424,173652,2331264,20494.940,3793.766,4.003,568.414,1.001,17.012,2443,2128,1.850,1.910,1.180,2,0,33.024,0,0,18,322,0,22,0
20-01 16:10:31,23.532,3.505,71.849,0,0,5302148,193460,173676,2337776,9912.613,1796.467,0,1017.397,0,14.019,2514,2168,1.850,1.910,1.180,2,0,3.004,0,0,18,321,0,22,0
20-01 16:10:32,17.744,2.499,77.474,0,0,5304272,184476,173964,2343688,17297.092,4789.364,0,1407.519,0,30.989,2492,2289,1.700,1.880,1.170,1,0,18.994,0,0,18,321,0,22,0
20-01 16:10:33,24.242,5.748,69.476,0,0,5304560,183536,174036,2344184,9226.815,1619.441,0,83.971,0,1.000,10321,18240,1.700,1.880,1.170,3,0,12.996,0,0,18,321,0,22,0
20-01 16:10:34,21.960,7.237,67.875,0,0,5300784,187064,174076,2344356,11177.414,1617.022,0,1792.698,0,16.969,10538,19222,1.700,1.880,1.170,1,0,19.963,0,0,18,321,0,22,0
20-01 16:10:35,22.589,4.769,71.783,0.502,0,5298992,202444,174076,2331376,7471.434,1626.407,0,1036.082,0,37.146,3202,3192,1.700,1.880,1.170,1,0,43.170,0,0,18,321,0,22,0
20-01 16:10:36,23.700,4.990,68.856,0,0,5315456,185972,174076,2331384,5932.578,1508.841,0,191.599,0,8.981,10272,18997,1.700,1.880,1.170,3,0,15.967,0,0,18,321,0,22,0
20-01 16:10:37,18.759,3.502,76.537,0.500,0,5322988,177400,174076,2332424,16781.095,3672.772,0,664.320,0,43.021,2613,2298,1.650,1.870,1.170,3,0,35.017,0,0,18,322,0,20,0
20-01 16:10:38,23.502,3.750,71.505,0,0,5316956,177924,174076,2337916,8368.561,1794.120,0,1264.085,0,32.002,2805,2629,1.650,1.870,1.170,2,0,3.000,0,0,18,321,0,20,0
20-01 16:10:39,18.995,2.249,77.229,0.500,0,5323504,164868,174076,2343828,12651.638,4789.727,0,1567.583,0,65.982,2658,2629,1.650,1.870,1.170,2,0,17.995,0,0,18,321,0,20,0
20-01 16:10:40,23.759,7.003,67.276,0.250,0,5323372,164412,174076,2344320,8873.418,1620.624,0,1376.530,0,199.077,13128,24409,1.650,1.870,1.170,1,0,17.007,0,0,18,321,0,20,0
20-01 16:10:41,20.997,7.499,70.490,0,0,5309388,178304,174080,2344408,5641.237,1619.781,0,667.910,0,13.998,7707,13074,1.650,1.870,1.170,2,0,14.998,0,0,18,321,0,20,0
20-01 16:10:42,23.039,4.007,71.623,0,0,5300012,201276,174080,2331404,10418.836,1622.778,0,781.338,0,20.034,2760,2321,1.600,1.850,1.170,1,0,25.043,0,0,18,321,0,20,0
20-01 16:10:43,22.208,5.739,70.866,0,0,5277100,224236,174080,2331420,9042.870,1616.937,0,275.478,0,10.979,3413,2960,1.600,1.850,1.170,1,0,93.822,0,0,18,321,0,20,0
20-01 16:10:44,22.980,4.496,71.939,0,0,5279520,211836,174128,2341344,7538.594,1618.625,0,799.321,0,10.991,2403,1932,1.600,1.850,1.170,2,0,2.997,0,0,18,321,0,20,0
20-01 16:10:45,15.262,1.751,81.316,0.500,0,5283272,207300,174128,2342080,19300.746,6541.336,4.003,1076.879,1.001,44.036,2175,2063,1.600,1.850,1.170,1,0,16.013,0,0,18,322,0,20,0
20-01 16:10:46,13.987,1.499,82.921,0.999,0,5294852,195456,174128,2342320,22520.666,10854.717,43.958,1058.997,4.995,32.969,1975,1954,1.600,1.850,1.170,1,0,0,0,0,18,322,0,20,0
20-01 16:10:47,6.994,0.999,89.174,0.999,0,5295288,194448,174148,2342872,45331.271,8503.735,211.819,983.160,24.979,39.966,1938,2337,1.630,1.860,1.180,1,0,0,0,0,18,323,0,20,0
20-01 16:10:48,5.250,1.000,91.244,0.250,0.250,5295240,194196,174224,2343096,116985.483,7417.523,15.999,1047.933,1.000,54.996,1977,2462,1.630,1.860,1.180,2,0,0,0,0,18,323,0,20,0
20-01 16:10:49,16.498,2.250,79.241,0.750,0,5324956,164236,174256,2343308,28962.836,8076.118,75.992,12154.672,6.999,111.988,2725,2800,1.630,1.860,1.180,2,0,1.000,0,0,18,323,0,17,0
20-01 16:10:50,15.525,2.254,80.381,0.751,0,5336460,152420,174312,2343524,24124.458,10962.931,0,1378.254,0,62.102,2577,2525,1.630,1.860,1.180,2,0,9.015,0,0,18,325,0,17,0
20-01 16:10:51,18.764,3.002,76.057,0.250,0,5355788,132312,174364,2344188,284455.937,13268.980,0,1324.997,0,38.029,3891,5415,1.630,1.860,1.180,3,0,1.001,0,0,18,325,0,17,0
20-01 16:10:52,10.001,3.000,85.256,1.250,0,5355808,131820,174548,2344332,87556.533,17435.301,28.002,2288.171,4.000,110.008,2796,2974,1.580,1.840,1.180,1,0,1.000,0,0,18,325,0,19,0
20-01 16:10:53,12.251,1.500,83.756,1.750,0,5355436,131632,174712,2344628,61080.706,12209.941,104.008,1740.134,6.000,81.006,2512,2579,1.580,1.840,1.180,0,0,0,0,0,18,325,0,14,0
20-01 16:10:54,11.998,2.750,82.990,0.500,0,5338312,165504,174780,2328744,3178433.902,33179.823,0,24532.912,0,334.958,3534,2499,1.580,1.840,1.180,2,0,2.000,0,0,18,325,0,14,0
20-01 16:10:55,9.989,2.497,84.161,0.999,0,5336000,133128,174912,2363332,14386046.722,76478.055,163.827,18096.846,3.996,253.731,6408,3724,1.580,1.840,1.180,2,0,3.996,0,0,18,325,0,14,0
20-01 16:10:56,20.024,3.504,74.090,0.751,0,5346224,133688,175896,2351584,301956.398,4287.202,0,2587.139,0,97.118,2746,2465,1.580,1.840,1.180,3,0,1.001,0,0,18,325,0,14,0
20-01 16:10:57,23.734,3.498,71.203,0.750,0,5349180,143020,178756,2334740,5868.087,1618.921,0,3377.748,0,61.959,2689,2421,1.610,1.840,1.180,2,0,0,0,0,18,325,0,13,0
20-01 16:10:58,24.244,2.999,71.731,0.250,0,5349720,125892,179120,2350120,10556.267,1619.581,31.992,1695.561,1.000,40.989,2777,2674,1.610,1.840,1.180,1,0,0,0,0,18,325,0,13,0
20-01 16:10:59,23.475,3.496,70.175,0.999,0,5369648,145800,179732,2310656,7662.766,1618.261,0,2585.222,0,119.871,3055,3105,1.610,1.840,1.180,2,0,0,0,0,18,325,0,13,0
20-01 16:11:00,22.998,5.499,69.743,0.500,0,5349464,120760,180588,2352520,45260.434,1619.837,0,79911.939,0,285.971,3322,2697,1.610,1.840,1.180,2,0,1.000,0,0,18,327,0,13,0
20-01 16:11:01,24.256,2.751,71.268,0.750,0,5350796,134056,181304,2336984,9166.308,1458.367,0,1792.451,0,74.019,2781,2496,1.610,1.840,1.180,2,0,0,0,0,18,327,0,9,0
20-01 16:11:02,28.256,4.501,65.763,0.250,0,5372432,122504,181928,2325724,24881.057,1748.355,0,2156.438,0,38.008,3311,2717,1.560,1.830,1.180,2,0,3.001,0,0,18,327,0,9,0
20-01 16:11:03,41.500,9.500,47.500,0.500,0,5397596,126476,182816,2296728,67442.597,1619.990,767.995,4463.973,6.000,178.999,4811,3048,1.560,1.830,1.180,5,0,9.000,0,0,18,327,0,9,0
20-01 16:11:04,26.244,3.749,68.233,0.500,0,5408856,175092,183204,2237092,14716.438,4274.965,255.938,1471.644,2.000,54.987,2868,2508,1.560,1.830,1.180,2,0,2.000,0,0,18,325,0,9,0
20-01 16:11:05,28.785,6.258,64.078,0.501,0,5318688,265112,183204,2237236,20748.219,1708.076,0,696.847,0,31.038,3881,10415,1.560,1.830,1.180,1,0,56.068,0,0,18,325,0,5,0
20-01 16:11:06,19.009,2.501,77.286,0,0.250,5320368,256996,183272,2243352,14964.034,3966.865,0,2189.029,0,195.092,2630,2014,1.560,1.830,1.180,2,0,17.008,0,0,18,325,0,5,0
20-01 16:11:07,18.967,2.995,77.114,0,0,5320548,256268,183280,2243756,12449.110,3777.358,0,375.340,0,2.995,2278,2048,1.520,1.820,1.180,3,0,17.968,0,0,18,326,0,5,0
20-01 16:11:08,24.047,4.008,69.136,0.501,0,5319568,249720,183644,2249856,22222.641,2718.338,0,1250.456,0,35.069,10881,19189,1.520,1.820,1.180,3,0,11.022,0,0,18,325,0,5,0
20-01 16:11:09,22.247,5.999,71.239,0.250,0,5311720,257132,183688,2250168,9419.588,1619.757,0,1739.739,0,38.994,4135,5387,1.520,1.820,1.180,3,0,7.999,0,0,18,325,0,3,0
20-01 16:11:10,20.989,6.996,69.964,0,0,5314676,253936,183732,2250332,7757.021,1457.253,0,111.943,0,2.998,9184,16035,1.520,1.820,1.180,4,0,14.992,0,0,18,325,0,3,0
20-01 16:11:11,21.977,5.494,71.424,0,0,5311336,271544,183732,2237344,14681.417,1618.282,0,2309.549,0,25.972,2685,2299,1.520,1.820,1.180,1,0,4.995,0,0,18,325,0,3,0
20-01 16:11:12,21.514,4.503,71.297,2.251,0,5303008,275416,183732,2241800,10563.972,1621.070,2189.445,1905.257,315.208,36.024,3348,3179,1.480,1.800,1.180,3,0,4.003,0,0,18,325,0,3,0
20-01 16:11:13,23.267,3.252,70.802,1.251,0,5305752,271420,183732,2243052,8786.434,1621.187,944.692,1324.970,39.029,94.069,5835,7807,1.480,1.800,1.180,1,0,0,0,0,18,328,0,7,0
20-01 16:11:14,19.016,11.760,65.306,1.001,0,5253764,322616,183732,2243844,13724.814,1621.396,624.538,1909.644,31.027,251.216,7828,9529,1.480,1.800,1.180,4,0,212.183,0,0,18,327,0,8,0
20-01 16:11:15,13.970,13.471,69.350,3.243,0,5257492,317396,183732,2245328,5736.592,1616.504,1460.840,13195.459,58.873,172.627,5232,4662,1.480,1.800,1.180,3,0,227.508,0,0,18,327,0,10,0
20-01 16:11:16,9.998,4.999,71.982,10.747,0,5236820,296524,183788,2286816,6373.406,2172.457,41653.584,1035.741,3446.138,14.996,9269,9035,1.480,1.800,1.180,2,1,15.996,0,0,18,328,0,10,0
20-01 16:11:17,3.995,1.748,91.387,2.247,0.250,5243952,288400,184136,2287460,12701.305,2794.547,862.934,3859.231,215.733,171.788,2388,3299,1.360,1.770,1.170,0,0,0,0,0,18,328,0,10,0
20-01 16:11:18,2.755,0.751,92.929,2.254,0,5244772,287392,184136,2287648,45906.287,4499.654,184.355,132.254,5.010,15.029,1479,1948,1.360,1.770,1.170,1,0,0,0,0,18,328,0,10,0
20-01 16:11:19,3.001,1.250,93.767,0.250,0,5244660,287392,184136,2287760,35004.261,3548.635,92.016,188.034,1.000,30.005,1997,2539,1.360,1.770,1.170,1,0,3.001,0,0,18,328,0,10,0
20-01 16:11:20,4.000,2.250,90.749,1.750,0,5225100,306892,184148,2287824,25519.845,129879.209,347.998,1047.994,24.000,29.000,2052,2428,1.360,1.770,1.170,1,0,11.000,0,0,18,327,0,10,0
20-01 16:11:21,1.752,0.751,97.098,0,0,5222572,309412,184148,2287832,11533.624,1621.634,0,92.093,0,7.007,1294,1667,1.360,1.770,1.170,0,0,0,0,0,18,327,0,10,0
20-01 16:11:22,1.997,0.998,95.101,0.499,0,5217252,314732,184148,2287832,8019.428,1617.464,0,2040.801,0,312.510,1905,1929,1.250,1.740,1.170,1,0,1.997,0,0,18,327,0,10,0
20-01 16:11:23,2.001,0.750,96.289,0.250,0,5217348,314508,184148,2287960,6479.630,1620.658,0,260.106,0,24.010,1258,1783,1.250,1.740,1.170,1,0,0,0,0,18,327,0,10,0
20-01 16:11:24,1.749,0.750,95.446,0,0,5216720,315136,184148,2287960,50838.288,1619.086,0,183.896,0,25.985,1549,2139,1.250,1.740,1.170,1,0,0,0,0,18,327,0,10,0
20-01 16:11:25,1.749,0.999,95.936,0.250,0,5217188,315032,184148,2287960,48101.758,1618.915,0,14330.395,0,356.761,1833,1782,1.250,1.740,1.170,1,0,0,0,0,18,327,0,10,0
20-01 16:11:26,1.500,0.750,96.767,0,0,5217188,315032,184148,2287960,10035.791,1620.289,0,4.001,0,1.000,1113,1617,1.250,1.740,1.170,1,0,0,0,0,18,327,0,10,0
20-01 16:11:27,2.251,0.750,96.526,0,0,5217188,315032,184148,2287960,13161.578,1458.396,0,0,0,0,1222,1650,1.150,1.710,1.160,1,0,0,0,0,18,327,0,10,0
20-01 16:11:28,0.999,0.500,96.686,0,0,5217184,315032,184148,2287964,11218.578,1618.929,0,0,0,0,1130,1619,1.150,1.710,1.160,1,0,0,0,0,18,327,0,10,0
20-01 16:11:29,2.252,0.751,95.606,0.250,0,5217172,315032,184148,2287976,11554.806,1621.797,0,188.209,0,26.029,1511,2091,1.150,1.710,1.160,1,0,0,0,0,18,327,0,10,0
20-01 16:11:30,2.251,3.251,93.035,0,0,5206772,325420,184148,2287976,12869.883,1620.615,0,95416.199,0,525.199,2910,2784,1.150,1.710,1.160,1,0,0,0,0,18,327,0,10,0
20-01 16:11:31,1.752,0.500,96.592,0,0,5206772,325420,184148,2287976,13843.195,1621.546,0,0,0,0,1182,1677,1.150,1.710,1.160,1,0,0,0,0,18,327,0,10,0
20-01 16:11:32,1.748,0.999,95.640,0.250,0,5207024,325168,184148,2287976,15218.556,1618.145,0,567.350,0,114.868,1536,1812,1.060,1.680,1.150,2,0,0.999,0,0,18,327,0,10,0
20-01 16:11:33,1.498,0.499,96.620,0,0,5207024,325168,184148,2287976,14164.941,1617.823,0,0,0,0,1111,1593,1.060,1.680,1.150,1,0,0,0,0,18,327,0,10,0
20-01 16:11:34,1.999,0.999,95.448,0.500,0,5207016,325168,184148,2287988,10760.126,1619.116,0,1815.009,0,26.985,1677,2482,1.060,1.680,1.150,1,0,0.999,0,0,18,327,0,10,0
20-01 16:11:35,2.253,2.253,93.135,0.250,0,5207668,324512,184148,2287992,13370.396,1622.354,0,69745.177,0,280.407,2297,2614,1.060,1.680,1.150,1,0,1.001,0,0,18,327,0,10,0
20-01 16:11:36,1.501,1.001,95.828,0.250,0,5207632,324512,184148,2288000,8535.924,1459.184,0,4071.302,0,173.140,1635,2433,1.060,1.680,1.150,2,0,0,0,0,18,327,0,10,0
20-01 16:11:37,2.000,0.750,96.243,0.250,0,5207884,324260,184148,2288000,9389.295,1619.878,0,175.987,0,9.999,1354,1815,0.970,1.660,1.150,2,0,0,0,0,18,327,0,10,0
20-01 16:11:38,1.502,0.751,96.400,0.501,0,5207852,324292,184148,2288000,10584.510,1622.531,0,937.462,0,43.067,1295,1846,0.970,1.660,1.150,0,0,0,0,0,18,327,0,10,0
20-01 16:11:39,1.996,0.499,95.786,0,0,5207600,324544,184148,2288000,5868.872,1616.384,0,127.714,0,17.960,1479,2140,0.970,1.660,1.150,2,0,0,0,0,18,327,0,10,0
20-01 16:11:40,1.498,0.749,96.633,0,0,5207600,324544,184148,2288000,9447.549,1618.039,0,199.758,0,14.982,1198,1701,0.970,1.660,1.150,1,0,0,0,0,18,327,0,10,0
20-01 16:11:41,1.503,0.501,96.939,0,0,5207596,324544,184148,2288004,7601.848,1623.170,0,0,0,0,1124,1591,0.970,1.660,1.150,0,0,0,0,0,18,327,0,10,0
20-01 16:11:42,1.748,0.499,95.902,0,0,5207596,324544,184148,2288004,9259.555,1618.349,0,11.988,0,1.998,1320,1741,0.890,1.630,1.140,1,0,2.997,0,0,18,327,0,10,0
20-01 16:11:43,1.749,0.999,96.186,0,0,5207596,324544,184148,2288004,6881.398,1618.917,0,571.618,0,114.923,1201,1580,0.890,1.630,1.140,2,0,0,0,0,18,327,0,10,0
20-01 16:11:44,2.003,1.002,96.151,0.501,0,5207584,324544,184148,2288016,9347.661,1460.290,0,160.251,0,19.030,1455,2131,0.890,1.630,1.140,1,0,0,0,0,18,327,0,10,0
20-01 16:11:45,2.002,0.500,95.574,0,0,5207584,324544,184148,2288016,12407.644,1621.260,0,460.358,0,33.026,1444,1963,0.890,1.630,1.140,1,0,0,0,0,18,327,0,10,0
20-01 16:11:46,1.498,1.248,96.103,0,0,5207252,324872,184148,2288016,6698.721,1617.518,0,2576.047,0,10.983,1254,1697,0.890,1.630,1.140,1,0,0,0,0,18,327,0,10,0
20-01 16:11:47,1.750,0.750,96.513,0,0,5207248,324872,184148,2288020,6040.845,1662.232,0,8.001,0,1.000,1218,1693,0.900,1.620,1.140,1,0,0,0,0,18,327,0,10,0
20-01 16:11:48,2.000,1.250,95.996,0,0,5207216,324872,184148,2288052,9246.651,1619.939,0,8.000,0,2.000,1281,1773,0.900,1.620,1.140,1,0,0,0,0,18,327,0,10,0
20-01 16:11:49,2.250,1.000,94.980,0.500,0,5208192,323892,184148,2288056,9060.077,1619.656,0,431.908,0,24.995,1750,2441,0.900,1.620,1.140,2,0,1.000,0,0,18,327,0,10,0
20-01 16:11:50,2.251,1.250,94.523,0,0,5208180,323892,184148,2288068,8106.931,648.154,0,392.093,0,29.007,1652,2184,0.900,1.620,1.140,1,0,7.002,0,0,18,327,0,10,0
20-01 16:11:51,15.516,4.254,78.081,0.501,0,5229448,302512,184148,2288180,424445.806,14350.904,16.017,492.511,1.001,6.006,3322,2862,0.900,1.620,1.140,1,0,27.028,0,0,18,327,0,10,0
20-01 16:11:52,14.748,6.499,77.239,1.000,0,5217400,313132,184152,2289604,303016.646,11884.378,123.983,115.984,5.999,5.999,3645,3038,0.910,1.610,1.140,2,0,40.994,0,0,18,327,0,10,0
