"pcp-dstat 6.2.0 CSV Output"
"Author:","PCP team <pcp@groups.io> and Dag Wieers <dag@wieers.com>",,,,"URL:","https://pcp.io/ and http://dag.wieers.com/home-made/dstat/"
"Host:","ubuntu",,,,"User:","ubuntu"
"Cmdline:","dstat -tcmndrylpg --tcp --output /tmp/devstack_logs/dstat-csv.log",,,,"Date:","19 Jan 2026 17:07:42 UTC"
"system","total usage",,,,,"memory usage",,,,"net/total",,"dsk/total",,"io/total",,"system",,"load avg",,,"procs",,,"paging",,"tcp sockets",,,,
"time","total usage:usr","total usage:sys","total usage:idl","total usage:wai","total usage:stl","used","free","buf","cach","net/total:recv","net/total:send","dsk/total:read","dsk/total:writ","read","writ","int","csw","1m","5m","15m","run","blk","new","in","out","lis","act","syn","tim","clo"
19-01 17:07:42,,1044540,1654020,162184,4960616,,,,,,,1.210,0.900,0.500,3,0,,,,10,6,0,18,0
19-01 17:07:43,20.712,20.213,57.643,0.749,0,1029284,1668788,162272,4960912,44030.494,12313.207,0,2726.952,0,104.806,6873,5914,1.210,0.900,0.500,3,0,524.030,0,0,10,5,0,18,1
19-01 17:07:44,26.800,18.033,53.599,0.501,0,1033544,1664028,162324,4961272,20187.431,10032.602,0,1474.734,0,50.093,6243,5983,1.210,0.900,0.500,4,0,340.632,0,0,10,4,0,18,2
19-01 17:07:45,29.693,15.720,53.896,0.250,0,1020776,1659300,162352,4978140,196603.703,14742.558,0,1764.596,0,53.896,5840,6084,1.210,0.900,0.500,4,0,247.522,0,0,10,4,0,18,2
19-01 17:07:46,33.254,10.751,54.257,1.000,0,1144264,1517292,163208,5117356,8867.127,1620.206,16.002,5620.714,1.000,78.010,4752,4046,1.210,0.900,0.500,2,0,111.014,0,0,11,6,0,18,2
19-01 17:07:47,38.958,11.737,47.449,0.499,0,1156528,1486728,163688,5133116,7455.925,1618.247,15.983,1861.983,0.999,50.945,4750,3335,1.350,0.940,0.520,2,0,189.794,0,0,11,6,0,20,2
19-01 17:07:48,44.259,6.251,48.760,0.500,0,1227912,1392352,164316,5153488,8507.736,1620.331,16.003,3192.652,1.000,62.013,3244,1828,1.350,0.940,0.520,2,0,1.000,0,0,11,6,0,20,2
19-01 17:07:49,42.347,5.763,47.860,2.756,0.251,1262708,1338128,165500,5168956,8656.884,1623.729,0,10115.233,0,542.245,5590,5690,1.350,0.940,0.520,3,0,10.023,0,0,11,8,0,20,2
19-01 17:07:50,38.745,10.249,36.745,11.998,0,1270852,1294460,167644,5199752,9167.764,1619.782,0,69698.605,0,4912.338,24321,41871,1.350,0.940,0.520,3,0,104.986,0,0,11,8,0,21,2
19-01 17:07:51,37.672,7.734,51.644,2.495,0,1254532,1302080,168276,5206568,29681.809,3614.548,0,13272.637,0,919.105,7113,7381,1.350,0.940,0.520,2,0,77.840,0,0,11,7,0,21,2
19-01 17:07:52,44.249,5.750,48.749,0.500,0,1339372,1235420,168280,5188792,7123.786,2339.930,0,903.973,0,52.998,3092,1627,1.400,0.960,0.520,3,0,18.999,0,0,11,4,0,20,0
19-01 17:07:53,41.055,5.758,52.320,1.001,0,1304484,1264124,168416,5194228,50259.083,3828.110,0,8959.959,0,536.716,4907,3539,1.400,0.960,0.520,3,0,27.036,0,0,11,4,0,20,0
19-01 17:07:54,44.175,5.491,49.666,0,0.250,1344016,1223328,168440,5195320,10341.447,2691.432,0,515.126,0,29.949,3041,1551,1.400,0.960,0.520,2,0,17.970,0,0,11,5,0,20,0
19-01 17:07:55,38.109,8.524,50.645,0.501,0,1296128,1263364,168948,5201276,14202.553,3659.449,0,1283.665,0,73.209,9837,15463,1.400,0.960,0.520,2,0,135.387,0,0,11,4,0,20,0
19-01 17:07:56,31.003,25.253,42.005,0,0,1280440,1278288,169024,5201792,20498.304,1706.192,0,2172.244,0,180.020,16285,25035,1.400,0.960,0.520,2,0,544.061,0,0,11,4,0,20,0
19-01 17:07:57,38.957,19.479,40.206,0.250,0,1179544,1393404,169092,5189432,10718.233,1618.223,0,2964.745,0,109.879,6886,8230,1.450,0.980,0.530,4,0,243.732,0,0,11,4,0,20,0
19-01 17:07:58,66.818,12.012,21.022,0,0,1248088,1324816,169100,5189588,9702.943,1707.750,0,4.004,0,1.001,4075,1998,1.450,0.980,0.530,3,0,114.117,0,0,11,5,0,20,0
19-01 17:07:59,52.113,6.732,40.892,0,0,1287328,1285020,169116,5190128,25295.488,1615.752,0,422.888,0,37.900,3416,1529,1.450,0.980,0.530,3,0,49.869,0,0,11,5,0,20,0
19-01 17:08:00,41.073,9.517,48.837,0.501,0,1290412,1279528,169152,5192452,6476.577,1622.901,0,2969.308,0,125.224,4964,6071,1.450,0.980,0.530,1,0,50.090,0,0,11,4,0,20,0
19-01 17:08:01,17.471,8.486,72.880,0.250,0,1334524,1235408,169160,5192460,43970.633,1617.338,0,21732.233,0,322.469,3686,2615,1.450,0.980,0.530,1,0,89.852,0,0,11,4,0,20,0
19-01 17:08:02,23.245,2.749,73.733,0,0,1370020,1199912,169160,5192460,54106.594,1457.666,0,0,0,0,2025,1259,1.410,0.980,0.530,2,0,0,0,0,11,4,0,20,0
19-01 17:08:03,23.042,1.753,72.381,0.751,0,1391936,1177840,169212,5192700,6294.383,1665.011,0,1835.319,0,190.344,3521,4436,1.410,0.980,0.530,1,0,1.002,0,0,11,10,0,20,0
19-01 17:08:04,20.216,5.740,72.378,0.499,0,1334408,1235232,169248,5192800,8826.119,1617.273,99.832,2571.664,9.983,148.749,2634,2169,1.410,0.980,0.530,1,0,41.929,0,0,11,4,0,18,0
19-01 17:08:05,19.501,1.750,78.004,0.250,0,1350516,1218596,169512,5192996,9752.479,4141.203,272.013,492.024,10.000,7.000,1766,1352,1.410,0.980,0.530,1,0,0,0,0,11,11,0,18,0
19-01 17:08:06,18.245,2.499,74.231,4.749,0,1359264,1209520,169556,5193228,10819.260,4120.956,267.932,783.802,65.983,33.991,2319,2340,1.410,0.980,0.530,2,0,1.999,0,0,11,27,0,18,0
19-01 17:08:07,19.535,6.261,73.132,0,0,1379296,1189344,169556,5193368,10655.192,4917.858,0,26984.605,0,90.162,2605,1996,1.380,0.980,0.540,2,0,44.079,0,0,11,28,0,19,0
19-01 17:08:08,17.469,2.246,79.110,0,0,1399340,1169284,169556,5193384,11757.148,7536.633,0,0,0,0,1898,1569,1.380,0.980,0.540,1,0,0.998,0,0,11,29,0,19,0
19-01 17:08:09,30.008,12.003,57.015,0,0,1424256,1144344,169564,5193400,9973.661,2618.699,0,2024.540,0,14.004,3788,2558,1.380,0.980,0.540,2,0,156.042,0,0,11,28,0,18,0
19-01 17:08:10,37.495,4.499,57.992,0,0.250,1478916,1089676,169564,5193408,16799.556,9934.554,0,67.990,0,3.999,3124,2164,1.380,0.980,0.540,1,0,0,0,0,11,30,0,18,0
19-01 17:08:11,34.776,14.261,49.787,0,0,1408796,1159580,169568,5193620,17634.242,11681.772,0,2445.837,0,36.027,7138,9016,1.380,0.980,0.540,4,0,314.236,0,0,11,28,0,19,0
19-01 17:08:12,78.900,21.541,0.250,0,0,1567408,1000920,169580,5193652,10251.510,1623.089,0,7826.895,0,136.259,5550,3826,1.750,1.060,0.570,6,0,264.503,0,0,11,28,0,19,0
19-01 17:08:13,85.977,8.473,4.486,0,0,1739940,828352,169580,5193676,27451.900,22512.571,0,0,0,0,6035,4803,1.750,1.060,0.570,4,0,0,0,0,11,34,0,19,0
19-01 17:08:14,75.987,10.784,12.288,0,0,1706472,861552,169600,5193924,37044.418,26038.126,0,754.350,0,64.200,8524,12627,1.750,1.060,0.570,3,0,163.509,0,0,11,28,0,25,0
19-01 17:08:15,21.170,8.468,69.738,0.249,0,1559760,1008252,169600,5193936,8959.292,1613.928,0,191.280,0,11.955,3019,2487,1.750,1.060,0.570,2,0,146.449,0,0,11,28,0,25,0
19-01 17:08:16,16.257,2.001,81.283,0,0,1544992,1023012,169600,5193944,11359.558,7394.967,0,148.059,0,8.003,2270,2306,1.750,1.060,0.570,0,0,1.000,0,0,11,29,0,25,0
19-01 17:08:17,18.048,8.022,71.943,0.251,0.251,1496068,1071912,169616,5193952,11264.203,2811.539,0,17410.683,0,110.296,3439,3033,1.690,1.060,0.570,1,0,68.183,0,0,11,28,0,24,0
19-01 17:08:18,18.709,3.243,78.079,0,0,1486520,1081456,169616,5193956,12228.183,5522.888,0,526.845,0,3.991,2011,1621,1.690,1.060,0.570,1,0,0.998,0,0,11,29,0,24,0
19-01 17:08:19,13.777,10.020,75.147,0.250,0,1427700,1140256,169616,5193976,12009.507,4688.177,0,228.447,0,18.035,4603,4523,1.690,1.060,0.570,1,0,253.496,0,0,11,28,0,25,0
19-01 17:08:20,31.530,32.030,36.534,0,0,1449212,1118688,169620,5194028,7107.660,1459.367,0,236.221,0,20.019,6378,5616,1.690,1.060,0.570,5,0,785.736,0,0,11,28,0,25,0
19-01 17:08:21,84.739,11.963,2.742,0,0,1617180,950716,169620,5194032,16897.862,7931.527,0,183.434,0,8.972,5053,2675,1.690,1.060,0.570,5,0,0,0,0,11,30,0,25,0
19-01 17:08:22,75.737,9.028,14.545,0,0,1657024,910624,169628,5194240,42681.362,35960.362,0,79392.069,0,279.874,8473,12148,1.720,1.070,0.580,2,0,0,0,0,11,31,0,25,0
19-01 17:08:23,76.442,18.736,4.746,0,0,1583268,984304,169636,5194308,17798.521,10537.020,0,451.658,0,48.963,7013,8477,1.720,1.070,0.580,7,0,309.765,0,0,11,28,0,26,0
19-01 17:08:24,86.554,13.258,0.250,0,0,1693940,873488,169700,5194384,12358.766,7754.873,0,3662.301,0,216.136,5904,4077,1.720,1.070,0.580,6,0,0,0,0,11,30,0,26,0
19-01 17:08:25,80.956,9.995,8.745,0,0,1742616,824436,169708,5194724,47847.839,39097.623,0,251.862,0,14.992,7714,11645,1.720,1.070,0.580,6,0,42.977,0,0,11,33,0,27,0
19-01 17:08:26,55.879,14.219,28.439,0.249,0,1561128,1005728,169708,5194924,29076.273,20869.976,0,574.760,0,41.910,7926,10766,1.720,1.070,0.580,2,0,260.438,0,0,11,28,0,31,0
19-01 17:08:27,39.499,5.750,53.749,0,0,1551876,1014964,169716,5194932,13532.652,6222.840,0,235.994,0,14.000,2909,1842,1.740,1.090,0.590,2,0,0,0,0,11,30,0,31,0
19-01 17:08:28,31.831,12.281,55.141,0,0,1507608,1059172,169732,5194976,22807.184,14183.183,0,372.951,0,30.077,5872,6929,1.740,1.090,0.590,4,0,272.696,0,0,11,29,0,32,0
19-01 17:08:29,67.267,14.450,18.187,0,0,1517528,1049228,169732,5195000,12972.985,3248.727,0,271.059,0,13.952,4508,2643,1.740,1.090,0.590,2,0,106.630,0,0,11,29,0,33,0
19-01 17:08:30,45.076,4.758,49.083,0.250,0,1541488,1025076,169740,5195184,34942.137,25414.011,0,388.658,0,29.049,5953,7592,1.740,1.090,0.590,4,0,0,0,0,11,30,0,34,0
19-01 17:08:31,67.522,20.757,11.004,0.250,0,1461100,1105404,169764,5195220,46281.371,5503.828,0,460.153,0,41.014,6020,5391,1.740,1.090,0.590,5,0,258.086,0,0,11,28,0,34,0
19-01 17:08:32,74.065,6.756,20.018,0,0,1591088,975384,169772,5195244,61592.163,17921.760,0,432.380,0,21.018,5015,3317,1.840,1.120,0.600,7,0,0,0,0,11,32,0,34,0
19-01 17:08:33,61.302,15.013,23.019,0,0,1454168,1112068,169780,5195472,34933.518,25688.707,0,3070.595,0,147.124,9368,13373,1.840,1.120,0.600,5,0,317.268,0,0,11,28,0,32,0
19-01 17:08:34,62.309,9.471,27.665,0.249,0,1553252,1012980,169784,5195472,7827.048,4950.850,0,227.304,0,10.966,3601,1528,1.840,1.120,0.600,0,0,6.979,0,0,11,31,0,32,0
19-01 17:08:35,44.908,5.239,48.900,0,0,1549076,1017076,169792,5195544,34879.917,25447.141,0,283.422,0,22.953,6408,9025,1.840,1.120,0.600,2,0,0,0,0,11,30,0,33,0
19-01 17:08:36,61.534,18.837,19.339,0,0,1527052,1039004,169808,5195612,11725.086,3354.474,0,377.742,0,27.125,5044,3871,1.840,1.120,0.600,3,0,300.386,0,0,11,28,0,34,0
19-01 17:08:37,51.011,4.501,43.009,0.500,0,1557704,1008200,169808,5195764,24603.087,17742.668,0,5337.103,0,325.067,5145,4291,1.690,1.100,0.600,3,0,0,0,0,11,31,0,34,0
19-01 17:08:38,54.382,17.462,28.189,0.249,0,1508000,1057656,169832,5196080,22997.040,13337.026,0,1384.991,0,93.796,7194,8495,1.690,1.100,0.600,3,0,287.376,0,0,11,28,0,37,0
19-01 17:08:39,53.243,6.499,39.245,0,0,1578940,986576,169832,5196220,17517.554,13135.166,0,0,0,0,4078,2684,1.690,1.100,0.600,3,0,0,0,0,11,31,0,37,0
19-01 17:08:40,52.880,10.526,36.340,0,0,1455772,1109648,169852,5196292,23550.089,15546.347,0,288.712,0,30.074,7034,8547,1.690,1.100,0.600,3,0,112.277,0,0,11,28,0,39,0
19-01 17:08:41,61.433,9.739,27.720,0,0,1561688,1003732,169852,5196292,8052.235,4199.429,0,163.822,0,9.989,3566,1544,1.690,1.100,0.600,1,0,0,0,0,11,30,0,35,0
19-01 17:08:42,46.543,6.006,47.044,0,0.250,1527336,1038008,169864,5196356,29041.025,24154.478,0,296.276,0,28.026,6568,8643,1.720,1.120,0.600,5,0,17.016,0,0,11,29,0,37,0
19-01 17:08:43,68.516,28.257,3.251,0.250,0,1494436,1070828,169880,5196420,9220.209,2085.500,0,2432.583,0,152.036,6360,5805,1.720,1.120,0.600,7,0,617.148,0,0,11,28,0,37,0
19-01 17:08:44,84.243,15.249,0,0,0,1683728,881384,169884,5196568,12659.915,7674.342,0,207.982,0,9.999,5743,4666,1.720,1.120,0.600,6,0,361.969,0,0,11,30,0,37,0
19-01 17:08:45,77.242,19.498,2.750,0,0,1746436,818560,169888,5196680,51714.785,43799.583,0,1071.892,0,64.993,8208,9975,1.720,1.120,0.600,5,0,497.950,0,0,11,32,0,37,0
19-01 17:08:46,80.516,18.003,1.250,0,0,1615820,948924,169916,5196904,26745.165,17299.341,0,516.100,0,47.009,7171,8355,1.720,1.120,0.600,9,0,299.058,0,0,11,28,0,38,0
19-01 17:08:47,83.259,11.716,5.235,0,0,1676492,888240,169920,5196912,16601.932,13229.696,0,159.538,0,7.977,5126,3121,1.980,1.180,0.630,4,0,60.824,0,0,11,32,0,38,0
19-01 17:08:48,72.943,9.525,16.794,0,0,1685044,879452,169920,5197148,48055.071,38357.428,0,1279.383,0,14.037,8709,13359,1.980,1.180,0.630,6,0,50.133,0,0,11,30,0,41,0
19-01 17:08:49,30.445,24.206,44.670,0,0,1491600,1072852,169920,5197192,15890.393,9772.407,0,187.662,0,11.978,7249,7905,1.980,1.180,0.630,1,0,665.801,0,0,11,28,0,43,0
19-01 17:08:50,48.838,36.817,13.524,0,0,1481188,1083196,169920,5197244,6189.189,1622.934,0,184.333,0,18.033,6509,11159,1.980,1.180,0.630,6,0,916.657,0,0,11,28,0,42,0
19-01 17:08:51,73.102,10.479,15.718,0,0,1601980,962396,169920,5197252,18829.782,12343.946,0,75.846,0,3.992,4452,2463,1.980,1.180,0.630,3,0,6.986,0,0,11,31,0,42,0
19-01 17:08:52,58.758,12.502,28.254,0,0,1554992,1009148,169932,5197476,31125.179,23032.092,0,468.063,0,57.008,7697,10508,2.060,1.210,0.640,4,0,134.018,0,0,11,29,0,45,0
19-01 17:08:53,81.038,15.757,2.751,0,0,1549156,1014968,169936,5197488,11197.228,4424.066,0,320.149,0,25.012,5179,3183,2.060,1.210,0.640,4,0,134.063,0,0,11,29,0,46,0
19-01 17:08:54,63.104,7.512,29.298,0,0,1593684,970388,169936,5197540,32738.752,26330.230,0,212.349,0,9.015,5722,8110,2.060,1.210,0.640,4,0,0,0,0,11,32,0,45,0
19-01 17:08:55,50.927,6.491,41.441,0,0,1594028,969632,169944,5197944,47409.207,39853.012,0,283.594,0,21.969,12377,19903,2.060,1.210,0.640,4,0,0,0,0,11,31,0,45,0
19-01 17:08:56,76.655,15.730,6.492,0,0,1504384,1059224,169952,5197988,19946.226,10077.483,0,475.410,0,47.940,6887,7548,2.060,1.210,0.640,5,0,119.851,0,0,11,28,0,45,0
19-01 17:08:57,71.428,7.018,22.055,0,0,1591252,972336,169952,5198008,23472.601,18194.423,0,180.451,0,10.025,4784,3435,2.140,1.240,0.650,4,0,0,0,0,11,32,0,45,0
19-01 17:08:58,52.990,6.999,38.993,0,0,1592496,970824,169956,5198272,47463.035,38338.758,0,179.966,0,11.998,11607,18438,2.140,1.240,0.650,2,0,1.000,0,0,11,32,0,45,0
19-01 17:08:59,64.274,15.506,19.257,0,0,1452096,1111000,169956,5198496,32963.081,24923.134,0,160.059,0,9.003,9154,12093,2.140,1.240,0.650,5,0,247.091,0,0,11,28,0,49,0
19-01 17:09:00,79.953,9.744,10.244,0,0,1565508,997576,169956,5198508,16927.033,9469.424,0,159.906,0,10.994,4691,2120,2.140,1.240,0.650,2,0,12.992,0,0,11,31,0,49,0
19-01 17:09:01,62.251,5.750,31.250,0,0,1571316,991556,169956,5198720,74075.044,30750.433,0,108.002,0,6.000,7379,11680,2.140,1.240,0.650,5,0,0,0,0,11,31,0,50,0
19-01 17:09:02,72.538,14.508,12.256,0.250,0,1481512,1081160,169960,5198916,57520.330,16889.906,0,348.184,0,35.018,7204,9442,2.370,1.310,0.680,4,0,107.056,0,0,11,28,0,51,0
19-01 17:09:03,71.934,9.491,17.983,0,0,1603880,958776,169964,5198928,15570.710,12843.213,0,227.791,0,11.989,4521,2973,2.370,1.310,0.680,3,0,20.981,0,0,11,31,0,51,0
19-01 17:09:04,66.798,14.510,18.013,0.250,0,1660008,902568,169988,5198984,29866.269,19022.547,0,356.254,0,37.026,6478,8633,2.370,1.310,0.680,4,0,120.086,0,0,11,30,0,53,0
19-01 17:09:05,65.514,8.252,26.256,0,0,1711524,850840,169992,5199192,40041.582,31008.646,0,160.034,0,10.002,7118,10419,2.370,1.310,0.680,5,0,16.003,0,0,11,30,0,55,0
19-01 17:09:06,72.460,14.992,11.494,0,0,1533856,1028436,170000,5199256,22817.290,14814.748,0,243.864,0,22.987,6230,7869,2.370,1.310,0.680,5,0,200.888,0,0,11,30,0,55,0
19-01 17:09:07,74.913,11.237,13.984,0,0,1614404,947728,170008,5199408,20581.994,13435.330,0,235.725,0,16.980,4763,3982,2.420,1.330,0.690,4,0,11.986,0,0,11,34,0,55,0
19-01 17:09:08,69.602,11.016,18.527,0,0,1615672,946392,170008,5199440,29117.505,21980.086,0,432.632,0,64.094,5710,8274,2.420,1.330,0.690,2,0,71.104,0,0,11,34,0,57,0
19-01 17:09:09,60.958,10.992,28.231,0.250,0,1564240,997656,170024,5199612,23105.050,16687.481,0,339.765,0,36.974,5097,5769,2.420,1.330,0.690,2,0,137.905,0,0,11,34,0,59,0
19-01 17:09:10,53.462,11.492,33.726,0.250,0,1547452,1014424,170032,5199624,13783.125,6897.059,0,363.739,0,32.976,4696,4159,2.420,1.330,0.690,4,0,119.914,0,0,11,33,0,59,0
19-01 17:09:11,54.090,6.511,38.814,0,0,1499516,1062292,170040,5199684,22713.718,15114.098,0,208.346,0,15.025,5465,5206,2.420,1.330,0.690,4,0,20.033,0,0,11,34,0,60,0
19-01 17:09:12,54.677,10.486,33.955,0,0,1538412,1023208,170044,5199868,24163.855,17107.243,0,187.750,0,9.987,6370,8111,2.460,1.360,0.700,3,0,118.842,0,0,11,32,0,62,0
19-01 17:09:13,58.040,9.507,32.772,0,0,1545092,1016480,170044,5199916,13544.286,8757.004,0,84.058,0,7.005,3964,3019,2.460,1.360,0.700,1,0,43.030,0,0,11,34,0,62,0
19-01 17:09:14,40.750,7.750,50.000,0,0,1559612,1001896,170052,5199972,28176.814,20144.867,0,4531.970,0,159.999,6137,7439,2.460,1.360,0.700,1,0,87.999,0,0,11,34,0,60,0
19-01 17:09:15,32.017,10.005,56.280,0.250,0,1523064,1038400,170072,5199996,14509.686,8089.285,0,564.299,0,82.043,5044,5413,2.460,1.360,0.700,2,0,135.072,0,0,11,32,0,62,0
19-01 17:09:16,39.147,4.488,55.355,0.249,0,1508584,1052872,170076,5200000,15015.601,8247.360,0,151.602,0,9.974,2847,1730,2.460,1.360,0.700,1,0,0,0,0,11,34,0,62,0
19-01 17:09:17,34.737,5.748,58.728,0,0,1462600,1098712,170084,5200136,20799.235,12469.345,0,211.921,0,15.994,4931,5837,2.350,1.350,0.700,2,0,33.987,0,0,11,32,0,64,0
19-01 17:09:18,39.253,9.501,50.004,0,0,1484276,1077016,170092,5200148,9362.683,3590.262,0,196.014,0,14.001,3462,2148,2.350,1.350,0.700,2,0,105.008,0,0,11,33,0,59,0
19-01 17:09:19,33.332,5.513,60.147,0.251,0,1459696,1101432,170104,5200300,19478.685,11511.180,0,1752.290,0,35.086,3904,3885,2.350,1.350,0.700,2,0,59.145,0,0,11,33,0,60,0
19-01 17:09:20,37.460,7.742,53.942,0,0,1414252,1146724,170108,5200448,12879.213,6571.965,0,263.718,0,21.976,3629,3547,2.350,1.350,0.700,2,0,5.994,0,0,11,32,0,61,0
19-01 17:09:21,35.438,3.993,60.145,0,0,1441684,1119268,170112,5200468,16529.051,12919.373,0,139.755,0,7.986,3596,3413,2.350,1.350,0.700,0,0,0,0,0,11,34,0,61,0
19-01 17:09:22,36.351,7.019,55.905,0.251,0,1466132,1094768,170124,5200508,20991.175,12264.991,0,336.934,0,38.106,5240,6097,2.240,1.350,0.710,2,0,43.120,0,0,11,32,0,62,0
19-01 17:09:23,39.894,5.984,52.859,0.499,0,1489316,1071560,170140,5200516,12349.112,6579.477,0,2090.433,0,128.657,3416,2629,2.240,1.350,0.710,2,0,4.987,0,0,11,33,0,62,0
19-01 17:09:24,33.076,4.260,61.892,0,0,1479552,1081284,170140,5200556,23784.708,15834.422,0,336.775,0,20.046,4615,6051,2.240,1.350,0.710,1,0,9.021,0,0,11,33,0,63,0
19-01 17:09:25,20.457,13.222,65.114,0,0,1424592,1136172,170140,5200628,11248.533,4599.405,0,275.425,0,20.956,4542,4360,2.240,1.350,0.710,2,0,278.419,0,0,11,32,0,64,0
19-01 17:09:26,19.004,1.750,78.266,0,0,1423468,1137164,170140,5200760,11447.369,6662.379,0,116.024,0,7.001,1941,1591,2.240,1.350,0.710,1,0,0,0,0,11,33,0,58,0
19-01 17:09:27,16.036,5.512,78.176,0,0,1385264,1175332,170152,5200784,14477.525,7124.005,0,236.531,0,22.050,4159,4668,2.060,1.330,0.700,1,0,101.227,0,0,11,32,0,59,0
19-01 17:09:28,17.748,8.749,72.743,0.250,0,1390932,1169656,170152,5200792,8444.152,1619.837,0,175.982,0,10.999,3308,2540,2.060,1.330,0.700,1,0,183.982,0,0,11,32,0,59,0
19-01 17:09:29,17.721,1.747,79.122,0,0,1409220,1151360,170156,5200796,11302.735,7279.237,0,151.755,0,7.987,2032,1815,2.060,1.330,0.700,1,0,0,0,0,11,33,0,59,0
19-01 17:09:30,17.739,5.746,75.452,0,0,1361792,1198760,170168,5200812,16232.644,6741.699,0,131.916,0,14.990,3755,4009,2.060,1.330,0.700,1,0,45.971,0,0,11,32,0,58,0
19-01 17:09:31,19.244,2.249,77.974,0.250,0,1401604,1158944,170168,5200816,45585.771,3919.690,0,119.960,0,5.998,1747,1065,2.060,1.330,0.700,2,0,0,0,0,11,33,0,58,0
19-01 17:09:32,18.255,2.251,78.023,0,0,1401580,1158944,170168,5200840,51077.134,11251.334,0,100.030,0,11.003,3803,4854,1.890,1.300,0.700,1,0,0,0,0,11,33,0,58,0
19-01 17:09:33,13.777,15.029,70.888,0,0,1358868,1201488,170172,5201004,9768.989,3720.231,0,232.452,0,22.043,5579,5034,1.890,1.300,0.700,1,0,328.639,0,0,11,32,0,58,0
19-01 17:09:34,31.445,13.975,52.907,0,0,1387136,1173040,170232,5201116,7245.274,1617.159,0,459.193,0,29.947,4875,3766,1.890,1.300,0.700,2,0,297.477,0,0,11,32,0,60,0
19-01 17:09:35,42.859,6.266,48.122,2.005,0,1501808,1055408,170608,5203376,9062.045,1624.130,0,5730.573,0,486.237,5615,5713,1.890,1.300,0.700,3,1,29.074,0,0,11,36,0,56,0
19-01 17:09:36,37.998,8.000,41.498,10.749,0,1439624,1110848,171744,5208620,8011.572,1619.913,0,53729.127,0,4268.772,19680,31947,1.890,1.300,0.700,3,0,111.994,0,0,11,36,0,56,0
19-01 17:09:37,40.639,6.981,44.378,6.732,0,1480464,1069028,172088,5209208,8834.761,1615.568,0,24624.441,0,2278.748,13672,19198,1.900,1.320,0.700,2,0,36.899,0,0,11,32,0,56,0
19-01 17:09:38,45.604,6.765,46.607,1.253,0,1560144,989272,172144,5209228,10755.592,1623.712,0,13759.460,0,770.762,5078,4788,1.900,1.320,0.700,2,0,2.005,0,0,11,32,0,56,0
19-01 17:09:39,37.936,7.487,42.928,9.484,0,1585548,962940,172592,5209720,10679.035,1563.370,0,17674.268,0,2728.410,19110,27348,1.900,1.320,0.700,2,0,2.995,0,0,11,34,0,51,0
19-01 17:09:40,28.552,7.263,62.113,1.002,0,1420028,1128348,172680,5209736,9561.435,1622.959,0,8924.273,0,538.983,4354,3744,1.900,1.320,0.700,1,0,99.181,0,0,11,32,0,51,0
19-01 17:09:41,21.946,3.741,73.318,0,0.249,1489316,1059040,172696,5209736,5897.397,1615.998,0,933.688,0,45.886,2024,1598,1.900,1.320,0.700,1,0,1.995,0,0,11,32,0,51,0
19-01 17:09:42,23.004,3.001,72.763,1.000,0,1481232,1066992,172804,5209760,5261.933,1512.268,0,7357.305,0,376.067,2858,2749,1.830,1.310,0.710,1,0,1.000,0,0,11,32,0,51,0
19-01 17:09:43,22.750,3.500,73.252,0,0,1498292,1049924,172808,5209764,10298.218,1620.034,0,112.002,0,12.000,2011,1358,1.830,1.310,0.710,2,0,2.000,0,0,11,32,0,47,0
19-01 17:09:44,22.253,2.750,73.760,0,0,1487444,1060760,172808,5209776,8063.110,1620.223,0,96.013,0,1.000,1715,1097,1.830,1.310,0.710,1,0,1.000,0,0,11,32,0,47,0
19-01 17:09:45,22.747,3.500,73.490,0,0,1542160,1006044,172808,5209776,10521.587,1619.782,0,0,0,0,1789,1130,1.830,1.310,0.710,2,0,2.000,0,0,11,32,0,47,0
19-01 17:09:46,23.235,2.498,73.453,0,0,1510240,1037876,172816,5209848,8973.239,1618.961,0,0,0,0,1830,1212,1.830,1.310,0.710,2,0,0.999,0,0,11,32,0,47,0
19-01 17:09:47,22.518,3.002,73.808,0,0,1557560,990556,172816,5209848,9469.500,1637.297,0,0,0,0,1837,1170,1.760,1.300,0.710,2,0,2.002,0,0,11,32,0,46,0
19-01 17:09:48,22.247,3.500,73.742,0,0,1518644,1029380,172828,5209924,9265.946,1619.816,0,187.979,0,3.000,1865,1287,1.760,1.300,0.710,1,0,2.000,0,0,11,32,0,46,0
19-01 17:09:49,21.998,4.000,73.244,0.250,0,1490436,1057508,172828,5209968,5951.491,1619.861,0,443.962,0,32.997,2028,1707,1.760,1.300,0.710,1,0,1.000,0,0,11,32,0,46,0
19-01 17:09:50,27.493,5.749,65.984,0,0,1504296,1043648,172828,5209968,6152.536,1565.628,0,211.950,0,1.000,2802,12326,1.760,1.300,0.710,2,0,37.991,0,0,11,32,0,47,0
19-01 17:09:51,22.509,3.501,73.528,0,0,1474540,1073372,172832,5209996,9085.501,1566.604,0,0,0,0,1781,1207,1.760,1.300,0.710,2,0,1.000,0,0,11,32,0,41,0
19-01 17:09:52,21.998,3.000,73.994,0,0,1508320,1039572,172832,5210016,7342.405,1619.869,0,0,0,0,1714,1157,1.700,1.300,0.710,1,0,1.000,0,0,11,32,0,41,0
19-01 17:09:53,22.254,3.751,73.515,0,0,1514980,1032912,172832,5210016,8613.711,1620.322,0,0,0,0,1822,1225,1.700,1.300,0.710,2,0,2.000,0,0,11,32,0,41,0
19-01 17:09:54,18.790,7.265,73.406,0,0,1481400,1066368,172844,5210128,8678.429,1623.448,0,96.204,0,3.006,2876,1913,1.700,1.300,0.710,2,0,105.223,0,0,11,32,0,41,0
19-01 17:09:55,9.244,21.736,68.457,0,0,1471996,1075708,172848,5210180,12001.521,1618.991,0,975.392,0,12.992,6481,5056,1.700,1.300,0.710,1,0,536.666,0,0,11,32,0,37,0
19-01 17:09:56,9.259,20.520,68.816,0,0,1434172,1113348,172848,5210356,8211.865,1621.553,0,844.809,0,113.108,6454,4775,1.700,1.300,0.710,2,0,466.447,0,0,11,32,0,37,0
19-01 17:09:57,13.962,13.214,72.052,0,0,1417628,1129888,172848,5210360,9030.205,1507.860,0,0,0,0,4396,3261,1.650,1.290,0.710,1,0,264.274,0,0,11,32,0,37,0
19-01 17:09:58,21.755,3.501,73.517,0,0,1447816,1099696,172848,5210364,9406.170,1620.374,0,0,0,0,1895,1267,1.650,1.290,0.710,1,0,3.001,0,0,11,32,0,37,0
19-01 17:09:59,22.749,3.750,73.498,0,0,1437536,1109976,172852,5210360,9852.672,1565.948,0,463.985,0,28.999,2100,1669,1.650,1.290,0.710,1,0,1.000,0,0,11,32,0,34,0
19-01 17:10:00,22.236,3.748,73.453,0.250,0,1497828,1049676,172856,5210360,7373.304,1618.969,0,343.781,0,13.991,1835,1283,1.650,1.290,0.710,2,0,1.999,0,0,11,32,0,34,0
19-01 17:10:01,22.513,3.002,73.544,0,0,1478184,1069312,172856,5210368,44209.327,1620.965,0,20.012,0,1.001,1909,1249,1.650,1.290,0.710,2,0,1.001,0,0,11,32,0,34,0
19-01 17:10:02,22.248,3.250,73.744,0,0,1504432,1043064,172856,5210368,41845.754,1619.874,0,0,0,0,1853,1237,1.590,1.290,0.710,1,0,2.000,0,0,11,32,0,34,0
19-01 17:10:03,22.267,3.503,73.805,0,0,1486548,1060956,172856,5210360,9188.831,1609.196,0,12.009,0,1.001,1843,1217,1.590,1.290,0.710,1,0,1.001,0,0,11,32,0,31,0
19-01 17:10:04,23.482,2.998,73.944,0,0,1507028,1040476,172856,5210360,8450.560,1618.766,0,0,0,0,1808,1181,1.590,1.290,0.710,2,0,1.998,0,0,11,32,0,31,0
19-01 17:10:05,22.503,3.000,73.260,0,0,1472652,1074844,172856,5210368,5666.761,1620.218,0,256.034,0,5.001,1743,1157,1.590,1.290,0.710,1,0,1.000,0,0,11,32,0,31,0
19-01 17:10:06,22.244,2.999,73.730,0,0,1503852,1043644,172856,5210368,8421.737,1565.579,0,79.979,0,3.999,1811,1228,1.590,1.290,0.710,1,0,1.999,0,0,11,32,0,31,0
19-01 17:10:07,22.506,3.001,73.769,0,0,1459784,1087724,172856,5210356,9167.406,1620.425,0,256.067,0,53.014,1938,1269,1.550,1.280,0.720,1,0,1.000,0,0,11,32,0,25,0
19-01 17:10:08,23.000,3.250,73.249,0,0,1498292,1049188,172856,5210384,5177.954,1565.986,0,24.000,0,1.000,1826,1211,1.550,1.280,0.720,2,0,3.000,0,0,11,32,0,25,0
19-01 17:10:09,22.496,3.499,73.238,0,0,1470036,1077520,172860,5210304,8850.502,1619.726,0,343.942,0,28.995,2161,1760,1.550,1.280,0.720,3,0,1.000,0,0,11,32,0,25,0
19-01 17:10:10,22.496,3.249,73.487,0.250,0,1512604,1034864,172860,5210392,7392.685,1565.722,0,2379.577,0,83.985,2023,1255,1.550,1.280,0.720,1,0,2.000,0,0,11,32,0,25,0
19-01 17:10:11,22.008,4.002,73.278,0,0,1470600,1076880,172860,5210380,9484.622,1620.619,0,0,0,0,1873,1326,1.550,1.280,0.720,2,0,1.000,0,0,11,32,0,18,0
19-01 17:10:12,22.251,3.000,73.754,0,0,1448672,1098816,172860,5210372,5730.298,1662.086,0,20.001,0,3.000,1758,1185,1.500,1.280,0.720,1,0,1.000,0,0,11,32,0,18,0
19-01 17:10:13,22.249,3.500,73.748,0,0,1480468,1067000,172860,5210392,5957.806,1619.947,0,143.995,0,26.999,1805,1073,1.500,1.280,0.720,1,0,2.000,0,0,11,32,0,18,0
19-01 17:10:14,21.750,4.000,73.750,0,0,1467260,1080228,172860,5210372,11885.969,1619.996,0,0,0,0,1899,1411,1.500,1.280,0.720,2,0,1.000,0,0,11,32,0,18,0
19-01 17:10:15,22.751,2.750,73.252,0,0,1461864,1085612,172860,5210384,8517.269,1566.049,0,156.005,0,3.000,1891,1308,1.500,1.280,0.720,2,0,1.000,0,0,11,32,0,18,0
19-01 17:10:16,22.501,3.500,74.253,0,0,1489600,1057876,172860,5210384,8288.372,1620.073,0,0,0,0,1830,1183,1.500,1.280,0.720,1,0,2.000,0,0,11,32,0,13,0
19-01 17:10:17,15.027,13.775,70.376,0,0,1453108,1094312,172860,5210436,7619.672,1622.912,0,188.338,0,9.016,4574,3467,1.540,1.290,0.730,1,0,341.613,0,0,11,32,0,13,0
19-01 17:10:18,18.717,7.737,72.125,0,0,1447464,1099932,172860,5210460,9810.939,1509.375,0,51.910,0,2.995,2944,2167,1.540,1.290,0.730,1,0,119.792,0,0,11,32,0,13,0
19-01 17:10:19,24.747,2.500,72.741,0.250,0,1464292,1082808,172868,5210708,10278.733,1619.800,0,547.932,0,56.993,2188,1582,1.540,1.290,0.730,1,0,2.000,0,0,11,32,0,13,0
19-01 17:10:20,21.744,3.999,73.230,0,0,1499512,1047584,172868,5210712,7526.987,1619.567,0,247.934,0,10.997,1827,1326,1.540,1.290,0.730,1,0,8.998,0,0,11,32,0,10,0
19-01 17:10:21,18.050,10.780,70.193,0.251,0,1490060,1056908,172868,5210840,5965.380,1624.460,40.110,36.099,2.006,2.006,3524,2581,1.540,1.290,0.730,1,0,224.617,0,0,11,32,0,10,0
19-01 17:10:22,7.994,21.233,68.946,0,0,1481996,1064940,172868,5210872,8595.212,1618.722,0,143.886,0,5.995,6307,4918,1.420,1.270,0.720,1,0,492.611,0,0,11,32,0,10,0
19-01 17:10:23,8.259,22.775,68.575,0,0,1461620,1085280,172868,5210904,7407.115,1715.880,0,204.224,0,4.004,6411,5076,1.420,1.270,0.720,2,0,528.579,0,0,11,32,0,10,0
19-01 17:10:24,8.734,21.711,67.629,0,0,1440376,1106476,172868,5210936,8679.472,1617.107,0,1373.543,0,72.870,6420,4969,1.420,1.270,0.720,1,0,522.066,0,0,11,32,0,7,0
19-01 17:10:25,7.999,23.246,67.739,0,0,1424956,1121848,172872,5210960,7061.845,1565.744,0,1555.746,0,18.997,6302,4832,1.420,1.270,0.720,1,0,511.916,0,0,11,32,0,7,0
19-01 17:10:26,8.267,21.295,69.145,0,0,1413720,1133044,172872,5210992,8948.825,1515.187,0,945.990,0,11.023,6289,4846,1.420,1.270,0.720,1,0,510.073,0,0,11,32,0,7,0
19-01 17:10:27,7.744,21.234,69.697,0,0,1381028,1165704,172872,5211024,7411.330,1618.761,0,183.859,0,6.995,6027,4461,1.380,1.270,0.720,1,0,434.667,0,0,11,32,0,7,0
19-01 17:10:28,8.501,21.754,68.512,0,0,1369680,1177008,172872,5211064,5775.005,1620.282,0,284.049,0,9.002,6129,4584,1.380,1.270,0.720,1,0,458.080,0,0,11,32,0,4,0
19-01 17:10:29,7.749,22.496,68.238,0,0,1367792,1178856,172880,5211096,5707.981,1619.711,0,2495.554,0,128.977,6833,5734,1.380,1.270,0.720,1,0,508.909,0,0,11,32,0,4,0
19-01 17:10:30,16.010,24.515,58.035,0.500,0,1339544,1207052,172900,5211132,9849.950,1620.979,0,1024.619,0,111.067,6838,5838,1.380,1.270,0.720,2,0,582.352,0,0,11,32,0,6,0
19-01 17:10:31,58.753,19.001,21.501,0,0,1502344,1043948,172960,5211344,42054.473,1620.095,0,808.048,0,51.003,5563,4171,1.380,1.270,0.720,3,0,382.022,0,0,11,32,0,10,0
19-01 17:10:32,60.747,9.000,23.749,5.750,0,1624912,914468,173512,5217092,44627.923,1619.925,371.983,13615.366,3.000,1076.950,9395,10988,1.510,1.290,0.740,4,0,48.998,0,0,11,34,0,9,0
19-01 17:10:33,43.238,12.497,30.492,11.247,0,1609516,918652,174452,5226528,7577.966,1619.565,0,78314.977,0,5335.568,24624,38922,1.510,1.290,0.740,4,1,138.963,0,0,11,36,0,11,0
19-01 17:10:34,41.500,10.000,31.750,14.500,0,1655940,860816,174964,5237028,10490.882,3535.960,0,94062.942,0,6640.925,28813,43879,1.510,1.290,0.740,2,0,92.999,0,0,11,37,0,11,0
19-01 17:10:35,42.471,8.744,33.727,12.242,0,1652748,853760,175592,5246328,15375.555,8882.965,0,71131.677,0,5735.104,24696,39900,1.510,1.290,0.740,4,0,41.971,0,0,11,36,0,12,0
19-01 17:10:36,39.275,19.262,26.767,13.508,0,1569144,930424,176092,5252492,5736.599,1621.017,256.161,58500.703,2.001,4131.592,21040,30494,1.510,1.290,0.740,5,1,302.190,0,0,11,34,0,10,0
19-01 17:10:37,40.284,15.915,26.359,14.423,0,1589416,904792,176372,5257752,14172.969,6625.458,115.381,50859.165,3.979,4066.187,22725,34555,2.030,1.410,0.780,9,0,197.938,0,0,11,35,0,10,0
19-01 17:10:38,43.487,15.585,28.656,10.809,0,1593152,896792,176500,5261280,16161.960,10153.258,1773.653,33756.719,27.148,2828.393,18438,28584,2.030,1.410,0.780,2,0,198.078,0,0,11,35,0,10,0
19-01 17:10:39,33.154,10.719,43.126,10.221,0,1511128,978908,176756,5260916,12542.851,7685.849,0,63465.090,0,4951.729,24265,38080,2.030,1.410,0.780,4,0,99.713,0,0,11,34,0,10,0
19-01 17:10:40,40.452,7.491,39.453,10.987,0,1557404,930564,177016,5262704,10684.212,1618.063,0,38250.217,0,3522.783,20284,27473,2.030,1.410,0.780,3,0,38.953,0,0,11,34,0,10,0
19-01 17:10:41,31.377,6.777,48.195,11.296,0,1561816,925200,177172,5263476,18438.731,10980.503,0,47584.859,0,4342.600,23163,34457,2.030,1.410,0.780,1,1,33.134,0,0,11,35,0,10,0
19-01 17:10:42,35.756,6.751,44.507,10.002,0.250,1557792,926784,177296,5265732,20628.283,12460.983,0,40810.496,0,3665.583,21066,32373,2.030,1.420,0.780,2,0,45.007,0,0,11,34,0,11,0
19-01 17:10:43,34.498,11.749,39.497,12.499,0,1531412,949872,177364,5268868,7329.493,1565.892,0,66683.390,0,5283.635,24633,37138,2.030,1.420,0.780,2,1,118.992,0,0,11,36,0,11,0
19-01 17:10:44,31.745,8.749,35.994,20.996,0,1559280,918476,177540,5272128,10433.216,6605.871,315.946,69268.158,2.999,5388.079,25140,37596,2.030,1.420,0.780,2,0,65.989,0,0,11,37,0,11,0
19-01 17:10:45,31.506,7.001,47.259,11.252,0,1555444,917708,177632,5276524,20606.085,11287.238,0,46361.192,0,4243.841,24262,36908,2.030,1.420,0.780,2,3,105.021,0,0,11,37,0,11,0
19-01 17:10:46,35.741,8.998,41.990,11.497,0,1488660,982104,177672,5278792,12856.882,6323.466,0,61397.109,0,4962.796,24185,36148,2.030,1.420,0.780,5,0,74.982,0,0,11,36,0,11,0
19-01 17:10:47,35.996,8.499,41.496,12.249,0,1549144,926928,177728,5273472,10901.894,3589.636,0,64149.493,0,5210.472,24480,36474,2.030,1.430,0.790,2,0,23.998,0,0,11,37,0,11,0
19-01 17:10:48,34.470,9.492,48.708,5.995,0,1431004,1044864,177768,5273636,19020.412,11027.383,0,29598.187,0,2194.087,13936,18894,2.030,1.430,0.790,1,0,134.882,0,0,11,33,0,12,0
19-01 17:10:49,16.977,6.741,74.150,0,0,1375020,1100808,177772,5273704,17408.440,10429.885,0,1134.465,0,58.920,4805,5694,2.030,1.430,0.790,1,0,124.831,0,0,11,32,0,13,0
19-01 17:10:50,26.289,7.511,65.346,0,0,1433412,1042412,177772,5273708,10096.790,1622.376,0,1173.719,0,56.082,3182,9441,2.030,1.430,0.790,1,0,62.091,0,0,11,32,0,14,0
19-01 17:10:51,16.970,2.246,79.358,0.499,0,1441540,1034268,177776,5273720,16363.816,9624.835,0,3166.353,0,219.608,3328,3428,2.030,1.430,0.790,1,0,0,0,0,11,33,0,14,0
19-01 17:10:52,20.756,5.002,73.273,0.250,0,1471028,1004768,177780,5273728,7942.444,2348.723,0,576.177,0,31.010,2615,2280,1.950,1.420,0.790,1,0,34.010,0,0,11,32,0,14,0
19-01 17:10:53,17.264,2.502,79.567,0.250,0,1486196,989592,177780,5273736,14710.347,7204.047,0,540.454,0,26.022,1946,1619,1.950,1.420,0.790,0,0,0,0,0,11,33,0,14,0
19-01 17:10:54,17.477,6.492,73.654,0.250,0,1466572,1009212,177780,5273740,10738.966,2705.465,0,2169.165,0,129.830,3430,3215,1.950,1.420,0.790,2,0,59.922,0,0,11,32,0,15,0
19-01 17:10:55,19.008,2.501,77.781,0,0,1458420,1017052,177780,5274080,17214.866,6832.725,0,36.014,0,4.002,2062,1668,1.950,1.420,0.790,1,0,1.000,0,0,11,33,0,15,0
19-01 17:10:56,19.249,4.000,76.248,0,0,1431088,1044356,177780,5274108,14290.575,6965.793,0,187.994,0,8.000,3571,3931,1.950,1.420,0.790,1,0,42.999,0,0,11,32,0,16,0
19-01 17:10:57,20.999,3.500,74.746,0.250,0,1451660,1023800,177780,5274108,10031.406,3589.787,0,195.988,0,13.999,1919,1420,1.870,1.410,0.790,0,0,0,0,0,11,33,0,16,0
19-01 17:10:58,14.247,1.750,81.733,0,0,1449928,1025388,177780,5274252,15894.648,9562.983,0,199.958,0,10.998,3096,3713,1.870,1.410,0.790,1,0,1.000,0,0,11,33,0,16,0
19-01 17:10:59,11.782,17.547,69.686,0,0,1394688,1080476,177780,5274412,6427.191,2434.512,0,312.837,0,23.062,5567,4533,1.870,1.410,0.790,1,0,374.000,0,0,11,32,0,17,0
19-01 17:11:00,35.170,20.703,43.401,0.499,0,1440284,1034656,177792,5274624,6200.901,1616.325,0,838.094,0,63.855,6279,5026,1.870,1.410,0.790,4,0,423.038,0,0,11,32,0,23,0
19-01 17:11:01,66.511,9.001,23.754,0,0.250,1588780,884800,177848,5275896,43321.207,1620.270,0,412.069,0,14.002,3890,1492,1.870,1.410,0.790,4,0,3.000,0,0,11,32,0,23,0
19-01 17:11:02,64.668,7.740,23.969,0,0.250,1751144,719228,177948,5278620,43660.338,1617.937,0,4474.296,0,105.865,3966,1436,1.960,1.440,0.800,4,0,0,0,0,11,32,0,23,0
19-01 17:11:03,48.679,8.030,32.871,8.030,0,1761340,698564,178096,5288384,8509.314,1571.784,0,59948.611,0,4047.896,20102,28301,1.960,1.440,0.800,6,0,126.465,0,0,11,38,0,23,0
19-01 17:11:04,31.486,10.745,43.231,12.744,0,1758816,688736,178196,5300232,8393.267,1661.261,0,92438.883,0,7048.865,32626,49568,1.960,1.440,0.800,4,0,278.876,0,0,11,38,0,23,0
19-01 17:11:05,35.229,9.244,36.978,15.491,0,1758076,679916,178256,5309460,9135.523,1619.029,0,103681.842,0,7601.443,35163,53656,1.960,1.440,0.800,2,4,149.910,0,0,11,38,0,23,0
19-01 17:11:06,42.274,11.006,31.768,12.507,0.250,1719224,708740,178348,5319040,6895.879,1620.912,0,72897.001,0,5285.973,26715,38402,1.960,1.440,0.800,1,1,240.135,0,0,11,36,0,23,0
19-01 17:11:07,44.765,9.753,30.260,12.004,0,1767544,649752,178384,5329216,5931.964,1620.537,0,84896.114,0,5615.860,25853,37924,2.200,1.500,0.830,5,0,31.010,0,0,11,36,0,23,0
19-01 17:11:08,37.002,9.251,34.252,15.501,0.250,1799860,609932,178412,5336424,5510.331,1512.091,4.000,87281.238,1.000,5956.357,26128,41062,2.200,1.500,0.830,3,0,39.002,0,0,11,38,0,23,0
19-01 17:11:09,32.993,10.498,40.991,12.997,0,1711356,694776,178428,5339956,8794.170,1619.663,0,67953.861,0,5497.856,25935,38637,2.200,1.500,0.830,2,0,170.964,0,0,11,36,0,23,0
19-01 17:11:10,29.691,11.228,57.137,0.749,0,1486188,920048,178428,5339844,7958.311,1616.813,0,5022.099,0,315.378,5349,4575,2.200,1.500,0.830,1,0,248.510,0,0,11,32,0,23,0
19-01 17:11:11,22.734,3.498,73.200,0.250,0,1480956,925280,178428,5339844,8896.893,1618.889,0,1431.018,0,80.944,2140,1560,2.200,1.500,0.830,1,0,0.999,0,0,11,32,0,23,0
19-01 17:11:12,22.529,3.004,72.094,0.751,0,1527248,878984,178428,5339844,7418.624,1664.159,0,5286.858,0,304.395,2953,2736,2.110,1.490,0.830,1,0,2.003,0,0,11,36,0,23,0
19-01 17:11:13,22.210,3.993,72.868,0,0,1475524,930700,178428,5339852,9082.521,1563.164,0,131.761,0,8.984,2457,1768,2.110,1.490,0.830,1,0,26.951,0,0,11,32,0,23,0
19-01 17:11:14,23.014,2.752,73.794,0,0,1527920,878300,178428,5339856,9111.473,1620.974,0,32.019,0,4.002,1851,1263,2.110,1.490,0.830,1,0,1.001,0,0,11,32,0,23,0
19-01 17:11:15,24.001,2.000,73.004,0.250,0,1557572,848644,178428,5339856,5643.297,1620.085,0,568.030,0,44.002,2146,1758,2.110,1.490,0.830,1,0,2.000,0,0,11,34,0,23,0
19-01 17:11:16,15.289,34.839,49.376,0,0,1484048,921972,178428,5340052,9121.190,1569.992,0,276.703,0,38.097,7827,7136,2.110,1.490,0.830,2,0,1043.653,0,0,11,32,0,23,0
19-01 17:11:17,8.250,25.500,65.499,0,0,1478872,927064,178428,5340116,6903.909,1565.979,0,699.991,0,100.999,6699,5311,2.020,1.480,0.830,1,0,640.992,0,0,11,32,0,23,0
19-01 17:11:18,8.489,19.975,70.163,0,0,1433524,972360,178428,5340164,6744.604,1617.986,0,111.861,0,8.989,6054,4584,2.020,1.480,0.830,1,0,420.477,0,0,11,32,0,23,0
19-01 17:11:19,9.254,21.259,68.030,0,0,1421568,984284,178428,5340192,8513.725,1620.709,0,36.016,0,9.004,5859,4260,2.020,1.480,0.830,2,0,384.168,0,0,11,32,0,23,0
19-01 17:11:20,24.768,14.511,60.045,0,0,1421480,984336,178428,5340668,6303.691,1621.206,0,4.003,0,1.001,5934,7229,2.020,1.480,0.830,3,0,205.153,0,0,11,32,0,23,0
19-01 17:11:21,44.906,7.734,46.154,0,0,1500260,905444,178432,5340776,10458.173,1616.626,0,67.858,0,2.994,3222,1785,2.020,1.480,0.830,2,0,60.873,0,0,11,33,0,23,0
19-01 17:11:22,45.477,5.997,48.226,0.250,0,1586096,819568,178440,5340804,9107.442,1619.190,0,331.834,0,16.991,3506,2751,2.020,1.490,0.840,2,0,16.991,0,0,11,49,0,23,0
19-01 17:11:23,46.590,4.759,47.342,0,0,1644692,758640,178500,5342716,6819.214,1663.223,0,1442.796,0,123.239,3766,3544,2.020,1.490,0.840,4,0,2.004,0,0,11,49,0,23,0
19-01 17:11:24,16.734,19.980,62.689,0,0,1663152,738040,178504,5345152,9496.697,1564.467,0,7.992,0,1.998,7875,10857,2.020,1.490,0.840,10,0,392.615,0,0,11,48,0,24,0
19-01 17:11:25,15.235,8.991,73.680,0.250,0,1658516,742592,178504,5344824,7597.746,1618.455,0,599.428,0,38.963,4354,5626,2.020,1.490,0.840,1,0,109.895,0,0,11,48,0,24,0
19-01 17:11:26,0.500,0.750,97.771,0,0.250,1657148,743956,178504,5344828,9177.980,1620.350,0,956.206,0,16.003,935,1245,2.020,1.490,0.840,0,0,3.001,0,0,11,48,0,24,0
19-01 17:11:27,0.750,0.500,97.998,0.250,0,1655416,745688,178504,5344828,5489.901,1565.972,0,35.999,0,4.000,751,955,1.850,1.460,0.830,0,0,2.000,0,0,11,48,0,24,0
19-01 17:11:28,0.250,0.250,97.757,0.500,0,1654072,747032,178504,5344828,8511.629,1620.120,0,4184.309,0,311.023,1352,1041,1.850,1.460,0.830,0,0,3.000,0,0,11,48,0,24,0
19-01 17:11:29,1.500,2.250,95.489,0,0,1646632,754488,178504,5344820,8908.014,1619.821,0,0,0,0,1219,1393,1.850,1.460,0.830,0,0,26.997,0,0,11,48,0,24,0
19-01 17:11:30,18.500,13.750,66.501,0,0,1682660,718408,178504,5345268,8714.080,1620.015,0,4.000,0,1.000,5792,7481,1.850,1.460,0.830,1,0,256.002,0,0,11,48,0,24,0
19-01 17:11:31,11.274,16.535,71.151,0,0,1710672,690356,178504,5344864,41661.361,1623.443,0,4.009,0,1.002,5360,4885,1.850,1.460,0.830,2,0,322.684,0,0,12,48,0,24,0
19-01 17:11:32,20.201,15.712,62.349,0.249,0,1681768,719076,178504,5345468,43872.430,1745.759,0,2609.661,0,43.893,6826,8002,1.790,1.460,0.830,1,0,265.355,0,0,12,64,0,24,0
19-01 17:11:33,7.751,8.501,82.511,0,0,1684368,716492,178504,5345020,9020.249,1620.224,0,264.037,0,11.002,3077,3052,1.790,1.460,0.830,1,0,187.026,0,0,12,64,0,16,0
19-01 17:11:34,13.281,14.534,70.916,0,0,1676044,724788,178504,5345388,9122.381,1623.806,0,4.009,0,1.002,6121,7440,1.790,1.460,0.830,5,0,212.498,0,0,14,64,0,16,0
19-01 17:11:35,12.754,16.255,70.271,0.250,0,1684436,716348,178504,5345080,7269.123,1566.457,0,528.154,0,36.011,5341,4894,1.790,1.460,0.830,1,0,361.105,0,0,14,66,0,16,0
19-01 17:11:36,9.001,21.002,69.007,0,0,1648264,752440,178508,5345156,10064.978,1620.157,0,112.011,0,16.002,5895,4393,1.790,1.460,0.830,2,0,381.037,0,0,14,66,0,16,0
19-01 17:11:37,20.758,14.005,64.025,0,0,1671156,729528,178508,5345172,7912.034,1620.622,0,544.209,0,5.002,5981,6977,1.880,1.480,0.840,2,0,201.077,0,0,14,66,0,15,0
19-01 17:11:38,29.750,24.000,45.250,0,0,1748504,652116,178516,5345228,7441.076,1620.016,0,452.005,0,11.000,6829,5564,1.880,1.480,0.840,3,0,583.006,0,0,14,66,0,15,0
19-01 17:11:39,28.184,25.939,44.396,0,0,1861152,538188,178576,5346392,6498.831,1616.227,0,19.953,0,4.988,7266,7725,1.880,1.480,0.840,2,0,529.763,0,0,14,66,0,15,0
19-01 17:11:40,33.532,20.770,43.042,0,0,1919268,479844,178596,5346928,13283.829,1621.566,0,28.027,0,7.007,5651,6285,1.880,1.480,0.840,4,0,330.319,0,0,14,70,0,17,0
19-01 17:11:41,53.726,23.629,19.401,0,0.249,2007752,391292,178604,5347080,5377.562,1504.324,0,628.792,0,7.959,4677,4979,1.880,1.480,0.840,5,0,414.883,0,0,14,70,0,17,0
19-01 17:11:42,63.885,24.146,9.306,0,0.755,2120116,278428,178608,5347944,9700.521,1720.379,0,36.218,0,9.055,6092,6598,2.050,1.520,0.860,4,0,462.792,0,0,14,70,0,17,0
19-01 17:11:43,65.398,20.967,12.231,0,0.250,2215764,181772,178648,5348328,7614.152,1617.483,0,1090.303,0,19.969,5541,6136,2.050,1.520,0.860,4,0,315.509,0,0,14,70,0,17,0
19-01 17:11:44,68.568,25.776,3.003,2.002,0,2322444,151724,172216,5280044,9149.132,1621.619,616.615,1545.543,63.063,100.100,6118,7147,2.050,1.520,0.860,4,0,403.403,0,0,14,74,0,17,0
19-01 17:11:45,74.499,20.750,2.750,1.750,0,2420432,194404,166492,5148220,9151.844,1565.973,875.985,11095.811,43.999,956.984,10730,14264,2.050,1.520,0.860,8,0,218.996,0,0,14,74,0,17,0
19-01 17:11:46,65.864,27.693,2.744,3.243,0,2545600,131492,166484,5087568,6341.943,1616.672,506.956,30920.341,27.942,2231.406,16900,26262,2.050,1.520,0.860,6,0,436.102,0,0,14,76,0,16,0
19-01 17:11:47,69.956,20.487,8.495,0.500,0,2612188,138272,166320,5016076,10685.221,1618.973,43.972,6755.714,5.996,598.620,10222,15620,2.450,1.620,0.890,5,0,216.862,0,0,14,80,0,19,0
19-01 17:11:48,65.123,24.045,10.019,1.002,0,2747016,126880,166008,4895648,9398.784,1623.071,320.607,9706.366,17.032,599.134,10328,14035,2.450,1.620,0.890,4,0,509.965,0,0,14,93,0,25,0
19-01 17:11:49,45.932,25.212,26.461,1.248,0,2831904,183040,166012,4758068,5544.745,1617.592,191.715,1166.264,22.966,67.899,7965,11421,2.450,1.620,0.890,2,0,462.312,0,0,14,93,0,25,0
19-01 17:11:50,52.300,15.265,29.778,2.252,0,2953628,126876,166016,4694864,9631.174,1513.442,2206.101,7599.239,50.048,398.379,5998,11321,2.450,1.620,0.890,6,1,231.220,0,0,14,95,0,23,0
19-01 17:11:51,57.696,10.740,30.721,0.500,0,3052664,160820,166036,4563600,7102.356,1618.486,99.907,4851.461,6.993,232.782,5868,16891,2.450,1.620,0.890,2,0,10.990,0,0,14,98,0,27,0
19-01 17:11:52,13.792,17.303,66.704,0.752,0,3074720,138008,166040,4564340,9959.420,1715.239,8.025,1693.172,2.006,120.368,6169,5709,2.330,1.610,0.890,1,0,325.996,0,0,14,101,0,27,0
19-01 17:11:53,7.995,19.738,70.957,0,0,3084116,128576,166040,4564376,8852.689,1619.029,3.998,135.918,0.999,12.992,5911,4410,2.330,1.610,0.890,1,0,370.778,0,0,14,101,0,27,0
19-01 17:11:54,11.757,16.010,71.544,0.250,0,3104748,175404,166040,4498352,7532.650,1566.967,0,44.027,0,5.003,4705,3724,2.330,1.610,0.890,1,0,295.182,0,0,14,101,0,24,0
19-01 17:11:55,17.695,2.742,78.258,0.249,0,3146776,133348,166040,4498380,11298.024,3996.627,23.926,366.864,1.994,0.997,1923,1571,2.330,1.610,0.890,1,0,0,0,0,14,102,0,24,0
19-01 17:11:56,19.502,5.000,74.256,0.250,0,3097040,183044,166044,4498416,26569.133,21600.734,8.001,784.063,2.000,27.002,3178,2763,2.330,1.610,0.890,1,0,63.005,0,0,14,103,0,25,0
19-01 17:11:57,21.500,4.000,73.251,0,0,3160076,120004,166044,4498420,7797.126,2234.036,0,1480.024,0,9.000,1977,1446,2.230,1.600,0.900,0,0,1.000,0,0,14,106,0,25,0
19-01 17:11:58,17.745,2.999,78.479,0.250,0,3161404,184428,166048,4434188,15911.822,7490.033,3.999,427.888,1.000,43.988,2820,2892,2.230,1.600,0.900,1,0,3.999,0,0,14,114,0,25,0
19-01 17:11:59,23.755,5.251,68.265,1.250,0,3165176,180156,166060,4434676,10399.309,1566.348,36.008,1880.418,3.001,229.051,5404,7295,2.230,1.600,0.900,1,0,3.001,0,0,14,117,0,25,0
19-01 17:12:00,21.001,9.250,67.752,1.000,0,3106356,238804,166060,4434848,10775.315,2709.079,96.003,2032.059,4.000,166.005,5097,5384,2.230,1.600,0.900,2,0,112.003,0,0,14,118,0,27,0
19-01 17:12:01,32.001,7.250,60.002,0,0,3240820,170432,166060,4370348,43037.733,2234.090,4.000,3332.134,1.000,39.002,3240,2495,2.230,1.600,0.900,1,0,3.000,0,0,14,121,0,27,0
19-01 17:12:02,20.547,2.506,75.422,0.251,0,3243740,167436,166060,4370424,48267.979,7520.135,8.018,757.726,2.005,62.142,2956,3127,2.130,1.590,0.900,1,0,3.007,0,0,14,125,0,20,0
19-01 17:12:03,21.513,5.503,70.293,1.001,0,3268288,142768,166068,4370504,12588.750,4800.956,40.025,2101.294,4.002,176.108,5399,7063,2.130,1.590,0.900,2,0,6.004,0,0,14,128,0,21,0
19-01 17:12:04,40.875,11.465,47.106,0,0,3330304,143852,165992,4308896,7215.891,1603.088,0,518.412,0,31.902,3870,2441,2.130,1.590,0.900,4,0,95.707,0,0,14,128,0,21,0
19-01 17:12:05,33.250,4.000,61.500,0,0,3363940,174352,165992,4246624,31053.220,23790.169,180.001,336.002,1.000,19.000,2606,1573,2.130,1.590,0.900,3,0,0,0,0,14,129,0,21,0
19-01 17:12:06,20.258,5.752,73.028,0,0,3348056,190224,165992,4246636,10565.011,1698.645,0,344.131,0,20.008,2576,1769,2.130,1.590,0.900,1,0,55.021,0,0,14,128,0,22,0
19-01 17:12:07,18.244,2.249,78.972,0.250,0,3368824,169320,165992,4246772,32452.463,23781.546,0,291.896,0,15.994,1982,1470,1.960,1.560,0.890,1,0,0,0,0,14,129,0,22,0
19-01 17:12:08,20.247,5.999,72.737,0,0,3351412,186716,165992,4246788,7491.710,1751.698,0,275.952,0,16.997,2446,1694,1.960,1.560,0.890,1,0,51.991,0,0,14,128,0,23,0
19-01 17:12:09,16.269,1.752,80.843,0.250,0,3370420,167688,165996,4246804,15989.401,8059.275,0,8197.434,0,629.725,2992,1582,1.960,1.560,0.890,1,0,0,0,0,14,129,0,23,0
19-01 17:12:10,19.476,7.990,70.913,0.749,0,3378404,159612,165996,4246896,7722.546,2764.615,51.936,1026.743,5.993,115.858,3966,4156,1.960,1.560,0.890,2,0,81.900,0,0,14,128,0,24,0
19-01 17:12:11,24.745,4.749,69.237,0,0,3417024,184212,166000,4185276,14839.191,7342.610,19.996,499.905,2.000,33.994,5664,9104,1.960,1.560,0.890,1,0,29.994,0,0,14,137,0,28,0
19-01 17:12:12,19.563,6.019,74.238,0,0,3364852,236364,166000,4185296,25626.256,18256.600,0,325.043,0,18.058,2666,2001,1.880,1.550,0.890,1,0,55.177,0,0,14,136,0,29,0
19-01 17:12:13,18.687,2.492,77.490,0.249,0,3403372,197836,166000,4185304,14780.470,7307.512,0,263.118,0,15.947,1958,1528,1.880,1.550,0.890,1,0,0,0,0,14,137,0,29,0
19-01 17:12:14,21.821,5.016,69.976,2.257,0,3405628,195300,166004,4185580,9782.649,2514.134,12.039,8447.329,3.010,629.035,7236,11041,1.880,1.550,0.890,1,0,1.003,0,0,14,140,0,29,0
19-01 17:12:15,20.449,5.985,70.326,0.249,0,3372132,228756,166004,4185604,10692.576,2918.787,0,1616.006,0,131.675,4478,5312,1.880,1.550,0.890,2,0,52.869,0,0,14,139,0,31,0
19-01 17:12:16,18.524,2.253,78.101,0,0,3414732,186152,166004,4185608,13037.939,7351.551,0,224.291,0,13.017,1953,1523,1.880,1.550,0.890,1,0,0,0,0,14,140,0,31,0
19-01 17:12:17,18.771,3.504,76.585,0.751,0,3413456,187304,166008,4185728,10389.494,5950.583,88.097,2062.281,6.007,145.161,3698,4574,1.730,1.520,0.890,1,0,1.001,0,0,14,140,0,31,0
19-01 17:12:18,29.688,5.738,62.869,0.499,0,3415052,185648,166012,4185784,6730.976,1562.744,0,1931.975,0,222.536,8721,13036,1.730,1.520,0.890,2,0,1.996,0,0,14,140,0,31,0
19-01 17:12:19,26.981,7.245,63.956,0.250,0,3406528,193984,166012,4185972,11923.774,2483.287,0,619.573,0,46.968,4977,6073,1.730,1.520,0.890,1,0,68.952,0,0,14,139,0,32,0
19-01 17:12:20,18.049,1.755,79.466,0,0,3430348,170156,166012,4185980,13823.573,8050.882,0,264.720,0,14.038,1816,1379,1.730,1.520,0.890,1,0,0,0,0,14,141,0,32,0
19-01 17:12:21,15.704,9.223,72.540,1.246,0,3407628,192800,166016,4186052,12663.275,4831.987,35.896,1511.616,2.991,139.595,4947,5344,1.730,1.520,0.890,1,0,146.575,0,0,14,141,0,33,0
19-01 17:12:22,20.250,4.000,74.999,0,0,3424748,175676,166016,4186056,9421.910,3481.967,0,447.996,0,23.000,1970,1415,1.670,1.510,0.890,0,0,0,0,0,14,142,0,33,0
19-01 17:12:23,19.760,3.001,76.537,0.500,0,3423996,176388,166024,4186088,19877.647,11252.461,4.002,772.375,1.000,64.031,3225,3672,1.670,1.510,0.890,3,0,0,0,0,14,142,0,33,0
19-01 17:12:24,22.996,6.249,68.489,0.500,0,3422928,177404,166024,4186140,8815.637,1619.750,0,1559.759,0,129.980,5891,8015,1.670,1.510,0.890,2,0,0,0,0,14,142,0,33,0
19-01 17:12:25,41.092,14.282,42.345,1.253,0,3353480,246496,166032,4186456,10934.518,3283.362,32.072,7023.749,2.004,488.094,11606,16763,1.670,1.510,0.890,3,0,230.517,0,0,14,143,0,34,0
19-01 17:12:26,25.193,6.735,66.101,0.249,0,3419192,180740,166032,4186484,11331.449,2119.221,0,642.551,0,49.888,3684,4019,1.670,1.510,0.890,1,0,64.854,0,0,14,143,0,34,0
19-01 17:12:27,17.000,4.250,78.249,0,0,3416828,183072,166032,4186500,17798.774,9107.884,0,491.994,0,19.000,2640,2124,1.620,1.510,0.890,1,0,52.999,0,0,14,143,0,34,0
19-01 17:12:28,9.528,20.059,68.953,0,0,3382740,217092,166032,4186536,6972.550,1660.895,0,473.395,0,24.071,6042,4733,1.620,1.510,0.890,2,0,405.194,0,0,14,143,0,34,0
19-01 17:12:29,16.213,17.461,65.352,0,0,3360948,238852,166036,4187004,9031.610,1616.351,0,359.189,0,21.950,6428,8142,1.620,1.510,0.890,1,0,313.293,0,0,14,143,0,34,0
19-01 17:12:30,27.305,19.539,51.854,0.501,0,3415400,184348,166040,4186600,7968.995,1569.149,0,4581.195,0,445.895,6795,5089,1.620,1.510,0.890,2,0,389.782,0,0,14,143,0,34,0
19-01 17:12:31,34.993,21.746,42.492,0,0,3468616,130652,166052,4187488,45234.073,1635.677,3.999,463.908,1.000,33.993,7330,7768,1.620,1.510,0.890,2,0,425.916,0,0,14,145,0,34,0
19-01 17:12:32,34.982,16.991,46.726,0,0,3543732,117144,166052,4127380,43121.036,1619.175,7.996,471.760,1.999,29.985,6538,7585,1.570,1.500,0.890,3,0,335.829,0,0,16,149,0,34,0
19-01 17:12:33,57.725,28.737,13.994,0,0,3658188,173024,165868,3960796,7646.635,1619.287,47.979,711.687,2.999,44.980,8903,12723,1.570,1.500,0.890,4,0,562.752,0,0,16,155,0,34,0
19-01 17:12:34,63.261,19.003,16.503,0.250,0,3743812,166460,165836,3882300,8893.510,1620.275,8.001,352.060,2.000,24.004,8112,13740,1.570,1.500,0.890,3,0,240.041,0,0,16,171,0,34,0
19-01 17:12:35,37.049,23.281,39.302,0,0,3814968,150240,165836,3828036,7410.873,1622.161,4.005,620.827,1.001,13.017,6815,5873,1.570,1.500,0.890,2,0,581.775,0,0,16,171,0,34,0
19-01 17:12:36,24.223,23.224,51.442,0,0,3862860,146484,165844,3785016,6110.098,1708.071,3.995,299.662,0.999,20.976,7150,6973,1.570,1.500,0.890,1,0,483.454,0,0,17,171,0,34,0
19-01 17:12:37,23.999,13.750,60.748,0,0,3879680,129644,165844,3784692,9394.703,1565.951,4.000,2203.930,1.000,26.999,5233,5324,1.520,1.490,0.890,2,0,231.993,0,0,17,171,0,34,0
19-01 17:12:38,30.110,24.387,44.294,0.498,0,3932284,129076,165620,3733780,8178.017,1558.760,11.945,955.562,2.986,43.797,6951,6109,1.520,1.490,0.890,3,0,481.762,0,0,17,171,0,34,0
19-01 17:12:39,46.233,18.845,34.675,0.251,0,4032556,135400,165632,3629720,9187.280,1698.556,168.851,542.734,5.025,28.142,7877,11696,1.520,1.490,0.890,2,0,250.261,0,0,17,183,0,34,0
19-01 17:12:40,28.998,26.998,43.497,0,0,4097384,129920,165632,3571724,8847.456,1565.904,15.999,223.986,1.000,16.999,7446,6450,1.520,1.490,0.890,2,0,677.958,0,0,17,183,0,34,0
19-01 17:12:41,30.258,23.506,44.512,0.250,0,4158276,154984,165632,3487772,7054.864,1620.428,12.003,484.128,3.001,37.010,8415,10857,1.520,1.490,0.890,3,0,559.148,0,0,17,191,0,34,2
19-01 17:12:42,15.507,17.008,65.531,0,0.250,4168484,144616,165632,3488260,8840.197,1620.769,0,684.325,0,37.018,6533,7265,1.480,1.480,0.890,1,0,296.141,0,0,17,195,0,34,2
19-01 17:12:43,31.841,13.433,52.986,0.249,0,4233956,153572,165636,3414992,7549.384,1611.968,63.683,644.787,1.990,46.767,5414,5646,1.480,1.480,0.890,2,0,183.088,0,0,17,195,0,32,2
19-01 17:12:44,47.306,7.259,43.301,1.752,0,4355784,128464,165636,3319772,8895.438,1621.903,424.498,360.423,10.012,50.059,3965,2993,1.480,1.480,0.890,3,0,10.012,0,0,17,211,0,32,4
19-01 17:12:45,41.305,7.510,49.566,1.252,0,4443180,164504,165644,3198492,9299.355,1622.155,124.165,276.367,9.012,15.020,3447,2362,1.480,1.480,0.890,2,0,7.009,0,0,17,216,0,32,4
19-01 17:12:46,26.311,22.803,49.365,0.752,0,4380076,226576,165648,3199504,8978.912,1713.992,950.213,376.878,13.030,29.068,6428,5869,1.480,1.480,0.890,4,0,475.107,0,0,17,215,0,32,4
19-01 17:12:47,36.959,25.472,36.460,0.250,0,4425064,180444,165652,3201120,13909.753,7282.018,23.974,447.509,0.999,31.965,9434,12053,1.440,1.470,0.890,4,1,568.377,0,0,17,218,0,30,4
19-01 17:12:48,49.901,19.960,27.196,1.747,0,4454004,148876,165668,3203696,9891.302,4531.975,1145.718,1325.361,21.956,51.897,6649,8090,1.440,1.470,0.890,4,0,187.626,0,0,17,223,0,31,4
19-01 17:12:49,63.425,14.807,15.794,5.183,0,4603868,163048,165672,3042836,13498.360,7249.668,627.831,975.309,17.769,130.304,5027,3768,1.440,1.470,0.890,4,0,71.075,0,0,17,231,0,31,4
19-01 17:12:50,50.256,8.630,17.260,23.859,0,4634556,168536,165704,3007688,15045.254,6930.218,1941.192,14343.704,77.160,860.947,6721,4904,1.440,1.470,0.890,2,2,18.275,0,0,17,236,0,32,4
19-01 17:12:51,59.440,14.674,12.435,12.186,0,4662904,131400,165768,3016380,7168.636,1611.600,5769.926,1699.144,420.807,127.336,6917,13236,1.440,1.470,0.890,4,0,67.647,0,0,17,242,0,22,4
19-01 17:12:52,38.674,21.346,38.674,0,0,4665432,162328,165780,2984412,17814.930,11541.785,164.739,8333.389,10.045,44.198,7230,8680,1.490,1.480,0.900,2,0,404.816,0,0,17,238,0,28,4
19-01 17:12:53,40.456,22.725,36.710,0.499,0,4644300,181476,165780,2986812,10280.838,2659.113,0,2389.406,0,40.956,7172,9775,1.490,1.480,0.900,2,0,377.590,0,0,17,237,0,29,4
19-01 17:12:54,52.343,21.789,24.544,0,0,4732856,126972,165780,2953088,14943.667,7357.129,212.379,364.651,5.009,28.050,6579,6653,1.490,1.480,0.900,5,0,429.767,0,0,17,244,0,29,4
19-01 17:12:55,54.510,23.786,20.069,1.734,0,4739776,157756,165796,2916544,12844.466,6747.309,999.014,816.654,43.608,49.554,7418,9717,1.490,1.480,0.900,20,0,392.470,0,0,17,243,0,30,4
19-01 17:12:56,61.350,21.965,16.411,0,0.252,4796192,175632,165804,2844240,7809.409,4143.541,165.620,1656.205,14.138,170.670,8064,11492,1.490,1.480,0.900,4,0,363.557,0,0,17,248,0,32,4
19-01 17:12:57,55.042,22.913,20.921,0.747,0,4785948,231520,165808,2799744,15058.966,10236.231,243.079,888.634,13.947,65.751,7915,10037,1.770,1.540,0.920,2,0,384.544,0,0,17,251,0,34,2
19-01 17:12:58,57.493,22.497,18.248,0.750,0,4925152,179516,165816,2713696,9195.922,1511.823,427.950,595.930,27.997,32.996,7860,11815,1.770,1.540,0.920,5,0,268.968,0,0,17,257,0,34,2
19-01 17:12:59,61.271,11.504,25.009,1.751,0,5022784,175896,165820,2621356,18632.385,13410.596,948.325,2720.932,18.006,150.051,8135,12700,1.770,1.540,0.920,3,0,1.000,0,0,17,259,0,32,2
19-01 17:13:00,57.918,10.531,27.831,3.009,0,5050308,146240,165824,2623488,17387.493,7319.255,1175.413,1071.111,85.248,72.210,6952,8181,1.770,1.540,0.920,3,0,19.055,0,0,17,262,0,37,2
19-01 17:13:01,56.034,9.756,31.519,2.251,0,5027232,193324,165852,2599852,54445.281,11780.201,1192.729,12823.839,33.020,1042.637,7284,4512,1.770,1.540,0.920,2,0,59.036,0,0,17,268,0,38,2
19-01 17:13:02,46.261,29.257,21.505,1.500,0,5049056,167148,166120,2603784,47640.825,4705.168,4401.092,1403.348,73.018,64.016,9026,10475,1.870,1.560,0.930,4,0,547.136,0,0,17,267,0,39,2
19-01 17:13:03,52.673,22.217,24.714,0,0,5066924,149088,166120,2604404,15160.710,9419.152,1038.473,1114.362,8.987,45.932,7655,8737,1.870,1.560,0.930,2,0,361.469,0,0,17,268,0,37,2
19-01 17:13:04,67.048,16.762,14.010,1.751,0,5097156,147128,165780,2576724,9432.756,4719.380,804.576,640.459,28.020,42.030,6107,4925,1.870,1.560,0.930,4,0,169.121,0,0,18,270,0,38,2
19-01 17:13:05,77.417,13.236,5.494,4.495,0,5216944,153796,165780,2453648,10451.819,3586.164,3580.170,871.068,197.788,50.945,6584,5711,1.870,1.560,0.930,5,0,10.988,0,0,18,275,0,38,2
19-01 17:13:06,77.737,10.748,9.248,1.250,0,5291260,143084,165816,2391608,18619.883,10695.210,1511.747,2831.526,67.989,305.949,7834,8895,1.870,1.560,0.930,4,0,16.997,0,0,18,281,0,39,2
19-01 17:13:07,49.349,16.032,34.569,0.251,0,5326008,138800,165824,2362136,6804.584,2662.315,805.608,629.256,9.018,36.072,6945,7989,1.880,1.570,0.940,3,0,220.440,0,0,18,281,0,40,2
19-01 17:13:08,32.981,6.996,57.466,0.750,0,5334036,161668,165832,2331920,26574.293,13608.956,519.693,11908.961,5.996,73.956,3893,3244,1.880,1.570,0.940,2,0,9.994,0,0,18,285,0,37,2
19-01 17:13:09,41.366,9.968,47.845,0.249,0,5310392,185768,165832,2331968,19282.677,5094.534,813.371,944.946,8.971,38.874,4267,3939,1.880,1.570,0.940,6,0,13.955,0,0,18,287,0,38,2
19-01 17:13:10,32.463,5.743,59.931,0,0,5337076,149828,165832,2341208,9600330.115,77139.615,511.414,499.428,3.995,38.955,6700,4041,1.880,1.570,0.940,2,0,4.994,0,0,18,290,0,38,2
19-01 17:13:11,27.631,14.318,55.764,1.256,0,5294412,183280,165836,2350384,6997081.547,45514.226,2306.909,747.535,28.133,66.314,7583,5960,1.880,1.570,0.940,2,0,265.254,0,0,18,291,0,39,2
19-01 17:13:12,40.418,5.239,53.142,0,0,5368892,131620,165836,2328660,14466.693,9295.169,0,343.305,0,21.956,3389,2397,1.890,1.580,0.950,1,0,0,0,0,18,293,0,34,2
19-01 17:13:13,25.514,4.502,68.036,0.250,0.250,5306760,193696,165840,2328716,22600.065,14112.534,4.002,2961.581,1.001,70.037,4819,5627,1.890,1.580,0.950,1,0,37.020,0,0,18,297,0,36,2
19-01 17:13:14,8.978,2.244,85.789,0.249,0,5310136,189712,165840,2329324,413095.046,16352485.991,558.623,1173.109,29.926,53.867,4597,3909,1.890,1.580,0.950,0,0,0.998,0,0,18,295,0,37,2
19-01 17:13:15,1.750,0.750,95.742,0.250,0,5310136,189712,165840,2329324,5560.556,1565.875,0,291.977,0,16.999,1324,1828,1.890,1.580,0.950,0,0,0,0,0,18,295,0,37,2
19-01 17:13:16,2.000,1.250,94.742,0.750,0,5310116,189712,165840,2329344,8860.220,1619.857,0,1883.834,0,123.989,1915,2601,1.890,1.580,0.950,3,0,1.000,0,0,18,297,0,34,2
19-01 17:13:17,18.221,3.245,76.129,0.499,0,5308820,188852,165848,2331492,8242380.230,29786.613,35.943,698.888,2.995,69.889,7120,7956,1.820,1.570,0.950,2,0,2.995,0,0,18,304,0,34,2
19-01 17:13:18,14.323,13.318,70.359,1.005,0,5245968,237468,165848,2345680,8307973.867,68396.135,76.390,558.853,5.026,46.236,8680,7019,1.820,1.570,0.950,1,0,284.452,0,0,18,301,0,38,2
19-01 17:13:19,18.942,8.225,70.533,0.249,0,5296264,187152,165848,2345700,7495.942,1615.032,0,1902.149,0,205.368,3818,3480,1.820,1.570,0.950,1,0,183.436,0,0,18,301,0,38,2
19-01 17:13:20,15.807,12.796,71.004,0,0,5299512,183864,165848,2345740,5857.970,1625.820,0,666.386,0,47.169,5224,4554,1.820,1.570,0.950,2,0,291.042,0,0,18,305,0,37,2
19-01 17:13:21,8.962,16.680,72.943,0.747,0,5295160,188092,165848,2345864,9230.196,1613.218,79.665,151.364,3.983,12.946,5972,5067,1.820,1.570,0.950,0,0,379.405,0,0,18,305,0,37,2
19-01 17:13:22,3.765,1.004,93.868,0,0,5295356,187896,165848,2345864,7262.463,1626.374,0,0,0,0,1360,1717,1.910,1.590,0.960,1,0,9.035,0,0,18,305,0,37,2
19-01 17:13:23,22.669,4.733,70.998,0.249,0,5308424,174820,165856,2345864,9013.974,1654.123,7.972,16090.830,1.993,73.738,2453,2028,1.910,1.590,0.960,2,0,0,0,0,18,305,0,37,2
19-01 17:13:24,16.054,4.515,78.262,0,0,5274760,208400,165856,2345948,17820.596,10669.682,64.215,4390.683,4.013,27.091,3030,2813,1.910,1.590,0.960,1,0,53.178,0,0,18,309,0,37,2
19-01 17:13:25,12.495,16.244,70.224,0.500,0,5281292,201712,165860,2346064,9572.437,1511.437,15.994,0,3.999,0,5402,4108,1.910,1.590,0.960,1,0,215.920,0,0,18,309,0,37,2
19-01 17:13:26,11.970,16.709,69.329,0.249,0,5254836,227948,165860,2346268,8576.844,1616.014,0,351.134,0,22.943,5739,4606,1.910,1.590,0.960,1,0,204.496,0,0,18,309,0,37,2
19-01 17:13:27,17.482,9.990,69.179,1.998,0,5263488,219180,165860,2346368,6163.665,1618.337,35.963,8627.133,2.997,967.006,5855,4166,1.840,1.580,0.960,1,0,132.863,0,0,18,309,0,37,2
19-01 17:13:28,24.268,4.003,70.552,0.250,0,5322532,160132,165860,2346372,5500.092,1621.206,0,392.292,0,34.025,2678,2492,1.840,1.580,0.960,1,0,3.002,0,0,18,311,0,35,2
19-01 17:13:29,23.494,3.249,70.981,0.750,0,5354256,159080,165860,2317108,9877.339,1619.564,423.886,1671.550,14.996,88.976,2883,2882,1.840,1.580,0.960,2,0,3.999,0,0,18,315,0,35,2
19-01 17:13:30,23.760,3.502,71.281,0.250,0,5300464,212832,165860,2317148,7874.387,1620.697,24.010,12037.177,5.002,42.018,2672,2397,1.840,1.580,0.960,2,0,5.002,0,0,18,311,0,35,2
19-01 17:13:31,23.240,4.498,71.718,0,0,5327796,185500,165860,2317148,45646.505,1565.297,0,75.966,0,7.996,2517,2058,1.840,1.580,0.960,3,0,2.999,0,0,18,311,0,35,2
19-01 17:13:32,11.502,1.500,85.268,0.250,0,5333920,179200,165860,2317324,63526.167,20507.251,32.007,984.204,2.000,173.036,3062,3026,1.690,1.560,0.950,4,0,2.000,0,0,18,318,0,36,2
19-01 17:13:33,22.497,4.999,70.740,0,0,5256276,256832,165860,2317336,9089.695,1751.749,0,267.962,0,20.997,2610,2396,1.690,1.560,0.950,1,0,15.998,0,0,18,311,0,37,2
19-01 17:13:34,25.493,2.249,71.729,0,0,5291048,222056,165860,2317340,9382.242,1511.556,0,139.959,0,14.996,2252,1791,1.690,1.560,0.950,3,0,0,0,0,18,311,0,37,2
19-01 17:13:35,12.278,15.285,70.911,0.501,0,5276664,236100,165876,2317648,7662.403,1623.688,404.920,232.528,8.018,3.007,5134,4242,1.690,1.560,0.950,1,0,268.610,0,0,18,311,0,37,2
19-01 17:13:36,14.467,15.216,68.845,0.499,0.249,5310096,202432,165876,2317868,6023.427,1616.358,63.856,419.056,5.987,27.937,5416,4672,1.690,1.560,0.950,1,0,314.292,0,0,18,311,0,37,2
19-01 17:13:37,19.999,3.500,74.496,0.250,0,5333492,178740,166032,2318008,13277.219,2891.830,255.985,331.980,11.999,18.999,2573,2317,1.640,1.550,0.950,1,0,32.998,0,0,18,312,0,37,2
19-01 17:13:38,22.014,2.251,74.547,0.250,0,5329468,175664,166568,2324444,9641.026,2628.643,0,1076.673,0,21.013,2294,2015,1.640,1.550,0.950,1,0,2.001,0,0,18,311,0,37,2
19-01 17:13:39,16.992,3.248,78.461,0,0,5320104,184904,166584,2324536,14319.843,4428.787,3.998,323.838,1.000,8.996,2295,2020,1.640,1.550,0.950,0,0,17.991,0,0,18,312,0,37,2
19-01 17:13:40,24.249,3.750,69.997,0,0,5322076,176276,167176,2330468,10202.635,1859.933,0,983.965,0,18.999,7477,12849,1.640,1.550,0.950,1,0,8.000,0,0,18,311,0,37,2
19-01 17:13:41,18.998,3.750,76.493,0.500,0,5311924,185840,167220,2330992,14400.621,4550.564,27.997,387.963,5.000,4.000,4910,7700,1.640,1.550,0.950,1,0,7.999,0,0,18,312,0,37,2
19-01 17:13:42,21.510,6.253,69.534,0,0,5308840,188336,167284,2331512,9742.709,1686.815,192.093,544.263,8.004,23.011,10847,19412,1.580,1.540,0.950,1,0,20.010,0,0,18,312,0,37,2
19-01 17:13:43,22.023,6.507,70.822,0.250,0,5247988,260872,167364,2319844,6794.945,1687.725,0,1301.330,0,37.038,2969,2617,1.580,1.540,0.950,1,0,45.046,0,0,18,313,0,37,2
19-01 17:13:44,16.479,11.735,70.161,0,0,5288284,220556,167364,2319864,8777.897,1617.953,0,51.934,0,2.996,4435,3817,1.580,1.540,0.950,2,0,219.722,0,0,18,313,0,37,1
19-01 17:13:45,21.987,1.749,74.954,0,0,5318676,189940,167364,2320072,10119.794,4006.543,15.990,107.934,0.999,8.994,2432,2136,1.580,1.540,0.950,1,0,0,0,0,18,316,0,37,1
19-01 17:13:46,21.101,9.546,68.829,0.754,0,5314400,193892,167364,2320396,14358.646,9569.751,180.865,329.576,12.058,23.110,5397,6488,1.580,1.540,0.950,1,0,113.543,0,0,18,315,0,40,1
19-01 17:13:47,23.403,3.734,70.208,0.249,0,5351876,156376,167364,2320436,10535.186,3521.355,31.867,1916.032,1.992,323.654,3336,2984,1.540,1.530,0.950,1,0,0.996,0,0,18,316,0,40,1
19-01 17:13:48,19.006,6.752,73.273,0,0,5334356,173872,167364,2320460,15428.874,8238.602,0,408.129,0,37.012,3730,3769,1.540,1.530,0.950,1,0,72.023,0,0,18,315,0,41,1
19-01 17:13:49,22.241,3.249,72.969,0.250,0,5347488,160708,167364,2320492,11358.153,3588.469,31.986,311.867,1.999,14.994,2541,2234,1.540,1.530,0.950,0,0,1.000,0,0,18,318,0,40,1
19-01 17:13:50,19.247,4.999,75.237,0,0,5337924,170232,167364,2320532,19338.726,12707.848,15.997,355.940,1.000,18.997,3213,2970,1.540,1.530,0.950,3,0,55.991,0,0,18,317,0,41,1
19-01 17:13:51,27.014,5.753,66.284,0,0,5380624,127532,167364,2320532,9065.585,3216.627,0,8.004,0,1.001,3300,11523,1.540,1.530,0.950,1,0,36.018,0,0,18,318,0,42,1
19-01 17:13:52,17.500,4.750,76.751,0,0,5360756,147244,167364,2320688,19116.278,10164.148,144.002,0,8.000,0,2748,2450,1.410,1.500,0.950,2,0,32.000,0,0,18,317,0,45,1
19-01 17:13:53,21.995,3.749,72.984,0,0,5328848,209496,167364,2291252,8811.087,3589.221,0,0,0,0,2213,1803,1.410,1.500,0.950,0,0,0,0,0,18,318,0,37,1
19-01 17:13:54,13.995,1.749,82.469,0.500,0,5330180,207944,167364,2291472,18337.125,10626.016,79.970,455.829,4.998,40.985,2659,3022,1.410,1.500,0.950,2,0,0,0,0,18,317,0,38,1
19-01 17:13:55,21.507,6.502,71.272,0,0,5344360,193740,167364,2291480,6157.941,1620.511,0,580.183,0,12.004,2858,2493,1.410,1.500,0.950,1,0,47.015,0,0,18,317,0,38,1
19-01 17:13:56,18.999,2.000,77.748,0.250,0,5355496,182588,167364,2291496,18855.428,11878.640,0,195.994,0,17.999,2721,2683,1.410,1.500,0.950,1,0,0,0,0,18,317,0,41,1
19-01 17:13:57,21.079,6.023,71.268,0,0,5383740,154316,167364,2291524,9044.002,1626.114,16.060,341.283,1.004,35.132,3029,2791,1.380,1.490,0.950,1,0,32.121,0,0,18,317,0,37,1
19-01 17:13:58,16.692,2.491,79.472,0.249,0,5378956,159084,167364,2291540,14519.210,9782.778,0,179.373,0,12.955,2465,2383,1.380,1.490,0.950,2,0,0.997,0,0,18,318,0,37,1
19-01 17:13:59,16.745,6.998,74.729,0.250,0,5321092,216932,167364,2291556,9094.456,4337.787,0,379.894,0,38.989,3546,3400,1.380,1.490,0.950,1,0,88.975,0,0,18,319,0,38,1
19-01 17:14:00,19.520,2.252,76.329,0.250,0,5343440,194592,167364,2291560,14863.347,7243.479,0,1305.348,0,106.110,2371,1896,1.380,1.490,0.950,1,0,0,0,0,18,320,0,38,1
19-01 17:14:01,20.987,5.996,72.953,0,0,5301804,236212,167364,2291576,60508.341,18186.381,0,123.921,0,5.996,3012,2427,1.380,1.490,0.950,1,0,46.970,0,0,18,319,0,33,1
19-01 17:14:02,20.992,2.249,75.721,0.250,0,5322644,215364,167364,2291584,49641.700,7341.146,0,1847.282,0,298.884,2772,2321,1.350,1.490,0.950,1,0,1.000,0,0,18,320,0,33,1
19-01 17:14:03,20.753,4.501,73.259,0.250,0,5313944,223780,167364,2291868,11618.426,4763.585,272.033,248.030,16.002,19.002,2990,2808,1.350,1.490,0.950,2,0,15.002,0,0,18,319,0,35,1
19-01 17:14:04,19.499,2.500,76.745,0,0,5318812,218904,167364,2291876,17422.819,7343.502,0,111.992,0,7.999,2229,2000,1.350,1.490,0.950,1,0,0,0,0,18,320,0,35,1
19-01 17:14:05,23.491,4.498,69.722,1.499,0,5277668,257736,167364,2294188,11222.570,3708.536,2223.122,1791.293,90.964,184.927,5426,7443,1.350,1.490,0.950,1,0,6.997,0,0,18,321,0,33,1
19-01 17:14:06,23.006,4.001,70.767,0,0,5335656,199668,167364,2294268,7733.865,2234.539,80.019,592.143,5.001,49.012,2793,2711,1.350,1.490,0.950,0,0,0,0,0,18,322,0,33,1
19-01 17:14:07,15.760,2.502,80.803,0.250,0,5336644,198336,167364,2294612,16510.741,10691.955,224.146,764.497,10.007,83.054,3169,3963,1.240,1.460,0.940,1,0,0,0,0,18,322,0,33,1
19-01 17:14:08,17.058,14.048,66.727,1.254,0,5308712,226084,167364,2294796,12906.824,2855.696,80.273,4788.258,4.014,328.114,7193,8352,1.240,1.460,0.940,1,0,308.046,0,0,18,321,0,34,1
19-01 17:14:09,8.993,23.231,66.945,0,0,5310988,223772,167364,2294832,8389.119,1552.726,0,595.512,0,52.957,7450,6789,1.240,1.460,0.940,1,0,673.448,0,0,18,321,0,31,1
19-01 17:14:10,8.260,23.278,66.831,0,0,5308384,226340,167364,2294868,9540.579,1621.968,0,1281.555,0,78.095,7326,6591,1.240,1.460,0.940,1,0,630.766,0,0,18,321,0,31,1
19-01 17:14:11,8.745,22.988,67.464,0.250,0,5297188,237504,167364,2294900,10261.556,1619.141,0,299.841,0,29.984,7322,6612,1.240,1.460,0.940,1,0,636.662,0,0,18,321,0,31,1
19-01 17:14:12,7.994,22.484,68.201,0,0,5305040,229620,167364,2294932,9204.405,1618.840,0,51.963,0,12.991,7090,6124,1.300,1.470,0.950,1,0,587.579,0,0,18,321,0,31,1
19-01 17:14:13,9.510,22.274,67.573,0,0,5304616,230016,167364,2294960,7542.199,1663.809,0,120.131,0,13.014,6959,6039,1.300,1.470,0.950,1,0,578.629,0,0,18,321,0,28,1
19-01 17:14:14,12.247,14.247,70.485,2.250,0,5321276,213032,167368,2295280,5785.743,1565.660,291.937,27.994,27.994,4.999,5084,4252,1.300,1.470,0.950,2,0,306.933,0,0,18,321,0,28,1
19-01 17:14:15,14.712,9.226,70.570,3.740,0,5298084,339904,167760,2203420,9031.919,1615.871,2553.475,4289.040,277.291,291.256,3413,2874,1.300,1.470,0.950,1,0,12.967,0,0,18,321,0,28,1
19-01 17:14:16,25.211,3.245,70.642,0.499,0,5314768,319552,167924,2206920,5868.987,1617.516,15.975,2999.394,2.995,41.936,2745,2474,1.300,1.470,0.950,1,0,15.975,0,0,18,321,0,28,1
19-01 17:14:17,12.009,1.751,82.561,2.252,0,5331720,301660,167980,2207796,20609.157,9126.712,576.424,1088.801,31.023,50.037,2150,2335,1.360,1.480,0.960,2,0,1.001,0,0,18,322,0,27,1
19-01 17:14:18,9.747,1.250,85.721,1.250,0,5330012,302556,168068,2208516,22110.449,10129.541,451.846,1459.502,45.984,77.973,2408,2928,1.360,1.480,0.960,0,0,1.999,0,0,18,322,0,27,1
19-01 17:14:19,14.245,1.749,81.222,1.749,0,5352588,278616,168156,2209792,23224.053,10058.558,935.680,1299.555,49.983,43.985,2102,1946,1.360,1.480,0.960,1,0,0,0,0,18,322,0,27,1
19-01 17:14:20,14.761,1.001,79.059,3.753,0,5353880,276600,168228,2210444,19180.257,7961.918,532.396,1060.789,41.030,40.030,2131,1978,1.360,1.480,0.960,1,0,0,0,0,18,322,0,27,1
19-01 17:14:21,14.002,1.000,81.264,2.750,0,5365944,263496,168308,2211400,23745.028,10168.725,812.138,1228.208,46.008,41.007,2160,2033,1.360,1.480,0.960,1,0,0,0,0,18,322,0,23,1
19-01 17:14:22,14.738,1.249,82.685,0.999,0,5368696,259728,168412,2212308,23565.398,10854.432,547.568,1195.057,55.956,35.972,2067,1964,1.330,1.470,0.960,1,0,0,0,0,18,322,0,23,1
19-01 17:14:23,18.005,3.001,71.771,5.502,0,5379636,210588,168912,2250000,9186.741,1780.531,15212.538,1424.425,153.046,65.019,2669,2282,1.330,1.470,0.960,1,0,1.000,0,0,18,322,0,23,1
19-01 17:14:24,23.246,2.250,72.488,0.500,0,5387460,189444,169432,2262544,9476.400,1619.727,0,1499.747,0,37.994,2597,2355,1.330,1.470,0.960,1,0,0,0,0,18,322,0,23,1
19-01 17:14:25,24.253,3.500,71.759,0.250,0,5386780,175344,169676,2276800,6370.839,1620.213,0,640.084,0,18.002,2582,2255,1.330,1.470,0.960,1,0,6.001,0,0,18,322,0,22,1
19-01 17:14:26,23.793,3.005,71.879,1.002,0,5397764,143352,169964,2297292,9347.724,1514.710,0,2332.172,0,124.222,3239,3137,1.330,1.470,0.960,1,0,0,0,0,18,322,0,22,1
19-01 17:14:27,23.044,2.505,72.388,0.501,0,5392404,132528,170704,2312456,8789.738,1623.091,0,2067.938,0,90.172,2807,2607,1.300,1.460,0.960,1,0,0,0,0,18,322,0,22,1
19-01 17:14:28,23.910,3.238,70.734,0.996,0,5383944,148064,171768,2305040,8822.833,1613.933,15.940,2988.765,0.996,125.528,3249,3227,1.300,1.460,0.960,1,0,0.996,0,0,18,322,0,22,1
19-01 17:14:29,23.593,3.012,72.285,0.502,0,5368708,179372,171884,2288756,7525.656,1801.097,4.016,554.184,1.004,18.071,2514,2042,1.300,1.460,0.960,1,0,18.071,0,0,18,321,0,22,1
19-01 17:14:30,18.422,3.485,76.676,0,0,5401392,141500,171912,2293916,11156.836,3775.042,0,330.602,0,3.983,2218,2013,1.300,1.460,0.960,1,0,16.928,0,0,18,322,0,22,1
19-01 17:14:31,22.804,4.010,72.172,0.251,0,5372672,168768,171980,2295280,44072.037,1744.157,0,9390.380,0,215.514,2866,2173,1.300,1.460,0.960,1,0,19.045,0,0,18,321,0,22,1
19-01 17:14:32,17.951,2.742,77.786,0.499,0,5372152,162876,172476,2301068,51193.413,4712.060,0,1675.399,0,41.885,2637,2600,1.280,1.450,0.960,2,0,6.981,0,0,18,321,0,22,1
19-01 17:14:33,24.270,6.255,67.555,0,0,5376328,157944,172536,2301700,10363.378,1621.311,0,2718.197,0,159.129,10386,18601,1.280,1.450,0.960,3,0,14.011,0,0,18,321,0,22,1
19-01 17:14:34,21.997,6.999,69.241,0,0,5373948,160088,172576,2301864,7433.995,1619.781,0,455.938,0,9.999,9784,18004,1.280,1.450,0.960,1,0,14.998,0,0,18,321,0,20,1
19-01 17:14:35,22.588,4.769,72.030,0.251,0,5316304,230940,172580,2288880,8189.841,1517.901,0,714.779,0,15.059,3220,3180,1.280,1.450,0.960,2,0,50.195,0,0,18,321,0,20,1
19-01 17:14:36,24.652,5.478,67.731,0,0,5327964,219228,172580,2288932,7248.209,1613.591,0,454.196,0,27.889,10525,18981,1.280,1.450,0.960,2,0,24.901,0,0,18,321,0,20,1
19-01 17:14:37,17.996,2.999,77.235,0.250,0,5350228,191536,172580,2294360,13245.374,3856.236,0,891.823,0,17.996,2186,1914,1.180,1.430,0.950,1,0,15.997,0,0,18,321,0,20,2
19-01 17:14:38,23.252,3.500,71.258,0.500,0,5339964,200692,172580,2295468,7057.744,2221.234,16.002,988.104,1.000,51.005,2994,2984,1.180,1.430,0.950,1,0,20.002,0,0,18,322,0,20,1
19-01 17:14:39,18.007,3.251,77.282,0,0,5328808,205540,172744,2301404,16593.904,4233.762,0,1056.440,0,22.009,3594,4773,1.180,1.430,0.950,2,0,6.002,0,0,18,321,0,20,1
19-01 17:14:40,29.364,8.533,59.732,0,0,5336736,197112,172744,2301872,9335.292,1626.322,369.436,88.343,3.012,2.008,14415,26816,1.180,1.430,0.950,3,0,18.070,0,0,18,321,0,20,1
19-01 17:14:41,40.214,10.922,47.412,0,0,5353964,179624,172756,2302076,9245.157,1554.926,508.379,166.812,3.972,1.986,5839,6700,1.180,1.430,0.950,2,0,22.837,0,0,18,321,0,20,1
19-01 17:14:42,25.571,5.265,67.939,0.501,0,5332580,214148,172784,2289072,8034.393,1694.723,256.715,966.694,2.006,18.050,2871,2247,1.160,1.420,0.950,2,0,23.064,0,0,18,321,0,20,1
19-01 17:14:43,22.744,5.499,71.231,0,0,5321264,225448,172784,2289088,8734.637,1565.576,0,115.969,0,7.998,3411,3060,1.160,1.420,0.950,2,0,93.975,0,0,18,321,0,20,1
19-01 17:14:44,24.018,3.503,71.554,0,0.250,5331924,204548,172788,2299324,8721.556,1567.178,0,1016.764,0,18.014,2574,2316,1.160,1.420,0.950,2,0,3.002,0,0,18,321,0,20,1
19-01 17:14:45,15.498,2.250,81.238,0.250,0,5341364,194608,172832,2299764,18328.311,7299.929,3.999,1023.850,1.000,31.995,2137,2078,1.160,1.420,0.950,2,0,15.998,0,0,18,322,0,20,1
19-01 17:14:46,13.498,1.750,82.738,0.750,0,5333208,202420,172900,2300036,21491.996,11464.398,0,12050.316,0,107.985,2349,2419,1.160,1.420,0.950,1,0,0,0,0,18,322,0,20,1
19-01 17:14:47,6.747,0.500,90.216,0.500,0,5333232,202116,172936,2300280,49285.691,8417.873,0,887.670,0,43.984,1867,2299,1.070,1.400,0.950,0,0,1.000,0,0,18,323,0,20,1
19-01 17:14:48,9.757,2.252,85.808,1.001,0,5323152,211880,172996,2300536,124799.960,8406.723,48.033,2425.651,3.002,281.191,2886,3170,1.070,1.400,0.950,1,0,2.001,0,0,18,323,0,20,1
19-01 17:14:49,19.740,2.249,75.960,0.250,0,5326268,208368,173076,2300836,21891.365,9363.024,0,1071.431,0,37.980,3846,5055,1.070,1.400,0.950,1,0,0.999,0,0,18,323,0,20,1
19-01 17:14:50,17.573,1.255,79.833,0.502,0,5327248,207108,173148,2301044,23408.779,11705.896,0,1454.074,0,58.243,2919,2955,1.070,1.400,0.950,0,0,0,0,0,18,323,0,18,1
19-01 17:14:51,19.914,3.734,74.430,0.498,0,5367516,166336,173236,2301460,293345.623,11901.782,0,1194.858,0,39.829,3730,14144,1.070,1.400,0.950,0,0,35.846,0,0,18,323,0,19,1
19-01 17:14:52,7.250,1.500,89.255,1.500,0,5367816,165592,173464,2301668,76645.978,13628.707,28.001,2312.120,4.000,104.005,2093,2336,1.060,1.390,0.950,0,0,0,0,0,18,323,0,19,1
19-01 17:14:53,12.301,1.004,84.098,0.502,0,5368340,164568,173628,2301964,59733.442,12223.636,104.433,1586.572,6.025,67.279,2015,2077,1.060,1.390,0.950,1,0,0,0,0,18,323,0,19,1
19-01 17:14:54,10.957,1.494,84.168,0.498,0,5358748,161220,173696,2314748,2375157.640,26491.476,0,2318.851,0,40.839,2866,2385,1.060,1.390,0.950,1,0,1.992,0,0,18,323,0,14,1
19-01 17:14:55,10.508,2.752,85.067,0.751,0,5352544,137320,173768,2344616,14820429.605,60119.245,0,15864.467,0,52.041,5160,2677,1.060,1.390,0.950,1,0,3.002,0,0,18,323,0,14,1
19-01 17:14:56,15.994,2.499,79.721,0.500,0,5371968,132068,173988,2330812,623437.614,8094.022,163.940,2419.110,3.999,95.965,2573,2555,1.060,1.390,0.950,2,0,1.000,0,0,18,323,0,14,1
19-01 17:14:57,21.738,5.747,70.710,0.999,0,5357052,124176,177520,2346784,10723.879,1619.076,0,60385.534,0,254.855,3250,2708,1.060,1.390,0.950,1,0,0,0,0,18,323,0,14,1
19-01 17:14:58,25.098,2.259,70.776,0.251,0,5379608,115968,177992,2332060,10906.535,1626.343,0,2409.396,0,78.305,3014,3002,1.060,1.390,0.950,2,0,1.004,0,0,18,323,0,10,1
19-01 17:14:59,23.907,3.237,71.473,0.747,0,5383896,152640,178304,2292212,10368.809,1559.953,0,1701.405,0,185.282,2900,2327,1.060,1.390,0.950,1,0,0,0,0,18,323,0,10,1
19-01 17:15:00,23.085,3.764,72.015,1.004,0,5387680,139896,179216,2298572,8576.501,1571.773,4.015,2023.432,1.004,92.339,2732,2532,1.060,1.390,0.950,1,0,0,0,0,18,323,0,10,1
19-01 17:15:01,23.170,3.239,71.754,0.747,0,5381020,123752,179992,2319272,41228.510,1614.459,0,2140.654,0,73.747,2678,2449,1.060,1.390,0.950,1,0,0,0,0,18,323,0,10,1
19-01 17:15:02,24.245,4.999,68.486,1.500,0,5376232,135516,181276,2310388,43461.125,1619.669,3.999,41383.549,1.000,236.952,3414,3108,1.050,1.380,0.950,1,0,3.999,0,0,18,323,0,7,1
19-01 17:15:03,24.754,3.251,69.511,0.500,0,5380084,128500,182028,2312352,7961.292,1608.261,0,2292.372,0,90.015,2979,2942,1.050,1.380,0.950,1,0,3.000,0,0,18,325,0,7,1
19-01 17:15:04,19.997,3.249,75.488,0.500,0,5380192,143244,182828,2296748,10022.453,2891.554,0,1927.703,0,66.990,2491,2449,1.050,1.380,0.950,0,0,0,0,0,18,326,0,7,1
19-01 17:15:05,23.002,2.500,72.755,0.250,0.250,5327036,231696,182828,2261472,11172.810,2938.213,0,688.050,0,18.001,2418,2032,1.050,1.380,0.950,1,0,2.000,0,0,18,323,0,7,1
19-01 17:15:06,18.763,3.252,76.554,0.751,0,5365292,192396,182828,2262516,14508.240,3793.678,4.003,476.336,1.001,29.020,2670,2535,1.050,1.380,0.950,1,0,33.023,0,0,18,324,0,4,1
19-01 17:15:07,23.074,3.260,72.482,0.251,0,5353168,198600,182908,2268000,10640.988,1745.576,0,14706.975,0,296.948,2981,2141,1.050,1.370,0.950,1,0,3.010,0,0,18,323,0,4,1
19-01 17:15:08,18.429,3.238,77.453,0.249,0,5356892,188056,183244,2273792,16357.325,4706.965,0,1721.404,0,46.821,2566,2506,1.050,1.370,0.950,1,0,18.927,0,0,18,323,0,4,1
19-01 17:15:09,23.255,6.502,68.266,0,0,5353412,190988,183276,2274244,6290.480,1608.379,0,796.187,0,125.029,9893,17554,1.050,1.370,0.950,2,0,12.003,0,0,18,323,0,4,1
19-01 17:15:10,23.540,6.010,68.117,0.250,0,5355776,188276,183316,2274512,10043.278,1622.792,0,2456.225,0,29.050,11179,19810,1.050,1.370,0.950,2,0,13.022,0,0,18,323,0,3,1
19-01 17:15:11,21.277,6.258,71.841,0.250,0,5353504,190472,183348,2274508,7455.437,1622.053,0,444.563,0,14.018,2488,2087,1.050,1.370,0.950,2,0,7.009,0,0,18,323,0,3,1
19-01 17:15:12,22.648,4.480,70.932,0.747,0,5308144,249072,183348,2262500,8869.208,1559.005,226.982,1596.836,2.987,38.826,2714,2384,1.040,1.370,0.950,3,0,5.973,0,0,18,323,0,3,1
19-01 17:15:13,23.084,4.767,70.005,0.502,0,5325096,229668,183372,2264928,7454.196,1625.932,457.670,2119.734,13.048,72.264,4471,5457,1.040,1.370,0.950,1,0,3.011,0,0,18,327,0,5,1
19-01 17:15:14,22.539,7.513,66.115,1.753,0,5256608,296964,183372,2266104,9217.028,1622.822,1009.756,3293.728,56.098,332.578,8196,11374,1.040,1.370,0.950,1,0,85.148,0,0,18,327,0,8,1
19-01 17:15:15,11.486,17.230,68.419,1.498,0,5276100,276540,183372,2267036,7772.805,1564.150,862.979,343.594,9.988,20.975,5828,4900,1.040,1.370,0.950,1,0,345.591,0,0,18,327,0,10,1
19-01 17:15:16,8.476,4.487,74.787,10.221,0,5252800,291488,183840,2274912,7570.410,2627.507,8312.294,3817.114,1693.171,182.480,6180,6577,1.040,1.370,0.950,0,0,24.929,0,0,18,328,0,10,1
19-01 17:15:17,2.250,1.000,95.987,0,0,5248600,295692,183844,2274920,24971.623,3396.541,0,10674.556,0,54.993,1582,2124,0.960,1.340,0.940,0,0,1.000,0,0,18,328,0,10,1
19-01 17:15:18,2.499,1.000,94.476,0.750,0,5249456,294600,183844,2275156,32412.803,4939.751,235.940,571.855,6.998,22.994,1599,2213,0.960,1.340,0.940,0,0,1.999,0,0,18,328,0,10,1
19-01 17:15:19,4.747,2.499,89.448,0.999,0,5226168,317716,183864,2275328,217380.821,131237.823,243.858,967.438,14.991,20.988,2147,2222,0.960,1.340,0.940,0,0,14.991,0,0,18,327,0,10,1
19-01 17:15:20,1.492,1.244,95.013,0.497,0,5222716,321160,183864,2275336,12378.524,1611.735,0,2152.960,0,302.449,1863,1902,0.960,1.340,0.940,0,0,0,0,0,18,327,0,10,1
19-01 17:15:21,2.263,0.503,96.563,0,0,5215904,327972,183864,2275336,27333.317,1575.181,0,108.633,0,13.076,1503,1867,0.960,1.340,0.940,0,0,0,0,0,18,327,0,10,1
19-01 17:15:22,1.002,0.752,96.466,0.501,0,5215944,327932,183864,2275336,11859.577,1569.517,0,56.126,0,7.016,1204,1691,0.880,1.320,0.940,0,0,0,0,0,18,327,0,10,1
19-01 17:15:23,1.497,0.998,96.555,0,0,5215944,327932,183864,2275336,54752.358,1702.560,0,0,0,0,1603,1658,0.880,1.320,0.940,0,0,0,0,0,18,327,0,10,1
19-01 17:15:24,2.004,1.002,94.919,0.250,0,5215936,327932,183864,2275344,17431.118,1622.897,0,528.944,0,54.097,1722,2323,0.880,1.320,0.940,0,0,0,0,0,18,327,0,10,1
19-01 17:15:25,2.994,1.497,95.047,0,0,5217192,326676,183864,2275344,8270.370,1616.554,0,0,0,0,1466,1804,0.880,1.320,0.940,0,0,5.987,0,0,18,327,0,10,1
19-01 17:15:26,2.250,0.500,95.495,0.250,0,5217188,326676,183864,2275348,21754.960,1705.918,0,143.993,0,20.999,1666,2099,0.880,1.320,0.940,0,0,0,0,0,18,327,0,10,1
19-01 17:15:27,1.750,2.000,95.515,0,0,5217016,326820,183864,2275352,8222.279,1566.244,0,16934.634,0,59.009,1415,1746,0.810,1.300,0.930,0,0,0,0,0,18,327,0,10,1
19-01 17:15:28,1.749,1.000,95.470,0.500,0,5217268,326568,183864,2275352,9233.141,1705.472,0,967.700,0,20.993,1431,1930,0.810,1.300,0.930,0,0,1.000,0,0,18,327,0,10,1
19-01 17:15:29,2.250,0.750,96.757,0,0,5217268,326568,183864,2275352,59065.463,1512.114,0,32.002,0,4.000,1439,1670,0.810,1.300,0.930,0,0,0,0,0,18,327,0,10,1
19-01 17:15:30,1.500,0.750,96.019,0,0.250,5217268,326568,183864,2275352,9503.868,1620.319,0,4.001,0,1.000,1304,1764,0.810,1.300,0.930,0,0,0,0,0,18,327,0,10,1
19-01 17:15:31,1.749,0.250,96.706,0,0,5217264,326568,183864,2275356,42239.764,1619.263,0,0,0,0,1243,1654,0.810,1.300,0.930,0,0,0,0,0,18,327,0,10,1
19-01 17:15:32,1.505,2.258,94.829,0,0,5216632,327200,183864,2275356,47283.220,1625.646,0,43037.474,0,158.551,1928,2191,0.750,1.280,0.930,2,0,1.003,0,0,18,327,0,10,1
19-01 17:15:33,2.745,2.745,92.568,0.250,0,5215196,328632,183864,2275360,9966.426,1616.825,0,70561.415,0,509.000,3010,3125,0.750,1.280,0.930,0,0,0.998,0,0,18,327,0,10,1
19-01 17:15:34,1.748,0.999,95.900,0.499,0,5215412,328408,183864,2275368,9664.875,1618.305,0,367.615,0,24.974,1438,2143,0.750,1.280,0.930,0,0,0,0,0,18,327,0,10,1
19-01 17:15:35,2.250,0.500,95.490,0,0,5215660,328156,183864,2275372,13041.695,1619.838,0,283.972,0,17.998,1460,1902,0.750,1.280,0.930,0,0,0,0,0,18,327,0,10,1
19-01 17:15:36,2.750,1.250,94.496,0.500,0,5215628,328156,183864,2275404,9844.628,1565.941,0,2675.899,0,267.990,1955,2517,0.750,1.280,0.930,0,0,0,0,0,18,327,0,10,1
19-01 17:15:37,1.250,0.750,96.256,0,0.250,5215628,328156,183864,2275404,7727.446,1512.087,0,32.002,0,4.000,1134,1643,0.690,1.260,0.920,0,0,0,0,0,18,327,0,10,1
19-01 17:15:38,1.500,1.750,95.250,0.250,0,5215184,328584,183868,2275412,9502.977,1619.996,0,41559.898,0,294.999,1942,1856,0.690,1.260,0.920,0,0,1.000,0,0,18,327,0,10,1
19-01 17:15:39,2.251,0.500,96.774,0,0,5215436,328332,183868,2275412,9691.439,1620.408,0,0,0,0,1257,1696,0.690,1.260,0.920,0,0,0,0,0,18,327,0,10,1
19-01 17:15:40,7.741,1.998,88.891,0,0,5234580,309184,183868,2275416,6129.483,1618.016,255.686,0,1.998,0,1711,1895,0.690,1.260,0.920,1,0,4.994,0,0,18,327,0,10,1
19-01 17:15:41,20.278,6.259,71.851,0,0,5252980,290780,183868,2275420,8922.488,1622.271,512.718,0,4.006,0,2728,2162,0.690,1.260,0.920,1,0,8.011,0,0,18,327,0,10,1
19-01 17:15:42,6.249,2.250,90.485,0.250,0,5231388,312368,183868,2275424,9182.450,1619.727,255.957,571.903,2.000,7.999,1654,1810,0.630,1.230,0.920,0,0,1.000,0,0,18,327,0,10,1
19-01 17:15:43,2.000,0.750,95.732,0,0,5226048,317768,183868,2275424,5431.976,1619.695,0,2203.585,0,13.997,1283,1793,0.630,1.230,0.920,0,0,0,0,0,18,327,0,10,1
19-01 17:15:44,1.999,1.749,94.710,0.250,0,5235664,308096,183868,2275480,9260.122,1619.322,47.980,451.811,1.999,35.985,1533,2076,0.630,1.230,0.920,1,0,0,0,0,18,327,0,10,1
19-01 17:15:45,2.501,1.000,96.038,0,0,5234924,308832,183868,2275484,8666.424,1620.640,0,32.013,0,4.002,1250,1770,0.630,1.230,0.920,0,0,0,0,0,18,327,0,10,1
19-01 17:15:46,1.998,0.500,95.423,0.250,0,5233812,309940,183868,2275488,9527.357,1456.831,0,1195.041,0,190.847,1808,2214,0.630,1.230,0.920,2,0,0,0,0,18,327,0,10,1
19-01 17:15:47,1.751,0.750,96.053,0,0,5233748,310000,183868,2275492,8799.823,1620.888,0,88.048,0,12.007,1419,2055,0.580,1.210,0.910,0,0,1.001,0,0,18,327,0,10,1
19-01 17:15:48,2.500,1.250,95.252,0.250,0,5233240,310504,183872,2275492,6061.137,1620.037,0,908.021,0,19.000,1588,2230,0.580,1.210,0.910,0,0,2.000,0,0,18,327,0,10,1
19-01 17:15:49,2.000,1.000,95.759,0,0,5233464,310280,183872,2275492,9039.805,1458.130,0,84.007,0,5.000,1431,1973,0.580,1.210,0.910,1,0,0,0,0,18,327,0,10,1
19-01 17:15:50,7.752,1.500,88.273,0,0,5257392,286344,183884,2275488,286004.915,7131.818,4.001,0,1.000,0,2276,2377,0.580,1.210,0.910,1,0,8.002,0,0,18,327,0,10,1
19-01 17:15:51,20.540,6.763,71.389,0.501,0,5261208,282116,183888,2278764,297598.536,15672.468,156.304,420.818,8.016,17.033,5673,9893,0.580,1.210,0.910,1,0,74.144,0,0,18,327,0,7,1
