"pcp-dstat 6.2.0 CSV Output"
"Author:","PCP team <pcp@groups.io> and Dag Wieers <dag@wieers.com>",,,,"URL:","https://pcp.io/ and http://dag.wieers.com/home-made/dstat/"
"Host:","ubuntu",,,,"User:","ubuntu"
"Cmdline:","dstat -tcmndrylpg --tcp --output /tmp/devstack_logs/dstat-csv.log",,,,"Date:","16 Jan 2026 19:44:42 UTC"
"system","total usage",,,,,"memory usage",,,,"net/total",,"dsk/total",,"io/total",,"system",,"load avg",,,"procs",,,"paging",,"tcp sockets",,,,
"time","total usage:usr","total usage:sys","total usage:idl","total usage:wai","total usage:stl","used","free","buf","cach","net/total:recv","net/total:send","dsk/total:read","dsk/total:writ","read","writ","int","csw","1m","5m","15m","run","blk","new","in","out","lis","act","syn","tim","clo"
16-01 19:44:42,,1011556,1695264,162924,4951744,,,,,,,1.460,0.930,0.520,1,0,,,,10,5,0,17,1
16-01 19:44:43,18.497,21.496,58.990,0.250,0,1021340,1684992,162968,4952084,44787.595,12609.915,0,2655.561,0,102.983,6793,5930,1.460,0.930,0.520,1,0,529.912,0,0,10,5,0,17,1
16-01 19:44:44,24.974,18.731,55.193,0.499,0,1032732,1673048,162992,4952508,23619.797,10240.506,0,1554.407,0,52.946,6213,5994,1.460,0.930,0.520,4,0,330.661,0,0,10,4,0,17,2
16-01 19:44:45,34.036,17.268,47.801,0.501,0,1041928,1638812,163308,4975232,189016.675,8222.730,0,4660.948,0,212.225,6697,6827,1.460,0.930,0.520,4,0,238.253,0,0,10,4,0,17,2
16-01 19:44:46,35.496,11.499,51.244,0.750,0,1167196,1493508,164244,5116520,9729.950,1619.825,15.998,1831.802,1.000,49.995,4816,3972,1.460,0.930,0.520,2,0,113.988,0,0,11,6,0,17,2
16-01 19:44:47,40.238,11.247,47.735,0.750,0,1220152,1426316,164572,5128828,9084.217,1619.504,15.995,13971.720,1.000,426.869,5391,3316,1.500,0.950,0.530,2,0,184.943,0,0,11,6,0,19,2
16-01 19:44:48,33.927,4.490,48.645,11.725,0,1241352,1380156,165352,5150668,9387.787,1496.777,15.966,3588.274,0.998,116.749,2859,1978,1.500,0.950,0.530,2,0,0,0,0,11,6,0,19,2
16-01 19:44:49,43.732,5.748,48.480,0.750,0,1269352,1321384,166584,5176960,7143.038,1619.328,0,3698.466,0,97.959,3223,2050,1.500,0.950,0.530,2,0,0,0,0,11,6,0,19,2
16-01 19:44:50,36.568,6.512,46.587,10.019,0.250,1278480,1290036,168532,5195124,5539.332,1623.027,0,37193.370,0,2645.935,13692,22118,1.500,0.950,0.530,1,1,55.103,0,0,11,8,0,19,2
16-01 19:44:51,35.529,7.506,49.291,6.505,0,1213584,1369740,169068,5179864,35060.943,4345.587,0,35457.270,0,2503.066,13300,18324,1.500,0.950,0.530,2,0,104.086,0,0,11,4,0,19,0
16-01 19:44:52,41.161,5.987,51.139,0.748,0,1291964,1291280,169128,5179876,29069.985,2951.602,0,10237.808,0,503.908,4587,4158,1.540,0.970,0.540,1,0,39.913,0,0,11,5,0,19,0
16-01 19:44:53,44.744,3.749,50.493,0.250,0,1232624,1343472,169244,5186284,43503.865,2626.630,0,1919.729,0,42.994,3003,1527,1.540,0.970,0.540,2,0,3.000,0,0,11,4,0,19,0
16-01 19:44:54,39.496,5.749,53.495,1.250,0,1259248,1313572,169368,5189124,18957.204,4550.569,0,7071.330,0,380.964,4148,3311,1.540,0.970,0.540,2,0,26.997,0,0,11,5,0,19,0
16-01 19:44:55,44.009,7.502,45.510,0,0,1263360,1304028,169832,5192792,11966.526,1794.379,0,1148.242,0,24.005,10560,17610,1.540,0.970,0.540,2,0,13.003,0,0,11,4,0,19,0
16-01 19:44:56,31.518,24.014,42.775,0,0,1204808,1362140,169908,5193028,13814.999,1620.939,0,108.063,0,7.004,13569,20834,1.540,0.970,0.540,2,0,512.297,0,0,11,4,0,19,0
16-01 19:44:57,35.724,21.734,41.970,0.250,0,1150220,1431092,169924,5180628,25649.430,1456.945,0,2070.501,0,20.985,7407,8066,1.580,0.990,0.540,2,0,360.739,0,0,11,4,0,19,0
16-01 19:44:58,57.322,13.016,29.036,0,0,1192356,1388924,169928,5180680,5845.333,1622.035,0,11742.732,0,38.048,4431,2885,1.580,0.990,0.540,2,0,197.247,0,0,11,5,0,19,0
16-01 19:44:59,46.938,3.495,49.185,0,0,1245012,1335816,169944,5181116,9120.950,1617.863,0,383.493,0,24.967,2799,1232,1.580,0.990,0.540,2,0,0,0,0,11,5,0,19,0
16-01 19:45:00,42.836,8.517,47.846,0,0,1266452,1313272,169952,5182212,7892.799,1623.249,0,577.155,0,45.090,2908,2273,1.580,0.990,0.540,3,0,0,0,0,11,5,0,19,0
16-01 19:45:01,22.953,10.479,65.367,0,0,1290808,1287512,170012,5183532,8581.511,1616.705,0,2283.347,0,64.868,4306,4643,1.580,0.990,0.540,1,0,143.707,0,0,11,4,0,20,0
16-01 19:45:02,22.753,3.500,73.259,0,0,1355964,1222328,170016,5183536,7055.851,1620.195,0,476.057,0,25.003,1930,1460,1.530,0.990,0.550,1,0,1.000,0,0,11,4,0,16,0
16-01 19:45:03,29.735,5.247,64.717,0,0,1383460,1194640,170016,5183728,8741.564,1619.178,0,12093.864,0,38.980,2900,7851,1.530,0.990,0.550,1,0,35.982,0,0,11,4,0,17,0
16-01 19:45:04,21.509,4.502,71.780,1.000,0,1330408,1247560,170092,5183784,7639.217,1620.683,0,2477.043,0,225.095,4109,5000,1.530,0.990,0.550,1,0,43.018,0,0,11,4,0,19,0
16-01 19:45:05,21.245,3.499,73.983,1.250,0,1377732,1199824,170364,5183888,7350.274,1619.620,371.913,7.998,19.995,2.000,1617,1215,1.530,0.990,0.550,1,0,0,0,0,11,4,0,19,0
16-01 19:45:06,17.996,2.749,77.731,0.250,0,1390180,1187148,170368,5184076,12652.984,5541.679,0,4430.944,0,182.956,2531,2225,1.530,0.990,0.550,1,0,1.000,0,0,11,17,0,16,0
16-01 19:45:07,14.251,1.750,74.755,8.501,0,1389256,1187580,170424,5184444,13377.819,5673.347,268.016,3700.227,66.004,195.012,2432,2191,1.490,0.990,0.550,1,0,2.000,0,0,11,28,0,17,0
16-01 19:45:08,20.048,6.516,72.674,0,0,1406872,1169944,170428,5184448,8947.467,1718.122,0,22145.132,0,74.178,2418,1702,1.490,0.990,0.550,1,0,43.103,0,0,11,28,0,17,0
16-01 19:45:09,16.964,1.996,79.581,0.249,0,1413528,1163276,170428,5184460,15399.386,8529.935,0,858.182,0,31.932,2133,1901,1.490,0.990,0.550,1,0,0,0,0,11,28,0,18,0
16-01 19:45:10,33.252,12.501,53.754,0,0,1426872,1149944,170428,5184476,7081.523,1686.124,0,128.009,0,9.001,3791,2512,1.490,0.990,0.550,2,0,156.012,0,0,11,28,0,18,0
16-01 19:45:11,35.750,3.500,60.499,0,0.250,1469532,1107268,170428,5184492,18750.741,11787.837,0,2351.968,0,23.000,3252,2754,1.490,0.990,0.550,1,0,0,0,0,11,30,0,18,0
16-01 19:45:12,36.351,16.045,46.379,0.251,0,1393488,1183104,170436,5184688,15648.528,10077.031,0,381.060,0,41.114,6712,8461,1.610,1.020,0.560,5,0,345.962,0,0,11,28,0,19,0
16-01 19:45:13,81.497,18.249,0,0,0,1582236,994368,170444,5184732,6583.774,1619.944,0,599.979,0,30.999,5263,3586,1.610,1.020,0.560,6,0,233.992,0,0,11,28,0,19,0
16-01 19:45:14,85.991,10.249,2.750,0,0,1724752,851812,170448,5184760,27108.071,22725.544,0,155.983,0,5.999,5740,5078,1.610,1.020,0.560,4,0,0,0,0,11,33,0,19,0
16-01 19:45:15,70.231,13.247,14.996,0,0,1646532,929772,170464,5185000,35727.574,24828.450,0,539.858,0,71.981,8196,12074,1.610,1.020,0.560,2,0,246.935,0,0,11,29,0,22,0
16-01 19:45:16,18.712,6.736,73.601,0.249,0,1559184,1017100,170472,5185012,10487.728,2826.268,0,319.352,0,32.933,3174,2969,1.610,1.020,0.560,1,0,62.872,0,0,11,28,0,23,0
16-01 19:45:17,18.744,1.999,78.477,0,0,1539468,1036812,170472,5185016,12972.125,5533.347,0,187.944,0,18.994,1859,1528,1.560,1.020,0.570,1,0,0,0,0,11,29,0,23,0
16-01 19:45:18,15.037,8.521,74.685,1.002,0,1478356,1097896,170476,5185032,12318.596,4672.605,0,60911.287,0,622.546,4280,3883,1.560,1.020,0.570,1,0,68.169,0,0,11,28,0,24,0
16-01 19:45:19,18.495,2.499,77.978,0,0,1486208,1090176,170476,5185036,13511.257,5467.485,0,1263.650,0,18.995,2005,1662,1.560,1.020,0.570,2,0,0,0,0,11,29,0,24,0
16-01 19:45:20,16.732,5.994,76.669,0.250,0,1440220,1136140,170476,5185060,10519.853,4805.908,0,243.742,0,23.975,3474,3449,1.560,1.020,0.570,2,0,91.903,0,0,11,28,0,25,0
16-01 19:45:21,12.746,28.741,57.732,0,0,1426808,1149548,170476,5185064,24122.362,1619.487,0,231.927,0,18.994,6685,5531,1.560,1.020,0.570,4,0,728.769,0,0,11,28,0,25,0
16-01 19:45:22,79.896,19.786,0,0,0,1570644,1005664,170484,5185104,26793.046,1622.971,0,208.381,0,10.018,5133,3080,1.920,1.100,0.590,5,0,218.400,0,0,11,28,0,25,0
16-01 19:45:23,76.184,8.243,15.487,0,0,1676140,900140,170488,5185128,67497.862,27471.338,0,611.473,0,42.963,6025,6267,1.920,1.100,0.590,4,0,0,0,0,11,33,0,25,0
16-01 19:45:24,68.059,18.016,12.010,0.250,0,1548592,1027332,170504,5185484,31973.748,25131.810,0,41343.880,0,186.162,9202,14004,1.920,1.100,0.590,6,0,278.241,0,0,11,28,0,26,0
16-01 19:45:25,86.241,14.249,0,0,0,1622284,953608,170508,5185516,9214.046,1619.832,0,187.981,0,9.999,5046,2839,1.920,1.100,0.590,6,0,31.997,0,0,11,28,0,26,0
16-01 19:45:26,85.630,9.237,4.993,0,0,1756228,819512,170516,5185656,28261.290,25519.143,0,143.798,0,8.987,6266,5411,1.920,1.100,0.590,3,0,0,0,0,11,34,0,26,0
16-01 19:45:27,74.256,10.501,14.251,0,0,1655540,919944,170532,5185896,49331.006,37824.071,0,3572.290,0,129.010,9481,15668,2,1.140,0.610,4,0,101.008,0,0,11,29,0,30,0
16-01 19:45:28,50.821,13.018,35.800,0,0,1544468,1030968,170536,5185940,12729.893,4414.204,0,176.248,0,11.015,4398,3648,2,1.140,0.610,3,0,197.277,0,0,11,28,0,31,0
16-01 19:45:29,30.935,2.994,64.863,0.249,0,1552100,1023312,170536,5185964,19631.498,13502.455,0,343.274,0,13.970,3397,3488,2,1.140,0.610,4,0,0,0,0,11,30,0,31,0
16-01 19:45:30,47.342,21.792,29.557,0.501,0,1490668,1084516,170584,5186144,17172.349,8042.619,0,4252.258,0,221.430,6781,7200,2,1.140,0.610,3,0,378.736,0,0,11,28,0,33,0
16-01 19:45:31,53.827,6.230,39.872,0,0,1559616,1015556,170584,5186156,19019.884,13387.981,0,123.603,0,5.981,3738,2431,2,1.140,0.610,3,0,0,0,0,11,31,0,32,0
16-01 19:45:32,52.038,11.508,36.027,0.500,0,1500392,1074696,170604,5186220,26406.448,17973.237,0,556.410,0,43.032,7146,9538,2,1.150,0.620,4,0,229.169,0,0,11,28,0,33,0
16-01 19:45:33,84.970,14.036,0.752,0,0,1589676,985388,170604,5186244,6645.217,2313.995,0,176.457,0,8.021,4802,2023,2,1.150,0.620,3,0,30.078,0,0,11,29,0,33,0
16-01 19:45:34,55.411,6.490,37.440,0,0,1617508,957480,170620,5186304,41496.554,32298.283,0,559.105,0,34.944,7075,9608,2,1.150,0.620,4,0,0,0,0,11,31,0,34,0
16-01 19:45:35,64.960,18.738,15.490,0,0,1539172,1035748,170628,5186364,17204.300,10594.411,0,355.779,0,27.983,6567,7079,2,1.150,0.620,3,0,323.799,0,0,11,28,0,32,0
16-01 19:45:36,54.718,4.997,40.227,0,0,1596892,978012,170628,5186376,19504.748,13357.294,0,275.841,0,18.989,3943,2727,2,1.150,0.620,3,0,0,0,0,11,31,0,32,0
16-01 19:45:37,48.138,16.046,34.850,0,0,1401460,1173184,170632,5186632,24910.578,19005.611,0,2555.343,0,158.455,7897,10291,1.920,1.150,0.620,3,0,299.862,0,0,11,28,0,34,0
16-01 19:45:38,63.710,7.745,27.732,0,0.250,1577608,997004,170640,5186652,12306.196,5556.476,0,215.863,0,9.994,3775,1512,1.920,1.150,0.620,1,0,0,0,0,11,30,0,34,0
16-01 19:45:39,45.715,5.496,47.713,0.250,0,1576280,998020,170648,5186956,30078.876,22159.964,0,479.631,0,22.982,5782,7622,1.920,1.150,0.620,3,0,3.997,0,0,11,29,0,33,0
16-01 19:45:40,62.838,19.027,18.526,0,0,1555868,1018272,170648,5187116,13525.915,5061.078,0,204.286,0,14.020,5096,4061,1.920,1.150,0.620,3,0,283.396,0,0,11,28,0,34,0
16-01 19:45:41,49.889,5.488,44.152,0,0.249,1592996,980988,170648,5187272,25092.052,19501.518,0,179.600,0,7.982,4760,4879,1.920,1.150,0.620,1,0,0,0,0,11,31,0,34,0
16-01 19:45:42,53.699,13.737,31.720,0.749,0,1507764,1066136,170680,5187324,18180.638,9157.255,0,2909.222,0,246.764,6298,6184,1.930,1.160,0.630,3,0,112.892,0,0,11,28,0,36,0
16-01 19:45:43,53.294,5.254,40.283,0,0,1542188,1031692,170680,5187344,20151.546,13375.983,0,0,0,0,3957,2612,1.930,1.160,0.630,3,0,0,0,0,11,31,0,36,0
16-01 19:45:44,49.866,16.037,33.829,0,0.251,1456592,1117224,170692,5187396,22772.993,15514.101,0,372.868,0,36.084,6914,8780,1.930,1.160,0.630,4,0,323.753,0,0,11,28,0,38,0
16-01 19:45:45,77.493,22.748,0,0,0,1583072,990676,170700,5187456,5976.461,1619.854,0,267.976,0,18.998,5568,4548,1.930,1.160,0.630,7,0,404.963,0,0,11,28,0,38,0
16-01 19:45:46,83.215,16.243,0.250,0,0,1741588,831884,170700,5187668,25089.330,17128.715,0,167.929,0,7.997,5925,5186,1.930,1.160,0.630,5,0,356.848,0,0,11,32,0,38,0
16-01 19:45:47,76.288,20.510,4.002,0,0,1750304,822900,170708,5187928,51728.096,42614.499,0,908.458,0,64.032,8607,11298,2.170,1.230,0.650,6,0,484.244,0,0,11,30,0,37,0
16-01 19:45:48,80.890,18.475,0,0,0,1592800,980336,170716,5187988,18267.074,8901.853,0,679.073,0,36.950,6066,5456,2.170,1.230,0.650,5,0,284.612,0,0,11,28,0,37,0
16-01 19:45:49,80.469,10.246,9.496,0,0,1689896,883192,170724,5188028,29518.643,22289.424,0,2167.166,0,54.979,6488,6327,2.170,1.230,0.650,4,0,0,0,0,11,32,0,37,0
16-01 19:45:50,63.431,13.236,20.977,0,0,1667496,905372,170724,5188252,43268.266,33380.945,0,7.991,0,1.998,8053,12967,2.170,1.230,0.650,3,0,265.713,0,0,11,29,0,41,0
16-01 19:45:51,22.550,23.552,53.868,0,0,1500460,1072372,170724,5188288,23358.317,5719.566,0,84.185,0,10.022,7051,6489,2.170,1.230,0.650,2,0,662.455,0,0,11,28,0,42,0
16-01 19:45:52,62.530,32.016,5.253,0,0,1558608,1014188,170724,5188324,29720.423,1620.787,0,32.016,0,8.004,5782,4990,2.320,1.270,0.670,4,0,682.331,0,0,11,28,0,42,0
16-01 19:45:53,66.574,7.231,25.433,0,0,1649984,922652,170736,5188488,52530.189,19798.682,0,518.630,0,21.942,4890,4461,2.320,1.270,0.670,1,0,0,0,0,11,32,0,42,0
16-01 19:45:54,61.421,15.042,22.563,0,0,1586524,985992,170792,5188552,35299.370,16424.771,0,1070.985,0,97.271,7555,9799,2.320,1.270,0.670,4,0,201.562,0,0,11,28,0,46,0
16-01 19:45:55,77.741,12.249,10.249,0,0,1585148,987340,170792,5188580,13208.394,7889.041,0,187.977,0,7.999,4533,2483,2.320,1.270,0.670,4,0,66.992,0,0,11,30,0,46,0
16-01 19:45:56,56.973,6.497,35.733,0,0,1605084,967192,170792,5188792,41511.013,32478.362,0,175.915,0,7.996,7697,11585,2.320,1.270,0.670,4,0,0,0,0,11,32,0,46,0
16-01 19:45:57,54.975,7.747,35.984,0,0,1583100,988896,170820,5189044,43097.567,34488.449,0,327.852,0,29.986,11780,18154,2.460,1.320,0.690,5,0,29.986,0,0,11,30,0,46,0
16-01 19:45:58,79.647,14.981,5.243,0.250,0,1549340,1022624,170828,5189068,15581.947,7183.755,0,363.532,0,39.949,5598,4674,2.460,1.320,0.690,4,0,89.884,0,0,11,29,0,46,0
16-01 19:45:59,64.057,7.256,27.525,0,0,1618552,953364,170832,5189112,29260.100,23085.592,0,180.161,0,12.011,5646,6455,2.460,1.320,0.690,4,0,0,0,0,11,32,0,46,0
16-01 19:46:00,53.790,6.505,38.278,0,0,1610064,961460,170832,5189504,44761.994,39030.769,0,140.103,0,9.007,11282,18115,2.460,1.320,0.690,2,0,5.004,0,0,11,31,0,47,0
16-01 19:46:01,67.291,18.761,13.758,0,0,1504756,1066704,170832,5189568,26239.813,17412.493,0,148.089,0,9.005,7560,8987,2.460,1.320,0.690,4,0,255.154,0,0,11,28,0,50,0
16-01 19:46:02,72.837,8.730,17.960,0,0,1612472,958948,170840,5189600,22549.589,16499.115,0,151.661,0,8.980,4720,3526,2.580,1.360,0.700,1,0,0.998,0,0,11,32,0,50,0
16-01 19:46:03,60.131,6.765,32.571,0,0,1620320,950884,170844,5190328,36114.953,30335.318,0,108.237,0,8.018,7580,13565,2.580,1.360,0.700,10,0,32.070,0,0,11,30,0,52,0
16-01 19:46:04,76.509,17.252,6.001,0,0,1540592,1030408,170868,5189992,19811.298,10368.202,0,320.037,0,31.004,6205,16843,2.580,1.360,0.700,4,0,132.015,0,0,11,28,0,51,0
16-01 19:46:05,67.896,9.236,22.216,0,0,1621240,949740,170872,5189980,21879.639,15043.063,0,211.677,0,11.982,4637,3222,2.580,1.360,0.700,5,0,1.997,0,0,11,31,0,51,0
16-01 19:46:06,68.525,13.005,17.756,0.500,0,1610532,960364,170892,5190036,28178.207,19735.149,0,464.168,0,51.018,6734,9198,2.580,1.360,0.700,4,0,121.044,0,0,11,32,0,53,0
16-01 19:46:07,65.325,9.010,24.528,0,0,1625064,945632,170892,5190236,35522.755,27695.775,0,200.230,0,16.018,5976,9589,2.770,1.420,0.730,3,0,60.069,0,0,11,35,0,54,0
16-01 19:46:08,73.220,12.245,14.244,0,0,1555116,1015516,170896,5190296,22901.522,15186.715,0,3946.367,0,171.929,6253,7635,2.770,1.420,0.730,4,0,124.948,0,0,11,32,0,54,0
16-01 19:46:09,75.250,11.250,13.750,0,0,1613840,956636,170900,5190448,21438.994,13638.996,0,124.000,0,6.000,5113,4294,2.770,1.420,0.730,4,0,43.000,0,0,11,33,0,55,0
16-01 19:46:10,68.219,12.244,18.741,0,0,1591208,979208,170900,5190508,24858.689,18515.575,0,143.935,0,9.995,5771,7229,2.770,1.420,0.730,5,0,67.969,0,0,11,34,0,56,0
16-01 19:46:11,56.895,10.481,31.692,0,0,1554804,1015544,170916,5190560,26770.779,18205.527,0,375.310,0,39.927,5017,6469,2.770,1.420,0.730,2,0,137.747,0,0,11,34,0,58,0
16-01 19:46:12,55.894,12.282,31.331,0.251,0,1556656,1013640,170956,5190572,14653.687,8518.909,0,360.928,0,33.085,4609,4054,2.790,1.450,0.740,2,0,121.312,0,0,11,33,0,59,0
16-01 19:46:13,53.099,6.482,39.388,0,0,1597520,972588,170968,5190748,22740.327,14606.459,0,207.410,0,14.957,4141,4266,2.790,1.450,0.740,2,0,0,0,0,11,34,0,60,0
16-01 19:46:14,50.397,11.032,38.613,0,0,1509004,1060908,170972,5190940,25185.518,17234.308,0,188.550,0,11.032,5591,7415,2.790,1.450,0.740,4,0,139.407,0,0,11,33,0,61,0
16-01 19:46:15,56.623,10.477,31.929,0,0,1553888,1016008,170972,5190956,14150.322,7720.716,0,275.383,0,10.975,3882,2677,2.790,1.450,0.740,2,0,42.904,0,0,11,33,0,62,0
16-01 19:46:16,43.472,7.245,47.720,0.250,0,1566364,1003456,170972,5191032,23585.003,18041.528,0,251.840,0,16.989,5459,7191,2.790,1.450,0.740,3,0,85.945,0,0,11,34,0,56,0
16-01 19:46:17,30.489,9.497,59.479,0,0,1475156,1094600,170996,5191072,19666.032,11849.802,0,391.861,0,32.988,5614,6858,2.810,1.480,0.750,2,0,134.952,0,0,11,32,0,58,0
16-01 19:46:18,40.113,5.516,53.400,0.251,0,1540472,1029276,170996,5191080,10262.920,4052.419,0,148.418,0,10.028,2795,1459,2.810,1.480,0.750,2,0,0,0,0,11,33,0,58,0
16-01 19:46:19,33.390,5.233,61.298,0.249,0,1538876,1030744,170996,5191208,23574.212,15803.852,0,211.303,0,15.947,4612,5953,2.810,1.480,0.750,2,0,33.888,0,0,11,33,0,59,0
16-01 19:46:20,40.401,10.539,48.682,0,0,1508800,1060800,171000,5191224,8682.403,2583.642,0,164.614,0,12.045,3795,2676,2.810,1.480,0.750,2,0,104.390,0,0,11,32,0,59,0
16-01 19:46:21,33.652,3.241,61.571,0.249,0,1505808,1063612,171036,5191368,54231.639,12828.775,0,2624.385,0,180.476,3933,3668,2.810,1.480,0.750,2,0,1.994,0,0,11,33,0,60,0
16-01 19:46:22,34.766,9.004,55.025,0.250,0,1443216,1126036,171044,5191528,13827.204,7169.217,0,264.119,0,22.010,3836,4209,2.830,1.500,0.760,2,0,66.030,0,0,11,32,0,61,0
16-01 19:46:23,36.678,3.992,58.136,0,0,1490948,1078280,171052,5191544,47866.802,11487.394,0,171.662,0,9.980,2957,2676,2.830,1.500,0.760,1,0,0,0,0,11,34,0,61,0
16-01 19:46:24,33.047,6.008,60.085,0,0,1465312,1103884,171052,5191576,19910.078,12539.684,0,1482.090,0,14.020,4401,5483,2.830,1.500,0.760,2,0,43.061,0,0,11,33,0,60,0
16-01 19:46:25,39.748,6.250,52.997,0.500,0,1460012,1109116,171100,5191596,15152.114,7415.566,0,2547.851,0,193.989,3537,3369,2.830,1.500,0.760,2,0,5.000,0,0,11,33,0,61,0
16-01 19:46:26,33.085,3.760,62.411,0,0,1484140,1084960,171100,5191624,19170.426,14158.504,0,144.372,0,12.031,3832,4599,2.830,1.500,0.760,2,0,0,0,0,11,33,0,62,0
16-01 19:46:27,20.944,13.215,63.830,0,0,1382488,1186524,171108,5191704,13814.181,6495.687,0,315.160,0,20.944,5031,5176,2.680,1.490,0.770,3,0,281.250,0,0,11,32,0,63,0
16-01 19:46:28,18.751,2.750,78.753,0,0,1430488,1138392,171108,5191836,9483.366,3975.153,0,116.004,0,7.000,1654,1202,2.680,1.490,0.770,3,0,0,0,0,11,33,0,58,0
16-01 19:46:29,16.039,2.255,80.446,0.251,0,1423052,1145788,171124,5191860,17436.420,9817.885,0,200.488,0,18.044,3374,4254,2.680,1.490,0.770,1,0,0,0,0,11,32,0,59,0
16-01 19:46:30,13.719,14.717,70.842,0,0,1386732,1182100,171124,5191868,7347.579,1616.388,0,203.545,0,17.960,4288,3185,2.680,1.490,0.770,1,0,283.367,0,0,11,32,0,59,0
16-01 19:46:31,18.999,2.500,78.245,0,0,1433352,1135476,171124,5191872,10651.271,6660.544,0,0,0,0,1961,1598,2.680,1.490,0.770,2,0,0,0,0,11,33,0,59,0
16-01 19:46:32,18.305,3.761,76.479,0.251,0,1416272,1152536,171124,5191892,16093.123,7169.439,0,276.828,0,17.051,3480,3944,2.540,1.480,0.770,1,0,38.114,0,0,11,32,0,57,0
16-01 19:46:33,21.681,4.236,73.765,0,0,1412096,1156712,171124,5191892,7597.751,1656.712,0,3.987,0,0.997,1915,1347,2.540,1.480,0.770,2,0,8.971,0,0,11,32,0,57,0
16-01 19:46:34,16.006,2.001,81.031,0,0,1411268,1157520,171124,5191912,14543.500,9889.740,0,0,0,0,2969,3542,2.540,1.480,0.770,1,0,0,0,0,11,33,0,57,0
16-01 19:46:35,15.040,8.774,74.951,0,0,1381016,1187664,171132,5192012,16088.218,7558.304,0,746.004,0,54.145,5025,5610,2.540,1.480,0.770,1,0,162.436,0,0,11,32,0,57,0
16-01 19:46:36,18.953,20.699,58.854,0,0,1387460,1181116,171164,5192084,5707.853,1615.995,0,307.238,0,17.955,6031,4836,2.540,1.480,0.770,2,0,462.853,0,0,11,32,0,56,0
16-01 19:46:37,45.490,5.499,48.739,0,0,1507912,1059472,171180,5193128,9010.994,1619.639,0,275.939,0,7.998,2990,1509,2.500,1.490,0.770,3,0,2.999,0,0,11,32,0,56,0
16-01 19:46:38,36.346,6.517,44.618,10.528,0,1488500,1071848,172008,5198812,6728.728,1624.279,0,23177.063,0,2423.385,16487,22591,2.500,1.490,0.770,1,1,118.312,0,0,11,36,0,56,0
16-01 19:46:39,37.235,7.997,42.233,10.496,0,1548804,1009040,172996,5200240,5766.642,1619.338,0,47456.594,0,4161.298,21748,31870,2.500,1.490,0.770,3,0,50.979,0,0,11,36,0,56,0
16-01 19:46:40,44.276,7.504,46.027,1.501,0,1560812,996972,173036,5200260,8137.832,1458.866,0,14544.636,0,883.525,5744,5393,2.500,1.490,0.770,3,0,8.005,0,0,11,32,0,56,0
16-01 19:46:41,40.983,6.747,45.231,5.498,0,1563164,994060,173248,5200608,9410.116,1619.332,0,12446.863,0,1893.219,14412,19783,2.500,1.490,0.770,2,1,1.000,0,0,11,34,0,51,0
16-01 19:46:42,33.650,8.475,52.843,3.490,0,1530344,1026432,173528,5200772,6583.390,1615.189,0,18433.095,0,1613.195,11104,14073,2.380,1.480,0.780,2,0,100.700,0,0,11,32,0,51,0
16-01 19:46:43,22.259,3.751,73.529,0.250,0,1492436,1064324,173528,5200788,10966.300,1620.635,0,656.257,0,40.016,2005,1401,2.380,1.480,0.780,1,0,1.000,0,0,11,32,0,51,0
16-01 19:46:44,23.000,3.500,72.250,0.750,0,1480944,1075748,173576,5200808,8478.057,1662.011,0,6200.042,0,324.002,2891,2524,2.380,1.480,0.780,1,0,3.000,0,0,11,32,0,51,0
16-01 19:46:45,22.256,3.751,73.270,0.250,0,1521244,1035444,173576,5200808,8876.424,1620.442,0,124.034,0,15.004,1955,1491,2.380,1.480,0.780,1,0,0,0,0,11,32,0,47,0
16-01 19:46:46,23.748,3.000,72.745,0,0,1492684,1063960,173576,5200852,8691.350,1619.879,0,0,0,0,1915,1216,2.380,1.480,0.780,1,0,3.000,0,0,11,32,0,47,0
16-01 19:46:47,21.750,3.250,73.751,0,0,1498792,1057852,173576,5200852,5940.042,1620.011,0,8.000,0,2.000,1844,1259,2.270,1.480,0.780,1,0,2.000,0,0,11,32,0,47,0
16-01 19:46:48,23.497,2.750,73.489,0,0,1476568,1079964,173576,5200924,9046.703,1619.768,0,0,0,0,1780,1113,2.270,1.480,0.780,2,0,1.000,0,0,11,32,0,47,0
16-01 19:46:49,21.749,4.500,73.997,0,0,1491784,1064748,173576,5200924,6889.750,1457.947,0,0,0,0,1818,1321,2.270,1.480,0.780,2,0,2.000,0,0,11,32,0,46,0
16-01 19:46:50,23.305,2.506,74.174,0,0,1480452,1075984,173580,5201012,9230.678,1623.814,0,204.480,0,3.007,1731,1117,2.270,1.480,0.780,1,0,1.002,0,0,11,32,0,46,0
16-01 19:46:51,22.176,2.990,72.757,0,0,1439468,1116944,173584,5201028,35369.049,1614.615,0,295.016,0,11.960,2080,1757,2.270,1.480,0.780,1,0,0.997,0,0,11,32,0,46,0
16-01 19:46:52,22.023,5.256,72.576,0,0,1445912,1110472,173588,5201040,16727.619,1621.708,0,368.388,0,31.033,2152,1498,2.170,1.470,0.780,1,0,9.009,0,0,11,32,0,46,0
16-01 19:46:53,22.250,2.750,73.500,0,0,1434820,1121544,173588,5201060,39110.882,1619.995,0,36.000,0,5.000,1778,1096,2.170,1.470,0.780,1,0,1.000,0,0,11,32,0,41,0
16-01 19:46:54,22.502,3.500,73.758,0,0,1419976,1136380,173588,5201068,9358.958,1620.166,0,0,0,0,1790,1243,2.170,1.470,0.780,1,0,1.000,0,0,11,32,0,41,0
16-01 19:46:55,22.500,3.250,73.999,0,0,1433272,1123064,173588,5201088,6255.946,1619.986,0,0,0,0,1763,1250,2.170,1.470,0.780,2,0,0,0,0,11,32,0,41,0
16-01 19:46:56,20.296,5.513,73.417,0,0,1431208,1125024,173588,5201188,8550.468,1623.697,0,4.009,0,1.002,2403,1611,2.170,1.470,0.780,1,0,65.148,0,0,11,32,0,41,0
16-01 19:46:57,8.748,21.745,68.485,0,0,1428068,1128080,173588,5201260,7617.308,1499.667,0,967.785,0,10.998,6634,5410,2.150,1.480,0.790,1,0,589.869,0,0,11,32,0,37,0
16-01 19:46:58,7.740,21.723,69.663,0,0,1409100,1146864,173592,5201436,8232.748,1617.985,0,431.463,0,7.990,6491,5164,2.150,1.480,0.790,2,0,519.353,0,0,11,32,0,37,0
16-01 19:46:59,15.022,12.018,71.856,0,0,1442068,1113900,173592,5201432,7016.322,1622.387,0,4.006,0,1.001,3733,2843,2.150,1.480,0.790,1,0,200.295,0,0,11,32,0,37,0
16-01 19:47:00,21.698,3.990,73.574,0,0,1508184,1047784,173592,5201432,9114.238,1616.141,0,0,0,0,1819,1137,2.150,1.480,0.790,1,0,1.995,0,0,11,32,0,37,0
16-01 19:47:01,22.510,3.251,73.033,0.500,0,1513760,1042224,173592,5201436,10549.808,1620.739,0,2809.280,0,345.157,2602,1629,2.150,1.480,0.790,1,0,1.000,0,0,11,32,0,34,0
16-01 19:47:02,22.740,2.749,73.469,0,0,1551460,1004520,173596,5201436,6957.040,1619.311,0,359.847,0,21.991,1910,1336,2.060,1.470,0.790,1,0,2.999,0,0,11,32,0,34,0
16-01 19:47:03,21.982,3.747,73.438,0,0,1506768,1049204,173596,5201444,6560.488,1618.640,0,43.963,0,3.997,1805,1281,2.060,1.470,0.790,1,0,0.999,0,0,11,32,0,34,0
16-01 19:47:04,27.522,5.755,66.803,0,0,1540056,1015916,173596,5201444,10509.338,1621.286,0,12.010,0,1.001,2840,8629,2.060,1.470,0.790,2,0,38.030,0,0,11,32,0,35,0
16-01 19:47:05,21.756,3.751,73.269,0,0,1454888,1101092,173596,5201436,7796.996,1458.373,0,4.001,0,1.000,1834,1242,2.060,1.470,0.790,2,0,1.000,0,0,11,32,0,31,0
16-01 19:47:06,22.753,2.750,74.260,0,0,1453356,1102604,173596,5201456,9762.327,1620.220,0,52.007,0,3.000,1865,1171,2.060,1.470,0.790,1,0,3.000,0,0,11,32,0,31,0
16-01 19:47:07,22.244,3.499,73.479,0,0,1503348,1052620,173596,5201448,9068.422,1619.540,0,0,0,0,1811,1257,1.980,1.460,0.790,2,0,0,0,0,11,32,0,31,0
16-01 19:47:08,23.256,2.751,73.768,0,0,1477216,1078736,173596,5201464,44979.957,1714.418,0,20.005,0,2.000,2118,1100,1.980,1.460,0.790,1,0,3.001,0,0,11,32,0,31,0
16-01 19:47:09,22.000,3.500,73.248,0,0,1503092,1052884,173596,5201440,10376.768,1619.964,0,51.999,0,2.000,1857,1277,1.980,1.460,0.790,1,0,0,0,0,11,32,0,25,0
16-01 19:47:10,22.998,2.750,73.743,0,0,1473056,1082896,173596,5201464,28161.184,1705.829,0,23.998,0,1.000,2039,1116,1.980,1.460,0.790,2,0,3.000,0,0,11,32,0,25,0
16-01 19:47:11,22.501,4.250,73.504,0.250,0,1489392,1066648,173596,5201376,44935.595,1620.094,0,2276.131,0,48.003,2336,1538,1.980,1.460,0.790,2,0,0,0,0,11,32,0,25,0
16-01 19:47:12,23.003,3.000,73.260,0,0,1475020,1080928,173596,5201464,8102.054,1620.211,0,468.061,0,19.002,1922,1240,1.900,1.450,0.790,1,0,4.001,0,0,11,32,0,25,0
16-01 19:47:13,21.742,2.999,73.471,0,0,1475476,1080472,173596,5201464,15534.941,1543.398,0,63.975,0,4.998,1988,1352,1.900,1.450,0.790,1,0,1.000,0,0,11,32,0,19,0
16-01 19:47:14,22.503,3.750,73.510,0,0,1490460,1065508,173596,5201444,23923.138,1620.213,0,4.001,0,1.000,1937,1348,1.900,1.450,0.790,3,0,0,0,0,11,32,0,19,0
16-01 19:47:15,23.003,3.000,73.758,0,0,1489836,1066112,173596,5201464,7756.882,1620.184,0,20.002,0,1.000,1864,1146,1.900,1.450,0.790,1,0,3.000,0,0,11,32,0,19,0
16-01 19:47:16,21.751,3.500,73.504,0,0.250,1502656,1053312,173596,5201444,26947.381,1706.087,0,56.003,0,2.000,2007,1251,1.900,1.450,0.790,1,0,0,0,0,11,32,0,19,0
16-01 19:47:17,23.000,3.250,73.249,0,0,1480620,1075340,173596,5201452,7895.910,1619.982,0,135.998,0,28.000,1942,1292,1.830,1.450,0.790,3,0,1.000,0,0,11,32,0,13,0
16-01 19:47:18,23.000,2.500,74.001,0,0,1512372,1043588,173596,5201452,6390.059,1620.015,0,12.000,0,1.000,1742,1106,1.830,1.450,0.790,2,0,2.000,0,0,11,32,0,13,0
16-01 19:47:19,9.248,20.746,68.235,0,0.250,1490920,1064976,173596,5201516,15370.704,1619.653,0,291.937,0,11.997,6109,4540,1.830,1.450,0.790,1,0,459.901,0,0,11,32,0,13,0
16-01 19:47:20,22.004,4.001,74.014,0,0,1556012,999872,173596,5201528,9280.753,1620.306,0,4.001,0,1.000,1836,1322,1.830,1.450,0.790,1,0,0,0,0,11,32,0,13,0
16-01 19:47:21,23.749,2.000,73.246,0.250,0,1524896,1030720,173604,5201780,43058.793,1619.917,0,183.991,0,9.000,2132,1515,1.830,1.450,0.790,1,0,9.000,0,0,11,32,0,13,0
16-01 19:47:22,23.001,3.250,73.254,0.250,0,1536436,1019180,173604,5201780,17018.973,1458.083,0,368.021,0,19.001,2029,1337,1.760,1.440,0.790,1,0,1.000,0,0,11,32,0,10,0
16-01 19:47:23,11.780,17.795,68.674,0.251,0,1493712,1061764,173604,5201920,41054.948,1624.112,40.102,128.325,2.005,8.020,5411,4078,1.760,1.440,0.790,2,0,406.028,0,0,11,32,0,10,0
16-01 19:47:24,8.742,21.980,68.189,0,0,1485648,1069760,173604,5201956,12585.737,1618.552,0,295.735,0,6.994,6666,5274,1.760,1.440,0.790,2,0,563.496,0,0,11,32,0,10,0
16-01 19:47:25,8.988,21.471,68.409,0,0,1464460,1090900,173604,5201988,6518.323,1617.846,0,443.410,0,5.992,6413,5001,1.760,1.440,0.790,3,0,528.297,0,0,11,32,0,10,0
16-01 19:47:26,9.523,21.301,68.162,0,0,1442008,1113316,173604,5202024,5263.542,1623.869,0,1295.086,0,15.036,6225,4822,1.760,1.440,0.790,1,0,517.232,0,0,11,32,0,7,0
16-01 19:47:27,8.251,22.752,68.255,0,0,1432656,1122644,173604,5202044,9228.619,1620.109,0,1400.094,0,16.001,6200,4637,1.780,1.450,0.800,1,0,495.033,0,0,11,32,0,7,0
16-01 19:47:28,7.726,20.686,69.784,0,0,1413692,1141576,173604,5202076,9963.178,1615.004,0,717.779,0,40.874,6241,4620,1.780,1.450,0.800,2,0,460.575,0,0,11,32,0,7,0
16-01 19:47:29,7.769,21.302,69.170,0,0,1410404,1144832,173604,5202108,8968.047,1623.992,0,200.493,0,8.020,6116,4588,1.780,1.450,0.800,1,0,455.119,0,0,11,32,0,7,0
16-01 19:47:30,8.248,22.745,68.483,0,0,1406024,1149132,173604,5202148,7322.230,1619.609,0,239.942,0,15.996,6694,5445,1.780,1.450,0.800,1,0,594.856,0,0,11,32,0,4,0
16-01 19:47:31,11.758,22.516,64.546,0,0,1342644,1212464,173612,5202180,8643.157,1459.039,0,440.314,0,28.020,6819,5882,1.780,1.450,0.800,2,0,574.409,0,0,11,32,0,6,0
16-01 19:47:32,48.259,23.004,27.255,0,0,1470244,1084764,173656,5202236,7675.440,1620.304,0,1448.272,0,130.024,6402,5559,1.800,1.460,0.810,3,0,554.104,0,0,11,32,0,10,0
16-01 19:47:33,63.984,8.998,24.494,2.499,0,1648480,902368,173804,5205784,6057.456,1661.576,371.905,6586.321,2.999,536.863,5817,6066,1.800,1.460,0.810,7,0,30.992,0,0,11,34,0,10,0
16-01 19:47:34,45.960,11.490,28.725,11.989,0,1587516,952780,174648,5214664,5344.298,1618.576,0,54699.876,0,3914.556,19678,31678,1.800,1.460,0.810,2,2,141.875,0,0,11,36,0,10,0
16-01 19:47:35,43.489,9.997,31.992,12.497,0,1632936,896476,175156,5224676,8613.729,1619.573,0,80030.897,0,5741.486,24013,40287,1.800,1.460,0.810,3,1,92.975,0,0,11,36,0,10,0
16-01 19:47:36,40.802,10.013,33.793,12.766,0,1641876,877600,175544,5233808,15386.681,9777.506,0,85481.339,0,6646.502,28484,43192,1.800,1.460,0.810,3,0,51.065,0,0,11,37,0,10,0
16-01 19:47:37,37.469,19.484,28.476,13.239,0,1614176,897876,176044,5240492,10578.121,2819.633,371.688,46812.706,5.995,3534.034,18669,28147,1.970,1.500,0.820,7,0,337.717,0,0,11,34,0,11,0
16-01 19:47:38,45.412,18.215,22.706,10.979,0,1661108,844008,176460,5246668,10498.612,3901.423,127.752,51120.724,0.998,3785.648,21306,31537,1.970,1.500,0.820,2,1,169.671,0,0,11,35,0,9,0
16-01 19:47:39,35.595,15.541,32.587,15.792,0,1640916,860624,176680,5249928,15531.244,8106.527,1520.037,55596.640,26.069,3895.344,20436,30471,1.970,1.500,0.820,1,1,193.514,0,0,11,35,0,9,0
16-01 19:47:40,28.492,6.748,50.486,11.497,0,1632264,865864,176776,5253164,19593.506,11884.668,0,50533.831,0,4412.763,23593,36180,1.970,1.500,0.820,3,0,59.983,0,0,11,35,0,9,0
16-01 19:47:41,38.259,8.002,41.010,10.753,0,1595236,903176,177072,5252588,6062.470,1977.479,0,45370.999,0,4170.011,21421,31170,1.970,1.500,0.820,3,1,54.013,0,0,11,34,0,9,0
16-01 19:47:42,34.252,8.251,44.003,11.501,0,1607376,890224,177316,5253112,15769.990,6727.423,0,54631.431,0,4892.307,22836,34605,2.060,1.520,0.840,3,0,40.003,0,0,11,35,0,9,0
16-01 19:47:43,31.489,6.248,48.983,10.746,0,1598476,896888,177380,5255248,17584.789,11279.016,0,40509.691,0,3850.640,21029,32622,2.060,1.520,0.840,3,1,35.987,0,0,11,35,0,9,0
16-01 19:47:44,34.001,9.750,43.752,10.500,0,1515668,977280,177452,5257520,12578.520,7137.295,0,40573.677,0,3822.158,21921,32219,2.060,1.520,0.840,1,2,128.005,0,0,11,36,0,10,0
16-01 19:47:45,39.263,7.252,41.514,10.754,0,1569076,920104,177560,5261048,8838.929,1662.551,0,60031.893,0,4705.559,22202,32271,2.060,1.520,0.840,5,0,57.019,0,0,11,36,0,10,0
16-01 19:47:46,28.742,8.498,48.737,12.747,0,1573072,912652,177684,5264292,17636.352,9878.397,0,63267.326,0,5163.639,25951,38154,2.060,1.520,0.840,3,0,83.978,0,0,11,37,0,10,0
16-01 19:47:47,29.197,8.734,47.664,11.729,0,1569880,912852,177752,5267108,20164.455,11453.242,0,63121.600,0,5227.526,26953,40977,2.050,1.530,0.840,2,1,71.870,0,0,11,37,0,10,0
16-01 19:47:48,36.575,10.271,39.582,11.524,0,1532772,952744,177760,5264284,9260.097,2855.890,0,58408.457,0,4919.145,22871,35714,2.050,1.530,0.840,3,0,54.112,0,0,11,36,0,10,0
16-01 19:47:49,34.409,7.231,45.380,10.722,0,1567528,918988,177832,5263208,10610.038,6709.318,0,60400.817,0,4760.454,20290,33947,2.050,1.530,0.840,2,0,38.897,0,0,11,35,0,11,0
16-01 19:47:50,25.253,10.501,63.758,0.250,0,1472020,1014300,177832,5263400,17375.279,9981.309,0,748.098,0,38.005,5248,6033,2.050,1.530,0.840,1,0,212.028,0,0,11,33,0,11,0
16-01 19:47:51,16.249,4.500,76.997,0,0,1411696,1074592,177836,5263428,48855.060,8255.672,0,2639.895,0,143.994,4574,5446,2.050,1.530,0.840,1,0,54.998,0,0,11,32,0,12,0
16-01 19:47:52,22.248,4.500,72.244,0,0,1468784,1017476,177836,5263428,11337.096,1861.852,0,1519.879,0,69.994,2152,1563,1.970,1.520,0.840,0,0,6.999,0,0,11,32,1,12,0
16-01 19:47:53,16.250,2.000,80.749,0.500,0,1468596,1017704,177836,5263448,48813.667,10169.931,0,875.994,0,50.000,3403,3874,1.970,1.520,0.840,1,0,1.000,0,0,11,32,0,13,0
16-01 19:47:54,21.289,5.260,73.383,0.250,0,1483688,1002612,177836,5263448,12002.795,1622.947,0,2728.955,0,150.273,2594,2012,1.970,1.520,0.840,1,0,34.062,0,0,11,32,0,13,0
16-01 19:47:55,14.723,1.996,81.849,0,0,1493776,992516,177840,5263452,14552.172,7510.155,0,35.934,0,3.993,1815,1530,1.970,1.520,0.840,1,0,0,0,0,11,33,0,13,0
16-01 19:47:56,20.292,5.511,73.150,0.251,0,1460112,1026176,177840,5263456,7456.318,2454.042,0,228.469,0,23.047,2865,2578,1.970,1.520,0.840,2,0,60.124,0,0,11,32,0,14,0
16-01 19:47:57,18.464,1.996,79.095,0,0,1464044,1021896,177840,5263804,10736.939,6792.676,0,167.671,0,5.988,1957,1590,1.890,1.520,0.840,2,0,0,0,0,11,33,0,14,0
16-01 19:47:58,17.002,5.501,76.511,0,0,1429824,1056092,177840,5263828,15158.214,6967.017,0,124.018,0,9.001,3856,4369,1.890,1.520,0.840,1,0,43.006,0,0,11,32,0,15,0
16-01 19:47:59,19.745,2.749,76.482,0,0,1485276,1000636,177840,5263832,9641.700,3481.169,0,151.964,0,10.997,1686,1095,1.890,1.520,0.840,1,0,0,0,0,11,33,0,15,0
16-01 19:48:00,16.002,2.250,80.763,0.250,0,1479532,1006236,177840,5263976,17540.735,9566.491,0,152.024,0,9.001,3219,3790,1.890,1.520,0.840,1,0,0,0,0,11,33,0,15,0
16-01 19:48:01,11.510,18.016,69.311,0,0,1440660,1044944,177840,5264140,9615.425,2538.224,0,240.210,0,24.021,5650,4395,1.890,1.520,0.840,3,0,409.359,0,0,11,32,0,16,0
16-01 19:48:02,40.027,19.263,40.277,0,0,1447300,1038096,177848,5264340,8571.773,1621.092,0,1344.906,0,112.075,6099,4853,1.820,1.510,0.840,3,0,389.262,0,0,11,32,0,22,0
16-01 19:48:03,66.154,8.987,24.215,0,0,1607420,876612,177852,5265700,9908.576,1563.724,0,327.523,0,15.977,3867,1457,1.820,1.510,0.840,3,0,2.996,0,0,11,32,0,22,0
16-01 19:48:04,70.683,9.775,17.545,0,0.251,1788764,691348,177912,5269104,6392.519,1624.197,0,4543.742,0,97.251,4666,11438,1.820,1.510,0.840,4,0,42.109,0,0,11,32,0,23,0
16-01 19:48:05,43.703,8.491,36.710,10.738,0,1786532,680540,178016,5281512,6094.388,1618.244,0,60350.525,0,4468.152,23618,34080,1.820,1.510,0.840,3,0,194.789,0,0,11,38,0,23,0
16-01 19:48:06,30.486,9.246,43.230,14.244,0,1783932,670712,178112,5293444,11502.796,1689.236,0,97971.679,0,7309.693,32359,51343,1.820,1.510,0.840,1,1,242.890,0,0,11,38,0,23,0
16-01 19:48:07,40.803,9.262,33.794,13.267,0,1685524,759500,178192,5302596,7095.277,1513.980,0,98669.008,0,7213.431,31059,50019,1.910,1.530,0.860,2,0,186.244,0,0,11,36,0,22,0
16-01 19:48:08,42.439,12.233,30.956,11.983,0,1742036,693956,178284,5311236,9355.649,1711.557,0,73203.531,0,5349.366,25751,39053,1.910,1.530,0.860,5,0,195.721,0,0,11,36,0,22,0
16-01 19:48:09,45.070,10.266,30.047,12.519,0.250,1795688,627456,178312,5323552,6361.863,1622.515,0,94318.222,0,6312.787,26162,39950,1.910,1.530,0.860,5,0,0,0,0,11,36,0,22,0
16-01 19:48:10,42.994,9.749,31.996,13.748,0,1758260,659736,178324,5328492,11012.550,1619.787,0,83229.044,0,6164.189,27517,42578,1.910,1.530,0.860,2,1,103.986,0,0,11,36,0,22,0
16-01 19:48:11,37.761,10.003,43.012,8.252,0,1581260,833664,178328,5331476,11268.221,1620.463,0,50878.546,0,3716.062,18525,25597,1.910,1.530,0.860,2,0,193.055,0,0,11,32,0,22,0
16-01 19:48:12,19.668,8.216,70.458,0.249,0,1519424,895484,178328,5331488,6302.873,1559.535,0,1111.393,0,64.732,3165,2496,1.840,1.520,0.860,1,0,162.327,0,0,11,32,0,22,0
16-01 19:48:13,23.285,3.004,72.107,0.501,0,1558304,856600,178332,5331488,5752.551,1622.412,0,6057.003,0,361.537,2975,2814,1.840,1.520,0.860,1,0,0,0,0,11,32,0,22,0
16-01 19:48:14,23.006,3.251,73.269,0,0,1434784,980112,178332,5331496,9347.439,1620.423,0,152.040,0,12.003,2466,1933,1.840,1.520,0.860,1,0,16.004,0,0,11,32,0,22,0
16-01 19:48:15,22.502,3.500,73.507,0.250,0,1452928,961968,178332,5331496,7338.741,1620.164,0,96.010,0,7.001,2009,1408,1.840,1.520,0.860,2,0,14.001,0,0,11,32,0,22,0
16-01 19:48:16,21.984,2.998,73.696,0,0,1518696,896200,178332,5331496,8648.667,1510.894,0,31.977,0,3.997,1861,1239,1.840,1.520,0.860,3,0,1.999,0,0,11,32,0,22,0
16-01 19:48:17,19.302,17.798,63.170,0.251,0,1394236,1020496,178332,5331660,8195.101,1624.381,0,661.785,0,57.154,5129,4597,1.770,1.510,0.860,2,0,496.339,0,0,11,32,0,22,0
16-01 19:48:18,11.494,32.982,53.970,0,0,1394928,1019752,178332,5331708,8776.181,1619.111,0,359.802,0,27.985,7695,6784,1.770,1.510,0.860,2,0,949.479,0,0,11,32,0,22,0
16-01 19:48:19,8.001,21.502,69.257,0,0,1384184,1030420,178332,5331784,7003.702,1620.162,0,120.012,0,9.001,6118,4527,1.770,1.510,0.860,1,0,469.047,0,0,11,32,0,22,0
16-01 19:48:20,8.490,20.725,69.166,0.250,0,1382292,1032268,178332,5331824,6369.299,1564.109,0,479.420,0,100.878,5930,4449,1.770,1.510,0.860,1,0,380.540,0,0,11,32,0,22,0
16-01 19:48:21,16.763,18.264,64.049,0,0,1370756,1043616,178332,5332312,43082.161,1621.248,0,44.034,0,7.005,7445,8772,1.770,1.510,0.860,11,0,325.250,0,0,11,32,0,22,0
16-01 19:48:22,38.442,10.484,50.174,0,0,1461700,952652,178340,5332456,9691.400,1617.563,0,39.940,0,0.998,3918,2746,1.710,1.500,0.860,2,0,131.801,0,0,11,33,0,22,0
16-01 19:48:23,43.993,6.499,48.492,0,0,1566676,847568,178340,5332556,39651.732,1619.744,0,23.996,0,3.000,2794,1289,1.710,1.500,0.860,2,0,0,0,0,11,33,0,22,0
16-01 19:48:24,45.753,5.750,47.753,0.250,0,1620400,792912,178388,5333372,8915.604,1512.102,0,1580.107,0,171.012,4184,3074,1.710,1.500,0.860,3,0,19.001,0,0,11,49,0,22,0
16-01 19:48:25,33.525,11.008,54.541,0,0,1651780,757916,178408,5336576,8160.175,1621.227,0,844.639,0,66.050,7332,10515,1.710,1.500,0.860,4,0,155.117,0,0,11,48,0,22,0
16-01 19:48:26,15.775,18.278,64.851,0,0,1650152,759484,178416,5337020,9154.264,1622.528,0,901.405,0,7.011,6642,7538,1.710,1.500,0.860,2,0,312.487,0,0,11,48,0,22,0
16-01 19:48:27,6.731,3.241,89.004,0,0,1650368,759244,178420,5336600,7386.593,1615.537,0,410.865,0,28.920,1686,2010,1.650,1.500,0.860,0,0,27.923,0,0,11,48,0,22,0
16-01 19:48:28,0.500,0.500,97.982,0,0,1650844,758768,178420,5336600,8454.451,1619.703,0,35.993,0,3.999,745,936,1.650,1.500,0.860,0,0,2.999,0,0,11,48,0,22,0
16-01 19:48:29,0,0.250,98.284,0,0,1650844,758768,178420,5336600,8908.096,1566.545,0,4.001,0,1.000,788,945,1.650,1.500,0.860,0,0,3.001,0,0,11,48,0,22,0
16-01 19:48:30,0.500,0.500,98.736,0,0,1650844,758768,178420,5336600,8012.867,1619.771,0,0,0,0,665,895,1.650,1.500,0.860,0,0,1.000,0,0,11,48,0,22,0
16-01 19:48:31,5.511,7.014,85.926,0,0,1644520,765080,178420,5336936,5383.011,1623.321,0,0,0,0,3080,3331,1.650,1.500,0.860,2,0,144.295,0,0,11,48,0,22,0
16-01 19:48:32,17.218,13.724,68.122,0,0,1636868,772724,178420,5336600,9375.331,1616.953,0,3.992,0,0.998,4726,5625,1.600,1.490,0.860,0,0,201.620,0,0,11,48,0,22,0
16-01 19:48:33,14.774,19.030,64.604,0,0,1664380,745156,178420,5337000,9630.432,1794.876,0,2203.531,0,82.132,7438,7974,1.600,1.490,0.860,13,0,439.705,0,0,12,48,0,22,0
16-01 19:48:34,19.468,11.980,67.388,0.250,0,1656544,753000,178420,5336644,11127.514,1617.313,0,263.562,0,30.949,5561,7133,1.600,1.490,0.860,0,0,152.746,0,0,12,64,0,22,0
16-01 19:48:35,5.252,8.003,85.534,0,0,1659012,750508,178420,5336676,9358.745,1620.649,0,236.094,0,11.004,2768,2580,1.600,1.490,0.860,3,0,177.071,0,0,12,64,0,15,0
16-01 19:48:36,18.755,14.253,64.766,0,0,1654604,754764,178420,5336828,6578.592,1620.392,0,56.014,0,6.001,6184,7370,1.600,1.490,0.860,1,0,216.052,0,0,14,64,0,15,0
16-01 19:48:37,9.246,17.993,71.722,0,0,1662000,747316,178420,5336868,8558.668,1565.391,0,571.777,0,35.986,5908,4865,1.470,1.460,0.860,1,0,385.850,0,0,14,66,0,15,0
16-01 19:48:38,10.509,20.517,68.306,0,0,1640492,768784,178424,5337248,7206.941,1663.371,0,1789.475,0,22.018,5843,4325,1.470,1.460,0.860,4,0,345.285,0,0,14,66,0,15,0
16-01 19:48:39,24.028,15.768,59.319,0,0,1664904,744384,178424,5336920,8722.105,1621.879,0,0,0,0,6023,7542,1.470,1.460,0.860,2,0,266.309,0,0,14,66,0,14,0
16-01 19:48:40,29.513,24.510,45.019,0.250,0,1745228,663984,178436,5336976,9393.008,1620.692,0,4321.844,0,261.111,7371,5536,1.470,1.460,0.860,3,0,585.250,0,0,14,66,0,14,0
16-01 19:48:41,29.738,24.990,44.232,0,0,1867580,540016,178512,5338436,10472.777,1619.347,0,35.985,0,8.996,7349,8250,1.470,1.460,0.860,3,0,521.790,0,0,14,70,0,16,0
16-01 19:48:42,37.668,19.208,41.659,0,0.249,1924244,483256,178512,5338900,8936.434,1508.697,0,419.082,0,9.978,6297,7424,1.510,1.470,0.860,3,0,274.399,0,0,14,70,0,16,0
16-01 19:48:43,65.050,24.269,9.257,0,0.250,2033988,373280,178528,5339120,7586.786,1711.305,0,644.492,0,5.004,5153,4146,1.510,1.470,0.860,4,0,510.389,0,0,14,70,0,16,0
16-01 19:48:44,59.754,22.001,17.751,0,0.250,2148400,258172,178552,5340196,6161.393,1620.103,0,24.002,0,6.000,6720,8724,1.510,1.470,0.860,3,0,370.024,0,0,14,70,0,16,0
16-01 19:48:45,69.865,22.287,7.512,0.250,0,2235048,169572,178640,5341460,9427.483,1568.576,0,1991.270,0,79.130,5527,4506,1.510,1.470,0.860,5,0,412.678,0,0,14,70,0,16,0
16-01 19:48:46,73.600,22.454,1.996,0.998,0,2414016,135052,172924,5206236,7321.036,1616.695,347.290,475.029,53.890,23.951,6780,8959,1.510,1.470,0.860,4,0,311.364,0,0,14,74,0,16,0
16-01 19:48:47,64.536,23.513,7.504,4.252,0,2489336,124736,172696,5142820,9149.072,1620.899,1580.876,30893.126,78.043,2148.191,16420,23959,1.630,1.500,0.870,5,1,324.180,0,0,14,76,0,16,0
16-01 19:48:48,72.808,23.269,3.002,1.001,0,2578668,177224,172112,5005140,9417.500,1621.291,32.026,14411.477,3.002,1260.003,13334,22582,1.630,1.500,0.870,4,0,342.273,0,0,14,76,0,18,0
16-01 19:48:49,72.581,23.026,3.003,1.001,0,2685684,126304,171764,4950020,9848.029,1846.067,836.937,1161.301,69.077,61.068,9151,13979,1.630,1.500,0.870,8,0,351.394,0,0,14,91,1,24,0
16-01 19:48:50,54.245,24.748,20.248,0.500,0,2783784,174772,171628,4807144,8737.219,1693.849,51.995,919.918,6.999,56.995,7596,8593,1.630,1.500,0.870,4,0,528.953,0,0,14,93,1,24,0
16-01 19:48:51,42.376,19.692,36.144,0.249,0,2869144,157500,171628,4740692,39559.106,1581.367,19.942,10014.661,1.994,438.715,7681,10547,1.630,1.500,0.870,2,0,324.051,0,0,14,95,1,24,0
16-01 19:48:52,61.762,14.003,21.254,3.001,0,3005860,151864,171636,4612360,6567.276,1694.329,2072.403,7165.392,26.005,257.050,6384,8993,1.660,1.510,0.880,4,0,144.028,0,0,14,98,1,25,0
16-01 19:48:53,33.288,10.762,54.562,0.250,0,3086080,138540,171660,4546792,42083.931,1737.979,12.014,989.127,3.003,67.076,4880,4197,1.660,1.510,0.880,1,0,135.154,0,0,14,101,1,25,0
16-01 19:48:54,8.258,19.268,71.066,0.500,0,3080668,143904,171660,4546840,10370.686,1731.617,0,1085.013,0,68.064,5998,4607,1.660,1.510,0.880,1,0,378.353,0,0,14,101,1,25,0
16-01 19:48:55,8.500,20.001,70.753,0,0,3094416,130124,171660,4546872,10434.488,1620.076,0,140.007,0,13.001,6035,4563,1.660,1.510,0.880,1,0,377.018,0,0,14,101,1,25,0
16-01 19:48:56,18.203,8.727,72.063,0.249,0,3144620,146844,171660,4481356,9189.103,1689.606,11.969,39.896,1.995,3.990,2896,2147,1.660,1.510,0.880,1,0,100.738,0,0,14,101,1,23,0
16-01 19:48:57,18.498,2.500,78.493,0,0,3160968,130476,171660,4481376,16394.457,8048.242,7.999,1615.848,2.000,131.988,2701,2555,1.610,1.500,0.880,1,0,0,0,0,14,104,1,23,0
16-01 19:48:58,18.511,6.504,73.545,0.250,0,3178632,178652,171660,4417144,23323.163,17611.695,0,276.168,0,16.010,2686,2139,1.610,1.500,0.880,1,0,64.039,0,0,14,105,1,24,0
16-01 19:48:59,18.243,2.499,78.220,0,0,3204524,152744,171664,4417156,11903.427,7172.244,7.997,191.926,1.999,19.992,2112,1989,1.610,1.500,0.880,1,0,0,0,0,14,106,1,24,0
16-01 19:49:00,21.315,3.761,74.978,0.251,0,3203100,153864,171676,4417400,10004.458,2450.460,4.012,525.600,1.003,48.147,2614,2467,1.610,1.500,0.880,2,0,4.012,0,0,14,116,1,23,0
16-01 19:49:01,26.885,5.477,63.230,2.489,0,3203316,153344,171676,4417704,7709.041,1686.788,15.932,5715.564,0.996,485.923,7159,9719,1.610,1.500,0.880,1,0,1.991,0,0,14,117,1,24,0
16-01 19:49:02,19.272,8.510,70.832,0.250,0,3175472,181168,171676,4417724,6505.574,2832.297,0,1778.070,0,114.133,4346,4809,1.560,1.490,0.880,1,0,114.133,0,0,14,120,1,25,0
16-01 19:49:03,30.015,5.003,63.282,0.250,0,3261364,160752,171680,4353804,15382.765,7291.681,40.020,552.279,4.002,49.025,3561,3257,1.560,1.490,0.880,1,0,6.003,0,0,14,127,1,25,0
16-01 19:49:04,25.710,5.741,67.145,0.749,0,3276832,145284,171680,4353816,11964.228,4373.139,27.956,3554.423,2.995,381.402,4706,11900,1.560,1.490,0.880,1,0,36.942,0,0,14,127,1,19,0
16-01 19:49:05,31.809,9.518,57.355,0.501,0,3249052,235520,171568,4292836,11050.326,2819.186,0,1142.101,0,107.197,5361,6024,1.560,1.490,0.880,2,0,95.175,0,0,14,128,1,20,0
16-01 19:49:06,41.858,7.475,49.581,0.249,0,3358804,125764,171568,4292840,7856.263,3072.543,0,474.386,0,27.905,3073,1670,1.560,1.490,0.880,1,0,4.983,0,0,14,129,1,20,0
16-01 19:49:07,23.557,6.265,69.419,0,0,3369068,179400,171568,4230832,28508.578,22405.684,180.440,328.802,1.002,18.044,2839,1977,1.600,1.500,0.890,1,0,55.135,0,0,14,128,1,21,0
16-01 19:49:08,21.010,4.002,74.786,0,0,3431748,179720,171568,4169396,11090.281,3685.755,0,1224.583,0,22.010,1931,1297,1.600,1.500,0.890,0,0,0,0,0,14,129,1,20,0
16-01 19:49:09,16.518,4.755,77.585,0.250,0,3373928,237388,171568,4169548,30602.385,22116.127,0,1269.385,0,72.079,2635,2136,1.600,1.500,0.890,1,0,51.056,0,0,14,128,1,21,0
16-01 19:49:10,21.215,3.494,73.880,0,0,3429648,181672,171568,4169560,7558.703,2230.372,7.987,123.799,1.997,12.979,1945,1452,1.600,1.500,0.890,0,0,0,0,0,14,129,1,21,0
16-01 19:49:11,16.250,3.000,79.252,0.250,0,3428264,183008,171568,4169608,18379.479,8584.224,8.000,664.017,2.000,99.003,3172,3606,1.600,1.500,0.890,1,0,0,0,0,14,128,1,22,0
16-01 19:49:12,19.008,8.254,71.782,0.500,0,3353096,258164,171568,4169620,7350.253,1756.778,0,5294.343,0,498.221,3760,2300,1.710,1.520,0.900,1,0,83.037,0,0,14,128,1,22,0
16-01 19:49:13,23.489,3.498,71.718,0,0,3384036,226988,171568,4169856,32210.445,23779.255,0,323.854,0,21.990,5978,10134,1.710,1.520,0.900,1,0,28.987,0,0,14,137,1,25,0
16-01 19:49:14,20.541,6.263,72.896,0.501,0,3365852,245160,171568,4169868,7549.142,1755.521,0,300.603,0,14.028,2559,1869,1.710,1.520,0.900,2,0,55.111,0,0,14,136,1,26,0
16-01 19:49:15,15.707,1.496,81.028,0,0,3385756,225252,171568,4169872,13373.339,8261.353,0,275.245,0,21.940,1817,1562,1.710,1.520,0.900,1,0,0,0,0,14,138,1,26,0
16-01 19:49:16,26.266,5.753,64.289,2.251,0,3393592,217212,171572,4170040,10394.265,2861.725,4.002,5987.609,1.001,557.336,8377,13390,1.710,1.520,0.900,1,0,1.001,0,0,14,137,1,28,0
16-01 19:49:17,20.762,6.004,72.794,0.250,0,3427112,183692,171572,4170040,8318.982,1578.946,0,820.491,0,51.031,2557,1873,1.650,1.510,0.900,1,0,53.032,0,0,14,137,1,28,0
16-01 19:49:18,18.288,2.505,77.160,0.752,0,3437172,173452,171572,4170220,17599.548,9787.325,0,4016.341,0,232.483,2925,3355,1.650,1.510,0.900,1,0,0,0,0,14,138,1,28,0
16-01 19:49:19,20.450,5.985,71.575,0.748,0,3436948,173608,171572,4170288,10585.116,3510.416,15.961,3112.389,0.998,164.598,5439,7308,1.650,1.510,0.900,1,0,1.995,0,0,14,138,1,28,0
16-01 19:49:20,32.251,6.750,59.001,0.250,0,3423076,187408,171572,4170360,10819.203,2431.046,0,1040.019,0,100.002,6406,8786,1.650,1.510,0.900,1,0,69.001,0,0,14,139,1,29,0
16-01 19:49:21,20.487,3.248,76.203,0,0,3478952,131528,171572,4170364,33133.592,3587.790,0,431.734,0,20.987,1847,1304,1.650,1.510,0.900,0,0,0,0,0,14,140,1,29,0
16-01 19:49:22,17.506,2.001,78.277,0.500,0,3472172,138284,171572,4170388,24956.727,9288.248,0,944.330,0,110.038,3314,4034,1.600,1.510,0.900,1,0,1.000,0,0,14,139,1,31,0
16-01 19:49:23,20.812,8.525,69.957,0.251,0,3461544,210748,171572,4110044,41060.737,1624.817,0,1035.069,0,51.152,3483,3119,1.600,1.510,0.900,1,0,147.437,0,0,14,139,1,31,0
16-01 19:49:24,16.498,2.750,80.239,0,0,3468740,203536,171572,4110060,18434.499,11478.443,0,499.932,0,25.996,2167,1868,1.600,1.510,0.900,0,0,0,0,0,14,140,1,31,0
16-01 19:49:25,19.469,4.742,73.632,0.499,0,3463008,209148,171572,4110180,9987.963,3289.718,7.987,1317.884,1.997,154.752,5828,8391,1.600,1.510,0.900,1,0,0,0,0,14,140,1,31,0
16-01 19:49:26,34.739,8.747,54.732,0.500,0,3459464,212408,171572,4110448,10178.718,3206.966,31.990,1495.518,1.999,122.960,9824,15608,1.600,1.510,0.900,5,0,2.999,0,0,14,141,1,32,0
16-01 19:49:27,31.790,14.018,52.817,0.751,0,3425680,245764,171608,4110808,10213.919,1950.467,40.051,1750.214,5.006,147.186,7787,9793,1.710,1.530,0.910,1,0,286.362,0,0,14,141,1,32,0
16-01 19:49:28,20.452,2.245,76.569,0,0,3460104,211292,171608,4110856,14652.317,7448.369,0,834.026,0,52.875,2173,2130,1.710,1.530,0.910,1,0,0,0,0,14,142,1,32,0
16-01 19:49:29,16.039,11.277,71.171,0.251,0,3380212,291160,171608,4110880,9505.879,3415.220,0,501.206,0,24.058,4404,3410,1.710,1.530,0.910,1,0,210.507,0,0,14,141,1,33,0
16-01 19:49:30,8.734,20.962,68.876,0.250,0,3349172,322164,171608,4110916,6340.619,1617.097,0,562.989,0,34.937,5896,4502,1.710,1.530,0.910,1,0,371.333,0,0,14,141,1,33,0
16-01 19:49:31,20.229,12.987,65.433,0,0,3366680,304520,171608,4111052,8872.917,1618.343,0,435.554,0,26.972,6293,8137,1.710,1.530,0.910,1,0,197.798,0,0,14,141,1,33,0
16-01 19:49:32,31.623,22.588,44.925,0.251,0,3428508,242620,171612,4111108,7678.857,1626.323,0,2003.791,0,127.496,6941,5756,1.740,1.540,0.920,2,0,490.909,0,0,14,141,1,33,0
16-01 19:49:33,36.754,18.252,44.255,0.250,0,3468464,202244,171624,4111864,8598.012,1732.204,68.008,4552.536,7.001,409.048,8186,9888,1.740,1.540,0.920,3,0,334.039,0,0,14,147,1,33,0
16-01 19:49:35,41.796,20.280,36.849,0.247,0,3549956,130708,171624,4102196,10070.534,1495.741,39.570,589.591,0.989,45.505,6740,8924,1.740,1.540,0.920,7,0,430.322,0,0,16,147,1,33,0
16-01 19:49:35,54.087,29.318,15.923,0,0,3700284,140220,171428,3946368,9041.074,1637.766,4.044,1253.599,1.011,105.141,8456,13275,1.740,1.540,0.920,3,0,513.571,0,0,16,153,1,33,0
16-01 19:49:36,54.984,18.245,25.493,0,0,3772168,146860,171396,3868052,8739.512,1565.554,15.995,375.893,1.000,25.993,7124,12542,1.740,1.540,0.920,2,0,233.933,0,0,16,169,1,33,0
16-01 19:49:37,36.731,22.988,39.479,0,0,3844048,130224,171400,3813580,9064.267,1709.108,0,591.691,0,11.994,7605,5616,1.760,1.550,0.930,3,0,563.706,0,0,16,169,1,33,0
16-01 19:49:38,23.769,21.267,54.795,0.250,0,3862156,155180,171400,3771592,5902.835,1621.328,0,396.325,0,26.021,7280,7543,1.760,1.550,0.930,1,0,429.352,0,0,17,169,1,33,0
16-01 19:49:39,23.237,14.992,60.217,0,0,3888672,128656,171400,3771260,8949.050,1619.104,0,195.892,0,9.994,5283,6070,1.760,1.550,0.930,2,0,251.861,0,0,17,169,1,33,0
16-01 19:49:40,30.763,24.260,43.768,0.250,0,3936676,132404,171148,3720636,7601.129,1690.696,0,5222.150,0,248.102,7282,6736,1.760,1.550,0.930,2,0,488.201,0,0,17,169,1,33,0
16-01 19:49:41,44.705,18.731,35.714,0,0,4031260,144516,171164,3616392,7696.297,1618.380,159.840,579.420,7.992,36.963,8167,11729,1.760,1.550,0.930,2,0,235.764,0,0,17,181,1,33,0
16-01 19:49:42,30.534,25.028,43.798,0.501,0,4099636,134936,171164,3559040,8742.630,1513.667,48.053,224.247,3.003,17.019,7361,6438,1.780,1.550,0.930,3,0,668.737,0,0,17,181,1,33,0
16-01 19:49:43,31.243,23.995,43.991,0,0,4169824,150344,171164,3475420,8434.197,1619.654,11.997,659.859,2.999,46.990,8815,11139,1.780,1.550,0.930,1,0,582.875,0,0,17,193,1,33,0
16-01 19:49:44,14.751,18.002,66.007,0.250,0,4171380,148600,171164,3475708,9623.967,1566.157,0,696.070,0,43.004,6425,6405,1.780,1.550,0.930,1,0,299.030,0,0,17,193,1,33,0
16-01 19:49:45,31.894,13.206,53.323,0.249,0,4240264,152784,171164,3403836,9204.514,1614.652,67.776,314.957,2.990,19.934,5700,6166,1.780,1.550,0.930,2,0,184.389,0,0,17,193,1,31,0
16-01 19:49:46,47.088,7.264,44.333,0.751,0,4363512,153972,171164,3282136,6212.626,1623.037,416.780,452.847,8.015,53.099,3794,2679,1.780,1.550,0.930,2,0,9.017,0,0,17,209,1,31,0
16-01 19:49:47,39.749,5.750,52.499,0.750,0,4437364,131408,171164,3231340,8909.829,1619.969,123.998,563.989,9.000,33.999,3647,2707,1.790,1.560,0.940,1,0,7.000,0,0,17,214,1,31,0
16-01 19:49:48,30.184,23.200,44.154,1.996,0,4380668,227096,171168,3192928,7768.106,1706.289,949.934,371.193,13.970,31.931,6950,7153,1.790,1.560,0.940,4,0,458.004,0,0,17,213,1,31,2
16-01 19:49:49,34.615,25.836,37.876,0,0,4432576,174092,171172,3194484,12644.009,7442.728,24.080,634.107,1.003,45.150,8106,10898,1.790,1.560,0.940,8,0,561.867,0,0,17,216,1,25,2
16-01 19:49:50,49.523,18.665,29.366,1.493,0,4481460,122464,171184,3197060,11687.525,4605.926,1246.298,1222.407,22.895,40.813,6345,8049,1.790,1.560,0.940,6,0,183.162,0,0,17,221,1,26,2
16-01 19:49:52,66.268,14.200,16.691,2.491,0,4571900,137716,171188,3093892,40988.326,4068.738,645.737,362.729,20.927,18.934,4925,4130,1.790,1.560,0.940,7,0,94.668,0,0,17,229,1,26,2
16-01 19:49:52,55.906,11.584,19.894,13.347,0,4647212,158712,171220,2999728,27057.417,10285.666,3561.856,1172.512,164.192,47.344,5725,5460,2.050,1.620,0.960,4,0,32.234,0,0,17,234,1,27,2
16-01 19:49:53,56.532,11.506,15.259,15.259,0,4661156,137356,171292,3007020,40665.730,1694.947,4006.239,1748.978,330.185,132.074,6921,7195,2.050,1.620,0.960,6,0,27.015,0,0,17,240,1,23,2
16-01 19:49:54,36.235,22.241,39.733,0,0,4675732,156972,171292,2974580,16906.886,9744.900,0,14749.794,0,921.612,10852,8550,2.050,1.620,0.960,1,0,436.816,0,0,17,236,1,26,2
16-01 19:49:55,39.021,23.012,37.270,0.250,0,4657420,173408,171292,2976944,15304.051,4549.393,208.109,9464.979,12.006,79.042,8459,10443,2.050,1.620,0.960,3,0,350.184,0,0,17,235,1,27,2
16-01 19:49:56,49.273,22.260,27.513,0.500,0,4703580,202424,171296,2902688,14399.648,7421.426,212.098,572.264,5.002,33.015,6255,6148,2.050,1.620,0.960,3,0,396.183,0,0,17,240,1,27,2
16-01 19:49:57,52.923,22.218,22.717,0.749,0,4712284,190668,171316,2905692,14319.216,6840.072,1002.545,1210.243,42.938,77.887,7195,8818,2.130,1.640,0.970,3,0,352.488,0,0,17,239,1,28,2
16-01 19:49:58,62.408,21.468,14.479,0.499,0,4802864,173224,171320,2834916,10860.059,3674.606,143.789,782.851,11.982,38.943,9068,13769,2.130,1.640,0.970,4,0,381.440,0,0,17,244,1,32,2
16-01 19:49:59,49.392,24.320,26.075,0,0,4870564,137044,171324,2804644,18654.513,10484.075,172.495,4954.212,9.026,70.201,7736,9226,2.130,1.640,0.970,3,0,430.234,0,0,17,243,1,35,2
16-01 19:50:00,57.895,21.461,18.467,0.499,0,4883692,135032,171336,2793388,9174.387,1690.938,590.930,602.908,40.926,41.924,7436,13279,2.130,1.640,0.970,4,0,277.498,0,0,17,251,1,35,2
16-01 19:50:01,65.137,14.475,19.217,0.499,0,5036860,130292,171220,2647216,13750.139,9604.333,786.635,670.836,15.972,21.962,7282,17361,2.130,1.640,0.970,3,0,10.981,0,0,17,256,1,34,0
16-01 19:50:02,53.620,10.022,33.325,3.007,0,5060480,125968,170960,2628492,16697.410,11041.739,1290.892,857.922,83.186,70.157,6282,8714,2.120,1.650,0.980,4,0,20.045,0,0,17,260,1,41,0
16-01 19:50:03,57.029,9.755,29.265,3.002,0,5126772,126376,170988,2563156,17332.845,9773.988,880.449,840.429,29.015,69.035,5449,5260,2.120,1.650,0.980,4,0,9.005,0,0,17,268,1,42,0
16-01 19:50:04,42.973,26.983,21.986,6.496,0,5046804,205372,171144,2563920,14660.625,6769.671,1351.136,13486.376,34.978,1086.305,11139,11175,2.120,1.650,0.980,4,1,545.651,0,0,17,267,1,43,0
16-01 19:50:05,53.399,23.456,22.458,0.499,0,5089120,159292,171256,2567756,14610.353,7330.129,3996.437,2690.908,53.898,223.577,8245,15334,2.120,1.650,0.980,6,0,370.299,0,0,17,268,1,40,0
16-01 19:50:06,63.848,18.028,16.776,1.002,0.250,5079448,204588,171268,2533192,14302.934,6815.452,653.001,829.272,17.026,49.075,6650,6645,2.120,1.650,0.980,5,0,246.378,0,0,18,270,1,41,0
16-01 19:50:07,77.961,13.243,1.749,6.247,0,5217528,124676,171272,2476688,10332.831,1511.244,3454.272,771.614,205.897,48.975,6188,5355,2.270,1.690,0.990,6,0,9.995,0,0,18,274,1,41,0
16-01 19:50:08,76.345,11.976,9.481,1.497,0,5304624,134284,171292,2382400,17483.494,11746.145,1768.409,3029.847,71.854,294.402,7457,8609,2.270,1.690,0.990,2,1,12.974,0,0,18,280,1,43,0
16-01 19:50:09,59.620,15.281,23.798,1.002,0,5312288,125440,171316,2383560,8497.059,3057.138,877.762,989.988,15.030,80.161,7030,8384,2.270,1.690,0.990,3,0,225.453,0,0,18,281,1,44,0
16-01 19:50:10,38.056,8.012,51.826,0.751,0,5340452,128776,171328,2353048,19784.923,10923.969,584.855,12770.669,10.015,254.372,4666,4087,2.270,1.690,0.990,1,0,10.015,0,0,18,287,1,44,0
16-01 19:50:11,36.701,9.238,52.430,0.250,0,5324056,171872,171328,2327456,1288417.551,22738.831,607.194,543.279,9.987,44.940,4852,4678,2.270,1.690,0.990,3,0,11.984,0,0,18,290,1,45,0
16-01 19:50:12,43.341,13.278,41.336,1.253,0,5332448,174980,171328,2317008,15347765.416,115206.922,3050.379,344.721,32.067,23.048,9357,5401,2.250,1.690,1,5,0,136.285,0,0,18,292,1,45,0
16-01 19:50:13,39.726,12.243,46.223,0.750,0,5325552,181380,171328,2317504,15418.850,6806.961,287.829,623.630,3.998,72.957,5200,5817,2.250,1.690,1,2,0,139.917,0,0,18,295,1,46,0
16-01 19:50:14,35.859,4.233,58.769,0,0,5382804,154208,171328,2288848,19312.204,12624.452,3.984,270.937,0.996,23.906,3223,2398,2.250,1.690,1,1,0,0,0,0,18,302,1,43,0
16-01 19:50:15,26.507,3.751,67.017,0.750,0,5396052,140308,171328,2289504,198570.501,7746926.251,464.120,2352.610,24.006,79.020,6210,7178,2.250,1.690,1,2,0,1.000,0,0,18,299,1,45,0
16-01 19:50:16,3.750,2.750,91.752,0,0,5311676,224672,171328,2289516,233992.965,8657484.710,4.000,340.006,1.000,21.000,2435,2126,2.250,1.690,1,1,0,37.001,0,0,18,299,1,45,0
16-01 19:50:17,2.000,0.750,96.234,0,0,5311676,224672,171328,2289516,5726.026,1565.734,0,315.946,0,14.997,1236,1786,2.070,1.660,0.990,0,0,0,0,0,18,299,1,45,0
16-01 19:50:18,12.801,2.510,82.330,0.753,0,5319324,216832,171328,2289708,7921657.254,31998.169,16.064,1076.311,1.004,71.286,5756,5903,2.070,1.660,0.990,2,0,0,0,0,18,303,1,43,0
16-01 19:50:19,17.499,9.750,70.248,0.500,0,5246344,273620,171336,2305840,8634149.835,85467.979,63.998,3359.881,4.000,84.997,9319,9079,2.070,1.660,0.990,1,0,169.994,0,0,18,301,1,46,0
16-01 19:50:20,16.248,12.499,70.743,0.250,0,5288544,231388,171336,2305896,6658.357,1619.843,11.999,231.978,1.000,14.999,4598,4276,2.070,1.660,0.990,1,0,297.971,0,0,18,301,1,46,0
16-01 19:50:21,19.003,8.251,71.510,0,0,5248420,271492,171336,2305916,30824.220,1620.222,0,372.051,0,26.004,3629,2857,2.070,1.660,0.990,1,0,107.015,0,0,18,303,1,46,0
16-01 19:50:22,8.252,19.756,70.020,0.250,0,5256644,263228,171336,2305956,20659.920,1620.464,0,16680.780,0,73.021,6301,5156,1.980,1.650,0.990,1,0,365.105,0,0,18,303,1,45,0
16-01 19:50:23,5.727,8.715,83.417,0.249,0.249,5259520,260256,171336,2306052,43719.458,1613.558,19.920,247.014,1.992,26.893,3802,3924,1.980,1.650,0.990,0,0,200.201,0,0,18,307,1,45,0
16-01 19:50:24,13.551,3.513,81.558,0.753,0,5293700,226076,171336,2306052,7552.534,1587.999,0,7014.501,0,872.296,3475,1922,1.980,1.650,0.990,1,0,9.034,0,0,18,307,1,45,0
16-01 19:50:25,19.677,2.242,76.217,0.249,0,5324560,195208,171336,2306060,11190.416,7336.736,0,191.289,0,23.911,2271,2033,1.980,1.650,0.990,1,0,0,0,0,18,308,1,45,0
16-01 19:50:26,14.504,11.503,71.521,1.500,0,5316184,203400,171340,2306192,13706.038,4845.428,76.022,4945.457,7.002,113.033,4912,4047,1.980,1.650,0.990,1,0,167.049,0,0,18,311,1,44,0
16-01 19:50:27,12.036,16.550,70.213,0,0,5302816,216504,171340,2306440,8355.306,1624.921,4.012,0,1.003,0,5371,4022,1.980,1.660,1,1,0,200.608,0,0,18,311,1,44,0
16-01 19:50:28,13.745,16.494,68.727,0,0,5295644,223256,171340,2306828,9609.719,1619.447,0,151.948,0,11.996,5840,5182,1.980,1.660,1,1,0,217.926,0,0,18,311,1,44,0
16-01 19:50:29,22.760,4.002,71.282,0.250,0,5363840,155008,171340,2306880,9901.441,1620.727,36.016,492.221,3.001,51.023,2921,2807,1.980,1.660,1,1,0,19.009,0,0,18,315,1,44,0
16-01 19:50:30,22.758,3.501,72.526,0.500,0,5412996,136352,171340,2277288,9206.336,1620.587,268.097,144.052,5.002,10.004,2350,2034,1.980,1.660,1,1,0,2.001,0,0,18,315,1,42,0
16-01 19:50:31,23.905,2.739,70.967,0.747,0,5363516,185552,171340,2277568,7896.543,1613.572,111.556,12462.355,5.976,70.718,2856,2777,1.980,1.660,1,3,0,6.972,0,0,18,315,1,42,0
16-01 19:50:32,23.996,2.999,71.737,0,0,5423208,125824,171340,2277604,6560.778,1511.718,19.996,83.984,3.999,6.999,2431,2272,1.900,1.650,1,2,0,1.000,0,0,18,315,1,42,0
16-01 19:50:33,17.244,3.999,78.225,0,0.250,5436688,141872,171340,2249000,14705.294,10557.621,15.995,75.976,1.000,5.998,2493,2622,1.900,1.650,1,1,0,2.999,0,0,18,318,1,43,0
16-01 19:50:34,18.267,2.753,77.324,0.250,0,5369780,208728,171340,2249052,20270.395,11623.121,32.031,384.368,2.002,33.032,3042,3216,1.900,1.650,1,1,0,18.017,0,0,18,315,1,44,0
16-01 19:50:35,22.501,4.250,72.255,0,0,5377108,201392,171340,2249060,7186.452,1620.102,0,148.009,0,11.001,2322,1944,1.900,1.650,1,1,0,0,0,0,18,315,1,44,0
16-01 19:50:36,19.819,8.279,71.498,0,0,5305460,272884,171340,2249216,9235.986,1625.630,389.348,204.709,4.014,21.073,3472,2762,1.900,1.650,1,1,0,114.396,0,0,18,315,1,44,0
16-01 19:50:37,9.499,18.499,69.495,0.500,0,5310260,267932,171348,2249360,8358.421,1619.888,47.997,223.984,6.000,2.000,6090,4978,1.910,1.650,1.010,1,0,379.974,0,0,18,315,1,44,0
16-01 19:50:38,23.142,6.470,69.179,0.498,0,5327416,250384,171492,2249608,11512.500,1612.506,171.204,334.446,6.968,28.866,3844,3624,1.910,1.650,1.010,1,0,105.510,0,0,18,319,1,44,0
16-01 19:50:39,17.763,2.252,78.307,0.250,0,5334384,242096,171516,2250904,13955.137,3727.708,96.070,456.331,6.004,30.022,2486,2549,1.910,1.650,1.010,1,0,16.012,0,0,18,320,1,44,0
16-01 19:50:40,23.250,3.500,71.751,0.250,0,5320356,250108,172064,2256224,8523.101,1794.021,0,1292.015,0,18.000,2442,2077,1.910,1.650,1.010,1,0,3.000,0,0,18,319,1,44,0
16-01 19:50:41,17.749,2.000,79.496,0,0,5334036,235204,172072,2257440,12610.337,4442.766,0,643.966,0,22.999,2176,1989,1.910,1.650,1.010,1,0,17.999,0,0,18,320,1,44,0
16-01 19:50:42,23.253,6.001,68.259,0,0.250,5337872,225580,172668,2262468,9585.255,1740.228,0,848.111,0,13.002,10676,19033,1.840,1.640,1,1,0,15.002,0,0,18,319,1,44,0
16-01 19:50:43,18.817,3.262,77.025,0.251,0,5336680,226296,172712,2262900,15637.863,4567.316,20.072,493.764,4.014,7.025,6864,11518,1.840,1.640,1,1,0,5.018,0,0,18,320,1,44,0
16-01 19:50:44,21.671,6.227,69.993,0,0,5324740,238104,172756,2262988,10538.341,1614.079,0,665.558,0,25.905,6854,10709,1.840,1.640,1,1,0,14.945,0,0,18,320,1,44,0
16-01 19:50:45,15.251,12.001,71.005,0.500,0,5261752,312704,172836,2251408,7395.488,1794.118,0,3700.244,0,438.029,5243,4140,1.840,1.640,1,1,0,265.017,0,0,18,319,1,44,0
16-01 19:50:46,23.245,4.499,71.486,0,0,5303700,270660,172836,2251456,9600.117,1619.682,0,0,0,0,2302,1826,1.840,1.640,1,1,0,0,0,0,18,319,1,44,0
16-01 19:50:47,18.001,1.750,78.756,0,0,5321816,252332,172836,2251668,19104.550,11913.967,16.001,8.001,1.000,2.000,2426,2272,1.770,1.630,1,1,0,0,0,0,18,319,1,48,0
16-01 19:50:48,20.250,9.500,68.751,0.250,0,5313844,260228,172836,2251748,6265.093,1620.024,20.000,676.010,2.000,20.000,3844,3741,1.770,1.630,1,1,0,112.002,0,0,18,319,1,48,0
16-01 19:50:49,19.765,2.502,75.808,0.500,0,5324360,249480,172836,2251984,15111.575,8091.198,96.074,412.316,4.003,49.038,2877,3026,1.770,1.630,1,1,0,2.002,0,0,18,320,1,48,0
16-01 19:50:50,20.236,6.745,71.700,0.250,0,5349508,224324,172836,2251992,10018.955,3790.335,0,255.820,0,11.992,3033,2675,1.770,1.630,1,1,0,69.951,0,0,18,319,1,48,0
16-01 19:50:51,18.984,2.998,77.436,0,0,5359760,214068,172836,2251996,28282.589,9480.153,0,163.864,0,11.990,2373,2214,1.770,1.630,1,0,0,0.999,0,0,18,322,1,48,0
16-01 19:50:52,20.770,6.756,70.817,0,0,5356108,217684,172836,2252016,37743.773,7008.643,0,460.436,0,32.030,3490,3034,1.710,1.620,1,1,0,63.060,0,0,18,321,1,49,0
16-01 19:50:53,21.245,2.749,75.482,0,0,5376644,197100,172836,2252064,48124.321,7416.200,0,3.999,0,1.000,2679,2714,1.710,1.620,1,1,0,0,0,0,18,322,1,49,0
16-01 19:50:54,20.247,5.249,73.490,0,0,5352896,220840,172836,2252072,14457.061,6216.166,0,0,0,0,2856,2481,1.710,1.620,1,2,0,31.996,0,0,18,321,1,52,0
16-01 19:50:55,19.004,2.250,77.015,0,0,5372636,201096,172836,2252076,16076.135,7345.433,0,80.016,0,2.000,2251,1959,1.710,1.620,1,1,0,0,0,0,18,322,1,46,0
16-01 19:50:56,14.747,5.249,78.487,0.250,0,5337340,236372,172836,2252096,14528.513,6948.811,0,587.899,0,42.993,3278,3396,1.710,1.620,1,2,0,46.992,0,0,18,321,1,47,0
16-01 19:50:57,19.507,2.751,76.526,0,0,5362900,210812,172836,2252096,11390.872,4010.363,0,316.107,0,9.003,2233,1995,1.650,1.610,1,1,0,0,0,0,18,322,1,47,0
16-01 19:50:58,21.499,5.500,71.495,0,0,5279068,294460,172836,2252280,17111.905,9357.401,0,247.984,0,27.998,3385,3534,1.650,1.610,1,1,0,31.998,0,0,18,321,1,50,0
16-01 19:50:59,19.752,3.500,75.258,0.750,0,5330536,242812,172836,2252460,7493.754,3943.397,32.003,2424.244,1.000,159.016,2782,2882,1.650,1.610,1,1,0,0,0,0,18,322,1,44,0
16-01 19:51:00,17.000,2.250,79.748,0,0,5313228,260104,172836,2252476,18531.594,10212.776,0,403.991,0,32.999,2768,2917,1.650,1.610,1,2,0,5.000,0,0,18,321,1,45,0
16-01 19:51:01,19.993,7.497,71.224,0,0,5364660,208660,172836,2252488,7530.221,1693.375,0,199.926,0,12.995,3161,2751,1.650,1.610,1,1,0,83.969,0,0,18,323,1,45,0
16-01 19:51:02,18.826,2.259,77.813,0.251,0,5373540,199656,172836,2252624,31932.461,24084.891,0,1104.443,0,98.396,2638,2252,1.520,1.580,1,1,0,1.004,0,0,18,323,1,47,0
16-01 19:51:03,23.149,4.978,70.442,0,0,5346744,226392,172836,2252684,8450.057,1612.948,0,155.321,0,8.961,2943,3051,1.520,1.580,1,3,0,46.795,0,0,18,323,1,37,0
16-01 19:51:04,19.008,2.751,77.535,0,0,5362860,210208,172836,2252752,14521.487,10491.687,48.021,308.138,2.001,32.014,3133,3347,1.520,1.580,1,1,0,2.001,0,0,18,323,1,39,0
16-01 19:51:05,29.109,9.034,60.979,0,0,5368444,204516,172836,2252860,9939.386,1626.116,0,293.102,0,14.053,4622,13266,1.520,1.580,1,5,0,51.193,0,0,18,323,1,40,0
16-01 19:51:06,18.225,1.997,78.144,0.749,0,5381740,190852,172836,2253228,14203.675,8063.030,335.543,335.543,20.971,35.951,2933,2868,1.520,1.580,1,1,0,0,0,0,18,324,1,40,0
16-01 19:51:07,26.644,5.229,65.240,0.747,0,5395976,174756,172836,2255088,12164.491,2794.855,1768.946,1617.550,57.770,174.305,6199,7987,1.480,1.570,1,1,0,6.972,0,0,18,325,1,37,0
16-01 19:51:08,21.288,3.506,74.134,0.250,0,5423616,146936,172836,2255268,17360.325,7451.445,0,496.897,0,35.063,2881,3070,1.480,1.570,1,1,0,0,0,0,18,326,1,37,0
16-01 19:51:09,19.579,3.012,75.052,0.753,0,5416552,153816,172836,2255452,10081.528,5605.535,144.581,996.004,8.032,108.436,4774,6238,1.480,1.570,1,5,0,0,0,0,18,326,1,37,0
16-01 19:51:10,12.250,18.750,67.251,0,0,5386388,183940,172844,2255484,10559.223,2846.060,0,904.019,0,72.002,6429,5702,1.480,1.570,1,1,0,476.010,0,0,18,325,1,38,0
16-01 19:51:11,8.246,23.488,67.217,0.250,0,5368060,202240,172844,2255512,6216.951,1619.206,0,547.731,0,42.979,7298,6502,1.480,1.570,1,1,0,647.682,0,0,18,325,1,32,0
16-01 19:51:12,8.496,23.239,66.967,0.250,0,5368440,201824,172844,2255548,5374.375,1619.209,0,2838.613,0,171.916,7628,7090,1.440,1.560,1,1,0,662.676,0,0,18,325,1,32,0
16-01 19:51:13,8.509,23.273,66.817,0,0,5349212,220976,172844,2255624,10194.236,1621.628,0,160.161,0,21.021,7470,6851,1.440,1.560,1,2,0,648.651,0,0,18,325,1,32,0
16-01 19:51:14,9.748,22.246,67.737,0,0,5345532,224624,172844,2255656,7342.573,1619.685,0,219.957,0,21.996,7112,6234,1.440,1.560,1,1,0,599.883,0,0,18,325,1,32,0
16-01 19:51:15,9.989,21.477,67.178,0,0,5325128,244992,172844,2255692,9216.147,1510.385,0,35.962,0,8.990,6981,6067,1.440,1.560,1,1,0,574.386,0,0,18,325,1,29,0
16-01 19:51:16,13.503,11.752,72.014,1.750,0,5312980,371540,172848,2153440,9064.767,1566.305,456.089,12.002,54.011,1.000,3476,3142,1.440,1.560,1,1,0,119.023,0,0,18,325,1,29,0
16-01 19:51:17,12.189,3.234,66.168,16.418,0,5291496,384852,173008,2161444,9875.399,1611.904,644.762,7820.719,70.645,461.681,3206,2840,1.400,1.550,1,1,0,2.985,0,0,18,325,1,29,0
16-01 19:51:18,25.299,3.256,70.638,0.250,0,5310676,362204,173016,2164904,9617.722,2117.121,16.031,997.943,3.006,28.055,2915,3011,1.400,1.550,1,3,0,16.031,0,0,18,326,1,29,0
16-01 19:51:19,11.994,1.499,82.210,2.249,0,5321340,350864,173044,2165552,19113.652,8742.724,555.728,1115.454,29.985,53.974,2314,2667,1.400,1.550,1,0,0,1.999,0,0,18,326,1,24,0
16-01 19:51:20,7.516,1.253,89.190,1.002,0,5321204,350612,173064,2165920,15280.559,7055.033,328.700,853.819,31.066,35.075,1867,2115,1.400,1.550,1,2,0,0,0,0,18,326,1,24,0
16-01 19:51:21,10.234,1.248,85.366,1.997,0,5330456,340560,173076,2166700,21475.403,9309.436,343.463,2040.807,34.945,194.695,2296,2129,1.400,1.550,1,1,0,1.997,0,0,18,326,1,24,0
16-01 19:51:22,15.746,1.250,80.227,1.500,0,5353308,316620,173096,2167764,53615.917,8630.572,891.749,1159.674,40.988,52.985,2416,2324,1.290,1.530,0.990,0,0,1.000,0,0,18,326,1,24,0
16-01 19:51:23,15.500,1.500,79.749,1.750,0,5355520,313596,173108,2168556,58830.259,10311.870,579.993,1087.986,41.999,34.000,2340,2452,1.290,1.530,0.990,0,0,0,0,0,18,326,1,24,0
16-01 19:51:24,14.753,1.250,81.514,1.750,0,5370632,297468,173148,2169528,21528.740,9155.591,812.141,1064.185,44.008,33.006,2092,1932,1.290,1.530,0.990,1,0,0,0,0,18,326,1,24,0
16-01 19:51:25,20.986,5.496,60.458,11.742,0,5430792,219804,173164,2187016,18158.517,6357.629,9169.696,655.549,89.938,23.984,2930,2309,1.290,1.530,0.990,1,0,5.996,0,0,18,326,1,24,0
16-01 19:51:26,33.035,7.758,52.805,6.006,0,5444244,185040,173276,2208200,10313.836,1621.704,7275.644,1461.536,89.094,48.050,3692,2618,1.290,1.530,0.990,2,0,7.007,0,0,18,326,1,24,0
16-01 19:51:27,23.730,2.997,71.440,0.250,0,5443360,168924,173992,2224296,6697.369,1618.639,31.973,2306.061,0.999,70.940,2830,2749,1.270,1.520,0.990,1,0,0,0,0,18,326,1,23,0
16-01 19:51:28,26.003,3.000,69.759,0.500,0,5466084,133164,174304,2236668,6006.761,1620.205,0,852.108,0,30.004,2800,3292,1.270,1.520,0.990,3,0,0,0,0,18,326,1,23,0
16-01 19:51:29,23.323,2.508,71.976,1.254,0.251,5450740,126052,175056,2258176,11068.808,1625.110,0,2856.984,0,145.457,2982,2886,1.270,1.520,0.990,2,0,0,0,0,18,326,1,23,0
16-01 19:51:30,22.499,3.750,71.998,1.000,0,5437384,139040,176056,2258108,8884.791,1661.961,0,2283.946,0,95.998,2887,2666,1.270,1.520,0.990,1,0,0,0,0,18,326,1,23,0
16-01 19:51:31,22.950,2.744,72.343,0.748,0,5447868,134368,176800,2251252,12477.837,1790.103,3.991,2027.586,0.998,71.844,2752,2484,1.270,1.520,0.990,1,0,0,0,0,18,325,1,23,0
16-01 19:51:32,24.047,3.757,71.139,0,0,5404032,178316,176804,2251104,8284.173,1514.958,0,7646.929,0,178.348,2754,2091,1.330,1.530,1,1,0,20.039,0,0,18,325,1,23,0
16-01 19:51:33,19.450,2.743,76.055,0,0,5405428,170820,176804,2257224,15112.224,3900.991,0,1400.407,0,10.972,2412,2514,1.330,1.530,1,2,0,16.956,0,0,18,325,1,23,0
16-01 19:51:34,19.498,3.500,76.241,0.250,0,5403068,172592,176804,2257796,13012.489,3651.576,0,743.914,0,31.996,2705,2716,1.330,1.530,1,0,0,19.998,0,0,18,326,1,23,0
16-01 19:51:35,22.594,4.017,70.793,0,0,5398796,170784,176804,2263732,8668.891,2704.196,0,1233.105,0,29.121,10664,19023,1.330,1.530,1,1,0,6.025,0,0,18,325,1,21,0
16-01 19:51:36,22.408,5.975,69.465,0,0,5388840,180268,176804,2264208,8642.504,1613.374,0,2003.770,0,11.951,11120,19618,1.330,1.530,1,2,0,12.947,0,0,18,325,1,21,0
16-01 19:51:37,21.246,5.999,71.237,0.750,0,5311468,270364,176816,2251472,7736.560,1619.699,79.985,2575.521,4.999,270.950,3152,2876,1.300,1.520,1,1,0,14.997,0,0,18,325,1,21,0
16-01 19:51:38,24.271,4.754,69.561,0,0.250,5310328,271560,176820,2251532,5582.865,1621.413,0,768.670,0,21.018,3482,4013,1.300,1.520,1,1,0,51.044,0,0,18,325,1,21,0
16-01 19:51:39,24.738,5.747,67.968,0.500,0,5342200,239672,176820,2251548,9307.653,1619.244,0,2738.721,0,148.930,10697,19498,1.300,1.520,1,1,0,23.989,0,0,18,325,1,21,0
16-01 19:51:40,19.256,2.501,76.522,0,0,5350028,226068,176820,2257324,12687.720,3900.144,0,1016.298,0,31.009,2534,2423,1.300,1.520,1,1,0,17.005,0,0,18,325,1,21,0
16-01 19:51:41,18.494,3.249,76.977,0.250,0,5349732,225604,176820,2258068,14029.763,3608.910,0,371.888,0,7.998,2351,2073,1.300,1.520,1,0,0,19.994,0,0,18,326,1,21,0
16-01 19:51:42,22.257,5.002,70.021,0.250,0,5350296,218804,176820,2264176,9668.965,2639.810,0,1564.480,0,45.014,9856,17966,1.280,1.510,1,1,0,12.004,0,0,18,325,1,21,0
16-01 19:51:43,23.986,6.996,66.960,0,0,5350340,218312,176820,2264608,7764.345,1619.029,0,139.916,0,1.999,10569,19325,1.280,1.510,1,1,0,15.990,0,0,18,325,1,21,0
16-01 19:51:44,21.035,6.010,72.120,0.501,0,5339672,242108,176832,2251596,9840.377,1622.701,0,1410.347,0,25.042,2605,2158,1.280,1.510,1,1,0,11.018,0,0,18,325,1,21,0
16-01 19:51:45,24.431,2.742,71.798,0,0,5321588,260188,176832,2251600,8412.389,1615.466,0,7.978,0,1.994,2599,2050,1.280,1.510,1,3,0,18.947,0,0,18,325,1,21,0
16-01 19:51:46,22.275,6.507,70.578,0,0,5339524,234408,177352,2258924,8740.695,1621.799,4.004,852.946,1.001,16.018,3589,3335,1.280,1.510,1,2,0,96.107,0,0,18,325,1,21,0
16-01 19:51:47,23.261,2.751,72.035,0.250,0,5334496,235812,177564,2262256,8113.901,2697.297,0,1284.618,0,39.019,2841,2678,1.250,1.500,1,1,0,16.008,0,0,18,326,1,21,0
16-01 19:51:48,13.499,2.000,82.746,0.750,0,5325580,244464,177568,2262516,22332.016,7899.652,0,10855.522,0,211.991,2824,2931,1.250,1.500,1,1,0,0,0,0,18,326,1,17,0
16-01 19:51:49,10.743,1.999,85.697,0.750,0,5325432,244240,177568,2262872,21722.440,11532.801,0,1602.999,0,72.954,2187,2654,1.250,1.500,1,0,0,1.999,0,0,18,326,1,17,0
16-01 19:51:50,6.003,0.750,91.041,0.250,0,5326260,243244,177572,2263036,45881.889,6913.147,0,792.361,0,41.019,1813,2251,1.250,1.500,1,0,0,0,0,0,18,327,1,17,0
16-01 19:51:51,7.746,2.499,87.954,0.500,0,5330008,239216,177572,2263316,118830.700,6822.423,0,735.614,0,29.984,3637,5315,1.250,1.500,1,0,0,0.999,0,0,18,327,1,17,0
16-01 19:51:52,17.759,2.751,78.041,0.500,0,5358328,210744,177572,2263452,52955.811,7402.888,0,1092.574,0,42.022,2900,2615,1.230,1.490,1,1,0,7.004,0,0,18,327,1,15,0
16-01 19:51:53,16.989,1.749,79.450,0.250,0,5359136,209736,177572,2263652,52544.907,9568.973,0,3014.102,0,48.969,2796,3057,1.230,1.490,1,0,0,0,0,0,18,327,1,15,0
16-01 19:51:54,13.262,1.501,83.575,0.250,0,5374056,194616,177572,2263852,23757.436,8637.794,0,1008.910,0,31.028,1921,1863,1.230,1.490,1,1,0,0,0,0,18,327,1,15,0
16-01 19:51:55,9.736,0.749,86.380,0.999,0,5377976,190360,177572,2264188,319708.162,17718.292,0,2041.154,0,86.879,2250,2283,1.230,1.490,1,0,0,0,0,0,18,327,1,15,0
16-01 19:51:56,8.007,2.002,88.078,1.251,0,5378136,189856,177584,2264516,90943.078,14227.528,28.025,2005.766,4.004,94.083,2068,2279,1.230,1.490,1,0,0,0,0,0,18,327,1,12,0
16-01 19:51:57,13.504,1.750,82.773,0.750,0,5378048,189604,177584,2264856,18578.242,8717.460,104.029,1388.392,6.002,65.018,2204,2384,1.210,1.480,1,0,0,0,0,0,18,327,1,12,0
16-01 19:51:58,11.243,3.248,83.200,0.500,0,5378932,170192,177584,2283332,5063090.987,39357.159,0,36629.811,0,130.921,4201,3503,1.210,1.480,1,0,0,1.999,0,0,18,327,1,12,0
16-01 19:51:59,8.497,2.249,86.474,1.000,0,5382856,136484,177616,2313036,12221022.120,44716.521,163.951,12660.184,3.999,57.983,4548,3113,1.210,1.480,1,1,0,2.999,0,0,18,327,1,12,0
16-01 19:52:00,18.017,2.753,77.072,0.751,0,5394892,145712,178032,2291988,509359.891,6501.087,0,2194.054,0,77.072,2623,2362,1.210,1.480,1,1,0,1.001,0,0,18,327,1,8,0
16-01 19:52:01,21.995,4.249,71.734,1.000,0,5389012,130464,181424,2306472,7207.417,1619.644,0,4654.977,0,90.980,2796,2536,1.210,1.480,1,5,0,0,0,0,18,327,1,8,0
16-01 19:52:02,24.757,3.001,70.770,0.250,0,5393796,138552,181844,2293092,9238.669,1620.468,0,1768.511,0,43.012,2786,2467,1.280,1.490,1.010,1,0,1.000,0,0,18,327,1,8,0
16-01 19:52:03,25.255,4.501,68.012,0.750,0,5405708,137324,182292,2282588,7226.291,1620.290,0,74217.261,0,726.130,4490,3220,1.280,1.490,1.010,1,0,0,0,0,18,327,1,8,0
16-01 19:52:04,23.077,5.017,70.737,1.003,0,5409020,149444,183148,2265884,9267.051,1625.446,0,2271.612,0,83.279,3050,2905,1.280,1.490,1.010,1,1,2.007,0,0,18,327,1,5,0
16-01 19:52:05,28.403,4.734,64.031,0.498,0,5417084,156628,183832,2250268,8949.407,1614.481,0,1973.254,0,83.714,3935,11117,1.280,1.490,1.010,2,0,35.877,0,0,18,327,1,6,0
16-01 19:52:06,23.468,3.246,72.401,0.250,0,5417228,132216,185184,2271260,7899.224,1617.793,0,1905.401,0,31.956,2370,2162,1.280,1.490,1.010,2,0,0,0,0,18,327,1,6,0
16-01 19:52:07,23.781,3.755,70.841,1.001,0,5408456,142904,186040,2268204,8718.240,1568.022,16.021,2967.826,1.001,108.139,3037,3027,1.250,1.480,1,2,0,0,0,0,18,327,1,6,0
16-01 19:52:08,20.001,2.500,75.503,0.500,0,5427808,146556,186648,2243444,14447.535,4250.157,0,1832.068,0,79.003,2814,2873,1.250,1.480,1,2,0,0,0,0,18,325,1,2,0
16-01 19:52:09,24.249,3.250,71.997,0,0,5374152,200240,186672,2243428,6589.762,1639.941,0,27.999,0,2.000,2517,2000,1.250,1.480,1,4,0,18.999,0,0,18,325,1,2,0
16-01 19:52:10,17.754,3.001,78.266,0.500,0,5397192,170964,187168,2248860,16083.279,3899.795,0,1504.307,0,11.002,2224,1842,1.250,1.480,1,2,0,17.003,0,0,18,325,1,2,0
16-01 19:52:11,22.994,2.999,73.481,0,0,5388508,178344,187248,2249944,12034.900,2695.306,0,451.884,0,15.996,2547,2166,1.250,1.480,1,0,0,17.995,0,0,18,326,1,2,0
16-01 19:52:12,20.325,2.760,75.530,0.251,0,5392516,166788,187832,2255880,16382.806,3662.594,0,1224.545,0,30.112,6220,10196,1.150,1.460,1,1,0,7.026,0,0,18,325,1,1,0
16-01 19:52:13,24.388,6.222,67.192,0,0,5375456,182932,187856,2256684,8811.660,1654.426,0,2994.292,0,47.781,7624,12280,1.150,1.460,1,1,0,7.964,0,0,18,325,1,1,0
16-01 19:52:14,23.271,6.506,68.811,0.500,0,5379804,178456,187880,2256780,6373.669,1621.442,0,1048.933,0,134.119,10258,18364,1.150,1.460,1,1,0,13.012,0,0,18,325,1,1,0
16-01 19:52:15,21.075,5.771,71.755,0,0,5330992,241260,187924,2243872,8993.981,1571.588,0,413.470,0,12.043,2517,2122,1.150,1.460,1,1,0,8.029,0,0,18,325,1,1,0
16-01 19:52:16,21.974,4.495,71.915,0.499,0,5352548,217664,188084,2245864,7452.205,1564.154,227.731,1002.816,2.996,16.980,2527,2214,1.150,1.460,1,1,0,4.994,0,0,18,325,1,1,0
16-01 19:52:17,22.518,4.504,69.055,1.501,0,5360968,207332,188104,2247756,9155.263,1567.243,836.664,3430.722,34.027,177.141,5856,7939,1.140,1.450,1,1,0,2.002,0,0,18,328,1,4,0
16-01 19:52:18,22.015,11.008,63.544,3.002,0,5289508,278044,188104,2248504,8494.908,1621.127,576.401,17015.833,26.018,571.397,8811,11956,1.140,1.450,1,2,0,169.118,0,0,18,327,1,5,0
16-01 19:52:19,12.202,14.194,69.475,2.490,0.249,5306320,259868,188104,2249888,9532.285,1613.616,1302.845,757.005,36.854,36.854,5615,4986,1.140,1.450,1,1,0,271.924,0,0,18,327,1,7,0
16-01 19:52:20,10.750,5.500,72.250,9.750,0,5297752,226380,188300,2291720,8760.011,2173.003,42024.051,1624.002,3542.004,16.000,6122,9332,1.140,1.450,1,0,1,16.000,0,0,18,328,1,7,0
16-01 19:52:21,2.247,0.749,93.866,1.748,0,5305044,218568,188508,2292032,10833.558,3643.806,523.254,455.351,130.814,7.989,1554,2117,1.140,1.450,1,0,0,0,0,0,18,328,1,7,0
16-01 19:52:22,3.250,1.250,92.998,1.000,0,5304748,218568,188516,2292320,101585.652,3873.910,275.994,1715.960,6.000,114.997,1974,2508,1.050,1.430,0.990,0,0,3.000,0,0,18,328,1,7,0
16-01 19:52:23,5.507,2.753,88.860,2.002,0,5258644,264516,188576,2292444,64236.334,129776.279,188.232,845.044,12.015,18.022,2283,2665,1.050,1.430,0.990,1,0,10.012,0,0,18,327,1,7,0
16-01 19:52:24,2.250,1.000,95.763,0,0,5251404,271740,188576,2292460,10914.537,1458.205,0,128.018,0,12.002,1376,2047,1.050,1.430,0.990,1,0,0,0,0,18,327,1,7,0
16-01 19:52:25,14.743,4.248,79.961,0,0,5275928,247208,188576,2292468,12082.079,1693.170,255.875,0,1.999,0,2123,1895,1.050,1.430,0.990,1,0,5.997,0,0,18,327,1,7,0
16-01 19:52:26,17.750,5.000,75.502,0,0,5266256,256876,188576,2292472,7098.150,1620.034,768.016,192.004,6.000,15.000,2688,2245,1.050,1.430,0.990,0,0,6.000,0,0,18,327,1,7,0
16-01 19:52:27,1.751,1.000,96.534,0,0,5257336,265796,188576,2292472,8396.999,1620.579,0,0,0,0,1207,1563,0.960,1.400,0.990,0,0,0,0,0,18,327,1,7,0
16-01 19:52:28,4.494,1.498,92.120,0.499,0,5256388,266684,188576,2292532,7815.943,1617.712,0,643.090,0,70.900,2379,3556,0.960,1.400,0.990,0,0,0,0,0,18,327,1,7,0
16-01 19:52:29,2.753,0.501,95.620,0,0,5255936,267128,188576,2292536,5680.105,1622.029,0,100.125,0,12.015,1287,1817,0.960,1.400,0.990,0,0,0,0,0,18,327,1,7,0
16-01 19:52:30,1.500,0.500,95.984,0.250,0,5250960,272100,188576,2292540,6321.962,1619.734,0,2579.576,0,368.939,1945,1871,0.960,1.400,0.990,0,0,0,0,0,18,327,1,7,0
16-01 19:52:31,1.500,1.000,96.506,0,0,5249816,273244,188576,2292540,12274.788,1620.104,0,204.013,0,15.001,1210,1683,0.960,1.400,0.990,0,0,0,0,0,18,327,1,7,0
16-01 19:52:32,1.500,0.750,96.272,0,0,5249636,273424,188576,2292540,8447.905,1458.329,0,0,0,0,1206,1683,0.890,1.380,0.980,0,0,1.000,0,0,18,327,1,7,0
16-01 19:52:33,3.250,0.750,94.745,0,0,5249592,273424,188576,2292584,8576.555,1619.916,0,0,0,0,1485,2237,0.890,1.380,0.980,0,0,0,0,0,18,327,1,7,0
16-01 19:52:34,2.500,3.000,92.496,0.500,0.250,5243304,279836,188576,2292596,9122.581,1619.926,0,68236.866,0,368.983,2137,2483,0.890,1.380,0.980,0,0,2.000,0,0,18,327,1,7,0
16-01 19:52:35,1.499,0.500,96.920,0,0,5243304,279836,188576,2292596,9919.787,1618.660,0,3.997,0,0.999,1221,1702,0.890,1.380,0.980,0,0,0,0,0,18,327,1,7,0
16-01 19:52:36,1.250,0.750,96.769,0,0,5243304,279836,188576,2292596,9149.829,1620.324,0,0,0,0,1165,1642,0.890,1.380,0.980,0,0,0,0,0,18,327,1,7,0
16-01 19:52:37,2.251,0.500,95.554,0.250,0,5243304,279836,188576,2292596,7667.336,1620.917,0,680.385,0,23.013,1281,1784,0.820,1.360,0.980,0,0,0,0,0,18,327,1,7,0
16-01 19:52:38,4.001,1.000,93.531,0.500,0,5243252,279836,188576,2292648,10859.547,1620.529,0,528.172,0,49.016,2066,3039,0.820,1.360,0.980,0,0,0,0,0,18,327,1,7,0
16-01 19:52:39,1.749,3.249,93.970,0,0,5232292,290784,188576,2292660,8338.320,1457.532,0,105494.095,0,602.806,2510,2954,0.820,1.360,0.980,0,0,1.000,0,0,18,327,1,7,0
16-01 19:52:40,1.751,0.750,96.537,0.250,0,5232028,291048,188576,2292660,6722.543,1620.613,0,896.339,0,139.053,1361,1605,0.820,1.360,0.980,1,0,0,0,0,18,327,1,7,0
16-01 19:52:41,1.500,0.250,96.232,0,0,5232532,290544,188576,2292660,8905.333,1619.697,0,1563.707,0,17.997,1322,1796,0.820,1.360,0.980,0,0,2.000,0,0,18,327,1,7,0
16-01 19:52:42,1.750,0.750,96.526,0,0,5232780,290296,188576,2292660,7315.961,1620.434,0,0,0,0,1156,1657,0.750,1.330,0.970,0,0,1.000,0,0,18,327,1,7,0
16-01 19:52:43,2.999,1.000,94.457,0.250,0,5232848,290044,188576,2292844,8589.099,1619.265,63.971,0,1.000,0,1444,2023,0.750,1.330,0.970,0,0,0,0,0,18,327,1,7,0
16-01 19:52:44,2.000,0.750,96.503,0,0,5232844,290044,188576,2292848,8038.282,1620.057,0,124.004,0,15.001,1200,1740,0.750,1.330,0.970,0,0,0,0,0,18,327,1,7,0
16-01 19:52:45,1.500,0.750,96.251,0,0,5232844,290044,188576,2292848,6983.080,1662.019,0,0,0,0,1223,1773,0.750,1.330,0.970,0,0,0,0,0,18,327,1,7,0
16-01 19:52:46,1.750,0.500,96.251,0,0,5233032,289820,188576,2292884,9210.142,1620.025,0,0,0,0,1252,1708,0.750,1.330,0.970,0,0,0,0,0,18,327,1,7,0
16-01 19:52:47,2.001,0.750,96.276,0,0,5233032,289820,188576,2292884,7289.966,1620.437,0,4.001,0,1.000,1280,1729,0.690,1.310,0.970,0,0,0,0,0,18,327,1,7,0
16-01 19:52:48,3.748,1.499,92.713,0.250,0,5232728,289820,188576,2293188,5756.683,1457.413,31.987,411.834,1.000,39.984,2075,3144,0.690,1.310,0.970,0,0,0,0,0,18,327,1,7,0
16-01 19:52:49,2.501,1.500,94.774,0,0,5232796,289748,188576,2293188,9320.362,1694.429,0,2908.737,0,34.009,1755,2425,0.690,1.310,0.970,0,0,2.001,0,0,18,327,1,7,0
16-01 19:52:50,1.500,0.500,96.504,0.250,0,5232792,289748,188576,2293192,7401.277,1694.064,0,108.004,0,8.000,1278,1806,0.690,1.310,0.970,0,0,0,0,0,18,327,1,7,0
16-01 19:52:51,2.499,0.500,96.229,0,0,5232792,289748,188576,2293192,9000.040,1693.631,0,27.994,0,2.999,1308,1841,0.690,1.310,0.970,0,0,0,0,0,18,327,1,7,0
16-01 19:52:52,2.251,1.250,94.529,0.250,0,5226240,296296,188576,2293196,42214.731,1694.511,0,344.104,0,23.007,1530,1935,0.710,1.310,0.970,0,0,7.002,0,0,18,327,1,7,0
16-01 19:52:53,6.750,2.250,89.748,0,0,5242152,280208,188580,2293368,171571.437,3681.902,0,12.000,0,3.000,2277,2862,0.710,1.310,0.970,1,0,3.000,0,0,18,327,1,7,0
16-01 19:52:54,15.752,5.251,75.758,2.000,0,5244752,277460,188608,2293488,298355.658,13559.439,124.013,232.025,6.001,3.000,4940,5711,0.710,1.310,0.970,0,0,32.003,0,0,18,327,1,7,0
16-01 19:52:55,20.001,6.000,72.005,0.500,0,5244064,274288,188620,2297336,297974.896,9456.663,16.001,292.020,1.000,14.001,4014,3276,0.710,1.310,0.970,1,0,33.002,0,0,18,327,1,9,0
