"pcp-dstat 6.2.0 CSV Output"
"Author:","PCP team <pcp@groups.io> and Dag Wieers <dag@wieers.com>",,,,"URL:","https://pcp.io/ and http://dag.wieers.com/home-made/dstat/"
"Host:","ubuntu",,,,"User:","ubuntu"
"Cmdline:","dstat -tcmndrylpg --tcp --output /tmp/devstack_logs/dstat-csv.log",,,,"Date:","16 Jan 2026 20:15:58 UTC"
"system","total usage",,,,,"memory usage",,,,"net/total",,"dsk/total",,"io/total",,"system",,"load avg",,,"procs",,,"paging",,"tcp sockets",,,,
"time","total usage:usr","total usage:sys","total usage:idl","total usage:wai","total usage:stl","used","free","buf","cach","net/total:recv","net/total:send","dsk/total:read","dsk/total:writ","read","writ","int","csw","1m","5m","15m","run","blk","new","in","out","lis","act","syn","tim","clo"
16-01 20:15:58,,1005284,1691748,161228,4962976,,,,,,,1.430,0.980,0.540,2,0,,,,10,5,0,17,1
16-01 20:15:59,21.498,20.998,56.493,0.250,0,1031608,1664844,161340,4963344,23009.350,10884.747,0,2391.725,0,91.989,6800,5875,1.430,0.980,0.540,2,0,541.938,0,0,10,4,0,17,2
16-01 20:16:00,28.235,19.490,51.223,0.750,0,1031800,1644060,161560,4982888,191056.320,10815.244,0,3062.370,0,80.957,6557,5860,1.430,0.980,0.540,2,0,342.818,0,0,10,4,0,17,2
16-01 20:16:01,40.271,16.759,42.022,0.250,0,1044704,1612496,162604,4997104,6220.225,1620.840,0,1236.641,0,34.018,6232,6364,1.430,0.980,0.540,2,0,238.123,0,0,10,4,0,17,2
16-01 20:16:02,33.147,8.972,56.824,0.249,0,1165080,1473336,163028,5138112,8766.838,1614.996,15.951,1930.020,0.997,40.873,4327,3649,1.430,0.980,0.540,3,0,92.713,0,0,11,6,0,17,2
16-01 20:16:03,38.550,11.765,47.561,1.001,0,1191692,1421620,163832,5160312,8266.666,1622.093,0,2807.622,0,123.159,5025,3720,1.470,0.990,0.550,4,0,195.252,0,0,11,6,0,19,2
16-01 20:16:04,43.549,5.506,48.805,1.001,0,1241288,1346732,164944,5181364,8635.680,1621.818,32.036,4665.229,2.002,111.125,3301,2051,1.470,0.990,0.550,3,0,0,0,0,11,6,0,19,2
16-01 20:16:05,44.277,5.503,48.280,1.751,0,1287484,1278872,166080,5199464,8650.352,1621.003,0,9854.096,0,325.201,4260,4108,1.470,0.990,0.550,7,0,7.004,0,0,11,8,0,19,2
16-01 20:16:06,19.997,4.749,47.492,26.496,0,1267272,1310980,166928,5186860,31609.999,4341.313,0,32670.831,0,2739.567,12582,19260,1.470,0.990,0.550,4,0,40.994,0,0,11,6,0,19,0
16-01 20:16:07,42.004,10.501,37.253,8.251,0,1252004,1322704,167444,5189804,6998.654,1458.136,0,43888.101,0,3421.320,16342,28096,1.470,0.990,0.550,2,0,129.012,0,0,11,4,0,20,0
16-01 20:16:08,38.134,7.726,51.593,1.745,0,1285256,1282352,167648,5195928,40556.532,4014.778,0,12326.474,0,715.821,5968,4998,1.670,1.040,0.570,3,0,52.839,0,0,11,4,0,20,0
16-01 20:16:09,39.710,4.745,54.944,0.250,0,1310652,1256364,167656,5196332,11201.648,3648.303,0,1098.886,0,36.963,2781,1515,1.670,1.040,0.570,3,0,17.982,0,0,11,5,0,20,0
16-01 20:16:10,43.834,8.015,45.838,0.501,0,1255228,1303684,168292,5202436,12264.596,2698.191,0,6123.781,0,288.555,11121,18555,1.670,1.040,0.570,3,0,17.033,0,0,11,4,0,19,0
16-01 20:16:11,45.579,7.012,45.579,0.250,0,1277624,1280820,168344,5202744,21260.789,1708.957,0,2247.890,0,58.101,10755,17763,1.670,1.040,0.570,2,0,13.023,0,0,11,4,0,19,0
16-01 20:16:12,32.502,20.001,47.252,0,0,1158592,1414252,168400,5190040,9167.468,1620.083,0,652.033,0,29.001,5657,4420,1.670,1.040,0.570,3,0,379.019,0,0,11,4,0,19,0
16-01 20:16:13,35.195,20.717,43.182,0,0,1132224,1440672,168404,5190552,10521.409,1703.314,0,39.937,0,9.984,6149,6132,1.700,1.060,0.570,2,0,440.306,0,0,11,4,0,19,0
16-01 20:16:14,38.248,14.999,45.247,0,0,1182140,1390712,168412,5190608,27890.321,1619.902,0,4.000,0,1.000,5752,5869,1.700,1.060,0.570,4,0,243.985,0,0,11,5,0,19,0
16-01 20:16:15,46.242,5.249,46.242,2.250,0.250,1233540,1339200,168424,5190708,8709.422,1457.736,0,21620.084,0,389.929,3527,1266,1.700,1.060,0.570,3,0,0,0,0,11,5,0,19,0
16-01 20:16:16,42.212,8.243,48.706,0,0,1259420,1312868,168440,5191140,6173.409,1618.534,0,339.692,0,39.964,2784,1501,1.700,1.060,0.570,4,0,0.999,0,0,11,5,0,19,0
16-01 20:16:17,26.249,9.000,63.497,0,0.250,1291380,1278568,168524,5193468,11820.440,1619.923,0,3035.856,0,110.995,5655,6254,1.700,1.060,0.570,0,0,123.994,0,0,11,4,0,19,0
16-01 20:16:18,21.270,4.754,72.817,0.250,0,1355280,1214636,168532,5193468,9431.693,1663.533,0,448.413,0,25.023,2243,1745,1.640,1.060,0.580,1,0,22.020,0,0,11,4,0,19,0
16-01 20:16:19,23.248,2.500,73.992,0,0,1383252,1186660,168532,5193472,7348.221,1619.828,0,0,0,0,1775,1127,1.640,1.060,0.580,1,0,0,0,0,11,4,0,19,0
16-01 20:16:20,23.496,3.000,71.238,0.750,0,1394828,1174764,168600,5193708,15565.426,1619.732,0,13313.799,0,227.962,3988,4475,1.640,1.060,0.580,1,0,1.000,0,0,11,4,0,21,0
16-01 20:16:21,19.757,5.752,72.527,1.000,0,1390096,1179192,168896,5193716,7548.767,1620.594,372.136,2580.946,20.007,148.054,2723,2266,1.640,1.060,0.580,1,0,42.015,0,0,11,4,0,21,0
16-01 20:16:22,19.255,1.500,78.022,0,0,1405332,1163608,168896,5194004,46329.860,4010.113,0,3625.006,0,118.033,2220,1502,1.640,1.060,0.580,1,0,1.000,0,0,11,11,0,15,0
16-01 20:16:23,17.760,2.501,75.543,3.752,0,1408736,1159672,168944,5194372,12718.173,7211.067,268.151,1184.668,66.037,33.019,2396,2528,1.590,1.060,0.580,1,0,2.001,0,0,11,28,0,16,0
16-01 20:16:24,21.256,5.502,73.272,0,0,1425772,1142624,168944,5194376,41214.148,1620.478,0,0,0,0,2265,1559,1.590,1.060,0.580,2,0,43.013,0,0,11,28,0,16,0
16-01 20:16:25,16.738,2.748,79.444,0.250,0,1424984,1143392,168948,5194392,16086.713,8476.053,0,20929.315,0,86.939,2144,1714,1.590,1.060,0.580,2,0,0,0,0,11,28,0,17,0
16-01 20:16:26,32.998,11.749,54.247,0,0,1451608,1116752,168948,5194408,9401.533,1619.920,0,11.999,0,3.000,3819,2457,1.590,1.060,0.580,2,0,156.992,0,0,11,28,0,17,0
16-01 20:16:27,34.993,3.749,60.238,0.250,0,1493472,1074880,168948,5194416,14536.218,10608.969,0,2259.568,0,11.998,2934,2264,1.590,1.060,0.580,1,0,0,0,0,11,30,0,17,0
16-01 20:16:28,35.798,17.524,45.311,0,0,1415872,1152240,168968,5194636,19487.321,11175.094,0,1045.412,0,42.057,7117,8917,1.470,1.040,0.580,6,0,367.496,0,0,11,28,0,18,0
16-01 20:16:29,81.110,19.217,0,0,0,1569916,998124,168976,5194668,7335.332,1617.207,0,179.690,0,11.979,5265,3487,1.470,1.040,0.580,6,0,210.636,0,0,11,28,0,18,0
16-01 20:16:30,85.706,9.523,4.761,0,0,1723768,844232,168976,5194700,31107.640,23984.548,0,461.106,0,16.038,5610,4582,1.470,1.040,0.580,4,0,0,0,0,11,34,0,16,0
16-01 20:16:31,69.746,11.999,17.249,0,0,1574972,992776,168992,5194936,32248.086,24516.545,0,691.959,0,72.996,8339,13133,1.470,1.040,0.580,2,0,212.987,0,0,11,28,0,22,0
16-01 20:16:32,20.192,7.229,71.795,0,0,1485164,1082576,168992,5194944,5932.085,1657.274,0,191.454,0,8.974,2561,2060,1.470,1.040,0.580,1,0,96.724,0,0,11,28,0,22,0
16-01 20:16:33,15.040,1.755,82.220,0.251,0,1470664,1097064,168992,5194956,14963.020,8334.291,0,212.569,0,17.046,2572,2924,1.430,1.040,0.580,0,0,0,0,0,11,29,0,22,0
16-01 20:16:34,19.223,6.990,73.146,0.499,0,1430192,1137524,169000,5194960,9927.936,1815.428,0,619.123,0,39.943,2784,2151,1.430,1.040,0.580,1,0,67.904,0,0,11,28,0,23,0
16-01 20:16:35,18.487,4.497,76.195,0,0,1436336,1131388,169000,5194964,11292.804,6094.577,0,93112.423,0,292.788,2504,1816,1.430,1.040,0.580,0,0,0,0,0,11,29,0,23,0
16-01 20:16:36,12.021,11.269,74.377,0,0,1412488,1155200,169004,5194996,12056.601,4122.043,0,1995.410,0,20.034,5088,5047,1.430,1.040,0.580,1,0,341.584,0,0,11,28,0,24,0
16-01 20:16:37,44.273,31.516,24.262,0.250,0,1478556,1089092,169004,5195036,8348.245,1620.824,0,2185.111,0,90.046,6339,5289,1.430,1.040,0.580,5,0,698.355,0,0,11,28,0,24,0
16-01 20:16:38,88.367,9.735,1.248,0,0,1656068,911568,169004,5195040,17604.485,11788.245,0,191.711,0,9.985,5198,2746,1.710,1.100,0.600,2,0,0,0,0,11,32,0,24,0
16-01 20:16:39,67.348,8.012,23.534,0.250,0,1664480,902760,169036,5195404,44239.237,35901.130,0,773.123,0,61.089,8430,13375,1.710,1.100,0.600,3,0,30.044,0,0,11,31,0,24,0
16-01 20:16:40,77.483,20.745,1.750,0,0,1585964,981192,169048,5195444,12248.305,6634.540,0,659.855,0,51.989,6397,6843,1.710,1.100,0.600,7,0,279.938,0,0,11,28,0,25,0
16-01 20:16:41,87.915,9.741,2.498,0,0,1712040,854976,169048,5195584,18333.347,10922.483,0,195.811,0,9.990,5095,3110,1.710,1.100,0.600,6,0,0,0,0,11,32,0,25,0
16-01 20:16:42,76.329,8.008,14.265,0,0,1752968,813928,169068,5195680,51352.391,41568.219,0,728.758,0,44.046,8535,13720,1.710,1.100,0.600,5,0,0,0,0,11,33,0,26,0
16-01 20:16:43,57.958,17.487,24.482,0,0,1502628,1064068,169080,5195868,25234.685,15314.885,0,2014.538,0,137.900,6619,8745,1.820,1.140,0.610,2,0,297.784,0,0,11,28,0,30,0
16-01 20:16:44,37.007,4.251,58.011,0,0.250,1511616,1055072,169080,5195876,13597.652,7825.526,0,144.028,0,6.001,2594,1622,1.820,1.140,0.610,3,0,0,0,0,11,30,0,30,0
16-01 20:16:45,33.030,7.006,59.054,0,0,1455472,1111044,169084,5196044,22300.330,13878.653,0,216.197,0,22.020,5002,6363,1.820,1.140,0.610,1,0,120.109,0,0,11,28,0,32,0
16-01 20:16:46,55.497,17.749,26.499,0,0,1529184,1037272,169084,5196072,7659.626,1551.924,0,319.984,0,14.999,4854,3025,1.820,1.140,0.610,4,0,258.987,0,0,11,28,0,32,0
16-01 20:16:47,49.596,4.985,44.612,0,0,1571892,994452,169084,5196148,24918.875,20307.148,0,139.568,0,7.975,4172,4976,1.820,1.140,0.610,2,0,0,0,0,11,31,0,31,0
16-01 20:16:48,56.423,19.309,23.572,0.251,0,1466200,1100064,169096,5196216,20568.028,11151.172,0,862.643,0,70.215,6468,7594,1.830,1.150,0.620,5,0,258.793,0,0,11,28,0,32,0
16-01 20:16:49,72.969,7.497,18.742,0,0,1596700,969552,169096,5196228,19858.430,12660.536,0,239.896,0,18.992,4674,2618,1.830,1.150,0.620,3,0,0,0,0,11,32,0,32,0
16-01 20:16:50,63.466,7.746,27.985,0.250,0,1577316,988840,169108,5196312,38459.602,31154.477,0,363.807,0,33.982,8062,12410,1.830,1.150,0.620,6,0,68.963,0,0,11,28,0,35,0
16-01 20:16:51,61.313,17.768,20.271,0.501,0,1539832,1026352,169156,5196340,8705.995,1621.675,0,9401.714,0,572.592,5478,3455,1.830,1.150,0.620,3,0,255.264,0,0,11,28,0,31,0
16-01 20:16:52,46.705,4.995,47.454,0.250,0,1559596,1006496,169156,5196432,59193.828,19169.485,0,167.838,0,10.989,4817,4677,1.830,1.150,0.620,2,0,0,0,0,11,31,0,31,0
16-01 20:16:53,56.551,18.267,24.522,0,0,1472872,1093012,169172,5196624,22202.158,13073.870,0,1617.469,0,69.063,6562,8258,2.010,1.200,0.640,3,0,299.272,0,0,11,28,0,33,0
16-01 20:16:54,53.653,5.490,40.178,0,0,1539208,1026536,169176,5196760,55469.970,13179.234,0,143.741,0,7.986,3788,2473,2.010,1.200,0.640,3,0,0,0,0,11,31,0,33,0
16-01 20:16:55,52.025,13.256,33.766,0.250,0,1472208,1093212,169180,5197080,23543.432,17946.714,0,272.132,0,31.015,7454,9197,2.010,1.200,0.640,7,0,237.115,0,0,11,28,0,33,0
16-01 20:16:56,63.688,10.989,25.225,0,0,1550900,1014512,169180,5197088,8186.003,4199.897,0,375.633,0,12.987,3857,1808,2.010,1.200,0.640,1,0,50.950,0,0,11,30,0,33,0
16-01 20:16:57,44.326,4.007,50.086,0,0,1549376,1015812,169204,5197288,35130.474,24579.311,0,340.586,0,33.057,6316,8795,2.010,1.200,0.640,3,0,0,0,0,11,28,0,34,1
16-01 20:16:58,62.679,13.485,23.723,0,0,1511172,1053996,169212,5197300,7252.739,1750.007,0,195.777,0,8.990,4242,2273,2.090,1.230,0.650,3,0,111.873,0,0,11,28,0,35,0
16-01 20:16:59,50.432,5.493,42.692,0,0,1533488,1031648,169216,5197328,25232.761,18351.099,0,139.810,0,7.989,4420,4106,2.090,1.230,0.650,3,0,0,0,0,11,31,0,35,0
16-01 20:17:00,54.164,22.067,23.822,0.251,0,1491880,1073156,169240,5197404,17013.661,10589.153,0,1163.533,0,97.295,7370,8828,2.090,1.230,0.650,6,0,463.407,0,0,11,28,0,37,0
16-01 20:17:01,80.500,19.250,0,0,0,1614912,950096,169244,5197432,10574.027,3428.009,4.000,280.001,1.000,14.000,5665,4617,2.090,1.230,0.650,6,0,407.001,0,0,11,29,0,37,0
16-01 20:17:02,81.497,16.999,1.500,0,0,1735108,829696,169268,5197608,35567.815,29663.012,0,379.987,0,25.999,7167,7424,2.090,1.230,0.650,7,0,415.986,0,0,11,32,0,37,0
16-01 20:17:03,78.397,19.225,1.748,0,0,1715100,849416,169284,5197880,38206.002,32985.833,0,515.326,0,46.939,8211,10370,2.320,1.290,0.680,5,0,347.545,0,0,11,29,0,38,0
16-01 20:17:04,81.096,16.770,2.253,0,0,1630288,934184,169292,5197916,15359.098,8182.642,0,252.297,0,20.024,5611,4150,2.320,1.290,0.680,5,0,224.264,0,0,11,30,0,38,0
16-01 20:17:05,77.430,7.493,14.737,0,0,1693304,870972,169292,5198112,39580.058,30792.038,0,147.866,0,7.993,7313,9218,2.320,1.290,0.680,5,0,0,0,0,11,32,0,39,0
16-01 20:17:06,55.054,19.269,24.524,0,0,1488504,1075684,169292,5198200,31257.427,24536.885,0,268.261,0,13.013,8353,12046,2.320,1.290,0.680,4,0,497.484,0,0,11,28,0,43,0
16-01 20:17:07,27.252,32.752,38.752,0,0,1480644,1083508,169292,5198236,10491.605,1620.093,0,180.010,0,16.001,7045,15019,2.320,1.290,0.680,5,0,869.050,0,0,11,28,0,41,0
16-01 20:17:08,74.052,19.697,5.735,0,0,1577272,986852,169292,5198264,11477.318,5597.037,0,2960.087,0,113.696,5204,3349,2.610,1.370,0.710,5,0,272.272,0,0,11,30,0,41,0
16-01 20:17:09,63.650,6.766,29.570,0,0,1611864,952088,169320,5198408,34652.732,24926.793,0,228.539,0,27.064,5747,7687,2.610,1.370,0.710,7,0,0,0,0,11,30,0,42,1
16-01 20:17:10,68.526,20.508,10.754,0,0,1549528,1014324,169332,5198496,15291.775,7186.714,0,452.171,0,43.016,6555,6420,2.610,1.370,0.710,5,0,268.101,0,0,11,28,0,45,0
16-01 20:17:11,74.695,7.494,17.487,0,0,1603304,960524,169336,5198516,20263.977,15842.255,0,199.852,0,8.993,5085,3776,2.610,1.370,0.710,4,0,0,0,0,11,32,0,45,0
16-01 20:17:12,54.476,6.497,38.233,0,0,1604564,959012,169340,5198764,45572.733,37371.381,0,159.929,0,7.996,10507,16404,2.610,1.370,0.710,3,0,0,0,0,11,32,0,45,0
16-01 20:17:13,64.221,11.245,22.990,0.500,0,1510300,1053028,169368,5198984,36395.685,25069.762,0,1323.407,0,61.972,9379,14044,2.810,1.430,0.730,5,0,89.960,0,0,11,28,0,45,0
16-01 20:17:14,79.893,11.734,8.239,0,0,1594920,968396,169372,5198992,15603.150,7494.985,0,159.786,0,10.985,4725,2561,2.810,1.430,0.730,3,0,29.960,0,0,11,30,0,45,0
16-01 20:17:15,59.669,6.017,33.595,0,0,1610800,952296,169376,5199208,41584.861,32715.724,0,140.398,0,10.028,7643,11975,2.810,1.430,0.730,2,0,0,0,0,11,32,0,45,0
16-01 20:17:16,55.691,9.740,33.715,0,0,1581396,981428,169376,5199476,48214.246,38363.615,0,151.840,0,11.987,11395,17931,2.810,1.430,0.730,3,0,76.919,0,0,11,29,0,48,0
16-01 20:17:17,79.341,17.770,3.254,0,0,1549368,1013412,169376,5199500,14744.888,4612.283,0,280.321,0,42.048,5474,3742,2.810,1.430,0.730,3,0,190.218,0,0,11,28,1,49,0
16-01 20:17:18,62.224,6.747,29.737,0,0,1586988,975624,169380,5199664,29767.415,23914.889,0,123.948,0,7.997,5650,6158,2.820,1.460,0.740,2,0,0,0,0,11,32,0,49,0
16-01 20:17:19,60.729,11.746,26.991,0,0,1605336,957168,169380,5199768,37068.109,29255.826,0,211.926,0,15.994,10046,15241,2.820,1.460,0.740,4,1,67.976,0,0,11,29,0,51,0
16-01 20:17:20,79.809,10.758,8.757,0.250,0,1581648,980648,169420,5199932,15092.235,9475.054,0,320.238,0,34.025,5116,3752,2.820,1.460,0.740,3,0,60.045,0,0,11,30,0,51,0
16-01 20:17:21,69.230,10.247,20.244,0,0,1583364,978888,169444,5199952,23680.313,15486.627,0,539.848,0,72.979,5680,5180,2.820,1.460,0.740,5,0,119.966,0,0,11,30,0,53,0
16-01 20:17:22,70.512,9.252,19.503,0,0,1639956,922108,169444,5200160,65578.915,24955.154,0,204.034,0,14.002,6572,9788,2.820,1.460,0.740,3,0,0,0,0,11,31,0,53,0
16-01 20:17:23,60.872,13.721,23.950,0,0,1582888,979088,169456,5200200,39923.851,26997.097,0,291.386,0,26.943,7136,10727,3,1.520,0.760,7,0,144.695,0,0,11,34,0,52,0
16-01 20:17:24,76.420,12.778,11.275,0,0,1547232,1014716,169460,5200228,51371.275,9132.315,0,148.330,0,9.020,5077,3406,3,1.520,0.760,4,0,86.192,0,0,11,34,0,54,0
16-01 20:17:25,71.475,7.997,19.493,0,0,1583032,978740,169460,5200404,31972.933,21435.581,0,119.958,0,7.997,5851,6433,3,1.520,0.760,3,0,67.976,0,0,11,34,0,56,0
16-01 20:17:26,72.026,11.004,16.256,0,0,1558036,1003664,169472,5200460,20548.437,14887.388,0,348.126,0,34.012,6657,8317,3,1.520,0.760,4,0,73.026,0,0,11,32,0,58,0
16-01 20:17:27,55.995,8.749,34.497,0.250,0,1492496,1069156,169484,5200492,19668.337,13942.821,0,491.958,0,38.997,5265,4746,3,1.520,0.760,3,0,82.993,0,0,11,32,0,60,0
16-01 20:17:28,52.681,12.234,34.704,0,0,1534248,1027224,169484,5200672,16077.854,9515.485,0,387.490,0,44.941,4622,4367,3.080,1.560,0.780,3,0,102.865,0,0,11,33,0,59,0
16-01 20:17:29,51.793,9.258,38.282,0,0,1571924,989376,169488,5200836,24714.491,17561.560,0,924.767,0,14.012,5125,5229,3.080,1.560,0.780,1,0,96.080,0,0,11,34,0,60,0
16-01 20:17:30,52.773,11.005,35.516,0.250,0,1546708,1014552,169488,5200876,23214.142,13893.070,0,180.079,0,9.004,6428,6567,3.080,1.560,0.780,3,0,86.038,0,0,11,33,0,62,0
16-01 20:17:31,49.877,7.482,41.398,0,0,1579024,982164,169496,5200936,19222.610,12689.716,0,207.488,0,15.961,4579,4407,3.080,1.560,0.780,1,0,85.789,0,0,11,34,0,63,0
16-01 20:17:32,32.518,3.502,62.785,0,0,1497464,1063520,169512,5201120,26492.838,16991.517,0,4122.309,0,178.100,5078,6990,3.080,1.560,0.780,3,0,7.004,0,0,11,33,0,57,0
16-01 20:17:33,38.832,11.775,48.853,0.251,0,1526084,1034876,169520,5201132,10650.423,2449.156,0,268.565,0,25.053,4051,3100,2.990,1.570,0.790,3,0,130.274,0,0,11,32,0,58,0
16-01 20:17:34,32.711,3.746,62.426,0.250,0,1548660,1012240,169524,5201184,18605.820,13761.595,0,211.748,0,14.982,3029,2978,2.990,1.570,0.790,4,0,0,0,0,11,34,0,58,0
16-01 20:17:35,36.445,10.734,51.672,0.250,0,1442140,1118588,169536,5201344,12163.738,6930.595,0,643.035,0,45.931,5460,5879,2.990,1.570,0.790,2,0,137.793,0,0,11,32,0,60,0
16-01 20:17:36,37.274,4.503,58.038,0,0,1492776,1067944,169536,5201352,19473.631,11201.266,0,208.135,0,19.012,3139,2463,2.990,1.570,0.790,3,0,1.001,0,0,11,34,0,59,0
16-01 20:17:37,32.490,7.248,57.982,0,0,1439312,1121356,169556,5201384,15841.980,8769.221,0,343.891,0,32.990,4690,5228,2.990,1.570,0.790,2,0,64.979,0,0,11,32,0,61,0
16-01 20:17:38,40.079,6.763,53.355,0,0,1521156,1039500,169564,5201388,10276.279,3862.622,0,140.277,0,9.018,2725,1398,2.910,1.570,0.800,1,0,0,0,0,11,33,0,61,0
16-01 20:17:39,32.672,3.991,62.352,0,0,1523628,1036984,169564,5201432,28801.547,19869.775,0,1620.149,0,158.623,4910,6187,2.910,1.570,0.800,2,0,0,0,0,11,33,0,62,0
16-01 20:17:40,39.606,8.272,51.388,0,0,1495132,1065452,169572,5201448,10249.456,2908.792,0,272.731,0,27.073,3515,2839,2.910,1.570,0.800,2,0,48.129,0,0,11,32,0,61,0
16-01 20:17:41,35.668,3.243,59.612,0.249,0,1513488,1046948,169576,5201592,21254.952,13239.448,0,147.659,0,9.977,3389,2805,2.910,1.570,0.800,3,0,0,0,0,11,34,0,61,0
16-01 20:17:42,29.059,10.020,59.620,0.501,0,1434024,1126340,169588,5201644,18040.431,12098.432,0,833.684,0,58.117,5914,7377,2.910,1.570,0.800,2,0,174.352,0,0,11,32,0,63,0
16-01 20:17:43,21.200,5.986,72.081,0,0,1483376,1076924,169592,5201700,11030.133,3581.601,0,155.635,0,8.979,2511,1785,2.760,1.560,0.800,1,0,107.747,0,0,11,33,0,63,0
16-01 20:17:44,15.539,2.506,80.952,0,0,1471988,1088292,169592,5201720,15810.372,9352.290,0,108.270,0,7.017,3024,3671,2.760,1.560,0.800,1,0,0,0,0,11,33,0,58,0
16-01 20:17:45,14.239,14.239,71.194,0,0,1442656,1117600,169604,5201732,7308.303,2534.025,0,283.779,0,27.978,4331,3443,2.760,1.560,0.800,2,0,283.779,0,0,11,32,0,59,0
16-01 20:17:46,18.758,2.501,78.283,0,0,1468608,1091640,169604,5201740,11251.715,4070.706,0,152.064,0,7.003,2021,1613,2.760,1.560,0.800,2,0,1.000,0,0,11,33,0,59,0
16-01 20:17:47,18.489,3.248,76.456,0.250,0,1436092,1124096,169616,5201788,16896.223,9936.250,0,155.910,0,14.991,3367,3830,2.760,1.560,0.800,1,0,9.994,0,0,11,32,0,60,0
16-01 20:17:48,20.468,5.242,73.134,0,0,1445092,1115092,169620,5201788,9031.693,1617.438,0,123.804,0,6.989,2066,1402,2.620,1.550,0.800,2,0,35.943,0,0,11,32,0,57,0
16-01 20:17:49,16.522,2.503,80.856,0,0,1441704,1118336,169620,5201932,17960.634,9899.026,0,432.569,0,1.001,2725,2999,2.620,1.550,0.800,2,0,0,0,0,11,33,0,57,0
16-01 20:17:50,15.260,7.005,75.051,0.250,0,1400796,1159124,169640,5202028,13930.390,7368.967,0,652.440,0,52.035,4721,5539,2.620,1.550,0.800,2,0,135.091,0,0,11,32,0,57,0
16-01 20:17:51,20.516,20.016,58.796,0,0,1398908,1160896,169648,5202128,9379.335,1621.268,0,452.354,0,29.023,6197,4985,2.620,1.550,0.800,2,0,491.384,0,0,11,32,0,59,0
16-01 20:17:52,44.406,6.237,48.149,0.249,0,1481400,1077140,169676,5203204,41606.313,1616.593,0,2171.424,0,176.628,3377,1891,2.620,1.550,0.800,2,0,1.996,0,0,11,32,0,56,0
16-01 20:17:53,37.065,7.012,43.326,10.518,0,1467000,1084216,170548,5209148,11132.441,1622.834,0,24218.293,0,2392.178,15693,22792,2.570,1.560,0.810,3,0,124.217,0,0,11,36,0,56,0
16-01 20:17:54,38.714,8.492,40.462,10.240,0,1468516,1080500,171292,5210496,44382.488,1618.486,0,45185.737,0,3899.353,22517,32753,2.570,1.560,0.810,4,0,44.958,0,0,11,36,0,56,0
16-01 20:17:55,45.807,6.258,45.807,1.752,0,1464256,1084708,171324,5210516,8842.916,1622.002,0,15318.910,0,938.158,5938,5242,2.570,1.560,0.810,3,0,8.010,0,0,11,32,0,56,0
16-01 20:17:56,40.744,6.499,44.743,6.749,0,1524944,1023460,171480,5210908,8293.751,1565.764,0,11282.302,0,1891.715,14783,20260,2.570,1.560,0.810,4,0,2.000,0,0,11,34,0,51,0
16-01 20:17:57,31.919,7.481,56.358,2.743,0,1513064,1035128,171564,5211032,6137.489,1615.916,0,10784.745,0,1058.325,8294,9885,2.570,1.560,0.810,3,0,100.745,0,0,11,32,0,51,0
16-01 20:17:58,22.748,4.000,71.245,1.000,0,1522384,1025708,171652,5211036,7776.434,1619.882,0,11871.135,0,620.955,3701,4278,2.520,1.570,0.810,3,0,0,0,0,11,32,0,51,0
16-01 20:17:59,23.001,3.000,73.505,0.250,0,1508688,1039380,171656,5211056,9426.613,1512.098,0,1344.087,0,82.005,2005,1364,2.520,1.570,0.810,2,0,3.000,0,0,11,32,0,51,0
16-01 20:18:00,21.973,3.995,72.910,0.250,0,1511248,1036816,171656,5211060,7129.222,1618.008,0,123.848,0,11.985,1890,1299,2.520,1.570,0.810,2,0,0,0,0,11,32,0,47,0
16-01 20:18:01,22.292,3.006,74.141,0,0.250,1497092,1050960,171656,5211072,9531.134,1623.088,0,0,0,0,1895,1167,2.520,1.570,0.810,1,0,3.006,0,0,11,32,0,47,0
16-01 20:18:02,21.498,4.749,72.992,0,0,1501552,1046500,171656,5211072,7064.235,1619.825,0,139.985,0,1.000,1848,1352,2.520,1.570,0.810,2,0,2.000,0,0,11,32,0,47,0
16-01 20:18:03,23.256,2.001,73.770,0,0,1496520,1051452,171656,5211144,10128.810,1620.449,0,0,0,0,1771,1098,2.400,1.560,0.810,3,0,1.000,0,0,11,32,0,47,0
16-01 20:18:04,21.745,3.999,73.734,0,0,1492668,1055304,171656,5211144,9376.912,1619.639,0,3.999,0,1.000,1842,1253,2.400,1.560,0.810,3,0,2.000,0,0,11,32,0,46,0
16-01 20:18:05,23.001,2.750,73.503,0,0,1470248,1077628,171656,5211232,6551.228,1566.055,0,188.007,0,2.000,1754,1144,2.400,1.560,0.810,1,0,1.000,0,0,11,32,0,46,0
16-01 20:18:06,22.250,3.500,73.000,0,0,1449828,1098012,171656,5211264,5949.023,1620.006,0,140.001,0,9.000,2060,1789,2.400,1.560,0.810,2,0,2.000,0,0,11,32,0,46,0
16-01 20:18:07,26.987,5.997,65.968,0.250,0,1466652,1081180,171660,5211264,8842.748,1511.273,0,319.846,0,21.989,3015,11431,2.400,1.560,0.810,3,0,37.982,0,0,11,32,0,47,0
16-01 20:18:08,22.797,3.006,73.653,0,0,1462360,1085448,171660,5211284,10944.745,1665.461,0,4.008,0,1.002,1790,1141,2.290,1.550,0.820,1,0,1.002,0,0,11,32,0,47,0
16-01 20:18:09,21.996,3.499,73.986,0,0,1457692,1090100,171660,5211300,8807.279,1619.684,0,0,0,0,1788,1224,2.290,1.550,0.820,1,0,0,0,0,11,32,0,41,0
16-01 20:18:10,21.698,3.741,73.824,0,0.249,1431440,1116340,171660,5211312,7874.276,1616.157,0,3.991,0,0.998,1878,1387,2.290,1.550,0.820,2,0,0.998,0,0,11,32,0,41,0
16-01 20:18:11,21.550,4.260,73.169,0,0,1424608,1123068,171660,5211412,8733.215,1623.758,0,236.548,0,51.118,2200,1370,2.290,1.550,0.820,1,0,30.070,0,0,11,32,0,41,0
16-01 20:18:12,8.506,21.765,69.046,0,0,1424464,1123148,171660,5211472,8879.947,1621.086,0,1084.726,0,13.009,6617,5280,2.290,1.550,0.820,1,0,584.391,0,0,11,32,0,41,0
16-01 20:18:13,8.501,21.002,69.256,0,0,1421316,1126240,171660,5211524,5910.540,1566.143,0,408.037,0,10.001,5949,4464,2.100,1.520,0.810,1,0,431.039,0,0,11,32,0,37,0
16-01 20:18:14,12.733,15.728,70.903,0,0,1418900,1128628,171660,5211544,10769.214,1617.779,0,0,0,0,4962,3780,2.100,1.520,0.810,1,0,330.546,0,0,11,32,0,37,0
16-01 20:18:15,22.242,3.249,73.723,0,0,1459000,1088544,171660,5211528,8880.806,1511.456,0,0,0,0,1817,1234,2.100,1.520,0.810,1,0,1.999,0,0,11,32,0,37,0
16-01 20:18:16,22.707,2.745,73.612,0,0,1457672,1089852,171660,5211548,6329.104,1616.961,0,674.732,0,95.820,2205,1732,2.100,1.520,0.810,1,0,1.996,0,0,11,32,0,37,0
16-01 20:18:17,21.990,4.998,72.216,0.250,0,1522504,1025024,171660,5211528,9731.473,1619.247,0,339.842,0,22.989,2121,1378,2.100,1.520,0.810,2,0,7.996,0,0,11,32,0,33,0
16-01 20:18:18,22.255,3.251,73.767,0,0,1498748,1048772,171660,5211536,8213.843,1620.364,0,20.004,0,1.000,1856,1270,2.010,1.510,0.810,4,0,1.000,0,0,11,32,0,33,0
16-01 20:18:19,22.264,3.502,73.546,0,0,1520236,1027284,171660,5211536,9076.684,1663.041,0,0,0,0,1906,1260,2.010,1.510,0.810,1,0,2.001,0,0,11,32,0,33,0
16-01 20:18:20,22.508,3.251,73.526,0,0,1493088,1054440,171660,5211528,9057.228,1620.578,0,56.020,0,2.001,1830,1222,2.010,1.510,0.810,3,0,1.000,0,0,11,32,0,33,0
16-01 20:18:21,23.005,3.501,74.017,0,0,1520420,1027108,171660,5211528,5848.318,1620.365,0,20.005,0,1.000,1802,1141,2.010,1.510,0.810,1,0,2.000,0,0,11,32,0,31,0
16-01 20:18:22,22.259,3.001,73.530,0,0,1485916,1061604,171660,5211536,44245.959,1566.636,0,64.026,0,3.001,1938,1285,2.010,1.510,0.810,2,0,1.000,0,0,11,32,0,31,0
16-01 20:18:23,23.253,3.000,72.759,0.500,0,1520100,1027420,171660,5211536,7053.867,1512.186,0,3468.426,0,249.031,2019,1112,1.930,1.510,0.810,3,0,2.000,0,0,11,32,0,31,0
16-01 20:18:24,21.730,3.247,73.683,0,0,1478276,1069252,171660,5211528,45981.106,1618.525,0,0,0,0,1886,1220,1.930,1.510,0.810,2,0,0.999,0,0,11,32,0,31,0
16-01 20:18:25,22.980,2.748,73.687,0,0,1512728,1034776,171660,5211552,5379.416,1618.621,0,31.973,0,1.998,1775,1088,1.930,1.510,0.810,2,0,1.998,0,0,11,32,0,25,0
16-01 20:18:26,22.022,4.004,73.074,0,0,1482488,1065096,171664,5211472,9464.620,1621.648,0,204.208,0,10.010,2157,1684,1.930,1.510,0.810,2,0,2.002,0,0,11,32,0,25,0
16-01 20:18:27,22.974,2.997,73.167,0.250,0,1526384,1021188,171668,5211480,6610.500,1618.164,0,467.470,0,29.966,1799,1104,1.930,1.510,0.810,2,0,1.998,0,0,11,32,0,25,0
16-01 20:18:28,21.521,4.004,73.823,0,0,1483592,1063912,171668,5211548,7171.088,1621.603,0,304.301,0,4.004,1848,1332,1.860,1.500,0.820,2,0,1.001,0,0,11,32,0,25,0
16-01 20:18:29,22.006,3.501,73.520,0,0,1464776,1082736,171668,5211540,5768.569,1620.441,0,12.003,0,1.000,1785,1281,1.860,1.500,0.820,1,0,1.000,0,0,11,32,0,18,0
16-01 20:18:30,22.798,3.006,74.658,0,0,1506224,1041268,171668,5211560,10299.778,1623.433,0,20.042,0,1.002,1786,1128,1.860,1.500,0.820,1,0,2.004,0,0,11,32,0,18,0
16-01 20:18:31,21.450,3.741,73.577,0,0,1490368,1057144,171668,5211540,8293.496,1496.481,0,0,0,0,1809,1267,1.860,1.500,0.820,2,0,0.998,0,0,11,32,0,18,0
16-01 20:18:32,22.766,3.002,73.551,0,0,1478756,1068736,171668,5211560,9095.294,1621.122,0,276.191,0,41.028,1873,1208,1.860,1.500,0.820,1,0,1.001,0,0,11,32,0,18,0
16-01 20:18:33,22.494,3.749,73.480,0,0,1510264,1037236,171668,5211552,7641.892,1619.553,0,115.968,0,2.999,1820,1184,1.790,1.490,0.820,3,0,1.999,0,0,11,32,0,13,0
16-01 20:18:34,12.521,16.779,69.619,0,0,1464920,1082492,171668,5211608,11197.152,1622.776,0,204.350,0,10.017,5255,4018,1.790,1.490,0.820,1,0,410.702,0,0,11,32,0,13,0
16-01 20:18:35,20.518,4.754,74.316,0,0,1517408,1029984,171668,5211628,9951.848,1621.442,0,32.028,0,2.002,2091,1611,1.790,1.490,0.820,1,0,50.044,0,0,11,32,0,13,0
16-01 20:18:36,23.454,2.495,73.108,0.250,0,1441392,1105752,171668,5211872,6923.538,1616.856,0,163.682,0,8.983,1950,1331,1.790,1.490,0.820,1,0,9.981,0,0,11,32,0,13,0
16-01 20:18:37,22.262,3.502,73.539,0,0.250,1474988,1072156,171668,5211872,6012.156,1620.851,0,384.202,0,22.012,1814,1302,1.790,1.490,0.820,2,0,0,0,0,11,32,0,10,0
16-01 20:18:38,16.493,12.495,69.720,0.250,0,1462456,1084552,171668,5212004,9170.091,1619.310,39.983,179.923,1.999,28.988,4060,2965,1.730,1.480,0.820,1,0,272.884,0,0,11,32,0,10,0
16-01 20:18:39,8.264,22.039,69.121,0,0,1445912,1101068,171668,5212032,8687.222,1460.559,0,120.211,0,5.009,6034,4466,1.730,1.480,0.820,2,0,434.762,0,0,11,32,0,10,0
16-01 20:18:40,8.000,22.501,68.004,0,0,1422196,1124756,171668,5212060,9110.532,1620.095,0,212.012,0,6.000,6494,5088,1.730,1.480,0.820,1,0,525.031,0,0,11,32,0,10,0
16-01 20:18:41,8.490,22.473,68.168,0,0,1410824,1136088,171668,5212096,7493.033,1618.064,0,1170.599,0,12.984,6543,5111,1.730,1.480,0.820,2,0,559.331,0,0,11,32,0,7,0
16-01 20:18:42,8.255,22.263,68.289,0,0,1396948,1149920,171668,5212124,9318.276,1620.918,0,1312.743,0,15.008,6476,5002,1.730,1.480,0.820,1,0,531.301,0,0,11,32,0,7,0
16-01 20:18:43,8.505,20.512,69.292,0,0,1389024,1157788,171668,5212160,5776.503,1620.983,0,1236.750,0,40.024,6626,5310,1.670,1.470,0.820,1,0,566.343,0,0,11,32,0,7,0
16-01 20:18:44,8.498,20.996,69.737,0,0,1374004,1172772,171668,5212196,6957.661,1619.688,0,215.958,0,7.998,6206,4795,1.670,1.470,0.820,2,0,476.908,0,0,11,32,0,7,0
16-01 20:18:45,9.001,22.504,68.011,0,0,1377268,1169472,171668,5212232,8850.414,1620.259,0,256.041,0,14.002,6450,5040,1.670,1.470,0.820,1,0,529.085,0,0,11,32,0,4,0
16-01 20:18:46,8.745,20.987,68.958,0,0,1348860,1197836,171676,5212268,8015.153,1712.964,0,307.814,0,25.984,6466,5509,1.670,1.470,0.820,1,0,501.697,0,0,11,32,0,4,0
16-01 20:18:47,36.682,28.447,33.687,0.499,0,1399020,1147492,171724,5212348,4960.778,1455.295,0,1417.365,0,95.822,7409,6922,1.670,1.470,0.820,3,0,751.603,0,0,11,32,0,10,0
16-01 20:18:48,66.022,10.003,24.008,0,0,1610748,934428,171728,5213536,8984.951,1620.532,0,208.068,0,8.003,3706,1540,1.770,1.500,0.830,5,0,2.001,0,0,11,32,0,10,0
16-01 20:18:49,52.301,9.509,25.525,10.761,0,1631764,902520,172472,5222668,5914.814,1621.594,372.366,57376.402,3.003,3962.896,20852,29874,1.770,1.500,0.830,2,1,87.086,0,0,11,36,0,11,0
16-01 20:18:50,38.996,13.499,32.996,11.999,0,1602608,920748,173036,5232616,8763.029,1619.821,0,75183.669,0,5375.404,27272,39269,1.770,1.500,0.830,2,1,158.982,0,0,11,36,0,11,0
16-01 20:18:51,31.749,6.500,25.499,34.999,0,1625644,892020,173212,5237944,13936.443,6660.734,0,58717.653,0,4292.828,19113,27788,1.770,1.500,0.830,5,0,32.999,0,0,11,37,0,11,0
16-01 20:18:52,43.548,10.011,30.784,12.264,0,1618376,891052,173808,5245348,44942.696,5932.560,0,72748.443,0,5689.291,25330,39024,1.770,1.500,0.830,3,0,106.117,0,0,11,36,0,12,0
16-01 20:18:53,37.750,15.500,28.500,16.750,0,1574668,927552,174248,5251828,8539.968,1619.994,311.999,35119.868,5.000,2843.989,15687,23707,2.270,1.610,0.870,2,1,251.999,0,0,11,34,0,12,0
16-01 20:18:54,44.125,17.451,24.930,11.468,0,1588896,907612,174544,5257052,50552.177,8446.137,59.831,73316.860,0.997,4991.897,25938,39324,2.270,1.610,0.870,9,0,174.507,0,0,11,35,0,10,0
16-01 20:18:55,34.105,14.043,37.365,13.792,0,1590100,903608,174696,5259516,15987.013,11452.110,1392.268,43594.652,25.077,3441.551,19931,30251,2.270,1.610,0.870,1,0,142.437,0,0,11,35,0,10,0
16-01 20:18:56,33.234,13.244,39.731,11.245,0.250,1555140,935628,174884,5262148,12957.817,4283.956,411.804,53046.690,9.995,4500.853,23246,36224,2.270,1.610,0.870,1,1,161.923,0,0,11,34,0,10,0
16-01 20:18:57,35.743,6.249,44.491,11.998,0,1561412,928864,175216,5262288,13510.257,6659.648,0,48590.133,0,4398.107,21513,32686,2.270,1.610,0.870,2,0,32.993,0,0,11,35,0,10,0
16-01 20:18:58,31.749,7.250,46.748,11.250,0,1560516,928640,175400,5263200,19904.342,10031.668,0,49938.348,0,4398.855,23569,35443,2.250,1.610,0.880,5,0,29.999,0,0,11,35,0,10,0
16-01 20:18:59,36.247,8.999,43.746,9.499,0,1536884,949856,175488,5265472,14765.604,8387.207,0,43671.872,0,3921.629,21555,31862,2.250,1.610,0.880,2,1,115.989,0,0,11,36,0,11,0
16-01 20:19:00,36.473,8.743,38.971,12.740,0,1553320,930200,175548,5268552,6105.403,1618.781,0,50158.237,0,4641.505,23856,34001,2.250,1.610,0.880,3,1,56.957,0,0,11,36,0,11,0
16-01 20:19:01,31.035,7.008,47.804,12.014,0,1562196,917640,175724,5271928,17189.431,9826.107,0,61765.819,0,5033.690,22755,36849,2.250,1.610,0.880,0,1,63.071,0,0,11,37,0,11,0
16-01 20:19:02,31.508,7.502,47.013,12.003,0,1558512,917128,175820,5275920,20276.429,12362.310,0,68242.272,0,5353.433,27228,42143,2.250,1.610,0.880,4,0,93.025,0,0,11,37,0,11,0
16-01 20:19:03,35.749,9.750,40.749,11.500,0,1526944,946272,175888,5278212,10881.673,2084.937,0,65202.042,0,5082.847,24628,36731,2.230,1.620,0.880,4,1,86.997,0,0,11,36,0,11,0
16-01 20:19:04,32.228,7.994,43.970,12.491,0,1564744,913640,175948,5272984,13927.366,6656.395,0,58303.668,0,5021.526,25323,36975,2.230,1.620,0.880,4,2,17.988,0,0,11,37,0,11,0
16-01 20:19:05,35.752,6.250,51.253,5.500,0,1483160,994616,175980,5273552,21125.302,11177.689,0,25221.554,0,2100.129,13515,19875,2.230,1.620,0.880,3,0,55.003,0,0,11,33,0,12,0
16-01 20:19:06,18.975,12.483,65.662,1.498,0,1411344,1066356,176000,5273608,13349.142,7061.553,0,11864.128,0,674.098,6685,7960,2.230,1.620,0.880,2,0,239.679,0,0,11,32,0,13,0
16-01 20:19:07,18.995,3.249,75.732,0.250,0,1460028,1017660,176004,5274128,9282.744,3974.034,0,1007.755,0,63.984,2142,2026,2.230,1.620,0.880,6,0,27.993,0,0,11,33,0,13,0
16-01 20:19:08,22.555,6.265,70.422,0.251,0,1432432,1045232,176004,5273632,12898.530,8076.743,0,3360.214,0,203.497,4404,13852,2.130,1.610,0.880,1,0,42.103,0,0,11,32,0,15,0
16-01 20:19:09,22.197,3.492,73.823,0,0,1439420,1038244,176004,5273632,9646.924,1658.034,0,251.399,0,2.993,1800,1089,2.130,1.610,0.880,2,0,0,0,0,11,32,0,15,0
16-01 20:19:10,15.026,2.504,81.139,0.250,0,1408904,1068788,176004,5273640,14372.674,8355.344,0,276.475,0,25.043,2488,2652,2.130,1.610,0.880,1,0,11.019,0,0,11,32,0,15,0
16-01 20:19:11,19.513,6.504,73.799,0,0,1467216,1010476,176004,5273640,8882.931,1621.082,0,0,0,0,2163,1448,2.130,1.610,0.880,1,0,50.033,0,0,11,32,0,15,0
16-01 20:19:12,17.704,2.244,79.791,0,0,1457420,1019916,176004,5273996,17093.294,9369.495,0,35.906,0,0.997,2756,2940,2.130,1.610,0.880,2,0,0,0,0,11,33,0,15,0
16-01 20:19:13,18.004,5.751,74.515,0,0,1382528,1094792,176004,5274012,13850.772,4174.836,0,0,0,0,3020,2769,2.040,1.600,0.880,2,0,43.009,0,0,11,32,0,16,0
16-01 20:19:14,18.994,1.999,78.227,0,0,1420892,1056296,176004,5274144,13057.210,6762.037,0,375.891,0,23.993,2254,2106,2.040,1.600,0.880,1,0,0,0,0,11,33,0,16,0
16-01 20:19:15,16.517,3.003,79.080,0.250,0,1386028,1091140,176008,5274160,12056.182,7314.391,0,228.231,0,21.021,3555,4159,2.040,1.600,0.880,2,0,12.012,0,0,11,32,0,17,0
16-01 20:19:16,8.011,23.283,67.345,0,0,1389164,1087844,176008,5274320,5753.130,1622.293,0,248.351,0,16.023,6538,5189,2.040,1.600,0.880,2,0,586.829,0,0,11,32,0,17,0
16-01 20:19:17,58.519,14.505,26.508,0,0,1512336,964456,176028,5274516,9074.882,1620.515,0,1012.322,0,70.022,5184,3496,2.040,1.600,0.880,3,0,209.066,0,0,11,32,0,23,0
16-01 20:19:18,66.884,8.236,24.208,0.499,0,1694688,779440,176100,5276984,7048.751,1617.190,0,2367.885,0,59.896,4063,1812,2.120,1.620,0.900,3,0,0,0,0,11,32,0,23,0
16-01 20:19:19,64.841,7.510,24.534,1.001,0,1794268,675048,176180,5281164,10094.103,1664.325,4.006,17608.602,1.001,748.045,5964,4215,2.120,1.620,0.900,2,0,9.013,0,0,11,38,0,23,0
16-01 20:19:20,33.749,8.000,42.249,13.000,0,1791808,662980,176320,5295084,8074.741,1619.948,0,81309.396,0,6202.801,30056,45500,2.120,1.620,0.900,0,1,263.992,0,0,11,38,0,23,0
16-01 20:19:21,34.254,10.001,40.754,13.751,0,1788044,656680,176348,5304768,9349.966,1458.151,0,111087.473,0,8203.847,38047,57874,2.120,1.620,0.900,2,0,210.022,0,0,11,38,0,23,0
16-01 20:19:22,40.970,11.242,33.226,11.741,0,1709172,726028,176380,5313944,41410.019,1618.828,0,74158.308,0,5557.976,27770,40627,2.120,1.620,0.900,6,0,251.818,0,0,11,36,0,23,0
16-01 20:19:23,47.021,9.754,30.514,11.505,0,1760772,666332,176424,5321700,7083.195,1620.731,0,78771.536,0,5598.526,27998,39511,2.270,1.660,0.910,4,1,91.041,0,0,11,36,0,23,0
16-01 20:19:24,39.465,9.242,33.470,14.237,0,1805532,607964,176452,5334728,40373.043,1618.558,0,87941.677,0,5813.822,27402,38757,2.270,1.660,0.910,3,0,5.995,0,0,11,36,0,23,0
16-01 20:19:25,41.049,11.263,33.540,12.014,0,1750584,659064,176484,5338412,8986.669,1621.926,0,77760.318,0,6118.264,29802,42931,2.270,1.660,0.910,3,0,164.195,0,0,11,36,0,23,0
16-01 20:19:26,33.960,8.990,49.193,5.993,0,1484932,923736,176488,5339352,7142.673,1618.114,0,41755.319,0,2996.507,14958,20379,2.270,1.660,0.910,1,0,147.828,0,0,11,32,0,23,0
16-01 20:19:27,18.742,8.496,71.970,0.250,0,1521532,887120,176488,5339364,9636.015,1619.330,0,931.615,0,49.979,3190,2418,2.270,1.660,0.910,2,0,141.941,0,0,11,32,0,23,0
16-01 20:19:28,23.474,2.997,72.671,0.499,0,1564376,844276,176488,5339364,6806.582,1618.236,0,5517.986,0,318.653,2644,2447,2.170,1.650,0.910,1,0,0,0,0,11,32,0,23,0
16-01 20:19:29,22.806,3.258,72.928,0,0,1516500,892140,176488,5339372,8851.654,1461.575,0,465.138,0,45.110,2629,2068,2.170,1.650,0.910,1,0,29.071,0,0,11,32,0,23,0
16-01 20:19:30,22.724,2.997,73.917,0,0.250,1547600,861040,176488,5339372,7177.934,1618.182,0,115.870,0,10.988,1802,1286,2.170,1.650,0.910,1,0,0.999,0,0,11,32,0,23,0
16-01 20:19:31,23.007,2.501,73.774,0,0,1593912,814728,176488,5339372,6982.263,1620.525,0,0,0,0,1767,1136,2.170,1.650,0.910,1,0,2.001,0,0,11,32,0,23,0
16-01 20:19:32,17.770,19.021,61.819,0.250,0,1510276,898212,176492,5339520,8923.949,1663.855,0,576.643,0,52.058,5307,4806,2.170,1.650,0.910,3,0,538.600,0,0,11,32,0,23,0
16-01 20:19:33,10.743,32.479,55.713,0,0,1496448,911980,176492,5339580,7761.900,1618.936,0,219.856,0,23.984,7675,6785,2.230,1.670,0.920,1,0,939.383,0,0,11,32,0,23,0
16-01 20:19:34,9.001,20.752,69.257,0,0,1478888,929456,176492,5339664,6653.683,1620.166,0,216.022,0,16.002,6066,4585,2.230,1.670,0.920,1,0,465.048,0,0,11,32,0,23,0
16-01 20:19:35,8.747,20.743,68.978,0,0,1452996,955308,176492,5339700,9620.881,1619.475,0,871.717,0,119.961,6125,4296,2.230,1.670,0.920,1,0,383.876,0,0,11,32,0,23,0
16-01 20:19:36,16.724,17.473,64.399,0,0,1434904,973352,176492,5340152,6760.424,1617.470,0,19.969,0,4.992,6659,7247,2.230,1.670,0.920,1,0,294.539,0,0,11,32,0,23,0
16-01 20:19:37,39.463,11.240,48.455,0,0,1466828,941352,176492,5340252,11054.673,1618.488,0,67.937,0,3.996,3900,2643,2.230,1.670,0.920,4,0,130.878,0,0,11,33,0,23,0
16-01 20:19:38,45.089,6.012,48.846,0,0,1566036,842100,176492,5340296,7067.901,1460.873,0,24.047,0,2.004,2750,1250,2.210,1.680,0.930,2,0,0,0,0,11,33,0,23,0
16-01 20:19:39,45.298,5.256,48.051,0.501,0,1611748,795508,176520,5341008,6673.072,1621.719,0,1229.303,0,96.102,3783,2896,2.210,1.680,0.930,3,0,19.020,0,0,11,49,0,23,0
16-01 20:19:40,34.208,10.237,54.432,0,0,1642124,761496,176540,5344312,9162.621,1617.991,3.995,826.973,0.999,67.916,6672,8808,2.210,1.680,0.930,1,0,163.797,0,0,11,48,0,24,0
16-01 20:19:41,23.035,16.775,58.839,0.250,0,1673180,730316,176544,5344804,7683.606,1622.451,32.048,148.224,3.005,10.015,6271,6943,2.210,1.680,0.930,2,0,322.487,0,0,11,48,0,24,0
16-01 20:19:42,5.740,2.745,90.347,0.250,0,1661232,742260,176544,5344388,9450.013,1840.886,0,471.203,0,31.946,1976,2609,2.210,1.680,0.930,1,0,34.941,0,0,11,48,1,24,0
16-01 20:19:43,0.500,0.999,98.171,0,0,1661232,742260,176544,5344388,10428.660,1692.646,0,35.971,0,3.997,790,991,2.040,1.650,0.930,0,0,2.998,0,0,11,48,1,24,0
16-01 20:19:44,0.750,0.250,98.004,0,0,1661228,742260,176544,5344392,9086.340,1694.063,0,812.030,0,3.000,821,1009,2.040,1.650,0.930,1,0,3.000,0,0,11,48,1,24,0
16-01 20:19:45,0.250,0.500,97.987,0.500,0,1661040,742448,176544,5344392,7415.036,1531.801,0,4203.453,0,318.959,1295,1016,2.040,1.650,0.930,1,0,1.000,0,0,11,48,1,24,0
16-01 20:19:46,9.007,10.258,79.815,0,0,1656772,746720,176544,5344832,8031.537,1789.457,0,8.007,0,2.002,4234,5025,2.040,1.650,0.930,1,0,203.165,0,0,11,48,1,24,0
16-01 20:19:47,15.028,13.025,70.633,0,0,1689176,714272,176544,5344428,8508.052,1697.202,0,4.008,0,1.002,4991,5694,2.040,1.650,0.930,1,0,205.387,0,0,11,48,1,22,0
16-01 20:19:48,15.708,19.946,63.578,0,0,1700552,702840,176544,5344928,10685.154,1894.884,0,3.989,0,0.997,6924,7231,1.950,1.640,0.930,4,0,394.934,0,0,12,48,1,22,0
16-01 20:19:49,17.786,12.525,68.387,0,0,1695868,707568,176544,5344424,9070.153,1697.397,0,376.754,0,33.066,5241,6192,1.950,1.640,0.930,6,0,228.457,0,0,12,64,1,22,0
16-01 20:19:50,4.497,8.744,85.688,0,0,1685068,718180,176544,5344624,9088.447,1618.833,0,2614.115,0,21.984,2880,2468,1.950,1.640,0.930,1,0,152.890,0,0,14,64,1,22,0
16-01 20:19:51,19.475,12.734,66.415,0,0,1680448,722772,176544,5344644,7447.416,1617.918,0,31.959,0,6.991,6354,8135,1.950,1.640,0.930,2,0,176.773,0,0,14,64,1,16,0
16-01 20:19:52,10.024,19.548,69.669,0.251,0,1664096,739068,176544,5344692,38547.734,1623.949,0,1166.837,0,42.102,6345,5255,1.950,1.640,0.930,1,0,441.073,0,0,14,66,1,16,0
16-01 20:19:53,12.720,19.205,67.092,0,0,1663016,740056,176544,5345176,16533.964,1528.392,0,39.906,0,9.976,6276,5846,1.880,1.630,0.930,1,0,330.220,0,0,14,66,1,16,0
16-01 20:19:54,23.810,18.547,56.893,0,0,1691472,711556,176548,5344740,42549.955,1624.082,0,96.242,0,4.010,6011,5912,1.880,1.630,0.930,3,0,337.849,0,0,14,66,1,16,0
16-01 20:19:55,28.995,24.246,45.743,0,0,1781020,621964,176552,5344800,8460.675,1619.746,0,315.951,0,6.999,6872,5535,1.880,1.630,0.930,3,0,577.909,0,0,14,66,1,15,0
16-01 20:19:56,30.751,24.501,43.752,0,0,1872020,529384,176564,5346264,11009.396,1620.058,0,40.001,0,10.000,6936,8181,1.880,1.630,0.930,3,0,493.018,0,0,14,70,1,17,0
16-01 20:19:57,38.834,17.425,42.070,0,0,1938676,462636,176564,5346628,10283.939,1613.089,0,617.355,0,9.957,5703,7536,1.880,1.630,0.930,5,0,197.155,0,0,14,70,1,17,0
16-01 20:19:58,70.771,24.092,3.262,0,0,2076388,324540,176564,5347104,8580.842,1716.570,0,16.061,0,4.015,5237,4762,2.130,1.680,0.950,3,0,576.205,0,0,14,70,1,17,0
16-01 20:19:59,59.758,19.670,19.173,0,0.249,2182116,217940,176580,5348320,9599.203,1613.479,0,163.340,0,5.976,6001,8675,2.130,1.680,0.950,5,0,298.792,0,0,14,70,1,16,0
16-01 20:20:00,67.156,25.309,5.012,1.503,0.251,2256528,155944,174408,5337480,8308.334,1461.401,8.019,10051.390,2.005,637.483,6755,5526,2.130,1.680,0.950,2,2,462.075,0,0,14,70,1,16,0
16-01 20:20:01,67.273,20.257,5.752,6.502,0,2392932,132656,170728,5230716,8336.855,1694.580,488.167,20.007,54.018,5.002,7184,8716,2.130,1.680,0.950,4,0,266.091,0,0,14,74,1,16,0
16-01 20:20:02,66.421,25.969,4.245,2.996,0,2488464,159988,170484,5111484,8231.171,1618.068,803.041,28386.102,59.928,1973.643,15620,22777,2.130,1.680,0.950,6,0,383.542,0,0,14,76,1,16,0
16-01 20:20:03,69.189,21.559,6.518,1.504,0,2593892,124480,170312,5043560,5709.608,1624.441,92.252,17355.443,10.027,1610.402,14034,22069,2.680,1.810,0.990,4,0,277.759,0,0,14,76,1,16,0
16-01 20:20:04,74.762,21.432,3.738,0.498,0,2644660,199496,169480,4920964,8725.239,1614.862,637.970,1459.357,52.832,70.775,9772,12567,2.680,1.810,0.990,6,0,262.166,0,0,14,84,1,20,0
16-01 20:20:05,61.169,25.571,12.535,0.501,0,2797588,188980,169232,4782144,8986.797,1624.482,48.133,1046.889,9.025,62.172,9182,15437,2.680,1.810,0.990,6,0,543.500,0,0,14,93,1,25,0
16-01 20:20:06,37.259,20.755,41.010,0.500,0,2852648,202892,169232,4715144,10634.498,1620.381,556.131,1036.243,30.007,59.014,7653,9654,2.680,1.810,0.990,13,0,370.087,0,0,14,95,1,25,0
16-01 20:20:07,58.819,13.957,24.923,0.997,0,2986568,130364,169240,4654832,6938.590,1453.515,2009.799,5626.639,23.926,293.096,6869,9287,2.680,1.810,0.990,3,0,147.545,0,0,14,98,1,26,0
16-01 20:20:08,45.349,11.275,40.338,1.503,0,3068096,183288,169264,4523284,9842.570,1713.756,92.202,645.414,7.015,42.092,5014,17340,2.620,1.810,1,1,0,86.189,0,0,14,101,1,27,0
16-01 20:20:09,9.260,19.021,70.578,0.501,0,3090888,160396,169264,4523384,7548.378,1663.847,0,1041.156,0,66.073,6071,4613,2.620,1.810,1,2,0,382.424,0,0,14,101,1,27,0
16-01 20:20:10,8.503,19.007,71.025,0,0,3094092,157152,169264,4523424,6661.342,1620.570,4.001,64.023,1.000,7.002,5725,4161,2.620,1.810,1,1,0,338.119,0,0,14,101,1,27,0
16-01 20:20:11,13.968,13.719,71.088,0,0,3123592,127628,169264,4523448,10297.465,1616.306,0,3013.113,0,24.943,4352,3296,2.620,1.810,1,1,0,221.494,0,0,14,101,1,24,0
16-01 20:20:12,17.470,3.245,77.369,0.749,0,3159972,157176,169264,4458984,13296.535,7331.613,43.926,5035.492,3.993,233.605,2631,2524,2.620,1.810,1,1,0,0,0,0,14,102,1,24,0
16-01 20:20:13,19.290,5.762,73.902,0.251,0,3092280,224832,169264,4459020,22674.600,18301.613,8.016,328.675,2.004,25.051,3125,2770,2.490,1.800,1,1,0,63.130,0,0,14,103,1,25,0
16-01 20:20:14,21.250,4.250,74.000,0.250,0,3155584,161524,169264,4459024,10075.048,2975.014,0,100.000,0,10.000,1993,1367,2.490,1.800,1,1,0,1.000,0,0,14,106,1,25,0
16-01 20:20:15,18.260,2.251,77.794,0.250,0,3159844,157240,169272,4459044,14764.289,6592.701,0,524.294,0,60.034,2842,2986,2.490,1.800,1,3,0,4.002,0,0,14,116,1,25,0
16-01 20:20:16,24.514,5.503,67.538,1.501,0,3160196,155172,169280,4460720,8828.943,1690.947,1220.683,13159.368,34.019,786.440,6733,7887,2.490,1.800,1,2,0,3.002,0,0,14,117,1,23,0
16-01 20:20:17,22.187,8.974,66.560,0.499,0,3139432,175836,169280,4460788,8426.967,2820.955,0,1041.031,0,99.716,5310,6001,2.490,1.800,1,2,0,118.662,0,0,14,120,1,25,0
16-01 20:20:18,32.029,6.005,61.305,0.250,0,3275648,170396,169216,4333652,7438.718,3667.312,8.007,712.644,2.002,53.048,3133,2591,2.610,1.830,1.010,1,0,5.005,0,0,14,127,1,25,0
16-01 20:20:19,20.712,2.995,75.114,0.250,0,3277228,168724,169216,4333744,15115.607,7821.825,35.935,1273.692,2.995,82.850,2551,2624,2.610,1.830,1.010,2,0,1.996,0,0,14,127,1,25,0
16-01 20:20:20,25.554,5.011,66.391,1.002,0,3250180,195720,169224,4333784,10757.914,3158.728,0,1779.791,0,189.403,5352,7039,2.610,1.830,1.010,2,0,7.015,0,0,14,128,1,20,0
16-01 20:20:21,40.758,11.252,47.010,0,0,3337248,171560,169224,4272100,5916.219,1620.334,0,476.098,0,31.006,3697,2346,2.610,1.830,1.010,2,0,93.019,0,0,14,128,1,20,0
16-01 20:20:22,29.482,3.248,66.960,0,0,3378528,130088,169224,4272292,65989.381,23745.743,179.892,427.743,0.999,25.984,2653,1689,2.610,1.830,1.010,2,0,0,0,0,14,128,1,21,0
16-01 20:20:23,19.799,6.015,72.929,0,0,3367304,141284,169224,4272304,8696.329,1623.983,0,332.816,0,18.044,2404,1648,2.480,1.820,1.010,1,0,55.135,0,0,14,128,1,21,0
16-01 20:20:24,17.255,3.001,79.271,0.250,0,3305516,202932,169224,4272444,66669.920,23928.432,0,292.079,0,15.004,2150,1586,2.480,1.820,1.010,2,0,16.004,0,0,14,128,1,22,0
16-01 20:20:25,20.961,4.741,73.363,0.250,0,3373464,134972,169224,4272456,6989.943,1616.980,0,271.493,0,15.970,2029,1465,2.480,1.820,1.010,3,0,34.935,0,0,14,128,1,22,0
16-01 20:20:26,16.010,3.252,79.549,0.250,0,3379356,129020,169224,4272516,13256.234,8109.037,8.005,728.452,2.001,82.051,2774,3288,2.480,1.820,1.010,1,0,1.001,0,0,14,129,1,22,0
16-01 20:20:27,18.482,7.992,72.678,0,0,3363260,145112,169224,4272520,9292.822,2765.269,0,507.499,0,38.962,3055,2566,2.480,1.820,1.010,2,0,81.919,0,0,14,128,1,23,0
16-01 20:20:28,23.044,3.757,71.637,0.250,0,3385072,186808,169224,4210628,24317.387,23769.342,0,464.887,0,32.061,5895,9732,2.370,1.800,1.010,0,0,30.057,0,0,14,137,1,26,0
16-01 20:20:29,19.924,5.977,72.474,0,0,3366408,205456,169224,4210644,14039.576,1649.722,0,302.848,0,16.936,2458,1753,2.370,1.800,1.010,3,0,54.792,0,0,14,136,1,27,0
16-01 20:20:30,16.527,2.254,81.133,0,0,3389080,182776,169224,4210652,13335.875,8157.381,0,276.453,0,15.025,1612,1305,2.370,1.800,1.010,2,0,0,0,0,14,137,1,27,0
16-01 20:20:31,24.764,6.003,64.787,2.752,0,3395176,176488,169244,4210824,12211.884,3043.716,8.005,8744.930,2.001,697.393,9197,14056,2.370,1.800,1.010,2,0,1.001,0,0,14,137,1,29,0
16-01 20:20:32,19.764,6.254,72.801,0.250,0,3419912,151740,169244,4210836,9659.749,1621.133,0,1777.242,0,92.064,2774,2119,2.370,1.800,1.010,2,0,53.037,0,0,14,137,1,29,0
16-01 20:20:33,17.498,1.750,80.239,0,0,3427792,143852,169244,4210844,14085.152,9765.718,0,223.971,0,12.998,1945,1658,2.260,1.790,1.010,3,0,0,0,0,14,138,1,29,0
16-01 20:20:34,20.992,4.498,71.973,0.500,0,3429676,141916,169244,4210896,8658.700,3517.660,0,1067.593,0,124.952,5830,8392,2.260,1.790,1.010,3,0,1.000,0,0,14,138,1,29,0
16-01 20:20:35,33.010,7.502,58.267,0.500,0,3354472,216968,169244,4211048,9828.869,2485.726,0,1044.305,0,113.033,8300,12089,2.260,1.790,1.010,3,0,58.017,0,0,14,139,1,30,0
16-01 20:20:36,22.208,4.741,71.864,0,0,3393984,177416,169244,4211056,7788.292,1616.946,0,411.223,0,22.957,2181,1690,2.260,1.790,1.010,1,0,12.975,0,0,14,139,1,30,0
16-01 20:20:37,14.756,1.751,81.033,1.000,0.250,3396876,174512,169244,4211088,16658.829,9896.057,0,5422.223,0,618.253,3771,3346,2.260,1.790,1.010,1,0,0,0,0,14,140,1,30,0
16-01 20:20:38,20.478,8.990,69.924,0.499,0,3399664,171584,169244,4211228,9948.249,2817.955,0,815.119,0,69.924,3959,3711,2.160,1.780,1.010,2,0,146.841,0,0,14,141,1,31,0
16-01 20:20:39,18.048,2.757,78.206,0,0,3399896,171344,169244,4211236,15570.074,7361.419,0,481.270,0,28.074,1896,1428,2.160,1.780,1.010,1,0,0,0,0,14,142,1,31,0
16-01 20:20:40,19.737,4.247,73.952,0.500,0,3400616,170588,169244,4211272,13422.315,7396.214,0,979.366,0,101.934,4356,5784,2.160,1.780,1.010,2,0,0,0,0,14,142,1,31,0
16-01 20:20:41,26.940,6.735,66.103,0.499,0,3405136,165848,169248,4211456,7090.211,1616.401,0,1452.765,0,122.727,8164,12053,2.160,1.780,1.010,6,1,0.998,0,0,14,144,1,31,0
16-01 20:20:42,42.891,15.551,38.877,0.752,0,3359292,211396,169252,4211668,8263.079,3623.876,48.158,2319.602,3.010,215.707,14518,23328,2.160,1.780,1.010,2,0,288.947,0,0,14,143,1,32,0
16-01 20:20:43,23.927,4.237,71.283,0.249,0,3421252,149404,169256,4211696,10485.011,3322.862,0,821.494,0,48.851,2514,2213,2.060,1.760,1.010,1,0,0,0,0,14,144,1,32,0
16-01 20:20:44,15.795,6.268,76.468,0,0,3417400,153244,169256,4211708,14172.334,7765.099,0,469.336,0,24.068,3073,2548,2.060,1.760,1.010,2,0,95.271,0,0,14,143,1,32,0
16-01 20:20:45,9.494,19.737,69.204,0,0,3407004,163476,169256,4211872,9836.495,1530.987,0,519.656,0,32.978,5976,4521,2.060,1.760,1.010,1,0,370.755,0,0,14,143,1,32,0
16-01 20:20:46,16.468,17.466,64.873,0,0,3398236,172224,169256,4212248,7402.514,1784.508,0,439.141,0,29.941,7174,8493,2.060,1.760,1.010,1,0,306.400,0,0,14,143,1,32,0
16-01 20:20:47,28.075,20.305,50.636,0.501,0,3418216,152148,169260,4211988,8495.835,1698.565,16.043,2213.951,4.011,150.404,6236,5461,2.060,1.760,1.010,4,0,398.070,0,0,14,143,1,32,0
16-01 20:20:48,34.500,21.750,42.500,0.250,0,3458436,174020,169272,4151852,7798.999,1620.000,36.000,5555.999,5.000,275.000,7265,7954,2.140,1.790,1.020,1,0,419.000,0,0,14,145,1,32,0
16-01 20:20:49,35.765,17.758,46.020,0.250,0,3540092,153724,169276,4091872,5880.545,1764.764,4.002,436.189,1.000,32.014,6428,7177,2.140,1.790,1.020,4,0,310.134,0,0,16,149,1,32,2
16-01 20:20:50,56.806,28.154,14.201,0,0,3665572,182084,169060,3941312,9459.678,1614.484,115.605,649.780,9.966,51.823,8323,12648,2.140,1.790,1.020,5,0,549.124,0,0,16,155,1,32,2
16-01 20:20:51,61.234,19.073,19.324,0.251,0,3752948,134576,169060,3901704,7156.403,1626.227,24.092,361.384,3.012,22.085,8414,14128,2.140,1.790,1.020,2,0,257.988,0,0,16,171,1,32,2
16-01 20:20:52,36.253,22.502,39.004,0.500,0,3819964,167452,169060,3803160,39596.562,1710.154,0,9916.892,0,795.072,8375,5686,2.140,1.790,1.020,2,0,563.051,0,0,16,171,1,32,2
16-01 20:20:53,24.459,22.463,52.912,0.250,0,3847820,139512,169060,3803416,11773.452,1529.461,0,2423.975,0,21.964,6263,5019,2.130,1.790,1.030,2,0,461.234,0,0,17,171,1,32,2
16-01 20:20:54,23.541,15.026,60.105,0.250,0,3881736,156200,168816,3753620,42976.354,1622.845,12.021,488.857,3.005,29.051,6634,8535,2.130,1.790,1.030,2,0,248.436,0,0,17,171,1,32,2
16-01 20:20:55,30.719,23.976,44.206,0.250,0,3928696,163196,168816,3700936,8647.382,1618.387,0,299.701,0,24.975,6954,5947,2.130,1.790,1.030,3,0,509.492,0,0,17,171,1,32,2
16-01 20:20:56,45.522,18.509,35.017,0,0,4021920,153712,168832,3619164,9245.466,1620.783,152.073,456.220,6.003,27.013,7924,12667,2.130,1.790,1.030,4,0,250.121,0,0,17,183,1,30,2
16-01 20:20:57,29.831,24.859,43.504,0.249,0,4085096,159960,168832,3551456,5686.787,1680.481,47.730,286.378,2.983,16.904,7160,6229,2.130,1.790,1.030,2,0,641.367,0,0,17,183,1,30,2
16-01 20:20:58,29.403,25.131,44.732,0.251,0,4166272,176232,168832,3456236,9005.770,1628.457,12.063,502.610,3.016,36.188,8798,10326,2.120,1.790,1.030,4,0,588.054,0,0,17,191,1,30,2
16-01 20:20:59,15.464,18.707,64.600,0.249,0,4178540,163700,168832,3456512,8215.971,1616.257,3.991,662.466,0.998,47.889,6597,6753,2.120,1.790,1.030,5,0,324.249,0,0,17,197,1,30,2
16-01 20:21:00,32.468,13.237,53.197,0.250,0,4238260,133108,168832,3428040,5606.429,1618.392,35.964,447.555,1.998,26.973,5989,6525,2.120,1.790,1.030,4,0,190.810,0,0,17,197,1,30,2
16-01 20:21:01,46.704,7.742,42.958,0.749,0,4367068,134248,168832,3300756,8450.700,1530.497,399.608,639.372,10.989,67.933,4030,3004,2.120,1.790,1.030,9,0,8.991,0,0,17,213,1,30,2
16-01 20:21:02,39.207,5.781,50.768,3.267,0,4431316,128368,168836,3243048,8596.393,1628.600,213.125,739.907,10.053,15.080,3496,2591,2.120,1.790,1.030,1,0,7.037,0,0,17,218,1,30,2
16-01 20:21:03,28.252,21.751,47.753,1.000,0.250,4365444,193152,168836,3244136,8969.611,1710.116,1016.069,364.025,13.001,28.002,6451,5846,2.190,1.810,1.040,2,0,480.033,0,0,17,217,1,30,2
16-01 20:21:04,34.802,25.605,38.034,0,0,4412620,144848,168840,3245728,14478.785,7302.534,23.864,453.425,0.994,33.808,8303,11741,2.190,1.810,1.040,6,0,548.883,0,0,17,220,1,30,2
16-01 20:21:05,53.162,19.811,23.321,3.009,0.251,4414644,167668,168860,3221352,8840.017,4609.087,1171.581,1283.924,24.074,46.141,6922,7935,2.190,1.810,1.040,5,0,195.598,0,0,17,225,1,24,2
16-01 20:21:06,67.242,15.498,15.748,1.250,0,4588192,133836,168864,3084548,15208.266,7343.163,563.936,459.948,16.998,22.997,4945,4093,2.190,1.810,1.040,4,0,77.991,0,0,17,233,1,24,2
16-01 20:21:07,53.612,11.023,21.545,13.278,0,4558528,224592,168892,3024768,14313.885,6828.256,3559.431,2036.251,162.339,183.383,5624,4911,2.190,1.810,1.040,4,0,23.048,0,0,17,238,1,25,2
16-01 20:21:08,63.998,15.499,12.000,7.500,0,4661248,153464,168952,2995036,10478.661,1619.948,4043.869,1667.946,337.989,115.996,7448,14314,2.330,1.850,1.060,4,0,84.997,0,0,17,239,1,31,2
16-01 20:21:09,29.654,23.424,45.851,0.249,0,4639836,172648,168960,2997228,17019.630,11333.130,83.728,8938.919,3.987,46.848,7530,8144,2.330,1.850,1.060,3,0,490.405,0,0,17,240,1,25,2
16-01 20:21:10,43.254,19.502,36.504,0,0,4661856,148692,168960,2999240,11824.222,2728.282,0,572.059,0,34.004,6894,9191,2.330,1.850,1.060,2,0,268.028,0,0,17,241,1,26,0
16-01 20:21:11,52.108,24.300,22.797,0.251,0,4709920,173976,168964,2927052,14784.707,7744.084,8.017,533.107,2.004,34.071,6681,6790,2.330,1.850,1.060,3,0,492.022,0,0,17,246,1,26,0
16-01 20:21:12,53.903,22.959,20.463,1.996,0,4713480,209324,168984,2890028,11468.300,6478.307,1193.845,11072.016,46.915,1043.117,8987,10371,2.330,1.850,1.060,3,0,334.396,0,0,17,247,1,27,0
16-01 20:21:13,57.676,22.318,17.804,1.003,0,4809308,151456,168988,2852752,8192.047,7324.394,280.859,834.552,15.046,45.138,7732,10793,2.550,1.900,1.080,4,0,405.239,0,0,17,250,1,29,0
16-01 20:21:14,56.042,21.972,20.491,0.741,0,4827592,170900,169000,2816304,17557.222,6987.733,237.006,955.925,12.838,63.202,8894,13218,2.550,1.900,1.080,7,0,391.060,0,0,17,251,1,31,0
16-01 20:21:15,60.494,21.768,16.705,1.012,0,4903984,158184,169000,2753368,7585.302,1640.175,449.529,526.476,28.349,30.374,6193,7563,2.550,1.900,1.080,3,0,219.702,0,0,17,257,1,31,0
16-01 20:21:16,55.668,12.482,30.206,0.499,0,5014844,168396,169000,2633832,20095.401,13793.683,766.870,718.941,12.981,28.957,8149,16712,2.550,1.900,1.080,2,0,1.997,0,0,17,259,1,31,0
16-01 20:21:17,61.010,11.455,25.400,1.992,0,5062452,150260,168892,2605388,13733.058,6763.434,1023.978,621.559,78.691,53.789,6543,7562,2.550,1.900,1.080,3,0,24.902,0,0,17,262,1,34,0
16-01 20:21:18,51.303,11.317,34.956,1.257,0,5014720,225176,168588,2578776,19634.805,14679.579,1476.710,889.245,40.237,73.433,5733,5104,2.500,1.910,1.090,2,0,117.694,0,0,17,268,1,35,0
16-01 20:21:19,48.449,29.469,20.229,1.498,0,5041700,193792,168852,2582828,10893.548,1882.022,4539.228,1449.476,74.921,74.921,8799,10427,2.500,1.910,1.090,3,0,550.421,0,0,17,267,1,36,0
16-01 20:21:20,52.565,19.524,26.783,0,0,5067844,167520,168852,2583356,12772.743,9444.641,644.795,716.884,6.007,48.059,6717,8722,2.500,1.910,1.090,3,0,301.371,0,0,17,268,1,36,0
16-01 20:21:21,75.219,16.688,6.476,1.743,0,5102844,167612,168860,2549124,9899.969,4698.426,1267.260,1135.752,54.795,54.795,6348,5366,2.500,1.910,1.090,6,0,170.363,0,0,18,270,1,35,0
16-01 20:21:22,74.771,12.796,6.022,6.273,0,5212288,151480,168860,2458428,46179.326,7370.707,3135.361,2970.764,174.633,200.727,6507,6419,2.500,1.910,1.090,7,0,11.040,0,0,18,276,1,35,0
16-01 20:21:23,77.672,11.203,9.211,1.743,0,5230136,164776,168896,2428068,16051.163,6782.336,1581.317,3377.725,74.684,322.636,8610,10044,2.540,1.920,1.100,5,0,19.916,0,0,18,281,1,36,0
16-01 20:21:24,44.597,17.538,37.331,0,0,5286848,139856,168900,2397020,44457.561,3352.281,901.959,4798.422,15.033,41.089,5598,5119,2.540,1.920,1.100,3,0,217.472,0,0,18,282,1,37,0
16-01 20:21:25,31.811,7.264,59.114,0.250,0,5329656,128928,168908,2366060,26163.457,13682.387,777.499,9229.800,8.015,69.133,3994,3575,2.540,1.920,1.100,3,0,8.015,0,0,18,284,1,36,0
16-01 20:21:26,45.934,8.987,43.937,0,0,5312772,137944,168908,2373912,8026912.840,61223.697,607.124,567.182,8.987,21.968,6654,4448,2.540,1.920,1.100,4,0,13.980,0,0,18,286,1,36,0
16-01 20:21:27,36.404,15.210,46.128,1.247,0,5333416,138372,168908,2353604,8524917.734,61730.354,2796.631,658.266,30.919,52.861,7951,6142,2.540,1.920,1.100,2,0,261.312,0,0,18,288,1,36,0
16-01 20:21:28,40.737,5.498,51.733,1.000,0,5329268,142512,168908,2353612,9320.996,5049.373,0,14211.421,0,1210.610,4808,3237,2.500,1.930,1.100,2,0,6.998,0,0,18,292,1,37,0
16-01 20:21:29,36.576,4.760,57.619,0,0,5350704,142556,168908,2333304,22698.856,15529.056,0,400.827,0,33.068,4400,5142,2.500,1.930,1.100,2,0,0,0,0,18,298,1,34,0
16-01 20:21:30,12.978,3.993,79.868,0.749,0,5277320,215412,168908,2333832,416571.621,16365900.007,451.252,2495.864,25.957,87.854,5110,4619,2.500,1.930,1.100,2,0,38.935,0,0,18,297,1,37,0
16-01 20:21:31,1.251,1.001,96.804,0,0,5277320,215412,168908,2333832,9406.215,1620.899,0,680.377,0,19.011,1117,1682,2.500,1.930,1.100,2,0,0,0,0,18,297,1,37,0
16-01 20:21:32,2.249,1.000,95.216,0.500,0.250,5277536,215188,168908,2333840,10024.390,1457.475,3.999,1563.437,1.000,94.966,1644,2383,2.500,1.930,1.100,1,0,0,0,0,18,297,1,37,0
16-01 20:21:33,19.809,3.009,74.972,0.251,0,5267504,216588,168916,2342448,13093220.960,67133.124,32.095,858.547,2.006,54.161,8199,8247,2.380,1.910,1.100,3,0,1.003,0,0,18,302,1,35,0
16-01 20:21:34,12.254,14.754,70.521,0.750,0,5225128,251396,168916,2350044,3469662.510,33647.052,76.023,468.140,5.001,45.013,7195,6277,2.380,1.910,1.100,2,0,337.101,0,0,18,299,1,38,0
16-01 20:21:35,20.685,7.476,70.528,0.249,0,5280408,196080,168916,2350064,7031.830,1614.908,0,362.856,0,26.915,3481,3369,2.380,1.910,1.100,2,0,129.591,0,0,18,299,1,38,0
16-01 20:21:36,14.798,12.791,71.230,0,0,5247808,228644,168916,2350096,5185.767,1625.255,0,341.103,0,24.078,4622,3737,2.380,1.910,1.100,1,0,212.688,0,0,18,299,1,38,0
16-01 20:21:37,8.996,20.242,68.722,0,0,5252640,223744,168916,2350164,9189.287,1619.346,15.994,719.709,1.000,51.979,6576,5717,2.380,1.910,1.100,1,0,421.830,0,0,18,303,1,37,0
16-01 20:21:38,2.246,1.996,93.828,0.499,0,5246524,229876,168916,2350164,6870.371,1617.028,0,17535.767,0,236.565,1846,1998,2.190,1.880,1.100,1,0,37.930,0,0,18,303,1,37,0
16-01 20:21:39,20.227,4.245,74.167,0,0,5302188,174212,168916,2350164,8997.880,1618.180,0,0,0,0,2269,1848,2.190,1.880,1.100,2,0,8.990,0,0,18,303,1,37,0
16-01 20:21:40,17.453,3.241,78.040,0.249,0,5313132,163188,168916,2350244,15419.518,10378.080,63.828,179.517,3.989,23.936,2631,2707,2.190,1.880,1.100,2,0,2.992,0,0,18,307,1,38,0
16-01 20:21:41,11.031,15.794,70.697,1.504,0,5291748,184340,168920,2350440,9546.540,1624.516,12.033,0,3.008,0,5127,3974,2.190,1.880,1.100,1,0,215.599,0,0,18,307,1,38,0
16-01 20:21:42,12.043,16.810,70.251,0,0,5282196,193732,168920,2350608,7070.261,1700.074,4.014,4.014,1.004,1.004,5491,4326,2.190,1.880,1.100,1,0,214.767,0,0,18,307,1,37,0
16-01 20:21:43,16.212,12.970,69.589,0.249,0,5289376,186300,168920,2350844,6155.739,1690.085,19.954,275.362,1.995,32.924,4836,4335,2.090,1.860,1.090,4,0,169.607,0,0,18,309,1,37,0
16-01 20:21:44,23.513,3.252,71.289,0,0,5349360,126312,168920,2350848,5428.965,1694.926,0,536.293,0,48.026,2461,2196,2.090,1.860,1.090,1,0,3.002,0,0,18,313,1,37,0
16-01 20:21:45,23.976,3.746,70.179,0.999,0,5382340,155468,168920,2291064,10934.982,1692.295,367.630,275.722,11.988,34.965,2938,2795,2.090,1.860,1.090,3,0,3.996,0,0,18,317,1,37,0
16-01 20:21:46,23.731,3.247,72.192,0.500,0,5365888,171880,168920,2291104,7149.271,1692.644,23.981,395.683,4.996,20.983,2480,2059,2.090,1.860,1.090,3,0,5.995,0,0,18,313,1,35,0
16-01 20:21:47,24.245,4.499,70.236,0,0,5395772,141948,168920,2291152,8915.193,1625.670,0,7.998,0,2.000,2594,2062,2.090,1.860,1.090,3,0,2.999,0,0,18,313,1,35,0
16-01 20:21:48,10.492,1.249,86.682,0,0,5390620,146964,168920,2291288,26654.156,20285.137,0,3.997,0,0.999,2437,2585,1.920,1.830,1.090,0,0,0,0,0,18,316,1,36,0
16-01 20:21:49,22.726,4.495,70.927,0.250,0,5335620,201948,168920,2291304,9486.190,1955.977,0,247.744,0,20.978,2860,2659,1.920,1.830,1.090,2,0,16.982,0,0,18,313,1,37,0
16-01 20:21:50,24.569,2.758,71.701,0,0,5360488,177060,168920,2291308,6946.500,1694.757,0,328.923,0,31.087,2465,2192,1.920,1.830,1.090,2,0,1.003,0,0,18,313,1,37,0
16-01 20:21:51,14.292,12.537,71.712,0.501,0,5336288,201160,168928,2291464,5989.672,1624.794,393.160,373.101,5.015,16.047,4626,3800,1.920,1.830,1.090,1,0,225.666,0,0,18,313,1,37,0
16-01 20:21:52,12.497,15.997,69.985,0,0,5339672,197632,168936,2291604,39511.454,1619.650,31.993,239.948,3.999,14.997,5729,4824,1.920,1.830,1.090,1,0,357.923,0,0,18,313,1,37,0
16-01 20:21:53,22.184,3.739,71.538,0.748,0,5347688,189316,169088,2291752,11987.524,2180.547,259.233,275.186,12.962,22.932,2923,2658,1.850,1.820,1.090,4,0,32.903,0,0,18,314,1,37,0
16-01 20:21:54,19.508,2.001,77.282,0.500,0,5337164,193756,169600,2297184,48636.935,3407.397,4.002,1468.602,1.000,42.017,2260,1992,1.850,1.820,1.090,3,0,1.000,0,0,18,313,1,37,0
16-01 20:21:55,20.728,2.997,74.921,0,0,5341520,188204,169664,2298296,14024.142,2727.111,3.996,303.678,0.999,3.996,2438,2123,1.850,1.820,1.090,3,0,17.981,0,0,18,314,1,37,0
16-01 20:21:56,19.988,2.498,76.453,0.250,0,5339968,183244,170232,2304080,13064.031,3450.895,0,1019.378,0,18.988,2360,2072,1.850,1.820,1.090,2,0,4.997,0,0,18,313,1,37,0
16-01 20:21:57,18.724,5.492,72.650,0,0,5310276,212188,170264,2304780,14872.551,2953.938,83.885,427.412,5.992,6.990,10752,19304,1.850,1.820,1.090,1,0,11.984,0,0,18,314,1,37,0
16-01 20:21:58,20.812,5.767,71.965,0.251,0,5318716,203380,170316,2305096,9637.749,3288.810,20.060,16705.832,3.009,53.159,10349,18799,1.780,1.800,1.090,4,0,13.039,0,0,18,314,1,37,0
16-01 20:21:59,22.486,3.997,71.704,0.500,0,5314788,205724,170436,2306556,6422.897,1618.966,0,4053.410,0,475.696,3235,2118,1.780,1.800,1.090,2,1,7.995,0,0,18,314,1,37,0
16-01 20:22:00,14.514,14.764,70.318,0,0,5299844,233732,170436,2293520,9831.573,1795.749,0,728.710,0,19.019,4794,4253,1.780,1.800,1.090,1,0,264.257,0,0,18,313,1,37,0
16-01 20:22:01,24.515,1.751,72.795,0,0,5343680,189712,170436,2293704,9029.575,2309.426,0,0,0,0,2203,1776,1.780,1.800,1.090,1,0,0,0,0,18,314,1,37,0
16-01 20:22:02,16.503,5.001,76.512,0,0,5312120,221204,170436,2293772,15864.481,11300.767,48.008,0,3.000,0,3261,3099,1.780,1.800,1.090,2,0,63.010,0,0,18,313,1,40,0
16-01 20:22:03,26.043,7.012,66.860,0.250,0,5356048,177068,170436,2293980,8292.659,1460.405,80.132,340.561,4.007,42.069,4843,6231,1.800,1.810,1.090,1,0,50.082,0,0,18,315,1,40,0
16-01 20:22:04,19.252,4.500,73.506,0.750,0,5331756,201304,170436,2294036,15115.267,10206.855,32.003,3052.256,2.000,194.016,3932,4092,1.800,1.810,1.090,1,0,69.006,0,0,18,315,1,41,0
16-01 20:22:05,23.596,4.471,69.546,0,0,5350612,182440,170436,2294044,8707.143,1609.490,0,369.587,0,31.792,2990,2788,1.800,1.810,1.090,2,0,2.981,0,0,18,315,1,41,0
16-01 20:22:06,17.342,4.524,78.163,0,0,5326544,206456,170436,2294096,20568.581,14890.607,32.170,241.274,2.011,14.074,3051,2867,1.800,1.810,1.090,1,0,58.308,0,0,18,317,1,41,0
16-01 20:22:07,23.177,3.738,72.024,0,0,5381300,151692,170436,2294104,6222.451,1614.926,0,211.336,0,13.956,2470,2164,1.800,1.810,1.090,1,0,0,0,0,18,317,1,41,0
16-01 20:22:08,21.309,6.017,71.196,0.501,0,5323584,209252,170436,2294260,20661.015,11899.838,16.044,148.410,1.003,9.025,3465,8935,1.740,1.790,1.090,1,0,55.152,0,0,18,317,1,45,0
16-01 20:22:09,21.965,4.743,72.386,0.250,0,5352084,180756,170436,2294260,6700.460,1659.390,0,1313.933,0,99.843,2586,1988,1.740,1.790,1.090,2,0,12.980,0,0,18,317,1,45,0
16-01 20:22:10,13.735,1.748,82.661,0,0,5354188,178608,170436,2294304,14986.902,11383.772,31.966,207.777,1.998,19.979,2321,2475,1.740,1.790,1.090,2,0,0,0,0,18,318,1,37,0
16-01 20:22:11,20.023,5.506,73.333,0.250,0,5355088,177700,170436,2294312,10469.806,2665.005,0,272.307,0,22.025,3032,2815,1.740,1.790,1.090,3,0,47.053,0,0,18,317,1,38,0
16-01 20:22:12,19.002,1.750,77.758,0,0,5373188,159596,170436,2294316,12697.330,7787.816,0,120.013,0,8.001,2194,1962,1.740,1.790,1.090,1,0,0,0,0,18,318,1,38,0
16-01 20:22:13,21.502,5.750,72.006,0.500,0,5329780,202964,170436,2294356,18008.487,5766.476,16.001,620.051,1.000,56.005,3473,3471,1.680,1.780,1.090,3,0,32.003,0,0,18,317,1,41,0
16-01 20:22:14,19.498,2.750,76.493,0,0,5353644,179088,170436,2294368,16292.453,7343.303,0,203.981,0,19.998,2244,1963,1.680,1.780,1.090,2,0,0,0,0,18,318,1,36,0
16-01 20:22:15,14.258,6.754,78.293,0.250,0,5357108,175604,170436,2294388,11090.037,6815.711,0,376.205,0,40.022,3448,3684,1.680,1.780,1.090,2,0,88.048,0,0,18,317,1,37,0
16-01 20:22:16,20.212,2.246,75.110,0,0,5398100,134612,170436,2294388,10802.852,3583.317,0,191.643,0,12.976,2319,1968,1.680,1.780,1.090,1,0,0.998,0,0,18,320,1,37,0
16-01 20:22:17,20.520,6.256,73.320,0,0.250,5375408,157280,170440,2294412,27814.446,22046.962,0,160.152,0,9.009,3153,2747,1.680,1.780,1.090,1,0,53.050,0,0,18,319,1,39,0
16-01 20:22:18,19.739,2.748,76.207,0,0,5382348,150340,170440,2294412,9938.350,3758.863,0,123.930,0,7.995,2243,1954,1.620,1.770,1.090,1,0,0,0,0,18,320,1,33,0
16-01 20:22:19,19.511,4.503,74.043,0.500,0,5349836,182616,170440,2294648,14655.540,8320.849,224.131,2737.595,13.008,387.226,3607,2924,1.620,1.770,1.090,1,0,15.009,0,0,18,319,1,35,0
16-01 20:22:20,21.242,2.749,74.972,0,0,5393420,139032,170440,2294648,10586.111,3588.682,0,207.924,0,19.993,2360,2163,1.620,1.770,1.090,0,0,1.000,0,0,18,320,1,35,0
16-01 20:22:21,20.578,3.513,73.530,1.004,0,5385008,145240,170440,2296852,12454.444,6235.754,2007.648,935.564,78.298,121.463,4884,6278,1.620,1.770,1.090,2,0,2.008,0,0,18,322,1,35,0
16-01 20:22:22,23.357,4.224,70.320,0.248,0,5361260,168948,170440,2296892,23768.726,2842.626,15.903,787.189,0.994,66.593,3141,3311,1.620,1.770,1.090,2,0,4.970,0,0,18,321,1,34,0
16-01 20:22:23,18.315,3.011,77.526,0.502,0,5367440,162756,170440,2296904,33307.478,9243.881,0,537.913,0,43.154,2755,2842,1.490,1.740,1.080,3,0,0,0,0,18,322,1,34,0
16-01 20:22:24,18.044,6.516,72.176,1.002,0,5321568,208360,170444,2297168,49351.294,4879.895,192.469,4699.455,9.022,333.814,6266,7946,1.490,1.740,1.080,1,0,79.193,0,0,18,321,1,35,0
16-01 20:22:25,9.501,22.252,67.005,0,0.250,5300616,229280,170444,2297200,12023.830,1620.112,0,480.033,0,47.003,7409,6480,1.490,1.740,1.080,1,0,630.043,0,0,18,321,1,35,0
16-01 20:22:26,8.745,23.237,67.212,0,0,5299692,230168,170444,2297236,9670.604,1457.187,0,231.871,0,23.987,7307,6478,1.490,1.740,1.080,1,0,645.640,0,0,18,321,1,35,0
16-01 20:22:27,9.005,22.512,67.285,0.250,0,5293688,236140,170444,2297268,8441.435,1620.852,0,624.328,0,51.027,7432,6777,1.490,1.740,1.080,2,0,654.344,0,0,18,321,1,32,0
16-01 20:22:28,8.501,22.251,67.504,0,0,5289668,240124,170444,2297304,10823.721,1620.108,0,272.018,0,23.002,7192,6279,1.530,1.740,1.090,1,0,615.041,0,0,18,321,1,32,0
16-01 20:22:29,8.998,22.746,68.238,0,0,5278472,251288,170444,2297336,6645.812,1619.711,0,43.992,0,10.998,7031,6047,1.530,1.740,1.090,2,0,583.896,0,0,18,321,1,32,0
16-01 20:22:30,9.236,19.969,68.146,0,0,5266260,263444,170444,2297392,5951.903,1617.528,15.976,47.927,0.998,9.985,6538,5477,1.530,1.740,1.090,2,0,480.266,0,0,18,321,1,32,0
16-01 20:22:31,15.002,8.251,71.507,4.500,0,5265680,376784,170452,2196748,5580.561,1662.167,1044.105,2228.224,118.012,7.001,2927,2729,1.530,1.740,1.090,2,0,42.004,0,0,18,321,1,26,0
16-01 20:22:32,24.003,3.750,71.508,0.250,0,5270496,362640,170452,2206076,10787.227,1662.189,48.005,2532.288,10.001,275.031,3254,2614,1.530,1.740,1.090,3,0,19.002,0,0,18,321,1,26,0
16-01 20:22:33,17.452,2.992,76.538,1.247,0,5305200,327652,170452,2206360,15128.060,5208.560,295.182,785.821,7.978,29.917,2544,2338,1.410,1.710,1.080,2,0,2.992,0,0,18,322,1,26,0
16-01 20:22:34,30.056,6.763,60.612,2.254,0,5341076,291020,170452,2207112,17449.383,7069.119,1126.090,3334.188,40.074,108.201,3739,3331,1.410,1.710,1.080,2,0,9.017,0,0,18,322,1,26,0
16-01 20:22:35,9.499,2.750,85.741,1.250,0,5332740,298892,170456,2207568,15312.346,7109.232,555.940,859.907,31.997,40.996,2152,2440,1.410,1.710,1.080,2,0,2.000,0,0,18,322,1,23,0
16-01 20:22:36,9.488,0.999,85.892,1.748,0,5332120,298892,170456,2208184,18954.153,7771.223,295.628,751.055,28.964,24.969,1811,1949,1.410,1.710,1.080,1,0,0.999,0,0,18,322,1,23,0
16-01 20:22:37,7.997,1.250,88.971,0.500,0,5333088,297128,170456,2208980,15448.878,5569.154,715.763,687.772,25.991,29.990,1626,1940,1.410,1.710,1.080,2,0,0,0,0,18,322,1,23,0
16-01 20:22:38,15.493,0.500,81.464,1.749,0,5332112,297396,170456,2209680,16852.542,8760.123,535.763,815.639,40.982,26.988,1932,1939,1.300,1.680,1.080,2,0,0,0,0,18,322,1,23,0
16-01 20:22:39,11.007,1.251,82.300,4.503,0,5333168,295512,170456,2210500,23530.288,9298.646,516.314,4718.865,35.021,224.136,2051,1916,1.300,1.680,1.080,1,1,0,0,0,18,322,1,23,0
16-01 20:22:40,14.251,0.750,81.008,2.250,0,5347344,280576,170456,2211324,18627.729,8775.815,720.067,808.075,46.004,27.003,1985,1982,1.300,1.680,1.080,2,0,0,0,0,18,322,1,23,0
16-01 20:22:41,15.765,2.252,74.821,5.755,0,5354096,239752,170456,2245396,9511.019,3963.759,15262.473,780.740,158.150,33.031,2424,2224,1.300,1.680,1.080,2,0,1.001,0,0,18,322,1,23,0
16-01 20:22:42,23.273,3.253,71.822,0.501,0,5353296,226360,170456,2259572,9119.173,1695.706,0,1841.853,0,47.047,2675,2500,1.300,1.680,1.080,5,0,0,0,0,18,322,1,23,0
16-01 20:22:43,24.737,3.498,69.964,0.250,0,5354476,209740,170456,2274888,7520.094,1531.205,0,4393.718,0,182.905,3104,3174,1.270,1.670,1.080,2,0,0,0,0,18,322,1,22,0
16-01 20:22:44,22.966,2.996,71.645,1.248,0,5360432,181780,170460,2296664,9247.414,1691.515,0,2716.010,0,125.815,3134,3101,1.270,1.670,1.080,3,0,0,0,0,18,322,1,22,0
16-01 20:22:45,23.264,3.002,71.292,1.001,0,5351572,174144,170904,2312420,7177.203,1694.993,0,2729.599,0,109.064,2974,2731,1.270,1.670,1.080,2,0,0,0,0,18,322,1,22,0
16-01 20:22:46,23.727,2.997,71.429,0.999,0,5352192,149980,171612,2334920,5994.082,1692.329,0,2581.451,0,92.908,2855,2624,1.270,1.670,1.080,2,0,0.999,0,0,18,322,1,22,0
16-01 20:22:47,24.005,4.001,71.514,0,0.250,5365312,154036,171648,2317596,8747.747,1962.392,0,256.051,0,9.002,2648,2099,1.270,1.670,1.080,1,0,19.004,0,0,18,321,1,22,0
16-01 20:22:48,17.528,2.504,78.625,0,0,5386780,126980,171768,2323024,13181.967,3797.040,0,1494.377,0,12.019,2136,1959,1.170,1.640,1.070,2,0,16.025,0,0,18,321,1,22,1
16-01 20:22:49,22.267,3.753,72.305,0.250,0,5369664,142792,171816,2324120,6230.781,2296.762,0,756.581,0,23.018,2744,2574,1.170,1.640,1.070,3,0,20.015,0,0,18,322,1,22,0
16-01 20:22:50,17.994,3.749,76.474,0.500,0,5350384,154708,172240,2330064,15424.836,4230.584,3.999,2247.248,1.000,210.929,5159,7611,1.170,1.640,1.070,2,0,6.998,0,0,18,321,1,22,0
16-01 20:22:51,23.790,5.760,68.115,0.250,0,5357572,146936,172296,2330536,6572.050,1460.456,0,1919.227,0,16.027,10408,19063,1.170,1.640,1.070,2,0,13.022,0,0,18,321,1,20,0
16-01 20:22:52,22.463,5.990,70.133,0,0,5333300,171032,172332,2330628,37067.222,1617.305,0,203.661,0,2.995,7428,12452,1.170,1.640,1.070,2,0,14.975,0,0,18,321,1,20,0
16-01 20:22:53,22.499,4.750,71.748,0,0,5330836,187384,172344,2317720,13556.614,1693.952,0,1067.970,0,28.999,3351,3276,1.160,1.630,1.070,4,0,50.999,0,0,18,321,1,20,0
16-01 20:22:54,22.939,5.735,68.319,0,0,5336928,181252,172344,2317760,40703.956,1615.711,15.958,482.719,0.997,25.931,10637,19260,1.160,1.630,1.070,1,0,23.936,0,0,18,321,1,20,0
16-01 20:22:55,18.311,2.759,78.012,0.251,0,5334484,177220,172352,2324220,14168.584,3874.011,0,1187.990,0,60.202,2501,2401,1.160,1.630,1.070,2,0,16.054,0,0,18,321,1,20,1
16-01 20:22:56,23.505,3.251,72.765,0,0,5326860,184784,172352,2324280,6777.356,1728.346,0,428.086,0,10.002,2506,2217,1.160,1.630,1.070,1,0,22.004,0,0,18,321,1,20,0
16-01 20:22:57,17.515,2.502,78.567,0.500,0,5326620,178136,172528,2330052,15762.433,4795.086,0,1185.010,0,26.022,2086,1911,1.160,1.630,1.070,1,0,5.004,0,0,18,321,1,20,0
16-01 20:22:58,23.754,7.001,66.510,0,0,5326340,177660,172560,2330680,10632.615,1620.246,0,736.112,0,23.003,17455,32961,1.140,1.620,1.070,2,0,14.002,0,0,18,321,1,20,0
16-01 20:22:59,20.461,6.987,71.862,0.250,0,5313012,204484,172620,2317844,9942.961,1616.904,0,690.677,0,18.964,4284,5662,1.140,1.620,1.070,2,0,14.971,0,0,18,321,1,20,0
16-01 20:23:00,23.041,3.757,72.379,0,0,5310936,206796,172620,2317768,8250.708,1460.604,0,609.086,0,10.018,2473,2048,1.140,1.620,1.070,1,0,22.039,0,0,18,321,1,20,0
16-01 20:23:01,22.688,5.236,70.807,0,0,5296980,217700,172620,2320816,5384.292,1689.385,0,215.412,0,10.970,3515,3230,1.140,1.620,1.070,1,2,95.738,0,0,18,321,1,20,0
16-01 20:23:02,24.051,3.006,71.652,0,0,5303676,203516,172620,2328140,6168.122,1623.454,0,998.123,0,12.026,2643,2398,1.140,1.620,1.070,1,0,17.036,0,0,18,321,1,20,0
16-01 20:23:03,15.224,1.497,81.609,0.749,0,5316568,190216,172620,2328452,20181.141,7354.297,3.993,1209.910,0.998,43.924,2232,2215,1.050,1.600,1.060,5,0,0,0,0,18,322,1,17,0
16-01 20:23:04,12.773,1.503,84.148,0.501,0,5314712,191552,172620,2328856,23043.604,12161.429,32.056,1594.810,1.002,78.138,2344,2747,1.050,1.600,1.060,0,0,1.002,0,0,18,322,1,17,0
16-01 20:23:05,9.999,2.500,84.746,1.000,0,5303672,202184,172620,2329196,159842.951,13988.296,0,13219.334,0,223.989,2917,3038,1.050,1.600,1.060,2,1,1.000,0,0,18,323,1,17,0
16-01 20:23:06,19.456,2.245,76.329,0.499,0,5331928,173632,172620,2329460,22022.626,7956.163,0,1137.450,0,88.801,4253,5422,1.050,1.600,1.060,2,0,1.996,0,0,18,323,1,17,0
16-01 20:23:07,18.007,1.501,79.533,0.250,0,5334608,170688,172688,2329588,21868.074,10306.276,0,1164.483,0,46.019,2594,2619,1.050,1.600,1.060,2,0,0,0,0,18,323,1,19,0
16-01 20:23:08,15.037,3.007,79.696,0.501,0,5370556,134332,172752,2332608,83230.179,9622.606,0,709.741,0,29.071,2612,6753,0.970,1.570,1.060,1,0,35.086,0,0,18,323,1,17,0
16-01 20:23:09,10.726,1.746,85.060,0.998,0,5366684,137440,172988,2330292,258408.442,17112.686,27.937,2187.103,3.991,94.788,2647,4831,0.970,1.570,1.060,1,0,0.998,0,0,18,323,1,18,0
16-01 20:23:10,10.253,1.500,85.775,1.751,0,5368056,135676,173192,2330608,80777.826,12988.831,104.031,9666.851,6.002,464.137,2906,2607,0.970,1.570,1.060,2,0,0,0,0,18,323,1,18,0
16-01 20:23:11,13.745,1.999,82.722,0.250,0,5344456,176940,173260,2313600,882199.498,20658.127,0,883.706,0,38.987,2583,2243,0.970,1.570,1.060,2,0,1.000,0,0,18,323,1,18,0
16-01 20:23:12,8.995,1.999,85.955,0.500,0,5340544,157352,173324,2336972,12162483.096,51781.149,0,6192.789,0,45.976,4800,2704,0.970,1.570,1.060,3,0,2.998,0,0,18,323,1,13,0
16-01 20:23:13,13.746,2.249,81.724,0.750,0,5342592,137404,173464,2354668,4761469.816,23171.529,163.947,13135.765,3.999,79.974,3431,2743,0.890,1.540,1.050,3,0,1.000,0,0,18,323,1,13,0
16-01 20:23:14,21.232,4.496,71.191,1.249,0,5348076,136104,177040,2344868,7730.572,1618.654,0,5235.647,0,130.891,3082,2956,0.890,1.540,1.050,2,0,0.999,0,0,18,323,1,13,0
16-01 20:23:15,23.485,5.746,69.705,0.500,0,5351172,147720,177524,2329600,9164.053,1618.949,0,66412.901,0,284.815,3425,2611,0.890,1.540,1.050,1,0,0,0,0,18,323,1,13,0
16-01 20:23:16,25.076,2.257,71.718,0.251,0,5380684,140132,177724,2307804,8916.083,1462.442,0,1773.387,0,162.494,2796,2264,0.890,1.540,1.050,2,0,1.003,0,0,18,323,1,9,0
16-01 20:23:17,22.975,4.245,70.175,0.749,0,5366656,129672,178556,2330076,7788.693,1618.274,0,3104.689,0,126.865,3064,2823,0.890,1.540,1.050,1,0,5.994,0,0,18,323,1,9,0
16-01 20:23:18,22.745,4.249,71.984,0.750,0,5360184,123432,179492,2340372,8803.056,1693.626,0,2159.523,0,67.985,2705,2363,0.900,1.530,1.050,4,0,0,0,0,18,323,1,9,0
16-01 20:23:19,24.273,2.753,70.817,0.500,0,5369260,149432,180816,2304076,10224.683,1621.536,0,956.906,0,45.043,2756,2568,0.900,1.530,1.050,3,0,1.001,0,0,18,323,1,9,0
16-01 20:23:20,23.449,4.241,70.598,0.748,0,5368980,124472,181564,2327544,7080.705,1616.508,0,31607.726,0,145.685,3114,2994,0.900,1.530,1.050,3,0,0.998,0,0,18,323,1,5,0
16-01 20:23:21,21.521,2.753,73.321,0.500,0,5368616,139052,182392,2312120,9827.550,2698.622,0,2070.012,0,73.071,2663,2494,0.900,1.530,1.050,1,0,0,0,0,18,324,1,5,0
16-01 20:23:22,21.015,2.001,76.304,0,0,5280772,262208,182392,2276840,42915.315,3202.262,0,660.467,0,23.016,2300,1925,0.900,1.530,1.050,2,0,2.001,0,0,18,321,1,5,0
16-01 20:23:23,18.481,3.496,76.672,0.250,0,5324332,218620,182392,2276860,20968.662,3625.311,3.996,491.500,0.999,21.978,2631,2437,0.910,1.520,1.050,4,0,32.966,0,0,18,322,1,5,0
16-01 20:23:24,23.510,3.251,71.779,0.500,0,5318004,217684,182732,2283384,42520.264,1794.729,0,1836.746,0,35.014,2735,2510,0.910,1.520,1.050,2,0,3.001,0,0,18,321,1,4,0
16-01 20:23:25,18.264,2.502,77.810,0.250,0,5316360,211780,183320,2289284,12283.462,4794.693,0,1292.996,0,28.022,2260,1998,0.910,1.520,1.050,1,0,18.014,0,0,18,321,1,4,0
16-01 20:23:26,22.288,7.262,68.617,0.250,0,5320152,207564,183352,2289620,9575.321,1622.766,0,809.380,0,117.200,10512,18786,0.910,1.520,1.050,1,0,13.022,0,0,18,321,1,4,0
16-01 20:23:27,23.970,5.992,67.915,0,0,5323096,204288,183388,2289884,8552.283,1617.972,0,2736.571,0,38.951,10667,18915,0.910,1.520,1.050,2,0,12.984,0,0,18,321,1,4,0
16-01 20:23:28,21.494,5.998,71.730,0,0,5322964,204288,183420,2289956,7862.780,1619.543,0,363.897,0,13.996,2617,2257,0.920,1.520,1.050,2,0,6.998,0,0,18,321,1,3,0
16-01 20:23:29,21.992,4.248,71.474,0.750,0,5295664,244780,183424,2278064,9218.631,1619.408,227.917,987.639,2.999,25.991,2622,2270,0.920,1.520,1.050,2,0,5.998,0,0,18,321,1,3,0
16-01 20:23:30,23.010,4.252,69.781,1.251,0,5305276,232964,183424,2280256,7873.539,1620.728,388.174,2501.124,9.004,54.024,4762,5832,0.920,1.520,1.050,2,0,2.001,0,0,18,322,1,8,0
16-01 20:23:31,22.036,8.764,65.857,2.003,0,5251224,285872,183424,2281368,11389.477,1460.369,961.560,7223.719,52.084,552.897,9039,12063,0.920,1.520,1.050,1,0,97.158,0,0,18,323,1,9,0
16-01 20:23:32,12.473,16.714,68.853,0.998,0,5258416,277768,183424,2282284,8178.544,1658.460,870.143,1065.725,11.974,60.870,5864,4963,0.920,1.520,1.050,2,0,342.269,0,0,18,323,1,11,0
16-01 20:23:33,16.755,6.502,63.268,12.003,0,5282664,211376,183424,2324396,5925.647,1620.451,42403.789,1404.390,3457.961,20.006,9783,9287,0.920,1.510,1.050,2,0,13.004,0,0,18,323,1,11,0
16-01 20:23:34,22.949,7.982,63.609,4.241,0,5318888,174116,183828,2325028,9233.566,2671.089,1496.688,1875.849,250.446,79.823,3885,3727,0.920,1.510,1.050,3,0,14.967,0,0,18,324,1,11,0
16-01 20:23:35,6.003,1.501,91.296,0.500,0,5318700,174116,183828,2325216,48141.061,5101.550,440.220,204.102,7.004,14.007,1848,2301,0.920,1.510,1.050,2,0,2.001,0,0,18,324,1,11,0
16-01 20:23:36,2.255,1.504,94.477,0.251,0,5310632,182032,183836,2325352,34599.014,3653.767,92.221,11034.475,1.002,58.139,1604,1946,0.920,1.510,1.050,2,0,3.007,0,0,18,324,1,11,0
16-01 20:23:37,4.253,2.252,87.060,4.253,0,5274964,217456,183840,2325524,127980.469,130510.218,248.172,3082.131,10.007,341.236,2543,2164,0.920,1.510,1.050,0,0,10.007,0,0,18,323,1,11,0
16-01 20:23:38,1.997,0.998,96.587,0,0,5272536,219884,183840,2325524,8226.148,1617.277,0,0,0,0,1189,1660,0.850,1.480,1.050,1,0,0,0,0,18,323,1,11,0
16-01 20:23:39,1.249,0,96.929,0,0,5261372,230920,183840,2325652,5935.629,1456.927,0,0,0,0,1085,1642,0.850,1.480,1.050,1,0,0,0,0,18,323,1,11,0
16-01 20:23:40,1.750,0.750,96.728,0,0,5258496,233796,183840,2325652,5559.759,1619.638,0,11.997,0,2.000,1141,1670,0.850,1.480,1.050,1,0,0,0,0,18,323,1,11,0
16-01 20:23:41,2.500,1.000,95.483,1.000,0,5245464,247172,183840,2325676,5767.998,1619.718,15.997,14617.460,1.000,445.922,2409,2287,0.850,1.480,1.050,1,0,0,0,0,18,323,1,11,0
16-01 20:23:42,1.501,1.001,95.824,0.250,0,5233268,259368,183840,2325676,8331.407,1695.304,0,308.237,0,20.015,1321,1770,0.850,1.480,1.050,1,0,0,0,0,18,323,1,11,0
16-01 20:23:43,1.749,0.500,95.972,0,0.250,5229916,262720,183840,2325676,7051.944,1693.506,0,139.959,0,21.994,1389,2035,0.780,1.460,1.040,1,0,0,0,0,18,323,1,11,0
16-01 20:23:44,1.500,1.250,96.255,0,0,5226984,265652,183840,2325676,8578.478,1694.094,0,224.012,0,20.001,1253,1781,0.780,1.460,1.040,1,0,0,0,0,18,323,1,11,0
16-01 20:23:45,2.001,0.750,95.781,0.250,0,5224412,268220,183840,2325680,9262.006,1694.550,0,112.036,0,13.004,1328,1854,0.780,1.460,1.040,1,0,0,0,0,18,323,1,11,0
16-01 20:23:46,1.999,2.498,94.682,0,0,5209884,282716,183844,2325696,8704.793,1530.908,3.997,34651.292,0.999,108.922,1656,1816,0.780,1.460,1.040,1,0,0.999,0,0,18,323,1,11,0
16-01 20:23:47,2.003,0.501,96.158,0,0,5209740,282824,183844,2325732,7633.582,1696.797,0,4.007,0,1.002,1201,1635,0.780,1.460,1.040,1,0,0,0,0,18,323,1,11,0
16-01 20:23:48,1.750,0.750,96.488,0,0,5209740,282824,183844,2325732,7416.086,1619.800,0,1119.862,0,5.999,1151,1659,0.720,1.430,1.030,1,0,0,0,0,18,323,1,11,0
16-01 20:23:49,1.999,0.750,95.706,0.250,0,5209736,282824,183844,2325736,8953.861,1693.217,0,243.887,0,22.989,1385,1992,0.720,1.430,1.030,3,0,1.000,0,0,18,323,1,11,0
16-01 20:23:50,1.749,0.500,95.715,0,0,5209736,282824,183844,2325736,8560.883,1619.410,0,67.975,0,8.997,1449,2034,0.720,1.430,1.030,1,0,1.000,0,0,18,323,1,11,0
16-01 20:23:51,2.245,4.739,91.293,0.998,0,5199460,293020,183844,2325760,6752.683,1616.334,0,130220.632,0,718.371,3443,3112,0.720,1.430,1.030,2,0,0,0,0,18,323,1,11,0
16-01 20:23:52,1.753,0.751,95.670,0.751,0,5199460,293020,183844,2325760,31822.409,1622.877,0,2400.255,0,179.318,1783,2018,0.720,1.430,1.030,2,0,0,0,0,18,323,1,11,0
16-01 20:23:53,2.502,1.001,95.071,0,0,5199460,293020,183844,2325760,19058.152,1695.259,0,164.122,0,18.013,1459,1970,0.660,1.410,1.030,1,0,0,0,0,18,323,1,11,0
16-01 20:23:54,1.751,0.500,96.802,0,0.250,5199460,293020,183844,2325760,44911.066,1458.782,0,180.097,0,12.006,1306,1776,0.660,1.410,1.030,2,0,0,0,0,18,323,1,11,0
16-01 20:23:55,1.749,0.750,96.193,0,0,5199456,293020,183844,2325764,9591.363,1619.048,0,0,0,0,1194,1681,0.660,1.410,1.030,1,0,0,0,0,18,323,1,11,0
16-01 20:23:56,2.001,0.750,96.310,0.250,0,5199704,292772,183844,2325764,5232.261,1621.010,0,32.020,0,4.002,1300,1816,0.660,1.410,1.030,1,0,3.002,0,0,18,323,1,11,0
16-01 20:23:57,1.501,0.750,97.039,0,0,5199704,292772,183844,2325764,9161.674,1620.650,0,88.035,0,3.001,1151,1610,0.660,1.410,1.030,0,0,0,0,0,18,323,1,11,0
16-01 20:23:58,1.500,0.500,96.469,0,0,5199704,292772,183844,2325764,6814.818,1619.481,0,0,0,0,1187,1644,0.610,1.380,1.020,1,0,0,0,0,18,323,1,11,0
16-01 20:23:59,1.750,0.500,96.774,0,0,5199700,292772,183844,2325768,5699.386,1620.394,0,80.019,0,6.001,1117,1687,0.610,1.380,1.020,1,0,0,0,0,18,323,1,11,0
16-01 20:24:00,1.750,0.500,96.005,0,0,5199700,292772,183844,2325768,8463.426,1620.082,0,56.003,0,7.000,1327,1843,0.610,1.380,1.020,2,0,0,0,0,18,323,1,11,0
16-01 20:24:01,1.749,0.750,95.957,0.250,0,5199676,292772,183844,2325792,7358.702,1531.314,15.993,95.957,1.000,9.996,1342,1968,0.610,1.380,1.020,1,0,0,0,0,18,323,1,11,0
16-01 20:24:02,2.249,1.000,95.479,0.250,0,5199364,293072,183844,2325796,8924.012,1619.639,0,3139.301,0,26.994,1401,1880,0.610,1.380,1.020,1,0,0,0,0,18,323,1,11,0
16-01 20:24:03,2.000,0.750,95.764,0,0,5199360,293072,183844,2325800,8829.333,1620.245,0,140.021,0,17.003,1387,1959,0.560,1.360,1.020,1,0,0,0,0,18,323,1,11,0
16-01 20:24:04,1.500,0.750,95.753,0,0,5199360,293072,183844,2325800,5504.190,1620.056,0,372.013,0,31.001,1457,2202,0.560,1.360,1.020,1,0,1.000,0,0,18,323,1,11,0
16-01 20:24:05,2.250,0.750,95.765,0,0,5199356,293072,183844,2325804,9254.442,1620.252,0,80.012,0,12.002,1450,2093,0.560,1.360,1.020,1,0,1.000,0,0,18,323,1,11,0
16-01 20:24:06,2.000,0.500,95.981,0,0,5199356,293072,183844,2325804,8630.281,1619.677,0,43.991,0,5.999,1412,1994,0.560,1.360,1.020,1,0,1.000,0,0,18,323,1,11,0
16-01 20:24:07,2.499,1.000,95.708,0.250,0,5199356,293072,183844,2325804,7846.538,809.643,0,611.730,0,18.992,1288,1835,0.560,1.360,1.020,2,0,0,0,0,18,323,1,11,0
16-01 20:24:08,16.495,4.998,77.226,0,0,5233684,258604,183868,2325920,423687.981,13255.932,0,0,0,0,4648,5652,0.510,1.340,1.010,2,0,25.992,0,0,18,323,1,11,0
16-01 20:24:09,22.069,8.777,67.461,0.502,0,5216384,274896,183884,2326908,303699.954,13022.691,140.439,28.088,7.022,3.009,4854,8806,0.510,1.340,1.010,1,0,78.244,0,0,18,323,1,11,0
