"pcp-dstat 6.2.0 CSV Output"
"Author:","PCP team <pcp@groups.io> and Dag Wieers <dag@wieers.com>",,,,"URL:","https://pcp.io/ and http://dag.wieers.com/home-made/dstat/"
"Host:","ubuntu",,,,"User:","ubuntu"
"Cmdline:","dstat -tcmndrylpg --tcp --output /tmp/devstack_logs/dstat-csv.log",,,,"Date:","15 Jan 2026 17:16:09 UTC"
"system","total usage",,,,,"memory usage",,,,"net/total",,"dsk/total",,"io/total",,"system",,"load avg",,,"procs",,,"paging",,"tcp sockets",,,,
"time","total usage:usr","total usage:sys","total usage:idl","total usage:wai","total usage:stl","used","free","buf","cach","net/total:recv","net/total:send","dsk/total:read","dsk/total:writ","read","writ","int","csw","1m","5m","15m","run","blk","new","in","out","lis","act","syn","tim","clo"
15-01 17:16:09,,1025052,1673024,164596,4958784,,,,,,,1.430,0.840,0.470,2,0,,,,10,5,0,17,1
15-01 17:16:10,20.749,21.499,56.498,1.000,0,1021576,1675872,164704,4959168,41390.222,13007.441,0,3639.844,0,103.996,7111,6425,1.430,0.840,0.470,2,0,498.979,0,0,10,4,0,17,2
15-01 17:16:11,27.493,16.746,53.236,0.500,0,1034260,1655280,164760,4966776,28332.787,12180.899,0,1723.561,0,61.984,6103,6071,1.430,0.840,0.470,1,0,355.909,0,0,10,4,0,17,2
15-01 17:16:12,39.423,20.211,38.924,0.250,0,1033420,1637188,165012,4983720,182064.808,5801.713,0,2574.991,0,81.841,7082,14594,1.430,0.840,0.470,2,0,298.419,0,0,10,4,0,18,2
15-01 17:16:13,27.971,8.741,61.687,0.749,0,1170636,1481208,165852,5123632,9212.544,1618.339,15.984,1342.622,0.999,26.972,4137,3840,1.430,0.840,0.470,3,0,84.913,0,0,11,6,0,18,2
15-01 17:16:14,41.031,10.758,48.287,0.250,0.250,1194064,1443300,166176,5136060,10139.744,1621.238,0,760.581,0,27.021,4311,2786,1.480,0.860,0.480,2,0,180.138,0,0,11,8,0,18,2
15-01 17:16:15,42.752,6.750,48.003,2.000,0,1235268,1377360,166984,5157760,7119.415,1620.094,32.002,17737.033,2.000,593.035,4812,2930,1.480,0.860,0.480,2,0,35.002,0,0,11,6,0,19,2
15-01 17:16:16,43.750,5.500,48.500,0.750,0,1257692,1324340,168180,5184028,9259.095,1620.017,0,3604.037,0,101.001,3418,2075,1.480,0.860,0.480,2,0,0,0,0,11,6,0,19,2
15-01 17:16:17,35.584,7.267,47.112,9.272,0,1267824,1292000,170028,5202116,7133.905,2118.019,0,34854.595,0,2513.957,15545,22399,1.480,0.860,0.480,4,0,52.124,0,0,11,9,0,19,2
15-01 17:16:18,36.412,8.480,47.386,6.484,0,1213544,1361380,170564,5186780,17873.970,3773.915,0,45705.966,0,3141.437,13435,22093,1.480,0.860,0.480,2,0,106.743,0,0,11,4,0,19,0
15-01 17:16:19,39.743,6.249,52.490,1.000,0,1275048,1299784,170640,5186796,14248.333,3724.303,0,10170.097,0,629.882,4231,3655,1.520,0.880,0.490,2,0,32.994,0,0,11,5,0,19,0
15-01 17:16:20,45.875,4.763,48.633,0.251,0,1293104,1274240,170740,5193320,10629.977,1798.904,0,1492.067,0,27.074,2896,1546,1.520,0.880,0.490,3,0,4.011,0,0,11,4,0,19,0
15-01 17:16:21,37.916,5.238,54.879,0.499,0,1290488,1269096,171244,5199228,16821.918,4487.109,0,5376.149,0,213.529,3541,2559,1.520,0.880,0.490,3,0,26.941,0,0,11,4,0,19,1
15-01 17:16:22,45.726,6.996,46.225,0,0,1286216,1272652,171284,5199728,6342.628,1727.082,0,343.817,0,12.993,11545,19056,1.520,0.880,0.490,4,0,12.993,0,0,11,4,0,19,0
15-01 17:16:23,31.325,24.058,43.104,0,0,1229948,1328540,171368,5199944,7211.331,1623.903,0,100.241,0,5.012,13553,20884,1.520,0.880,0.490,4,0,452.087,0,0,11,4,0,19,0
15-01 17:16:24,33.726,21.235,43.469,0.250,0,1163752,1409328,171384,5187456,9451.353,1618.862,0,2070.544,0,22.984,6516,6599,1.560,0.900,0.500,4,0,366.742,0,0,11,4,0,19,0
15-01 17:16:25,53.156,14.724,31.944,0,0,1196592,1376456,171388,5187596,10055.298,1617.153,0,3.993,0,0.998,5031,4254,1.560,0.900,0.500,2,0,253.554,0,0,11,5,0,19,0
15-01 17:16:26,47.259,4.251,48.259,0,0,1225088,1347684,171396,5187868,41091.559,1554.286,0,7537.386,0,27.005,2771,1159,1.560,0.900,0.500,3,0,0,0,0,11,5,0,19,0
15-01 17:16:27,41.979,8.496,49.225,0,0,1251980,1320340,171404,5188304,42044.000,1619.191,0,391.804,0,41.979,2734,1451,1.560,0.900,0.500,2,0,0,0,0,11,5,0,19,0
15-01 17:16:28,23.757,8.753,66.019,0,0,1267244,1302932,171468,5190320,9910.914,1620.477,0,2472.727,0,90.026,3887,4847,1.560,0.900,0.500,1,0,118.035,0,0,11,4,0,20,0
15-01 17:16:29,15.003,3.501,80.267,0,0,1320916,1249256,171468,5190324,8298.774,1620.346,0,444.095,0,27.006,1848,1642,1.520,0.900,0.500,1,0,22.005,0,0,11,4,0,20,0
15-01 17:16:30,23.489,2.249,73.716,0,0,1362552,1207616,171468,5190328,5707.388,1565.284,0,0,0,0,1778,1239,1.520,0.900,0.500,1,0,1.000,0,0,11,4,0,20,0
15-01 17:16:31,23.511,3.502,71.534,1.251,0,1384920,1184956,171524,5190564,5908.790,1620.765,0,18384.680,0,245.116,3962,4587,1.520,0.900,0.500,1,0,1.000,0,0,11,10,0,20,0
15-01 17:16:32,20.755,6.251,71.017,0.500,0,1374096,1195732,171540,5190568,9328.207,1620.383,100.024,2552.604,10.002,146.035,2991,2370,1.520,0.900,0.500,1,0,48.011,0,0,11,4,0,18,0
15-01 17:16:33,19.242,1.999,77.719,0.500,0,1403352,1165844,171804,5190860,9529.198,4007.401,271.892,895.643,9.996,10.996,1815,1402,1.520,0.900,0.500,3,0,0,0,0,11,9,0,18,0
15-01 17:16:34,18.494,2.749,73.974,4.249,0,1398156,1170620,171848,5191092,11346.077,4012.612,267.907,627.783,65.977,21.992,2553,2513,1.470,0.900,0.500,1,0,1.999,0,0,11,27,0,18,0
15-01 17:16:35,19.508,5.002,74.280,0.250,0,1415848,1152844,171848,5191172,11862.813,4935.002,0,2565.041,0,104.042,2635,1867,1.470,0.900,0.500,2,0,44.018,0,0,11,28,0,19,0
15-01 17:16:36,18.249,3.000,77.247,0,0,1429272,1139412,171848,5191176,13536.554,5770.810,0,22259.266,0,77.997,1990,1285,1.470,0.900,0.500,1,0,0,0,0,11,29,0,17,0
15-01 17:16:37,25.475,11.738,61.939,0,0,1416864,1151796,171852,5191196,10882.288,4524.546,0,1962.069,0,20.979,3747,2840,1.470,0.900,0.500,3,0,155.847,0,0,11,28,0,18,0
15-01 17:16:38,36.575,3.758,58.871,0,0,1469900,1098620,171852,5191336,14891.552,9415.316,0,2344.811,0,17.035,2908,2047,1.470,0.900,0.500,2,0,0,0,0,11,30,0,18,0
15-01 17:16:39,36.797,5.257,56.823,0.250,0,1445868,1122448,171856,5191536,20325.171,12535.141,0,148.191,0,21.027,5718,7271,1.520,0.920,0.510,2,0,33.043,0,0,11,28,0,19,0
15-01 17:16:40,64.833,29.424,5.486,0,0.499,1512680,1055588,171856,5191584,9770.842,1681.670,0,203.476,0,19.949,5905,4836,1.520,0.920,0.510,6,0,544.598,0,0,11,28,0,19,0
15-01 17:16:41,87.746,10.530,0.251,0,0,1700912,867324,171864,5191600,17648.486,13402.581,0,276.776,0,10.028,5217,3321,1.520,0.920,0.510,6,0,0,0,0,11,31,0,19,0
15-01 17:16:42,79.956,9.994,9.245,0,0,1743704,824296,171868,5191832,39928.827,31238.653,0,539.700,0,54.969,8077,12289,1.520,0.920,0.510,5,0,49.972,0,0,11,30,0,23,0
15-01 17:16:43,30.185,12.224,56.629,0,0,1567412,1000536,171880,5191872,11041.311,5528.139,0,399.144,0,31.931,4863,4924,1.520,0.920,0.510,1,0,259.443,0,0,11,28,0,25,0
15-01 17:16:44,19.297,2.757,77.688,0.251,0,1543652,1024292,171880,5191876,13717.272,5482.298,0,184.447,0,8.019,2040,1663,1.470,0.920,0.510,1,0,0,0,0,11,29,0,23,0
15-01 17:16:45,17.242,4.998,76.715,0,0,1490120,1077680,171880,5192020,12747.230,4658.891,0,231.895,0,22.990,3239,3247,1.470,0.920,0.510,1,0,67.969,0,0,11,28,0,24,0
15-01 17:16:46,20.461,5.739,72.112,0.499,0,1503036,1064756,171880,5192020,7269.134,3077.130,0,70733.071,0,599.856,3193,1633,1.470,0.920,0.510,0,0,0,0,0,11,29,0,24,0
15-01 17:16:47,17.246,1.750,80.230,0.250,0,1482104,1085768,171896,5192032,15653.122,7075.247,0,1587.607,0,42.989,3026,3467,1.470,0.920,0.510,1,0,0,0,0,11,28,0,25,0
15-01 17:16:48,8.019,22.804,67.910,0,0,1446756,1121096,171904,5192044,9015.289,1623.835,0,204.483,0,12.028,6238,4661,1.470,0.920,0.510,2,0,545.288,0,0,11,28,0,25,0
15-01 17:16:49,65.038,28.016,6.754,0,0,1524428,1043384,171904,5192084,7532.351,1714.991,0,260.150,0,22.013,5703,4291,1.760,0.990,0.540,5,0,494.286,0,0,11,28,0,25,0
15-01 17:16:50,80.847,8.234,10.730,0,0,1692704,875084,171908,5192104,30703.804,22639.090,0,882.328,0,46.911,6140,5350,1.760,0.990,0.540,3,0,0.998,0,0,11,33,0,25,0
15-01 17:16:51,78.144,10.269,11.521,0.250,0,1651804,915644,171944,5192404,40169.133,29900.181,0,31778.648,0,230.425,9449,14907,1.760,0.990,0.540,5,0,60.111,0,0,11,28,0,26,0
15-01 17:16:52,78.580,21.204,0,0,0,1600036,967384,171944,5192432,9870.594,1682.352,0,227.507,0,12.972,5434,3854,1.760,0.990,0.540,6,0,249.459,0,0,11,28,0,26,0
15-01 17:16:53,88.516,9.752,1.000,0,0,1737636,829620,171944,5192596,28390.030,22466.981,0,208.037,0,10.002,5952,5952,1.760,0.990,0.540,5,0,0,0,0,11,32,0,26,0
15-01 17:16:54,72.134,10.770,16.531,0.250,0,1650096,916908,171952,5192840,46284.292,40621.734,0,745.390,0,27.050,10033,15399,2.020,1.060,0.560,3,0,150.280,0,0,11,29,0,30,1
15-01 17:16:55,41.611,11.462,45.847,0,0,1482932,1084040,171960,5192864,29855.352,5088.018,0,322.922,0,25.914,4801,4464,2.020,1.060,0.560,2,0,147.508,0,0,11,28,0,31,0
15-01 17:16:56,36.282,4.504,58.552,0,0,1483860,1083056,171960,5192920,37301.141,11281.023,0,1845.640,0,122.108,3236,2508,2.020,1.060,0.560,1,0,0,0,0,11,30,0,31,0
15-01 17:16:57,43.864,20.052,35.593,0.501,0,1458588,1108136,171968,5193104,53394.193,10259.746,0,336.878,0,29.076,6388,7140,2.020,1.060,0.560,4,0,378.988,0,0,11,28,0,33,0
15-01 17:16:58,55.105,6.483,37.651,0,0,1541664,1025048,171968,5193116,15980.898,11600.438,0,187.506,0,7.979,3804,2331,2.020,1.060,0.560,2,0,0,0,0,11,31,0,33,0
15-01 17:16:59,52.143,8.022,38.857,0,0,1485076,1081548,172000,5193172,29646.262,19934.642,0,405.110,0,43.118,7106,9617,2.020,1.070,0.570,3,0,100.275,0,0,11,28,0,34,0
15-01 17:17:00,81.243,18.499,0.250,0,0,1574112,992484,172004,5193196,7780.377,1619.870,0,223.982,0,9.999,4970,2460,2.020,1.070,0.570,5,0,158.987,0,0,11,28,0,29,0
15-01 17:17:01,58.495,7.249,34.497,0,0,1618304,948212,172020,5193260,35369.048,30822.427,4.000,927.923,1.000,29.997,6698,8879,2.020,1.070,0.570,2,0,3.000,0,0,11,32,0,29,0
15-01 17:17:02,60.217,18.990,19.989,0.500,0,1526864,1039536,172072,5193324,18299.027,12938.948,0,3777.941,0,202.889,7158,8705,2.020,1.070,0.570,3,0,323.824,0,0,11,28,0,32,0
15-01 17:17:03,54.482,5.498,39.487,0,0,1589032,977356,172072,5193336,21133.973,13294.580,0,199.934,0,10.996,3868,2514,2.020,1.070,0.570,3,0,0,0,0,11,31,0,32,0
15-01 17:17:04,51.266,9.253,38.512,0.250,0,1558200,1007912,172096,5193588,25764.843,18836.734,0,316.096,0,41.012,7519,9586,1.850,1.060,0.570,6,0,118.036,0,0,11,28,0,34,0
15-01 17:17:05,61.789,16.761,21.013,0,0,1494500,1071600,172096,5193600,9075.748,1621.027,0,192.122,0,11.007,4226,2344,1.850,1.060,0.570,4,0,181.115,0,0,11,28,0,34,0
15-01 17:17:06,45.628,4.987,48.371,0,0,1520656,1045152,172096,5193892,27450.766,22013.272,0,135.638,0,6.981,4993,5441,1.850,1.060,0.570,3,0,0,0,0,11,31,0,34,0
15-01 17:17:07,55.117,18.540,25.554,0,0,1483072,1082536,172116,5194072,17364.014,9010.207,0,909.940,0,49.105,6072,6494,1.850,1.060,0.570,3,0,287.613,0,0,11,28,0,37,0
15-01 17:17:08,54.379,5.238,38.914,0,0,1571328,994136,172120,5194212,19541.573,13887.139,0,95.787,0,6.984,3970,2945,1.850,1.060,0.570,2,0,0,0,0,11,31,0,37,0
15-01 17:17:09,51.395,12.535,36.102,0,0,1475328,1090052,172140,5194276,20215.133,15262.134,0,344.975,0,41.116,6349,8227,1.950,1.090,0.580,3,0,112.317,0,0,11,28,0,36,0
15-01 17:17:10,57.813,6.728,34.887,0,0,1583708,981660,172140,5194288,16188.761,9510.312,0,159.485,0,9.968,3721,1881,1.950,1.090,0.580,1,0,0.997,0,0,11,31,0,36,0
15-01 17:17:11,51.660,6.520,40.877,0.251,0,1560312,1004980,172152,5194352,27693.020,19584.834,0,2712.425,0,170.530,6972,8642,1.950,1.090,0.580,2,0,50.156,0,0,11,28,0,38,0
15-01 17:17:12,59.258,27.754,12.502,0,0,1526992,1038124,172156,5194524,6198.866,1674.234,0,332.046,0,25.003,6000,17103,1.950,1.090,0.580,6,0,520.073,0,0,11,28,0,39,0
15-01 17:17:13,79.250,20.750,0,0,0,1659980,905116,172156,5194544,12631.942,5625.974,0,195.999,0,12.000,5616,4475,1.950,1.090,0.580,5,0,373.998,0,0,11,30,0,38,0
15-01 17:17:14,76.968,19.992,2.749,0,0,1748540,816456,172164,5194636,34809.659,31070.200,0,1299.465,0,45.981,7170,8353,2.430,1.200,0.620,5,0,445.816,0,0,11,33,0,38,0
15-01 17:17:15,77.020,21.255,2.001,0,0,1700576,864144,172176,5194900,43400.148,31768.160,0,592.152,0,61.016,8050,9891,2.430,1.200,0.620,6,0,413.106,0,0,11,28,0,39,0
15-01 17:17:16,84.760,15.252,0.500,0,0,1628564,936156,172176,5194900,12011.405,5601.655,0,148.017,0,8.001,5171,3180,2.430,1.200,0.620,5,0,87.010,0,0,11,29,0,39,0
15-01 17:17:17,79.023,7.229,12.713,0,0,1677192,887332,172180,5195092,36396.340,31384.751,0,2133.864,0,43.874,6229,8530,2.430,1.200,0.620,4,0,0,0,0,11,32,0,38,0
15-01 17:17:18,52.362,22.298,24.803,0,0,1460644,1103832,172192,5195180,34476.485,24650.541,0,192.410,0,13.028,8891,12824,2.430,1.200,0.620,2,0,568.211,0,0,11,28,0,42,0
15-01 17:17:19,29.018,34.272,36.773,0,0,1482676,1081752,172192,5195228,7859.976,1621.026,0,232.147,0,22.014,6480,5894,2.400,1.220,0.630,7,0,862.546,0,0,11,28,0,42,0
15-01 17:17:20,74.760,15.252,9.751,0,0,1600092,964312,172192,5195252,12692.703,8079.084,0,0,0,0,4720,2959,2.400,1.220,0.630,3,0,174.023,0,0,11,30,1,42,0
15-01 17:17:21,63.166,7.240,28.462,0.250,0,1616272,947932,172204,5195440,33613.513,23563.814,0,347.540,0,39.947,6981,8998,2.400,1.220,0.630,8,0,66.911,0,0,11,30,0,44,0
15-01 17:17:22,73.835,19.773,5.757,0,0,1530560,1033568,172232,5195488,13226.313,6130.097,0,460.533,0,41.048,5957,5482,2.400,1.220,0.630,4,0,201.233,0,0,11,28,0,46,0
15-01 17:17:23,67.441,7.493,25.228,0,0,1612876,951216,172232,5195524,30529.173,21564.051,0,239.789,0,10.990,5481,5791,2.400,1.220,0.630,3,0,0,0,0,11,32,0,46,0
15-01 17:17:24,54.007,5.751,38.255,0,0,1612484,951216,172232,5195916,49866.004,38763.667,0,244.029,0,19.002,11626,18494,2.280,1.210,0.630,3,0,0,0,0,11,32,0,46,0
15-01 17:17:25,72.785,14.007,12.756,0.250,0,1475200,1088400,172260,5195988,40449.591,17815.629,0,592.287,0,62.030,8539,11358,2.280,1.210,0.630,4,0,113.055,0,0,11,28,0,46,0
15-01 17:17:26,76.978,9.997,12.746,0,0,1595044,968544,172260,5196000,39101.019,12086.606,0,219.938,0,13.996,4707,2947,2.280,1.210,0.630,3,0,6.998,0,0,11,31,0,46,0
15-01 17:17:27,58.752,6.250,34.001,0,0.250,1611184,952176,172264,5196224,76513.479,33537.087,0,228.007,0,11.000,9385,13763,2.280,1.210,0.630,3,0,0,0,0,11,32,0,46,0
15-01 17:17:28,58.238,11.248,29.744,0,0,1544192,1018924,172264,5196468,44278.743,33007.100,0,195.959,0,11.997,10651,16178,2.280,1.210,0.630,5,0,141.970,0,0,11,29,0,49,0
15-01 17:17:29,78.268,15.003,6.001,0,0,1568840,994244,172264,5196500,12825.897,6444.455,0,156.035,0,8.002,4894,3238,2.420,1.260,0.650,3,0,118.027,0,0,11,29,0,49,0
15-01 17:17:30,67.011,7.001,25.504,0.250,0,1606188,956708,172268,5196684,35537.839,27419.505,0,148.024,0,9.001,6663,8481,2.420,1.260,0.650,3,0,1.000,0,0,11,32,0,49,0
15-01 17:17:31,65.270,12.254,21.506,0,0,1536448,1026208,172284,5196908,33956.260,26000.856,0,368.111,0,35.011,9861,14035,2.420,1.260,0.650,5,0,98.030,0,0,11,28,0,51,0
15-01 17:17:32,79.731,12.747,7.748,0,0,1599280,963364,172284,5196916,11387.278,7569.191,0,231.945,0,12.997,4693,2486,2.420,1.260,0.650,4,0,35.991,0,0,11,30,0,51,0
15-01 17:17:33,64.021,11.754,24.758,0,0,1607868,954712,172292,5196972,26624.936,21468.205,0,364.122,0,39.013,6259,8074,2.420,1.260,0.650,5,0,120.040,0,0,11,30,0,51,0
15-01 17:17:34,69.008,9.218,20.179,0,0,1615776,946584,172300,5197148,35294.056,26467.055,0,227.202,0,21.923,8023,11735,2.470,1.290,0.660,3,0,2.990,0,0,11,32,0,52,0
15-01 17:17:35,69.746,14.551,15.555,0,0,1541588,1020704,172304,5197212,28074.856,20344.637,0,204.721,0,16.057,6500,7841,2.470,1.290,0.660,4,0,142.502,0,0,11,33,0,54,0
15-01 17:17:36,74.519,12.960,11.714,0,0,1567520,994748,172304,5197236,20643.893,12648.721,0,155.517,0,9.969,5217,4369,2.470,1.290,0.660,4,0,85.734,0,0,11,34,0,55,0
15-01 17:17:37,71.713,11.534,17.051,0,0,1587504,974588,172308,5197408,24480.594,17482.843,0,3979.802,0,182.541,6197,6316,2.470,1.290,0.660,4,0,68.202,0,0,11,34,0,55,0
15-01 17:17:38,66.637,8.236,23.710,0.250,0,1596336,965556,172308,5197608,30983.523,21642.344,0,375.364,0,35.939,6625,8699,2.470,1.290,0.660,4,0,71.878,0,0,11,34,0,57,0
15-01 17:17:39,57.602,14.275,28.050,0,0,1480056,1081812,172320,5197620,15160.775,6997.358,0,392.694,0,38.067,5089,4603,2.510,1.320,0.670,3,0,186.329,0,0,11,32,0,59,0
15-01 17:17:40,53.959,7.994,37.222,0.250,0,1537644,1024172,172320,5197672,15543.227,11215.505,0,223.830,0,15.988,4292,3762,2.510,1.320,0.670,2,0,0.999,0,0,11,34,0,59,0
15-01 17:17:41,50.365,9.724,39.394,0,0,1558736,1002900,172324,5197848,27318.766,21274.968,0,147.604,0,9.973,5650,7500,2.510,1.320,0.670,3,0,95.743,0,0,11,33,0,60,0
15-01 17:17:42,58.169,11.533,29.837,0.251,0,1500304,1061300,172324,5197876,17111.624,8430.448,0,1745.061,0,148.430,4608,3182,2.510,1.320,0.670,3,0,86.250,0,0,11,33,0,61,0
15-01 17:17:43,48.375,7.481,43.138,0,0,1528132,1033400,172324,5197944,22912.654,16839.384,0,247.359,0,17.953,5346,6197,2.510,1.320,0.670,2,0,85.778,0,0,11,34,0,62,0
15-01 17:17:44,30.330,7.770,60.910,0.251,0,1468564,1092896,172344,5197992,21635.958,13686.029,0,381.003,0,33.087,5894,7428,2.390,1.310,0.680,2,0,89.235,0,0,11,32,0,64,0
15-01 17:17:45,39.919,7.485,51.645,0,0,1530600,1030856,172344,5197996,8835.979,3582.693,0,1624.686,0,15.967,2965,1710,2.390,1.310,0.680,1,0,45.906,0,0,11,33,0,57,0
15-01 17:17:46,35.088,3.759,60.402,0,0,1503312,1058012,172344,5198124,23717.616,15039.804,0,220.554,0,16.040,4880,5458,2.390,1.310,0.680,2,0,4.010,0,0,11,33,0,58,0
15-01 17:17:47,38.731,11.744,48.976,0,0,1483080,1078228,172344,5198140,9723.170,3691.166,0,167.917,0,12.994,4238,3169,2.390,1.310,0.680,2,0,133.933,0,0,11,32,0,59,0
15-01 17:17:48,33.017,3.252,62.282,0.250,0,1514620,1046516,172368,5198288,20491.417,12860.538,0,324.165,0,32.016,3400,3302,2.390,1.310,0.680,2,0,0,0,0,11,33,0,60,0
15-01 17:17:49,36.889,8.225,53.588,0,0,1414148,1146816,172384,5198444,15438.406,7238.155,0,929.196,0,63.807,5004,5096,2.280,1.310,0.680,2,0,64.804,0,0,11,32,0,61,0
15-01 17:17:50,38.597,5.765,55.139,0,0,1490700,1070248,172388,5198456,14515.551,8342.005,0,108.273,0,8.020,3274,2748,2.280,1.310,0.680,2,0,1.003,0,0,11,33,0,60,0
15-01 17:17:51,30.358,6.470,61.960,0,0,1477572,1083340,172388,5198492,20516.112,15733.465,0,111.479,0,6.967,4721,5668,2.280,1.310,0.680,1,0,42.800,0,0,11,33,0,61,0
15-01 17:17:52,40.151,5.772,53.954,0.251,0,1474492,1086388,172396,5198512,13220.875,4972.759,0,260.985,0,27.102,3468,2690,2.280,1.310,0.680,2,0,5.019,0,0,11,33,0,62,0
15-01 17:17:53,33.038,4.505,61.571,0,0,1495016,1065828,172400,5198544,24778.763,17469.278,0,552.642,0,59.069,4485,5313,2.280,1.310,0.680,1,0,0,0,0,11,34,0,62,0
15-01 17:17:54,25.182,12.965,60.337,0.249,0,1475440,1085312,172412,5198624,14149.866,5566.997,0,243.344,0,22.938,5347,5179,2.260,1.320,0.680,1,0,281.242,0,0,11,32,0,63,0
15-01 17:17:55,18.490,2.998,78.206,0,0,1496836,1063776,172416,5198760,19134.163,6603.260,0,175.900,0,8.995,1878,1531,2.260,1.320,0.680,1,0,0,0,0,11,33,0,63,0
15-01 17:17:56,17.802,3.260,77.476,0,0,1403164,1157376,172424,5198820,40260.378,7128.784,0,284.830,0,26.076,3505,4061,2.260,1.320,0.680,2,0,30.088,0,0,11,32,0,64,0
15-01 17:17:57,15.963,12.222,70.586,0.499,0,1403320,1157184,172452,5198828,43091.994,1508.499,0,2139.036,0,133.690,4343,3577,2.260,1.320,0.680,1,0,253.412,0,0,11,32,0,64,0
15-01 17:17:58,18.250,3.000,77.998,0,0,1429116,1131380,172456,5198832,14601.714,6660.869,0,155.997,0,12.000,1948,1619,2.260,1.320,0.680,1,0,0,0,0,11,33,0,57,0
15-01 17:17:59,16.800,6.018,76.729,0,0,1411892,1148584,172456,5198852,13473.185,7331.868,0,4.012,0,1.003,3670,3823,2.160,1.310,0.690,1,0,46.138,0,0,11,32,0,58,0
15-01 17:18:00,18.691,2.243,77.504,0,0,1409400,1151072,172456,5198856,11106.769,3822.874,0,0,0,0,1717,1097,2.160,1.310,0.690,0,0,0.997,0,0,11,33,0,58,0
15-01 17:18:01,17.755,2.751,78.273,0,0,1407680,1152772,172456,5198876,17181.153,10260.077,0,0,0,0,3685,4524,2.160,1.310,0.690,1,0,0,0,0,11,33,0,58,0
15-01 17:18:02,14.040,13.287,71.953,0.251,0,1357940,1202320,172472,5199044,12432.998,4965.979,0,2567.226,0,160.452,5562,5169,2.160,1.310,0.690,1,0,304.858,0,0,11,32,0,54,0
15-01 17:18:03,28.422,15.956,54.350,0.249,0,1407568,1152616,172480,5199108,7368.664,1615.542,0,430.811,0,27.923,5107,3922,2.160,1.310,0.690,2,0,321.114,0,0,11,32,0,56,0
15-01 17:18:04,43.983,5.998,47.732,1.749,0,1512596,1045012,172580,5201272,5890.753,1565.403,0,4402.321,0,342.869,5074,4566,2.140,1.320,0.690,2,0,22.991,0,0,11,36,0,56,0
15-01 17:18:05,37.569,8.516,42.578,10.519,0,1460980,1089780,173504,5206824,8659.826,1568.867,0,50179.703,0,4046.395,22011,32053,2.140,1.320,0.690,2,2,121.222,0,0,11,36,0,56,0
15-01 17:18:06,40.962,7.493,44.958,5.745,0,1443952,1105784,173976,5207320,7404.158,1564.554,0,27614.483,0,2439.746,13566,18657,2.140,1.320,0.690,2,0,33.969,0,0,11,32,0,54,0
15-01 17:18:07,45.854,5.262,47.357,1.253,0,1507136,1042564,173988,5207340,8679.659,1623.678,0,9561.657,0,551.249,4459,3836,2.140,1.320,0.690,2,0,1.002,0,0,11,32,0,54,0
15-01 17:18:08,37.398,8.477,42.384,8.975,0,1580372,968384,174412,5207840,7123.512,1615.580,0,23599.440,0,3003.783,20117,30145,2.140,1.320,0.690,3,0,2.992,0,0,11,34,0,54,0
15-01 17:18:09,28.997,7.249,62.493,0.750,0,1487528,1061176,174448,5207856,11648.635,1619.810,0,5607.343,0,277.967,3979,3289,2.050,1.320,0.700,1,0,98.988,0,0,11,32,0,54,0
15-01 17:18:10,22.742,3.249,72.725,0,0,1494864,1053836,174452,5207856,7095.553,1619.442,0,1483.488,0,88.969,2301,1822,2.050,1.320,0.700,1,0,2.999,0,0,11,32,0,49,0
15-01 17:18:11,22.007,3.751,72.774,0.750,0,1492796,1055844,174492,5207876,7723.585,1620.542,0,5893.973,0,299.100,2822,2534,2.050,1.320,0.700,1,0,1.000,0,0,11,32,0,49,0
15-01 17:18:12,28.495,5.749,64.739,0,0,1498780,1049856,174496,5207876,5505.040,1607.720,0,115.980,0,11.998,2978,12244,2.050,1.320,0.700,1,0,37.993,0,0,11,32,0,50,0
15-01 17:18:13,22.742,3.249,73.724,0,0,1453244,1095380,174496,5207888,9399.711,1565.452,0,3.999,0,1.000,1848,1155,2.050,1.320,0.700,1,0,1.000,0,0,11,32,0,50,0
15-01 17:18:14,22.005,3.251,73.767,0,0,1501656,1046964,174496,5207892,8765.036,1566.364,0,0,0,0,1866,1245,1.970,1.310,0.700,1,0,2.000,0,0,11,32,0,47,0
15-01 17:18:15,23.000,2.750,73.751,0,0,1480956,1067580,174500,5207960,9328.164,1620.029,0,4.000,0,1.000,1783,1087,1.970,1.310,0.700,1,0,1.000,0,0,11,32,0,47,0
15-01 17:18:16,22.255,3.501,73.517,0,0,1528056,1020480,174500,5207960,9081.128,1620.380,0,304.071,0,1.000,1859,1116,1.970,1.310,0.700,1,0,2.000,0,0,11,32,0,47,0
15-01 17:18:17,22.502,3.250,73.506,0,0,1497764,1050676,174508,5208040,10102.761,1620.122,0,180.014,0,2.000,1785,1164,1.970,1.310,0.700,1,0,1.000,0,0,11,32,0,47,0
15-01 17:18:18,22.491,3.748,73.221,0.250,0,1480640,1067752,174512,5208080,8686.521,1619.352,0,455.817,0,26.989,2078,1745,1.970,1.310,0.700,1,0,1.000,0,0,11,32,0,41,0
15-01 17:18:19,22.741,2.999,73.222,0,0,1486056,1062336,174512,5208080,6039.690,1619.381,0,119.954,0,9.996,1853,1253,1.890,1.310,0.700,1,0,1.999,0,0,11,32,0,41,0
15-01 17:18:20,23.008,2.751,73.777,0,0,1464804,1083564,174516,5208096,5757.105,1566.573,0,0,0,0,1860,1286,1.890,1.310,0.700,1,0,2.001,0,0,11,32,0,41,0
15-01 17:18:21,22.260,3.001,73.284,0,0,1475932,1072368,174516,5208128,10332.803,1566.728,0,4.002,0,1.000,1825,1185,1.890,1.310,0.700,1,0,1.000,0,0,11,32,0,41,0
15-01 17:18:22,22.011,3.752,73.538,0,0,1495952,1052348,174516,5208128,7701.006,1566.815,0,0,0,0,1836,1211,1.890,1.310,0.700,1,0,2.001,0,0,11,32,0,37,0
15-01 17:18:23,19.786,6.512,72.883,0.501,0,1477284,1070872,174520,5208268,8850.109,1622.954,0,2143.902,0,277.505,3208,2188,1.890,1.310,0.700,2,0,127.232,0,0,11,32,0,37,0
15-01 17:18:24,8.733,21.708,68.617,0,0,1446512,1101576,174524,5208308,7923.635,1616.865,0,1085.894,0,13.973,6404,5099,1.820,1.300,0.700,2,0,533.965,0,0,11,32,0,37,0
15-01 17:18:25,9.272,20.799,69.164,0,0,1425652,1122272,174524,5208468,10561.081,1623.856,0,272.647,0,5.012,6231,4592,1.820,1.300,0.700,1,0,452.074,0,0,11,32,0,37,0
15-01 17:18:26,12.714,14.958,71.050,0,0,1418764,1129148,174524,5208472,41653.581,1657.328,0,7.978,0,1.994,4656,3262,1.820,1.300,0.700,1,0,259.269,0,0,11,32,0,37,0
15-01 17:18:27,21.995,4.249,73.985,0,0,1479284,1068628,174524,5208472,40964.587,1619.667,0,3.999,0,1.000,1834,1175,1.820,1.300,0.700,1,0,2.000,0,0,11,32,0,37,0
15-01 17:18:28,22.503,3.250,72.760,0.250,0,1477204,1070720,174540,5208468,8549.122,1566.206,0,664.087,0,34.004,2034,1649,1.820,1.300,0.700,1,0,1.000,0,0,11,32,0,37,0
15-01 17:18:29,22.254,3.501,73.763,0,0,1527128,1020788,174548,5208468,9128.575,1566.270,0,588.101,0,93.016,2026,1302,1.750,1.300,0.700,2,0,2.000,0,0,11,32,0,37,0
15-01 17:18:30,22.249,3.000,73.496,0,0,1502824,1045084,174548,5208476,8045.582,1565.919,0,19.999,0,1.000,1816,1216,1.750,1.300,0.700,2,0,2.000,0,0,11,32,0,33,0
15-01 17:18:31,22.251,3.250,73.753,0,0,1531548,1016356,174548,5208480,9899.365,1620.060,0,0,0,0,1834,1213,1.750,1.300,0.700,2,0,2.000,0,0,11,32,0,33,0
15-01 17:18:32,22.474,4.495,72.916,0,0,1482880,1065000,174548,5208472,9468.052,1618.129,0,19.977,0,1.998,1906,1204,1.750,1.300,0.700,2,0,5.993,0,0,11,32,0,33,0
15-01 17:18:33,22.279,3.254,73.595,0,0,1524532,1023348,174548,5208472,10507.535,1622.089,0,4.005,0,1.001,1897,1188,1.750,1.300,0.700,1,0,3.004,0,0,11,32,0,33,0
15-01 17:18:34,22.498,2.750,73.994,0,0.250,1491716,1056152,174548,5208484,7325.414,1619.870,0,227.982,0,5.000,1771,1202,1.690,1.290,0.710,2,0,1.000,0,0,11,32,0,33,0
15-01 17:18:35,22.234,3.498,73.448,0,0,1537736,1010132,174548,5208484,6256.558,1618.851,0,127.909,0,27.980,1800,1121,1.690,1.290,0.710,2,0,1.999,0,0,11,32,0,27,0
15-01 17:18:36,22.266,3.503,74.054,0,0.250,1493816,1054064,174548,5208472,9233.737,1621.183,0,0,0,0,1875,1253,1.690,1.290,0.710,1,0,1.001,0,0,11,32,0,27,0
15-01 17:18:37,23.205,2.745,73.110,0,0,1517748,1030132,174548,5208472,7250.079,1562.999,0,23.954,0,0.998,1786,1135,1.690,1.290,0.710,1,0,1.996,0,0,11,32,0,27,0
15-01 17:18:38,22.543,3.256,73.640,0.501,0,1481792,1066124,174568,5208416,6382.138,1556.961,0,344.655,0,29.055,2006,1601,1.690,1.290,0.710,2,0,1.002,0,0,11,32,0,27,0
15-01 17:18:39,22.750,3.500,73.249,0,0,1528080,1019832,174572,5208416,8891.928,1619.987,0,2219.982,0,20.000,1843,1148,1.640,1.290,0.710,2,0,2.000,0,0,11,32,0,21,0
15-01 17:18:40,22.001,3.750,73.752,0,0,1481080,1066756,174572,5208492,6971.168,1620.039,0,108.003,0,24.001,1960,1282,1.640,1.290,0.710,1,0,2.000,0,0,11,32,0,21,0
15-01 17:18:41,22.253,3.500,73.258,0,0,1465204,1082640,174572,5208484,11039.243,1620.182,0,12.001,0,1.000,1828,1251,1.640,1.290,0.710,1,0,1.000,0,0,11,32,0,21,0
15-01 17:18:42,22.245,3.249,74.234,0,0,1498348,1049496,174572,5208484,8332.210,1619.652,0,19.996,0,1.000,1709,1047,1.640,1.290,0.710,2,0,2.000,0,0,11,32,0,21,0
15-01 17:18:43,22.252,3.750,73.508,0,0,1481940,1065904,174572,5208484,6017.630,1620.170,0,0,0,0,1826,1292,1.640,1.290,0.710,2,0,1.000,0,0,11,32,0,16,0
15-01 17:18:44,22.002,3.500,73.758,0,0,1478832,1069004,174572,5208492,9203.007,1620.177,0,84.009,0,4.000,1771,1160,1.580,1.280,0.710,2,0,1.000,0,0,11,32,0,16,0
15-01 17:18:45,22.749,3.000,73.747,0,0,1509324,1038512,174572,5208492,7661.713,1565.941,0,4.000,0,1.000,1775,1144,1.580,1.280,0.710,2,0,2.000,0,0,11,32,0,16,0
15-01 17:18:46,13.248,15.498,70.239,0,0,1462916,1084868,174572,5208544,8527.697,1511.769,0,287.956,0,35.995,4714,3306,1.580,1.280,0.710,1,0,312.952,0,0,11,32,0,16,0
15-01 17:18:47,17.504,9.252,72.266,0,0,1504504,1043260,174572,5208564,7421.676,1620.366,0,40.009,0,2.000,3165,2361,1.580,1.280,0.710,1,0,147.033,0,0,11,32,0,11,0
15-01 17:18:48,23.995,2.000,73.234,0,0,1524072,1023416,174572,5208808,9362.960,1619.647,0,451.902,0,30.993,2036,1543,1.580,1.280,0.710,2,0,0,0,0,11,32,0,11,0
15-01 17:18:49,21.754,4.001,73.263,0,0,1506360,1041124,174576,5208808,10134.790,1714.303,0,228.040,0,11.002,1983,1394,1.540,1.280,0.710,1,0,9.002,0,0,11,32,0,11,0
15-01 17:18:50,18.537,10.271,70.391,0.251,0,1495144,1052208,174576,5208940,7503.017,1623.249,40.080,32.064,2.004,2.004,3627,2575,1.540,1.280,0.710,2,0,224.449,0,0,11,32,0,11,0
15-01 17:18:51,8.250,21.751,68.754,0,0,1473680,1073636,174576,5208976,7168.388,1620.088,0,260.014,0,32.002,6543,5084,1.540,1.280,0.710,3,0,539.029,0,0,11,32,0,8,0
15-01 17:18:52,7.749,22.496,67.988,0,0,1449288,1098000,174576,5209004,9499.372,1619.722,0,203.965,0,3.999,6423,5018,1.540,1.280,0.710,3,0,518.911,0,0,11,32,0,8,0
15-01 17:18:53,8.251,23.504,68.260,0,0,1439640,1107604,174576,5209036,8206.256,1458.223,0,1172.179,0,13.002,6348,4923,1.540,1.280,0.710,1,0,523.080,0,0,11,32,0,8,0
15-01 17:18:54,8.247,21.493,68.478,0,0,1429200,1118008,174580,5209064,8823.170,1619.481,0,1855.405,0,72.977,6459,4845,1.490,1.270,0.710,1,0,525.831,0,0,11,32,0,8,0
15-01 17:18:55,8.004,22.010,69.281,0,0,1435980,1111200,174580,5209092,17244.805,1620.734,0,852.386,0,10.005,6318,4768,1.490,1.270,0.710,2,0,485.220,0,0,11,32,0,5,0
15-01 17:18:56,8.503,21.008,69.525,0,0,1432444,1114664,174580,5209160,33687.051,1620.580,0,196.070,0,9.003,6308,4866,1.490,1.270,0.710,2,0,482.172,0,0,11,32,0,5,0
15-01 17:18:57,7.502,22.756,68.769,0,0,1431892,1115180,174580,5209192,42236.519,1620.442,0,380.104,0,38.010,6261,4789,1.490,1.270,0.710,2,0,482.131,0,0,11,32,0,5,0
15-01 17:18:58,9.493,20.984,68.698,0,0,1435416,1111596,174600,5209232,6227.272,1618.771,0,563.572,0,40.969,6296,5129,1.490,1.270,0.710,1,0,458.652,0,0,11,32,0,5,0
15-01 17:18:59,24.013,27.515,47.526,0.750,0,1438964,1107856,174628,5209396,5983.329,1620.902,0,772.430,0,50.028,7387,6525,1.610,1.300,0.730,3,0,752.419,0,0,11,32,0,7,0
15-01 17:19:00,64.611,13.471,21.454,0,0,1607168,938924,174652,5210060,8786.109,1616.524,0,574.764,0,35.923,4386,2848,1.610,1.300,0.730,3,0,159.657,0,0,11,32,0,9,0
15-01 17:19:01,54.098,9.768,27.049,8.515,0,1702052,834188,175204,5218208,8527.436,1460.644,372.675,24576.487,3.005,1973.572,13079,18808,1.610,1.300,0.730,3,1,68.123,0,0,11,38,0,10,0
15-01 17:19:02,43.749,12.500,29.999,11.750,0,1674540,848832,176060,5229776,9109.844,1619.972,0,97066.337,0,7080.879,25440,47194,1.610,1.300,0.730,2,0,176.997,0,0,11,36,0,10,0
15-01 17:19:03,44.466,9.243,31.226,12.990,0,1704012,807000,176340,5241460,13871.289,6721.810,0,84614.665,0,6652.863,24793,43948,1.610,1.300,0.730,1,1,68.947,0,0,11,37,0,8,0
15-01 17:19:04,43.299,15.017,30.034,10.262,0,1637404,865960,177124,5248032,13877.798,5932.754,0,62571.228,0,4705.356,24340,34845,1.810,1.350,0.740,3,1,247.281,0,0,11,34,0,9,0
15-01 17:19:05,47.493,20.247,21.497,9.499,0,1638644,855532,177512,5256832,7553.930,1619.770,371.947,56903.936,5.999,4019.430,21832,32787,1.810,1.350,0.740,2,1,247.965,0,0,11,34,0,9,0
15-01 17:19:06,39.234,16.243,31.237,11.995,0,1646532,845372,177680,5258432,14612.020,9952.927,1799.264,41703.934,34.986,3162.706,17835,26983,1.810,1.350,0.740,6,0,184.924,0,0,11,35,0,9,0
15-01 17:19:07,30.214,9.239,46.944,11.237,0,1642424,845996,177824,5261680,20551.570,12344.326,0,49057.684,0,4152.064,23645,35653,1.810,1.350,0.740,3,0,89.893,0,0,11,35,0,9,0
15-01 17:19:08,36.978,10.244,39.726,11.243,0,1639396,849836,178044,5260632,8615.819,2149.707,0,45724.502,0,4176.488,22116,29672,1.810,1.350,0.740,2,0,47.971,0,0,11,34,0,9,0
15-01 17:19:09,33.810,7.263,43.327,13.524,0,1662256,825936,178348,5261360,11012.606,6672.880,0,44567.343,0,4212.500,21568,32243,1.740,1.340,0.750,3,0,42.075,0,0,11,35,0,9,0
15-01 17:19:10,34.016,7.003,46.271,10.755,0,1655684,830224,178508,5263428,18435.480,11060.088,0,47573.884,0,4284.971,21184,34644,1.740,1.340,0.750,1,0,37.017,0,0,11,35,0,9,0
15-01 17:19:11,36.249,9.750,42.249,9.500,0,1614176,869468,178596,5265544,15118.562,7202.791,0,41010.811,0,3794.890,20840,30937,1.740,1.340,0.750,2,1,121.996,0,0,11,36,0,10,0
15-01 17:19:12,38.916,9.230,38.417,10.976,0,1627296,852632,178656,5271368,9624.201,1658.416,0,49018.069,0,4421.445,21936,33418,1.740,1.340,0.750,4,1,87.810,0,0,11,36,0,10,0
15-01 17:19:13,34.296,9.012,43.308,12.016,0,1617820,858964,178872,5271944,17345.074,9894.162,0,67485.776,0,5368.141,27914,48542,1.740,1.340,0.750,4,1,65.087,0,0,11,37,0,11,0
15-01 17:19:14,30.778,8.007,47.293,10.760,0,1615380,858308,178972,5274836,19034.443,12370.336,0,58745.834,0,4792.392,25993,39437,2.080,1.420,0.770,2,0,96.088,0,0,11,37,0,11,0
15-01 17:19:15,36.728,9.494,40.226,11.493,0,1578988,894016,179016,5275388,9662.300,2149.732,0,49282.926,0,4296.465,20590,31129,2.080,1.420,0.770,2,0,59.965,0,0,11,36,0,11,0
15-01 17:19:16,35.447,7.988,42.935,12.232,0,1610232,866308,179052,5271820,13201.120,6650.984,0,60432.993,0,5023.435,23001,35443,2.080,1.420,0.770,4,1,29.955,0,0,11,37,0,10,0
15-01 17:19:17,33.322,10.523,52.614,2.255,0,1483616,992892,179068,5271832,16859.400,12055.027,0,17766.358,0,1189.568,10296,14352,2.080,1.420,0.770,0,0,221.478,0,0,11,33,0,11,0
15-01 17:19:18,16.958,5.985,75.314,0.249,0,1451304,1025184,179072,5271848,15848.825,6365.266,0,897.781,0,49.877,3548,3541,2.080,1.420,0.770,1,0,54.864,0,0,11,32,0,12,0
15-01 17:19:19,19.043,2.506,77.676,0,0.251,1465672,1010812,179072,5271852,10633.084,6381.454,0,1904.313,0,164.372,2271,1853,2,1.410,0.780,0,0,0,0,0,11,33,0,12,0
15-01 17:19:20,19.502,4.000,75.508,0.250,0,1470780,1005684,179076,5271868,16210.633,5503.554,0,3520.355,0,178.018,3686,3961,2,1.410,0.780,1,0,35.004,0,0,11,32,0,13,0
15-01 17:19:21,20.943,3.491,74.798,0,0,1532344,944116,179076,5271872,7839.781,2301.770,0,3.989,0,0.997,1710,1159,2,1.410,0.780,0,0,0,0,0,11,33,0,13,0
15-01 17:19:22,15.267,3.254,79.836,0.250,0,1439268,1037180,179080,5271880,12244.235,7661.282,0,244.264,0,22.024,2658,2717,2,1.410,0.780,1,0,27.029,0,0,11,32,0,14,0
15-01 17:19:23,19.996,5.499,73.734,0,0,1495940,980508,179080,5271880,9179.039,1619.654,0,0,0,0,2147,1490,2,1.410,0.780,1,0,32.993,0,0,11,32,0,14,0
15-01 17:19:24,17.777,2.253,78.871,0,0,1511456,964632,179080,5272236,14062.606,9901.212,0,0,0,0,2791,3011,1.920,1.400,0.780,0,0,1.002,0,0,11,33,0,14,0
15-01 17:19:25,19.206,5.986,73.832,0,0,1523492,952640,179080,5272248,11247.471,3835.295,0,327.257,0,20.952,3235,3216,1.920,1.400,0.780,1,0,42.903,0,0,11,32,0,15,0
15-01 17:19:26,17.748,2.750,78.741,0.250,0,1552180,923820,179080,5272380,46424.558,6709.214,0,135.984,0,11.999,2050,1657,1.920,1.400,0.780,1,0,0,0,0,11,33,0,15,0
15-01 17:19:27,15.758,3.502,78.791,0.250,0,1523880,952100,179080,5272400,49292.921,7376.879,0,308.162,0,25.013,3899,4465,1.920,1.400,0.780,1,0,35.018,0,0,11,32,0,16,0
15-01 17:19:28,8.513,23.284,67.600,0,0,1497492,978328,179080,5272560,7495.054,1622.393,0,168.248,0,11.016,6323,4826,1.920,1.400,0.780,2,0,543.802,0,0,11,32,0,16,0
15-01 17:19:29,59.302,13.762,27.274,0,0,1535352,940260,179096,5272752,8922.814,1621.420,0,928.813,0,62.054,5257,3684,2,1.430,0.790,3,0,222.195,0,0,11,32,0,22,0
15-01 17:19:30,67.046,7.477,24.426,0.249,0,1701312,771680,179156,5275152,6053.614,1615.095,0,2452.551,0,101.691,3944,1733,2,1.430,0.790,3,0,0.997,0,0,11,32,0,22,0
15-01 17:19:31,64.416,7.519,26.067,1.253,0,1814364,653056,179324,5280024,8906.972,1624.189,0,16153.661,0,896.312,7020,6591,2,1.430,0.790,4,0,27.070,0,0,11,38,0,22,0
15-01 17:19:32,34.003,8.751,42.254,13.501,0,1813044,639488,179412,5294332,7946.735,1620.150,0,94168.716,0,7073.655,32591,49998,2,1.430,0.790,4,2,264.024,0,0,11,38,0,22,0
15-01 17:19:33,31.008,9.752,43.511,13.253,0,1813224,629660,179500,5303552,8647.135,1620.400,0,94791.404,0,7429.834,32982,52949,2,1.430,0.790,4,0,225.056,0,0,11,38,0,22,0
15-01 17:19:34,45.748,11.749,29.498,11.499,0,1725252,707784,179616,5312892,8216.567,1619.915,0,90319.245,0,6480.659,29179,45276,2.240,1.490,0.810,4,0,245.987,0,0,11,36,0,22,0
15-01 17:19:35,44.999,9.000,29.250,15.250,0,1749976,674364,179676,5321236,9005.877,1457.980,0,63903.131,0,4312.941,19724,30680,2.240,1.490,0.810,3,0,69.999,0,0,11,36,0,22,0
15-01 17:19:36,41.959,10.240,33.717,12.238,0,1805112,606356,179704,5333588,7399.709,1618.405,0,100281.196,0,6537.559,26589,43004,2.240,1.490,0.810,3,0,19.980,0,0,11,38,0,22,0
15-01 17:19:37,33.506,11.502,38.757,14.002,0,1740968,665904,179736,5338024,5672.967,1662.283,0,94564.113,0,6887.174,28432,47234,2.240,1.490,0.810,0,1,174.030,0,0,11,36,0,22,0
15-01 17:19:38,32.754,12.251,51.006,3.000,0,1465448,940972,179736,5338460,7697.833,1620.175,0,22518.437,0,1563.169,9967,12002,2.240,1.490,0.810,1,0,255.028,0,0,11,32,0,22,0
15-01 17:19:39,21.711,3.743,73.367,0.250,0,1471336,935084,179736,5338460,9116.467,1617.067,0,1241.748,0,74.864,2222,1650,2.220,1.500,0.820,2,0,9.982,0,0,11,32,0,22,0
15-01 17:19:40,23.012,3.252,72.038,0.500,0,1538364,868056,179736,5338460,11911.341,1620.863,0,5218.778,0,284.151,2722,2373,2.220,1.500,0.820,1,0,3.002,0,0,11,32,0,22,0
15-01 17:19:41,21.785,3.756,73.368,0,0.250,1488636,917648,179736,5338596,10430.739,1622.604,0,160.257,0,12.019,2638,2090,2.220,1.500,0.820,1,0,27.043,0,0,11,32,0,22,0
15-01 17:19:42,22.703,3.243,73.599,0,0,1489600,916684,179736,5338596,9053.436,1616.685,0,39.918,0,3.992,1805,1147,2.220,1.500,0.820,1,0,0.998,0,0,11,32,0,22,0
15-01 17:19:43,23.746,2.500,72.989,0.250,0,1535452,870824,179736,5338604,8589.712,1457.781,0,143.978,0,19.997,2116,1597,2.220,1.500,0.820,2,0,2.000,0,0,11,34,0,22,0
15-01 17:19:44,17.036,28.060,54.616,0.501,0,1481368,924860,179736,5338640,8495.109,1623.461,0,7632.269,0,439.938,7525,7043,2.120,1.490,0.820,3,0,805.718,0,0,11,32,0,22,0
15-01 17:19:45,9.744,27.732,60.462,0.250,0,1479428,926736,179740,5338684,6420.932,1618.974,0,3102.035,0,165.895,7402,6465,2.120,1.490,0.820,1,0,775.509,0,0,11,32,0,22,0
15-01 17:19:46,8.259,21.022,69.574,0.250,0,1466156,939920,179740,5338768,8708.232,1621.719,0,712.756,0,37.039,6392,5022,2.120,1.490,0.820,1,0,461.489,0,0,11,32,0,22,0
15-01 17:19:47,9.233,20.962,68.128,0,0,1404296,1001736,179740,5338804,7460.613,1617.098,0,211.620,0,19.964,5841,4328,2.120,1.490,0.820,2,0,382.314,0,0,11,32,0,22,0
15-01 17:19:48,18.763,14.510,65.795,0,0,1392552,1013428,179740,5338920,5599.790,1621.097,0,76.051,0,5.003,5866,7036,2.120,1.490,0.820,2,0,208.141,0,0,11,32,0,22,0
15-01 17:19:49,44.940,10.236,43.942,0,0,1511172,894676,179752,5339404,10500.023,1711.721,0,3.995,0,0.999,3760,2232,2.110,1.500,0.830,2,0,122.836,0,0,11,33,0,22,0
15-01 17:19:50,45.037,6.255,48.540,0,0,1591872,813952,179752,5339428,7036.823,1621.342,0,0,0,0,3095,1824,2.110,1.500,0.830,3,0,5.004,0,0,11,41,0,22,0
15-01 17:19:51,45.707,4.995,48.205,0.250,0,1658564,745464,179824,5340808,10448.151,1618.474,0,2193.932,0,242.771,3899,2434,2.110,1.500,0.830,3,0,14.986,0,0,11,49,0,22,0
15-01 17:19:52,17.534,18.035,63.122,0.250,0,1648252,753076,179828,5343432,10427.234,1460.835,0,264.513,0,10.019,8444,11113,2.110,1.500,0.830,2,0,348.677,0,0,11,48,0,23,0
15-01 17:19:53,17.700,11.468,70.551,0,0,1661200,740036,179828,5343444,7658.393,1615.442,0,227.359,0,19.944,5327,7325,2.110,1.500,0.830,0,0,148.581,0,0,11,48,0,23,0
15-01 17:19:54,0.250,0.500,97.797,0.250,0,1661200,740036,179828,5343444,11944.749,1620.780,0,320.154,0,19.009,860,1070,1.950,1.470,0.820,0,0,3.001,0,0,11,48,0,23,0
15-01 17:19:55,0.750,0.750,98.251,0,0,1660312,740924,179828,5343444,8861.068,1620.012,0,36.000,0,4.000,777,1003,1.950,1.470,0.820,0,0,2.000,0,0,11,48,0,23,0
15-01 17:19:56,0.748,0.249,97.467,0,0,1658436,742764,179828,5343480,43504.725,1615.311,0,0,0,0,869,961,1.950,1.470,0.820,0,0,1.994,0,0,11,48,0,23,0
15-01 17:19:57,1.255,2.510,96.124,0,0,1648344,752852,179828,5343480,41936.225,1626.330,0,4.016,0,1.004,1217,1374,1.950,1.470,0.820,0,0,27.106,0,0,11,48,0,23,0
15-01 17:19:58,17.491,13.493,66.965,0,0,1686944,714288,179828,5343924,9350.046,1619.142,0,0,0,0,6221,7761,1.950,1.470,0.820,1,0,255.864,0,0,11,48,0,23,0
15-01 17:19:59,11.520,15.276,72.125,0,0,1709092,692096,179828,5343504,7437.894,1622.813,0,1298.251,0,6.010,4813,4417,1.870,1.470,0.820,1,0,275.478,0,0,12,48,0,23,0
15-01 17:20:00,17.211,17.710,63.108,0,0,1665980,735096,179828,5343988,6012.489,1692.197,0,183.587,0,5.987,6700,7675,1.870,1.470,0.820,1,0,303.318,0,0,12,50,0,23,0
15-01 17:20:01,11.990,8.743,77.685,0.250,0,1669492,731640,179828,5343548,5702.204,1618.639,0,3656.925,0,122.897,3885,4216,1.870,1.470,0.820,1,0,193.837,0,0,12,64,0,17,0
15-01 17:20:02,10.538,12.796,76.023,0,0,1672940,728000,179828,5344140,8789.543,1625.835,0,0,0,0,4536,4464,1.870,1.470,0.820,1,0,206.742,0,0,14,64,0,17,0
15-01 17:20:03,15.247,14.748,68.488,0.250,0,1657508,743400,179828,5343732,7410.751,1619.727,0,227.962,0,22.996,5982,6806,1.870,1.470,0.820,2,0,278.953,0,0,14,66,0,17,0
15-01 17:20:04,9.000,20.250,69.752,0,0,1640148,760692,179832,5343780,8757.199,1620.037,0,416.009,0,29.001,6192,4727,1.880,1.480,0.830,2,0,425.010,0,0,14,66,0,17,0
15-01 17:20:05,17.714,16.217,64.870,0,0,1651568,749240,179832,5344240,7735.447,1658.665,0,23.952,0,5.988,5790,6532,1.880,1.480,0.830,1,0,224.549,0,0,14,66,0,15,0
15-01 17:20:06,28.061,23.551,47.103,0.251,0,1725356,675384,179844,5343848,10010.811,1623.537,0,5924.909,0,378.825,7296,5491,1.880,1.480,0.830,3,0,505.100,0,0,14,66,0,15,0
15-01 17:20:07,31.005,24.004,45.008,0,0,1799336,600348,179900,5344808,7695.329,1620.280,0,104.018,0,4.001,7218,8190,1.880,1.480,0.830,3,0,541.093,0,0,14,66,0,15,0
15-01 17:20:08,32.998,23.998,42.747,0,0,1920828,478068,179920,5345924,6626.543,1457.900,0,67.995,0,12.999,6763,6341,1.880,1.480,0.830,2,0,416.971,0,0,14,70,0,17,0
15-01 17:20:09,53.492,22.497,22.997,0,0,2002816,396056,179932,5345944,8929.747,1619.773,0,535.925,0,3.999,5540,5094,2.130,1.530,0.850,6,0,375.947,0,0,14,70,0,17,0
15-01 17:20:10,64.214,24.736,9.994,0,0,2137892,260196,179944,5346976,8999.942,1709.039,0,31.982,0,7.996,6321,7260,2.130,1.530,0.850,13,0,507.715,0,0,14,70,0,17,0
15-01 17:20:11,65.049,18.692,15.203,0,0,2189640,207544,180008,5347312,7289.519,1615.019,0,2292.928,0,19.939,4921,6283,2.130,1.530,0.850,4,0,262.191,0,0,14,70,0,17,0
15-01 17:20:12,70.498,24.749,2.500,2.000,0,2319372,160512,173936,5272624,8945.766,1619.958,507.987,1339.965,60.998,71.998,6398,7668,2.130,1.530,0.850,4,0,460.988,0,0,14,74,0,17,0
15-01 17:20:13,68.442,22.563,5.014,3.259,0,2444860,164444,171324,5148520,8212.055,1666.679,184.518,19655.180,29.082,1150.229,12511,27879,2.130,1.530,0.850,4,1,246.693,0,0,14,74,0,16,0
15-01 17:20:14,60.977,24.241,8.497,5.748,0,2516372,162840,170904,5080648,8915.658,1619.393,2583.032,24106.964,154.942,2069.224,15965,23411,2.360,1.590,0.870,4,1,412.845,0,0,14,76,0,16,0
15-01 17:20:15,75.396,20.222,3.994,0.749,0,2625088,127316,170716,5009476,9320.087,1617.759,215.701,2915.960,7.989,182.747,9876,17919,2.360,1.590,0.870,5,0,218.697,0,0,14,87,0,22,0
15-01 17:20:16,55.898,26.570,15.040,1.755,0,2725752,151508,169932,4887976,7492.782,1461.859,870.298,1199.166,53.140,74.196,7448,8995,2.360,1.590,0.870,3,0,554.464,0,0,14,93,0,26,0
15-01 17:20:17,52.741,24.996,21.996,0,0,2832380,186248,169932,4749972,11803.880,1619.709,171.969,499.910,4.999,30.994,8160,12120,2.360,1.590,0.870,2,0,452.919,0,0,14,93,0,25,0
15-01 17:20:18,50.238,13.497,31.742,3.749,0,2947672,138900,169936,4683732,7233.201,1619.597,2123.472,507.874,26.993,28.993,5175,5746,2.360,1.590,0.870,3,0,197.951,0,0,14,96,0,25,0
15-01 17:20:19,52.884,8.481,36.171,1.497,0,3072332,145656,169956,4554904,5728.424,1616.451,435.045,3396.544,18.958,176.612,5092,7331,2.330,1.600,0.880,2,0,8.980,0,0,14,98,0,28,0
15-01 17:20:20,13.248,17.497,67.489,0.250,0,3087628,129736,169960,4555480,8742.550,1709.716,7.999,1315.782,2.000,85.986,6128,5214,2.330,1.600,0.880,2,0,315.948,0,0,14,101,0,28,0
15-01 17:20:21,8.774,19.804,70.694,0,0,3087656,129680,169960,4555508,6921.034,1624.468,0,68.188,0,8.022,5834,4476,2.330,1.600,0.880,1,0,372.023,0,0,14,101,0,26,0
15-01 17:20:22,9.472,18.695,70.295,0.499,0,3091652,192912,169960,4489748,8562.015,1615.286,3.988,10533.263,0.997,425.758,5707,3855,2.330,1.600,0.880,1,0,304.113,0,0,14,101,0,26,0
15-01 17:20:23,20.251,3.000,76.005,0.250,0,3151076,133480,169960,4489756,8913.599,3590.241,8.001,0,1.000,0,1775,1292,2.330,1.600,0.880,0,0,0,0,0,14,102,0,26,0
15-01 17:20:24,19.044,3.007,76.175,0.251,0,3092796,191724,169964,4489788,26186.211,21906.371,12.028,200.461,3.007,15.035,2881,2974,2.220,1.590,0.880,1,0,12.028,0,0,14,103,0,27,0
15-01 17:20:25,20.713,5.740,72.621,0.250,0,3149988,134520,169964,4489800,10774.904,1617.134,0,1848.724,0,15.972,2344,1748,2.220,1.590,0.880,1,0,51.908,0,0,14,105,0,25,0
15-01 17:20:26,16.995,2.749,79.228,0.500,0,3159028,125460,169964,4489824,49178.132,8145.703,0,399.887,0,43.988,2590,2708,2.220,1.590,0.880,1,0,2.999,0,0,14,114,0,25,0
15-01 17:20:27,24.304,4.761,68.903,1.002,0,3163660,120248,169976,4490344,40459.681,1623.599,260.578,1455.226,16.036,187.415,4884,6398,2.220,1.590,0.880,1,0,3.007,0,0,14,117,0,25,0
15-01 17:20:28,23.961,7.987,66.393,0.250,0,3093240,255876,169976,4426656,12245.282,2758.558,31.949,1345.833,3.994,123.801,5635,6712,2.220,1.590,0.880,1,0,102.834,0,0,14,120,0,27,0
15-01 17:20:29,32.971,7.493,58.449,0.250,0,3246028,168944,169976,4362416,8687.401,1618.584,3.997,531.535,0.999,29.974,3292,2499,2.210,1.600,0.890,1,0,12.989,0,0,14,122,0,20,0
15-01 17:20:30,19.750,3.500,76.002,0,0,3252996,161920,169980,4362468,15975.364,8117.185,40.001,648.015,4.000,54.001,2726,2850,2.210,1.600,0.890,2,0,4.000,0,0,14,127,0,20,0
15-01 17:20:31,22.068,5.266,70.468,1.254,0,3273552,141296,169984,4362532,9447.212,4615.271,0,4863.037,0,495.532,5746,6855,2.210,1.600,0.890,1,0,5.016,0,0,14,129,0,20,0
15-01 17:20:32,41.121,10.966,46.106,0.498,0,3350844,127000,169876,4301228,7248.318,1758.497,0,6096.921,0,218.317,4360,3254,2.210,1.600,0.890,3,0,95.701,0,0,14,128,0,21,0
15-01 17:20:33,35.002,5.750,59.003,0.250,0,3371420,170124,169876,4239212,32658.837,23683.332,180.010,348.020,1.000,16.001,2843,1820,2.210,1.600,0.890,1,0,6.000,0,0,14,129,0,21,0
15-01 17:20:34,19.748,6.249,72.244,0.250,0.250,3352660,188908,169876,4239228,7786.344,1751.852,4.000,1483.875,1.000,74.994,2761,2164,2.110,1.580,0.890,1,0,54.995,0,0,14,128,0,22,0
15-01 17:20:35,18.500,2.250,78.501,0,0,3374844,166716,169876,4239236,32705.237,23790.172,0,96.001,0,10.000,2016,1512,2.110,1.580,0.890,2,0,0,0,0,14,129,0,22,0
15-01 17:20:36,20.747,6.249,72.988,0,0,3356540,184876,169876,4239380,6701.873,1793.698,0,0,0,0,2339,1616,2.110,1.580,0.890,1,0,50.991,0,0,14,128,0,23,0
15-01 17:20:37,17.035,1.503,80.917,0.251,0,3374624,166772,169876,4239400,15129.299,8120.800,4.008,725.501,1.002,105.218,1988,1545,2.110,1.580,0.890,1,0,0,0,0,14,129,0,23,0
15-01 17:20:38,19.463,7.985,70.615,0.998,0,3382088,159256,169876,4239452,9244.345,2762.724,3.992,1928.317,0.998,167.680,4332,4578,2.110,1.580,0.890,1,0,81.844,0,0,14,128,0,24,0
15-01 17:20:39,25.000,3.750,69.500,0,0,3374928,229596,169876,4177832,13499.991,7409.995,20.000,416.000,2.000,38.000,5604,8919,2.020,1.580,0.890,1,0,29.000,0,0,14,137,0,26,0
15-01 17:20:40,19.000,6.250,74.000,0,0,3339560,264940,169876,4177856,23174.940,18197.953,0,172.000,0,9.000,2582,1932,2.020,1.580,0.890,1,0,56.000,0,0,14,136,0,27,0
15-01 17:20:41,18.752,3.000,77.510,0,0,3379624,224872,169876,4177860,15207.869,7182.883,0,156.019,0,9.001,1925,1413,2.020,1.580,0.890,1,0,0,0,0,14,137,0,27,0
15-01 17:20:42,21.253,4.501,71.010,2.000,0,3386644,217564,169876,4178148,9630.305,2560.347,48.007,2928.397,5.001,354.048,6427,9445,2.020,1.580,0.890,3,0,1.000,0,0,14,140,0,27,0
15-01 17:20:43,21.243,6.748,69.977,0.250,0,3413464,190696,169876,4178196,10394.531,2925.024,0,1387.537,0,106.964,4139,5046,2.020,1.580,0.890,2,0,52.982,0,0,14,137,0,29,0
15-01 17:20:44,18.003,2.500,78.262,0,0,3433488,170668,169876,4178200,16567.498,8093.220,0,488.074,0,29.004,1954,1613,1.940,1.570,0.890,1,0,0,0,0,14,138,0,29,0
15-01 17:20:45,22.246,4.749,71.487,0.750,0,3432096,172008,169876,4178252,14347.345,5391.002,0,3535.346,0,282.948,6049,8743,1.940,1.570,0.890,4,0,1.000,0,0,14,138,0,29,0
15-01 17:20:46,35.607,5.517,57.171,0.502,0,3435920,167968,169876,4178468,9848.537,2492.475,0,1131.393,0,111.334,8404,12636,1.940,1.570,0.890,3,0,1.003,0,0,14,141,0,30,0
15-01 17:20:47,22.432,6.730,69.291,0.249,0,3418552,185324,169876,4178480,7312.899,1615.119,0,713.843,0,38.882,3251,2951,1.940,1.570,0.890,2,0,68.792,0,0,14,141,0,30,0
15-01 17:20:48,15.725,1.747,80.872,0.749,0,3432336,171520,169876,4178500,15292.830,10038.135,0,3015.234,0,181.713,2312,2452,1.940,1.570,0.890,1,1,0,0,0,14,142,0,30,0
15-01 17:20:49,20.264,8.506,69.049,1.001,0,3415348,188472,169876,4178536,10174.206,2754.951,0,4927.490,0,316.224,5091,5860,1.860,1.560,0.890,1,0,148.105,0,0,14,143,0,31,0
15-01 17:20:50,19.017,2.252,77.820,0,0,3426700,177116,169876,4178540,16462.841,7348.625,0,108.097,0,10.009,1789,1295,1.860,1.560,0.890,1,0,1.001,0,0,14,144,0,31,0
15-01 17:20:51,22.065,4.263,72.714,0.501,0,3426680,177076,169880,4178580,14857.748,7489.051,0,569.677,0,77.227,5385,7615,1.860,1.560,0.890,1,0,0,0,0,14,144,0,31,0
15-01 17:20:52,24.203,6.487,66.619,0.499,0,3429156,174500,169884,4178676,7277.743,1616.833,15.969,4080.007,0.998,397.222,7626,10633,1.860,1.560,0.890,7,1,0.998,0,0,14,144,0,31,0
15-01 17:20:53,44.016,16.006,38.013,1.501,0,3364476,238808,169884,4178968,11171.941,3603.271,32.011,1736.613,2.001,170.060,14724,22872,1.860,1.560,0.890,2,0,288.102,0,0,14,143,0,32,0
15-01 17:20:54,23.470,4.494,70.910,0,0,3428420,174840,169884,4178992,10309.956,3386.715,0,559.292,0,26.966,2616,2288,1.790,1.550,0.890,1,0,0,0,0,14,144,0,31,0
15-01 17:20:55,17.033,7.264,74.897,0.250,0,3415220,188024,169884,4179008,12449.372,7550.782,0,436.855,0,25.049,3398,3117,1.790,1.550,0.890,3,0,116.228,0,0,14,143,0,32,0
15-01 17:20:56,8.751,20.752,69.257,0,0,3374916,228244,169888,4179088,43440.450,1620.166,4.000,472.048,1.000,30.003,6015,4569,1.790,1.550,0.890,3,0,377.039,0,0,14,143,0,32,0
15-01 17:20:57,17.261,16.761,64.291,0,0,3374296,228848,169888,4179556,43494.953,1458.938,0,420.270,0,26.017,6203,6952,1.790,1.550,0.890,1,0,280.180,0,0,14,143,0,32,2
15-01 17:20:58,29.505,19.753,50.008,0.250,0,3429388,173688,169888,4179160,5849.965,1620.267,0,1828.302,0,112.018,6756,5870,1.790,1.550,0.890,2,0,445.073,0,0,14,143,0,32,2
15-01 17:20:59,35.259,20.255,43.261,0,0,3475408,127176,169900,4180064,8563.127,1690.420,28.007,452.112,3.001,32.008,6154,7066,1.890,1.570,0.900,3,0,371.092,0,0,14,146,0,32,2
15-01 17:21:00,36.493,18.746,43.741,0.250,0,3531260,194616,169900,4059636,7295.548,1619.678,63.987,355.929,4.999,25.995,7078,7788,1.890,1.570,0.900,4,0,353.930,0,0,16,149,0,32,2
15-01 17:21:01,56.959,28.979,13.990,0,0,3683416,152700,169740,3951948,8777.681,1618.835,59.957,727.476,6.995,49.964,7571,11498,1.890,1.570,0.900,3,0,541.610,0,0,16,155,0,32,2
15-01 17:21:02,62.195,17.734,19.483,0.250,0,3760080,153128,169716,3875252,10331.788,1618.557,23.979,967.138,2.997,87.922,8086,13868,1.890,1.570,0.900,2,0,255.772,0,0,16,171,0,32,2
15-01 17:21:03,36.476,22.735,39.974,0,0,3835824,131796,169716,3821412,5473.405,1708.877,3.997,2806.157,0.999,17.988,7543,5479,1.890,1.570,0.900,4,0,537.647,0,0,16,171,0,32,2
15-01 17:21:04,22.234,22.983,53.711,0,0,3851180,160852,169720,3777828,9119.306,1618.812,0,319.765,0,15.988,6281,5010,1.740,1.540,0.900,1,0,445.673,0,0,17,171,0,32,2
15-01 17:21:05,22.778,14.768,61.326,0,0,3878856,133160,169720,3777848,8764.854,1622.009,8.010,432.536,2.002,31.038,6315,7590,1.740,1.540,0.900,2,0,220.273,0,0,17,171,0,32,2
15-01 17:21:06,30.496,23.497,44.994,0.250,0,3932612,132432,169524,3725880,6046.226,1457.813,7.999,251.968,2.000,22.997,6734,5656,1.740,1.540,0.900,3,0,471.940,0,0,17,171,0,32,2
15-01 17:21:07,41.565,19.414,37.334,0,0,4028788,143424,169540,3621400,9215.950,1682.506,23.894,513.712,4.978,30.863,6623,9639,1.740,1.540,0.900,7,0,251.878,0,0,17,185,0,32,2
15-01 17:21:08,31.957,25.415,41.771,0.755,0,4084824,146660,169540,3563348,8700.401,1630.570,177.148,338.192,4.026,21.137,8267,8914,1.740,1.540,0.900,4,0,598.882,0,0,17,185,0,32,2
15-01 17:21:09,31.486,25.488,41.231,0.250,0,4164912,152916,169540,3478868,12884.107,1619.259,11.995,399.817,2.999,28.987,8097,8666,1.760,1.550,0.910,8,0,621.716,0,0,17,191,0,32,4
15-01 17:21:10,15.203,19.938,63.303,0,0,4193300,123836,169540,3480144,11811.326,1614.986,0,733.722,0,52.836,7963,9273,1.760,1.550,0.910,1,0,405.740,0,0,17,197,0,30,4
15-01 17:21:11,29.556,13.526,55.856,0.250,0,4230868,125408,169544,3441468,7506.263,1623.084,4.008,460.876,1.002,24.046,5330,5477,1.760,1.550,0.910,2,0,192.366,0,0,17,197,0,30,4
15-01 17:21:12,45.664,7.985,44.166,1.248,0,4356660,130064,169544,3313384,10410.283,1616.938,387.267,646.775,7.985,59.887,3862,2774,1.760,1.550,0.910,2,0,8.983,0,0,17,213,0,30,4
15-01 17:21:13,49.139,9.026,38.358,2.758,0,4432960,138236,169544,3230280,9129.805,1624.592,409.156,946.676,23.065,137.388,4708,15466,1.760,1.550,0.910,3,0,43.122,0,0,17,217,0,31,4
15-01 17:21:14,26.218,18.727,51.687,2.247,0,4358192,212264,169548,3231000,10373.418,1546.125,791.041,359.564,7.990,16.979,5635,4869,1.940,1.590,0.920,4,1,404.509,0,0,17,217,0,30,4
15-01 17:21:15,34.545,24.282,40.803,0.501,0,4404644,164456,169556,3232348,10374.564,4014.248,180.236,552.723,6.008,51.067,7944,10266,1.940,1.590,0.920,2,0,525.687,0,0,17,220,0,30,4
15-01 17:21:16,47.613,20.690,27.421,2.742,0,4420284,146836,169572,3234672,17168.580,7907.239,1124.762,4124.129,20.940,195.437,7630,10753,1.940,1.590,0.920,5,0,245.294,0,0,17,225,0,32,4
15-01 17:21:17,71.373,16.528,9.266,2.755,0,4537764,144304,169580,3122460,8703.941,1622.786,645.107,520.894,19.033,24.041,4986,4568,1.940,1.590,0.920,4,0,119.205,0,0,17,232,0,32,4
15-01 17:21:18,52.946,11.738,24.475,9.740,0,4621044,138824,169608,3045940,16577.974,11732.950,3680.220,1106.863,173.821,39.959,5581,5132,1.940,1.590,0.920,4,0,19.979,0,0,17,237,0,22,4
15-01 17:21:19,62.472,13.744,17.992,6.497,0,4644492,147540,169676,3014572,6797.925,2411.909,3722.316,1975.107,313.858,131.940,7095,8189,2.020,1.620,0.930,2,0,113.948,0,0,17,239,0,27,4
15-01 17:21:20,33.078,25.310,39.593,0.501,0,4674872,152612,169676,2980716,14812.862,7361.325,204.481,8716.514,3.007,35.083,7434,7352,2.020,1.620,0.930,2,0,486.144,0,0,17,240,0,27,4
15-01 17:21:21,36.256,18.753,44.007,0.250,0,4597192,265476,169680,2946444,12833.950,6875.045,72.011,552.084,4.001,38.006,6607,8428,2.020,1.620,0.930,3,0,246.037,0,0,17,239,0,28,4
15-01 17:21:22,58.247,26.748,13.999,0,0,4738920,161316,169684,2909376,10429.403,3589.795,4.000,347.980,1.000,22.999,6675,6671,2.020,1.620,0.930,5,0,528.970,0,0,17,240,0,28,4
15-01 17:21:23,48.337,18.095,24.788,7.437,0,4761024,178656,170148,2871036,16425.755,10311.955,1459.538,15023.726,67.424,812.066,8768,9790,2.020,1.620,0.930,5,0,255.816,0,0,17,245,0,26,4
15-01 17:21:24,64.407,25.662,10.567,0,0,4802452,134276,170168,2873940,10397.741,1791.326,185.171,2793.663,11.070,48.305,7736,10254,2.260,1.670,0.960,8,0,503.181,0,0,17,247,0,28,4
15-01 17:21:25,55.148,22.310,20.304,1.504,0,4857492,135276,170176,2819804,17576.031,9841.334,673.803,938.511,38.102,57.153,8882,14321,2.260,1.670,0.960,3,0,323.867,0,0,17,256,0,29,4
15-01 17:21:26,58.392,18.387,22.363,0,0,4912848,119772,169756,2780808,43227.208,4352.339,15.903,628.152,2.982,48.702,6087,5652,2.260,1.670,0.960,5,0,197.788,0,0,17,255,0,30,4
15-01 17:21:27,67.870,13.574,17.847,0.754,0,5025888,142068,169760,2647364,56191.703,13206.081,989.400,667.644,18.099,24.132,5878,12650,2.260,1.670,0.960,3,0,11.060,0,0,17,259,0,29,4
15-01 17:21:28,49.225,10.745,34.233,5.247,0,5039016,157200,169384,2619796,16788.572,9174.394,1723.135,1799.097,95.952,129.935,6794,7906,2.260,1.670,0.960,1,0,18.990,0,0,17,262,0,35,4
15-01 17:21:29,54.815,16.520,28.033,0.250,0,5029416,196576,169416,2590412,10157.031,8025.507,560.664,660.783,11.013,44.052,6204,5548,2.400,1.710,0.970,4,0,238.282,0,0,17,266,0,36,4
15-01 17:21:30,43.897,27.935,22.946,3.991,0,5037280,184588,169676,2594196,17714.483,6931.754,4593.235,1431.645,71.832,74.825,8584,9811,2.400,1.710,0.970,7,0,528.761,0,0,17,265,0,37,4
15-01 17:21:31,58.517,19.174,21.166,0.498,0.249,5065560,155936,169676,2594524,9585.888,3831.766,585.671,928.309,9.960,46.814,6697,9210,2.400,1.710,0.970,6,0,210.164,0,0,18,268,0,35,2
15-01 17:21:32,73.802,14.811,9.539,1.506,0,5119604,172720,169684,2526024,17782.733,10181.644,1381.651,915.745,61.251,46.189,5875,4664,2.400,1.710,0.970,4,0,162.665,0,0,18,270,0,36,2
15-01 17:21:33,70.681,13.737,0.749,14.985,0,5222404,128608,169688,2468692,7336.853,1618.423,3005.073,2909.166,163.840,259.747,6459,5227,2.400,1.710,0.970,5,0,17.982,0,0,18,275,0,37,2
15-01 17:21:34,76.737,11.248,10.248,1.750,0,5302608,145400,169720,2374316,15708.397,11740.055,1831.696,2423.598,75.987,264.956,7485,7589,2.610,1.770,0.990,4,1,15.997,0,0,18,281,0,38,2
15-01 17:21:35,49.107,16.035,32.821,0.752,0,5314872,132076,169724,2375376,9791.260,2905.308,589.280,769.671,11.024,63.137,6357,6984,2.610,1.770,0.990,2,0,222.483,0,0,18,283,0,39,2
15-01 17:21:36,34.682,8.733,55.641,0.250,0,5344728,133684,169732,2344704,21050.801,10852.760,822.390,399.219,10.979,23.953,3937,3463,2.610,1.770,0.990,3,0,8.982,0,0,18,288,0,39,2
15-01 17:21:37,40.342,7.768,51.117,0.251,0,5330784,147616,169732,2344716,25957.388,8438.306,513.174,601.376,4.009,48.110,4081,3373,2.610,1.770,0.990,2,0,11.025,0,0,18,287,0,40,3
15-01 17:21:38,36.519,10.505,50.526,0.750,0.250,5291716,195844,169732,2336308,16576967.567,104196.538,2789.460,596.312,30.016,46.024,9510,5070,2.610,1.770,0.990,2,0,116.061,0,0,18,290,0,40,2
15-01 17:21:39,31.762,11.254,55.020,0.500,0,5293660,193800,169732,2336408,13613.995,6717.465,16.006,2192.805,1.000,138.051,5051,4648,2.640,1.790,1.010,2,0,153.056,0,0,18,291,0,39,2
15-01 17:21:40,37.095,4.730,58.007,0,0,5358104,129276,169732,2336488,22905.989,15869.483,0,270.865,0,26.887,3476,2746,2.640,1.790,1.010,2,0,0.996,0,0,18,293,0,40,2
15-01 17:21:41,28.259,6.002,63.020,0.750,0,5297624,189032,169732,2337216,145452.906,5627377.734,532.172,9443.045,29.009,126.041,6802,7588,2.640,1.790,1.010,0,0,38.012,0,0,18,295,0,42,2
15-01 17:21:42,2.249,1.249,92.957,0.750,0,5305784,180744,169732,2337344,282138.895,10769193.750,0,2890.657,0,179.916,2845,2612,2.640,1.790,1.010,2,0,0,0,0,18,295,0,42,2
15-01 17:21:43,1.999,1.000,95.972,0,0,5305784,180744,169732,2337344,9079.349,1619.527,0,163.952,0,9.997,1374,1842,2.640,1.790,1.010,0,0,0,0,0,18,295,0,37,2
15-01 17:21:44,9.021,2.255,86.200,1.503,0.251,5287516,198996,169732,2337360,7831753.029,33373.607,0,15175.289,0,1238.881,6082,4779,2.430,1.760,1,3,0,1.002,0,0,18,302,0,37,2
15-01 17:21:45,21.260,5.753,70.034,1.000,0,5218568,251784,169744,2353476,8718478.257,59297.792,80.039,3553.726,4.002,115.056,7952,8571,2.430,1.760,1,1,0,57.028,0,0,18,299,0,40,2
15-01 17:21:46,11.973,16.962,69.095,0.499,0,5256008,214236,169744,2353584,8241.459,1616.364,43.901,2059.367,2.993,31.928,5772,5487,2.430,1.760,1,1,0,410.077,0,0,18,299,0,40,2
15-01 17:21:47,22.330,5.018,72.509,0,0,5290116,180116,169744,2353596,8770.312,1463.224,0,16262.059,0,34.122,2807,2054,2.430,1.760,1,1,0,45.161,0,0,18,299,0,39,2
15-01 17:21:48,8.742,19.231,70.182,0.250,0,5290064,180100,169744,2353648,7339.909,1618.436,0,5522.665,0,150.854,6641,5508,2.430,1.760,1,1,0,376.636,0,0,18,303,0,39,2
15-01 17:21:49,5.234,11.715,80.508,0.249,0,5288688,181432,169744,2353692,5959.070,1708.858,15.952,179.460,0.997,9.970,4154,3657,2.230,1.730,0.990,0,0,248.253,0,0,18,303,0,39,2
15-01 17:21:50,9.503,4.502,85.281,0,0,5318200,151916,169744,2353696,7518.761,1620.595,0,8.003,0,1.000,1883,1974,2.230,1.730,0.990,1,0,12.004,0,0,18,305,0,39,2
15-01 17:21:51,20.795,3.007,74.413,0.501,0,5348756,141168,169744,2335048,14843.457,7360.094,32.070,244.535,2.004,29.064,2805,2450,2.230,1.730,0.990,2,0,1.002,0,0,18,308,0,38,2
15-01 17:21:52,16.464,8.731,73.089,0.499,0,5268156,221664,169748,2335152,12113.294,4833.344,75.833,0,6.985,0,4142,3484,2.230,1.730,0.990,1,0,123.727,0,0,18,311,0,39,2
15-01 17:21:53,12.293,17.059,69.993,0,0,5254416,235124,169748,2335400,9420.716,1625.645,4.014,11901.330,1.003,33.115,5686,4415,2.230,1.730,0.990,1,0,219.763,0,0,18,311,0,39,2
15-01 17:21:54,11.749,17.498,69.493,0.250,0,5245116,244172,169748,2335636,6895.333,1457.859,4.000,2403.768,1.000,346.966,6139,4467,2.140,1.720,1,1,0,224.978,0,0,18,311,0,39,2
15-01 17:21:55,23.163,4.732,69.489,0.498,0,5310012,179232,169748,2335680,9021.140,1613.942,23.910,785.053,2.989,73.723,3251,3188,2.140,1.720,1,1,0,35.865,0,0,18,315,0,37,2
15-01 17:21:56,23.252,3.250,71.755,0.500,0,5368516,120588,169748,2335820,40585.730,1620.109,268.018,76.005,5.000,11.001,2479,2017,2.140,1.720,1,2,0,2.000,0,0,18,315,0,37,2
15-01 17:21:57,23.500,3.750,71.249,0.250,0,5333032,187504,169748,2305416,42496.411,1619.978,127.998,547.992,8.000,45.999,2869,2607,2.140,1.720,1,1,0,7.000,0,0,18,315,0,37,2
15-01 17:21:58,24.485,2.998,71.705,0.250,0,5340572,179944,169748,2305436,6014.264,1618.994,19.988,87.945,3.998,6.996,2520,2267,2.140,1.720,1,1,0,0,0,0,18,315,0,37,2
15-01 17:21:59,17.234,3.497,77.429,0,0,5367788,152596,169748,2305568,17970.430,10331.473,0,115.893,0,10.990,2546,2282,2.040,1.700,1,1,0,2.997,0,0,18,318,0,38,2
15-01 17:22:00,18.039,3.006,77.666,0.251,0,5308632,211756,169748,2305584,19173.971,12005.654,0,128.274,0,15.032,2949,2846,2.040,1.700,1,1,0,19.041,0,0,18,317,0,39,2
15-01 17:22:01,22.990,3.998,71.469,0,0,5374300,146080,169748,2305592,10562.485,1619.308,0,251.892,0,20.991,2523,2327,2.040,1.700,1,1,0,1.000,0,0,18,317,0,39,2
15-01 17:22:02,20.301,7.268,71.931,0.251,0,5351896,168352,169748,2305724,7609.132,1461.675,388.978,172.434,4.010,18.045,3256,2617,2.040,1.700,1,6,0,104.262,0,0,18,317,0,39,2
15-01 17:22:03,10.761,18.019,69.824,0.250,0,5335652,184408,169752,2305892,9081.610,1621.716,44.047,388.411,4.004,13.014,6176,5037,2.040,1.700,1,1,0,391.414,0,0,18,317,0,39,2
15-01 17:22:04,20.432,6.478,71.013,0.498,0,5337228,182528,170020,2305928,8675.100,1614.621,267.110,167.442,10.963,9.967,3331,2730,1.960,1.690,1,2,0,105.648,0,0,18,317,0,39,2
15-01 17:22:05,19.736,2.248,76.447,0.749,0,5355148,163224,170172,2307160,11723.883,3722.423,159.889,771.466,5.996,47.967,2583,2565,1.960,1.690,1,1,0,15.989,0,0,18,318,0,39,2
15-01 17:22:06,22.989,3.498,71.715,0,0,5351920,160428,170724,2312488,7854.135,1793.118,0,931.542,0,10.995,2464,2092,1.960,1.690,1,2,0,2.999,0,0,18,317,0,39,2
15-01 17:22:07,19.258,2.501,78.031,0.250,0,5358140,147000,171208,2319076,15777.210,4618.818,0,920.362,0,14.006,2198,1847,1.960,1.690,1,2,0,17.007,0,0,18,318,0,39,2
15-01 17:22:08,23.272,5.255,69.315,0,0,5339932,165236,171348,2318888,9384.837,2289.156,0,268.253,0,7.007,10900,19440,1.960,1.690,1,1,0,15.014,0,0,18,318,0,39,2
15-01 17:22:09,19.467,4.742,74.123,0.250,0,5337016,167788,171376,2319224,15083.200,4116.958,39.932,383.344,5.990,6.988,10006,18620,1.800,1.660,0.990,2,0,12.978,0,0,18,318,0,39,2
15-01 17:22:10,22.279,4.506,72.095,0.250,0,5313376,191040,171428,2319560,5683.482,1459.922,8.011,612.807,2.003,20.026,2563,2153,1.800,1.660,0.990,1,0,9.012,0,0,18,318,0,39,2
15-01 17:22:11,15.251,13.000,70.002,0,0,5291728,224572,171500,2307644,9412.335,1794.064,0,1076.038,0,28.001,4695,4243,1.800,1.660,0.990,1,0,264.009,0,0,18,317,0,39,2
15-01 17:22:12,24.503,2.750,72.010,0,0,5337116,178916,171500,2307912,7405.051,1862.264,80.011,56.008,5.001,3.000,2293,1922,1.800,1.660,0.990,0,0,0,0,0,18,317,1,39,1
15-01 17:22:13,21.252,7.751,69.007,0.250,0,5320280,195580,171616,2307968,15827.526,11672.125,164.016,156.015,7.001,10.001,4159,13107,1.800,1.660,0.990,3,0,135.013,0,0,18,317,0,43,1
15-01 17:22:14,24.678,6.980,67.801,0.249,0,5372016,143708,171616,2308104,8876.969,1615.263,0,2221.486,0,359.944,4132,5080,1.740,1.650,0.990,2,0,13.959,0,0,18,319,0,43,1
15-01 17:22:15,19.845,5.526,72.849,0.502,0,5345172,170508,171616,2308148,15788.551,10255.072,16.077,373.789,1.005,40.192,4086,4178,1.740,1.650,0.990,1,0,71.341,0,0,18,319,0,44,1
15-01 17:22:16,23.945,3.741,70.586,0.249,0,5385404,130264,171616,2308160,5686.827,1616.256,0,363.159,0,32.924,2746,2421,1.740,1.650,0.990,1,0,0.998,0,0,18,319,0,43,1
15-01 17:22:17,17.575,4.770,77.077,0,0,5349304,166348,171616,2308176,22871.172,14646.227,0,60.256,0,3.013,3039,2649,1.740,1.650,0.990,1,0,50.213,0,0,18,321,0,44,1
15-01 17:22:18,22.407,4.730,71.701,0,0,5356724,158924,171616,2308180,8454.759,1613.276,0,199.170,0,13.942,2580,2254,1.740,1.650,0.990,2,0,6.971,0,0,18,321,0,44,1
15-01 17:22:19,18.570,2.760,77.792,0,0,5336484,179152,171616,2308192,20130.490,11911.669,0,734.755,0,12.045,2625,2317,1.600,1.620,0.990,1,0,19.072,0,0,18,321,0,47,1
15-01 17:22:20,22.180,4.486,71.773,0.249,0,5361920,153700,171616,2308208,8707.491,1614.898,11.962,123.609,0.997,7.975,2558,2153,1.600,1.620,0.990,1,0,13.956,0,0,18,321,0,40,1
15-01 17:22:21,13.743,1.999,82.960,0.500,0,5362644,152964,171616,2308220,18078.382,11735.406,0,239.886,0,23.989,2415,2611,1.600,1.620,0.990,2,0,0,0,0,18,322,0,40,1
15-01 17:22:22,20.077,6.525,72.027,0,0,5384608,130988,171616,2308232,11118.742,2422.312,0,341.312,0,28.108,3098,2755,1.600,1.620,0.990,1,0,47.181,0,0,18,321,0,41,1
15-01 17:22:23,18.931,1.993,77.716,0,0,5380572,135016,171616,2308240,19683.101,10297.386,0,107.607,0,7.971,2411,2100,1.600,1.620,0.990,1,0,0,0,0,18,324,0,42,1
15-01 17:22:24,21.514,5.754,71.545,0.250,0,5342464,173124,171616,2308248,8956.647,3153.989,0,1284.810,0,117.074,3021,2538,1.550,1.610,0.990,4,0,32.020,0,0,18,321,0,40,1
15-01 17:22:25,18.230,1.998,77.666,0.250,0,5353440,161992,171616,2308404,16771.782,9368.823,143.844,383.583,4.995,43.952,2631,2872,1.550,1.610,0.990,0,0,0,0,0,18,322,0,40,1
15-01 17:22:26,15.758,7.254,75.790,0.250,0,5296640,218772,171616,2308424,45534.100,4725.501,0,364.193,0,40.021,3565,3577,1.550,1.610,0.990,3,0,88.047,0,0,18,321,0,41,1
15-01 17:22:27,20.239,2.249,75.708,0.250,0,5341704,173704,171616,2308428,49501.326,7339.897,0,311.826,0,17.990,2419,2141,1.550,1.610,0.990,1,0,0,0,0,18,324,0,41,1
15-01 17:22:28,21.513,5.253,72.294,0,0,5366236,149152,171616,2308448,25523.625,18209.147,0,524.321,0,32.020,3041,2610,1.550,1.610,0.990,1,0,47.029,0,0,18,323,0,35,1
15-01 17:22:29,18.993,2.999,76.222,0,0,5367696,147680,171616,2308460,11730.743,7341.336,0,131.952,0,13.995,2344,2213,1.510,1.600,0.990,1,0,0,0,0,18,324,0,35,1
15-01 17:22:30,21.749,4.000,72.498,0.750,0,5332060,183308,171616,2308468,12527.589,4804.842,0,4007.869,0,419.986,3740,3291,1.510,1.600,0.990,1,0,15.999,0,0,18,323,0,37,1
15-01 17:22:31,19.503,3.250,75.760,0.250,0,5358184,157176,171616,2308476,13742.774,7344.948,0,328.042,0,27.003,2548,2520,1.510,1.600,0.990,1,0,1.000,0,0,18,324,0,37,1
15-01 17:22:32,23.990,3.748,69.971,1.000,0,5345724,167692,171616,2310420,11282.339,3696.473,1671.310,1111.541,54.977,154.936,5643,7476,1.510,1.600,0.990,4,0,1.999,0,0,18,325,0,36,1
15-01 17:22:33,22.752,6.001,70.506,0,0,5339436,173976,171616,2310424,7221.642,1458.130,0,464.041,0,24.002,2667,2256,1.510,1.600,0.990,1,0,11.001,0,0,18,325,0,36,1
15-01 17:22:34,15.282,2.255,80.416,0.251,0,5342412,170944,171620,2310476,18697.703,11256.300,32.066,681.410,1.002,47.097,2737,2754,1.390,1.580,0.980,3,0,0,0,0,18,326,0,36,1
15-01 17:22:35,18.270,11.513,68.076,0.501,0,5314340,198780,171620,2310712,8123.047,2849.173,48.054,1281.427,2.002,139.155,6714,8052,1.390,1.580,0.980,1,0,234.261,0,0,18,325,0,37,1
15-01 17:22:36,8.761,23.528,66.580,0.501,0,5317876,195212,171620,2310744,6168.424,1621.952,0,788.950,0,65.078,7392,6602,1.390,1.580,0.980,1,0,638.769,0,0,18,325,0,31,1
15-01 17:22:37,9.748,21.994,67.233,0,0,5319756,193300,171620,2310776,8328.911,1619.594,0,515.871,0,45.988,7341,6635,1.390,1.580,0.980,2,0,644.838,0,0,18,325,0,31,1
15-01 17:22:38,17.001,24.501,56.253,0.250,0,5319012,194008,171620,2310812,8781.497,1620.092,256.015,2752.156,2.000,176.010,8075,7632,1.390,1.580,0.980,2,0,731.041,0,0,18,325,0,31,1
15-01 17:22:39,28.504,26.253,44.505,0,0,5342396,170560,171620,2310860,7547.928,1620.199,768.094,228.028,6.001,25.003,7614,6784,1.430,1.580,0.990,2,0,716.088,0,0,18,325,0,31,1
15-01 17:22:40,9.503,23.007,66.770,0,0,5329508,183408,171620,2310900,9535.830,1620.481,0,40.012,0,10.003,7345,6530,1.430,1.580,0.990,3,0,640.190,0,0,18,325,0,29,1
15-01 17:22:41,13.189,11.696,71.668,2.488,0,5324192,301508,171620,2210128,7708.258,1612.523,286.671,15.926,24.885,1.991,3717,3301,1.430,1.580,0.990,0,1,136.368,0,0,18,325,0,29,1
15-01 17:22:42,19.579,3.514,71.789,3.765,0.251,5366584,249064,171636,2220168,8471.083,1463.890,1514.092,2481.986,177.715,10.040,2636,2338,1.430,1.580,0.990,1,0,3.012,0,0,18,325,0,29,1
15-01 17:22:43,18.924,2.490,77.690,0,0,5370684,242824,171668,2222272,14027.980,4336.682,19.920,864.547,3.984,8.964,2342,2129,1.430,1.580,0.990,2,0,15.936,0,0,18,326,0,29,1
15-01 17:22:44,14.754,1.500,79.771,2.501,0,5375824,236728,171700,2223192,18745.924,11063.906,784.206,3028.796,56.015,58.015,2282,2217,1.320,1.560,0.980,0,0,0,0,0,18,326,0,26,1
15-01 17:22:45,14.036,1.504,80.208,2.507,0,5372668,238772,171744,2224252,21473.747,11814.671,565.468,3902.130,54.141,441.145,3292,3230,1.320,1.560,0.980,0,0,1.003,0,0,18,326,0,26,1
15-01 17:22:46,17.209,1.247,77.067,3.990,0,5378552,231688,171784,2225412,18812.208,7284.655,1037.530,929.786,42.898,43.895,2383,2319,1.320,1.560,0.980,0,1,0.998,0,0,18,326,0,26,1
15-01 17:22:47,12.745,1.250,81.721,2.749,0,5376672,232848,171860,2226056,21539.389,11640.886,455.839,1123.603,50.982,35.987,2068,1979,1.320,1.560,0.980,0,0,0,0,0,18,326,0,26,1
15-01 17:22:48,16.307,1.003,80.028,1.756,0,5385852,222460,171904,2227220,23057.208,10210.519,883.072,1292.496,54.189,48.168,2312,2177,1.320,1.560,0.980,0,0,0,0,0,18,326,0,26,1
15-01 17:22:49,15.009,2.752,75.546,6.004,0,5390848,183952,171924,2260712,11889.172,4056.447,15369.271,800.483,169.102,32.019,2404,2120,1.290,1.550,0.980,1,0,1.001,0,0,18,326,0,23,1
15-01 17:22:50,22.666,3.238,71.734,0.747,0,5409952,150364,171928,2275128,9006.638,1452.619,0,1526.346,0,43.838,2621,2252,1.290,1.550,0.980,1,0,0.996,0,0,18,326,0,23,1
15-01 17:22:51,24.244,2.749,71.981,0.250,0,5407368,137172,171928,2290624,6891.189,1619.574,0,1387.635,0,31.992,2594,2319,1.290,1.550,0.980,1,0,0,0,0,18,326,0,23,1
15-01 17:22:52,22.506,3.751,71.770,0.750,0,5407424,146232,172040,2282484,5845.654,1620.458,0,2492.705,0,102.029,2929,2684,1.290,1.550,0.980,1,0,0,0,0,18,326,0,23,1
15-01 17:22:53,23.241,2.749,72.223,0.750,0,5403020,134624,172040,2298188,10691.067,1619.404,0,2139.213,0,83.969,2853,2528,1.290,1.550,0.980,1,0,0,0,0,18,326,0,22,1
15-01 17:22:54,22.759,3.751,71.528,0.500,0,5403896,141916,172040,2290584,7679.004,1620.634,0,2424.949,0,84.033,2872,2548,1.270,1.540,0.980,1,0,0,0,0,18,326,0,22,1
15-01 17:22:55,23.835,3.513,70.752,0.502,0,5357784,205456,172040,2273176,8146.043,1800.419,32.114,7771.708,1.004,313.116,3439,2973,1.270,1.540,0.980,1,0,19.068,0,0,18,325,0,22,1
15-01 17:22:56,18.682,3.487,76.472,0,0,5379388,178492,172040,2278536,48764.495,3884.859,0,1135.865,0,15.942,2298,2030,1.270,1.540,0.980,2,0,15.942,0,0,18,325,0,22,1
15-01 17:22:57,22.754,3.501,72.512,0,0,5370816,185840,172040,2279732,43922.109,1951.316,0,4.001,0,1.000,2546,2071,1.270,1.540,0.980,1,0,19.003,0,0,18,326,0,22,1
15-01 17:22:58,18.747,3.249,76.738,0.500,0,5370340,179628,172148,2285668,15546.590,4231.344,0,1359.789,0,21.997,5311,8568,1.270,1.540,0.980,2,0,5.999,0,0,18,325,0,22,1
15-01 17:22:59,23.591,6.023,69.017,0,0,5386780,162560,172196,2286140,7108.548,1626.303,0,84.327,0,1.004,10987,20385,1.250,1.530,0.980,3,0,13.051,0,0,18,325,0,22,1
15-01 17:23:00,21.170,6.475,69.984,0.498,0,5390720,160528,172228,2284168,7197.675,1613.873,0,2159.801,0,26.898,6592,10649,1.250,1.530,0.980,1,0,16.936,0,0,18,325,0,22,1
15-01 17:23:01,23.239,4.998,70.967,0.250,0,5310976,251692,172228,2273340,10000.380,1619.252,0,1507.304,0,156.928,3608,3383,1.250,1.530,0.980,1,0,51.976,0,0,18,325,0,20,1
15-01 17:23:02,24.512,5.503,69.034,0,0.250,5343820,218832,172228,2273356,8784.322,1620.798,0,272.134,0,4.002,10404,18711,1.250,1.530,0.980,1,0,24.012,0,0,18,325,0,20,1
15-01 17:23:03,18.745,3.249,76.480,0,0,5353672,203708,172228,2278628,14399.193,3897.969,0,791.791,0,11.997,2358,2047,1.250,1.530,0.980,1,0,16.996,0,0,18,325,0,20,1
15-01 17:23:04,21.245,2.999,74.734,0,0,5376420,179712,172232,2279872,12891.179,2891.367,0,0,0,0,2470,2108,1.230,1.520,0.980,0,0,17.996,0,0,18,326,0,20,1
15-01 17:23:05,21.340,4.770,71.551,0.251,0,5378304,171276,172296,2285832,11519.423,3308.909,16.068,1871.869,1.004,68.287,10143,18120,1.230,1.520,0.980,2,0,6.025,0,0,18,325,0,20,1
15-01 17:23:06,22.253,6.501,69.009,0.250,0,5380664,168260,172296,2286388,6191.834,1620.218,0,476.064,0,14.002,10896,19580,1.230,1.520,0.980,1,0,20.003,0,0,18,325,0,20,1
15-01 17:23:07,20.248,6.249,72.492,0,0,5297416,264988,172304,2273380,5708.409,1619.832,0,795.918,0,27.997,2455,2106,1.230,1.520,0.980,1,0,8.999,0,0,18,325,0,20,1
15-01 17:23:08,23.915,2.989,71.495,0,0,5317728,244672,172304,2273384,5517.293,1614.234,0,3.986,0,0.996,2545,2076,1.230,1.520,0.980,1,0,22.918,0,0,18,325,0,20,1
15-01 17:23:09,21.744,6.498,71.481,0,0,5341428,214032,172600,2280028,9301.492,1619.563,0,15.996,0,3.999,3444,2988,1.210,1.510,0.980,2,0,96.974,0,0,18,325,0,20,1
15-01 17:23:10,24.247,2.500,71.242,0,0,5357292,194272,172672,2283788,7307.174,1619.817,0,1063.880,0,7.999,2632,2216,1.210,1.510,0.980,2,0,16.998,0,0,18,325,0,20,1
15-01 17:23:11,13.998,1.500,83.486,0.500,0,5367580,183652,172672,2284104,24102.815,9844.291,0,1243.784,0,33.994,1996,1967,1.210,1.510,0.980,1,0,0,0,0,18,326,0,20,1
15-01 17:23:12,11.251,1.250,86.260,0.500,0,5365440,185336,172672,2284556,23934.876,12777.535,0,1824.219,0,141.017,1902,1912,1.210,1.510,0.980,0,0,0,0,0,18,326,0,20,1
15-01 17:23:13,7.015,2.756,87.682,1.002,0,5361224,189396,172672,2285228,140588.343,7836.239,0,3964.215,0,189.392,2659,3119,1.210,1.510,0.980,4,0,15.031,0,0,18,327,0,19,1
15-01 17:23:14,14.964,2.494,80.557,0.748,0,5334956,215464,172688,2284896,35150.598,9450.308,0,1081.403,0,42.897,3188,14962,1.110,1.490,0.980,1,0,20.950,0,0,18,327,0,20,1
15-01 17:23:15,19.253,2.000,76.511,0.250,0,5350412,199876,172692,2285036,17251.474,8765.257,0,12361.773,0,131.019,2862,2889,1.110,1.490,0.980,1,0,1.000,0,0,18,327,0,20,1
15-01 17:23:16,17.247,1.750,79.238,0.750,0,5358468,191560,172692,2285292,37912.386,10512.443,0,1379.796,0,59.991,2535,2533,1.110,1.490,0.980,1,0,1.000,0,0,18,327,0,20,1
15-01 17:23:17,12.253,2.751,81.018,2.501,0,5370832,178304,172900,2285868,310512.433,18367.107,28.006,2648.592,4.001,181.040,4253,5580,1.110,1.490,0.980,0,0,1.000,0,0,18,327,0,16,1
15-01 17:23:18,14.752,2.000,81.509,1.000,0,5370184,178304,173104,2286208,82131.971,14060.536,104.011,1892.207,6.001,85.009,2784,2926,1.110,1.490,0.980,1,0,0,0,0,18,327,0,18,1
15-01 17:23:19,12.742,1.499,83.199,0.500,0,5378952,157708,173184,2297840,1469269.485,23413.586,0,2390.528,0,38.976,2675,2266,1.100,1.480,0.980,0,0,0.999,0,0,18,327,0,18,1
15-01 17:23:20,9.506,2.752,84.802,0.250,0.250,5357184,151744,173240,2325412,14357659.521,62301.157,0,19307.825,0,75.046,5349,2592,1.100,1.480,0.980,1,0,4.002,0,0,18,327,0,18,1
15-01 17:23:21,14.532,2.004,81.177,1.002,0,5366900,129484,173396,2337620,1998219.360,12712.683,164.358,14018.527,4.009,96.210,2731,2501,1.100,1.480,0.980,1,0,2.004,0,0,18,327,0,14,1
15-01 17:23:22,22.452,4.740,71.596,0.748,0,5369892,123684,176980,2334248,10525.318,1616.516,0,4638.005,0,102.779,2801,2583,1.100,1.480,0.980,2,0,0,0,0,18,327,0,14,1
15-01 17:23:23,23.836,3.513,71.759,0.753,0,5377004,131060,177480,2319220,6497.432,1625.864,0,1806.515,0,45.163,2660,2367,1.100,1.480,0.980,1,0,0,0,0,18,327,0,14,1
15-01 17:23:24,23.915,3.238,71.494,0,0,5390492,130724,177760,2306192,8839.402,1656.080,0,745.336,0,23.915,2548,2157,1.090,1.470,0.980,1,0,0,0,0,18,327,0,14,1
15-01 17:23:25,23.048,5.762,68.393,1.253,0,5392480,126624,178620,2306512,9680.249,1623.396,16.034,89206.598,1.002,633.325,4354,3555,1.090,1.470,0.980,1,0,0,0,0,18,327,0,10,1
15-01 17:23:26,22.202,4.490,70.847,0.748,0,5387296,133220,179416,2303528,40327.071,1616.515,0,3400.670,0,83.819,2736,2525,1.090,1.470,0.980,2,0,0,0,0,18,327,0,10,1
15-01 17:23:27,24.500,2.750,71.750,0.500,0,5395756,132340,180720,2294284,44121.299,1620.011,0,1752.012,0,36.000,2577,2188,1.090,1.470,0.980,3,0,0,0,0,18,327,0,10,1
15-01 17:23:28,23.743,3.249,71.230,1.000,0,5388292,143076,181588,2289692,9814.291,1619.553,0,3027.165,0,216.940,3023,2546,1.090,1.470,0.980,2,0,0,0,0,18,327,0,10,1
15-01 17:23:29,18.513,1.751,77.553,0.751,0,5386172,131356,182252,2301476,14692.999,3768.565,0,1917.305,0,67.046,2430,2263,1.090,1.460,0.980,2,0,0,0,0,18,325,0,7,4
15-01 17:23:30,23.991,3.249,71.225,0.250,0.250,5344936,207372,182252,2266716,11537.894,1943.308,0,415.852,0,13.995,2770,2361,1.090,1.460,0.980,3,0,20.993,0,0,18,325,0,7,1
15-01 17:23:31,19.750,3.000,76.249,0.250,0,5373660,172280,182288,2272860,12235.797,3790.937,0,675.989,0,31.999,2496,2306,1.090,1.460,0.980,1,0,17.000,0,0,18,326,0,7,1
15-01 17:23:32,23.500,3.750,72.251,0,0,5361888,183416,182328,2273232,8573.087,2036.021,0,1392.014,0,14.000,2669,2183,1.090,1.460,0.980,1,0,19.000,0,0,18,325,1,7,1
15-01 17:23:33,17.500,3.250,77.251,0.250,0,5337268,200896,182672,2279020,16330.217,4549.060,0,1072.014,0,21.000,2444,2126,1.090,1.460,0.980,1,0,8.000,0,0,18,325,0,7,1
15-01 17:23:34,22.511,7.003,69.284,0,0,5346768,190568,182728,2279644,5923.877,1620.787,0,84.041,0,1.000,9939,18289,1.080,1.450,0.980,3,0,12.006,0,0,18,325,0,4,1
15-01 17:23:35,23.495,6.499,67.985,0,0,5358972,178220,182736,2279780,9535.945,1619.651,31.993,2971.360,1.000,58.987,10483,19013,1.080,1.450,0.980,1,0,12.997,0,0,18,325,0,4,1
15-01 17:23:36,21.321,5.268,72.242,0,0,5354756,183568,182780,2278568,9014.220,1625.449,0,533.790,0,16.054,2401,1949,1.080,1.450,0.980,2,0,7.024,0,0,18,325,0,4,1
15-01 17:23:37,21.919,4.732,71.485,0.747,0,5306140,243692,182780,2268268,8593.180,1452.621,227.159,737.270,2.989,14.945,2687,2559,1.080,1.450,0.980,1,0,5.978,0,0,18,325,0,4,1
15-01 17:23:38,31.327,7.017,59.647,1.002,0,5345164,202640,182780,2270280,9426.191,1623.996,773.904,2550.275,18.044,96.237,5152,6441,1.080,1.450,0.980,3,1,7.017,0,0,18,326,0,6,1
15-01 17:23:39,40.578,13.275,44.084,1.503,0,5349664,197112,182780,2271308,5811.111,1623.103,1378.636,2488.758,51.098,306.586,8754,11166,1.150,1.460,0.990,3,0,177.339,0,0,18,327,0,7,1
15-01 17:23:40,15.190,13.696,67.235,1.992,0,5336372,209004,182780,2272704,10598.182,1613.633,1669.413,1350.671,56.776,87.654,5486,4972,1.150,1.460,0.990,0,1,269.935,0,0,18,327,0,9,1
15-01 17:23:41,10.503,5.501,72.269,10.753,0,5289136,214432,182780,2314528,8146.140,2107.554,41754.971,12359.247,3438.904,82.022,9459,9142,1.150,1.460,0.990,1,0,16.004,0,0,18,328,0,9,1
15-01 17:23:42,2.997,1.249,89.911,3.996,0,5285828,216752,183184,2315112,9463.621,2819.206,987.022,3464.566,246.755,164.837,2234,3199,1.150,1.460,0.990,0,0,0,0,0,18,328,0,9,1
15-01 17:23:43,2.501,1.001,94.799,0.500,0,5282720,219672,183184,2315300,49480.512,6178.185,184.095,192.099,5.003,13.007,1433,1885,1.150,1.460,0.990,0,0,0,0,0,18,328,0,9,1
15-01 17:23:44,2.750,1.500,93.494,1.250,0,5267504,234684,183184,2315504,108321.712,2699.818,91.994,2159.855,1.000,358.976,2085,1843,1.140,1.460,0.990,1,0,3.000,0,0,18,327,0,9,2
15-01 17:23:45,4.250,2.500,88.741,2.750,0,5252644,249492,183244,2315500,14138.641,129393.561,307.970,4667.551,16.998,209.980,2837,3504,1.140,1.460,0.990,0,0,9.999,0,0,18,327,0,9,1
15-01 17:23:46,2.499,0.750,94.705,0.500,0,5248352,253776,183244,2315508,6528.874,1457.302,0,427.795,0,40.980,1722,2466,1.140,1.460,0.990,0,0,1.000,0,0,18,327,0,9,1
15-01 17:23:47,2.000,0.750,96.774,0,0,5243948,258180,183244,2315508,7781.927,1620.401,0,48.012,0,6.001,1268,1749,1.140,1.460,0.990,1,0,0,0,0,18,327,0,9,1
15-01 17:23:48,2.500,1.000,95.244,0,0,5240840,261284,183244,2315512,11185.274,1619.895,0,211.986,0,19.999,1460,1923,1.140,1.460,0.990,0,0,0,0,0,18,327,0,9,1
15-01 17:23:49,2.250,0.750,95.503,0.250,0,5238184,263892,183244,2315560,7805.257,1620.053,32.001,256.008,1.000,35.001,1634,2320,1.050,1.430,0.980,0,0,0,0,0,18,327,0,9,1
15-01 17:23:50,1.749,1.000,95.708,0.250,0,5229164,272912,183244,2315560,9455.876,1619.294,0,427.813,0,30.986,1281,1818,1.050,1.430,0.980,0,0,1.000,0,0,18,327,0,9,1
15-01 17:23:51,1.751,0.750,96.541,0,0,5227952,274124,183244,2315560,10648.489,1620.683,0,12.005,0,3.001,1212,1658,1.050,1.430,0.980,1,0,0,0,0,18,327,0,9,1
15-01 17:23:52,1.500,1.000,96.758,0,0,5227304,274772,183244,2315560,9813.815,1620.135,0,0,0,0,1218,1677,1.050,1.430,0.980,0,0,0,0,0,18,327,0,9,1
15-01 17:23:53,1.500,0.500,96.491,0,0,5227304,274772,183244,2315560,11509.873,1619.841,0,0,0,0,1249,1678,1.050,1.430,0.980,0,0,0,0,0,18,327,0,9,1
15-01 17:23:54,1.500,0.750,96.469,0,0,5227304,274772,183244,2315560,6405.947,1457.533,0,0,0,0,1209,1710,0.960,1.410,0.980,0,0,0,0,0,18,327,0,9,1
15-01 17:23:55,2.501,0.750,95.548,0,0,5227052,275024,183244,2315560,6201.095,1620.809,0,276.138,0,23.011,1428,2114,0.960,1.410,0.980,0,0,0,0,0,18,327,0,9,1
15-01 17:23:56,2.501,3.751,91.529,0.500,0,5212120,289920,183244,2315592,44017.941,1620.513,0,109222.592,0,787.249,3357,2851,0.960,1.410,0.980,1,0,0,0,0,18,327,0,9,1
15-01 17:23:57,1.748,0.749,96.648,0,0,5212120,289920,183244,2315592,42730.016,1618.296,0,3.996,0,0.999,1215,1611,0.960,1.410,0.980,0,0,0,0,0,18,327,0,9,1
15-01 17:23:58,2.002,0.751,96.335,0,0,5212368,289668,183244,2315596,9649.486,1621.426,0,0,0,0,1327,1852,0.960,1.410,0.980,0,0,0,0,0,18,327,0,9,1
15-01 17:23:59,1.750,0.500,95.227,0.250,0,5212480,289668,183244,2315620,7666.148,1619.609,15.996,2319.440,1.000,149.964,1777,2235,0.890,1.380,0.970,0,0,0,0,0,18,327,0,9,1
15-01 17:24:00,2.000,1.250,95.518,0.500,0,5212480,289668,183244,2315620,8481.577,1620.301,0,376.070,0,31.006,1449,2109,0.890,1.380,0.970,0,0,2.000,0,0,18,327,0,9,1
15-01 17:24:01,2.250,2.000,94.511,0.250,0,5211908,290232,183244,2315628,7950.915,1620.186,0,63531.310,0,215.025,2108,2359,0.890,1.380,0.970,0,0,1.000,0,0,18,327,0,9,1
15-01 17:24:02,1.750,0.750,96.225,0,0,5211904,290232,183244,2315632,7400.042,1619.571,0,0,0,0,1179,1675,0.890,1.380,0.970,1,0,0,0,0,18,327,0,9,1
15-01 17:24:03,1.999,0.500,95.965,0,0,5212156,289980,183244,2315632,9489.582,1457.475,0,1115.598,0,16.994,1419,1918,0.890,1.380,0.970,0,0,0,0,0,18,327,0,9,1
15-01 17:24:04,1.501,1.000,96.546,0,0,5212156,289980,183244,2315632,10233.910,1620.778,0,0,0,0,1252,1690,0.900,1.380,0.970,0,0,0,0,0,18,327,0,9,1
15-01 17:24:05,2.000,1.000,95.506,0.250,0,5212152,289980,183244,2315636,8362.503,1620.098,0,380.023,0,32.002,1503,2185,0.900,1.380,0.970,0,0,0,0,0,18,327,0,9,1
15-01 17:24:06,1.754,0.501,96.986,0,0,5212152,289980,183244,2315636,8590.895,1623.950,0,32.078,0,4.010,1247,1734,0.900,1.380,0.970,0,0,0,0,0,18,327,0,9,1
15-01 17:24:07,1.745,0.748,96.746,0,0,5212152,289980,183244,2315636,7342.719,1615.757,0,0,0,0,1124,1632,0.900,1.380,0.970,0,0,0,0,0,18,327,0,9,1
15-01 17:24:08,1.500,0.250,96.027,0,0,5212148,289980,183244,2315640,9461.705,1620.463,0,0,0,0,1234,1722,0.900,1.380,0.970,0,0,2.001,0,0,18,327,0,9,1
15-01 17:24:09,2.007,2.007,95.324,0.251,0,5222360,279760,183244,2315648,12041.974,1625.531,0,730.486,0,135.461,1837,2197,0.820,1.350,0.970,0,0,0,0,0,18,327,0,9,1
15-01 17:24:10,1.743,0.747,95.609,0,0,5222624,279496,183244,2315648,7698.503,1505.839,0,382.435,0,28.882,1397,1982,0.820,1.350,0.970,0,0,0.996,0,0,18,327,0,9,1
15-01 17:24:11,1.758,0.502,97.192,0,0,5222292,279828,183248,2315644,8625.238,1573.157,0,2648.047,0,16.073,1309,1795,0.820,1.350,0.970,0,0,0,0,0,18,327,0,9,1
15-01 17:24:12,1.244,0.996,96.572,0.249,0,5222448,279664,183248,2315652,7305.602,1612.847,0,270.799,0,2.987,1103,1642,0.820,1.350,0.970,0,0,0,0,0,18,327,0,9,1
15-01 17:24:13,1.751,1.000,96.278,0,0,5222448,279664,183248,2315652,5819.685,1620.469,0,0,0,0,1349,1963,0.820,1.350,0.970,0,0,0,0,0,18,327,0,9,1
15-01 17:24:14,7.249,3.500,87.492,0,0,5228192,273916,183248,2315656,8809.154,1619.844,0,4.000,0,1.000,2491,11957,0.840,1.350,0.970,0,0,35.997,0,0,18,327,0,10,1
15-01 17:24:15,7.280,1.757,89.865,0.502,0,5244056,258040,183248,2315668,141609.243,4018.323,0,542.203,0,50.204,2266,2864,0.840,1.350,0.970,0,0,5.020,0,0,18,327,0,9,1
15-01 17:24:16,12.955,4.983,79.228,0.747,0,5245396,256568,183256,2315792,439126.449,16957.706,123.575,131.548,5.979,11.959,3679,3158,0.840,1.350,0.970,2,0,35.877,0,0,18,327,0,9,1
15-01 17:24:17,17.490,6.746,74.707,0.250,0,5254348,243492,183256,2319916,154177.351,5442.835,15.991,543.684,0.999,6.996,3156,2574,0.840,1.350,0.970,1,0,32.981,0,0,18,327,0,9,1
