"pcp-dstat 6.2.0 CSV Output"
"Author:","PCP team <pcp@groups.io> and Dag Wieers <dag@wieers.com>",,,,"URL:","https://pcp.io/ and http://dag.wieers.com/home-made/dstat/"
"Host:","ubuntu",,,,"User:","ubuntu"
"Cmdline:","dstat -tcmndrylpg --tcp --output /tmp/devstack_logs/dstat-csv.log",,,,"Date:","20 Jan 2026 10:18:16 UTC"
"system","total usage",,,,,"memory usage",,,,"net/total",,"dsk/total",,"io/total",,"system",,"load avg",,,"procs",,,"paging",,"tcp sockets",,,,
"time","total usage:usr","total usage:sys","total usage:idl","total usage:wai","total usage:stl","used","free","buf","cach","net/total:recv","net/total:send","dsk/total:read","dsk/total:writ","read","writ","int","csw","1m","5m","15m","run","blk","new","in","out","lis","act","syn","tim","clo"
20-01 10:18:16,,966384,1739520,163268,4952592,,,,,,,1.390,0.970,0.550,3,0,,,,10,5,0,17,1
20-01 10:18:17,17.233,20.730,60.691,0.250,0,970348,1734996,163316,4953100,19910.668,10651.658,0,2377.691,0,86.916,6431,5353,1.280,0.950,0.550,3,0,457.556,0,0,10,5,0,17,1
20-01 10:18:18,27.724,19.232,52.201,0.500,0,1008192,1696732,163344,4953816,22853.764,9359.303,0,1326.767,0,47.955,6088,5843,1.280,0.950,0.550,2,0,365.660,0,0,10,5,0,17,1
20-01 10:18:19,28.299,17.030,53.343,0.250,0,998056,1706440,163404,4954112,78467.794,12764.252,0,1650.878,0,49.086,6573,8069,1.280,0.950,0.550,2,0,293.512,0,0,10,4,0,17,2
20-01 10:18:20,27.445,8.483,63.624,0.499,0,1154384,1549428,163428,5079048,54129.475,10286.566,15.968,1221.573,0.998,33.933,4118,3755,1.280,0.950,0.550,1,0,94.812,0,0,11,6,0,17,2
20-01 10:18:21,30.800,11.519,56.342,0.501,0,1162764,1522148,163492,5097144,196746.553,11316.380,0,5184.420,0,70.114,4362,2931,1.280,0.950,0.550,2,0,171.278,0,0,11,8,0,17,2
20-01 10:18:22,39.188,6.240,48.923,4.493,0,1208084,1457456,164508,5111988,9142.592,1617.451,31.950,2635.846,1.997,80.873,3376,2306,1.330,0.970,0.560,2,0,34.945,0,0,11,6,0,19,2
20-01 10:18:23,46.000,4.500,48.750,0.500,0,1252576,1394332,165032,5127992,10168.908,1619.985,4.000,2791.975,1.000,44.000,3194,1802,1.330,0.970,0.560,3,0,0,0,0,11,6,0,19,2
20-01 10:18:24,35.825,7.015,47.099,8.267,0,1290860,1326920,166296,5153708,7830.465,1717.612,0,28235.372,0,2141.503,14029,19146,1.330,0.970,0.560,2,0,46.097,0,0,11,8,0,19,2
20-01 10:18:25,37.721,8.993,42.217,9.493,0,1230208,1367676,168012,5169356,7935.828,1618.741,0,55672.703,0,3711.114,17975,24055,1.330,0.970,0.560,4,0,99.922,0,0,11,6,0,19,2
20-01 10:18:26,44.425,5.491,48.917,0.998,0,1287812,1281468,168912,5194604,10053.006,1617.266,0,3214.566,0,185.686,3651,2239,1.330,0.970,0.560,3,0,10.981,0,0,11,6,0,19,2
20-01 10:18:27,41.832,3.006,53.605,1.002,0,1326992,1254444,169320,5181372,15199.745,4350.514,0,2436.769,0,152.298,3159,1823,1.310,0.970,0.560,2,0,1.002,0,0,11,4,0,19,0
20-01 10:18:28,45.161,5.988,47.407,0.749,0,1254784,1326680,169408,5181324,9887.539,1455.136,0,7888.474,0,445.124,4227,3511,1.310,0.970,0.560,2,0,28.943,0,0,11,4,0,19,0
20-01 10:18:29,41.252,4.250,53.502,0.500,0,1253976,1320312,169516,5187772,14631.611,3899.163,0,1456.061,0,69.003,2876,1662,1.310,0.970,0.560,2,0,17.001,0,0,11,4,0,19,0
20-01 10:18:30,28.822,18.547,52.381,0,0,1223744,1350244,169516,5187896,15962.068,4496.286,0,553.389,0,24.060,5962,4645,1.310,0.970,0.560,4,0,445.117,0,0,11,5,0,19,0
20-01 10:18:31,34.586,21.150,41.553,0.249,0,1199900,1365588,170040,5194412,8214.117,1785.548,0,3037.621,0,231.902,14031,21832,1.310,0.970,0.560,3,0,370.247,0,0,11,4,0,19,0
20-01 10:18:32,56.341,17.027,26.292,0,0,1263640,1301520,170112,5195024,5921.554,1622.618,0,196.317,0,5.008,9197,22102,1.520,1.020,0.580,3,0,203.328,0,0,11,5,0,19,0
20-01 10:18:33,65.783,9.005,24.512,0.250,0,1256664,1322632,170188,5182416,5541.788,1620.815,0,3249.635,0,152.077,4163,1754,1.520,1.020,0.580,3,0,8.004,0,0,11,5,0,19,0
20-01 10:18:34,65.993,9.999,23.747,0,0,1281140,1297580,170192,5182988,9415.947,1619.819,0,495.945,0,42.995,4024,1735,1.520,1.020,0.580,6,0,24.997,0,0,11,5,0,19,0
20-01 10:18:35,22.752,9.001,67.506,0.500,0,1286632,1290056,170220,5184980,7460.689,1620.150,0,2832.261,0,154.014,4025,4557,1.520,1.020,0.580,0,0,168.016,0,0,11,4,0,20,0
20-01 10:18:36,17.990,4.497,76.207,0,0,1338288,1238396,170224,5184980,10093.300,1619.086,0,479.729,0,27.984,2057,1707,1.520,1.020,0.580,1,0,22.987,0,0,11,4,0,20,0
20-01 10:18:37,23.515,3.002,72.547,0.250,0,1354764,1221932,170224,5184984,8213.290,1621.044,0,21549.881,0,295.190,2491,1381,1.480,1.020,0.580,1,0,1.001,0,0,11,4,0,18,0
20-01 10:18:38,28.256,4.751,65.265,0.500,0,1387044,1189516,170276,5185220,9290.088,1458.328,0,1808.406,0,200.045,4704,14618,1.480,1.020,0.580,1,0,37.008,0,0,11,10,0,19,0
20-01 10:18:39,20.042,6.263,73.154,0.752,0,1321812,1254444,170560,5185228,7182.081,1623.409,372.783,2541.336,20.042,151.318,2731,2283,1.480,1.020,0.580,1,0,42.088,0,0,11,4,0,21,0
20-01 10:18:40,19.497,1.500,77.988,0.250,0,1338092,1237812,170560,5185516,8574.728,4008.405,0,603.910,0,7.999,1795,1314,1.480,1.020,0.580,1,0,0,0,0,11,11,0,21,0
20-01 10:18:41,17.688,2.491,74.238,4.484,0,1342888,1232548,170608,5185880,10478.051,5792.574,267.058,1068.233,65.768,32.884,2595,2604,1.480,1.020,0.580,1,0,2.989,0,0,11,29,0,16,0
20-01 10:18:42,19.525,7.510,72.845,0,0,1371284,1204120,170608,5185888,11928.526,3180.139,0,30027.082,0,99.129,2755,1896,1.440,1.020,0.580,1,0,43.056,0,0,11,28,0,17,0
20-01 10:18:43,17.497,2.250,78.989,0,0,1393224,1182168,170608,5185900,15476.753,7408.924,0,1735.748,0,6.999,1859,1469,1.440,1.020,0.580,1,0,0,0,0,11,29,0,17,0
20-01 10:18:44,30.316,10.523,58.127,0,0,1429276,1146104,170608,5185912,10843.642,2764.026,0,12.026,0,3.007,3688,2594,1.440,1.020,0.580,2,0,156.341,0,0,11,28,0,18,0
20-01 10:18:45,35.678,4.491,58.382,0,0,1498324,1077036,170608,5185928,15783.984,9430.870,0,2259.417,0,11.976,3117,2235,1.440,1.020,0.580,4,0,0,0,0,11,30,0,18,0
20-01 10:18:46,36.094,10.778,53.139,0.501,0,1450760,1124384,170608,5186144,22812.694,12551.844,0,2935.682,0,129.338,6695,8492,1.440,1.020,0.580,5,0,222.582,0,0,11,28,0,19,0
20-01 10:18:47,75.273,23.928,0.249,0,0,1539392,1035744,170616,5186144,8391.652,1453.609,0,2149.507,0,21.934,5340,4001,1.810,1.110,0.610,6,0,355.925,0,0,11,28,0,19,0
20-01 10:18:48,86.994,9.777,3.008,0,0,1715444,859656,170616,5186180,20029.083,16763.941,0,0,0,0,5445,3538,1.810,1.110,0.610,5,0,0,0,0,11,33,0,19,0
20-01 10:18:49,80.479,8.248,10.747,0,0,1734748,840136,170620,5186388,73746.700,30777.945,0,591.845,0,57.985,8436,12771,1.810,1.110,0.610,6,0,57.985,0,0,11,29,0,24,0
20-01 10:18:50,25.483,12.991,61.209,0,0,1527572,1047240,170620,5186456,46966.826,2830.122,0,403.732,0,23.984,4212,3914,1.810,1.110,0.610,1,0,251.833,0,0,11,28,0,23,0
20-01 10:18:51,19.010,1.751,78.291,0,0,1521900,1052908,170620,5186460,11479.003,5603.930,0,156.082,0,9.005,2021,1649,1.810,1.110,0.610,1,0,0,0,0,11,29,0,23,0
20-01 10:18:52,15.468,6.985,75.841,0.499,0,1473348,1101420,170632,5186472,11847.209,4585.405,0,13739.250,0,98.793,3665,3708,1.740,1.100,0.610,1,0,67.858,0,0,11,28,0,24,0
20-01 10:18:53,19.748,1.750,77.993,0,0,1492100,1082664,170632,5186476,11127.049,5468.533,0,231.980,0,2.000,1943,1588,1.740,1.100,0.610,1,0,0,0,0,11,29,0,24,0
20-01 10:18:54,16.766,6.006,76.321,0,0,1449236,1125488,170644,5186504,13425.565,4749.445,0,776.727,0,20.019,3652,3614,1.740,1.100,0.610,2,0,105.098,0,0,11,28,0,25,0
20-01 10:18:55,16.272,28.037,55.324,0,0,1430712,1144000,170648,5186512,56736.595,1622.161,0,224.299,0,17.023,7079,5594,1.740,1.100,0.610,4,0,768.023,0,0,11,28,0,25,0
20-01 10:18:56,81.372,17.972,0,0,0,1568428,1006252,170652,5186540,6681.472,1455.706,0,199.685,0,12.980,5044,2929,1.740,1.100,0.610,5,0,165.739,0,0,11,28,0,25,0
20-01 10:18:57,77.572,10.760,12.011,0,0,1651588,922968,170660,5186592,66633.122,29218.240,0,80547.094,0,261.244,6868,7349,2,1.170,0.640,4,0,7.007,0,0,11,33,0,25,0
20-01 10:18:58,71.080,16.769,11.763,0.250,0,1642452,931740,170680,5186920,61212.261,23622.729,0,1842.084,0,76.086,9459,13989,2,1.170,0.640,6,0,280.317,0,0,11,28,0,26,0
20-01 10:18:59,85.010,14.752,0,0,0,1620912,953112,170684,5187080,6189.756,1620.198,0,188.023,0,10.001,5008,2860,2,1.170,0.640,6,0,30.004,0,0,11,28,0,26,0
20-01 10:19:00,85.747,9.250,4.500,0,0,1740224,833764,170684,5187116,48311.404,30770.984,0,679.978,0,13.000,6546,6479,2,1.170,0.640,3,0,0,0,0,11,34,0,26,0
20-01 10:19:01,77.237,15.497,6.749,0,0,1670904,902812,170696,5187376,45554.094,35249.882,0,1207.790,0,79.986,8781,15864,2,1.170,0.640,5,0,204.964,0,0,11,29,0,31,0
20-01 10:19:02,44.131,8.228,46.375,0,0,1566436,1007268,170696,5187388,14479.841,5737.484,0,2225.980,0,78.787,3765,2713,2,1.180,0.650,2,0,92.749,0,0,11,29,0,31,0
20-01 10:19:03,34.341,9.776,55.898,0,0,1536704,1036972,170700,5187412,32488.821,9796.879,0,176.466,0,17.045,4901,4816,2,1.180,0.650,3,0,187.495,0,0,11,29,0,32,0
20-01 10:19:04,69.729,16.745,12.746,0,0,1542260,1031380,170704,5187444,12708.250,7773.706,0,199.941,0,11.996,5366,4779,2,1.180,0.650,3,0,190.944,0,0,11,28,0,33,0
20-01 10:19:05,46.143,5.737,48.138,0,0,1575176,998284,170704,5187624,29469.736,22988.749,0,143.667,0,7.982,4753,6034,2,1.180,0.650,1,0,0,0,0,11,31,0,33,0
20-01 10:19:06,61.108,20.035,18.032,0,0,1485224,1088164,170736,5187664,24060.330,8459.884,0,460.811,0,51.090,6891,7454,2,1.180,0.650,4,0,258.455,0,0,11,28,0,33,0
20-01 10:19:07,72.016,7.752,20.004,0,0,1597768,975572,170744,5187704,24657.544,17217.872,0,1276.287,0,128.029,5117,3212,2.080,1.210,0.660,4,0,1.000,0,0,11,32,0,33,0
20-01 10:19:08,63.758,9.501,25.003,0.250,0,1548624,1024616,170764,5187784,34700.167,26428.173,0,444.053,0,46.006,8540,12613,2.080,1.210,0.660,7,0,151.018,0,0,11,28,0,36,0
20-01 10:19:09,62.292,16.761,21.264,0.500,0,1543508,1029652,170820,5187808,18241.351,1621.098,0,3862.615,0,218.148,4485,3103,2.080,1.210,0.660,3,0,173.117,0,0,11,28,0,36,0
20-01 10:19:10,45.393,4.739,48.635,0,0,1585224,987832,170820,5187912,29264.895,22900.923,0,0,0,0,5739,6627,2.080,1.210,0.660,3,0,0,0,0,11,31,0,32,0
20-01 10:19:11,57.386,17.792,24.558,0,0,1493352,1079540,170844,5188052,14445.246,9250.932,0,1379.270,0,71.169,6226,6634,2.080,1.210,0.660,4,0,299.711,0,0,11,28,0,34,0
20-01 10:19:12,53.997,5.750,39.498,0,0,1571260,1001452,170844,5188232,17200.919,13268.167,0,0,0,0,4017,2702,1.920,1.190,0.650,4,0,0,0,0,11,31,0,34,0
20-01 10:19:13,53.002,13.750,32.001,0.250,0,1484496,1088004,170864,5188532,26162.815,17740.552,0,5236.163,0,317.010,7342,8827,1.920,1.190,0.650,5,0,276.009,0,0,11,28,0,37,0
20-01 10:19:14,61.082,9.225,29.419,0,0,1543184,1029288,170864,5188560,10210.918,7045.623,0,159.561,0,8.975,3640,1535,1.920,1.190,0.650,0,0,10.970,0,0,11,31,0,34,0
20-01 10:19:15,48.375,5.765,46.119,0.251,0,1532992,1039284,170884,5188736,31754.889,21840.322,0,352.910,0,36.093,6721,8741,1.920,1.190,0.650,4,0,18.047,0,0,11,28,0,36,0
20-01 10:19:16,62.514,13.003,24.005,0,0,1521320,1050916,170892,5188768,8953.946,1620.352,0,156.034,0,8.002,4114,2072,1.920,1.190,0.650,4,0,94.020,0,0,11,28,0,36,0
20-01 10:19:17,48.729,5.498,45.481,0.250,0,1548756,1023348,170900,5188848,26945.629,19994.562,0,151.936,0,8.996,4944,5299,2,1.220,0.670,2,0,1.000,0,0,11,31,0,36,0
20-01 10:19:18,62.276,24.260,13.256,0,0,1458948,1113108,170948,5188848,15987.661,8801.667,0,1552.647,0,109.045,7422,8609,2,1.220,0.670,6,0,509.212,0,0,11,28,0,38,0
20-01 10:19:19,81.497,18.249,0,0,0,1633332,938668,170948,5188936,41488.324,2307.907,0,12.000,0,3.000,5495,4219,2,1.220,0.670,7,0,361.985,0,0,11,29,0,38,0
20-01 10:19:20,80.899,18.477,0.999,0,0,1747292,824552,170952,5189088,60779.799,21451.106,0,139.825,0,5.992,6976,7262,2,1.220,0.670,6,0,427.464,0,0,11,32,0,38,0
20-01 10:19:21,70.081,22.276,6.508,0,0,1605284,966240,170972,5189392,51100.137,40855.281,0,516.598,0,49.057,8282,10336,2,1.220,0.670,4,0,495.574,0,0,11,29,0,39,1
20-01 10:19:22,84.504,14.751,0.250,0,0,1610064,961436,170984,5189404,14154.735,5703.296,0,268.014,0,24.001,5530,3598,2.240,1.290,0.690,4,0,60.003,0,0,11,29,0,37,0
20-01 10:19:23,76.453,7.745,15.490,0,0,1696328,874960,170992,5189608,37342.813,30572.017,0,2498.449,0,108.932,6810,8284,2.240,1.290,0.690,2,0,0,0,0,11,33,0,37,0
20-01 10:19:24,58.673,17.976,22.720,0,0,1538056,1033140,170992,5189700,35759.123,27452.013,0,15.979,0,3.995,8986,13035,2.240,1.290,0.690,1,0,448.412,0,0,11,29,0,41,0
20-01 10:19:25,14.529,21.042,64.378,0,0,1444256,1126916,170992,5189724,10596.136,2816.618,0,28.056,0,7.014,5799,4655,2.240,1.290,0.690,3,0,528.053,0,0,11,28,0,42,0
20-01 10:19:26,67.500,29.000,3.250,0,0,1546984,1024180,170992,5189732,8819.942,1619.989,0,531.996,0,7.000,5666,4648,2.240,1.290,0.690,4,0,625.996,0,0,11,28,0,42,0
20-01 10:19:27,65.238,6.999,27.745,0,0,1635168,935792,170996,5189932,29189.413,23811.442,0,275.947,0,14.997,5300,6053,2.380,1.330,0.710,3,0,1.000,0,0,11,32,0,42,0
20-01 10:19:28,66.013,17.753,15.003,0.250,0,1538680,1032180,171036,5189992,23584.566,12284.378,0,736.143,0,74.014,6821,8774,2.380,1.330,0.710,4,0,268.052,0,0,11,28,0,46,0
20-01 10:19:29,77.250,9.250,13.500,0,0,1587388,983440,171036,5190024,33721.201,11503.069,0,216.001,0,12.000,4794,2609,2.380,1.330,0.710,3,0,0,0,0,11,31,0,46,0
20-01 10:19:30,56.318,6.230,36.632,0,0,1597720,972856,171044,5190268,43942.097,37042.378,0,179.421,0,9.968,9371,15771,2.380,1.330,0.710,2,0,0,0,0,11,32,0,46,0
20-01 10:19:31,61.699,11.286,26.836,0,0,1557172,1013152,171072,5190492,66826.009,29210.985,0,489.575,0,52.168,10396,15632,2.380,1.330,0.710,7,0,60.194,0,0,11,29,0,46,0
20-01 10:19:32,77.480,13.746,8.998,0,0,1570140,1000168,171072,5190508,31170.782,7835.934,0,311.918,0,26.993,5379,3486,2.510,1.380,0.730,2,0,59.984,0,0,11,30,0,46,0
20-01 10:19:33,64.244,6.749,27.498,0,0,1596600,973496,171072,5190720,39228.445,28972.374,0,187.983,0,11.999,7881,11024,2.510,1.380,0.730,3,0,0,0,0,11,32,0,46,0
20-01 10:19:34,54.330,7.975,36.635,0,0,1557380,1012460,171072,5190976,57688.977,38417.450,0,183.424,0,8.972,10764,17187,2.510,1.380,0.730,5,0,85.731,0,0,11,30,0,48,0
20-01 10:19:35,78.515,17.058,4.515,0,0.251,1533088,1036716,171072,5191012,13483.483,8286.954,0,152.514,0,10.034,5694,4949,2.510,1.380,0.730,4,0,174.589,0,0,11,28,0,50,0
20-01 10:19:36,67.540,6.978,25.421,0,0,1630656,938972,171076,5191184,31985.563,22860.930,0,147.541,0,8.972,5327,5708,2.510,1.380,0.730,3,0,0,0,0,11,32,0,50,0
20-01 10:19:37,62.635,10.523,25.305,0,0,1613656,955720,171088,5191424,54590.712,30590.962,0,805.737,0,20.043,9884,15592,2.630,1.420,0.750,5,0,69.149,0,0,11,29,0,52,0
20-01 10:19:38,79.048,13.964,6.733,0.249,0,1594576,974764,171108,5193496,12538.974,7383.142,0,351.103,0,28.926,5559,5427,2.630,1.420,0.750,8,0,93.761,0,0,11,29,0,52,0
20-01 10:19:39,68.740,10.788,19.568,0.251,0,1608980,960324,171124,5191460,26617.836,17917.492,0,365.274,0,37.129,5729,11532,2.630,1.420,0.750,5,0,75.262,0,0,11,30,0,51,0
20-01 10:19:40,71.852,10.478,18.212,0,0,1611900,957184,171128,5191676,37461.858,24340.877,0,147.696,0,8.982,7564,10318,2.630,1.420,0.750,2,0,46.903,0,0,11,31,0,51,0
20-01 10:19:41,64.359,12.271,22.538,0,0,1595816,973188,171128,5191720,36683.191,25667.516,0,296.503,0,27.046,8373,10963,2.630,1.420,0.750,4,0,145.246,0,0,11,34,0,53,0
20-01 10:19:42,76.599,13.723,9.731,0,0,1563320,1005664,171136,5191732,17536.409,10210.859,0,115.772,0,7.984,5157,3988,2.740,1.460,0.760,2,0,85.831,0,0,11,34,0,55,0
20-01 10:19:43,70.103,7.511,22.032,0,0,1617196,951596,171140,5191920,33949.002,21376.484,0,468.690,0,76.112,5640,6316,2.740,1.460,0.760,4,0,36.053,0,0,11,34,0,56,0
20-01 10:19:44,72.505,10.751,15.751,0.250,0,1616760,951960,171148,5191988,24904.886,15520.175,0,360.027,0,38.003,6487,7884,2.740,1.460,0.760,4,0,56.004,0,0,11,32,0,58,0
20-01 10:19:45,56.468,9.994,33.981,0.250,0,1552956,1015724,171160,5192016,20268.677,13804.288,0,371.792,0,32.982,5251,4862,2.740,1.460,0.760,3,0,115.935,0,0,11,32,0,59,1
20-01 10:19:46,55.314,12.014,32.037,0,0,1517520,1050980,171160,5192196,17733.398,8298.546,0,228.263,0,19.022,4486,3784,2.740,1.460,0.760,4,0,120.138,0,0,11,33,0,60,0
20-01 10:19:47,52.871,9.976,35.913,0,0,1551216,1017264,171160,5192216,18125.870,14192.446,0,598.543,0,10.973,4793,4212,2.760,1.490,0.770,2,0,96.764,0,0,11,34,0,59,0
20-01 10:19:48,52.363,11.024,37.080,0,0,1500208,1068084,171164,5192400,27718.718,18257.334,0,388.838,0,11.024,5518,6514,2.760,1.490,0.770,3,0,86.186,0,0,11,33,0,61,0
20-01 10:19:49,59.274,8.003,32.513,0.250,0,1546412,1021680,171172,5192592,49992.831,9805.890,0,260.103,0,16.006,4399,4091,2.760,1.490,0.770,1,0,62.025,0,0,11,34,0,62,0
20-01 10:19:50,32.150,4.735,62.306,0,0,1529832,1038204,171172,5192644,58335.151,17618.079,0,199.378,0,8.972,5695,7280,2.760,1.490,0.770,1,0,23.925,0,0,11,34,0,62,0
20-01 10:19:51,34.842,10.528,54.143,0,0,1411828,1156192,171188,5192644,9992.430,4780.645,0,288.764,0,35.093,4401,3884,2.760,1.490,0.770,2,0,135.358,0,0,11,32,0,58,0
20-01 10:19:52,36.910,3.990,57.858,0,0,1494196,1073800,171192,5192664,18879.772,11232.497,0,147.639,0,9.976,2939,1964,2.540,1.460,0.770,2,0,0,0,0,11,34,0,58,0
20-01 10:19:53,34.039,9.761,54.813,0.250,0,1434212,1133580,171196,5192864,15718.148,9536.010,0,644.744,0,42.049,5553,6259,2.540,1.460,0.770,2,0,137.158,0,0,11,32,0,60,0
20-01 10:19:54,41.200,5.993,52.687,0,0,1544448,1023324,171208,5192868,12335.136,3585.679,0,4190.950,0,157.810,3212,1781,2.540,1.460,0.770,1,0,0.999,0,0,11,33,0,60,0
20-01 10:19:55,31.998,5.500,60.747,0,0,1477556,1090176,171220,5192896,23150.780,15096.204,0,207.989,0,19.999,3989,4766,2.540,1.460,0.770,2,0,59.997,0,0,11,33,0,59,0
20-01 10:19:56,39.824,6.969,52.020,0.249,0,1449672,1118032,171228,5192916,11448.464,3475.658,0,258.857,0,23.895,3428,2470,2.540,1.460,0.770,3,0,4.978,0,0,11,33,0,60,0
20-01 10:19:57,34.145,4.770,60.759,0,0,1470144,1097520,171232,5192940,25494.558,16940.133,0,140.599,0,9.038,4238,4588,2.580,1.490,0.780,0,0,7.030,0,0,11,34,0,60,0
20-01 10:19:58,36.773,9.006,54.284,0.250,0,1468460,1099172,171240,5192964,15187.577,7489.723,0,244.154,0,24.015,4535,5000,2.580,1.490,0.780,2,0,48.030,0,0,11,32,0,62,0
20-01 10:19:59,36.728,3.748,58.215,0,0,1495616,1071868,171248,5193104,19881.018,9483.284,0,243.853,0,10.993,2687,1703,2.580,1.490,0.780,3,0,0,0,0,11,34,0,61,0
20-01 10:20:00,31.311,7.264,60.368,0.250,0,1470036,1097356,171272,5193156,23124.200,15994.263,0,412.807,0,40.078,6559,8510,2.580,1.490,0.780,2,0,115.225,0,0,11,32,0,63,0
20-01 10:20:01,23.457,8.734,67.127,0,0,1396528,1170792,171272,5193224,5693.543,1682.909,0,179.670,0,8.984,3067,2346,2.580,1.490,0.780,1,0,168.690,0,0,11,32,0,63,0
20-01 10:20:02,16.775,2.253,80.118,0,0,1397308,1169996,171272,5193240,17993.563,9779.437,0,140.207,0,8.012,2897,3205,2.450,1.480,0.780,1,0,0,0,0,11,33,0,63,0
20-01 10:20:03,11.732,13.230,73.886,0.250,0,1331024,1236256,171276,5193260,9918.669,3889.987,0,810.747,0,63.901,4807,4401,2.450,1.480,0.780,1,0,283.562,0,0,11,32,0,58,0
20-01 10:20:04,22.504,3.251,73.763,0,0.250,1378904,1188376,171276,5193260,9593.681,1662.291,0,0,0,0,1813,1197,2.450,1.480,0.780,1,0,0,0,0,11,32,0,58,0
20-01 10:20:05,16.504,2.000,80.020,0.250,0,1387408,1179848,171276,5193280,17576.360,11479.848,0,204.051,0,21.005,3378,3999,2.450,1.480,0.780,1,0,0,0,0,11,33,0,58,0
20-01 10:20:06,20.244,5.998,72.979,0,0,1361052,1206180,171296,5193284,8010.691,2439.297,0,1595.540,0,92.973,2748,2384,2.450,1.480,0.780,1,0,45.987,0,0,11,32,0,59,0
20-01 10:20:07,18.254,1.750,78.766,0,0,1384952,1182272,171296,5193288,15548.149,7289.476,0,508.103,0,5.001,2000,1640,2.260,1.460,0.780,2,0,1.000,0,0,11,33,0,57,0
20-01 10:20:08,18.497,2.000,77.738,0,0,1336532,1230520,171304,5193452,18215.244,10068.476,0,223.966,0,20.997,4889,6347,2.260,1.460,0.780,1,0,0,0,0,11,32,0,57,0
20-01 10:20:09,11.028,24.563,64.163,0.501,0,1335544,1231352,171312,5193600,5942.124,1624.134,0,1940.940,0,135.344,6715,5164,2.260,1.460,0.780,2,0,585.490,0,0,11,34,0,58,0
20-01 10:20:10,42.518,8.003,49.271,0,0,1463120,1103580,171320,5193784,9416.972,1566.661,0,320.135,0,20.008,3230,2135,2.260,1.460,0.780,2,0,42.018,0,0,11,32,0,59,0
20-01 10:20:11,39.180,6.488,44.920,7.237,0,1527200,1032796,171888,5199336,7669.273,1563.202,0,19932.324,0,2074.287,13671,17959,2.260,1.460,0.780,2,0,88.841,0,0,11,36,0,54,0
20-01 10:20:12,37.479,9.245,42.726,9.495,0,1464836,1090744,172928,5202600,10166.398,1619.108,0,45986.661,0,4234.667,17131,30878,2.640,1.550,0.810,1,1,81.955,0,0,11,36,0,54,0
20-01 10:20:13,44.727,6.247,45.477,2.749,0,1499608,1056736,173056,5201704,7865.988,1619.174,0,17750.947,0,1241.367,6987,9001,2.640,1.550,0.810,3,0,6.996,0,0,11,32,0,54,0
20-01 10:20:14,43.123,6.017,45.880,4.011,0,1530808,1025152,173192,5201964,6850.461,1612.581,0,9133.948,0,1403.989,10386,13413,2.640,1.550,0.810,3,0,2.006,0,0,11,34,0,54,0
20-01 10:20:15,35.642,8.973,48.603,5.234,0,1496840,1058616,173408,5202244,9330.694,1615.100,0,14823.033,0,1743.710,12677,17135,2.640,1.550,0.810,1,0,99.698,0,0,11,32,0,54,0
20-01 10:20:16,22.501,4.250,71.003,1.750,0,1452900,1102436,173508,5202260,8985.330,1620.060,0,12976.477,0,738.027,4325,4929,2.640,1.550,0.810,1,0,1.000,0,0,11,32,0,49,0
20-01 10:20:17,23.247,3.000,72.492,0,0,1508688,1046600,173524,5202292,9161.953,1619.815,0,1283.853,0,74.991,2207,1538,2.500,1.540,0.810,1,0,3.000,0,0,11,32,0,49,0
20-01 10:20:18,22.498,3.750,72.994,0.250,0,1466748,1088500,173540,5202312,7625.360,1511.873,0,135.989,0,15.999,2023,1449,2.500,1.540,0.810,1,0,1.000,0,0,11,32,0,49,0
20-01 10:20:19,22.755,2.751,73.767,0,0,1489148,1066096,173540,5202312,44694.072,1620.365,0,0,0,0,1915,1118,2.500,1.540,0.810,1,0,2.000,0,0,11,32,0,49,0
20-01 10:20:20,22.489,3.998,73.215,0,0,1471120,1084112,173540,5202324,42940.287,1619.219,0,0,0,0,1932,1229,2.500,1.540,0.810,1,0,1.000,0,0,11,32,0,47,0
20-01 10:20:21,22.745,2.499,73.483,0,0,1506448,1048784,173548,5202316,7510.233,1619.619,0,7.998,0,2.000,1790,1120,2.500,1.540,0.810,1,0,2.000,0,0,11,32,0,47,0
20-01 10:20:22,22.255,3.501,73.518,0,0,1461640,1093508,173552,5202392,7540.801,1620.387,0,36.009,0,1.000,1847,1282,2.380,1.530,0.820,1,0,1.000,0,0,11,32,0,47,0
20-01 10:20:23,23.008,2.501,73.775,0,0,1490100,1065044,173552,5202396,9972.364,1566.528,0,44.015,0,2.001,1802,1110,2.380,1.530,0.820,1,0,2.001,0,0,11,32,0,47,0
20-01 10:20:24,22.252,3.750,73.256,0,0,1469824,1085216,173560,5202484,7871.671,1714.146,0,632.054,0,16.001,2116,1779,2.380,1.530,0.820,2,0,1.000,0,0,11,32,0,45,0
20-01 10:20:25,21.753,3.750,73.258,0.250,0,1445596,1109408,173564,5202516,9312.072,1620.186,0,668.077,0,85.010,2053,1398,2.380,1.530,0.820,1,0,1.000,0,0,11,32,0,45,0
20-01 10:20:26,23.247,2.500,73.740,0,0,1486416,1068584,173568,5202516,11167.456,1511.791,0,31.996,0,3.999,1798,1078,2.380,1.530,0.820,1,0,2.000,0,0,11,32,0,45,0
20-01 10:20:27,22.002,3.750,73.006,0,0,1448892,1106088,173572,5202532,9312.790,1620.137,0,4.000,0,1.000,1945,1327,2.270,1.520,0.820,1,0,2.000,0,0,11,32,0,45,0
20-01 10:20:28,23.003,3.250,73.759,0,0,1463608,1091336,173572,5202568,6437.742,1620.187,0,8.001,0,1.000,1800,1212,2.270,1.520,0.820,1,0,1.000,0,0,11,32,0,39,0
20-01 10:20:29,21.998,3.500,73.744,0,0,1511228,1043716,173572,5202568,7860.408,1619.878,0,0,0,0,1785,1175,2.270,1.520,0.820,1,0,2.000,0,0,11,32,0,39,0
20-01 10:20:30,12.528,16.036,70.658,0,0,1464916,1089836,173572,5202716,7816.514,1623.638,0,649.455,0,31.070,5132,3882,2.270,1.520,0.820,2,0,368.826,0,0,11,32,0,39,0
20-01 10:20:31,8.499,20.246,69.488,0.250,0,1433384,1121316,173572,5202764,9309.362,1619.715,0,787.861,0,11.998,6112,4625,2.270,1.520,0.820,1,0,447.921,0,0,11,32,0,39,0
20-01 10:20:32,8.759,21.021,69.318,0,0.250,1406480,1148188,173572,5202796,7490.400,1567.549,0,88.087,0,1.001,6271,4844,2.330,1.550,0.830,2,0,493.488,0,0,11,32,0,37,0
20-01 10:20:33,19.460,6.237,73.350,0,0,1411372,1143292,173572,5202800,9005.636,1616.703,0,15.967,0,2.994,2491,1881,2.330,1.550,0.830,1,0,64.868,0,0,11,32,0,37,0
20-01 10:20:34,22.981,2.498,73.189,0,0,1443760,1110916,173576,5202784,7090.049,1510.732,0,175.852,0,14.987,1966,1545,2.330,1.550,0.830,1,0,2.997,0,0,11,32,0,37,0
20-01 10:20:35,22.748,3.250,73.744,0,0,1478080,1076572,173584,5202800,8900.303,1619.873,0,331.974,0,18.999,1968,1437,2.330,1.550,0.830,1,0,1.000,0,0,11,32,0,37,0
20-01 10:20:36,22.488,3.248,73.710,0,0,1477460,1077208,173584,5202800,11114.013,1619.128,0,51.972,0,4.997,1856,1149,2.330,1.550,0.830,1,0,2.998,0,0,11,32,0,33,0
20-01 10:20:37,22.775,3.254,73.330,0,0,1488400,1066268,173584,5202800,7723.458,1621.776,0,0,0,0,1898,1393,2.220,1.540,0.830,1,0,1.001,0,0,11,32,0,33,0
20-01 10:20:38,22.737,2.748,73.956,0,0,1471904,1082764,173584,5202800,9384.461,1619.044,0,11.993,0,0.999,1875,1165,2.220,1.540,0.830,1,0,2.998,0,0,11,32,0,33,0
20-01 10:20:39,27.001,6.750,66.002,0,0,1466232,1088452,173584,5202780,7528.282,1620.061,0,8.000,0,2.000,2843,7659,2.220,1.540,0.830,1,0,36.001,0,0,11,32,0,34,0
20-01 10:20:40,23.003,3.000,73.761,0,0,1479028,1075632,173584,5202800,6084.917,1620.244,0,52.008,0,3.000,1875,1120,2.220,1.540,0.830,2,0,3.000,0,0,11,32,0,29,0
20-01 10:20:41,21.755,3.751,73.518,0.250,0,1486852,1067820,173584,5202788,8940.166,1566.380,0,464.112,0,88.021,2027,1280,2.220,1.540,0.830,1,0,2.000,0,0,11,32,0,29,0
20-01 10:20:42,22.742,2.999,73.473,0,0,1476500,1078152,173588,5202804,21934.823,1511.437,0,59.978,0,2.999,2002,1140,2.130,1.530,0.830,2,0,1.000,0,0,11,32,0,29,0
20-01 10:20:43,22.259,3.251,73.779,0,0,1491736,1062940,173588,5202780,10464.145,1620.642,0,0,0,0,1927,1358,2.130,1.530,0.830,2,0,2.001,0,0,11,32,0,29,0
20-01 10:20:44,24.240,2.749,73.220,0,0,1471608,1083052,173596,5202788,36806.875,1705.299,0,119.951,0,12.995,2193,1514,2.130,1.530,0.830,1,0,1.000,0,0,11,32,0,23,0
20-01 10:20:45,21.502,4.750,73.507,0,0,1451220,1103492,173600,5202728,28144.735,1620.157,0,2800.272,0,92.009,2323,1430,2.130,1.530,0.830,1,0,2.000,0,0,11,32,0,23,0
20-01 10:20:46,22.995,2.749,73.733,0,0,1441316,1113304,173600,5202816,9368.888,1619.635,0,239.946,0,29.993,1822,1067,2.130,1.530,0.830,1,0,1.000,0,0,11,32,0,23,0
20-01 10:20:47,21.778,3.755,73.596,0,0,1438856,1115764,173600,5202816,25063.675,1708.227,0,12.016,0,1.001,2063,1334,2.040,1.520,0.830,1,0,2.003,0,0,11,32,0,23,0
20-01 10:20:48,21.740,3.998,73.717,0,0,1432688,1121952,173600,5202796,6767.943,1619.269,0,0,0,0,1817,1243,2.040,1.520,0.830,1,0,1.999,0,0,11,32,0,16,0
20-01 10:20:49,22.480,3.247,73.683,0,0,1434196,1120444,173600,5202796,44577.701,1584.568,0,19.982,0,0.999,1863,1098,2.040,1.520,0.830,1,0,0.999,0,0,11,32,0,16,0
20-01 10:20:50,23.294,2.755,73.639,0,0,1429804,1124836,173600,5202796,57503.447,1623.061,0,24.045,0,2.004,2077,1280,2.040,1.520,0.830,1,0,0,0,0,11,32,0,16,0
20-01 10:20:51,21.970,3.745,73.898,0,0,1436144,1118476,173600,5202816,9790.529,1617.774,0,3.995,0,0.999,1853,1220,2.040,1.520,0.830,1,0,0.999,0,0,11,32,0,16,0
20-01 10:20:52,22.963,2.496,73.880,0,0,1453868,1100764,173600,5202804,10268.309,1617.371,0,191.688,0,29.951,1779,1038,1.950,1.510,0.830,1,0,1.997,0,0,11,32,0,13,0
20-01 10:20:53,10.513,19.774,68.583,0,0,1443396,1111172,173600,5202868,13296.024,1621.955,0,224.270,0,10.012,5948,4425,1.950,1.510,0.830,1,0,460.555,0,0,11,32,0,13,0
20-01 10:20:54,22.506,3.501,73.271,0.250,0,1458888,1095668,173604,5202876,10178.902,1620.462,0,168.048,0,12.003,2029,1661,1.950,1.510,0.830,1,0,0,0,0,11,32,0,13,0
20-01 10:20:55,23.000,3.000,73.501,0.250,0,1432924,1121388,173616,5203076,8535.111,1620.021,0,508.007,0,26.000,1932,1257,1.950,1.510,0.830,1,0,9.000,0,0,11,32,0,13,0
20-01 10:20:56,22.998,3.000,73.743,0,0,1448344,1105908,173616,5203132,14607.673,1619.853,0,4.000,0,1.000,1795,1023,1.950,1.510,0.830,1,0,0,0,0,11,32,0,13,0
20-01 10:20:57,13.030,18.292,67.654,0.251,0,1411360,1142740,173616,5203272,7179.320,1461.322,40.091,76.173,2.005,4.009,5321,4059,1.880,1.500,0.830,1,0,402.916,0,0,11,32,0,9,0
20-01 10:20:58,8.739,20.723,68.912,0,0.250,1392580,1161476,173616,5203300,9162.238,1617.923,0,339.564,0,33.956,6200,4632,1.880,1.500,0.830,1,0,461.408,0,0,11,32,0,9,0
20-01 10:20:59,8.761,22.027,67.833,0,0,1395692,1158328,173616,5203328,8722.708,1621.991,0,268.329,0,4.005,6432,4960,1.880,1.500,0.830,1,0,522.642,0,0,11,32,0,9,0
20-01 10:21:00,9.244,21.986,68.456,0,0,1391708,1162264,173616,5203364,5120.715,1618.962,0,1694.913,0,19.987,6388,4947,1.880,1.500,0.830,2,0,529.660,0,0,11,32,0,9,0
20-01 10:21:01,8.758,22.021,68.065,0,0,1379480,1174468,173616,5203388,5972.723,1621.554,0,1197.147,0,13.012,6259,4737,1.880,1.500,0.830,3,0,507.486,0,0,11,32,0,5,0
20-01 10:21:02,8.500,20.751,69.503,0,0,1382072,1171824,173616,5203424,10491.458,1620.071,0,700.031,0,10.000,6190,4635,1.810,1.490,0.840,2,0,476.021,0,0,11,32,0,5,0
20-01 10:21:03,8.987,20.970,69.649,0,0,1371844,1182016,173616,5203460,9147.740,1617.655,0,335.514,0,33.951,6039,4501,1.810,1.490,0.840,1,0,442.359,0,0,11,32,0,5,0
20-01 10:21:04,8.265,22.291,68.626,0,0,1368356,1185460,173616,5203496,8318.223,1665.047,0,412.755,0,23.042,6438,5168,1.810,1.490,0.840,1,0,509.933,0,0,11,32,0,5,0
20-01 10:21:05,9.496,19.241,69.217,0,0,1299348,1254440,173624,5203172,10564.036,1457.315,0,395.814,0,30.985,6063,4635,1.810,1.490,0.840,4,0,400.812,0,0,11,32,0,4,0
20-01 10:21:06,25.993,29.992,43.988,0.500,0,1361204,1192524,173644,5203560,8774.557,1619.549,0,839.766,0,48.986,7287,6548,1.810,1.490,0.840,5,0,801.777,0,0,11,32,0,8,0
20-01 10:21:07,65.197,12.240,21.732,0,0,1545104,1007808,173664,5204316,7400.953,1618.677,0,471.615,0,25.979,4293,2486,1.900,1.520,0.850,3,0,102.916,0,0,11,32,0,10,0
20-01 10:21:08,55.074,9.513,28.288,7.260,0,1616804,925228,174512,5213168,5887.963,1622.194,372.504,36084.799,3.004,2620.544,14337,21808,1.900,1.520,0.850,1,1,75.102,0,0,11,38,0,12,0
20-01 10:21:09,40.711,11.988,32.469,12.738,0,1652776,878120,175208,5223236,5707.473,1618.433,0,81684.895,0,5959.229,25283,42763,1.900,1.520,0.850,5,0,158.846,0,0,11,36,0,11,0
20-01 10:21:10,42.789,9.509,31.529,13.512,0,1673044,846780,175536,5233548,14046.869,6667.108,0,88076.691,0,6518.972,27037,43407,1.900,1.520,0.850,4,0,60.055,0,0,11,37,0,11,0
20-01 10:21:11,45.000,12.750,29.750,10.750,0,1612080,899240,176216,5241080,13612.126,5860.054,0,69908.649,0,5164.048,23260,36907,1.900,1.520,0.850,4,1,176.002,0,0,11,34,0,12,0
20-01 10:21:12,41.996,19.748,21.998,14.249,0,1609516,893608,176592,5248876,8680.212,1619.853,371.966,51859.295,5.999,3731.661,21157,31262,2.630,1.670,0.900,6,0,263.976,0,0,11,34,0,12,0
20-01 10:21:13,39.712,15.235,29.721,13.987,0,1616844,881900,176956,5252396,14521.017,7281.988,775.253,46735.997,17.983,3504.625,18925,30139,2.630,1.670,0.900,5,1,149.856,0,0,11,35,0,10,0
20-01 10:21:14,35.764,13.505,36.264,12.505,0,1610732,884688,177032,5255524,20016.769,11968.645,1024.398,47222.328,17.007,4074.581,23407,35052,2.630,1.670,0.900,3,0,186.072,0,0,11,35,0,10,0
20-01 10:21:15,34.504,9.751,41.505,11.501,0,1558804,937080,177224,5254864,12869.397,4962.539,0,50893.526,0,4486.487,23029,34287,2.630,1.670,0.900,4,1,54.006,0,0,11,34,0,10,0
20-01 10:21:16,35.268,7.754,43.772,12.506,0,1598840,895912,177516,5255656,8221.116,3976.991,0,51737.902,0,4853.430,23898,34740,2.630,1.670,0.900,7,0,45.023,0,0,11,35,0,10,0
20-01 10:21:17,36.217,6.744,44.709,9.991,0,1590576,901900,177612,5257800,19256.302,11317.598,0,52180.042,0,4391.963,23240,34904,2.580,1.680,0.910,3,0,36.966,0,0,11,35,0,10,0
20-01 10:21:18,33.786,9.260,44.547,10.011,0,1509152,980812,177728,5260132,15935.966,9722.351,0,41744.443,0,3874.125,20985,32925,2.580,1.680,0.910,2,0,122.130,0,0,11,36,0,11,0
20-01 10:21:19,36.723,9.493,40.970,11.741,0,1555372,931244,177764,5263364,40391.052,1618.800,0,62145.922,0,4873.387,22945,35095,2.580,1.680,0.910,3,0,56.958,0,0,11,36,0,11,0
20-01 10:21:20,29.762,7.753,47.018,13.255,0,1570728,912556,177952,5266380,51961.206,8533.318,0,54953.370,0,4640.805,24167,36341,2.580,1.680,0.910,0,1,63.025,0,0,11,37,0,11,0
20-01 10:21:21,32.001,8.250,46.752,10.750,0,1567900,912392,178056,5269148,20066.785,12278.480,0,67154.626,0,5236.205,26598,41719,2.580,1.680,0.910,3,0,93.004,0,0,11,37,0,11,0
20-01 10:21:22,35.983,9.745,39.731,11.745,0,1536776,944096,178076,5268508,10796.958,3713.266,0,53650.946,0,4513.892,23577,34196,2.690,1.720,0.930,3,0,59.972,0,0,11,36,0,11,0
20-01 10:21:23,33.764,6.503,44.519,13.006,0,1580968,902556,178112,5265804,14351.151,6555.810,0,50625.697,0,4402.887,22724,34270,2.690,1.720,0.930,2,1,36.015,0,0,11,37,0,11,0
20-01 10:21:24,31.257,10.502,54.513,1.250,0,1444876,1038776,178120,5265668,15007.526,10130.380,0,12354.903,0,854.201,7702,10549,2.690,1.720,0.930,1,0,215.051,0,0,11,33,0,13,0
20-01 10:21:25,18.455,4.988,75.566,0.499,0,1424996,1058660,178120,5265692,18456.160,8301.830,0,1161.179,0,63.845,4181,4652,2.690,1.720,0.930,1,0,56.862,0,0,11,32,0,14,0
20-01 10:21:26,21.249,4.000,73.995,0.250,0,1485404,998252,178120,5265692,10024.306,3082.787,0,1215.916,0,64.996,2108,1764,2.690,1.720,0.930,2,0,1.000,0,0,11,33,0,14,0
20-01 10:21:27,17.748,2.000,78.492,0.250,0,1469640,1013984,178128,5265716,28514.952,8948.043,0,3355.641,0,202.978,3599,4464,2.480,1.690,0.920,1,0,1.000,0,0,11,32,0,15,0
20-01 10:21:28,20.748,5.250,72.994,0,0,1464300,1019324,178128,5265716,19994.473,1619.876,0,0,0,0,2304,1455,2.480,1.690,0.920,1,0,33.997,0,0,11,32,0,15,0
20-01 10:21:29,15.733,2.497,81.160,0,0,1475648,1007968,178128,5265724,14780.574,8265.814,0,79.911,0,8.990,2368,2359,2.480,1.690,0.920,1,0,0,0,0,11,32,0,15,1
20-01 10:21:30,19.776,6.508,72.845,0.501,0,1443032,1040584,178128,5265724,20882.159,1774.308,0,176.229,0,13.017,2851,1893,2.480,1.690,0.920,1,0,60.078,0,0,11,32,0,16,0
20-01 10:21:31,18.236,1.999,78.941,0,0,1442748,1040520,178128,5266072,14860.852,7349.487,0,307.769,0,6.995,1967,1569,2.480,1.690,0.920,2,0,0,0,0,11,33,0,16,0
20-01 10:21:32,18.014,5.755,75.059,0,0,1417008,1066236,178128,5266096,11363.950,6337.991,0,220.173,0,20.016,3623,4032,2.360,1.680,0.920,1,0,43.034,0,0,11,32,0,17,0
20-01 10:21:33,19.434,1.993,77.736,0,0,1432620,1050624,178128,5266096,24818.574,3907.707,0,330.874,0,11.959,1822,1096,2.360,1.680,0.920,1,0,0,0,0,11,33,0,17,0
20-01 10:21:34,16.844,2.514,79.446,0.251,0,1440532,1042560,178128,5266248,16633.283,10285.685,0,197.105,0,17.096,3397,4126,2.360,1.680,0.920,1,0,0,0,0,11,32,0,18,0
20-01 10:21:35,10.993,18.988,69.207,0,0,1346372,1136564,178128,5266404,8930.423,1704.935,0,379.763,0,39.975,5934,4606,2.360,1.680,0.920,1,0,494.691,0,0,11,32,0,18,0
20-01 10:21:36,52.013,16.254,31.008,0.500,0,1455128,1027588,178144,5266608,13569.431,1620.410,0,816.206,0,63.016,5833,4235,2.360,1.680,0.920,4,0,303.077,0,0,11,32,0,24,0
20-01 10:21:37,67.480,7.498,24.493,0,0,1634088,846560,178164,5268656,8597.415,1619.513,0,399.880,0,5.998,3838,1451,2.410,1.700,0.930,3,0,2.999,0,0,11,32,0,24,0
20-01 10:21:38,67.289,7.755,24.514,0,0,1771660,704988,178300,5272024,8929.240,1620.951,0,6519.826,0,186.109,4463,2029,2.410,1.700,0.930,1,1,6.004,0,0,11,38,0,24,0
20-01 10:21:39,39.012,12.004,35.011,12.754,0,1795616,667692,178456,5284720,11354.482,1620.497,0,92364.329,0,6621.031,31331,55690,2.410,1.700,0.930,2,2,264.081,0,0,11,38,0,25,0
20-01 10:21:40,31.983,8.995,41.228,14.992,0.250,1791096,661168,178528,5295236,6140.747,1619.142,0,98315.916,0,7601.973,34108,53165,2.410,1.700,0.930,1,1,227.879,0,0,11,38,0,25,0
20-01 10:21:41,40.019,10.255,35.267,13.256,0,1700752,743284,178592,5303180,10788.221,1566.758,0,90311.703,0,6311.054,29968,44970,2.410,1.700,0.930,2,1,210.102,0,0,11,36,0,25,0
20-01 10:21:42,46.000,10.750,26.750,13.750,0,1735372,699392,178684,5312028,10421.076,1512.011,0,87628.637,0,6150.045,28681,42770,2.620,1.760,0.950,2,2,154.001,0,0,11,36,0,24,0
20-01 10:21:43,42.504,9.251,33.253,12.751,0,1786700,634308,178712,5325240,8845.897,1620.164,4.000,79900.103,1.000,5306.538,24027,36365,2.620,1.760,0.950,7,0,3.000,0,0,11,36,0,24,0
20-01 10:21:44,41.492,11.248,33.743,12.248,0,1746780,669688,178740,5329596,7782.480,1619.684,0,75749.207,0,5847.858,25950,41872,2.620,1.760,0.950,0,1,160.969,0,0,11,36,0,24,0
20-01 10:21:45,35.972,9.493,47.213,5.496,0,1485616,929168,178760,5331212,10451.865,1618.740,0,26747.181,0,2231.263,13803,18220,2.620,1.760,0.950,1,0,235.816,0,0,11,32,0,24,0
20-01 10:21:46,22.238,5.747,68.962,2.749,0,1473032,941728,178760,5331220,9229.970,1619.118,0,17830.284,0,1136.381,6387,7049,2.620,1.760,0.950,1,0,58.968,0,0,11,32,0,24,0
20-01 10:21:47,23.232,3.247,72.693,0.500,0,1525224,889536,178760,5331220,6200.148,1618.733,0,1370.927,0,85.933,2147,1656,2.490,1.740,0.950,1,0,2.998,0,0,11,32,0,24,0
20-01 10:21:48,22.248,4.000,71.744,0.750,0,1473580,941168,178760,5331228,5837.503,1619.862,0,4591.609,0,274.977,3377,3124,2.490,1.740,0.950,1,0,26.998,0,0,11,32,0,24,0
20-01 10:21:49,22.495,3.249,73.232,0,0,1477160,937588,178760,5331228,43820.441,1565.623,0,99.976,0,9.998,1942,1233,2.490,1.740,0.950,1,0,1.000,0,0,11,32,0,24,0
20-01 10:21:50,23.249,2.750,73.496,0,0,1523852,890896,178760,5331228,44905.830,1619.922,0,0,0,0,2000,1281,2.490,1.740,0.950,1,0,2.000,0,0,11,32,0,24,0
20-01 10:21:51,18.799,17.045,63.165,0.501,0,1461188,953380,178764,5331384,10384.156,1515.964,0,645.689,0,54.142,5014,4306,2.490,1.740,0.950,4,0,475.243,0,0,11,32,0,24,0
20-01 10:21:52,11.751,33.503,53.254,0,0,1455580,958936,178764,5331432,8891.710,1620.129,0,252.020,0,23.002,7736,6779,2.450,1.750,0.960,1,0,957.076,0,0,11,32,0,24,0
20-01 10:21:53,8.744,21.486,68.954,0,0,1443056,971384,178764,5331508,9006.947,1618.912,0,235.841,0,14.990,6084,4419,2.450,1.750,0.960,1,0,449.698,0,0,11,32,0,24,0
20-01 10:21:54,8.494,20.735,69.449,0,0,1400220,1014172,178764,5331548,7537.510,1618.821,0,23.983,0,5.996,5807,4302,2.450,1.750,0.960,2,0,383.721,0,0,11,32,0,24,0
20-01 10:21:55,14.020,18.527,66.596,0,0,1384164,1030188,178764,5331568,7060.143,1622.331,0,24.035,0,6.009,6119,6260,2.450,1.750,0.960,1,0,300.432,0,0,11,32,0,24,0
20-01 10:21:56,35.893,12.961,50.100,0,0,1458952,955172,178776,5332096,10403.862,1615.166,0,1383.858,0,195.415,5792,5703,2.450,1.750,0.960,2,0,186.442,0,0,11,33,0,24,0
20-01 10:21:57,43.521,8.004,47.523,0,0,1579788,834404,178776,5332140,7402.623,1566.767,0,8.004,0,2.001,2969,1396,2.410,1.750,0.970,3,0,7.003,0,0,11,33,0,24,0
20-01 10:21:58,46.364,5.012,48.119,0,0,1624128,789872,178792,5332312,6216.339,1624.007,0,445.098,0,20.049,3625,2768,2.410,1.750,0.970,2,0,19.047,0,0,11,49,0,24,0
20-01 10:21:59,38.722,8.744,52.212,0,0,1632292,777448,178848,5336160,8554.760,1618.819,0,1454.939,0,129.905,5165,7641,2.410,1.750,0.970,1,0,106.922,0,0,11,48,0,24,0
20-01 10:22:00,14.005,18.007,66.774,0.250,0,1634228,775404,178852,5336464,5982.185,1620.592,0,232.085,0,7.003,6308,6835,2.410,1.750,0.970,2,0,333.122,0,0,11,48,0,24,0
20-01 10:22:01,8.979,4.988,84.548,0,0,1640348,769256,178852,5336192,8612.460,1550.303,0,430.972,0,30.926,2857,3762,2.410,1.750,0.970,0,0,54.869,0,0,11,48,0,24,0
20-01 10:22:02,0.500,0.750,97.982,0,0,1640348,769256,178852,5336192,7747.558,1689.686,0,43.992,0,3.999,785,974,2.220,1.720,0.960,0,0,2.999,0,0,11,48,0,24,0
20-01 10:22:03,0.750,0.500,97.994,0,0,1640224,769380,178852,5336192,6659.624,1619.909,0,4.000,0,1.000,753,951,2.220,1.720,0.960,0,0,3.000,0,0,11,48,0,24,0
20-01 10:22:04,0,0.500,98.738,0,0,1638444,771160,178852,5336192,9565.844,1661.799,0,835.899,0,2.000,736,930,2.220,1.720,0.960,0,0,1.000,0,0,11,48,0,24,0
20-01 10:22:05,4.514,5.768,89.032,0,0,1620420,789180,178852,5336188,7100.514,1570.981,0,0,0,0,2421,2383,2.220,1.720,0.960,2,0,111.353,0,0,11,48,0,24,0
20-01 10:22:06,19.446,12.964,66.065,0,0,1639804,769792,178852,5336192,6300.373,1615.480,0,3.989,0,0.997,5957,8396,2.220,1.720,0.960,0,0,244.316,0,0,11,48,0,22,0
20-01 10:22:07,11.760,20.518,67.309,0,0,1646116,763376,178852,5336592,8849.781,1859.635,0,752.662,0,8.007,6141,5614,2.120,1.710,0.960,5,0,419.369,0,0,12,48,0,22,0
20-01 10:22:08,19.947,12.218,66.325,0.249,0,1632440,777044,178852,5336232,7183.088,1615.746,0,247.349,0,30.919,5916,7896,2.120,1.710,0.960,0,0,172.546,0,0,12,64,0,22,0
20-01 10:22:09,4.248,9.497,85.219,0,0,1635024,774304,178852,5336392,23622.355,1619.407,0,207.924,0,10.996,3024,2693,2.120,1.710,0.960,1,0,190.930,0,0,12,64,0,22,0
20-01 10:22:10,20.598,14.067,65.562,0,0,1638888,770404,178852,5336412,7978.911,1627.734,0,16.076,0,3.014,5724,6880,2.120,1.710,0.960,1,0,194.926,0,0,14,64,0,16,0
20-01 10:22:11,8.226,18.696,71.293,0.748,0,1638968,770216,178852,5336472,19732.776,1593.379,0,5575.830,0,415.794,6678,5036,2.120,1.710,0.960,2,0,414.797,0,0,14,66,0,16,0
20-01 10:22:12,12.036,20.060,66.197,0,0,1632964,776188,178856,5336844,30134.685,1624.836,0,2828.418,0,21.063,7052,6511,2.030,1.700,0.960,1,0,380.131,0,0,14,66,0,16,0
20-01 10:22:13,25.501,15.251,59.252,0,0,1657888,751244,178856,5336520,26470.971,1566.057,0,264.010,0,5.000,5956,6342,2.030,1.700,0.960,2,0,280.010,0,0,14,66,0,16,0
20-01 10:22:14,30.749,22.999,44.498,0.250,0,1737104,671932,178864,5336572,26586.947,1705.932,0,7699.695,0,345.986,8096,6845,2.030,1.700,0.960,2,0,572.977,0,0,14,66,0,15,0
20-01 10:22:15,29.216,25.720,43.699,0,0,1849428,557996,178940,5338028,7919.760,1618.112,0,950.891,0,35.958,7306,8234,2.030,1.700,0.960,2,0,509.406,0,0,14,70,0,17,0
20-01 10:22:16,40.492,17.497,41.742,0,0.250,1912444,494888,178940,5338052,11878.694,1705.669,0,43.991,0,7.998,5850,7070,2.030,1.700,0.960,3,0,236.954,0,0,14,70,0,17,0
20-01 10:22:17,70.009,26.253,3.750,0,0,2069292,337692,178956,5338848,21520.623,1710.208,0,820.100,0,94.011,5604,4671,2.190,1.740,0.980,5,0,568.069,0,0,14,70,0,17,0
20-01 10:22:18,60.240,19.997,18.997,0,0,2146016,260032,178988,5340012,6417.898,1619.722,0,19.997,0,4.999,6035,8527,2.190,1.740,0.980,3,0,305.947,0,0,14,70,0,16,0
20-01 10:22:19,69.466,24.738,4.248,1.499,0,2263880,139684,179136,5341576,40386.996,1619.198,7.996,2678.673,1.999,66.967,5312,5238,2.190,1.740,0.980,3,1,465.769,0,0,14,70,0,16,0
20-01 10:22:20,74.900,19.790,3.507,2.004,0,2405632,274204,172916,5078232,50282.760,1623.253,332.667,1587.181,51.102,13.026,7045,7896,2.190,1.740,0.980,6,0,257.516,0,0,14,74,0,16,0
20-01 10:22:21,65.228,23.901,6.722,3.237,0,2488132,177140,172948,5092404,7049.654,1451.956,1202.992,28031.311,56.764,2070.381,16638,24133,2.190,1.740,0.980,6,1,376.433,0,0,14,76,0,16,0
20-01 10:22:22,68.457,23.070,6.770,1.254,0,2577192,160436,173052,5021624,9094.449,1624.904,52.157,14058.432,8.024,1300.927,12619,20327,2.650,1.840,1.020,7,0,285.863,0,0,14,76,0,18,0
20-01 10:22:23,75.569,20.769,3.253,0.250,0,2665308,198000,172776,4898948,13020.956,1663.527,436.401,1381.268,29.027,73.067,9364,14150,2.650,1.840,1.020,5,0,378.347,0,0,14,86,0,24,0
20-01 10:22:24,56.258,25.640,16.927,0.498,0,2774992,159660,172736,4829520,9052.036,1706.654,47.794,1075.371,8.961,55.760,7915,11867,2.650,1.840,1.020,6,0,511.797,0,0,14,93,0,25,0
20-01 10:22:25,39.272,19.011,41.274,0.250,0,2842732,162224,172736,4760988,6148.519,1620.928,44.025,1000.573,4.002,52.030,6134,7931,2.650,1.840,1.020,2,0,288.165,0,0,14,95,0,25,0
20-01 10:22:26,62.423,13.538,21.811,1.504,0,2991320,146272,172748,4630940,6506.066,1624.511,2081.781,966.684,27.075,50.139,5911,8065,2.650,1.840,1.020,3,0,137.381,0,0,14,98,0,28,0
20-01 10:22:27,32.732,11.494,54.220,0.750,0,3058132,144952,172764,4566892,13006.884,1619.114,47.974,17410.475,2.998,808.558,6849,5265,2.600,1.840,1.020,1,0,137.925,0,0,14,101,0,25,0
20-01 10:22:28,8.748,19.246,70.484,0.250,0,3067668,135384,172764,4566924,11141.405,1709.602,0,1123.738,0,66.984,5877,4319,2.600,1.840,1.020,1,0,346.919,0,0,14,101,0,25,0
20-01 10:22:29,8.002,20.005,70.766,0.250,0.250,3067308,135708,172764,4566960,8571.995,1620.377,0,64.015,0,7.002,6015,4504,2.600,1.840,1.020,1,0,381.089,0,0,14,101,0,25,0
20-01 10:22:30,17.226,10.235,72.397,0.250,0,3113032,157476,172764,4500920,10478.155,1455.937,7.989,111.842,0.999,9.986,3122,2241,2.600,1.840,1.020,1,0,125.822,0,0,14,101,0,25,0
20-01 10:22:31,18.002,2.000,78.509,0,0,3132168,138324,172768,4500932,14114.561,8007.886,4.000,84.009,1.000,9.001,2141,2094,2.600,1.840,1.020,2,0,0,0,0,14,105,0,23,0
20-01 10:22:32,19.248,6.499,72.992,0,0,3131060,139400,172768,4500964,25500.121,17599.013,0,2495.718,0,23.997,2982,2422,2.550,1.850,1.030,1,0,62.993,0,0,14,103,0,24,0
20-01 10:22:33,19.474,3.745,76.149,0.250,0,3167488,169016,172768,4436296,13372.347,7273.398,0,407.462,0,29.960,2387,2242,2.550,1.850,1.030,1,0,1.997,0,0,14,108,0,24,0
20-01 10:22:34,21.771,2.753,74.572,0.500,0,3162700,173696,172780,4436512,8616.264,2445.345,80.077,552.530,5.005,44.042,2644,2632,2.550,1.850,1.030,2,0,3.003,0,0,14,116,0,24,0
20-01 10:22:35,28.087,5.768,64.450,1.254,0,3168692,166760,172788,4437448,9048.119,1625.050,678.107,4766.814,29.090,245.764,6507,9031,2.550,1.850,1.030,2,0,3.009,0,0,14,119,0,23,0
20-01 10:22:36,19.243,8.997,70.475,0,0,3125456,209944,172788,4437500,10447.246,2827.984,0,1059.619,0,78.972,3975,3716,2.550,1.850,1.030,1,0,111.960,0,0,14,120,0,24,0
20-01 10:22:37,31.260,5.752,62.520,0.500,0,3236132,165592,172788,4372756,11597.633,7344.301,0,1172.367,0,54.017,3662,3350,2.430,1.830,1.030,1,0,6.002,0,0,14,125,0,24,0
20-01 10:22:38,19.194,2.991,75.029,0.249,0,3237584,164108,172788,4372788,14616.988,4271.431,15.953,1627.212,0.997,133.607,3305,3813,2.430,1.830,1.030,1,0,1.994,0,0,14,127,0,24,0
20-01 10:22:39,36.507,11.752,50.510,1.250,0,3230748,234536,172712,4310984,9648.963,2814.573,32.007,1092.222,4.001,108.022,5617,15786,2.430,1.830,1.030,2,0,131.027,0,0,14,128,0,20,0
20-01 10:22:40,42.244,7.499,49.243,0.250,0,3383880,145036,172712,4248784,10878.378,3589.465,0,559.916,0,38.994,3051,1791,2.430,1.830,1.030,1,0,4.999,0,0,14,129,0,20,0
20-01 10:22:41,23.252,6.001,70.007,0,0,3324084,204632,172712,4248984,29487.038,22020.269,180.019,416.043,1.000,24.002,2759,1955,2.430,1.830,1.030,2,0,55.006,0,0,14,128,0,21,0
20-01 10:22:42,20.302,3.258,75.694,0,0,3333200,195516,172712,4248984,8242.153,3599.237,0,1880.827,0,236.607,2229,1354,2.310,1.820,1.030,0,0,0,0,0,14,129,0,21,0
20-01 10:22:43,17.705,4.738,76.308,0.249,0,3327428,201136,172712,4249136,29781.117,21896.942,0,610.465,0,38.902,2545,1882,2.310,1.820,1.030,1,0,50.872,0,0,14,128,0,21,0
20-01 10:22:44,19.990,3.248,75.964,0.250,0,3384668,143888,172712,4249144,8661.856,3588.283,0,271.870,0,13.993,1822,1295,2.310,1.820,1.030,0,0,0,0,0,14,129,0,21,0
20-01 10:22:45,19.521,2.753,76.582,0.751,0,3382404,146076,172712,4249220,15160.194,7355.858,24.026,1013.082,3.003,131.140,3371,3962,2.310,1.820,1.030,1,0,0,0,0,14,128,0,22,0
20-01 10:22:46,19.195,6.980,71.544,0.249,0,3373588,154872,172712,4249224,8637.110,1615.345,0,2887.678,0,170.509,3057,2601,2.310,1.820,1.030,1,0,81.764,0,0,14,128,0,22,0
20-01 10:22:47,25.554,4.008,70.147,0,0,3384344,143968,172712,4249372,30785.642,23876.134,80.168,577.212,5.011,38.080,6156,9966,2.210,1.800,1.030,2,0,31.065,0,0,14,136,0,26,0
20-01 10:22:48,19.804,6.768,72.446,0,0,3416052,175616,172712,4187688,9062.506,1624.393,0,641.735,0,30.081,2591,1883,2.210,1.800,1.030,1,0,55.149,0,0,14,136,0,26,0
20-01 10:22:49,16.705,1.745,80.033,0.499,0,3417616,173992,172712,4187748,47336.690,8261.606,59.838,462.746,6.981,41.886,2283,2133,2.210,1.800,1.030,1,0,0,0,0,14,137,0,26,0
20-01 10:22:50,26.501,5.000,65.753,1.750,0,3417244,173980,172712,4188132,42515.943,2860.131,96.004,4896.224,6.000,458.021,8071,11808,2.210,1.800,1.030,1,0,1.000,0,0,14,137,0,28,0
20-01 10:22:51,20.557,6.017,72.701,0.251,0,3393408,197800,172712,4188148,10729.733,1690.685,0,746.067,0,51.142,2617,2021,2.210,1.800,1.030,3,0,53.147,0,0,14,137,0,28,0
20-01 10:22:52,15.953,2.243,80.264,0.249,0,3399424,191756,172712,4188176,17317.064,11373.546,15.953,486.569,0.997,36.891,2199,1941,2.110,1.790,1.030,1,0,0.997,0,0,14,138,0,28,0
20-01 10:22:53,22.252,5.000,69.506,1.000,0,3398544,192608,172712,4188220,9506.765,1879.151,0,4696.378,0,472.038,6655,9354,2.110,1.790,1.030,1,0,1.000,0,0,14,138,0,28,0
20-01 10:22:54,33.095,8.274,57.414,0.501,0,3392860,198104,172716,4188404,8614.662,2492.134,0,1119.204,0,119.342,8703,12562,2.110,1.790,1.030,3,0,69.198,0,0,14,141,0,29,0
20-01 10:22:55,21.436,3.490,73.529,0,0,3449248,141668,172716,4188452,9265.165,3073.766,0,386.838,0,21.934,2044,1563,2.110,1.790,1.030,0,0,0,0,0,14,142,0,29,0
20-01 10:22:56,16.501,2.500,79.753,0.500,0,3442264,148624,172720,4188476,18600.801,9792.422,0,928.040,0,108.005,3276,3921,2.110,1.790,1.030,1,0,0,0,0,14,141,0,30,0
20-01 10:22:57,20.009,9.254,69.030,0.750,0,3422372,168492,172720,4188500,5995.576,1458.627,4.002,3433.475,1.000,215.092,4020,3850,2.020,1.780,1.020,1,0,154.066,0,0,14,143,0,30,0
20-01 10:22:58,18.548,1.754,78.702,0,0,3422100,168748,172724,4188512,11901.498,8046.620,0,2325.960,0,281.722,2423,1639,2.020,1.780,1.020,1,0,0,0,0,14,144,0,30,0
20-01 10:22:59,19.486,3.747,74.696,0.749,0,3422060,168748,172732,4188544,14311.722,6712.180,0,819.412,0,114.917,5480,7850,2.020,1.780,1.020,1,0,0,0,0,14,144,0,30,0
20-01 10:23:00,32.534,8.759,56.810,0.751,0,3424448,166176,172732,4188712,7359.792,1621.717,32.034,6038.393,2.002,335.355,11789,18929,2.020,1.780,1.020,7,0,3.003,0,0,14,144,0,30,0
20-01 10:23:01,42.606,14.202,41.111,0.249,0,3373708,216644,172732,4188952,11007.783,3717.431,15.946,1630.487,0.997,148.498,11899,17441,2.020,1.780,1.020,1,0,285.036,0,0,14,143,0,31,0
20-01 10:23:02,18.270,3.003,77.834,0.250,0,3422324,168020,172732,4188960,12861.851,7602.187,0,752.811,0,23.025,1959,1474,1.940,1.760,1.020,1,0,0,0,0,14,144,0,31,0
20-01 10:23:03,17.515,9.759,71.563,0,0,3354608,235716,172732,4188980,10847.484,3357.936,0,696.609,0,37.032,3961,3058,1.940,1.760,1.020,1,0,170.149,0,0,14,143,0,32,0
20-01 10:23:04,9.747,20.244,69.228,0,0,3325840,264444,172732,4189020,7826.532,1619.489,0,563.822,0,34.989,6128,4808,1.940,1.760,1.020,1,0,400.874,0,0,14,143,0,32,0
20-01 10:23:05,20.264,15.011,63.795,0.250,0,3334092,256172,172736,4189052,5856.139,1621.146,0,612.433,0,21.015,6372,8014,1.940,1.760,1.020,2,0,230.163,0,0,14,143,0,32,0
20-01 10:23:06,32.405,21.936,44.619,0,0,3400680,189512,172740,4189092,8439.310,1523.543,0,1774.808,0,107.685,6885,5731,1.940,1.760,1.020,4,0,520.477,0,0,14,143,0,32,0
20-01 10:23:07,34.531,19.267,45.290,0.250,0,3449824,139868,172756,4189996,7233.463,1621.449,32.029,360.322,2.002,26.023,7622,10146,2.030,1.790,1.040,1,0,340.304,0,0,14,149,0,32,0
20-01 10:23:08,46.060,21.528,31.291,0.250,0,3533776,177480,172756,4071192,5982.767,1622.106,52.068,6552.506,4.005,698.907,8046,8029,2.030,1.790,1.040,7,0,454.590,0,0,16,149,0,32,0
20-01 10:23:09,59.321,25.531,15.018,0.250,0,3681200,142376,172564,3961788,9592.466,1621.939,12.014,540.646,3.004,40.048,7179,12005,2.030,1.790,1.040,3,0,451.540,0,0,16,155,0,32,0
20-01 10:23:10,49.529,20.262,28.767,0,0,3756476,144844,172532,3884264,8371.823,1620.934,12.007,436.251,3.002,27.016,8337,12533,2.030,1.790,1.040,3,0,350.202,0,0,16,171,0,32,0
20-01 10:23:11,37.197,22.717,39.693,0,0,3819184,137016,172532,3830056,12234.406,1707.544,0,215.690,0,11.983,7428,5533,2.030,1.790,1.040,2,0,556.200,0,0,16,171,0,32,0
20-01 10:23:12,21.240,17.242,59.971,0.250,0,3835228,167876,172536,3784488,7306.473,1619.218,3.998,479.768,1.000,23.988,6230,6424,1.940,1.770,1.030,3,0,329.841,0,0,17,171,0,32,0
20-01 10:23:13,26.790,19.780,53.079,0,0,3875328,127716,172536,3784192,5917.843,1622.424,8.012,332.497,2.003,21.031,6871,7178,1.940,1.770,1.030,2,0,414.620,0,0,17,171,0,32,0
20-01 10:23:14,36.144,20.191,42.375,0.249,0,3934756,172968,172288,3681840,8045.341,1615.250,7.977,279.179,1.994,28.915,6693,7038,1.940,1.770,1.030,1,0,360.939,0,0,17,171,0,32,0
20-01 10:23:15,41.889,21.572,35.869,0.251,0,4029140,157340,172300,3605000,7362.465,1695.634,172.573,626.080,6.020,36.120,8166,11470,1.940,1.770,1.030,3,0,388.290,0,0,17,183,0,32,0
20-01 10:23:16,28.486,26.237,43.729,0.250,0,4093936,167568,172304,3531568,9021.644,1457.296,19.990,287.861,1.999,16.992,7134,6230,1.940,1.770,1.030,3,0,638.692,0,0,17,183,0,30,0
20-01 10:23:17,21.998,23.498,53.495,0,0,4145084,165528,172304,3483724,7185.322,1619.847,11.999,663.937,3.000,46.996,8334,10562,1.870,1.760,1.030,1,1,473.955,0,0,17,195,0,30,0
20-01 10:23:18,19.013,16.261,63.292,0.250,0,4156892,153684,172308,3484200,9195.151,1621.084,0,672.450,0,37.025,7394,9452,1.870,1.760,1.030,1,0,277.185,0,0,17,195,0,30,0
20-01 10:23:19,37.887,10.718,50.349,0.249,0,4247956,196620,172308,3352304,42488.934,1615.170,71.785,2592.248,0.997,27.917,4315,3761,1.870,1.760,1.030,2,0,116.651,0,0,17,195,0,30,0
20-01 10:23:20,47.227,6.997,44.478,0.750,0,4356952,124104,172308,3316688,40221.255,1619.205,251.876,675.668,4.998,66.967,4020,3009,1.870,1.760,1.030,2,0,8.996,0,0,17,211,0,30,0
20-01 10:23:21,35.571,6.262,56.362,1.002,0,4297972,268404,172312,3232600,6060.070,1623.233,92.184,292.583,8.016,12.024,3375,2517,1.870,1.760,1.030,2,0,14.028,0,0,17,214,0,30,0
20-01 10:23:22,33.545,26.035,38.552,1.252,0,4364840,199728,172316,3234388,8664.707,1712.314,1085.467,524.709,16.022,40.054,8308,10072,1.800,1.750,1.030,4,0,535.724,0,0,17,215,0,30,0
20-01 10:23:23,32.626,24.905,40.844,0,0,4393720,170196,172316,3235480,14801.534,9378.223,87.666,406.449,2.989,29.886,7429,8125,1.800,1.750,1.030,1,0,500.092,0,0,17,218,0,30,0
20-01 10:23:24,55.965,18.320,22.838,2.761,0,4422056,139136,172336,3238144,10452.185,2695.363,1208.647,1116.292,22.085,37.143,6861,8220,1.800,1.750,1.030,5,0,231.892,0,0,17,224,0,22,0
20-01 10:23:25,67.913,14.731,13.982,2.996,0,4581504,122352,172336,3098184,16302.204,7334.644,1238.420,435.445,27.964,20.973,4928,4014,1.800,1.750,1.030,5,0,26.966,0,0,17,231,0,22,0
20-01 10:23:26,49.028,9.756,25.515,14.008,0,4534668,219608,172368,3048760,17055.734,6817.891,4830.757,1244.710,270.154,54.031,5831,5324,1.800,1.750,1.030,4,0,25.014,0,0,17,236,0,23,0
20-01 10:23:27,56.001,14.750,20.750,7.750,0,4632796,155336,172432,3015720,7953.098,2146.026,2056.025,1528.019,201.002,114.001,7231,8557,1.890,1.770,1.040,1,0,144.002,0,0,17,238,0,28,0
20-01 10:23:28,29.742,25.493,44.488,0.250,0,4660104,163148,172436,2982492,17457.191,11840.738,23.993,9389.413,2.999,74.979,8064,8768,1.890,1.770,1.040,3,0,500.862,0,0,17,237,0,26,2
20-01 10:23:29,45.535,19.515,32.775,0.500,0,4675012,147212,172436,2983504,6227.786,1621.246,4.003,13074.047,1.001,823.633,7971,8933,1.890,1.770,1.040,3,1,278.214,0,0,17,237,0,26,2
20-01 10:23:30,51.147,25.449,22.205,0,0,4720988,175348,172436,2910664,18765.382,11532.881,215.568,730.536,5.988,49.900,7582,7988,1.890,1.770,1.040,3,0,530.936,0,0,17,242,0,26,2
20-01 10:23:31,61.572,19.272,17.771,1.502,0,4738124,154772,172452,2914068,9236.773,2735.190,1169.364,4000.666,54.063,210.245,8241,13155,1.890,1.770,1.040,5,0,220.257,0,0,17,244,0,29,2
20-01 10:23:32,55.546,25.771,18.265,0,0.250,4828536,144340,172460,2836544,16429.668,8833.349,20.017,824.686,4.003,50.042,7202,8260,1.980,1.790,1.060,6,0,541.450,0,0,17,246,0,28,2
20-01 10:23:33,52.365,20.447,23.689,1.746,0,4816584,171792,172468,2821368,12299.384,5467.945,682.246,993.446,38.900,66.828,8427,14224,1.980,1.790,1.060,5,0,246.367,0,0,17,253,0,32,2
20-01 10:23:34,63.626,20.040,15.781,0,0,4955772,149504,172472,2706508,14449.686,7358.609,12.024,272.541,2.004,15.030,5268,4983,1.980,1.790,1.060,3,0,180.358,0,0,17,254,0,32,2
20-01 10:23:35,57.360,10.973,27.682,2.993,0,4966764,197940,172480,2647628,18510.766,13008.212,1217.026,3539.351,53.868,44.890,9340,18924,1.980,1.790,1.060,2,0,12.968,0,0,17,256,0,34,2
20-01 10:23:36,61.063,11.262,25.276,1.752,0,5083376,142052,172348,2588316,8929.273,4005.159,1381.435,616.640,57.059,65.068,6077,7566,1.980,1.790,1.060,3,0,12.012,0,0,17,265,0,36,0
20-01 10:23:37,45.773,23.762,27.764,2.251,0,4970096,252148,172528,2591400,20643.166,12628.219,4062.000,1611.794,68.034,91.045,7987,8173,2.060,1.810,1.070,3,0,427.210,0,0,17,265,0,38,0
20-01 10:23:38,52.629,27.188,19.455,0,0,5072508,148532,172640,2592940,10073.868,1857.734,1572.389,818.121,28.934,49.885,8242,10887,2.060,1.810,1.070,2,0,454.955,0,0,17,267,1,38,0
20-01 10:23:39,55.457,19.573,21.832,3.513,0,5100676,149140,172364,2565872,16941.310,12266.842,798.986,4259.919,24.090,381.425,7589,9554,2.060,1.810,1.070,7,0,281.050,0,0,18,270,0,38,1
20-01 10:23:40,73.062,13.126,3.220,9.659,0,5119712,129460,172364,2565504,10334.751,1670.283,1232.403,360.607,49.534,22.786,5705,6832,2.060,1.810,1.070,4,0,16.842,0,0,18,270,0,38,0
20-01 10:23:41,78.533,13.341,6.544,2.517,0,5246408,131244,172376,2440444,13178.478,9497.485,3507.817,1276.668,197.340,88.602,6515,6051,2.060,1.810,1.070,5,0,11.075,0,0,18,277,0,38,0
20-01 10:23:42,72.419,15.035,10.775,0.752,0,5276864,131692,172408,2410204,13046.510,4733.069,1323.094,2361.523,41.096,255.598,8896,10822,2.140,1.830,1.080,4,0,160.375,0,0,18,280,0,40,0
20-01 10:23:43,40.501,10.000,48.001,0.500,0,5311768,129232,172424,2378600,19079.517,8593.233,588.016,576.016,11.000,35.001,4319,3439,2.140,1.830,1.080,2,0,75.002,0,0,18,284,0,40,0
20-01 10:23:44,33.632,9.716,55.057,0.249,0,5255772,185088,172424,2378740,28656.739,9921.289,813.155,617.838,8.969,47.833,4643,4575,2.140,1.830,1.080,2,0,12.955,0,0,18,287,0,39,1
20-01 10:23:45,44.209,7.993,46.207,0,0,5302588,158872,172424,2358884,10625929.450,83235.945,511.520,379.644,3.996,22.978,7324,3583,2.140,1.830,1.080,3,0,6.993,0,0,18,287,0,39,0
20-01 10:23:46,22.594,9.540,66.276,1.255,0,5246268,207376,172424,2366820,5968404.849,33251.596,2542.598,859.583,29.121,80.335,6250,4994,2.140,1.830,1.080,2,0,149.624,0,0,18,289,0,40,0
20-01 10:23:47,40.961,11.489,46.207,0.250,0,5329108,124428,172424,2366912,5770.570,1618.477,15.985,539.492,0.999,42.960,4503,3512,2.130,1.830,1.080,3,0,118.888,0,0,18,293,0,40,0
20-01 10:23:48,28.662,3.240,67.044,0.249,0,5348628,132888,172424,2339672,26156.816,20628.762,3.988,426.692,0.997,34.893,3227,2871,2.130,1.830,1.080,0,0,0,0,0,18,295,0,41,0
20-01 10:23:49,19.002,4.250,73.258,0.500,0,5277660,203248,172424,2340284,221922.508,7447411.882,500.053,9336.989,28.003,85.009,5590,6497,2.130,1.830,1.080,0,0,38.004,0,0,18,297,0,38,0
20-01 10:23:50,2.000,1.250,93.495,1.000,0,5275868,204932,172424,2340392,276252.425,8950121.392,0,14479.184,0,1109.937,4302,1910,2.130,1.830,1.080,0,0,0,0,0,18,297,0,38,0
20-01 10:23:51,1.749,0.750,95.968,0,0,5275836,204932,172424,2340424,9409.893,1619.465,0,1403.537,0,24.992,1349,1829,2.130,1.830,1.080,0,0,0,0,0,18,297,0,38,0
20-01 10:23:52,11.297,1.757,84.599,0.753,0,5283324,197356,172424,2340512,7907218.823,34833.882,0,1682.951,0,116.481,5559,5621,2.040,1.820,1.080,1,0,2.008,0,0,18,303,0,38,0
20-01 10:23:53,19.494,8.747,69.978,0.750,0,5205688,258788,172436,2356672,8647679.988,88082.826,79.974,1211.612,4.998,101.967,9491,9251,2.040,1.820,1.080,2,0,123.960,0,0,18,301,0,39,0
20-01 10:23:54,14.205,14.454,69.531,0.498,0,5255524,208876,172436,2356732,8401.526,1614.911,27.912,1909.982,1.994,22.928,5064,4696,2.040,1.820,1.080,1,0,342.919,0,0,18,303,0,39,0
20-01 10:23:55,21.314,5.767,71.967,0.251,0,5286160,178216,172436,2356740,8567.816,1462.406,0,96.290,0,8.024,2991,2357,2.040,1.820,1.080,1,0,68.206,0,0,18,303,0,39,0
20-01 10:23:56,9.225,18.699,70.059,0,0,5282184,182148,172436,2356784,10646.029,1615.603,3.989,570.448,0.997,40.889,6605,5631,2.040,1.820,1.080,1,0,404.898,0,0,18,303,0,39,0
20-01 10:23:57,5.497,9.994,82.954,0.250,0,5277100,187184,172436,2356832,8999.025,1619.105,15.991,191.894,0.999,18.990,3861,3511,1.870,1.790,1.080,0,0,201.888,0,0,18,303,0,37,0
20-01 10:23:58,13.009,4.003,81.556,0.500,0,5310804,153464,172440,2356844,8858.036,1621.105,0,18624.691,0,179.122,2457,2462,1.870,1.790,1.080,1,0,9.006,0,0,18,303,0,37,0
20-01 10:23:59,20.243,2.999,75.724,0,0,5324976,168036,172440,2329456,11813.956,7341.487,0,75.974,0,11.996,2343,1989,1.870,1.790,1.080,1,0,0,0,0,18,304,0,37,0
20-01 10:24:00,13.783,12.280,72.424,0.251,0,5257228,235656,172444,2329564,9231.209,4855.682,76.183,200.482,7.017,2.005,4610,3732,1.870,1.790,1.080,1,0,150.362,0,0,18,307,0,38,0
20-01 10:24:01,11.505,16.757,70.278,0,0,5251436,241180,172444,2329816,9222.668,1662.661,4.002,0,1.000,0,5363,4128,1.870,1.790,1.080,2,0,207.082,0,0,18,307,0,37,0
20-01 10:24:02,11.972,17.459,69.086,0.499,0,5244316,248092,172444,2329992,6812.806,1616.159,7.981,227.459,1.995,16.960,5932,4853,1.800,1.770,1.080,2,0,243.421,0,0,18,307,0,37,0
20-01 10:24:03,24.472,3.995,70.918,0.250,0,5310588,181680,172444,2330132,8399.243,1498.259,127.851,627.271,5.993,55.935,2904,2790,1.800,1.770,1.080,1,0,1.998,0,0,18,309,0,37,0
20-01 10:24:04,22.503,3.000,72.261,1.000,0,5364004,128060,172444,2330336,7427.086,1620.237,292.043,36.005,6.001,4.001,2326,1882,1.800,1.770,1.080,2,0,3.000,0,0,18,311,0,37,0
20-01 10:24:05,24.973,2.747,71.174,0.250,0,5330312,161528,172444,2330560,10547.741,1688.198,127.864,547.416,5.994,45.951,2901,2762,1.800,1.770,1.080,2,0,5.994,0,0,18,309,0,36,0
20-01 10:24:06,24.272,3.253,71.564,0.250,0,5322072,201540,172448,2299988,8169.250,1621.439,20.018,180.160,4.004,14.012,2447,2141,1.800,1.770,1.080,1,0,0,0,0,18,309,0,36,0
20-01 10:24:07,15.999,3.500,78.745,0,0,5347872,175696,172448,2300032,13883.073,10572.294,19.999,147.990,2.000,13.999,2608,2529,1.660,1.740,1.070,4,1,5.000,0,0,18,312,0,37,0
20-01 10:24:08,19.011,3.002,77.046,0.250,0.250,5235840,287716,172448,2300044,16009.494,11684.930,0,288.171,0,28.017,2898,3027,1.660,1.740,1.070,2,0,17.010,0,0,18,309,0,38,0
20-01 10:24:09,23.241,3.749,72.472,0,0,5299536,224012,172448,2300052,10430.026,1619.383,0,167.936,0,8.997,2234,1878,1.660,1.740,1.070,2,0,0,0,0,18,309,0,38,0
20-01 10:24:10,18.807,6.770,73.221,0,0,5297164,226232,172448,2300204,6673.121,1624.899,389.173,1299.920,4.012,113.342,3431,2640,1.660,1.740,1.070,4,0,97.293,0,0,18,309,0,38,0
20-01 10:24:11,9.009,20.270,68.567,0.751,0,5299660,223504,172456,2300428,8981.816,1621.592,128.126,224.220,8.008,2.002,6355,5209,1.660,1.740,1.070,2,0,396.389,0,0,18,309,0,38,0
20-01 10:24:12,20.745,6.998,70.232,0.750,0,5334444,188728,172600,2300340,6817.301,1457.637,159.960,243.939,7.998,20.995,3718,3102,1.610,1.730,1.070,3,0,106.973,0,0,18,311,0,38,0
20-01 10:24:13,19.244,2.749,77.225,0.250,0,5333080,188500,172624,2301908,13931.540,3789.787,211.932,667.786,10.996,42.986,2416,2457,1.610,1.730,1.070,1,0,15.995,0,0,18,312,0,38,0
20-01 10:24:14,23.258,2.751,72.525,0,0,5312328,203396,173176,2307092,9281.143,1794.608,0,664.225,0,8.003,2475,2034,1.610,1.730,1.070,1,0,3.001,0,0,18,311,0,38,0
20-01 10:24:15,17.945,2.243,78.509,0.249,0,5311180,203148,173180,2308448,12631.147,4602.842,3.988,16429.463,0.997,43.865,2234,2029,1.610,1.730,1.070,1,0,17.945,0,0,18,312,0,38,0
20-01 10:24:16,22.007,5.752,69.521,0.250,0,5299448,209088,173776,2313480,9443.884,1794.548,4.001,3793.159,1.000,420.128,10870,18332,1.610,1.730,1.070,1,0,14.004,0,0,18,311,0,38,0
20-01 10:24:17,19.233,3.247,75.934,0,0,5303316,204724,173820,2313916,13399.407,4547.066,31.972,655.433,2.997,8.992,7899,13591,1.560,1.720,1.070,1,0,5.995,0,0,18,312,0,38,0
20-01 10:24:18,22.722,5.993,70.163,0.250,0,5280208,227680,173864,2314008,6806.573,1617.997,0,683.154,0,25.968,5918,8865,1.560,1.720,1.070,1,0,14.981,0,0,18,312,0,38,0
20-01 10:24:19,15.316,13.056,70.554,0.251,0,5246212,273192,173944,2302508,43298.683,1801.768,80.346,1136.902,5.022,34.147,4833,4064,1.560,1.720,1.070,1,0,222.961,0,0,18,311,0,38,0
20-01 10:24:20,22.016,5.254,71.802,0,0,5298520,220884,173944,2302508,42403.868,1621.180,0,8.006,0,1.001,2619,2226,1.560,1.720,1.070,1,0,43.031,0,0,18,311,0,38,0
20-01 10:24:21,19.931,2.242,76.486,0,0,5312412,206784,173944,2302716,17068.102,10275.541,15.945,0,0.997,0,2489,2193,1.560,1.720,1.070,0,0,0,0,0,18,312,0,39,0
20-01 10:24:22,22.079,10.287,66.489,0.753,0,5270960,247916,173944,2303036,13930.104,3137.284,180.650,421.516,12.043,32.116,5292,6504,1.510,1.710,1.070,3,0,114.412,0,0,18,313,0,41,0
20-01 10:24:23,21.348,2.979,72.979,0.745,0,5309880,208856,173944,2303176,11014.433,7291.986,111.207,536.175,5.958,50.639,3330,3434,1.510,1.710,1.070,2,0,0.993,0,0,18,314,0,41,0
20-01 10:24:24,20.814,6.771,71.972,0,0,5260672,258052,173944,2303188,12197.560,4656.338,0,136.420,0,9.028,3215,2665,1.510,1.710,1.070,1,0,70.216,0,0,18,313,0,42,0
20-01 10:24:25,20.499,2.500,75.495,0,0,5302640,216080,173944,2303192,14504.948,7343.467,0,183.987,0,13.999,2488,2299,1.510,1.710,1.070,2,0,1.000,0,0,18,316,0,41,0
20-01 10:24:26,18.746,6.748,73.733,0,0,5322392,196292,173944,2303228,13357.860,8953.895,15.996,131.969,1.000,7.998,3082,2759,1.510,1.710,1.070,3,0,55.987,0,0,18,315,0,42,0
20-01 10:24:27,19.242,2.499,77.468,0,0,5321352,197328,173944,2303232,15947.459,7340.989,0,123.949,0,6.997,2197,2002,1.390,1.680,1.060,2,0,1.000,0,0,18,316,0,42,0
20-01 10:24:28,20.345,5.275,74.096,0,0,5324444,194148,173944,2303320,12444.030,6171.781,80.375,148.693,5.023,9.042,2872,2426,1.390,1.680,1.060,1,0,32.150,0,0,18,315,0,45,0
20-01 10:24:29,19.666,2.489,75.926,0.249,0,5350244,168348,173944,2303320,14564.822,7378.501,0,163.303,0,13.940,2212,1975,1.390,1.680,1.060,2,0,0,0,0,18,316,0,38,0
20-01 10:24:30,15.518,3.754,79.343,0,0,5328564,189928,173944,2303420,15553.205,6721.868,80.094,304.356,5.006,32.038,3111,3116,1.390,1.680,1.060,1,0,47.055,0,0,18,315,0,39,0
20-01 10:24:31,21.727,4.495,72.424,0.250,0,5384540,133952,173944,2303420,7198.447,2231.658,0,119.874,0,8.991,2326,1955,1.390,1.680,1.060,0,0,0,0,0,18,316,0,39,0
20-01 10:24:32,17.681,3.735,76.951,0,0,5326836,191568,173944,2303508,18852.703,11209.419,0,199.225,0,18.926,3070,2926,1.360,1.670,1.060,1,0,31.876,0,0,18,315,0,42,0
20-01 10:24:33,23.347,4.017,71.549,0.251,0,5368728,149600,173944,2303584,8592.876,2317.677,16.067,871.639,1.004,73.306,2769,2660,1.360,1.670,1.060,0,0,0,0,0,18,316,0,42,0
20-01 10:24:34,13.743,1.499,82.711,0.500,0,5355980,162336,173944,2303596,19829.541,11842.351,0,319.847,0,30.985,2570,2814,1.360,1.670,1.060,2,0,0,0,0,18,315,0,36,0
20-01 10:24:35,20.504,7.752,71.014,0.250,0,5323916,194392,173948,2303600,10033.040,1620.329,0,424.086,0,24.005,3198,2846,1.360,1.670,1.060,2,0,89.018,0,0,18,317,0,36,0
20-01 10:24:36,18.256,2.251,77.777,0,0,5337416,180872,173948,2303620,51280.708,23864.241,0,16.006,0,1.000,2513,2052,1.360,1.670,1.060,1,0,0,0,0,18,317,0,37,1
20-01 10:24:37,21.468,6.490,71.143,0.250,0,5319788,198488,173948,2303632,7697.416,1683.467,0,2376.424,0,341.486,3417,2339,1.330,1.660,1.060,2,0,48.926,0,0,18,317,0,38,0
20-01 10:24:38,19.290,2.255,77.411,0,0,5331744,186408,173948,2303740,27595.408,9154.044,32.067,192.400,2.004,22.046,2725,2597,1.330,1.660,1.060,1,0,1.002,0,0,18,318,0,31,0
20-01 10:24:39,22.219,4.494,72.149,0.499,0,5350752,167112,173948,2304028,22713.343,2891.969,287.599,119.833,16.976,7.989,2844,2280,1.330,1.660,1.060,1,0,13.981,0,0,18,317,0,32,0
20-01 10:24:40,22.005,4.751,72.015,0,0,5351208,166652,173948,2304032,16046.439,8117.740,0,168.036,0,15.003,3330,9891,1.330,1.660,1.060,0,0,36.008,0,0,18,318,0,33,0
20-01 10:24:41,25.021,5.254,67.807,0.751,0,5346596,168868,173948,2306468,26503.281,3014.534,2225.871,3522.962,89.075,298.251,6082,7639,1.330,1.660,1.060,1,0,7.006,0,0,18,319,0,34,0
20-01 10:24:42,20.236,3.498,74.949,0.250,0,5393280,122044,173948,2306608,10876.561,4006.260,0,495.661,0,39.973,2674,2630,1.300,1.640,1.060,1,0,0,0,0,18,320,0,32,0
20-01 10:24:43,18.510,4.002,74.790,1.251,0.250,5348828,166184,173948,2306920,14210.545,8934.744,352.187,2133.132,16.008,325.173,4570,5069,1.300,1.640,1.060,1,0,2.001,0,0,18,320,0,32,0
20-01 10:24:44,15.814,16.065,66.520,0.753,0,5322448,192436,173948,2307048,26166.080,2857.585,0,4333.569,0,298.209,7501,7873,1.300,1.640,1.060,3,0,403.636,0,0,18,319,0,33,0
20-01 10:24:45,9.739,21.975,67.174,0.250,0,5311124,203728,173948,2307080,8873.923,1618.163,0,343.610,0,27.968,7329,6497,1.300,1.640,1.060,1,0,631.283,0,0,18,319,0,33,0
20-01 10:24:46,8.512,22.782,67.594,0,0,5303904,210916,173948,2307112,7799.865,1622.260,0,352.491,0,32.045,7188,6294,1.300,1.640,1.060,2,0,635.886,0,0,18,319,0,30,0
20-01 10:24:47,8.996,22.989,66.719,0,0,5286976,227812,173948,2307144,12728.035,1457.317,0,1355.365,0,83.961,7457,6709,1.280,1.630,1.060,2,0,617.711,0,0,18,319,0,30,0
20-01 10:24:48,9.005,21.512,67.788,0.250,0,5277164,237592,173948,2307176,9356.287,1620.916,0,272.154,0,24.014,7112,6126,1.280,1.630,1.060,4,0,586.331,0,0,18,319,0,30,0
20-01 10:24:49,9.743,22.483,67.700,0,0,5272704,242024,173948,2307204,41712.163,1618.803,0,39.970,0,9.993,6926,5890,1.280,1.630,1.060,1,0,555.589,0,0,18,319,0,30,0
20-01 10:24:50,12.250,13.250,70.001,3.000,0,5278428,235996,173952,2307504,50010.383,1620.012,268.002,28.000,22.000,5.000,5121,4254,1.280,1.630,1.060,1,0,299.002,0,0,18,319,0,26,0
20-01 10:24:51,15.937,7.968,71.965,2.739,0,5312476,308852,174020,2212684,6951.449,1613.605,820.747,3434.388,103.589,13.945,2685,2446,1.280,1.630,1.060,1,0,3.984,0,0,18,319,0,26,0
20-01 10:24:52,24.709,2.995,71.381,0.250,0,5328244,289512,174140,2216128,9682.820,2109.475,15.973,2611.636,2.995,29.950,2807,2447,1.260,1.620,1.060,5,0,16.972,0,0,18,320,0,26,0
20-01 10:24:53,12.516,2.003,82.857,2.503,0,5321920,295088,174148,2216864,23300.106,9365.101,620.802,1525.972,36.047,92.119,2549,3046,1.260,1.620,1.060,0,1,1.001,0,0,18,320,0,26,0
20-01 10:24:54,10.009,1.251,84.575,1.501,0.250,5316592,299424,174148,2217852,24171.423,12214.826,560.497,1509.338,48.043,49.043,2049,2187,1.260,1.620,1.060,1,0,0,0,0,18,320,0,23,0
20-01 10:24:55,17.486,1.499,79.185,1.249,0,5344100,270992,174148,2218772,17998.166,7967.433,823.321,795.344,34.971,24.979,1999,1810,1.260,1.620,1.060,1,0,0,0,0,18,320,0,23,0
20-01 10:24:56,15.261,1.501,82.060,1.251,0,5341832,272376,174148,2219648,21509.818,10081.414,628.462,1473.083,44.032,58.043,2135,2123,1.260,1.620,1.060,1,0,0,0,0,18,320,0,23,0
20-01 10:24:57,13.752,2.250,81.011,1.750,0,5350348,262936,174148,2220568,21274.897,10973.494,692.094,1092.149,42.006,33.004,2178,2065,1.240,1.610,1.060,0,0,7.001,0,0,18,320,0,23,0
20-01 10:24:58,10.247,1.500,78.727,8.747,0,5349684,249384,174148,2234780,18934.575,7228.929,7153.950,1759.496,65.981,215.938,2103,1902,1.240,1.610,1.060,0,1,0,0,0,18,320,0,23,0
20-01 10:24:59,19.250,3.250,72.251,4.250,0,5355264,215832,174868,2262032,13032.120,1620.015,8432.078,1740.016,113.001,60.001,2511,2364,1.240,1.610,1.060,1,0,1.000,0,0,18,320,0,23,0
20-01 10:25:00,23.991,2.999,71.474,0.250,0,5360000,191712,175636,2280296,9781.397,1619.404,0,1551.429,0,33.987,2545,2259,1.240,1.610,1.060,1,0,0,0,0,18,320,0,23,0
20-01 10:25:01,25.004,2.250,71.512,0,0,5384836,158580,175844,2288268,9072.480,1620.264,0,528.086,0,12.002,2566,2194,1.240,1.610,1.060,1,0,3.000,0,0,18,320,0,23,0
20-01 10:25:02,23.266,3.252,71.548,1.251,0,5368912,150916,176688,2310700,6202.156,1663.114,0,3098.076,0,142.095,3182,3156,1.220,1.600,1.060,1,0,0,0,0,18,320,0,22,0
20-01 10:25:03,23.247,3.250,71.241,1.250,0,5367064,125812,177656,2336288,8607.933,1619.799,0,3215.601,0,123.985,3114,3113,1.220,1.600,1.060,1,1,0,0,0,18,320,0,22,0
20-01 10:25:04,23.733,2.248,71.950,0.500,0,5372344,128816,178336,2327256,9202.589,1792.751,3.997,2050.571,0.999,71.950,2725,2538,1.220,1.600,1.060,1,0,0,0,0,18,319,0,22,0
20-01 10:25:05,23.256,4.251,72.018,0,0,5331344,169656,178336,2327268,6327.553,1808.444,0,308.076,0,10.002,2614,2190,1.220,1.600,1.060,1,0,35.009,0,0,18,320,0,22,0
20-01 10:25:06,18.753,2.750,76.761,0.250,0,5332524,161932,178432,2333708,13993.949,3615.504,0,1408.196,0,24.003,2271,2085,1.220,1.600,1.060,1,0,2.000,0,0,18,319,0,22,0
20-01 10:25:07,18.503,2.751,78.265,0,0,5337064,157200,178432,2333800,13664.580,4551.859,0,428.081,0,6.001,2244,1994,1.120,1.570,1.050,2,0,19.004,0,0,18,320,0,22,0
20-01 10:25:08,23.752,6.000,67.755,0.250,0,5342960,143496,178948,2340028,11316.863,1794.137,0,1596.122,0,52.004,10282,18793,1.120,1.570,1.050,1,0,15.001,0,0,18,319,0,22,0
20-01 10:25:09,22.996,5.999,68.738,0,0,5342876,143244,178988,2340292,9154.423,1661.714,0,1515.739,0,10.998,10000,18227,1.120,1.570,1.050,1,0,12.998,0,0,18,319,0,22,0
20-01 10:25:10,25.609,13.558,59.252,1.506,0,5313284,186256,179032,2327472,6593.040,1626.919,124.530,739.144,10.043,26.111,4419,4408,1.120,1.570,1.050,2,0,334.422,0,0,18,319,0,20,0
20-01 10:25:11,25.489,6.997,65.972,0,0,5320492,179176,179032,2327500,9081.119,1619.308,0,7704.707,0,193.917,10888,18006,1.120,1.570,1.050,2,0,146.937,0,0,18,319,0,20,0
20-01 10:25:12,22.412,3.984,71.719,0.249,0,5356392,143352,179032,2327516,10279.673,2104.743,0,812.811,0,13.945,3916,4666,1.110,1.560,1.050,1,0,35.859,0,0,18,320,0,20,0
20-01 10:25:13,19.832,3.264,76.317,0.251,0,5334284,158980,179032,2333996,13829.449,3432.258,0,1369.690,0,34.142,2373,2260,1.110,1.560,1.050,1,0,2.008,0,0,18,319,0,20,0
20-01 10:25:14,18.234,1.998,78.181,0.500,0,5348076,145120,179032,2334064,15023.768,4612.937,0,1442.729,0,208.816,2848,2609,1.110,1.560,1.050,1,0,16.985,0,0,18,320,0,20,0
20-01 10:25:15,22.760,5.503,69.532,0,0,5343656,142276,179108,2340292,9098.172,1756.806,0,992.455,0,20.009,9992,18320,1.110,1.560,1.050,1,0,16.007,0,0,18,319,0,20,0
20-01 10:25:16,22.471,6.492,68.661,0,0,5342432,143176,179132,2340544,6357.721,1617.893,0,535.303,0,12.983,10200,18560,1.110,1.560,1.050,3,0,16.978,0,0,18,319,0,20,0
20-01 10:25:17,20.939,6.730,71.541,0.748,0,5336104,163344,179136,2327576,5356.347,1615.280,0,1180.550,0,26.921,2644,2197,1.100,1.560,1.050,1,0,9.971,0,0,18,319,0,20,0
20-01 10:25:18,23.549,5.511,70.646,0,0,5325832,173600,179136,2327592,20244.902,1623.360,0,224.465,0,13.027,3174,2438,1.100,1.560,1.050,1,0,70.145,0,0,18,319,0,20,0
20-01 10:25:19,22.703,4.740,71.601,0,0,5324724,167012,179136,2335288,45483.136,1616.628,0,7.983,0,1.996,2987,2648,1.100,1.560,1.050,1,0,42.911,0,0,18,319,0,20,0
20-01 10:25:20,21.766,2.502,74.305,0,0,5340352,148204,179152,2338196,62632.076,2980.192,4.003,1020.751,1.001,14.010,2716,2346,1.100,1.560,1.050,1,0,16.012,0,0,18,320,0,20,0
20-01 10:25:21,13.530,1.253,83.186,0.501,0,5348400,139964,179192,2338312,35981.392,9944.218,0,1294.893,0,46.103,2237,2140,1.100,1.560,1.050,0,0,0,0,0,18,320,0,20,0
20-01 10:25:22,10.213,1.744,86.190,0.498,0.249,5335192,152588,179256,2338752,24420.290,11267.530,0,9944.283,0,84.696,2215,2401,1.090,1.550,1.050,1,0,0.996,0,0,18,320,0,20,0
20-01 10:25:23,6.281,1.507,90.448,0.754,0,5334904,152560,179316,2338940,155375.256,9213.616,16.080,1354.707,1.005,77.383,2401,2910,1.090,1.550,1.050,2,0,1.005,0,0,18,321,0,17,0
20-01 10:25:24,13.951,3.239,81.216,0.249,0,5341792,145236,179408,2339232,29844.698,8933.778,0,1303.445,0,58.795,4215,5874,1.090,1.550,1.050,1,0,0.997,0,0,18,321,0,17,0
20-01 10:25:25,20.501,1.500,76.503,0.250,0,5353640,133140,179480,2339344,15645.610,8108.316,0,780.030,0,24.001,2520,2231,1.090,1.550,1.050,2,0,0,0,0,18,321,0,19,0
20-01 10:25:26,15.491,1.499,81.454,0.500,0,5364504,121884,179568,2339612,57600.146,11249.583,0,1243.291,0,45.974,2601,2431,1.090,1.550,1.050,1,0,0,0,0,18,321,0,19,0
20-01 10:25:27,10.009,1.501,85.575,1.752,0,5364224,121368,179812,2340076,310652.573,18180.952,28.025,4551.994,4.004,106.093,2427,2425,1,1.520,1.050,1,0,1.001,0,0,18,321,0,17,0
20-01 10:25:28,10.496,1.749,85.717,1.499,0,5363076,121888,180008,2340412,82944.997,13525.781,103.960,1851.286,5.998,81.968,2066,2119,1,1.520,1.050,1,0,0,0,0,18,321,0,17,0
20-01 10:25:29,13.034,2.005,82.718,0.752,0,5348268,155284,180088,2322612,1475650.658,21110.674,0,1856.897,0,191.505,2770,2156,1,1.520,1.050,0,1,1.003,0,0,18,321,0,17,0
20-01 10:25:30,10.227,2.744,83.565,1.247,0,5354212,136932,180180,2335424,15698677.666,74069.734,135.699,17980.125,1.996,104.768,6396,3687,1,1.520,1.050,2,0,3.991,0,0,18,321,0,17,0
20-01 10:25:31,17.238,2.748,77.945,0.749,0,5347648,131552,180488,2347028,615420.601,7215.930,27.980,2178.469,1.999,72.949,2487,2186,1,1.520,1.050,4,0,0.999,0,0,18,321,0,13,0
20-01 10:25:32,36.291,11.012,50.807,0.751,0,5372056,146124,183964,2303392,16750.844,1513.703,512.577,55842.822,4.005,245.276,4467,3161,1.160,1.540,1.060,3,0,8.009,0,0,18,321,0,13,0
20-01 10:25:33,38.480,6.996,52.723,0.999,0,5397028,135176,184396,2289156,8294.775,1619.175,527.731,4441.737,4.997,153.922,3905,3141,1.160,1.540,1.060,2,0,3.998,0,0,18,321,0,13,0
20-01 10:25:34,23.762,3.252,72.286,0.500,0,5400292,142252,184832,2278676,8641.291,1620.805,0,1652.821,0,69.034,2715,2402,1.160,1.540,1.060,3,0,0,0,0,18,321,0,13,0
20-01 10:25:35,22.475,3.996,71.170,0.749,0,5393392,134460,185700,2291040,9775.063,1618.189,0,2117.631,0,67.924,2603,2341,1.160,1.540,1.060,2,0,0,0,0,18,321,0,9,0
20-01 10:25:36,23.486,2.249,71.956,0.750,0,5391020,121440,186396,2304416,5786.439,1619.004,0,2194.649,0,85.947,2714,2590,1.160,1.540,1.060,2,0,0,0,0,18,321,0,9,0
20-01 10:25:37,24.737,3.998,70.462,0.500,0,5392976,127128,187716,2294860,12785.061,1565.151,0,43492.395,0,145.921,2789,2281,1.150,1.540,1.060,3,0,1.999,0,0,18,321,0,9,0
20-01 10:25:38,22.789,3.506,71.621,1.002,0,5389528,133272,188596,2290848,7357.440,1622.744,0,2808.749,0,115.195,3149,3310,1.150,1.540,1.060,2,0,1.002,0,0,18,321,0,9,0
20-01 10:25:39,17.998,3.000,77.242,0.250,0,5393512,151684,189216,2266604,15233.401,4209.558,0,1771.814,0,60.994,2456,2394,1.150,1.540,1.060,3,0,0,0,0,18,319,0,5,0
20-01 10:25:40,28.752,5.750,64.255,0.250,0,5292240,252976,189236,2266592,7427.566,1512.115,0,908.069,0,178.014,3783,13309,1.150,1.540,1.060,3,0,55.004,0,0,18,319,0,6,0
20-01 10:25:41,17.981,3.247,77.417,0,0,5321176,218268,189292,2272020,11490.744,3894.846,0,1802.078,0,24.973,2346,2217,1.150,1.540,1.060,1,0,15.983,0,0,18,319,0,6,0
20-01 10:25:42,23.254,4.001,72.012,0.250,0,5310748,227468,189320,2273108,9525.616,2696.457,0,14258.419,0,285.048,3291,2639,1.220,1.540,1.060,0,0,19.003,0,0,18,320,0,6,0
20-01 10:25:43,19.834,3.264,75.320,0.251,0,5313700,217588,189632,2279044,14532.728,3664.565,0,1478.279,0,44.188,6458,11050,1.220,1.540,1.060,2,0,6.026,0,0,18,319,0,4,0
20-01 10:25:44,22.722,6.492,70.663,0,0,5318864,211820,189696,2279516,5951.707,1618.017,0,319.608,0,9.988,5841,9399,1.220,1.540,1.060,1,0,8.989,0,0,18,319,0,4,0
20-01 10:25:45,22.250,6.000,69.250,0.250,0,5342560,188024,189732,2279576,9049.983,1619.997,0,2411.995,0,25.000,9922,18354,1.220,1.540,1.060,1,0,12.000,0,0,18,319,0,4,0
20-01 10:25:46,21.002,5.751,71.507,0.250,0,5315024,229768,189740,2266672,8322.823,1566.155,0,620.061,0,31.003,2602,2339,1.220,1.540,1.060,1,0,8.001,0,0,18,319,0,4,0
20-01 10:25:47,22.448,4.490,71.085,0.499,0,5322324,220144,189740,2268996,9241.594,1616.256,227.473,1803.822,2.993,23.945,2805,2624,1.200,1.530,1.060,1,0,5.986,0,0,18,319,0,3,0
20-01 10:25:48,22.251,4.500,69.504,2.750,0,5327508,213516,189740,2270428,7250.413,1512.086,808.046,2312.132,34.002,126.007,5572,7360,1.200,1.530,1.060,1,0,2.000,0,0,18,322,0,7,0
20-01 10:25:49,20.821,10.285,66.227,1.003,0,5265460,274620,189740,2271372,40467.562,1625.566,802.749,1673.731,42.144,210.722,7636,9517,1.200,1.530,1.060,1,0,159.546,0,0,18,321,0,8,0
20-01 10:25:50,11.453,14.939,69.468,1.743,0,5266748,272312,189740,2272392,43713.388,1613.444,1055.711,1497.914,24.899,88.640,5414,4641,1.200,1.530,1.060,1,0,279.863,0,0,18,321,0,10,0
20-01 10:25:51,11.000,4.500,71.747,11.750,0,5242196,254584,189740,2314648,9070.680,1619.943,42030.517,443.984,3455.878,11.000,9280,8950,1.200,1.530,1.060,1,0,10.000,0,0,18,321,0,10,0
20-01 10:25:52,5.500,2.750,83.254,7.500,0,5235836,260080,190144,2315096,13250.658,3309.164,988.049,14912.740,247.012,212.011,2913,3621,1.100,1.510,1.050,0,0,6.000,0,0,18,322,0,10,0
20-01 10:25:53,3.001,1.250,93.282,1.000,0,5236328,259352,190144,2315332,45692.623,4486.534,236.081,736.252,7.002,49.017,1948,2720,1.100,1.510,1.050,0,0,2.001,0,0,18,322,0,10,0
20-01 10:25:54,1.999,1.249,95.709,0.250,0,5228848,266688,190144,2315476,151585.664,3412.529,0,115.950,0,10.995,1411,1881,1.100,1.510,1.050,0,0,1.999,0,0,18,322,0,10,0
20-01 10:25:55,6.751,2.500,87.765,1.500,0,5216596,278520,190220,2315820,153886.790,131215.991,228.038,904.152,17.003,17.003,2145,2213,1.100,1.510,1.050,0,0,13.002,0,0,18,321,0,10,0
20-01 10:25:56,2.500,1.250,94.247,0,0,5216704,278408,190220,2315824,5937.837,1619.956,0,2455.933,0,331.991,2190,2408,1.100,1.510,1.050,0,0,0,0,0,18,323,0,10,0
20-01 10:25:57,2.000,1.000,95.760,0,0,5217672,277440,190220,2315824,6571.719,1620.177,0,0,0,0,1270,1691,1.020,1.480,1.050,0,0,7.001,0,0,18,323,0,10,0
20-01 10:25:58,1.250,0.500,96.724,0,0,5217216,277896,190220,2315824,9233.518,1619.565,0,0,0,0,1118,1527,1.020,1.480,1.050,0,0,0,0,0,18,323,0,10,0
20-01 10:25:59,2.749,0.750,95.224,0.750,0,5217172,277924,190220,2315840,7051.051,1619.552,0,435.880,0,46.987,1625,2339,1.020,1.480,1.050,0,0,0,0,0,18,323,0,10,0
20-01 10:26:00,1.751,1.251,96.296,0,0,5217172,277924,190220,2315840,8512.037,1620.769,0,308.146,0,22.010,1293,1759,1.020,1.480,1.050,0,0,0,0,0,18,323,0,10,0
20-01 10:26:01,2.000,0.500,96.522,0,0,5211788,283308,190220,2315840,7744.775,1620.371,0,4.001,0,1.000,1148,1621,1.020,1.480,1.050,0,0,0,0,0,18,323,0,10,0
20-01 10:26:02,2.250,0.750,95.233,0.250,0,5211788,283308,190220,2315840,10579.071,1565.715,0,135.975,0,21.996,1544,2053,0.930,1.460,1.040,0,0,0,0,0,18,323,0,10,0
20-01 10:26:03,1.750,2.000,94.766,0.500,0,5204800,290280,190220,2315852,7756.347,1512.263,0,20851.620,0,86.015,1640,2020,0.930,1.460,1.040,0,0,0,0,0,18,323,0,10,0
20-01 10:26:04,2.247,0.749,96.385,0,0,5205052,290028,190220,2315852,6623.116,1618.074,0,0,0,0,1260,1768,0.930,1.460,1.040,0,0,0,0,0,18,323,0,10,0
20-01 10:26:05,1.251,1.001,96.592,0,0,5205052,290028,190220,2315852,6042.760,1621.546,0,0,0,0,1213,1720,0.930,1.460,1.040,0,0,0,0,0,18,323,0,10,0
20-01 10:26:06,1.750,0.500,96.003,0,0,5205048,290028,190220,2315856,8734.257,1620.048,0,232.007,0,13.000,1349,1789,0.930,1.460,1.040,0,0,0,0,0,18,323,0,10,0
20-01 10:26:07,2.000,1.000,96.244,0,0,5205548,289528,190220,2315856,5965.634,1619.901,0,0,0,0,1181,1678,0.860,1.430,1.040,0,0,1.000,0,0,18,323,0,10,0
20-01 10:26:08,2.500,4.250,91.247,0.750,0,5204700,290372,190224,2315856,8901.659,1619.938,0,117491.500,0,875.966,4512,4767,0.860,1.430,1.040,0,0,2.000,0,0,18,323,0,10,0
20-01 10:26:09,1.500,0.250,96.255,0.250,0,5204796,290248,190224,2315864,7335.370,1566.079,16.001,160.008,1.000,18.001,1412,2105,0.860,1.430,1.040,1,0,0,0,0,18,323,0,10,0
20-01 10:26:10,2.000,1.250,95.750,0,0,5204780,290248,190224,2315880,10554.002,1512.000,0,104.000,0,8.000,1352,1810,0.860,1.430,1.040,0,0,0,0,0,18,323,0,10,0
20-01 10:26:11,3.253,0.751,94.590,0,0,5209004,286020,190224,2315884,6957.585,1621.535,0,808.765,0,146.138,1637,1803,0.860,1.430,1.040,1,0,2.002,0,0,18,325,0,10,0
20-01 10:26:12,2.498,0.999,95.405,0.250,0.250,5218372,276652,190224,2315884,6181.815,1618.381,0,303.696,0,26.973,1492,2065,0.790,1.410,1.030,0,0,0,0,0,18,325,0,10,0
20-01 10:26:13,1.500,1.500,95.240,0.250,0,5218500,276524,190224,2315884,8128.166,1619.834,0,37540.148,0,264.973,1685,1659,0.790,1.410,1.030,0,0,0,0,0,18,325,0,10,0
20-01 10:26:14,2.000,0.750,96.270,0,0,5218584,276420,190224,2315904,8739.857,1620.344,0,452.096,0,4.001,1252,1700,0.790,1.410,1.030,0,0,0,0,0,18,325,0,10,0
20-01 10:26:15,1.750,1.000,95.997,0.250,0,5218584,276420,190224,2315904,5629.849,1619.956,0,195.995,0,15.000,1271,1774,0.790,1.410,1.030,0,0,2.000,0,0,18,325,0,10,0
20-01 10:26:16,1.500,0.250,96.499,0,0,5218656,276420,190224,2315904,9680.915,1619.986,0,0,0,0,1167,1652,0.790,1.410,1.030,0,0,0,0,0,18,325,0,10,0
20-01 10:26:17,2.000,1.000,96.232,0,0,5219156,275920,190224,2315904,7033.715,1565.714,0,0,0,0,1271,1733,0.730,1.390,1.030,0,0,1.000,0,0,18,325,0,10,0
20-01 10:26:18,2.001,1.000,95.779,0.250,0,5218364,276672,190224,2315944,9576.889,1512.456,0,3012.909,0,22.007,1429,1898,0.730,1.390,1.030,0,0,0,0,0,18,325,0,10,0
20-01 10:26:19,1.999,1.000,95.705,0,0,5218616,276420,190224,2315944,42115.288,1619.242,0,119.944,0,11.994,1512,2105,0.730,1.390,1.030,0,0,0,0,0,18,325,0,10,0
20-01 10:26:20,1.501,0.751,95.818,0.250,0,5218604,276420,190224,2315956,40735.891,1621.150,0,324.230,0,24.017,1385,1913,0.730,1.390,1.030,1,0,0,0,0,18,325,0,10,0
20-01 10:26:21,1.750,0.750,96.525,0,0,5218604,276420,190224,2315956,8259.112,1620.414,0,0,0,0,1241,1732,0.730,1.390,1.030,1,0,1.000,0,0,18,327,0,10,0
20-01 10:26:22,2.497,0.499,95.377,0,0.250,5218828,276196,190224,2315956,7148.773,1617.912,0,171.778,0,20.973,1488,2117,0.670,1.360,1.020,0,0,0,0,0,18,327,0,10,0
20-01 10:26:23,2.251,1.501,95.044,0.250,0,5218828,276196,190228,2315952,5872.724,1620.752,0,508.236,0,44.020,1664,2479,0.670,1.360,1.020,1,0,2.001,0,0,18,327,0,10,0
20-01 10:26:24,1.250,0.500,95.980,0,0,5219044,275972,190228,2315960,9248.101,1619.667,0,3.999,0,1.000,1272,1735,0.670,1.360,1.020,0,0,0,0,0,18,327,0,10,0
20-01 10:26:25,1.751,0.500,96.537,0,0,5219044,275972,190228,2315960,7698.927,972.370,0,32.012,0,3.001,1312,1905,0.670,1.360,1.020,0,0,0,0,0,18,327,0,10,0
20-01 10:26:26,14.043,4.514,81.001,0.251,0,5233908,261104,190244,2315948,427020.263,12572.902,0,1075.327,0,174.540,3205,2716,0.670,1.360,1.020,1,0,25.078,0,0,18,327,0,10,0
20-01 10:26:27,16.481,6.742,74.164,0.999,0,5231660,262528,190248,2316768,300738.065,12966.912,139.837,3.995,6.992,0.999,4786,5905,0.700,1.360,1.020,1,0,36.957,0,0,18,327,0,10,0
