"pcp-dstat 6.2.0 CSV Output"
"Author:","PCP team <pcp@groups.io> and Dag Wieers <dag@wieers.com>",,,,"URL:","https://pcp.io/ and http://dag.wieers.com/home-made/dstat/"
"Host:","ubuntu",,,,"User:","ubuntu"
"Cmdline:","dstat -tcmndrylpg --tcp --output /tmp/devstack_logs/dstat-csv.log",,,,"Date:","19 Jan 2026 17:39:28 UTC"
"system","total usage",,,,,"memory usage",,,,"net/total",,"dsk/total",,"io/total",,"system",,"load avg",,,"procs",,,"paging",,"tcp sockets",,,,
"time","total usage:usr","total usage:sys","total usage:idl","total usage:wai","total usage:stl","used","free","buf","cach","net/total:recv","net/total:send","dsk/total:read","dsk/total:writ","read","writ","int","csw","1m","5m","15m","run","blk","new","in","out","lis","act","syn","tim","clo"
19-01 17:39:28,,996748,1707304,163760,4953760,,,,,,,1.150,0.890,0.550,1,0,,,,10,5,0,17,1
19-01 17:39:29,19.743,21.242,57.479,0.250,0,1029472,1674224,163812,4953992,23137.507,10941.984,0,3734.629,0,102.962,6774,5880,1.150,0.890,0.550,3,0,530.805,0,0,10,4,0,17,2
19-01 17:39:30,26.255,18.253,53.259,0.250,0,1036588,1649476,163868,4971008,199348.429,13034.251,0,1848.319,0,62.011,6593,6241,1.150,0.890,0.550,3,0,360.062,0,0,10,4,0,17,2
19-01 17:39:31,40.248,16.499,42.248,0.500,0,1040272,1625844,164744,4986588,8981.527,1619.915,0,1895.900,0,62.997,6610,7140,1.380,0.940,0.570,3,0,230.988,0,0,10,4,0,17,2
19-01 17:39:32,35.372,9.217,54.303,0.498,0,1178284,1469992,165140,5126936,43844.225,1614.155,15.942,1446.761,0.996,34.874,4631,3906,1.380,0.940,0.570,2,0,103.625,0,0,11,6,0,17,2
19-01 17:39:33,39.630,12.039,47.405,1.003,0,1229804,1396296,165672,5146740,44312.835,1571.135,0,2114.913,0,81.266,5000,3459,1.380,0.940,0.570,2,0,190.623,0,0,11,6,0,19,2
19-01 17:39:34,43.152,6.236,48.391,1.247,0,1260052,1347724,166724,5161172,5539.466,1616.343,31.928,8053.777,1.995,140.682,3484,2112,1.380,0.940,0.570,2,0,0.998,0,0,11,6,0,19,2
19-01 17:39:35,44.064,5.758,48.571,1.502,0,1324456,1252932,167900,5187508,5494.031,1622.372,0,5339.805,0,262.384,4394,3674,1.380,0.940,0.570,3,1,4.006,0,0,11,8,0,19,2
19-01 17:39:36,30.032,5.756,49.802,12.513,0,1340124,1241144,169468,5181304,15342.138,4346.572,0,44763.085,0,3683.875,16954,28823,1.510,0.980,0.580,3,1,66.069,0,0,11,6,0,19,0
19-01 17:39:37,41.662,8.981,43.658,3.742,0,1277720,1303168,169708,5181592,7462.304,1616.600,0,30639.554,0,2136.506,10344,13446,1.510,0.980,0.580,2,0,105.778,0,0,11,4,0,19,0
19-01 17:39:38,39.505,5.001,54.757,0.750,0,1291360,1282512,169820,5187868,14714.911,3791.492,0,2252.293,0,62.008,3003,1751,1.510,0.980,0.580,2,0,17.002,0,0,11,4,0,19,0
19-01 17:39:39,40.245,4.499,53.243,0.500,0,1251548,1321824,169884,5188128,12815.261,4484.391,0,7946.921,0,451.939,4359,3536,1.510,0.980,0.580,3,0,27.996,0,0,11,5,0,19,0
19-01 17:39:40,44.717,7.744,45.966,0.500,0,1287492,1277900,170400,5194212,13071.445,1858.641,0,1327.030,0,67.950,11904,19721,1.510,0.980,0.580,2,0,8.993,0,0,11,4,0,19,0
19-01 17:39:41,44.121,8.774,46.127,0,0,1272040,1292800,170472,5194536,7618.935,1570.315,0,84.231,0,1.003,11262,18154,1.550,0.990,0.590,2,0,97.267,0,0,11,4,0,19,0
19-01 17:39:42,28.764,25.012,45.271,0.250,0,1170736,1408404,170528,5181840,6074.885,1620.770,0,2361.121,0,87.041,6887,5790,1.550,0.990,0.590,3,0,538.256,0,0,11,4,0,19,0
19-01 17:39:43,40.489,16.643,41.483,0,0,1164264,1414820,170532,5181904,9062.619,1609.631,0,15.898,0,3.974,6608,7385,1.550,0.990,0.590,5,0,258.336,0,0,11,4,0,19,0
19-01 17:39:44,48.484,11.053,40.445,0,0,1227016,1352048,170532,5182376,7581.647,1627.869,0,4.019,0,1.005,3494,2306,1.550,0.990,0.590,2,0,181.879,0,0,11,5,0,19,0
19-01 17:39:45,47.943,2.996,48.692,0,0,1239988,1338540,170536,5182904,6766.985,1618.083,0,11450.437,0,33.960,2855,1149,1.550,0.990,0.590,4,0,0,0,0,11,5,0,19,0
19-01 17:39:46,43.797,7.758,47.051,0,0.250,1259448,1317020,170580,5184912,9050.724,1621.742,0,1105.187,0,98.105,3215,3047,1.590,1.010,0.590,4,0,0,0,0,11,5,0,19,0
19-01 17:39:47,5.991,6.990,85.876,0.749,0,1273632,1302428,170588,5185252,9870.730,1509.817,0,2376.564,0,115.833,2920,3096,1.590,1.010,0.590,1,0,117.830,0,0,11,4,0,20,0
19-01 17:39:48,13.988,4.246,81.180,0,0,1297140,1278900,170592,5185252,9056.167,1618.600,0,0,0,0,1765,1503,1.590,1.010,0.590,1,0,21.981,0,0,11,4,0,20,0
19-01 17:39:49,23.275,2.503,73.830,0,0,1339976,1236060,170592,5185256,9111.877,1567.699,0,0,0,0,1840,1295,1.590,1.010,0.590,1,0,0,0,0,11,4,0,20,0
19-01 17:39:50,23.772,2.753,71.817,0.500,0,1359664,1216056,170668,5185488,6237.822,1621.513,0,14529.560,0,247.231,3505,4008,1.590,1.010,0.590,2,0,1.001,0,0,11,10,0,20,0
19-01 17:39:51,20.980,4.995,72.181,0.999,0,1288520,1287136,170720,5185500,10305.092,1618.444,0,3392.738,0,221.787,3208,3048,1.540,1.010,0.600,1,0,41.960,0,0,11,4,0,16,0
19-01 17:39:52,18.499,2.500,77.495,0.750,0,1329396,1245644,170996,5185784,9221.408,3868.752,371.976,627.960,19.999,27.998,1809,1293,1.540,1.010,0.600,0,0,0,0,0,11,5,0,16,0
19-01 17:39:53,17.500,2.500,74.248,4.250,0,1334064,1240632,171040,5186028,8701.790,4261.897,267.994,3503.915,65.998,135.997,2738,2491,1.540,1.010,0.600,3,0,2.000,0,0,11,27,0,16,0
19-01 17:39:54,20.254,5.501,74.265,0,0,1362644,1211908,171040,5186168,12411.471,4999.995,0,0,0,0,2478,1897,1.540,1.010,0.600,1,0,45.009,0,0,11,28,0,17,0
19-01 17:39:55,18.499,3.500,76.246,0.750,0,1394340,1180204,171040,5186172,10872.480,5770.724,0,29990.564,0,388.981,2580,1398,1.540,1.010,0.600,1,0,0,0,0,11,29,0,17,0
19-01 17:39:56,23.259,11.255,64.526,0,0,1400700,1173928,171048,5186200,15477.314,4464.821,0,1924.785,0,24.010,3722,2872,1.500,1.010,0.600,2,0,156.064,0,0,11,28,0,18,0
19-01 17:39:57,37.306,4.006,58.087,0,0,1454044,1120576,171048,5186208,16086.991,7739.542,0,2343.495,0,18.027,2782,1855,1.500,1.010,0.600,2,0,0,0,0,11,30,0,18,0
19-01 17:39:58,36.990,3.999,57.984,0.250,0,1438020,1136396,171052,5186408,22815.652,13985.109,0,167.953,0,17.995,5933,7355,1.500,1.010,0.600,2,0,5.998,0,0,11,28,0,19,0
19-01 17:39:59,65.331,28.035,6.007,0,0,1508344,1066064,171060,5186408,9142.267,1621.999,0,208.257,0,20.025,5873,4974,1.500,1.010,0.600,6,0,578.713,0,0,11,28,0,18,0
19-01 17:40:00,87.484,10.748,2.000,0,0.500,1711540,862752,171060,5186472,21609.983,13772.440,0,207.961,0,2.999,5155,3104,1.500,1.010,0.600,6,0,0,0,0,11,32,0,18,0
19-01 17:40:01,80.669,10.989,7.492,0.250,0,1679160,894844,171088,5186712,39923.002,31664.276,0,671.327,0,56.943,8805,12727,1.860,1.090,0.630,4,0,99.900,0,0,11,29,0,22,1
19-01 17:40:02,26.281,11.514,61.573,0,0,1491640,1082340,171088,5186736,47804.765,4695.576,0,304.361,0,23.027,4584,4488,1.860,1.090,0.630,1,0,210.250,0,0,11,28,0,24,0
19-01 17:40:03,18.210,2.494,78.078,0.249,0,1488260,1085716,171088,5186740,47419.438,5456.967,0,151.666,0,9.978,2005,1620,1.860,1.090,0.630,1,0,0,0,0,11,29,0,23,0
19-01 17:40:04,16.491,5.747,76.710,0,0,1434772,1139184,171096,5186752,11433.003,4658.556,0,235.876,0,20.989,3483,3393,1.860,1.090,0.630,1,0,68.964,0,0,11,28,0,24,0
19-01 17:40:05,21.027,5.757,71.843,0,0,1451740,1122208,171104,5186752,6169.022,2182.838,0,86736.788,0,256.333,2501,1500,1.860,1.090,0.630,0,0,0,0,0,11,29,0,24,0
19-01 17:40:06,15.474,1.747,81.615,0.250,0,1445776,1128124,171132,5186772,12805.875,7924.927,0,1789.049,0,33.944,2831,3312,1.870,1.110,0.640,2,0,0,0,0,11,28,0,25,0
19-01 17:40:07,8.776,23.318,67.448,0,0,1421656,1152236,171132,5186784,8573.131,1624.763,0,220.647,0,14.041,6304,4952,1.870,1.110,0.640,2,0,588.726,0,0,11,28,0,25,0
19-01 17:40:08,67.680,26.972,4.995,0,0,1530692,1043180,171136,5186800,10842.721,1618.317,0,1910.013,0,93.902,5715,4059,1.870,1.110,0.640,5,0,450.531,0,0,11,28,0,25,0
19-01 17:40:09,80.948,8.744,10.243,0,0,1677656,896136,171148,5186852,28812.574,22052.897,0,1543.013,0,58.962,5585,4602,1.870,1.110,0.640,4,0,0,0,0,11,33,0,25,0
19-01 17:40:10,74.386,11.020,14.026,0.250,0,1576592,996840,171160,5187200,40732.284,30689.970,0,7169.074,0,93.170,9211,15073,1.870,1.110,0.640,5,0,76.139,0,0,11,28,0,26,0
19-01 17:40:11,79.747,19.688,0,0,0,1582276,991132,171164,5187220,9204.855,1614.887,0,235.255,0,12.959,5391,3795,2.200,1.190,0.670,7,0,233.261,0,0,11,28,0,26,0
19-01 17:40:12,89.388,9.014,2.003,0,0,1744360,828884,171164,5187380,30328.791,22141.159,0,156.241,0,9.014,5895,4912,2.200,1.190,0.670,5,0,0,0,0,11,33,0,26,0
19-01 17:40:13,77.627,9.735,11.731,0.250,0,1729600,843280,171176,5187688,49120.091,43963.270,0,1066.309,0,69.889,10181,17556,2.200,1.190,0.670,3,0,99.842,0,0,11,29,0,30,0
19-01 17:40:14,49.778,13.758,36.270,0,0,1562036,1010848,171180,5187696,11893.714,1819.027,0,168.095,0,10.006,3750,2575,2.200,1.190,0.670,2,0,199.112,0,0,11,28,0,31,0
19-01 17:40:15,32.538,3.754,62.824,0,0,1566368,1006476,171184,5187732,23719.033,15854.738,0,244.289,0,11.013,3445,3910,2.200,1.190,0.670,0,0,0,0,0,11,30,0,30,0
19-01 17:40:16,36.461,19.979,42.705,0.250,0,1429128,1143564,171200,5187868,12766.516,5554.134,0,811.143,0,52.944,5831,5807,2.270,1.220,0.680,3,0,377.601,0,0,11,28,0,32,0
19-01 17:40:17,55.908,5.741,38.187,0,0,1539316,1033328,171200,5187916,34564.865,10228.093,0,0,0,0,3867,1850,2.270,1.220,0.680,3,0,0,0,0,11,31,0,32,0
19-01 17:40:18,51.952,6.274,40.658,0,0,1516820,1055744,171216,5187980,28344.224,21324.928,0,485.890,0,46.180,7058,9600,2.270,1.220,0.680,3,0,55.215,0,0,11,28,0,33,0
19-01 17:40:19,79.254,19.501,1.000,0,0,1550104,1022440,171264,5187952,9923.544,1620.089,0,3448.189,0,189.010,5777,3740,2.270,1.220,0.680,4,0,203.011,0,0,11,28,0,29,0
19-01 17:40:20,62.747,6.500,30.249,0,0,1618236,954208,171268,5188048,66607.858,26964.728,0,187.991,0,17.999,6704,7097,2.270,1.220,0.680,1,0,0,0,0,11,32,0,29,0
19-01 17:40:21,61.091,18.701,19.200,0.249,0,1534864,1037528,171276,5188092,24753.560,16781.314,0,1695.586,0,100.738,7713,10137,2.480,1.280,0.700,3,0,323.159,0,0,11,28,0,32,0
19-01 17:40:22,55.372,5.763,39.086,0,0,1582444,989908,171276,5188132,23313.513,13436.690,0,0,0,0,3984,2609,2.480,1.280,0.700,3,0,0,0,0,11,31,0,32,0
19-01 17:40:23,51.777,10.255,36.519,0,0,1566228,1005860,171280,5188392,35483.287,18980.782,0,1068.551,0,32.017,7521,9509,2.480,1.280,0.700,5,0,197.102,0,0,11,28,0,34,0
19-01 17:40:24,63.980,14.995,21.493,0,0,1570452,1001624,171280,5188404,7383.726,1565.518,0,187.942,0,8.997,3969,2024,2.480,1.280,0.700,3,0,102.968,0,0,11,28,0,34,0
19-01 17:40:25,47.746,7.749,43.247,0.250,0,1605068,966692,171284,5188732,30857.528,23064.153,0,211.983,0,20.998,6206,13209,2.480,1.280,0.700,4,0,37.997,0,0,11,30,0,35,1
19-01 17:40:26,58.134,18.713,22.206,0,0,1526616,1044968,171308,5188868,29248.557,8132.750,0,882.237,0,39.920,6147,5724,2.530,1.310,0.710,4,0,286.428,0,0,11,28,0,38,0
19-01 17:40:27,54.996,6.250,38.997,0,0,1600460,970972,171308,5189020,25146.330,13364.112,0,4.000,0,1.000,3967,2487,2.530,1.310,0.710,3,0,0,0,0,11,31,0,38,0
19-01 17:40:28,51.131,11.780,36.093,0.251,0,1451612,1119748,171320,5189080,23742.866,15746.367,0,340.874,0,34.087,6859,8262,2.530,1.310,0.710,3,0,112.288,0,0,11,28,0,36,0
19-01 17:40:29,59.599,7.730,32.168,0,0,1534232,1037112,171320,5189096,12385.571,7483.011,0,159.595,0,7.980,3618,1462,2.530,1.310,0.710,1,0,0,0,0,11,31,0,36,0
19-01 17:40:30,49.624,7.769,41.353,0,0,1541572,1029704,171340,5189144,36162.081,21578.753,0,465.159,0,40.100,6926,9006,2.530,1.310,0.710,5,0,114.285,0,0,11,28,0,38,0
19-01 17:40:31,72.244,27.498,0.250,0,0,1535448,1035668,171340,5189304,9058.234,1619.863,0,3587.697,0,261.978,6177,5036,2.880,1.410,0.750,7,0,545.954,0,0,11,28,0,38,0
19-01 17:40:32,82.509,17.252,0,0,0,1696796,874304,171340,5189356,46199.838,5651.592,0,204.021,0,9.001,5725,4554,2.880,1.410,0.750,8,0,369.039,0,0,11,29,0,38,0
19-01 17:40:33,76.098,20.459,3.493,0,0,1748992,821972,171352,5189488,85826.121,41082.206,0,930.148,0,58.883,7629,8587,2.880,1.410,0.750,5,0,496.012,0,0,11,33,0,38,0
19-01 17:40:34,80.987,15.997,2.000,0,0,1660136,910640,171380,5189648,29563.135,21584.448,0,535.912,0,57.990,7376,9093,2.880,1.410,0.750,7,0,177.971,0,0,11,28,0,39,0
19-01 17:40:35,84.702,14.492,0.999,0,0,1662796,907916,171380,5189712,17519.989,10066.248,0,159.909,0,8.995,5472,3648,2.880,1.410,0.750,4,0,150.914,0,0,11,31,0,39,0
19-01 17:40:36,73.674,11.238,14.485,0.250,0,1683468,887032,171388,5189916,42844.722,34727.111,0,367.620,0,38.960,7854,11828,3.130,1.480,0.780,5,0,125.870,0,0,11,31,0,39,0
19-01 17:40:37,39.885,20.068,39.383,0,0,1497756,1072668,171388,5189992,22560.165,16709.412,0,16.054,0,4.014,8329,10160,3.130,1.480,0.780,3,0,578.955,0,0,11,28,0,42,0
19-01 17:40:38,45.514,36.011,17.505,0,0,1516704,1053712,171388,5190000,10168.114,1620.496,0,48.015,0,12.004,6388,5784,3.130,1.480,0.780,4,0,901.276,0,0,11,28,0,42,0
19-01 17:40:39,75.003,9.500,16.251,0,0,1596396,973956,171388,5190064,21108.939,15114.673,0,3356.149,0,109.005,5101,3536,3.130,1.480,0.780,4,0,0,0,0,11,31,0,42,0
19-01 17:40:40,60.243,12.249,26.497,0,0,1580840,989292,171416,5190256,29079.578,19861.663,0,727.914,0,70.992,6871,9775,3.130,1.480,0.780,4,0,154.982,0,0,11,29,0,45,0
19-01 17:40:41,77.157,15.232,6.992,0,0,1556728,1013364,171420,5190292,12655.757,5100.857,0,279.663,0,20.975,5311,3548,3.200,1.530,0.790,4,0,112.864,0,0,11,29,0,46,0
19-01 17:40:42,63.829,6.758,29.537,0,0,1608868,961016,171432,5190488,37339.172,28323.023,0,204.253,0,10.012,6570,8863,3.200,1.530,0.790,3,0,0,0,0,11,32,0,46,0
19-01 17:40:43,54.830,7.477,36.387,0,0,1598420,971188,171448,5190748,48806.304,37957.025,0,311.033,0,30.904,11957,18694,3.200,1.530,0.790,4,0,29.907,0,0,11,30,0,46,1
19-01 17:40:44,76.231,16.049,7.272,0.251,0,1519632,1049928,171472,5190772,14991.503,9832.845,0,433.315,0,43.131,6497,6950,3.200,1.530,0.790,6,0,91.277,0,0,11,28,0,46,0
19-01 17:40:45,70.722,7.247,21.741,0,0,1611104,958404,171476,5190820,24571.242,20249.958,0,183.927,0,10.996,4731,4563,3.200,1.530,0.790,1,0,0,0,0,11,32,0,46,0
19-01 17:40:46,56.729,6.747,36.236,0,0,1610964,958152,171476,5191212,51021.809,39317.211,0,151.943,0,10.996,9992,17508,3.270,1.570,0.810,3,0,0,0,0,11,31,0,47,0
19-01 17:40:47,66.310,17.015,15.264,0,0,1450860,1118172,171480,5191292,31439.602,21694.736,0,168.153,0,9.008,8590,11098,3.270,1.570,0.810,5,0,239.218,0,0,11,28,0,50,0
19-01 17:40:48,77.443,9.243,12.741,0,0,1600804,968204,171484,5191308,18722.164,9263.155,0,147.891,0,7.994,4768,2490,3.270,1.570,0.810,4,0,20.984,0,0,11,31,0,49,0
19-01 17:40:49,58.977,5.998,34.736,0.250,0,1612896,955868,171492,5191540,45555.044,35178.134,0,111.956,0,7.997,9288,14048,3.270,1.570,0.810,3,0,0,0,0,11,31,0,50,0
19-01 17:40:50,75.578,14.265,9.510,0,0,1544408,1024192,171504,5191692,23386.283,12537.018,0,320.333,0,34.035,6610,7841,3.270,1.570,0.810,6,0,112.116,0,0,11,28,0,51,0
19-01 17:40:51,71.076,9.227,19.203,0,0,1612264,956292,171512,5191728,22946.968,14787.891,0,195.523,0,11.971,4752,3439,3.330,1.610,0.830,4,0,15.961,0,0,11,31,0,51,0
19-01 17:40:52,67.499,13.000,18.750,0,0,1606092,962388,171532,5191780,25564.736,19738.796,0,395.996,0,37.000,6606,9153,3.330,1.610,0.830,5,0,119.999,0,0,11,30,0,51,0
19-01 17:40:53,66.044,9.506,23.766,0.250,0,1593996,974280,171536,5191940,38345.596,28381.945,0,272.182,0,24.016,6661,9477,3.330,1.610,0.830,6,0,62.041,0,0,11,32,0,52,1
19-01 17:40:54,73.438,11.990,13.988,0,0,1587800,980396,171540,5192012,22155.366,15509.955,0,1606.649,0,18.984,6306,7408,3.330,1.610,0.830,3,0,126.893,0,0,11,33,0,55,0
19-01 17:40:55,77.699,10.527,11.780,0,0,1585084,982952,171548,5192164,18317.813,12984.182,0,168.430,0,10.026,5271,4456,3.330,1.610,0.830,4,0,43.110,0,0,11,33,0,56,0
19-01 17:40:56,67.483,11.953,19.921,0,0,1619300,948668,171556,5192224,27972.254,19904.197,0,143.432,0,8.965,5927,6807,3.300,1.630,0.840,5,0,67.732,0,0,11,34,0,55,0
19-01 17:40:57,61.195,11.035,27.337,0.251,0,1522020,1045872,171576,5192272,27120.257,18818.854,0,557.774,0,66.211,6052,6964,3.300,1.630,0.840,4,0,138.440,0,0,11,34,0,57,0
19-01 17:40:58,54.048,12.761,32.529,0.250,0,1572176,995700,171584,5192280,16351.469,8787.776,0,400.354,0,36.032,5301,4443,3.300,1.630,0.840,4,0,120.106,0,0,11,33,0,59,0
19-01 17:40:59,55.186,8.740,35.709,0,0,1604972,962700,171588,5192480,20401.413,12906.079,0,219.746,0,16.980,4967,4489,3.300,1.630,0.840,1,0,75.912,0,0,11,34,0,60,0
19-01 17:41:00,53.371,9.477,35.664,0,0,1544028,1023452,171588,5192668,24472.058,16844.429,0,3691.110,0,160.613,5624,7882,3.300,1.630,0.840,4,0,68.834,0,0,11,32,0,60,1
19-01 17:41:01,55.194,9.283,35.625,0,0,1530608,1036844,171588,5192692,18547.116,10349.335,0,521.832,0,53.187,4579,3907,3.280,1.650,0.850,2,0,43.151,0,0,11,34,0,61,0
19-01 17:41:02,42.871,6.979,49.102,0.249,0,1531256,1036128,171588,5192760,58238.562,16153.340,0,187.435,0,10.967,4731,5145,3.280,1.650,0.850,3,0,85.742,0,0,11,34,0,62,0
19-01 17:41:03,31.018,9.506,57.784,0,0,1426004,1141340,171592,5192796,49958.498,10328.098,0,404.239,0,36.021,5530,6382,3.280,1.650,0.850,2,0,135.080,0,0,11,32,0,64,0
19-01 17:41:04,39.950,5.493,53.183,0,0,1486508,1080828,171592,5192804,13938.539,6464.901,0,151.810,0,9.987,2972,2030,3.280,1.650,0.850,2,0,0.999,0,0,11,33,0,64,0
19-01 17:41:05,33.308,5.510,60.605,0,0,1421160,1146048,171592,5192932,21016.422,13579.534,0,188.326,0,14.024,4859,5743,3.280,1.650,0.850,2,0,34.059,0,0,11,33,0,58,0
19-01 17:41:06,39.490,9.747,50.237,0,0,1493376,1073808,171596,5192948,10551.196,3981.942,0,131.965,0,9.997,3611,2405,3.170,1.660,0.860,2,0,103.972,0,0,11,33,0,59,0
19-01 17:41:07,34.325,5.512,59.881,0.251,0,1479696,1087336,171596,5193096,18275.975,11415.970,0,376.824,0,28.061,4095,3829,3.170,1.660,0.860,4,0,49.107,0,0,11,33,0,60,0
19-01 17:41:08,36.730,7.746,54.221,0,0,1485732,1081140,171600,5193248,11932.550,7096.164,0,259.860,0,21.988,4318,4351,3.170,1.660,0.860,2,0,15.991,0,0,11,32,0,61,0
19-01 17:41:09,34.165,4.239,60.599,0,0,1527672,1039176,171600,5193272,20558.921,12975.761,0,171.574,0,9.975,3418,3330,3.170,1.660,0.860,1,0,0,0,0,11,34,0,60,0
19-01 17:41:10,35.598,6.518,56.907,0.251,0,1463172,1103616,171620,5193308,19240.922,12132.370,0,320.883,0,33.091,5189,5948,3.170,1.660,0.860,2,0,43.119,0,0,11,32,0,62,0
19-01 17:41:11,40.386,6.232,52.851,0.249,0,1538724,1028040,171636,5193316,13966.702,6484.754,0,2153.939,0,131.630,3435,2746,3,1.650,0.860,2,0,4.986,0,0,11,33,0,62,0
19-01 17:41:12,33.839,3.509,61.663,0.251,0,1548544,1018176,171636,5193360,21649.191,15936.098,0,220.583,0,13.034,4787,5847,3,1.650,0.860,1,0,0,0,0,11,33,0,63,0
19-01 17:41:13,20.452,14.715,63.849,0,0,1444376,1122232,171640,5193464,13056.199,4705.898,0,259.388,0,23.944,4756,4418,3,1.650,0.860,1,0,281.336,0,0,11,32,0,63,0
19-01 17:41:14,17.998,2.750,77.993,0,0,1477800,1088676,171640,5193592,14241.808,6672.442,0,147.988,0,6.999,1843,1476,3,1.650,0.860,2,0,1.000,0,0,11,33,0,63,0
19-01 17:41:15,16.294,5.014,78.212,0.251,0,1451272,1115180,171640,5193616,12137.935,7235.633,0,236.642,0,23.063,3896,4430,3,1.650,0.860,2,0,79.215,0,0,11,32,0,64,0
19-01 17:41:16,16.741,10.494,71.712,0,0,1443444,1122996,171644,5193624,5740.966,1619.144,0,187.901,0,12.993,3492,2617,2.840,1.640,0.860,1,0,204.892,0,0,11,32,0,64,0
19-01 17:41:17,18.201,1.745,79.036,0,0,1441392,1125044,171644,5193628,15141.009,7163.606,0,0,0,0,1934,1502,2.840,1.640,0.860,3,0,0,0,0,11,33,0,57,0
19-01 17:41:18,18.263,5.504,75.304,0,0.250,1369292,1197108,171660,5193648,12504.887,6684.751,0,332.236,0,19.014,3979,4347,2.840,1.640,0.860,2,0,46.033,0,0,11,32,0,58,0
19-01 17:41:19,19.234,2.248,77.933,0,0,1423248,1143152,171660,5193648,10493.001,3905.650,0,0,0,0,1666,1077,2.840,1.640,0.860,0,0,0,0,0,11,33,0,58,0
19-01 17:41:20,18.265,3.002,77.562,0,0,1412288,1154076,171664,5193676,17324.938,10725.629,0,2425.952,0,130.105,4141,4853,2.840,1.640,0.860,1,0,0,0,0,11,33,0,58,0
19-01 17:41:21,13.274,13.775,71.128,0.250,0,1333596,1232604,171672,5193828,12290.046,4359.821,0,196.352,0,22.040,5359,4928,2.690,1.630,0.860,2,0,322.579,0,0,11,32,0,54,0
19-01 17:41:22,29.443,16.219,53.646,0.250,0,1422164,1143976,171708,5193848,8094.323,1562.973,0,447.134,0,28.944,5019,3844,2.690,1.630,0.860,2,0,304.410,0,0,11,32,0,56,0
19-01 17:41:23,43.309,6.008,48.065,1.252,0,1515544,1048036,171884,5196056,6250.458,1622.195,0,5255.111,0,409.554,4437,4772,2.690,1.630,0.860,2,0,23.031,0,0,11,36,0,56,0
19-01 17:41:24,38.048,8.261,42.304,11.264,0,1522940,1033728,172920,5201456,9316.848,1622.063,0,44364.417,0,3764.788,19520,30480,2.690,1.630,0.860,6,0,116.148,0,0,11,36,0,56,0
19-01 17:41:25,39.793,8.207,42.777,7.959,0,1503952,1051600,173392,5202048,7660.073,1611.600,0,34902.078,0,2884.963,16895,22812,2.690,1.630,0.860,4,0,40.787,0,0,11,32,0,54,0
19-01 17:41:26,49.493,9.044,40.198,1.005,0,1532264,1023224,173432,5202068,6044.718,1519.470,0,11275.434,0,639.142,5511,18568,2.640,1.630,0.870,2,0,36.178,0,0,11,32,0,55,0
19-01 17:41:27,40.513,7.252,43.014,8.003,0,1537552,1017212,173672,5202544,9320.061,1620.532,0,23055.571,0,2872.943,17865,26501,2.640,1.630,0.870,3,0,1.000,0,0,11,34,0,55,0
19-01 17:41:28,29.901,7.725,60.052,1.246,0,1459696,1094940,173748,5202596,7662.731,1614.675,0,6554.386,0,473.439,5104,5071,2.640,1.630,0.870,1,0,100.668,0,0,11,32,0,55,0
19-01 17:41:29,22.265,4.253,73.050,0.500,0,1525112,1029508,173760,5202596,9143.313,1715.184,0,1685.164,0,83.057,2233,1787,2.640,1.630,0.870,1,0,2.001,0,0,11,32,0,49,0
19-01 17:41:30,23.250,2.750,72.500,0.500,0,1512820,1041712,173828,5202616,7208.971,1565.994,0,6763.972,0,346.999,2821,2544,2.640,1.630,0.870,1,0,1.000,0,0,11,32,0,49,0
19-01 17:41:31,21.747,3.999,73.240,0.250,0,1536640,1017876,173836,5202620,7570.915,1619.768,0,551.921,0,92.987,2046,1344,2.500,1.620,0.870,1,0,2.000,0,0,11,32,0,49,0
19-01 17:41:32,23.498,3.000,72.995,0.250,0,1520952,1033552,173836,5202632,43354.912,1619.885,0,1943.862,0,189.986,2239,1227,2.500,1.620,0.870,1,0,1.000,0,0,11,32,0,49,0
19-01 17:41:33,22.249,3.750,73.497,0,0,1533476,1021028,173836,5202632,41546.344,1619.935,0,8.000,0,2.000,1853,1212,2.500,1.620,0.870,1,0,2.000,0,0,11,32,0,47,0
19-01 17:41:34,22.735,2.998,73.700,0,0,1502820,1051596,173844,5202704,6285.756,1618.907,0,0,0,0,1829,1247,2.500,1.620,0.870,1,0,1.999,0,0,11,32,0,47,0
19-01 17:41:35,22.011,3.502,74.036,0,0,1519068,1035348,173844,5202704,8185.011,1512.741,0,0,0,0,1808,1148,2.500,1.620,0.870,1,0,2.001,0,0,11,32,0,47,0
19-01 17:41:36,22.508,3.501,73.528,0,0,1488836,1065488,173852,5202784,8836.328,1620.610,0,220.083,0,2.001,1811,1188,2.380,1.610,0.870,1,0,1.000,0,0,11,32,0,47,0
19-01 17:41:37,22.252,3.500,73.257,0.250,0,1464188,1090096,173868,5202812,10064.000,1566.156,0,456.045,0,35.003,2054,1627,2.380,1.610,0.870,1,0,1.000,0,0,11,32,0,41,0
19-01 17:41:38,22.235,3.747,73.451,0,0,1499680,1054592,173868,5202824,8422.376,1618.919,0,0,0,0,1782,1163,2.380,1.610,0.870,1,0,1.999,0,0,11,32,0,41,0
19-01 17:41:39,22.262,3.252,73.540,0,0,1471932,1082312,173868,5202844,5895.232,1620.889,0,4.002,0,1.001,1728,1115,2.380,1.610,0.870,1,0,1.001,0,0,11,32,0,41,0
19-01 17:41:40,22.752,3.250,74.007,0,0,1482948,1071268,173868,5202872,9796.965,1620.160,0,0,0,0,1767,1077,2.380,1.610,0.870,1,0,1.000,0,0,11,32,0,41,0
19-01 17:41:41,21.752,3.500,73.256,0,0,1487484,1066732,173868,5202872,10645.932,1620.142,0,0,0,0,1855,1297,2.270,1.600,0.870,1,0,2.000,0,0,11,32,0,37,0
19-01 17:41:42,19.006,7.252,73.275,0,0,1473400,1080672,173876,5202984,10690.635,1620.551,0,88.030,0,2.001,2852,1903,2.270,1.600,0.870,2,0,104.035,0,0,11,32,0,37,0
19-01 17:41:43,8.501,21.752,68.506,0,0,1461372,1092616,173876,5203036,7025.602,1620.139,0,968.083,0,11.001,6312,4784,2.270,1.600,0.870,2,0,515.044,0,0,11,32,0,37,0
19-01 17:41:44,8.768,20.792,69.642,0,0.251,1438264,1115544,173876,5203208,9755.841,1623.301,0,276.562,0,6.012,5891,4317,2.270,1.600,0.870,2,0,391.797,0,0,11,32,0,37,0
19-01 17:41:45,9.726,18.455,70.327,0,0,1439136,1114644,173876,5203236,7449.668,1454.421,0,23.941,0,2.993,5423,4001,2.270,1.600,0.870,1,0,363.106,0,0,11,32,0,37,0
19-01 17:41:46,22.234,3.248,73.948,0,0,1501192,1052604,173876,5203220,7183.905,1618.852,0,535.620,0,106.924,1826,1214,2.170,1.590,0.870,2,0,0,0,0,11,32,0,37,0
19-01 17:41:47,22.514,3.252,73.046,0,0,1480324,1073432,173896,5203236,6483.067,1621.017,0,468.294,0,27.017,2129,1662,2.170,1.590,0.870,2,0,3.002,0,0,11,32,0,37,0
19-01 17:41:48,22.006,3.751,73.772,0.250,0,1515516,1038244,173912,5203216,9839.895,1620.477,0,292.086,0,15.004,1958,1320,2.170,1.590,0.870,2,0,2.001,0,0,11,32,0,37,0
19-01 17:41:49,22.793,2.505,73.888,0,0,1504656,1049080,173912,5203236,9000.860,1623.040,0,20.038,0,1.002,1749,1090,2.170,1.590,0.870,2,0,1.002,0,0,11,32,0,37,0
19-01 17:41:50,22.502,3.250,74.007,0,0,1525648,1028100,173912,5203224,10291.032,1620.162,0,0,0,0,1885,1243,2.170,1.590,0.870,2,0,2.000,0,0,11,32,0,31,0
19-01 17:41:51,21.955,3.243,73.850,0,0,1502752,1050984,173912,5203236,8693.339,1616.716,0,23.951,0,3.992,1823,1138,2.080,1.580,0.870,2,0,0.998,0,0,11,32,0,31,0
19-01 17:41:52,22.248,3.250,73.494,0,0,1510896,1042860,173912,5203216,9391.284,1661.873,0,0,0,0,1892,1221,2.080,1.580,0.870,2,0,2.000,0,0,11,32,0,31,0
19-01 17:41:53,22.498,3.000,73.994,0,0,1484416,1069320,173912,5203236,6860.404,1619.859,0,195.983,0,3.000,1764,1155,2.080,1.580,0.870,2,0,1.000,0,0,11,32,0,31,0
19-01 17:41:54,22.232,3.497,73.439,0,0,1522240,1031504,173912,5203228,5842.154,1564.702,0,63.947,0,1.998,1806,1283,2.080,1.580,0.870,2,0,2.998,0,0,11,32,0,27,0
19-01 17:41:55,22.271,3.253,73.819,0,0,1480144,1073588,173912,5203240,5276.953,1513.421,0,12.011,0,1.001,1682,1100,2.080,1.580,0.870,3,0,1.001,0,0,11,32,0,27,0
19-01 17:41:56,22.254,3.501,73.763,0,0,1504644,1049112,173912,5203216,10426.873,1620.291,0,0,0,0,1779,1126,1.990,1.570,0.870,1,0,2.000,0,0,11,32,0,27,0
19-01 17:41:57,22.747,3.000,73.240,0,0,1479056,1074656,173924,5203248,6734.103,1619.784,0,455.939,0,34.995,2056,1635,1.990,1.570,0.870,1,0,1.000,0,0,11,32,0,27,0
19-01 17:41:58,22.253,3.500,73.509,0,0,1522860,1030940,173924,5203160,9498.222,1620.208,0,2144.276,0,19.002,1864,1229,1.990,1.570,0.870,2,0,2.000,0,0,11,32,0,20,0
19-01 17:41:59,23.249,3.750,72.498,0,0,1483424,1070252,173924,5203248,8922.733,1619.952,0,87.997,0,1.000,1878,1238,1.990,1.570,0.870,2,0,7.000,0,0,11,32,0,20,0
19-01 17:42:00,22.483,3.247,73.943,0,0,1463012,1090664,173924,5203248,12607.283,1618.752,0,11.991,0,0.999,1831,1269,1.990,1.570,0.870,2,0,0.999,0,0,11,32,0,20,0
19-01 17:42:01,22.017,3.753,73.806,0,0,1503500,1050196,173924,5203228,10973.262,1621.221,0,0,0,0,1785,1172,1.910,1.560,0.880,1,0,2.002,0,0,11,32,0,20,0
19-01 17:42:02,23.251,2.500,73.753,0,0,1467328,1086344,173924,5203252,41202.558,1620.061,0,20.001,0,1.000,1815,1230,1.910,1.560,0.880,2,0,1.000,0,0,11,32,0,15,0
19-01 17:42:03,22.752,3.000,73.757,0,0,1491640,1062032,173924,5203252,40170.956,1458.144,0,88.009,0,4.000,1758,1186,1.910,1.560,0.880,1,0,1.000,0,0,11,32,0,15,0
19-01 17:42:04,20.999,4.250,73.747,0,0,1503388,1050296,173924,5203240,9335.643,1619.938,0,71.997,0,2.000,1848,1280,1.910,1.560,0.880,2,0,3.000,0,0,11,32,0,15,0
19-01 17:42:05,20.018,7.257,72.316,0,0,1488196,1065448,173924,5203280,7506.863,1621.482,0,52.048,0,3.003,2653,1814,1.910,1.560,0.880,2,0,109.100,0,0,11,32,0,15,0
19-01 17:42:06,13.480,14.978,70.145,0,0,1473820,1079800,173924,5203304,9156.292,1617.578,0,183.725,0,7.988,4843,3805,1.840,1.550,0.880,1,0,350.475,0,0,11,32,0,11,0
19-01 17:42:07,23.258,2.501,73.526,0.250,0,1488432,1065176,173924,5203316,8405.014,1620.581,0,132.047,0,9.003,1871,1395,1.840,1.550,0.880,1,0,0,0,0,11,32,0,11,0
19-01 17:42:08,22.748,2.750,73.494,0,0,1498088,1055248,173928,5203560,9280.240,1619.867,0,935.923,0,104.991,2160,1324,1.840,1.550,0.880,1,0,8.999,0,0,11,32,0,11,0
19-01 17:42:09,23.805,3.759,73.169,0,0,1528896,1024436,173928,5203564,9182.263,1623.760,0,8.019,0,2.005,2008,1131,1.840,1.550,0.880,1,0,25.058,0,0,11,32,0,11,0
19-01 17:42:10,8.985,21.713,67.885,0.250,0,1515132,1038056,173928,5203708,8746.220,1617.267,39.933,119.798,1.997,4.992,6164,4641,1.840,1.550,0.880,1,0,477.194,0,0,11,32,0,8,0
19-01 17:42:11,8.008,22.522,68.567,0,0,1497920,1055232,173928,5203740,10146.865,1459.419,0,248.241,0,5.005,6524,5025,1.850,1.560,0.880,1,0,524.510,0,0,11,32,0,8,0
19-01 17:42:12,8.251,22.252,68.007,0,0,1474996,1078132,173928,5203764,8238.837,1662.169,0,532.054,0,7.001,6303,4808,1.850,1.560,0.880,2,0,501.051,0,0,11,32,0,8,0
19-01 17:42:13,8.507,22.268,68.055,0,0,1449772,1103288,173928,5203832,5625.507,1621.299,0,1329.065,0,16.013,6266,4824,1.850,1.560,0.880,1,0,512.411,0,0,11,32,0,8,0
19-01 17:42:14,8.242,22.978,68.184,0,0,1438088,1114944,173928,5203852,10026.304,1618.435,0,1194.845,0,12.987,6256,4646,1.850,1.560,0.880,2,0,483.532,0,0,11,32,0,5,0
19-01 17:42:15,8.005,20.763,70.043,0,0,1437820,1115176,173928,5203884,5541.378,1663.014,0,448.273,0,9.005,5955,4338,1.850,1.560,0.880,1,0,410.250,0,0,11,32,0,5,0
19-01 17:42:16,7.490,21.970,69.407,0,0,1430132,1122836,173928,5203912,9411.333,1617.823,0,191.742,0,6.991,5993,4372,1.700,1.530,0.880,1,0,420.434,0,0,11,32,0,5,0
19-01 17:42:17,8.015,23.042,68.374,0,0,1417928,1134984,173936,5203960,7348.332,1622.944,0,841.527,0,105.191,6910,5580,1.700,1.530,0.880,1,0,563.021,0,0,11,32,0,5,0
19-01 17:42:18,9.988,19.975,68.665,0,0,1336224,1216660,173952,5203972,5710.956,1687.918,0,607.251,0,36.954,6163,4932,1.700,1.530,0.880,2,0,469.421,0,0,11,32,0,3,0
19-01 17:42:19,35.808,29.298,33.805,0.501,0,1428108,1124700,173976,5204024,9627.637,1568.548,0,1057.718,0,64.104,7281,6663,1.700,1.530,0.880,3,0,763.240,0,0,11,32,0,9,0
19-01 17:42:20,65.105,9.479,24.446,0.249,0,1624204,927160,174060,5205348,9002.936,1562.518,0,183.591,0,5.987,3938,1711,1.700,1.530,0.880,4,0,1.996,0,0,11,32,0,9,0
19-01 17:42:21,53.277,10.005,24.763,10.505,0,1612252,927604,175004,5214760,9328.787,1566.804,372.191,61807.714,3.002,4181.145,22663,31817,1.890,1.570,0.890,2,1,100.051,0,0,11,36,0,10,0
19-01 17:42:22,39.058,12.519,31.296,14.772,0,1661532,866812,175628,5225244,8642.799,1622.403,0,75908.414,0,5550.219,28403,40441,1.890,1.570,0.890,1,1,152.225,0,0,11,36,0,8,0
19-01 17:42:23,42.744,9.249,31.996,13.748,0.250,1675588,842392,176060,5234792,11032.570,6660.136,0,90496.266,0,6886.107,30576,43796,1.890,1.570,0.890,2,0,50.993,0,0,11,37,0,8,0
19-01 17:42:24,43.008,16.003,30.006,10.002,0,1634784,876104,176560,5241092,14105.599,5861.080,0,62023.430,0,4434.817,23754,33487,1.890,1.570,0.890,3,0,294.054,0,0,11,34,0,9,0
19-01 17:42:25,45.503,17.751,23.502,12.501,0,1659292,842664,176880,5249676,7873.543,1620.112,372.026,56163.873,6.000,4010.277,22016,33773,1.890,1.570,0.890,3,1,195.013,0,0,11,34,0,9,0
19-01 17:42:26,45.491,16.747,26.745,8.998,0,1684416,813496,177228,5252844,17538.461,9889.004,1407.716,36093.717,21.996,3096.375,17143,35048,1.980,1.600,0.910,3,2,228.954,0,0,11,35,0,9,0
19-01 17:42:27,30.252,9.501,44.003,13.501,0.250,1674740,819740,177304,5256076,20770.637,12359.974,356.028,69957.514,5.000,5217.411,25716,40140,1.980,1.600,0.910,2,1,97.008,0,0,11,35,0,9,0
19-01 17:42:28,36.916,9.479,41.406,10.975,0,1593516,901464,177572,5255300,13145.213,2080.286,0,48649.761,0,4142.613,20637,29889,1.980,1.600,0.910,3,1,50.885,0,0,11,34,0,9,0
19-01 17:42:29,33.324,6.765,44.098,13.530,0,1614612,879288,177856,5256060,13794.586,6661.771,0,60806.822,0,4912.893,22846,33627,1.980,1.600,0.910,1,1,39.087,0,0,11,35,0,9,0
19-01 17:42:30,36.746,6.999,44.995,10.499,0,1605356,886324,177956,5258136,17968.829,10096.780,0,52829.617,0,4461.461,24295,34628,1.980,1.600,0.910,4,0,35.996,0,0,11,35,0,9,0
19-01 17:42:31,34.634,9.219,43.106,10.216,0,1521680,967276,177996,5260768,16058.346,8294.287,0,44981.707,0,4067.410,22567,34025,2.060,1.620,0.920,3,1,133.554,0,0,11,36,0,10,0
19-01 17:42:32,36.086,9.022,40.346,12.279,0,1568420,916636,178128,5264428,42437.349,1623.878,0,61053.809,0,5107.197,25145,36752,2.060,1.620,0.920,4,1,57.136,0,0,11,36,0,10,0
19-01 17:42:33,30.033,8.259,48.052,12.013,0,1573416,908560,178232,5267312,49783.049,9837.681,0,65018.591,0,5214.662,25800,38300,2.060,1.620,0.920,1,1,81.088,0,0,11,37,0,10,0
19-01 17:42:34,30.489,7.497,47.233,11.746,0,1570660,908108,178292,5270344,18076.667,12753.532,0,64065.556,0,5135.201,26905,41005,2.060,1.620,0.920,2,1,75.973,0,0,11,36,0,10,0
19-01 17:42:35,37.007,10.252,39.758,12.252,0,1597252,886892,178312,5264952,9396.801,1686.323,0,46680.945,0,4334.831,21964,33206,2.060,1.620,0.920,3,1,45.009,0,0,11,36,0,10,0
19-01 17:42:36,38.264,5.252,46.768,8.003,0,1598064,885128,178336,5265880,14077.315,6663.516,0,44268.714,0,3400.284,17098,24506,2.050,1.630,0.920,2,0,39.015,0,0,11,35,0,12,0
19-01 17:42:37,19.702,9.227,69.330,0.499,0,1502120,980860,178340,5266088,21524.156,12605.053,0,1548.199,0,92.772,5878,7390,2.050,1.630,0.920,1,0,211.481,0,0,11,33,0,12,0
19-01 17:42:38,17.493,6.497,74.471,0.250,0,1455480,1027480,178340,5266108,12033.245,5729.736,0,911.640,0,51.979,3435,3507,2.050,1.630,0.920,1,0,54.978,0,0,11,32,0,13,0
19-01 17:42:39,19.297,2.506,77.941,0,0,1480836,1002148,178340,5266116,14318.151,6677.393,0,1062.609,0,45.111,2258,2139,2.050,1.630,0.920,1,0,1.002,0,0,11,33,0,13,0
19-01 17:42:40,19.711,3.493,75.102,0.250,0,1397996,1084968,178344,5266132,13467.503,5360.454,0,2970.156,0,173.658,3561,3987,2.050,1.630,0.920,1,0,33.933,0,0,11,32,0,14,0
19-01 17:42:41,21.240,3.498,74.964,0,0,1449436,1033524,178344,5266136,7342.512,3081.536,0,0,0,0,1727,1123,1.970,1.620,0.920,0,0,0,0,0,11,33,0,14,0
19-01 17:42:42,15.028,3.256,79.898,0.250,0,1412600,1070352,178344,5266144,15552.854,6890.784,0,228.424,0,22.041,2825,2731,1.970,1.620,0.920,1,0,34.063,0,0,11,32,0,15,0
19-01 17:42:43,21.509,5.002,72.779,0.500,0,1462848,1020100,178344,5266148,8034.189,1566.622,0,4629.838,0,242.096,2854,2728,1.970,1.620,0.920,1,0,26.010,0,0,11,32,0,15,0
19-01 17:42:44,17.462,2.245,79.079,0.499,0,1458828,1023764,178344,5266504,14504.547,10531.164,0,4733.735,0,247.463,3403,4068,1.970,1.620,0.920,0,0,0.998,0,0,11,33,0,15,0
19-01 17:42:45,18.749,6.250,73.745,0.250,0,1415968,1066604,178344,5266524,10759.268,3067.791,0,255.983,0,19.999,2632,2367,1.970,1.620,0.920,1,0,42.997,0,0,11,32,0,16,0
19-01 17:42:46,18.207,2.744,78.067,0,0,1440172,1042268,178344,5266656,21495.554,6748.163,0,167.607,0,12.970,2046,1598,1.810,1.590,0.920,1,0,0,0,0,11,33,0,16,0
19-01 17:42:47,15.572,4.521,78.361,0.251,0,1417896,1064528,178344,5266672,16372.431,7340.821,0,225.037,0,23.106,4076,4510,1.810,1.590,0.920,2,0,53.245,0,0,11,32,0,17,0
19-01 17:42:48,8.005,23.763,67.038,0,0,1418640,1063628,178344,5266828,9844.535,1620.911,0,180.101,0,11.006,6468,5051,1.810,1.590,0.920,2,0,569.320,0,0,11,34,0,17,0
19-01 17:42:49,60.748,13.000,25.999,0,0,1536604,945448,178356,5267032,24621.374,1705.957,0,959.976,0,63.998,5456,3524,1.810,1.590,0.920,3,0,177.995,0,0,11,32,0,23,0
19-01 17:42:50,67.218,7.996,23.989,0,0,1704364,774896,178360,5269648,11419.646,1619.241,0,1867.125,0,50.976,4039,1676,1.810,1.590,0.920,3,0,0,0,0,11,32,0,23,0
19-01 17:42:51,64.226,6.498,26.240,2.499,0,1791944,681568,178496,5274724,7208.307,1619.395,0,13115.099,0,822.693,6794,5844,1.910,1.610,0.930,5,0,29.989,0,0,11,38,0,23,0
19-01 17:42:52,39.517,9.754,36.516,12.005,0,1794280,665216,178576,5288200,22263.733,1662.727,0,85657.446,0,6442.817,32463,50944,1.910,1.610,0.930,3,1,255.112,0,0,11,38,0,23,0
19-01 17:42:53,34.746,9.749,39.996,13.499,0,1793416,656172,178612,5297696,9473.988,1619.827,0,107248.546,0,7942.152,34884,56041,1.910,1.610,0.930,2,1,209.978,0,0,11,38,0,23,0
19-01 17:42:54,41.758,12.002,31.006,12.752,0,1687068,752732,178672,5307128,12223.356,1458.281,0,97494.795,0,6667.285,29598,45884,1.910,1.610,0.930,1,2,256.049,0,0,11,36,0,23,0
19-01 17:42:55,47.938,10.237,28.463,13.233,0,1740340,689732,178704,5316492,23291.083,1789.701,0,77069.007,0,5505.928,27246,38263,1.910,1.610,0.930,2,0,75.903,0,0,11,36,0,23,0
19-01 17:42:56,40.056,9.263,34.548,13.519,0,1787324,630764,178744,5327972,7133.013,1622.277,0,89409.505,0,5898.279,28261,40614,2.470,1.740,0.970,1,1,18.025,0,0,11,36,0,23,0
19-01 17:42:57,46.723,10.994,28.983,11.493,0,1753672,659748,178768,5332424,5756.630,1619.052,0,79693.349,0,6025.473,29047,41955,2.470,1.740,0.970,4,0,175.897,0,0,11,36,0,23,0
19-01 17:42:58,29.496,11.498,57.243,2.250,0,1441356,971604,178768,5332876,10939.567,1619.788,0,11110.544,0,951.875,8282,9051,2.470,1.740,0.970,2,0,223.971,0,0,11,32,0,23,0
19-01 17:42:59,21.959,4.991,70.866,0.499,0,1445136,967780,178768,5332884,7449.922,1616.945,0,6375.952,0,366.308,3377,3101,2.470,1.740,0.970,1,0,46.911,0,0,11,32,0,23,0
19-01 17:43:00,23.249,2.750,73.496,0,0,1510308,902608,178768,5332884,9217.466,1619.906,0,4.000,0,1.000,1798,1164,2.470,1.740,0.970,1,0,2.000,0,0,11,32,0,23,0
19-01 17:43:01,22.554,4.260,72.173,0.501,0,1473012,939896,178768,5332892,12475.964,1623.900,0,5497.203,0,317.763,3603,3289,2.360,1.720,0.970,1,0,27.065,0,0,11,32,0,23,0
19-01 17:43:02,22.695,2.993,73.324,0.249,0,1470408,942500,178768,5332892,45982.436,1562.244,0,103.751,0,9.976,1975,1266,2.360,1.720,0.970,1,0,0.998,0,0,11,32,0,23,0
19-01 17:43:03,23.506,2.751,73.520,0,0,1509744,903024,178768,5333032,43947.754,1620.433,0,128.034,0,16.004,2038,1499,2.360,1.720,0.970,1,0,2.001,0,0,11,34,0,23,0
19-01 17:43:04,15.541,26.319,56.648,0.251,0,1451292,961440,178776,5333060,6550.101,1515.958,0,665.738,0,41.107,6180,5379,2.360,1.720,0.970,3,0,726.898,0,0,11,32,0,23,0
19-01 17:43:05,9.989,29.469,58.937,0,0,1447788,964888,178776,5333112,5952.686,1618.283,0,247.737,0,20.978,7142,6026,2.360,1.720,0.970,2,0,817.133,0,0,11,32,0,23,0
19-01 17:43:06,7.987,21.215,69.634,0,0,1436652,975940,178776,5333192,8722.435,1617.299,0,259.567,0,14.975,6082,4540,2.250,1.710,0.970,3,0,435.273,0,0,11,32,0,23,0
19-01 17:43:07,10.028,20.558,68.191,0,0,1395860,1016684,178776,5333232,8462.729,1624.555,0,641.800,0,128.360,6155,4553,2.250,1.710,0.970,1,0,414.161,0,0,11,32,0,23,0
19-01 17:43:08,17.652,14.420,66.133,0,0,1402088,1010420,178776,5333244,8638.127,1611.071,0,11.934,0,2.983,6275,7823,2.250,1.710,0.970,1,0,227.738,0,0,11,32,0,23,0
19-01 17:43:09,44.118,11.531,44.620,0,0,1482932,929412,178784,5333768,7457.986,1624.353,0,48.129,0,3.008,3799,2677,2.250,1.710,0.970,2,0,131.352,0,0,11,33,0,23,0
19-01 17:43:10,44.233,6.248,48.731,0,0,1571168,841208,178784,5333844,8742.586,1619.368,0,0,0,0,2796,1495,2.250,1.710,0.970,2,0,1.999,0,0,11,37,0,23,0
19-01 17:43:11,45.630,5.265,48.889,0.251,0,1648112,762892,178860,5335136,11470.652,1570.470,0,1464.168,0,142.405,4013,2889,2.230,1.720,0.980,2,0,17.049,0,0,11,49,0,22,0
19-01 17:43:12,24.464,15.976,58.414,0.250,0,1668040,739844,178864,5337856,6365.610,1659.552,0,515.240,0,15.976,8137,11206,2.230,1.720,0.980,1,0,328.515,0,0,11,48,0,23,0
19-01 17:43:13,18.226,11.235,69.160,0,0,1672564,735228,178864,5337904,5830.374,1617.884,0,291.619,0,23.969,5660,7963,2.230,1.720,0.980,0,0,165.783,0,0,11,48,0,23,0
19-01 17:43:14,0.750,0.750,97.728,0,0,1672560,735228,178864,5337908,10888.494,1619.627,0,319.926,0,18.996,928,1129,2.230,1.720,0.980,0,0,3.999,0,0,11,48,0,23,0
19-01 17:43:15,0.750,0.750,97.762,0.250,0,1672564,735228,178864,5337908,9145.168,1554.198,0,664.085,0,77.010,894,956,2.230,1.720,0.980,0,0,2.000,0,0,11,48,0,23,0
19-01 17:43:16,0.250,0.500,98.496,0,0,1672564,735228,178864,5337908,11257.508,1619.929,0,0,0,0,771,987,2.050,1.690,0.980,0,0,2.000,0,0,11,48,0,23,0
19-01 17:43:17,1.505,0.752,96.553,0.502,0,1672560,735228,178864,5337900,7405.205,1625.092,0,4943.491,0,322.009,1540,1233,2.050,1.690,0.980,3,0,8.025,0,0,11,48,0,23,0
19-01 17:43:18,16.216,15.218,67.858,0,0,1713600,694008,178864,5338476,9043.065,1616.615,0,0,0,0,6066,7522,2.050,1.690,0.980,1,0,272.430,0,0,11,48,0,23,0
19-01 17:43:19,12.771,14.524,71.871,0,0,1686972,720636,178864,5338044,7543.674,1568.635,0,4.007,0,1.002,4685,4514,2.050,1.690,0.980,1,0,271.456,0,0,12,48,0,23,0
19-01 17:43:20,16.754,18.505,63.517,0,0,1684180,723196,178864,5338664,6377.670,1858.487,0,996.261,0,10.003,6975,8077,2.050,1.690,0.980,3,0,313.082,0,0,12,50,0,17,0
19-01 17:43:21,12.213,9.970,76.022,0.249,0,1678324,728960,178864,5338356,8995.010,1615.154,0,490.528,0,41.874,3901,3999,2.040,1.690,0.980,0,0,193.420,0,0,12,64,0,17,0
19-01 17:43:22,9.753,12.003,77.022,0,0,1683252,724008,178864,5338820,7829.273,1620.471,0,0,0,0,4457,5025,2.040,1.690,0.980,1,0,204.059,0,0,14,64,0,17,0
19-01 17:43:23,16.789,13.281,68.661,0,0,1683372,723848,178864,5338408,5694.393,1623.819,0,192.453,0,18.042,5997,6771,2.040,1.690,0.980,1,0,278.655,0,0,14,66,0,17,0
19-01 17:43:24,8.999,20.497,69.491,0,0,1679428,727752,178868,5338444,9198.784,1511.800,0,391.948,0,27.996,5987,4554,2.040,1.690,0.980,1,0,386.949,0,0,14,66,0,16,0
19-01 17:43:25,17.212,16.463,65.105,0,0,1685720,721428,178868,5338828,8073.053,1658.314,0,1692.238,0,13.969,6776,8187,2.040,1.690,0.980,1,0,261.419,0,0,14,66,0,16,0
19-01 17:43:26,31.078,22.556,45.614,0,0,1736796,670332,178876,5338492,10911.267,1624.058,0,228.571,0,8.020,6463,14426,2.040,1.700,0.990,2,0,472.180,0,0,14,66,0,17,0
19-01 17:43:27,30.452,22.964,45.429,0,0,1829100,577792,178920,5338680,8019.456,1563.554,0,195.694,0,4.992,6866,5525,2.040,1.700,0.990,3,0,575.100,0,0,14,66,0,17,0
19-01 17:43:28,32.220,24.727,41.961,0,0,1930860,474568,178956,5340436,5614.734,1618.482,0,71.933,0,13.987,7509,9854,2.040,1.700,0.990,2,0,448.579,0,0,14,70,0,17,0
19-01 17:43:29,54.538,19.514,26.268,0.250,0,2001292,404088,178964,5340460,9511.616,1715.193,0,632.440,0,3.002,5651,5588,2.040,1.700,0.990,6,0,320.223,0,0,14,70,0,17,0
19-01 17:43:30,67.391,24.460,6.739,0,0,2133400,271320,178980,5341408,9639.374,1707.232,0,31.948,0,7.987,5993,7361,2.040,1.700,0.990,4,0,536.131,0,0,14,70,0,17,0
19-01 17:43:31,73.867,18.279,8.013,0,0,2222764,181332,179016,5341544,5871.283,1846.920,32.051,1021.615,3.005,15.024,5755,7388,2.200,1.740,1,5,0,285.451,0,0,14,70,1,17,0
19-01 17:43:32,63.297,26.269,6.004,4.003,0,2307776,169372,174472,5274724,44190.591,1695.250,300.221,5315.921,46.034,271.200,7101,7627,2.200,1.740,1,4,0,496.366,0,0,14,74,1,16,0
19-01 17:43:33,76.294,19.511,2.501,2.001,0,2452708,162000,172836,5141756,41264.003,1694.986,304.177,8833.138,48.028,856.498,9510,14078,2.200,1.740,1,7,0,176.102,0,0,14,74,1,16,0
19-01 17:43:34,67.622,26.200,2.994,1.747,0,2558696,195372,172204,5006500,9538.901,1582.996,1321.493,32366.587,79.848,2389.466,18260,27122,2.200,1.740,1,7,0,432.180,0,0,14,76,1,16,0
19-01 17:43:35,69.780,20.509,8.754,0.750,0,2623520,127036,172308,5009728,7860.400,1640.710,232.100,4157.798,10.004,284.123,9414,17093,2.200,1.740,1,5,0,210.091,0,0,14,78,1,20,0
19-01 17:43:36,61.646,24.308,12.530,0.501,0,2750264,197720,171792,4817280,6624.694,1698.023,376.893,1254.973,31.074,71.169,8734,12135,2.260,1.760,1.010,3,0,527.249,0,0,14,93,1,26,0
19-01 17:43:37,44.490,25.994,27.994,1.000,0,2846180,169816,171792,4750992,11136.512,1619.638,83.981,10305.698,9.998,467.895,9646,12705,2.260,1.760,1.010,2,0,503.887,0,0,14,93,1,26,0
19-01 17:43:38,49.742,14.248,34.495,1.250,0,2950280,133460,171796,4684872,8479.718,1693.744,1991.699,863.869,22.997,42.993,5215,5602,2.260,1.760,1.010,3,1,197.970,0,0,14,95,1,26,0
19-01 17:43:39,56.447,9.449,32.575,0.746,0,3070884,144780,171804,4555504,8780.813,1611.341,99.465,4603.263,6.963,233.744,5189,7777,2.260,1.760,1.010,2,0,8.952,0,0,14,98,1,29,0
19-01 17:43:40,17.548,16.044,65.180,0.501,0,3086684,195608,171820,4490220,9613.478,1714.723,0,1074.961,0,93.257,5948,5247,2.260,1.760,1.010,2,0,301.831,0,0,14,101,1,26,0
19-01 17:43:41,8.263,19.530,70.357,0.250,0.250,3094144,188108,171820,4490260,9142.846,1622.457,0,6822.331,0,358.543,6860,5697,2.080,1.730,1.010,1,0,353.535,0,0,14,101,1,26,0
19-01 17:43:42,9.988,18.228,70.664,0,0,3120180,162040,171820,4490292,7366.017,1638.002,0,115.859,0,9.988,5402,4013,2.080,1.730,1.010,1,0,336.590,0,0,14,101,1,26,0
19-01 17:43:43,19.981,3.996,74.930,0.500,0,3169940,177976,171820,4426144,8840.763,3586.658,7.993,0,0.999,0,1778,1154,2.080,1.730,1.010,1,0,0,0,0,14,102,1,26,0
19-01 17:43:44,19.305,2.507,77.220,0,0,3091692,256300,171820,4426068,30458.791,21972.610,8.023,188.537,2.006,14.040,2806,2817,2.080,1.730,1.010,1,0,2.006,0,0,14,103,1,26,0
19-01 17:43:45,19.955,6.735,72.088,0.249,0,3156128,191848,171820,4426084,8521.810,1616.360,0,259.416,0,16.962,2603,1836,2.080,1.730,1.010,1,0,62.858,0,0,14,105,1,26,0
19-01 17:43:46,16.517,2.503,80.334,0.250,0,3170716,177244,171820,4426100,13855.540,8114.515,0,248.261,0,33.035,2401,2434,1.990,1.720,1.010,1,0,3.003,0,0,14,115,1,26,0
19-01 17:43:47,23.966,4.743,69.652,0.749,0,3166580,179776,171836,4427644,9673.420,1617.729,1250.245,2496.495,35.950,166.766,4597,5738,1.990,1.720,1.010,1,0,2.996,0,0,14,117,1,26,0
19-01 17:43:48,23.820,6.770,67.197,1.254,0,3145336,200728,171836,4427936,9809.711,2771.110,84.247,1175.440,5.015,135.396,5110,6256,1.990,1.720,1.010,2,0,77.226,0,0,14,116,1,26,0
19-01 17:43:49,30.513,8.503,60.025,0.250,0,3254824,157312,171840,4363460,8814.624,1620.666,8.003,1664.684,2.001,108.044,3679,3080,1.990,1.720,1.010,2,0,38.016,0,0,14,120,1,26,0
19-01 17:43:50,20.184,2.492,75.503,0.249,0,3265004,147048,171840,4363544,14293.190,8156.288,3.987,797.389,0.997,65.785,2997,3095,1.990,1.720,1.010,1,0,2.990,0,0,14,125,1,26,0
19-01 17:43:51,20.567,4.766,73.240,0.752,0,3276812,135216,171844,4363564,8036.331,3691.094,0,967.169,0,102.335,4296,5551,1.910,1.700,1.010,2,0,6.020,0,0,14,129,1,26,0
19-01 17:43:52,40.119,11.213,47.594,0.249,0,3342844,132080,171724,4302272,7444.675,2846.699,0,972.821,0,78.743,4182,3109,1.910,1.700,1.010,2,0,96.684,0,0,14,128,1,22,0
19-01 17:43:53,34.974,4.746,59.456,0,0,3381324,156840,171724,4240768,16249.850,7893.098,179.866,463.653,0.999,25.981,2775,1766,1.910,1.700,1.010,1,0,0,0,0,14,129,1,22,0
19-01 17:43:54,19.501,6.000,73.004,0.250,0,3360044,178104,171724,4240784,25712.446,17481.983,0,1932.109,0,113.006,2778,2282,1.910,1.700,1.010,1,0,56.003,0,0,14,128,1,23,0
19-01 17:43:55,18.246,2.000,78.984,0,0,3384836,153296,171724,4240800,30763.803,23785.209,7.998,63.987,2.000,6.999,1972,1598,1.910,1.700,1.010,1,0,0,0,0,14,129,1,23,0
19-01 17:43:56,20.031,6.510,72.864,0,0,3418424,119688,171724,4240820,7903.389,1754.751,0,96.151,0,8.013,2369,1680,1.840,1.690,1.010,1,0,51.080,0,0,14,128,1,24,0
19-01 17:43:57,15.479,2.247,81.638,0,0,3434756,165992,171724,4179768,15186.169,8092.899,3.995,47.934,0.999,3.995,1628,1214,1.840,1.690,1.010,1,0,0,0,0,14,130,1,24,0
19-01 17:43:58,19.271,8.009,70.577,1.001,0,3414344,186324,171736,4179836,9306.196,2771.036,12.013,5642.181,3.003,629.690,4943,4499,1.840,1.690,1.010,1,0,82.090,0,0,14,128,1,25,0
19-01 17:43:59,24.988,3.998,68.966,0.250,0,3456124,144464,171736,4179916,11473.355,7340.388,19.990,455.776,1.999,36.982,6003,9419,1.840,1.690,1.010,1,0,34.983,0,0,14,137,1,27,0
19-01 17:44:00,19.301,6.016,74.196,0,0,3470528,130044,171736,4179932,22794.173,18246.167,0,256.678,0,16.042,2588,1923,1.840,1.690,1.010,1,0,55.146,0,0,14,136,1,28,0
19-01 17:44:01,18.948,2.244,78.037,0,0,3459692,140876,171736,4179936,14886.436,7365.928,0,271.261,0,15.957,1910,1437,1.770,1.680,1.010,1,0,0,0,0,14,137,1,28,0
19-01 17:44:02,21.736,4.247,70.454,1.999,0,3455296,144992,171736,4180216,43916.404,2558.334,15.990,2014.688,0.999,291.810,5884,8490,1.770,1.680,1.010,2,0,0.999,0,0,14,138,1,28,0
19-01 17:44:03,22.247,7.249,67.991,1.000,0,3414384,185812,171740,4180304,44848.268,2697.655,47.994,11246.563,3.000,592.924,6122,7230,1.770,1.680,1.010,1,0,52.993,0,0,14,137,1,30,0
19-01 17:44:04,18.569,2.509,77.789,0.251,0,3450312,149880,171740,4180308,12974.159,7369.354,0,441.639,0,22.082,1863,1394,1.770,1.680,1.010,1,0,1.004,0,0,14,138,1,30,0
19-01 17:44:05,18.753,2.750,77.011,0.500,0,3447140,153032,171744,4180324,15442.275,5944.876,0,820.121,0,80.012,3352,3968,1.770,1.680,1.010,1,0,1.000,0,0,14,138,1,30,0
19-01 17:44:06,29.947,5.740,61.641,0.499,0,3446296,153832,171744,4180368,6981.709,1617.153,0,1273.758,0,121.786,8786,13470,1.790,1.690,1.010,5,0,0.998,0,0,14,138,1,30,0
19-01 17:44:07,27.215,6.741,65.416,0,0,3404476,195448,171744,4180572,6652.421,2555.704,0,866.882,0,83.892,5083,6231,1.790,1.690,1.010,1,0,68.911,0,0,14,139,1,31,0
19-01 17:44:08,18.256,2.001,78.277,0.500,0,3431184,168736,171744,4180576,15917.545,8031.798,0,2572.896,0,283.099,2321,1507,1.790,1.690,1.010,1,0,0,0,0,14,141,1,31,0
19-01 17:44:09,16.742,8.746,72.716,0.750,0,3415760,184136,171748,4180612,13283.754,4843.722,0,1119.474,0,122.942,4718,5426,1.790,1.690,1.010,1,0,146.931,0,0,14,141,1,32,0
19-01 17:44:10,19.219,2.746,77.626,0.250,0,3465152,134724,171748,4180632,9009.656,4001.629,0,858.633,0,47.924,1866,1403,1.790,1.690,1.010,1,0,0,0,0,14,142,1,32,0
19-01 17:44:11,18.532,2.254,76.881,0.250,0,3457508,142332,171756,4180660,20252.605,10753.374,0,777.328,0,64.110,4640,6777,1.650,1.660,1.010,3,1,0,0,0,14,142,1,32,0
19-01 17:44:12,27.002,6.251,65.256,0.500,0,3455604,144200,171756,4180696,7511.695,1458.135,0,1268.117,0,139.013,7271,10745,1.650,1.660,1.010,1,0,0,0,0,14,142,1,32,0
19-01 17:44:13,39.605,14.037,43.615,1.003,0,3440984,158416,171756,4181084,11659.838,3284.687,60.159,2362.248,7.019,205.544,14910,23687,1.650,1.660,1.010,3,0,183.485,0,0,14,141,1,32,0
19-01 17:44:14,29.666,8.227,56.838,4.737,0,3450312,148992,171756,4181148,7807.787,2032.218,15.955,7055.926,0.997,427.783,5387,6403,1.650,1.660,1.010,2,0,106.696,0,0,14,141,1,32,0
19-01 17:44:15,18.015,2.252,79.064,0.250,0,3446680,152616,171756,4181156,13121.586,9083.328,0,264.213,0,11.009,1958,1551,1.650,1.660,1.010,1,0,6.005,0,0,14,141,1,33,0
19-01 17:44:16,10.522,20.042,68.893,0,0,3422160,177092,171756,4181200,8757.168,1873.888,0,240.499,0,13.027,6054,4593,1.600,1.650,1.010,2,0,387.805,0,0,14,141,1,33,0
19-01 17:44:17,12.717,17.205,67.574,0,0,3422312,176920,171760,4181216,8785.142,1615.796,0,259.325,0,15.958,6170,6267,1.600,1.650,1.010,1,0,309.196,0,0,14,141,1,33,0
19-01 17:44:18,26.578,18.304,54.160,0,0,3456572,142640,171764,4181244,6146.123,1624.791,0,204.603,0,13.038,6920,7217,1.600,1.650,1.010,2,0,362.068,0,0,14,141,1,33,0
19-01 17:44:19,31.164,23.435,44.377,0.249,0,3452016,208396,171772,4121412,9427.832,1685.322,27.922,347.037,2.992,24.931,6335,5130,1.600,1.650,1.010,2,0,450.749,0,0,14,141,1,33,0
19-01 17:44:20,32.326,15.787,51.872,0.251,0,3519352,140908,171776,4121968,7124.783,1623.825,44.104,457.077,5.012,33.078,7282,9289,1.600,1.650,1.010,4,0,239.564,0,0,16,147,1,33,0
19-01 17:44:21,58.746,26.748,13.999,0,0,3669880,160876,171580,3955484,9253.397,1619.894,111.993,607.960,8.999,47.997,8233,14102,1.710,1.670,1.020,3,0,572.963,0,0,16,153,1,33,0
19-01 17:44:22,58.784,22.013,18.511,0,0,3760388,149440,171548,3877408,6844.938,1458.839,24.014,388.223,3.002,28.016,7167,8684,1.710,1.670,1.020,4,0,334.192,0,0,16,169,1,33,0
19-01 17:44:23,41.740,21.995,35.491,0,0,3823664,138988,171552,3824724,6667.389,1619.609,0,555.866,0,16.996,8015,10712,1.710,1.670,1.020,3,0,393.905,0,0,16,169,1,33,0
19-01 17:44:24,28.749,23.749,45.999,0,0,3886296,120388,171556,3781472,11023.752,1709.962,0,347.992,0,15.000,6742,5567,1.710,1.670,1.020,1,0,540.988,0,0,17,169,1,33,2
19-01 17:44:25,17.946,16.450,64.056,0,0,3886756,172492,171328,3730392,6966.847,1615.096,11.964,466.583,2.991,33.897,6352,8374,1.710,1.670,1.020,1,0,274.168,0,0,17,169,1,33,2
19-01 17:44:26,34.090,23.311,41.860,0.501,0,3942812,170220,171328,3677380,12677.352,1624.273,204.538,332.876,12.032,27.071,6933,16735,2.050,1.740,1.040,3,0,455.198,0,0,17,169,1,34,2
19-01 17:44:27,37.717,20.232,40.964,0,0,4005396,160624,171332,3626164,6589.182,1688.509,11.989,231.795,1.998,16.985,6937,9219,2.050,1.740,1.040,14,0,367.675,0,0,17,169,1,34,2
19-01 17:44:28,37.793,22.025,38.293,0.501,0,4091792,132420,171340,3568908,9579.793,1621.827,172.194,5097.743,6.007,204.230,7849,9041,2.050,1.740,1.040,2,0,457.515,0,0,17,183,1,34,0
19-01 17:44:29,29.256,25.755,43.259,1.000,0,4148100,163224,171344,3483848,7200.501,1714.357,28.006,364.076,4.001,23.005,7057,6073,2.050,1.740,1.040,2,0,601.125,0,0,17,183,1,31,0
19-01 17:44:30,18.746,23.995,56.738,0.500,0,4184308,164048,171344,3447724,5738.739,1619.644,15.996,687.849,3.999,57.987,8174,9797,2.050,1.740,1.040,2,0,454.900,0,0,17,195,1,32,0
19-01 17:44:31,20.689,14.457,63.313,0,0,4202964,145320,171344,3447744,5563.575,1527.491,3.988,677.998,0.997,34.897,6676,8382,1.970,1.730,1.040,3,0,206.391,0,0,17,195,1,32,0
19-01 17:44:32,42.132,12.038,45.141,0.752,0,4323288,118808,171344,3355516,43912.573,1699.324,461.446,441.383,9.028,40.126,4385,3355,1.970,1.730,1.040,2,0,118.371,0,0,17,211,1,32,0
19-01 17:44:33,44.699,7.991,44.948,1.249,0,4408576,189276,171344,3202212,43101.348,1692.051,187.784,11558.685,8.990,847.024,5009,2239,1.970,1.730,1.040,3,0,2.997,0,0,17,211,1,32,0
19-01 17:44:34,30.269,4.503,58.537,5.503,0,4360340,237068,171352,3202808,8555.364,1827.146,36.023,488.306,4.003,23.014,3185,2675,1.970,1.730,1.040,2,0,38.024,0,0,17,216,1,32,0
19-01 17:44:35,34.004,24.253,39.504,0.750,0,4394480,201188,171356,3204512,7612.834,1694.186,940.103,352.039,11.001,37.004,8702,10546,1.970,1.730,1.040,3,0,566.062,0,0,17,217,1,32,0
19-01 17:44:36,37.129,24.919,36.132,1.246,0,4435504,194760,171360,3170836,16833.178,9662.531,1243.949,737.598,22.925,52.828,7360,9282,2.690,1.880,1.100,5,0,455.516,0,0,17,226,1,32,0
19-01 17:44:37,61.003,19.001,18.501,0.750,0,4501244,146464,171372,3154220,8370.464,2385.132,140.008,972.054,7.000,23.001,6426,7799,2.690,1.880,1.100,3,0,238.013,0,0,17,228,1,33,0
19-01 17:44:38,63.423,13.788,18.801,3.510,0,4652492,142196,171376,3010168,13601.189,9599.247,1692.628,485.327,35.096,25.069,5077,4295,2.690,1.880,1.100,2,0,24.066,0,0,17,241,1,23,0
19-01 17:44:39,48.333,10.713,19.931,19.682,0,4602332,222492,171420,2981876,9496.272,4708.772,5441.247,1355.329,351.788,56.804,5905,5797,2.690,1.880,1.100,5,0,28.900,0,0,17,242,1,24,0
19-01 17:44:40,55.222,14.559,22.591,7.530,0,4703356,152628,171476,2951144,10655.848,3441.840,1076.328,1413.685,127.513,108.436,6488,8305,2.690,1.880,1.100,5,0,189.763,0,0,17,244,1,29,0
19-01 17:44:41,28.510,24.759,45.266,0.500,0,4687948,165556,171480,2953936,17076.930,10565.669,136.047,10307.579,8.003,78.027,8493,10104,2.800,1.920,1.110,1,0,493.171,0,0,17,243,1,30,0
19-01 17:44:42,48.151,20.458,30.438,0,0,4735496,116624,171480,2954964,10244.969,1616.681,3.992,351.279,0.998,16.965,6301,7233,2.800,1.920,1.110,4,0,270.445,0,0,17,243,1,26,0
19-01 17:44:43,49.105,26.557,24.051,0,0,4760104,172192,171484,2876928,16617.383,11724.966,20.043,845.801,5.011,55.117,7414,8323,2.800,1.920,1.110,3,0,505.075,0,0,17,248,1,26,0
19-01 17:44:44,61.235,19.167,16.429,1.991,0,4793264,135736,171500,2880112,10239.620,2740.124,1154.994,3114.501,51.776,255.891,8438,12404,2.800,1.920,1.110,8,0,230.003,0,0,17,250,1,29,0
19-01 17:44:45,53.737,26.366,19.586,0,0,4851920,147012,171500,2812064,13139.932,9474.773,20.089,626.763,4.018,40.177,7374,7923,2.800,1.920,1.110,3,0,526.320,0,0,17,252,1,29,0
19-01 17:44:46,52.848,20.940,23.432,1.745,0.249,4845428,193104,171516,2773260,9823.655,4705.423,670.067,1025.042,38.888,63.816,8041,14637,2.810,1.940,1.120,6,0,236.318,0,0,17,259,1,30,0
19-01 17:44:47,65.512,21.504,12.502,0,0,4980024,205060,171120,2629468,11301.990,7411.305,540.095,312.055,11.002,17.003,7290,16713,2.810,1.940,1.120,4,0,185.033,0,0,17,260,1,30,0
19-01 17:44:48,55.478,8.247,34.237,1.250,0,5000444,215808,171124,2598840,21167.684,12593.053,519.796,859.662,20.992,37.985,4654,3651,2.810,1.940,1.120,2,1,11.995,0,0,17,262,1,32,0
19-01 17:44:49,54.921,9.736,29.208,5.742,0,5126120,121476,171124,2568212,10265.141,6018.288,1661.595,786.861,86.874,71.896,5994,7611,2.810,1.940,1.120,2,0,10.984,0,0,17,269,1,35,0
19-01 17:44:50,50.940,19.977,26.219,1.748,0,5036616,245992,171292,2533912,21790.431,11090.986,962.870,3204.240,29.965,196.769,7558,8486,2.810,1.940,1.120,7,0,308.638,0,0,17,269,1,35,0
19-01 17:44:51,46.249,27.397,22.119,3.519,0,5084176,194384,171416,2538048,9903.276,3683.817,4427.820,1619.713,64.346,85.460,7791,9208,2.830,1.950,1.130,3,0,495.666,0,0,17,270,1,35,0
19-01 17:44:52,51.745,19.155,27.614,0.498,0,5098876,179496,171420,2538224,20130.627,10548.926,891.599,1249.830,16.916,45.774,7067,9319,2.830,1.950,1.130,6,0,203.993,0,0,18,269,1,36,0
19-01 17:44:53,82.550,14.964,0.499,1.496,0,5166592,145948,171420,2504964,8507.416,1616.090,1233.017,690.330,63.846,45.889,6389,5643,2.830,1.950,1.130,6,0,130.684,0,0,18,276,1,37,0
19-01 17:44:54,68.488,11.834,9.316,10.072,0,5275056,131312,171424,2413616,14549.626,9747.424,3335.758,6546.627,188.341,712.072,7417,6167,2.830,1.950,1.130,3,0,14.100,0,0,18,279,1,35,0
19-01 17:44:55,77.238,12.998,7.249,3.000,0,5288752,147984,171456,2384144,14664.672,4476.289,1259.800,1611.744,38.994,118.981,7081,8681,2.830,1.950,1.130,3,0,90.986,0,0,18,280,1,37,0
19-01 17:44:56,40.087,11.951,46.063,0.498,0,5347632,146024,171460,2329332,16421.319,8412.838,848.554,9138.890,11.951,52.786,4851,3897,2.680,1.940,1.130,2,0,143.418,0,0,18,286,1,37,0
19-01 17:44:57,35.101,10.029,53.655,0.501,0,5309288,215340,171468,2299476,25395.392,8939.836,569.646,714.064,9.026,57.165,4408,4625,2.680,1.940,1.130,3,0,14.041,0,0,18,291,1,38,0
19-01 17:44:58,46.055,7.259,45.555,0,0,5346668,164452,171468,2312968,14052760.072,100362.126,512.614,372.446,4.005,23.028,8280,3933,2.680,1.940,1.130,2,0,7.008,0,0,18,291,1,36,0
19-01 17:44:59,38.183,15.972,42.675,1.997,0,5278260,259432,171472,2287428,2547371.582,23238.264,2803.086,17553.230,31.944,860.492,7963,5899,2.680,1.940,1.130,2,0,272.522,0,0,18,293,1,37,0
19-01 17:45:00,41.989,5.499,50.737,0.250,0,5394304,143468,171472,2287412,14655.239,7234.144,0,439.887,0,40.989,3617,2705,2.680,1.940,1.130,2,0,1.000,0,0,18,296,1,37,0
19-01 17:45:01,29.279,3.754,65.064,0.500,0.250,5405256,131612,171476,2288316,39980.630,819993.811,448.445,796.790,26.026,81.080,5389,6761,2.550,1.920,1.130,1,0,4.004,0,0,18,299,1,39,1
19-01 17:45:02,7.226,3.489,86.717,0,0,5333676,203180,171476,2288328,428858.022,15540414.907,3.987,1220.012,0.997,33.889,4001,2318,2.550,1.920,1.130,0,0,36.879,0,0,18,299,1,37,0
19-01 17:45:03,2.000,0.500,96.499,0.250,0,5333928,202928,171476,2288328,43486.394,1619.977,0,371.995,0,16.000,1286,1692,2.550,1.920,1.130,0,0,0,0,0,18,299,1,37,0
19-01 17:45:04,3.248,1.499,92.207,0.500,0,5334640,202188,171480,2288352,597987.835,8342.133,3.998,1695.214,1.000,95.956,2168,2653,2.550,1.920,1.130,2,0,1.000,0,0,18,304,1,37,0
19-01 17:45:05,24.864,4.018,69.821,0.502,0,5289448,231184,171488,2304492,16001012.305,109734.935,96.443,743.414,5.023,82.378,9762,10912,2.550,1.920,1.130,1,0,4.018,0,0,18,303,1,41,0
19-01 17:45:06,10.744,18.740,68.463,0.999,0,5303944,216620,171488,2304624,4887.360,1565.154,59.968,343.814,3.998,26.985,6230,5670,2.420,1.910,1.130,1,0,464.749,0,0,18,303,1,39,0
19-01 17:45:07,24.133,3.234,71.404,0,0,5342820,177740,171488,2304628,7235.979,1727.638,0,390.112,0,29.856,2449,2116,2.420,1.910,1.130,2,0,0.995,0,0,18,305,1,39,0
19-01 17:45:08,9.301,19.357,70.137,0,0,5315672,204848,171488,2304668,10129.852,1628.982,0,16394.392,0,56.310,6153,4947,2.420,1.910,1.130,1,0,361.996,0,0,18,305,1,39,0
19-01 17:45:09,7.223,16.189,74.717,0.498,0,5306292,214176,171488,2304720,9881.606,1506.300,15.940,737.210,0.996,48.815,5403,4583,2.420,1.910,1.130,0,0,307.835,0,0,18,305,1,39,0
19-01 17:45:10,4.252,2.751,91.297,0,0,5308932,211536,171488,2304720,5891.046,1620.838,0,136.070,0,11.006,1468,1836,2.420,1.910,1.130,1,0,9.005,0,0,18,305,1,37,0
19-01 17:45:11,22.651,2.987,73.428,0.249,0,5361096,159364,171488,2304728,10766.855,3574.349,0,207.093,0,26.882,2469,2240,2.310,1.890,1.130,0,0,0,0,0,18,306,1,37,0
19-01 17:45:12,16.325,5.274,76.853,0,0,5293684,226692,171488,2304812,15240.985,8637.663,64.295,0,4.018,0,3203,2908,2.310,1.890,1.130,1,0,79.364,0,0,18,309,1,38,0
19-01 17:45:13,12.287,17.051,69.961,0.251,0,5280164,239880,171492,2305108,8741.303,1624.889,16.048,0,4.012,0,5496,4255,2.310,1.890,1.130,1,0,213.643,0,0,18,309,1,38,0
19-01 17:45:14,11.991,16.488,69.948,0.500,0,5281620,238244,171492,2305260,7794.162,1564.828,0,1386.961,0,146.890,5761,4379,2.310,1.890,1.130,1,0,218.836,0,0,18,309,1,37,0
19-01 17:45:15,21.006,7.252,68.768,1.500,0,5328044,191628,171492,2305452,9256.424,1690.443,20.005,484.127,2.001,58.015,3915,3611,2.310,1.890,1.130,1,0,95.025,0,0,18,315,1,37,0
19-01 17:45:16,23.928,3.240,71.534,0.498,0,5388364,131308,171492,2305452,7646.939,1615.129,103.687,470.581,0.997,37.886,2458,2056,2.200,1.880,1.130,1,0,0,0,0,18,315,1,37,0
19-01 17:45:17,24.082,2.258,71.746,0.753,0,5285976,264408,171492,2275656,6619.670,1625.567,301.031,200.687,12.041,25.086,2761,2526,2.200,1.880,1.130,1,0,9.031,0,0,18,315,1,37,0
19-01 17:45:18,23.655,3.735,71.961,0.498,0,5341104,209240,171492,2275696,5589.571,1505.957,23.904,442.226,4.980,27.888,2473,2141,2.200,1.880,1.130,1,0,0,0,0,18,315,1,36,0
19-01 17:45:19,21.835,4.518,72.283,0,0,5386968,163376,171492,2275696,10091.477,1869.313,0,116.456,0,11.043,2504,2091,2.200,1.880,1.130,0,0,3.012,0,0,18,317,2,36,0
19-01 17:45:20,11.959,1.246,85.208,0,0,5390860,159332,171492,2275848,25693.944,20253.589,0,111.617,0,12.956,2673,2901,2.200,1.880,1.130,1,0,1.993,0,0,18,321,1,38,0
19-01 17:45:21,22.503,4.501,70.761,0.250,0.250,5366540,183648,171492,2275852,9411.400,1620.241,0,288.043,0,24.004,2759,2519,2.110,1.860,1.130,1,0,16.002,0,0,18,315,1,38,0
19-01 17:45:22,24.996,2.500,71.239,0.250,0,5382736,167452,171492,2275852,10137.440,1565.759,0,2015.690,0,126.980,2550,2227,2.110,1.860,1.130,1,0,0,0,0,18,315,1,38,0
19-01 17:45:23,12.039,16.303,70.982,0.251,0.251,5374380,175624,171500,2276012,9876.286,1625.313,393.286,453.482,5.016,15.049,5338,4326,2.110,1.860,1.130,2,0,288.945,0,0,18,315,1,38,0
19-01 17:45:24,14.419,13.922,69.611,0.249,0,5373524,176336,171500,2276156,7417.550,1610.998,35.800,688.155,3.978,29.833,5108,4314,2.110,1.860,1.130,3,0,294.355,0,0,18,315,1,38,0
19-01 17:45:25,21.283,3.756,73.866,0.501,0,5384608,164916,171656,2276336,10850.986,2896.534,288.452,544.853,14.022,77.121,2910,2679,2.110,1.860,1.130,1,0,33.052,0,0,18,316,1,38,0
19-01 17:45:26,24.315,4.261,70.689,0.251,0,5367664,175128,172192,2284680,10302.552,2634.044,0,1259.368,0,41.110,2736,5018,2.020,1.850,1.130,4,0,35.094,0,0,18,315,1,38,0
19-01 17:45:27,19.954,3.492,74.578,0,0,5326128,216136,172232,2282856,13304.323,3601.695,0,331.236,0,2.993,2849,6298,2.020,1.850,1.130,1,0,19.954,0,0,18,316,1,38,0
19-01 17:45:28,23.344,3.765,71.789,0.251,0,5335756,199756,172804,2288904,8265.275,2703.886,160.647,963.880,5.020,16.065,5953,9497,2.020,1.850,1.130,1,0,8.032,0,0,18,315,1,38,0
19-01 17:45:29,18.747,3.999,75.740,0,0,5327584,207316,172848,2289452,14560.991,3880.465,23.997,383.947,3.999,3.999,6493,11103,2.020,1.850,1.130,1,0,7.999,0,0,18,316,1,38,0
19-01 17:45:30,22.716,5.741,68.898,0.999,0,5349568,184900,172908,2289828,8222.813,2392.454,19.970,19818.627,1.997,478.291,10840,18593,2.020,1.850,1.130,1,0,16.975,0,0,18,316,1,38,0
19-01 17:45:31,21.769,5.505,71.813,0.250,0,5301052,245184,172988,2278160,9423.242,1869.635,0,812.711,0,28.025,2795,2324,1.940,1.830,1.120,1,0,33.029,0,0,18,315,1,37,0
19-01 17:45:32,16.011,12.508,70.547,0,0,5332060,214156,172988,2278180,42614.447,1695.132,0,8.005,0,2.001,4547,3837,1.940,1.830,1.120,1,0,235.157,0,0,18,315,1,37,0
19-01 17:45:33,20.423,1.993,75.716,0,0,5349088,196944,172988,2278364,42355.274,3928.279,0,0,0,0,2129,1682,1.940,1.830,1.120,0,0,0,0,0,18,316,1,37,0
19-01 17:45:34,18.250,7.000,73.251,0.250,0,5301056,244924,172988,2278416,17838.131,9738.072,36.000,0,3.000,0,3709,3193,1.940,1.830,1.120,2,0,113.001,0,0,18,315,1,40,0
19-01 17:45:35,23.486,4.497,70.458,0.250,0,5365336,180604,172992,2278452,7299.686,1693.000,31.981,1151.320,0.999,40.976,2918,2865,1.940,1.830,1.120,1,0,0.999,0,0,18,315,1,40,0
19-01 17:45:36,17.801,4.764,76.719,0.501,0,5338132,207780,172992,2278480,14678.989,10201.180,0,1163.328,0,210.602,3457,3276,1.860,1.820,1.120,1,0,73.209,0,0,18,315,1,41,0
19-01 17:45:37,22.457,3.992,72.111,0.250,0,5391536,154376,172992,2278480,10002.760,3077.081,0,191.631,0,15.969,2436,2190,1.860,1.820,1.120,1,0,0.998,0,0,18,318,1,41,0
19-01 17:45:38,19.024,5.257,74.593,0,0,5332800,213060,172992,2278532,19690.550,13253.524,32.040,216.270,2.002,15.019,3553,3161,1.860,1.820,1.120,1,0,56.070,0,0,18,317,1,42,0
19-01 17:45:39,25.958,5.242,67.641,0,0,5383432,162304,172992,2278656,9729.316,1617.393,0,407.343,0,26.957,4135,5166,1.860,1.820,1.120,1,0,0.998,0,0,18,317,1,41,0
19-01 17:45:40,19.506,3.251,75.772,0,0,5357888,187808,172992,2278696,18014.257,11870.464,16.005,144.042,1.000,13.004,3268,3112,1.860,1.820,1.120,1,0,32.009,0,0,18,317,1,44,0
19-01 17:45:41,23.247,3.999,71.990,0,0,5415100,130596,172992,2278696,6155.162,1619.780,0,179.976,0,8.999,2294,2003,1.790,1.810,1.120,1,0,0,0,0,18,317,1,44,0
19-01 17:45:42,12.751,1.750,83.507,0,0,5404436,141116,172992,2278840,19588.612,12675.043,0,272.022,0,30.002,2546,2775,1.790,1.810,1.120,2,0,0,0,0,18,317,1,44,1
19-01 17:45:43,22.077,5.770,71.750,0.502,0,5416184,129360,172992,2278848,10024.872,1691.885,0,409.424,0,25.087,2902,2447,1.790,1.810,1.120,1,0,47.164,0,0,18,317,1,38,0
19-01 17:45:44,17.505,2.001,78.772,0,0,5420652,124880,172992,2278860,17789.954,11672.250,0,4.001,0,1.000,2346,2126,1.790,1.810,1.120,1,0,1.000,0,0,18,318,1,40,0
19-01 17:45:45,21.153,6.221,71.172,0,0,5388304,157212,172992,2278876,8820.364,1809.663,0,1286.075,0,122.436,3158,3025,1.790,1.810,1.120,1,0,31.853,0,0,18,317,1,41,0
19-01 17:45:46,18.262,1.751,78.303,0.500,0,5397940,147588,172992,2278884,15482.542,9277.317,0,304.207,0,24.016,2428,2336,1.730,1.790,1.120,0,0,0,0,0,18,318,1,41,0
19-01 17:45:47,15.995,6.998,76.226,0,0,5367336,178168,172992,2278908,14655.461,4787.517,0,367.886,0,35.989,3420,3611,1.730,1.790,1.120,3,0,87.973,0,0,18,319,1,37,0
19-01 17:45:48,20.003,2.500,76.511,0,0,5398352,147148,172992,2278912,13673.996,7345.072,0,204.030,0,13.002,2225,1915,1.730,1.790,1.120,1,0,0,0,0,18,320,1,37,0
19-01 17:45:49,21.048,5.763,72.416,0.251,0,5368276,177124,172992,2279012,23883.679,18239.758,80.184,172.395,5.011,12.028,3092,2818,1.730,1.790,1.120,2,0,47.108,0,0,18,319,1,39,0
19-01 17:45:50,20.455,2.495,75.336,0,0,5395228,150168,172992,2279016,16020.067,7328.021,0,307.330,0,27.939,2488,2353,1.730,1.790,1.120,1,0,0.998,0,0,18,320,1,39,0
19-01 17:45:51,20.494,4.999,73.230,0.500,0,5294992,250232,172992,2279188,11379.943,4835.701,163.956,299.919,10.997,23.994,2978,2841,1.670,1.780,1.120,1,0,14.996,0,0,18,319,1,34,0
19-01 17:45:52,28.741,5.498,64.729,0,0,5373628,171588,172992,2279196,14594.375,7341.673,255.919,187.940,1.999,8.997,2894,2122,1.670,1.780,1.120,2,0,4.998,0,0,18,320,1,34,0
19-01 17:45:53,42.582,8.266,47.842,0.751,0,5373040,170104,172992,2281236,9519.280,3705.115,2596.987,1158.224,75.144,158.304,5953,7558,1.670,1.780,1.120,3,0,13.025,0,0,18,321,1,35,0
19-01 17:45:54,22.473,3.995,72.662,0.250,0,5405840,137296,172992,2281244,11042.561,3079.253,0,511.378,0,31.961,2445,2165,1.670,1.780,1.120,1,0,0.999,0,0,18,322,1,35,0
19-01 17:45:55,16.777,2.003,78.376,1.002,0,5398004,145048,172992,2281328,18533.890,9689.627,48.078,3585.783,2.003,458.740,4197,4446,1.670,1.780,1.120,1,0,0,0,0,18,322,1,32,0
19-01 17:45:56,17.034,13.277,67.134,0.501,0,5378456,164508,172992,2281412,6975.971,2851.711,32.064,3703.417,2.004,248.498,6884,7670,1.620,1.770,1.120,1,0,326.654,0,0,18,321,1,33,0
19-01 17:45:57,8.251,23.253,67.258,0,0,5369496,173440,172992,2281440,5700.712,1620.202,0,604.075,0,51.006,7255,6465,1.620,1.770,1.120,1,0,630.079,0,0,18,321,1,33,0
19-01 17:45:58,8.241,23.225,67.176,0.499,0,5359972,182928,172992,2281476,9364.734,1618.226,0,279.693,0,27.969,7243,6435,1.620,1.770,1.120,2,0,638.300,0,0,18,321,1,33,0
19-01 17:45:59,9.260,23.775,66.320,0,0,5348908,193956,172992,2281512,6761.085,1621.699,0,544.571,0,47.049,7216,6408,1.620,1.770,1.120,1,0,618.648,0,0,18,321,1,30,0
19-01 17:46:00,8.744,21.986,67.707,0,0,5339980,202852,172992,2281544,8974.350,1618.981,0,235.852,0,20.987,7178,6340,1.620,1.770,1.120,2,0,610.616,0,0,18,321,1,30,0
19-01 17:46:01,9.004,21.509,67.530,0,0,5335824,206972,172992,2281580,7085.108,1620.711,0,40.018,0,10.004,7070,6240,1.650,1.770,1.120,3,0,597.262,0,0,18,321,1,30,0
19-01 17:46:02,13.451,13.202,70.244,1.744,0,5330908,211564,172992,2281904,43661.007,1655.970,290.941,31.884,27.898,5.978,5144,4358,1.650,1.770,1.120,2,0,310.868,0,0,18,321,1,30,0
19-01 17:46:03,15.498,9.499,70.740,3.000,0,5312620,336204,173108,2187648,41391.072,1619.768,863.876,2867.589,103.985,24.996,2864,2735,1.650,1.770,1.120,1,0,3.999,0,0,18,321,1,30,0
19-01 17:46:04,23.487,2.499,73.209,0,0,5312856,332692,173108,2190920,6206.536,2694.496,15.991,607.661,2.998,22.987,2541,2207,1.650,1.770,1.120,0,0,16.991,0,0,18,322,1,27,0
19-01 17:46:05,13.507,1.501,81.039,2.751,0,5325964,318876,173108,2191624,22781.028,8810.265,616.298,1716.831,38.018,80.039,2614,2817,1.650,1.770,1.120,0,1,1.000,0,0,18,322,1,27,0
19-01 17:46:06,8.995,1.499,84.206,3.748,0,5322320,321976,173108,2192164,18137.559,8710.466,359.813,5852.953,35.981,199.896,2447,3005,1.510,1.740,1.120,1,0,0.999,0,0,18,322,1,27,0
19-01 17:46:07,12.261,1.752,82.571,2.502,0,5321416,321980,173160,2193008,20144.286,10945.392,436.374,1377.182,44.038,52.045,1969,2002,1.510,1.740,1.120,0,0,0,0,0,18,322,1,27,0
19-01 17:46:08,16.033,1.503,79.665,1.754,0,5344920,297284,173216,2194140,18313.915,7207.922,1030.133,793.643,40.083,26.054,1997,1848,1.510,1.740,1.120,6,0,0,0,0,18,322,1,23,0
19-01 17:46:09,12.973,0.998,83.577,1.497,0,5344088,297032,173236,2195200,23178.926,10817.564,814.311,1345.210,42.911,36.923,1920,2037,1.510,1.740,1.120,1,0,0,0,0,18,322,1,23,0
19-01 17:46:10,14.001,1.500,82.509,1.500,0,5353156,287232,173236,2195924,22980.442,10252.089,468.050,984.105,40.004,30.003,1845,1796,1.510,1.740,1.120,0,0,0,0,0,18,322,1,23,0
19-01 17:46:11,18.494,2.249,73.224,4.249,0,5364188,238344,173636,2233380,9088.813,2417.152,15214.665,1719.397,153.946,48.983,2349,2208,1.470,1.730,1.120,1,0,1.000,0,0,18,322,1,23,0
19-01 17:46:12,24.258,2.751,72.273,0.250,0,5368416,216948,174540,2249324,5641.813,1620.521,0,1676.539,0,43.014,2383,2179,1.470,1.730,1.120,1,0,0,0,0,18,322,1,23,0
19-01 17:46:13,24.248,3.250,70.993,0.500,0,5393300,178684,174872,2262124,8463.196,1619.846,15.998,927.912,1.000,29.997,2760,2549,1.470,1.730,1.120,1,0,0,0,0,18,322,1,23,0
19-01 17:46:14,23.503,2.750,71.758,1.000,0,5378684,170380,175624,2284080,7238.821,1512.172,0,3044.345,0,139.016,2986,2845,1.470,1.730,1.120,1,0,1.000,0,0,18,322,1,23,0
19-01 17:46:15,24.986,2.748,70.461,0.750,0,5376564,145252,176668,2309908,9813.587,1565.137,0,3006.342,0,117.935,3212,3134,1.470,1.730,1.120,1,0,0,0,0,18,322,1,23,0
19-01 17:46:16,23.990,2.999,70.969,1.499,0,5394856,133952,177376,2302224,8900.142,1793.223,0,11119.179,0,469.796,3632,2732,1.430,1.720,1.120,1,0,0,0,0,18,321,1,22,0
19-01 17:46:17,23.105,3.767,72.330,0,0,5389676,139092,177396,2302136,8759.963,1627.424,0,24.110,0,2.009,2472,1964,1.430,1.720,1.120,1,0,19.087,0,0,18,321,1,22,0
19-01 17:46:18,17.994,3.249,77.975,0,0,5367756,154756,177492,2308264,12808.879,3897.746,0,1331.572,0,9.997,2221,1921,1.430,1.720,1.120,1,0,16.995,0,0,18,321,1,22,0
19-01 17:46:19,19.166,2.987,76.416,0,0,5387360,134716,177500,2308676,9989.383,3701.837,0,0,0,0,2407,2168,1.430,1.720,1.120,0,0,17.922,0,0,18,322,1,22,0
19-01 17:46:20,23.569,4.764,69.453,0.251,0,5379208,135684,177972,2314764,9755.572,2634.717,0,1480.336,0,34.100,10758,19568,1.430,1.720,1.120,1,0,12.035,0,0,18,321,1,21,0
19-01 17:46:21,24.040,5.259,69.115,0,0,5362048,152380,178024,2315072,8597.302,1514.519,0,1903.166,0,23.038,10777,19179,1.400,1.700,1.120,1,0,14.023,0,0,18,321,1,21,0
19-01 17:46:22,20.452,5.986,72.082,0.249,0,5342736,184996,178072,2302232,7966.402,1616.227,0,650.481,0,18.956,2503,2131,1.400,1.700,1.120,1,0,10.974,0,0,18,321,1,21,0
19-01 17:46:23,23.010,4.502,71.530,0,0,5328160,199548,178072,2302256,10208.286,1620.680,0,760.319,0,20.008,4765,6284,1.400,1.700,1.120,4,0,54.023,0,0,18,321,1,21,0
19-01 17:46:24,24.203,4.990,68.866,0,0,5368460,159232,178072,2302272,10610.346,1686.717,0,602.827,0,27.946,8644,15093,1.400,1.700,1.120,1,0,20.959,0,0,18,321,1,20,0
19-01 17:46:25,19.010,2.501,76.791,0.500,0,5369344,152220,178072,2308400,14240.521,3847.032,0,992.524,0,40.021,2516,2404,1.400,1.700,1.120,2,0,17.009,0,0,18,321,1,20,0
19-01 17:46:26,19.005,3.001,77.022,0,0,5367300,153852,178072,2308812,15504.433,4486.283,0,700.200,0,27.008,2524,2428,1.290,1.670,1.110,0,0,18.005,0,0,18,322,1,20,0
19-01 17:46:27,28.739,7.497,61.976,0.250,0,5348944,165548,178128,2314912,7230.160,1859.270,0,1047.589,0,23.991,10660,25788,1.290,1.670,1.110,1,0,46.982,0,0,18,321,1,21,0
19-01 17:46:28,23.252,6.251,68.756,0,0,5339600,174412,178128,2315296,6315.541,1620.139,0,608.052,0,14.001,9874,18150,1.290,1.670,1.110,1,0,18.002,0,0,18,321,1,20,0
19-01 17:46:29,20.504,6.251,72.013,0,0,5304992,222260,178136,2302396,8836.602,1606.291,0,544.099,0,15.003,2533,2113,1.290,1.670,1.110,3,0,8.001,0,0,18,321,1,20,0
19-01 17:46:30,24.994,2.749,71.482,0,0,5315548,211852,178136,2302312,10058.419,1619.584,0,539.861,0,7.998,2521,2006,1.290,1.670,1.110,2,0,20.995,0,0,18,321,1,20,0
19-01 17:46:31,21.748,6.249,71.242,0.250,0,5300440,220040,178136,2309296,8937.987,1693.808,0,831.906,0,142.984,3772,3176,1.260,1.660,1.110,1,0,96.989,0,0,18,321,1,20,0
19-01 17:46:32,24.255,2.751,72.015,0,0,5314136,202916,178144,2312652,43076.999,1694.354,0,4.001,0,1.000,2540,2086,1.260,1.660,1.110,1,0,16.003,0,0,18,321,1,20,0
19-01 17:46:33,13.747,1.750,82.483,0.500,0,5330424,186284,178172,2313016,57034.298,9917.965,0,1799.631,0,53.989,2453,2741,1.260,1.660,1.110,1,0,0,0,0,18,322,1,20,0
19-01 17:46:34,11.247,1.749,85.224,1.000,0,5330180,186032,178204,2313472,31194.634,12924.120,0,2039.388,0,77.977,2162,2350,1.260,1.660,1.110,1,0,1.000,0,0,18,322,1,20,0
19-01 17:46:35,11.798,1.506,84.844,0.753,0,5335632,180236,178268,2313732,153917.978,13469.605,0,1562.334,0,80.326,2567,2918,1.260,1.660,1.110,0,0,1.004,0,0,18,323,1,20,0
19-01 17:46:36,17.687,1.744,78.222,0.498,0,5350480,165204,178276,2313892,16375.741,8746.882,0,12184.652,0,110.607,2578,2466,1.160,1.640,1.100,0,0,0.996,0,0,18,323,1,16,0
19-01 17:46:37,14.747,1.750,82.232,0.500,0,5357008,158412,178300,2314132,24710.454,11532.412,0,1343.698,0,38.991,2213,2039,1.160,1.640,1.100,0,0,0,0,0,18,323,1,16,0
19-01 17:46:38,15.242,2.998,79.710,0.750,0,5370796,143848,178476,2314688,332006.261,16471.728,0,1723.135,0,66.966,4281,5332,1.160,1.640,1.100,0,0,0.999,0,0,18,323,1,16,0
19-01 17:46:39,11.761,2.502,83.075,1.501,0,5370572,143372,178736,2314964,100274.491,16635.012,28.025,2482.240,4.004,117.106,2970,3309,1.160,1.640,1.100,1,0,0,0,0,18,323,1,16,0
19-01 17:46:40,15.495,1.000,81.225,0.750,0,5384028,120720,178820,2323952,51989.266,10244.899,103.969,983.702,5.998,29.991,2091,1925,1.160,1.640,1.100,0,0,1.000,0,0,18,323,1,12,0
19-01 17:46:41,8.998,3.249,84.984,1.000,0,5368992,142384,178884,2318144,12069379.769,67061.180,0,12221.664,0,193.963,6058,3386,1.070,1.610,1.100,1,0,2.999,0,0,18,323,1,12,0
19-01 17:46:42,12.500,2.500,80.997,2.000,0,5371256,120224,179024,2337832,5735522.407,34529.720,163.994,13463.501,4.000,81.997,3657,3284,1.070,1.610,1.100,1,0,1.000,0,0,18,323,1,12,0
19-01 17:46:43,22.001,5.250,70.753,0.750,0,5365360,158448,182500,2301284,8133.298,1694.062,16.001,5272.193,1.000,127.005,3035,2977,1.070,1.610,1.100,1,0,1.000,0,0,18,323,1,12,0
19-01 17:46:44,24.743,2.499,71.729,0.500,0,5383524,123872,183040,2315940,20609.981,1651.518,0,2087.390,0,53.984,2776,2420,1.070,1.610,1.100,2,0,1.000,0,0,18,323,1,12,0
19-01 17:46:45,24.490,3.249,70.471,0.250,0,5408344,144816,183280,2270740,8582.495,1511.383,0,911.628,0,29.988,2781,2696,1.070,1.610,1.100,1,0,0,0,0,18,323,1,9,0
19-01 17:46:46,23.762,3.002,71.287,0.750,0,5400032,128292,184116,2293596,6391.334,1706.890,0,3017.574,0,123.064,2847,2861,1.060,1.600,1.090,1,0,0,0,0,18,323,1,9,0
19-01 17:46:47,22.010,6.753,69.781,0.500,0,5391632,123528,185052,2304504,23876.725,1620.728,0,98884.419,0,545.245,4008,2807,1.060,1.600,1.090,1,0,0,0,0,18,323,1,9,0
19-01 17:46:48,24.055,2.756,72.416,0.251,0,5394848,125056,186380,2297948,7471.152,1623.728,0,749.721,0,33.076,2448,2178,1.060,1.600,1.090,1,0,0,0,0,18,323,1,9,0
19-01 17:46:49,23.775,3.253,71.325,0.501,0,5400252,123696,187140,2292752,10687.207,1621.701,0,3231.388,0,74.078,2736,2546,1.060,1.600,1.090,2,0,0,0,0,18,323,1,7,0
19-01 17:46:50,21.677,2.242,74.249,0.997,0,5397376,142160,187964,2276380,17695.192,2818.474,0,2148.737,0,79.731,2822,2692,1.060,1.600,1.090,1,0,0.997,0,0,18,324,1,7,0
19-01 17:46:51,20.982,2.748,74.686,0.250,0,5297304,277452,187964,2241108,8544.647,3139.298,0,639.450,0,30.973,2486,2365,1.060,1.590,1.090,1,0,2.997,0,0,18,321,1,7,0
19-01 17:46:52,28.211,4.993,65.660,0,0,5390924,183804,187964,2241132,14330.347,3719.899,255.649,862.817,1.997,114.843,3108,2276,1.060,1.590,1.090,2,0,37.948,0,0,18,322,1,7,0
19-01 17:46:53,41.995,8.249,48.744,0.500,0,5392036,175876,188060,2247564,14066.217,1631.793,799.899,1395.823,6.999,15.998,3901,2570,1.060,1.590,1.090,3,0,9.999,0,0,18,321,1,3,0
19-01 17:46:54,18.041,2.506,78.678,0,0,5407172,153320,188372,2253592,15310.587,4735.698,0,1202.717,0,29.066,2501,2349,1.060,1.590,1.090,1,0,18.041,0,0,18,321,1,3,0
19-01 17:46:55,22.502,6.751,68.256,0.250,0,5394864,165236,188392,2253920,7272.650,1620.145,0,296.026,0,21.002,10066,18606,1.060,1.590,1.090,2,0,13.001,0,0,18,321,1,3,0
19-01 17:46:56,23.845,5.522,69.026,0,0,5394700,164984,188448,2254184,9029.083,1626.500,0,2827.299,0,37.148,11198,19723,1.050,1.580,1.090,1,0,13.052,0,0,18,321,1,3,0
19-01 17:46:57,20.668,6.723,71.717,0.498,0.249,5392000,167544,188484,2254256,6890.786,1613.627,0,2669.457,0,129.489,2573,2320,1.050,1.580,1.090,1,0,6.972,0,0,18,321,1,1,0
19-01 17:46:58,22.974,3.995,71.669,0.250,0.250,5350616,222544,188488,2241844,5614.664,1618.174,227.743,339.617,2.997,22.974,2682,2536,1.050,1.580,1.090,2,0,5.993,0,0,18,321,1,1,0
19-01 17:46:59,23.066,5.516,69.449,1.003,0,5366092,204060,188752,2244564,5364.358,1624.651,437.252,2591.419,12.034,69.198,4254,5288,1.050,1.580,1.090,3,0,8.023,0,0,18,322,1,2,0
19-01 17:47:00,25.534,5.507,65.839,1.502,0,5332164,236828,188752,2245724,8982.092,1622.184,977.316,2162.912,54.073,285.384,8069,11437,1.050,1.580,1.090,1,0,23.031,0,0,18,323,1,7,0
19-01 17:47:01,11.254,17.256,69.024,1.000,0,5314216,253864,188752,2246668,10366.583,1554.537,872.302,2388.826,10.003,138.048,6606,5901,1.050,1.570,1.090,1,0,417.144,0,0,18,323,1,9,0
19-01 17:47:02,9.742,5.745,70.940,12.240,0,5253820,272256,188752,2288652,44729.049,1618.627,41972.387,12073.756,3451.072,398.662,8975,9051,1.050,1.570,1.090,1,0,9.992,0,0,18,323,1,9,0
19-01 17:47:03,6.231,2.492,75.518,13.708,0,5269660,255396,189156,2289268,43913.956,2573.087,984.971,3876.080,246.243,159.509,2733,3225,1.050,1.570,1.090,0,0,5.982,0,0,18,324,1,9,0
19-01 17:47:04,2.502,0.500,96.065,0,0,5268724,256332,189156,2289268,28136.896,3255.186,0,104.070,0,11.007,1467,1901,1.050,1.570,1.090,0,0,1.001,0,0,18,324,1,9,0
19-01 17:47:05,3.249,1.499,93.464,0.250,0,5266800,258180,189156,2289344,55141.939,5201.014,63.976,195.925,1.000,26.990,1847,2507,1.050,1.570,1.090,0,0,2.999,0,0,18,324,1,9,0
19-01 17:47:06,4.999,2.500,88.735,2.500,0,5235248,289244,189156,2289848,193820.598,131445.348,619.893,1183.796,39.993,42.993,2380,2702,1.040,1.560,1.090,0,0,13.998,0,0,18,323,1,9,0
19-01 17:47:07,2.750,0.750,95.258,0,0,5225412,299064,189156,2289860,5700.458,1694.136,0,1884.151,0,20.002,1470,2119,1.040,1.560,1.090,0,0,0,0,0,18,323,1,9,0
19-01 17:47:08,1.500,0.250,96.002,0.250,0,5222680,301792,189156,2289864,8925.227,1620.041,0,264.007,0,14.000,1276,1705,1.040,1.560,1.090,0,0,0,0,0,18,323,1,9,0
19-01 17:47:09,2.500,0.750,96.012,0,0,5221848,302624,189156,2289864,6929.879,1566.199,0,72.009,0,6.001,1255,1731,1.040,1.560,1.090,1,0,0,0,0,18,325,1,9,0
19-01 17:47:10,1.999,0.500,95.468,0.250,0,5220788,303680,189156,2289868,8836.038,1565.475,0,427.857,0,47.984,1595,2257,1.040,1.560,1.090,1,0,0,0,0,18,325,1,9,0
19-01 17:47:11,2.251,0.750,96.272,0,0,5220208,304260,189156,2289868,7625.718,1620.365,0,288.065,0,18.004,1232,1732,1.040,1.550,1.090,0,0,0,0,0,18,325,1,9,0
19-01 17:47:12,1.250,0.500,96.521,0,0,5219352,305116,189156,2289868,8923.962,1566.344,0,36.008,0,5.001,1245,1732,1.040,1.550,1.090,1,0,0,0,0,18,325,1,9,0
19-01 17:47:13,2.248,0.999,95.935,0,0,5219252,305212,189156,2289872,8534.259,1618.911,0,0,0,0,1249,1648,1.040,1.550,1.090,0,0,0,0,0,18,325,1,9,0
19-01 17:47:14,1.251,1.000,96.048,0,0,5219468,304964,189156,2289904,9653.779,1620.802,0,4.002,0,1.000,1268,1749,1.040,1.550,1.090,1,0,1.000,0,0,18,325,1,9,0
19-01 17:47:15,2.250,1.000,95.479,0.250,0.250,5219468,304964,189156,2289904,8984.029,1619.645,0,107.976,0,16.996,1516,2082,1.040,1.550,1.090,0,0,0,0,0,18,325,1,9,0
19-01 17:47:16,2.500,0.750,95.993,0,0,5219464,304964,189156,2289908,7203.458,1565.882,0,267.980,0,23.998,1307,1794,1.120,1.560,1.100,0,0,0,0,0,18,325,1,9,0
19-01 17:47:17,2.500,3.500,93.007,0.250,0,5219604,304824,189156,2289908,6705.472,1620.114,0,108599.647,0,642.045,3074,2393,1.120,1.560,1.100,0,0,0,0,0,18,325,1,9,0
19-01 17:47:18,0.999,0.999,96.903,0.250,0.250,5219952,304452,189156,2289916,10461.530,1618.380,0,731.268,0,147.852,1344,1651,1.120,1.560,1.100,0,0,0,0,0,18,325,1,9,0
19-01 17:47:19,1.501,0.500,96.575,0,0,5219952,304452,189156,2289916,9287.225,1621.261,0,0,0,0,1298,1792,1.120,1.560,1.100,1,0,0,0,0,18,325,1,9,0
19-01 17:47:20,2.250,1.000,95.005,0.250,0,5220332,304200,189156,2289916,9022.459,1566.080,0,1948.099,0,30.002,1726,2530,1.120,1.560,1.100,0,0,1.000,0,0,18,325,1,9,0
19-01 17:47:21,1.750,1.000,95.516,0.250,0,5220320,304200,189156,2289928,9517.591,1566.262,0,600.100,0,45.008,1618,2235,1.030,1.530,1.090,0,0,1.000,0,0,18,325,1,9,0
19-01 17:47:22,1.500,2.500,94.737,0,0,5219628,304892,189156,2289928,5904.202,1619.781,0,63487.419,0,204.972,1786,1926,1.030,1.530,1.090,0,0,0,0,0,18,325,1,9,0
19-01 17:47:23,1.750,0.500,97.008,0,0,5220000,304512,189156,2289936,9175.731,1620.129,0,0,0,0,1185,1568,1.030,1.530,1.090,0,0,0,0,0,18,325,1,9,0
19-01 17:47:24,1.750,1.000,95.746,0,0,5220124,304260,189156,2290064,8963.580,1565.927,0,1099.948,0,15.999,1406,1904,1.030,1.530,1.090,0,0,1.000,0,0,18,325,1,9,0
19-01 17:47:25,2.000,1.250,95.256,0.250,0,5220124,304260,189156,2290064,9460.622,1620.107,0,104.007,0,19.001,1554,2084,1.030,1.530,1.090,1,0,0,0,0,18,325,1,9,0
19-01 17:47:26,2.250,0.500,96.747,0.250,0,5220124,304260,189156,2290064,9564.726,1619.954,0,203.994,0,16.000,1236,1720,0.950,1.510,1.080,0,0,0,0,0,18,325,1,9,0
19-01 17:47:27,6.747,3.249,87.964,0,0,5227132,297252,189156,2289796,9893.914,1619.331,0,0,0,0,2509,7651,0.950,1.510,1.080,0,0,35.985,0,0,18,325,1,10,0
19-01 17:47:28,1.751,0.751,96.316,0,0,5227604,296776,189156,2290068,12124.257,1621.104,0,456.311,0,96.065,1486,1768,0.950,1.510,1.080,0,0,2.001,0,0,18,325,1,10,0
19-01 17:47:29,2.000,0.250,96.496,0,0,5227604,296776,189156,2290068,6393.739,1619.934,0,0,0,0,1149,1677,0.950,1.510,1.080,1,0,1.000,0,0,18,325,1,10,0
19-01 17:47:30,2.000,0.750,95.479,0.500,0,5227584,296776,189156,2290088,6686.506,1511.662,0,211.953,0,25.994,1449,2137,0.950,1.510,1.080,0,0,0,0,0,18,325,1,9,0
19-01 17:47:31,2.251,1.000,95.273,0.500,0,5227580,296776,189156,2290092,9258.267,1694.415,0,2500.612,0,133.033,1655,2268,1.190,1.550,1.100,0,0,0,0,0,18,325,1,9,0
19-01 17:47:32,2.250,1.000,96.232,0.250,0,5227580,296776,189156,2290092,43120.981,1639.695,0,259.952,0,13.997,1286,1656,1.190,1.550,1.100,0,0,0,0,0,18,325,1,9,0
19-01 17:47:33,2.000,0.750,95.016,0.250,0,5219628,304724,189160,2290092,43707.389,1694.286,0,4424.748,0,84.014,1614,2051,1.190,1.550,1.100,0,0,0,0,0,18,325,1,9,0
19-01 17:47:34,1.750,0.750,96.247,0,0,5220360,304000,189160,2290096,6945.773,1693.945,0,427.986,0,95.997,1523,1857,1.190,1.550,1.100,0,0,1.000,0,0,18,325,1,9,0
19-01 17:47:35,2.999,1.000,94.734,0,0,5220360,304000,189160,2290096,9328.439,1693.717,0,203.966,0,28.995,1811,2571,1.190,1.550,1.100,0,0,1.000,0,0,18,325,1,9,0
19-01 17:47:36,2.000,0.750,95.503,0.250,0,5220356,304000,189160,2290100,6783.212,1370.043,0,456.014,0,36.001,1586,2223,1.170,1.540,1.100,0,0,1.000,0,0,18,325,1,9,0
19-01 17:47:37,10.264,3.505,85.113,0,0,5247900,276456,189160,2290100,287556.490,9428.508,0,80.106,0,4.005,2610,2552,1.170,1.540,1.100,1,0,20.027,0,0,18,325,1,9,0
19-01 17:47:38,14.238,3.997,79.434,0.500,0,5255020,269208,189164,2290224,438015.529,16777.963,123.896,151.873,5.995,3.997,3325,2808,1.170,1.540,1.100,1,0,26.977,0,0,18,325,1,9,0
