"pcp-dstat 6.2.0 CSV Output"
"Author:","PCP team <pcp@groups.io> and Dag Wieers <dag@wieers.com>",,,,"URL:","https://pcp.io/ and http://dag.wieers.com/home-made/dstat/"
"Host:","ubuntu",,,,"User:","ubuntu"
"Cmdline:","dstat -tcmndrylpg --tcp --output /tmp/devstack_logs/dstat-csv.log",,,,"Date:","19 Jan 2026 12:11:16 UTC"
"system","total usage",,,,,"memory usage",,,,"net/total",,"dsk/total",,"io/total",,"system",,"load avg",,,"procs",,,"paging",,"tcp sockets",,,,
"time","total usage:usr","total usage:sys","total usage:idl","total usage:wai","total usage:stl","used","free","buf","cach","net/total:recv","net/total:send","dsk/total:read","dsk/total:writ","read","writ","int","csw","1m","5m","15m","run","blk","new","in","out","lis","act","syn","tim","clo"
19-01 12:11:16,,1004700,1699784,161376,4955684,,,,,,,1.550,0.930,0.500,1,0,,,,10,5,0,17,1
19-01 12:11:17,19.712,21.209,57.640,0.499,0,1014716,1689264,161440,4956040,45697.709,12667.802,0,2726.791,0,103.802,6485,5533,1.550,0.930,0.500,2,0,500.045,0,0,10,5,0,17,1
19-01 12:11:18,26.277,18.519,53.554,0.501,0,1032808,1670544,161508,4956488,26232.524,11631.761,0,2518.546,0,58.059,5888,5124,1.550,0.930,0.500,1,0,351.355,0,0,10,4,0,17,2
19-01 12:11:19,34.741,13.996,49.987,0.500,0,1153536,1523596,161908,5104852,187533.295,7940.980,0,2659.324,0,78.980,6421,7963,1.550,0.930,0.500,1,0,153.961,0,0,11,4,0,17,2
19-01 12:11:20,32.469,7.493,58.695,0.749,0,1176096,1481692,162584,5121024,6863.550,1618.479,15.985,1686.415,0.999,40.962,3374,2280,1.550,0.930,0.500,3,0,92.913,0,0,11,6,0,17,2
19-01 12:11:21,38.757,12.252,48.008,0,0,1199424,1444044,162916,5133248,5999.051,1620.284,0,956.167,0,39.007,4717,3194,1.590,0.940,0.510,3,0,193.034,0,0,11,6,0,19,2
19-01 12:11:22,43.525,6.003,48.778,2.001,0,1254160,1362828,163900,5156044,9541.516,1620.937,32.019,4930.850,2.001,136.079,3562,2185,1.590,0.940,0.510,3,0,1.001,0,0,11,6,0,19,2
19-01 12:11:23,43.550,5.506,48.305,1.502,0,1267384,1318820,165092,5182564,7180.240,1621.861,0,9250.616,0,229.263,4054,3251,1.590,0.940,0.510,3,0,1.001,0,0,11,8,0,19,2
19-01 12:11:24,31.243,7.748,46.739,12.497,0,1290156,1273844,166880,5200736,8613.995,2695.373,0,45585.390,0,3367.216,18511,27821,1.590,0.940,0.510,0,1,53.987,0,0,11,9,0,19,2
19-01 12:11:25,39.422,7.485,48.405,4.242,0,1196752,1384324,167112,5183788,14904.667,3205.691,0,28743.431,0,2132.802,11418,14895,1.590,0.940,0.510,2,0,103.796,0,0,11,4,0,19,0
19-01 12:11:26,39.275,6.754,52.034,1.251,0,1281328,1299652,167196,5183800,12093.794,3619.333,0,10750.929,0,560.361,3945,4085,1.620,0.960,0.510,2,0,33.021,0,0,11,5,0,19,0
19-01 12:11:27,45.075,4.758,49.082,0.250,0,1271796,1301784,167304,5190316,43776.029,1796.998,0,1807.015,0,73.122,3106,1647,1.620,0.960,0.510,3,0,13.022,0,0,11,4,0,19,0
19-01 12:11:28,40.185,4.992,53.664,1.248,0,1331140,1234556,167916,5196224,51091.978,4717.427,0,6944.851,0,369.407,3912,3080,1.620,0.960,0.510,2,0,16.973,0,0,11,4,0,19,0
19-01 12:11:29,44.570,8.013,45.071,0,0,1279732,1285244,167956,5196740,6036.535,1622.563,0,336.532,0,19.030,11112,18481,1.620,0.960,0.510,4,0,57.090,0,0,11,4,0,19,0
19-01 12:11:30,30.751,25.251,42.252,0,0,1270068,1294516,168036,5196956,10134.412,1620.066,0,116.005,0,9.000,14407,21847,1.620,0.960,0.510,5,0,540.022,0,0,11,4,0,19,0
19-01 12:11:31,37.717,17.734,42.713,0.250,0,1187572,1391584,168048,5184544,10910.422,1618.579,0,4779.804,0,290.745,6726,7092,1.570,0.960,0.520,3,0,288.747,0,0,11,4,0,19,0
19-01 12:11:32,57.441,12.987,29.720,0,0,1254192,1324924,168064,5184596,6034.829,1660.302,0,7.992,0,1.998,4247,2536,1.570,0.960,0.520,2,0,197.798,0,0,11,5,0,19,0
19-01 12:11:33,51.310,5.006,43.050,0,0,1294008,1284560,168088,5187736,9162.684,1621.891,0,14753.203,0,83.097,3345,6132,1.570,0.960,0.520,3,0,34.040,0,0,11,5,0,19,0
19-01 12:11:34,44.748,9.500,45.748,0,0,1306600,1270200,168124,5186844,8212.647,1511.935,0,1039.955,0,84.996,3519,10973,1.570,0.960,0.520,2,0,2.000,0,0,11,5,0,20,0
19-01 12:11:35,9.235,6.739,82.613,0.499,0,1312292,1263836,168136,5187452,8982.110,1563.408,0,2831.307,0,147.755,3270,3350,1.570,0.960,0.520,0,0,117.805,0,0,11,4,0,19,0
19-01 12:11:36,17.249,4.750,76.495,0,0,1349836,1226272,168140,5187452,7151.570,1619.903,0,679.959,0,39.998,2011,1715,1.530,0.960,0.520,1,0,21.999,0,0,11,4,0,19,0
19-01 12:11:37,23.250,2.500,73.749,0,0.250,1379144,1196960,168140,5187456,6245.956,1619.989,0,0,0,0,1837,1282,1.530,0.960,0.520,1,0,0,0,0,11,4,0,19,0
19-01 12:11:38,23.996,1.750,71.989,1.000,0,1408028,1167792,168188,5187692,9796.486,1619.750,0,1907.705,0,272.958,3933,4707,1.530,0.960,0.520,1,0,1.000,0,0,11,10,0,19,0
19-01 12:11:39,20.054,6.016,72.196,1.003,0,1328988,1246672,168224,5187792,7463.246,1624.407,100.272,14415.105,10.027,253.688,2816,2334,1.530,0.960,0.520,1,0,42.114,0,0,11,4,0,15,0
19-01 12:11:40,18.727,1.748,78.156,0.999,0,1352184,1222984,168492,5187988,11736.877,4004.182,271.673,1118.654,9.988,49.940,1842,1345,1.530,0.960,0.520,2,0,0,0,0,11,11,0,15,0
19-01 12:11:41,18.493,2.249,73.724,4.498,0,1368728,1206100,168536,5188228,10829.112,4120.521,267.904,743.733,65.976,46.983,2529,2443,1.480,0.960,0.520,1,0,1.999,0,0,11,27,0,15,0
19-01 12:11:42,20.007,5.252,73.527,0,0,1389056,1185632,168544,5188372,12705.599,4760.723,0,1688.611,0,91.033,2695,2069,1.480,0.960,0.520,1,0,45.016,0,0,11,28,0,16,0
19-01 12:11:43,18.237,2.248,78.942,0.250,0,1414952,1159732,168544,5188376,15144.877,6323.356,0,47.965,0,3.997,1798,1313,1.480,0.960,0.520,1,0,0,0,0,11,29,0,16,0
19-01 12:11:44,27.961,11.734,55.922,3.495,0,1436132,1138528,168544,5188400,9021.465,3756.780,0,27809.359,0,552.233,4375,2932,1.480,0.960,0.520,2,0,155.784,0,0,11,28,0,17,0
19-01 12:11:45,36.829,4.259,58.375,0,0,1501316,1073336,168544,5188408,13666.190,9536.369,0,2272.855,0,13.028,2851,2015,1.480,0.960,0.520,3,0,0,0,0,11,30,0,17,0
19-01 12:11:46,33.509,9.503,55.515,0.250,0,1388536,1186020,168556,5188616,21954.944,12390.355,0,744.201,0,25.007,6268,7869,1.360,0.950,0.520,4,0,180.049,0,0,11,28,0,18,0
19-01 12:11:47,72.309,26.522,1.501,0,0,1532540,1041948,168556,5188656,7513.161,1621.330,0,3138.574,0,112.092,5610,4367,1.360,0.950,0.520,7,0,404.332,0,0,11,28,0,17,0
19-01 12:11:48,88.751,10.000,0.750,0,0,1728264,846208,168556,5188668,25385.327,17801.229,0,300.004,0,8.000,5780,4093,1.360,0.950,0.520,6,0,0,0,0,11,32,0,17,0
19-01 12:11:49,76.429,9.991,12.738,0,0,1753752,820460,168572,5188908,36539.021,29840.251,0,3352.882,0,60.943,8357,12797,1.360,0.950,0.520,4,0,99.907,0,0,11,29,0,22,0
19-01 12:11:50,31.205,9.736,58.665,0.250,0.250,1552140,1022044,168572,5188936,11464.307,2380.534,0,315.541,0,26.961,3655,3245,1.360,0.950,0.520,1,0,209.695,0,0,11,28,0,23,0
19-01 12:11:51,18.259,2.501,78.791,0,0,1536444,1037736,168572,5188940,14124.310,6125.170,0,184.095,0,8.004,1937,1725,1.330,0.950,0.520,1,0,0,0,0,11,29,0,22,0
19-01 12:11:52,15.984,6.493,76.173,0.250,0,1496892,1077256,168588,5188956,9936.943,4003.948,0,803.187,0,62.936,3369,3353,1.330,0.950,0.520,1,0,68.930,0,0,11,28,0,23,0
19-01 12:11:53,18.524,2.253,78.101,0.250,0,1491976,1082164,168592,5188960,10070.995,5421.996,0,124.160,0,8.010,1967,1664,1.330,0.950,0.520,1,0,0,0,0,11,29,0,23,0
19-01 12:11:54,16.025,8.513,73.866,0,0,1455540,1118560,168600,5188976,12553.704,4752.459,0,90554.128,0,306.481,4413,3994,1.330,0.950,0.520,1,0,123.193,0,0,11,28,0,24,0
19-01 12:11:55,16.500,29.000,54.250,0,0,1431236,1142848,168604,5188996,7759.971,1619.994,0,2047.992,0,23.000,6639,5584,1.330,0.950,0.520,5,0,773.997,0,0,11,28,0,24,0
19-01 12:11:56,82.490,17.998,0,0,0,1584300,989748,168608,5189028,9130.933,1661.806,0,207.976,0,9.999,4984,2819,1.630,1.020,0.550,5,0,140.984,0,0,11,28,0,24,0
19-01 12:11:57,78.247,7.750,13.250,0,0.250,1680292,893568,168612,5189212,71850.528,31427.919,0,527.982,0,34.999,6182,7657,1.630,1.020,0.550,3,0,0,0,0,11,33,0,24,0
19-01 12:11:58,67.864,16.716,14.471,0.249,0,1547752,1025868,168640,5189424,67542.349,21121.580,0,554.886,0,71.856,8601,12986,1.630,1.020,0.550,6,0,262.473,0,0,11,28,0,25,0
19-01 12:11:59,84.929,15.282,0.251,0,0,1636596,937008,168640,5189440,11617.535,3597.598,0,228.483,0,10.021,5077,2788,1.630,1.020,0.550,5,0,47.099,0,0,11,29,0,25,0
19-01 12:12:00,81.003,9.222,8.973,0,0,1751000,822412,168644,5189624,37430.636,32919.420,0,215.342,0,10.966,6392,8021,1.630,1.020,0.550,6,0,0,0,0,11,34,0,25,0
19-01 12:12:01,70.841,12.015,16.021,0,0,1646560,926616,168648,5189856,43859.328,31015.833,0,965.240,0,40.051,9455,14647,1.980,1.100,0.580,3,0,218.280,0,0,11,28,0,30,0
19-01 12:12:02,45.314,10.765,44.062,0,0,1559580,1013580,168656,5189864,7908.209,1568.223,0,172.244,0,13.018,3312,2139,1.980,1.100,0.580,2,0,81.115,0,0,11,28,0,30,0
19-01 12:12:03,31.743,3.749,63.236,0.500,0,1552244,1020880,168660,5189896,18608.758,15182.539,0,2455.440,0,88.980,4492,4915,1.980,1.100,0.580,1,0,0,0,0,11,29,0,31,0
19-01 12:12:04,50.744,20.247,28.746,0,0,1468816,1104120,168680,5190064,14995.127,6437.196,0,951.881,0,60.992,5721,5398,1.980,1.100,0.580,3,0,377.953,0,0,11,28,0,32,0
19-01 12:12:05,55.042,5.754,38.530,0.250,0,1574572,998344,168684,5190080,19229.736,13375.250,0,236.181,0,7.005,3738,2492,1.980,1.100,0.580,3,0,0,0,0,11,31,0,32,0
19-01 12:12:06,49.995,15.248,33.496,0.250,0,1413832,1158996,168704,5190148,27901.016,18012.074,0,355.962,0,41.996,7537,10003,1.900,1.100,0.580,4,0,257.972,0,0,11,28,0,33,0
19-01 12:12:07,85.038,12.968,1.995,0,0,1601052,971736,168728,5190164,9433.428,3148.134,0,3100.253,0,169.576,5415,2765,1.900,1.100,0.580,3,0,0,0,0,11,30,0,33,0
19-01 12:12:08,54.380,6.265,38.091,0,0,1617544,955160,168732,5190244,39512.462,34786.163,0,1335.192,0,143.343,8260,11058,1.900,1.100,0.580,3,0,0,0,0,11,31,0,29,0
19-01 12:12:09,64.370,18.712,16.467,0,0,1556372,1016256,168740,5190280,16143.286,7610.577,0,1365.233,0,87.822,5987,6050,1.900,1.100,0.580,4,0,323.345,0,0,11,28,0,31,0
19-01 12:12:10,53.780,5.503,39.772,0.250,0,1583224,989384,168744,5190296,18767.325,13372.357,0,376.207,0,17.009,3916,2705,1.900,1.100,0.580,3,0,0,0,0,11,31,0,31,0
19-01 12:12:11,48.078,17.028,34.305,0,0,1467768,1104560,168760,5190560,25567.296,18915.552,0,661.068,0,37.060,7685,10310,1.830,1.100,0.580,4,0,299.484,0,0,11,28,0,33,0
19-01 12:12:12,60.932,7.991,31.215,0,0,1565948,1006200,168760,5190708,13369.020,7467.632,0,195.781,0,9.989,3784,1694,1.830,1.100,0.580,0,0,0.999,0,0,11,31,0,30,0
19-01 12:12:13,47.555,5.006,46.053,0,0,1543616,1028344,168764,5190892,30975.659,23602.171,0,236.272,0,20.023,6348,8822,1.830,1.100,0.580,3,0,18.021,0,0,11,28,0,33,0
19-01 12:12:14,60.974,18.242,19.991,0,0,1495844,1075972,168764,5191036,8576.294,1511.347,0,195.915,0,9.996,4286,2589,1.830,1.100,0.580,3,0,268.884,0,0,11,28,0,33,0
19-01 12:12:15,48.967,5.496,45.219,0,0,1555124,1016524,168768,5191200,25738.616,19693.699,0,363.754,0,9.993,4647,4980,1.830,1.100,0.580,3,0,0,0,0,11,31,0,33,0
19-01 12:12:16,55.003,14.001,30.752,0.250,0,1494472,1077064,168780,5191292,15021.788,9100.478,0,660.035,0,58.003,5800,5726,1.840,1.110,0.590,3,0,112.006,0,0,11,28,0,35,0
19-01 12:12:17,53.198,5.994,39.961,0,0,1531876,1039636,168788,5191308,20876.449,13417.791,0,159.843,0,7.992,3862,2598,1.840,1.110,0.590,3,0,0,0,0,11,31,0,35,0
19-01 12:12:18,53.350,16.030,30.307,0.250,0,1465468,1105972,168796,5191368,22572.101,15464.845,0,384.718,0,44.082,6827,8832,1.840,1.110,0.590,4,0,338.632,0,0,11,28,0,37,0
19-01 12:12:19,75.998,23.749,0,0,0,1583912,987408,168796,5191424,9015.725,1619.951,0,255.992,0,18.999,5630,4690,1.840,1.110,0.590,7,0,420.987,0,0,11,28,0,37,0
19-01 12:12:20,81.207,15.992,1.999,0,0,1748244,822908,168804,5191580,24063.240,17846.536,0,2658.590,0,64.966,6134,5404,1.840,1.110,0.590,8,0,398.789,0,0,11,32,0,37,0
19-01 12:12:21,78.052,18.262,4.253,0,0,1766836,804084,168832,5191852,53299.248,43828.985,0,1192.789,0,81.054,8229,11800,2.100,1.180,0.610,6,0,412.273,0,0,11,30,0,38,0
19-01 12:12:22,78.749,21.000,0,0,0,1636252,934612,168836,5191904,14996.830,6956.921,0,411.995,0,38.000,6120,5280,2.100,1.180,0.610,6,0,284.997,0,0,11,28,0,38,0
19-01 12:12:23,81.378,8.986,9.486,0,0,1722348,848492,168836,5191928,24247.522,20627.967,0,2492.251,0,119.820,5355,4246,2.100,1.180,0.610,3,0,0,0,0,11,33,0,38,0
19-01 12:12:24,67.073,14.516,17.269,0,0,1571976,998616,168840,5192172,45083.942,37981.231,0,128.139,0,11.012,9971,15734,2.100,1.180,0.610,3,0,303.329,0,0,11,29,0,40,0
19-01 12:12:25,16.008,23.012,60.281,0,0,1463448,1107120,168840,5192196,10096.256,2812.464,0,332.173,0,14.007,6335,5099,2.100,1.180,0.610,2,0,568.296,0,0,11,28,0,41,0
19-01 12:12:26,60.243,31.496,7.999,0,0,1525496,1045020,168840,5192248,11452.637,1619.807,0,223.973,0,18.998,5948,5001,2.170,1.210,0.630,4,0,730.913,0,0,11,28,0,41,0
19-01 12:12:27,67.799,7.229,24.178,0,0,1604308,966048,168840,5192408,61906.503,20325.752,0,0,0,0,4626,4315,2.170,1.210,0.630,3,0,0,0,0,11,32,0,41,0
19-01 12:12:28,65.180,15.192,19.358,0,0,1550584,1019668,168876,5192476,60912.991,15464.707,0,619.451,0,68.610,7368,9569,2.170,1.210,0.630,4,0,197.009,0,0,11,28,0,45,0
19-01 12:12:29,77.723,11.761,10.227,0,0,1581216,989008,168880,5192496,17394.595,10224.655,0,229.078,0,12.272,4712,2625,2.170,1.210,0.630,3,0,68.519,0,0,11,31,0,45,0
19-01 12:12:30,57.938,6.493,34.214,0.250,0,1604888,965108,168880,5192724,43198.963,33089.736,0,195.791,0,7.991,9514,13473,2.170,1.210,0.630,3,0,0,0,0,11,32,0,45,0
19-01 12:12:31,56.814,9.260,32.286,0,0,1524864,1044872,168884,5192980,40399.410,33298.428,0,512.576,0,50.056,10948,17436,2.150,1.220,0.630,6,0,60.068,0,0,11,29,0,45,0
19-01 12:12:32,80.056,13.509,6.004,0,0,1557952,1011776,168884,5192988,13132.206,5922.152,0,1052.738,0,27.019,5123,3481,2.150,1.220,0.630,4,0,61.043,0,0,11,29,0,45,0
19-01 12:12:33,64.517,7.252,27.507,0,0,1609856,959668,168888,5193188,35624.413,29894.899,0,196.052,0,10.003,6816,9236,2.150,1.220,0.630,5,0,0,0,0,11,32,0,45,0
19-01 12:12:34,57.485,9.248,31.992,0,0,1596464,972792,168896,5193444,51560.410,39414.611,0,179.953,0,10.997,12223,31321,2.150,1.220,0.630,5,0,61.984,0,0,11,30,0,48,0
19-01 12:12:35,73.027,20.258,6.502,0,0,1559052,1010144,168900,5193500,17316.444,9915.690,0,228.085,0,11.004,5964,5623,2.150,1.220,0.630,4,0,234.087,0,0,11,28,0,50,0
19-01 12:12:36,70.323,7.455,22.116,0,0,1615116,954052,168900,5193528,24283.533,19417.085,0,170.962,0,9.940,5078,4711,2.220,1.250,0.650,4,0,0,0,0,11,32,0,49,0
19-01 12:12:37,61.488,9.537,27.607,0,0,1595684,973260,168900,5193752,39208.525,29531.126,0,108.419,0,6.023,9207,14072,2.220,1.250,0.650,5,0,68.264,0,0,11,30,0,51,0
19-01 12:12:38,76.289,14.257,9.005,0.250,0,1570640,998128,168908,5193920,16179.284,10386.318,0,272.139,0,29.015,5471,4835,2.220,1.250,0.650,4,0,60.031,0,0,11,29,0,51,0
19-01 12:12:39,65.356,10.267,23.789,0.250,0,1595008,973724,168916,5193948,25974.097,18939.696,0,408.662,0,39.063,5592,5495,2.220,1.250,0.650,4,0,60.097,0,0,11,30,0,53,0
19-01 12:12:40,73.883,12.480,12.979,0,0,1603872,964788,168920,5193980,28684.642,18486.768,0,191.697,0,12.979,6488,8530,2.220,1.250,0.650,4,0,61.902,0,0,11,30,0,51,0
19-01 12:12:41,62.097,11.518,25.289,0,0,1592424,976024,168924,5194188,40474.976,29367.694,0,256.399,0,20.031,7329,10404,2.360,1.300,0.670,3,0,142.221,0,0,11,32,0,53,0
19-01 12:12:42,78.482,15.746,5.999,0,0,1593252,975148,168928,5194232,16288.173,8762.941,0,191.955,0,15.996,5650,5048,2.360,1.300,0.670,3,0,87.979,0,0,11,32,1,55,0
19-01 12:12:43,68.011,7.001,24.504,0,0,1634352,933876,168928,5194404,33460.571,23258.872,0,156.026,0,9.001,6007,6508,2.360,1.300,0.670,3,0,0,0,0,11,34,0,57,0
19-01 12:12:44,71.630,11.980,15.973,0.250,0,1629224,938936,168932,5194456,26521.620,16788.906,0,259.566,0,24.958,5422,7896,2.360,1.300,0.670,4,0,67.886,0,0,11,33,0,58,0
19-01 12:12:45,57.304,10.760,31.529,0,0,1605864,962268,168940,5194476,20087.769,13056.199,0,264.247,0,24.022,5137,4096,2.360,1.300,0.670,2,0,138.129,0,0,11,34,0,57,0
19-01 12:12:46,55.013,12.003,32.507,0,0,1589156,978940,168952,5194500,17411.962,8850.014,0,384.087,0,33.008,4836,4549,2.420,1.320,0.680,4,0,120.027,0,0,11,33,0,59,0
19-01 12:12:47,53.143,11.227,33.682,0,0,1559472,1008428,168960,5194688,20057.431,14177.324,0,215.564,0,16.966,5987,5576,2.420,1.320,0.680,3,0,101.794,0,0,11,34,0,60,0
19-01 12:12:48,52.811,9.010,38.294,0,0,1524052,1043660,168964,5194872,25949.951,17157.803,0,949.095,0,12.014,5287,7371,2.420,1.320,0.680,3,0,86.099,0,0,11,33,0,62,0
19-01 12:12:49,60.333,8.011,31.042,0.250,0,1537444,1030064,168980,5195060,16844.057,10018.714,0,4261.834,0,202.277,4506,3798,2.420,1.320,0.680,2,0,2.003,0,0,11,33,0,62,0
19-01 12:12:50,32.505,7.001,58.759,0,0,1489468,1077988,168980,5195112,25572.071,19052.033,0,152.024,0,11.002,5236,6521,2.420,1.320,0.680,1,0,86.014,0,0,11,34,0,62,0
19-01 12:12:51,35.169,10.476,53.128,0.249,0,1426688,1140768,168980,5195128,13530.887,5415.547,0,682.431,0,74.828,4775,4446,2.300,1.320,0.680,2,0,134.690,0,0,11,32,0,64,0
19-01 12:12:52,36.739,4.749,57.983,0,0,1506504,1060944,168980,5195136,17364.813,11136.673,0,163.951,0,11.996,2886,2113,2.300,1.320,0.680,2,0,1.000,0,0,11,34,0,64,0
19-01 12:12:53,33.768,10.005,55.029,0,0,1412068,1155176,168984,5195336,17948.374,9529.977,0,236.123,0,18.009,5677,6702,2.300,1.320,0.680,2,0,138.072,0,0,11,32,0,59,0
19-01 12:12:54,42.284,6.005,51.291,0,0,1485528,1081700,168984,5195348,11810.447,4207.365,0,1561.249,0,154.123,3130,1804,2.300,1.320,0.680,0,0,0,0,0,11,34,0,59,0
19-01 12:12:55,30.013,5.002,63.778,0.250,0,1476012,1091176,168988,5195384,19567.518,14682.392,0,236.103,0,22.010,4832,5309,2.300,1.320,0.680,1,0,60.026,0,0,11,33,0,60,0
19-01 12:12:56,41.993,7.999,49.241,0,0,1452608,1114560,169000,5195388,11018.032,2705.517,0,379.932,0,25.995,3439,2521,2.280,1.330,0.690,3,0,4.999,0,0,11,32,0,61,0
19-01 12:12:57,34.775,3.252,62.044,0,0.250,1484908,1082232,169000,5195416,56663.575,16925.120,0,172.123,0,10.007,3520,4304,2.280,1.330,0.690,1,0,0,0,0,11,34,0,60,0
19-01 12:12:58,35.659,8.478,54.611,0.499,0,1480480,1086616,169008,5195452,51738.529,8173.231,0,841.861,0,59.848,4947,5251,2.280,1.330,0.690,3,0,47.878,0,0,11,32,0,62,0
19-01 12:12:59,36.528,4.253,57.544,0.250,0,1514128,1052796,169044,5195588,17411.177,11394.624,0,2049.551,0,129.098,3049,2562,2.280,1.330,0.690,2,0,0,0,0,11,34,0,62,0
19-01 12:13:00,33.273,3.502,62.542,0,0,1482700,1084176,169048,5195632,22360.150,14009.492,0,196.133,0,21.014,5112,6926,2.280,1.330,0.690,2,0,5.003,0,0,11,32,0,64,0
19-01 12:13:01,25.231,12.740,60.703,0,0,1455944,1110872,169048,5195692,7409.300,1618.755,0,139.892,0,9.992,3980,2976,2.260,1.340,0.700,1,0,276.787,0,0,11,32,0,61,0
19-01 12:13:02,15.998,2.500,80.740,0.500,0,1447892,1118896,169056,5195712,15010.106,10806.636,0,195.975,0,12.998,3180,3837,2.260,1.340,0.700,0,0,1.000,0,0,11,33,0,61,0
19-01 12:13:03,12.267,13.268,73.101,0.250,0,1382604,1184156,169064,5195728,8006.070,2802.876,0,392.543,0,35.048,4521,3830,2.260,1.340,0.700,2,0,284.393,0,0,11,32,0,62,0
19-01 12:13:04,21.206,2.744,74.843,0,0,1434588,1132164,169068,5195728,11054.811,3582.485,0,159.665,0,8.981,1852,1225,2.260,1.340,0.700,0,0,0,0,0,11,33,0,62,0
19-01 12:13:05,17.260,2.501,79.796,0,0,1434580,1132144,169072,5195752,16861.748,10453.043,0,108.062,0,6.003,3384,4095,2.260,1.340,0.700,1,0,0,0,0,11,32,0,58,0
19-01 12:13:06,20.743,5.998,73.226,0,0,1411044,1155680,169072,5195752,9451.899,1619.469,0,119.961,0,7.997,2272,1525,2.150,1.330,0.700,1,0,45.985,0,0,11,32,0,58,0
19-01 12:13:07,18.003,2.250,79.014,0.250,0,1409428,1157156,169072,5195888,13487.361,8562.499,0,100.018,0,7.001,2420,2474,2.150,1.330,0.700,0,0,0,0,0,11,33,0,58,0
19-01 12:13:08,17.539,3.508,76.923,0,0,1380084,1186464,169076,5195920,17941.364,8977.197,0,264.595,0,30.068,4339,5589,2.150,1.330,0.700,1,0,36.081,0,0,11,32,0,58,0
19-01 12:13:09,13.978,23.713,61.903,0.250,0,1373952,1192424,169076,5196088,7332.549,1617.474,0,407.364,0,24.961,6669,5338,2.150,1.330,0.700,2,0,589.080,0,0,11,32,0,56,0
19-01 12:13:10,44.761,6.001,48.762,0,0,1510924,1054748,169076,5196788,6180.511,1620.396,0,248.061,0,13.003,2989,1606,2.150,1.330,0.700,2,0,0,0,0,11,32,0,56,0
19-01 12:13:11,38.290,6.006,45.548,8.008,0,1540312,1019032,169684,5201904,5471.761,1459.537,0,18491.469,0,1840.938,13774,17811,2.140,1.350,0.700,2,0,89.094,0,0,11,36,0,56,0
19-01 12:13:12,38.019,8.504,40.771,12.006,0,1548240,1007004,170536,5205048,9209.665,1620.821,0,49553.100,0,4375.216,22637,33558,2.140,1.350,0.700,4,0,80.041,0,0,11,36,0,56,0
19-01 12:13:13,44.149,6.984,44.898,2.993,0,1547696,1008200,170672,5204260,7508.894,1616.318,0,20956.260,0,1538.495,8216,10822,2.140,1.350,0.700,3,0,9.977,0,0,11,32,0,54,0
19-01 12:13:14,43.845,5.762,46.100,3.508,0,1495612,1059864,170852,5204496,10545.801,1623.510,0,9656.879,0,1345.910,10267,13680,2.140,1.350,0.700,3,0,2.004,0,0,11,34,0,54,0
19-01 12:13:15,35.907,8.478,49.123,4.239,0,1495980,1058744,171308,5204784,7005.868,1615.818,0,14043.653,0,1749.472,11709,15846,2.140,1.350,0.700,2,0,99.742,0,0,11,32,0,54,0
19-01 12:13:16,22.777,3.754,72.336,0.501,0,1517276,1037324,171380,5204832,9193.900,1621.923,0,4313.114,0,227.269,2538,2334,2.050,1.340,0.710,1,0,1.001,0,0,11,32,0,54,0
19-01 12:13:17,22.756,3.251,73.270,0.250,0,1496760,1057808,171392,5204852,7184.958,1620.442,0,1392.379,0,85.023,2224,1698,2.050,1.340,0.710,1,0,3.001,0,0,11,32,0,49,0
19-01 12:13:18,23.261,4.002,72.033,0.750,0,1511736,1042796,171428,5204852,6421.974,1620.751,0,5754.665,0,289.134,2661,2567,2.050,1.340,0.710,1,0,0,0,0,11,32,0,49,0
19-01 12:13:19,22.755,2.751,73.767,0,0,1482524,1071996,171428,5204864,9875.307,1620.379,0,0,0,0,1855,1249,2.050,1.340,0.710,1,0,3.001,0,0,11,32,0,49,0
19-01 12:13:20,22.254,3.251,74.012,0,0,1486648,1067872,171428,5204864,7640.270,1512.251,0,0,0,0,1854,1320,2.050,1.340,0.710,1,0,2.000,0,0,11,32,0,49,0
19-01 12:13:21,23.238,2.749,73.211,0,0,1468612,1085836,171428,5204936,6071.749,1565.162,0,1763.056,0,233.875,2087,1164,1.970,1.330,0.710,1,0,0.999,0,0,11,32,0,46,0
19-01 12:13:22,22.211,3.993,73.371,0,0.250,1480184,1074264,171428,5204936,8927.357,1617.166,0,3.993,0,0.998,1907,1286,1.970,1.330,0.710,1,0,2.995,0,0,11,32,0,46,0
19-01 12:13:23,22.544,2.755,73.894,0,0,1445892,1108460,171428,5205024,8159.887,1623.160,0,188.367,0,2.004,1757,1087,1.970,1.330,0.710,1,0,1.002,0,0,11,32,0,46,0
19-01 12:13:24,22.499,3.500,73.248,0.250,0,1439196,1115152,171428,5205048,10286.738,1619.959,0,123.997,0,10.000,2099,1662,1.970,1.330,0.710,1,0,2.000,0,0,11,32,0,46,0
19-01 12:13:25,21.991,4.248,73.221,0,0,1458372,1095972,171428,5205052,7248.170,1619.368,0,327.872,0,21.991,1941,1361,1.970,1.330,0.710,1,0,1.999,0,0,11,32,0,46,0
19-01 12:13:26,22.764,2.752,74.296,0,0,1455364,1098960,171428,5205072,7506.646,1621.003,0,0,0,0,1715,1173,1.890,1.330,0.710,1,0,1.001,0,0,11,32,0,41,0
19-01 12:13:27,22.979,2.747,73.682,0,0,1483108,1071188,171428,5205100,44350.173,1618.510,0,0,0,0,1771,1184,1.890,1.330,0.710,2,0,0.999,0,0,11,32,0,41,0
19-01 12:13:28,22.492,3.499,73.473,0,0,1495264,1059032,171428,5205100,42171.449,1619.403,0,3.999,0,1.000,1867,1241,1.890,1.330,0.710,2,0,0,0,0,11,32,0,41,0
19-01 12:13:29,20.752,5.251,73.258,0,0,1455504,1098684,171428,5205204,6019.622,1566.162,0,0,0,0,2342,1607,1.890,1.330,0.710,2,0,62.006,0,0,11,32,0,41,0
19-01 12:13:30,8.010,21.526,68.832,0,0,1453624,1100468,171428,5205260,9838.678,1513.797,0,997.184,0,12.014,6351,4900,1.890,1.330,0.710,2,0,519.617,0,0,11,32,0,37,0
19-01 12:13:31,8.254,21.261,69.287,0,0,1440744,1113300,171428,5205304,7880.178,1620.859,0,364.193,0,7.004,6045,4600,1.820,1.320,0.710,1,0,436.231,0,0,11,32,0,37,0
19-01 12:13:32,10.227,18.210,70.594,0,0,1442496,1111516,171428,5205332,9399.169,1658.325,0,327.275,0,4.989,5385,4074,1.820,1.320,0.710,1,0,359.204,0,0,11,32,0,37,0
19-01 12:13:33,21.509,4.002,73.532,0,0,1499508,1054520,171428,5205316,10528.595,1620.707,0,0,0,0,1894,1334,1.820,1.320,0.710,1,0,2.001,0,0,11,32,0,37,0
19-01 12:13:34,28.491,5.748,65.729,0,0,1448536,1105464,171428,5205340,5836.118,1619.478,0,235.924,0,13.995,2942,10424,1.820,1.320,0.710,1,0,36.988,0,0,11,32,0,38,0
19-01 12:13:35,22.498,3.250,73.494,0.250,0,1479988,1074032,171428,5205320,10083.132,1619.861,0,343.970,0,22.998,1940,1326,1.820,1.320,0.710,1,0,2.000,0,0,11,32,0,38,0
19-01 12:13:36,22.506,3.251,73.771,0,0,1488184,1065812,171428,5205340,10092.822,1620.453,0,604.169,0,109.030,2041,1293,1.750,1.320,0.710,1,0,1.000,0,0,11,32,0,38,0
19-01 12:13:37,21.995,3.249,73.732,0,0,1545128,1008880,171428,5205328,9519.632,1619.597,0,0,0,0,1842,1178,1.750,1.320,0.710,1,0,2.000,0,0,11,32,0,38,0
19-01 12:13:38,22.751,3.750,73.504,0,0,1523100,1030916,171428,5205320,7457.434,1458.085,0,12.001,0,1.000,1798,1168,1.750,1.320,0.710,1,0,1.000,0,0,11,32,0,31,0
19-01 12:13:39,22.001,3.250,73.502,0,0,1545032,1008984,171428,5205320,9037.230,1620.041,0,0,0,0,1827,1226,1.750,1.320,0.710,1,0,2.000,0,0,11,32,0,31,0
19-01 12:13:40,22.798,2.756,74.158,0,0,1533272,1020736,171428,5205328,9075.298,1623.452,0,68.145,0,4.009,1840,1245,1.750,1.320,0.710,1,0,1.002,0,0,11,32,0,31,0
19-01 12:13:41,22.195,2.993,73.317,0,0,1522736,1031272,171428,5205328,6445.927,1615.971,0,0,0,0,1790,1221,1.690,1.310,0.720,1,0,1.995,0,0,11,32,0,31,0
19-01 12:13:42,23.001,3.500,73.254,0,0,1444704,1109284,171428,5205348,6507.331,1620.082,0,2088.106,0,9.000,1825,1225,1.690,1.310,0.720,1,0,2.000,0,0,11,32,0,25,0
19-01 12:13:43,21.750,4.250,73.752,0,0,1492552,1061460,171428,5205324,9344.193,1662.034,0,0,0,0,1839,1163,1.690,1.310,0.720,1,0,2.000,0,0,11,32,0,25,0
19-01 12:13:44,22.555,3.007,73.428,0,0,1506548,1047528,171428,5205260,10656.893,1623.946,0,240.585,0,11.027,2029,1541,1.690,1.310,0.720,1,0,1.002,0,0,11,32,0,25,0
19-01 12:13:45,22.701,2.994,73.592,0.249,0,1497088,1056984,171432,5205260,9037.649,1616.539,0,395.154,0,28.938,1982,1375,1.690,1.310,0.720,1,0,1.996,0,0,11,32,0,25,0
19-01 12:13:46,22.297,3.006,73.906,0,0,1471320,1082676,171432,5205336,7253.317,1623.428,0,96.203,0,3.006,1846,1283,1.720,1.320,0.720,1,0,1.002,0,0,11,32,0,19,0
19-01 12:13:47,22.723,3.995,72.663,0,0,1473008,1080988,171432,5205328,8857.428,1456.262,0,155.814,0,31.962,2062,1338,1.720,1.320,0.720,1,0,6.992,0,0,11,32,0,19,0
19-01 12:13:48,22.508,3.001,74.026,0,0,1507132,1046864,171432,5205328,7161.530,1620.572,0,20.007,0,1.000,1817,1187,1.720,1.320,0.720,1,0,2.001,0,0,11,32,0,19,0
19-01 12:13:49,22.505,3.751,73.267,0,0,1463448,1090548,171432,5205328,6137.455,1620.384,0,0,0,0,1847,1359,1.720,1.320,0.720,2,0,1.000,0,0,11,32,0,19,0
19-01 12:13:50,22.499,3.000,73.746,0,0,1458004,1095972,171432,5205348,6044.652,1619.907,0,87.995,0,3.000,1816,1292,1.720,1.320,0.720,3,0,1.000,0,0,11,32,0,15,0
19-01 12:13:51,22.495,3.249,73.734,0,0,1487064,1066924,171432,5205336,12051.418,1619.653,0,0,0,0,1835,1173,1.660,1.320,0.730,2,0,2.000,0,0,11,32,0,15,0
19-01 12:13:52,16.265,12.512,70.566,0,0,1456576,1097364,171432,5205384,7607.149,1621.524,0,332.312,0,36.034,4240,3163,1.660,1.320,0.730,2,0,293.276,0,0,11,32,0,15,0
19-01 12:13:53,17.480,9.489,71.920,0,0,1485188,1068724,171432,5205412,8987.951,1618.191,0,71.920,0,2.997,3285,2463,1.660,1.320,0.730,2,0,167.812,0,0,11,32,0,15,0
19-01 12:13:54,24.265,1.501,73.796,0,0,1513360,1040360,171432,5205604,7643.738,1621.005,0,152.094,0,9.006,1782,1271,1.660,1.320,0.730,1,0,0,0,0,11,32,0,11,0
19-01 12:13:55,21.745,4.499,73.482,0.250,0,1520364,1033260,171432,5205664,9637.673,1619.609,0,387.906,0,21.995,2019,1431,1.660,1.320,0.730,1,0,8.998,0,0,11,32,0,11,0
19-01 12:13:56,18.011,10.506,70.292,0.250,0,1510524,1042968,171432,5205788,7610.562,1458.874,40.024,24.014,2.001,1.001,3342,2306,1.610,1.310,0.730,1,0,208.125,0,0,11,32,0,11,0
19-01 12:13:57,8.248,21.246,68.736,0,0,1483472,1069984,171432,5205824,41081.343,1661.650,0,603.873,0,74.984,6401,4700,1.610,1.310,0.730,1,0,474.900,0,0,11,32,0,11,0
19-01 12:13:58,8.496,21.739,68.467,0,0,1474088,1079332,171432,5205856,41781.701,1619.213,0,327.841,0,30.985,6702,5213,1.610,1.310,0.730,1,0,559.728,0,0,11,32,0,7,0
19-01 12:13:59,8.752,22.256,68.019,0,0,1460188,1093188,171432,5205896,9359.554,1620.442,0,1264.345,0,14.004,6744,5362,1.610,1.310,0.730,1,0,597.163,0,0,11,32,0,7,0
19-01 12:14:00,9.005,22.012,68.789,0,0,1451996,1101356,171432,5205920,5592.158,1620.915,0,1408.796,0,16.009,6340,4929,1.610,1.310,0.730,1,0,522.295,0,0,11,32,0,7,0
19-01 12:14:01,7.730,20.946,69.071,0,0,1450548,1102772,171432,5205948,10855.813,1615.805,0,758.032,0,8.977,6067,4490,1.560,1.310,0.730,1,0,445.842,0,0,11,32,0,7,0
19-01 12:14:02,8.770,21.297,69.404,0,0.251,1437436,1115844,171432,5205988,6961.486,1623.612,0,549.222,0,12.027,6208,4803,1.560,1.310,0.730,1,0,471.048,0,0,11,32,0,5,0
19-01 12:14:03,7.998,22.494,68.732,0,0,1428112,1125132,171432,5206020,11188.137,1619.586,0,543.861,0,69.982,6772,5375,1.560,1.310,0.730,1,0,571.854,0,0,11,32,0,5,0
19-01 12:14:04,9.996,20.492,68.223,0,0,1365256,1187904,171440,5206064,7521.034,1619.361,0,339.866,0,20.992,6727,5765,1.560,1.310,0.730,2,0,558.780,0,0,11,32,0,5,0
19-01 12:14:05,36.462,30.967,31.467,0.749,0,1431872,1121220,171452,5206120,6431.235,1618.298,0,1186.752,0,80.915,7258,6657,1.560,1.310,0.730,3,0,739.222,0,0,11,32,0,11,0
19-01 12:14:06,66.605,8.764,24.789,0,0,1612400,939712,171452,5207012,8897.992,1460.296,0,152.239,0,8.013,3722,1614,1.670,1.340,0.740,3,0,2.003,0,0,11,32,0,9,0
19-01 12:14:07,52.479,8.247,27.239,10.496,0,1627976,912940,172184,5216448,11875.250,1619.352,371.851,39980.010,2.999,2994.802,16165,25793,1.670,1.340,0.740,4,0,92.963,0,0,11,36,0,10,0
19-01 12:14:08,38.024,11.757,33.271,14.759,0,1626296,905032,172776,5225096,5757.615,1715.077,0,80618.611,0,5582.505,25636,38757,1.670,1.340,0.740,1,1,138.087,0,0,11,36,0,10,0
19-01 12:14:09,40.462,9.241,32.719,14.237,0.250,1644580,876820,173116,5234356,14930.860,6654.698,0,95121.915,0,6884.480,29712,44611,1.670,1.340,0.740,3,1,50.952,0,0,11,37,0,10,0
19-01 12:14:10,45.292,12.011,29.027,11.761,0,1570604,941448,173716,5242768,11287.573,5997.618,0,75278.511,0,5319.983,24944,37457,1.670,1.340,0.740,4,0,111.104,0,0,11,34,0,11,0
19-01 12:14:11,36.001,16.001,32.501,14.751,0,1623780,881212,174000,5249236,9453.327,1620.056,372.013,36245.255,6.000,2882.100,16669,24391,1.940,1.400,0.760,3,1,266.009,0,0,11,34,0,9,0
19-01 12:14:12,45.259,18.254,25.005,10.002,0,1631456,867808,174196,5254484,17522.538,10364.093,256.052,50210.138,2.000,3809.769,22281,34529,1.940,1.400,0.760,3,0,201.041,0,0,11,35,0,9,0
19-01 12:14:13,34.739,14.496,36.739,11.247,0,1639984,855584,174416,5257852,20368.747,11884.352,1543.526,47758.339,32.990,3970.781,21882,34672,1.940,1.400,0.760,2,0,208.936,0,0,11,35,0,9,0
19-01 12:14:14,38.508,9.502,39.758,11.002,0,1607132,888668,174780,5257220,9368.998,2151.459,0,55227.777,0,4563.973,19800,32464,1.940,1.400,0.760,2,0,57.012,0,0,11,34,0,9,0
19-01 12:14:15,32.912,7.480,44.630,12.217,0,1631956,862488,175068,5258268,10794.994,6547.407,0,45090.842,0,4135.887,21470,31565,1.940,1.400,0.760,2,0,44.879,0,0,11,35,0,9,0
19-01 12:14:16,33.594,6.769,46.881,10.780,0,1625300,866892,175188,5260348,19432.371,11314.658,0,47079.728,0,4154.625,21474,34395,2.100,1.440,0.780,2,0,36.101,0,0,11,35,0,9,0
19-01 12:14:17,36.466,10.990,41.712,9.741,0,1540712,949068,175240,5262648,13320.734,7130.434,0,38356.681,0,3647.641,20001,29886,2.100,1.440,0.780,3,0,118.891,0,0,11,36,0,10,0
19-01 12:14:18,38.283,7.256,39.033,13.011,0,1589932,896148,175404,5266076,9112.799,1863.595,0,62517.506,0,4901.195,24943,35746,2.100,1.440,0.780,0,1,60.051,0,0,11,36,1,10,0
19-01 12:14:19,29.499,7.750,47.248,13.249,0,1586164,896440,175564,5269292,19103.257,10889.576,0,68321.342,0,5484.787,25672,40631,2.100,1.440,0.780,4,0,77.997,0,0,11,37,0,10,0
19-01 12:14:20,31.497,7.749,45.996,11.749,0,1582484,896784,175616,5272476,16727.572,11572.012,0,69378.078,0,5421.537,26977,42262,2.100,1.440,0.780,1,1,83.993,0,0,11,36,0,10,0
19-01 12:14:21,36.912,9.976,39.406,12.221,0,1582468,897836,175664,5271352,6131.437,1616.161,0,45571.758,0,4065.344,20786,29456,2.180,1.470,0.790,5,0,53.872,0,0,11,36,0,10,0
19-01 12:14:22,36.091,7.519,42.858,12.281,0,1597728,885000,175776,5268848,15610.244,6677.788,0,60123.147,0,4928.390,24109,34714,2.180,1.470,0.790,5,0,35.088,0,0,11,37,0,10,0
19-01 12:14:23,30.179,10.475,55.868,1.496,0,1462536,1020176,175780,5268860,20757.885,11312.234,0,12654.059,0,838.017,8103,11284,2.180,1.470,0.790,1,0,217.485,0,0,11,33,0,12,0
19-01 12:14:24,18.028,5.759,74.865,0.501,0,1415236,1067452,175780,5268884,14580.426,7081.893,0,1562.403,0,88.136,3656,4084,2.180,1.470,0.790,3,0,55.085,0,0,11,32,0,13,0
19-01 12:14:25,18.720,2.246,78.127,0.250,0,1462260,1020424,175780,5268888,8854.040,3806.998,0,2412.197,0,192.696,2152,1486,2.180,1.470,0.790,2,0,0,0,0,11,33,0,13,0
19-01 12:14:26,19.246,3.999,74.733,0.750,0,1439972,1042692,175780,5268908,15713.520,8055.216,0,3711.178,0,221.951,4103,4450,2.080,1.460,0.800,1,0,33.992,0,0,11,32,0,14,0
19-01 12:14:27,22.034,3.255,73.363,0,0,1490208,992456,175780,5268908,42386.366,1622.502,0,176.272,0,30.046,1908,1150,2.080,1.460,0.800,1,0,0,0,0,11,32,0,14,0
19-01 12:14:28,16.478,1.997,82.138,0,0,1470936,1011720,175780,5268916,47607.148,8329.653,0,383.478,0,15.978,2454,2573,2.080,1.460,0.800,1,0,1.997,0,0,11,32,0,15,0
19-01 12:14:29,18.756,7.002,72.774,0,0,1504368,978288,175780,5268916,6467.166,1620.543,0,152.051,0,10.003,2426,1680,2.080,1.460,0.800,1,0,58.019,0,0,11,32,0,15,0
19-01 12:14:30,17.275,2.003,79.617,0,0,1512128,970172,175784,5269268,16260.877,8600.629,0,36.053,0,4.006,2595,2665,2.080,1.460,0.800,2,0,0,0,0,11,33,0,15,0
19-01 12:14:31,18.473,5.991,74.890,0.499,0,1504124,978156,175784,5269296,11359.368,5134.482,0,243.643,0,23.965,3244,3387,2.160,1.480,0.810,1,0,42.937,0,0,11,32,0,16,0
19-01 12:14:32,18.513,2.252,78.055,0.250,0,1499000,983148,175784,5269428,14494.265,6810.823,0,144.102,0,10.007,2019,1643,2.160,1.480,0.810,1,0,1.001,0,0,11,33,0,16,0
19-01 12:14:33,16.008,2.501,79.037,0,0,1433588,1048544,175784,5269448,14546.835,7202.384,0,580.273,0,58.027,3398,4064,2.160,1.480,0.810,1,0,15.007,0,0,11,32,0,17,0
19-01 12:14:34,16.267,25.026,57.810,0,0,1426516,1055456,175784,5269608,8741.147,1567.640,0,300.314,0,19.020,7485,13504,2.160,1.480,0.810,2,0,708.742,0,0,11,34,0,19,0
19-01 12:14:35,62.749,12.000,24.500,0,0,1547064,934692,175808,5269800,10585.903,1619.985,0,747.993,0,51.000,4701,3049,2.160,1.480,0.810,3,0,112.999,0,0,11,32,0,23,0
19-01 12:14:36,67.438,7.743,24.228,0,0,1706456,772104,175888,5272720,5623.824,1618.510,0,2957.278,0,94.913,3972,1573,2.220,1.510,0.820,3,0,0,0,0,11,32,0,23,0
19-01 12:14:37,61.516,7.252,27.257,2.001,0,1812928,659852,176040,5277836,8551.266,1620.429,0,12851.405,0,784.208,7249,6903,2.220,1.510,0.820,1,1,48.013,0,0,11,38,0,23,0
19-01 12:14:38,33.763,9.254,41.266,13.005,0,1797008,661980,176120,5291108,8797.437,1620.633,0,107858.135,0,7474.920,32866,50186,2.220,1.510,0.820,4,1,237.093,0,0,11,38,0,23,0
19-01 12:14:39,20.750,8.250,52.001,17.750,0,1795796,655684,176180,5298268,6547.069,1662.018,0,74356.788,0,5606.059,24854,37794,2.220,1.510,0.820,4,1,174.002,0,0,11,38,0,23,0
19-01 12:14:40,36.253,10.001,34.753,16.252,0,1654352,789824,176252,5305232,9905.924,1620.151,0,77751.250,0,5598.522,26284,39862,2.220,1.510,0.820,3,2,213.020,0,0,11,36,0,23,0
19-01 12:14:41,46.183,9.486,29.458,12.482,0,1714444,719040,176336,5315492,7406.325,1617.668,0,70039.054,0,5378.248,23727,39702,2.610,1.600,0.850,6,0,153.778,0,0,11,36,0,23,0
19-01 12:14:42,43.016,10.504,29.761,13.255,0,1770408,649264,176364,5328720,10375.972,1620.620,0,106056.598,0,6844.620,28692,44305,2.610,1.600,0.850,6,0,1.000,0,0,11,36,0,23,0
19-01 12:14:43,40.540,12.512,33.784,12.012,0,1713928,700672,176412,5333572,7726.670,1459.449,0,89168.511,0,6315.269,27798,43169,2.610,1.600,0.850,2,0,149.148,0,0,11,36,0,23,0
19-01 12:14:44,38.258,8.002,46.260,7.502,0,1453044,959076,176444,5335944,7633.694,1620.360,0,50751.260,0,3710.823,16470,25282,2.610,1.600,0.850,2,0,153.034,0,0,11,32,0,23,0
19-01 12:14:45,19.234,8.493,71.439,0,0,1494248,917852,176444,5335964,10681.852,1618.614,0,943.192,0,42.963,3040,2342,2.610,1.600,0.850,2,0,156.866,0,0,11,32,0,23,0
19-01 12:14:46,22.758,3.501,72.527,0.750,0,1544668,867432,176444,5335964,7966.927,1620.595,0,6542.404,0,356.131,2374,2731,2.480,1.590,0.850,2,0,0,0,0,11,32,0,23,0
19-01 12:14:47,23.757,2.501,72.522,0,0.250,1495648,916416,176444,5335972,5682.717,1620.490,0,152.046,0,13.004,2333,1834,2.480,1.590,0.850,2,0,20.006,0,0,11,32,0,23,0
19-01 12:14:48,21.747,3.749,73.990,0,0,1487920,924144,176444,5335972,10375.536,1619.771,0,0,0,0,2015,1342,2.480,1.590,0.850,1,0,15.998,0,0,11,32,0,23,0
19-01 12:14:49,22.458,3.244,73.612,0,0,1547132,864932,176444,5335972,9883.438,1616.963,0,39.925,0,3.993,1791,1166,2.480,1.590,0.850,1,0,1.996,0,0,11,32,0,23,0
19-01 12:14:50,18.542,17.791,63.144,0,0,1485124,926780,176444,5336132,10810.633,1623.700,0,689.571,0,50.114,4928,4382,2.480,1.590,0.850,2,0,490.117,0,0,11,32,0,23,0
19-01 12:14:51,11.739,32.720,53.951,0,0,1471648,940212,176444,5336184,9253.591,1456.676,0,307.720,0,28.974,7802,6848,2.440,1.600,0.860,2,0,956.131,0,0,11,32,0,23,0
19-01 12:14:52,8.004,22.010,69.533,0,0,1465808,945972,176444,5336260,6243.944,1620.764,0,116.055,0,10.005,6141,4579,2.440,1.600,0.860,2,0,462.218,0,0,11,32,0,23,0
19-01 12:14:53,9.248,19.996,69.237,0,0,1432960,978784,176444,5336296,8754.315,1619.688,0,23.995,0,5.999,5836,4291,2.440,1.600,0.860,1,0,380.927,0,0,11,32,0,23,0
19-01 12:14:54,14.507,19.509,64.531,0.250,0,1414920,996792,176444,5336660,8423.018,1620.773,0,936.447,0,160.076,6731,7095,2.440,1.600,0.860,2,0,332.158,0,0,11,32,0,23,0
19-01 12:14:55,37.666,11.225,50.637,0,0,1465492,946172,176452,5336804,10288.013,1616.388,0,39.911,0,0.998,3907,2709,2.440,1.600,0.860,2,0,130.708,0,0,11,33,0,23,0
19-01 12:14:56,43.557,7.009,48.563,0,0,1565608,845956,176452,5336904,10745.030,1622.118,0,24.031,0,2.003,2789,1458,2.400,1.600,0.870,3,0,0,0,0,11,33,0,23,0
19-01 12:14:57,46.745,4.500,47.995,0,0,1622664,788332,176496,5337384,46081.098,1661.823,0,911.903,0,57.994,3918,2878,2.400,1.600,0.870,3,0,18.998,0,0,11,49,0,23,0
19-01 12:14:58,33.540,12.515,53.063,0,0,1648804,758220,176528,5340928,45252.094,1621.939,0,792.948,0,90.108,6568,9417,2.400,1.600,0.870,3,0,190.227,0,0,11,48,0,23,0
19-01 12:14:59,18.499,16.500,64.498,0,0,1649288,757664,176528,5340936,7183.801,1619.955,0,367.990,0,13.000,6010,7097,2.400,1.600,0.870,1,0,281.992,0,0,11,48,0,23,0
19-01 12:15:00,1.247,1.247,96.549,0.249,0,1647928,759024,176528,5340944,5361.822,1508.855,0,371.226,0,26.944,1188,1635,2.400,1.600,0.870,0,0,22.952,0,0,11,48,0,23,0
19-01 12:15:01,1.000,1.000,97.287,0,0,1647924,759024,176532,5340944,9805.759,1566.601,0,32.012,0,4.002,922,1022,2.210,1.580,0.860,0,0,6.002,0,0,11,48,0,23,0
19-01 12:15:02,0.250,0.750,98.480,0,0,1647924,759024,176532,5340944,7985.406,1619.677,0,0,0,0,843,1022,2.210,1.580,0.860,0,0,3.999,0,0,11,48,0,23,0
19-01 12:15:03,0.750,0.250,98.227,0,0,1647924,759024,176532,5340944,8456.035,1619.624,0,0,0,0,597,845,2.210,1.580,0.860,0,0,1.000,0,0,11,48,0,23,0
19-01 12:15:04,10.973,10.724,76.315,0.249,0,1625720,781232,176532,5340940,7513.749,1616.074,0,1025.509,0,72.823,4689,5124,2.210,1.580,0.860,1,0,200.513,0,0,11,48,0,23,0
19-01 12:15:05,14.547,15.049,69.226,0,0,1644880,762044,176532,5340952,9100.666,1625.298,0,4.013,0,1.003,5417,5914,2.210,1.580,0.860,3,0,268.876,0,0,11,48,0,23,0
19-01 12:15:06,15.979,17.477,64.916,0,0,1639512,767352,176532,5341104,10549.417,1855.611,0,115.851,0,4.994,6212,6413,2.110,1.570,0.860,1,0,336.567,0,0,12,48,0,23,0
19-01 12:15:07,15.245,12.496,70.726,0.250,0,1646160,760568,176532,5341136,7218.566,1511.490,0,479.838,0,36.988,5061,5965,2.110,1.570,0.860,0,0,252.915,0,0,12,64,0,23,0
19-01 12:15:08,6.515,12.278,80.686,0,0,1653960,752744,176532,5341592,8887.449,1717.953,0,0,0,0,4272,4438,2.110,1.570,0.860,1,0,204.470,0,0,14,64,0,16,0
19-01 12:15:09,16.510,12.008,69.544,0.250,0,1648832,757816,176532,5341180,8982.645,1621.019,0,5939.733,0,239.150,4872,5020,2.110,1.570,0.860,1,0,193.121,0,0,14,66,0,16,0
19-01 12:15:10,8.998,20.496,69.486,0,0,1638568,768000,176532,5341228,8170.304,1565.675,0,1079.776,0,37.992,6451,5234,2.110,1.570,0.860,2,0,457.905,0,0,14,66,0,16,0
19-01 12:15:11,17.481,16.233,65.181,0,0,1640308,766240,176532,5341692,8989.462,1660.239,0,159.830,0,10.988,6789,7364,2.100,1.580,0.870,2,0,274.709,0,0,14,66,0,16,0
19-01 12:15:12,27.516,21.762,49.528,0,0,1703036,703460,176544,5341288,7336.152,1620.917,0,212.120,0,6.003,6170,4988,2.100,1.580,0.870,6,0,462.262,0,0,14,66,0,15,0
19-01 12:15:13,31.509,22.756,46.013,0,0,1783536,622672,176588,5341532,8859.488,1620.455,0,212.060,0,7.002,6862,5497,2.100,1.580,0.870,3,0,575.162,0,0,14,66,0,15,0
19-01 12:15:14,31.733,24.237,42.477,0,0,1898216,506608,176624,5343244,7691.916,1619.140,0,35.981,0,8.995,6868,8470,2.100,1.580,0.870,2,0,423.775,0,0,14,70,0,17,0
19-01 12:15:15,51.809,21.362,24.800,0,0,1982764,422032,176632,5343256,5970.556,1591.101,0,31.429,0,3.929,5100,5912,2.100,1.580,0.870,6,0,347.685,0,0,14,70,0,17,0
19-01 12:15:16,68.777,25.886,4.822,0,0.254,2126208,277948,176648,5344288,10867.242,1626.279,0,592.851,0,13.197,6192,7095,2.260,1.620,0.890,3,0,538.033,0,0,14,70,0,17,0
19-01 12:15:17,66.726,18.061,13.797,0,0.251,2203660,199664,176676,5344488,9709.861,1625.501,0,2372.028,0,20.068,5306,5952,2.260,1.620,0.890,4,0,278.944,0,0,14,70,0,17,0
19-01 12:15:18,66.732,25.993,4.749,2.499,0,2319828,206496,170040,5230732,7394.059,1619.575,607.840,1431.624,63.983,79.979,5884,6474,2.260,1.620,0.890,4,0,440.884,0,0,14,74,0,17,0
19-01 12:15:19,69.216,19.990,4.248,5.747,0,2423176,202140,163092,5141256,10870.589,1565.221,707.648,7516.259,46.977,539.731,9297,10512,2.260,1.620,0.890,4,0,231.885,0,0,14,74,0,17,0
19-01 12:15:20,62.247,24.650,5.478,6.972,0,2532436,155432,163152,5080160,7675.829,1613.448,1780.768,29241.253,105.571,2212.017,16746,24999,2.260,1.620,0.890,5,0,372.487,0,0,14,76,0,16,0
19-01 12:15:21,69.551,21.844,8.035,0.753,0,2645188,169048,162652,4956912,9620.578,1627.032,116.504,8733.746,11.048,615.661,10701,15180,3.200,1.820,0.960,7,0,222.964,0,0,14,80,0,19,0
19-01 12:15:22,67.795,24.016,5.003,3.002,0,2709028,175628,162644,4888376,7316.832,1621.070,1420.938,11055.300,79.052,520.344,9360,16232,3.200,1.820,0.960,3,1,522.345,0,0,14,93,0,26,0
19-01 12:15:23,53.565,25.910,18.935,0.498,0,2819396,136516,162604,4819488,6301.205,1506.788,223.228,944.732,8.969,53.814,8731,11943,3.200,1.820,0.960,2,0,491.301,0,0,14,93,0,26,0
19-01 12:15:24,50.898,15.545,30.589,2.758,0,2906636,187388,162608,4683952,10908.794,1624.735,2130.209,4806.007,36.105,268.783,5675,5553,3.200,1.820,0.960,3,1,198.579,0,0,14,95,0,23,0
19-01 12:15:25,64.502,9.500,24.751,0.250,0,3075520,150208,162628,4554900,7177.167,1620.038,88.002,132.003,6.000,7.000,5157,6888,3.200,1.820,0.960,3,0,10.000,0,0,14,98,0,26,0
19-01 12:15:26,13.514,17.769,66.571,1.001,0,3093960,131120,162636,4555480,9054.665,1711.827,4.004,1761.881,1.001,120.128,6040,5375,3.100,1.830,0.960,1,0,305.326,0,0,14,101,0,27,0
19-01 12:15:27,8.750,19.250,70.749,0.250,0,3093312,131736,162636,4555512,42345.481,1619.980,0,131.998,0,13.000,6074,4590,3.100,1.830,0.960,1,0,377.995,0,0,14,101,0,27,0
19-01 12:15:28,8.733,17.965,71.112,0,0,3099140,125876,162636,4555544,43556.690,1616.870,3.992,43.915,0.998,4.990,5345,3771,3.100,1.830,0.960,1,0,307.405,0,0,14,101,0,25,0
19-01 12:15:29,20.496,3.249,75.236,0.250,0,3147212,145024,162636,4489776,10568.063,3589.342,23.996,3.999,2.000,1.000,1817,1178,3.100,1.830,0.960,0,0,0,0,0,14,102,0,25,0
19-01 12:15:30,19.040,3.006,76.913,0,0,3116176,176028,162640,4489804,26954.225,22010.729,12.026,352.749,3.006,25.053,2695,2702,3.100,1.830,0.960,1,0,14.030,0,0,14,103,0,26,0
19-01 12:15:31,20.499,6.250,72.997,0,0,3164664,193076,162640,4425660,6391.750,1511.941,0,1407.945,0,4.000,2350,1645,2.930,1.810,0.960,1,0,48.998,0,0,14,103,0,26,0
19-01 12:15:32,16.713,2.744,78.578,0.499,0,3167076,190896,162644,4425592,15710.535,8130.165,11.974,630.617,2.993,53.882,2738,2785,2.930,1.810,0.960,1,0,4.989,0,0,14,114,0,26,0
19-01 12:15:33,22.743,5.998,68.979,1.500,0,3169248,188164,162656,4426128,9284.120,1619.498,79.975,1803.441,4.998,221.931,4822,6190,2.930,1.810,0.960,1,0,2.999,0,0,14,117,0,25,0
19-01 12:15:34,28.571,8.521,60.400,0.752,0,3122940,234328,162664,4426248,10092.083,2769.884,24.060,1287.199,2.005,130.324,5898,12814,2.930,1.810,0.960,1,0,94.234,0,0,14,116,0,28,0
19-01 12:15:35,23.967,6.491,69.154,0,0,3180968,176288,162664,4426260,5588.209,1617.744,0,998.608,0,34.951,2747,2100,2.930,1.810,0.960,2,0,56.921,0,0,14,120,0,28,0
19-01 12:15:36,28.238,3.998,66.473,0.500,0,3243992,179068,162664,4362068,15976.461,8023.716,39.984,1327.457,3.998,90.963,3405,3473,2.780,1.800,0.960,2,0,2.999,0,0,14,125,0,28,0
19-01 12:15:37,19.275,4.506,74.348,0.751,0,3254472,168484,162668,4362168,10323.571,3699.864,4.005,1497.969,1.001,138.182,4283,5614,2.780,1.800,0.960,1,0,2.003,0,0,14,127,0,20,0
19-01 12:15:38,40.715,10.241,47.459,0.250,0,3301476,184828,162552,4300628,7170.782,2811.562,0,767.335,0,72.937,4465,3779,2.780,1.800,0.960,2,0,99.913,0,0,14,128,0,21,0
19-01 12:15:39,36.996,4.999,57.244,0.250,0,3367516,181844,162552,4239116,11885.652,7886.106,179.980,395.955,1.000,23.997,2679,1685,2.780,1.800,0.960,1,0,0,0,0,14,129,0,21,0
19-01 12:15:40,19.012,6.504,72.545,1.001,0,3369652,179692,162552,4239136,25999.190,17611.967,0,13776.579,0,726.452,3736,2145,2.780,1.800,0.960,1,0,55.034,0,0,14,128,0,22,0
19-01 12:15:41,18.734,1.998,78.434,0,0,3390296,159052,162552,4239140,14935.379,8000.239,0,255.784,0,14.987,1816,1309,2.630,1.780,0.960,1,0,0,0,0,14,129,0,22,0
19-01 12:15:42,19.733,5.745,73.437,0,0,3408460,140740,162552,4239288,25444.315,17586.013,0,271.768,0,14.987,2619,1881,2.630,1.780,0.960,1,0,51.956,0,0,14,128,0,23,0
19-01 12:15:43,16.497,2.750,79.987,0,0,3422360,189884,162552,4177856,13376.790,7962.684,0,223.963,0,13.998,1752,1284,2.630,1.780,0.960,2,0,0,0,0,14,129,0,23,0
19-01 12:15:44,18.770,8.009,72.077,0.751,0,3381612,230516,162556,4177968,12646.519,2911.112,60.064,981.049,6.006,113.121,4165,4375,2.630,1.780,0.960,1,0,82.088,0,0,14,128,0,24,0
19-01 12:15:45,22.251,3.250,73.503,0,0,3425948,186120,162556,4178028,13466.571,7344.312,48.002,312.013,3.000,17.001,3426,4346,2.630,1.780,0.960,4,0,17.001,0,0,14,137,0,24,0
19-01 12:15:46,22.734,6.495,69.700,0.250,0,3430168,181664,162556,4178264,22759.523,18184.835,0,387.719,0,24.982,4923,6871,2.500,1.770,0.960,1,0,64.953,0,0,14,136,0,26,0
19-01 12:15:47,20.008,3.501,75.530,0.250,0,3469632,142164,162556,4178300,10388.192,3591.449,32.013,260.105,2.001,13.005,1986,1368,2.500,1.770,0.960,0,0,6.002,0,0,14,137,0,26,0
19-01 12:15:48,20.538,4.258,71.381,2.004,0,3457860,153792,162564,4178436,13217.234,6229.422,16.029,11300.720,1.002,605.109,6460,8967,2.500,1.770,0.960,1,0,1.002,0,0,14,138,0,26,0
19-01 12:15:49,23.728,6.494,67.437,0.749,0,3418180,193408,162564,4178500,7873.644,2857.330,15.985,1894.230,0.999,169.841,5640,7342,2.500,1.770,0.960,2,0,52.951,0,0,14,137,0,28,0
19-01 12:15:50,20.203,2.245,76.322,0,0,3443004,168572,162564,4178512,10989.406,3932.841,0,243.433,0,13.967,2010,1545,2.500,1.770,0.960,2,0,0,0,0,14,138,0,28,0
19-01 12:15:51,18.535,4.258,75.644,0.751,0,3442056,169328,162564,4178704,17218.821,9361.845,0,829.581,0,80.153,3499,4303,2.380,1.760,0.970,1,0,1.002,0,0,14,138,0,28,0
19-01 12:15:52,28.279,6.757,63.565,0.751,0,3441872,169440,162564,4178776,9414.575,2289.328,0,1309.332,0,158.161,6762,9313,2.380,1.760,0.970,1,0,2.002,0,0,14,140,0,28,0
19-01 12:15:53,25.462,6.740,66.152,0.250,0,3413364,197912,162572,4178804,8631.224,1815.313,0,611.095,0,41.938,3487,3573,2.380,1.760,0.970,1,0,68.898,0,0,14,139,0,29,0
19-01 12:15:54,18.012,2.252,79.054,0,0,3428992,182276,162572,4178812,13641.273,9699.594,0,604.411,0,21.014,2071,1664,2.380,1.760,0.970,0,0,0,0,0,14,140,0,29,0
19-01 12:15:55,17.493,9.246,71.472,0.500,0,3402000,209220,162576,4178856,11703.384,3180.745,0,1291.491,0,159.937,4764,5085,2.380,1.760,0.970,2,0,146.942,0,0,14,139,0,30,0
19-01 12:15:56,19.252,3.000,77.508,0,0,3424232,186948,162576,4178896,18087.819,7384.742,0,456.046,0,26.003,2082,1921,2.270,1.740,0.970,1,0,0,0,0,14,140,0,30,0
19-01 12:15:57,17.991,2.499,77.963,0.500,0,3423460,187700,162580,4178912,47737.442,7301.550,0,579.726,0,42.980,3225,3529,2.270,1.740,0.970,2,0,0,0,0,14,140,0,30,0
19-01 12:15:58,26.477,7.494,63.945,0.749,0.250,3424396,186640,162584,4179032,42559.165,1618.599,0,1686.540,0,167.855,6852,9305,2.270,1.740,0.970,1,0,0.999,0,0,14,142,0,30,0
19-01 12:15:59,43.782,16.012,37.528,1.001,0,3368104,242384,162644,4179500,10833.036,3540.626,88.065,7089.259,6.004,497.369,14805,23409,2.270,1.740,0.970,2,1,290.215,0,0,14,143,0,31,0
19-01 12:16:00,27.787,4.256,67.340,0,0,3435028,175396,162644,4179532,10908.546,2040.721,0,1005.341,0,54.072,2912,2901,2.270,1.740,0.970,2,0,0,0,0,14,143,1,31,0
19-01 12:16:01,16.508,6.753,76.035,0,0,3414164,196212,162644,4179580,15272.958,8964.084,0,348.159,0,14.006,3203,2888,2.170,1.730,0.970,1,0,100.046,0,0,14,143,0,32,0
19-01 12:16:02,10.002,20.004,69.262,0,0,3381772,228424,162644,4179760,5712.018,1620.289,0,408.073,0,20.004,6150,4910,2.170,1.730,0.970,2,0,417.074,0,0,14,143,0,32,2
19-01 12:16:03,17.728,15.231,64.919,0,0,3387664,222524,162644,4179784,9060.675,1617.978,0,327.591,0,17.978,5832,6637,2.170,1.730,0.970,2,0,254.682,0,0,14,143,0,32,2
19-01 12:16:04,30.036,22.778,47.307,0.250,0,3437012,173132,162644,4179816,7526.111,1621.964,0,1041.261,0,59.072,6487,5331,2.170,1.730,0.970,2,0,462.560,0,0,14,143,0,32,2
19-01 12:16:05,33.000,20.250,44.751,0.500,0,3477576,132172,162660,4180268,9710.109,1690.019,32.000,4900.055,4.000,454.005,7403,7779,2.170,1.730,0.970,3,0,361.004,0,0,14,149,0,32,2
19-01 12:16:06,40.261,19.136,39.266,0,0,3550148,181508,162660,4061572,7528.227,1503.061,99.409,330.037,6.959,21.870,7054,9778,2.160,1.740,0.970,5,0,399.623,0,0,16,149,0,32,2
19-01 12:16:07,56.837,28.794,14.272,0.250,0,3705524,137180,162476,3953500,9508.489,1568.390,28.043,681.038,6.009,51.078,7345,10334,2.160,1.740,0.970,6,0,543.829,0,0,16,155,0,32,2
19-01 12:16:08,55.998,18.833,24.609,0,0,3794828,124860,162444,3876692,9810.368,1721.611,24.107,462.043,3.013,32.142,7274,11367,2.160,1.740,0.970,3,0,261.154,0,0,16,171,0,32,2
19-01 12:16:09,36.481,22.988,39.729,0,0,3838256,179992,162444,3779396,6355.699,1619.159,0,583.697,0,10.994,7465,5531,2.160,1.740,0.970,3,0,545.717,0,0,16,171,0,32,2
19-01 12:16:10,23.262,22.261,53.527,0.500,0,3875952,141620,162444,3780560,6544.319,1710.868,0,8968.549,0,733.372,8305,6581,2.160,1.740,0.970,1,0,448.227,0,0,17,173,0,32,0
19-01 12:16:11,25.972,15.983,57.439,0,0,3900508,169916,162196,3728424,9253.168,1618.280,3.996,63.932,0.999,5.994,5599,5610,2.140,1.740,0.980,2,0,277.705,0,0,17,173,0,32,0
19-01 12:16:12,32.026,24.020,43.536,0,0,3967540,156012,162196,3676844,8984.351,1691.384,16.013,568.465,4.003,48.039,7621,7472,2.140,1.740,0.980,3,0,488.400,0,0,17,175,0,32,0
19-01 12:16:13,43.986,19.244,35.738,0.250,0,4055724,144916,162208,3601412,10590.571,1511.511,179.942,535.827,6.998,25.992,7248,9928,2.140,1.740,0.980,2,0,266.914,0,0,17,187,0,32,0
19-01 12:16:14,29.509,25.758,43.513,0.250,0,4114944,157776,162208,3530860,5937.841,1620.502,16.005,200.062,1.000,17.005,7303,6467,2.140,1.740,0.980,3,0,679.211,0,0,17,187,0,32,0
19-01 12:16:15,29.230,23.234,46.468,0,0,4186468,135560,162216,3482744,9150.650,1618.877,15.989,887.384,3.997,60.958,8792,10869,2.140,1.740,0.980,1,0,540.625,0,0,17,199,0,32,0
19-01 12:16:16,17.245,17.745,63.231,0.500,0,4197296,124636,162216,3483276,7038.838,1565.519,0,623.808,0,92.971,7233,8394,2.050,1.730,0.980,1,0,312.904,0,0,17,199,0,32,0
19-01 12:16:17,35.178,11.975,51.394,0.499,0,4276972,150616,162216,3379092,6268.088,1616.670,143.704,842.265,4.990,44.907,4382,3602,2.050,1.730,0.980,3,0,116.759,0,0,17,199,0,32,0
19-01 12:16:18,46.826,7.763,43.821,1.002,0,4389800,135068,162216,3284000,5831.442,1622.627,432.701,488.791,12.019,60.097,3941,3095,2.050,1.730,0.980,2,0,9.015,0,0,17,215,0,30,0
19-01 12:16:19,38.456,5.743,54.188,0.749,0,4465012,182596,162220,3163428,9832.788,1618.155,123.859,3364.164,8.990,20.976,3439,2470,2.050,1.730,0.980,1,0,6.992,0,0,17,220,0,30,0
19-01 12:16:20,34.343,25.319,38.354,1.253,0,4421500,223724,162228,3165804,7074.153,1714.642,950.574,485.314,13.035,31.084,7967,10098,2.050,1.730,0.980,2,0,574.556,0,0,17,219,0,30,0
19-01 12:16:21,33.166,24.438,40.646,0,0,4434308,210288,162232,3166880,18730.304,9422.007,107.726,383.025,4.987,29.924,7112,8041,2.050,1.730,0.980,4,0,469.804,0,0,17,225,0,31,0
19-01 12:16:22,59.983,19.994,17.995,1.750,0,4531380,130752,162252,3149964,8892.511,2384.333,1175.671,1423.602,21.994,47.987,6645,7979,2.050,1.730,0.980,4,0,238.933,0,0,17,228,0,29,0
19-01 12:16:23,63.098,14.022,14.272,7.762,0,4586376,181640,162252,3045940,14737.908,7355.433,1117.737,440.685,23.036,19.030,4723,3888,2.050,1.730,0.980,3,0,21.033,0,0,17,235,0,29,0
19-01 12:16:24,52.317,9.512,24.782,14.018,0,4596944,204344,162288,3014396,12838.468,6822.751,6043.752,1618.075,357.459,56.072,6049,5974,2.050,1.730,0.980,4,2,31.040,0,0,17,240,0,31,0
19-01 12:16:25,55.195,18.482,22.478,2.997,0.250,4681168,152788,162356,2982868,7593.489,1618.399,947.063,1458.557,130.871,137.864,7349,8347,2.050,1.730,0.980,4,0,257.745,0,0,17,241,0,35,0
19-01 12:16:26,29.754,23.253,45.507,0,0,4667888,164004,162360,2985384,19624.810,11806.690,28.004,9637.380,4.001,51.007,7978,9880,2.120,1.750,1,2,0,449.064,0,0,17,242,0,24,0
19-01 12:16:27,46.523,20.760,32.516,0,0,4695044,135888,162360,2985956,44943.018,2360.156,4.002,404.198,1.000,28.014,6118,6407,2.120,1.750,1,4,0,316.155,0,0,17,241,0,25,0
19-01 12:16:28,54.768,26.259,17.256,0.500,0,4756812,147444,162360,2914124,47536.640,9506.128,240.079,568.187,5.002,35.012,7640,9587,2.120,1.750,1,2,0,504.166,0,0,17,246,0,25,0
19-01 12:16:29,58.493,19.498,18.998,2.500,0,4768220,173364,162832,2877340,13024.498,4610.468,1587.817,979.887,76.991,56.993,7955,12498,2.120,1.750,1,3,0,213.975,0,0,17,249,0,28,0
19-01 12:16:30,56.238,24.495,17.996,0,0,4866576,145452,162844,2808512,13001.139,7432.364,11.997,571.874,2.999,36.992,7095,7311,2.120,1.750,1,4,0,522.885,0,0,17,252,0,28,0
19-01 12:16:31,52.203,20.482,20.731,5.745,0,4843180,192908,162852,2785220,14858.596,6801.864,647.416,13767.580,39.964,1140.971,11595,15305,2.190,1.780,1.010,4,0,251.773,0,0,17,259,0,31,0
19-01 12:16:32,69.683,18.665,10.204,0.249,0,4980116,144544,162852,2697712,9099.589,1853.565,537.554,696.829,8.959,19.909,11311,17386,2.190,1.780,1.010,3,0,120.452,0,0,17,260,0,31,0
19-01 12:16:33,50.738,6.279,41.193,1.758,0,5045988,124780,162860,2652012,24026.777,18977.075,723.395,638.999,46.217,44.208,4501,3630,2.190,1.780,1.010,2,0,3.014,0,0,17,262,0,33,0
19-01 12:16:34,63.333,12.218,21.194,2.743,0,5107364,153380,162468,2566396,12178.924,3372.119,1699.524,2732.803,73.806,179.527,6879,10920,2.190,1.780,1.010,4,1,54.856,0,0,17,270,0,35,0
19-01 12:16:35,50.777,21.511,25.764,0.750,0,5046796,212992,162656,2565120,21026.176,13309.074,1881.000,2412.282,63.034,133.071,8543,15034,2.190,1.780,1.010,9,0,411.219,0,0,17,271,0,38,0
19-01 12:16:36,49.850,28.808,19.539,1.754,0,5065868,190120,162768,2569212,7660.434,1623.271,4140.342,1779.586,59.119,79.159,7945,10322,2.260,1.800,1.020,3,0,468.945,0,0,17,271,0,38,0
19-01 12:16:37,63.053,18.265,17.265,1.001,0,5114984,140832,162776,2569300,16671.069,9649.143,644.544,940.794,17.014,33.028,5824,6591,2.260,1.800,1.020,3,0,248.209,0,0,18,275,0,38,0
19-01 12:16:38,77.654,13.234,4.994,3.496,0,5165584,158272,162776,2503008,12499.516,4340.623,3204.031,1178.540,169.790,79.901,6617,5953,2.260,1.800,1.020,4,0,14.981,0,0,18,278,0,36,0
19-01 12:16:39,75.210,11.994,4.997,8.246,0,5279812,135904,162788,2413580,14601.233,7382.073,1715.088,1799.043,85.954,144.923,6269,5970,2.260,1.800,1.020,5,0,11.994,0,0,18,281,0,37,0
19-01 12:16:40,63.622,16.716,16.966,1.497,0,5282124,163760,162816,2384104,12387.984,6905.056,1209.557,1568.832,35.927,111.774,7429,8246,2.260,1.800,1.020,3,0,225.545,0,0,18,284,0,39,0
19-01 12:16:41,40.616,8.775,49.642,0.251,0,5326788,150608,162824,2353532,11668.306,4961.161,585.672,485.385,10.029,30.086,3646,2792,2.240,1.800,1.020,1,0,9.026,0,0,18,288,0,39,0
19-01 12:16:42,35.791,7.258,55.813,0,0,5275168,229020,162824,2327492,35226.913,13923.776,816.926,596.676,9.010,54.061,4499,4405,2.240,1.800,1.020,2,0,13.015,0,0,18,291,0,38,1
19-01 12:16:43,46.967,11.492,40.221,0.250,0,5304816,183400,162828,2343428,16548355.918,110759.189,515.633,371.735,4.996,15.989,9656,4554,2.240,1.800,1.020,5,0,67.952,0,0,18,289,0,38,0
19-01 12:16:44,33.520,12.007,51.031,2.001,0,5356896,128820,162828,2345928,18179.057,11566.035,2549.551,5759.503,29.018,152.093,5433,5035,2.240,1.800,1.020,2,0,200.122,0,0,18,294,0,38,0
19-01 12:16:45,40.244,6.749,52.743,0,0.250,5380700,132724,162828,2319568,16346.678,8384.809,0,387.945,0,39.994,4044,3543,2.240,1.800,1.020,3,0,5.999,0,0,18,296,0,39,0
19-01 12:16:46,34.412,4.987,58.600,0.499,0,5389916,154880,162828,2289384,62277.720,1891482.403,462.816,2314.082,21.944,267.316,6052,7017,2.140,1.790,1.020,2,0,0.997,0,0,18,300,0,38,0
19-01 12:16:47,10.503,4.251,82.025,0.250,0,5346392,198344,162828,2289480,376533.818,14513974.790,36.011,9154.792,3.001,69.021,4816,3316,2.140,1.790,1.020,1,0,43.013,0,0,18,299,0,39,0
19-01 12:16:48,1.500,0.750,96.496,0.250,0,5336764,207972,162828,2289480,5683.779,1565.939,0,247.990,0,12.000,1159,1649,2.140,1.790,1.020,0,0,0,0,0,18,299,0,39,0
19-01 12:16:49,5.756,1.251,91.597,0.250,0,5318076,226660,162828,2289480,4553922.408,28291.991,0,997.057,0,66.070,3194,3048,2.140,1.790,1.020,1,0,0,0,0,18,304,0,39,0
19-01 12:16:50,24.279,3.754,69.832,0.501,0,5216100,312364,162836,2305712,11986885.162,80285.755,48.057,720.851,3.004,70.083,9903,9778,2.140,1.790,1.020,3,0,19.022,0,0,18,301,0,40,0
19-01 12:16:51,13.485,16.731,67.425,0.999,0,5252124,276228,162836,2305844,8776.236,1618.200,27.969,12394.211,1.998,1116.758,7156,6123,2.050,1.770,1.020,1,0,447.502,0,0,18,301,0,40,0
19-01 12:16:52,22.779,5.257,70.590,0.250,0.250,5289900,238444,162836,2305852,8837.256,1622.066,0,1349.719,0,36.046,3154,2754,2.050,1.770,1.020,2,0,48.061,0,0,18,303,0,40,0
19-01 12:16:53,7.991,19.977,70.668,0,0,5278416,249868,162836,2305896,8018.691,1510.247,0,16221.169,0,57.933,6112,4964,2.050,1.770,1.020,1,0,370.570,0,0,18,303,0,40,0
19-01 12:16:54,5.983,12.465,78.776,1.496,0,5269300,258916,162836,2305964,9338.468,1615.410,31.909,506.561,1.994,34.901,4402,3922,2.050,1.770,1.020,0,0,252.283,0,0,18,303,0,39,0
19-01 12:16:55,9.269,3.006,86.173,0,0,5293580,234624,162836,2305976,7551.120,1623.250,4.008,124.249,1.002,13.026,2012,2318,2.050,1.770,1.020,1,0,9.018,0,0,18,303,0,39,0
19-01 12:16:56,20.281,3.005,76.615,0,0,5331408,196628,162836,2306144,12361.601,7355.067,0,4538.830,0,53.080,2300,2302,1.960,1.760,1.020,2,0,0,0,0,18,304,0,39,0
19-01 12:16:57,17.188,8.220,72.239,1.495,0,5301712,226216,162840,2306248,44110.401,4838.494,75.726,255.077,6.975,26.903,4120,3706,1.960,1.760,1.020,1,0,114.585,0,0,18,307,0,40,0
19-01 12:16:58,12.298,17.318,69.522,0,0,5301552,226120,162840,2306488,46486.746,1626.358,4.016,8.031,1.004,2.008,5497,4249,1.960,1.760,1.020,1,0,216.848,0,0,18,307,0,40,0
19-01 12:16:59,12.502,16.252,69.259,0,0,5293620,233932,162840,2306576,7535.993,1690.223,0,56.007,0,4.001,5419,4217,1.960,1.760,1.020,2,0,203.027,0,0,18,309,0,39,0
19-01 12:17:00,23.734,6.746,68.205,0.500,0,5324516,202992,162840,2306620,9301.825,1618.925,19.987,791.475,1.999,76.949,3852,3798,1.960,1.760,1.020,1,0,72.952,0,0,18,315,0,39,0
19-01 12:17:01,24.254,3.501,70.010,0.750,0,5386008,141168,162844,2306948,6861.028,1620.243,296.044,84.013,7.001,6.001,2706,2812,1.890,1.750,1.020,1,0,5.001,0,0,18,315,0,39,0
19-01 12:17:02,24.663,2.989,71.248,0.498,0,5285296,241760,162844,2307068,12868.405,1506.662,95.661,12451.880,5.979,66.763,2866,2601,1.890,1.750,1.020,1,0,7.972,0,0,18,315,0,39,0
19-01 12:17:03,24.317,2.256,71.947,0,0,5348420,178600,162844,2307104,9173.119,1624.448,20.055,116.319,4.011,14.038,2306,1999,1.890,1.750,1.020,2,0,0,0,0,18,315,0,37,0
19-01 12:17:04,18.506,3.501,77.024,0,0,5382780,144168,162844,2307176,14017.448,8721.768,0,36.011,0,4.001,2470,2326,1.890,1.750,1.020,3,0,3.001,0,0,18,317,1,37,1
19-01 12:17:05,18.238,1.499,79.447,0,0,5384284,142640,162844,2307200,21107.792,13456.942,0,355.761,0,1.999,2569,2484,1.890,1.750,1.020,1,0,0.999,0,0,18,315,0,39,0
19-01 12:17:06,23.755,4.751,70.016,0.250,0,5376044,150588,162844,2307492,9588.182,1566.356,0,272.062,0,21.005,2827,2794,1.810,1.730,1.020,1,0,16.004,0,0,18,315,0,39,0
19-01 12:17:07,21.253,7.251,70.011,0.500,0,5352236,174240,162844,2307648,6452.976,1620.245,128.019,1872.283,1.000,122.018,3797,3416,1.810,1.730,1.020,0,1,86.013,0,0,18,315,0,39,0
19-01 12:17:08,8.511,19.025,69.841,2.253,0,5343692,182640,162860,2307776,8902.656,1716.247,296.388,909.190,10.013,40.052,6014,5062,1.810,1.730,1.020,1,0,390.511,0,0,18,315,0,39,0
19-01 12:17:09,20.487,7.245,70.454,0,0,5365480,160560,163128,2307800,8542.464,1618.951,247.839,923.402,8.994,40.973,3683,3202,1.810,1.730,1.020,2,0,124.919,0,0,18,317,0,39,0
19-01 12:17:10,20.254,2.500,75.013,0,0,5361632,162992,163152,2309192,14111.485,3683.649,208.037,796.140,12.002,58.010,2843,2990,1.810,1.730,1.020,1,0,16.003,0,0,18,318,0,39,0
19-01 12:17:11,23.998,3.750,71.244,0.250,0,5345632,172812,163816,2314564,8003.317,1793.847,127.989,823.930,4.000,10.999,2451,2285,1.750,1.720,1.020,1,0,3.000,0,0,18,317,0,39,0
19-01 12:17:12,19.002,2.500,77.257,0.500,0,5344376,172840,163840,2315768,12213.145,4617.433,0,3596.337,0,447.042,3222,2316,1.750,1.720,1.020,1,0,18.002,0,0,18,318,0,39,0
19-01 12:17:13,22.744,5.748,68.981,0,0,5322928,188508,164444,2320800,9258.421,1793.500,0,935.739,0,13.996,10084,18593,1.750,1.720,1.020,1,0,12.996,0,0,18,317,0,39,0
19-01 12:17:14,19.262,3.002,76.547,0.250,0,5342388,168600,164480,2321212,14484.814,4553.771,40.024,416.253,6.004,6.004,6723,11670,1.750,1.720,1.020,2,0,7.004,0,0,18,318,0,39,0
19-01 12:17:15,23.221,6.492,69.664,0.250,0,5336844,173920,164524,2321392,6005.560,1617.996,79.901,771.045,4.994,25.968,5641,8451,1.750,1.720,1.020,1,0,14.981,0,0,18,318,0,39,0
19-01 12:17:16,16.024,13.520,68.853,0.250,0,5271008,251236,164616,2309888,9572.336,1742.610,8.012,1057.584,2.003,27.040,4971,4454,1.770,1.730,1.030,1,0,265.397,0,0,18,317,0,39,0
19-01 12:17:17,23.451,3.992,71.849,0,0,5329520,192712,164616,2309900,8658.757,1508.821,0,63.865,0,5.987,2430,2060,1.770,1.730,1.030,1,0,0,0,0,18,317,0,39,0
19-01 12:17:18,18.756,1.500,78.276,0.250,0,5341516,180500,164616,2310116,19914.552,11916.921,16.005,64.021,1.000,4.001,2503,2231,1.770,1.730,1.030,1,0,0,0,0,18,317,0,41,1
19-01 12:17:19,19.505,8.502,70.017,0.250,0,5348652,173336,164616,2310144,8389.008,1686.404,16.004,0,1.000,0,3721,3139,1.770,1.730,1.030,1,0,112.027,0,0,18,317,0,42,0
19-01 12:17:20,25.248,4.000,69.995,0.500,0,5375520,146120,164616,2310476,12129.119,7409.462,63.995,523.962,3.000,40.997,4854,6263,1.770,1.730,1.030,1,0,1.000,0,0,18,320,0,42,0
19-01 12:17:21,22.777,6.257,68.580,0,0,5393320,128264,164616,2310532,12597.685,4487.231,0,392.457,0,39.046,3872,4085,1.950,1.770,1.040,1,0,71.083,0,0,18,319,0,43,0
19-01 12:17:22,20.199,3.242,75.808,0.249,0,5359212,193740,164616,2280332,13745.210,7774.323,0,319.192,0,25.934,2635,2465,1.950,1.770,1.040,1,0,1.995,0,0,18,320,0,43,0
19-01 12:17:23,20.271,6.257,72.075,0,0,5322760,230176,164616,2280348,15992.673,8514.877,0,172.180,0,10.010,3103,2670,1.950,1.770,1.040,1,0,57.059,0,0,18,321,0,42,0
19-01 12:17:24,20.009,2.251,76.286,0,0,5356272,196660,164616,2280352,13237.256,7347.472,0,164.078,0,11.005,2428,2296,1.950,1.770,1.040,1,0,0,0,0,18,322,0,42,0
19-01 12:17:25,20.938,5.733,72.038,0,0,5351012,201888,164616,2280384,14787.553,6125.004,11.965,195.426,0.997,14.956,3120,2763,1.950,1.770,1.040,2,0,31.906,0,0,18,321,0,45,0
19-01 12:17:26,19.553,3.259,76.206,0.251,0,5381168,171564,164616,2280552,17247.707,7201.502,0,276.749,0,12.033,2438,2415,1.870,1.750,1.040,2,0,0,0,0,18,322,0,45,0
19-01 12:17:27,15.252,4.751,78.758,0,0,5332916,219812,164616,2280568,48221.185,6810.732,0,1712.184,0,132.014,3322,3302,1.870,1.750,1.040,1,0,47.005,0,0,18,321,0,39,0
19-01 12:17:28,20.260,2.251,77.036,0.250,0,5376808,175920,164616,2280568,44725.191,7215.419,0,148.070,0,10.005,2293,2033,1.870,1.750,1.040,0,0,0,0,0,18,322,0,39,0
19-01 12:17:29,19.261,5.753,73.543,0,0,5359152,193556,164616,2280588,18976.184,6344.740,0,284.167,0,14.008,2951,2551,1.870,1.750,1.040,1,0,32.019,0,0,18,321,0,42,0
19-01 12:17:30,21.465,3.494,74.130,0,0,5373624,179028,164616,2280628,11356.685,7200.388,15.974,303.511,0.998,29.952,2801,2853,1.870,1.750,1.040,0,0,0,0,0,18,322,0,42,0
19-01 12:17:31,16.534,3.758,77.408,1.002,0,5338284,214096,164616,2280900,18137.107,6958.236,0,545.115,0,48.098,3455,3782,1.720,1.720,1.040,1,0,50.103,0,0,18,321,0,37,0
19-01 12:17:32,22.204,5.738,71.104,0,0,5394084,158292,164616,2280904,9039.423,1616.678,0,2854.134,0,393.192,3140,2380,1.720,1.720,1.040,2,0,38.920,0,0,18,321,0,37,0
19-01 12:17:33,17.537,4.008,77.413,0,0,5363796,188556,164616,2280928,31544.231,24104.611,0,553.161,0,29.061,2807,2552,1.720,1.720,1.040,1,0,45.095,0,0,18,323,0,39,0
19-01 12:17:34,22.748,4.000,72.244,0,0,5416688,135660,164616,2280932,9497.195,1619.863,4.000,151.987,1.000,15.999,2527,2231,1.720,1.720,1.040,1,0,3.000,0,0,18,323,0,39,0
19-01 12:17:35,23.393,5.226,69.931,0,0,5335780,216420,164616,2281080,13899.565,10278.092,0,51.764,0,3.982,3797,11889,1.720,1.720,1.040,1,0,49.773,0,0,18,323,0,34,0
19-01 12:17:36,23.109,4.773,71.336,0.251,0,5370236,181924,164616,2281120,6508.688,1627.674,0,200.947,0,20.095,2660,2646,1.660,1.710,1.030,2,0,1.005,0,0,18,323,0,34,0
19-01 12:17:37,18.486,3.497,75.942,1.249,0,5368800,181444,164620,2283000,15800.886,8241.682,1806.615,1398.928,66.949,157.879,4516,6068,1.660,1.710,1.030,1,0,2.998,0,0,18,326,0,34,0
19-01 12:17:38,23.482,4.497,69.948,0.250,0,5342540,207228,164620,2283476,9360.001,2857.863,431.677,847.366,25.981,79.940,3477,4015,1.660,1.710,1.030,1,0,4.996,0,0,18,325,0,35,0
19-01 12:17:39,19.501,2.500,76.755,0.250,0,5363180,186576,164620,2283488,16445.104,8580.576,0,512.034,0,41.003,2755,2583,1.660,1.710,1.030,1,0,0,0,0,18,326,0,32,0
19-01 12:17:40,21.021,5.005,72.073,0.751,0,5337268,212248,164620,2283728,12776.894,5546.597,176.178,1409.422,9.009,152.154,5533,7373,1.660,1.710,1.030,3,0,19.019,0,0,18,325,0,33,0
19-01 12:17:41,9.993,22.235,66.204,0.250,0,5330888,218436,164620,2283920,9675.337,1660.856,0,839.422,0,63.956,7305,6541,1.690,1.720,1.040,3,0,590.593,0,0,18,325,0,33,0
19-01 12:17:42,8.007,23.269,66.805,0.250,0,5334912,214376,164620,2283956,5977.906,1621.331,0,2790.290,0,166.136,7457,6716,1.690,1.720,1.040,3,1,571.469,0,0,18,325,0,33,0
19-01 12:17:43,8.253,23.258,66.774,0.250,0,5330340,218916,164620,2283988,6230.236,1458.524,0,556.200,0,51.018,7357,6706,1.690,1.720,1.040,1,0,642.231,0,0,18,325,0,33,0
19-01 12:17:44,8.493,22.731,67.693,0,0,5319464,229764,164620,2284016,8893.487,1618.633,0,127.892,0,16.986,7080,6159,1.690,1.720,1.040,1,0,606.488,0,0,18,325,0,30,0
19-01 12:17:45,10.006,22.014,66.793,0,0,5304948,244248,164620,2284048,10680.802,1621.032,0,56.036,0,14.009,7165,6337,1.690,1.720,1.040,1,0,602.384,0,0,18,325,0,30,0
19-01 12:17:46,9.252,22.504,67.013,0,0,5283552,265564,164620,2284128,5724.093,1620.309,0,36.007,0,9.002,7111,6422,1.560,1.690,1.030,1,0,573.109,0,0,18,325,0,30,0
19-01 12:17:47,12.480,12.231,70.888,2.746,0,5288296,375216,164696,2181688,8985.854,1617.454,363.428,2184.561,43.931,7.987,3663,3217,1.560,1.690,1.030,0,1,129.796,0,0,18,325,0,30,0
19-01 12:17:48,17.257,3.251,71.529,6.753,0,5302136,352564,164792,2190400,7455.074,1620.668,800.330,3869.596,100.041,321.132,2928,2204,1.560,1.690,1.030,1,0,3.001,0,0,18,325,0,26,0
19-01 12:17:49,22.249,2.750,73.496,0.750,0,5315780,336188,164824,2193100,9499.495,2695.857,15.999,3887.793,3.000,135.993,3004,2722,1.560,1.690,1.030,1,1,17.999,0,0,18,326,0,26,0
19-01 12:17:50,13.736,1.499,79.422,3.996,0,5330956,320312,164828,2193792,21641.634,8221.883,595.412,2145.881,35.964,131.870,2774,3163,1.560,1.690,1.030,0,1,0,0,0,18,326,0,26,0
19-01 12:17:51,10.261,1.752,85.590,1.251,0,5330212,320312,164828,2194528,18320.361,10065.637,448.474,1189.257,45.048,55.058,2220,2839,1.510,1.670,1.030,0,0,1.001,0,0,18,326,0,26,0
19-01 12:17:52,11.985,1.748,82.898,1.748,0,5340520,308720,164860,2195776,24642.596,10019.638,918.866,1282.418,45.943,54.932,2229,2440,1.510,1.670,1.030,1,0,1.998,0,0,18,326,0,23,0
19-01 12:17:53,17.259,1.251,79.790,1.251,0.250,5360012,288560,164884,2196416,16579.262,7893.934,524.261,824.411,39.019,33.016,2090,1887,1.510,1.670,1.030,1,0,0,0,0,18,326,0,23,0
19-01 12:17:54,13.487,1.499,82.670,0.999,0,5366860,280748,164884,2197372,19224.437,10025.319,811.217,1170.869,45.956,43.958,2098,2092,1.510,1.670,1.030,1,0,0,0,0,18,326,0,23,0
19-01 12:17:55,15.007,1.501,81.540,1.251,0,5368760,277976,164884,2198240,23107.227,10189.951,500.243,1000.486,44.021,37.018,2230,2187,1.510,1.670,1.030,1,0,0,0,0,18,326,0,23,0
19-01 12:17:56,14.031,3.007,72.160,9.521,0,5391124,222284,164884,2231564,8909.782,2423.381,15225.806,509.130,151.336,21.047,2449,2495,1.470,1.660,1.030,1,0,1.002,0,0,18,326,0,23,0
19-01 12:17:57,22.487,3.998,72.457,0.250,0,5409372,189776,164884,2245804,44247.782,1619.041,0,1271.247,0,42.975,2567,2256,1.470,1.660,1.030,1,0,0,0,0,18,326,0,23,0
19-01 12:17:58,23.997,2.250,71.990,0.500,0,5400736,182732,164884,2261348,43541.940,1619.775,0,6399.109,0,351.951,3106,2184,1.470,1.660,1.030,1,0,0,0,0,18,326,0,23,0
19-01 12:17:59,23.247,2.750,72.241,0.750,0,5420560,142172,164884,2281940,5819.267,1619.796,0,2411.696,0,90.989,2684,2504,1.470,1.660,1.030,2,0,0,0,0,18,326,0,23,0
19-01 12:18:00,25.004,3.251,70.012,1.250,0,5407824,141932,164884,2294592,8643.541,1528.273,0,3068.547,0,144.026,3422,3499,1.470,1.660,1.030,2,0,0,0,0,18,326,0,22,0
19-01 12:18:01,24.730,3.247,70.194,0.749,0,5398192,152084,165656,2293812,7824.728,1618.703,0,2829.732,0,96.922,3057,2978,1.430,1.650,1.030,4,0,0,0,0,18,326,0,22,0
19-01 12:18:02,22.698,3.741,71.836,0,0,5323076,243332,165728,2277440,10940.040,1789.916,0,778.224,0,23.945,2602,2149,1.430,1.650,1.030,2,0,19.954,0,0,18,325,0,22,0
19-01 12:18:03,18.775,3.004,77.353,0,0,5355148,205060,165728,2283640,14820.687,3796.042,0,1053.399,0,8.011,2291,1994,1.430,1.650,1.030,1,0,16.021,0,0,18,326,0,22,0
19-01 12:18:04,22.502,3.750,72.755,0.250,0,5348520,211284,165728,2283964,9197.652,2287.162,0,1772.126,0,160.011,2812,2321,1.430,1.650,1.030,1,0,19.001,0,0,18,326,0,22,0
19-01 12:18:05,18.729,2.997,76.166,0.250,0,5347304,205612,166052,2289904,14761.801,4293.289,0,1326.544,0,18.979,4346,6397,1.430,1.650,1.030,2,0,5.993,0,0,18,325,0,22,0
19-01 12:18:06,24.470,6.242,68.167,0,0,5367640,184636,166080,2290420,6230.406,1618.028,0,1933.643,0,23.971,10708,19371,1.480,1.660,1.040,1,0,13.983,0,0,18,325,0,22,0
19-01 12:18:07,22.563,6.518,68.692,0.251,0,5374912,177164,166116,2290584,8171.848,1624.542,0,573.604,0,22.062,8664,14885,1.480,1.660,1.040,1,0,16.045,0,0,18,325,0,22,0
19-01 12:18:08,22.517,4.253,72.305,0.250,0,5337660,227940,166120,2277600,9621.296,1715.301,0,984.747,0,20.015,3222,2930,1.480,1.660,1.040,1,0,51.039,0,0,18,325,0,20,0
19-01 12:18:09,23.985,5.497,68.458,0,0,5342016,223560,166120,2277624,8671.722,1619.015,0,347.788,0,6.996,10351,18722,1.480,1.660,1.040,1,0,23.985,0,0,18,325,0,20,0
19-01 12:18:10,19.753,3.001,75.763,0.250,0,5369360,190764,166120,2283076,17099.950,3695.637,16.003,1496.258,1.000,61.011,2910,2919,1.480,1.660,1.040,1,0,16.003,0,0,18,325,0,20,1
19-01 12:18:11,23.251,4.000,71.504,0,0,5356392,202484,166120,2284328,9852.528,2804.150,0,336.018,0,3.000,2757,2399,1.440,1.650,1.040,0,0,19.001,0,0,18,326,0,20,0
19-01 12:18:12,19.529,2.754,75.612,0.250,0,5354776,197676,166120,2290272,15376.710,3720.495,0,1394.059,0,45.067,5312,8129,1.440,1.650,1.040,1,0,7.010,0,0,18,325,0,20,0
19-01 12:18:13,23.944,6.734,67.092,0,0,5355904,196000,166120,2290740,8828.243,1616.200,0,251.409,0,5.986,15955,30210,1.440,1.650,1.040,1,0,13.967,0,0,18,325,0,20,0
19-01 12:18:14,20.276,6.508,72.344,0.250,0,5298452,266756,166168,2277904,6120.918,1622.098,0,596.772,0,12.016,2578,2112,1.440,1.650,1.040,1,0,17.022,0,0,18,325,0,20,0
19-01 12:18:15,24.450,2.994,70.607,0,0,5328936,236368,166168,2277844,6028.786,1616.725,0,11.976,0,2.994,2646,2285,1.440,1.650,1.040,1,0,20.958,0,0,18,325,0,20,0
19-01 12:18:16,37.822,9.769,51.598,0,0,5342768,216172,166168,2284212,9105.380,1623.098,512.979,729.392,4.008,10.019,4196,3756,1.400,1.640,1.040,2,0,105.201,0,0,18,325,0,20,0
19-01 12:18:17,37.977,6.746,54.717,0.250,0,5366844,188060,166168,2288200,11685.962,1619.025,511.692,879.470,3.998,6.996,3489,2318,1.400,1.640,1.040,1,0,19.988,0,0,18,325,0,20,0
19-01 12:18:18,16.006,1.751,80.783,0.250,0,5374016,180488,166168,2288600,22900.227,7393.979,4.002,8963.612,1.000,81.033,2368,2213,1.400,1.640,1.040,2,0,0,0,0,18,326,0,20,0
19-01 12:18:19,11.991,2.248,83.938,0.749,0,5376280,177840,166168,2288984,25606.982,13209.190,0,2693.999,0,240.821,2466,2181,1.400,1.640,1.040,1,0,0,0,0,18,326,0,20,0
19-01 12:18:20,10.767,1.502,84.384,0.751,0,5376824,176908,166168,2289364,163051.448,14275.628,32.051,2223.524,1.002,118.187,2772,3137,1.400,1.640,1.040,1,0,0,0,0,18,327,0,17,0
19-01 12:18:21,18.753,1.500,78.511,0.500,0,5397316,156192,166168,2289580,19051.745,9237.331,0,956.138,0,41.006,2479,2720,1.290,1.610,1.030,0,0,1.000,0,0,18,327,0,17,0
19-01 12:18:22,16.993,2.999,77.468,0.750,0,5389500,163548,166264,2289888,21111.225,11706.134,0,1627.324,0,67.972,4247,5894,1.290,1.610,1.030,0,0,2.999,0,0,18,327,0,17,0
19-01 12:18:23,16.952,1.745,79.523,0.499,0,5387728,164660,166400,2290344,307816.540,14394.966,0,1563.543,0,58.832,2788,2470,1.290,1.610,1.030,1,0,0,0,0,18,327,0,19,0
19-01 12:18:24,9.518,1.753,85.662,1.503,0,5385652,165952,166696,2290644,108261.579,16615.398,28.053,5875.102,4.008,138.261,2866,2941,1.290,1.610,1.030,1,0,0,0,0,18,327,0,19,0
19-01 12:18:25,16.259,1.501,80.547,0.250,0,5383364,167748,166784,2290980,19094.076,10925.338,104.060,1112.645,6.003,40.023,2224,2191,1.290,1.610,1.030,0,0,0,0,0,18,327,0,17,0
19-01 12:18:26,9.497,1.999,85.476,0.500,0,5382420,147024,166864,2312436,6745868.141,48001.687,0,6466.207,0,50.986,4255,3241,1.350,1.620,1.040,0,0,3.999,0,0,18,327,0,17,0
19-01 12:18:27,10.009,2.752,83.822,1.001,0,5377456,145380,167004,2319628,11093999.028,50414.257,164.141,13343.449,4.003,81.070,5305,3821,1.350,1.620,1.040,1,0,1.001,0,0,18,327,0,17,0
19-01 12:18:28,22.667,3.985,70.990,0.996,0,5379276,127480,170088,2330100,44141.166,1560.280,0,4969.779,0,110.595,2827,2467,1.350,1.620,1.040,1,0,0.996,0,0,18,327,0,17,0
19-01 12:18:29,24.295,4.007,70.379,0.751,0,5392404,133308,170836,2310248,7557.865,1568.878,4.007,44120.940,1.002,516.948,3542,2187,1.350,1.620,1.040,1,0,0,0,0,18,327,0,13,0
19-01 12:18:30,25.560,3.759,69.412,0.501,0,5390284,146092,171228,2299272,6270.600,1623.781,0,3223.505,0,274.639,3462,3548,1.350,1.620,1.040,2,0,0,0,0,18,327,0,13,0
19-01 12:18:31,23.455,3.743,70.115,0.499,0,5399908,143584,171968,2291328,9727.259,1616.885,3.992,1876.385,0.998,83.838,2987,2964,1.320,1.610,1.040,1,0,0,0,0,18,327,0,13,0
19-01 12:18:32,23.255,4.001,71.264,0.750,0,5390124,139700,172772,2303172,7723.542,1620.323,0,2728.545,0,94.019,2973,2617,1.320,1.610,1.040,1,0,1.000,0,0,18,327,0,13,0
19-01 12:18:33,23.017,5.004,67.550,2.752,0,5387400,144568,174324,2298324,10213.519,1621.194,12.009,76660.439,3.002,303.223,3408,2530,1.320,1.610,1.040,1,0,0,0,0,18,327,0,9,0
19-01 12:18:34,24.232,2.248,71.946,0.500,0,5388632,129096,174904,2310808,9200.137,1618.792,0,1898.584,0,45.966,2612,2386,1.320,1.610,1.040,1,0,0,0,0,18,327,0,9,0
19-01 12:18:35,28.987,6.247,63.722,0.500,0,5391916,146672,175932,2289400,8880.057,1565.305,0,2346.958,0,84.962,3859,13914,1.320,1.610,1.040,1,0,35.984,0,0,18,327,0,10,0
19-01 12:18:36,19.259,2.501,76.538,0.250,0,5281776,291380,175964,2254732,14620.185,4278.103,0,816.401,0,25.012,2449,2379,1.210,1.580,1.030,1,0,3.001,0,0,18,325,0,10,0
19-01 12:18:37,19.985,3.747,75.442,0,0,5348260,224884,175964,2254744,10856.634,2955.722,0,543.581,0,20.984,2725,2547,1.210,1.580,1.030,0,0,33.974,0,0,18,326,0,5,0
19-01 12:18:38,23.564,3.008,73.199,0,0,5343352,222500,176432,2261228,6956.944,2525.878,0,1147.124,0,10.027,2410,2010,1.210,1.580,1.030,2,0,3.008,0,0,18,325,0,5,0
19-01 12:18:39,18.474,6.241,69.402,5.243,0.250,5341572,222928,176476,2262496,16355.984,4652.453,7.989,138960.460,1.997,887.751,4690,2980,1.210,1.580,1.030,2,0,15.978,0,0,18,326,0,5,0
19-01 12:18:40,24.284,6.759,66.842,0.501,0,5336048,221784,177068,2267572,7576.485,1838.544,32.044,3584.961,1.001,269.373,10661,18491,1.210,1.580,1.030,4,0,14.019,0,0,18,325,0,5,0
19-01 12:18:41,23.475,5.744,68.176,0,0,5337136,220432,177108,2267792,10801.344,1618.254,0,3711.994,0,81.912,10092,18424,1.200,1.570,1.030,2,0,5.994,0,0,18,325,0,3,0
19-01 12:18:42,20.744,6.748,71.480,0.250,0,5337844,219436,177152,2267956,7279.944,1619.543,0,643.818,0,27.992,2682,2248,1.200,1.570,1.030,1,0,14.996,0,0,18,325,0,3,0
19-01 12:18:43,22.221,4.994,72.156,0,0,5312272,259204,177156,2254968,8943.376,1563.967,0,299.611,0,11.984,2442,2018,1.200,1.570,1.030,1,0,5.992,0,0,18,325,0,3,0
19-01 12:18:44,21.806,4.512,70.933,1.253,0.501,5340236,227956,177156,2258256,7176.526,1624.193,850.195,3408.800,46.119,64.166,3143,3472,1.200,1.570,1.030,1,0,2.005,0,0,18,326,0,3,0
19-01 12:18:45,26.980,4.746,64.452,1.999,0,5342512,224068,177156,2259868,7466.431,1618.793,879.344,3225.594,54.959,362.729,8938,13057,1.200,1.570,1.030,5,0,0.999,0,0,18,328,0,8,0
19-01 12:18:46,12.243,17.240,68.709,0.999,0,5313308,252836,177156,2260304,6673.036,1619.038,131.922,1143.321,1.999,79.953,6671,6239,1.180,1.560,1.030,0,2,427.746,0,0,18,327,0,8,0
19-01 12:18:47,12.243,4.747,67.963,13.493,0,5296548,244268,177216,2285580,8671.314,1619.125,25542.197,1407.240,1545.165,40.978,5695,5561,1.180,1.560,1.030,1,0,26.985,0,0,18,327,0,10,0
19-01 12:18:48,7.512,4.006,74.615,11.768,0,5285200,237096,177620,2303712,8924.758,2584.985,18404.371,2211.409,2170.346,68.105,4594,6680,1.180,1.560,1.030,3,0,6.009,0,0,18,328,0,10,0
19-01 12:18:49,2.250,0.750,95.995,0.250,0,5285448,236844,177620,2303712,28454.370,3342.809,0,1399.920,0,87.995,1596,2169,1.180,1.560,1.030,0,0,0,0,0,18,328,0,10,0
19-01 12:18:50,4.001,1.250,93.023,0.750,0,5284744,237344,177620,2303916,33232.392,5336.348,184.046,304.077,5.001,32.008,1762,2357,1.180,1.560,1.030,1,0,0,0,0,18,328,0,10,0
19-01 12:18:51,6.742,2.247,88.150,1.249,0,5264368,256328,177872,2304884,174984.575,130671.078,523.403,1090.757,25.970,20.976,2556,3040,1.090,1.530,1.020,0,0,12.985,0,0,18,327,0,10,0
19-01 12:18:52,2.746,1.248,95.364,0.250,0,5262856,257836,177872,2304888,7121.815,1617.687,0,235.663,0,25.963,1511,2158,1.090,1.530,1.020,0,0,1.997,0,0,18,327,0,10,0
19-01 12:18:53,2.000,1.750,93.985,0.500,0,5259776,260912,177872,2304892,5921.046,1619.739,0,187.970,0,19.997,1514,2047,1.090,1.530,1.020,0,0,0,0,0,18,327,0,10,0
19-01 12:18:54,2.000,1.250,95.767,0,0,5256904,263784,177872,2304892,8790.592,1620.294,0,60.011,0,6.001,1389,1904,1.090,1.530,1.020,0,0,0,0,0,18,329,0,10,0
19-01 12:18:55,3.251,0.750,94.780,0,0,5254972,265704,177872,2304904,7742.476,1620.518,0,304.097,0,27.009,1562,2095,1.090,1.530,1.020,1,1,0,0,0,18,329,0,10,0
19-01 12:18:56,1.999,1.500,94.472,0.500,0,5247008,273616,177872,2304956,5913.260,1619.523,0,2671.214,0,366.892,2012,2567,1,1.510,1.020,0,0,0,0,0,18,329,0,10,0
19-01 12:18:57,1.500,0.750,95.999,0,0,5247008,273616,177872,2304956,44208.311,1619.975,0,127.998,0,10.000,1299,1642,1,1.510,1.020,0,0,0,0,0,18,329,0,10,0
19-01 12:18:58,1.500,0.500,96.518,0.250,0,5247008,273616,177872,2304956,42337.923,1620.303,0,180.034,0,12.002,1212,1646,1,1.510,1.020,0,0,0,0,0,18,329,0,10,0
19-01 12:18:59,1.500,0.250,96.760,0,0,5247008,273616,177872,2304956,8886.911,1458.149,0,32.003,0,4.000,1226,1685,1,1.510,1.020,0,0,0,0,0,18,329,0,10,0
19-01 12:19:00,4.248,0.750,94.458,0.250,0,5247008,273616,177872,2304956,7865.465,1619.272,0,299.865,0,28.987,1720,2363,1,1.510,1.020,0,0,0,0,0,18,329,0,10,0
19-01 12:19:01,2.752,1.251,94.820,0.500,0,5246956,273616,177872,2305008,5481.036,1621.194,0,64.047,0,9.007,1519,2285,0.920,1.480,1.010,0,0,0,0,0,18,329,0,10,0
19-01 12:19:02,1.500,0.500,96.026,0,0,5246956,273616,177872,2305008,9652.601,1620.437,0,36.010,0,4.001,1270,1731,0.920,1.480,1.010,1,0,1.000,0,0,18,329,0,10,0
19-01 12:19:03,1.748,0.499,96.616,0.250,0,5246952,273616,177872,2305012,7376.733,1617.748,0,83.883,0,9.986,1296,1745,0.920,1.480,1.010,0,0,0,0,0,18,329,0,10,0
19-01 12:19:04,3.000,1.000,96.000,0,0,5246952,273616,177872,2305012,7560.023,1620.005,0,0,0,0,1293,1787,0.920,1.480,1.010,0,0,0,0,0,18,329,0,10,0
19-01 12:19:05,2.504,2.504,91.386,2.754,0,5245712,274836,177876,2305024,10746.970,1622.411,4.006,39394.539,1.001,136.202,1875,2006,0.920,1.480,1.010,0,0,1.001,0,0,18,329,0,10,0
19-01 12:19:06,2.996,0.499,94.113,0,0,5246144,274360,177876,2305068,7800.611,1617.638,0,850.758,0,30.955,1776,2772,0.920,1.470,1.010,0,0,0.999,0,0,18,329,0,10,0
19-01 12:19:07,3.002,0.750,94.808,0.500,0,5246144,274360,177876,2305068,9302.710,1458.895,0,428.263,0,33.020,1580,2253,0.920,1.470,1.010,0,1,1.001,0,0,18,329,0,10,0
19-01 12:19:08,1.750,0.750,95.727,0.250,0,5246144,274360,177876,2305068,7712.111,1619.603,0,1807.557,0,102.975,1578,2143,0.920,1.470,1.010,0,0,0,0,0,18,329,0,10,0
19-01 12:19:09,2.000,0.250,96.252,0,0,5246144,274360,177876,2305068,6372.143,1620.036,0,684.015,0,27.001,1415,1982,0.920,1.470,1.010,2,0,0,0,0,18,329,0,10,0
19-01 12:19:10,3.754,1.752,93.853,0.250,0,5246132,274360,177876,2305080,10719.766,1621.780,0,1265.389,0,75.082,1917,2658,0.920,1.470,1.010,0,0,0,0,0,18,329,0,10,0
19-01 12:19:11,2.249,1.000,94.716,0,0,5233488,286968,177876,2305116,7769.240,1619.425,0,10376.314,0,253.910,1838,2087,0.850,1.450,1.010,0,0,0,0,0,18,329,0,10,0
19-01 12:19:12,1.500,0.750,96.014,0.750,0,5233488,286968,177876,2305116,8904.279,1620.233,0,1252.180,0,160.023,1558,1813,0.850,1.450,1.010,1,0,1.000,0,0,18,329,0,10,0
19-01 12:19:13,1.250,0.750,96.993,0,0,5233504,286968,177876,2305116,10001.328,1619.891,0,0,0,0,1187,1629,0.850,1.450,1.010,0,0,0,0,0,18,329,0,10,0
19-01 12:19:14,1.750,0.500,96.241,0,0,5233752,286716,177876,2305120,9133.179,1619.854,0,0,0,0,1211,1701,0.850,1.450,1.010,0,0,2.000,0,0,18,329,0,10,0
19-01 12:19:15,3.254,0.751,95.361,0,0,5233748,286716,177876,2305124,9157.703,1567.832,0,388.454,0,2.002,1434,1896,0.850,1.450,1.010,0,0,0,0,0,18,329,0,10,0
19-01 12:19:16,16.996,6.498,74.982,0,0,5243660,276696,177876,2305324,7248.242,1565.620,543.868,3163.233,4.999,37.991,3140,3265,0.860,1.440,1,1,0,6.998,0,0,18,329,0,10,0
19-01 12:19:17,16.254,4.501,78.021,0,0,5243352,276996,177880,2305328,5861.568,1566.419,512.137,188.050,4.001,17.005,2464,2161,0.860,1.440,1,0,0,5.001,0,0,18,329,0,10,0
19-01 12:19:18,1.250,0.750,96.764,0.250,0,5243848,276492,177880,2305336,9074.274,1620.227,0,256.036,0,15.002,1213,1678,0.860,1.440,1,0,0,0,0,0,18,329,0,10,0
19-01 12:19:19,2.000,0.750,96.511,0,0.250,5243848,276492,177880,2305336,7695.886,1620.186,0,36.004,0,4.000,1320,1826,0.860,1.440,1,0,0,0,0,0,18,329,0,10,0
19-01 12:19:20,3.000,0.500,94.244,0.250,0,5243744,276492,177880,2305440,9229.406,1619.896,0,263.983,0,22.999,1630,2291,0.860,1.440,1,0,0,0,0,0,18,329,0,10,0
19-01 12:19:21,2.747,1.498,94.644,0,0,5243568,276492,177884,2305612,9327.572,1132.734,0,255.714,0,17.980,1615,2350,0.790,1.420,1,0,0,0.999,0,0,18,329,0,10,0
19-01 12:19:22,12.256,3.502,82.040,0.500,0,5257696,262340,177908,2305612,426558.254,12936.285,4.002,1752.852,1.000,243.118,3654,3267,0.790,1.420,1,1,0,27.013,0,0,18,329,0,10,0
19-01 12:19:23,14.469,4.740,77.333,1.996,0,5260000,259796,177920,2305840,300211.579,12702.606,139.699,3.991,6.985,0.998,3124,2662,0.790,1.420,1,1,0,27.940,0,0,18,329,0,10,0
